2025-12-23 15:46:31,149 - INFO - Loading AI Semantic Model (all-MiniLM-L6-v2)...
2025-12-23 15:46:31,149 - INFO - Use pytorch device_name: cpu
2025-12-23 15:46:31,149 - INFO - Load pretrained SentenceTransformer: all-MiniLM-L6-v2
2025-12-23 15:46:32,373 - INFO - AI Model loaded successfully.
2025-12-23 15:46:32,374 - INFO - --- Scraper service started (CI Mode: Run Once) ---
2025-12-23 15:46:32,374 - INFO - --- Starting new scraping job (Parallel Mode) ---
2025-12-23 15:46:32,374 - INFO - Creating new robust session with 3 retries on 5xx/connection/read errors.
2025-12-23 15:46:32,374 - INFO - Proxy is DISABLED.
2025-12-23 15:46:32,374 - INFO - Starting scrape for BBC RSS feed: http://feeds.bbci.co.uk/news/world/rss.xml
2025-12-23 15:46:32,375 - INFO - [Times of India] (Thread) requires Selenium. Initializing driver...
2025-12-23 15:46:32,376 - INFO - Starting scrape for The Guardian RSS feed: https://www.theguardian.com/world/rss
2025-12-23 15:46:32,377 - INFO - [The Hindu] (Thread) requires Selenium. Initializing driver...
2025-12-23 15:46:32,377 - INFO - Submitted 4 jobs to thread pool. Waiting up to 300s for completion...
2025-12-23 15:46:32,676 - INFO - Found 28 articles in BBC RSS feed. Processing up to 30.
2025-12-23 15:46:32,678 - INFO - [BBC] Early skip: URL https://www.bbc.com/news/articles/cr4d99p63y4o?at_medium=RSS&at_campaign=rss already exists.
2025-12-23 15:46:32,704 - INFO - Found 45 articles in The Guardian RSS feed. Processing up to 30.
2025-12-23 15:46:32,920 - INFO - [The Guardian] Early skip: URL https://www.theguardian.com/world/2025/dec/22/freed-nigerian-schoolchildren-set-to-be-reunited-with-families already exists.
2025-12-23 15:46:33,108 - INFO - [BBC] Early skip: URL https://www.bbc.com/news/articles/cd0kxrr2jyko?at_medium=RSS&at_campaign=rss already exists.
2025-12-23 15:46:33,377 - INFO - [The Guardian] Early skip: URL https://www.theguardian.com/world/2025/dec/21/more-kidnapped-schoolchildren-freed-in-nigeria already exists.
2025-12-23 15:46:33,646 - INFO - [BBC] Early skip: URL https://www.bbc.com/news/articles/c87lnn09yj8o?at_medium=RSS&at_campaign=rss already exists.
2025-12-23 15:46:33,773 - INFO - [The Guardian] Early skip: URL https://www.theguardian.com/uk-news/2025/dec/21/manchester-museum-uncover-hidden-histories-africa-hub already exists.
2025-12-23 15:46:33,948 - INFO - [BBC] Early skip: URL https://www.bbc.com/news/articles/c2k47wg2j90o?at_medium=RSS&at_campaign=rss already exists.
2025-12-23 15:46:34,224 - INFO - [The Guardian] Early skip: URL https://www.theguardian.com/global-development/2025/dec/21/sweden-and-germany-slash-aid-budgets-to-focus-on-ukraine-and-defence-spending already exists.
2025-12-23 15:46:34,482 - INFO - [BBC] Early skip: URL https://www.bbc.com/news/articles/ce86le5dyxyo?at_medium=RSS&at_campaign=rss already exists.
2025-12-23 15:46:34,703 - INFO - [The Guardian] Early skip: URL https://www.theguardian.com/world/2025/dec/21/gunmen-johannesburg-township-in-south-africas-second-mass-shooting-within-weeks already exists.
2025-12-23 15:46:34,999 - INFO - [BBC] Early skip: URL https://www.bbc.com/news/articles/c1lr1yvqge5o?at_medium=RSS&at_campaign=rss already exists.
2025-12-23 15:46:35,245 - INFO - [The Guardian] Early skip: URL https://www.theguardian.com/world/2025/dec/23/brazil-jair-bolsonaro-eduardo-havaianas-television-ad-fernanda-torres already exists.
2025-12-23 15:46:35,411 - INFO - [BBC] Early skip: URL https://www.bbc.com/news/articles/cx2gk56pd5eo?at_medium=RSS&at_campaign=rss already exists.
2025-12-23 15:46:35,693 - INFO - [The Guardian] Early skip: URL https://www.theguardian.com/world/2025/dec/23/canada-bill-refugees already exists.
2025-12-23 15:46:35,795 - INFO - [BBC] Early skip: URL https://www.bbc.com/news/articles/c2084nq2npjo?at_medium=RSS&at_campaign=rss already exists.
2025-12-23 15:46:36,031 - INFO - [The Guardian] Early skip: URL https://www.theguardian.com/us-news/2025/dec/23/us-trump-administration-signs-security-deals-across-latin-america already exists.
2025-12-23 15:46:36,176 - INFO - [BBC] Early skip: URL https://www.bbc.com/news/articles/cx25rled0ylo?at_medium=RSS&at_campaign=rss already exists.
2025-12-23 15:46:36,470 - INFO - [The Guardian] Early skip: URL https://www.theguardian.com/media/2025/dec/23/60-minutes-cecot-appears-online already exists.
2025-12-23 15:46:36,637 - INFO - [BBC] Early skip: URL https://www.bbc.com/news/articles/c3e0kw80wwzo?at_medium=RSS&at_campaign=rss already exists.
2025-12-23 15:46:36,746 - INFO - [The Guardian] Early skip: URL https://www.theguardian.com/world/2025/dec/23/russia-china-support-venezuela-trump-pressure-maduro already exists.
2025-12-23 15:46:36,988 - INFO - [BBC] Early skip: URL https://www.bbc.com/news/articles/cz7ndpq42y0o?at_medium=RSS&at_campaign=rss already exists.
2025-12-23 15:46:37,207 - INFO - [The Guardian] Early skip: URL https://www.theguardian.com/world/2025/dec/23/christians-pastors-arrested-detained-china-crackdown-house-churches already exists.
2025-12-23 15:46:37,333 - INFO - [BBC] Early skip: URL https://www.bbc.com/news/articles/ckgmd132ge4o?at_medium=RSS&at_campaign=rss already exists.
2025-12-23 15:46:37,545 - INFO - [The Guardian] Early skip: URL https://www.theguardian.com/business/2025/dec/22/china-hits-eu-dairy-industry-with-tariffs already exists.
2025-12-23 15:46:37,763 - INFO - [BBC] Early skip: URL https://www.bbc.com/news/articles/cx2dmj7p8y2o?at_medium=RSS&at_campaign=rss already exists.
2025-12-23 15:46:38,007 - INFO - [The Guardian] Early skip: URL https://www.theguardian.com/world/2025/dec/22/jeju-air-crash-independent-inquiry-south-korea already exists.
2025-12-23 15:46:38,221 - INFO - [BBC] Early skip: URL https://www.bbc.com/news/articles/c8jwn9wznx1o?at_medium=RSS&at_campaign=rss already exists.
2025-12-23 15:46:38,387 - INFO - [The Guardian] Early skip: URL https://www.theguardian.com/world/2025/dec/22/new-zealand-christchurch-spoof-absurdist-road-signs already exists.
2025-12-23 15:46:38,546 - INFO - [BBC] Early skip: URL https://www.bbc.com/news/articles/cx237k4rr04o?at_medium=RSS&at_campaign=rss already exists.
2025-12-23 15:46:38,703 - INFO - [The Guardian] Early skip: URL https://www.theguardian.com/environment/2025/dec/21/takahe-chick-rare-born-new-zealand already exists.
2025-12-23 15:46:38,992 - INFO - [BBC] Early skip: URL https://www.bbc.com/news/articles/cz0n51p00jmo?at_medium=RSS&at_campaign=rss already exists.
2025-12-23 15:46:39,228 - INFO - [The Guardian] Early skip: URL https://www.theguardian.com/australia-news/2025/dec/23/labors-changes-to-listing-hate-groups-will-target-islamist-and-far-right-extremists-operating-just-inside-the-limits-of-law-ntwnfb already exists.
2025-12-23 15:46:39,334 - INFO - [BBC] Early skip: URL https://www.bbc.com/news/articles/c5ydej888n9o?at_medium=RSS&at_campaign=rss already exists.
2025-12-23 15:46:39,629 - INFO - [The Guardian] Early skip: URL https://www.theguardian.com/australia-news/live/2025/dec/23/bondi-terror-attacks-response-nsw-law-changes-gun-law-reform-protest-restrictions-chris-minns-anthony-albanese-labr-sussan-ley-coalition-ntwnfb already exists.
2025-12-23 15:46:39,742 - INFO - [BBC] Early skip: URL https://www.bbc.com/news/articles/cy95w0x9889o?at_medium=RSS&at_campaign=rss already exists.
2025-12-23 15:46:39,914 - INFO - [The Guardian] Early skip: URL https://www.theguardian.com/australia-news/2025/dec/23/arsonist-jailed-for-killing-of-young-sydney-teen-during-his-first-sleepover-in-1998-ntwnfb already exists.
2025-12-23 15:46:40,144 - INFO - [BBC] Early skip: URL https://www.bbc.com/news/articles/c2084n1pyvdo?at_medium=RSS&at_campaign=rss already exists.
2025-12-23 15:46:40,404 - INFO - [The Guardian] Early skip: URL https://www.theguardian.com/australia-news/2025/dec/23/activist-groups-to-challenge-nsw-protest-laws-on-right-to-free-speech-grounds-ntwnfb already exists.
2025-12-23 15:46:40,549 - INFO - [BBC] Early skip: URL https://www.bbc.com/news/articles/c1lr980vvjpo?at_medium=RSS&at_campaign=rss already exists.
2025-12-23 15:46:40,677 - INFO - [The Guardian] Early skip: URL https://www.theguardian.com/australia-news/2025/dec/23/sydney-council-seeks-to-shut-down-islamic-centre-linked-to-controversial-preacher-wisam-haddad-ntwnfb already exists.
2025-12-23 15:46:40,865 - INFO - [BBC] Early skip: URL https://www.bbc.com/news/articles/cp8zd176516o?at_medium=RSS&at_campaign=rss already exists.
2025-12-23 15:46:41,005 - INFO - [The Guardian] Early skip: URL https://www.theguardian.com/world/2025/dec/23/ukrainian-cities-lose-power-in-winter-weather-after-russian-attacks already exists.
2025-12-23 15:46:41,229 - INFO - [BBC] Early skip: URL https://www.bbc.com/news/articles/cjrjpdz33vxo?at_medium=RSS&at_campaign=rss already exists.
2025-12-23 15:46:41,496 - INFO - [The Guardian] Early skip: URL https://www.theguardian.com/business/2025/dec/23/ryanair-fined-limit-online-travel-agencies-ticket-sales-ota already exists.
2025-12-23 15:46:41,736 - INFO - [BBC] Early skip: URL https://www.bbc.com/news/articles/c93nwrzgypqo?at_medium=RSS&at_campaign=rss already exists.
2025-12-23 15:46:41,973 - INFO - [The Guardian] Early skip: URL https://www.theguardian.com/world/2025/dec/23/biography-russian-telegram-founder-pavel-durov already exists.
2025-12-23 15:46:42,187 - INFO - [BBC] Early skip: URL https://www.bbc.com/news/videos/ce3w4x2v0xko?at_medium=RSS&at_campaign=rss already exists.
2025-12-23 15:46:42,351 - INFO - Selenium driver initialized successfully.
2025-12-23 15:46:42,351 - INFO - Starting scrape for The Hindu RSS feed: https://www.thehindu.com/news/national/feeder/default.rss
2025-12-23 15:46:42,352 - INFO - Selenium driver initialized successfully.
2025-12-23 15:46:42,352 - INFO - Starting scrape for Times of India RSS feed: https://timesofindia.indiatimes.com/rssfeeds/296589292.cms
2025-12-23 15:46:42,381 - INFO - [The Guardian] Early skip: URL https://www.theguardian.com/politics/2025/dec/22/keir-starmer-told-closer-eu-trade-ties-strategic-necessity-for-uk-firms already exists.
2025-12-23 15:46:42,483 - INFO - [BBC] Early skip: URL https://www.bbc.com/news/videos/cwywe5zw384o?at_medium=RSS&at_campaign=rss already exists.
2025-12-23 15:46:42,528 - INFO - Found 100 articles in The Hindu RSS feed. Processing up to 30.
2025-12-23 15:46:42,590 - INFO - [The Guardian] Early skip: URL https://www.theguardian.com/world/2025/dec/22/russian-general-fanil-sarvarov-killed-car-bomb-moscow-investigators-say already exists.
2025-12-23 15:46:42,645 - INFO - Found 20 articles in Times of India RSS feed. Processing up to 30.
2025-12-23 15:46:42,787 - INFO - [The Hindu] Article: https://www.thehindu.com/news/national/andhra-pradesh/naidu-unveils-south-india-rocketry-challenge2026-poster/article70430177.ece
2025-12-23 15:46:42,787 - INFO - [The Hindu] Attempt 1/1: Trying with 'selenium_browser' strategy...
2025-12-23 15:46:42,787 - INFO - [BBC] Early skip: URL https://www.bbc.com/news/videos/cn7kpnjnmklo?at_medium=RSS&at_campaign=rss already exists.
2025-12-23 15:46:43,059 - INFO - [Times of India] Article: https://timesofindia.indiatimes.com/world/uk/two-islamic-state-extremists-found-guilty-of-plotting-deadliest-terror-attack-on-jewish-community-in-uk-who-are-walid-saadaoui-and-amar-hussein/articleshow/126143399.cms
2025-12-23 15:46:43,059 - INFO - [Times of India] Attempt 1/1: Trying with 'selenium_browser' strategy...
2025-12-23 15:46:43,060 - INFO - [The Guardian] Early skip: URL https://www.theguardian.com/uk-news/2025/dec/22/families-of-palestine-action-hunger-strikers-seek-urgent-meeting-with-lammy already exists.
2025-12-23 15:46:43,327 - INFO - [BBC] Article: https://www.bbc.com/news/videos/cj01pdve7rpo?at_medium=RSS&at_campaign=rss
2025-12-23 15:46:43,327 - INFO - [BBC] Attempt 1/1: Trying with 'requests_browser' strategy...
2025-12-23 15:46:43,328 - INFO - [The Guardian] Early skip: URL https://www.theguardian.com/world/2025/dec/21/israel-approves-new-jewish-settlements-occupied-west-bank already exists.
2025-12-23 15:46:43,589 - WARNING - [BBC] FAILED with 'requests_browser' (content was too short: 80 words).
2025-12-23 15:46:43,589 - ERROR - [BBC] All scrape strategies failed for https://www.bbc.com/news/videos/cj01pdve7rpo?at_medium=RSS&at_campaign=rss. Falling back to RSS description.
2025-12-23 15:46:43,589 - WARNING - SKIPPED (GLOBAL WORD LIMIT): Article 'Putin tells BBC Western leaders deceived Russia' from BBC has only 21 words (Min: 90).
2025-12-23 15:46:43,595 - INFO - [The Guardian] Early skip: URL https://www.theguardian.com/world/2025/dec/20/israeli-troops-kill-palestinians-sheltering-in-gaza-school-hospital-chiefs already exists.
2025-12-23 15:46:43,802 - INFO - [The Guardian] Early skip: URL https://www.theguardian.com/world/2025/dec/19/gaza-famine-hunger-food-shortages-winter-flooding-un already exists.
2025-12-23 15:46:44,031 - INFO - [The Guardian] Early skip: URL https://www.theguardian.com/global-development/2025/dec/19/gaza-phd-student-manar-al-houbi-granted-access-to-uk-but-others-remain-stranded already exists.
2025-12-23 15:46:44,260 - INFO - [BBC] Article: https://www.bbc.com/news/videos/c5yje8pvg8jo?at_medium=RSS&at_campaign=rss
2025-12-23 15:46:44,260 - INFO - [BBC] Attempt 1/1: Trying with 'requests_browser' strategy...
2025-12-23 15:46:44,656 - WARNING - [BBC] FAILED with 'requests_browser' (content was too short: 74 words).
2025-12-23 15:46:44,656 - ERROR - [BBC] All scrape strategies failed for https://www.bbc.com/news/videos/c5yje8pvg8jo?at_medium=RSS&at_campaign=rss. Falling back to RSS description.
2025-12-23 15:46:44,656 - WARNING - SKIPPED (GLOBAL WORD LIMIT): Article 'What does TikTok's deal mean for America's users?' from BBC has only 21 words (Min: 90).
2025-12-23 15:46:52,897 - INFO - [The Hindu] Page content loaded.
2025-12-23 15:46:53,079 - INFO - [The Hindu] Success with 'selenium_browser'. Found content (182 words).
2025-12-23 15:47:03,091 - ERROR - [Times of India] Request failed for strategy 'selenium_browser' on URL https://timesofindia.indiatimes.com/world/uk/two-islamic-state-extremists-found-guilty-of-plotting-deadliest-terror-attack-on-jewish-community-in-uk-who-are-walid-saadaoui-and-amar-hussein/articleshow/126143399.cms: Message: timeout: Timed out receiving message from renderer: 19.873
  (Session info: chrome=143.0.7499.109)
Stacktrace:
#0 0x55ea978e019a <unknown>
#1 0x55ea9735dc4b <unknown>
#2 0x55ea97345cf3 <unknown>
#3 0x55ea973459d6 <unknown>
#4 0x55ea97343897 <unknown>
#5 0x55ea973441af <unknown>
#6 0x55ea97352970 <unknown>
#7 0x55ea9736c017 <unknown>
#8 0x55ea973726cb <unknown>
#9 0x55ea973448d8 <unknown>
#10 0x55ea9736bdc3 <unknown>
#11 0x55ea973faf60 <unknown>
#12 0x55ea973a1c42 <unknown>
#13 0x55ea973a28f1 <unknown>
#14 0x55ea978a8f39 <unknown>
#15 0x55ea978abe7d <unknown>
#16 0x55ea97891c81 <unknown>
#17 0x55ea978aca5b <unknown>
#18 0x55ea97878a50 <unknown>
#19 0x55ea978cdaa8 <unknown>
#20 0x55ea978cdc79 <unknown>
#21 0x55ea978df4f3 <unknown>
#22 0x7f1deac9caa4 <unknown>
#23 0x7f1dead29c6c <unknown>

2025-12-23 15:47:03,092 - ERROR - [Times of India] All scrape strategies failed for https://timesofindia.indiatimes.com/world/uk/two-islamic-state-extremists-found-guilty-of-plotting-deadliest-terror-attack-on-jewish-community-in-uk-who-are-walid-saadaoui-and-amar-hussein/articleshow/126143399.cms. Falling back to RSS description.
2025-12-23 15:47:03,092 - WARNING - SKIPPED (GLOBAL WORD LIMIT): Article 'Two Islamic State extremists found guilty of plotting ‘deadliest attack’ on Jewish community' from Times of India has only 3 words (Min: 90).
2025-12-23 15:47:11,403 - INFO - Saved article: Naidu unveils South India Rocketry Challenge–2026 poster - The Hindu from The Hindu (182 words)
2025-12-23 15:47:11,404 - INFO - [Times of India] Article: https://timesofindia.indiatimes.com/world/us/fake-suicide-video-mentions-of-trump-largest-set-of-epstein-documents-released-by-doj-new-revelations/articleshow/126143846.cms
2025-12-23 15:47:11,404 - INFO - [Times of India] Attempt 1/1: Trying with 'selenium_browser' strategy...
2025-12-23 15:47:12,470 - INFO - [Times of India] Page content loaded.
2025-12-23 15:47:12,492 - INFO - [The Hindu] Article: https://www.thehindu.com/news/national/centre-asks-states-to-hold-special-gram-sabhas-for-awareness-on-vb-g-ram-g/article70430327.ece
2025-12-23 15:47:12,492 - INFO - [The Hindu] Attempt 1/1: Trying with 'selenium_browser' strategy...
2025-12-23 15:47:12,650 - INFO - [Times of India] Success with 'selenium_browser'. Found content (1071 words).
2025-12-23 15:47:14,930 - INFO - [The Hindu] Page content loaded.
2025-12-23 15:47:15,125 - INFO - [The Hindu] Success with 'selenium_browser'. Found content (557 words).
2025-12-23 15:47:30,793 - INFO - DEDUPLICATION: Found match (Score: 0.89). Linking to Cluster ID: 7a1bbf67-226b-428e-b8c2-47c2286f5ee4
2025-12-23 15:47:30,795 - INFO - Saved article: Fake suicide video, mentions of Trump: Largest set of Epstein documents released by DOJ; new revelations - The Times of India from Times of India (1071 words)
2025-12-23 15:47:44,072 - INFO - DEDUPLICATION: Found match (Score: 0.74). Linking to Cluster ID: f03e2764-a4a1-4c00-a701-6c8596144b81
2025-12-23 15:47:44,074 - INFO - Saved article: Centre asks States to hold special gram sabhas for awareness on VB-G RAM G - The Hindu from The Hindu (557 words)
2025-12-23 15:47:44,074 - INFO - [Times of India] Early skip: URL https://timesofindia.indiatimes.com/world/us/get-yourself-green-card-indian-origin-ceos-long-term-advice-for-h-1bs-stuck-in-india/articleshow/126143747.cms already exists.
2025-12-23 15:47:44,238 - INFO - [Times of India] Early skip: URL https://timesofindia.indiatimes.com/world/us/from-great-friend-modi-to-50-tariffs-decoding-indiaus-ties-in-the-trump-era/articleshow/126139385.cms already exists.
2025-12-23 15:47:44,388 - INFO - [Times of India] Early skip: URL https://timesofindia.indiatimes.com/etimes/trending/this-is-what-the-most-attractive-woman-alive-looks-like-according-to-science/articleshow/126136691.cms already exists.
2025-12-23 15:47:44,512 - INFO - [Times of India] Early skip: URL https://timesofindia.indiatimes.com/world/us/vivek-ramaswamy-is-nigerian-prince-of-the-gop-maga-youtuber-says-indian-origin-leader-resents-america-as-he-was-an-unpopular-kid-in-school/articleshow/126142995.cms already exists.
2025-12-23 15:47:44,657 - INFO - [Times of India] Early skip: URL https://timesofindia.indiatimes.com/world/us/who-is-cholo-abdi-abdullah-kenyan-pilot-arrested-before-he-could-carry-out-a-9/11-style-terrorist-attack/articleshow/126143010.cms already exists.
2025-12-23 15:47:44,865 - INFO - [Times of India] Early skip: URL https://timesofindia.indiatimes.com/world/us/sensationalist-us-doj-dismisses-credibility-of-trump-mentions-in-epstein-files-nearly-30k-pages-released/articleshow/126142154.cms already exists.
2025-12-23 15:47:44,970 - INFO - [Times of India] Early skip: URL https://timesofindia.indiatimes.com/world/us/doj-releases-video-of-epstein-committing-suicide-turns-out-it-is-ai-generated/articleshow/126142491.cms already exists.
2025-12-23 15:47:45,253 - INFO - [The Hindu] Article: https://www.thehindu.com/news/national/telangana/cm-seeks-info-on-contract-and-outsourcing-staff-appointed-by-brs-govt/article70430389.ece
2025-12-23 15:47:45,253 - INFO - [The Hindu] Attempt 1/1: Trying with 'selenium_browser' strategy...
2025-12-23 15:47:45,254 - INFO - [Times of India] Early skip: URL https://timesofindia.indiatimes.com/world/us/epstein-files-trumps-name-appears-in-latest-file-drop-listed-as-passenger-on-8-private-jet-flights/articleshow/126142247.cms already exists.
2025-12-23 15:47:45,362 - INFO - [Times of India] Early skip: URL https://timesofindia.indiatimes.com/world/us/is-this-ai-jd-vances-photos-training-with-navy-seals-has-netizens-shocked/articleshow/126140518.cms already exists.
2025-12-23 15:47:45,552 - INFO - [Times of India] Early skip: URL https://timesofindia.indiatimes.com/etimes/trending/pete-davidson-becomes-dad-for-the-first-time-names-daughter-in-tribute-to-9/11-tragedy/articleshow/126135047.cms already exists.
2025-12-23 15:47:45,841 - INFO - [Times of India] Early skip: URL https://timesofindia.indiatimes.com/world/us/not-just-call-of-duty-how-vince-zampella-changed-first-person-shooter-video-games/articleshow/126141848.cms already exists.
2025-12-23 15:47:46,042 - INFO - [Times of India] Early skip: URL https://timesofindia.indiatimes.com/world/rest-of-world/husband-charged-with-murder-of-indian-origin-wife-in-adelaide-cpr-could-not-save-woman/articleshow/126141633.cms already exists.
2025-12-23 15:47:46,282 - INFO - [Times of India] Early skip: URL https://timesofindia.indiatimes.com/world/us/unfortunately-it-will-still-be-immigration-expert-on-trump-admins-proposed-changes-to-h-1b-lottery/articleshow/126141061.cms already exists.
2025-12-23 15:47:46,340 - INFO - [The Hindu] Page content loaded.
2025-12-23 15:47:46,382 - INFO - [The Hindu] Success with 'selenium_browser'. Found content (343 words).
2025-12-23 15:47:46,595 - INFO - [Times of India] Article: https://timesofindia.indiatimes.com/most-searched-products/us/epstein-case-doj-releases-8000-new-documents-victims-say-previous-files-riddled-with-abnormal-extreme-redactions/articleshow/126141083.cms
2025-12-23 15:47:46,595 - INFO - [Times of India] Attempt 1/1: Trying with 'selenium_browser' strategy...
2025-12-23 15:48:01,046 - WARNING - [Times of India] Page timed out (10s). Proceeding anyway.
2025-12-23 15:48:01,296 - WARNING - [Times of India] FAILED with 'selenium_browser' (content was too short: 8 words).
2025-12-23 15:48:01,296 - ERROR - [Times of India] All scrape strategies failed for https://timesofindia.indiatimes.com/most-searched-products/us/epstein-case-doj-releases-8000-new-documents-victims-say-previous-files-riddled-with-abnormal-extreme-redactions/articleshow/126141083.cms. Falling back to RSS description.
2025-12-23 15:48:01,296 - WARNING - SKIPPED (GLOBAL WORD LIMIT): Article 'Epstein case: DOJ releases 8,000 new documents; victims say previous files 'riddled with abnormal, extreme redactions'' from Times of India has only 56 words (Min: 90).
2025-12-23 15:48:01,932 - INFO - Saved article: CM seeks info on contract and outsourcing staff appointed by BRS govt. - The Hindu from The Hindu (343 words)
2025-12-23 15:48:02,303 - INFO - [Times of India] Early skip: URL https://timesofindia.indiatimes.com/world/rest-of-world/indian-origin-woman-found-dead-in-toronto-canada-wide-warrant-issued-for-32-year-old-abdul-ghafoori/articleshow/126140305.cms already exists.
2025-12-23 15:48:02,408 - INFO - [Times of India] Early skip: URL https://timesofindia.indiatimes.com/world/middle-east/israel-extends-power-to-ban-broadcasts-deemed-harmful-to-security/articleshow/126140424.cms already exists.
2025-12-23 15:48:02,607 - INFO - [Times of India] Early skip: URL https://timesofindia.indiatimes.com/world/middle-east/uae-sharjah-introduces-special-licence-plates-for-classic-vehicles-and-motorcycles/articleshow/126138659.cms already exists.
2025-12-23 15:48:02,870 - INFO - [Times of India] Early skip: URL https://timesofindia.indiatimes.com/world/us/watch-moment-call-of-duty-creator-vince-zampellas-ferrari-crashes-in-california-bursts-in-flame/articleshow/126138042.cms already exists.
2025-12-23 15:48:03,076 - INFO - [Times of India] (Thread) Finished. Attempting to shut down its Selenium driver.
2025-12-23 15:48:03,278 - INFO - [Times of India] (Thread) driver.quit() successful.
2025-12-23 15:48:03,350 - INFO - [The Hindu] Article: https://www.thehindu.com/news/national/karnataka/nothing-special-about-dcms-delhi-visit-says-karnataka-minister/article70430608.ece
2025-12-23 15:48:03,350 - INFO - [The Hindu] Attempt 1/1: Trying with 'selenium_browser' strategy...
2025-12-23 15:48:04,361 - INFO - [The Hindu] Page content loaded.
2025-12-23 15:48:04,414 - INFO - [The Hindu] Success with 'selenium_browser'. Found content (307 words).
2025-12-23 15:48:18,107 - INFO - Saved article: Nothing special about DCM’s Delhi visit, says Karnataka Minister - The Hindu from The Hindu (307 words)
2025-12-23 15:48:18,925 - INFO - [The Hindu] Article: https://www.thehindu.com/news/national/andhra-pradesh/bjp-ap-chief-inspects-preparations-for-vajpayee-statue-unveiling-in-amaravati/article70430105.ece
2025-12-23 15:48:18,925 - INFO - [The Hindu] Attempt 1/1: Trying with 'selenium_browser' strategy...
2025-12-23 15:48:19,830 - INFO - [The Hindu] Page content loaded.
2025-12-23 15:48:19,872 - INFO - [The Hindu] Success with 'selenium_browser'. Found content (186 words).
2025-12-23 15:48:33,913 - INFO - Saved article: BJP A.P. chief inspects preparations for Vajpayee statue unveiling in Amaravati - The Hindu from The Hindu (186 words)
2025-12-23 15:48:35,089 - INFO - [The Hindu] Article: https://www.thehindu.com/news/national/kerala/sg-2-all-poda-piloted-by-kerala-police-focuses-corporate-led-drug-prevention/article70430526.ece
2025-12-23 15:48:35,089 - INFO - [The Hindu] Attempt 1/1: Trying with 'selenium_browser' strategy...
2025-12-23 15:48:36,051 - INFO - [The Hindu] Page content loaded.
2025-12-23 15:48:36,093 - INFO - [The Hindu] Success with 'selenium_browser'. Found content (464 words).
2025-12-23 15:48:50,131 - INFO - Saved article: PODA piloted by Kerala Police focuses on corporate-led drug prevention - The Hindu from The Hindu (464 words)
2025-12-23 15:48:50,868 - INFO - [The Hindu] Article: https://www.thehindu.com/news/national/karnataka/kishkinda-university-to-host-first-convocation-in-ballari-today/article70430579.ece
2025-12-23 15:48:50,868 - INFO - [The Hindu] Attempt 1/1: Trying with 'selenium_browser' strategy...
2025-12-23 15:48:51,875 - INFO - [The Hindu] Page content loaded.
2025-12-23 15:48:51,917 - INFO - [The Hindu] Success with 'selenium_browser'. Found content (155 words).
2025-12-23 15:49:05,958 - INFO - Saved article: Kishkinda University to host first convocation in Ballari today - The Hindu from The Hindu (155 words)
2025-12-23 15:49:06,882 - INFO - [The Hindu] Article: https://www.thehindu.com/news/national/kerala/samastha-doesnt-support-theocratic-state-but-advocates-freedom-to-live-as-per-faith-jifri-thangal/article70430273.ece
2025-12-23 15:49:06,882 - INFO - [The Hindu] Attempt 1/1: Trying with 'selenium_browser' strategy...
2025-12-23 15:49:11,042 - INFO - [The Hindu] Page content loaded.
2025-12-23 15:49:11,141 - INFO - [The Hindu] Success with 'selenium_browser'. Found content (310 words).
2025-12-23 15:49:24,386 - INFO - Saved article: Samastha doesn’t support theocratic State, but advocates freedom to live as per faith: Jifri Thangal - The Hindu from The Hindu (310 words)
2025-12-23 15:49:25,642 - INFO - [The Hindu] Article: https://www.thehindu.com/news/national/telangana/telangana-conducts-first-state-level-mock-exercise-on-floods-and-industrial-disasters/article70430344.ece
2025-12-23 15:49:25,642 - INFO - [The Hindu] Attempt 1/1: Trying with 'selenium_browser' strategy...
2025-12-23 15:49:26,220 - INFO - [The Hindu] Page content loaded.
2025-12-23 15:49:26,266 - INFO - [The Hindu] Success with 'selenium_browser'. Found content (381 words).
2025-12-23 15:49:39,788 - INFO - Saved article: Telangana conducts first State-level mock exercise on floods and industrial disasters - The Hindu from The Hindu (381 words)
2025-12-23 15:49:40,916 - INFO - [The Hindu] Article: https://www.thehindu.com/news/national/kerala/rov-study-at-mullaperiyar-to-assess-structural-integrity-of-dam/article70430650.ece
2025-12-23 15:49:40,916 - INFO - [The Hindu] Attempt 1/1: Trying with 'selenium_browser' strategy...
2025-12-23 15:49:41,869 - INFO - [The Hindu] Page content loaded.
2025-12-23 15:49:41,913 - INFO - [The Hindu] Success with 'selenium_browser'. Found content (171 words).
2025-12-23 15:49:55,983 - INFO - Saved article: RoV study at Mullaperiyar to assess structural integrity of dam - The Hindu from The Hindu (171 words)
2025-12-23 15:49:56,686 - INFO - [The Hindu] Article: https://www.thehindu.com/news/national/telangana/fact-finding-panel-on-damage-of-checkdams-seeks-early-completion-of-probe-action-against-culprits/article70430280.ece
2025-12-23 15:49:56,686 - INFO - [The Hindu] Attempt 1/1: Trying with 'selenium_browser' strategy...
2025-12-23 15:49:57,666 - INFO - [The Hindu] Page content loaded.
2025-12-23 15:49:57,717 - INFO - [The Hindu] Success with 'selenium_browser'. Found content (327 words).
2025-12-23 15:50:11,644 - INFO - Saved article: Fact-finding panel on damage of checkdams seeks early completion of probe, action against culprits - The Hindu from The Hindu (327 words)
2025-12-23 15:50:12,344 - INFO - [The Hindu] Article: https://www.thehindu.com/news/national/andhra-pradesh/naidu-directs-hassle-free-paddy-procurement-warns-of-strict-action-against-units-harming-mango-farmers/article70430737.ece
2025-12-23 15:50:12,345 - INFO - [The Hindu] Attempt 1/1: Trying with 'selenium_browser' strategy...
2025-12-23 15:50:13,305 - INFO - [The Hindu] Page content loaded.
2025-12-23 15:50:13,348 - INFO - [The Hindu] Success with 'selenium_browser'. Found content (352 words).
2025-12-23 15:50:27,372 - INFO - Saved article: Naidu directs hassle-free paddy procurement, warns of strict action against units harming mango farmers - The Hindu from The Hindu (352 words)
2025-12-23 15:50:27,968 - INFO - [The Hindu] Article: https://www.thehindu.com/news/cities/chennai/entries-open-for-the-hindumargazhimusic-contest/article70430702.ece
2025-12-23 15:50:27,968 - INFO - [The Hindu] Attempt 1/1: Trying with 'selenium_browser' strategy...
2025-12-23 15:50:29,119 - INFO - [The Hindu] Page content loaded.
2025-12-23 15:50:29,161 - INFO - [The Hindu] Success with 'selenium_browser'. Found content (264 words).
2025-12-23 15:50:42,607 - INFO - Saved article: Entries open for The Hindu Margazhi Music Contest - The Hindu from The Hindu (264 words)
2025-12-23 15:50:43,788 - INFO - [The Hindu] Article: https://www.thehindu.com/news/national/karnataka/six-arrested-for-honour-killing-protests-staged-in-hubballi-kalaburagi/article70430743.ece
2025-12-23 15:50:43,789 - INFO - [The Hindu] Attempt 1/1: Trying with 'selenium_browser' strategy...
2025-12-23 15:50:44,709 - INFO - [The Hindu] Page content loaded.
2025-12-23 15:50:44,757 - INFO - [The Hindu] Success with 'selenium_browser'. Found content (318 words).
2025-12-23 15:50:58,105 - INFO - Saved article: Six arrested for honour killing; protests staged in Hubballi, Kalaburagi - The Hindu from The Hindu (318 words)
2025-12-23 15:50:59,290 - INFO - [The Hindu] Early skip: URL https://www.thehindu.com/news/cities/Hyderabad/tgsrtc-connects-city-suburbs-mofussil-areas-with-it-corridor/article70430610.ece already exists.
2025-12-23 15:50:59,410 - INFO - [The Hindu] Early skip: URL https://www.thehindu.com/news/national/kerala/close-to-two-lakh-entries-under-asd-list-in-kozhikodes-draft-electoral-roll/article70430550.ece already exists.
2025-12-23 15:50:59,565 - INFO - [The Hindu] Early skip: URL https://www.thehindu.com/news/national/kerala/irinjalakuda-to-host-varnakkuda-cultural-festival-from-december-26/article70430464.ece already exists.
2025-12-23 15:50:59,716 - INFO - [The Hindu] Early skip: URL https://www.thehindu.com/news/cities/Hyderabad/women-break-silence-on-domestic-violence-dowry-harassment-at-telangana-women-commissions-open-hearing-in-hyderabad/article70429678.ece already exists.
2025-12-23 15:50:59,919 - INFO - [The Hindu] Early skip: URL https://www.thehindu.com/news/national/kerala/avalkkoppam-solidarity-meet-to-be-held-in-kozhikode-on-january-2/article70430557.ece already exists.
2025-12-23 15:51:00,210 - INFO - [The Hindu] Early skip: URL https://www.thehindu.com/news/national/andhra-pradesh/andhra-pradesh-targets-pothole-free-roads-by-january-end-minister/article70430578.ece already exists.
2025-12-23 15:51:00,362 - INFO - [The Hindu] Early skip: URL https://www.thehindu.com/news/national/kerala/sir-2408-lakh-voters-out-of-the-draft-roll-in-the-state/article70430490.ece already exists.
2025-12-23 15:51:00,660 - INFO - [The Hindu] Early skip: URL https://www.thehindu.com/news/national/andhra-pradesh/improve-facilities-for-devotees-visiting-srisailam-temple-endowments-commissioner/article70430510.ece already exists.
2025-12-23 15:51:00,904 - INFO - [The Hindu] Early skip: URL https://www.thehindu.com/news/national/karnataka/short-tunnel-bda-looks-into-realignment-over-land-acquisition-concerns/article70430288.ece already exists.
2025-12-23 15:51:01,131 - INFO - [The Hindu] Early skip: URL https://www.thehindu.com/news/cities/Hyderabad/three-drug-peddlers-2-consumers-arrested-in-separate-cases-12-lsd-blots-and-15-grams-of-mdma-seized/article70430198.ece already exists.
2025-12-23 15:51:01,256 - INFO - [The Hindu] Early skip: URL https://www.thehindu.com/news/national/kerala/heritage-walk-in-changanassery/article70430173.ece already exists.
2025-12-23 15:51:01,508 - INFO - [The Hindu] Early skip: URL https://www.thehindu.com/news/national/kerala/sabarimala-gold-theft-bellary-based-jeweller-moves-kerala-hc-seeking-bail/article70430317.ece already exists.
2025-12-23 15:51:01,784 - INFO - [The Hindu] Early skip: URL https://www.thehindu.com/news/national/kerala/chairpersons-post-to-be-shared-in-maradu-municipality/article70430158.ece already exists.
2025-12-23 15:51:02,015 - INFO - [The Hindu] Early skip: URL https://www.thehindu.com/news/national/kerala/centre-assures-duty-hike-on-titanium-dioxide/article70430185.ece already exists.
2025-12-23 15:51:02,136 - INFO - [The Hindu] Article: https://www.thehindu.com/news/national/andhra-pradesh/survey-launched-to-resolve-fishing-rights-dispute-between-east-godavari-konaseema/article70430422.ece
2025-12-23 15:51:02,137 - INFO - [The Hindu] Attempt 1/1: Trying with 'selenium_browser' strategy...
2025-12-23 15:51:03,057 - INFO - [The Hindu] Page content loaded.
2025-12-23 15:51:03,099 - INFO - [The Hindu] Success with 'selenium_browser'. Found content (274 words).
2025-12-23 15:51:16,609 - INFO - Saved article: Survey launched to resolve fishing rights dispute between East Godavari, Konaseema - The Hindu from The Hindu (274 words)
2025-12-23 15:51:17,388 - INFO - [The Hindu] Article: https://www.thehindu.com/news/national/andhra-pradesh/unified-family-survey-launched-to-update-household-records-in-andhra-pradesh/article70430363.ece
2025-12-23 15:51:17,388 - INFO - [The Hindu] Attempt 1/1: Trying with 'selenium_browser' strategy...
2025-12-23 15:51:18,310 - INFO - [The Hindu] Page content loaded.
2025-12-23 15:51:18,351 - INFO - [The Hindu] Success with 'selenium_browser'. Found content (282 words).
2025-12-23 15:51:32,377 - CRITICAL - --- TIMEOUT: 1 scrape jobs did not complete in 300s. ---
2025-12-23 15:51:32,378 - ERROR - A thread has timed out and will be abandoned.
2025-12-23 15:51:32,378 - INFO - Shutting down thread pool (wait=False)...
2025-12-23 15:51:32,378 - INFO - Scraped: 1 Times of India, 0 BBC, 0 The Guardian, 1 Timed_Out_Jobs articles. (Total saved: 1)
2025-12-23 15:51:32,378 - INFO - --- Scraping job finished ---
2025-12-23 15:51:32,378 - INFO - --- Scraper service stopped and database connection closed. ---
2025-12-23 15:51:32,378 - INFO - --- Main thread finished. Forcing process exit to kill zombie threads. ---
