2025-12-26 01:47:07,761 - INFO - Loading AI Semantic Model (all-MiniLM-L6-v2)...
2025-12-26 01:47:07,762 - INFO - Use pytorch device_name: cpu
2025-12-26 01:47:07,762 - INFO - Load pretrained SentenceTransformer: all-MiniLM-L6-v2
2025-12-26 01:47:09,054 - INFO - AI Model loaded successfully.
2025-12-26 01:47:09,054 - INFO - --- Scraper service started (CI Mode: Run Once) ---
2025-12-26 01:47:09,054 - INFO - --- Starting new scraping job (Parallel Mode) ---
2025-12-26 01:47:09,054 - INFO - Creating new robust session with 3 retries on 5xx/connection/read errors.
2025-12-26 01:47:09,054 - INFO - Proxy is DISABLED.
2025-12-26 01:47:09,054 - INFO - Starting scrape for BBC RSS feed: http://feeds.bbci.co.uk/news/world/rss.xml
2025-12-26 01:47:09,056 - INFO - [Times of India] (Thread) requires Selenium. Initializing driver...
2025-12-26 01:47:09,056 - INFO - Starting scrape for The Guardian RSS feed: https://www.theguardian.com/world/rss
2025-12-26 01:47:09,057 - INFO - [The Hindu] (Thread) requires Selenium. Initializing driver...
2025-12-26 01:47:09,057 - INFO - Submitted 4 jobs to thread pool. Waiting up to 300s for completion...
2025-12-26 01:47:09,253 - INFO - Found 45 articles in The Guardian RSS feed. Processing up to 30.
2025-12-26 01:47:09,254 - INFO - [The Guardian] Article: https://www.theguardian.com/us-news/2025/dec/25/us-carries-out-airstrikes-against-islamic-state-terrorist-scum-in-nigeria-trump-says
2025-12-26 01:47:09,254 - INFO - [The Guardian] Attempt 1/1: Trying with 'requests_browser' strategy...
2025-12-26 01:47:09,281 - INFO - Found 25 articles in BBC RSS feed. Processing up to 30.
2025-12-26 01:47:09,282 - INFO - [BBC] Early skip: URL https://www.bbc.com/news/articles/c4g413yz9g5o?at_medium=RSS&at_campaign=rss already exists.
2025-12-26 01:47:09,289 - INFO - [The Guardian] Success with 'requests_browser'. Found content (481 words).
2025-12-26 01:47:19,061 - INFO - Saved article: US carries out strikes on Nigeria targeting Islamic State militants, Trump says | Trump administration | The Guardian from The Guardian (481 words)
2025-12-26 01:47:19,061 - INFO - [BBC] Early skip: URL https://www.bbc.com/news/articles/c1lr3p7n87yo?at_medium=RSS&at_campaign=rss already exists.
2025-12-26 01:47:19,240 - INFO - Selenium driver initialized successfully.
2025-12-26 01:47:19,240 - INFO - Starting scrape for The Hindu RSS feed: https://www.thehindu.com/news/national/feeder/default.rss
2025-12-26 01:47:19,241 - INFO - Selenium driver initialized successfully.
2025-12-26 01:47:19,242 - INFO - Starting scrape for Times of India RSS feed: https://timesofindia.indiatimes.com/rssfeeds/296589292.cms
2025-12-26 01:47:19,283 - INFO - [BBC] Early skip: URL https://www.bbc.com/news/articles/cm21728nwxlo?at_medium=RSS&at_campaign=rss already exists.
2025-12-26 01:47:19,332 - INFO - Found 100 articles in The Hindu RSS feed. Processing up to 30.
2025-12-26 01:47:19,343 - INFO - Found 20 articles in Times of India RSS feed. Processing up to 30.
2025-12-26 01:47:19,384 - INFO - [The Hindu] Article: https://www.thehindu.com/news/national/attacks-on-christians-contradict-pms-message-of-harmony-visit-to-church-gehlot/article70438725.ece
2025-12-26 01:47:19,384 - INFO - [The Hindu] Attempt 1/1: Trying with 'selenium_browser' strategy...
2025-12-26 01:47:19,385 - INFO - [Times of India] Article: https://timesofindia.indiatimes.com/world/south-asia/bangladesh-yunus-aide-quits-amid-unrest-over-hadis-death/articleshow/126181043.cms
2025-12-26 01:47:19,385 - INFO - [Times of India] Attempt 1/1: Trying with 'selenium_browser' strategy...
2025-12-26 01:47:19,386 - INFO - [BBC] Early skip: URL https://www.bbc.com/news/articles/cn98w93l8plo?at_medium=RSS&at_campaign=rss already exists.
2025-12-26 01:47:19,660 - INFO - [The Guardian] Early skip: URL https://www.theguardian.com/world/2025/dec/25/displaced-islamic-state-insurgency-mozambique already exists.
2025-12-26 01:47:19,776 - INFO - [BBC] Early skip: URL https://www.bbc.com/news/articles/c898zxyznxpo?at_medium=RSS&at_campaign=rss already exists.
2025-12-26 01:47:19,964 - INFO - [The Guardian] Early skip: URL https://www.theguardian.com/world/2025/dec/24/algeria-passes-law-declaring-french-colonisation-crime already exists.
2025-12-26 01:47:20,219 - INFO - [BBC] Early skip: URL https://www.bbc.com/news/articles/crk733k1k1eo?at_medium=RSS&at_campaign=rss already exists.
2025-12-26 01:47:20,436 - INFO - [The Guardian] Early skip: URL https://www.theguardian.com/world/2025/dec/23/libyas-army-chief-dies-in-plane-crash-in-turkey already exists.
2025-12-26 01:47:20,549 - INFO - [The Guardian] Early skip: URL https://www.theguardian.com/world/2025/dec/22/freed-nigerian-schoolchildren-set-to-be-reunited-with-families already exists.
2025-12-26 01:47:20,729 - INFO - [BBC] Early skip: URL https://www.bbc.com/news/articles/c14vdpyj1vjo?at_medium=RSS&at_campaign=rss already exists.
2025-12-26 01:47:21,003 - INFO - [The Guardian] Early skip: URL https://www.theguardian.com/environment/2025/dec/25/they-are-scared-of-us-now-how-one-tropical-forest-turned-the-tide-on-loggers already exists.
2025-12-26 01:47:21,170 - INFO - [BBC] Early skip: URL https://www.bbc.com/news/articles/c5yqe4j15lzo?at_medium=RSS&at_campaign=rss already exists.
2025-12-26 01:47:21,273 - INFO - [BBC] Early skip: URL https://www.bbc.com/news/articles/czdgz84dn35o?at_medium=RSS&at_campaign=rss already exists.
2025-12-26 01:47:21,375 - INFO - [The Guardian] Early skip: URL https://www.theguardian.com/world/2025/dec/25/cape-froward-new-national-park-patagonia-chile already exists.
2025-12-26 01:47:21,594 - INFO - [The Guardian] Early skip: URL https://www.theguardian.com/world/2025/dec/24/honduras-nasry-tito-asfura-declared-president-donald-trump-backed already exists.
2025-12-26 01:47:21,756 - INFO - [BBC] Early skip: URL https://www.bbc.com/news/articles/cyvgz1jn368o?at_medium=RSS&at_campaign=rss already exists.
2025-12-26 01:47:21,891 - INFO - [BBC] Early skip: URL https://www.bbc.com/news/articles/c75v0kwy017o?at_medium=RSS&at_campaign=rss already exists.
2025-12-26 01:47:22,120 - INFO - [BBC] Early skip: URL https://www.bbc.com/news/articles/cp39kngz008o?at_medium=RSS&at_campaign=rss already exists.
2025-12-26 01:47:22,399 - INFO - [The Guardian] Early skip: URL https://www.theguardian.com/media/2025/dec/23/60-minutes-cecot-appears-online already exists.
2025-12-26 01:47:22,538 - INFO - [The Guardian] Early skip: URL https://www.theguardian.com/world/2025/dec/23/brazil-jair-bolsonaro-eduardo-havaianas-television-ad-fernanda-torres already exists.
2025-12-26 01:47:22,772 - INFO - [The Guardian] Article: https://www.theguardian.com/world/2025/dec/26/myanmar-junta-prepares-elections-legitimise-power
2025-12-26 01:47:22,772 - INFO - [The Guardian] Attempt 1/1: Trying with 'requests_browser' strategy...
2025-12-26 01:47:22,775 - INFO - [BBC] Early skip: URL https://www.bbc.com/news/articles/c0je3v3en01o?at_medium=RSS&at_campaign=rss already exists.
2025-12-26 01:47:22,867 - INFO - [The Guardian] Success with 'requests_browser'. Found content (1095 words).
2025-12-26 01:47:22,900 - INFO - [BBC] Early skip: URL https://www.bbc.com/news/articles/c79x0x7v70go?at_medium=RSS&at_campaign=rss already exists.
2025-12-26 01:47:39,411 - ERROR - [The Hindu] Request failed for strategy 'selenium_browser' on URL https://www.thehindu.com/news/national/attacks-on-christians-contradict-pms-message-of-harmony-visit-to-church-gehlot/article70438725.ece: Message: timeout: Timed out receiving message from renderer: 19.894
  (Session info: chrome=143.0.7499.109)
Stacktrace:
#0 0x55fd9ddd219a <unknown>
#1 0x55fd9d84fc4b <unknown>
#2 0x55fd9d837cf3 <unknown>
#3 0x55fd9d8379d6 <unknown>
#4 0x55fd9d835897 <unknown>
#5 0x55fd9d8361af <unknown>
#6 0x55fd9d844970 <unknown>
#7 0x55fd9d85e017 <unknown>
#8 0x55fd9d8646cb <unknown>
#9 0x55fd9d8368d8 <unknown>
#10 0x55fd9d85ddc3 <unknown>
#11 0x55fd9d8ecf60 <unknown>
#12 0x55fd9d893c42 <unknown>
#13 0x55fd9d8948f1 <unknown>
#14 0x55fd9dd9af39 <unknown>
#15 0x55fd9dd9de7d <unknown>
#16 0x55fd9dd83c81 <unknown>
#17 0x55fd9dd9ea5b <unknown>
#18 0x55fd9dd6aa50 <unknown>
#19 0x55fd9ddbfaa8 <unknown>
#20 0x55fd9ddbfc79 <unknown>
#21 0x55fd9ddd14f3 <unknown>
#22 0x7f8f53a9caa4 <unknown>
#23 0x7f8f53b29c6c <unknown>

2025-12-26 01:47:39,411 - ERROR - [The Hindu] All scrape strategies failed for https://www.thehindu.com/news/national/attacks-on-christians-contradict-pms-message-of-harmony-visit-to-church-gehlot/article70438725.ece. Falling back to RSS description.
2025-12-26 01:47:39,411 - WARNING - SKIPPED (GLOBAL WORD LIMIT): Article 'Attacks on Christians contradict PM's message of harmony, visit to church: Gehlot' from The Hindu has only 21 words (Min: 90).
2025-12-26 01:47:42,352 - INFO - Saved article: ‘Not for the people’: Myanmar junta prepares for elections designed to legitimise grip on power | Myanmar | The Guardian from The Guardian (1095 words)
2025-12-26 01:47:42,352 - INFO - [BBC] Early skip: URL https://www.bbc.com/news/articles/ce8nep787pyo?at_medium=RSS&at_campaign=rss already exists.
2025-12-26 01:47:42,545 - INFO - [The Hindu] Article: https://www.thehindu.com/news/national/assam/four-arrested-for-pre-christmas-vandalism-in-assam-school/article70438723.ece
2025-12-26 01:47:42,545 - INFO - [The Hindu] Attempt 1/1: Trying with 'selenium_browser' strategy...
2025-12-26 01:47:42,546 - INFO - [BBC] Early skip: URL https://www.bbc.com/news/articles/c5yj4yvx80do?at_medium=RSS&at_campaign=rss already exists.
2025-12-26 01:47:42,675 - INFO - [BBC] Early skip: URL https://www.bbc.com/news/articles/clyd12d38jgo?at_medium=RSS&at_campaign=rss already exists.
2025-12-26 01:47:42,902 - INFO - [BBC] Early skip: URL https://www.bbc.com/news/articles/cvg1361d32ro?at_medium=RSS&at_campaign=rss already exists.
2025-12-26 01:47:43,131 - INFO - [BBC] Early skip: URL https://www.bbc.com/news/articles/cj69d8we98jo?at_medium=RSS&at_campaign=rss already exists.
2025-12-26 01:47:43,285 - INFO - [BBC] Early skip: URL https://www.bbc.com/news/videos/clyx049x0z7o?at_medium=RSS&at_campaign=rss already exists.
2025-12-26 01:47:43,534 - INFO - [BBC] Early skip: URL https://www.bbc.com/news/videos/cqxqvd0z5gno?at_medium=RSS&at_campaign=rss already exists.
2025-12-26 01:47:43,747 - INFO - [The Guardian] Early skip: URL https://www.theguardian.com/world/2025/dec/24/thailand-and-cambodia-begin-talks-to-end-deadly-clashes-after-venue-row already exists.
2025-12-26 01:47:43,896 - INFO - [The Guardian] Early skip: URL https://www.theguardian.com/world/2025/dec/24/rare-footage-from-trial-of-chinese-general-who-defied-tiananmen-crackdown-order-leaked-online already exists.
2025-12-26 01:47:44,116 - INFO - [The Guardian] Early skip: URL https://www.theguardian.com/world/2025/dec/23/christians-pastors-arrested-detained-china-crackdown-house-churches already exists.
2025-12-26 01:47:44,387 - INFO - [BBC] Article: https://www.bbc.com/news/videos/c30j52jrp84o?at_medium=RSS&at_campaign=rss
2025-12-26 01:47:44,387 - INFO - [BBC] Attempt 1/1: Trying with 'requests_browser' strategy...
2025-12-26 01:47:44,389 - INFO - [The Guardian] Early skip: URL https://www.theguardian.com/business/2025/dec/22/china-hits-eu-dairy-industry-with-tariffs already exists.
2025-12-26 01:47:44,514 - INFO - [The Guardian] Article: https://www.theguardian.com/australia-news/2025/dec/26/victoria-police-happy-chanukah-car-fire-st-kilda-melbourne-ntwnfb
2025-12-26 01:47:44,515 - INFO - [The Guardian] Attempt 1/1: Trying with 'requests_browser' strategy...
2025-12-26 01:47:44,595 - WARNING - [BBC] FAILED with 'requests_browser' (content was too short: 84 words).
2025-12-26 01:47:44,595 - ERROR - [BBC] All scrape strategies failed for https://www.bbc.com/news/videos/c30j52jrp84o?at_medium=RSS&at_campaign=rss. Falling back to RSS description.
2025-12-26 01:47:44,595 - WARNING - SKIPPED (GLOBAL WORD LIMIT): Article 'Watch: Moment robbers rip ATM from inside Texas store' from BBC has only 10 words (Min: 90).
2025-12-26 01:47:44,810 - INFO - [The Guardian] Success with 'requests_browser'. Found content (335 words).
2025-12-26 01:47:46,288 - INFO - [The Hindu] Page content loaded.
2025-12-26 01:47:46,435 - INFO - [The Hindu] Success with 'selenium_browser'. Found content (266 words).
2025-12-26 01:47:55,947 - INFO - Saved article: Victoria police name man they want to interview in relation to ‘Happy Chanukah’ car fire in St Kilda | Victoria | The Guardian from The Guardian (335 words)
2025-12-26 01:47:55,948 - INFO - [BBC] Article: https://www.bbc.com/news/videos/c8dy3772m1lo?at_medium=RSS&at_campaign=rss
2025-12-26 01:47:55,948 - INFO - [BBC] Attempt 1/1: Trying with 'requests_browser' strategy...
2025-12-26 01:47:56,080 - WARNING - [BBC] FAILED with 'requests_browser' (content was too short: 59 words).
2025-12-26 01:47:56,080 - ERROR - [BBC] All scrape strategies failed for https://www.bbc.com/news/videos/c8dy3772m1lo?at_medium=RSS&at_campaign=rss. Falling back to RSS description.
2025-12-26 01:47:56,081 - WARNING - SKIPPED (GLOBAL WORD LIMIT): Article 'Ho Ho No! Santa pulled over for speeding in Ohio  ' from BBC has only 20 words (Min: 90).
2025-12-26 01:48:06,656 - INFO - DEDUPLICATION: Found match (Score: 0.83). Linking to Cluster ID: cdaaa939-def6-40ed-8b99-3f74dd47469f
2025-12-26 01:48:06,658 - INFO - Saved article: Four arrested for pre-Christmas vandalism in Assam school - The Hindu from The Hindu (266 words)
2025-12-26 01:48:06,658 - INFO - [The Guardian] Early skip: URL https://www.theguardian.com/australia-news/2025/dec/26/man-charged-after-allegedly-performing-nazi-salutes-at-canberra-shopping-centres-ntwnfb already exists.
2025-12-26 01:48:06,873 - INFO - [BBC] Article: https://www.bbc.com/news/videos/clydk6vd4rzo?at_medium=RSS&at_campaign=rss
2025-12-26 01:48:06,873 - INFO - [BBC] Attempt 1/1: Trying with 'requests_browser' strategy...
2025-12-26 01:48:06,874 - INFO - [The Guardian] Early skip: URL https://www.theguardian.com/australia-news/2025/dec/25/sydney-to-hobart-yacht-race-forecast-to-be-cold-wet-and-bumpy-as-australias-west-faces-cyclone-and-bushfire-threat already exists.
2025-12-26 01:48:06,936 - WARNING - [BBC] FAILED with 'requests_browser' (content was too short: 73 words).
2025-12-26 01:48:06,936 - ERROR - [BBC] All scrape strategies failed for https://www.bbc.com/news/videos/clydk6vd4rzo?at_medium=RSS&at_campaign=rss. Falling back to RSS description.
2025-12-26 01:48:06,936 - WARNING - SKIPPED (GLOBAL WORD LIMIT): Article 'Watch: Huge fireball as tanker explodes on Italian motorway' from BBC has only 21 words (Min: 90).
2025-12-26 01:48:07,128 - INFO - [The Guardian] Early skip: URL https://www.theguardian.com/australia-news/2025/dec/24/perth-man-charged-with-racial-harassment-for-alleged-post-backing-bondi-attack-ntwnfb already exists.
2025-12-26 01:48:07,272 - INFO - [The Hindu] Early skip: URL https://www.thehindu.com/news/national/madhya-pradesh/tightening-the-opium-belt-in-madhya-pradesh/article70433879.ece already exists.
2025-12-26 01:48:07,431 - INFO - [The Guardian] Early skip: URL https://www.theguardian.com/australia-news/2025/dec/24/wounded-bondi-hero-ahmed-al-ahmed-recovering-well-and-may-soon-leave-hospital-ntwnfb already exists.
2025-12-26 01:48:07,575 - INFO - [The Hindu] Early skip: URL https://www.thehindu.com/news/national/tamil-nadu/iit-kanpur-survey-to-assess-extent-of-sand-mining-was-illegal-says-tn-govt/article70437383.ece already exists.
2025-12-26 01:48:07,691 - INFO - [The Guardian] Early skip: URL https://www.theguardian.com/world/2025/dec/25/sergei-udaltsov-terrorism already exists.
2025-12-26 01:48:07,873 - INFO - [The Hindu] Early skip: URL https://www.thehindu.com/news/national/jammu-and-kashmir/this-winter-christmas-festivities-liftspirit-of-moribund-kashmir-tourism/article70437521.ece already exists.
2025-12-26 01:48:08,131 - INFO - [The Guardian] Early skip: URL https://www.theguardian.com/society/2025/dec/25/blood-test-predict-risk-inherited-heart-condition-hypertrophic-cardiomyopathy already exists.
2025-12-26 01:48:08,333 - INFO - [The Hindu] Early skip: URL https://www.thehindu.com/sci-tech/health/circulatory-system-diseases-remain-leading-cause-of-deaths-in-2023-report/article70437366.ece already exists.
2025-12-26 01:48:08,624 - INFO - [The Guardian] Early skip: URL https://www.theguardian.com/world/2025/dec/24/pope-leo-christmas-message-kindness-strangers-poor already exists.
2025-12-26 01:48:08,745 - INFO - [BBC] Early skip: URL https://www.bbc.com/news/videos/c0edjv3jr3po?at_medium=RSS&at_campaign=rss already exists.
2025-12-26 01:48:08,910 - INFO - [The Hindu] Early skip: URL https://www.thehindu.com/news/cities/Hyderabad/mild-tension-at-gandhi-darshan-amid-dispute-over-managing-committee/article70437720.ece already exists.
2025-12-26 01:48:09,151 - INFO - [The Guardian] Early skip: URL https://www.theguardian.com/world/2025/dec/24/three-killed-in-moscow-car-explosion-say-russian-authorities already exists.
2025-12-26 01:48:09,354 - INFO - [The Hindu] Early skip: URL https://www.thehindu.com/news/national/karnataka/hdk-says-karnataka-on-the-downslide-under-congress-rule/article70437613.ece already exists.
2025-12-26 01:48:09,519 - INFO - [The Guardian] Early skip: URL https://www.theguardian.com/world/2025/dec/24/us-ukraine-edge-closer-joint-plan-end-war-moscow-response-uncertain already exists.
2025-12-26 01:48:09,687 - INFO - [The Hindu] Early skip: URL https://www.thehindu.com/news/national/tamil-nadu/toy-industry-in-the-state-is-now-worth-around-1000-crore/article70437588.ece already exists.
2025-12-26 01:48:09,972 - INFO - [The Guardian] Early skip: URL https://www.theguardian.com/world/2025/dec/24/israel-condemned-approval-19-settlements-occupied-west-bank already exists.
2025-12-26 01:48:10,150 - INFO - [The Hindu] Early skip: URL https://www.thehindu.com/news/national/tamil-nadu/aiadmk-forms-panel-to-draft-manifesto-for-2026-assembly-poll/article70437218.ece already exists.
2025-12-26 01:48:10,326 - INFO - [The Guardian] Early skip: URL https://www.theguardian.com/world/2025/dec/24/israel-strikes-southern-lebanon-as-deadline-to-disarm-hezbollah-nears already exists.
2025-12-26 01:48:10,526 - INFO - [The Hindu] Early skip: URL https://www.thehindu.com/news/national/karnataka/ayurveda-needs-deeper-research-specialised-expertise-health-minister/article70437392.ece already exists.
2025-12-26 01:48:10,815 - INFO - [The Guardian] Early skip: URL https://www.theguardian.com/uk-news/2025/dec/22/families-of-palestine-action-hunger-strikers-seek-urgent-meeting-with-lammy already exists.
2025-12-26 01:48:11,042 - INFO - [The Hindu] Early skip: URL https://www.thehindu.com/news/national/fssai-warns-food-businesses-against-labeling-herbal-infusions-as-tea/article70437559.ece already exists.
2025-12-26 01:48:11,145 - INFO - [The Hindu] Early skip: URL https://www.thehindu.com/news/national/president-murmu-releases-constitution-of-india-in-santhali-language/article70437103.ece already exists.
2025-12-26 01:48:11,246 - INFO - [The Guardian] Early skip: URL https://www.theguardian.com/world/2025/dec/21/israel-approves-new-jewish-settlements-occupied-west-bank already exists.
2025-12-26 01:48:11,436 - INFO - [The Hindu] Early skip: URL https://www.thehindu.com/news/cities/Madurai/southern-districts-of-tamil-nadu-come-alive-with-christmas-fete/article70437171.ece already exists.
2025-12-26 01:48:11,663 - INFO - [The Guardian] Early skip: URL https://www.theguardian.com/world/2025/dec/20/israeli-troops-kill-palestinians-sheltering-in-gaza-school-hospital-chiefs already exists.
2025-12-26 01:48:11,963 - INFO - [The Hindu] Early skip: URL https://www.thehindu.com/news/national/tamil-nadu/dmdk-invites-stalin-palaniswami-to-vijayakant-death-anniversary-event/article70437078.ece already exists.
2025-12-26 01:48:12,167 - INFO - [The Hindu] Early skip: URL https://www.thehindu.com/news/national/telangana/ghmc-announces-finalisation-of-delimitation-exercise/article70437769.ece already exists.
2025-12-26 01:48:12,414 - INFO - [The Hindu] Early skip: URL https://www.thehindu.com/news/national/telangana/ias-transfers-key-urban-and-ghmc-positions-rejigged/article70437811.ece already exists.
2025-12-26 01:48:12,593 - INFO - [The Hindu] Early skip: URL https://www.thehindu.com/news/national/uttar-pradesh/up-cm-yogi-signals-shift-toward-fearless-business-and-trust-of-doing-business-in-assembly-speech/article70437116.ece already exists.
2025-12-26 01:48:12,766 - INFO - [The Hindu] Early skip: URL https://www.thehindu.com/news/national/andhra-pradesh/work-on-construction-of-high-court-building-begins-in-amaravati/article70437447.ece already exists.
2025-12-26 01:48:13,054 - INFO - [The Hindu] Early skip: URL https://www.thehindu.com/news/national/west-bengal/you-have-been-integrated-with-bjp-samik-tells-suvendu-not-to-dwell-on-the-past/article70437592.ece already exists.
2025-12-26 01:48:13,216 - INFO - [The Hindu] Early skip: URL https://www.thehindu.com/news/national/andhra-pradesh/ttd-darshan-ticket-counter-at-alipiri-sees-heavy-rush/article70437751.ece already exists.
2025-12-26 01:48:13,495 - INFO - [The Hindu] Early skip: URL https://www.thehindu.com/news/national/west-bengal/migrant-worker-killed-in-odisha-trinamool-says-targeted-for-speaking-in-bengali/article70437268.ece already exists.
2025-12-26 01:48:13,743 - INFO - [The Hindu] Article: https://www.thehindu.com/shorts/watch-christmas-decorations-vandalised-at-raipur-mall-during-bandh/article70437745.ece
2025-12-26 01:48:13,743 - INFO - [The Hindu] Attempt 1/1: Trying with 'selenium_browser' strategy...
2025-12-26 01:48:24,482 - WARNING - [The Hindu] Page timed out (10s). Proceeding anyway.
2025-12-26 01:48:24,646 - WARNING - [The Hindu] FAILED with 'selenium_browser' (content was too short: 40 words).
2025-12-26 01:48:24,646 - ERROR - [The Hindu] All scrape strategies failed for https://www.thehindu.com/shorts/watch-christmas-decorations-vandalised-at-raipur-mall-during-bandh/article70437745.ece. Falling back to RSS description.
2025-12-26 01:48:24,646 - WARNING - SKIPPED (GLOBAL WORD LIMIT): Article 'Watch: Christmas decorations vandalised at Raipur mall during bandh' from The Hindu has only 3 words (Min: 90).
2025-12-26 01:48:25,822 - INFO - [The Hindu] Early skip: URL https://www.thehindu.com/news/national/tamil-nadu/thirupparankundram-deepam-row-what-sthaneeka-bhattars-testified-30-years-ago/article70437677.ece already exists.
2025-12-26 01:48:26,055 - INFO - [The Hindu] Early skip: URL https://www.thehindu.com/news/national/amit-shah-to-inaugurate-anti-terror-conference-on-december-26/article70437679.ece already exists.
2025-12-26 01:48:26,202 - INFO - [The Hindu] Early skip: URL https://www.thehindu.com/news/national/carrying-the-red-flag-into-the-next-century/article70437256.ece already exists.
2025-12-26 01:48:26,370 - INFO - [The Hindu] Early skip: URL https://www.thehindu.com/news/national/gujarat/gujarat-assembly-deputy-speaker-jethabhai-bharwad-resigns/article70437091.ece already exists.
2025-12-26 01:48:26,524 - INFO - [The Hindu] Early skip: URL https://www.thehindu.com/news/national/karnataka/one-killed-four-injured-as-gas-cylinder-explodes-near-mysuru-palace-gate/article70437695.ece already exists.
2025-12-26 01:48:26,687 - INFO - [The Hindu] Early skip: URL https://www.thehindu.com/news/national/maharashtra/villages-in-maharashtra-vow-to-stop-humiliation-of-widows/article70437563.ece already exists.
2025-12-26 01:48:26,970 - INFO - [The Hindu] Early skip: URL https://www.thehindu.com/news/national/aravalli-row-yadav-ramesh-trade-charges-over-mining-and-forest-data/article70437557.ece already exists.
2025-12-26 01:48:27,194 - INFO - [The Hindu] (Thread) Finished. Attempting to shut down its Selenium driver.
2025-12-26 01:48:27,336 - INFO - [The Hindu] (Thread) driver.quit() successful.
2025-12-26 01:49:19,408 - ERROR - [Times of India] Request failed for strategy 'selenium_browser' on URL https://timesofindia.indiatimes.com/world/south-asia/bangladesh-yunus-aide-quits-amid-unrest-over-hadis-death/articleshow/126181043.cms: HTTPConnectionPool(host='localhost', port=59893): Read timed out. (read timeout=120)
2025-12-26 01:49:19,408 - ERROR - [Times of India] All scrape strategies failed for https://timesofindia.indiatimes.com/world/south-asia/bangladesh-yunus-aide-quits-amid-unrest-over-hadis-death/articleshow/126181043.cms. Falling back to RSS description.
2025-12-26 01:49:19,408 - WARNING - SKIPPED (GLOBAL WORD LIMIT): Article 'Bangladesh: Yunus aide quits amid unrest over Hadi’s death' from Times of India has only 42 words (Min: 90).
2025-12-26 01:49:20,109 - INFO - [Times of India] Article: https://timesofindia.indiatimes.com/world/china/china-social-media-thrashes-one-child-policy-after-population-control-czar-dies/articleshow/126180995.cms
2025-12-26 01:49:20,109 - INFO - [Times of India] Attempt 1/1: Trying with 'selenium_browser' strategy...
2025-12-26 01:51:20,210 - ERROR - [Times of India] Request failed for strategy 'selenium_browser' on URL https://timesofindia.indiatimes.com/world/china/china-social-media-thrashes-one-child-policy-after-population-control-czar-dies/articleshow/126180995.cms: HTTPConnectionPool(host='localhost', port=59893): Read timed out. (read timeout=120)
2025-12-26 01:51:20,211 - ERROR - [Times of India] All scrape strategies failed for https://timesofindia.indiatimes.com/world/china/china-social-media-thrashes-one-child-policy-after-population-control-czar-dies/articleshow/126180995.cms. Falling back to RSS description.
2025-12-26 01:51:20,211 - WARNING - SKIPPED (GLOBAL WORD LIMIT): Article 'China social media thrashes one-child policy after population control czar dies' from Times of India has only 48 words (Min: 90).
2025-12-26 01:51:21,681 - INFO - [Times of India] Article: https://timesofindia.indiatimes.com/world/us/a-million-more-epstein-documents-have-been-found-justice-department-says/articleshow/126180973.cms
2025-12-26 01:51:21,681 - INFO - [Times of India] Attempt 1/1: Trying with 'selenium_browser' strategy...
2025-12-26 01:52:09,058 - CRITICAL - --- TIMEOUT: 1 scrape jobs did not complete in 300s. ---
2025-12-26 01:52:09,058 - ERROR - A thread has timed out and will be abandoned.
2025-12-26 01:52:09,058 - INFO - Shutting down thread pool (wait=False)...
2025-12-26 01:52:09,058 - INFO - Scraped: 0 BBC, 1 The Hindu, 3 The Guardian, 1 Timed_Out_Jobs articles. (Total saved: 4)
2025-12-26 01:52:09,058 - INFO - --- Scraping job finished ---
2025-12-26 01:52:09,058 - INFO - --- Scraper service stopped and database connection closed. ---
2025-12-26 01:52:09,058 - INFO - --- Main thread finished. Forcing process exit to kill zombie threads. ---
