2025-11-28 19:39:48,428 - INFO - Loading AI Semantic Model (all-MiniLM-L6-v2)...
2025-11-28 19:39:48,428 - INFO - Use pytorch device_name: cpu
2025-11-28 19:39:48,428 - INFO - Load pretrained SentenceTransformer: all-MiniLM-L6-v2
2025-11-28 19:39:49,065 - INFO - AI Model loaded successfully.
2025-11-28 19:39:49,065 - INFO - Initializing database connection at: news_articles.db
2025-11-28 19:39:49,065 - INFO - --- Scraper service started (CI Mode: Run Once) ---
2025-11-28 19:39:49,065 - INFO - --- Starting new scraping job (Parallel Mode) ---
2025-11-28 19:39:49,065 - INFO - Creating new robust session with 3 retries on 5xx/connection/read errors.
2025-11-28 19:39:49,065 - INFO - Proxy is DISABLED.
2025-11-28 19:39:49,066 - INFO - Starting scrape for BBC RSS feed: http://feeds.bbci.co.uk/news/world/rss.xml
2025-11-28 19:39:49,067 - INFO - [Times of India] (Thread) requires Selenium. Initializing driver...
2025-11-28 19:39:49,067 - INFO - Initializing headless Selenium Chrome driver (using SeleniumManager)...
2025-11-28 19:39:49,068 - INFO - Starting scrape for The Guardian RSS feed: https://www.theguardian.com/world/rss
2025-11-28 19:39:49,070 - INFO - [The Hindu] (Thread) requires Selenium. Initializing driver...
2025-11-28 19:39:49,070 - INFO - Initializing headless Selenium Chrome driver (using SeleniumManager)...
2025-11-28 19:39:49,070 - INFO - Submitted 4 jobs to thread pool. Waiting up to 300s for completion...
2025-11-28 19:39:49,154 - INFO - Found 37 articles in BBC RSS feed. Processing up to 20.
2025-11-28 19:39:49,155 - INFO - [BBC] Article: https://www.bbc.com/news/articles/ckg9nd2wddno?at_medium=RSS&at_campaign=rss
2025-11-28 19:39:49,155 - INFO - [BBC] Attempt 1/1: Trying with 'requests_browser' strategy...
2025-11-28 19:39:49,273 - INFO - Found 45 articles in The Guardian RSS feed. Processing up to 20.
2025-11-28 19:39:49,279 - INFO - [The Guardian] Article: https://www.theguardian.com/world/2025/nov/28/jacob-zuma-daughter-resigns-claims-south-africans-tricked-fight-russia
2025-11-28 19:39:49,279 - INFO - [The Guardian] Attempt 1/1: Trying with 'requests_browser' strategy...
2025-11-28 19:39:49,287 - INFO - [BBC] Success with 'requests_browser'. Found content (929 words).
2025-11-28 19:39:49,331 - INFO - Duplicate article skipped: Zelensky's chief of staff Andriy Yermak resigns after anti-corruption raid from BBC
2025-11-28 19:39:49,347 - INFO - [The Guardian] Success with 'requests_browser'. Found content (753 words).
2025-11-28 19:39:49,380 - INFO - Duplicate article skipped: Jacob Zuma’s daughter resigns amid claims South Africans tricked to fight for Russia | South Africa | The Guardian from The Guardian
2025-11-28 19:39:50,556 - INFO - [BBC] Article: https://www.bbc.com/news/articles/c79xd17dre3o?at_medium=RSS&at_campaign=rss
2025-11-28 19:39:50,556 - INFO - [BBC] Attempt 1/1: Trying with 'requests_browser' strategy...
2025-11-28 19:39:50,592 - INFO - [BBC] Success with 'requests_browser'. Found content (771 words).
2025-11-28 19:39:50,628 - INFO - Duplicate article skipped: Hong Kong tower blocks fire death toll rises to 128 from BBC
2025-11-28 19:39:50,873 - INFO - [The Guardian] Article: https://www.theguardian.com/environment/2025/nov/28/africa-forests-transformed-carbon-sink-carbon-source-study
2025-11-28 19:39:50,873 - INFO - [The Guardian] Attempt 1/1: Trying with 'requests_browser' strategy...
2025-11-28 19:39:50,921 - INFO - [The Guardian] Success with 'requests_browser'. Found content (458 words).
2025-11-28 19:39:50,958 - INFO - Duplicate article skipped: Africa’s forests transformed from carbon sink to carbon source, study finds | Climate crisis | The Guardian from The Guardian
2025-11-28 19:39:51,845 - INFO - [The Guardian] Article: https://www.theguardian.com/world/2025/nov/26/guinea-bissau-officers-take-total-control-close-borders-amid-election-chaos
2025-11-28 19:39:51,845 - INFO - [The Guardian] Attempt 1/1: Trying with 'requests_browser' strategy...
2025-11-28 19:39:51,870 - INFO - [BBC] Article: https://www.bbc.com/news/articles/c0q5w8l88dvo?at_medium=RSS&at_campaign=rss
2025-11-28 19:39:51,870 - INFO - [BBC] Attempt 1/1: Trying with 'requests_browser' strategy...
2025-11-28 19:39:51,900 - INFO - [BBC] Success with 'requests_browser'. Found content (607 words).
2025-11-28 19:39:51,937 - INFO - Duplicate article skipped: Afghans in US issue plea to Trump after 'tragic' Washington DC shooting from BBC
2025-11-28 19:39:51,952 - INFO - [The Guardian] Success with 'requests_browser'. Found content (412 words).
2025-11-28 19:39:51,987 - INFO - Duplicate article skipped: Guinea-Bissau military takes ‘total control’ amid election chaos | Guinea-Bissau | The Guardian from The Guardian
2025-11-28 19:39:53,037 - INFO - [The Guardian] Article: https://www.theguardian.com/world/2025/nov/25/nigerian-schoolgirls-rescued-after-mass-abduction-in-kebbi
2025-11-28 19:39:53,037 - INFO - [The Guardian] Attempt 1/1: Trying with 'requests_browser' strategy...
2025-11-28 19:39:53,147 - INFO - [The Guardian] Success with 'requests_browser'. Found content (515 words).
2025-11-28 19:39:53,188 - INFO - Duplicate article skipped: Nigerian schoolgirls rescued after mass abduction in Kebbi | Nigeria | The Guardian from The Guardian
2025-11-28 19:39:53,366 - INFO - [BBC] Article: https://www.bbc.com/news/articles/cdxweyy157go?at_medium=RSS&at_campaign=rss
2025-11-28 19:39:53,366 - INFO - [BBC] Attempt 1/1: Trying with 'requests_browser' strategy...
2025-11-28 19:39:53,532 - INFO - [BBC] Success with 'requests_browser'. Found content (1079 words).
2025-11-28 19:39:53,570 - INFO - Duplicate article skipped: Trump says US will pause migration from 'third-world countries' from BBC
2025-11-28 19:39:54,101 - INFO - [BBC] Article: https://www.bbc.com/news/articles/cp89k31krz4o?at_medium=RSS&at_campaign=rss
2025-11-28 19:39:54,101 - INFO - [BBC] Attempt 1/1: Trying with 'requests_browser' strategy...
2025-11-28 19:39:54,128 - INFO - [BBC] Success with 'requests_browser'. Found content (485 words).
2025-11-28 19:39:54,164 - INFO - Duplicate article skipped: Thirteen killed in deadliest Israeli raid for months in southern Syria from BBC
2025-11-28 19:39:54,587 - INFO - [The Guardian] Article: https://www.theguardian.com/world/2025/nov/25/jacob-zuma-daughter-accused-tricking-men-fighting-for-russia-in-ukraine
2025-11-28 19:39:54,587 - INFO - [The Guardian] Attempt 1/1: Trying with 'requests_browser' strategy...
2025-11-28 19:39:54,701 - INFO - [The Guardian] Success with 'requests_browser'. Found content (656 words).
2025-11-28 19:39:54,748 - INFO - Duplicate article skipped: Jacob Zuma’s daughter accused of tricking men into fighting for Russia in Ukraine | South Africa | The Guardian from The Guardian
2025-11-28 19:39:55,201 - INFO - [BBC] Article: https://www.bbc.com/news/articles/cx2dndy228xo?at_medium=RSS&at_campaign=rss
2025-11-28 19:39:55,201 - INFO - [BBC] Attempt 1/1: Trying with 'requests_browser' strategy...
2025-11-28 19:39:55,239 - INFO - [BBC] Success with 'requests_browser'. Found content (1379 words).
2025-11-28 19:39:55,280 - INFO - Duplicate article skipped: Duduzile Zuma-Sambudla resigns as South African MP over Russia mercenary recruitment scandal from BBC
2025-11-28 19:39:55,532 - INFO - [The Guardian] Article: https://www.theguardian.com/us-news/2025/nov/28/college-student-deported-boston-flight-thanksgiving
2025-11-28 19:39:55,532 - INFO - [The Guardian] Attempt 1/1: Trying with 'requests_browser' strategy...
2025-11-28 19:39:55,568 - INFO - [The Guardian] Success with 'requests_browser'. Found content (274 words).
2025-11-28 19:39:55,603 - INFO - Duplicate article skipped: College student deported when flying home for Thanksgiving, despite court order | ICE (US Immigration and Customs Enforcement) | The Guardian from The Guardian
2025-11-28 19:39:56,638 - INFO - [BBC] Article: https://www.bbc.com/news/articles/c0l9z176lnlo?at_medium=RSS&at_campaign=rss
2025-11-28 19:39:56,638 - INFO - [BBC] Attempt 1/1: Trying with 'requests_browser' strategy...
2025-11-28 19:39:56,667 - INFO - [BBC] Success with 'requests_browser'. Found content (678 words).
2025-11-28 19:39:56,702 - INFO - Duplicate article skipped: Austrian nuns win reprieve in abandoned convent - if they stay off social media from BBC
2025-11-28 19:39:57,023 - INFO - [The Guardian] Article: https://www.theguardian.com/world/2025/nov/28/quebec-prayer-law-canada
2025-11-28 19:39:57,023 - INFO - [The Guardian] Attempt 1/1: Trying with 'requests_browser' strategy...
2025-11-28 19:39:57,059 - INFO - [The Guardian] Success with 'requests_browser'. Found content (539 words).
2025-11-28 19:39:57,095 - INFO - Duplicate article skipped: Quebec to ban public prayer in sweeping new secularism law | Quebec | The Guardian from The Guardian
2025-11-28 19:39:57,251 - INFO - [BBC] Article: https://www.bbc.com/news/articles/c0q5w13e58zo?at_medium=RSS&at_campaign=rss
2025-11-28 19:39:57,251 - INFO - [BBC] Attempt 1/1: Trying with 'requests_browser' strategy...
2025-11-28 19:39:57,284 - INFO - [BBC] Success with 'requests_browser'. Found content (422 words).
2025-11-28 19:39:57,319 - INFO - Duplicate article skipped: Lightning detected on Mars by Nasa rover, scientists believe from BBC
2025-11-28 19:39:58,217 - INFO - [BBC] Article: https://www.bbc.com/news/articles/clyz7njqwvvo?at_medium=RSS&at_campaign=rss
2025-11-28 19:39:58,217 - INFO - [BBC] Attempt 1/1: Trying with 'requests_browser' strategy...
2025-11-28 19:39:58,242 - INFO - [BBC] Success with 'requests_browser'. Found content (345 words).
2025-11-28 19:39:58,280 - INFO - Duplicate article skipped: Japan's same-sex marriage ban is constitutional, says Tokyo court from BBC
2025-11-28 19:39:58,333 - INFO - [The Guardian] Article: https://www.theguardian.com/world/2025/nov/28/haida-nation-mark-carney-pipe-dream-oil-energy
2025-11-28 19:39:58,333 - INFO - [The Guardian] Attempt 1/1: Trying with 'requests_browser' strategy...
2025-11-28 19:39:58,364 - INFO - [The Guardian] Success with 'requests_browser'. Found content (1103 words).
2025-11-28 19:39:58,399 - INFO - Duplicate article skipped: ‘Not going to happen’: First Nations threaten to end Carney’s pipe dream | Canada | The Guardian from The Guardian
2025-11-28 19:39:59,657 - INFO - [BBC] Article: https://www.bbc.com/news/articles/c0r9qzrxdwwo?at_medium=RSS&at_campaign=rss
2025-11-28 19:39:59,658 - INFO - [BBC] Attempt 1/1: Trying with 'requests_browser' strategy...
2025-11-28 19:39:59,697 - INFO - [BBC] Success with 'requests_browser'. Found content (448 words).
2025-11-28 19:39:59,731 - INFO - Duplicate article skipped: Tunisia hands prison terms to dozens of opposition figures from BBC
2025-11-28 19:39:59,772 - INFO - [The Guardian] Article: https://www.theguardian.com/world/2025/nov/28/st-vincent-caribbean-opposition-party-celebrates-historic-election-win
2025-11-28 19:39:59,772 - INFO - [The Guardian] Attempt 1/1: Trying with 'requests_browser' strategy...
2025-11-28 19:39:59,799 - INFO - Selenium driver initialized successfully.
2025-11-28 19:39:59,799 - INFO - Starting scrape for Times of India RSS feed: https://timesofindia.indiatimes.com/rssfeeds/296589292.cms
2025-11-28 19:39:59,800 - INFO - Selenium driver initialized successfully.
2025-11-28 19:39:59,800 - INFO - Starting scrape for The Hindu RSS feed: https://www.thehindu.com/news/national/feeder/default.rss
2025-11-28 19:39:59,806 - INFO - [The Guardian] Success with 'requests_browser'. Found content (609 words).
2025-11-28 19:39:59,843 - INFO - Duplicate article skipped: St Vincent opposition party celebrates historic election win | St Vincent and the Grenadines | The Guardian from The Guardian
2025-11-28 19:39:59,892 - INFO - Found 20 articles in Times of India RSS feed. Processing up to 20.
2025-11-28 19:39:59,892 - INFO - [Times of India] Article: https://timesofindia.indiatimes.com/world/us/from-blacks-target-whites-for-fun-to-all-swifties-want-is-abortion-10-quotes-by-charlie-kirk-that-people-wont-forget/articleshow/125645532.cms
2025-11-28 19:39:59,893 - INFO - [Times of India] Attempt 1/1: Trying with 'selenium_browser' strategy...
2025-11-28 19:40:00,010 - INFO - Found 100 articles in The Hindu RSS feed. Processing up to 20.
2025-11-28 19:40:00,010 - INFO - [The Hindu] Article: https://www.thehindu.com/sci-tech/science/nisar-earth-observation-satellite-enters-final-science-operations-phase/article70334808.ece
2025-11-28 19:40:00,010 - INFO - [The Hindu] Attempt 1/1: Trying with 'selenium_browser' strategy...
2025-11-28 19:40:00,569 - INFO - [BBC] Article: https://www.bbc.com/news/articles/c058lny3pdqo?at_medium=RSS&at_campaign=rss
2025-11-28 19:40:00,569 - INFO - [BBC] Attempt 1/1: Trying with 'requests_browser' strategy...
2025-11-28 19:40:00,600 - INFO - [BBC] Success with 'requests_browser'. Found content (650 words).
2025-11-28 19:40:00,638 - INFO - Duplicate article skipped: Hungary's Orban defies EU partners and meets Putin again in Moscow from BBC
2025-11-28 19:40:00,819 - INFO - [The Guardian] Article: https://www.theguardian.com/world/2025/nov/27/st-vincent-prime-minister-seeks-record-sixth-term-in-tight-election
2025-11-28 19:40:00,819 - INFO - [The Guardian] Attempt 1/1: Trying with 'requests_browser' strategy...
2025-11-28 19:40:00,919 - INFO - [The Guardian] Success with 'requests_browser'. Found content (678 words).
2025-11-28 19:40:00,954 - INFO - Duplicate article skipped: St Vincent prime minister seeks record sixth term in tight election | St Vincent and the Grenadines | The Guardian from The Guardian
2025-11-28 19:40:01,849 - INFO - [The Guardian] Article: https://www.theguardian.com/news/2025/nov/28/hong-kong-apartment-fire-response-rescue-operations-death-toll
2025-11-28 19:40:01,849 - INFO - [The Guardian] Attempt 1/1: Trying with 'requests_browser' strategy...
2025-11-28 19:40:01,948 - INFO - [The Guardian] Success with 'requests_browser'. Found content (1000 words).
2025-11-28 19:40:02,016 - INFO - Duplicate article skipped: Rescue efforts end at Hong Kong tower block fire as death toll reaches 128 | Hong Kong apartment fires | The Guardian from The Guardian
2025-11-28 19:40:02,133 - INFO - [BBC] Article: https://www.bbc.com/news/articles/c3e015p1jwvo?at_medium=RSS&at_campaign=rss
2025-11-28 19:40:02,133 - INFO - [BBC] Attempt 1/1: Trying with 'requests_browser' strategy...
2025-11-28 19:40:02,174 - INFO - [BBC] Success with 'requests_browser'. Found content (536 words).
2025-11-28 19:40:02,301 - INFO - Duplicate article skipped: Zambia's Tasila Lungu: Daughter of unburied ex-president loses MP seat from BBC
2025-11-28 19:40:02,671 - INFO - [The Guardian] Article: https://www.theguardian.com/news/2025/nov/28/hong-kong-community-groups-deliver-aid-to-survivors-of-wang-fuk-court-fire
2025-11-28 19:40:02,671 - INFO - [The Guardian] Attempt 1/1: Trying with 'requests_browser' strategy...
2025-11-28 19:40:02,824 - INFO - [The Guardian] Success with 'requests_browser'. Found content (687 words).
2025-11-28 19:40:02,993 - INFO - Duplicate article skipped: Hong Kong community groups deliver aid to survivors of Wang Fuk Court fire | Hong Kong apartment fires | The Guardian from The Guardian
2025-11-28 19:40:03,034 - INFO - [BBC] Article: https://www.bbc.com/news/articles/clyd4llgrego?at_medium=RSS&at_campaign=rss
2025-11-28 19:40:03,034 - INFO - [BBC] Attempt 1/1: Trying with 'requests_browser' strategy...
2025-11-28 19:40:03,141 - INFO - [BBC] Success with 'requests_browser'. Found content (415 words).
2025-11-28 19:40:03,764 - INFO - Duplicate article skipped: Louvre to hike ticket prices for most non-EU tourists by 45% from BBC
2025-11-28 19:40:04,102 - INFO - [The Guardian] Article: https://www.theguardian.com/world/2025/nov/28/bear-attacks-man-public-toilet-japan
2025-11-28 19:40:04,102 - INFO - [The Guardian] Attempt 1/1: Trying with 'requests_browser' strategy...
2025-11-28 19:40:04,174 - INFO - [The Guardian] Success with 'requests_browser'. Found content (373 words).
2025-11-28 19:40:04,283 - INFO - Duplicate article skipped: Bear attacks man in public toilet in Japan | Japan | The Guardian from The Guardian
2025-11-28 19:40:04,898 - INFO - [BBC] Article: https://www.bbc.com/news/articles/cwyx4y6007lo?at_medium=RSS&at_campaign=rss
2025-11-28 19:40:04,899 - INFO - [BBC] Attempt 1/1: Trying with 'requests_browser' strategy...
2025-11-28 19:40:05,027 - INFO - [BBC] Success with 'requests_browser'. Found content (891 words).
2025-11-28 19:40:05,149 - INFO - [The Guardian] Article: https://www.theguardian.com/world/2025/nov/28/china-civil-service-exam-age-limit-changed
2025-11-28 19:40:05,150 - INFO - [The Guardian] Attempt 1/1: Trying with 'requests_browser' strategy...
2025-11-28 19:40:05,164 - INFO - Duplicate article skipped: National Guard member Sarah Beckstrom dies after shooting in Washington DC from BBC
2025-11-28 19:40:05,274 - INFO - [The Hindu] Page content loaded.
2025-11-28 19:40:05,324 - INFO - [The Guardian] Success with 'requests_browser'. Found content (763 words).
2025-11-28 19:40:05,398 - INFO - Duplicate article skipped: Millions in China cram for civil service exam and the hope of a job for life | China | The Guardian from The Guardian
2025-11-28 19:40:05,787 - INFO - [BBC] Article: https://www.bbc.com/news/videos/cev8exezvw2o?at_medium=RSS&at_campaign=rss
2025-11-28 19:40:05,787 - INFO - [BBC] Attempt 1/1: Trying with 'requests_browser' strategy...
2025-11-28 19:40:05,973 - INFO - [BBC] Success with 'requests_browser'. Found content (89 words).
2025-11-28 19:40:06,096 - INFO - [The Guardian] Article: https://www.theguardian.com/world/2025/nov/28/flash-flooding-sumatra-death-toll-rises
2025-11-28 19:40:06,096 - INFO - [The Guardian] Attempt 1/1: Trying with 'requests_browser' strategy...
2025-11-28 19:40:06,285 - INFO - Duplicate article skipped: Pope Leo struggles to unveil plaque in Turkey from BBC
2025-11-28 19:40:06,290 - INFO - [The Guardian] Success with 'requests_browser'. Found content (785 words).
2025-11-28 19:40:06,411 - INFO - Duplicate article skipped: Flash flooding in Sumatra kills 69 as rescue crews search rivers for survivors | Indonesia | The Guardian from The Guardian
2025-11-28 19:40:06,632 - INFO - [The Hindu] Success with 'selenium_browser'. Found content (369 words).
2025-11-28 19:40:06,946 - INFO - [BBC] Article: https://www.bbc.com/news/articles/c0q5ww558ngo?at_medium=RSS&at_campaign=rss
2025-11-28 19:40:06,946 - INFO - [BBC] Attempt 1/1: Trying with 'requests_browser' strategy...
2025-11-28 19:40:07,195 - INFO - [BBC] Success with 'requests_browser'. Found content (442 words).
2025-11-28 19:40:07,754 - INFO - [The Guardian] Article: https://www.theguardian.com/australia-news/2025/nov/29/exclusive-gun-club-linked-to-andrew-hastie-awarded-almost-20000-in-government-grants
2025-11-28 19:40:07,754 - INFO - [The Guardian] Attempt 1/1: Trying with 'requests_browser' strategy...
2025-11-28 19:40:07,918 - INFO - [The Guardian] Success with 'requests_browser'. Found content (722 words).
2025-11-28 19:40:29,892 - INFO - Saved article: NISAR earth observation satellite enters final science operations phase - The Hindu from The Hindu
2025-11-28 19:40:29,892 - INFO - Duplicate article skipped: Peru: Two former presidents jailed in two days from BBC
2025-11-28 19:40:29,892 - INFO - Duplicate article skipped: Exclusive gun club linked to Andrew Hastie awarded almost $20,000 in government grants | Andrew Hastie | The Guardian from The Guardian
2025-11-28 19:40:30,588 - INFO - [BBC] Article: https://www.bbc.com/news/articles/c741m97lk42o?at_medium=RSS&at_campaign=rss
2025-11-28 19:40:30,588 - INFO - [BBC] Attempt 1/1: Trying with 'requests_browser' strategy...
2025-11-28 19:40:30,604 - INFO - [The Hindu] Article: https://www.thehindu.com/news/national/kerala/lakshadweep-completes-digitisation-of-sir-forms/article70335688.ece
2025-11-28 19:40:30,604 - INFO - [The Hindu] Attempt 1/1: Trying with 'selenium_browser' strategy...
2025-11-28 19:40:30,646 - INFO - [BBC] Success with 'requests_browser'. Found content (951 words).
2025-11-28 19:40:30,707 - INFO - Duplicate article skipped: Guinea-Bissau’s ousted President Umaro Sissoco Embaló flees to Senegal after coup from BBC
2025-11-28 19:40:30,956 - INFO - [The Guardian] Article: https://www.theguardian.com/australia-news/2025/nov/29/mineral-sunscreens-australia-identical-to-others
2025-11-28 19:40:30,957 - INFO - [The Guardian] Attempt 1/1: Trying with 'requests_browser' strategy...
2025-11-28 19:40:31,101 - INFO - [The Guardian] Success with 'requests_browser'. Found content (932 words).
2025-11-28 19:40:31,203 - INFO - Duplicate article skipped: ‘Mineral’ sunscreens marketed to Australians contain almost identical chemicals as others, testing shows | Consumer affairs | The Guardian from The Guardian
2025-11-28 19:40:31,318 - INFO - [BBC] Article: https://www.bbc.com/news/articles/c1w9qe7n984o?at_medium=RSS&at_campaign=rss
2025-11-28 19:40:31,318 - INFO - [BBC] Attempt 1/1: Trying with 'requests_browser' strategy...
2025-11-28 19:40:31,435 - INFO - [BBC] Success with 'requests_browser'. Found content (796 words).
2025-11-28 19:40:31,575 - INFO - Duplicate article skipped: Quebec moves to expand secularism law, limit public prayer from BBC
2025-11-28 19:40:31,994 - INFO - [The Guardian] Article: https://www.theguardian.com/australia-news/2025/nov/28/bondi-junction-stabbings-joel-cauchi-inquest-drug-use
2025-11-28 19:40:31,994 - INFO - [The Guardian] Attempt 1/1: Trying with 'requests_browser' strategy...
2025-11-28 19:40:32,155 - INFO - [The Guardian] Success with 'requests_browser'. Found content (901 words).
2025-11-28 19:40:32,229 - INFO - Duplicate article skipped: Bondi Junction stabbings: ‘10 seconds warning’ from security could have saved lives, inquest hears | Bondi Junction stabbings | The Guardian from The Guardian
2025-11-28 19:40:32,655 - INFO - [BBC] Article: https://www.bbc.com/news/articles/c8dyqzm0rp4o?at_medium=RSS&at_campaign=rss
2025-11-28 19:40:32,655 - INFO - [BBC] Attempt 1/1: Trying with 'requests_browser' strategy...
2025-11-28 19:40:32,694 - INFO - [BBC] Success with 'requests_browser'. Found content (392 words).
2025-11-28 19:40:32,722 - INFO - [The Hindu] Page content loaded.
2025-11-28 19:40:32,735 - INFO - Duplicate article skipped: West Bank: Israeli troops kill two Palestinians after they appear to surrender from BBC
2025-11-28 19:40:32,778 - INFO - [The Hindu] Success with 'selenium_browser'. Found content (136 words).
2025-11-28 19:40:33,587 - INFO - [BBC] Article: https://www.bbc.com/news/articles/cp84nl57v0lo?at_medium=RSS&at_campaign=rss
2025-11-28 19:40:33,587 - INFO - [BBC] Attempt 1/1: Trying with 'requests_browser' strategy...
2025-11-28 19:40:33,692 - INFO - [The Guardian] Article: https://www.theguardian.com/australia-news/live/2025/nov/28/australia-news-live-storms-hail-queensland-environment-laws-anthony-albanese-labor-greens-sussan-ley-coalition-ntwnfb
2025-11-28 19:40:33,692 - INFO - [The Guardian] Attempt 1/1: Trying with 'requests_browser' strategy...
2025-11-28 19:40:33,856 - INFO - [BBC] Success with 'requests_browser'. Found content (751 words).
2025-11-28 19:40:34,104 - INFO - [The Guardian] Success with 'requests_browser'. Found content (1988 words).
2025-11-28 19:40:46,904 - INFO - Saved article: Lakshadweep completes digitisation of SIR forms - The Hindu from The Hindu
2025-11-28 19:40:46,905 - INFO - Duplicate article skipped: Putin doubles down on demands for Ukrainian territory ahead of talks with US from BBC
2025-11-28 19:40:46,905 - INFO - Duplicate article skipped: Barnaby Joyce’s exit from the Nationals ‘almost a Greek tragedy’, Michael McCormack says – as it happened | Australia news | The Guardian from The Guardian
2025-11-28 19:40:47,418 - INFO - [The Hindu] Article: https://www.thehindu.com/news/national/telangana/constable-held-for-stealing-fake-rolex-watch/article70336200.ece
2025-11-28 19:40:47,418 - INFO - [The Hindu] Attempt 1/1: Trying with 'selenium_browser' strategy...
2025-11-28 19:40:47,934 - INFO - [The Guardian] Article: https://www.theguardian.com/australia-news/2025/nov/28/jai-wright-police-officer-guilty-causing-indigenous-teenager-death-ntwnfb
2025-11-28 19:40:47,934 - INFO - [The Guardian] Attempt 1/1: Trying with 'requests_browser' strategy...
2025-11-28 19:40:48,062 - INFO - [The Guardian] Success with 'requests_browser'. Found content (639 words).
2025-11-28 19:40:48,127 - INFO - Duplicate article skipped: Police sergeant found guilty of causing death of 16-year-old Indigenous teenager Jai Wright | Australian police and policing | The Guardian from The Guardian
2025-11-28 19:40:48,455 - INFO - [The Hindu] Page content loaded.
2025-11-28 19:40:48,711 - INFO - [The Hindu] Success with 'selenium_browser'. Found content (197 words).
2025-11-28 19:40:48,790 - INFO - Duplicate article skipped: Constable held for stealing fake Rolex watch - The Hindu from The Hindu
2025-11-28 19:40:49,686 - INFO - [The Hindu] Article: https://www.thehindu.com/news/cities/Coimbatore/vulture-safe-veterinary-kits-introduced-in-thengumarahada-village-in-the-nilgiris/article70333790.ece
2025-11-28 19:40:49,686 - INFO - [The Hindu] Attempt 1/1: Trying with 'selenium_browser' strategy...
2025-11-28 19:40:50,562 - INFO - [The Hindu] Page content loaded.
2025-11-28 19:40:50,811 - INFO - [The Hindu] Success with 'selenium_browser'. Found content (283 words).
2025-11-28 19:40:50,896 - INFO - Duplicate article skipped: Vulture-safe veterinary kits introduced in Thengumarahada village in the Nilgiris - The Hindu from The Hindu
2025-11-28 19:40:52,048 - INFO - [The Hindu] Article: https://www.thehindu.com/news/national/tamil-nadu/state-planning-commission-organises-csr-conclave/article70336082.ece
2025-11-28 19:40:52,048 - INFO - [The Hindu] Attempt 1/1: Trying with 'selenium_browser' strategy...
2025-11-28 19:40:53,142 - INFO - [The Hindu] Page content loaded.
2025-11-28 19:40:53,850 - INFO - [The Hindu] Success with 'selenium_browser'. Found content (110 words).
2025-11-28 19:40:53,965 - INFO - Duplicate article skipped: State Planning Commission organises CSR conclave - The Hindu from The Hindu
2025-11-28 19:40:55,216 - INFO - [The Hindu] Article: https://www.thehindu.com/news/national/kerala/rajmohan-unnithan-launches-scathing-attack-on-rahul-mamkootathil/article70335715.ece
2025-11-28 19:40:55,216 - INFO - [The Hindu] Attempt 1/1: Trying with 'selenium_browser' strategy...
2025-11-28 19:40:55,771 - INFO - [The Hindu] Page content loaded.
2025-11-28 19:40:56,012 - INFO - [The Hindu] Success with 'selenium_browser'. Found content (170 words).
2025-11-28 19:40:56,094 - INFO - Duplicate article skipped: Rajmohan Unnithan launches scathing attack on Rahul Mamkootathil - The Hindu from The Hindu
2025-11-28 19:40:57,010 - INFO - [The Hindu] Article: https://www.thehindu.com/news/national/kerala/rising-water-level-tn-starts-to-draw-more-water-from-mullaperiyar-following-kerala-request/article70336282.ece
2025-11-28 19:40:57,010 - INFO - [The Hindu] Attempt 1/1: Trying with 'selenium_browser' strategy...
2025-11-28 19:40:57,925 - INFO - [The Hindu] Page content loaded.
2025-11-28 19:40:58,007 - INFO - [The Hindu] Success with 'selenium_browser'. Found content (131 words).
2025-11-28 19:40:58,089 - INFO - Duplicate article skipped: Rising water level: T.N. starts to draw more water from Mullaperiyar following Kerala request - The Hindu from The Hindu
2025-11-28 19:40:59,008 - INFO - [The Hindu] Article: https://www.thehindu.com/news/national/court-rejects-choksis-plea-on-dropping-of-feo-charges/article70336243.ece
2025-11-28 19:40:59,008 - INFO - [The Hindu] Attempt 1/1: Trying with 'selenium_browser' strategy...
2025-11-28 19:40:59,993 - INFO - [The Hindu] Page content loaded.
2025-11-28 19:41:00,130 - INFO - [The Hindu] Success with 'selenium_browser'. Found content (346 words).
2025-11-28 19:41:00,209 - INFO - Duplicate article skipped: Court rejects Choksi’s plea on dropping of FEO charges - The Hindu from The Hindu
2025-11-28 19:41:01,664 - INFO - [The Hindu] Article: https://www.thehindu.com/news/national/kerala/kozhikode-district-school-arts-fest-city-sub-district-emerges-overall-champion/article70335888.ece
2025-11-28 19:41:01,664 - INFO - [The Hindu] Attempt 1/1: Trying with 'selenium_browser' strategy...
2025-11-28 19:41:02,512 - INFO - [The Hindu] Page content loaded.
2025-11-28 19:41:02,678 - INFO - [The Hindu] Success with 'selenium_browser'. Found content (216 words).
2025-11-28 19:41:02,758 - INFO - Duplicate article skipped: Kozhikode district school arts fest: city sub-district emerges overall champion - The Hindu from The Hindu
2025-11-28 19:41:03,337 - INFO - [The Hindu] Article: https://www.thehindu.com/news/national/tamil-nadu/farmer-arrested-for-growing-ganja-plants-in-farmland-near-gudiyatham-in-vellore/article70334986.ece
2025-11-28 19:41:03,337 - INFO - [The Hindu] Attempt 1/1: Trying with 'selenium_browser' strategy...
2025-11-28 19:41:04,721 - INFO - [The Hindu] Page content loaded.
2025-11-28 19:41:04,807 - INFO - [The Hindu] Success with 'selenium_browser'. Found content (210 words).
2025-11-28 19:41:04,894 - INFO - Duplicate article skipped: Farmer arrested for growing ganja plants in farmland near Gudiyatham in Vellore - The Hindu from The Hindu
2025-11-28 19:41:05,704 - INFO - [The Hindu] Article: https://www.thehindu.com/news/national/kerala/vacb-trapped-68-public-servants-on-graft-charges-this-year/article70336263.ece
2025-11-28 19:41:05,704 - INFO - [The Hindu] Attempt 1/1: Trying with 'selenium_browser' strategy...
2025-11-28 19:41:06,458 - INFO - [The Hindu] Page content loaded.
2025-11-28 19:41:06,590 - INFO - [The Hindu] Success with 'selenium_browser'. Found content (279 words).
2025-11-28 19:41:06,659 - INFO - Duplicate article skipped: VACB trapped 68 public servants on graft charges this year - The Hindu from The Hindu
2025-11-28 19:41:08,108 - INFO - [The Hindu] Article: https://www.thehindu.com/news/cities/Hyderabad/seminar-on-indias-footwear-heritage-inaugurated/article70335994.ece
2025-11-28 19:41:08,108 - INFO - [The Hindu] Attempt 1/1: Trying with 'selenium_browser' strategy...
2025-11-28 19:41:09,051 - INFO - [The Hindu] Page content loaded.
2025-11-28 19:41:09,095 - INFO - [The Hindu] Success with 'selenium_browser'. Found content (173 words).
2025-11-28 19:41:09,165 - INFO - Duplicate article skipped: Seminar on India’s footwear heritage inaugurated - The Hindu from The Hindu
2025-11-28 19:41:10,428 - INFO - [The Hindu] Article: https://www.thehindu.com/news/national/maharashtra/bombay-high-court-upholds-maharashtra-caste-verification-law-for-central-government-employees/article70335546.ece
2025-11-28 19:41:10,428 - INFO - [The Hindu] Attempt 1/1: Trying with 'selenium_browser' strategy...
2025-11-28 19:41:11,308 - INFO - [The Hindu] Page content loaded.
2025-11-28 19:41:11,391 - INFO - [The Hindu] Success with 'selenium_browser'. Found content (570 words).
2025-11-28 19:41:11,466 - INFO - Duplicate article skipped: Bombay High Court upholds Maharashtra caste verification law for central government employees - The Hindu from The Hindu
2025-11-28 19:41:12,627 - INFO - [The Hindu] Article: https://www.thehindu.com/news/national/karnataka/bengalurus-air-cleanest-among-indian-metros-but-still-not-safe/article70336163.ece
2025-11-28 19:41:12,627 - INFO - [The Hindu] Attempt 1/1: Trying with 'selenium_browser' strategy...
2025-11-28 19:41:13,331 - INFO - [The Hindu] Page content loaded.
2025-11-28 19:41:13,495 - INFO - [The Hindu] Success with 'selenium_browser'. Found content (352 words).
2025-11-28 19:41:13,586 - INFO - Duplicate article skipped: Bengaluru’s air cleanest among Indian metros, but still not ‘safe’ - The Hindu from The Hindu
2025-11-28 19:41:14,279 - INFO - [The Hindu] Article: https://www.thehindu.com/news/national/amit-shah-inaugurates-three-day-dgpigp-conference-in-raipur/article70336112.ece
2025-11-28 19:41:14,279 - INFO - [The Hindu] Attempt 1/1: Trying with 'selenium_browser' strategy...
2025-11-28 19:41:14,969 - INFO - [The Hindu] Page content loaded.
2025-11-28 19:41:15,040 - INFO - [The Hindu] Success with 'selenium_browser'. Found content (365 words).
2025-11-28 19:41:15,134 - INFO - Duplicate article skipped: Amit Shah inaugurates three-day DGP/IGP Conference in Raipur - The Hindu from The Hindu
2025-11-28 19:41:16,060 - INFO - [The Hindu] Article: https://www.thehindu.com/news/national/karnataka/congress-will-never-make-a-dalit-chief-minister-says-govind-karjol/article70335735.ece
2025-11-28 19:41:16,060 - INFO - [The Hindu] Attempt 1/1: Trying with 'selenium_browser' strategy...
2025-11-28 19:41:17,294 - INFO - [The Hindu] Page content loaded.
2025-11-28 19:41:17,638 - INFO - [The Hindu] Success with 'selenium_browser'. Found content (259 words).
2025-11-28 19:41:17,836 - INFO - Duplicate article skipped: Congress will never make a Dalit Chief Minister, says Govind Karjol - The Hindu from The Hindu
2025-11-28 19:41:18,606 - INFO - [The Hindu] Article: https://www.thehindu.com/news/national/andhra-pradesh/sit-arrests-ttd-procurement-officer-in-ghee-case/article70331505.ece
2025-11-28 19:41:18,606 - INFO - [The Hindu] Attempt 1/1: Trying with 'selenium_browser' strategy...
2025-11-28 19:41:19,434 - INFO - [The Hindu] Page content loaded.
2025-11-28 19:41:19,505 - INFO - [The Hindu] Success with 'selenium_browser'. Found content (98 words).
2025-11-28 19:41:19,610 - INFO - Duplicate article skipped: SIT arrests TTD procurement officer in ghee case - The Hindu from The Hindu
2025-11-28 19:41:20,568 - INFO - [The Hindu] Article: https://www.thehindu.com/news/national/congress-entangled-in-own-struggles-its-workers-questioning-gandhi-vadra-leadership-bjp/article70335915.ece
2025-11-28 19:41:20,568 - INFO - [The Hindu] Attempt 1/1: Trying with 'selenium_browser' strategy...
2025-11-28 19:41:21,354 - INFO - [The Hindu] Page content loaded.
2025-11-28 19:41:21,426 - INFO - [The Hindu] Success with 'selenium_browser'. Found content (189 words).
2025-11-28 19:41:21,508 - INFO - Duplicate article skipped: Congress entangled in own struggles, its workers questioning Gandhi-Vadra leadership: BJP - The Hindu from The Hindu
2025-11-28 19:41:22,879 - INFO - [The Hindu] Article: https://www.thehindu.com/news/national/karnataka/karnataka-high-court-stays-for-now-cutting-of-more-trees-on-lands-allotted-to-various-institutions-within-jnana-bharathi-campus-of-bu/article70335082.ece
2025-11-28 19:41:22,879 - INFO - [The Hindu] Attempt 1/1: Trying with 'selenium_browser' strategy...
2025-11-28 19:41:23,606 - INFO - [The Hindu] Page content loaded.
2025-11-28 19:41:23,860 - INFO - [The Hindu] Success with 'selenium_browser'. Found content (293 words).
2025-11-28 19:41:23,958 - INFO - Duplicate article skipped: Karnataka High Court stays for now cutting of more trees on lands allotted to various institutions within Jnana Bharathi campus of BU - The Hindu from The Hindu
2025-11-28 19:41:24,688 - INFO - [The Hindu] Article: https://www.thehindu.com/news/national/kerala/traffic-curbs-in-city-special-parking-arrangements-for-navy-day-celebrations/article70336073.ece
2025-11-28 19:41:24,688 - INFO - [The Hindu] Attempt 1/1: Trying with 'selenium_browser' strategy...
2025-11-28 19:41:25,406 - INFO - [The Hindu] Page content loaded.
2025-11-28 19:41:25,675 - INFO - [The Hindu] Success with 'selenium_browser'. Found content (387 words).
2025-11-28 19:41:25,758 - INFO - Duplicate article skipped: Traffic curbs in city, special parking arrangements for Navy Day celebrations - The Hindu from The Hindu
2025-11-28 19:41:26,626 - INFO - [The Hindu] (Thread) Finished. Attempting to shut down its Selenium driver.
2025-11-28 19:41:26,809 - INFO - [The Hindu] (Thread) driver.quit() successful.
2025-11-28 19:41:59,994 - ERROR - [Times of India] Request failed for strategy 'selenium_browser' on URL https://timesofindia.indiatimes.com/world/us/from-blacks-target-whites-for-fun-to-all-swifties-want-is-abortion-10-quotes-by-charlie-kirk-that-people-wont-forget/articleshow/125645532.cms: HTTPConnectionPool(host='localhost', port=55613): Read timed out. (read timeout=120)
2025-11-28 19:41:59,994 - ERROR - [Times of India] All scrape strategies failed for https://timesofindia.indiatimes.com/world/us/from-blacks-target-whites-for-fun-to-all-swifties-want-is-abortion-10-quotes-by-charlie-kirk-that-people-wont-forget/articleshow/125645532.cms. Falling back to RSS description.
2025-11-28 19:42:11,355 - INFO - Saved article: From 'Blacks target Whites for fun' to 'all Swifties want is abortion' — 10 quotes by Charlie Kirk that people won't forget from Times of India
2025-11-28 19:42:12,349 - INFO - [Times of India] Article: https://timesofindia.indiatimes.com/world/us/social-media-reacts-to-donald-and-barron-trump-at-mar-a-lago-in-viral-video-now-you-know-why-he-wants-a-taller-ballroom/articleshow/125645038.cms
2025-11-28 19:42:12,349 - INFO - [Times of India] Attempt 1/1: Trying with 'selenium_browser' strategy...
2025-11-28 19:44:12,445 - ERROR - [Times of India] Request failed for strategy 'selenium_browser' on URL https://timesofindia.indiatimes.com/world/us/social-media-reacts-to-donald-and-barron-trump-at-mar-a-lago-in-viral-video-now-you-know-why-he-wants-a-taller-ballroom/articleshow/125645038.cms: HTTPConnectionPool(host='localhost', port=55613): Read timed out. (read timeout=120)
2025-11-28 19:44:12,445 - ERROR - [Times of India] All scrape strategies failed for https://timesofindia.indiatimes.com/world/us/social-media-reacts-to-donald-and-barron-trump-at-mar-a-lago-in-viral-video-now-you-know-why-he-wants-a-taller-ballroom/articleshow/125645038.cms. Falling back to RSS description.
2025-11-28 19:44:12,446 - INFO - Duplicate article skipped: Social media reacts to Donald and Barron Trump at Mar-a-Lago in viral video: ‘Now you know why he wants a taller ballroom’ from Times of India
2025-11-28 19:44:13,722 - INFO - [Times of India] Article: https://timesofindia.indiatimes.com/world/us/stop-sending-millions-of-dollars-to-ex-afghanistan-vp-makes-3-requests-to-trump-govt-after-dc-shooting/articleshow/125644559.cms
2025-11-28 19:44:13,722 - INFO - [Times of India] Attempt 1/1: Trying with 'selenium_browser' strategy...
2025-11-28 19:44:49,070 - CRITICAL - --- TIMEOUT: 1 scrape jobs did not complete in 300s. ---
2025-11-28 19:44:49,070 - ERROR - A thread has timed out and will be abandoned.
2025-11-28 19:44:49,070 - INFO - Shutting down thread pool (wait=False)...
2025-11-28 19:44:49,070 - INFO - Scraped: 0 BBC, 0 The Guardian, 2 The Hindu, 1 Timed_Out_Jobs articles. (Total saved: 2)
2025-11-28 19:44:49,071 - INFO - --- Scraping job finished ---
2025-11-28 19:44:49,071 - INFO - --- Scraper service stopped and database connection closed. ---
2025-11-28 19:44:49,071 - INFO - --- Main thread finished. Forcing process exit to kill zombie threads. ---
