2025-12-27 19:17:37,150 - INFO - Loading AI Semantic Model (all-MiniLM-L6-v2)...
2025-12-27 19:17:37,150 - INFO - Use pytorch device_name: cpu
2025-12-27 19:17:37,151 - INFO - Load pretrained SentenceTransformer: all-MiniLM-L6-v2
2025-12-27 19:17:37,589 - INFO - AI Model loaded successfully.
2025-12-27 19:17:37,590 - INFO - --- Scraper service started (CI Mode: Run Once) ---
2025-12-27 19:17:37,590 - INFO - --- Starting new scraping job (Parallel Mode) ---
2025-12-27 19:17:37,590 - INFO - Creating new robust session with 3 retries on 5xx/connection/read errors.
2025-12-27 19:17:37,590 - INFO - Proxy is DISABLED.
2025-12-27 19:17:37,590 - INFO - Starting scrape for BBC RSS feed: http://feeds.bbci.co.uk/news/world/rss.xml
2025-12-27 19:17:37,592 - INFO - [Times of India] (Thread) requires Selenium. Initializing driver...
2025-12-27 19:17:37,592 - INFO - Starting scrape for The Guardian RSS feed: https://www.theguardian.com/world/rss
2025-12-27 19:17:37,593 - INFO - [The Hindu] (Thread) requires Selenium. Initializing driver...
2025-12-27 19:17:37,593 - INFO - Submitted 4 jobs to thread pool. Waiting up to 300s for completion...
2025-12-27 19:17:37,778 - INFO - Found 45 articles in The Guardian RSS feed. Processing up to 30.
2025-12-27 19:17:37,779 - INFO - [The Guardian] Early skip: URL https://www.theguardian.com/world/2025/dec/27/guinea-junta-leader-mamady-doumbouya-frontrunner-president-election already exists.
2025-12-27 19:17:37,889 - INFO - Found 27 articles in BBC RSS feed. Processing up to 30.
2025-12-27 19:17:37,905 - INFO - [BBC] Early skip: URL https://www.bbc.com/news/articles/c1dzvpg1341o?at_medium=RSS&at_campaign=rss already exists.
2025-12-27 19:17:38,060 - INFO - [The Guardian] Early skip: URL https://www.theguardian.com/world/2025/dec/26/israel-first-country-to-recognise-somaliland-sovereign-state already exists.
2025-12-27 19:17:38,341 - INFO - [BBC] Early skip: URL https://www.bbc.com/news/articles/c0q5je8048xo?at_medium=RSS&at_campaign=rss already exists.
2025-12-27 19:17:38,619 - INFO - [The Guardian] Early skip: URL https://www.theguardian.com/world/2025/dec/26/british-egyptian-activist-alaa-abd-el-fattah-arrives-in-uk-after-travel-ban-lifted already exists.
2025-12-27 19:17:38,901 - INFO - [BBC] Early skip: URL https://www.bbc.com/news/articles/c0je0l55zq3o?at_medium=RSS&at_campaign=rss already exists.
2025-12-27 19:17:39,116 - INFO - [The Guardian] Early skip: URL https://www.theguardian.com/us-news/2025/dec/26/trump-supporters-nigeria-airstrikes already exists.
2025-12-27 19:17:39,323 - INFO - [BBC] Early skip: URL https://www.bbc.com/news/articles/cqxq59np394o?at_medium=RSS&at_campaign=rss already exists.
2025-12-27 19:17:39,619 - INFO - [The Guardian] Early skip: URL https://www.theguardian.com/us-news/live/2025/dec/26/us-nigeria-strikes-militants-donald-trump-zelenskyy-ukraine-epstein-us-politics-latest-news-updates already exists.
2025-12-27 19:17:39,907 - INFO - [BBC] Early skip: URL https://www.bbc.com/news/articles/cwyxller1j5o?at_medium=RSS&at_campaign=rss already exists.
2025-12-27 19:17:40,096 - INFO - [The Guardian] Early skip: URL https://www.theguardian.com/world/2025/dec/26/venezuela-political-prisoner-release already exists.
2025-12-27 19:17:40,364 - INFO - [BBC] Early skip: URL https://www.bbc.com/news/articles/cj69j8l918do?at_medium=RSS&at_campaign=rss already exists.
2025-12-27 19:17:40,533 - INFO - [The Guardian] Early skip: URL https://www.theguardian.com/world/2025/dec/26/weather-tracker-deep-freeze-canada-us-records-warmest-christmas already exists.
2025-12-27 19:17:40,788 - INFO - [BBC] Early skip: URL https://www.bbc.com/news/articles/c23ejnge95jo?at_medium=RSS&at_campaign=rss already exists.
2025-12-27 19:17:41,060 - INFO - [The Guardian] Early skip: URL https://www.theguardian.com/environment/2025/dec/25/they-are-scared-of-us-now-how-one-tropical-forest-turned-the-tide-on-loggers already exists.
2025-12-27 19:17:41,165 - INFO - [BBC] Early skip: URL https://www.bbc.com/news/articles/c157e9dddwwo?at_medium=RSS&at_campaign=rss already exists.
2025-12-27 19:17:41,323 - INFO - [The Guardian] Early skip: URL https://www.theguardian.com/world/2025/dec/25/cape-froward-new-national-park-patagonia-chile already exists.
2025-12-27 19:17:41,473 - INFO - [BBC] Early skip: URL https://www.bbc.com/news/articles/c9d9znp22pyo?at_medium=RSS&at_campaign=rss already exists.
2025-12-27 19:17:41,628 - INFO - [The Guardian] Early skip: URL https://www.theguardian.com/world/2025/dec/24/honduras-nasry-tito-asfura-declared-president-donald-trump-backed already exists.
2025-12-27 19:17:41,810 - INFO - [BBC] Early skip: URL https://www.bbc.com/news/articles/cx25387dj8no?at_medium=RSS&at_campaign=rss already exists.
2025-12-27 19:17:42,014 - INFO - [The Guardian] Early skip: URL https://www.theguardian.com/world/2025/dec/27/thailand-and-cambodia-agree-immediate-ceasefire-after-weeks-of-deadly-border-clashes already exists.
2025-12-27 19:17:42,299 - INFO - [BBC] Early skip: URL https://www.bbc.com/news/articles/c4g417md05go?at_medium=RSS&at_campaign=rss already exists.
2025-12-27 19:17:42,559 - INFO - [The Guardian] Early skip: URL https://www.theguardian.com/world/2025/dec/26/former-malaysian-pm-najib-razak-found-guilty-of-abuse-of-power-in-latest-1mdb-trial already exists.
2025-12-27 19:17:42,738 - INFO - [BBC] Early skip: URL https://www.bbc.com/news/articles/crk7y27vp1eo?at_medium=RSS&at_campaign=rss already exists.
2025-12-27 19:17:42,895 - INFO - [The Guardian] Early skip: URL https://www.theguardian.com/world/2025/dec/26/china-imposes-sanctions-on-us-defence-firms-over-taiwan-arms-deal already exists.
2025-12-27 19:17:43,082 - INFO - [BBC] Early skip: URL https://www.bbc.com/news/articles/cx276v1yvryo?at_medium=RSS&at_campaign=rss already exists.
2025-12-27 19:17:43,183 - INFO - [The Guardian] Early skip: URL https://www.theguardian.com/world/2025/dec/26/cambodia-accuses-thailand-of-launching-strikes-during-border-peace-talks already exists.
2025-12-27 19:17:43,364 - INFO - [BBC] Early skip: URL https://www.bbc.com/news/articles/cpwk9grv290o?at_medium=RSS&at_campaign=rss already exists.
2025-12-27 19:17:43,516 - INFO - [The Guardian] Early skip: URL https://www.theguardian.com/world/2025/dec/26/japan-defence-budget-china already exists.
2025-12-27 19:17:43,762 - INFO - [BBC] Early skip: URL https://www.bbc.com/news/articles/ce3wyplnev1o?at_medium=RSS&at_campaign=rss already exists.
2025-12-27 19:17:44,025 - INFO - [The Guardian] Early skip: URL https://www.theguardian.com/australia-news/2025/dec/27/wa-bushfire-downgraded-while-queensland-and-nt-brace-for-monsoonal-rain-and-flooding already exists.
2025-12-27 19:17:44,264 - INFO - [BBC] Early skip: URL https://www.bbc.com/news/articles/c623rvzjjd2o?at_medium=RSS&at_campaign=rss already exists.
2025-12-27 19:17:44,490 - INFO - [The Guardian] Early skip: URL https://www.theguardian.com/australia-news/2025/dec/27/call-for-citizen-scientists-to-monitor-threatened-turtle-species-on-nsw-beaches already exists.
2025-12-27 19:17:44,657 - INFO - [BBC] Early skip: URL https://www.bbc.com/news/articles/cd6x75x4j02o?at_medium=RSS&at_campaign=rss already exists.
2025-12-27 19:17:44,913 - INFO - [The Guardian] Early skip: URL https://www.theguardian.com/australia-news/2025/dec/26/paddle-boarders-rescued-port-phillip-bay-melbourne already exists.
2025-12-27 19:17:45,135 - INFO - [BBC] Early skip: URL https://www.bbc.com/news/articles/ce8nep787pyo?at_medium=RSS&at_campaign=rss already exists.
2025-12-27 19:17:45,325 - INFO - [The Guardian] Early skip: URL https://www.theguardian.com/australia-news/2025/dec/26/victoria-police-happy-chanukah-car-fire-st-kilda-melbourne-ntwnfb already exists.
2025-12-27 19:17:45,586 - INFO - [BBC] Early skip: URL https://www.bbc.com/news/articles/c5yj4yvx80do?at_medium=RSS&at_campaign=rss already exists.
2025-12-27 19:17:45,688 - INFO - [The Guardian] Early skip: URL https://www.theguardian.com/australia-news/2025/dec/26/homes-threatened-as-bushfire-rages-south-east-of-perth-and-storms-hit-queensland-and-northern-territory already exists.
2025-12-27 19:17:45,914 - INFO - [BBC] Early skip: URL https://www.bbc.com/news/articles/clyd12d38jgo?at_medium=RSS&at_campaign=rss already exists.
2025-12-27 19:17:46,103 - INFO - [The Guardian] Early skip: URL https://www.theguardian.com/world/2025/dec/27/zelenskyy-to-meet-european-leaders-and-trump-for-ukraine-peace-talks-amid-fresh-strikes-on-kyiv already exists.
2025-12-27 19:17:46,396 - INFO - [BBC] Early skip: URL https://www.bbc.com/news/articles/cvg1361d32ro?at_medium=RSS&at_campaign=rss already exists.
2025-12-27 19:17:46,512 - INFO - [The Guardian] Early skip: URL https://www.theguardian.com/world/2025/dec/27/poland-anti-drone-fortifications-eastern-borders-cezary-tomczyk already exists.
2025-12-27 19:17:46,667 - INFO - [BBC] Article: https://www.bbc.com/news/videos/cn4dexwzejeo?at_medium=RSS&at_campaign=rss
2025-12-27 19:17:46,667 - INFO - [BBC] Attempt 1/1: Trying with 'requests_browser' strategy...
2025-12-27 19:17:46,668 - INFO - [The Guardian] Early skip: URL https://www.theguardian.com/world/2025/dec/26/zelenskyy-to-meet-trump-in-coming-days-as-us-steps-up-push-for-ukraine-peace-deal already exists.
2025-12-27 19:17:46,746 - INFO - Selenium driver initialized successfully.
2025-12-27 19:17:46,747 - INFO - Selenium driver initialized successfully.
2025-12-27 19:17:46,747 - INFO - Starting scrape for The Hindu RSS feed: https://www.thehindu.com/news/national/feeder/default.rss
2025-12-27 19:17:46,747 - INFO - Starting scrape for Times of India RSS feed: https://timesofindia.indiatimes.com/rssfeeds/296589292.cms
2025-12-27 19:17:46,833 - WARNING - [BBC] FAILED with 'requests_browser' (content was too short: 59 words).
2025-12-27 19:17:46,833 - ERROR - [BBC] All scrape strategies failed for https://www.bbc.com/news/videos/cn4dexwzejeo?at_medium=RSS&at_campaign=rss. Falling back to RSS description.
2025-12-27 19:17:46,833 - WARNING - SKIPPED (GLOBAL WORD LIMIT): Article 'Watch: Meteor lights up sky over Japan's Mount Fuji' from BBC has only 14 words (Min: 90).
2025-12-27 19:17:46,904 - INFO - [The Guardian] Early skip: URL https://www.theguardian.com/world/2025/dec/26/russia-selling-personal-data-leaks-probiv-ukraine-spies already exists.
2025-12-27 19:17:46,912 - INFO - Found 100 articles in The Hindu RSS feed. Processing up to 30.
2025-12-27 19:17:46,991 - INFO - Found 20 articles in Times of India RSS feed. Processing up to 30.
2025-12-27 19:17:47,079 - INFO - [The Hindu] Article: https://www.thehindu.com/news/national/madhya-pradesh/mp-congress-media-head-quits-amid-discontent-rumours-party-declines-resignation/article70444063.ece
2025-12-27 19:17:47,079 - INFO - [The Hindu] Attempt 1/1: Trying with 'selenium_browser' strategy...
2025-12-27 19:17:47,080 - INFO - [Times of India] Early skip: URL https://timesofindia.indiatimes.com/world/rest-of-world/we-are-canadian-citizens-paid-taxes-fundraiser-for-indian-origin-man-who-died-in-canada-waiting-at-er-seeks-justice/articleshow/126208143.cms already exists.
2025-12-27 19:17:47,255 - INFO - [The Guardian] Early skip: URL https://www.theguardian.com/us-news/2025/dec/26/brown-shooting-suspect-gruelling-academic-climate-claudio-valente-mental-toll-ex-classmates already exists.
2025-12-27 19:17:47,449 - INFO - [Times of India] Early skip: URL https://timesofindia.indiatimes.com/world/us/meet-jayshree-ullal-indian-origin-billionaire-at-the-top-of-huruns-rich-list/articleshow/126206287.cms already exists.
2025-12-27 19:17:47,720 - INFO - [The Guardian] Early skip: URL https://www.theguardian.com/world/2025/dec/26/palestinian-man-kills-two-in-northern-israel-car-ramming-and-stabbing-attack-police-say already exists.
2025-12-27 19:17:47,833 - INFO - [BBC] Early skip: URL https://www.bbc.com/news/videos/clyx049x0z7o?at_medium=RSS&at_campaign=rss already exists.
2025-12-27 19:17:48,099 - INFO - [Times of India] Early skip: URL https://timesofindia.indiatimes.com/world/us/mora-namdars-net-worth-education-and-love-life-what-to-know-about-trumps-new-secretary-for-consular-affairs/articleshow/126207381.cms already exists.
2025-12-27 19:17:48,378 - INFO - [The Guardian] Early skip: URL https://www.theguardian.com/world/2025/dec/26/southern-separatists-on-rise-in-yemen-report-saudi-airstrikes-near-positions already exists.
2025-12-27 19:17:48,499 - INFO - [BBC] Early skip: URL https://www.bbc.com/news/videos/cqxqvd0z5gno?at_medium=RSS&at_campaign=rss already exists.
2025-12-27 19:17:48,695 - INFO - [Times of India] Early skip: URL https://timesofindia.indiatimes.com/web-series/news/english/why-will-byers-gay-confession-has-maga-viewers-fuming-and-stranger-things-fans-split/articleshow/126203089.cms already exists.
2025-12-27 19:17:48,978 - INFO - [The Guardian] Early skip: URL https://www.theguardian.com/world/2025/dec/24/israel-condemned-approval-19-settlements-occupied-west-bank already exists.
2025-12-27 19:17:49,252 - INFO - [BBC] Article: https://www.bbc.com/news/videos/c30j52jrp84o?at_medium=RSS&at_campaign=rss
2025-12-27 19:17:49,252 - INFO - [BBC] Attempt 1/1: Trying with 'requests_browser' strategy...
2025-12-27 19:17:49,254 - INFO - [Times of India] Early skip: URL https://timesofindia.indiatimes.com/world/us/cant-be-stranded-in-your-country-nikki-haleys-son-on-h-1b-visa-delay-says-india-raising-issue-with-us-only-for-remittance-money/articleshow/126207152.cms already exists.
2025-12-27 19:17:49,318 - WARNING - [BBC] FAILED with 'requests_browser' (content was too short: 84 words).
2025-12-27 19:17:49,319 - ERROR - [BBC] All scrape strategies failed for https://www.bbc.com/news/videos/c30j52jrp84o?at_medium=RSS&at_campaign=rss. Falling back to RSS description.
2025-12-27 19:17:49,319 - WARNING - SKIPPED (GLOBAL WORD LIMIT): Article 'Watch: Moment robbers rip ATM from inside Texas store' from BBC has only 10 words (Min: 90).
2025-12-27 19:17:49,491 - INFO - [The Guardian] Early skip: URL https://www.theguardian.com/world/2025/dec/24/israel-strikes-southern-lebanon-as-deadline-to-disarm-hezbollah-nears already exists.
2025-12-27 19:17:49,637 - INFO - [Times of India] Early skip: URL https://timesofindia.indiatimes.com/world/us-streamers/why-is-adin-ross-claiming-hasan-hasanabi-piker-killed-his-own-pet-dog-kick-streamers-livestream-allegations-go-viral/articleshow/126204602.cms already exists.
2025-12-27 19:17:49,872 - INFO - [Times of India] Early skip: URL https://timesofindia.indiatimes.com/world/us-streamers/clavicular-breaks-silence-with-self-defense-claim-following-disturbing-cybertruck-livestream-moment/articleshow/126180932.cms already exists.
2025-12-27 19:17:49,941 - INFO - [The Hindu] Page content loaded.
2025-12-27 19:17:50,013 - INFO - [The Hindu] Success with 'selenium_browser'. Found content (471 words).
2025-12-27 19:17:50,106 - INFO - [The Guardian] Early skip: URL https://www.theguardian.com/uk-news/2025/dec/22/families-of-palestine-action-hunger-strikers-seek-urgent-meeting-with-lammy already exists.
2025-12-27 19:18:03,436 - INFO - Saved article: M.P. Congress media head quits amid discontent rumours; party declines resignation - The Hindu from The Hindu (471 words)
2025-12-27 19:18:03,437 - INFO - [Times of India] Early skip: URL https://timesofindia.indiatimes.com/world/us-streamers/i-was-selfish-ellum-breaks-his-silence-following-captain-puffys-allegations-revealing-how-their-relationship-changed-him/articleshow/126205863.cms already exists.
2025-12-27 19:18:03,589 - INFO - [BBC] Article: https://www.bbc.com/news/videos/c8dy3772m1lo?at_medium=RSS&at_campaign=rss
2025-12-27 19:18:03,589 - INFO - [BBC] Attempt 1/1: Trying with 'requests_browser' strategy...
2025-12-27 19:18:03,590 - INFO - [Times of India] Early skip: URL https://timesofindia.indiatimes.com/world/us/viveks-hindu-religion-has-nothing-to-do-ramaswamys-challenger-says-indian-origin-leader-spent-his-life-creating-culture-wars/articleshow/126206364.cms already exists.
2025-12-27 19:18:03,652 - WARNING - [BBC] FAILED with 'requests_browser' (content was too short: 59 words).
2025-12-27 19:18:03,652 - ERROR - [BBC] All scrape strategies failed for https://www.bbc.com/news/videos/c8dy3772m1lo?at_medium=RSS&at_campaign=rss. Falling back to RSS description.
2025-12-27 19:18:03,652 - WARNING - SKIPPED (GLOBAL WORD LIMIT): Article 'Ho Ho No! Santa pulled over for speeding in Ohio  ' from BBC has only 20 words (Min: 90).
2025-12-27 19:18:03,826 - INFO - [Times of India] Early skip: URL https://timesofindia.indiatimes.com/world/us/32000-jobs-offshored-influencers-claim-h-1b-visa-crackdown-backfired-jobs-went-to-india-owing-to-100000-fee/articleshow/126205982.cms already exists.
2025-12-27 19:18:03,994 - INFO - [Times of India] Early skip: URL https://timesofindia.indiatimes.com/world/us/melodee-buzzard-murder-case-how-a-couples-photos-led-police-to-arrest-mother-in-childs-killing/articleshow/126205430.cms already exists.
2025-12-27 19:18:04,287 - INFO - [BBC] Article: https://www.bbc.com/news/videos/clydk6vd4rzo?at_medium=RSS&at_campaign=rss
2025-12-27 19:18:04,287 - INFO - [BBC] Attempt 1/1: Trying with 'requests_browser' strategy...
2025-12-27 19:18:04,288 - INFO - [Times of India] Early skip: URL https://timesofindia.indiatimes.com/world/rest-of-world/fighting-forest-fires-with-garden-hose-canada-physician-says-duty-doctors-should-not-be-blamed-for-death-of-indian-origin-man/articleshow/126205471.cms already exists.
2025-12-27 19:18:04,343 - WARNING - [BBC] FAILED with 'requests_browser' (content was too short: 73 words).
2025-12-27 19:18:04,343 - ERROR - [BBC] All scrape strategies failed for https://www.bbc.com/news/videos/clydk6vd4rzo?at_medium=RSS&at_campaign=rss. Falling back to RSS description.
2025-12-27 19:18:04,343 - WARNING - SKIPPED (GLOBAL WORD LIMIT): Article 'Watch: Huge fireball as tanker explodes on Italian motorway' from BBC has only 21 words (Min: 90).
2025-12-27 19:18:04,526 - INFO - [Times of India] Early skip: URL https://timesofindia.indiatimes.com/world/us/after-more-than-20-years-of-failed-attempts-kash-patel-announces-shutting-down-fbis-hoover-building/articleshow/126205153.cms already exists.
2025-12-27 19:18:04,679 - INFO - [Times of India] Early skip: URL https://timesofindia.indiatimes.com/world/rest-of-world/jail-for-maybe-up-to-3-years-canadian-journalist-on-murders-of-two-indians-in-toronto-within-a-week/articleshow/126204801.cms already exists.
2025-12-27 19:18:04,845 - INFO - [The Hindu] Article: https://www.thehindu.com/news/national/sc-special-bench-to-hear-suo-motu-case-on-definition-of-aravalis/article70444386.ece
2025-12-27 19:18:04,845 - INFO - [The Hindu] Attempt 1/1: Trying with 'selenium_browser' strategy...
2025-12-27 19:18:04,846 - INFO - [Times of India] Early skip: URL https://timesofindia.indiatimes.com/business/india-business/how-indias-economy-defied-odds-in-2025-but-external-shocks-left-a-mark/articleshow/126203842.cms already exists.
2025-12-27 19:18:05,042 - INFO - [Times of India] Early skip: URL https://timesofindia.indiatimes.com/world/us-streamers/asmongold-questions-twitchs-moderation-fairness-towards-black-people-after-nina-lins-return-and-rakais-ban/articleshow/126204558.cms already exists.
2025-12-27 19:18:05,247 - INFO - [Times of India] Early skip: URL https://timesofindia.indiatimes.com/world/no-clue-h-1b-visa-holder-travels-to-india-on-november-2-visa-revoked-on-december-15/articleshow/126204421.cms already exists.
2025-12-27 19:18:05,435 - INFO - [Times of India] Early skip: URL https://timesofindia.indiatimes.com/world/us/mora-namdar-religion-the-most-googled-questions-about-trumps-new-visa-czar/articleshow/126203986.cms already exists.
2025-12-27 19:18:05,727 - INFO - [Times of India] Early skip: URL https://timesofindia.indiatimes.com/world/middle-east/abu-dhabi-launches-hawaqm-to-monitor-indoor-air-quality-in-real-time/articleshow/126204069.cms already exists.
2025-12-27 19:18:05,998 - INFO - [Times of India] Early skip: URL https://timesofindia.indiatimes.com/world/us/winter-storm-grips-us-snow-and-ice-disrupt-holiday-travel-in-northeast-flights-canceled/articleshow/126203705.cms already exists.
2025-12-27 19:18:06,239 - INFO - [Times of India] (Thread) Finished. Attempting to shut down its Selenium driver.
2025-12-27 19:18:06,308 - INFO - [Times of India] (Thread) driver.quit() successful.
2025-12-27 19:18:06,673 - INFO - [The Hindu] Page content loaded.
2025-12-27 19:18:06,722 - INFO - [The Hindu] Success with 'selenium_browser'. Found content (360 words).
2025-12-27 19:18:19,665 - INFO - Saved article: SC special bench to hear suo motu case on ‘definition’ of Aravalli - The Hindu from The Hindu (360 words)
2025-12-27 19:18:20,959 - INFO - [The Hindu] Early skip: URL https://www.thehindu.com/news/national/two-killed-as-bjp-youth-wing-leader-crashes-car-into-people-in-morena-district-in-madhya-pradesh/article70444425.ece already exists.
2025-12-27 19:18:21,221 - INFO - [The Hindu] Early skip: URL https://www.thehindu.com/news/cities/Hyderabad/sikh-community-commemorates-guru-gobind-singhs-359th-prakash-utsav-in-telangana/article70444095.ece already exists.
2025-12-27 19:18:21,393 - INFO - [The Hindu] Early skip: URL https://www.thehindu.com/news/national/bihar/bihar-bjp-president-saraogi-meets-shah-and-nadda-in-delhi/article70444105.ece already exists.
2025-12-27 19:18:21,610 - INFO - [The Hindu] Early skip: URL https://www.thehindu.com/todays-paper/tp-national/tp-karnataka/gba-reviews-e-khata-issues-staff-complaints-after-letter-to-deputy-chief-minister/article70444130.ece already exists.
2025-12-27 19:18:21,764 - INFO - [The Hindu] Early skip: URL https://www.thehindu.com/news/national/kerala/kerala-students-emerge-winners-in-wild-wisdom-global-challenge-2025/article70430892.ece already exists.
2025-12-27 19:18:21,963 - INFO - [The Hindu] Early skip: URL https://www.thehindu.com/news/national/tamil-nadu/a-case-for-special-policy-intervention-for-sri-lankan-tamil-refugees/article70442962.ece already exists.
2025-12-27 19:18:22,179 - INFO - [The Hindu] Early skip: URL https://www.thehindu.com/news/national/kerala/tharoor-criticises-thiruvananthapurams-omission-from-railways-vision-2030-writes-to-centre/article70444368.ece already exists.
2025-12-27 19:18:22,301 - INFO - [The Hindu] Early skip: URL https://www.thehindu.com/news/national/kerala/presidents-vice-presidents-elected-to-panchayats-across-kerala/article70444402.ece already exists.
2025-12-27 19:18:22,576 - INFO - [The Hindu] Early skip: URL https://www.thehindu.com/news/national/tamil-nadu/tns-growth-under-dmk-government-has-drawn-nations-attention-stalin/article70443056.ece already exists.
2025-12-27 19:18:22,799 - INFO - [The Hindu] Early skip: URL https://www.thehindu.com/news/national/karnataka/in-three-years-9639-cases-of-missing-children-reported-in-state-1094-remain-untraced/article70444047.ece already exists.
2025-12-27 19:18:23,045 - INFO - [The Hindu] Early skip: URL https://www.thehindu.com/news/national/congress-shedding-crocodile-tears-on-rural-jobs-scheme-chouhan/article70443887.ece already exists.
2025-12-27 19:18:23,253 - INFO - [The Hindu] Early skip: URL https://www.thehindu.com/news/national/andhra-pradesh/naidu-to-visit-ram-temple-in-ayodhya-on-december-28/article70444180.ece already exists.
2025-12-27 19:18:23,440 - INFO - [The Hindu] Early skip: URL https://www.thehindu.com/news/national/karnataka/three-day-event-to-promote-rationalism/article70444193.ece already exists.
2025-12-27 19:18:23,664 - INFO - [The Hindu] Early skip: URL https://www.thehindu.com/news/national/karnataka/the-hindu-impact-minister-seeks-report-on-wildlife-first-objections-to-kiocl-forest-clearance-plea/article70444234.ece already exists.
2025-12-27 19:18:23,804 - INFO - [The Hindu] Article: https://www.thehindu.com/news/national/kerala/binoy-kurien-is-kannur-district-panchayat-president/article70444219.ece
2025-12-27 19:18:23,804 - INFO - [The Hindu] Attempt 1/1: Trying with 'selenium_browser' strategy...
2025-12-27 19:18:24,878 - INFO - [The Hindu] Page content loaded.
2025-12-27 19:18:25,134 - WARNING - [The Hindu] FAILED with 'selenium_browser' (content was too short: 69 words).
2025-12-27 19:18:25,134 - ERROR - [The Hindu] All scrape strategies failed for https://www.thehindu.com/news/national/kerala/binoy-kurien-is-kannur-district-panchayat-president/article70444219.ece. Falling back to RSS description.
2025-12-27 19:18:25,134 - WARNING - SKIPPED (GLOBAL WORD LIMIT): Article 'Binoy Kurien is Kannur district panchayat president' from The Hindu has only 3 words (Min: 90).
2025-12-27 19:18:25,789 - INFO - [The Hindu] Early skip: URL https://www.thehindu.com/news/national/telangana/property-recovery-rate-up-by-24-in-karimnagar-in-2025/article70444195.ece already exists.
2025-12-27 19:18:25,937 - INFO - [The Hindu] Early skip: URL https://www.thehindu.com/news/national/karnataka/kachegudayeshwantpur-vande-bharat-to-stop-at-hindupur/article70443608.ece already exists.
2025-12-27 19:18:26,097 - INFO - [The Hindu] Early skip: URL https://www.thehindu.com/news/national/kerala/sir-govt-to-open-help-desks-for-voters/article70444078.ece already exists.
2025-12-27 19:18:26,234 - INFO - [The Hindu] Early skip: URL https://www.thehindu.com/opinion/cartoon/looking-back-2025-the-hindus-most-viewed-cartoons/article70439523.ece already exists.
2025-12-27 19:18:26,496 - INFO - [The Hindu] Early skip: URL https://www.thehindu.com/news/national/jammu-and-kashmir/harassment-of-kashmiris-in-other-states-is-matter-of-national-security-sajad-lone/article70443694.ece already exists.
2025-12-27 19:18:26,638 - INFO - [The Hindu] Early skip: URL https://www.thehindu.com/news/cities/Hyderabad/suraram-police-arrest-eight-seize-mdma-and-marijuana/article70444019.ece already exists.
2025-12-27 19:18:26,908 - INFO - [The Hindu] Early skip: URL https://www.thehindu.com/news/cities/chennai/violinists-lalitha-nandini-honoured/article70443162.ece already exists.
2025-12-27 19:18:27,160 - INFO - [The Hindu] Early skip: URL https://www.thehindu.com/news/national/karnataka/dead-fish-pelicans-found-at-harohalli-lake/article70443895.ece already exists.
2025-12-27 19:18:27,373 - INFO - [The Hindu] Early skip: URL https://www.thehindu.com/news/national/west-bengal/bangladesh-participation-uncertain-in-kolkata-international-book-fair-amid-clearance-issue/article70443946.ece already exists.
2025-12-27 19:18:27,524 - INFO - [The Hindu] Early skip: URL https://www.thehindu.com/news/national/kerala/kerala-sir-notices-to-be-issued-a-week-before-the-hearing-date/article70444031.ece already exists.
2025-12-27 19:18:27,804 - INFO - [The Hindu] Early skip: URL https://www.thehindu.com/news/national/kerala/buon-natalerallyturnsthrissur-into-alivingcanvas-of-christmasjoy/article70444069.ece already exists.
2025-12-27 19:18:27,975 - INFO - [The Hindu] Early skip: URL https://www.thehindu.com/news/national/karnataka/universal-depression-screening-at-primary-care-level-could-yield-major-health-economic-gains-lancet-study/article70443339.ece already exists.
2025-12-27 19:18:28,253 - INFO - [The Hindu] Early skip: URL https://www.thehindu.com/news/national/unnao-rape-case-survivor-approaches-cbi-seeking-fir-against-investigative-officer-for-colluding-with-sengar/article70444068.ece already exists.
2025-12-27 19:18:28,410 - INFO - [The Hindu] (Thread) Finished. Attempting to shut down its Selenium driver.
2025-12-27 19:18:28,533 - INFO - [The Hindu] (Thread) driver.quit() successful.
2025-12-27 19:18:28,534 - INFO - Shutting down thread pool (wait=False)...
2025-12-27 19:18:28,534 - INFO - Scraped: 2 The Hindu, 0 The Guardian, 0 Times of India, 0 BBC articles. (Total saved: 2)
2025-12-27 19:18:28,534 - INFO - --- Scraping job finished ---
2025-12-27 19:18:28,540 - INFO - --- Scraper service stopped and database connection closed. ---
2025-12-27 19:18:28,540 - INFO - --- Main thread finished. Forcing process exit to kill zombie threads. ---
