2026-05-17 11:11:22,250 - INFO - Loading AI Semantic Model (all-MiniLM-L6-v2)...
2026-05-17 11:11:22,251 - INFO - No device provided, using cpu
2026-05-17 11:11:22,322 - INFO - HTTP Request: HEAD https://huggingface.co/sentence-transformers/all-MiniLM-L6-v2/resolve/main/modules.json "HTTP/1.1 307 Temporary Redirect"
2026-05-17 11:11:22,328 - INFO - HTTP Request: HEAD https://huggingface.co/api/resolve-cache/models/sentence-transformers/all-MiniLM-L6-v2/c9745ed1d9f207416be6d2e6f8de32d1f16199bf/modules.json "HTTP/1.1 200 OK"
2026-05-17 11:11:22,345 - INFO - HTTP Request: HEAD https://huggingface.co/sentence-transformers/all-MiniLM-L6-v2/resolve/main/config_sentence_transformers.json "HTTP/1.1 307 Temporary Redirect"
2026-05-17 11:11:22,346 - WARNING - Warning: You are sending unauthenticated requests to the HF Hub. Please set a HF_TOKEN to enable higher rate limits and faster downloads.
2026-05-17 11:11:22,351 - INFO - HTTP Request: HEAD https://huggingface.co/api/resolve-cache/models/sentence-transformers/all-MiniLM-L6-v2/c9745ed1d9f207416be6d2e6f8de32d1f16199bf/config_sentence_transformers.json "HTTP/1.1 200 OK"
2026-05-17 11:11:22,352 - INFO - Loading SentenceTransformer model from sentence-transformers/all-MiniLM-L6-v2.
2026-05-17 11:11:22,365 - INFO - HTTP Request: HEAD https://huggingface.co/sentence-transformers/all-MiniLM-L6-v2/resolve/main/config_sentence_transformers.json "HTTP/1.1 307 Temporary Redirect"
2026-05-17 11:11:22,370 - INFO - HTTP Request: HEAD https://huggingface.co/api/resolve-cache/models/sentence-transformers/all-MiniLM-L6-v2/c9745ed1d9f207416be6d2e6f8de32d1f16199bf/config_sentence_transformers.json "HTTP/1.1 200 OK"
2026-05-17 11:11:22,386 - INFO - HTTP Request: HEAD https://huggingface.co/sentence-transformers/all-MiniLM-L6-v2/resolve/main/README.md "HTTP/1.1 307 Temporary Redirect"
2026-05-17 11:11:22,391 - INFO - HTTP Request: HEAD https://huggingface.co/api/resolve-cache/models/sentence-transformers/all-MiniLM-L6-v2/c9745ed1d9f207416be6d2e6f8de32d1f16199bf/README.md "HTTP/1.1 200 OK"
2026-05-17 11:11:22,409 - INFO - HTTP Request: HEAD https://huggingface.co/sentence-transformers/all-MiniLM-L6-v2/resolve/main/modules.json "HTTP/1.1 307 Temporary Redirect"
2026-05-17 11:11:22,414 - INFO - HTTP Request: HEAD https://huggingface.co/api/resolve-cache/models/sentence-transformers/all-MiniLM-L6-v2/c9745ed1d9f207416be6d2e6f8de32d1f16199bf/modules.json "HTTP/1.1 200 OK"
2026-05-17 11:11:22,430 - INFO - HTTP Request: HEAD https://huggingface.co/sentence-transformers/all-MiniLM-L6-v2/resolve/main/sentence_bert_config.json "HTTP/1.1 307 Temporary Redirect"
2026-05-17 11:11:22,435 - INFO - HTTP Request: HEAD https://huggingface.co/api/resolve-cache/models/sentence-transformers/all-MiniLM-L6-v2/c9745ed1d9f207416be6d2e6f8de32d1f16199bf/sentence_bert_config.json "HTTP/1.1 200 OK"
2026-05-17 11:11:22,452 - INFO - HTTP Request: HEAD https://huggingface.co/sentence-transformers/all-MiniLM-L6-v2/resolve/main/adapter_config.json "HTTP/1.1 404 Not Found"
2026-05-17 11:11:22,470 - INFO - HTTP Request: HEAD https://huggingface.co/sentence-transformers/all-MiniLM-L6-v2/resolve/main/config.json "HTTP/1.1 307 Temporary Redirect"
2026-05-17 11:11:22,477 - INFO - HTTP Request: HEAD https://huggingface.co/api/resolve-cache/models/sentence-transformers/all-MiniLM-L6-v2/c9745ed1d9f207416be6d2e6f8de32d1f16199bf/config.json "HTTP/1.1 200 OK"
2026-05-17 11:11:22,604 - INFO - HTTP Request: HEAD https://huggingface.co/sentence-transformers/all-MiniLM-L6-v2/resolve/main/processor_config.json "HTTP/1.1 404 Not Found"
2026-05-17 11:11:22,619 - INFO - HTTP Request: HEAD https://huggingface.co/sentence-transformers/all-MiniLM-L6-v2/resolve/main/preprocessor_config.json "HTTP/1.1 404 Not Found"
2026-05-17 11:11:22,636 - INFO - HTTP Request: HEAD https://huggingface.co/sentence-transformers/all-MiniLM-L6-v2/resolve/main/video_preprocessor_config.json "HTTP/1.1 404 Not Found"
2026-05-17 11:11:22,654 - INFO - HTTP Request: HEAD https://huggingface.co/sentence-transformers/all-MiniLM-L6-v2/resolve/main/preprocessor_config.json "HTTP/1.1 404 Not Found"
2026-05-17 11:11:22,670 - INFO - HTTP Request: HEAD https://huggingface.co/sentence-transformers/all-MiniLM-L6-v2/resolve/main/tokenizer_config.json "HTTP/1.1 307 Temporary Redirect"
2026-05-17 11:11:22,676 - INFO - HTTP Request: HEAD https://huggingface.co/api/resolve-cache/models/sentence-transformers/all-MiniLM-L6-v2/c9745ed1d9f207416be6d2e6f8de32d1f16199bf/tokenizer_config.json "HTTP/1.1 200 OK"
2026-05-17 11:11:22,691 - INFO - HTTP Request: HEAD https://huggingface.co/sentence-transformers/all-MiniLM-L6-v2/resolve/main/config.json "HTTP/1.1 307 Temporary Redirect"
2026-05-17 11:11:22,696 - INFO - HTTP Request: HEAD https://huggingface.co/api/resolve-cache/models/sentence-transformers/all-MiniLM-L6-v2/c9745ed1d9f207416be6d2e6f8de32d1f16199bf/config.json "HTTP/1.1 200 OK"
2026-05-17 11:11:22,714 - INFO - HTTP Request: HEAD https://huggingface.co/sentence-transformers/all-MiniLM-L6-v2/resolve/main/config.json "HTTP/1.1 307 Temporary Redirect"
2026-05-17 11:11:22,720 - INFO - HTTP Request: HEAD https://huggingface.co/api/resolve-cache/models/sentence-transformers/all-MiniLM-L6-v2/c9745ed1d9f207416be6d2e6f8de32d1f16199bf/config.json "HTTP/1.1 200 OK"
2026-05-17 11:11:22,739 - INFO - HTTP Request: HEAD https://huggingface.co/sentence-transformers/all-MiniLM-L6-v2/resolve/main/tokenizer_config.json "HTTP/1.1 307 Temporary Redirect"
2026-05-17 11:11:22,744 - INFO - HTTP Request: HEAD https://huggingface.co/api/resolve-cache/models/sentence-transformers/all-MiniLM-L6-v2/c9745ed1d9f207416be6d2e6f8de32d1f16199bf/tokenizer_config.json "HTTP/1.1 200 OK"
2026-05-17 11:11:22,764 - INFO - HTTP Request: GET https://huggingface.co/api/models/sentence-transformers/all-MiniLM-L6-v2/tree/main/additional_chat_templates?recursive=false&expand=false "HTTP/1.1 404 Not Found"
2026-05-17 11:11:22,786 - INFO - HTTP Request: GET https://huggingface.co/api/models/sentence-transformers/all-MiniLM-L6-v2/tree/main?recursive=true&expand=false "HTTP/1.1 200 OK"
2026-05-17 11:11:22,839 - INFO - HTTP Request: HEAD https://huggingface.co/sentence-transformers/all-MiniLM-L6-v2/resolve/main/1_Pooling/config.json "HTTP/1.1 307 Temporary Redirect"
2026-05-17 11:11:22,845 - INFO - HTTP Request: HEAD https://huggingface.co/api/resolve-cache/models/sentence-transformers/all-MiniLM-L6-v2/c9745ed1d9f207416be6d2e6f8de32d1f16199bf/1_Pooling%2Fconfig.json "HTTP/1.1 200 OK"
2026-05-17 11:11:22,865 - INFO - HTTP Request: GET https://huggingface.co/api/models/sentence-transformers/all-MiniLM-L6-v2 "HTTP/1.1 200 OK"
2026-05-17 11:11:22,868 - INFO - AI Model loaded successfully.
2026-05-17 11:11:22,868 - INFO - --- Scraper service started (CI Mode: Run Once) ---
2026-05-17 11:11:22,868 - INFO - --- Starting new scraping job (Parallel Mode) ---
2026-05-17 11:11:22,868 - INFO - Connecting to Google Sheets...
2026-05-17 11:11:26,662 - INFO - Connected to Sheet: News Scrapper AI / Sheet1
2026-05-17 11:11:26,662 - INFO - Fetching existing data to build cache...
2026-05-17 11:11:46,823 - INFO - Loaded 59685 rows from sheet.
2026-05-17 11:11:47,917 - INFO - Cache built: 59685 URLs. Current MAX_ID: 59787
2026-05-17 11:11:47,923 - INFO - Creating new robust session with 3 retries on 5xx/connection/read errors.
2026-05-17 11:11:47,923 - INFO - Proxy is DISABLED.
2026-05-17 11:11:47,924 - INFO - Starting scrape for BBC RSS feed: http://feeds.bbci.co.uk/news/world/rss.xml
2026-05-17 11:11:47,925 - INFO - [Times of India] (Thread) requires Selenium. Initializing driver...
2026-05-17 11:11:47,925 - INFO - Starting scrape for The Guardian RSS feed: https://www.theguardian.com/world/rss
2026-05-17 11:11:47,927 - INFO - [The Hindu] (Thread) requires Selenium. Initializing driver...
2026-05-17 11:11:47,927 - INFO - [The Dawn] (Thread) requires Selenium. Initializing driver...
2026-05-17 11:11:47,928 - INFO - [Al Jazeera] (Thread) requires Selenium. Initializing driver...
2026-05-17 11:11:47,928 - INFO - Starting scrape for TechCrunch RSS feed: https://techcrunch.com/feed/
2026-05-17 11:11:47,930 - INFO - [Economic Times] (Thread) requires Selenium. Initializing driver...
2026-05-17 11:11:47,930 - INFO - Submitted 8 jobs to thread pool. Waiting up to 420s for completion...
2026-05-17 11:11:48,029 - INFO - Found 0 articles in TechCrunch RSS feed. Processing until 30 new articles are saved.
2026-05-17 11:11:48,172 - INFO - Found 45 articles in The Guardian RSS feed. Processing until 30 new articles are saved.
2026-05-17 11:11:48,173 - INFO - [The Guardian] Early skip: URL https://www.theguardian.com/world/2026/may/16/islamic-state-abu-bilal-al-minuki-killed-by-us-nigerian-forces-trump-says already exists.
2026-05-17 11:11:48,176 - INFO - [The Guardian] Early skip: URL https://www.theguardian.com/global-development/2026/may/15/ebola-outbreak-drc-africa-deaths already exists.
2026-05-17 11:11:48,179 - INFO - [The Guardian] Early skip: URL https://www.theguardian.com/world/2026/may/15/mali-airstrikes-rebel-alliance-separatists already exists.
2026-05-17 11:11:48,181 - INFO - [The Guardian] Early skip: URL https://www.theguardian.com/us-news/2026/may/14/trump-administration-colombian-woman-drc already exists.
2026-05-17 11:11:48,182 - INFO - [The Guardian] Early skip: URL https://www.theguardian.com/world/2026/may/14/un-equatorial-guinea-us-deportees already exists.
2026-05-17 11:11:48,185 - INFO - [The Guardian] Early skip: URL https://www.theguardian.com/world/ng-interactive/2026/may/17/feels-like-an-illusion-how-trump-seizing-maduro-has-changed-little-in-venezuela already exists.
2026-05-17 11:11:48,188 - INFO - [The Guardian] Early skip: URL https://www.theguardian.com/world/2026/may/16/canada-first-hantavirus-case-british-columbia already exists.
2026-05-17 11:11:48,189 - INFO - [The Guardian] Early skip: URL https://www.theguardian.com/world/2026/may/15/raul-castro-indictment-cuba-trump already exists.
2026-05-17 11:11:48,190 - INFO - [The Guardian] Early skip: URL https://www.theguardian.com/environment/2026/may/15/weather-tracker-furnace-creek-siberia-snow-siberia-week-extremes already exists.
2026-05-17 11:11:48,192 - INFO - [The Guardian] Early skip: URL https://www.theguardian.com/us-news/2026/may/15/us-military-airstrikes-caribbean-pacific-victim-identities already exists.
2026-05-17 11:11:48,194 - INFO - [The Guardian] Early skip: URL https://www.theguardian.com/world/2026/may/17/afc-women-champions-league-north-korea-south-korea-naegohyang-fc-suwon already exists.
2026-05-17 11:11:48,195 - INFO - [The Guardian] Early skip: URL https://www.theguardian.com/world/2026/may/16/thailand-bangkok-rail-crossing-collision-freight-train-bus already exists.
2026-05-17 11:11:48,196 - INFO - [The Guardian] Early skip: URL https://www.theguardian.com/world/2026/may/16/trump-not-optimistic-jimmy-lai-release-xi-jinping already exists.
2026-05-17 11:11:48,198 - INFO - [The Guardian] Early skip: URL https://www.theguardian.com/world/live/2026/may/15/trump-china-visit-live-updates-xi-jinping-talks-meeting-summit-latest-news already exists.
2026-05-17 11:11:48,199 - INFO - [The Guardian] Early skip: URL https://www.theguardian.com/world/2026/may/16/trumps-lack-of-focus-on-human-rights-in-china-is-big-departure-for-us-diplomacy already exists.
2026-05-17 11:11:48,200 - INFO - [The Guardian] Early skip: URL https://www.theguardian.com/australia-news/2026/may/17/tech-founders-use-ai-generated-images-to-poke-fun-at-anthony-albanese-in-protest-against-tax-changes already exists.
2026-05-17 11:11:48,204 - INFO - [The Guardian] Early skip: URL https://www.theguardian.com/australia-news/2026/may/17/steven-mattaboni-named-as-victim-of-rottnest-island-shark-attack already exists.
2026-05-17 11:11:48,205 - INFO - [The Guardian] Early skip: URL https://www.theguardian.com/australia-news/live/2026/may/17/australia-news-live-stafford-queensland-labor-lnp-jim-chalmers-federal-budget-anthony-albanese-angus-taylor-aukus-coalition-ntwnfb already exists.
2026-05-17 11:11:48,206 - INFO - [The Guardian] Early skip: URL https://www.theguardian.com/australia-news/2026/may/17/port-kembla-nsw-aukus-nuclear-submarine-base-outcry-nsw-labour-union already exists.
2026-05-17 11:11:48,208 - INFO - [The Guardian] Early skip: URL https://www.theguardian.com/business/2026/may/17/qantas-passenger-banned-alleged-biting-flight-attendant-melbourne-tahiti-dallas-ntwnfb already exists.
2026-05-17 11:11:48,215 - INFO - [The Guardian] Article: https://www.theguardian.com/world/2026/may/17/swatch-royal-pop-launch-chaos-closures
2026-05-17 11:11:48,215 - INFO - [The Guardian] Attempt 1/1: Trying with 'requests_browser' strategy...
2026-05-17 11:11:48,286 - INFO - Found 25 articles in BBC RSS feed. Processing until 30 new articles are saved.
2026-05-17 11:11:48,286 - INFO - [BBC] Early skip: URL https://www.bbc.com/news/articles/c2l2p0wwzzdo?at_medium=RSS&at_campaign=rss already exists.
2026-05-17 11:11:48,288 - INFO - [BBC] Early skip: URL https://www.bbc.com/news/articles/c5ye480kxpmo?at_medium=RSS&at_campaign=rss already exists.
2026-05-17 11:11:48,290 - INFO - [BBC] Early skip: URL https://www.bbc.com/news/articles/cyv28pd4n22o?at_medium=RSS&at_campaign=rss already exists.
2026-05-17 11:11:48,292 - INFO - [BBC] Early skip: URL https://www.bbc.com/news/articles/c1j2zwe9g5no?at_medium=RSS&at_campaign=rss already exists.
2026-05-17 11:11:48,293 - INFO - [BBC] Early skip: URL https://www.bbc.com/news/articles/cx2132w81jqo?at_medium=RSS&at_campaign=rss already exists.
2026-05-17 11:11:48,297 - INFO - [BBC] Early skip: URL https://www.bbc.com/news/articles/c1w2gv1gdnjo?at_medium=RSS&at_campaign=rss already exists.
2026-05-17 11:11:48,300 - INFO - [BBC] Early skip: URL https://www.bbc.com/news/articles/c1l28lql137o?at_medium=RSS&at_campaign=rss already exists.
2026-05-17 11:11:48,301 - INFO - [BBC] Early skip: URL https://www.bbc.com/news/articles/cx21d4pxq23o?at_medium=RSS&at_campaign=rss already exists.
2026-05-17 11:11:48,302 - INFO - [BBC] Early skip: URL https://www.bbc.com/news/articles/c2k2p057ezno?at_medium=RSS&at_campaign=rss already exists.
2026-05-17 11:11:48,304 - INFO - [BBC] Early skip: URL https://www.bbc.com/news/articles/c202vrxlwqgo?at_medium=RSS&at_campaign=rss already exists.
2026-05-17 11:11:48,305 - INFO - [BBC] Early skip: URL https://www.bbc.com/news/articles/cy72p2kpd03o?at_medium=RSS&at_campaign=rss already exists.
2026-05-17 11:11:48,311 - INFO - [BBC] Early skip: URL https://www.bbc.com/news/articles/c1w2gnd9xp2o?at_medium=RSS&at_campaign=rss already exists.
2026-05-17 11:11:48,312 - INFO - [BBC] Early skip: URL https://www.bbc.com/news/articles/cgjpyqjj8y4o?at_medium=RSS&at_campaign=rss already exists.
2026-05-17 11:11:48,319 - INFO - [BBC] Early skip: URL https://www.bbc.com/news/articles/cqlpzzl0d67o?at_medium=RSS&at_campaign=rss already exists.
2026-05-17 11:11:48,333 - INFO - [BBC] Early skip: URL https://www.bbc.com/news/articles/c98rez3x0nwo?at_medium=RSS&at_campaign=rss already exists.
2026-05-17 11:11:48,336 - INFO - [BBC] Early skip: URL https://www.bbc.com/news/articles/cy827p9lg03o?at_medium=RSS&at_campaign=rss already exists.
2026-05-17 11:11:48,339 - INFO - [BBC] Early skip: URL https://www.bbc.com/news/articles/cm2p8z261ylo?at_medium=RSS&at_campaign=rss already exists.
2026-05-17 11:11:48,342 - INFO - [BBC] Early skip: URL https://www.bbc.com/news/articles/cy72e81dp28o?at_medium=RSS&at_campaign=rss already exists.
2026-05-17 11:11:48,344 - INFO - [BBC] Early skip: URL https://www.bbc.com/news/articles/cz721w33ve1o?at_medium=RSS&at_campaign=rss already exists.
2026-05-17 11:11:48,345 - INFO - [BBC] Early skip: URL https://www.bbc.com/news/articles/cvgz902mqe5o?at_medium=RSS&at_campaign=rss already exists.
2026-05-17 11:11:48,353 - INFO - [BBC] Article: https://www.bbc.com/news/videos/cj3pznr0zr4o?at_medium=RSS&at_campaign=rss
2026-05-17 11:11:48,353 - INFO - [BBC] Attempt 1/1: Trying with 'requests_browser' strategy...
2026-05-17 11:11:48,358 - INFO - [The Guardian] Success with 'requests_browser'. Found content (447 words).
2026-05-17 11:11:48,872 - WARNING - [BBC] FAILED with 'requests_browser' (content was too short: 56 words).
2026-05-17 11:11:48,879 - ERROR - [BBC] All scrape strategies failed for https://www.bbc.com/news/videos/cj3pznr0zr4o?at_medium=RSS&at_campaign=rss. Falling back to RSS description.
2026-05-17 11:11:48,879 - WARNING - SKIPPED (GLOBAL WORD LIMIT): Article 'Lights, camera, Bangaranga: Highlights from Eurovision' from BBC has only 22 words (Min: 90).
2026-05-17 11:11:49,132 - INFO - Selenium driver initialized successfully (Eager load strategy, 7s timeout).
2026-05-17 11:11:49,134 - INFO - Starting scrape for Al Jazeera RSS feed: https://www.aljazeera.com/xml/rss/all.xml
2026-05-17 11:11:49,197 - INFO - Selenium driver initialized successfully (Eager load strategy, 7s timeout).
2026-05-17 11:11:49,198 - INFO - Starting scrape for The Dawn RSS feed: https://www.dawn.com/feeds/home
2026-05-17 11:11:49,241 - INFO - Selenium driver initialized successfully (Eager load strategy, 7s timeout).
2026-05-17 11:11:49,241 - INFO - Starting scrape for Times of India RSS feed: https://timesofindia.indiatimes.com/rssfeeds/296589292.cms
2026-05-17 11:11:49,292 - INFO - Selenium driver initialized successfully (Eager load strategy, 7s timeout).
2026-05-17 11:11:49,292 - INFO - Starting scrape for The Hindu RSS feed: https://www.thehindu.com/news/national/feeder/default.rss
2026-05-17 11:11:49,301 - INFO - Selenium driver initialized successfully (Eager load strategy, 7s timeout).
2026-05-17 11:11:49,302 - INFO - Starting scrape for Economic Times RSS feed: https://economictimes.indiatimes.com/rssfeedsdefault.cms
2026-05-17 11:11:49,407 - INFO - Found 25 articles in Al Jazeera RSS feed. Processing until 30 new articles are saved.
2026-05-17 11:11:49,408 - INFO - [Al Jazeera] Article: https://www.aljazeera.com/news/2026/5/17/republican-senator-cassidy-loses-louisiana-primary-after-opposing-trump?traffic_source=rss
2026-05-17 11:11:49,408 - INFO - [Al Jazeera] Attempt 1/2: Trying with 'requests_browser' strategy...
2026-05-17 11:11:49,420 - INFO - Found 20 articles in Times of India RSS feed. Processing until 30 new articles are saved.
2026-05-17 11:11:49,421 - INFO - [Times of India] Article: https://timesofindia.indiatimes.com/world/uk/uk-police-search-for-man-after-jews-will-be-beheaded-one-by-one-slogan-shouted-on-london-street/articleshow/131151712.cms
2026-05-17 11:11:49,422 - INFO - [Times of India] Attempt 1/1: Trying with 'selenium_browser' strategy...
2026-05-17 11:11:49,455 - INFO - Found 29 articles in The Dawn RSS feed. Processing until 30 new articles are saved.
2026-05-17 11:11:49,457 - INFO - [The Dawn] Early skip: URL https://www.dawn.com/news/2000883/ispr-takes-exception-after-indian-army-chief-says-pakistan-should-decide-between-being-part-of-geography-or-not already exists.
2026-05-17 11:11:49,458 - INFO - [The Dawn] Early skip: URL https://www.dawn.com/news/2000914/islamabad-baku-developing-ties-within-pakistan-turkiye-azerbaijan-trilateral-framework-president-aliyev already exists.
2026-05-17 11:11:49,467 - INFO - [The Dawn] Article: https://www.dawn.com/news/2000903/governor-kundi-administers-oath-to-5-new-kp-ministers
2026-05-17 11:11:49,467 - INFO - [The Dawn] Attempt 1/2: Trying with 'requests_browser' strategy...
2026-05-17 11:11:49,503 - INFO - Found 60 articles in The Hindu RSS feed. Processing until 30 new articles are saved.
2026-05-17 11:11:49,503 - INFO - [The Hindu] Article: https://www.thehindu.com/news/national/why-isnt-pm-sacking-education-minister-pradhan-despite-repeated-paper-leaks-asks-rahul/article70990121.ece
2026-05-17 11:11:49,503 - INFO - [The Hindu] Attempt 1/1: Trying with 'selenium_browser' strategy...
2026-05-17 11:11:49,514 - INFO - [Al Jazeera] Success with 'requests_browser'. Found content (528 words).
2026-05-17 11:11:49,604 - INFO - [The Dawn] Success with 'requests_browser'. Found content (258 words).
2026-05-17 11:11:49,729 - INFO - Found 76 articles in Economic Times RSS feed. Processing until 30 new articles are saved.
2026-05-17 11:11:49,732 - INFO - [Economic Times] Article: https://economictimes.indiatimes.com/markets/stocks/news/9-million-meal-warren-buffett-and-stephen-curry-charity-dinner-fetches-record-breaking-bid/articleshow/131152033.cms
2026-05-17 11:11:49,732 - INFO - [Economic Times] Attempt 1/2: Trying with 'requests_browser' strategy...
2026-05-17 11:11:49,742 - INFO - [BBC] Article: https://www.bbc.com/news/videos/cn8p36jzd7yo?at_medium=RSS&at_campaign=rss
2026-05-17 11:11:49,743 - INFO - [BBC] Attempt 1/1: Trying with 'requests_browser' strategy...
2026-05-17 11:11:49,888 - WARNING - [BBC] FAILED with 'requests_browser' (content was too short: 76 words).
2026-05-17 11:11:49,892 - ERROR - [BBC] All scrape strategies failed for https://www.bbc.com/news/videos/cn8p36jzd7yo?at_medium=RSS&at_campaign=rss. Falling back to RSS description.
2026-05-17 11:11:49,892 - WARNING - SKIPPED (GLOBAL WORD LIMIT): Article 'Watch: What did we learn from Trump's visit to China?' from BBC has only 18 words (Min: 90).
2026-05-17 11:11:50,039 - ERROR - parsed tree length: 1, wrong data type or not valid HTML
2026-05-17 11:11:50,042 - ERROR - empty HTML tree: None
2026-05-17 11:11:50,043 - WARNING - discarding data: None
2026-05-17 11:11:50,043 - WARNING - [Economic Times] FAILED with 'requests_browser' (content was too short: 0 words).
2026-05-17 11:11:50,082 - INFO - [The Hindu] Page content loaded.
2026-05-17 11:11:50,177 - INFO - [The Hindu] Success with 'selenium_browser'. Found content (429 words).
2026-05-17 11:11:50,273 - INFO - [Times of India] Page content loaded.
2026-05-17 11:11:50,725 - INFO - [Times of India] Success with 'selenium_browser'. Found content (322 words).
2026-05-17 11:11:50,773 - INFO - [Economic Times] Article: https://economictimes.indiatimes.com/markets/stocks/news/9-million-meal-warren-buffett-and-stephen-curry-charity-dinner-fetches-record-breaking-bid/articleshow/131152033.cms
2026-05-17 11:11:50,774 - INFO - [Economic Times] Attempt 2/2: Trying with 'selenium_browser' strategy...
2026-05-17 11:11:50,867 - INFO - [BBC] Article: https://www.bbc.com/news/videos/cdxp0143q0po?at_medium=RSS&at_campaign=rss
2026-05-17 11:11:50,867 - INFO - [BBC] Attempt 1/1: Trying with 'requests_browser' strategy...
2026-05-17 11:11:50,982 - WARNING - [BBC] FAILED with 'requests_browser' (content was too short: 78 words).
2026-05-17 11:11:50,982 - ERROR - [BBC] All scrape strategies failed for https://www.bbc.com/news/videos/cdxp0143q0po?at_medium=RSS&at_campaign=rss. Falling back to RSS description.
2026-05-17 11:11:50,982 - WARNING - SKIPPED (GLOBAL WORD LIMIT): Article 'BBC on the ground during march through Jerusalem's Old City' from BBC has only 19 words (Min: 90).
2026-05-17 11:11:52,075 - INFO - [BBC] Early skip: URL https://www.bbc.com/news/videos/c1m2p42v847o?at_medium=RSS&at_campaign=rss already exists.
2026-05-17 11:11:52,077 - INFO - [BBC] Early skip: URL https://www.bbc.com/news/videos/cp8pm97yde3o?at_medium=RSS&at_campaign=rss already exists.
2026-05-17 11:11:52,222 - INFO - [Economic Times] Page content loaded.
2026-05-17 11:11:52,502 - INFO - [Economic Times] Success with 'selenium_browser'. Found content (429 words).
2026-05-17 11:12:38,753 - INFO - >>> SUCCESSFULLY SAVED [ID: 59788] - ‘It was like a mosh pit’: Swatch closes stores as watch launch causes crowding and scuffles | Europe | The Guardian from The Guardian (447 words)
2026-05-17 11:12:40,206 - INFO - [The Guardian] Article: https://www.theguardian.com/world/2026/may/17/people-killed-in-russia-ukraine-retaliatory-strikes-moscow
2026-05-17 11:12:40,206 - INFO - [The Guardian] Attempt 1/1: Trying with 'requests_browser' strategy...
2026-05-17 11:12:40,268 - INFO - [The Guardian] Success with 'requests_browser'. Found content (590 words).
2026-05-17 11:12:55,800 - INFO - DEDUPLICATION: Found match (Score: 0.85). Linking to Cluster ID: b6f290b3-4275-4c1b-8e5b-9b8f852e8a2f
2026-05-17 11:13:06,093 - INFO - >>> SUCCESSFULLY SAVED [ID: 59789] - Republican Senator Cassidy loses Louisiana primary after opposing Trump | Politics News | Al Jazeera from Al Jazeera (528 words)
2026-05-17 11:13:07,082 - INFO - [Al Jazeera] Article: https://www.aljazeera.com/video/newsfeed/2026/5/17/javier-bardem-says-condemning-the-gaza-genocide-has-led-to-more-work?traffic_source=rss
2026-05-17 11:13:07,082 - INFO - [Al Jazeera] Attempt 1/2: Trying with 'requests_browser' strategy...
2026-05-17 11:13:07,122 - WARNING - [Al Jazeera] FAILED with 'requests_browser' (content was too short: 66 words).
2026-05-17 11:13:07,964 - INFO - [Al Jazeera] Article: https://www.aljazeera.com/video/newsfeed/2026/5/17/javier-bardem-says-condemning-the-gaza-genocide-has-led-to-more-work?traffic_source=rss
2026-05-17 11:13:07,964 - INFO - [Al Jazeera] Attempt 2/2: Trying with 'selenium_browser' strategy...
2026-05-17 11:13:08,874 - INFO - [Al Jazeera] Page content loaded.
2026-05-17 11:13:08,977 - WARNING - [Al Jazeera] FAILED with 'selenium_browser' (content was too short: 66 words).
2026-05-17 11:13:08,978 - ERROR - [Al Jazeera] All scrape strategies failed for https://www.aljazeera.com/video/newsfeed/2026/5/17/javier-bardem-says-condemning-the-gaza-genocide-has-led-to-more-work?traffic_source=rss. Falling back to RSS description.
2026-05-17 11:13:08,978 - WARNING - SKIPPED (GLOBAL WORD LIMIT): Article 'Javier Bardem says condemning the Gaza genocide has led to more work' from Al Jazeera has only 12 words (Min: 90).
2026-05-17 11:13:10,065 - INFO - [Al Jazeera] Article: https://www.aljazeera.com/opinions/2026/5/17/the-strike-that-changed-the-geometry-of-war?traffic_source=rss
2026-05-17 11:13:10,065 - INFO - [Al Jazeera] Attempt 1/2: Trying with 'requests_browser' strategy...
2026-05-17 11:13:10,117 - INFO - [Al Jazeera] Success with 'requests_browser'. Found content (1111 words).
2026-05-17 11:13:15,876 - INFO - DEDUPLICATION: Found match (Score: 0.82). Linking to Cluster ID: cfa0e1ef-482e-48dd-8b70-40cdb1f36e61
2026-05-17 11:13:18,189 - INFO - >>> SUCCESSFULLY SAVED [ID: 59790] - Governor Kundi administers oath to 5 new KP ministers - Pakistan - DAWN.COM from The Dawn (258 words)
2026-05-17 11:13:19,646 - INFO - [The Dawn] Early skip: URL https://www.dawn.com/news/2000760/e-challan-system-yet-to-bring-order-on-karachis-roads already exists.
2026-05-17 11:13:19,647 - INFO - [The Dawn] Early skip: URL https://www.dawn.com/news/2000813/india-pakistan-dialogue-push-gains-steam-in-held-kashmir-too already exists.
2026-05-17 11:13:19,649 - INFO - [The Dawn] Early skip: URL https://www.dawn.com/news/2000901/qantas-flight-diverted-after-man-bites-flight-attendant already exists.
2026-05-17 11:13:19,651 - INFO - [The Dawn] Article: https://www.dawn.com/news/2000896/fia-arrests-two-for-impersonating-government-officials-in-karachi
2026-05-17 11:13:19,651 - INFO - [The Dawn] Attempt 1/2: Trying with 'requests_browser' strategy...
2026-05-17 11:13:19,716 - INFO - [The Dawn] Success with 'requests_browser'. Found content (247 words).
2026-05-17 11:13:44,375 - INFO - >>> SUCCESSFULLY SAVED [ID: 59791] - Why isn't PM Modi sacking Education Minister Pradhan despite repeated paper leaks, asks Rahul Gandhi - The Hindu from The Hindu (429 words)
2026-05-17 11:13:45,206 - INFO - [The Hindu] Article: https://www.thehindu.com/news/national/kerala/internal-deformation-detected-within-rigid-indian-plate-new-study/article70989921.ece
2026-05-17 11:13:45,207 - INFO - [The Hindu] Attempt 1/1: Trying with 'selenium_browser' strategy...
2026-05-17 11:13:48,289 - INFO - [The Hindu] Page content loaded.
2026-05-17 11:13:48,365 - INFO - [The Hindu] Success with 'selenium_browser'. Found content (410 words).
2026-05-17 11:14:07,094 - INFO - >>> SUCCESSFULLY SAVED [ID: 59792] - UK police search for man after ‘Jews will be beheaded one by one’ slogan shouted on London street from Times of India (322 words)
2026-05-17 11:14:08,191 - INFO - [Times of India] Article: https://timesofindia.indiatimes.com/world/rest-of-world/5-longest-walls-on-earth-ranked-and-no-2-is-a-fortress-wall-few-people-know/articleshow/131133998.cms
2026-05-17 11:14:08,191 - INFO - [Times of India] Attempt 1/1: Trying with 'selenium_browser' strategy...
2026-05-17 11:14:09,941 - INFO - [Times of India] Page content loaded.
2026-05-17 11:14:10,277 - INFO - [Times of India] Success with 'selenium_browser'. Found content (816 words).
2026-05-17 11:14:28,803 - INFO - >>> SUCCESSFULLY SAVED [ID: 59793] - $9 million meal? Warren Buffett and Stephen Curry charity dinner fetches record-breaking bid - The Economic Times from Economic Times (429 words)
2026-05-17 11:14:29,985 - INFO - [Economic Times] Early skip: URL https://economictimes.indiatimes.com/markets/stocks/news/what-does-an-import-restriction-mean-for-silver-investments/articleshow/131151188.cms already exists.
2026-05-17 11:14:29,987 - INFO - [Economic Times] Early skip: URL https://economictimes.indiatimes.com/markets/stocks/news/pfc-board-clears-next-step-for-rec-merger-seeks-govt-approval/articleshow/131151051.cms already exists.
2026-05-17 11:14:29,988 - INFO - [Economic Times] Early skip: URL https://economictimes.indiatimes.com/mf/analysis/10-equity-mutual-funds-cross-rs-60000-crore-aum-top-3-manage-over-rs-1-lakh-crore-each/slideshow/131133821.cms already exists.
2026-05-17 11:14:29,989 - INFO - [Economic Times] Early skip: URL https://economictimes.indiatimes.com/markets/stocks/news/eternal-hdfc-bank-among-10-stocks-which-saw-highest-dii-buying-in-q4-how-many-do-you-own/slideshow/131133389.cms already exists.
2026-05-17 11:14:29,990 - INFO - [Economic Times] Early skip: URL https://economictimes.indiatimes.com/markets/commodities/news/indias-gold-import-duty-hike-a-double-edged-sword/articleshow/131133111.cms already exists.
2026-05-17 11:14:29,992 - INFO - [Economic Times] Early skip: URL https://economictimes.indiatimes.com/news/economy/policy/rbi-draft-for-upper-layer-non-banks-affects-cics-disproportionately-raises-compliances-costs/articleshow/130394099.cms already exists.
2026-05-17 11:14:29,993 - INFO - [Economic Times] Early skip: URL https://economictimes.indiatimes.com/news/economy/foreign-trade/exporters-seek-removal-of-cap-on-interest-subvention/articleshow/130341339.cms already exists.
2026-05-17 11:14:29,994 - INFO - [Economic Times] Early skip: URL https://economictimes.indiatimes.com/news/economy/indicators/macro-buffers-to-help-india-tide-over-gulf-crisis-world-bank/articleshow/130152815.cms already exists.
2026-05-17 11:14:29,996 - INFO - [Economic Times] Early skip: URL https://economictimes.indiatimes.com/news/economy/policy/rbi-holds-repo-rate-flags-supply-chain-risks-to-inflation-growth/articleshow/130123373.cms already exists.
2026-05-17 11:14:29,997 - INFO - [Economic Times] Early skip: URL https://economictimes.indiatimes.com/news/economy/policy/rbi-may-keep-rates-unchanged-focus-on-rupee-stability-and-bond-yields/articleshow/130045979.cms already exists.
2026-05-17 11:14:29,998 - INFO - [Economic Times] Early skip: URL https://economictimes.indiatimes.com/news/economy/foreign-trade/japan-to-create-special-cell-to-push-fdi-into-india/articleshow/129933023.cms already exists.
2026-05-17 11:14:29,999 - INFO - [Economic Times] Early skip: URL https://economictimes.indiatimes.com/tech/technology/apple-faces-indian-engineers-bias-lawsuit/articleshow/81694292.cms already exists.
2026-05-17 11:14:30,000 - INFO - [Economic Times] Early skip: URL https://economictimes.indiatimes.com/news/defence/despite-transatlantic-love-fest-eu-charts-third-way-in-ties-with-us-and-china/articleshow/81467467.cms already exists.
2026-05-17 11:14:30,001 - INFO - [Economic Times] Early skip: URL https://economictimes.indiatimes.com/tech/tech-bytes/twitters-india-policy-head-to-step-down-will-transition-in-march/articleshow/80732868.cms already exists.
2026-05-17 11:14:30,002 - INFO - [Economic Times] Early skip: URL https://economictimes.indiatimes.com/tech/tech-and-gadgets/govt-may-keep-rs-7500-cr-outlay-for-it-hardware-manufacturing-under-pli-scheme/articleshow/80333429.cms already exists.
2026-05-17 11:14:30,004 - INFO - [Economic Times] Early skip: URL https://economictimes.indiatimes.com/tech/technology/indian-dating-apps-services-see-surge-of-paying-users-in-small-cities/articleshow/80063342.cms already exists.
2026-05-17 11:14:30,005 - INFO - [Economic Times] Early skip: URL https://economictimes.indiatimes.com/tech/technology/time-for-govt-cos-to-adopt-ai-deloitte-india/articleshow/79981215.cms already exists.
2026-05-17 11:14:30,006 - INFO - [Economic Times] Early skip: URL https://economictimes.indiatimes.com/news/international/global-trends/how-china-may-have-made-lifelong-teetotaler-trump-sip-alcohol/articleshow/131112219.cms already exists.
2026-05-17 11:14:30,008 - INFO - [Economic Times] Early skip: URL https://economictimes.indiatimes.com/news/international/world-news/chinas-marriages-drop-to-decade-low-deepening-demographic-concerns/articleshow/131010156.cms already exists.
2026-05-17 11:14:30,010 - INFO - [Economic Times] Early skip: URL https://economictimes.indiatimes.com/news/international/world-news/us-iran-no-closer-to-ending-war-as-qatari-tanker-sails-toward-strait-of-hormuz/articleshow/130998526.cms already exists.
2026-05-17 11:14:30,011 - INFO - [Economic Times] Early skip: URL https://economictimes.indiatimes.com/news/international/global-trends/u-s-employers-added-a-surprising-115000-jobs-last-month-despite-the-economic-shock-from-iran-war/articleshow/130960476.cms already exists.
2026-05-17 11:14:30,012 - INFO - [Economic Times] Early skip: URL https://economictimes.indiatimes.com/news/international/business/imf-warns-of-inevitable-ai-powered-threats-to-world/articleshow/130920591.cms already exists.
2026-05-17 11:14:30,013 - INFO - [Economic Times] Early skip: URL https://economictimes.indiatimes.com/news/international/business/diageo-springs-a-surprise-sales-climb-on-africa-latin-america/articleshow/130866925.cms already exists.
2026-05-17 11:14:30,014 - INFO - [Economic Times] Early skip: URL https://economictimes.indiatimes.com/news/elections/assembly-elections/assam/done-deal-cm-himanta-biswa-sarma-on-nda-seat-sharing-for-assam-polls/articleshow/128678098.cms already exists.
2026-05-17 11:14:30,016 - INFO - [Economic Times] Early skip: URL https://economictimes.indiatimes.com/news/elections/assembly-elections/bihar/rare-intensive-revision-in-bihar-four-months-before-polls/articleshow/122167501.cms already exists.
2026-05-17 11:14:30,017 - INFO - [Economic Times] Early skip: URL https://economictimes.indiatimes.com/news/elections/assembly-elections/delhi/bjp-accuses-kejriwal-of-sending-voters-hoax-calls-to-mislead/articleshow/117579007.cms already exists.
2026-05-17 11:14:30,018 - INFO - [Economic Times] Early skip: URL https://economictimes.indiatimes.com/news/elections/lok-sabha/india/lok-sabha-election-2024-maharashtra-get-interesting-after-splits-in-shiv-sena-ncp/articleshow/108559788.cms already exists.
2026-05-17 11:14:30,019 - INFO - [Economic Times] Early skip: URL https://economictimes.indiatimes.com/news/elections/lok-sabha/india/modi-charisma-key-factor-in-bjps-bid-to-retain-all-26-seats-in-gujarat/articleshow/108550858.cms already exists.
2026-05-17 11:14:30,020 - INFO - [Economic Times] Early skip: URL https://economictimes.indiatimes.com/news/elections/lok-sabha/india/implementation-of-guarantees-decline-of-brs-favour-congress-in-telangana-bjp-aiming-for-better-show/articleshow/108548569.cms already exists.
2026-05-17 11:14:30,022 - INFO - [Economic Times] Early skip: URL https://economictimes.indiatimes.com/traders-bet-on-calendar-spread-as-nifty-moves-in-a-tight-range/articleshow/6302358.cms already exists.
2026-05-17 11:14:30,023 - INFO - [Economic Times] Early skip: URL https://economictimes.indiatimes.com/nifty-may-find-support-at-5300-level/articleshow/6296017.cms already exists.
2026-05-17 11:14:30,025 - INFO - [Economic Times] Early skip: URL https://economictimes.indiatimes.com/seven-out-of-top-10-asian-small-cap-funds-are-indian/articleshow/6295976.cms already exists.
2026-05-17 11:14:30,027 - INFO - [Economic Times] Early skip: URL https://economictimes.indiatimes.com/inflation-reflects-growth-dynamics-in-india-christopher-wood/articleshow/6274053.cms already exists.
2026-05-17 11:14:30,028 - INFO - [Economic Times] Early skip: URL https://economictimes.indiatimes.com/market-may-trade-in-a-range-but-fiis-seen-sold-on-india/articleshow/6277705.cms already exists.
2026-05-17 11:14:30,029 - INFO - [Economic Times] Early skip: URL https://economictimes.indiatimes.com/dont-bank-only-on-price-to-earning-ratio/articleshow/6278228.cms already exists.
2026-05-17 11:14:30,030 - INFO - [Economic Times] Early skip: URL https://economictimes.indiatimes.com/markets/stocks/recos/prabhudas-lilladher-has-a-reduce-rating-on-infosys/articleshow/3798718.cms already exists.
2026-05-17 11:14:30,031 - INFO - [Economic Times] Early skip: URL https://economictimes.indiatimes.com/markets/stocks/recos/fin-crisis-too-late-and-too-little-done-in-us/articleshow/3794549.cms already exists.
2026-05-17 11:14:30,033 - INFO - [Economic Times] Early skip: URL https://economictimes.indiatimes.com/markets/forex/weak-rupee-takes-its-toll-on-cos-with-huge-foreign-debt/articleshow/3546158.cms already exists.
2026-05-17 11:14:30,034 - INFO - [Economic Times] Early skip: URL https://economictimes.indiatimes.com/markets/stocks/recos/wait-for-more-signals-before-turning-positive/articleshow/3292640.cms already exists.
2026-05-17 11:14:30,035 - INFO - [Economic Times] Early skip: URL https://economictimes.indiatimes.com/news/company/corporate-trends/six-indian-cos-among-businessweeks-top-100-infotech-firms/articleshow/3189334.cms already exists.
2026-05-17 11:14:30,036 - INFO - [Economic Times] Early skip: URL https://economictimes.indiatimes.com/news/company/corporate-trends/indian-firms-slip-in-global-ranking-four-move-out-of-top-500/articleshow/3177077.cms already exists.
2026-05-17 11:14:30,037 - INFO - [Economic Times] Early skip: URL https://economictimes.indiatimes.com/markets/stocks/news/big-daddy-laps-up-cipla-after-q1-nos-beat-forecast/articleshow/6308646.cms already exists.
2026-05-17 11:14:30,038 - INFO - [Economic Times] Early skip: URL https://economictimes.indiatimes.com/markets/stocks/news/old-fox-has-dream-run-on-dalal-street/articleshow/6308631.cms already exists.
2026-05-17 11:14:30,039 - INFO - [Economic Times] Early skip: URL https://economictimes.indiatimes.com/markets/stocks/news/cairn-india-hits-record-high-on-bse-amid-stake-sale-talks/articleshow/6306679.cms already exists.
2026-05-17 11:14:30,041 - INFO - [Economic Times] Early skip: URL https://economictimes.indiatimes.com/markets/stocks/news/vedanta-plunges-5-59-per-cent-on-lse-amid-talks-to-buy-cairn-stake/articleshow/6306526.cms already exists.
2026-05-17 11:14:30,042 - INFO - [Economic Times] Early skip: URL https://economictimes.indiatimes.com/markets/stocks/news/sbi-shares-on-gaining-spree-hit-record-high/articleshow/6306241.cms already exists.
2026-05-17 11:14:30,043 - INFO - [Economic Times] Early skip: URL https://economictimes.indiatimes.com/fm-must-rethink/articleshow/5645094.cms already exists.
2026-05-17 11:14:30,045 - INFO - [Economic Times] Early skip: URL https://economictimes.indiatimes.com/amalgamate-banks/articleshow/5645086.cms already exists.
2026-05-17 11:14:30,046 - INFO - [Economic Times] Early skip: URL https://economictimes.indiatimes.com/managing-data/articleshow/5117958.cms already exists.
2026-05-17 11:14:30,047 - INFO - [Economic Times] Early skip: URL https://economictimes.indiatimes.com/right-technology/articleshow/5117957.cms already exists.
2026-05-17 11:14:30,048 - INFO - [Economic Times] Early skip: URL https://economictimes.indiatimes.com/et-search/articleshow/21646857.cms already exists.
2026-05-17 11:14:30,049 - INFO - [Economic Times] Early skip: URL https://economictimes.indiatimes.com/after-the-oscars-whats-next-for-silent-stars-of-the-artist/articleshow/12075465.cms already exists.
2026-05-17 11:14:30,050 - INFO - [Economic Times] Early skip: URL https://economictimes.indiatimes.com/delhi-world-book-fair-a-fair-like-no-other/articleshow/12028630.cms already exists.
2026-05-17 11:14:30,052 - INFO - [Economic Times] Early skip: URL https://economictimes.indiatimes.com/lk-advanis-gift-makes-its-way-to-state-department-exhibition-hall/articleshow/12017534.cms already exists.
2026-05-17 11:14:30,053 - INFO - [Economic Times] Early skip: URL https://economictimes.indiatimes.com/india-meteorological-department-to-use-dynamic-models-for-forecasts/articleshow/11983844.cms already exists.
2026-05-17 11:14:30,054 - INFO - [Economic Times] Early skip: URL https://economictimes.indiatimes.com/documents-reveal-contents-of-the-first-telegraph-message-between-india-england/articleshow/11976488.cms already exists.
2026-05-17 11:14:30,055 - INFO - [Economic Times] Early skip: URL https://economictimes.indiatimes.com/worried-amitabh-bachchan-fans-pray-to-lord-shiva-for-his-recovery/articleshow/11963187.cms already exists.
2026-05-17 11:14:30,056 - INFO - [Economic Times] Early skip: URL https://economictimes.indiatimes.com/opinion/interviews/every-decision-of-government-neednt-be-a-big-reform-anand-mahindra/articleshow/35919571.cms already exists.
2026-05-17 11:14:30,058 - INFO - [Economic Times] Early skip: URL https://economictimes.indiatimes.com/opinion/interviews/narendra-modi-has-his-eyes-set-on-boosting-business-joao-cravinho-eu-ambassador/articleshow/35973824.cms already exists.
2026-05-17 11:14:30,059 - INFO - [Economic Times] Early skip: URL https://economictimes.indiatimes.com/opinion/interviews/confidence-level-of-industry-improving-kv-kamath-icici-bank/articleshow/35945669.cms already exists.
2026-05-17 11:14:30,060 - INFO - [Economic Times] Early skip: URL https://economictimes.indiatimes.com/opinion/interviews/we-may-see-rapid-growth-over-the-next-few-years-raamdeo-agrawal/articleshow/35831378.cms already exists.
2026-05-17 11:14:30,062 - INFO - [Economic Times] Early skip: URL https://economictimes.indiatimes.com/opinion/interviews/our-commitment-for-press-freedom-and-autonomy-of-public-broadcast-is-absolute-prakash-javadekar/articleshow/35803396.cms already exists.
2026-05-17 11:14:30,063 - INFO - [Economic Times] Early skip: URL https://economictimes.indiatimes.com/opinion/interviews/there-is-a-leadership-vacuum-in-infosys-time-to-get-nandan-nilekani-back-mohandas-pai/articleshow/35716682.cms already exists.
2026-05-17 11:14:30,064 - INFO - [Economic Times] Early skip: URL https://economictimes.indiatimes.com/markets/stocks/news/fpis-pull-out-rs-27000-cr-in-may-2026-outflows-hit-rs-2-2-lakh-cr-mark/articleshow/131149440.cms already exists.
2026-05-17 11:14:30,065 - INFO - [Economic Times] Early skip: URL https://economictimes.indiatimes.com/markets/stocks/news/oil-prices-to-hit-150-how-indian-stock-markets-may-react-as-iran-war-rages-on/articleshow/129587020.cms already exists.
2026-05-17 11:14:30,066 - INFO - [Economic Times] Early skip: URL https://economictimes.indiatimes.com/markets/us-stocks/news/why-a-7030-india-global-portfolio-makes-sense-in-a-changing-world-subho-moulik-decodes/articleshow/127604085.cms already exists.
2026-05-17 11:14:30,067 - INFO - [Economic Times] Early skip: URL https://economictimes.indiatimes.com/markets/expert-view/kaynes-shares-plunge-43-from-october-peak-is-a-tactical-rebound-on-the-cards-or-more-pain-ahead/articleshow/125815992.cms already exists.
2026-05-17 11:14:30,069 - INFO - [Economic Times] Early skip: URL https://economictimes.indiatimes.com/markets/stocks/news/warren-buffett-is-buying-michael-burry-is-shorting-the-ai-trade-splitting-wall-street/articleshow/125815521.cms already exists.
2026-05-17 11:14:30,070 - INFO - [Economic Times] Early skip: URL https://economictimes.indiatimes.com/markets/ipos/fpos/softbank-backed-acevector-files-updated-ipo-papers-targets-to-raise-rs-300-cr-via-fresh-issue/articleshow/125813493.cms already exists.
2026-05-17 11:14:30,071 - INFO - [Economic Times] Early skip: URL https://economictimes.indiatimes.com/markets/stocks/news/alfa-laval-raises-delisting-price-to-rs-2850-a-share/articleshow/11437373.cms already exists.
2026-05-17 11:14:30,072 - INFO - [Economic Times] Early skip: URL https://economictimes.indiatimes.com/markets/stocks/news/db-realty-unitech-stocks-rose-after-top-executives-granted-bail-in-2g-scam/articleshow/10925114.cms already exists.
2026-05-17 11:14:30,073 - INFO - [Economic Times] Early skip: URL https://economictimes.indiatimes.com/markets/stocks/news/fitch-withdraws-reliance-capital-ratings/articleshow/10430814.cms already exists.
2026-05-17 11:14:30,075 - INFO - [Economic Times] Early skip: URL https://economictimes.indiatimes.com/markets/stocks/news/discoms-poor-financial-health-poses-risks-for-power-traders-fitch/articleshow/10430186.cms already exists.
2026-05-17 11:14:30,076 - INFO - [Economic Times] Early skip: URL https://economictimes.indiatimes.com/markets/stocks/news/cigarette-companies-price-hikes-with-higher-volumes-hold-promise/articleshow/9277179.cms already exists.
2026-05-17 11:14:30,077 - INFO - [Economic Times] Early skip: URL https://economictimes.indiatimes.com/markets/stocks/news/lovable-lingeries-dream-run-on-as-traders-lap-it-up/articleshow/8894615.cms already exists.
2026-05-17 11:14:30,078 - INFO - [Economic Times] (Thread) Finished. Attempting to shut down its Selenium driver.
2026-05-17 11:14:30,342 - INFO - [Economic Times] (Thread) driver.quit() successful.
2026-05-17 11:14:45,297 - INFO - DEDUPLICATION: Found match (Score: 0.86). Linking to Cluster ID: c73b7595-72cb-497d-940c-6f380e59ec4c
2026-05-17 11:14:59,496 - INFO - >>> SUCCESSFULLY SAVED [ID: 59794] - At least four people killed in Russia as Ukraine launches retaliatory strikes | Russia | The Guardian from The Guardian (590 words)
2026-05-17 11:15:00,553 - INFO - [The Guardian] Early skip: URL https://www.theguardian.com/world/2026/may/16/andalucia-regional-election-spain-politics-moreno-montero-sanchez already exists.
2026-05-17 11:15:00,554 - INFO - [The Guardian] Early skip: URL https://www.theguardian.com/world/2026/may/17/a-place-for-everybody-stockholm-to-open-its-first-publicly-run-sauna already exists.
2026-05-17 11:15:00,555 - INFO - [The Guardian] Early skip: URL https://www.theguardian.com/world/2026/may/16/people-injured-car-crowd-modena-northern-italy already exists.
2026-05-17 11:15:00,557 - INFO - [The Guardian] Early skip: URL https://www.theguardian.com/world/2026/may/16/israeli-strikes-southern-lebanon-hours-after-extension-of-ceasefire already exists.
2026-05-17 11:15:00,558 - INFO - [The Guardian] Early skip: URL https://www.theguardian.com/world/2026/may/15/israel-and-lebanon-agree-ceasefire-extension-us-says already exists.
2026-05-17 11:15:00,559 - INFO - [The Guardian] Early skip: URL https://www.theguardian.com/film/2026/may/15/extremely-cruel-and-tragic-iranian-director-asghar-farhadi-speaks-out-against-state-violence-and-the-war already exists.
2026-05-17 11:15:00,560 - INFO - [The Guardian] Early skip: URL https://www.theguardian.com/world/2026/may/15/iran-oman-coordinating-management-strait-of-hormuz-tolls-ships already exists.
2026-05-17 11:15:00,561 - INFO - [The Guardian] Early skip: URL https://www.theguardian.com/business/2026/may/15/uae-oil-pipeline-strait-of-hormuz-by-2027 already exists.
2026-05-17 11:15:00,563 - INFO - [The Guardian] Early skip: URL https://www.theguardian.com/us-news/2026/may/14/gautam-adani-billionaire-trump already exists.
2026-05-17 11:15:00,564 - INFO - [The Guardian] Early skip: URL https://www.theguardian.com/us-news/2026/may/08/trump-ally-roger-stone-condemned-for-providing-lobbying-services-to-myanmars-military-junta already exists.
2026-05-17 11:15:00,565 - INFO - [The Guardian] Early skip: URL https://www.theguardian.com/world/2026/may/07/tensions-high-west-bengal-bjp-aide-shot-dead-election-violence already exists.
2026-05-17 11:15:00,566 - INFO - [The Guardian] Early skip: URL https://www.theguardian.com/world/2026/may/06/west-bengal-chief-minister-mamata-banerjee-refuses-to-resign-election-narendra-modi-india already exists.
2026-05-17 11:15:00,567 - INFO - [The Guardian] Early skip: URL https://www.theguardian.com/world/2026/may/04/modis-bjp-party-win-election-west-bengal-first-time already exists.
2026-05-17 11:15:00,569 - INFO - [The Guardian] Article: https://www.theguardian.com/politics/2026/may/17/culture-secretary-lisa-nandy-says-wes-streeting-rejoin-eu-call-odd
2026-05-17 11:15:00,569 - INFO - [The Guardian] Attempt 1/1: Trying with 'requests_browser' strategy...
2026-05-17 11:15:00,635 - INFO - [The Guardian] Success with 'requests_browser'. Found content (691 words).
2026-05-17 11:15:07,592 - INFO - >>> SUCCESSFULLY SAVED [ID: 59795] - The strike that changed the geometry of war | US-Israel war on Iran | Al Jazeera from Al Jazeera (1111 words)
2026-05-17 11:15:08,593 - INFO - [Al Jazeera] Article: https://www.aljazeera.com/news/2026/5/17/two-nepali-sherpa-climbers-break-own-records-on-mount-everest?traffic_source=rss
2026-05-17 11:15:08,593 - INFO - [Al Jazeera] Attempt 1/2: Trying with 'requests_browser' strategy...
2026-05-17 11:15:08,678 - INFO - [Al Jazeera] Success with 'requests_browser'. Found content (420 words).
2026-05-17 11:15:25,046 - INFO - >>> SUCCESSFULLY SAVED [ID: 59796] - FIA arrests two for 'impersonating government officials' in Karachi - Pakistan - DAWN.COM from The Dawn (247 words)
2026-05-17 11:15:25,956 - INFO - [The Dawn] Early skip: URL https://www.dawn.com/news/2000757/anmol-pinky-complains-of-pressure-to-give-false-statements-disputes-official-claim-on-arrest-timing already exists.
2026-05-17 11:15:25,957 - INFO - [The Dawn] Early skip: URL https://www.dawn.com/news/2000823/pakistan-makes-fresh-bid-to-revive-us-iran-talks already exists.
2026-05-17 11:15:25,958 - INFO - [The Dawn] Early skip: URL https://www.dawn.com/news/2000847/seafood-exports-top-500-million already exists.
2026-05-17 11:15:25,960 - INFO - [The Dawn] Early skip: URL https://www.dawn.com/news/2000820/kp-cabinet-expands-as-governor-okays-summary already exists.
2026-05-17 11:15:25,961 - INFO - [The Dawn] Early skip: URL https://www.dawn.com/news/2000822/pti-says-all-united-behind-imran-as-insiders-claim-internal-rifts already exists.
2026-05-17 11:15:25,962 - INFO - [The Dawn] Early skip: URL https://www.dawn.com/news/2000821/woman-cop-poet-killed-in-balochistan-attacks already exists.
2026-05-17 11:15:25,963 - INFO - [The Dawn] Early skip: URL https://www.dawn.com/news/2000816/extended-truce-fails-to-stop-israeli-attacks-on-lebanon already exists.
2026-05-17 11:15:25,964 - INFO - [The Dawn] Early skip: URL https://www.dawn.com/news/2000709/alleged-drug-queenpin-anmol-remanded-into-police-custody-till-may-22-in-narcotics-case already exists.
2026-05-17 11:15:25,966 - INFO - [The Dawn] Early skip: URL https://www.dawn.com/news/2000915/india-scrambles-to-steady-rupee-as-oil-shock-bites already exists.
2026-05-17 11:15:25,967 - INFO - [The Dawn] Early skip: URL https://www.dawn.com/news/2000722/law-minister-tarar-sees-no-indication-of-28th-amendment-for-now already exists.
2026-05-17 11:15:25,968 - INFO - [The Dawn] Early skip: URL https://www.dawn.com/news/2000756/mouth-watering-drinks-punches-hit-taste-buds-at-karachi-beverage-fest already exists.
2026-05-17 11:15:25,969 - INFO - [The Dawn] Early skip: URL https://www.dawn.com/news/2000737/minister-chalks-up-css-failure-rate-to-lack-of-preparation-competitive-nature-of-exam already exists.
2026-05-17 11:15:25,970 - INFO - [The Dawn] Early skip: URL https://www.dawn.com/news/2000743/seven-injured-as-driver-in-italian-city-runs-over-pedestrians already exists.
2026-05-17 11:15:25,971 - INFO - [The Dawn] Early skip: URL https://www.dawn.com/news/2000745/fia-to-probe-agency-raid-on-jewellery-shop-in-karachis-sarafa-bazaar already exists.
2026-05-17 11:15:25,973 - INFO - [The Dawn] Early skip: URL https://www.dawn.com/news/2000676/sindh-lifts-curbs-on-market-timings-minister-says-step-taken-to-facilitate-businesses-citizens already exists.
2026-05-17 11:15:25,974 - INFO - [The Dawn] Early skip: URL https://www.dawn.com/news/2000328/smokers-corner-populism-by-design already exists.
2026-05-17 11:15:25,975 - INFO - [The Dawn] Early skip: URL https://www.dawn.com/news/2000837/beijings-red-lines already exists.
2026-05-17 11:15:25,977 - INFO - [The Dawn] Article: https://www.dawn.com/news/2000841/time-for-legal-diplomacy
2026-05-17 11:15:25,977 - INFO - [The Dawn] Attempt 1/2: Trying with 'requests_browser' strategy...
2026-05-17 11:15:26,101 - ERROR - parsed tree length: 1, wrong data type or not valid HTML
2026-05-17 11:15:26,101 - ERROR - empty HTML tree: None
2026-05-17 11:15:26,101 - WARNING - discarding data: None
2026-05-17 11:15:26,102 - WARNING - [The Dawn] FAILED with 'requests_browser' (content was too short: 0 words).
2026-05-17 11:15:26,665 - INFO - [The Dawn] Article: https://www.dawn.com/news/2000841/time-for-legal-diplomacy
2026-05-17 11:15:26,665 - INFO - [The Dawn] Attempt 2/2: Trying with 'selenium_browser' strategy...
2026-05-17 11:15:27,397 - INFO - [The Dawn] Page content loaded.
2026-05-17 11:15:27,510 - INFO - [The Dawn] Success with 'selenium_browser'. Found content (1021 words).
2026-05-17 11:15:48,792 - INFO - >>> SUCCESSFULLY SAVED [ID: 59797] - Internal deformation detected within ‘rigid’ Indian plate: New study - The Hindu from The Hindu (410 words)
2026-05-17 11:15:49,497 - INFO - [The Hindu] Article: https://www.thehindu.com/news/national/pm-modi-tours-iconic-dutch-dam-eyes-cooperation-in-water-management/article70990095.ece
2026-05-17 11:15:49,498 - INFO - [The Hindu] Attempt 1/1: Trying with 'selenium_browser' strategy...
2026-05-17 11:15:51,100 - INFO - [The Hindu] Page content loaded.
2026-05-17 11:15:51,487 - INFO - [The Hindu] Success with 'selenium_browser'. Found content (240 words).
2026-05-17 11:16:09,512 - INFO - >>> SUCCESSFULLY SAVED [ID: 59798] - 5 longest walls on Earth ranked - and No. 2 is a fortress wall few people know from Times of India (816 words)
2026-05-17 11:16:10,282 - INFO - [Times of India] Article: https://timesofindia.indiatimes.com/world/us/ray-dalios-one-line-formula-for-learning-faster-than-your-competitors/articleshow/131132951.cms
2026-05-17 11:16:10,282 - INFO - [Times of India] Attempt 1/1: Trying with 'selenium_browser' strategy...
2026-05-17 11:16:12,156 - INFO - [Times of India] Page content loaded.
2026-05-17 11:16:12,304 - INFO - [Times of India] Success with 'selenium_browser'. Found content (763 words).
2026-05-17 11:16:31,888 - INFO - >>> SUCCESSFULLY SAVED [ID: 59799] - Culture secretary says Streeting’s call for UK to rejoin EU is ‘odd’ | Labour | The Guardian from The Guardian (691 words)
2026-05-17 11:16:33,210 - INFO - [The Guardian] Early skip: URL https://www.theguardian.com/politics/live/2026/may/17/labour-leadership-keir-starmer-andy-burnham-wes-streeting-uk-politics-live already exists.
2026-05-17 11:16:33,212 - INFO - [The Guardian] Article: https://www.theguardian.com/uk-news/2026/may/17/ian-mckellen-opens-county-durham-theatre-horden-ensemble-84
2026-05-17 11:16:33,212 - INFO - [The Guardian] Attempt 1/1: Trying with 'requests_browser' strategy...
2026-05-17 11:16:33,279 - INFO - [The Guardian] Success with 'requests_browser'. Found content (761 words).
2026-05-17 11:16:52,218 - INFO - >>> SUCCESSFULLY SAVED [ID: 59800] - Two Nepali Sherpa climbers break own records on Mount Everest | Mount Everest News | Al Jazeera from Al Jazeera (420 words)
2026-05-17 11:16:53,549 - INFO - [Al Jazeera] Early skip: URL https://www.aljazeera.com/sports/2026/5/17/egyptian-teen-amina-orfi-beats-el-sherbini-to-win-psa-world-squash-title?traffic_source=rss already exists.
2026-05-17 11:16:53,550 - INFO - [Al Jazeera] Early skip: URL https://www.aljazeera.com/sports/2026/5/17/how-arsenal-or-man-city-can-clinch-premier-league-title-with-two-games-left?traffic_source=rss already exists.
2026-05-17 11:16:53,551 - INFO - [Al Jazeera] Early skip: URL https://www.aljazeera.com/news/2026/5/17/at-least-four-killed-in-ukrainian-drone-attacks-on-russia?traffic_source=rss already exists.
2026-05-17 11:16:53,553 - INFO - [Al Jazeera] Article: https://www.aljazeera.com/sports/2026/5/17/conor-mcgregor-to-fight-max-holloway-in-ufc-return-on-july-11?traffic_source=rss
2026-05-17 11:16:53,553 - INFO - [Al Jazeera] Attempt 1/2: Trying with 'requests_browser' strategy...
2026-05-17 11:16:53,613 - INFO - [Al Jazeera] Success with 'requests_browser'. Found content (326 words).
2026-05-17 11:17:09,938 - INFO - >>> SUCCESSFULLY SAVED [ID: 59801] - Time for ‘legal diplomacy’ - Newspaper - DAWN.COM from The Dawn (1021 words)
2026-05-17 11:17:10,908 - INFO - [The Dawn] Article: https://www.dawn.com/news/2000818/situationer-panda-bond-financial-breathing-space-or-catalyst-for-reform
2026-05-17 11:17:10,908 - INFO - [The Dawn] Attempt 1/2: Trying with 'requests_browser' strategy...
2026-05-17 11:17:10,958 - INFO - [The Dawn] Success with 'requests_browser'. Found content (1417 words).
2026-05-17 11:17:30,068 - INFO - >>> SUCCESSFULLY SAVED [ID: 59802] - PM Modi in Netherlands: Indian leaves tours the Dutch Afsluitdijk Dam - The Hindu from The Hindu (240 words)
2026-05-17 11:17:31,446 - INFO - [The Hindu] Article: https://www.thehindu.com/news/national/andhra-pradesh/ap-cm-naidus-call-for-third-child-is-pragmatic-says-tdp-mp/article70990069.ece
2026-05-17 11:17:31,446 - INFO - [The Hindu] Attempt 1/1: Trying with 'selenium_browser' strategy...
2026-05-17 11:17:32,239 - INFO - [The Hindu] Page content loaded.
2026-05-17 11:17:34,585 - INFO - [The Hindu] Success with 'selenium_browser'. Found content (300 words).
2026-05-17 11:17:51,750 - INFO - >>> SUCCESSFULLY SAVED [ID: 59803] - Ray Dalio’s one-line formula for learning faster than your competitors from Times of India (763 words)
2026-05-17 11:17:52,525 - INFO - [Times of India] Article: https://timesofindia.indiatimes.com/world/us/how-nike-founder-phil-knights-2-billion-gift-is-reshaping-cancer-care-in-america/articleshow/131132948.cms
2026-05-17 11:17:52,525 - INFO - [Times of India] Attempt 1/1: Trying with 'selenium_browser' strategy...
2026-05-17 11:17:53,804 - INFO - [Times of India] Page content loaded.
2026-05-17 11:17:53,958 - INFO - [Times of India] Success with 'selenium_browser'. Found content (644 words).
2026-05-17 11:18:13,773 - INFO - >>> SUCCESSFULLY SAVED [ID: 59804] - Ian McKellen ‘emotional’ as he opens County Durham theatre space | County Durham | The Guardian from The Guardian (761 words)
2026-05-17 11:18:15,095 - INFO - [The Guardian] Early skip: URL https://www.theguardian.com/society/2026/may/17/disposable-vapes-suez-uk already exists.
2026-05-17 11:18:15,096 - INFO - [The Guardian] Early skip: URL https://www.theguardian.com/uk-news/2026/may/17/yvette-cooper-palestine-action-article-despite-cps-warning-trial already exists.
2026-05-17 11:18:15,099 - INFO - [The Guardian] Article: https://www.theguardian.com/us-news/2026/may/17/trump-washington-dc-reflecting-pool
2026-05-17 11:18:15,099 - INFO - [The Guardian] Attempt 1/1: Trying with 'requests_browser' strategy...
2026-05-17 11:18:15,160 - INFO - [The Guardian] Success with 'requests_browser'. Found content (979 words).
2026-05-17 11:18:34,439 - INFO - >>> SUCCESSFULLY SAVED [ID: 59805] - Conor McGregor to fight Max Holloway in UFC return on July 11 | Mixed Martial Arts News | Al Jazeera from Al Jazeera (326 words)
2026-05-17 11:18:35,576 - INFO - [Al Jazeera] Article: https://www.aljazeera.com/video/newsfeed/2026/5/17/al-jazeera-reports-from-strait-of-hormuz-on-irans-plan-to-manage-shipping?traffic_source=rss
2026-05-17 11:18:35,576 - INFO - [Al Jazeera] Attempt 1/2: Trying with 'requests_browser' strategy...
2026-05-17 11:18:35,620 - WARNING - [Al Jazeera] FAILED with 'requests_browser' (content was too short: 74 words).
2026-05-17 11:18:36,610 - INFO - [Al Jazeera] Article: https://www.aljazeera.com/video/newsfeed/2026/5/17/al-jazeera-reports-from-strait-of-hormuz-on-irans-plan-to-manage-shipping?traffic_source=rss
2026-05-17 11:18:36,610 - INFO - [Al Jazeera] Attempt 2/2: Trying with 'selenium_browser' strategy...
2026-05-17 11:18:37,484 - INFO - [Al Jazeera] Page content loaded.
2026-05-17 11:18:37,563 - WARNING - [Al Jazeera] FAILED with 'selenium_browser' (content was too short: 74 words).
2026-05-17 11:18:37,563 - ERROR - [Al Jazeera] All scrape strategies failed for https://www.aljazeera.com/video/newsfeed/2026/5/17/al-jazeera-reports-from-strait-of-hormuz-on-irans-plan-to-manage-shipping?traffic_source=rss. Falling back to RSS description.
2026-05-17 11:18:37,563 - WARNING - SKIPPED (GLOBAL WORD LIMIT): Article 'Al Jazeera reports from Strait of Hormuz on Iran’s plan to manage shipping' from Al Jazeera has only 16 words (Min: 90).
2026-05-17 11:18:38,890 - INFO - [Al Jazeera] Article: https://www.aljazeera.com/news/2026/5/17/bulgaria-wins-eurovision-for-first-time-israel-comes-second-amid-boycott?traffic_source=rss
2026-05-17 11:18:38,890 - INFO - [Al Jazeera] Attempt 1/2: Trying with 'requests_browser' strategy...
2026-05-17 11:18:38,965 - INFO - [Al Jazeera] Success with 'requests_browser'. Found content (425 words).
2026-05-17 11:18:47,931 - CRITICAL - --- TIMEOUT: 5 scrape jobs did not complete in 300s. ---
2026-05-17 11:18:47,931 - ERROR - A thread has timed out and will be abandoned.
2026-05-17 11:18:47,931 - ERROR - A thread has timed out and will be abandoned.
2026-05-17 11:18:47,931 - ERROR - A thread has timed out and will be abandoned.
2026-05-17 11:18:47,931 - ERROR - A thread has timed out and will be abandoned.
2026-05-17 11:18:47,931 - ERROR - A thread has timed out and will be abandoned.
2026-05-17 11:18:47,931 - INFO - Shutting down thread pool (wait=False)...
2026-05-17 11:18:47,931 - INFO - Scraped: 0 BBC, 0 TechCrunch, 1 Economic Times, 5 Timed_Out_Jobs articles. (Total saved: 1)
2026-05-17 11:18:47,932 - INFO - --- Scraping job finished ---
2026-05-17 11:18:47,932 - INFO - --- Scraper service stopped. ---
2026-05-17 11:18:47,932 - INFO - --- Main thread finished. Forcing process exit to kill zombie threads. ---
