2026-01-14 14:29:13,804 - INFO - Loading AI Semantic Model (all-MiniLM-L6-v2)...
2026-01-14 14:29:13,804 - INFO - Use pytorch device_name: cpu
2026-01-14 14:29:13,804 - INFO - Load pretrained SentenceTransformer: all-MiniLM-L6-v2
2026-01-14 14:29:14,580 - INFO - AI Model loaded successfully.
2026-01-14 14:29:14,580 - INFO - --- Scraper service started (CI Mode: Run Once) ---
2026-01-14 14:29:14,580 - INFO - --- Starting new scraping job (Parallel Mode) ---
2026-01-14 14:29:14,580 - INFO - Creating new robust session with 3 retries on 5xx/connection/read errors.
2026-01-14 14:29:14,580 - INFO - Proxy is DISABLED.
2026-01-14 14:29:14,581 - INFO - Starting scrape for BBC RSS feed: http://feeds.bbci.co.uk/news/world/rss.xml
2026-01-14 14:29:14,582 - INFO - [Times of India] (Thread) requires Selenium. Initializing driver...
2026-01-14 14:29:14,582 - INFO - Starting scrape for The Guardian RSS feed: https://www.theguardian.com/world/rss
2026-01-14 14:29:14,583 - INFO - [The Hindu] (Thread) requires Selenium. Initializing driver...
2026-01-14 14:29:14,583 - INFO - Submitted 4 jobs to thread pool. Waiting up to 300s for completion...
2026-01-14 14:29:14,652 - INFO - Found 27 articles in BBC RSS feed. Processing up to 30.
2026-01-14 14:29:14,654 - INFO - [BBC] Early skip: URL https://www.bbc.com/news/articles/cqj2qgw8w08o?at_medium=RSS&at_campaign=rss already exists.
2026-01-14 14:29:14,676 - INFO - Found 45 articles in The Guardian RSS feed. Processing up to 30.
2026-01-14 14:29:14,797 - INFO - [The Guardian] Early skip: URL https://www.theguardian.com/us-news/2026/jan/13/trump-administration-ends-tps-somalia already exists.
2026-01-14 14:29:14,904 - INFO - [BBC] Early skip: URL https://www.bbc.com/news/articles/ceqz7v1507ro?at_medium=RSS&at_campaign=rss already exists.
2026-01-14 14:29:15,122 - INFO - [The Guardian] Early skip: URL https://www.theguardian.com/business/2026/jan/13/developing-countries-poorer-world-bank-report already exists.
2026-01-14 14:29:15,293 - INFO - [BBC] Early skip: URL https://www.bbc.com/news/articles/cpqyn58v0dxo?at_medium=RSS&at_campaign=rss already exists.
2026-01-14 14:29:15,444 - INFO - [The Guardian] Early skip: URL https://www.theguardian.com/books/2026/jan/12/chimamanda-ngozi-adichie-accuses-lagos-hospital-negligence-son-death already exists.
2026-01-14 14:29:15,593 - INFO - [BBC] Early skip: URL https://www.bbc.com/news/articles/c9wx1v84rzyo?at_medium=RSS&at_campaign=rss already exists.
2026-01-14 14:29:15,777 - INFO - [The Guardian] Early skip: URL https://www.theguardian.com/global-development/2026/jan/09/the-gambia-female-genital-mutilation-fgm-supreme-court-case-overturn-ban already exists.
2026-01-14 14:29:15,917 - INFO - [BBC] Early skip: URL https://www.bbc.com/news/articles/c041de5gn02o?at_medium=RSS&at_campaign=rss already exists.
2026-01-14 14:29:16,046 - INFO - [The Guardian] Early skip: URL https://www.theguardian.com/world/2026/jan/08/questions-targeting-impact-us-airstrikes-in-nigeria already exists.
2026-01-14 14:29:16,278 - INFO - [BBC] Early skip: URL https://www.bbc.com/news/articles/c62vd7542rno?at_medium=RSS&at_campaign=rss already exists.
2026-01-14 14:29:16,388 - INFO - [The Guardian] Article: https://www.theguardian.com/world/2026/jan/14/venezuelan-political-prisoners-released
2026-01-14 14:29:16,388 - INFO - [The Guardian] Attempt 1/1: Trying with 'requests_browser' strategy...
2026-01-14 14:29:16,390 - INFO - [BBC] Article: https://www.bbc.com/sport/tennis/articles/ckgyl1ndw57o?at_medium=RSS&at_campaign=rss
2026-01-14 14:29:16,390 - INFO - [BBC] Attempt 1/1: Trying with 'requests_browser' strategy...
2026-01-14 14:29:16,414 - INFO - [The Guardian] Success with 'requests_browser'. Found content (668 words).
2026-01-14 14:29:16,592 - INFO - [BBC] Success with 'requests_browser'. Found content (866 words).
2026-01-14 14:29:23,181 - INFO - Selenium driver initialized successfully.
2026-01-14 14:29:23,182 - INFO - Starting scrape for The Hindu RSS feed: https://www.thehindu.com/news/national/feeder/default.rss
2026-01-14 14:29:23,183 - INFO - Selenium driver initialized successfully.
2026-01-14 14:29:23,183 - INFO - Starting scrape for Times of India RSS feed: https://timesofindia.indiatimes.com/rssfeeds/296589292.cms
2026-01-14 14:29:23,397 - INFO - Found 100 articles in The Hindu RSS feed. Processing up to 30.
2026-01-14 14:29:23,454 - INFO - Found 20 articles in Times of India RSS feed. Processing up to 30.
2026-01-14 14:29:29,532 - INFO - DEDUPLICATION: Found match (Score: 0.80). Linking to Cluster ID: ef9c6310-ce33-4543-bdc6-5a7ad8a8546e
2026-01-14 14:29:29,535 - INFO - Saved article: Venezuelan regime touts ‘mass release’ of political prisoners but many say repression continues | Venezuela | The Guardian from The Guardian (668 words)
2026-01-14 14:29:42,309 - INFO - Saved article: Australian Open Million Dollar One Point Slam: Amateur Jordan Smith stuns world's best - BBC Sport from BBC (866 words)
2026-01-14 14:29:42,309 - INFO - [The Hindu] Article: https://www.thehindu.com/news/cities/Hyderabad/four-arrested-29-kg-of-ganja-seized-in-separate-enforcement-operations-in-telangana/article70509659.ece
2026-01-14 14:29:42,309 - INFO - [The Hindu] Attempt 1/1: Trying with 'selenium_browser' strategy...
2026-01-14 14:29:42,310 - INFO - [Times of India] Article: https://timesofindia.indiatimes.com/world/us/cosplaying-nazism-outrage-erupts-as-kristi-noems-dhs-podium-echoes-phrase-tied-to-nazi-ideology/articleshow/126526613.cms
2026-01-14 14:29:42,310 - INFO - [Times of India] Attempt 1/1: Trying with 'selenium_browser' strategy...
2026-01-14 14:29:42,311 - INFO - [The Guardian] Early skip: URL https://www.theguardian.com/environment/2026/jan/12/us-plan-to-exploit-venezuelas-oil-could-eat-up-13-of-carbon-budget-to-keep-15c-limit already exists.
2026-01-14 14:29:42,493 - INFO - [The Guardian] Early skip: URL https://www.theguardian.com/world/2026/jan/12/trump-latin-america-feud-colombia-gustavo-petro already exists.
2026-01-14 14:29:42,738 - INFO - [The Guardian] Early skip: URL https://www.theguardian.com/us-news/2026/jan/12/us-oil-producers-global-supply-glut-venezuela already exists.
2026-01-14 14:29:42,857 - INFO - [The Guardian] Early skip: URL https://www.theguardian.com/world/2026/jan/12/carney-heads-to-beijing-as-trump-america-first-agenda-forces-canada-into-trade-rethink already exists.
2026-01-14 14:29:42,959 - INFO - [The Guardian] Early skip: URL https://www.theguardian.com/world/2026/jan/14/thailand-train-crane-accident-deaths already exists.
2026-01-14 14:29:43,208 - INFO - [The Guardian] Early skip: URL https://www.theguardian.com/world/2026/jan/13/south-korean-prosecutors-demand-death-penalty-for-former-president-yoon-suk-yeol already exists.
2026-01-14 14:29:43,359 - INFO - [The Guardian] Early skip: URL https://www.theguardian.com/music/2026/jan/14/bts-announces-return-with-new-world-tourm-includin-in-2026-and-2027 already exists.
2026-01-14 14:29:43,500 - INFO - [The Guardian] Early skip: URL https://www.theguardian.com/world/2026/jan/13/workers-at-chinese-factory-that-produces-labubu-toys-are-being-exploited-says-ngo already exists.
2026-01-14 14:29:43,706 - INFO - [The Guardian] Early skip: URL https://www.theguardian.com/world/2026/jan/13/china-europe-pressure-block-taiwanese-politicians-visas already exists.
2026-01-14 14:29:43,822 - INFO - [The Guardian] Article: https://www.theguardian.com/australia-news/2026/jan/15/nsw-logging-halted-greater-glider-den-trees-found
2026-01-14 14:29:43,822 - INFO - [The Guardian] Attempt 1/1: Trying with 'requests_browser' strategy...
2026-01-14 14:29:43,822 - INFO - [BBC] Early skip: URL https://www.bbc.com/news/articles/c5y47pyp906o?at_medium=RSS&at_campaign=rss already exists.
2026-01-14 14:29:43,896 - INFO - [The Guardian] Success with 'requests_browser'. Found content (774 words).
2026-01-14 14:29:44,045 - INFO - [BBC] Early skip: URL https://www.bbc.com/news/articles/cx2wle7028ko?at_medium=RSS&at_campaign=rss already exists.
2026-01-14 14:29:44,155 - INFO - [BBC] Early skip: URL https://www.bbc.com/news/articles/c0lx49z8ly6o?at_medium=RSS&at_campaign=rss already exists.
2026-01-14 14:29:44,317 - INFO - [BBC] Early skip: URL https://www.bbc.com/news/articles/cqj2qg70px9o?at_medium=RSS&at_campaign=rss already exists.
2026-01-14 14:29:44,588 - INFO - [BBC] Early skip: URL https://www.bbc.com/news/articles/c1dknn00v3eo?at_medium=RSS&at_campaign=rss already exists.
2026-01-14 14:29:44,731 - INFO - [BBC] Early skip: URL https://www.bbc.com/news/articles/c5y5p9rzd4ko?at_medium=RSS&at_campaign=rss already exists.
2026-01-14 14:29:44,963 - INFO - [BBC] Early skip: URL https://www.bbc.com/news/articles/cql40ze5pkpo?at_medium=RSS&at_campaign=rss already exists.
2026-01-14 14:29:47,883 - INFO - [The Hindu] Page content loaded.
2026-01-14 14:29:48,011 - INFO - [The Hindu] Success with 'selenium_browser'. Found content (355 words).
2026-01-14 14:30:16,939 - INFO - Saved article: Former NSW Labor minister condemns Forestry Corporation after greater glider ‘den trees’ found at planned logging site | New South Wales politics | The Guardian from The Guardian (774 words)
2026-01-14 14:30:16,939 - INFO - [BBC] Early skip: URL https://www.bbc.com/news/articles/cg4erx1n04lo?at_medium=RSS&at_campaign=rss already exists.
2026-01-14 14:30:33,046 - INFO - Saved article: Four arrested, 29 kg of ganja seized in separate enforcement operations in Telangana - The Hindu from The Hindu (355 words)
2026-01-14 14:30:33,047 - INFO - [BBC] Early skip: URL https://www.bbc.com/news/articles/c07xdv0mggzo?at_medium=RSS&at_campaign=rss already exists.
2026-01-14 14:30:33,230 - INFO - [The Guardian] Article: https://www.theguardian.com/australia-news/2026/jan/15/australian-chapter-of-islamist-group-hizb-ut-tahrir-has-no-plans-to-disband-before-labors-hate-speech-laws
2026-01-14 14:30:33,230 - INFO - [The Guardian] Attempt 1/1: Trying with 'requests_browser' strategy...
2026-01-14 14:30:33,231 - INFO - [BBC] Early skip: URL https://www.bbc.com/news/articles/cgm4w1g3dggo?at_medium=RSS&at_campaign=rss already exists.
2026-01-14 14:30:33,358 - INFO - [The Guardian] Success with 'requests_browser'. Found content (714 words).
2026-01-14 14:30:33,539 - INFO - [BBC] Early skip: URL https://www.bbc.com/news/articles/cedwgn4pqv4o?at_medium=RSS&at_campaign=rss already exists.
2026-01-14 14:30:48,340 - INFO - Saved article: Australian chapter of Islamist group Hizb ut-Tahrir has no plans to disband before Labor’s hate speech laws | Australian politics | The Guardian from The Guardian (714 words)
2026-01-14 14:30:48,340 - INFO - [BBC] Early skip: URL https://www.bbc.com/news/articles/c98pj370mjjo?at_medium=RSS&at_campaign=rss already exists.
2026-01-14 14:30:48,462 - INFO - [The Hindu] Article: https://www.thehindu.com/news/cities/chennai/first-deck-slab-of-anna-salai-flyover-placed/article70506476.ece
2026-01-14 14:30:48,462 - INFO - [The Hindu] Attempt 1/1: Trying with 'selenium_browser' strategy...
2026-01-14 14:30:48,463 - INFO - [BBC] Early skip: URL https://www.bbc.com/news/articles/cj0nm44g361o?at_medium=RSS&at_campaign=rss already exists.
2026-01-14 14:30:48,746 - INFO - [BBC] Early skip: URL https://www.bbc.com/news/articles/cy05p07pwd2o?at_medium=RSS&at_campaign=rss already exists.
2026-01-14 14:30:48,966 - INFO - [BBC] Article: https://www.bbc.com/news/videos/cd7z8p0nq8jo?at_medium=RSS&at_campaign=rss
2026-01-14 14:30:48,966 - INFO - [BBC] Attempt 1/1: Trying with 'requests_browser' strategy...
2026-01-14 14:30:49,130 - INFO - [BBC] Success with 'requests_browser'. Found content (116 words).
2026-01-14 14:30:49,141 - INFO - [The Guardian] Early skip: URL https://www.theguardian.com/australia-news/2026/jan/14/randa-abdel-fattah-defamation-concerns-notice-peter-malinauskas-sa-premier already exists.
2026-01-14 14:30:49,263 - INFO - [The Guardian] Early skip: URL https://www.theguardian.com/australia-news/2026/jan/14/senior-liberals-urge-colleagues-to-vote-against-labors-hate-speech-and-gun-laws-in-wake-of-bondi-terror-attack-ntwnfb already exists.
2026-01-14 14:30:52,610 - INFO - [The Hindu] Page content loaded.
2026-01-14 14:30:52,809 - INFO - [The Hindu] Success with 'selenium_browser'. Found content (265 words).
2026-01-14 14:31:06,364 - INFO - DEDUPLICATION: Found match (Score: 0.85). Linking to Cluster ID: c3bc1625-4c62-4370-816b-e6d016ca6fb6
2026-01-14 14:31:06,367 - INFO - Saved article: 'Grim scene': BBC on site after crane collapses on train in Thailand from BBC (116 words)
2026-01-14 14:31:06,367 - INFO - [The Guardian] Early skip: URL https://www.theguardian.com/australia-news/2026/jan/14/australia-exposed-iranian-asylum-seeker-to-torture-on-manus-un-says already exists.
2026-01-14 14:31:20,899 - INFO - Saved article: First deck slab of Anna Salai flyover placed - The Hindu from The Hindu (265 words)
2026-01-14 14:31:20,900 - INFO - [The Guardian] Article: https://www.theguardian.com/world/2026/jan/14/yulia-tymoshenko-reportedly-accused-bribe-mps-ukraine
2026-01-14 14:31:20,900 - INFO - [The Guardian] Attempt 1/1: Trying with 'requests_browser' strategy...
2026-01-14 14:31:20,902 - INFO - [BBC] Article: https://www.bbc.com/news/videos/c4g0d892p7go?at_medium=RSS&at_campaign=rss
2026-01-14 14:31:20,902 - INFO - [BBC] Attempt 1/1: Trying with 'requests_browser' strategy...
2026-01-14 14:31:20,937 - INFO - [The Guardian] Success with 'requests_browser'. Found content (724 words).
2026-01-14 14:31:21,010 - WARNING - [BBC] FAILED with 'requests_browser' (content was too short: 68 words).
2026-01-14 14:31:21,010 - ERROR - [BBC] All scrape strategies failed for https://www.bbc.com/news/videos/c4g0d892p7go?at_medium=RSS&at_campaign=rss. Falling back to RSS description.
2026-01-14 14:31:21,010 - WARNING - SKIPPED (GLOBAL WORD LIMIT): Article 'Trump vows 'very strong action' if Iran executes protesters' from BBC has only 22 words (Min: 90).
2026-01-14 14:31:35,212 - INFO - Saved article: Yulia Tymoshenko reportedly accused of scheming to bribe Ukrainian MPs | Yulia Tymoshenko | The Guardian from The Guardian (724 words)
2026-01-14 14:31:35,212 - INFO - [BBC] Early skip: URL https://www.bbc.com/news/videos/cr57v8y9r77o?at_medium=RSS&at_campaign=rss already exists.
2026-01-14 14:31:35,499 - INFO - [The Hindu] Article: https://www.thehindu.com/news/national/karnataka/800-students-participate-in-kletu-engineering-innovation-exhibitions/article70505901.ece
2026-01-14 14:31:35,499 - INFO - [The Hindu] Attempt 1/1: Trying with 'selenium_browser' strategy...
2026-01-14 14:31:35,500 - INFO - [BBC] Article: https://www.bbc.com/news/videos/c87r3122v02o?at_medium=RSS&at_campaign=rss
2026-01-14 14:31:35,500 - INFO - [BBC] Attempt 1/1: Trying with 'requests_browser' strategy...
2026-01-14 14:31:35,562 - WARNING - [BBC] FAILED with 'requests_browser' (content was too short: 77 words).
2026-01-14 14:31:35,562 - ERROR - [BBC] All scrape strategies failed for https://www.bbc.com/news/videos/c87r3122v02o?at_medium=RSS&at_campaign=rss. Falling back to RSS description.
2026-01-14 14:31:35,562 - WARNING - SKIPPED (GLOBAL WORD LIMIT): Article ''Now there's the threat of executions' in Iran' from BBC has only 20 words (Min: 90).
2026-01-14 14:31:36,289 - INFO - [The Hindu] Page content loaded.
2026-01-14 14:31:36,290 - INFO - [BBC] Article: https://www.bbc.com/news/videos/c2e134xz2rjo?at_medium=RSS&at_campaign=rss
2026-01-14 14:31:36,290 - INFO - [BBC] Attempt 1/1: Trying with 'requests_browser' strategy...
2026-01-14 14:31:36,388 - WARNING - [BBC] FAILED with 'requests_browser' (content was too short: 79 words).
2026-01-14 14:31:36,389 - ERROR - [BBC] All scrape strategies failed for https://www.bbc.com/news/videos/c2e134xz2rjo?at_medium=RSS&at_campaign=rss. Falling back to RSS description.
2026-01-14 14:31:36,392 - WARNING - SKIPPED (GLOBAL WORD LIMIT): Article 'Mortuary videos show how deadly Iran crackdown has become' from BBC has only 26 words (Min: 90).
2026-01-14 14:31:36,419 - INFO - [The Hindu] Success with 'selenium_browser'. Found content (179 words).
2026-01-14 14:31:42,411 - ERROR - [Times of India] Request failed for strategy 'selenium_browser' on URL https://timesofindia.indiatimes.com/world/us/cosplaying-nazism-outrage-erupts-as-kristi-noems-dhs-podium-echoes-phrase-tied-to-nazi-ideology/articleshow/126526613.cms: HTTPConnectionPool(host='localhost', port=56167): Read timed out. (read timeout=120)
2026-01-14 14:31:42,411 - ERROR - [Times of India] All scrape strategies failed for https://timesofindia.indiatimes.com/world/us/cosplaying-nazism-outrage-erupts-as-kristi-noems-dhs-podium-echoes-phrase-tied-to-nazi-ideology/articleshow/126526613.cms. Falling back to RSS description.
2026-01-14 14:31:42,411 - WARNING - SKIPPED (GLOBAL WORD LIMIT): Article ''Cosplaying Nazism': Outrage erupts as Kristi Noem’s DHS podium echoes phrase tied to Nazi ideology' from Times of India has only 51 words (Min: 90).
2026-01-14 14:31:51,738 - INFO - Saved article: 800 students participate in KLETU engineering innovation exhibitions - The Hindu from The Hindu (179 words)
2026-01-14 14:31:51,738 - INFO - [The Guardian] Early skip: URL https://www.theguardian.com/world/live/2026/jan/14/denmark-greenland-us-latest-news-updates-europe-live-trump already exists.
2026-01-14 14:31:51,969 - INFO - [BBC] Early skip: URL https://www.bbc.com/news/videos/czx3yn0467ro?at_medium=RSS&at_campaign=rss already exists.
2026-01-14 14:31:52,074 - INFO - [Times of India] Article: https://timesofindia.indiatimes.com/world/us/renee-goods-family-breaks-silence-on-criminal-history-after-ice-minneapolis-shooting-weve-seen-the-false-claims-and/articleshow/126527996.cms
2026-01-14 14:31:52,074 - INFO - [Times of India] Attempt 1/1: Trying with 'selenium_browser' strategy...
2026-01-14 14:31:52,075 - INFO - [The Guardian] Article: https://www.theguardian.com/world/2026/jan/14/france-data-deaths-birthrate-ageing-population
2026-01-14 14:31:52,075 - INFO - [The Guardian] Attempt 1/1: Trying with 'requests_browser' strategy...
2026-01-14 14:31:52,192 - INFO - [The Guardian] Success with 'requests_browser'. Found content (449 words).
2026-01-14 14:32:06,201 - INFO - Saved article: France records more deaths than births for first time since end of second world war | Population | The Guardian from The Guardian (449 words)
2026-01-14 14:32:06,201 - INFO - [The Hindu] Article: https://www.thehindu.com/news/national/india-passive-euthanasia-supreme-court-final-order-man-family-meet/article70509666.ece
2026-01-14 14:32:06,201 - INFO - [The Hindu] Attempt 1/1: Trying with 'selenium_browser' strategy...
2026-01-14 14:32:07,484 - INFO - [The Guardian] Early skip: URL https://www.theguardian.com/world/2026/jan/14/ukraine-buy-weapons-non-european-suppliers-90bn-eu-loan already exists.
2026-01-14 14:32:07,554 - INFO - [The Hindu] Page content loaded.
2026-01-14 14:32:07,603 - INFO - [The Hindu] Success with 'selenium_browser'. Found content (822 words).
2026-01-14 14:32:07,678 - INFO - [The Guardian] Early skip: URL https://www.theguardian.com/world/2026/jan/14/greenland-us-trump-talks-denmark already exists.
2026-01-14 14:32:07,949 - INFO - [The Guardian] Early skip: URL https://www.theguardian.com/world/live/2026/jan/14/iran-protests-live-updates-trump-us-action-death-toll-protester-executions-erfan-soltani already exists.
2026-01-14 14:32:21,999 - INFO - Saved article: Supreme Court schedules plea for passive euthanasia of man for 'final order' on January 15 after judges meet family - The Hindu from The Hindu (822 words)
2026-01-14 14:32:21,999 - INFO - [The Guardian] Early skip: URL https://www.theguardian.com/world/2026/jan/14/iran-protests-what-we-know-so-far-about-the-the-spiralling-anti-government-protests already exists.
2026-01-14 14:32:22,229 - INFO - [The Guardian] Early skip: URL https://www.theguardian.com/world/2026/jan/14/gaza-storms-kill-palestinians-makeshift-camps already exists.
2026-01-14 14:32:22,364 - INFO - [The Guardian] Early skip: URL https://www.theguardian.com/world/live/2026/jan/13/iran-protest-crackdown-regime-crisis-us-donald-trump-tariffs-latest-updates already exists.
2026-01-14 14:32:22,600 - INFO - [The Guardian] Early skip: URL https://www.theguardian.com/world/2026/jan/13/keir-starmer-offered-place-on-trumps-gaza-peace-board already exists.
2026-01-14 14:32:23,417 - INFO - [The Hindu] Article: https://www.thehindu.com/news/national/kerala/kerala-muslim-jamaats-statewide-rally-to-conclude-on-friday/article70510002.ece
2026-01-14 14:32:23,417 - INFO - [The Hindu] Attempt 1/1: Trying with 'selenium_browser' strategy...
2026-01-14 14:32:24,410 - INFO - [The Hindu] Page content loaded.
2026-01-14 14:32:24,467 - INFO - [The Hindu] Success with 'selenium_browser'. Found content (152 words).
2026-01-14 14:32:39,379 - INFO - Saved article: Kerala Muslim Jamaat’s Statewide rally to conclude on Friday - The Hindu from The Hindu (152 words)
2026-01-14 14:32:40,286 - INFO - [The Hindu] Article: https://www.thehindu.com/news/national/kerala/nuns-in-kuravilangad-convent-receive-ration-cards/article70510048.ece
2026-01-14 14:32:40,286 - INFO - [The Hindu] Attempt 1/1: Trying with 'selenium_browser' strategy...
2026-01-14 14:32:41,398 - INFO - [The Hindu] Page content loaded.
2026-01-14 14:32:41,443 - INFO - [The Hindu] Success with 'selenium_browser'. Found content (250 words).
2026-01-14 14:32:56,790 - INFO - Saved article: Nuns in Kuravilangad convent receive ration cards - The Hindu from The Hindu (250 words)
2026-01-14 14:32:58,106 - INFO - [The Hindu] Article: https://www.thehindu.com/news/national/andhra-pradesh/temples-celebrate-godadevi-kalyanam-bhogi-in-vizianagaram-srikakulam/article70508193.ece
2026-01-14 14:32:58,106 - INFO - [The Hindu] Attempt 1/1: Trying with 'selenium_browser' strategy...
2026-01-14 14:32:59,158 - INFO - [The Hindu] Page content loaded.
2026-01-14 14:32:59,199 - INFO - [The Hindu] Success with 'selenium_browser'. Found content (170 words).
2026-01-14 14:33:14,376 - INFO - Saved article: Temples celebrate Godadevi Kalyanam, Bhogi in Vizianagaram, Srikakulam - The Hindu from The Hindu (170 words)
2026-01-14 14:33:15,635 - INFO - [The Hindu] Article: https://www.thehindu.com/news/cities/kolkata/signature-campaign-manages-to-save-70-year-old-tamarind-tree-in-kolkata/article70508721.ece
2026-01-14 14:33:15,635 - INFO - [The Hindu] Attempt 1/1: Trying with 'selenium_browser' strategy...
2026-01-14 14:33:16,698 - INFO - [The Hindu] Page content loaded.
2026-01-14 14:33:16,744 - INFO - [The Hindu] Success with 'selenium_browser'. Found content (496 words).
2026-01-14 14:33:32,376 - INFO - Saved article: Signature campaign manages to save 70-year-old tamarind tree in Kolkata - The Hindu from The Hindu (496 words)
2026-01-14 14:33:33,428 - INFO - [The Hindu] Article: https://www.thehindu.com/news/cities/Hyderabad/duplicate-mehendi-making-unit-raided-2-held/article70509703.ece
2026-01-14 14:33:33,428 - INFO - [The Hindu] Attempt 1/1: Trying with 'selenium_browser' strategy...
2026-01-14 14:33:34,664 - INFO - [The Hindu] Page content loaded.
2026-01-14 14:33:34,706 - INFO - [The Hindu] Success with 'selenium_browser'. Found content (241 words).
2026-01-14 14:33:49,922 - INFO - Saved article: Duplicate mehendi making unit raided, 2 held - The Hindu from The Hindu (241 words)
2026-01-14 14:33:50,883 - INFO - [The Hindu] Article: https://www.thehindu.com/news/national/kerala/two-facing-disciplinary-proceedings-for-illegal-access-of-memory-card-in-actor-rape-case/article70509941.ece
2026-01-14 14:33:50,883 - INFO - [The Hindu] Attempt 1/1: Trying with 'selenium_browser' strategy...
2026-01-14 14:33:51,947 - INFO - [The Hindu] Page content loaded.
2026-01-14 14:33:51,990 - INFO - [The Hindu] Success with 'selenium_browser'. Found content (544 words).
2026-01-14 14:33:52,179 - ERROR - [Times of India] Request failed for strategy 'selenium_browser' on URL https://timesofindia.indiatimes.com/world/us/renee-goods-family-breaks-silence-on-criminal-history-after-ice-minneapolis-shooting-weve-seen-the-false-claims-and/articleshow/126527996.cms: HTTPConnectionPool(host='localhost', port=56167): Read timed out. (read timeout=120)
2026-01-14 14:33:52,179 - ERROR - [Times of India] All scrape strategies failed for https://timesofindia.indiatimes.com/world/us/renee-goods-family-breaks-silence-on-criminal-history-after-ice-minneapolis-shooting-weve-seen-the-false-claims-and/articleshow/126527996.cms. Falling back to RSS description.
2026-01-14 14:33:52,179 - WARNING - SKIPPED (GLOBAL WORD LIMIT): Article 'Renee Good's family breaks silence on 'criminal history': 'We’ve seen the false claims and…'' from Times of India has only 3 words (Min: 90).
2026-01-14 14:34:07,028 - INFO - Saved article: Two facing disciplinary proceedings for illegal access of memory card in actor rape case - The Hindu from The Hindu (544 words)
2026-01-14 14:34:07,029 - INFO - [Times of India] Article: https://timesofindia.indiatimes.com/world/us/how-dilbert-introduced-the-indian-iitian-into-american-culture/articleshow/126527772.cms
2026-01-14 14:34:07,029 - INFO - [Times of India] Attempt 1/1: Trying with 'selenium_browser' strategy...
2026-01-14 14:34:08,375 - INFO - [The Hindu] Article: https://www.thehindu.com/news/national/karnataka/bjp-terms-session-ploy-to-divert-attention-from-leadership-tussle/article70509918.ece
2026-01-14 14:34:08,376 - INFO - [The Hindu] Attempt 1/1: Trying with 'selenium_browser' strategy...
2026-01-14 14:34:09,589 - INFO - [The Hindu] Page content loaded.
2026-01-14 14:34:09,633 - INFO - [The Hindu] Success with 'selenium_browser'. Found content (291 words).
2026-01-14 14:34:14,584 - CRITICAL - --- TIMEOUT: 2 scrape jobs did not complete in 300s. ---
2026-01-14 14:34:14,584 - ERROR - A thread has timed out and will be abandoned.
2026-01-14 14:34:14,584 - ERROR - A thread has timed out and will be abandoned.
2026-01-14 14:34:14,584 - INFO - Shutting down thread pool (wait=False)...
2026-01-14 14:34:14,584 - INFO - Scraped: 2 BBC, 5 The Guardian, 2 Timed_Out_Jobs articles. (Total saved: 7)
2026-01-14 14:34:14,584 - INFO - --- Scraping job finished ---
2026-01-14 14:34:14,584 - INFO - --- Scraper service stopped and database connection closed. ---
2026-01-14 14:34:14,584 - INFO - --- Main thread finished. Forcing process exit to kill zombie threads. ---
