2026-01-10 05:24:28,907 - INFO - Loading AI Semantic Model (all-MiniLM-L6-v2)...
2026-01-10 05:24:28,907 - INFO - Use pytorch device_name: cpu
2026-01-10 05:24:28,908 - INFO - Load pretrained SentenceTransformer: all-MiniLM-L6-v2
2026-01-10 05:24:29,364 - INFO - AI Model loaded successfully.
2026-01-10 05:24:29,365 - INFO - --- Scraper service started (CI Mode: Run Once) ---
2026-01-10 05:24:29,365 - INFO - --- Starting new scraping job (Parallel Mode) ---
2026-01-10 05:24:29,365 - INFO - Creating new robust session with 3 retries on 5xx/connection/read errors.
2026-01-10 05:24:29,365 - INFO - Proxy is DISABLED.
2026-01-10 05:24:29,365 - INFO - Starting scrape for BBC RSS feed: http://feeds.bbci.co.uk/news/world/rss.xml
2026-01-10 05:24:29,366 - INFO - [Times of India] (Thread) requires Selenium. Initializing driver...
2026-01-10 05:24:29,366 - INFO - Starting scrape for The Guardian RSS feed: https://www.theguardian.com/world/rss
2026-01-10 05:24:29,367 - INFO - [The Hindu] (Thread) requires Selenium. Initializing driver...
2026-01-10 05:24:29,368 - INFO - Submitted 4 jobs to thread pool. Waiting up to 300s for completion...
2026-01-10 05:24:29,472 - INFO - Found 29 articles in BBC RSS feed. Processing up to 30.
2026-01-10 05:24:29,475 - INFO - [BBC] Early skip: URL https://www.bbc.com/news/articles/c78vj5n7jg3o?at_medium=RSS&at_campaign=rss already exists.
2026-01-10 05:24:29,488 - INFO - Found 45 articles in The Guardian RSS feed. Processing up to 30.
2026-01-10 05:24:29,695 - INFO - [The Guardian] Early skip: URL https://www.theguardian.com/global-development/2026/jan/09/the-gambia-female-genital-mutilation-fgm-supreme-court-case-overturn-ban already exists.
2026-01-10 05:24:29,973 - INFO - [BBC] Early skip: URL https://www.bbc.com/news/articles/c4g49djqqjgo?at_medium=RSS&at_campaign=rss already exists.
2026-01-10 05:24:30,268 - INFO - [The Guardian] Early skip: URL https://www.theguardian.com/world/2026/jan/08/questions-targeting-impact-us-airstrikes-in-nigeria already exists.
2026-01-10 05:24:30,521 - INFO - [BBC] Early skip: URL https://www.bbc.com/news/articles/cg7y0579lp8o?at_medium=RSS&at_campaign=rss already exists.
2026-01-10 05:24:30,668 - INFO - [The Guardian] Early skip: URL https://www.theguardian.com/world/2026/jan/02/anthony-joshuas-driver-charged-with-dangerous-driving-after-fatal-crash-in-nigeria already exists.
2026-01-10 05:24:30,792 - INFO - [BBC] Early skip: URL https://www.bbc.com/news/articles/cz7yv4524gqo?at_medium=RSS&at_campaign=rss already exists.
2026-01-10 05:24:30,971 - INFO - [The Guardian] Early skip: URL https://www.theguardian.com/science/2026/jan/01/cremation-pyre-in-africa-thought-to-be-worlds-oldest-containing-adult-remains already exists.
2026-01-10 05:24:31,262 - INFO - [BBC] Early skip: URL https://www.bbc.com/news/articles/cn7jxm7jkg1o?at_medium=RSS&at_campaign=rss already exists.
2026-01-10 05:24:31,410 - INFO - [The Guardian] Early skip: URL https://www.theguardian.com/global-development/2026/jan/01/us-aid-cuts-conditions-un-humanitarian-pledge-ocha already exists.
2026-01-10 05:24:31,546 - INFO - [BBC] Early skip: URL https://www.bbc.com/news/articles/c205dx61x76o?at_medium=RSS&at_campaign=rss already exists.
2026-01-10 05:24:31,787 - INFO - [The Guardian] Early skip: URL https://www.theguardian.com/us-news/2026/jan/09/trump-oil-company-executives-meeting-venezuela already exists.
2026-01-10 05:24:32,073 - INFO - [BBC] Early skip: URL https://www.bbc.com/news/articles/cgqe9kv9xxvo?at_medium=RSS&at_campaign=rss already exists.
2026-01-10 05:24:32,319 - INFO - [The Guardian] Early skip: URL https://www.theguardian.com/world/2026/jan/09/trump-venezuela-leadership-meeting-opposition-machado already exists.
2026-01-10 05:24:32,587 - INFO - [BBC] Early skip: URL https://www.bbc.com/news/articles/c17zqz5pprwo?at_medium=RSS&at_campaign=rss already exists.
2026-01-10 05:24:32,736 - INFO - [The Guardian] Early skip: URL https://www.theguardian.com/world/2026/jan/09/eu-states-back-controversial-mercosur-deal-with-latin-american-countries already exists.
2026-01-10 05:24:32,977 - INFO - [BBC] Early skip: URL https://www.bbc.com/news/articles/cdxj28xd542o?at_medium=RSS&at_campaign=rss already exists.
2026-01-10 05:24:33,138 - INFO - [The Guardian] Early skip: URL https://www.theguardian.com/world/2026/jan/09/us-venezuela-oil-tanker-seizure already exists.
2026-01-10 05:24:33,251 - INFO - [BBC] Early skip: URL https://www.bbc.com/news/articles/c99kn52nx9do?at_medium=RSS&at_campaign=rss already exists.
2026-01-10 05:24:33,501 - INFO - [The Guardian] Early skip: URL https://www.theguardian.com/world/2026/jan/08/venezuela-to-release-important-number-of-detainees already exists.
2026-01-10 05:24:33,708 - INFO - [BBC] Early skip: URL https://www.bbc.com/news/articles/c8d04zp8m26o?at_medium=RSS&at_campaign=rss already exists.
2026-01-10 05:24:33,849 - INFO - [The Guardian] Early skip: URL https://www.theguardian.com/world/2026/jan/08/alleged-scam-kingpin-chen-zhi-extradited-china-cambodia-arrest already exists.
2026-01-10 05:24:34,028 - INFO - [BBC] Early skip: URL https://www.bbc.com/news/articles/ceqzj49gny4o?at_medium=RSS&at_campaign=rss already exists.
2026-01-10 05:24:34,186 - INFO - [The Guardian] Early skip: URL https://www.theguardian.com/world/2026/jan/06/papua-new-guinea-internet-starlink-shut-down already exists.
2026-01-10 05:24:34,289 - INFO - [BBC] Early skip: URL https://www.bbc.com/news/articles/cwygjvkvpgro?at_medium=RSS&at_campaign=rss already exists.
2026-01-10 05:24:34,498 - INFO - [The Guardian] Early skip: URL https://www.theguardian.com/world/2026/jan/06/what-us-action-in-venezuela-means-for-taiwan already exists.
2026-01-10 05:24:34,766 - INFO - [BBC] Early skip: URL https://www.bbc.com/news/articles/c0mkwl2g499o?at_medium=RSS&at_campaign=rss already exists.
2026-01-10 05:24:34,935 - INFO - [The Guardian] Early skip: URL https://www.theguardian.com/world/2026/jan/05/venezuela-trump-attack-china-interests-analysis already exists.
2026-01-10 05:24:35,236 - INFO - [BBC] Early skip: URL https://www.bbc.com/news/articles/c99knmrx71go?at_medium=RSS&at_campaign=rss already exists.
2026-01-10 05:24:35,532 - INFO - [The Guardian] Early skip: URL https://www.theguardian.com/world/2026/jan/05/giant-bluefin-tuna-sold-record-amount-tokyo-auction-kiyoshi-kimura already exists.
2026-01-10 05:24:35,738 - INFO - [BBC] Early skip: URL https://www.bbc.com/news/articles/ceqzj49gny4o?at_medium=RSS&at_campaign=rss already exists.
2026-01-10 05:24:35,890 - INFO - [The Guardian] Early skip: URL https://www.theguardian.com/australia-news/live/2026/jan/10/australia-heatwave-updates-sydney-temperature-victorian-fires-bushfire-latest already exists.
2026-01-10 05:24:36,078 - INFO - [BBC] Early skip: URL https://www.bbc.com/news/articles/c9qp4wyzvlzo?at_medium=RSS&at_campaign=rss already exists.
2026-01-10 05:24:36,364 - INFO - [The Guardian] Early skip: URL https://www.theguardian.com/australia-news/2026/jan/09/ten-properties-in-ruffy-destroyed-including-firefighters-home-as-fire-hits-victorian-town-like-a-bomb already exists.
2026-01-10 05:24:36,649 - INFO - [BBC] Early skip: URL https://www.bbc.com/news/articles/c0mpmgn3jv2o?at_medium=RSS&at_campaign=rss already exists.
2026-01-10 05:24:36,812 - INFO - [The Guardian] Early skip: URL https://www.theguardian.com/australia-news/2026/jan/10/victorian-liberals-year-ahead-new-leader-jess-wilson already exists.
2026-01-10 05:24:37,029 - INFO - [BBC] Early skip: URL https://www.bbc.com/news/articles/c62wxezynk2o?at_medium=RSS&at_campaign=rss already exists.
2026-01-10 05:24:37,174 - INFO - [The Guardian] Early skip: URL https://www.theguardian.com/environment/2026/jan/09/heatwave-engulfs-south-eastern-states-as-victoria-faces-catastrophic-bushfire-conditions-not-seen-since-black-summer already exists.
2026-01-10 05:24:37,427 - INFO - [BBC] Early skip: URL https://www.bbc.com/news/articles/cp37yr2xq7no?at_medium=RSS&at_campaign=rss already exists.
2026-01-10 05:24:37,573 - INFO - [The Guardian] Early skip: URL https://www.theguardian.com/culture/2026/jan/09/adelaide-festival-boycott-pro-palestine-academic-randa-abdel-fattah-ntwnfb already exists.
2026-01-10 05:24:37,837 - INFO - [BBC] Early skip: URL https://www.bbc.com/news/articles/c041n3ng03no?at_medium=RSS&at_campaign=rss already exists.
2026-01-10 05:24:38,007 - INFO - [The Guardian] Early skip: URL https://www.theguardian.com/us-news/2026/jan/09/trump-greenland-threats-white-house already exists.
2026-01-10 05:24:38,271 - INFO - [BBC] Early skip: URL https://www.bbc.com/news/articles/c23r4yeyxl9o?at_medium=RSS&at_campaign=rss already exists.
2026-01-10 05:24:38,454 - INFO - [The Guardian] Early skip: URL https://www.theguardian.com/world/live/2026/jan/09/ukraine-russia-tanker-fleet-meloni-switzerland-fire-greenland-europe-latest-news-updates already exists.
2026-01-10 05:24:38,781 - INFO - [BBC] Early skip: URL https://www.bbc.com/news/articles/c205dd7gjrpo?at_medium=RSS&at_campaign=rss already exists.
2026-01-10 05:24:38,984 - INFO - [The Guardian] Early skip: URL https://www.theguardian.com/world/2026/jan/09/swiss-bar-fire-le-constellation-owner-arrested already exists.
2026-01-10 05:24:39,147 - INFO - [BBC] Early skip: URL https://www.bbc.com/news/videos/c78veq59823o?at_medium=RSS&at_campaign=rss already exists.
2026-01-10 05:24:39,277 - INFO - [The Guardian] Early skip: URL https://www.theguardian.com/world/2026/jan/09/storm-goretti-germany-heavy-snowfall-strong-winds-france-northern-europe already exists.
2026-01-10 05:24:39,441 - INFO - [BBC] Article: https://www.bbc.com/news/videos/c78e9vmn7dgo?at_medium=RSS&at_campaign=rss
2026-01-10 05:24:39,441 - INFO - [BBC] Attempt 1/1: Trying with 'requests_browser' strategy...
2026-01-10 05:24:39,442 - INFO - [The Guardian] Early skip: URL https://www.theguardian.com/artanddesign/2026/jan/09/anonymous-painting-bought-at-auction-on-hunch-identified-as-two-in-one-rubens already exists.
2026-01-10 05:24:39,572 - INFO - [The Guardian] Early skip: URL https://www.theguardian.com/global-development/2026/jan/09/iran-supreme-leader-harsher-crackdown-protest-movement-swells already exists.
2026-01-10 05:24:39,667 - WARNING - [BBC] FAILED with 'requests_browser' (content was too short: 77 words).
2026-01-10 05:24:39,667 - ERROR - [BBC] All scrape strategies failed for https://www.bbc.com/news/videos/c78e9vmn7dgo?at_medium=RSS&at_campaign=rss. Falling back to RSS description.
2026-01-10 05:24:39,667 - WARNING - SKIPPED (GLOBAL WORD LIMIT): Article 'Watch: Buildings in Tehran set on fire as demonstrations spread across Iran' from BBC has only 15 words (Min: 90).
2026-01-10 05:24:39,721 - INFO - [The Guardian] Early skip: URL https://www.theguardian.com/world/2026/jan/09/growing-protests-in-iran-do-not-necessarily-herald-a-return-to-monarchy already exists.
2026-01-10 05:24:39,989 - INFO - [The Guardian] Early skip: URL https://www.theguardian.com/world/2026/jan/09/syria-announces-ceasefire-aleppo-clashes-kurds already exists.
2026-01-10 05:24:40,222 - INFO - [The Guardian] Early skip: URL https://www.theguardian.com/global-development/ng-interactive/2026/jan/09/in-isolation-well-never-flourish-what-iranians-think-about-the-protests-and-an-end-to-the-islamic-republic already exists.
2026-01-10 05:24:40,456 - INFO - [The Guardian] Early skip: URL https://www.theguardian.com/politics/2026/jan/09/home-office-gaza-academic-bassem-abudagga-family already exists.
2026-01-10 05:24:40,885 - INFO - [BBC] Article: https://www.bbc.com/news/videos/c394vjengdgo?at_medium=RSS&at_campaign=rss
2026-01-10 05:24:40,885 - INFO - [BBC] Attempt 1/1: Trying with 'requests_browser' strategy...
2026-01-10 05:24:40,933 - WARNING - [BBC] FAILED with 'requests_browser' (content was too short: 44 words).
2026-01-10 05:24:40,933 - ERROR - [BBC] All scrape strategies failed for https://www.bbc.com/news/videos/c394vjengdgo?at_medium=RSS&at_campaign=rss. Falling back to RSS description.
2026-01-10 05:24:40,933 - WARNING - SKIPPED (GLOBAL WORD LIMIT): Article 'Watch: Eyewitnesses recount deadly ICE shooting' from BBC has only 15 words (Min: 90).
2026-01-10 05:24:42,105 - INFO - [BBC] Article: https://www.bbc.com/news/videos/cx2ypz4zjvxo?at_medium=RSS&at_campaign=rss
2026-01-10 05:24:42,106 - INFO - [BBC] Attempt 1/1: Trying with 'requests_browser' strategy...
2026-01-10 05:24:42,156 - WARNING - [BBC] FAILED with 'requests_browser' (content was too short: 79 words).
2026-01-10 05:24:42,156 - ERROR - [BBC] All scrape strategies failed for https://www.bbc.com/news/videos/cx2ypz4zjvxo?at_medium=RSS&at_campaign=rss. Falling back to RSS description.
2026-01-10 05:24:42,156 - WARNING - SKIPPED (GLOBAL WORD LIMIT): Article 'Video shows moment US immigration agent fatally shoots woman' from BBC has only 20 words (Min: 90).
2026-01-10 05:24:42,737 - INFO - Selenium driver initialized successfully.
2026-01-10 05:24:42,737 - INFO - Starting scrape for Times of India RSS feed: https://timesofindia.indiatimes.com/rssfeeds/296589292.cms
2026-01-10 05:24:42,738 - INFO - Selenium driver initialized successfully.
2026-01-10 05:24:42,739 - INFO - Starting scrape for The Hindu RSS feed: https://www.thehindu.com/news/national/feeder/default.rss
2026-01-10 05:24:42,810 - INFO - [BBC] Article: https://www.bbc.com/news/videos/cx2gm7109rwo?at_medium=RSS&at_campaign=rss
2026-01-10 05:24:42,810 - INFO - [BBC] Attempt 1/1: Trying with 'requests_browser' strategy...
2026-01-10 05:24:42,827 - INFO - Found 100 articles in The Hindu RSS feed. Processing up to 30.
2026-01-10 05:24:42,827 - INFO - [The Hindu] Early skip: URL https://www.thehindu.com/news/cities/Delhi/atishi-video-row-punjab-congress-claims-fir-filed-against-its-mlas-sukhpal-khaira-pargat-singh/article70493603.ece already exists.
2026-01-10 05:24:42,844 - INFO - Found 20 articles in Times of India RSS feed. Processing up to 30.
2026-01-10 05:24:42,867 - WARNING - [BBC] FAILED with 'requests_browser' (content was too short: 40 words).
2026-01-10 05:24:42,867 - ERROR - [BBC] All scrape strategies failed for https://www.bbc.com/news/videos/cx2gm7109rwo?at_medium=RSS&at_campaign=rss. Falling back to RSS description.
2026-01-10 05:24:42,867 - WARNING - SKIPPED (GLOBAL WORD LIMIT): Article 'Tracking the oil tankers seized by the US' from BBC has only 31 words (Min: 90).
2026-01-10 05:24:43,115 - INFO - [Times of India] Article: https://timesofindia.indiatimes.com/world/middle-east/oman-announces-fireworks-display-in-muscat-for-sultan-haithams-accession-anniversary/articleshow/126447469.cms
2026-01-10 05:24:43,115 - INFO - [Times of India] Attempt 1/1: Trying with 'selenium_browser' strategy...
2026-01-10 05:24:43,116 - INFO - [The Hindu] Early skip: URL https://www.thehindu.com/news/national/tamil-nadu/disinformation-is-weaponised-on-social-media-says-n-ram/article70493609.ece already exists.
2026-01-10 05:24:43,230 - INFO - [The Hindu] Early skip: URL https://www.thehindu.com/news/national/amit-shah-announces-three-year-nationwide-campaign-against-drugs-from-march-31/article70493583.ece already exists.
2026-01-10 05:24:43,497 - INFO - [The Hindu] Early skip: URL https://www.thehindu.com/data/how-every-100-is-spent-by-indian-households/article70490524.ece already exists.
2026-01-10 05:24:43,704 - INFO - [The Hindu] Early skip: URL https://www.thehindu.com/news/cities/Delhi/turkman-gate-violence-delhi-court-remands-8-accused-to-12-day-judicial-custody/article70493565.ece already exists.
2026-01-10 05:24:43,957 - INFO - [The Hindu] Early skip: URL https://www.thehindu.com/news/national/bihar/police-personnel-behaving-like-criminals-will-not-be-tolerated-bihar-dgp/article70491208.ece already exists.
2026-01-10 05:24:44,082 - INFO - [BBC] Early skip: URL https://www.bbc.com/news/videos/c1jegxw1rxwo?at_medium=RSS&at_campaign=rss already exists.
2026-01-10 05:24:44,262 - INFO - [The Hindu] Early skip: URL https://www.thehindu.com/news/national/rajasthan/speeding-luxury-car-mows-down-16-in-rajasthans-jaipur-1-dead/article70493538.ece already exists.
2026-01-10 05:24:44,464 - INFO - [The Hindu] Early skip: URL https://www.thehindu.com/news/national/jammu-and-kashmir/dangerous-precedent-mehbooba-mufti-on-cancellation-of-mbbs-course-at-jks-mata-vaishno-devi-varsity/article70491610.ece already exists.
2026-01-10 05:24:44,634 - INFO - [The Hindu] Early skip: URL https://www.thehindu.com/news/national/odisha/naveen-patnaik-opposes-linking-of-pollution-certificate-with-sale-of-fuel-in-odisha/article70490706.ece already exists.
2026-01-10 05:24:44,857 - INFO - [The Hindu] Early skip: URL https://www.thehindu.com/news/national/bihar/over-1000-members-of-jan-suraaj-partys-professional-wing-fired-after-bihar-polls/article70490943.ece already exists.
2026-01-10 05:24:45,095 - INFO - [The Hindu] Early skip: URL https://www.thehindu.com/sci-tech/science/aerosols-aloft-lift-thicken-winter-fog-over-north-india-iit-m-study/article70481848.ece already exists.
2026-01-10 05:24:45,390 - INFO - [The Hindu] Early skip: URL https://www.thehindu.com/news/national/gujarat/multiple-tremors-jolt-parts-of-rajkot-district-in-gujarat-between-jan-8-9-no-damage-reported/article70490643.ece already exists.
2026-01-10 05:24:45,552 - INFO - [The Hindu] Early skip: URL https://www.thehindu.com/news/national/chief-of-the-naval-staff-reviews-eastern-fleets-combat-readiness-during-operational-sea-sortie/article70491252.ece already exists.
2026-01-10 05:24:45,654 - INFO - [The Hindu] Early skip: URL https://www.thehindu.com/news/national/west-bengal/sir-in-west-bengal-the-deleted-the-doubtful-and-the-disenfranchised/article70490633.ece already exists.
2026-01-10 05:24:45,841 - INFO - [The Hindu] Early skip: URL https://www.thehindu.com/news/national/zohran-mamdanis-note-to-umar-khalid-draws-criticism-from-mea/article70492430.ece already exists.
2026-01-10 05:24:45,953 - INFO - [The Hindu] Early skip: URL https://www.thehindu.com/news/national/kerala/kannur-mayor-outlines-comprehensive-development-plan-for-all-56-divisions/article70491743.ece already exists.
2026-01-10 05:24:46,186 - INFO - [The Hindu] Early skip: URL https://www.thehindu.com/news/national/kerala/swadeshi-science-congress-concludes-at-cuk/article70491767.ece already exists.
2026-01-10 05:24:46,478 - INFO - [The Hindu] Early skip: URL https://www.thehindu.com/news/national/centre-chairs-meet-to-chart-pathway-for-samagra-shiksha-30-school-education-programme/article70491529.ece already exists.
2026-01-10 05:24:46,641 - INFO - [The Hindu] Early skip: URL https://www.thehindu.com/news/national/maharashtra/uddhav-thackeray-interview-not-in-a-battle-of-survival-fight-is-against-the-bjp/article70491803.ece already exists.
2026-01-10 05:24:46,903 - INFO - [The Hindu] Early skip: URL https://www.thehindu.com/news/national/odisha/polavaram-project-lacks-valid-clearance-says-bjd-warns-of-stir/article70491441.ece already exists.
2026-01-10 05:24:47,119 - INFO - [The Hindu] Early skip: URL https://www.thehindu.com/news/cities/Delhi/on-last-day-of-house-sessionbjp-govt-blames-oppn-forpollution-all-hot-air-says-aap/article70492507.ece already exists.
2026-01-10 05:24:47,370 - INFO - [The Hindu] Early skip: URL https://www.thehindu.com/news/national/karnataka/encourage-innovation-and-entrepreneurial-thinking-aicte-vice-chairman/article70491824.ece already exists.
2026-01-10 05:24:47,643 - INFO - [The Hindu] Early skip: URL https://www.thehindu.com/news/national/andhra-pradesh/a-record-783-lakh-devotees-had-vaikuntha-dwara-darshan-in-tirumala/article70491165.ece already exists.
2026-01-10 05:24:47,915 - INFO - [The Hindu] Early skip: URL https://www.thehindu.com/opinion/editorial/enforcement-directives-on-the-ed-raids-in-west-bengal/article70491126.ece already exists.
2026-01-10 05:24:48,042 - INFO - [The Hindu] Early skip: URL https://www.thehindu.com/news/national/tamil-nadu/15-persons-booked-under-pocso-act-for-sexually-assaulting-a-minor-girl-in-tiruchi/article70492122.ece already exists.
2026-01-10 05:24:48,198 - INFO - [The Hindu] Early skip: URL https://www.thehindu.com/news/national/karnataka/pay-and-park-facilities-to-come-up-in-23-corridors-across-bengaluru/article70492271.ece already exists.
2026-01-10 05:24:48,382 - INFO - [The Hindu] Early skip: URL https://www.thehindu.com/news/national/karnataka/four-killed-seven-injured-as-car-rams-stationary-truck-near-tumakuru/article70492323.ece already exists.
2026-01-10 05:24:48,564 - INFO - [The Hindu] Early skip: URL https://www.thehindu.com/news/national/us-ambassador-sergio-gor-in-india-visit-opportunities-bilateral-ties/article70492416.ece already exists.
2026-01-10 05:24:48,730 - INFO - [The Hindu] Early skip: URL https://www.thehindu.com/news/national/telangana/scr-announces-extra-halts-lifts-parking-curbs/article70491605.ece already exists.
2026-01-10 05:24:48,958 - INFO - [The Hindu] Early skip: URL https://www.thehindu.com/news/cities/Hyderabad/sankranti-exodus-chokes-hyderabad-roads-traffic-peaks-on-key-corridors/article70491817.ece already exists.
2026-01-10 05:24:49,254 - INFO - [The Hindu] (Thread) Finished. Attempting to shut down its Selenium driver.
2026-01-10 05:24:49,371 - INFO - [The Hindu] (Thread) driver.quit() successful.
2026-01-10 05:25:00,071 - INFO - [Times of India] Page content loaded.
2026-01-10 05:25:00,382 - INFO - [Times of India] Success with 'selenium_browser'. Found content (116 words).
2026-01-10 05:25:12,771 - INFO - Saved article: Oman announces fireworks display in Muscat for Sultan Haitham’s accession anniversary | World News - The Times of India from Times of India (116 words)
2026-01-10 05:25:13,929 - INFO - [Times of India] Article: https://timesofindia.indiatimes.com/world/middle-east/uaes-cloud-seeding-secret-how-salt-ai-drones-are-used-to-make-it-rain-in-desert/articleshow/126440698.cms
2026-01-10 05:25:13,929 - INFO - [Times of India] Attempt 1/1: Trying with 'selenium_browser' strategy...
2026-01-10 05:25:14,956 - INFO - [Times of India] Page content loaded.
2026-01-10 05:25:15,093 - INFO - [Times of India] Success with 'selenium_browser'. Found content (867 words).
2026-01-10 05:25:31,586 - INFO - Saved article: UAE’s cloud seeding secret: How salt, AI, drones are used to make it rain in desert - The Times of India from Times of India (867 words)
2026-01-10 05:25:32,688 - INFO - [Times of India] Article: https://timesofindia.indiatimes.com/world/us/not-mad-at-you-new-minneapolis-shooting-video-reveals-last-words-of-renee-good-shows-ice-agents-perspective/articleshow/126446838.cms
2026-01-10 05:25:32,688 - INFO - [Times of India] Attempt 1/1: Trying with 'selenium_browser' strategy...
2026-01-10 05:25:35,191 - INFO - [Times of India] Page content loaded.
2026-01-10 05:25:35,393 - INFO - [Times of India] Success with 'selenium_browser'. Found content (822 words).
2026-01-10 05:25:49,156 - INFO - DEDUPLICATION: Found match (Score: 0.82). Linking to Cluster ID: e55ac4f8-660a-4e67-a9bb-be76514fc513
2026-01-10 05:25:49,158 - INFO - Saved article: ‘Not mad at you’: New Minneapolis shooting video reveals last words of Renee Good; shows ICE agent’s perspective - The Times of India from Times of India (822 words)
2026-01-10 05:25:49,956 - INFO - [Times of India] Article: https://timesofindia.indiatimes.com/world/us/killer-kristi-massive-protest-in-new-york-over-ice-shooting-as-maga-moves-to-justify-minneapolis-killing/articleshow/126443171.cms
2026-01-10 05:25:49,956 - INFO - [Times of India] Attempt 1/1: Trying with 'selenium_browser' strategy...
2026-01-10 05:25:58,612 - INFO - [Times of India] Page content loaded.
2026-01-10 05:25:58,842 - INFO - [Times of India] Success with 'selenium_browser'. Found content (440 words).
2026-01-10 05:26:10,875 - INFO - Saved article: 'Killer Kristi!': Massive protest in New York over ICE shooting as MAGA moves to justify Minneapolis killing - The Times of India from Times of India (440 words)
2026-01-10 05:26:11,927 - INFO - [Times of India] Article: https://timesofindia.indiatimes.com/world/us/white-tears-are-not-helpful-leftist-woman-says-it-felt-wrong-to-mourn-renee-good-sparks-online-outrage/articleshow/126443537.cms
2026-01-10 05:26:11,927 - INFO - [Times of India] Attempt 1/1: Trying with 'selenium_browser' strategy...
2026-01-10 05:26:12,561 - INFO - [Times of India] Page content loaded.
2026-01-10 05:26:12,694 - INFO - [Times of India] Success with 'selenium_browser'. Found content (600 words).
2026-01-10 05:26:26,585 - INFO - Saved article: 'White tears are not helpful': Leftist woman says it ‘felt wrong’ to mourn Renee Good, sparks online outrage - The Times of India from Times of India (600 words)
2026-01-10 05:26:28,050 - INFO - [Times of India] Article: https://timesofindia.indiatimes.com/world/us/vivek-ramaswamys-old-take-on-caste-surfaces-on-twitter-after-he-quits-social-media/articleshow/126443298.cms
2026-01-10 05:26:28,050 - INFO - [Times of India] Attempt 1/1: Trying with 'selenium_browser' strategy...
2026-01-10 05:26:29,643 - INFO - [Times of India] Page content loaded.
2026-01-10 05:26:29,779 - INFO - [Times of India] Success with 'selenium_browser'. Found content (1001 words).
2026-01-10 05:26:43,420 - INFO - Saved article: Vivek Ramaswamy’s old take on caste surfaces on Twitter after he quits social media - The Times of India from Times of India (1001 words)
2026-01-10 05:26:43,979 - INFO - [Times of India] Article: https://timesofindia.indiatimes.com/etimes/trending/us-doomsday-nuclear-plane-spotted-in-washington-why-is-it-called-the-flying-pentagon/articleshow/126445792.cms
2026-01-10 05:26:43,979 - INFO - [Times of India] Attempt 1/1: Trying with 'selenium_browser' strategy...
2026-01-10 05:26:45,639 - INFO - [Times of India] Page content loaded.
2026-01-10 05:26:45,774 - INFO - [Times of India] Success with 'selenium_browser'. Found content (791 words).
2026-01-10 05:26:59,668 - INFO - DEDUPLICATION: Found match (Score: 0.82). Linking to Cluster ID: 774f19cb-06e5-4792-ac1d-8097dfe79cd4
2026-01-10 05:26:59,670 - INFO - Saved article: US Doomsday nuclear plane spotted in Washington: Why is it called the 'flying Pentagon' | - The Times of India from Times of India (791 words)
2026-01-10 05:27:01,131 - INFO - [Times of India] Early skip: URL https://timesofindia.indiatimes.com/world/us-streamers/candace-owens-raises-new-questions-about-charlie-kirk-after-revealing-a-never-before-seen-image-with-no-visible-blood/articleshow/126402110.cms already exists.
2026-01-10 05:27:01,370 - INFO - [Times of India] Article: https://timesofindia.indiatimes.com/world/us-streamers/adin-ross-hints-at-deeper-fallout-with-mrbeast-after-team-water-charity-stream/articleshow/126445746.cms
2026-01-10 05:27:01,371 - INFO - [Times of India] Attempt 1/1: Trying with 'selenium_browser' strategy...
2026-01-10 05:27:03,151 - INFO - [Times of India] Page content loaded.
2026-01-10 05:27:03,295 - INFO - [Times of India] Success with 'selenium_browser'. Found content (446 words).
2026-01-10 05:27:16,683 - INFO - Saved article: Adin Ross hints at deeper fallout with MrBeast after Team Water charity stream - The Times of India from Times of India (446 words)
2026-01-10 05:27:18,151 - INFO - [Times of India] Article: https://timesofindia.indiatimes.com/world/us-streamers/what-is-stevewilldoits-net-worth-inside-his-income-from-youtube-nelk-boys-and-big-brands/articleshow/126445724.cms
2026-01-10 05:27:18,151 - INFO - [Times of India] Attempt 1/1: Trying with 'selenium_browser' strategy...
2026-01-10 05:27:19,507 - INFO - [Times of India] Page content loaded.
2026-01-10 05:27:19,709 - INFO - [Times of India] Success with 'selenium_browser'. Found content (473 words).
2026-01-10 05:27:33,681 - INFO - Saved article: What is SteveWillDoIt’s net worth? Inside his income from YouTube, NELK Boys, and big brands - The Times of India from Times of India (473 words)
2026-01-10 05:27:34,506 - INFO - [Times of India] Article: https://timesofindia.indiatimes.com/world/us-streamers/clavicular-accuses-candace-owens-manager-of-demanding-30k-a-month-to-pr-train-him/articleshow/126445706.cms
2026-01-10 05:27:34,506 - INFO - [Times of India] Attempt 1/1: Trying with 'selenium_browser' strategy...
2026-01-10 05:27:36,085 - INFO - [Times of India] Page content loaded.
2026-01-10 05:27:36,218 - INFO - [Times of India] Success with 'selenium_browser'. Found content (409 words).
2026-01-10 05:27:50,085 - INFO - Saved article: Clavicular accuses Candace Owens’ manager of demanding $30K a month to “PR train” him - The Times of India from Times of India (409 words)
2026-01-10 05:27:51,012 - INFO - [Times of India] Article: https://timesofindia.indiatimes.com/world/us-streamers/what-really-happened-between-ishowspeed-and-miss-universe-zimbabwe-2025-club-livestream-clip-raises-questions-about-respect-and-planning/articleshow/126445714.cms
2026-01-10 05:27:51,012 - INFO - [Times of India] Attempt 1/1: Trying with 'selenium_browser' strategy...
2026-01-10 05:27:52,672 - INFO - [Times of India] Page content loaded.
2026-01-10 05:27:52,792 - INFO - [Times of India] Success with 'selenium_browser'. Found content (506 words).
2026-01-10 05:28:06,696 - INFO - Saved article: What really happened between IShowSpeed and Miss Universe Zimbabwe 2025? Club livestream clip raises questions about respect and planning - The Times of India from Times of India (506 words)
2026-01-10 05:28:07,292 - INFO - [Times of India] Article: https://timesofindia.indiatimes.com/world/us-streamers/matt-walsh-slams-comparison-of-renee-good-ice-shooting-with-charlie-kirk-assassination-amid-rising-protests-nationwide/articleshow/126443814.cms
2026-01-10 05:28:07,292 - INFO - [Times of India] Attempt 1/1: Trying with 'selenium_browser' strategy...
2026-01-10 05:28:09,232 - INFO - [Times of India] Page content loaded.
2026-01-10 05:28:09,392 - INFO - [Times of India] Success with 'selenium_browser'. Found content (470 words).
2026-01-10 05:28:23,634 - INFO - Saved article: Matt Walsh slams comparison of Renee Good ICE shooting with Charlie Kirk assassination amid rising protests nationwide - The Times of India from Times of India (470 words)
2026-01-10 05:28:24,796 - INFO - [Times of India] Article: https://timesofindia.indiatimes.com/world/us-streamers/candace-owens-questions-security-after-charlie-kirk-killing-calling-out-brian-harpole-over-claims-of-no-safety-plan/articleshow/126443360.cms
2026-01-10 05:28:24,796 - INFO - [Times of India] Attempt 1/1: Trying with 'selenium_browser' strategy...
2026-01-10 05:28:25,817 - INFO - [Times of India] Page content loaded.
2026-01-10 05:28:25,985 - INFO - [Times of India] Success with 'selenium_browser'. Found content (380 words).
2026-01-10 05:28:40,106 - INFO - DEDUPLICATION: Found match (Score: 0.74). Linking to Cluster ID: e3b722b9-b8ac-40df-9340-d4dcf81922bf
2026-01-10 05:28:40,111 - INFO - Saved article: Candace Owens questions security after Charlie Kirk killing calling out Brian Harpole over claims of no safety plan - The Times of India from Times of India (380 words)
2026-01-10 05:28:40,812 - INFO - [Times of India] Article: https://timesofindia.indiatimes.com/world/us/if-we-dont-donald-trump-threatens-to-take-greenland-the-hard-way-why-he-said-us-needs-it/articleshow/126446387.cms
2026-01-10 05:28:40,812 - INFO - [Times of India] Attempt 1/1: Trying with 'selenium_browser' strategy...
2026-01-10 05:28:41,834 - INFO - [Times of India] Page content loaded.
2026-01-10 05:28:41,925 - INFO - [Times of India] Success with 'selenium_browser'. Found content (867 words).
2026-01-10 05:28:55,809 - INFO - DEDUPLICATION: Found match (Score: 0.86). Linking to Cluster ID: 8f34473a-7f0f-45e5-ade4-152dfaa30eea
2026-01-10 05:28:55,811 - INFO - Saved article: 'If we don't ... ': Donald Trump threatens to take Greenland the 'hard way' - why he said US needs it - The Times of India from Times of India (867 words)
2026-01-10 05:28:57,170 - INFO - [Times of India] Article: https://timesofindia.indiatimes.com/world/us/greenland-iran-colombia-whos-next-on-donald-trumps-bombing-radar/articleshow/126436006.cms
2026-01-10 05:28:57,170 - INFO - [Times of India] Attempt 1/1: Trying with 'selenium_browser' strategy...
2026-01-10 05:28:58,310 - INFO - [Times of India] Page content loaded.
2026-01-10 05:28:58,567 - INFO - [Times of India] Success with 'selenium_browser'. Found content (2745 words).
2026-01-10 05:29:12,588 - INFO - Saved article: Greenland, Iran, Colombia? Who's next on Donald Trump's bombing radar - The Times of India from Times of India (2745 words)
2026-01-10 05:29:13,748 - INFO - [Times of India] Article: https://timesofindia.indiatimes.com/world/us/nobody-else-settled-wars-trump-reasserts-role-in-india-pakistan-ceasefire-makes-renewed-push-for-nobel-peace-prize/articleshow/126445671.cms
2026-01-10 05:29:13,749 - INFO - [Times of India] Attempt 1/1: Trying with 'selenium_browser' strategy...
2026-01-10 05:29:14,775 - INFO - [Times of India] Page content loaded.
2026-01-10 05:29:14,929 - INFO - [Times of India] Success with 'selenium_browser'. Found content (352 words).
2026-01-10 05:29:28,861 - INFO - Saved article: 'Nobody else settled wars': Trump reasserts role in India-Pakistan ceasefire; makes renewed push for Nobel Peace Prize | World News - The Times of India from Times of India (352 words)
2026-01-10 05:29:29,368 - CRITICAL - --- TIMEOUT: 1 scrape jobs did not complete in 300s. ---
2026-01-10 05:29:29,368 - ERROR - A thread has timed out and will be abandoned.
2026-01-10 05:29:29,368 - INFO - Shutting down thread pool (wait=False)...
2026-01-10 05:29:29,368 - INFO - Scraped: 0 The Guardian, 0 The Hindu, 0 BBC, 1 Timed_Out_Jobs articles. (Total saved: 0)
2026-01-10 05:29:29,368 - INFO - --- Scraping job finished ---
2026-01-10 05:29:29,369 - INFO - --- Scraper service stopped and database connection closed. ---
2026-01-10 05:29:29,369 - INFO - --- Main thread finished. Forcing process exit to kill zombie threads. ---
