2025-12-29 07:28:22,877 - INFO - Loading AI Semantic Model (all-MiniLM-L6-v2)...
2025-12-29 07:28:22,878 - INFO - Use pytorch device_name: cpu
2025-12-29 07:28:22,878 - INFO - Load pretrained SentenceTransformer: all-MiniLM-L6-v2
2025-12-29 07:28:23,655 - INFO - AI Model loaded successfully.
2025-12-29 07:28:23,655 - INFO - --- Scraper service started (CI Mode: Run Once) ---
2025-12-29 07:28:23,655 - INFO - --- Starting new scraping job (Parallel Mode) ---
2025-12-29 07:28:23,655 - INFO - Creating new robust session with 3 retries on 5xx/connection/read errors.
2025-12-29 07:28:23,655 - INFO - Proxy is DISABLED.
2025-12-29 07:28:23,656 - INFO - Starting scrape for BBC RSS feed: http://feeds.bbci.co.uk/news/world/rss.xml
2025-12-29 07:28:23,657 - INFO - [Times of India] (Thread) requires Selenium. Initializing driver...
2025-12-29 07:28:23,657 - INFO - Starting scrape for The Guardian RSS feed: https://www.theguardian.com/world/rss
2025-12-29 07:28:23,659 - INFO - [The Hindu] (Thread) requires Selenium. Initializing driver...
2025-12-29 07:28:23,659 - INFO - Submitted 4 jobs to thread pool. Waiting up to 300s for completion...
2025-12-29 07:28:23,796 - INFO - Found 45 articles in The Guardian RSS feed. Processing up to 30.
2025-12-29 07:28:23,797 - INFO - [The Guardian] Early skip: URL https://www.theguardian.com/world/2025/dec/28/central-african-republic-goes-to-polls-as-president-seeks-third-term already exists.
2025-12-29 07:28:23,894 - INFO - Found 32 articles in BBC RSS feed. Processing up to 30.
2025-12-29 07:28:23,927 - INFO - [BBC] Early skip: URL https://www.bbc.com/news/articles/c36z615y443o?at_medium=RSS&at_campaign=rss already exists.
2025-12-29 07:28:24,149 - INFO - [The Guardian] Early skip: URL https://www.theguardian.com/world/2025/dec/27/guinea-junta-leader-mamady-doumbouya-frontrunner-president-election already exists.
2025-12-29 07:28:24,447 - INFO - [BBC] Early skip: URL https://www.bbc.com/news/articles/cd74pxvrp10o?at_medium=RSS&at_campaign=rss already exists.
2025-12-29 07:28:24,623 - INFO - [The Guardian] Early skip: URL https://www.theguardian.com/world/2025/dec/26/israel-first-country-to-recognise-somaliland-sovereign-state already exists.
2025-12-29 07:28:24,794 - INFO - [BBC] Early skip: URL https://www.bbc.com/news/articles/c87l7xjp235o?at_medium=RSS&at_campaign=rss already exists.
2025-12-29 07:28:24,926 - INFO - [The Guardian] Early skip: URL https://www.theguardian.com/world/2025/dec/26/british-egyptian-activist-alaa-abd-el-fattah-arrives-in-uk-after-travel-ban-lifted already exists.
2025-12-29 07:28:25,215 - INFO - [BBC] Early skip: URL https://www.bbc.com/news/articles/cj4qp17e1lqo?at_medium=RSS&at_campaign=rss already exists.
2025-12-29 07:28:25,369 - INFO - [The Guardian] Early skip: URL https://www.theguardian.com/us-news/2025/dec/26/trump-supporters-nigeria-airstrikes already exists.
2025-12-29 07:28:25,502 - INFO - [BBC] Early skip: URL https://www.bbc.com/news/articles/cx2328e70y7o?at_medium=RSS&at_campaign=rss already exists.
2025-12-29 07:28:25,779 - INFO - [The Guardian] Early skip: URL https://www.theguardian.com/world/2025/dec/29/brazil-ex-president-jair-bolsonaro-hiccups-treatment already exists.
2025-12-29 07:28:25,920 - INFO - [BBC] Early skip: URL https://www.bbc.com/news/articles/cx2g263v3kzo?at_medium=RSS&at_campaign=rss already exists.
2025-12-29 07:28:26,035 - INFO - [The Guardian] Early skip: URL https://www.theguardian.com/world/2025/dec/26/venezuela-political-prisoner-release already exists.
2025-12-29 07:28:26,199 - INFO - [BBC] Early skip: URL https://www.bbc.com/news/articles/cly92pr8qryo?at_medium=RSS&at_campaign=rss already exists.
2025-12-29 07:28:26,377 - INFO - [The Guardian] Early skip: URL https://www.theguardian.com/world/2025/dec/26/weather-tracker-deep-freeze-canada-us-records-warmest-christmas already exists.
2025-12-29 07:28:26,495 - INFO - [BBC] Early skip: URL https://www.bbc.com/news/articles/ce3z3w4wy0go?at_medium=RSS&at_campaign=rss already exists.
2025-12-29 07:28:26,655 - INFO - [The Guardian] Early skip: URL https://www.theguardian.com/environment/2025/dec/25/they-are-scared-of-us-now-how-one-tropical-forest-turned-the-tide-on-loggers already exists.
2025-12-29 07:28:26,769 - INFO - [BBC] Early skip: URL https://www.bbc.com/news/articles/cdj817m37rgo?at_medium=RSS&at_campaign=rss already exists.
2025-12-29 07:28:26,873 - INFO - [The Guardian] Early skip: URL https://www.theguardian.com/world/2025/dec/25/cape-froward-new-national-park-patagonia-chile already exists.
2025-12-29 07:28:27,104 - INFO - [BBC] Early skip: URL https://www.bbc.com/news/articles/cy7vly6gm76o?at_medium=RSS&at_campaign=rss already exists.
2025-12-29 07:28:27,229 - INFO - [The Guardian] Early skip: URL https://www.theguardian.com/world/2025/dec/29/china-live-fire-military-drills-around-taiwan already exists.
2025-12-29 07:28:27,508 - INFO - [BBC] Early skip: URL https://www.bbc.com/news/videos/c05834pp6jno?at_medium=RSS&at_campaign=rss already exists.
2025-12-29 07:28:27,713 - INFO - [The Guardian] Early skip: URL https://www.theguardian.com/world/2025/dec/29/search-for-malaysia-airlines-flight-mh370-expected-to-resume already exists.
2025-12-29 07:28:27,875 - INFO - [BBC] Early skip: URL https://www.bbc.com/news/articles/cp8966ew7y7o?at_medium=RSS&at_campaign=rss already exists.
2025-12-29 07:28:28,045 - INFO - [The Guardian] Early skip: URL https://www.theguardian.com/world/2025/dec/28/myanmar-elections-voting-begins-under-junta-stranglehold-with-aung-san-suu-kyi-banned already exists.
2025-12-29 07:28:28,164 - INFO - [BBC] Early skip: URL https://www.bbc.com/news/articles/c3r7ge7937qo?at_medium=RSS&at_campaign=rss already exists.
2025-12-29 07:28:28,280 - INFO - [The Guardian] Early skip: URL https://www.theguardian.com/world/2025/dec/28/myanmar-is-going-to-the-polls-but-its-not-the-people-who-hold-the-power-its-china already exists.
2025-12-29 07:28:28,438 - INFO - [BBC] Early skip: URL https://www.bbc.com/news/articles/cqxq59np394o?at_medium=RSS&at_campaign=rss already exists.
2025-12-29 07:28:28,660 - INFO - [The Guardian] Early skip: URL https://www.theguardian.com/world/2025/dec/27/thailand-and-cambodia-agree-immediate-ceasefire-after-weeks-of-deadly-border-clashes already exists.
2025-12-29 07:28:28,844 - INFO - [BBC] Early skip: URL https://www.bbc.com/news/articles/c3v1g227p4xo?at_medium=RSS&at_campaign=rss already exists.
2025-12-29 07:28:29,003 - INFO - [The Guardian] Early skip: URL https://www.theguardian.com/australia-news/2025/dec/29/wounded-hero-ahmed-al-ahmed-speaks-of-saving-lives-at-bondi-beach-ntwnfb already exists.
2025-12-29 07:28:29,142 - INFO - [BBC] Early skip: URL https://www.bbc.com/news/articles/cd9z1k4g40jo?at_medium=RSS&at_campaign=rss already exists.
2025-12-29 07:28:29,345 - INFO - [The Guardian] Early skip: URL https://www.theguardian.com/australia-news/2025/dec/29/emma-johnston-university-melbourne-vice-chancellor-dies-aged-52 already exists.
2025-12-29 07:28:29,577 - INFO - [BBC] Early skip: URL https://www.bbc.com/news/articles/cde61jz5653o?at_medium=RSS&at_campaign=rss already exists.
2025-12-29 07:28:29,863 - INFO - [The Guardian] Early skip: URL https://www.theguardian.com/australia-news/2025/dec/29/albanese-government-rejects-calls-bondi-royal-commission-ntwnfb already exists.
2025-12-29 07:28:30,104 - INFO - [BBC] Early skip: URL https://www.bbc.com/news/articles/cpvd90k2zn4o?at_medium=RSS&at_campaign=rss already exists.
2025-12-29 07:28:30,224 - INFO - [The Guardian] Early skip: URL https://www.theguardian.com/world/2025/dec/29/passengers-on-cruise-ship-that-ran-aground-off-png-to-be-flown-home-after-refloat-efforts-fail already exists.
2025-12-29 07:28:30,467 - INFO - [The Guardian] Early skip: URL https://www.theguardian.com/australia-news/2025/dec/29/woman-missing-outback-australia-search-renewed already exists.
2025-12-29 07:28:30,666 - INFO - [BBC] Early skip: URL https://www.bbc.com/news/articles/cdxw7593x9zo?at_medium=RSS&at_campaign=rss already exists.
2025-12-29 07:28:30,866 - INFO - [The Guardian] Early skip: URL https://www.theguardian.com/world/live/2025/dec/28/ukraine-war-live-russia-zelenskyy-trump-meeting-florida-kyiv-latest-news-updates already exists.
2025-12-29 07:28:31,047 - INFO - [BBC] Early skip: URL https://www.bbc.com/news/articles/c0je281pnwyo?at_medium=RSS&at_campaign=rss already exists.
2025-12-29 07:28:31,246 - INFO - [The Guardian] Early skip: URL https://www.theguardian.com/film/2025/dec/28/brigitte-bardot-french-screen-legend-and-animal-rights-activist-dies already exists.
2025-12-29 07:28:31,382 - INFO - [BBC] Early skip: URL https://www.bbc.com/news/articles/c888rzkd0dzo?at_medium=RSS&at_campaign=rss already exists.
2025-12-29 07:28:31,565 - INFO - [The Guardian] Early skip: URL https://www.theguardian.com/film/2025/dec/28/off-the-shoulder-tops-and-a-signature-hair-do-brigitte-bardot-style-legacy already exists.
2025-12-29 07:28:31,759 - INFO - Selenium driver initialized successfully.
2025-12-29 07:28:31,759 - INFO - Selenium driver initialized successfully.
2025-12-29 07:28:31,759 - INFO - Starting scrape for The Hindu RSS feed: https://www.thehindu.com/news/national/feeder/default.rss
2025-12-29 07:28:31,759 - INFO - Starting scrape for Times of India RSS feed: https://timesofindia.indiatimes.com/rssfeeds/296589292.cms
2025-12-29 07:28:31,793 - INFO - [BBC] Early skip: URL https://www.bbc.com/news/articles/c20p78kp8pgo?at_medium=RSS&at_campaign=rss already exists.
2025-12-29 07:28:31,940 - INFO - Found 100 articles in The Hindu RSS feed. Processing up to 30.
2025-12-29 07:28:32,030 - INFO - [The Guardian] Early skip: URL https://www.theguardian.com/world/2025/dec/28/trump-zelenskyy-talks-amid-heavy-russian-airstrikes-on-ukraine already exists.
2025-12-29 07:28:32,101 - INFO - Found 20 articles in Times of India RSS feed. Processing up to 30.
2025-12-29 07:28:32,226 - INFO - [The Hindu] Article: https://www.thehindu.com/shorts/watch-one-killed-in-tataernakulam-express-fire-vijayawada-drm/article70448765.ece
2025-12-29 07:28:32,226 - INFO - [The Hindu] Attempt 1/1: Trying with 'selenium_browser' strategy...
2025-12-29 07:28:32,227 - INFO - [BBC] Early skip: URL https://www.bbc.com/news/articles/c4g6xgv1n41o?at_medium=RSS&at_campaign=rss already exists.
2025-12-29 07:28:32,382 - INFO - [Times of India] Article: https://timesofindia.indiatimes.com/world/rest-of-world/watch-russia-shares-ai-video-of-world-leaders-receiving-christmas-gifts-from-putin-what-pm-modi-trump-got/articleshow/126225854.cms
2025-12-29 07:28:32,382 - INFO - [Times of India] Attempt 1/1: Trying with 'selenium_browser' strategy...
2025-12-29 07:28:32,382 - INFO - [The Guardian] Early skip: URL https://www.theguardian.com/world/2025/dec/27/zelenskyy-to-meet-european-leaders-and-trump-for-ukraine-peace-talks-amid-fresh-strikes-on-kyiv already exists.
2025-12-29 07:28:32,630 - INFO - [BBC] Early skip: URL https://www.bbc.com/news/articles/cn987yqnee9o?at_medium=RSS&at_campaign=rss already exists.
2025-12-29 07:28:32,901 - INFO - [The Guardian] Early skip: URL https://www.theguardian.com/world/2025/dec/29/netanyahu-to-meet-trump-in-us-amid-fears-of-israeli-regional-offensives already exists.
2025-12-29 07:28:33,103 - INFO - [BBC] Early skip: URL https://www.bbc.com/news/articles/c93wjn1y72vo?at_medium=RSS&at_campaign=rss already exists.
2025-12-29 07:28:33,396 - INFO - [The Guardian] Early skip: URL https://www.theguardian.com/world/2025/dec/26/palestinian-man-kills-two-in-northern-israel-car-ramming-and-stabbing-attack-police-say already exists.
2025-12-29 07:28:33,604 - INFO - [BBC] Early skip: URL https://www.bbc.com/news/articles/cy073xp2yj0o?at_medium=RSS&at_campaign=rss already exists.
2025-12-29 07:28:33,813 - INFO - [The Guardian] Early skip: URL https://www.theguardian.com/world/2025/dec/26/southern-separatists-on-rise-in-yemen-report-saudi-airstrikes-near-positions already exists.
2025-12-29 07:28:33,939 - INFO - [BBC] Early skip: URL https://www.bbc.com/news/articles/cpwk9grv290o?at_medium=RSS&at_campaign=rss already exists.
2025-12-29 07:28:34,221 - INFO - [The Guardian] Early skip: URL https://www.theguardian.com/world/2025/dec/24/israel-condemned-approval-19-settlements-occupied-west-bank already exists.
2025-12-29 07:28:34,377 - INFO - [The Guardian] Early skip: URL https://www.theguardian.com/world/2025/dec/24/israel-strikes-southern-lebanon-as-deadline-to-disarm-hezbollah-nears already exists.
2025-12-29 07:28:34,604 - INFO - [BBC] Early skip: URL https://www.bbc.com/news/videos/crl9gpynrdno?at_medium=RSS&at_campaign=rss already exists.
2025-12-29 07:28:34,727 - INFO - [BBC] Article: https://www.bbc.com/news/videos/cz7n4px7e41o?at_medium=RSS&at_campaign=rss
2025-12-29 07:28:34,727 - INFO - [BBC] Attempt 1/1: Trying with 'requests_browser' strategy...
2025-12-29 07:28:35,004 - WARNING - [BBC] FAILED with 'requests_browser' (content was too short: 86 words).
2025-12-29 07:28:35,004 - ERROR - [BBC] All scrape strategies failed for https://www.bbc.com/news/videos/cz7n4px7e41o?at_medium=RSS&at_campaign=rss. Falling back to RSS description.
2025-12-29 07:28:35,004 - WARNING - SKIPPED (GLOBAL WORD LIMIT): Article 'Snow-capped Mount Etna erupts as skiers glide down slopes' from BBC has only 19 words (Min: 90).
2025-12-29 07:28:36,488 - INFO - [BBC] Article: https://www.bbc.com/news/videos/cn4dexwzejeo?at_medium=RSS&at_campaign=rss
2025-12-29 07:28:36,488 - INFO - [BBC] Attempt 1/1: Trying with 'requests_browser' strategy...
2025-12-29 07:28:36,575 - WARNING - [BBC] FAILED with 'requests_browser' (content was too short: 59 words).
2025-12-29 07:28:36,575 - ERROR - [BBC] All scrape strategies failed for https://www.bbc.com/news/videos/cn4dexwzejeo?at_medium=RSS&at_campaign=rss. Falling back to RSS description.
2025-12-29 07:28:36,576 - WARNING - SKIPPED (GLOBAL WORD LIMIT): Article 'Watch: Meteor lights up sky over Japan's Mount Fuji' from BBC has only 14 words (Min: 90).
2025-12-29 07:28:44,054 - WARNING - [The Hindu] Page timed out (10s). Proceeding anyway.
2025-12-29 07:28:44,480 - WARNING - [The Hindu] FAILED with 'selenium_browser' (content was too short: 44 words).
2025-12-29 07:28:44,480 - ERROR - [The Hindu] All scrape strategies failed for https://www.thehindu.com/shorts/watch-one-killed-in-tataernakulam-express-fire-vijayawada-drm/article70448765.ece. Falling back to RSS description.
2025-12-29 07:28:44,480 - WARNING - SKIPPED (GLOBAL WORD LIMIT): Article 'Watch: One killed in Tata–Ernakulam Express fire: Vijayawada DRM' from The Hindu has only 3 words (Min: 90).
2025-12-29 07:28:45,808 - INFO - [The Hindu] Article: https://www.thehindu.com/news/national/insv-kaundinya-navy-vessel-voyage-india-to-oman-all-you-need-to-know/article70448690.ece
2025-12-29 07:28:45,808 - INFO - [The Hindu] Attempt 1/1: Trying with 'selenium_browser' strategy...
2025-12-29 07:28:49,413 - INFO - [The Hindu] Page content loaded.
2025-12-29 07:28:49,539 - INFO - [The Hindu] Success with 'selenium_browser'. Found content (412 words).
2025-12-29 07:28:52,456 - ERROR - [Times of India] Request failed for strategy 'selenium_browser' on URL https://timesofindia.indiatimes.com/world/rest-of-world/watch-russia-shares-ai-video-of-world-leaders-receiving-christmas-gifts-from-putin-what-pm-modi-trump-got/articleshow/126225854.cms: Message: timeout: Timed out receiving message from renderer: 19.918
  (Session info: chrome=143.0.7499.109)
Stacktrace:
#0 0x5561ea25219a <unknown>
#1 0x5561e9ccfc4b <unknown>
#2 0x5561e9cb7cf3 <unknown>
#3 0x5561e9cb79d6 <unknown>
#4 0x5561e9cb5897 <unknown>
#5 0x5561e9cb61af <unknown>
#6 0x5561e9cc4970 <unknown>
#7 0x5561e9cde017 <unknown>
#8 0x5561e9ce46cb <unknown>
#9 0x5561e9cb68d8 <unknown>
#10 0x5561e9cdddc3 <unknown>
#11 0x5561e9d6cf60 <unknown>
#12 0x5561e9d13c42 <unknown>
#13 0x5561e9d148f1 <unknown>
#14 0x5561ea21af39 <unknown>
#15 0x5561ea21de7d <unknown>
#16 0x5561ea203c81 <unknown>
#17 0x5561ea21ea5b <unknown>
#18 0x5561ea1eaa50 <unknown>
#19 0x5561ea23faa8 <unknown>
#20 0x5561ea23fc79 <unknown>
#21 0x5561ea2514f3 <unknown>
#22 0x7f36a109caa4 <unknown>
#23 0x7f36a1129c6c <unknown>

2025-12-29 07:28:52,456 - ERROR - [Times of India] All scrape strategies failed for https://timesofindia.indiatimes.com/world/rest-of-world/watch-russia-shares-ai-video-of-world-leaders-receiving-christmas-gifts-from-putin-what-pm-modi-trump-got/articleshow/126225854.cms. Falling back to RSS description.
2025-12-29 07:28:52,456 - WARNING - SKIPPED (GLOBAL WORD LIMIT): Article 'Watch: Russia shares AI video of world leaders receiving Christmas gifts from Putin — what PM Modi &amp; Trump got' from Times of India has only 3 words (Min: 90).
2025-12-29 07:29:04,294 - INFO - Saved article: INSV Kaundinya: All you need to know about Navy’s heritage vessel which sets off on voyage to Oman - The Hindu from The Hindu (412 words)
2025-12-29 07:29:04,294 - INFO - [Times of India] Article: https://timesofindia.indiatimes.com/world/middle-east/cristiano-ronaldo-named-best-middle-east-player-at-globe-soccer-awards-2025-in-dubai/articleshow/126225321.cms
2025-12-29 07:29:04,294 - INFO - [Times of India] Attempt 1/1: Trying with 'selenium_browser' strategy...
2025-12-29 07:29:05,004 - INFO - [Times of India] Page content loaded.
2025-12-29 07:29:05,085 - INFO - [The Hindu] Article: https://www.thehindu.com/news/national/sc-stays-unnao-rape-convict-sengars-suspension-of-life-sentence/article70448721.ece
2025-12-29 07:29:05,085 - INFO - [The Hindu] Attempt 1/1: Trying with 'selenium_browser' strategy...
2025-12-29 07:29:05,176 - INFO - [Times of India] Success with 'selenium_browser'. Found content (698 words).
2025-12-29 07:29:25,118 - ERROR - [The Hindu] Request failed for strategy 'selenium_browser' on URL https://www.thehindu.com/news/national/sc-stays-unnao-rape-convict-sengars-suspension-of-life-sentence/article70448721.ece: Message: timeout: Timed out receiving message from renderer: 19.393
  (Session info: chrome=143.0.7499.109)
Stacktrace:
#0 0x556d3fb8e19a <unknown>
#1 0x556d3f60bc4b <unknown>
#2 0x556d3f5f3cf3 <unknown>
#3 0x556d3f5f39d6 <unknown>
#4 0x556d3f5f1897 <unknown>
#5 0x556d3f5f21af <unknown>
#6 0x556d3f600970 <unknown>
#7 0x556d3f61a017 <unknown>
#8 0x556d3f6206cb <unknown>
#9 0x556d3f5f28d8 <unknown>
#10 0x556d3f619dc3 <unknown>
#11 0x556d3f6a8f60 <unknown>
#12 0x556d3f64fc42 <unknown>
#13 0x556d3f6508f1 <unknown>
#14 0x556d3fb56f39 <unknown>
#15 0x556d3fb59e7d <unknown>
#16 0x556d3fb3fc81 <unknown>
#17 0x556d3fb5aa5b <unknown>
#18 0x556d3fb26a50 <unknown>
#19 0x556d3fb7baa8 <unknown>
#20 0x556d3fb7bc79 <unknown>
#21 0x556d3fb8d4f3 <unknown>
#22 0x7f3c07a9caa4 <unknown>
#23 0x7f3c07b29c6c <unknown>

2025-12-29 07:29:25,119 - ERROR - [The Hindu] All scrape strategies failed for https://www.thehindu.com/news/national/sc-stays-unnao-rape-convict-sengars-suspension-of-life-sentence/article70448721.ece. Falling back to RSS description.
2025-12-29 07:29:25,119 - WARNING - SKIPPED (GLOBAL WORD LIMIT): Article 'SC stays Unnao rape convict Sengar’s suspension of life sentence' from The Hindu has only 3 words (Min: 90).
2025-12-29 07:29:31,059 - INFO - Saved article: Cristiano Ronaldo named Best Middle East Player at Globe Soccer Awards 2025 in Dubai | World News - The Times of India from Times of India (698 words)
2025-12-29 07:29:31,060 - INFO - [The Hindu] Article: https://www.thehindu.com/news/national/maharashtra/ncp-sp-ncp-join-hands-for-pune-civic-polls/article70448686.ece
2025-12-29 07:29:31,060 - INFO - [The Hindu] Attempt 1/1: Trying with 'selenium_browser' strategy...
2025-12-29 07:29:31,616 - INFO - [Times of India] Early skip: URL https://timesofindia.indiatimes.com/world/rest-of-world/lavish-gifts-from-jewellery-to-handbag-south-koreas-ex-president-yoon-suk-yeols-wife-accused-of-taking-bribes-over-200000/articleshow/126223433.cms already exists.
2025-12-29 07:29:31,721 - INFO - [Times of India] Early skip: URL https://timesofindia.indiatimes.com/world/middle-east/schengen-style-gcc-unified-tourist-visa-misses-2025-deadline-when-will-it-finally-launch/articleshow/126213710.cms already exists.
2025-12-29 07:29:31,923 - INFO - [Times of India] Early skip: URL https://timesofindia.indiatimes.com/world/rest-of-world/elderly-residents-trapped-indonesias-manado-retirement-home-catches-fire-16-killed/articleshow/126224134.cms already exists.
2025-12-29 07:29:32,052 - INFO - [Times of India] Early skip: URL https://timesofindia.indiatimes.com/world/rest-of-world/nuclear-readiness-north-korea-tests-2-long-range-cruise-missiles-kim-jong-un-calls-it-unlimited-sustained-development/articleshow/126222761.cms already exists.
2025-12-29 07:29:32,227 - INFO - [Times of India] Early skip: URL https://timesofindia.indiatimes.com/world/europe/worn-down-by-worry-parents-look-longingly-at-australias-social-media-ban/articleshow/126222946.cms already exists.
2025-12-29 07:29:32,342 - INFO - [Times of India] Early skip: URL https://timesofindia.indiatimes.com/world/south-asia/dhaka-bid-to-portray-isolated-acts-as-hindu-persecution/articleshow/126222878.cms already exists.
2025-12-29 07:29:32,574 - INFO - [Times of India] Early skip: URL https://timesofindia.indiatimes.com/world/europe/brigitte-bardot-an-icon-of-french-cinema-who-renounced-stardom-dies/articleshow/126222817.cms already exists.
2025-12-29 07:29:32,850 - INFO - [Times of India] Early skip: URL https://timesofindia.indiatimes.com/world/south-asia/bangladesh-division-in-students-led-ncp-over-alliance-with-jamaat-for-polls/articleshow/126222765.cms already exists.
2025-12-29 07:29:33,057 - INFO - [Times of India] Early skip: URL https://timesofindia.indiatimes.com/world/rest-of-world/sudanese-trek-through-mountains-to-escape-kordofan-fighting/articleshow/126223581.cms already exists.
2025-12-29 07:29:33,064 - INFO - [The Hindu] Page content loaded.
2025-12-29 07:29:33,122 - INFO - [The Hindu] Success with 'selenium_browser'. Found content (236 words).
2025-12-29 07:29:33,206 - INFO - [Times of India] Early skip: URL https://timesofindia.indiatimes.com/world/us-streamers/who-is-the-founder-of-faze-clan-origins-explored-amid-member-exits-contract-negotiations-and-creator-backlash/articleshow/126220016.cms already exists.
2025-12-29 07:29:33,459 - INFO - [Times of India] Early skip: URL https://timesofindia.indiatimes.com/world/us-streamers/why-shes-out-there-tim-dillon-highlights-public-confusion-over-erika-kirks-appearances-following-charlie-kirk-tragedy/articleshow/126220022.cms already exists.
2025-12-29 07:29:46,519 - INFO - DEDUPLICATION: Found match (Score: 0.76). Linking to Cluster ID: 129b2a69-c8f7-403e-93f2-1960814e6d8b
2025-12-29 07:29:46,521 - INFO - Saved article: NCP (SP), NCP join hands for Pune civic polls - The Hindu from The Hindu (236 words)
2025-12-29 07:29:46,522 - INFO - [Times of India] Early skip: URL https://timesofindia.indiatimes.com/world/us-streamers/what-is-mrbeasts-minecraft-boys-vs-girls-video-controversy-allegations-of-fake-players-cheating-and-missing-details-explained/articleshow/126221917.cms already exists.
2025-12-29 07:29:46,816 - INFO - [Times of India] Early skip: URL https://timesofindia.indiatimes.com/world/us-streamers/what-happened-to-mike-the-real-tarzann-holston-influencer-shares-recovery-update-after-skydiving-accident/articleshow/126222171.cms already exists.
2025-12-29 07:29:46,943 - INFO - [Times of India] Early skip: URL https://timesofindia.indiatimes.com/world/us-streamers/doesnt-want-to-be-helped-influencer-walter-weekes-highlights-harsh-reality-after-failed-attempt-to-help-nickelodeon-child-actor-tylor-chase/articleshow/126222224.cms already exists.
2025-12-29 07:29:47,150 - INFO - [The Hindu] Article: https://www.thehindu.com/news/national/is-death-of-33-blos-okay-mp-kapil-sibal-takes-dig-at-government/article70448677.ece
2025-12-29 07:29:47,150 - INFO - [The Hindu] Attempt 1/1: Trying with 'selenium_browser' strategy...
2025-12-29 07:29:47,150 - INFO - [Times of India] Early skip: URL https://timesofindia.indiatimes.com/world/us-streamers/clavicular-sparks-fresh-controversy-after-twitch-debut-delivers-record-viewership-following-kick-ban/articleshow/126222289.cms already exists.
2025-12-29 07:29:47,279 - INFO - [Times of India] Early skip: URL https://timesofindia.indiatimes.com/world/uk/who-is-alaa-abd-el-fattah-and-why-is-keir-starmer-under-fire/articleshow/126222180.cms already exists.
2025-12-29 07:29:47,580 - INFO - [Times of India] Early skip: URL https://timesofindia.indiatimes.com/world/us/russia-wanted-ukraine-to-succeed-says-trump-after-meeting-zelenskyy-watch-his-reaction/articleshow/126221986.cms already exists.
2025-12-29 07:29:47,814 - INFO - [The Hindu] Page content loaded.
2025-12-29 07:29:47,843 - INFO - [Times of India] Early skip: URL https://timesofindia.indiatimes.com/world/us/why-karoline-leavitts-pregnancy-is-so-rare-in-american-and-world-politics/articleshow/126221992.cms already exists.
2025-12-29 07:29:47,959 - INFO - [The Hindu] Success with 'selenium_browser'. Found content (308 words).
2025-12-29 07:29:48,199 - INFO - [Times of India] (Thread) Finished. Attempting to shut down its Selenium driver.
2025-12-29 07:29:48,637 - INFO - [Times of India] (Thread) driver.quit() successful.
2025-12-29 07:30:00,532 - INFO - DEDUPLICATION: Found match (Score: 0.72). Linking to Cluster ID: 7ad1f898-40db-411e-83ae-2df93bb79590
2025-12-29 07:30:00,534 - INFO - Saved article: ‘Is death of 33 BLOs okay?’ MP Kapil Sibal takes dig at government - The Hindu from The Hindu (308 words)
2025-12-29 07:30:01,973 - INFO - [The Hindu] Article: https://www.thehindu.com/news/national/tripura-student-murder-tipra-party-wing-announces-10-lakh-reward-for-info-on-prime-accused/article70448619.ece
2025-12-29 07:30:01,973 - INFO - [The Hindu] Attempt 1/1: Trying with 'selenium_browser' strategy...
2025-12-29 07:30:04,372 - INFO - [The Hindu] Page content loaded.
2025-12-29 07:30:04,451 - INFO - [The Hindu] Success with 'selenium_browser'. Found content (322 words).
2025-12-29 07:30:16,391 - INFO - Saved article: Tripura student murder: Tipra party wing announces ₹10 lakh reward for info on prime accused - The Hindu from The Hindu (322 words)
2025-12-29 07:30:17,376 - INFO - [The Hindu] Article: https://www.thehindu.com/news/national/telangana/telangana-assembly-winter-session-begins-kcr-attends/article70448636.ece
2025-12-29 07:30:17,376 - INFO - [The Hindu] Attempt 1/1: Trying with 'selenium_browser' strategy...
2025-12-29 07:30:20,957 - INFO - [The Hindu] Page content loaded.
2025-12-29 07:30:21,061 - INFO - [The Hindu] Success with 'selenium_browser'. Found content (239 words).
2025-12-29 07:30:33,092 - INFO - DEDUPLICATION: Found match (Score: 0.73). Linking to Cluster ID: 28c3c3dc-2f13-4f2c-93a2-8f77c1171be6
2025-12-29 07:30:33,094 - INFO - Saved article: Telangana Assembly winter session begins; KCR attends - The Hindu from The Hindu (239 words)
2025-12-29 07:30:34,451 - INFO - [The Hindu] Article: https://www.thehindu.com/news/national/kerala/two-youths-arrested-for-sexually-abusing-minor-at-rented-flat-in-keralas-kozhikode/article70448641.ece
2025-12-29 07:30:34,451 - INFO - [The Hindu] Attempt 1/1: Trying with 'selenium_browser' strategy...
2025-12-29 07:30:35,027 - INFO - [The Hindu] Page content loaded.
2025-12-29 07:30:35,097 - INFO - [The Hindu] Success with 'selenium_browser'. Found content (147 words).
2025-12-29 07:30:47,292 - INFO - Saved article: Two youths arrested for sexually abusing minor at rented flat in Kerala’s Kozhikode - The Hindu from The Hindu (147 words)
2025-12-29 07:30:47,818 - INFO - [The Hindu] Early skip: URL https://www.thehindu.com/news/national/uttar-pradesh/adityanath-orders-closure-of-schools-across-uttar-pradesh-till-january-1-amid-cold-wave/article70448575.ece already exists.
2025-12-29 07:30:47,919 - INFO - [The Hindu] Early skip: URL https://www.thehindu.com/sci-tech/science/alaknanda-indian-astronomers-spot-implausibly-old-spiral-galaxy/article70443024.ece already exists.
2025-12-29 07:30:48,034 - INFO - [The Hindu] Early skip: URL https://www.thehindu.com/sci-tech/energy-and-environment/real-estate-development-opened-up-by-rajasthans-double-engine-govt-to-hurt-aravallis-more-congress/article70448580.ece already exists.
2025-12-29 07:30:48,307 - INFO - [The Hindu] Early skip: URL https://www.thehindu.com/news/national/kerala/case-registered-over-instagram-reel-showing-country-bomb-explosion-in-keralas-kannur/article70448492.ece already exists.
2025-12-29 07:30:48,590 - INFO - [The Hindu] Early skip: URL https://www.thehindu.com/news/national/tamil-nadu/tn-government-sets-new-fee-for-property-transfer-returns-and-leases/article70443323.ece already exists.
2025-12-29 07:30:48,696 - INFO - [The Hindu] Early skip: URL https://www.thehindu.com/news/national/unnao-rape-case-supreme-court-hearing-kuldeep-singh-sengar-live-updates-december-29-2025/article70448441.ece already exists.
2025-12-29 07:30:48,842 - INFO - [The Hindu] Early skip: URL https://www.thehindu.com/news/national/aravalli-hills-supreme-court-hearing-live-updates-december-29/article70448368.ece already exists.
2025-12-29 07:30:49,088 - INFO - [The Hindu] Article: https://www.thehindu.com/shorts/watch-fire-engulfs-two-coaches-of-tatanagarernakulam-express-in-andhra-pradesh/article70448376.ece
2025-12-29 07:30:49,088 - INFO - [The Hindu] Attempt 1/1: Trying with 'selenium_browser' strategy...
2025-12-29 07:31:00,106 - WARNING - [The Hindu] Page timed out (10s). Proceeding anyway.
2025-12-29 07:31:00,130 - WARNING - [The Hindu] FAILED with 'selenium_browser' (content was too short: 48 words).
2025-12-29 07:31:00,130 - ERROR - [The Hindu] All scrape strategies failed for https://www.thehindu.com/shorts/watch-fire-engulfs-two-coaches-of-tatanagarernakulam-express-in-andhra-pradesh/article70448376.ece. Falling back to RSS description.
2025-12-29 07:31:00,130 - WARNING - SKIPPED (GLOBAL WORD LIMIT): Article 'Watch: Fire engulfs two coaches of Tatanagar–Ernakulam Express in Andhra Pradesh' from The Hindu has only 3 words (Min: 90).
2025-12-29 07:31:01,139 - INFO - [The Hindu] Early skip: URL https://www.thehindu.com/news/national/chhattisgarh/ed-raid-chhattisgarh-bharatmala-project-december-29/article70448335.ece already exists.
2025-12-29 07:31:01,296 - INFO - [The Hindu] Early skip: URL https://www.thehindu.com/news/national/tripura/protests-erupt-in-tripura-over-murder-of-student-angel-chakma-in-uttarakhand/article70448284.ece already exists.
2025-12-29 07:31:01,537 - INFO - [The Hindu] Early skip: URL https://www.thehindu.com/news/national/andhra-pradesh/andhra-pradesh-train-fire-engulf-two-coaches-of-tatanagar-ernakulam-express-anakapalli/article70448263.ece already exists.
2025-12-29 07:31:01,640 - INFO - [The Hindu] Early skip: URL https://www.thehindu.com/news/cities/mumbai/ncp-releases-first-list-of-candidates-for-mumbai-polls/article70448245.ece already exists.
2025-12-29 07:31:01,871 - INFO - [The Hindu] Early skip: URL https://www.thehindu.com/society/history-and-culture/homo-opportunisticus-the-contingent-contested-evolution-of-caste/article70446575.ece already exists.
2025-12-29 07:31:02,146 - INFO - [The Hindu] Early skip: URL https://www.thehindu.com/news/national/tamil-nadu/vice-president-to-arrive-in-puducherry-today/article70447150.ece already exists.
2025-12-29 07:31:02,412 - INFO - [The Hindu] Early skip: URL https://www.thehindu.com/news/national/bihar/spotlight-the-man-who-wore-an-ias-mask/article70445976.ece already exists.
2025-12-29 07:31:02,562 - INFO - [The Hindu] Early skip: URL https://www.thehindu.com/news/national/amit-shahs-arrival-in-guwahati-postponed-as-his-flight-cancelled-due-to-dense-fog/article70447403.ece already exists.
2025-12-29 07:31:02,830 - INFO - [The Hindu] Early skip: URL https://www.thehindu.com/news/national/uttar-pradesh/nearly-200-up-villagers-get-rabies-shots-after-consuming-curd-from-buffalo-that-died-after-dog-bite/article70447429.ece already exists.
2025-12-29 07:31:03,076 - INFO - [The Hindu] Early skip: URL https://www.thehindu.com/news/national/haryana/haryana-police-draws-up-an-expanded-crime-and-security-strategy-for-2026-with-a-focus-on-violent-offenders/article70446374.ece already exists.
2025-12-29 07:31:03,241 - INFO - [The Hindu] Early skip: URL https://www.thehindu.com/news/national/maharashtra/parivar-together-ajit-pawar-announces-ncp-ncp-sp-alliance-for-pimpri-chinchwad-civic-polls/article70447373.ece already exists.
2025-12-29 07:31:03,507 - INFO - [The Hindu] Early skip: URL https://www.thehindu.com/opinion/op-ed/tamil-nadu-needs-to-think-beyond-the-metro/article70445866.ece already exists.
2025-12-29 07:31:03,722 - INFO - [The Hindu] Early skip: URL https://www.thehindu.com/opinion/op-ed/bihars-unrealised-potential/article70445988.ece already exists.
2025-12-29 07:31:03,936 - INFO - [The Hindu] Early skip: URL https://www.thehindu.com/news/cities/chennai/work-starts-to-widen-25-km-long-section-of-sardar-patel-road/article70446877.ece already exists.
2025-12-29 07:31:04,229 - INFO - [The Hindu] (Thread) Finished. Attempting to shut down its Selenium driver.
2025-12-29 07:31:04,398 - INFO - [The Hindu] (Thread) driver.quit() successful.
2025-12-29 07:31:04,398 - INFO - Shutting down thread pool (wait=False)...
2025-12-29 07:31:04,399 - INFO - Scraped: 0 BBC, 6 The Hindu, 0 The Guardian, 1 Times of India articles. (Total saved: 7)
2025-12-29 07:31:04,399 - INFO - --- Scraping job finished ---
2025-12-29 07:31:04,405 - INFO - --- Scraper service stopped and database connection closed. ---
2025-12-29 07:31:04,405 - INFO - --- Main thread finished. Forcing process exit to kill zombie threads. ---
