2026-05-19 23:07:03,809 - INFO - Loading AI Semantic Model (all-MiniLM-L6-v2)...
2026-05-19 23:07:03,809 - INFO - No device provided, using cpu
2026-05-19 23:07:03,904 - INFO - HTTP Request: HEAD https://huggingface.co/sentence-transformers/all-MiniLM-L6-v2/resolve/main/modules.json "HTTP/1.1 307 Temporary Redirect"
2026-05-19 23:07:03,914 - INFO - HTTP Request: HEAD https://huggingface.co/api/resolve-cache/models/sentence-transformers/all-MiniLM-L6-v2/c9745ed1d9f207416be6d2e6f8de32d1f16199bf/modules.json "HTTP/1.1 200 OK"
2026-05-19 23:07:03,934 - INFO - HTTP Request: HEAD https://huggingface.co/sentence-transformers/all-MiniLM-L6-v2/resolve/main/config_sentence_transformers.json "HTTP/1.1 307 Temporary Redirect"
2026-05-19 23:07:03,935 - WARNING - Warning: You are sending unauthenticated requests to the HF Hub. Please set a HF_TOKEN to enable higher rate limits and faster downloads.
2026-05-19 23:07:03,945 - INFO - HTTP Request: HEAD https://huggingface.co/api/resolve-cache/models/sentence-transformers/all-MiniLM-L6-v2/c9745ed1d9f207416be6d2e6f8de32d1f16199bf/config_sentence_transformers.json "HTTP/1.1 200 OK"
2026-05-19 23:07:03,945 - INFO - Loading SentenceTransformer model from sentence-transformers/all-MiniLM-L6-v2.
2026-05-19 23:07:03,966 - INFO - HTTP Request: HEAD https://huggingface.co/sentence-transformers/all-MiniLM-L6-v2/resolve/main/config_sentence_transformers.json "HTTP/1.1 307 Temporary Redirect"
2026-05-19 23:07:03,976 - INFO - HTTP Request: HEAD https://huggingface.co/api/resolve-cache/models/sentence-transformers/all-MiniLM-L6-v2/c9745ed1d9f207416be6d2e6f8de32d1f16199bf/config_sentence_transformers.json "HTTP/1.1 200 OK"
2026-05-19 23:07:03,995 - INFO - HTTP Request: HEAD https://huggingface.co/sentence-transformers/all-MiniLM-L6-v2/resolve/main/README.md "HTTP/1.1 307 Temporary Redirect"
2026-05-19 23:07:04,005 - INFO - HTTP Request: HEAD https://huggingface.co/api/resolve-cache/models/sentence-transformers/all-MiniLM-L6-v2/c9745ed1d9f207416be6d2e6f8de32d1f16199bf/README.md "HTTP/1.1 200 OK"
2026-05-19 23:07:04,025 - INFO - HTTP Request: HEAD https://huggingface.co/sentence-transformers/all-MiniLM-L6-v2/resolve/main/modules.json "HTTP/1.1 307 Temporary Redirect"
2026-05-19 23:07:04,035 - INFO - HTTP Request: HEAD https://huggingface.co/api/resolve-cache/models/sentence-transformers/all-MiniLM-L6-v2/c9745ed1d9f207416be6d2e6f8de32d1f16199bf/modules.json "HTTP/1.1 200 OK"
2026-05-19 23:07:04,055 - INFO - HTTP Request: HEAD https://huggingface.co/sentence-transformers/all-MiniLM-L6-v2/resolve/main/sentence_bert_config.json "HTTP/1.1 307 Temporary Redirect"
2026-05-19 23:07:04,065 - INFO - HTTP Request: HEAD https://huggingface.co/api/resolve-cache/models/sentence-transformers/all-MiniLM-L6-v2/c9745ed1d9f207416be6d2e6f8de32d1f16199bf/sentence_bert_config.json "HTTP/1.1 200 OK"
2026-05-19 23:07:04,087 - INFO - HTTP Request: HEAD https://huggingface.co/sentence-transformers/all-MiniLM-L6-v2/resolve/main/adapter_config.json "HTTP/1.1 404 Not Found"
2026-05-19 23:07:04,107 - INFO - HTTP Request: HEAD https://huggingface.co/sentence-transformers/all-MiniLM-L6-v2/resolve/main/config.json "HTTP/1.1 307 Temporary Redirect"
2026-05-19 23:07:04,116 - INFO - HTTP Request: HEAD https://huggingface.co/api/resolve-cache/models/sentence-transformers/all-MiniLM-L6-v2/c9745ed1d9f207416be6d2e6f8de32d1f16199bf/config.json "HTTP/1.1 200 OK"
2026-05-19 23:07:04,256 - INFO - HTTP Request: HEAD https://huggingface.co/sentence-transformers/all-MiniLM-L6-v2/resolve/main/processor_config.json "HTTP/1.1 404 Not Found"
2026-05-19 23:07:04,282 - INFO - HTTP Request: HEAD https://huggingface.co/sentence-transformers/all-MiniLM-L6-v2/resolve/main/preprocessor_config.json "HTTP/1.1 404 Not Found"
2026-05-19 23:07:04,302 - INFO - HTTP Request: HEAD https://huggingface.co/sentence-transformers/all-MiniLM-L6-v2/resolve/main/video_preprocessor_config.json "HTTP/1.1 404 Not Found"
2026-05-19 23:07:04,333 - INFO - HTTP Request: HEAD https://huggingface.co/sentence-transformers/all-MiniLM-L6-v2/resolve/main/preprocessor_config.json "HTTP/1.1 404 Not Found"
2026-05-19 23:07:04,352 - INFO - HTTP Request: HEAD https://huggingface.co/sentence-transformers/all-MiniLM-L6-v2/resolve/main/tokenizer_config.json "HTTP/1.1 307 Temporary Redirect"
2026-05-19 23:07:04,362 - INFO - HTTP Request: HEAD https://huggingface.co/api/resolve-cache/models/sentence-transformers/all-MiniLM-L6-v2/c9745ed1d9f207416be6d2e6f8de32d1f16199bf/tokenizer_config.json "HTTP/1.1 200 OK"
2026-05-19 23:07:04,382 - INFO - HTTP Request: HEAD https://huggingface.co/sentence-transformers/all-MiniLM-L6-v2/resolve/main/config.json "HTTP/1.1 307 Temporary Redirect"
2026-05-19 23:07:04,392 - INFO - HTTP Request: HEAD https://huggingface.co/api/resolve-cache/models/sentence-transformers/all-MiniLM-L6-v2/c9745ed1d9f207416be6d2e6f8de32d1f16199bf/config.json "HTTP/1.1 200 OK"
2026-05-19 23:07:04,418 - INFO - HTTP Request: HEAD https://huggingface.co/sentence-transformers/all-MiniLM-L6-v2/resolve/main/config.json "HTTP/1.1 307 Temporary Redirect"
2026-05-19 23:07:04,428 - INFO - HTTP Request: HEAD https://huggingface.co/api/resolve-cache/models/sentence-transformers/all-MiniLM-L6-v2/c9745ed1d9f207416be6d2e6f8de32d1f16199bf/config.json "HTTP/1.1 200 OK"
2026-05-19 23:07:04,455 - INFO - HTTP Request: HEAD https://huggingface.co/sentence-transformers/all-MiniLM-L6-v2/resolve/main/tokenizer_config.json "HTTP/1.1 307 Temporary Redirect"
2026-05-19 23:07:04,466 - INFO - HTTP Request: HEAD https://huggingface.co/api/resolve-cache/models/sentence-transformers/all-MiniLM-L6-v2/c9745ed1d9f207416be6d2e6f8de32d1f16199bf/tokenizer_config.json "HTTP/1.1 200 OK"
2026-05-19 23:07:04,490 - INFO - HTTP Request: GET https://huggingface.co/api/models/sentence-transformers/all-MiniLM-L6-v2/tree/main/additional_chat_templates?recursive=false&expand=false "HTTP/1.1 404 Not Found"
2026-05-19 23:07:04,517 - INFO - HTTP Request: GET https://huggingface.co/api/models/sentence-transformers/all-MiniLM-L6-v2/tree/main?recursive=true&expand=false "HTTP/1.1 200 OK"
2026-05-19 23:07:04,572 - INFO - HTTP Request: HEAD https://huggingface.co/sentence-transformers/all-MiniLM-L6-v2/resolve/main/1_Pooling/config.json "HTTP/1.1 307 Temporary Redirect"
2026-05-19 23:07:04,581 - INFO - HTTP Request: HEAD https://huggingface.co/api/resolve-cache/models/sentence-transformers/all-MiniLM-L6-v2/c9745ed1d9f207416be6d2e6f8de32d1f16199bf/1_Pooling%2Fconfig.json "HTTP/1.1 200 OK"
2026-05-19 23:07:04,605 - INFO - HTTP Request: GET https://huggingface.co/api/models/sentence-transformers/all-MiniLM-L6-v2 "HTTP/1.1 200 OK"
2026-05-19 23:07:04,609 - INFO - AI Model loaded successfully.
2026-05-19 23:07:04,609 - INFO - --- Scraper service started (CI Mode: Run Once) ---
2026-05-19 23:07:04,609 - INFO - --- Starting new scraping job (Parallel Mode) ---
2026-05-19 23:07:04,609 - INFO - Connecting to Google Sheets...
2026-05-19 23:07:05,818 - INFO - Connected to Sheet: News Scrapper AI / Sheet1
2026-05-19 23:07:05,818 - INFO - Fetching existing data to build cache...
2026-05-19 23:07:26,504 - INFO - Loaded 60246 rows from sheet.
2026-05-19 23:07:27,618 - INFO - Cache built: 60246 URLs. Current MAX_ID: 60348
2026-05-19 23:07:27,625 - INFO - Creating new robust session with 3 retries on 5xx/connection/read errors.
2026-05-19 23:07:27,625 - INFO - Proxy is DISABLED.
2026-05-19 23:07:27,625 - INFO - Starting scrape for BBC RSS feed: http://feeds.bbci.co.uk/news/world/rss.xml
2026-05-19 23:07:27,626 - INFO - [Times of India] (Thread) requires Selenium. Initializing driver...
2026-05-19 23:07:27,626 - INFO - Starting scrape for The Guardian RSS feed: https://www.theguardian.com/world/rss
2026-05-19 23:07:27,627 - INFO - [The Hindu] (Thread) requires Selenium. Initializing driver...
2026-05-19 23:07:27,627 - INFO - [The Dawn] (Thread) requires Selenium. Initializing driver...
2026-05-19 23:07:27,629 - INFO - [Al Jazeera] (Thread) requires Selenium. Initializing driver...
2026-05-19 23:07:27,630 - INFO - Starting scrape for TechCrunch RSS feed: https://techcrunch.com/feed/
2026-05-19 23:07:27,631 - INFO - [Economic Times] (Thread) requires Selenium. Initializing driver...
2026-05-19 23:07:27,631 - INFO - Submitted 8 jobs to thread pool. Waiting up to 420s for completion...
2026-05-19 23:07:27,805 - INFO - Found 0 articles in TechCrunch RSS feed. Processing until 30 new articles are saved.
2026-05-19 23:07:27,857 - INFO - Found 35 articles in BBC RSS feed. Processing until 30 new articles are saved.
2026-05-19 23:07:27,858 - INFO - [BBC] Early skip: URL https://www.bbc.com/news/articles/cvgzj0pqpyyo?at_medium=RSS&at_campaign=rss already exists.
2026-05-19 23:07:27,860 - INFO - [BBC] Early skip: URL https://www.bbc.com/news/articles/ceqp11gn1l8o?at_medium=RSS&at_campaign=rss already exists.
2026-05-19 23:07:27,862 - INFO - [BBC] Early skip: URL https://www.bbc.com/news/articles/c5yejzmvy56o?at_medium=RSS&at_campaign=rss already exists.
2026-05-19 23:07:27,866 - INFO - [BBC] Early skip: URL https://www.bbc.com/news/articles/clyp3gkrwg9o?at_medium=RSS&at_campaign=rss already exists.
2026-05-19 23:07:27,867 - INFO - [BBC] Early skip: URL https://www.bbc.com/news/articles/c302jy8z4vro?at_medium=RSS&at_campaign=rss already exists.
2026-05-19 23:07:27,869 - INFO - [BBC] Early skip: URL https://www.bbc.com/news/articles/c0m2pg1z4x8o?at_medium=RSS&at_campaign=rss already exists.
2026-05-19 23:07:27,874 - INFO - [BBC] Early skip: URL https://www.bbc.com/news/articles/c78q3qjqnn5o?at_medium=RSS&at_campaign=rss already exists.
2026-05-19 23:07:27,876 - INFO - [BBC] Early skip: URL https://www.bbc.com/news/articles/c0q25dwj807o?at_medium=RSS&at_campaign=rss already exists.
2026-05-19 23:07:27,877 - INFO - [BBC] Early skip: URL https://www.bbc.com/news/articles/cjwpyzwn7epo?at_medium=RSS&at_campaign=rss already exists.
2026-05-19 23:07:27,879 - INFO - [BBC] Early skip: URL https://www.bbc.com/news/articles/cpdp6y37zn6o?at_medium=RSS&at_campaign=rss already exists.
2026-05-19 23:07:27,880 - INFO - [BBC] Early skip: URL https://www.bbc.com/news/articles/cg4pn0e2yp6o?at_medium=RSS&at_campaign=rss already exists.
2026-05-19 23:07:27,882 - INFO - [BBC] Early skip: URL https://www.bbc.com/news/articles/crkp777llgko?at_medium=RSS&at_campaign=rss already exists.
2026-05-19 23:07:27,883 - INFO - [BBC] Early skip: URL https://www.bbc.com/news/articles/cdrpnzv84gro?at_medium=RSS&at_campaign=rss already exists.
2026-05-19 23:07:27,884 - INFO - [BBC] Early skip: URL https://www.bbc.com/news/articles/c0q25lneg9vo?at_medium=RSS&at_campaign=rss already exists.
2026-05-19 23:07:27,886 - INFO - [BBC] Early skip: URL https://www.bbc.com/news/articles/c0k2dz4y6gxo?at_medium=RSS&at_campaign=rss already exists.
2026-05-19 23:07:27,890 - INFO - [BBC] Early skip: URL https://www.bbc.com/news/articles/c7079e55zjro?at_medium=RSS&at_campaign=rss already exists.
2026-05-19 23:07:27,893 - INFO - [BBC] Early skip: URL https://www.bbc.com/news/articles/cqjpglyjwjeo?at_medium=RSS&at_campaign=rss already exists.
2026-05-19 23:07:27,895 - INFO - [BBC] Early skip: URL https://www.bbc.com/news/articles/cvgzr7vr203o?at_medium=RSS&at_campaign=rss already exists.
2026-05-19 23:07:27,897 - INFO - [BBC] Early skip: URL https://www.bbc.com/news/articles/cr5pz4jvlp5o?at_medium=RSS&at_campaign=rss already exists.
2026-05-19 23:07:27,898 - INFO - [BBC] Early skip: URL https://www.bbc.com/news/articles/cd9pzd14vj5o?at_medium=RSS&at_campaign=rss already exists.
2026-05-19 23:07:27,899 - INFO - [BBC] Early skip: URL https://www.bbc.com/news/articles/cm2p0n44drvo?at_medium=RSS&at_campaign=rss already exists.
2026-05-19 23:07:27,900 - INFO - [BBC] Early skip: URL https://www.bbc.com/news/articles/cewpyv79pw1o?at_medium=RSS&at_campaign=rss already exists.
2026-05-19 23:07:27,905 - INFO - [BBC] Early skip: URL https://www.bbc.com/news/articles/cz92j3n3jvvo?at_medium=RSS&at_campaign=rss already exists.
2026-05-19 23:07:27,906 - INFO - [BBC] Early skip: URL https://www.bbc.com/news/articles/c4g8kpkjkl0o?at_medium=RSS&at_campaign=rss already exists.
2026-05-19 23:07:27,907 - INFO - [BBC] Early skip: URL https://www.bbc.com/news/articles/cz924g45530o?at_medium=RSS&at_campaign=rss already exists.
2026-05-19 23:07:27,909 - INFO - [BBC] Early skip: URL https://www.bbc.com/news/articles/cevp1lvzd8ko?at_medium=RSS&at_campaign=rss already exists.
2026-05-19 23:07:27,910 - INFO - [BBC] Early skip: URL https://www.bbc.com/news/articles/clyp9mk3mrgo?at_medium=RSS&at_campaign=rss already exists.
2026-05-19 23:07:27,911 - INFO - [BBC] Early skip: URL https://www.bbc.com/news/articles/cz72p75zg4qo?at_medium=RSS&at_campaign=rss already exists.
2026-05-19 23:07:27,912 - INFO - [BBC] Early skip: URL https://www.bbc.com/news/articles/c3w2xqj9x13o?at_medium=RSS&at_campaign=rss already exists.
2026-05-19 23:07:27,914 - INFO - [BBC] Early skip: URL https://www.bbc.com/news/articles/cvgzpz7zyd4o?at_medium=RSS&at_campaign=rss already exists.
2026-05-19 23:07:27,915 - INFO - [BBC] Early skip: URL https://www.bbc.com/news/videos/cx21349w77go?at_medium=RSS&at_campaign=rss already exists.
2026-05-19 23:07:27,916 - INFO - [BBC] Early skip: URL https://www.bbc.com/news/videos/cdep67ej9z2o?at_medium=RSS&at_campaign=rss already exists.
2026-05-19 23:07:27,917 - INFO - [BBC] Article: https://www.bbc.com/news/videos/ce8pzkg7klgo?at_medium=RSS&at_campaign=rss
2026-05-19 23:07:27,918 - INFO - [BBC] Attempt 1/1: Trying with 'requests_browser' strategy...
2026-05-19 23:07:28,271 - WARNING - [BBC] FAILED with 'requests_browser' (content was too short: 72 words).
2026-05-19 23:07:28,271 - ERROR - [BBC] All scrape strategies failed for https://www.bbc.com/news/videos/ce8pzkg7klgo?at_medium=RSS&at_campaign=rss. Falling back to RSS description.
2026-05-19 23:07:28,271 - WARNING - SKIPPED (GLOBAL WORD LIMIT): Article 'Moment two fighter jets collide mid-air at US air show' from BBC has only 18 words (Min: 90).
2026-05-19 23:07:28,922 - INFO - Found 45 articles in The Guardian RSS feed. Processing until 30 new articles are saved.
2026-05-19 23:07:28,923 - INFO - [The Guardian] Early skip: URL https://www.theguardian.com/us-news/2026/may/19/marco-rubio-who-ebola already exists.
2026-05-19 23:07:28,924 - INFO - [The Guardian] Early skip: URL https://www.theguardian.com/world/2026/may/19/ebola-outbreak-drc-who-tedros-adhanom-ghebreyesus-deeply-concerned already exists.
2026-05-19 23:07:28,925 - INFO - [The Guardian] Early skip: URL https://www.theguardian.com/world/2026/may/19/why-the-lessons-of-the-drcs-last-ebola-outbreak-are-being-tested-again already exists.
2026-05-19 23:07:28,926 - INFO - [The Guardian] Early skip: URL https://www.theguardian.com/us-news/2026/may/19/us-government-increase-white-south-africa-refugees already exists.
2026-05-19 23:07:28,927 - INFO - [The Guardian] Early skip: URL https://www.theguardian.com/global-development/2026/may/19/calls-for-release-of-sierra-leonean-singer-jailed-in-crackdown-on-free-speech already exists.
2026-05-19 23:07:28,928 - INFO - [The Guardian] Early skip: URL https://www.theguardian.com/world/2026/may/19/toronto-police-sexual-assault-charge-barcelona already exists.
2026-05-19 23:07:28,929 - INFO - [The Guardian] Early skip: URL https://www.theguardian.com/world/2026/may/19/woman-shot-dead-by-police-jamaica-protest already exists.
2026-05-19 23:07:28,931 - INFO - [The Guardian] Early skip: URL https://www.theguardian.com/us-news/2026/may/19/defense-department-inquiry-airstrikes-alleged-drug-boats already exists.
2026-05-19 23:07:28,932 - INFO - [The Guardian] Early skip: URL https://www.theguardian.com/world/2026/may/18/mexico-officials-surrender-alleged-cartel-ties already exists.
2026-05-19 23:07:28,933 - INFO - [The Guardian] Early skip: URL https://www.theguardian.com/world/2026/may/18/cuba-warns-of-bloodbath-us-military-drone-claim already exists.
2026-05-19 23:07:28,934 - INFO - [The Guardian] Early skip: URL https://www.theguardian.com/world/2026/may/19/vladimir-putin-beijing-china-state-visit-xi-jinping-russia already exists.
2026-05-19 23:07:28,935 - INFO - [The Guardian] Early skip: URL https://www.theguardian.com/business/2026/may/19/china-shock-eu-european-union-industry-imports already exists.
2026-05-19 23:07:28,936 - INFO - [The Guardian] Early skip: URL https://www.theguardian.com/world/2026/may/19/china-exploits-trump-taiwan-weapons-sales-analysis already exists.
2026-05-19 23:07:28,938 - INFO - [The Guardian] Early skip: URL https://www.theguardian.com/business/2026/may/18/ceo-starbucks-in-south-korea-fired-over-controversial-ad-campaign already exists.
2026-05-19 23:07:28,939 - INFO - [The Guardian] Early skip: URL https://www.theguardian.com/world/2026/may/18/xi-jinping-vladimir-putin-china-russia-four-days-after-donald-trump-us-visit already exists.
2026-05-19 23:07:28,940 - INFO - [The Guardian] Early skip: URL https://www.theguardian.com/australia-news/live/2026/may/20/federal-budget-tim-wilson-reply-national-press-club-coalition-liberal-national-angus-taylor-labor-anthony-albanese-jim-chalmers-ntwnfb already exists.
2026-05-19 23:07:28,942 - INFO - [The Guardian] Article: https://www.theguardian.com/music/2026/may/20/kylie-minogue-announces-she-had-second-cancer-diagnosis-in-2021-netflix-documentary
2026-05-19 23:07:28,942 - INFO - [The Guardian] Attempt 1/1: Trying with 'requests_browser' strategy...
2026-05-19 23:07:29,074 - INFO - [The Guardian] Success with 'requests_browser'. Found content (801 words).
2026-05-19 23:07:29,294 - INFO - [BBC] Article: https://www.bbc.com/news/videos/c2k2p8qkk58o?at_medium=RSS&at_campaign=rss
2026-05-19 23:07:29,294 - INFO - [BBC] Attempt 1/1: Trying with 'requests_browser' strategy...
2026-05-19 23:07:29,353 - WARNING - [BBC] FAILED with 'requests_browser' (content was too short: 72 words).
2026-05-19 23:07:29,354 - ERROR - [BBC] All scrape strategies failed for https://www.bbc.com/news/videos/c2k2p8qkk58o?at_medium=RSS&at_campaign=rss. Falling back to RSS description.
2026-05-19 23:07:29,354 - WARNING - SKIPPED (GLOBAL WORD LIMIT): Article 'Eurovision winner Dara arrives to screaming fans in Bulgaria' from BBC has only 14 words (Min: 90).
2026-05-19 23:07:30,455 - INFO - [BBC] Article: https://www.bbc.com/news/videos/cj3pznr0zr4o?at_medium=RSS&at_campaign=rss
2026-05-19 23:07:30,455 - INFO - [BBC] Attempt 1/1: Trying with 'requests_browser' strategy...
2026-05-19 23:07:30,494 - INFO - Selenium driver initialized successfully (Eager load strategy, 7s timeout).
2026-05-19 23:07:30,494 - INFO - Starting scrape for The Dawn RSS feed: https://www.dawn.com/feeds/home
2026-05-19 23:07:30,521 - INFO - Selenium driver initialized successfully (Eager load strategy, 7s timeout).
2026-05-19 23:07:30,522 - INFO - Starting scrape for Economic Times RSS feed: https://economictimes.indiatimes.com/rssfeedsdefault.cms
2026-05-19 23:07:30,529 - INFO - Selenium driver initialized successfully (Eager load strategy, 7s timeout).
2026-05-19 23:07:30,529 - INFO - Starting scrape for Al Jazeera RSS feed: https://www.aljazeera.com/xml/rss/all.xml
2026-05-19 23:07:30,532 - INFO - Selenium driver initialized successfully (Eager load strategy, 7s timeout).
2026-05-19 23:07:30,532 - INFO - Starting scrape for The Hindu RSS feed: https://www.thehindu.com/news/national/feeder/default.rss
2026-05-19 23:07:30,597 - WARNING - [BBC] FAILED with 'requests_browser' (content was too short: 56 words).
2026-05-19 23:07:30,599 - ERROR - [BBC] All scrape strategies failed for https://www.bbc.com/news/videos/cj3pznr0zr4o?at_medium=RSS&at_campaign=rss. Falling back to RSS description.
2026-05-19 23:07:30,599 - WARNING - SKIPPED (GLOBAL WORD LIMIT): Article 'Lights, camera, Bangaranga: Highlights from Eurovision' from BBC has only 22 words (Min: 90).
2026-05-19 23:07:30,603 - INFO - Selenium driver initialized successfully (Eager load strategy, 7s timeout).
2026-05-19 23:07:30,603 - INFO - Starting scrape for Times of India RSS feed: https://timesofindia.indiatimes.com/rssfeeds/296589292.cms
2026-05-19 23:07:30,746 - INFO - Found 60 articles in The Hindu RSS feed. Processing until 30 new articles are saved.
2026-05-19 23:07:30,748 - INFO - [The Hindu] Early skip: URL https://www.thehindu.com/news/national/sc-notice-on-plea-that-up-police-played-agent-provocateur-in-noida-workers-violence/article70997869.ece already exists.
2026-05-19 23:07:30,751 - INFO - [The Hindu] Early skip: URL https://www.thehindu.com/news/national/amid-soaring-temperatures-india-successfully-meets-record-peak-power-demand-of-26045-gw/article70999067.ece already exists.
2026-05-19 23:07:30,753 - INFO - [The Hindu] Early skip: URL https://www.thehindu.com/news/national/india-italy-set-to-expand-cooperation-across-key-sectors/article70999207.ece already exists.
2026-05-19 23:07:30,758 - INFO - [The Hindu] Article: https://www.thehindu.com/news/national/after-netherlands-mea-faces-questions-over-pms-decision-not-to-hold-press-conference-in-norway/article70996601.ece
2026-05-19 23:07:30,758 - INFO - [The Hindu] Attempt 1/1: Trying with 'selenium_browser' strategy...
2026-05-19 23:07:30,807 - INFO - Found 25 articles in Al Jazeera RSS feed. Processing until 30 new articles are saved.
2026-05-19 23:07:30,809 - INFO - [Al Jazeera] Article: https://www.aljazeera.com/sports/2026/5/19/us-to-let-dr-congo-team-in-for-world-cup-despite-ebola-restrictions?traffic_source=rss
2026-05-19 23:07:30,810 - INFO - [Al Jazeera] Attempt 1/2: Trying with 'requests_browser' strategy...
2026-05-19 23:07:30,818 - INFO - Found 20 articles in Times of India RSS feed. Processing until 30 new articles are saved.
2026-05-19 23:07:30,818 - INFO - [Times of India] Early skip: URL https://timesofindia.indiatimes.com/world/us-streamers/qtcinderella-lands-caa-representation-amid-growing-mainstream-success/articleshow/131211072.cms already exists.
2026-05-19 23:07:30,819 - INFO - Found 76 articles in Economic Times RSS feed. Processing until 30 new articles are saved.
2026-05-19 23:07:30,819 - INFO - [Economic Times] Early skip: URL https://economictimes.indiatimes.com/markets/us-stocks/news/us-stocks-todayus-stocks-slip-as-inflation-worries-push-yields-higher/articleshow/131210865.cms already exists.
2026-05-19 23:07:30,819 - INFO - [Times of India] Early skip: URL https://timesofindia.indiatimes.com/world/us/indian-man-says-us-is-no-longer-a-default-upgrade-3-types-of-people-should-not-come-to-us-in-2026/articleshow/131210895.cms already exists.
2026-05-19 23:07:30,820 - INFO - [Economic Times] Early skip: URL https://economictimes.indiatimes.com/markets/stocks/earnings/bpcl-q4-results-cons-pat-jumps-28-yoy-to-rs-5625-crore-revenue-rises-6/articleshow/131203021.cms already exists.
2026-05-19 23:07:30,820 - INFO - [Times of India] Early skip: URL https://timesofindia.indiatimes.com/world/us-streamers/logan-paul-reacts-in-disbelief-as-streamer-clavicular-admits-extreme-body-enhancement-habits-linked-to-controversial-looksmaxxing-culture-online/articleshow/131210860.cms already exists.
2026-05-19 23:07:30,821 - INFO - [Economic Times] Early skip: URL https://economictimes.indiatimes.com/markets/stocks/news/nithin-kamath-sounds-alarm-on-rising-mtf-risks-as-leveraged-bets-surge-despite-flat-markets/articleshow/131202874.cms already exists.
2026-05-19 23:07:30,822 - INFO - [Times of India] Early skip: URL https://timesofindia.indiatimes.com/world/us-streamers/tiktoker-gabbie-gonzalez-reportedly-planned-murder-for-hire-attack-on-jack-avery/articleshow/131210861.cms already exists.
2026-05-19 23:07:30,823 - INFO - [Economic Times] Early skip: URL https://economictimes.indiatimes.com/markets/stocks/news/bel-q4-results-profit-rises-5-to-rs-2226-crore-co-declares-rs-0-55-dividend/articleshow/131202830.cms already exists.
2026-05-19 23:07:30,823 - INFO - [Times of India] Early skip: URL https://timesofindia.indiatimes.com/world/us/indian-family-of-4-completes-3-months-in-texas-ice-detention-12-year-old-bleeding-in-stool-his-sister-vomiting-frequently/articleshow/131209364.cms already exists.
2026-05-19 23:07:30,824 - INFO - [Economic Times] Early skip: URL https://economictimes.indiatimes.com/markets/stocks/news/volume-shocker-mfs-added-1-crore-shares-to-9-stocks-in-april-26-shares-rally-up-to-55/smart-money/slideshow/131197165.cms already exists.
2026-05-19 23:07:30,824 - INFO - [Times of India] Early skip: URL https://timesofindia.indiatimes.com/world/us/do-not-travel-for-any-reason-us-ebola-alert-for-congo-south-sudan-uganda-level-3-alert-for-rwanda/articleshow/131205429.cms already exists.
2026-05-19 23:07:30,825 - INFO - [Economic Times] Early skip: URL https://economictimes.indiatimes.com/markets/aif-pms/sebi-allows-pledging-of-securities-under-non-discretionary-pms-framework-with-safeguards/articleshow/131200798.cms already exists.
2026-05-19 23:07:30,826 - INFO - [Times of India] Early skip: URL https://timesofindia.indiatimes.com/world/europe/fashion-giant-mango-founder-isak-andics-son-arrested-over-tycoons-death-in-2024/articleshow/131204663.cms already exists.
2026-05-19 23:07:30,827 - INFO - [Economic Times] Early skip: URL https://economictimes.indiatimes.com/news/economy/policy/rbi-draft-for-upper-layer-non-banks-affects-cics-disproportionately-raises-compliances-costs/articleshow/130394099.cms already exists.
2026-05-19 23:07:30,827 - INFO - [Times of India] Early skip: URL https://timesofindia.indiatimes.com/world/us/manhole-death-in-nyc-straight-from-her-mercedes-benz-woman-falls-into-uncovered-sewer-hole/articleshow/131204793.cms already exists.
2026-05-19 23:07:30,828 - INFO - [Economic Times] Early skip: URL https://economictimes.indiatimes.com/news/economy/foreign-trade/exporters-seek-removal-of-cap-on-interest-subvention/articleshow/130341339.cms already exists.
2026-05-19 23:07:30,828 - INFO - [Times of India] Early skip: URL https://timesofindia.indiatimes.com/world/us-streamers/what-happened-to-metronade-beloved-youtuber-roger-moore-reportedly-dies-suddenly-at-just-23/articleshow/131204484.cms already exists.
2026-05-19 23:07:30,830 - INFO - [Times of India] Early skip: URL https://timesofindia.indiatimes.com/world/us/indian-man-run-over-by-truck-in-new-mexico-during-family-trip-parents-came-to-us-for-marriage-plans/articleshow/131204322.cms already exists.
2026-05-19 23:07:30,830 - INFO - [Economic Times] Early skip: URL https://economictimes.indiatimes.com/news/economy/indicators/macro-buffers-to-help-india-tide-over-gulf-crisis-world-bank/articleshow/130152815.cms already exists.
2026-05-19 23:07:30,831 - INFO - [Times of India] Early skip: URL https://timesofindia.indiatimes.com/world/uk/who-is-harinderpal-athwal-uk-uber-eats-driver-jailed-for-over-11-years-for-killing-father-in-birmingham-crash/articleshow/131204102.cms already exists.
2026-05-19 23:07:30,831 - INFO - [Economic Times] Early skip: URL https://economictimes.indiatimes.com/news/economy/policy/rbi-holds-repo-rate-flags-supply-chain-risks-to-inflation-growth/articleshow/130123373.cms already exists.
2026-05-19 23:07:30,832 - INFO - [Times of India] Early skip: URL https://timesofindia.indiatimes.com/world/rest-of-world/indian-student-dies-in-road-accident-in-australia-was-hit-and-trapped-under-a-car/articleshow/131202787.cms already exists.
2026-05-19 23:07:30,832 - INFO - [Economic Times] Early skip: URL https://economictimes.indiatimes.com/news/economy/policy/rbi-may-keep-rates-unchanged-focus-on-rupee-stability-and-bond-yields/articleshow/130045979.cms already exists.
2026-05-19 23:07:30,833 - INFO - [Times of India] Early skip: URL https://timesofindia.indiatimes.com/world/europe/200-million-kitty-meet-choupette-the-worlds-richest-cat-whose-lifestyle-would-make-cleopatra-envious/articleshow/131202292.cms already exists.
2026-05-19 23:07:30,834 - INFO - [Economic Times] Early skip: URL https://economictimes.indiatimes.com/news/economy/foreign-trade/japan-to-create-special-cell-to-push-fdi-into-india/articleshow/129933023.cms already exists.
2026-05-19 23:07:30,835 - INFO - [Times of India] Article: https://timesofindia.indiatimes.com/world/us/who-were-cain-clark-and-caleb-vazquez-san-diego-mosque-shooters-mother-called-police-hours-before-attack/articleshow/131201361.cms
2026-05-19 23:07:30,834 - INFO - Found 27 articles in The Dawn RSS feed. Processing until 30 new articles are saved.
2026-05-19 23:07:30,835 - INFO - [The Dawn] Early skip: URL https://www.dawn.com/news/2001537/security-forces-kill-22-terrorists-in-north-waziristan-operation-ispr already exists.
2026-05-19 23:07:30,835 - INFO - [Times of India] Attempt 1/1: Trying with 'selenium_browser' strategy...
2026-05-19 23:07:30,836 - INFO - [Economic Times] Early skip: URL https://economictimes.indiatimes.com/tech/technology/apple-faces-indian-engineers-bias-lawsuit/articleshow/81694292.cms already exists.
2026-05-19 23:07:30,837 - INFO - [The Dawn] Early skip: URL https://www.dawn.com/news/2001538/pakistan-a-net-regional-stabiliser-contributing-to-peace-in-the-region-and-beyond-pm-shehbaz already exists.
2026-05-19 23:07:30,837 - INFO - [Economic Times] Early skip: URL https://economictimes.indiatimes.com/news/defence/despite-transatlantic-love-fest-eu-charts-third-way-in-ties-with-us-and-china/articleshow/81467467.cms already exists.
2026-05-19 23:07:30,838 - INFO - [The Dawn] Early skip: URL https://www.dawn.com/news/2001506/islamabad-court-hands-death-sentence-to-convict-in-sana-yousaf-murder-case already exists.
2026-05-19 23:07:30,839 - INFO - [Economic Times] Early skip: URL https://economictimes.indiatimes.com/tech/tech-bytes/twitters-india-policy-head-to-step-down-will-transition-in-march/articleshow/80732868.cms already exists.
2026-05-19 23:07:30,839 - INFO - [The Dawn] Early skip: URL https://www.dawn.com/news/2001565/driver-of-vehicle-involved-in-fatal-hit-and-run-on-karachis-sea-view-road-remains-at-large already exists.
2026-05-19 23:07:30,841 - INFO - [The Dawn] Early skip: URL https://www.dawn.com/news/2001543/5-booked-for-allegedly-gang-raping-girl-in-sindhs-ghotki already exists.
2026-05-19 23:07:30,842 - INFO - [Economic Times] Early skip: URL https://economictimes.indiatimes.com/tech/tech-and-gadgets/govt-may-keep-rs-7500-cr-outlay-for-it-hardware-manufacturing-under-pli-scheme/articleshow/80333429.cms already exists.
2026-05-19 23:07:30,843 - INFO - [The Dawn] Early skip: URL https://www.dawn.com/news/2001567/nigeria-says-joint-strikes-with-us-kill-175-is-fighters already exists.
2026-05-19 23:07:30,843 - INFO - [Economic Times] Early skip: URL https://economictimes.indiatimes.com/tech/technology/indian-dating-apps-services-see-surge-of-paying-users-in-small-cities/articleshow/80063342.cms already exists.
2026-05-19 23:07:30,844 - INFO - [The Dawn] Early skip: URL https://www.dawn.com/news/2001532/taijul-puts-bangladesh-on-brink-of-test-series-win-over-pakistan already exists.
2026-05-19 23:07:30,846 - INFO - [The Dawn] Early skip: URL https://www.dawn.com/news/2001552/govt-invites-expressions-of-interest-for-sale-of-three-major-discos already exists.
2026-05-19 23:07:30,847 - INFO - [Economic Times] Early skip: URL https://economictimes.indiatimes.com/tech/technology/time-for-govt-cos-to-adopt-ai-deloitte-india/articleshow/79981215.cms already exists.
2026-05-19 23:07:30,848 - INFO - [Economic Times] Early skip: URL https://economictimes.indiatimes.com/news/new-updates/iran-fires-a-fresh-threat-after-oil-your-insta-reels-amazon-deliveries-whatsapp-chats-and-netflix-streams-could-be-the-next-target/articleshow/131165610.cms already exists.
2026-05-19 23:07:30,848 - INFO - [The Dawn] Early skip: URL https://www.dawn.com/news/2001530/kp-cm-afridi-imran-khans-sisters-stopped-from-meeting-former-premier-at-adiala-jail already exists.
2026-05-19 23:07:30,849 - INFO - [Economic Times] Early skip: URL https://economictimes.indiatimes.com/news/international/global-trends/how-china-may-have-made-lifelong-teetotaler-trump-sip-alcohol/articleshow/131112219.cms already exists.
2026-05-19 23:07:30,851 - INFO - [The Dawn] Early skip: URL https://www.dawn.com/news/2001523/ttap-pti-announces-countrywide-protests-on-friday-against-imrans-imprisonment-rising-inflation already exists.
2026-05-19 23:07:30,851 - INFO - [Economic Times] Early skip: URL https://economictimes.indiatimes.com/news/international/world-news/chinas-marriages-drop-to-decade-low-deepening-demographic-concerns/articleshow/131010156.cms already exists.
2026-05-19 23:07:30,852 - INFO - [The Dawn] Early skip: URL https://www.dawn.com/news/2001545/aiib-to-provide-320m-loan-for-n-5-highway-reconstruction-project already exists.
2026-05-19 23:07:30,854 - INFO - [Economic Times] Early skip: URL https://economictimes.indiatimes.com/news/international/world-news/us-iran-no-closer-to-ending-war-as-qatari-tanker-sails-toward-strait-of-hormuz/articleshow/130998526.cms already exists.
2026-05-19 23:07:30,854 - INFO - [The Dawn] Early skip: URL https://www.dawn.com/news/2001476/externally-sponsored-terrorism-propaganda-cannot-derail-pakistans-progress-cdf-munir already exists.
2026-05-19 23:07:30,861 - INFO - [Economic Times] Early skip: URL https://economictimes.indiatimes.com/news/international/global-trends/u-s-employers-added-a-surprising-115000-jobs-last-month-despite-the-economic-shock-from-iran-war/articleshow/130960476.cms already exists.
2026-05-19 23:07:30,861 - INFO - [The Dawn] Early skip: URL https://www.dawn.com/news/2001539/fia-suspends-two-officers-registers-case-over-incident-in-karachis-sarafa-bazaar already exists.
2026-05-19 23:07:30,862 - INFO - [Economic Times] Early skip: URL https://economictimes.indiatimes.com/news/international/business/imf-warns-of-inevitable-ai-powered-threats-to-world/articleshow/130920591.cms already exists.
2026-05-19 23:07:30,863 - INFO - [The Dawn] Early skip: URL https://www.dawn.com/news/2001527/paa-extends-airspace-ban-on-indian-aircraft-until-june-24 already exists.
2026-05-19 23:07:30,865 - INFO - [Economic Times] Early skip: URL https://economictimes.indiatimes.com/news/elections/assembly-elections/assam/done-deal-cm-himanta-biswa-sarma-on-nda-seat-sharing-for-assam-polls/articleshow/128678098.cms already exists.
2026-05-19 23:07:30,865 - INFO - [Al Jazeera] Success with 'requests_browser'. Found content (323 words).
2026-05-19 23:07:30,873 - INFO - [Economic Times] Early skip: URL https://economictimes.indiatimes.com/news/elections/assembly-elections/bihar/rare-intensive-revision-in-bihar-four-months-before-polls/articleshow/122167501.cms already exists.
2026-05-19 23:07:30,873 - INFO - [The Dawn] Early skip: URL https://www.dawn.com/news/2001524/2-killed-11-injured-in-rain-related-incidents-in-kp-pdma already exists.
2026-05-19 23:07:30,879 - INFO - [The Dawn] Early skip: URL https://www.dawn.com/news/2001505/sindh-ig-vows-transparency-in-cases-against-anmol-alias-pinky-stretching-across-multiple-domains already exists.
2026-05-19 23:07:30,879 - INFO - [Economic Times] Early skip: URL https://economictimes.indiatimes.com/news/elections/assembly-elections/delhi/bjp-accuses-kejriwal-of-sending-voters-hoax-calls-to-mislead/articleshow/117579007.cms already exists.
2026-05-19 23:07:30,886 - INFO - [The Dawn] Early skip: URL https://www.dawn.com/news/2001479/social-media-posts-case-ihc-raises-objections-over-failure-to-submit-certified-copies-of-sc-order already exists.
2026-05-19 23:07:30,886 - INFO - [Economic Times] Early skip: URL https://economictimes.indiatimes.com/news/elections/lok-sabha/india/lok-sabha-election-2024-maharashtra-get-interesting-after-splits-in-shiv-sena-ncp/articleshow/108559788.cms already exists.
2026-05-19 23:07:30,892 - INFO - [The Dawn] Early skip: URL https://www.dawn.com/news/2001491/kp-governor-says-pm-has-formed-committee-to-address-cng-crisis-in-province already exists.
2026-05-19 23:07:30,892 - INFO - [Economic Times] Early skip: URL https://economictimes.indiatimes.com/news/elections/lok-sabha/india/modi-charisma-key-factor-in-bjps-bid-to-retain-all-26-seats-in-gujarat/articleshow/108550858.cms already exists.
2026-05-19 23:07:30,898 - INFO - [The Dawn] Early skip: URL https://www.dawn.com/news/2001459/10-countries-including-pakistan-condemn-israels-interception-of-gaza-aid-flotilla already exists.
2026-05-19 23:07:30,898 - INFO - [Economic Times] Early skip: URL https://economictimes.indiatimes.com/news/elections/lok-sabha/india/implementation-of-guarantees-decline-of-brs-favour-congress-in-telangana-bjp-aiming-for-better-show/articleshow/108548569.cms already exists.
2026-05-19 23:07:30,899 - INFO - [Economic Times] Early skip: URL https://economictimes.indiatimes.com/traders-bet-on-calendar-spread-as-nifty-moves-in-a-tight-range/articleshow/6302358.cms already exists.
2026-05-19 23:07:30,903 - INFO - [The Dawn] Early skip: URL https://www.dawn.com/news/2001503/thailand-cuts-visa-free-stays-citing-crime-by-foreigners already exists.
2026-05-19 23:07:30,904 - INFO - [Economic Times] Early skip: URL https://economictimes.indiatimes.com/nifty-may-find-support-at-5300-level/articleshow/6296017.cms already exists.
2026-05-19 23:07:30,905 - INFO - [The Dawn] Early skip: URL https://www.dawn.com/news/2001397/5-dead-including-2-teen-suspects-after-shooting-at-san-diegos-largest-mosque already exists.
2026-05-19 23:07:30,906 - INFO - [Economic Times] Early skip: URL https://economictimes.indiatimes.com/seven-out-of-top-10-asian-small-cap-funds-are-indian/articleshow/6295976.cms already exists.
2026-05-19 23:07:30,906 - INFO - [The Dawn] Early skip: URL https://www.dawn.com/news/2001533/in-pictures-iran-stages-mass-weddings-for-couples-ready-for-war-sacrifice already exists.
2026-05-19 23:07:30,915 - INFO - [The Dawn] Article: https://www.dawn.com/news/2001489/ebola-declared-continental-emergency-who-chief-concerned-at-scale-and-speed-of-dr-congo-outbreak
2026-05-19 23:07:30,915 - INFO - [The Dawn] Attempt 1/2: Trying with 'requests_browser' strategy...
2026-05-19 23:07:30,920 - INFO - [Economic Times] Early skip: URL https://economictimes.indiatimes.com/inflation-reflects-growth-dynamics-in-india-christopher-wood/articleshow/6274053.cms already exists.
2026-05-19 23:07:30,921 - INFO - [Economic Times] Early skip: URL https://economictimes.indiatimes.com/market-may-trade-in-a-range-but-fiis-seen-sold-on-india/articleshow/6277705.cms already exists.
2026-05-19 23:07:30,923 - INFO - [Economic Times] Early skip: URL https://economictimes.indiatimes.com/dont-bank-only-on-price-to-earning-ratio/articleshow/6278228.cms already exists.
2026-05-19 23:07:30,924 - INFO - [Economic Times] Early skip: URL https://economictimes.indiatimes.com/markets/stocks/recos/prabhudas-lilladher-has-a-reduce-rating-on-infosys/articleshow/3798718.cms already exists.
2026-05-19 23:07:30,925 - INFO - [Economic Times] Early skip: URL https://economictimes.indiatimes.com/markets/stocks/recos/fin-crisis-too-late-and-too-little-done-in-us/articleshow/3794549.cms already exists.
2026-05-19 23:07:30,927 - INFO - [Economic Times] Early skip: URL https://economictimes.indiatimes.com/markets/forex/weak-rupee-takes-its-toll-on-cos-with-huge-foreign-debt/articleshow/3546158.cms already exists.
2026-05-19 23:07:30,928 - INFO - [Economic Times] Early skip: URL https://economictimes.indiatimes.com/markets/stocks/recos/wait-for-more-signals-before-turning-positive/articleshow/3292640.cms already exists.
2026-05-19 23:07:30,929 - INFO - [Economic Times] Early skip: URL https://economictimes.indiatimes.com/news/company/corporate-trends/six-indian-cos-among-businessweeks-top-100-infotech-firms/articleshow/3189334.cms already exists.
2026-05-19 23:07:30,931 - INFO - [Economic Times] Early skip: URL https://economictimes.indiatimes.com/news/company/corporate-trends/indian-firms-slip-in-global-ranking-four-move-out-of-top-500/articleshow/3177077.cms already exists.
2026-05-19 23:07:30,932 - INFO - [Economic Times] Early skip: URL https://economictimes.indiatimes.com/markets/stocks/news/big-daddy-laps-up-cipla-after-q1-nos-beat-forecast/articleshow/6308646.cms already exists.
2026-05-19 23:07:30,933 - INFO - [Economic Times] Early skip: URL https://economictimes.indiatimes.com/markets/stocks/news/old-fox-has-dream-run-on-dalal-street/articleshow/6308631.cms already exists.
2026-05-19 23:07:30,934 - INFO - [Economic Times] Early skip: URL https://economictimes.indiatimes.com/markets/stocks/news/cairn-india-hits-record-high-on-bse-amid-stake-sale-talks/articleshow/6306679.cms already exists.
2026-05-19 23:07:30,936 - INFO - [Economic Times] Early skip: URL https://economictimes.indiatimes.com/markets/stocks/news/vedanta-plunges-5-59-per-cent-on-lse-amid-talks-to-buy-cairn-stake/articleshow/6306526.cms already exists.
2026-05-19 23:07:30,938 - INFO - [Economic Times] Early skip: URL https://economictimes.indiatimes.com/markets/stocks/news/sbi-shares-on-gaining-spree-hit-record-high/articleshow/6306241.cms already exists.
2026-05-19 23:07:30,939 - INFO - [Economic Times] Early skip: URL https://economictimes.indiatimes.com/fm-must-rethink/articleshow/5645094.cms already exists.
2026-05-19 23:07:30,941 - INFO - [Economic Times] Early skip: URL https://economictimes.indiatimes.com/amalgamate-banks/articleshow/5645086.cms already exists.
2026-05-19 23:07:30,942 - INFO - [Economic Times] Early skip: URL https://economictimes.indiatimes.com/managing-data/articleshow/5117958.cms already exists.
2026-05-19 23:07:30,943 - INFO - [Economic Times] Early skip: URL https://economictimes.indiatimes.com/right-technology/articleshow/5117957.cms already exists.
2026-05-19 23:07:30,944 - INFO - [Economic Times] Early skip: URL https://economictimes.indiatimes.com/et-search/articleshow/21646857.cms already exists.
2026-05-19 23:07:30,946 - INFO - [Economic Times] Early skip: URL https://economictimes.indiatimes.com/after-the-oscars-whats-next-for-silent-stars-of-the-artist/articleshow/12075465.cms already exists.
2026-05-19 23:07:30,947 - INFO - [Economic Times] Early skip: URL https://economictimes.indiatimes.com/delhi-world-book-fair-a-fair-like-no-other/articleshow/12028630.cms already exists.
2026-05-19 23:07:30,948 - INFO - [Economic Times] Early skip: URL https://economictimes.indiatimes.com/lk-advanis-gift-makes-its-way-to-state-department-exhibition-hall/articleshow/12017534.cms already exists.
2026-05-19 23:07:30,949 - INFO - [Economic Times] Early skip: URL https://economictimes.indiatimes.com/india-meteorological-department-to-use-dynamic-models-for-forecasts/articleshow/11983844.cms already exists.
2026-05-19 23:07:30,951 - INFO - [Economic Times] Early skip: URL https://economictimes.indiatimes.com/documents-reveal-contents-of-the-first-telegraph-message-between-india-england/articleshow/11976488.cms already exists.
2026-05-19 23:07:30,952 - INFO - [Economic Times] Early skip: URL https://economictimes.indiatimes.com/worried-amitabh-bachchan-fans-pray-to-lord-shiva-for-his-recovery/articleshow/11963187.cms already exists.
2026-05-19 23:07:30,953 - INFO - [Economic Times] Early skip: URL https://economictimes.indiatimes.com/opinion/interviews/every-decision-of-government-neednt-be-a-big-reform-anand-mahindra/articleshow/35919571.cms already exists.
2026-05-19 23:07:30,955 - INFO - [Economic Times] Early skip: URL https://economictimes.indiatimes.com/opinion/interviews/narendra-modi-has-his-eyes-set-on-boosting-business-joao-cravinho-eu-ambassador/articleshow/35973824.cms already exists.
2026-05-19 23:07:30,957 - INFO - [Economic Times] Early skip: URL https://economictimes.indiatimes.com/opinion/interviews/confidence-level-of-industry-improving-kv-kamath-icici-bank/articleshow/35945669.cms already exists.
2026-05-19 23:07:30,959 - INFO - [Economic Times] Early skip: URL https://economictimes.indiatimes.com/opinion/interviews/we-may-see-rapid-growth-over-the-next-few-years-raamdeo-agrawal/articleshow/35831378.cms already exists.
2026-05-19 23:07:30,960 - INFO - [Economic Times] Early skip: URL https://economictimes.indiatimes.com/opinion/interviews/our-commitment-for-press-freedom-and-autonomy-of-public-broadcast-is-absolute-prakash-javadekar/articleshow/35803396.cms already exists.
2026-05-19 23:07:30,961 - INFO - [Economic Times] Early skip: URL https://economictimes.indiatimes.com/opinion/interviews/there-is-a-leadership-vacuum-in-infosys-time-to-get-nandan-nilekani-back-mohandas-pai/articleshow/35716682.cms already exists.
2026-05-19 23:07:30,962 - INFO - [Economic Times] Early skip: URL https://economictimes.indiatimes.com/markets/stocks/news/fpis-pull-out-rs-27000-cr-in-may-2026-outflows-hit-rs-2-2-lakh-cr-mark/articleshow/131149440.cms already exists.
2026-05-19 23:07:30,964 - INFO - [Economic Times] Early skip: URL https://economictimes.indiatimes.com/markets/stocks/news/oil-prices-to-hit-150-how-indian-stock-markets-may-react-as-iran-war-rages-on/articleshow/129587020.cms already exists.
2026-05-19 23:07:30,965 - INFO - [Economic Times] Early skip: URL https://economictimes.indiatimes.com/markets/us-stocks/news/why-a-7030-india-global-portfolio-makes-sense-in-a-changing-world-subho-moulik-decodes/articleshow/127604085.cms already exists.
2026-05-19 23:07:30,967 - INFO - [Economic Times] Early skip: URL https://economictimes.indiatimes.com/markets/expert-view/kaynes-shares-plunge-43-from-october-peak-is-a-tactical-rebound-on-the-cards-or-more-pain-ahead/articleshow/125815992.cms already exists.
2026-05-19 23:07:30,968 - INFO - [Economic Times] Early skip: URL https://economictimes.indiatimes.com/markets/stocks/news/warren-buffett-is-buying-michael-burry-is-shorting-the-ai-trade-splitting-wall-street/articleshow/125815521.cms already exists.
2026-05-19 23:07:30,972 - INFO - [Economic Times] Early skip: URL https://economictimes.indiatimes.com/markets/ipos/fpos/softbank-backed-acevector-files-updated-ipo-papers-targets-to-raise-rs-300-cr-via-fresh-issue/articleshow/125813493.cms already exists.
2026-05-19 23:07:30,974 - INFO - [Economic Times] Early skip: URL https://economictimes.indiatimes.com/markets/stocks/news/alfa-laval-raises-delisting-price-to-rs-2850-a-share/articleshow/11437373.cms already exists.
2026-05-19 23:07:30,976 - INFO - [Economic Times] Early skip: URL https://economictimes.indiatimes.com/markets/stocks/news/db-realty-unitech-stocks-rose-after-top-executives-granted-bail-in-2g-scam/articleshow/10925114.cms already exists.
2026-05-19 23:07:30,977 - INFO - [Economic Times] Early skip: URL https://economictimes.indiatimes.com/markets/stocks/news/fitch-withdraws-reliance-capital-ratings/articleshow/10430814.cms already exists.
2026-05-19 23:07:30,978 - INFO - [Economic Times] Early skip: URL https://economictimes.indiatimes.com/markets/stocks/news/discoms-poor-financial-health-poses-risks-for-power-traders-fitch/articleshow/10430186.cms already exists.
2026-05-19 23:07:30,979 - INFO - [Economic Times] Early skip: URL https://economictimes.indiatimes.com/markets/stocks/news/cigarette-companies-price-hikes-with-higher-volumes-hold-promise/articleshow/9277179.cms already exists.
2026-05-19 23:07:30,982 - INFO - [Economic Times] Early skip: URL https://economictimes.indiatimes.com/markets/stocks/news/lovable-lingeries-dream-run-on-as-traders-lap-it-up/articleshow/8894615.cms already exists.
2026-05-19 23:07:30,983 - INFO - [Economic Times] (Thread) Finished. Attempting to shut down its Selenium driver.
2026-05-19 23:07:31,071 - INFO - [Economic Times] (Thread) driver.quit() successful.
2026-05-19 23:07:31,122 - INFO - [The Dawn] Success with 'requests_browser'. Found content (998 words).
2026-05-19 23:07:31,430 - INFO - [The Hindu] Page content loaded.
2026-05-19 23:07:31,536 - INFO - [The Hindu] Success with 'selenium_browser'. Found content (560 words).
2026-05-19 23:07:31,702 - INFO - [Times of India] Page content loaded.
2026-05-19 23:07:32,034 - INFO - [Times of India] Success with 'selenium_browser'. Found content (478 words).
2026-05-19 23:08:00,565 - INFO - >>> SUCCESSFULLY SAVED [ID: 60349] - Kylie Minogue announces she had second cancer diagnosis in 2021 | Kylie Minogue | The Guardian from The Guardian (801 words)
2026-05-19 23:08:01,803 - INFO - [The Guardian] Article: https://www.theguardian.com/australia-news/2026/may/20/sydney-fatal-shooting-canley-heights-nsw-ntwnfb
2026-05-19 23:08:01,803 - INFO - [The Guardian] Attempt 1/1: Trying with 'requests_browser' strategy...
2026-05-19 23:08:01,879 - INFO - [The Guardian] Success with 'requests_browser'. Found content (176 words).
2026-05-19 23:08:17,020 - INFO - >>> SUCCESSFULLY SAVED [ID: 60350] - US to let DR Congo football team in for World Cup despite Ebola restrictions | World Cup 2026 News | Al Jazeera from Al Jazeera (323 words)
2026-05-19 23:08:18,156 - INFO - [Al Jazeera] Article: https://www.aljazeera.com/news/2026/5/19/us-authorities-say-missionary-who-contracted-ebola-en-route-to-germany?traffic_source=rss
2026-05-19 23:08:18,156 - INFO - [Al Jazeera] Attempt 1/2: Trying with 'requests_browser' strategy...
2026-05-19 23:08:18,191 - INFO - [Al Jazeera] Success with 'requests_browser'. Found content (384 words).
2026-05-19 23:08:30,429 - INFO - DEDUPLICATION: Found match (Score: 0.84). Linking to Cluster ID: 7a7a9e3b-0243-4e9e-8c63-88c8e4eb4d96
2026-05-19 23:08:32,737 - INFO - >>> SUCCESSFULLY SAVED [ID: 60351] - Ebola declared 'continental emergency'; WHO chief concerned at 'scale and speed' of DR Congo outbreak - World - DAWN.COM from The Dawn (998 words)
2026-05-19 23:08:33,961 - INFO - [The Dawn] Article: https://www.dawn.com/news/2001477/pm-shehbaz-arrives-in-quetta-on-day-long-visit
2026-05-19 23:08:33,961 - INFO - [The Dawn] Attempt 1/2: Trying with 'requests_browser' strategy...
2026-05-19 23:08:34,172 - INFO - [The Dawn] Success with 'requests_browser'. Found content (176 words).
2026-05-19 23:08:48,796 - INFO - >>> SUCCESSFULLY SAVED [ID: 60352] - PM Modi skips questions from press; Norwegian PM Store says ‘different traditions’ - The Hindu from The Hindu (560 words)
2026-05-19 23:08:49,513 - INFO - [The Hindu] Article: https://www.thehindu.com/opinion/op-ed/examining-the-tadmetla-encounter-inquiry/article70999491.ece
2026-05-19 23:08:49,514 - INFO - [The Hindu] Attempt 1/1: Trying with 'selenium_browser' strategy...
2026-05-19 23:08:50,405 - INFO - [The Hindu] Page content loaded.
2026-05-19 23:08:50,568 - INFO - [The Hindu] Success with 'selenium_browser'. Found content (223 words).
2026-05-19 23:09:06,269 - INFO - >>> SUCCESSFULLY SAVED [ID: 60353] - Who were Cain Clark and Caleb Vazquez? San Diego mosque shooter's mother called police hours before attack from Times of India (478 words)
2026-05-19 23:09:06,842 - INFO - [Times of India] Early skip: URL https://timesofindia.indiatimes.com/world/uk/the-poor-english-boy-crowned-king-of-england-at-10-and-years-later-he-worked-in-the-royal-kitchen/articleshow/131199270.cms already exists.
2026-05-19 23:09:06,843 - INFO - [Times of India] Early skip: URL https://timesofindia.indiatimes.com/world/rest-of-world/3500-year-old-mycenaean-woman-buried-with-swords-finally-gets-a-face-and-its-rewriting-ancient-history/articleshow/131198704.cms already exists.
2026-05-19 23:09:06,844 - INFO - [Times of India] Early skip: URL https://timesofindia.indiatimes.com/world/us/steve-jobs-said-you-cant-connect-the-dots-looking-forward-and-that-may-be-the-advice-ambitious-people-need-most/articleshow/131166754.cms already exists.
2026-05-19 23:09:06,846 - INFO - [Times of India] Article: https://timesofindia.indiatimes.com/world/uk/iranian-journalist-stabbed-in-london-by-tehran-linked-romanian-nationals-uk-court-hears/articleshow/131201363.cms
2026-05-19 23:09:06,846 - INFO - [Times of India] Attempt 1/1: Trying with 'selenium_browser' strategy...
2026-05-19 23:09:09,538 - INFO - [Times of India] Page content loaded.
2026-05-19 23:09:09,714 - INFO - [Times of India] Success with 'selenium_browser'. Found content (571 words).
2026-05-19 23:09:25,159 - INFO - >>> SUCCESSFULLY SAVED [ID: 60354] - One person dead and four in hospital after alleged shooting in Sydney’s south-west | New South Wales | The Guardian from The Guardian (176 words)
2026-05-19 23:09:26,189 - INFO - [The Guardian] Early skip: URL https://www.theguardian.com/australia-news/2026/may/20/peter-hollingworth-former-governor-general-anglican-archbishop-dies-ntwnfb already exists.
2026-05-19 23:09:26,190 - INFO - [The Guardian] Early skip: URL https://www.theguardian.com/australia-news/2026/may/20/csiro-job-cuts-climate-australia-projections-to-global-reports already exists.
2026-05-19 23:09:26,191 - INFO - [The Guardian] Early skip: URL https://www.theguardian.com/world/live/2026/may/19/europe-ukraine-russia-belarus-nuclear-drills-un-security-council-eu-us-hungary-peter-magyar-poland-nato-latest-news-updates already exists.
2026-05-19 23:09:26,192 - INFO - [The Guardian] Early skip: URL https://www.theguardian.com/world/2026/may/19/jonathan-andic-son-mango-isak-andic-arrested-death-father-spain already exists.
2026-05-19 23:09:26,194 - INFO - [The Guardian] Early skip: URL https://www.theguardian.com/world/2026/may/19/russian-jamming-blamed-nato-jet-downs-ukrainian-drone-estonia already exists.
2026-05-19 23:09:26,195 - INFO - [The Guardian] Early skip: URL https://www.theguardian.com/world/2026/may/19/clint-eastwood-cannon-the-good-the-bad-and-the-ugly-traced-spanish-museum already exists.
2026-05-19 23:09:26,197 - INFO - [The Guardian] Article: https://www.theguardian.com/uk-news/2026/may/19/belfast-harbour-invest-ni-economy-port-ferry-cruise-ship
2026-05-19 23:09:26,197 - INFO - [The Guardian] Attempt 1/1: Trying with 'requests_browser' strategy...
2026-05-19 23:09:26,359 - INFO - [The Guardian] Success with 'requests_browser'. Found content (415 words).
2026-05-19 23:09:41,561 - INFO - >>> SUCCESSFULLY SAVED [ID: 60355] - US authorities say missionary who contracted Ebola en route to Germany | Ebola News | Al Jazeera from Al Jazeera (384 words)
2026-05-19 23:09:42,844 - INFO - [Al Jazeera] Early skip: URL https://www.aljazeera.com/gallery/2026/5/19/thousands-of-protesters-demand-presidents-resignation-in-bolivias-la-paz?traffic_source=rss already exists.
2026-05-19 23:09:42,845 - INFO - [Al Jazeera] Early skip: URL https://www.aljazeera.com/news/2026/5/19/naacp-urges-athletes-to-boycott-southern-us-universities-over-voting-rights?traffic_source=rss already exists.
2026-05-19 23:09:42,847 - INFO - [Al Jazeera] Article: https://www.aljazeera.com/video/newsfeed/2026/5/19/video-shows-oil-spill-on-iranian-island-after-refinery-attack-last-month?traffic_source=rss
2026-05-19 23:09:42,847 - INFO - [Al Jazeera] Attempt 1/2: Trying with 'requests_browser' strategy...
2026-05-19 23:09:42,886 - WARNING - [Al Jazeera] FAILED with 'requests_browser' (content was too short: 73 words).
2026-05-19 23:09:43,842 - INFO - [Al Jazeera] Article: https://www.aljazeera.com/video/newsfeed/2026/5/19/video-shows-oil-spill-on-iranian-island-after-refinery-attack-last-month?traffic_source=rss
2026-05-19 23:09:43,842 - INFO - [Al Jazeera] Attempt 2/2: Trying with 'selenium_browser' strategy...
2026-05-19 23:09:44,783 - INFO - [Al Jazeera] Page content loaded.
2026-05-19 23:09:44,912 - WARNING - [Al Jazeera] FAILED with 'selenium_browser' (content was too short: 73 words).
2026-05-19 23:09:44,912 - ERROR - [Al Jazeera] All scrape strategies failed for https://www.aljazeera.com/video/newsfeed/2026/5/19/video-shows-oil-spill-on-iranian-island-after-refinery-attack-last-month?traffic_source=rss. Falling back to RSS description.
2026-05-19 23:09:44,912 - WARNING - SKIPPED (GLOBAL WORD LIMIT): Article 'Video shows oil spill on Iranian island after refinery attack last month' from Al Jazeera has only 19 words (Min: 90).
2026-05-19 23:09:45,550 - INFO - [Al Jazeera] Early skip: URL https://www.aljazeera.com/sports/2026/5/19/arsenals-arteta-claims-premier-league-to-step-from-guardiolas-shadow?traffic_source=rss already exists.
2026-05-19 23:09:45,552 - INFO - [Al Jazeera] Article: https://www.aljazeera.com/video/newsfeed/2026/5/19/trump-showcases-new-drone-protected-white-house-ballroom?traffic_source=rss
2026-05-19 23:09:45,552 - INFO - [Al Jazeera] Attempt 1/2: Trying with 'requests_browser' strategy...
2026-05-19 23:09:45,593 - WARNING - [Al Jazeera] FAILED with 'requests_browser' (content was too short: 51 words).
2026-05-19 23:09:46,196 - INFO - [Al Jazeera] Article: https://www.aljazeera.com/video/newsfeed/2026/5/19/trump-showcases-new-drone-protected-white-house-ballroom?traffic_source=rss
2026-05-19 23:09:46,197 - INFO - [Al Jazeera] Attempt 2/2: Trying with 'selenium_browser' strategy...
2026-05-19 23:09:47,005 - INFO - [Al Jazeera] Page content loaded.
2026-05-19 23:09:47,085 - WARNING - [Al Jazeera] FAILED with 'selenium_browser' (content was too short: 51 words).
2026-05-19 23:09:47,085 - ERROR - [Al Jazeera] All scrape strategies failed for https://www.aljazeera.com/video/newsfeed/2026/5/19/trump-showcases-new-drone-protected-white-house-ballroom?traffic_source=rss. Falling back to RSS description.
2026-05-19 23:09:47,085 - WARNING - SKIPPED (GLOBAL WORD LIMIT): Article 'Trump showcases new ‘drone-protected’ White House ballroom' from Al Jazeera has only 18 words (Min: 90).
2026-05-19 23:09:47,754 - INFO - [Al Jazeera] Early skip: URL https://www.aljazeera.com/sports/2026/5/19/arsenal-crowned-premier-league-winners-as-man-city-lose-at-bournemouth?traffic_source=rss already exists.
2026-05-19 23:09:47,766 - INFO - [Al Jazeera] Article: https://www.aljazeera.com/news/2026/5/19/more-than-15800-people-killed-in-russias-all-out-war-on-ukraine-un?traffic_source=rss
2026-05-19 23:09:47,766 - INFO - [Al Jazeera] Attempt 1/2: Trying with 'requests_browser' strategy...
2026-05-19 23:09:47,858 - INFO - [Al Jazeera] Success with 'requests_browser'. Found content (460 words).
2026-05-19 23:09:59,298 - INFO - >>> SUCCESSFULLY SAVED [ID: 60356] - PM Shehbaz arrives in Quetta on day-long visit - Pakistan - DAWN.COM from The Dawn (176 words)
2026-05-19 23:10:00,761 - INFO - [The Dawn] Early skip: URL https://www.dawn.com/news/2001464/putin-trip-aims-to-show-china-ties-unshakeable-after-trump-pomp already exists.
2026-05-19 23:10:00,763 - INFO - [The Dawn] Early skip: URL https://www.dawn.com/news/2001400/provinces-asked-to-raise-rs400bn-more-to-meet-imf-goals already exists.
2026-05-19 23:10:00,765 - INFO - [The Dawn] Article: https://www.dawn.com/news/2001385/govt-eyes-tokenisation-of-bonds-via-blockchain
2026-05-19 23:10:00,765 - INFO - [The Dawn] Attempt 1/2: Trying with 'requests_browser' strategy...
2026-05-19 23:10:01,078 - INFO - [The Dawn] Success with 'requests_browser'. Found content (655 words).
2026-05-19 23:10:16,485 - INFO - >>> SUCCESSFULLY SAVED [ID: 60357] - Examining the Tadmetla encounter inquiry - The Hindu from The Hindu (223 words)
2026-05-19 23:10:17,808 - INFO - [The Hindu] Article: https://www.thehindu.com/news/national/rajasthan/government-misleading-people-on-inflation-fuel-shortage-ashok-gehlot/article70998849.ece
2026-05-19 23:10:17,808 - INFO - [The Hindu] Attempt 1/1: Trying with 'selenium_browser' strategy...
2026-05-19 23:10:18,840 - INFO - [The Hindu] Page content loaded.
2026-05-19 23:10:18,919 - INFO - [The Hindu] Success with 'selenium_browser'. Found content (341 words).
2026-05-19 23:10:33,854 - INFO - >>> SUCCESSFULLY SAVED [ID: 60358] - Iranian journalist stabbed in London by Tehran-linked Romanian nationals, UK court hears from Times of India (571 words)
2026-05-19 23:10:34,849 - INFO - [Times of India] Article: https://timesofindia.indiatimes.com/world/us/why-reed-hastings-netflix-culture-memo-says-working-harder-can-quietly-hurt-your-company/articleshow/131166750.cms
2026-05-19 23:10:34,850 - INFO - [Times of India] Attempt 1/1: Trying with 'selenium_browser' strategy...
2026-05-19 23:10:35,767 - INFO - [Times of India] Page content loaded.
2026-05-19 23:10:35,963 - INFO - [Times of India] Success with 'selenium_browser'. Found content (745 words).
2026-05-19 23:10:51,250 - INFO - >>> SUCCESSFULLY SAVED [ID: 60359] - Belfast harbour operator to invest £1.3bn as NI economy grows | Northern Ireland | The Guardian from The Guardian (415 words)
2026-05-19 23:10:51,950 - INFO - [The Guardian] Article: https://www.theguardian.com/world/live/2026/may/19/us-israel-iran-war-trump-peace-attacks-gulf-allies-strikes-hormuz-latest-news-updates
2026-05-19 23:10:51,950 - INFO - [The Guardian] Attempt 1/1: Trying with 'requests_browser' strategy...
2026-05-19 23:10:52,669 - INFO - [The Guardian] Success with 'requests_browser'. Found content (2569 words).
2026-05-19 23:11:08,037 - INFO - >>> SUCCESSFULLY SAVED [ID: 60360] - More than 15,800 people killed in Russia’s all-out war on Ukraine: UN | Russia-Ukraine war News | Al Jazeera from Al Jazeera (460 words)
2026-05-19 23:11:08,985 - INFO - [Al Jazeera] Article: https://www.aljazeera.com/video/newsfeed/2026/5/19/norway-journalist-calls-out-modi-over-avoiding-media-questions?traffic_source=rss
2026-05-19 23:11:08,985 - INFO - [Al Jazeera] Attempt 1/2: Trying with 'requests_browser' strategy...
2026-05-19 23:11:09,019 - WARNING - [Al Jazeera] FAILED with 'requests_browser' (content was too short: 66 words).
2026-05-19 23:11:09,548 - INFO - [Al Jazeera] Article: https://www.aljazeera.com/video/newsfeed/2026/5/19/norway-journalist-calls-out-modi-over-avoiding-media-questions?traffic_source=rss
2026-05-19 23:11:09,548 - INFO - [Al Jazeera] Attempt 2/2: Trying with 'selenium_browser' strategy...
2026-05-19 23:11:10,081 - INFO - [Al Jazeera] Page content loaded.
2026-05-19 23:11:10,143 - WARNING - [Al Jazeera] FAILED with 'selenium_browser' (content was too short: 66 words).
2026-05-19 23:11:10,143 - ERROR - [Al Jazeera] All scrape strategies failed for https://www.aljazeera.com/video/newsfeed/2026/5/19/norway-journalist-calls-out-modi-over-avoiding-media-questions?traffic_source=rss. Falling back to RSS description.
2026-05-19 23:11:10,143 - WARNING - SKIPPED (GLOBAL WORD LIMIT): Article 'Norway journalist calls out Modi over avoiding media questions' from Al Jazeera has only 21 words (Min: 90).
2026-05-19 23:11:11,311 - INFO - [Al Jazeera] Article: https://www.aljazeera.com/video/inside-story/2026/5/19/does-ukraine-have-the-advantage-at-the-moment?traffic_source=rss
2026-05-19 23:11:11,312 - INFO - [Al Jazeera] Attempt 1/2: Trying with 'requests_browser' strategy...
2026-05-19 23:11:11,368 - INFO - [Al Jazeera] Success with 'requests_browser'. Found content (223 words).
2026-05-19 23:11:24,687 - INFO - >>> SUCCESSFULLY SAVED [ID: 60361] - Govt eyes tokenisation of bonds via blockchain - Business - DAWN.COM from The Dawn (655 words)
2026-05-19 23:11:25,886 - INFO - [The Dawn] (Thread) Finished. Attempting to shut down its Selenium driver.
2026-05-19 23:11:25,949 - INFO - [The Dawn] (Thread) driver.quit() successful.
2026-05-19 23:11:40,906 - INFO - >>> SUCCESSFULLY SAVED [ID: 60362] - Government misleading people on inflation, fuel shortage: Ashok Gehlot - The Hindu from The Hindu (341 words)
2026-05-19 23:11:41,431 - INFO - [The Hindu] Article: https://www.thehindu.com/news/national/punjab/centre-paying-100-per-kg-on-urea-import-farmers-getting-it-at-6-sunil-jakhar/article70999640.ece
2026-05-19 23:11:41,432 - INFO - [The Hindu] Attempt 1/1: Trying with 'selenium_browser' strategy...
2026-05-19 23:11:42,471 - INFO - [The Hindu] Page content loaded.
2026-05-19 23:11:43,384 - INFO - [The Hindu] Success with 'selenium_browser'. Found content (254 words).
2026-05-19 23:11:58,649 - INFO - >>> SUCCESSFULLY SAVED [ID: 60363] - Why Reed Hastings' Netflix culture memo says working harder can quietly hurt your company from Times of India (745 words)
2026-05-19 23:11:59,580 - INFO - [Times of India] Article: https://timesofindia.indiatimes.com/science/earth-healers-couple-planted-2-million-trees-and-brought-an-entire-forest-back-to-life/articleshow/131195078.cms
2026-05-19 23:11:59,580 - INFO - [Times of India] Attempt 1/1: Trying with 'selenium_browser' strategy...
2026-05-19 23:12:00,487 - INFO - [Times of India] Page content loaded.
2026-05-19 23:12:00,634 - INFO - [Times of India] Success with 'selenium_browser'. Found content (982 words).
2026-05-19 23:12:16,374 - INFO - >>> SUCCESSFULLY SAVED [ID: 60364] - JD Vance says US remains ‘locked and loaded’ to restart military campaign as Iran warns of ‘new fronts’ – as it happened | US-Israel war on Iran | The Guardian from The Guardian (2569 words)
2026-05-19 23:12:17,497 - INFO - [The Guardian] Article: https://www.theguardian.com/world/2026/may/19/trump-iran-analysis
2026-05-19 23:12:17,497 - INFO - [The Guardian] Attempt 1/1: Trying with 'requests_browser' strategy...
2026-05-19 23:12:17,588 - INFO - [The Guardian] Success with 'requests_browser'. Found content (797 words).
2026-05-19 23:12:33,047 - INFO - >>> SUCCESSFULLY SAVED [ID: 60365] - Does Ukraine have the advantage at the moment? | Russia-Ukraine war News | Al Jazeera from Al Jazeera (223 words)
2026-05-19 23:12:34,269 - INFO - [Al Jazeera] Article: https://www.aljazeera.com/sports/2026/5/19/southampton-expelled-from-worlds-most-lucrative-football-match-for-spying?traffic_source=rss
2026-05-19 23:12:34,270 - INFO - [Al Jazeera] Attempt 1/2: Trying with 'requests_browser' strategy...
2026-05-19 23:12:34,306 - INFO - [Al Jazeera] Success with 'requests_browser'. Found content (386 words).
2026-05-19 23:12:50,081 - INFO - >>> SUCCESSFULLY SAVED [ID: 60366] - Gulf conflict pushes up fertiliser prices, but supply will stay steady: Jakhar - The Hindu from The Hindu (254 words)
2026-05-19 23:12:50,744 - INFO - [The Hindu] Article: https://www.thehindu.com/opinion/op-ed/a-test-for-political-accountability/article70999498.ece
2026-05-19 23:12:50,744 - INFO - [The Hindu] Attempt 1/1: Trying with 'selenium_browser' strategy...
2026-05-19 23:12:51,665 - INFO - [The Hindu] Page content loaded.
2026-05-19 23:12:51,734 - INFO - [The Hindu] Success with 'selenium_browser'. Found content (96 words).
2026-05-19 23:13:09,431 - INFO - >>> SUCCESSFULLY SAVED [ID: 60367] - Earth healers: Couple planted 2 million trees and brought an entire forest back to life from Times of India (982 words)
2026-05-19 23:13:10,761 - INFO - [Times of India] (Thread) Finished. Attempting to shut down its Selenium driver.
2026-05-19 23:13:10,940 - INFO - [Times of India] (Thread) driver.quit() successful.
2026-05-19 23:13:25,806 - INFO - >>> SUCCESSFULLY SAVED [ID: 60368] - Trump turns to Middle East allies as deal to end Iran war proves elusive | Iran | The Guardian from The Guardian (797 words)
2026-05-19 23:13:26,922 - INFO - [The Guardian] Article: https://www.theguardian.com/world/2026/may/19/trump-threatens-a-big-hit-if-tehran-does-not-make-deal-soon
2026-05-19 23:13:26,922 - INFO - [The Guardian] Attempt 1/1: Trying with 'requests_browser' strategy...
2026-05-19 23:13:27,067 - INFO - [The Guardian] Success with 'requests_browser'. Found content (993 words).
2026-05-19 23:13:42,781 - INFO - >>> SUCCESSFULLY SAVED [ID: 60369] - Southampton expelled from world’s most lucrative football match for spying | Football News | Al Jazeera from Al Jazeera (386 words)
2026-05-19 23:13:43,487 - INFO - [Al Jazeera] Early skip: URL https://www.aljazeera.com/news/2026/5/19/mansour-kaziha-nader-awad-identified-as-victims-in-san-diego-mosque-attack?traffic_source=rss already exists.
2026-05-19 23:13:43,489 - INFO - [Al Jazeera] Article: https://www.aljazeera.com/video/newsfeed/2026/5/19/moment-neymar-brought-to-tears-after-surprise-world-cup-call-up?traffic_source=rss
2026-05-19 23:13:43,489 - INFO - [Al Jazeera] Attempt 1/2: Trying with 'requests_browser' strategy...
2026-05-19 23:13:43,588 - WARNING - [Al Jazeera] FAILED with 'requests_browser' (content was too short: 78 words).
2026-05-19 23:13:44,510 - INFO - [Al Jazeera] Article: https://www.aljazeera.com/video/newsfeed/2026/5/19/moment-neymar-brought-to-tears-after-surprise-world-cup-call-up?traffic_source=rss
2026-05-19 23:13:44,510 - INFO - [Al Jazeera] Attempt 2/2: Trying with 'selenium_browser' strategy...
2026-05-19 23:13:45,075 - INFO - [Al Jazeera] Page content loaded.
2026-05-19 23:13:45,151 - WARNING - [Al Jazeera] FAILED with 'selenium_browser' (content was too short: 78 words).
2026-05-19 23:13:45,152 - ERROR - [Al Jazeera] All scrape strategies failed for https://www.aljazeera.com/video/newsfeed/2026/5/19/moment-neymar-brought-to-tears-after-surprise-world-cup-call-up?traffic_source=rss. Falling back to RSS description.
2026-05-19 23:13:45,152 - WARNING - SKIPPED (GLOBAL WORD LIMIT): Article 'Moment Neymar brought to tears after surprise World Cup call-up' from Al Jazeera has only 20 words (Min: 90).
2026-05-19 23:13:46,485 - INFO - [Al Jazeera] Article: https://www.aljazeera.com/video/newsfeed/2026/5/19/israeli-forces-fire-rubber-bullets-at-activists-on-gaza-aid-flotilla?traffic_source=rss
2026-05-19 23:13:46,485 - INFO - [Al Jazeera] Attempt 1/2: Trying with 'requests_browser' strategy...
2026-05-19 23:13:46,525 - WARNING - [Al Jazeera] FAILED with 'requests_browser' (content was too short: 68 words).
2026-05-19 23:13:47,382 - INFO - [Al Jazeera] Article: https://www.aljazeera.com/video/newsfeed/2026/5/19/israeli-forces-fire-rubber-bullets-at-activists-on-gaza-aid-flotilla?traffic_source=rss
2026-05-19 23:13:47,382 - INFO - [Al Jazeera] Attempt 2/2: Trying with 'selenium_browser' strategy...
2026-05-19 23:13:47,938 - INFO - [Al Jazeera] Page content loaded.
2026-05-19 23:13:48,010 - WARNING - [Al Jazeera] FAILED with 'selenium_browser' (content was too short: 68 words).
2026-05-19 23:13:48,010 - ERROR - [Al Jazeera] All scrape strategies failed for https://www.aljazeera.com/video/newsfeed/2026/5/19/israeli-forces-fire-rubber-bullets-at-activists-on-gaza-aid-flotilla?traffic_source=rss. Falling back to RSS description.
2026-05-19 23:13:48,010 - WARNING - SKIPPED (GLOBAL WORD LIMIT): Article 'Israeli forces fire ‘rubber bullets’ at activists on Gaza aid flotilla' from Al Jazeera has only 18 words (Min: 90).
2026-05-19 23:13:48,704 - INFO - [Al Jazeera] Early skip: URL https://www.aljazeera.com/news/2026/5/19/high-prices-in-iran-stunted-housing-market-leave-tenants-with-few-options?traffic_source=rss already exists.
2026-05-19 23:13:48,705 - INFO - [Al Jazeera] Early skip: URL https://www.aljazeera.com/news/2026/5/19/trumps-board-of-peace-urges-fix-to-gap-in-funding?traffic_source=rss already exists.
2026-05-19 23:13:48,707 - INFO - [Al Jazeera] Article: https://www.aljazeera.com/video/newsfeed/2026/5/19/drc-prepares-ebola-treatment-centres-as-death-toll-rises?traffic_source=rss
2026-05-19 23:13:48,707 - INFO - [Al Jazeera] Attempt 1/2: Trying with 'requests_browser' strategy...
2026-05-19 23:13:48,756 - WARNING - [Al Jazeera] FAILED with 'requests_browser' (content was too short: 59 words).
2026-05-19 23:13:49,347 - INFO - [Al Jazeera] Article: https://www.aljazeera.com/video/newsfeed/2026/5/19/drc-prepares-ebola-treatment-centres-as-death-toll-rises?traffic_source=rss
2026-05-19 23:13:49,347 - INFO - [Al Jazeera] Attempt 2/2: Trying with 'selenium_browser' strategy...
2026-05-19 23:13:49,872 - INFO - [Al Jazeera] Page content loaded.
2026-05-19 23:13:49,926 - WARNING - [Al Jazeera] FAILED with 'selenium_browser' (content was too short: 59 words).
2026-05-19 23:13:49,926 - ERROR - [Al Jazeera] All scrape strategies failed for https://www.aljazeera.com/video/newsfeed/2026/5/19/drc-prepares-ebola-treatment-centres-as-death-toll-rises?traffic_source=rss. Falling back to RSS description.
2026-05-19 23:13:49,926 - WARNING - SKIPPED (GLOBAL WORD LIMIT): Article 'DRC prepares Ebola treatment centres as death toll rises' from Al Jazeera has only 14 words (Min: 90).
2026-05-19 23:13:51,007 - INFO - [Al Jazeera] Early skip: URL https://www.aljazeera.com/news/2026/5/19/trump-backs-ken-paxton-in-crucial-texas-republican-senate-run-off?traffic_source=rss already exists.
2026-05-19 23:13:51,008 - INFO - [Al Jazeera] Early skip: URL https://www.aljazeera.com/news/2026/5/19/somaliland-israel-announce-mutual-embassies-in-jerusalem-and-hargeisa?traffic_source=rss already exists.
2026-05-19 23:13:51,010 - INFO - [Al Jazeera] Article: https://www.aljazeera.com/video/newsfeed/2026/5/19/putin-arrives-in-china-for-talks-with-chinese-leader-xi-jinping?traffic_source=rss
2026-05-19 23:13:51,010 - INFO - [Al Jazeera] Attempt 1/2: Trying with 'requests_browser' strategy...
2026-05-19 23:13:51,048 - WARNING - [Al Jazeera] FAILED with 'requests_browser' (content was too short: 66 words).
2026-05-19 23:13:51,693 - INFO - [Al Jazeera] Article: https://www.aljazeera.com/video/newsfeed/2026/5/19/putin-arrives-in-china-for-talks-with-chinese-leader-xi-jinping?traffic_source=rss
2026-05-19 23:13:51,693 - INFO - [Al Jazeera] Attempt 2/2: Trying with 'selenium_browser' strategy...
2026-05-19 23:13:52,210 - INFO - [Al Jazeera] Page content loaded.
2026-05-19 23:13:52,289 - WARNING - [Al Jazeera] FAILED with 'selenium_browser' (content was too short: 66 words).
2026-05-19 23:13:52,289 - ERROR - [Al Jazeera] All scrape strategies failed for https://www.aljazeera.com/video/newsfeed/2026/5/19/putin-arrives-in-china-for-talks-with-chinese-leader-xi-jinping?traffic_source=rss. Falling back to RSS description.
2026-05-19 23:13:52,289 - WARNING - SKIPPED (GLOBAL WORD LIMIT): Article 'Putin arrives in China for talks with Chinese leader Xi Jinping' from Al Jazeera has only 15 words (Min: 90).
2026-05-19 23:13:53,588 - INFO - [Al Jazeera] Early skip: URL https://www.aljazeera.com/news/2026/5/19/us-imposes-sanctions-on-gaza-flotilla-organisers-amid-israeli-crackdown?traffic_source=rss already exists.
2026-05-19 23:13:53,590 - INFO - [Al Jazeera] Article: https://www.aljazeera.com/video/newsfeed/2026/5/19/israels-far-right-finance-minister-smotrich-says-icc-seeking-his-arrest?traffic_source=rss
2026-05-19 23:13:53,590 - INFO - [Al Jazeera] Attempt 1/2: Trying with 'requests_browser' strategy...
2026-05-19 23:13:53,627 - WARNING - [Al Jazeera] FAILED with 'requests_browser' (content was too short: 67 words).
2026-05-19 23:13:54,584 - INFO - [Al Jazeera] Article: https://www.aljazeera.com/video/newsfeed/2026/5/19/israels-far-right-finance-minister-smotrich-says-icc-seeking-his-arrest?traffic_source=rss
2026-05-19 23:13:54,584 - INFO - [Al Jazeera] Attempt 2/2: Trying with 'selenium_browser' strategy...
2026-05-19 23:13:55,078 - INFO - [Al Jazeera] Page content loaded.
2026-05-19 23:13:55,137 - WARNING - [Al Jazeera] FAILED with 'selenium_browser' (content was too short: 67 words).
2026-05-19 23:13:55,137 - ERROR - [Al Jazeera] All scrape strategies failed for https://www.aljazeera.com/video/newsfeed/2026/5/19/israels-far-right-finance-minister-smotrich-says-icc-seeking-his-arrest?traffic_source=rss. Falling back to RSS description.
2026-05-19 23:13:55,137 - WARNING - SKIPPED (GLOBAL WORD LIMIT): Article 'Israel’s far-right Finance Minister Smotrich says ICC seeking his arrest' from Al Jazeera has only 15 words (Min: 90).
2026-05-19 23:13:56,581 - INFO - [Al Jazeera] Article: https://www.aljazeera.com/video/newsfeed/2026/5/19/tributes-pour-in-for-hero-guard-killed-in-san-diego-mosque-shooting?traffic_source=rss
2026-05-19 23:13:56,581 - INFO - [Al Jazeera] Attempt 1/2: Trying with 'requests_browser' strategy...
2026-05-19 23:13:56,616 - WARNING - [Al Jazeera] FAILED with 'requests_browser' (content was too short: 62 words).
2026-05-19 23:13:57,589 - INFO - [Al Jazeera] Article: https://www.aljazeera.com/video/newsfeed/2026/5/19/tributes-pour-in-for-hero-guard-killed-in-san-diego-mosque-shooting?traffic_source=rss
2026-05-19 23:13:57,589 - INFO - [Al Jazeera] Attempt 2/2: Trying with 'selenium_browser' strategy...
2026-05-19 23:13:58,144 - INFO - [Al Jazeera] Page content loaded.
2026-05-19 23:13:58,200 - WARNING - [Al Jazeera] FAILED with 'selenium_browser' (content was too short: 62 words).
2026-05-19 23:13:58,201 - ERROR - [Al Jazeera] All scrape strategies failed for https://www.aljazeera.com/video/newsfeed/2026/5/19/tributes-pour-in-for-hero-guard-killed-in-san-diego-mosque-shooting?traffic_source=rss. Falling back to RSS description.
2026-05-19 23:13:58,201 - WARNING - SKIPPED (GLOBAL WORD LIMIT): Article 'Tributes pour in for ‘hero’ guard killed in San Diego mosque shooting' from Al Jazeera has only 18 words (Min: 90).
2026-05-19 23:13:58,928 - INFO - [Al Jazeera] Early skip: URL https://www.aljazeera.com/news/2026/5/19/trump-says-xi-assured-him-china-would-not-send-weapons-to-iran?traffic_source=rss already exists.
2026-05-19 23:13:58,929 - INFO - [Al Jazeera] (Thread) Finished. Attempting to shut down its Selenium driver.
2026-05-19 23:13:59,019 - INFO - [Al Jazeera] (Thread) driver.quit() successful.
2026-05-19 23:14:01,800 - INFO - >>> SUCCESSFULLY SAVED [ID: 60370] - A test for political accountability - The Hindu from The Hindu (96 words)
2026-05-19 23:14:03,020 - INFO - [The Hindu] Article: https://www.thehindu.com/news/international/rubio-to-attend-nato-talks-pay-first-visit-to-india/article70999683.ece
2026-05-19 23:14:03,020 - INFO - [The Hindu] Attempt 1/1: Trying with 'selenium_browser' strategy...
2026-05-19 23:14:03,885 - INFO - [The Hindu] Page content loaded.
2026-05-19 23:14:03,964 - INFO - [The Hindu] Success with 'selenium_browser'. Found content (390 words).
2026-05-19 23:14:17,291 - INFO - DEDUPLICATION: Found match (Score: 0.83). Linking to Cluster ID: 8c6ee36d-7109-4e2c-a849-670f7f9a6aff
2026-05-19 23:14:19,591 - INFO - >>> SUCCESSFULLY SAVED [ID: 60371] - Trump threatens ‘a big hit’ if Tehran does not make deal soon | US-Israel war on Iran | The Guardian from The Guardian (993 words)
2026-05-19 23:14:20,960 - INFO - [The Guardian] Article: https://www.theguardian.com/world/2026/may/19/strike-near-uae-reactor-concerns-nuclear-plant-safety-iran-war-middle-east
2026-05-19 23:14:20,960 - INFO - [The Guardian] Attempt 1/1: Trying with 'requests_browser' strategy...
2026-05-19 23:14:21,123 - INFO - [The Guardian] Success with 'requests_browser'. Found content (684 words).
2026-05-19 23:14:27,632 - CRITICAL - --- TIMEOUT: 2 scrape jobs did not complete in 300s. ---
2026-05-19 23:14:27,632 - ERROR - A thread has timed out and will be abandoned.
2026-05-19 23:14:27,632 - ERROR - A thread has timed out and will be abandoned.
2026-05-19 23:14:27,632 - INFO - Shutting down thread pool (wait=False)...
2026-05-19 23:14:27,632 - INFO - Scraped: 0 BBC, 4 Times of India, 0 Economic Times, 5 Al Jazeera, 3 The Dawn, 0 TechCrunch, 2 Timed_Out_Jobs articles. (Total saved: 12)
2026-05-19 23:14:27,632 - INFO - --- Scraping job finished ---
2026-05-19 23:14:27,632 - INFO - --- Scraper service stopped. ---
2026-05-19 23:14:27,632 - INFO - --- Main thread finished. Forcing process exit to kill zombie threads. ---
