2026-05-16 22:12:52,454 - INFO - Loading AI Semantic Model (all-MiniLM-L6-v2)...
2026-05-16 22:12:52,454 - INFO - No device provided, using cpu
2026-05-16 22:12:52,545 - INFO - HTTP Request: HEAD https://huggingface.co/sentence-transformers/all-MiniLM-L6-v2/resolve/main/modules.json "HTTP/1.1 307 Temporary Redirect"
2026-05-16 22:12:52,546 - WARNING - Warning: You are sending unauthenticated requests to the HF Hub. Please set a HF_TOKEN to enable higher rate limits and faster downloads.
2026-05-16 22:12:52,555 - INFO - HTTP Request: HEAD https://huggingface.co/api/resolve-cache/models/sentence-transformers/all-MiniLM-L6-v2/c9745ed1d9f207416be6d2e6f8de32d1f16199bf/modules.json "HTTP/1.1 200 OK"
2026-05-16 22:12:52,577 - INFO - HTTP Request: HEAD https://huggingface.co/sentence-transformers/all-MiniLM-L6-v2/resolve/main/config_sentence_transformers.json "HTTP/1.1 307 Temporary Redirect"
2026-05-16 22:12:52,587 - INFO - HTTP Request: HEAD https://huggingface.co/api/resolve-cache/models/sentence-transformers/all-MiniLM-L6-v2/c9745ed1d9f207416be6d2e6f8de32d1f16199bf/config_sentence_transformers.json "HTTP/1.1 200 OK"
2026-05-16 22:12:52,588 - INFO - Loading SentenceTransformer model from sentence-transformers/all-MiniLM-L6-v2.
2026-05-16 22:12:52,607 - INFO - HTTP Request: HEAD https://huggingface.co/sentence-transformers/all-MiniLM-L6-v2/resolve/main/config_sentence_transformers.json "HTTP/1.1 307 Temporary Redirect"
2026-05-16 22:12:52,617 - INFO - HTTP Request: HEAD https://huggingface.co/api/resolve-cache/models/sentence-transformers/all-MiniLM-L6-v2/c9745ed1d9f207416be6d2e6f8de32d1f16199bf/config_sentence_transformers.json "HTTP/1.1 200 OK"
2026-05-16 22:12:52,645 - INFO - HTTP Request: HEAD https://huggingface.co/sentence-transformers/all-MiniLM-L6-v2/resolve/main/README.md "HTTP/1.1 307 Temporary Redirect"
2026-05-16 22:12:52,654 - INFO - HTTP Request: HEAD https://huggingface.co/api/resolve-cache/models/sentence-transformers/all-MiniLM-L6-v2/c9745ed1d9f207416be6d2e6f8de32d1f16199bf/README.md "HTTP/1.1 200 OK"
2026-05-16 22:12:52,676 - INFO - HTTP Request: HEAD https://huggingface.co/sentence-transformers/all-MiniLM-L6-v2/resolve/main/modules.json "HTTP/1.1 307 Temporary Redirect"
2026-05-16 22:12:52,685 - INFO - HTTP Request: HEAD https://huggingface.co/api/resolve-cache/models/sentence-transformers/all-MiniLM-L6-v2/c9745ed1d9f207416be6d2e6f8de32d1f16199bf/modules.json "HTTP/1.1 200 OK"
2026-05-16 22:12:52,704 - INFO - HTTP Request: HEAD https://huggingface.co/sentence-transformers/all-MiniLM-L6-v2/resolve/main/sentence_bert_config.json "HTTP/1.1 307 Temporary Redirect"
2026-05-16 22:12:52,713 - INFO - HTTP Request: HEAD https://huggingface.co/api/resolve-cache/models/sentence-transformers/all-MiniLM-L6-v2/c9745ed1d9f207416be6d2e6f8de32d1f16199bf/sentence_bert_config.json "HTTP/1.1 200 OK"
2026-05-16 22:12:52,737 - INFO - HTTP Request: HEAD https://huggingface.co/sentence-transformers/all-MiniLM-L6-v2/resolve/main/adapter_config.json "HTTP/1.1 404 Not Found"
2026-05-16 22:12:52,758 - INFO - HTTP Request: HEAD https://huggingface.co/sentence-transformers/all-MiniLM-L6-v2/resolve/main/config.json "HTTP/1.1 307 Temporary Redirect"
2026-05-16 22:12:52,767 - INFO - HTTP Request: HEAD https://huggingface.co/api/resolve-cache/models/sentence-transformers/all-MiniLM-L6-v2/c9745ed1d9f207416be6d2e6f8de32d1f16199bf/config.json "HTTP/1.1 200 OK"
2026-05-16 22:12:52,901 - INFO - HTTP Request: HEAD https://huggingface.co/sentence-transformers/all-MiniLM-L6-v2/resolve/main/processor_config.json "HTTP/1.1 404 Not Found"
2026-05-16 22:12:52,924 - INFO - HTTP Request: HEAD https://huggingface.co/sentence-transformers/all-MiniLM-L6-v2/resolve/main/preprocessor_config.json "HTTP/1.1 404 Not Found"
2026-05-16 22:12:52,947 - INFO - HTTP Request: HEAD https://huggingface.co/sentence-transformers/all-MiniLM-L6-v2/resolve/main/video_preprocessor_config.json "HTTP/1.1 404 Not Found"
2026-05-16 22:12:52,970 - INFO - HTTP Request: HEAD https://huggingface.co/sentence-transformers/all-MiniLM-L6-v2/resolve/main/preprocessor_config.json "HTTP/1.1 404 Not Found"
2026-05-16 22:12:52,990 - INFO - HTTP Request: HEAD https://huggingface.co/sentence-transformers/all-MiniLM-L6-v2/resolve/main/tokenizer_config.json "HTTP/1.1 307 Temporary Redirect"
2026-05-16 22:12:53,002 - INFO - HTTP Request: HEAD https://huggingface.co/api/resolve-cache/models/sentence-transformers/all-MiniLM-L6-v2/c9745ed1d9f207416be6d2e6f8de32d1f16199bf/tokenizer_config.json "HTTP/1.1 200 OK"
2026-05-16 22:12:53,023 - INFO - HTTP Request: HEAD https://huggingface.co/sentence-transformers/all-MiniLM-L6-v2/resolve/main/config.json "HTTP/1.1 307 Temporary Redirect"
2026-05-16 22:12:53,032 - INFO - HTTP Request: HEAD https://huggingface.co/api/resolve-cache/models/sentence-transformers/all-MiniLM-L6-v2/c9745ed1d9f207416be6d2e6f8de32d1f16199bf/config.json "HTTP/1.1 200 OK"
2026-05-16 22:12:53,053 - INFO - HTTP Request: HEAD https://huggingface.co/sentence-transformers/all-MiniLM-L6-v2/resolve/main/config.json "HTTP/1.1 307 Temporary Redirect"
2026-05-16 22:12:53,062 - INFO - HTTP Request: HEAD https://huggingface.co/api/resolve-cache/models/sentence-transformers/all-MiniLM-L6-v2/c9745ed1d9f207416be6d2e6f8de32d1f16199bf/config.json "HTTP/1.1 200 OK"
2026-05-16 22:12:53,083 - INFO - HTTP Request: HEAD https://huggingface.co/sentence-transformers/all-MiniLM-L6-v2/resolve/main/tokenizer_config.json "HTTP/1.1 307 Temporary Redirect"
2026-05-16 22:12:53,093 - INFO - HTTP Request: HEAD https://huggingface.co/api/resolve-cache/models/sentence-transformers/all-MiniLM-L6-v2/c9745ed1d9f207416be6d2e6f8de32d1f16199bf/tokenizer_config.json "HTTP/1.1 200 OK"
2026-05-16 22:12:53,117 - INFO - HTTP Request: GET https://huggingface.co/api/models/sentence-transformers/all-MiniLM-L6-v2/tree/main/additional_chat_templates?recursive=false&expand=false "HTTP/1.1 404 Not Found"
2026-05-16 22:12:53,141 - INFO - HTTP Request: GET https://huggingface.co/api/models/sentence-transformers/all-MiniLM-L6-v2/tree/main?recursive=true&expand=false "HTTP/1.1 200 OK"
2026-05-16 22:12:53,198 - INFO - HTTP Request: HEAD https://huggingface.co/sentence-transformers/all-MiniLM-L6-v2/resolve/main/1_Pooling/config.json "HTTP/1.1 307 Temporary Redirect"
2026-05-16 22:12:53,207 - INFO - HTTP Request: HEAD https://huggingface.co/api/resolve-cache/models/sentence-transformers/all-MiniLM-L6-v2/c9745ed1d9f207416be6d2e6f8de32d1f16199bf/1_Pooling%2Fconfig.json "HTTP/1.1 200 OK"
2026-05-16 22:12:53,236 - INFO - HTTP Request: GET https://huggingface.co/api/models/sentence-transformers/all-MiniLM-L6-v2 "HTTP/1.1 200 OK"
2026-05-16 22:12:53,239 - INFO - AI Model loaded successfully.
2026-05-16 22:12:53,239 - INFO - --- Scraper service started (CI Mode: Run Once) ---
2026-05-16 22:12:53,239 - INFO - --- Starting new scraping job (Parallel Mode) ---
2026-05-16 22:12:53,239 - INFO - Connecting to Google Sheets...
2026-05-16 22:12:54,135 - INFO - Connected to Sheet: News Scrapper AI / Sheet1
2026-05-16 22:12:54,135 - INFO - Fetching existing data to build cache...
2026-05-16 22:13:13,577 - INFO - Loaded 59581 rows from sheet.
2026-05-16 22:13:14,659 - INFO - Cache built: 59581 URLs. Current MAX_ID: 59683
2026-05-16 22:13:14,665 - INFO - Creating new robust session with 3 retries on 5xx/connection/read errors.
2026-05-16 22:13:14,666 - INFO - Proxy is DISABLED.
2026-05-16 22:13:14,666 - INFO - Starting scrape for BBC RSS feed: http://feeds.bbci.co.uk/news/world/rss.xml
2026-05-16 22:13:14,667 - INFO - [Times of India] (Thread) requires Selenium. Initializing driver...
2026-05-16 22:13:14,668 - INFO - Starting scrape for The Guardian RSS feed: https://www.theguardian.com/world/rss
2026-05-16 22:13:14,669 - INFO - [The Hindu] (Thread) requires Selenium. Initializing driver...
2026-05-16 22:13:14,669 - INFO - [The Dawn] (Thread) requires Selenium. Initializing driver...
2026-05-16 22:13:14,670 - INFO - [Al Jazeera] (Thread) requires Selenium. Initializing driver...
2026-05-16 22:13:14,670 - INFO - Starting scrape for TechCrunch RSS feed: https://techcrunch.com/feed/
2026-05-16 22:13:14,672 - INFO - [Economic Times] (Thread) requires Selenium. Initializing driver...
2026-05-16 22:13:14,672 - INFO - Submitted 8 jobs to thread pool. Waiting up to 420s for completion...
2026-05-16 22:13:14,787 - INFO - Found 0 articles in TechCrunch RSS feed. Processing until 30 new articles are saved.
2026-05-16 22:13:14,867 - INFO - Found 45 articles in The Guardian RSS feed. Processing until 30 new articles are saved.
2026-05-16 22:13:14,867 - INFO - [The Guardian] Early skip: URL https://www.theguardian.com/world/2026/may/16/islamic-state-abu-bilal-al-minuki-killed-by-us-nigerian-forces-trump-says already exists.
2026-05-16 22:13:14,869 - INFO - [The Guardian] Early skip: URL https://www.theguardian.com/global-development/2026/may/15/ebola-outbreak-drc-africa-deaths already exists.
2026-05-16 22:13:14,870 - INFO - [The Guardian] Early skip: URL https://www.theguardian.com/world/2026/may/15/mali-airstrikes-rebel-alliance-separatists already exists.
2026-05-16 22:13:14,871 - INFO - [The Guardian] Early skip: URL https://www.theguardian.com/us-news/2026/may/14/trump-administration-colombian-woman-drc already exists.
2026-05-16 22:13:14,874 - INFO - [The Guardian] Early skip: URL https://www.theguardian.com/world/2026/may/14/un-equatorial-guinea-us-deportees already exists.
2026-05-16 22:13:14,875 - INFO - [The Guardian] Early skip: URL https://www.theguardian.com/world/2026/may/16/canada-first-hantavirus-case-british-columbia already exists.
2026-05-16 22:13:14,877 - INFO - [The Guardian] Early skip: URL https://www.theguardian.com/world/2026/may/15/raul-castro-indictment-cuba-trump already exists.
2026-05-16 22:13:14,879 - INFO - [The Guardian] Early skip: URL https://www.theguardian.com/environment/2026/may/15/weather-tracker-furnace-creek-siberia-snow-siberia-week-extremes already exists.
2026-05-16 22:13:14,882 - INFO - [The Guardian] Early skip: URL https://www.theguardian.com/us-news/2026/may/15/us-military-airstrikes-caribbean-pacific-victim-identities already exists.
2026-05-16 22:13:14,884 - INFO - [The Guardian] Early skip: URL https://www.theguardian.com/world/2026/may/14/cia-director-has-met-officials-in-havana-for-talks-cuba-claims already exists.
2026-05-16 22:13:14,885 - INFO - [The Guardian] Early skip: URL https://www.theguardian.com/world/2026/may/16/thailand-bangkok-rail-crossing-collision-freight-train-bus already exists.
2026-05-16 22:13:14,886 - INFO - [The Guardian] Early skip: URL https://www.theguardian.com/world/2026/may/16/trump-not-optimistic-jimmy-lai-release-xi-jinping already exists.
2026-05-16 22:13:14,887 - INFO - [The Guardian] Early skip: URL https://www.theguardian.com/world/live/2026/may/15/trump-china-visit-live-updates-xi-jinping-talks-meeting-summit-latest-news already exists.
2026-05-16 22:13:14,889 - INFO - [The Guardian] Early skip: URL https://www.theguardian.com/world/2026/may/16/trumps-lack-of-focus-on-human-rights-in-china-is-big-departure-for-us-diplomacy already exists.
2026-05-16 22:13:14,890 - INFO - [The Guardian] Early skip: URL https://www.theguardian.com/world/2026/may/16/dela-rosa-week-chaos-philippines already exists.
2026-05-16 22:13:14,893 - INFO - [The Guardian] Early skip: URL https://www.theguardian.com/australia-news/2026/may/17/liberal-party-corroded-by-hate-mp-says-amid-concerns-of-dog-whistling-on-immigration already exists.
2026-05-16 22:13:14,894 - INFO - [The Guardian] Early skip: URL https://www.theguardian.com/australia-news/2026/may/16/teenager-isla-bells-body-was-found-in-a-melbourne-tip-18-months-ago-today-friends-and-family-demanded-justice-ntwnfb already exists.
2026-05-16 22:13:14,896 - INFO - [The Guardian] Early skip: URL https://www.theguardian.com/australia-news/2026/may/16/stafford-byelection-tipped-to-swing-towards-lnp-as-danger-looms-for-steven-miles-leadership-of-queensland-labor already exists.
2026-05-16 22:13:14,899 - INFO - [The Guardian] Early skip: URL https://www.theguardian.com/australia-news/2026/may/16/australian-national-audit-office-watchdog-cuts-labor-david-pocock already exists.
2026-05-16 22:13:14,901 - INFO - [The Guardian] Early skip: URL https://www.theguardian.com/australia-news/2026/may/16/pov-youre-jim-chalmers-using-social-media-to-sell-the-most-ambitious-budget-of-your-life already exists.
2026-05-16 22:13:14,902 - INFO - [The Guardian] Early skip: URL https://www.theguardian.com/world/2026/may/16/people-injured-car-crowd-modena-northern-italy already exists.
2026-05-16 22:13:14,903 - INFO - [The Guardian] Early skip: URL https://www.theguardian.com/environment/2026/may/16/timmy-the-whale-confirmed-dead-by-danish-authorities already exists.
2026-05-16 22:13:14,904 - INFO - [The Guardian] Early skip: URL https://www.theguardian.com/world/2026/may/16/mohammad-baqer-saad-dawood-al-saadi-iran-guards-hayi already exists.
2026-05-16 22:13:14,906 - INFO - [The Guardian] Early skip: URL https://www.theguardian.com/world/2026/may/16/peacock-italy-punta-marina-tensions already exists.
2026-05-16 22:13:14,908 - INFO - [The Guardian] Early skip: URL https://www.theguardian.com/world/2026/may/16/maldives-scuba-divers-italy-drowned-cave already exists.
2026-05-16 22:13:14,910 - INFO - [The Guardian] Early skip: URL https://www.theguardian.com/world/2026/may/16/israeli-strikes-southern-lebanon-hours-after-extension-of-ceasefire already exists.
2026-05-16 22:13:14,916 - INFO - [The Guardian] Early skip: URL https://www.theguardian.com/world/2026/may/15/israel-and-lebanon-agree-ceasefire-extension-us-says already exists.
2026-05-16 22:13:14,918 - INFO - [The Guardian] Early skip: URL https://www.theguardian.com/film/2026/may/15/extremely-cruel-and-tragic-iranian-director-asghar-farhadi-speaks-out-against-state-violence-and-the-war already exists.
2026-05-16 22:13:14,919 - INFO - [The Guardian] Early skip: URL https://www.theguardian.com/world/2026/may/15/iran-oman-coordinating-management-strait-of-hormuz-tolls-ships already exists.
2026-05-16 22:13:14,922 - INFO - [The Guardian] Early skip: URL https://www.theguardian.com/business/2026/may/15/uae-oil-pipeline-strait-of-hormuz-by-2027 already exists.
2026-05-16 22:13:14,925 - INFO - [The Guardian] Early skip: URL https://www.theguardian.com/us-news/2026/may/14/gautam-adani-billionaire-trump already exists.
2026-05-16 22:13:14,929 - INFO - [The Guardian] Early skip: URL https://www.theguardian.com/us-news/2026/may/08/trump-ally-roger-stone-condemned-for-providing-lobbying-services-to-myanmars-military-junta already exists.
2026-05-16 22:13:14,932 - INFO - [The Guardian] Early skip: URL https://www.theguardian.com/world/2026/may/07/tensions-high-west-bengal-bjp-aide-shot-dead-election-violence already exists.
2026-05-16 22:13:14,940 - INFO - [The Guardian] Early skip: URL https://www.theguardian.com/world/2026/may/06/west-bengal-chief-minister-mamata-banerjee-refuses-to-resign-election-narendra-modi-india already exists.
2026-05-16 22:13:14,942 - INFO - [The Guardian] Early skip: URL https://www.theguardian.com/world/2026/may/04/modis-bjp-party-win-election-west-bengal-first-time already exists.
2026-05-16 22:13:14,944 - INFO - [The Guardian] Early skip: URL https://www.theguardian.com/uk-news/2026/may/16/uk-and-france-extend-one-in-one-out-small-boats-pilot-scheme-until-october already exists.
2026-05-16 22:13:14,947 - INFO - [The Guardian] Early skip: URL https://www.theguardian.com/uk-news/2026/may/16/people-injured-after-car-pursued-by-police-crashes-ilford-east-london already exists.
2026-05-16 22:13:14,949 - INFO - [The Guardian] Early skip: URL https://www.theguardian.com/politics/2026/may/16/tommy-robinson-tells-tens-of-thousands-at-london-rally-to-prepare-for-battle-of-britain already exists.
2026-05-16 22:13:14,951 - INFO - [The Guardian] Early skip: URL https://www.theguardian.com/uk-news/live/2026/may/16/far-right-unite-the-kingdom-rally-tommy-robinson-london-nakba-day-march-latest-news-updates already exists.
2026-05-16 22:13:14,952 - INFO - [The Guardian] Early skip: URL https://www.theguardian.com/uk-news/2026/may/16/two-men-arrested-after-man-run-over-by-van-in-birmingham-near-flag-protest already exists.
2026-05-16 22:13:14,956 - INFO - [The Guardian] Early skip: URL https://www.theguardian.com/us-news/2026/may/16/kash-patel-snorkeling-uss-arizona-memorial-hawaii already exists.
2026-05-16 22:13:14,958 - INFO - [The Guardian] Early skip: URL https://www.theguardian.com/us-news/2026/may/16/new-york-long-island-rail-road-strike already exists.
2026-05-16 22:13:14,959 - INFO - [The Guardian] Early skip: URL https://www.theguardian.com/us-news/2026/may/16/lauren-boebert-trump-funds-colorado-drink-water-funds-tina-peters already exists.
2026-05-16 22:13:14,960 - INFO - [The Guardian] Early skip: URL https://www.theguardian.com/film/2026/may/16/harlem-renaissance-documentary-once-upon-time-william-greaves already exists.
2026-05-16 22:13:14,962 - INFO - [The Guardian] Early skip: URL https://www.theguardian.com/us-news/2026/may/16/trump-bill-cassidy-louisiana-senate-race already exists.
2026-05-16 22:13:15,000 - INFO - Found 24 articles in BBC RSS feed. Processing until 30 new articles are saved.
2026-05-16 22:13:15,001 - INFO - [BBC] Early skip: URL https://www.bbc.com/news/articles/cx2132w81jqo?at_medium=RSS&at_campaign=rss already exists.
2026-05-16 22:13:15,005 - INFO - [BBC] Early skip: URL https://www.bbc.com/news/articles/cyv28pd4n22o?at_medium=RSS&at_campaign=rss already exists.
2026-05-16 22:13:15,006 - INFO - [BBC] Early skip: URL https://www.bbc.com/news/articles/cy72p2kpd03o?at_medium=RSS&at_campaign=rss already exists.
2026-05-16 22:13:15,009 - INFO - [BBC] Early skip: URL https://www.bbc.com/news/articles/c1w2gv1gdnjo?at_medium=RSS&at_campaign=rss already exists.
2026-05-16 22:13:15,011 - INFO - [BBC] Early skip: URL https://www.bbc.com/news/articles/c1l28lql137o?at_medium=RSS&at_campaign=rss already exists.
2026-05-16 22:13:15,012 - INFO - [BBC] Early skip: URL https://www.bbc.com/news/articles/c1w2gnd9xp2o?at_medium=RSS&at_campaign=rss already exists.
2026-05-16 22:13:15,013 - INFO - [BBC] Early skip: URL https://www.bbc.com/news/articles/c202vrxlwqgo?at_medium=RSS&at_campaign=rss already exists.
2026-05-16 22:13:15,015 - INFO - [BBC] Early skip: URL https://www.bbc.com/news/articles/c2k2p057ezno?at_medium=RSS&at_campaign=rss already exists.
2026-05-16 22:13:15,019 - INFO - [BBC] Early skip: URL https://www.bbc.com/news/articles/cgjpyqjj8y4o?at_medium=RSS&at_campaign=rss already exists.
2026-05-16 22:13:15,021 - INFO - [BBC] Early skip: URL https://www.bbc.com/news/articles/cqlpzzl0d67o?at_medium=RSS&at_campaign=rss already exists.
2026-05-16 22:13:15,023 - INFO - [BBC] Early skip: URL https://www.bbc.com/news/articles/c98rez3x0nwo?at_medium=RSS&at_campaign=rss already exists.
2026-05-16 22:13:15,024 - INFO - [BBC] Early skip: URL https://www.bbc.com/news/articles/c1m2xy3dr20o?at_medium=RSS&at_campaign=rss already exists.
2026-05-16 22:13:15,029 - INFO - [BBC] Early skip: URL https://www.bbc.com/news/articles/cvgz902mqe5o?at_medium=RSS&at_campaign=rss already exists.
2026-05-16 22:13:15,030 - INFO - [BBC] Early skip: URL https://www.bbc.com/news/articles/c78qzpg0n0go?at_medium=RSS&at_campaign=rss already exists.
2026-05-16 22:13:15,031 - INFO - [BBC] Early skip: URL https://www.bbc.com/news/articles/c4g0z40xwx7o?at_medium=RSS&at_campaign=rss already exists.
2026-05-16 22:13:15,032 - INFO - [BBC] Early skip: URL https://www.bbc.com/news/articles/cq6p57mnz9lo?at_medium=RSS&at_campaign=rss already exists.
2026-05-16 22:13:15,034 - INFO - [BBC] Early skip: URL https://www.bbc.com/news/articles/ckgpyn30dp3o?at_medium=RSS&at_campaign=rss already exists.
2026-05-16 22:13:15,036 - INFO - [BBC] Early skip: URL https://www.bbc.com/news/articles/c0e2g5y9wyeo?at_medium=RSS&at_campaign=rss already exists.
2026-05-16 22:13:15,037 - INFO - [BBC] Article: https://www.bbc.com/news/videos/cn8p36jzd7yo?at_medium=RSS&at_campaign=rss
2026-05-16 22:13:15,037 - INFO - [BBC] Attempt 1/1: Trying with 'requests_browser' strategy...
2026-05-16 22:13:15,493 - WARNING - [BBC] FAILED with 'requests_browser' (content was too short: 76 words).
2026-05-16 22:13:15,495 - ERROR - [BBC] All scrape strategies failed for https://www.bbc.com/news/videos/cn8p36jzd7yo?at_medium=RSS&at_campaign=rss. Falling back to RSS description.
2026-05-16 22:13:15,495 - WARNING - SKIPPED (GLOBAL WORD LIMIT): Article 'Watch: What did we learn from Trump's visit to China?' from BBC has only 18 words (Min: 90).
2026-05-16 22:13:15,830 - INFO - Selenium driver initialized successfully (Eager load strategy, 7s timeout).
2026-05-16 22:13:15,830 - INFO - Starting scrape for The Dawn RSS feed: https://www.dawn.com/feeds/home
2026-05-16 22:13:15,882 - INFO - Selenium driver initialized successfully (Eager load strategy, 7s timeout).
2026-05-16 22:13:15,883 - INFO - Starting scrape for Times of India RSS feed: https://timesofindia.indiatimes.com/rssfeeds/296589292.cms
2026-05-16 22:13:15,925 - INFO - Selenium driver initialized successfully (Eager load strategy, 7s timeout).
2026-05-16 22:13:15,925 - INFO - Starting scrape for The Hindu RSS feed: https://www.thehindu.com/news/national/feeder/default.rss
2026-05-16 22:13:15,993 - INFO - Selenium driver initialized successfully (Eager load strategy, 7s timeout).
2026-05-16 22:13:15,993 - INFO - Starting scrape for Al Jazeera RSS feed: https://www.aljazeera.com/xml/rss/all.xml
2026-05-16 22:13:15,995 - INFO - Selenium driver initialized successfully (Eager load strategy, 7s timeout).
2026-05-16 22:13:15,995 - INFO - Starting scrape for Economic Times RSS feed: https://economictimes.indiatimes.com/rssfeedsdefault.cms
2026-05-16 22:13:16,075 - INFO - Found 27 articles in The Dawn RSS feed. Processing until 30 new articles are saved.
2026-05-16 22:13:16,075 - INFO - [The Dawn] Early skip: URL https://www.dawn.com/news/2000709/alleged-drug-queenpin-anmol-remanded-into-police-custody-till-may-22-in-narcotics-case already exists.
2026-05-16 22:13:16,077 - INFO - [The Dawn] Early skip: URL https://www.dawn.com/news/2000722/law-minister-tarar-sees-no-indication-of-28th-amendment-for-now already exists.
2026-05-16 22:13:16,081 - INFO - [The Dawn] Early skip: URL https://www.dawn.com/news/2000737/minister-chalks-up-css-failure-rate-to-lack-of-preparation-competitive-nature-of-exam already exists.
2026-05-16 22:13:16,082 - INFO - [The Dawn] Early skip: URL https://www.dawn.com/news/2000743/seven-injured-as-driver-in-italian-city-runs-over-pedestrians already exists.
2026-05-16 22:13:16,084 - INFO - [The Dawn] Early skip: URL https://www.dawn.com/news/2000745/fia-to-probe-agency-raid-on-jewellery-shop-in-karachis-sarafa-bazaar already exists.
2026-05-16 22:13:16,085 - INFO - Found 20 articles in Times of India RSS feed. Processing until 30 new articles are saved.
2026-05-16 22:13:16,085 - INFO - [Times of India] Early skip: URL https://timesofindia.indiatimes.com/world/us/i-have-realized-something-redditor-shares-one-year-experience-of-living-in-india-after-spending-12-years-in-us/articleshow/131145483.cms already exists.
2026-05-16 22:13:16,085 - INFO - [The Dawn] Early skip: URL https://www.dawn.com/news/2000676/sindh-lifts-curbs-on-market-timings-minister-says-step-taken-to-facilitate-businesses-citizens already exists.
2026-05-16 22:13:16,086 - INFO - [Times of India] Early skip: URL https://timesofindia.indiatimes.com/world/rest-of-world/4-indians-arrested-in-extortion-kidnapping-in-canada-cop-says-hes-never-seen-case-like-this/articleshow/131145280.cms already exists.
2026-05-16 22:13:16,086 - INFO - [The Dawn] Early skip: URL https://www.dawn.com/news/2000744/iran-conflict-reshapes-energy-markets-as-us-gas-demand-surges already exists.
2026-05-16 22:13:16,087 - INFO - [Times of India] Early skip: URL https://timesofindia.indiatimes.com/world/rest-of-world/61-victims-in-9-months-39-year-old-indian-man-posing-as-a-massage-therapist-sent-to-jail-in-australia-diagnosed-with-voyeuristic-disorder/articleshow/131144964.cms already exists.
2026-05-16 22:13:16,087 - INFO - [The Dawn] Early skip: URL https://www.dawn.com/news/2000724/littons-rearguard-ton-propels-bangladesh-to-278-in-pakistan-test already exists.
2026-05-16 22:13:16,088 - INFO - [Times of India] Early skip: URL https://timesofindia.indiatimes.com/world/europe/italy-8-injured-after-driver-crashes-car-into-pedestrians-in-modena/articleshow/131143290.cms already exists.
2026-05-16 22:13:16,088 - INFO - [The Dawn] Early skip: URL https://www.dawn.com/news/2000719/bannu-police-kill-five-militants-after-launching-operation-in-district already exists.
2026-05-16 22:13:16,090 - INFO - [Times of India] Early skip: URL https://timesofindia.indiatimes.com/world/uk/quote-of-the-day-by-queen-elizabeth-over-the-years-those-who-have-seemed-to-me-to-be-the-most-happy-contented-and-fulfilled-have-always-been-the-people-who-have-lived-the-most-outgoing-and-unselfish-lives-/articleshow/131142064.cms already exists.
2026-05-16 22:13:16,090 - INFO - [The Dawn] Early skip: URL https://www.dawn.com/news/2000715/tens-of-thousands-turn-out-for-uk-far-right-rally-counter-protest already exists.
2026-05-16 22:13:16,091 - INFO - [Times of India] Early skip: URL https://timesofindia.indiatimes.com/world/us/came-to-us-with-950-indian-origin-gas-station-owner-becomes-first-indian-american-elected-to-this-texas-city-council/articleshow/131142236.cms already exists.
2026-05-16 22:13:16,091 - INFO - [The Dawn] Early skip: URL https://www.dawn.com/news/2000716/at-least-eight-dead-25-injured-in-train-collision-that-sparks-bus-fire-in-thailand already exists.
2026-05-16 22:13:16,092 - INFO - [Times of India] Early skip: URL https://timesofindia.indiatimes.com/world/us/of-roses-and-redlines-trump-faces-thorny-questions-on-taiwan-and-trade/articleshow/131141778.cms already exists.
2026-05-16 22:13:16,092 - INFO - [The Dawn] Early skip: URL https://www.dawn.com/news/2000705/hamas-confirms-killing-of-military-chief-after-israeli-strike already exists.
2026-05-16 22:13:16,093 - INFO - [Times of India] Early skip: URL https://timesofindia.indiatimes.com/world/us/snorkeling-at-pearl-harbor-philadelphia-concert-date-with-girlfriend-at-50000-suite-kash-patel-unfazed-by-new-controversies/articleshow/131139973.cms already exists.
2026-05-16 22:13:16,093 - INFO - [The Dawn] Early skip: URL https://www.dawn.com/news/2000662/trump-says-isis-second-in-command-abu-bilal-al-minuki-eliminated already exists.
2026-05-16 22:13:16,095 - INFO - [The Dawn] Early skip: URL https://www.dawn.com/news/2000678/naqvi-discusses-cooperation-in-counter-terrorism-cybercrime-with-delegation-from-egypt already exists.
2026-05-16 22:13:16,095 - INFO - [Times of India] Early skip: URL https://timesofindia.indiatimes.com/world/middle-east/israel-says-hamas-military-chief-involved-in-planning-october-7-attacks-killed-in-gaza/articleshow/131138685.cms already exists.
2026-05-16 22:13:16,096 - INFO - [The Dawn] Early skip: URL https://www.dawn.com/news/2000686/putin-to-visit-china-on-may-19-20-to-further-strengthen-comprehensive-partnership already exists.
2026-05-16 22:13:16,096 - INFO - [Times of India] Early skip: URL https://timesofindia.indiatimes.com/world/uk/king-charles-shocked-and-saddened-as-soldier-dies-after-falling-from-horse-at-royal-windsor-horse-show/articleshow/131139895.cms already exists.
2026-05-16 22:13:16,097 - INFO - [The Dawn] Early skip: URL https://www.dawn.com/news/2000687/fatima-sana-to-lead-womens-side-as-pcb-announces-squad-for-t20-world-cup-ireland-tri-series already exists.
2026-05-16 22:13:16,097 - INFO - [Times of India] Early skip: URL https://timesofindia.indiatimes.com/world/us/new-uscis-signature-rule-for-h-1b-green-card-dos-and-donts-for-when-you-sign-your-next-immigration-application/articleshow/131138712.cms already exists.
2026-05-16 22:13:16,099 - INFO - [The Dawn] Early skip: URL https://www.dawn.com/news/2000617/new-banknote-designs-await-cabinet-nod already exists.
2026-05-16 22:13:16,099 - INFO - [Times of India] Early skip: URL https://timesofindia.indiatimes.com/world/south-asia/maldives-scuba-tragedy-diver-dies-in-search-of-five-italian-tourists-who-drowned-in-underwater-cave/articleshow/131137543.cms already exists.
2026-05-16 22:13:16,100 - INFO - [The Dawn] Early skip: URL https://www.dawn.com/news/2000671/indian-cricketer-kohli-to-play-2027-world-cup-only-if-he-can-add-value already exists.
2026-05-16 22:13:16,100 - INFO - [Times of India] Early skip: URL https://timesofindia.indiatimes.com/world/rest-of-world/video-8-killed-over-20-injured-as-freight-train-crashes-into-bus-in-bangkok/articleshow/131136364.cms already exists.
2026-05-16 22:13:16,101 - INFO - [The Dawn] Early skip: URL https://www.dawn.com/news/2000619/imf-sets-rs171tr-federal-revenue-target-for-2026-27 already exists.
2026-05-16 22:13:16,101 - INFO - [Times of India] Early skip: URL https://timesofindia.indiatimes.com/world/us/why-robert-f-smiths-morehouse-surprise-donation-mattered-even-more-after-graduation-day/articleshow/131110815.cms already exists.
2026-05-16 22:13:16,102 - INFO - [The Dawn] Early skip: URL https://www.dawn.com/news/2000721/trump-returns-from-china-with-stability-and-a-stalemate already exists.
2026-05-16 22:13:16,102 - INFO - [Times of India] Early skip: URL https://timesofindia.indiatimes.com/world/us/the-surprising-reason-joan-krocs-record-breaking-salvation-army-gift-still-changes-lives-today/articleshow/131110765.cms already exists.
2026-05-16 22:13:16,103 - INFO - [The Dawn] Early skip: URL https://www.dawn.com/news/2000623/gilgit-baltistan-readies-for-aga-khans-visit already exists.
2026-05-16 22:13:16,104 - INFO - [Times of India] Early skip: URL https://timesofindia.indiatimes.com/world/uk/he-couldnt-stop-blushing-when-queen-elizabeth-ii-smiled-at-prince-harry-his-reaction-said-everything/articleshow/131135251.cms already exists.
2026-05-16 22:13:16,105 - INFO - [The Dawn] Early skip: URL https://www.dawn.com/news/2000624/khamenei-casts-resistance-as-national-creed already exists.
2026-05-16 22:13:16,105 - INFO - [Times of India] Early skip: URL https://timesofindia.indiatimes.com/world/uk/starmer-government-bans-11-far-right-agitators-from-entering-uk-ahead-of-tommy-robinson-rally/articleshow/131135746.cms already exists.
2026-05-16 22:13:16,106 - INFO - [The Dawn] Early skip: URL https://www.dawn.com/news/2000697/at-samsung-the-global-ai-boom-has-spurred-a-looming-strike-and-deep-divisions already exists.
2026-05-16 22:13:16,107 - INFO - [Times of India] Early skip: URL https://timesofindia.indiatimes.com/world/rest-of-world/ebola-outbreak-in-dr-congo-over-80-dead-246-cases-reported-in-ituri-province-health-emergency-declared/articleshow/131134865.cms already exists.
2026-05-16 22:13:16,108 - INFO - [The Dawn] Early skip: URL https://www.dawn.com/news/2000701/us-ceos-follow-trumps-footsteps-with-diplomacy-in-beijing already exists.
2026-05-16 22:13:16,108 - INFO - [Times of India] Early skip: URL https://timesofindia.indiatimes.com/world/uk/meningitis-outbreak-sparks-alarm-after-student-dies-and-2-others-fall-ill-in-reading-area/articleshow/131134503.cms already exists.
2026-05-16 22:13:16,109 - INFO - [Times of India] Early skip: URL https://timesofindia.indiatimes.com/world/uk/within-hours-he-was-gone-berkshire-father-shares-pain-after-son-dies-in-meningitis-outbreak/articleshow/131135346.cms already exists.
2026-05-16 22:13:16,109 - INFO - [The Dawn] Early skip: URL https://www.dawn.com/news/2000700/rising-diesel-costs-from-iran-war-strain-us-school-budgets already exists.
2026-05-16 22:13:16,113 - INFO - [The Dawn] Early skip: URL https://www.dawn.com/news/2000562/bahawalpur-police-look-for-suspect-linked-to-cocaine-queen-network already exists.
2026-05-16 22:13:16,114 - INFO - [The Dawn] Early skip: URL https://www.dawn.com/news/2000596/gwadar-varsity-vc-officials-untraceable-even-after-48-hours already exists.
2026-05-16 22:13:16,114 - INFO - [Times of India] (Thread) Finished. Attempting to shut down its Selenium driver.
2026-05-16 22:13:16,116 - INFO - [The Dawn] (Thread) Finished. Attempting to shut down its Selenium driver.
2026-05-16 22:13:16,132 - INFO - Found 60 articles in The Hindu RSS feed. Processing until 30 new articles are saved.
2026-05-16 22:13:16,133 - INFO - [The Hindu] Early skip: URL https://www.thehindu.com/news/national/pm-modi-netherlands-visit-five-nation-tour-energy-trade-diplomatic-relations-live-updates-may-16-2026/article70986095.ece already exists.
2026-05-16 22:13:16,136 - INFO - [The Hindu] Early skip: URL https://www.thehindu.com/news/national/tamil-nadu/sp-velumani-from-loyalist-to-rebel/article70988232.ece already exists.
2026-05-16 22:13:16,142 - INFO - [The Hindu] Early skip: URL https://www.thehindu.com/education/centre-to-roll-out-pilot-programme-for-linking-out-of-school-adolescents-to-open-school/article70988101.ece already exists.
2026-05-16 22:13:16,144 - INFO - [The Hindu] Early skip: URL https://www.thehindu.com/news/national/maharashtra/karjat-mla-rohit-pawar-hits-out-at-cji-comment-on-youngsters/article70987773.ece already exists.
2026-05-16 22:13:16,145 - INFO - [The Hindu] Early skip: URL https://www.thehindu.com/news/national/rajasthan/bni-meet-begins-in-jaipur-with-focus-on-long-term-growth-opportunities-for-startups/article70987577.ece already exists.
2026-05-16 22:13:16,148 - INFO - [The Hindu] Early skip: URL https://www.thehindu.com/news/national/west-bengal/tmc-sends-fact-finding-teams-across-bengal-alleges-attacks-and-killings-after-poll-defeat/article70987416.ece already exists.
2026-05-16 22:13:16,149 - INFO - [The Hindu] Early skip: URL https://www.thehindu.com/news/national/karnataka/india-stands-at-a-historic-juncture-where-it-possesses-a-confluence-youth-power-diversity-scientific-temperament-democratic-spirit-karnataka-governor/article70987583.ece already exists.
2026-05-16 22:13:16,151 - INFO - [The Hindu] Early skip: URL https://www.thehindu.com/news/national/odisha/odishas-urban-department-advises-vehicle-pooling-ride-sharing-practices/article70987511.ece already exists.
2026-05-16 22:13:16,152 - INFO - [The Hindu] Early skip: URL https://www.thehindu.com/news/national/tamil-nadu/dairy-farmers-ask-government-to-hike-price-of-aavin-milk-pass-on-to-them-as-procurement-price/article70988022.ece already exists.
2026-05-16 22:13:16,153 - INFO - [The Hindu] Early skip: URL https://www.thehindu.com/news/national/tamil-nadu/one-in-four-startups-incubated-at-iit-madras-has-a-woman-co-founder/article70987785.ece already exists.
2026-05-16 22:13:16,154 - INFO - [The Hindu] Early skip: URL https://www.thehindu.com/news/cities/Hyderabad/bandi-bageerath-arrested-near-narsingi-after-week-long-manhunt/article70988035.ece already exists.
2026-05-16 22:13:16,156 - INFO - [The Hindu] Early skip: URL https://www.thehindu.com/news/national/tamil-nadu/india-will-need-15-lakh-company-secretaries-by-2047-icsi-president/article70988068.ece already exists.
2026-05-16 22:13:16,157 - INFO - [The Hindu] Early skip: URL https://www.thehindu.com/news/national/uttar-pradesh/up-cm-adityanath-lays-foundation-stone-of-international-cricket-stadium-in-gorakhpur/article70987868.ece already exists.
2026-05-16 22:13:16,158 - INFO - [The Hindu] Early skip: URL https://www.thehindu.com/news/national/karnataka/shivanand-neelannavar-promoter-of-alleged-ponzi-scheme-held/article70987250.ece already exists.
2026-05-16 22:13:16,159 - INFO - [The Hindu] Early skip: URL https://www.thehindu.com/news/national/karnataka/kalaburagi-city-police-carry-out-massive-rowdy-parade-warn-habitual-offenders/article70987551.ece already exists.
2026-05-16 22:13:16,160 - INFO - [The Hindu] Early skip: URL https://www.thehindu.com/news/national/kerala/weekend-rush-road-works-cause-unusual-traffic-snarl-in-kochi-city/article70987983.ece already exists.
2026-05-16 22:13:16,162 - INFO - [The Hindu] Early skip: URL https://www.thehindu.com/news/national/karnataka/kalaburagi-do-not-sacrifice-passion-for-upsc-ias-officer-rahul-pandve-tells-students-at-the-hindu-educationplus-career-counselling-2026/article70987542.ece already exists.
2026-05-16 22:13:16,163 - INFO - [The Hindu] Early skip: URL https://www.thehindu.com/news/national/karnataka/mobile-phone-prank-turns-fatal-housekeeping-staff-stabbed-to-death-by-friend/article70987937.ece already exists.
2026-05-16 22:13:16,164 - INFO - [The Hindu] Early skip: URL https://www.thehindu.com/news/national/tamil-nadu/aiadmks-rebel-camp-in-no-mood-to-seek-early-convening-of-general-council/article70987531.ece already exists.
2026-05-16 22:13:16,165 - INFO - [The Hindu] Early skip: URL https://www.thehindu.com/news/national/karnataka/rowdy-sheeter-associate-held-for-drunken-bike-ride-and-public-nuisance-in-the-city/article70987820.ece already exists.
2026-05-16 22:13:16,166 - INFO - [The Hindu] Early skip: URL https://www.thehindu.com/news/national/andhra-pradesh/guntur-civic-chief-orders-strict-vigil-against-contamination-of-drinking-water/article70987068.ece already exists.
2026-05-16 22:13:16,169 - INFO - [The Hindu] Early skip: URL https://www.thehindu.com/news/national/kerala/pm-shri-implementation-a-tightrope-ahead-for-udf-govt-in-kerala/article70987645.ece already exists.
2026-05-16 22:13:16,170 - INFO - [The Hindu] Early skip: URL https://www.thehindu.com/news/national/karnataka/students-should-have-professional-skills-by-the-end-of-their-academic-period-sudhakar/article70987984.ece already exists.
2026-05-16 22:13:16,178 - INFO - [The Hindu] Early skip: URL https://www.thehindu.com/news/national/indias-aspirations-no-longer-limited-to-its-borders-modi-to-diaspora-in-netherlands/article70987367.ece already exists.
2026-05-16 22:13:16,180 - INFO - [The Hindu] Early skip: URL https://www.thehindu.com/news/national/manipur/kuki-zo-protestors-rally-in-manipur-demanding-justice-for-slain-church-leaders-release-of-hostages/article70987342.ece already exists.
2026-05-16 22:13:16,181 - INFO - [The Hindu] Early skip: URL https://www.thehindu.com/news/national/andhra-pradesh/12-arrested-for-drunken-driving-in-vijayawada/article70987761.ece already exists.
2026-05-16 22:13:16,182 - INFO - [Times of India] (Thread) driver.quit() successful.
2026-05-16 22:13:16,183 - INFO - [The Hindu] Early skip: URL https://www.thehindu.com/news/national/andhra-pradesh/plan-to-turn-chinnaganjam-beaches-into-tourism-hubs-says-bapatla-district-collector/article70987768.ece already exists.
2026-05-16 22:13:16,185 - INFO - [The Hindu] Early skip: URL https://www.thehindu.com/news/national/andhra-pradesh/gghs-in-ap-told-to-submit-reports-on-biomedical-waste-management/article70988046.ece already exists.
2026-05-16 22:13:16,185 - INFO - [The Dawn] (Thread) driver.quit() successful.
2026-05-16 22:13:16,186 - INFO - [The Hindu] Early skip: URL https://www.thehindu.com/news/national/andhra-pradesh/street-dogs-eat-amputated-limb-in-vijayawada-government-hospital-probe-ordered/article70981653.ece already exists.
2026-05-16 22:13:16,187 - INFO - [The Hindu] Article: https://www.thehindu.com/news/national/andhra-pradesh/man-arrested-13-electric-motors-seized/article70988025.ece
2026-05-16 22:13:16,187 - INFO - [The Hindu] Attempt 1/1: Trying with 'selenium_browser' strategy...
2026-05-16 22:13:16,191 - INFO - Found 25 articles in Al Jazeera RSS feed. Processing until 30 new articles are saved.
2026-05-16 22:13:16,191 - INFO - [Al Jazeera] Article: https://www.aljazeera.com/news/2026/5/16/two-presidential-campaign-staffers-killed-in-colombia-as-elections-near?traffic_source=rss
2026-05-16 22:13:16,191 - INFO - [Al Jazeera] Attempt 1/2: Trying with 'requests_browser' strategy...
2026-05-16 22:13:16,236 - INFO - [Al Jazeera] Success with 'requests_browser'. Found content (521 words).
2026-05-16 22:13:16,402 - INFO - [BBC] Early skip: URL https://www.bbc.com/news/videos/cy420k2y34lo?at_medium=RSS&at_campaign=rss already exists.
2026-05-16 22:13:16,403 - INFO - [BBC] Early skip: URL https://www.bbc.com/news/videos/c1m2p42v847o?at_medium=RSS&at_campaign=rss already exists.
2026-05-16 22:13:16,404 - INFO - [BBC] Early skip: URL https://www.bbc.com/news/videos/cp8pm97yde3o?at_medium=RSS&at_campaign=rss already exists.
2026-05-16 22:13:16,405 - INFO - [BBC] Early skip: URL https://www.bbc.com/news/videos/czx2wd20evyo?at_medium=RSS&at_campaign=rss already exists.
2026-05-16 22:13:16,407 - INFO - [BBC] Early skip: URL https://www.bbc.com/news/videos/cgqp3xq7959o?at_medium=RSS&at_campaign=rss already exists.
2026-05-16 22:13:16,455 - INFO - Found 76 articles in Economic Times RSS feed. Processing until 30 new articles are saved.
2026-05-16 22:13:16,455 - INFO - [Economic Times] Early skip: URL https://economictimes.indiatimes.com/mf/analysis/10-equity-mutual-funds-cross-rs-60000-crore-aum-top-3-manage-over-rs-1-lakh-crore-each/slideshow/131133821.cms already exists.
2026-05-16 22:13:16,456 - INFO - [Economic Times] Early skip: URL https://economictimes.indiatimes.com/markets/stocks/news/eternal-hdfc-bank-among-10-stocks-which-saw-highest-dii-buying-in-q4-how-many-do-you-own/slideshow/131133389.cms already exists.
2026-05-16 22:13:16,458 - INFO - [Economic Times] Early skip: URL https://economictimes.indiatimes.com/markets/commodities/news/indias-gold-import-duty-hike-a-double-edged-sword/articleshow/131133111.cms already exists.
2026-05-16 22:13:16,459 - INFO - [Economic Times] Early skip: URL https://economictimes.indiatimes.com/markets/cryptocurrency/bitcoin-slips-towards-79k-as-higher-treasury-yields-and-oil-prices-pressure-trigger-risk-off-sentiment/articleshow/131133871.cms already exists.
2026-05-16 22:13:16,461 - INFO - [Economic Times] Early skip: URL https://economictimes.indiatimes.com/markets/us-stocks/news/spacex-shareholders-approve-5-for-1-stock-split-ahead-of-much-awaited-ipo-report/articleshow/131133631.cms already exists.
2026-05-16 22:13:16,463 - INFO - [Economic Times] Early skip: URL https://economictimes.indiatimes.com/markets/stocks/news/multibaggers-mirages-and-market-math/articleshow/131133450.cms already exists.
2026-05-16 22:13:16,464 - INFO - [Economic Times] Early skip: URL https://economictimes.indiatimes.com/news/economy/policy/rbi-draft-for-upper-layer-non-banks-affects-cics-disproportionately-raises-compliances-costs/articleshow/130394099.cms already exists.
2026-05-16 22:13:16,465 - INFO - [Economic Times] Early skip: URL https://economictimes.indiatimes.com/news/economy/foreign-trade/exporters-seek-removal-of-cap-on-interest-subvention/articleshow/130341339.cms already exists.
2026-05-16 22:13:16,466 - INFO - [Economic Times] Early skip: URL https://economictimes.indiatimes.com/news/economy/indicators/macro-buffers-to-help-india-tide-over-gulf-crisis-world-bank/articleshow/130152815.cms already exists.
2026-05-16 22:13:16,468 - INFO - [Economic Times] Early skip: URL https://economictimes.indiatimes.com/news/economy/policy/rbi-holds-repo-rate-flags-supply-chain-risks-to-inflation-growth/articleshow/130123373.cms already exists.
2026-05-16 22:13:16,469 - INFO - [Economic Times] Early skip: URL https://economictimes.indiatimes.com/news/economy/policy/rbi-may-keep-rates-unchanged-focus-on-rupee-stability-and-bond-yields/articleshow/130045979.cms already exists.
2026-05-16 22:13:16,470 - INFO - [Economic Times] Early skip: URL https://economictimes.indiatimes.com/news/economy/foreign-trade/japan-to-create-special-cell-to-push-fdi-into-india/articleshow/129933023.cms already exists.
2026-05-16 22:13:16,472 - INFO - [Economic Times] Early skip: URL https://economictimes.indiatimes.com/tech/technology/apple-faces-indian-engineers-bias-lawsuit/articleshow/81694292.cms already exists.
2026-05-16 22:13:16,473 - INFO - [Economic Times] Early skip: URL https://economictimes.indiatimes.com/news/defence/despite-transatlantic-love-fest-eu-charts-third-way-in-ties-with-us-and-china/articleshow/81467467.cms already exists.
2026-05-16 22:13:16,474 - INFO - [Economic Times] Early skip: URL https://economictimes.indiatimes.com/tech/tech-bytes/twitters-india-policy-head-to-step-down-will-transition-in-march/articleshow/80732868.cms already exists.
2026-05-16 22:13:16,476 - INFO - [Economic Times] Early skip: URL https://economictimes.indiatimes.com/tech/tech-and-gadgets/govt-may-keep-rs-7500-cr-outlay-for-it-hardware-manufacturing-under-pli-scheme/articleshow/80333429.cms already exists.
2026-05-16 22:13:16,477 - INFO - [Economic Times] Early skip: URL https://economictimes.indiatimes.com/tech/technology/indian-dating-apps-services-see-surge-of-paying-users-in-small-cities/articleshow/80063342.cms already exists.
2026-05-16 22:13:16,478 - INFO - [Economic Times] Early skip: URL https://economictimes.indiatimes.com/tech/technology/time-for-govt-cos-to-adopt-ai-deloitte-india/articleshow/79981215.cms already exists.
2026-05-16 22:13:16,479 - INFO - [Economic Times] Early skip: URL https://economictimes.indiatimes.com/news/international/global-trends/how-china-may-have-made-lifelong-teetotaler-trump-sip-alcohol/articleshow/131112219.cms already exists.
2026-05-16 22:13:16,481 - INFO - [Economic Times] Early skip: URL https://economictimes.indiatimes.com/news/international/world-news/chinas-marriages-drop-to-decade-low-deepening-demographic-concerns/articleshow/131010156.cms already exists.
2026-05-16 22:13:16,482 - INFO - [Economic Times] Early skip: URL https://economictimes.indiatimes.com/news/international/world-news/us-iran-no-closer-to-ending-war-as-qatari-tanker-sails-toward-strait-of-hormuz/articleshow/130998526.cms already exists.
2026-05-16 22:13:16,483 - INFO - [Economic Times] Early skip: URL https://economictimes.indiatimes.com/news/international/global-trends/u-s-employers-added-a-surprising-115000-jobs-last-month-despite-the-economic-shock-from-iran-war/articleshow/130960476.cms already exists.
2026-05-16 22:13:16,484 - INFO - [Economic Times] Early skip: URL https://economictimes.indiatimes.com/news/international/business/imf-warns-of-inevitable-ai-powered-threats-to-world/articleshow/130920591.cms already exists.
2026-05-16 22:13:16,486 - INFO - [Economic Times] Early skip: URL https://economictimes.indiatimes.com/news/international/business/diageo-springs-a-surprise-sales-climb-on-africa-latin-america/articleshow/130866925.cms already exists.
2026-05-16 22:13:16,487 - INFO - [Economic Times] Early skip: URL https://economictimes.indiatimes.com/news/elections/assembly-elections/assam/done-deal-cm-himanta-biswa-sarma-on-nda-seat-sharing-for-assam-polls/articleshow/128678098.cms already exists.
2026-05-16 22:13:16,489 - INFO - [Economic Times] Early skip: URL https://economictimes.indiatimes.com/news/elections/assembly-elections/bihar/rare-intensive-revision-in-bihar-four-months-before-polls/articleshow/122167501.cms already exists.
2026-05-16 22:13:16,490 - INFO - [Economic Times] Early skip: URL https://economictimes.indiatimes.com/news/elections/assembly-elections/delhi/bjp-accuses-kejriwal-of-sending-voters-hoax-calls-to-mislead/articleshow/117579007.cms already exists.
2026-05-16 22:13:16,491 - INFO - [Economic Times] Early skip: URL https://economictimes.indiatimes.com/news/elections/lok-sabha/india/lok-sabha-election-2024-maharashtra-get-interesting-after-splits-in-shiv-sena-ncp/articleshow/108559788.cms already exists.
2026-05-16 22:13:16,493 - INFO - [Economic Times] Early skip: URL https://economictimes.indiatimes.com/news/elections/lok-sabha/india/modi-charisma-key-factor-in-bjps-bid-to-retain-all-26-seats-in-gujarat/articleshow/108550858.cms already exists.
2026-05-16 22:13:16,494 - INFO - [Economic Times] Early skip: URL https://economictimes.indiatimes.com/news/elections/lok-sabha/india/implementation-of-guarantees-decline-of-brs-favour-congress-in-telangana-bjp-aiming-for-better-show/articleshow/108548569.cms already exists.
2026-05-16 22:13:16,496 - INFO - [Economic Times] Early skip: URL https://economictimes.indiatimes.com/traders-bet-on-calendar-spread-as-nifty-moves-in-a-tight-range/articleshow/6302358.cms already exists.
2026-05-16 22:13:16,497 - INFO - [Economic Times] Early skip: URL https://economictimes.indiatimes.com/nifty-may-find-support-at-5300-level/articleshow/6296017.cms already exists.
2026-05-16 22:13:16,498 - INFO - [Economic Times] Early skip: URL https://economictimes.indiatimes.com/seven-out-of-top-10-asian-small-cap-funds-are-indian/articleshow/6295976.cms already exists.
2026-05-16 22:13:16,500 - INFO - [Economic Times] Early skip: URL https://economictimes.indiatimes.com/inflation-reflects-growth-dynamics-in-india-christopher-wood/articleshow/6274053.cms already exists.
2026-05-16 22:13:16,501 - INFO - [Economic Times] Early skip: URL https://economictimes.indiatimes.com/market-may-trade-in-a-range-but-fiis-seen-sold-on-india/articleshow/6277705.cms already exists.
2026-05-16 22:13:16,503 - INFO - [Economic Times] Early skip: URL https://economictimes.indiatimes.com/dont-bank-only-on-price-to-earning-ratio/articleshow/6278228.cms already exists.
2026-05-16 22:13:16,504 - INFO - [Economic Times] Early skip: URL https://economictimes.indiatimes.com/markets/stocks/recos/prabhudas-lilladher-has-a-reduce-rating-on-infosys/articleshow/3798718.cms already exists.
2026-05-16 22:13:16,505 - INFO - [Economic Times] Early skip: URL https://economictimes.indiatimes.com/markets/stocks/recos/fin-crisis-too-late-and-too-little-done-in-us/articleshow/3794549.cms already exists.
2026-05-16 22:13:16,506 - INFO - [Economic Times] Early skip: URL https://economictimes.indiatimes.com/markets/forex/weak-rupee-takes-its-toll-on-cos-with-huge-foreign-debt/articleshow/3546158.cms already exists.
2026-05-16 22:13:16,508 - INFO - [Economic Times] Early skip: URL https://economictimes.indiatimes.com/markets/stocks/recos/wait-for-more-signals-before-turning-positive/articleshow/3292640.cms already exists.
2026-05-16 22:13:16,509 - INFO - [Economic Times] Early skip: URL https://economictimes.indiatimes.com/news/company/corporate-trends/six-indian-cos-among-businessweeks-top-100-infotech-firms/articleshow/3189334.cms already exists.
2026-05-16 22:13:16,510 - INFO - [Economic Times] Early skip: URL https://economictimes.indiatimes.com/news/company/corporate-trends/indian-firms-slip-in-global-ranking-four-move-out-of-top-500/articleshow/3177077.cms already exists.
2026-05-16 22:13:16,512 - INFO - [Economic Times] Early skip: URL https://economictimes.indiatimes.com/markets/stocks/news/big-daddy-laps-up-cipla-after-q1-nos-beat-forecast/articleshow/6308646.cms already exists.
2026-05-16 22:13:16,513 - INFO - [Economic Times] Early skip: URL https://economictimes.indiatimes.com/markets/stocks/news/old-fox-has-dream-run-on-dalal-street/articleshow/6308631.cms already exists.
2026-05-16 22:13:16,514 - INFO - [Economic Times] Early skip: URL https://economictimes.indiatimes.com/markets/stocks/news/cairn-india-hits-record-high-on-bse-amid-stake-sale-talks/articleshow/6306679.cms already exists.
2026-05-16 22:13:16,515 - INFO - [Economic Times] Early skip: URL https://economictimes.indiatimes.com/markets/stocks/news/vedanta-plunges-5-59-per-cent-on-lse-amid-talks-to-buy-cairn-stake/articleshow/6306526.cms already exists.
2026-05-16 22:13:16,517 - INFO - [Economic Times] Early skip: URL https://economictimes.indiatimes.com/markets/stocks/news/sbi-shares-on-gaining-spree-hit-record-high/articleshow/6306241.cms already exists.
2026-05-16 22:13:16,518 - INFO - [Economic Times] Early skip: URL https://economictimes.indiatimes.com/fm-must-rethink/articleshow/5645094.cms already exists.
2026-05-16 22:13:16,519 - INFO - [Economic Times] Early skip: URL https://economictimes.indiatimes.com/amalgamate-banks/articleshow/5645086.cms already exists.
2026-05-16 22:13:16,521 - INFO - [Economic Times] Early skip: URL https://economictimes.indiatimes.com/managing-data/articleshow/5117958.cms already exists.
2026-05-16 22:13:16,522 - INFO - [Economic Times] Early skip: URL https://economictimes.indiatimes.com/right-technology/articleshow/5117957.cms already exists.
2026-05-16 22:13:16,524 - INFO - [Economic Times] Early skip: URL https://economictimes.indiatimes.com/et-search/articleshow/21646857.cms already exists.
2026-05-16 22:13:16,525 - INFO - [Economic Times] Early skip: URL https://economictimes.indiatimes.com/after-the-oscars-whats-next-for-silent-stars-of-the-artist/articleshow/12075465.cms already exists.
2026-05-16 22:13:16,527 - INFO - [Economic Times] Early skip: URL https://economictimes.indiatimes.com/delhi-world-book-fair-a-fair-like-no-other/articleshow/12028630.cms already exists.
2026-05-16 22:13:16,528 - INFO - [Economic Times] Early skip: URL https://economictimes.indiatimes.com/lk-advanis-gift-makes-its-way-to-state-department-exhibition-hall/articleshow/12017534.cms already exists.
2026-05-16 22:13:16,530 - INFO - [Economic Times] Early skip: URL https://economictimes.indiatimes.com/india-meteorological-department-to-use-dynamic-models-for-forecasts/articleshow/11983844.cms already exists.
2026-05-16 22:13:16,531 - INFO - [Economic Times] Early skip: URL https://economictimes.indiatimes.com/documents-reveal-contents-of-the-first-telegraph-message-between-india-england/articleshow/11976488.cms already exists.
2026-05-16 22:13:16,532 - INFO - [Economic Times] Early skip: URL https://economictimes.indiatimes.com/worried-amitabh-bachchan-fans-pray-to-lord-shiva-for-his-recovery/articleshow/11963187.cms already exists.
2026-05-16 22:13:16,534 - INFO - [Economic Times] Early skip: URL https://economictimes.indiatimes.com/opinion/interviews/every-decision-of-government-neednt-be-a-big-reform-anand-mahindra/articleshow/35919571.cms already exists.
2026-05-16 22:13:16,535 - INFO - [Economic Times] Early skip: URL https://economictimes.indiatimes.com/opinion/interviews/narendra-modi-has-his-eyes-set-on-boosting-business-joao-cravinho-eu-ambassador/articleshow/35973824.cms already exists.
2026-05-16 22:13:16,536 - INFO - [Economic Times] Early skip: URL https://economictimes.indiatimes.com/opinion/interviews/confidence-level-of-industry-improving-kv-kamath-icici-bank/articleshow/35945669.cms already exists.
2026-05-16 22:13:16,540 - INFO - [Economic Times] Early skip: URL https://economictimes.indiatimes.com/opinion/interviews/we-may-see-rapid-growth-over-the-next-few-years-raamdeo-agrawal/articleshow/35831378.cms already exists.
2026-05-16 22:13:16,541 - INFO - [Economic Times] Early skip: URL https://economictimes.indiatimes.com/opinion/interviews/our-commitment-for-press-freedom-and-autonomy-of-public-broadcast-is-absolute-prakash-javadekar/articleshow/35803396.cms already exists.
2026-05-16 22:13:16,543 - INFO - [Economic Times] Early skip: URL https://economictimes.indiatimes.com/opinion/interviews/there-is-a-leadership-vacuum-in-infosys-time-to-get-nandan-nilekani-back-mohandas-pai/articleshow/35716682.cms already exists.
2026-05-16 22:13:16,544 - INFO - [Economic Times] Early skip: URL https://economictimes.indiatimes.com/markets/stocks/news/oil-prices-to-hit-150-how-indian-stock-markets-may-react-as-iran-war-rages-on/articleshow/129587020.cms already exists.
2026-05-16 22:13:16,546 - INFO - [Economic Times] Early skip: URL https://economictimes.indiatimes.com/markets/us-stocks/news/why-a-7030-india-global-portfolio-makes-sense-in-a-changing-world-subho-moulik-decodes/articleshow/127604085.cms already exists.
2026-05-16 22:13:16,547 - INFO - [Economic Times] Early skip: URL https://economictimes.indiatimes.com/markets/expert-view/kaynes-shares-plunge-43-from-october-peak-is-a-tactical-rebound-on-the-cards-or-more-pain-ahead/articleshow/125815992.cms already exists.
2026-05-16 22:13:16,548 - INFO - [Economic Times] Early skip: URL https://economictimes.indiatimes.com/markets/stocks/news/warren-buffett-is-buying-michael-burry-is-shorting-the-ai-trade-splitting-wall-street/articleshow/125815521.cms already exists.
2026-05-16 22:13:16,550 - INFO - [Economic Times] Early skip: URL https://economictimes.indiatimes.com/markets/ipos/fpos/softbank-backed-acevector-files-updated-ipo-papers-targets-to-raise-rs-300-cr-via-fresh-issue/articleshow/125813493.cms already exists.
2026-05-16 22:13:16,551 - INFO - [Economic Times] Early skip: URL https://economictimes.indiatimes.com/markets/stocks/news/mcap-of-five-of-top-10-most-valued-firms-surges-rs-72285-cr-tcs-infosys-biggest-winners/articleshow/125813435.cms already exists.
2026-05-16 22:13:16,552 - INFO - [Economic Times] Early skip: URL https://economictimes.indiatimes.com/markets/stocks/news/alfa-laval-raises-delisting-price-to-rs-2850-a-share/articleshow/11437373.cms already exists.
2026-05-16 22:13:16,554 - INFO - [Economic Times] Early skip: URL https://economictimes.indiatimes.com/markets/stocks/news/db-realty-unitech-stocks-rose-after-top-executives-granted-bail-in-2g-scam/articleshow/10925114.cms already exists.
2026-05-16 22:13:16,555 - INFO - [Economic Times] Early skip: URL https://economictimes.indiatimes.com/markets/stocks/news/fitch-withdraws-reliance-capital-ratings/articleshow/10430814.cms already exists.
2026-05-16 22:13:16,556 - INFO - [Economic Times] Early skip: URL https://economictimes.indiatimes.com/markets/stocks/news/discoms-poor-financial-health-poses-risks-for-power-traders-fitch/articleshow/10430186.cms already exists.
2026-05-16 22:13:16,557 - INFO - [Economic Times] Early skip: URL https://economictimes.indiatimes.com/markets/stocks/news/cigarette-companies-price-hikes-with-higher-volumes-hold-promise/articleshow/9277179.cms already exists.
2026-05-16 22:13:16,559 - INFO - [Economic Times] Early skip: URL https://economictimes.indiatimes.com/markets/stocks/news/lovable-lingeries-dream-run-on-as-traders-lap-it-up/articleshow/8894615.cms already exists.
2026-05-16 22:13:16,560 - INFO - [Economic Times] (Thread) Finished. Attempting to shut down its Selenium driver.
2026-05-16 22:13:16,623 - INFO - [Economic Times] (Thread) driver.quit() successful.
2026-05-16 22:13:16,710 - INFO - [The Hindu] Page content loaded.
2026-05-16 22:13:16,759 - INFO - [The Hindu] Success with 'selenium_browser'. Found content (90 words).
2026-05-16 22:13:41,784 - INFO - >>> SUCCESSFULLY SAVED [ID: 59684] - Two presidential campaign staffers killed in Colombia as elections near | Crime News | Al Jazeera from Al Jazeera (521 words)
2026-05-16 22:13:42,753 - INFO - [Al Jazeera] Article: https://www.aljazeera.com/news/2026/5/16/poll-shows-lula-and-bolsonaro-tied-before-brazils-presidential-election?traffic_source=rss
2026-05-16 22:13:42,753 - INFO - [Al Jazeera] Attempt 1/2: Trying with 'requests_browser' strategy...
2026-05-16 22:13:42,788 - INFO - [Al Jazeera] Success with 'requests_browser'. Found content (651 words).
2026-05-16 22:14:02,721 - INFO - >>> SUCCESSFULLY SAVED [ID: 59685] - Man arrested, 13 electric motors seized - The Hindu from The Hindu (90 words)
2026-05-16 22:14:03,548 - INFO - [The Hindu] Early skip: URL https://www.thehindu.com/news/national/karnataka/cong-aap-oppose-simultaneous-polls-while-bjp-welcomes/article70988060.ece already exists.
2026-05-16 22:14:03,550 - INFO - [The Hindu] Article: https://www.thehindu.com/news/national/karnataka/bengaluru-realtor-receives-ransom-threat-call-from-man-claiming-be-vicky-shetty/article70988251.ece
2026-05-16 22:14:03,550 - INFO - [The Hindu] Attempt 1/1: Trying with 'selenium_browser' strategy...
2026-05-16 22:14:04,604 - INFO - [The Hindu] Page content loaded.
2026-05-16 22:14:04,695 - INFO - [The Hindu] Success with 'selenium_browser'. Found content (195 words).
2026-05-16 22:14:25,342 - INFO - >>> SUCCESSFULLY SAVED [ID: 59686] - Poll shows Lula and Bolsonaro tied before Brazil’s presidential election | Elections News | Al Jazeera from Al Jazeera (651 words)
2026-05-16 22:14:25,877 - INFO - [Al Jazeera] Article: https://www.aljazeera.com/video/newsfeed/2026/5/16/taiwan-says-it-is-an-independent-nation-after-trump-arms-sale-remarks?traffic_source=rss
2026-05-16 22:14:25,877 - INFO - [Al Jazeera] Attempt 1/2: Trying with 'requests_browser' strategy...
2026-05-16 22:14:25,910 - WARNING - [Al Jazeera] FAILED with 'requests_browser' (content was too short: 75 words).
2026-05-16 22:14:26,448 - INFO - [Al Jazeera] Article: https://www.aljazeera.com/video/newsfeed/2026/5/16/taiwan-says-it-is-an-independent-nation-after-trump-arms-sale-remarks?traffic_source=rss
2026-05-16 22:14:26,448 - INFO - [Al Jazeera] Attempt 2/2: Trying with 'selenium_browser' strategy...
2026-05-16 22:14:27,233 - INFO - [Al Jazeera] Page content loaded.
2026-05-16 22:14:27,363 - WARNING - [Al Jazeera] FAILED with 'selenium_browser' (content was too short: 75 words).
2026-05-16 22:14:27,364 - ERROR - [Al Jazeera] All scrape strategies failed for https://www.aljazeera.com/video/newsfeed/2026/5/16/taiwan-says-it-is-an-independent-nation-after-trump-arms-sale-remarks?traffic_source=rss. Falling back to RSS description.
2026-05-16 22:14:27,364 - WARNING - SKIPPED (GLOBAL WORD LIMIT): Article 'Taiwan says it is an independent nation after Trump arms sale remarks' from Al Jazeera has only 10 words (Min: 90).
2026-05-16 22:14:27,990 - INFO - [Al Jazeera] Article: https://www.aljazeera.com/video/newsfeed/2026/5/16/bolivian-army-attempts-to-clear-roads-after-11-days-of-protests?traffic_source=rss
2026-05-16 22:14:27,991 - INFO - [Al Jazeera] Attempt 1/2: Trying with 'requests_browser' strategy...
2026-05-16 22:14:28,022 - WARNING - [Al Jazeera] FAILED with 'requests_browser' (content was too short: 77 words).
2026-05-16 22:14:28,924 - INFO - [Al Jazeera] Article: https://www.aljazeera.com/video/newsfeed/2026/5/16/bolivian-army-attempts-to-clear-roads-after-11-days-of-protests?traffic_source=rss
2026-05-16 22:14:28,924 - INFO - [Al Jazeera] Attempt 2/2: Trying with 'selenium_browser' strategy...
2026-05-16 22:14:29,304 - INFO - [Al Jazeera] Page content loaded.
2026-05-16 22:14:29,349 - WARNING - [Al Jazeera] FAILED with 'selenium_browser' (content was too short: 77 words).
2026-05-16 22:14:29,349 - ERROR - [Al Jazeera] All scrape strategies failed for https://www.aljazeera.com/video/newsfeed/2026/5/16/bolivian-army-attempts-to-clear-roads-after-11-days-of-protests?traffic_source=rss. Falling back to RSS description.
2026-05-16 22:14:29,349 - WARNING - SKIPPED (GLOBAL WORD LIMIT): Article 'Bolivian army attempts to clear roads after 11 days of protests' from Al Jazeera has only 19 words (Min: 90).
2026-05-16 22:14:30,186 - INFO - [Al Jazeera] Early skip: URL https://www.aljazeera.com/news/2026/5/16/thousands-protest-at-eurovision-final-as-five-countries-boycott-over-israel?traffic_source=rss already exists.
2026-05-16 22:14:30,187 - INFO - [Al Jazeera] Early skip: URL https://www.aljazeera.com/video/inside-story/2026/5/16/can-new-pakistan-afghanistan-tensions-lead-to-another-border-clash?traffic_source=rss already exists.
2026-05-16 22:14:30,189 - INFO - [Al Jazeera] Early skip: URL https://www.aljazeera.com/news/2026/5/16/in-response-to-trump-taiwan-says-it-is-sovereign-and-independent?traffic_source=rss already exists.
2026-05-16 22:14:30,190 - INFO - [Al Jazeera] Article: https://www.aljazeera.com/video/newsfeed/2026/5/16/tens-of-thousands-join-far-right-rally-in-central-london?traffic_source=rss
2026-05-16 22:14:30,190 - INFO - [Al Jazeera] Attempt 1/2: Trying with 'requests_browser' strategy...
2026-05-16 22:14:30,220 - WARNING - [Al Jazeera] FAILED with 'requests_browser' (content was too short: 71 words).
2026-05-16 22:14:30,781 - INFO - [Al Jazeera] Article: https://www.aljazeera.com/video/newsfeed/2026/5/16/tens-of-thousands-join-far-right-rally-in-central-london?traffic_source=rss
2026-05-16 22:14:30,781 - INFO - [Al Jazeera] Attempt 2/2: Trying with 'selenium_browser' strategy...
2026-05-16 22:14:31,052 - INFO - [Al Jazeera] Page content loaded.
2026-05-16 22:14:31,100 - WARNING - [Al Jazeera] FAILED with 'selenium_browser' (content was too short: 71 words).
2026-05-16 22:14:31,101 - ERROR - [Al Jazeera] All scrape strategies failed for https://www.aljazeera.com/video/newsfeed/2026/5/16/tens-of-thousands-join-far-right-rally-in-central-london?traffic_source=rss. Falling back to RSS description.
2026-05-16 22:14:31,101 - WARNING - SKIPPED (GLOBAL WORD LIMIT): Article 'Tens of thousands join far-right rally in central London' from Al Jazeera has only 18 words (Min: 90).
2026-05-16 22:14:31,736 - INFO - [Al Jazeera] Early skip: URL https://www.aljazeera.com/news/2026/5/16/latvias-president-asks-opposition-leader-to-form-new-government?traffic_source=rss already exists.
2026-05-16 22:14:31,738 - INFO - [Al Jazeera] Article: https://www.aljazeera.com/video/newsfeed/2026/5/16/accident-kills-eight-people-in-thailand-raising-questions-of-rail-safety?traffic_source=rss
2026-05-16 22:14:31,738 - INFO - [Al Jazeera] Attempt 1/2: Trying with 'requests_browser' strategy...
2026-05-16 22:14:31,765 - WARNING - [Al Jazeera] FAILED with 'requests_browser' (content was too short: 77 words).
2026-05-16 22:14:32,611 - INFO - [Al Jazeera] Article: https://www.aljazeera.com/video/newsfeed/2026/5/16/accident-kills-eight-people-in-thailand-raising-questions-of-rail-safety?traffic_source=rss
2026-05-16 22:14:32,611 - INFO - [Al Jazeera] Attempt 2/2: Trying with 'selenium_browser' strategy...
2026-05-16 22:14:32,882 - INFO - [Al Jazeera] Page content loaded.
2026-05-16 22:14:32,927 - WARNING - [Al Jazeera] FAILED with 'selenium_browser' (content was too short: 77 words).
2026-05-16 22:14:32,927 - ERROR - [Al Jazeera] All scrape strategies failed for https://www.aljazeera.com/video/newsfeed/2026/5/16/accident-kills-eight-people-in-thailand-raising-questions-of-rail-safety?traffic_source=rss. Falling back to RSS description.
2026-05-16 22:14:32,927 - WARNING - SKIPPED (GLOBAL WORD LIMIT): Article 'Accident kills eight people in Thailand raising questions of rail safety' from Al Jazeera has only 15 words (Min: 90).
2026-05-16 22:14:34,222 - INFO - [Al Jazeera] Early skip: URL https://www.aljazeera.com/video/upfront/2026/5/16/francesca-albanese-on-israeli-sexual-violence-suffered-by-palestinians?traffic_source=rss already exists.
2026-05-16 22:14:34,224 - INFO - [Al Jazeera] Early skip: URL https://www.aljazeera.com/video/upfront/2026/5/16/spanish-foreign-minister-on-spains-clash-with-the-trump-administration?traffic_source=rss already exists.
2026-05-16 22:14:34,225 - INFO - [Al Jazeera] Early skip: URL https://www.aljazeera.com/news/2026/5/16/drc-health-minister-warns-very-high-ebola-lethality-rate-as-toll-hits-80?traffic_source=rss already exists.
2026-05-16 22:14:34,226 - INFO - [Al Jazeera] Article: https://www.aljazeera.com/video/newsfeed/2026/5/16/thousands-march-in-central-london-to-mark-78th-nakba-anniversary?traffic_source=rss
2026-05-16 22:14:34,226 - INFO - [Al Jazeera] Attempt 1/2: Trying with 'requests_browser' strategy...
2026-05-16 22:14:34,259 - WARNING - [Al Jazeera] FAILED with 'requests_browser' (content was too short: 55 words).
2026-05-16 22:14:34,763 - INFO - [Al Jazeera] Article: https://www.aljazeera.com/video/newsfeed/2026/5/16/thousands-march-in-central-london-to-mark-78th-nakba-anniversary?traffic_source=rss
2026-05-16 22:14:34,764 - INFO - [Al Jazeera] Attempt 2/2: Trying with 'selenium_browser' strategy...
2026-05-16 22:14:35,032 - INFO - [Al Jazeera] Page content loaded.
2026-05-16 22:14:35,073 - WARNING - [Al Jazeera] FAILED with 'selenium_browser' (content was too short: 55 words).
2026-05-16 22:14:35,074 - ERROR - [Al Jazeera] All scrape strategies failed for https://www.aljazeera.com/video/newsfeed/2026/5/16/thousands-march-in-central-london-to-mark-78th-nakba-anniversary?traffic_source=rss. Falling back to RSS description.
2026-05-16 22:14:35,074 - WARNING - SKIPPED (GLOBAL WORD LIMIT): Article 'Thousands march in central London to mark 78th Nakba anniversary' from Al Jazeera has only 17 words (Min: 90).
2026-05-16 22:14:36,266 - INFO - [Al Jazeera] Early skip: URL https://www.aljazeera.com/news/2026/5/16/palestinian-president-abbas-casts-vote-in-decisive-fatah-elections?traffic_source=rss already exists.
2026-05-16 22:14:36,267 - INFO - [Al Jazeera] Early skip: URL https://www.aljazeera.com/news/2026/5/16/uk-ex-health-minister-says-will-run-to-replace-prime-minister-keir-starmer?traffic_source=rss already exists.
2026-05-16 22:14:36,269 - INFO - [Al Jazeera] Article: https://www.aljazeera.com/video/newsfeed/2026/5/16/al-jazeeras-exclusive-report-from-the-strait-of-hormuz?traffic_source=rss
2026-05-16 22:14:36,269 - INFO - [Al Jazeera] Attempt 1/2: Trying with 'requests_browser' strategy...
2026-05-16 22:14:36,296 - WARNING - [Al Jazeera] FAILED with 'requests_browser' (content was too short: 59 words).
2026-05-16 22:14:37,080 - INFO - [Al Jazeera] Article: https://www.aljazeera.com/video/newsfeed/2026/5/16/al-jazeeras-exclusive-report-from-the-strait-of-hormuz?traffic_source=rss
2026-05-16 22:14:37,080 - INFO - [Al Jazeera] Attempt 2/2: Trying with 'selenium_browser' strategy...
2026-05-16 22:14:37,350 - INFO - [Al Jazeera] Page content loaded.
2026-05-16 22:14:37,386 - WARNING - [Al Jazeera] FAILED with 'selenium_browser' (content was too short: 59 words).
2026-05-16 22:14:37,387 - ERROR - [Al Jazeera] All scrape strategies failed for https://www.aljazeera.com/video/newsfeed/2026/5/16/al-jazeeras-exclusive-report-from-the-strait-of-hormuz?traffic_source=rss. Falling back to RSS description.
2026-05-16 22:14:37,387 - WARNING - SKIPPED (GLOBAL WORD LIMIT): Article 'Al Jazeera’s exclusive report from the Strait of Hormuz' from Al Jazeera has only 16 words (Min: 90).
2026-05-16 22:14:38,386 - INFO - [Al Jazeera] Early skip: URL https://www.aljazeera.com/news/2026/5/16/sudanese-army-captures-key-town-near-ethiopian-border-from-rsf?traffic_source=rss already exists.
2026-05-16 22:14:38,387 - INFO - [Al Jazeera] Early skip: URL https://www.aljazeera.com/sports/2026/5/16/man-city-beat-chelsea-in-fa-cup-final-to-keep-treble-dream-alive?traffic_source=rss already exists.
2026-05-16 22:14:38,388 - INFO - [Al Jazeera] Early skip: URL https://www.aljazeera.com/news/2026/5/16/hamas-confirms-killing-of-top-hamas-leader-in-israeli-attack?traffic_source=rss already exists.
2026-05-16 22:14:38,389 - INFO - [Al Jazeera] Early skip: URL https://www.aljazeera.com/news/2026/5/16/abu-bilal-al-minuki-isils-shadow-commander-in-west-africa?traffic_source=rss already exists.
2026-05-16 22:14:38,391 - INFO - [Al Jazeera] Early skip: URL https://www.aljazeera.com/news/2026/5/16/iran_warns_of_readiness_for_war_and_economic_costs_as_us_talks_falter?traffic_source=rss already exists.
2026-05-16 22:14:38,392 - INFO - [Al Jazeera] Early skip: URL https://www.aljazeera.com/news/2026/5/16/how-thomas-massie-came-to-represent-republican-dissent-in-age-of-trump?traffic_source=rss already exists.
2026-05-16 22:14:38,393 - INFO - [Al Jazeera] Early skip: URL https://www.aljazeera.com/news/2026/5/16/israeli-army-kills-palestinian-man-raids-homes-in-occupied-west-bank?traffic_source=rss already exists.
2026-05-16 22:14:38,394 - INFO - [Al Jazeera] Early skip: URL https://www.aljazeera.com/news/2026/5/16/tens-of-thousands-march-in-london-in-far-right-and-pro-palestine-protests?traffic_source=rss already exists.
2026-05-16 22:14:38,395 - INFO - [Al Jazeera] (Thread) Finished. Attempting to shut down its Selenium driver.
2026-05-16 22:14:38,464 - INFO - [Al Jazeera] (Thread) driver.quit() successful.
2026-05-16 22:14:47,162 - INFO - >>> SUCCESSFULLY SAVED [ID: 59687] - Bengaluru realtor receives ransom threat call from man claiming be Vicky Shetty - The Hindu from The Hindu (195 words)
2026-05-16 22:14:48,337 - INFO - [The Hindu] Early skip: URL https://www.thehindu.com/news/national/chola-era-anaimangalam-plates-in-possession-of-leiden-university-since-1862-returned-to-india/article70987678.ece already exists.
2026-05-16 22:14:48,338 - INFO - [The Hindu] Article: https://www.thehindu.com/news/national/tamil-nadu/over-176-lakh-students-register-for-tnea-2026/article70987778.ece
2026-05-16 22:14:48,338 - INFO - [The Hindu] Attempt 1/1: Trying with 'selenium_browser' strategy...
2026-05-16 22:14:49,006 - INFO - [The Hindu] Page content loaded.
2026-05-16 22:14:49,078 - INFO - [The Hindu] Success with 'selenium_browser'. Found content (158 words).
2026-05-16 22:15:14,272 - INFO - >>> SUCCESSFULLY SAVED [ID: 59688] - Over 1.76 lakh students register for TNEA 2026 - The Hindu from The Hindu (158 words)
2026-05-16 22:15:15,645 - INFO - [The Hindu] Article: https://www.thehindu.com/news/cities/bangalore/national-law-school-of-india-university-v-c-responds-following-students-protest-over-hostel-and-water-issues/article70987822.ece
2026-05-16 22:15:15,645 - INFO - [The Hindu] Attempt 1/1: Trying with 'selenium_browser' strategy...
2026-05-16 22:15:16,538 - INFO - [The Hindu] Page content loaded.
2026-05-16 22:15:17,184 - INFO - [The Hindu] Success with 'selenium_browser'. Found content (518 words).
2026-05-16 22:15:41,050 - INFO - >>> SUCCESSFULLY SAVED [ID: 59689] - National Law School of India University V-C responds following students’ protest over hostel and water issues - The Hindu from The Hindu (518 words)
2026-05-16 22:15:41,615 - INFO - [The Hindu] Article: https://www.thehindu.com/news/national/tamil-nadu/bus-driver-suspended-in-tirupattur-for-talking-over-phone-while-driving/article70987473.ece
2026-05-16 22:15:41,615 - INFO - [The Hindu] Attempt 1/1: Trying with 'selenium_browser' strategy...
2026-05-16 22:15:45,823 - INFO - [The Hindu] Page content loaded.
2026-05-16 22:15:46,410 - INFO - [The Hindu] Success with 'selenium_browser'. Found content (127 words).
2026-05-16 22:16:10,124 - INFO - >>> SUCCESSFULLY SAVED [ID: 59690] - Bus driver suspended in Tirupattur for talking over phone while driving - The Hindu from The Hindu (127 words)
2026-05-16 22:16:10,828 - INFO - [The Hindu] Article: https://www.thehindu.com/news/national/tamil-nadu/solar-powered-blinkers-installed-at-51-identified-hotspots-in-ranipet-to-prevent-accidents/article70987482.ece
2026-05-16 22:16:10,829 - INFO - [The Hindu] Attempt 1/1: Trying with 'selenium_browser' strategy...
2026-05-16 22:16:11,586 - INFO - [The Hindu] Page content loaded.
2026-05-16 22:16:12,297 - INFO - [The Hindu] Success with 'selenium_browser'. Found content (360 words).
2026-05-16 22:16:36,254 - INFO - >>> SUCCESSFULLY SAVED [ID: 59691] - Solar-powered blinkers installed at 51 identified hotspots in Ranipet to prevent accidents - The Hindu from The Hindu (360 words)
2026-05-16 22:16:37,570 - INFO - [The Hindu] Article: https://www.thehindu.com/sci-tech/energy-and-environment/satellite-tagged-amur-falcons-returning-from-africa-set-to-cross-india/article70987656.ece
2026-05-16 22:16:37,570 - INFO - [The Hindu] Attempt 1/1: Trying with 'selenium_browser' strategy...
2026-05-16 22:16:39,085 - INFO - [The Hindu] Page content loaded.
2026-05-16 22:16:39,287 - INFO - [The Hindu] Success with 'selenium_browser'. Found content (207 words).
2026-05-16 22:17:03,770 - INFO - >>> SUCCESSFULLY SAVED [ID: 59692] - Satellite-tagged Amur falcons returning from Africa, set to cross India - The Hindu from The Hindu (207 words)
2026-05-16 22:17:04,964 - INFO - [The Hindu] Article: https://www.thehindu.com/news/national/andhra-pradesh/vignan-university-gets-20-new-nss-units/article70987298.ece
2026-05-16 22:17:04,964 - INFO - [The Hindu] Attempt 1/1: Trying with 'selenium_browser' strategy...
2026-05-16 22:17:05,824 - INFO - [The Hindu] Page content loaded.
2026-05-16 22:17:05,880 - INFO - [The Hindu] Success with 'selenium_browser'. Found content (213 words).
2026-05-16 22:17:30,471 - INFO - >>> SUCCESSFULLY SAVED [ID: 59693] - Vignan University gets 20 new NSS units - The Hindu from The Hindu (213 words)
2026-05-16 22:17:31,311 - INFO - [The Hindu] Article: https://www.thehindu.com/news/cities/bangalore/nanna-e-khata-nanna-hakku-open-houses-draw-decent-crowd-on-first-outing/article70988170.ece
2026-05-16 22:17:31,311 - INFO - [The Hindu] Attempt 1/1: Trying with 'selenium_browser' strategy...
2026-05-16 22:17:32,154 - INFO - [The Hindu] Page content loaded.
2026-05-16 22:17:33,016 - INFO - [The Hindu] Success with 'selenium_browser'. Found content (533 words).
2026-05-16 22:17:57,279 - INFO - >>> SUCCESSFULLY SAVED [ID: 59694] - ‘Nanna e-Khata, Nanna Hakku’ open houses draw decent crowd on first outing - The Hindu from The Hindu (533 words)
2026-05-16 22:17:57,888 - INFO - [The Hindu] Article: https://www.thehindu.com/news/national/andhra-pradesh/village-wise-crop-planning-needed-for-sustainable-farming-pemmasani/article70987138.ece
2026-05-16 22:17:57,889 - INFO - [The Hindu] Attempt 1/1: Trying with 'selenium_browser' strategy...
2026-05-16 22:17:58,736 - INFO - [The Hindu] Page content loaded.
2026-05-16 22:17:58,797 - INFO - [The Hindu] Success with 'selenium_browser'. Found content (301 words).
2026-05-16 22:18:23,103 - INFO - >>> SUCCESSFULLY SAVED [ID: 59695] - Village-wise crop planning needed for sustainable farming: Pemmasani - The Hindu from The Hindu (301 words)
2026-05-16 22:18:23,777 - INFO - [The Hindu] Article: https://www.thehindu.com/news/national/kerala/vd-satheesan-the-nehruvian-revivalist/article70988221.ece
2026-05-16 22:18:23,777 - INFO - [The Hindu] Attempt 1/1: Trying with 'selenium_browser' strategy...
2026-05-16 22:18:24,452 - INFO - [The Hindu] Page content loaded.
2026-05-16 22:18:24,510 - INFO - [The Hindu] Success with 'selenium_browser'. Found content (125 words).
2026-05-16 22:18:49,335 - INFO - >>> SUCCESSFULLY SAVED [ID: 59696] - V.D. Satheesan | The ‘Nehruvian’ revivalist - The Hindu from The Hindu (125 words)
2026-05-16 22:18:50,216 - INFO - [The Hindu] Article: https://www.thehindu.com/elections/kerala-assembly/full-list-of-kerala-cabinet-ministers-by-may-17-says-satheesan/article70987797.ece
2026-05-16 22:18:50,216 - INFO - [The Hindu] Attempt 1/1: Trying with 'selenium_browser' strategy...
2026-05-16 22:18:50,886 - INFO - [The Hindu] Page content loaded.
2026-05-16 22:18:51,491 - INFO - [The Hindu] Success with 'selenium_browser'. Found content (426 words).
2026-05-16 22:19:13,382 - INFO - DEDUPLICATION: Found match (Score: 1.00). Linking to Cluster ID: 21a02a55-b368-4c51-ad97-55e8c8054026
2026-05-16 22:19:15,656 - INFO - >>> SUCCESSFULLY SAVED [ID: 59697] - Full list of Kerala Cabinet Ministers by May 17, says Satheesan - The Hindu from The Hindu (426 words)
2026-05-16 22:19:16,463 - INFO - [The Hindu] Article: https://www.thehindu.com/news/national/karnataka/cm-to-address-mega-ptm-on-june-1-to-welcome-students-to-schools/article70987816.ece
2026-05-16 22:19:16,463 - INFO - [The Hindu] Attempt 1/1: Trying with 'selenium_browser' strategy...
2026-05-16 22:19:17,357 - INFO - [The Hindu] Page content loaded.
2026-05-16 22:19:17,415 - INFO - [The Hindu] Success with 'selenium_browser'. Found content (289 words).
2026-05-16 22:19:42,286 - INFO - >>> SUCCESSFULLY SAVED [ID: 59698] - CM to address Mega-PTM on June 1 to welcome students to schools - The Hindu from The Hindu (289 words)
2026-05-16 22:19:43,615 - INFO - [The Hindu] Article: https://www.thehindu.com/education/neet-ug-test-in-turmoil/article70988235.ece
2026-05-16 22:19:43,615 - INFO - [The Hindu] Attempt 1/1: Trying with 'selenium_browser' strategy...
2026-05-16 22:19:44,225 - INFO - [The Hindu] Page content loaded.
2026-05-16 22:19:44,687 - INFO - [The Hindu] Success with 'selenium_browser'. Found content (98 words).
2026-05-16 22:20:08,927 - INFO - >>> SUCCESSFULLY SAVED [ID: 59699] - NEET-UG | Test in turmoil - The Hindu from The Hindu (98 words)
2026-05-16 22:20:10,340 - INFO - [The Hindu] Article: https://www.thehindu.com/news/national/gravity-of-a-crime-must-not-dictate-decision-on-premature-release-of-a-convict-supreme-court/article70988032.ece
2026-05-16 22:20:10,340 - INFO - [The Hindu] Attempt 1/1: Trying with 'selenium_browser' strategy...
2026-05-16 22:20:11,281 - INFO - [The Hindu] Page content loaded.
2026-05-16 22:20:11,764 - INFO - [The Hindu] Success with 'selenium_browser'. Found content (304 words).
2026-05-16 22:20:14,673 - CRITICAL - --- TIMEOUT: 1 scrape jobs did not complete in 300s. ---
2026-05-16 22:20:14,673 - ERROR - A thread has timed out and will be abandoned.
2026-05-16 22:20:14,673 - INFO - Shutting down thread pool (wait=False)...
2026-05-16 22:20:14,673 - INFO - Scraped: 2 Al Jazeera, 0 The Dawn, 0 TechCrunch, 0 The Guardian, 0 Economic Times, 0 BBC, 0 Times of India, 1 Timed_Out_Jobs articles. (Total saved: 2)
2026-05-16 22:20:14,673 - INFO - --- Scraping job finished ---
2026-05-16 22:20:14,673 - INFO - --- Scraper service stopped. ---
2026-05-16 22:20:14,673 - INFO - --- Main thread finished. Forcing process exit to kill zombie threads. ---
