2026-05-11 19:53:34,601 - INFO - Loading AI Semantic Model (all-MiniLM-L6-v2)...
2026-05-11 19:53:34,601 - INFO - No device provided, using cpu
2026-05-11 19:53:34,682 - INFO - HTTP Request: HEAD https://huggingface.co/sentence-transformers/all-MiniLM-L6-v2/resolve/main/modules.json "HTTP/1.1 307 Temporary Redirect"
2026-05-11 19:53:34,682 - WARNING - Warning: You are sending unauthenticated requests to the HF Hub. Please set a HF_TOKEN to enable higher rate limits and faster downloads.
2026-05-11 19:53:34,688 - INFO - HTTP Request: HEAD https://huggingface.co/api/resolve-cache/models/sentence-transformers/all-MiniLM-L6-v2/c9745ed1d9f207416be6d2e6f8de32d1f16199bf/modules.json "HTTP/1.1 200 OK"
2026-05-11 19:53:34,703 - INFO - HTTP Request: HEAD https://huggingface.co/sentence-transformers/all-MiniLM-L6-v2/resolve/main/config_sentence_transformers.json "HTTP/1.1 307 Temporary Redirect"
2026-05-11 19:53:34,710 - INFO - HTTP Request: HEAD https://huggingface.co/api/resolve-cache/models/sentence-transformers/all-MiniLM-L6-v2/c9745ed1d9f207416be6d2e6f8de32d1f16199bf/config_sentence_transformers.json "HTTP/1.1 200 OK"
2026-05-11 19:53:34,710 - INFO - Loading SentenceTransformer model from sentence-transformers/all-MiniLM-L6-v2.
2026-05-11 19:53:34,755 - INFO - HTTP Request: HEAD https://huggingface.co/sentence-transformers/all-MiniLM-L6-v2/resolve/main/config_sentence_transformers.json "HTTP/1.1 307 Temporary Redirect"
2026-05-11 19:53:34,760 - INFO - HTTP Request: HEAD https://huggingface.co/api/resolve-cache/models/sentence-transformers/all-MiniLM-L6-v2/c9745ed1d9f207416be6d2e6f8de32d1f16199bf/config_sentence_transformers.json "HTTP/1.1 200 OK"
2026-05-11 19:53:34,774 - INFO - HTTP Request: HEAD https://huggingface.co/sentence-transformers/all-MiniLM-L6-v2/resolve/main/README.md "HTTP/1.1 307 Temporary Redirect"
2026-05-11 19:53:34,780 - INFO - HTTP Request: HEAD https://huggingface.co/api/resolve-cache/models/sentence-transformers/all-MiniLM-L6-v2/c9745ed1d9f207416be6d2e6f8de32d1f16199bf/README.md "HTTP/1.1 200 OK"
2026-05-11 19:53:34,798 - INFO - HTTP Request: HEAD https://huggingface.co/sentence-transformers/all-MiniLM-L6-v2/resolve/main/modules.json "HTTP/1.1 307 Temporary Redirect"
2026-05-11 19:53:34,804 - INFO - HTTP Request: HEAD https://huggingface.co/api/resolve-cache/models/sentence-transformers/all-MiniLM-L6-v2/c9745ed1d9f207416be6d2e6f8de32d1f16199bf/modules.json "HTTP/1.1 200 OK"
2026-05-11 19:53:34,818 - INFO - HTTP Request: HEAD https://huggingface.co/sentence-transformers/all-MiniLM-L6-v2/resolve/main/sentence_bert_config.json "HTTP/1.1 307 Temporary Redirect"
2026-05-11 19:53:34,824 - INFO - HTTP Request: HEAD https://huggingface.co/api/resolve-cache/models/sentence-transformers/all-MiniLM-L6-v2/c9745ed1d9f207416be6d2e6f8de32d1f16199bf/sentence_bert_config.json "HTTP/1.1 200 OK"
2026-05-11 19:53:34,842 - INFO - HTTP Request: HEAD https://huggingface.co/sentence-transformers/all-MiniLM-L6-v2/resolve/main/adapter_config.json "HTTP/1.1 404 Not Found"
2026-05-11 19:53:34,857 - INFO - HTTP Request: HEAD https://huggingface.co/sentence-transformers/all-MiniLM-L6-v2/resolve/main/config.json "HTTP/1.1 307 Temporary Redirect"
2026-05-11 19:53:34,863 - INFO - HTTP Request: HEAD https://huggingface.co/api/resolve-cache/models/sentence-transformers/all-MiniLM-L6-v2/c9745ed1d9f207416be6d2e6f8de32d1f16199bf/config.json "HTTP/1.1 200 OK"
2026-05-11 19:53:35,189 - INFO - HTTP Request: HEAD https://huggingface.co/sentence-transformers/all-MiniLM-L6-v2/resolve/main/processor_config.json "HTTP/1.1 404 Not Found"
2026-05-11 19:53:35,205 - INFO - HTTP Request: HEAD https://huggingface.co/sentence-transformers/all-MiniLM-L6-v2/resolve/main/preprocessor_config.json "HTTP/1.1 404 Not Found"
2026-05-11 19:53:35,230 - INFO - HTTP Request: HEAD https://huggingface.co/sentence-transformers/all-MiniLM-L6-v2/resolve/main/video_preprocessor_config.json "HTTP/1.1 404 Not Found"
2026-05-11 19:53:35,249 - INFO - HTTP Request: HEAD https://huggingface.co/sentence-transformers/all-MiniLM-L6-v2/resolve/main/preprocessor_config.json "HTTP/1.1 404 Not Found"
2026-05-11 19:53:35,271 - INFO - HTTP Request: HEAD https://huggingface.co/sentence-transformers/all-MiniLM-L6-v2/resolve/main/tokenizer_config.json "HTTP/1.1 307 Temporary Redirect"
2026-05-11 19:53:35,278 - INFO - HTTP Request: HEAD https://huggingface.co/api/resolve-cache/models/sentence-transformers/all-MiniLM-L6-v2/c9745ed1d9f207416be6d2e6f8de32d1f16199bf/tokenizer_config.json "HTTP/1.1 200 OK"
2026-05-11 19:53:35,294 - INFO - HTTP Request: HEAD https://huggingface.co/sentence-transformers/all-MiniLM-L6-v2/resolve/main/config.json "HTTP/1.1 307 Temporary Redirect"
2026-05-11 19:53:35,299 - INFO - HTTP Request: HEAD https://huggingface.co/api/resolve-cache/models/sentence-transformers/all-MiniLM-L6-v2/c9745ed1d9f207416be6d2e6f8de32d1f16199bf/config.json "HTTP/1.1 200 OK"
2026-05-11 19:53:35,317 - INFO - HTTP Request: HEAD https://huggingface.co/sentence-transformers/all-MiniLM-L6-v2/resolve/main/config.json "HTTP/1.1 307 Temporary Redirect"
2026-05-11 19:53:35,324 - INFO - HTTP Request: HEAD https://huggingface.co/api/resolve-cache/models/sentence-transformers/all-MiniLM-L6-v2/c9745ed1d9f207416be6d2e6f8de32d1f16199bf/config.json "HTTP/1.1 200 OK"
2026-05-11 19:53:35,342 - INFO - HTTP Request: HEAD https://huggingface.co/sentence-transformers/all-MiniLM-L6-v2/resolve/main/tokenizer_config.json "HTTP/1.1 307 Temporary Redirect"
2026-05-11 19:53:35,349 - INFO - HTTP Request: HEAD https://huggingface.co/api/resolve-cache/models/sentence-transformers/all-MiniLM-L6-v2/c9745ed1d9f207416be6d2e6f8de32d1f16199bf/tokenizer_config.json "HTTP/1.1 200 OK"
2026-05-11 19:53:35,368 - INFO - HTTP Request: GET https://huggingface.co/api/models/sentence-transformers/all-MiniLM-L6-v2/tree/main/additional_chat_templates?recursive=false&expand=false "HTTP/1.1 404 Not Found"
2026-05-11 19:53:35,386 - INFO - HTTP Request: GET https://huggingface.co/api/models/sentence-transformers/all-MiniLM-L6-v2/tree/main?recursive=true&expand=false "HTTP/1.1 200 OK"
2026-05-11 19:53:35,439 - INFO - HTTP Request: HEAD https://huggingface.co/sentence-transformers/all-MiniLM-L6-v2/resolve/main/1_Pooling/config.json "HTTP/1.1 307 Temporary Redirect"
2026-05-11 19:53:35,445 - INFO - HTTP Request: HEAD https://huggingface.co/api/resolve-cache/models/sentence-transformers/all-MiniLM-L6-v2/c9745ed1d9f207416be6d2e6f8de32d1f16199bf/1_Pooling%2Fconfig.json "HTTP/1.1 200 OK"
2026-05-11 19:53:35,465 - INFO - HTTP Request: GET https://huggingface.co/api/models/sentence-transformers/all-MiniLM-L6-v2 "HTTP/1.1 200 OK"
2026-05-11 19:53:35,468 - INFO - AI Model loaded successfully.
2026-05-11 19:53:35,468 - INFO - --- Scraper service started (CI Mode: Run Once) ---
2026-05-11 19:53:35,468 - INFO - --- Starting new scraping job (Parallel Mode) ---
2026-05-11 19:53:35,468 - INFO - Connecting to Google Sheets...
2026-05-11 19:53:36,769 - INFO - Connected to Sheet: News Scrapper AI / Sheet1
2026-05-11 19:53:36,769 - INFO - Fetching existing data to build cache...
2026-05-11 19:53:53,707 - INFO - Loaded 58286 rows from sheet.
2026-05-11 19:53:54,777 - INFO - Cache built: 58286 URLs. Current MAX_ID: 58388
2026-05-11 19:53:54,783 - INFO - Creating new robust session with 3 retries on 5xx/connection/read errors.
2026-05-11 19:53:54,784 - INFO - Proxy is DISABLED.
2026-05-11 19:53:54,784 - INFO - Starting scrape for BBC RSS feed: http://feeds.bbci.co.uk/news/world/rss.xml
2026-05-11 19:53:54,784 - INFO - [Times of India] (Thread) requires Selenium. Initializing driver...
2026-05-11 19:53:54,785 - INFO - Starting scrape for The Guardian RSS feed: https://www.theguardian.com/world/rss
2026-05-11 19:53:54,786 - INFO - [The Hindu] (Thread) requires Selenium. Initializing driver...
2026-05-11 19:53:54,787 - INFO - [The Dawn] (Thread) requires Selenium. Initializing driver...
2026-05-11 19:53:54,788 - INFO - [Al Jazeera] (Thread) requires Selenium. Initializing driver...
2026-05-11 19:53:54,788 - INFO - Starting scrape for TechCrunch RSS feed: https://techcrunch.com/feed/
2026-05-11 19:53:54,789 - INFO - [Economic Times] (Thread) requires Selenium. Initializing driver...
2026-05-11 19:53:54,789 - INFO - Submitted 8 jobs to thread pool. Waiting up to 420s for completion...
2026-05-11 19:53:54,917 - INFO - Found 0 articles in TechCrunch RSS feed. Processing until 30 new articles are saved.
2026-05-11 19:53:55,024 - INFO - Found 40 articles in BBC RSS feed. Processing until 30 new articles are saved.
2026-05-11 19:53:55,025 - INFO - [BBC] Early skip: URL https://www.bbc.com/news/articles/cjep78l5835o?at_medium=RSS&at_campaign=rss already exists.
2026-05-11 19:53:55,028 - INFO - [BBC] Article: https://www.bbc.com/news/articles/cwy2e9e1g0wo?at_medium=RSS&at_campaign=rss
2026-05-11 19:53:55,028 - INFO - [BBC] Attempt 1/1: Trying with 'requests_browser' strategy...
2026-05-11 19:53:55,067 - INFO - Found 45 articles in The Guardian RSS feed. Processing until 30 new articles are saved.
2026-05-11 19:53:55,067 - INFO - [The Guardian] Early skip: URL https://www.theguardian.com/environment/2026/may/11/weather-tracker-us-mexico-heatwave-floods-south-africa already exists.
2026-05-11 19:53:55,071 - INFO - [The Guardian] Early skip: URL https://www.theguardian.com/us-news/2026/may/10/missing-soldier-body-recovered-morocco already exists.
2026-05-11 19:53:55,072 - INFO - [The Guardian] Early skip: URL https://www.theguardian.com/world/2026/may/09/africa-influencers-news-consumption-social-media already exists.
2026-05-11 19:53:55,073 - INFO - [The Guardian] Early skip: URL https://www.theguardian.com/global-development/2026/may/09/guardian-reporter-and-colleagues-detained-and-beaten-by-somali-police already exists.
2026-05-11 19:53:55,074 - INFO - [The Guardian] Early skip: URL https://www.theguardian.com/world/2026/may/07/two-britons-evacuated-hantavirus-hit-ship-improving-hospital already exists.
2026-05-11 19:53:55,076 - INFO - [The Guardian] Article: https://www.theguardian.com/world/2026/may/11/drug-gang-attacks-force-hundreds-of-indigenous-families-to-flee-in-mexico
2026-05-11 19:53:55,076 - INFO - [The Guardian] Attempt 1/1: Trying with 'requests_browser' strategy...
2026-05-11 19:53:55,250 - INFO - [The Guardian] Success with 'requests_browser'. Found content (533 words).
2026-05-11 19:53:55,397 - INFO - [BBC] Success with 'requests_browser'. Found content (590 words).
2026-05-11 19:53:56,096 - INFO - Selenium driver initialized successfully (Eager load strategy, 7s timeout).
2026-05-11 19:53:56,096 - INFO - Starting scrape for Al Jazeera RSS feed: https://www.aljazeera.com/xml/rss/all.xml
2026-05-11 19:53:56,133 - INFO - Selenium driver initialized successfully (Eager load strategy, 7s timeout).
2026-05-11 19:53:56,133 - INFO - Starting scrape for Economic Times RSS feed: https://economictimes.indiatimes.com/rssfeedsdefault.cms
2026-05-11 19:53:56,229 - INFO - Selenium driver initialized successfully (Eager load strategy, 7s timeout).
2026-05-11 19:53:56,229 - INFO - Starting scrape for The Hindu RSS feed: https://www.thehindu.com/news/national/feeder/default.rss
2026-05-11 19:53:56,238 - INFO - Selenium driver initialized successfully (Eager load strategy, 7s timeout).
2026-05-11 19:53:56,238 - INFO - Starting scrape for Times of India RSS feed: https://timesofindia.indiatimes.com/rssfeeds/296589292.cms
2026-05-11 19:53:56,245 - INFO - Selenium driver initialized successfully (Eager load strategy, 7s timeout).
2026-05-11 19:53:56,245 - INFO - Starting scrape for The Dawn RSS feed: https://www.dawn.com/feeds/home
2026-05-11 19:53:56,332 - INFO - Found 25 articles in Al Jazeera RSS feed. Processing until 30 new articles are saved.
2026-05-11 19:53:56,332 - INFO - [Al Jazeera] Article: https://www.aljazeera.com/video/inside-story/2026/5/11/could-the-latest-violence-in-dr-congo-undermine-truce-efforts?traffic_source=rss
2026-05-11 19:53:56,332 - INFO - [Al Jazeera] Attempt 1/2: Trying with 'requests_browser' strategy...
2026-05-11 19:53:56,344 - INFO - Found 20 articles in Times of India RSS feed. Processing until 30 new articles are saved.
2026-05-11 19:53:56,345 - INFO - [Times of India] Article: https://timesofindia.indiatimes.com/world/us/donald-trump-seriously-considering-making-venezuela-the-51st-state-of-us/articleshow/131019727.cms
2026-05-11 19:53:56,345 - INFO - [Times of India] Attempt 1/1: Trying with 'selenium_browser' strategy...
2026-05-11 19:53:56,410 - INFO - [Al Jazeera] Success with 'requests_browser'. Found content (253 words).
2026-05-11 19:53:56,482 - INFO - Found 60 articles in The Hindu RSS feed. Processing until 30 new articles are saved.
2026-05-11 19:53:56,482 - INFO - [The Hindu] Article: https://www.thehindu.com/news/national/telangana/telangana-bie-re-releases-admission-schedule-classes-for-inter-first-year-to-begin-from-june-1/article70966898.ece
2026-05-11 19:53:56,482 - INFO - [The Hindu] Attempt 1/1: Trying with 'selenium_browser' strategy...
2026-05-11 19:53:56,513 - INFO - Found 28 articles in The Dawn RSS feed. Processing until 30 new articles are saved.
2026-05-11 19:53:56,513 - INFO - [The Dawn] Early skip: URL https://www.dawn.com/news/1999437/pm-extends-austerity-drive-till-june-13-to-deal-with-impact-of-middle-east-war already exists.
2026-05-11 19:53:56,518 - INFO - [The Dawn] Article: https://www.dawn.com/news/1999466/shepherd-sacrifices-life-averting-suicide-attack-attock
2026-05-11 19:53:56,518 - INFO - [The Dawn] Attempt 1/2: Trying with 'requests_browser' strategy...
2026-05-11 19:53:56,550 - INFO - Found 76 articles in Economic Times RSS feed. Processing until 30 new articles are saved.
2026-05-11 19:53:56,550 - INFO - [Economic Times] Early skip: URL https://economictimes.indiatimes.com/markets/us-stocks/news/groww-stake-sale-sequoia-capita-ribbit-and-yc-holdings-to-sell-equity-worth-rs-4750-crore-floor-price-at-rs-177/share/articleshow/131018175.cms already exists.
2026-05-11 19:53:56,555 - INFO - [Economic Times] Early skip: URL https://economictimes.indiatimes.com/markets/stocks/news/early-lenskart-investor-alpha-wave-trims-stake-by-2-5-in-open-market/articleshow/131018489.cms already exists.
2026-05-11 19:53:56,556 - INFO - [Economic Times] Early skip: URL https://economictimes.indiatimes.com/markets/stocks/news/q1-fuel-losses-may-eliminate-entire-fiscal-year-earnings/articleshow/131018267.cms already exists.
2026-05-11 19:53:56,557 - INFO - [Economic Times] Early skip: URL https://economictimes.indiatimes.com/markets/stocks/news/bofa-settles-allegation-of-insider-trading-rule-violation-with-sebi/articleshow/131016406.cms already exists.
2026-05-11 19:53:56,560 - INFO - [Economic Times] Early skip: URL https://economictimes.indiatimes.com/markets/stocks/news/sbi-sheds-over-11-billion-in-market-value-in-2-sessions-on-margin-squeeze-disappointing-earnings/articleshow/131013510.cms already exists.
2026-05-11 19:53:56,564 - INFO - [Economic Times] Early skip: URL https://economictimes.indiatimes.com/markets/options/bse-launches-fo-trading-on-it-index-debut-day-turnover-at-rs-148-crore/articleshow/131015771.cms already exists.
2026-05-11 19:53:56,565 - INFO - [Economic Times] Early skip: URL https://economictimes.indiatimes.com/news/economy/policy/rbi-draft-for-upper-layer-non-banks-affects-cics-disproportionately-raises-compliances-costs/articleshow/130394099.cms already exists.
2026-05-11 19:53:56,566 - INFO - [Economic Times] Early skip: URL https://economictimes.indiatimes.com/news/economy/foreign-trade/exporters-seek-removal-of-cap-on-interest-subvention/articleshow/130341339.cms already exists.
2026-05-11 19:53:56,568 - INFO - [Economic Times] Early skip: URL https://economictimes.indiatimes.com/news/economy/indicators/macro-buffers-to-help-india-tide-over-gulf-crisis-world-bank/articleshow/130152815.cms already exists.
2026-05-11 19:53:56,570 - INFO - [Economic Times] Early skip: URL https://economictimes.indiatimes.com/news/economy/policy/rbi-holds-repo-rate-flags-supply-chain-risks-to-inflation-growth/articleshow/130123373.cms already exists.
2026-05-11 19:53:56,576 - INFO - [Economic Times] Early skip: URL https://economictimes.indiatimes.com/news/economy/policy/rbi-may-keep-rates-unchanged-focus-on-rupee-stability-and-bond-yields/articleshow/130045979.cms already exists.
2026-05-11 19:53:56,581 - INFO - [Economic Times] Early skip: URL https://economictimes.indiatimes.com/news/economy/foreign-trade/japan-to-create-special-cell-to-push-fdi-into-india/articleshow/129933023.cms already exists.
2026-05-11 19:53:56,582 - INFO - [Economic Times] Early skip: URL https://economictimes.indiatimes.com/tech/technology/apple-faces-indian-engineers-bias-lawsuit/articleshow/81694292.cms already exists.
2026-05-11 19:53:56,586 - INFO - [Economic Times] Early skip: URL https://economictimes.indiatimes.com/news/defence/despite-transatlantic-love-fest-eu-charts-third-way-in-ties-with-us-and-china/articleshow/81467467.cms already exists.
2026-05-11 19:53:56,587 - INFO - [Economic Times] Early skip: URL https://economictimes.indiatimes.com/tech/tech-bytes/twitters-india-policy-head-to-step-down-will-transition-in-march/articleshow/80732868.cms already exists.
2026-05-11 19:53:56,589 - INFO - [Economic Times] Early skip: URL https://economictimes.indiatimes.com/tech/tech-and-gadgets/govt-may-keep-rs-7500-cr-outlay-for-it-hardware-manufacturing-under-pli-scheme/articleshow/80333429.cms already exists.
2026-05-11 19:53:56,590 - INFO - [The Dawn] Success with 'requests_browser'. Found content (242 words).
2026-05-11 19:53:56,590 - INFO - [Economic Times] Early skip: URL https://economictimes.indiatimes.com/tech/technology/indian-dating-apps-services-see-surge-of-paying-users-in-small-cities/articleshow/80063342.cms already exists.
2026-05-11 19:53:56,602 - INFO - [Economic Times] Early skip: URL https://economictimes.indiatimes.com/tech/technology/time-for-govt-cos-to-adopt-ai-deloitte-india/articleshow/79981215.cms already exists.
2026-05-11 19:53:56,609 - INFO - [Economic Times] Article: https://economictimes.indiatimes.com/news/international/world-news/chinas-marriages-drop-to-decade-low-deepening-demographic-concerns/articleshow/131010156.cms
2026-05-11 19:53:56,609 - INFO - [Economic Times] Attempt 1/2: Trying with 'requests_browser' strategy...
2026-05-11 19:53:56,997 - ERROR - parsed tree length: 1, wrong data type or not valid HTML
2026-05-11 19:53:56,998 - ERROR - empty HTML tree: None
2026-05-11 19:53:56,998 - WARNING - discarding data: None
2026-05-11 19:53:56,998 - WARNING - [Economic Times] FAILED with 'requests_browser' (content was too short: 0 words).
2026-05-11 19:53:57,151 - INFO - [Times of India] Page content loaded.
2026-05-11 19:53:57,358 - INFO - [The Hindu] Page content loaded.
2026-05-11 19:53:57,534 - INFO - [Economic Times] Article: https://economictimes.indiatimes.com/news/international/world-news/chinas-marriages-drop-to-decade-low-deepening-demographic-concerns/articleshow/131010156.cms
2026-05-11 19:53:57,534 - INFO - [Economic Times] Attempt 2/2: Trying with 'selenium_browser' strategy...
2026-05-11 19:53:57,561 - INFO - [Times of India] Success with 'selenium_browser'. Found content (410 words).
2026-05-11 19:53:57,742 - INFO - [The Hindu] Success with 'selenium_browser'. Found content (278 words).
2026-05-11 19:54:00,047 - INFO - [Economic Times] Page content loaded.
2026-05-11 19:54:00,631 - INFO - [Economic Times] Success with 'selenium_browser'. Found content (124 words).
2026-05-11 19:54:44,035 - INFO - >>> SUCCESSFULLY SAVED [ID: 58389] - Drug gang attacks ‘force hundreds of Indigenous families to flee’ in Mexico | Mexico | The Guardian from The Guardian (533 words)
2026-05-11 19:54:45,432 - INFO - [The Guardian] Early skip: URL https://www.theguardian.com/us-news/2026/may/11/six-people-found-dead-train-car-texas-mexico-border already exists.
2026-05-11 19:54:45,433 - INFO - [The Guardian] Early skip: URL https://www.theguardian.com/us-news/2026/may/11/chicago-teen-kevin-gonzalez-ice-cancer already exists.
2026-05-11 19:54:45,435 - INFO - [The Guardian] Early skip: URL https://www.theguardian.com/environment/2026/may/11/pfas-seabird-eggs-forever-chemicals already exists.
2026-05-11 19:54:45,436 - INFO - [The Guardian] Early skip: URL https://www.theguardian.com/world/2026/may/11/alberta-voter-data-breach-separatists-referendum already exists.
2026-05-11 19:54:45,438 - INFO - [The Guardian] Early skip: URL https://www.theguardian.com/world/2026/may/11/philippine-vice-president-sara-duterte-impeached-ferdinand-marcos-jr-wife already exists.
2026-05-11 19:54:45,440 - INFO - [The Guardian] Early skip: URL https://www.theguardian.com/news/ng-interactive/2026/may/10/tehran-taiwan-trade-donald-trump-xi-jinping-us-china-summit already exists.
2026-05-11 19:54:45,441 - INFO - [The Guardian] Early skip: URL https://www.theguardian.com/world/2026/may/09/indonesia-volcano-mount-dukono-search-bodies-recovered already exists.
2026-05-11 19:54:45,443 - INFO - [The Guardian] Early skip: URL https://www.theguardian.com/business/2026/may/08/iran-war-costs-toyota-3bn-prices-materials-soar-sales-fall already exists.
2026-05-11 19:54:45,445 - INFO - [The Guardian] Early skip: URL https://www.theguardian.com/world/2026/may/08/hikers-dead-missing-eruption-indonesia-mount-dukono-volcano already exists.
2026-05-11 19:54:45,447 - INFO - [The Guardian] Early skip: URL https://www.theguardian.com/environment/2026/may/11/supermarket-foods-claiming-to-be-natural-or-sustainable-mostly-just-using-marketing-terms-researchers-find already exists.
2026-05-11 19:54:45,450 - INFO - [The Guardian] Early skip: URL https://www.theguardian.com/australia-news/2026/may/11/victorian-politics-still-exposed-to-dark-money-and-foreign-donations-as-mps-struggle-to-agree-on-urgent-reforms already exists.
2026-05-11 19:54:45,452 - INFO - [The Guardian] Early skip: URL https://www.theguardian.com/australia-news/2026/may/11/changing-tax-rules-for-investors-wont-shrink-housing-supply-or-raise-rents-just-look-at-victoria already exists.
2026-05-11 19:54:45,455 - INFO - [The Guardian] Early skip: URL https://www.theguardian.com/australia-news/2026/may/11/muslim-votes-matter-advocacy-group-political-party-under-same-name-ntwnfb already exists.
2026-05-11 19:54:45,457 - INFO - [The Guardian] Article: https://www.theguardian.com/australia-news/2026/may/11/jewish-musicians-faced-abuse-over-zionist-beliefs-royal-commisssion-told-ntwnfb
2026-05-11 19:54:45,457 - INFO - [The Guardian] Attempt 1/1: Trying with 'requests_browser' strategy...
2026-05-11 19:54:45,570 - INFO - [The Guardian] Success with 'requests_browser'. Found content (618 words).
2026-05-11 19:55:09,325 - INFO - DEDUPLICATION: Found match (Score: 0.85). Linking to Cluster ID: c42e7d85-b1de-40a3-b8b1-36ccf7fcfc4f
2026-05-11 19:55:11,601 - INFO - >>> SUCCESSFULLY SAVED [ID: 58390] - US cruise ship passengers being monitored for hantavirus in Nebraska from BBC (590 words)
2026-05-11 19:55:12,720 - INFO - [BBC] Article: https://www.bbc.com/news/articles/cvgznxn18zgo?at_medium=RSS&at_campaign=rss
2026-05-11 19:55:12,720 - INFO - [BBC] Attempt 1/1: Trying with 'requests_browser' strategy...
2026-05-11 19:55:12,799 - INFO - [BBC] Success with 'requests_browser'. Found content (606 words).
2026-05-11 19:55:31,653 - INFO - >>> SUCCESSFULLY SAVED [ID: 58391] - Could the latest violence in DR Congo undermine truce efforts? | Armed Groups | Al Jazeera from Al Jazeera (253 words)
2026-05-11 19:55:32,728 - INFO - [Al Jazeera] Article: https://www.aljazeera.com/news/2026/5/11/south-africa-plans-presidential-impeachment-probe-over-farmgate-scandal?traffic_source=rss
2026-05-11 19:55:32,728 - INFO - [Al Jazeera] Attempt 1/2: Trying with 'requests_browser' strategy...
2026-05-11 19:55:32,766 - INFO - [Al Jazeera] Success with 'requests_browser'. Found content (440 words).
2026-05-11 19:55:51,158 - INFO - >>> SUCCESSFULLY SAVED [ID: 58392] - Shepherd sacrifices life, averting suicide attack in Attock - Pakistan - DAWN.COM from The Dawn (242 words)
2026-05-11 19:55:52,391 - INFO - [The Dawn] Article: https://www.dawn.com/news/1999461/trump-rejects-irans-counteroffer-to-end-war-insists-on-complete-victory
2026-05-11 19:55:52,391 - INFO - [The Dawn] Attempt 1/2: Trying with 'requests_browser' strategy...
2026-05-11 19:55:52,502 - INFO - [The Dawn] Success with 'requests_browser'. Found content (768 words).
2026-05-11 19:56:08,889 - INFO - >>> SUCCESSFULLY SAVED [ID: 58393] - Donald Trump 'seriously considering' making Venezuela the 51st state of US - The Times of India from Times of India (410 words)
2026-05-11 19:56:09,564 - INFO - [Times of India] Article: https://timesofindia.indiatimes.com/world/us/only-favors-indian-origin-candidates-chinese-american-professor-sues-university-in-texas-accuses-hemang-desai-of-bias/articleshow/131023239.cms
2026-05-11 19:56:09,564 - INFO - [Times of India] Attempt 1/1: Trying with 'selenium_browser' strategy...
2026-05-11 19:56:11,570 - INFO - [Times of India] Page content loaded.
2026-05-11 19:56:12,019 - INFO - [Times of India] Success with 'selenium_browser'. Found content (394 words).
2026-05-11 19:56:28,798 - INFO - >>> SUCCESSFULLY SAVED [ID: 58394] - Telangana BIE re-releases admission schedule; classes for Inter first year to begin from June 1 - The Hindu from The Hindu (278 words)
2026-05-11 19:56:30,059 - INFO - [The Hindu] Article: https://www.thehindu.com/news/national/telangana/education-budget-will-grow-every-year-says-telangana-cm-revanth-reddy/article70966847.ece
2026-05-11 19:56:30,059 - INFO - [The Hindu] Attempt 1/1: Trying with 'selenium_browser' strategy...
2026-05-11 19:56:31,952 - INFO - [The Hindu] Page content loaded.
2026-05-11 19:56:32,033 - INFO - [The Hindu] Success with 'selenium_browser'. Found content (476 words).
2026-05-11 19:56:47,558 - INFO - >>> SUCCESSFULLY SAVED [ID: 58395] - China's marriages drop to decade low, deepening demographic concerns - The Economic Times from Economic Times (124 words)
2026-05-11 19:56:48,163 - INFO - [Economic Times] Early skip: URL https://economictimes.indiatimes.com/news/international/world-news/us-iran-no-closer-to-ending-war-as-qatari-tanker-sails-toward-strait-of-hormuz/articleshow/130998526.cms already exists.
2026-05-11 19:56:48,164 - INFO - [Economic Times] Early skip: URL https://economictimes.indiatimes.com/news/international/global-trends/u-s-employers-added-a-surprising-115000-jobs-last-month-despite-the-economic-shock-from-iran-war/articleshow/130960476.cms already exists.
2026-05-11 19:56:48,165 - INFO - [Economic Times] Early skip: URL https://economictimes.indiatimes.com/news/international/business/imf-warns-of-inevitable-ai-powered-threats-to-world/articleshow/130920591.cms already exists.
2026-05-11 19:56:48,166 - INFO - [Economic Times] Early skip: URL https://economictimes.indiatimes.com/news/international/business/diageo-springs-a-surprise-sales-climb-on-africa-latin-america/articleshow/130866925.cms already exists.
2026-05-11 19:56:48,168 - INFO - [Economic Times] Early skip: URL https://economictimes.indiatimes.com/news/international/world-news/hezbollah-pays-steep-price-in-battle-to-reverse-its-fortunes/articleshow/130731149.cms already exists.
2026-05-11 19:56:48,169 - INFO - [Economic Times] Early skip: URL https://economictimes.indiatimes.com/news/elections/assembly-elections/assam/done-deal-cm-himanta-biswa-sarma-on-nda-seat-sharing-for-assam-polls/articleshow/128678098.cms already exists.
2026-05-11 19:56:48,170 - INFO - [Economic Times] Early skip: URL https://economictimes.indiatimes.com/news/elections/assembly-elections/bihar/rare-intensive-revision-in-bihar-four-months-before-polls/articleshow/122167501.cms already exists.
2026-05-11 19:56:48,171 - INFO - [Economic Times] Early skip: URL https://economictimes.indiatimes.com/news/elections/assembly-elections/delhi/bjp-accuses-kejriwal-of-sending-voters-hoax-calls-to-mislead/articleshow/117579007.cms already exists.
2026-05-11 19:56:48,172 - INFO - [Economic Times] Early skip: URL https://economictimes.indiatimes.com/news/elections/lok-sabha/india/lok-sabha-election-2024-maharashtra-get-interesting-after-splits-in-shiv-sena-ncp/articleshow/108559788.cms already exists.
2026-05-11 19:56:48,174 - INFO - [Economic Times] Early skip: URL https://economictimes.indiatimes.com/news/elections/lok-sabha/india/modi-charisma-key-factor-in-bjps-bid-to-retain-all-26-seats-in-gujarat/articleshow/108550858.cms already exists.
2026-05-11 19:56:48,175 - INFO - [Economic Times] Early skip: URL https://economictimes.indiatimes.com/news/elections/lok-sabha/india/implementation-of-guarantees-decline-of-brs-favour-congress-in-telangana-bjp-aiming-for-better-show/articleshow/108548569.cms already exists.
2026-05-11 19:56:48,176 - INFO - [Economic Times] Early skip: URL https://economictimes.indiatimes.com/traders-bet-on-calendar-spread-as-nifty-moves-in-a-tight-range/articleshow/6302358.cms already exists.
2026-05-11 19:56:48,177 - INFO - [Economic Times] Early skip: URL https://economictimes.indiatimes.com/nifty-may-find-support-at-5300-level/articleshow/6296017.cms already exists.
2026-05-11 19:56:48,179 - INFO - [Economic Times] Early skip: URL https://economictimes.indiatimes.com/seven-out-of-top-10-asian-small-cap-funds-are-indian/articleshow/6295976.cms already exists.
2026-05-11 19:56:48,180 - INFO - [Economic Times] Early skip: URL https://economictimes.indiatimes.com/inflation-reflects-growth-dynamics-in-india-christopher-wood/articleshow/6274053.cms already exists.
2026-05-11 19:56:48,181 - INFO - [Economic Times] Early skip: URL https://economictimes.indiatimes.com/market-may-trade-in-a-range-but-fiis-seen-sold-on-india/articleshow/6277705.cms already exists.
2026-05-11 19:56:48,183 - INFO - [Economic Times] Early skip: URL https://economictimes.indiatimes.com/dont-bank-only-on-price-to-earning-ratio/articleshow/6278228.cms already exists.
2026-05-11 19:56:48,184 - INFO - [Economic Times] Early skip: URL https://economictimes.indiatimes.com/markets/stocks/recos/prabhudas-lilladher-has-a-reduce-rating-on-infosys/articleshow/3798718.cms already exists.
2026-05-11 19:56:48,185 - INFO - [Economic Times] Early skip: URL https://economictimes.indiatimes.com/markets/stocks/recos/fin-crisis-too-late-and-too-little-done-in-us/articleshow/3794549.cms already exists.
2026-05-11 19:56:48,186 - INFO - [Economic Times] Early skip: URL https://economictimes.indiatimes.com/markets/forex/weak-rupee-takes-its-toll-on-cos-with-huge-foreign-debt/articleshow/3546158.cms already exists.
2026-05-11 19:56:48,188 - INFO - [Economic Times] Early skip: URL https://economictimes.indiatimes.com/markets/stocks/recos/wait-for-more-signals-before-turning-positive/articleshow/3292640.cms already exists.
2026-05-11 19:56:48,189 - INFO - [Economic Times] Early skip: URL https://economictimes.indiatimes.com/news/company/corporate-trends/six-indian-cos-among-businessweeks-top-100-infotech-firms/articleshow/3189334.cms already exists.
2026-05-11 19:56:48,190 - INFO - [Economic Times] Early skip: URL https://economictimes.indiatimes.com/news/company/corporate-trends/indian-firms-slip-in-global-ranking-four-move-out-of-top-500/articleshow/3177077.cms already exists.
2026-05-11 19:56:48,192 - INFO - [Economic Times] Early skip: URL https://economictimes.indiatimes.com/markets/stocks/news/big-daddy-laps-up-cipla-after-q1-nos-beat-forecast/articleshow/6308646.cms already exists.
2026-05-11 19:56:48,193 - INFO - [Economic Times] Early skip: URL https://economictimes.indiatimes.com/markets/stocks/news/old-fox-has-dream-run-on-dalal-street/articleshow/6308631.cms already exists.
2026-05-11 19:56:48,194 - INFO - [Economic Times] Early skip: URL https://economictimes.indiatimes.com/markets/stocks/news/cairn-india-hits-record-high-on-bse-amid-stake-sale-talks/articleshow/6306679.cms already exists.
2026-05-11 19:56:48,196 - INFO - [Economic Times] Early skip: URL https://economictimes.indiatimes.com/markets/stocks/news/vedanta-plunges-5-59-per-cent-on-lse-amid-talks-to-buy-cairn-stake/articleshow/6306526.cms already exists.
2026-05-11 19:56:48,197 - INFO - [Economic Times] Early skip: URL https://economictimes.indiatimes.com/markets/stocks/news/sbi-shares-on-gaining-spree-hit-record-high/articleshow/6306241.cms already exists.
2026-05-11 19:56:48,198 - INFO - [Economic Times] Early skip: URL https://economictimes.indiatimes.com/fm-must-rethink/articleshow/5645094.cms already exists.
2026-05-11 19:56:48,199 - INFO - [Economic Times] Early skip: URL https://economictimes.indiatimes.com/amalgamate-banks/articleshow/5645086.cms already exists.
2026-05-11 19:56:48,201 - INFO - [Economic Times] Early skip: URL https://economictimes.indiatimes.com/managing-data/articleshow/5117958.cms already exists.
2026-05-11 19:56:48,202 - INFO - [Economic Times] Early skip: URL https://economictimes.indiatimes.com/right-technology/articleshow/5117957.cms already exists.
2026-05-11 19:56:48,203 - INFO - [Economic Times] Early skip: URL https://economictimes.indiatimes.com/et-search/articleshow/21646857.cms already exists.
2026-05-11 19:56:48,204 - INFO - [Economic Times] Early skip: URL https://economictimes.indiatimes.com/after-the-oscars-whats-next-for-silent-stars-of-the-artist/articleshow/12075465.cms already exists.
2026-05-11 19:56:48,205 - INFO - [Economic Times] Early skip: URL https://economictimes.indiatimes.com/delhi-world-book-fair-a-fair-like-no-other/articleshow/12028630.cms already exists.
2026-05-11 19:56:48,207 - INFO - [Economic Times] Early skip: URL https://economictimes.indiatimes.com/lk-advanis-gift-makes-its-way-to-state-department-exhibition-hall/articleshow/12017534.cms already exists.
2026-05-11 19:56:48,208 - INFO - [Economic Times] Early skip: URL https://economictimes.indiatimes.com/india-meteorological-department-to-use-dynamic-models-for-forecasts/articleshow/11983844.cms already exists.
2026-05-11 19:56:48,209 - INFO - [Economic Times] Early skip: URL https://economictimes.indiatimes.com/documents-reveal-contents-of-the-first-telegraph-message-between-india-england/articleshow/11976488.cms already exists.
2026-05-11 19:56:48,212 - INFO - [Economic Times] Early skip: URL https://economictimes.indiatimes.com/worried-amitabh-bachchan-fans-pray-to-lord-shiva-for-his-recovery/articleshow/11963187.cms already exists.
2026-05-11 19:56:48,213 - INFO - [Economic Times] Early skip: URL https://economictimes.indiatimes.com/opinion/interviews/every-decision-of-government-neednt-be-a-big-reform-anand-mahindra/articleshow/35919571.cms already exists.
2026-05-11 19:56:48,214 - INFO - [Economic Times] Early skip: URL https://economictimes.indiatimes.com/opinion/interviews/narendra-modi-has-his-eyes-set-on-boosting-business-joao-cravinho-eu-ambassador/articleshow/35973824.cms already exists.
2026-05-11 19:56:48,215 - INFO - [Economic Times] Early skip: URL https://economictimes.indiatimes.com/opinion/interviews/confidence-level-of-industry-improving-kv-kamath-icici-bank/articleshow/35945669.cms already exists.
2026-05-11 19:56:48,216 - INFO - [Economic Times] Early skip: URL https://economictimes.indiatimes.com/opinion/interviews/we-may-see-rapid-growth-over-the-next-few-years-raamdeo-agrawal/articleshow/35831378.cms already exists.
2026-05-11 19:56:48,218 - INFO - [Economic Times] Early skip: URL https://economictimes.indiatimes.com/opinion/interviews/our-commitment-for-press-freedom-and-autonomy-of-public-broadcast-is-absolute-prakash-javadekar/articleshow/35803396.cms already exists.
2026-05-11 19:56:48,219 - INFO - [Economic Times] Early skip: URL https://economictimes.indiatimes.com/opinion/interviews/there-is-a-leadership-vacuum-in-infosys-time-to-get-nandan-nilekani-back-mohandas-pai/articleshow/35716682.cms already exists.
2026-05-11 19:56:48,220 - INFO - [Economic Times] Early skip: URL https://economictimes.indiatimes.com/markets/stocks/news/oil-prices-to-hit-150-how-indian-stock-markets-may-react-as-iran-war-rages-on/articleshow/129587020.cms already exists.
2026-05-11 19:56:48,221 - INFO - [Economic Times] Early skip: URL https://economictimes.indiatimes.com/markets/us-stocks/news/why-a-7030-india-global-portfolio-makes-sense-in-a-changing-world-subho-moulik-decodes/articleshow/127604085.cms already exists.
2026-05-11 19:56:48,222 - INFO - [Economic Times] Early skip: URL https://economictimes.indiatimes.com/markets/expert-view/kaynes-shares-plunge-43-from-october-peak-is-a-tactical-rebound-on-the-cards-or-more-pain-ahead/articleshow/125815992.cms already exists.
2026-05-11 19:56:48,223 - INFO - [Economic Times] Early skip: URL https://economictimes.indiatimes.com/markets/stocks/news/warren-buffett-is-buying-michael-burry-is-shorting-the-ai-trade-splitting-wall-street/articleshow/125815521.cms already exists.
2026-05-11 19:56:48,224 - INFO - [Economic Times] Early skip: URL https://economictimes.indiatimes.com/markets/ipos/fpos/softbank-backed-acevector-files-updated-ipo-papers-targets-to-raise-rs-300-cr-via-fresh-issue/articleshow/125813493.cms already exists.
2026-05-11 19:56:48,226 - INFO - [Economic Times] Early skip: URL https://economictimes.indiatimes.com/markets/stocks/news/mcap-of-five-of-top-10-most-valued-firms-surges-rs-72285-cr-tcs-infosys-biggest-winners/articleshow/125813435.cms already exists.
2026-05-11 19:56:48,229 - INFO - [Economic Times] Early skip: URL https://economictimes.indiatimes.com/markets/stocks/news/alfa-laval-raises-delisting-price-to-rs-2850-a-share/articleshow/11437373.cms already exists.
2026-05-11 19:56:48,230 - INFO - [Economic Times] Early skip: URL https://economictimes.indiatimes.com/markets/stocks/news/db-realty-unitech-stocks-rose-after-top-executives-granted-bail-in-2g-scam/articleshow/10925114.cms already exists.
2026-05-11 19:56:48,231 - INFO - [Economic Times] Early skip: URL https://economictimes.indiatimes.com/markets/stocks/news/fitch-withdraws-reliance-capital-ratings/articleshow/10430814.cms already exists.
2026-05-11 19:56:48,232 - INFO - [Economic Times] Early skip: URL https://economictimes.indiatimes.com/markets/stocks/news/discoms-poor-financial-health-poses-risks-for-power-traders-fitch/articleshow/10430186.cms already exists.
2026-05-11 19:56:48,234 - INFO - [Economic Times] Early skip: URL https://economictimes.indiatimes.com/markets/stocks/news/cigarette-companies-price-hikes-with-higher-volumes-hold-promise/articleshow/9277179.cms already exists.
2026-05-11 19:56:48,235 - INFO - [Economic Times] Early skip: URL https://economictimes.indiatimes.com/markets/stocks/news/lovable-lingeries-dream-run-on-as-traders-lap-it-up/articleshow/8894615.cms already exists.
2026-05-11 19:56:48,236 - INFO - [Economic Times] (Thread) Finished. Attempting to shut down its Selenium driver.
2026-05-11 19:56:48,654 - INFO - [Economic Times] (Thread) driver.quit() successful.
2026-05-11 19:57:03,142 - INFO - >>> SUCCESSFULLY SAVED [ID: 58396] - Jewish musicians faced abuse over Zionist beliefs, royal commisssion told | Royal commission on antisemitism and social cohesion | The Guardian from The Guardian (618 words)
2026-05-11 19:57:04,015 - INFO - [The Guardian] Article: https://www.theguardian.com/world/2026/may/11/polish-ex-minister-zbigniew-ziobro-flees-hungary-usa
2026-05-11 19:57:04,015 - INFO - [The Guardian] Attempt 1/1: Trying with 'requests_browser' strategy...
2026-05-11 19:57:04,184 - INFO - [The Guardian] Success with 'requests_browser'. Found content (822 words).
2026-05-11 19:57:17,980 - INFO - >>> SUCCESSFULLY SAVED [ID: 58397] - Trump says Iran ceasefire is on 'massive life support' from BBC (606 words)
2026-05-11 19:57:19,145 - INFO - [BBC] Article: https://www.bbc.com/news/articles/c5yx757w048o?at_medium=RSS&at_campaign=rss
2026-05-11 19:57:19,145 - INFO - [BBC] Attempt 1/1: Trying with 'requests_browser' strategy...
2026-05-11 19:57:19,186 - INFO - [BBC] Success with 'requests_browser'. Found content (452 words).
2026-05-11 19:57:32,641 - INFO - >>> SUCCESSFULLY SAVED [ID: 58398] - South Africa plans presidential impeachment probe over ‘Farmgate’ scandal | Corruption News | Al Jazeera from Al Jazeera (440 words)
2026-05-11 19:57:33,246 - INFO - [Al Jazeera] Article: https://www.aljazeera.com/news/2026/5/11/trump-says-he-will-discuss-arms-sales-to-taiwan-in-meeting-with-chinas-xi?traffic_source=rss
2026-05-11 19:57:33,246 - INFO - [Al Jazeera] Attempt 1/2: Trying with 'requests_browser' strategy...
2026-05-11 19:57:33,280 - INFO - [Al Jazeera] Success with 'requests_browser'. Found content (392 words).
2026-05-11 19:57:45,240 - INFO - DEDUPLICATION: Found match (Score: 0.86). Linking to Cluster ID: a09811b8-d36f-4299-b55c-3c57afb2ae4b
2026-05-11 19:57:47,578 - INFO - >>> SUCCESSFULLY SAVED [ID: 58399] - Trump rejects Iran's counteroffer to end war, insists on 'complete victory' - World - DAWN.COM from The Dawn (768 words)
2026-05-11 19:57:49,068 - INFO - [The Dawn] Early skip: URL https://www.dawn.com/news/1999448/na-passes-unanimous-resolution-hailing-militarys-befitting-response-to-india-in-may-conflict already exists.
2026-05-11 19:57:49,069 - INFO - [The Dawn] Early skip: URL https://www.dawn.com/news/1999457/two-years-on-over-a-third-of-general-elections-2024-petitions-await-disposal already exists.
2026-05-11 19:57:49,072 - INFO - [The Dawn] Article: https://www.dawn.com/news/1999464/indias-modi-to-launch-multi-nation-tour-amid-global-unrest
2026-05-11 19:57:49,072 - INFO - [The Dawn] Attempt 1/2: Trying with 'requests_browser' strategy...
2026-05-11 19:57:49,118 - INFO - [The Dawn] Success with 'requests_browser'. Found content (355 words).
2026-05-11 19:58:02,554 - INFO - >>> SUCCESSFULLY SAVED [ID: 58400] - Only favors Indian-origin candidates: Chinese-American professor sues university in Texas, accuses Hemang Desai of bias - The Times of India from Times of India (394 words)
2026-05-11 19:58:03,565 - INFO - [Times of India] Article: https://timesofindia.indiatimes.com/world/us-streamers/chudthebuilder-breaks-silence-after-nashville-arrest-and-shocking-fbi-questioning-over-restaurant-dispute/articleshow/131021923.cms
2026-05-11 19:58:03,565 - INFO - [Times of India] Attempt 1/1: Trying with 'selenium_browser' strategy...
2026-05-11 19:58:04,488 - INFO - [Times of India] Page content loaded.
2026-05-11 19:58:04,808 - INFO - [Times of India] Success with 'selenium_browser'. Found content (455 words).
2026-05-11 19:58:19,763 - INFO - >>> SUCCESSFULLY SAVED [ID: 58401] - Education Budget will grow every year, says Telangana CM Revanth Reddy - The Hindu from The Hindu (476 words)
2026-05-11 19:58:21,086 - INFO - [The Hindu] Article: https://www.thehindu.com/news/national/telangana/farmers-take-out-rally-demanding-legal-guarantee-for-msp/article70966635.ece
2026-05-11 19:58:21,086 - INFO - [The Hindu] Attempt 1/1: Trying with 'selenium_browser' strategy...
2026-05-11 19:58:22,211 - INFO - [The Hindu] Page content loaded.
2026-05-11 19:58:22,328 - INFO - [The Hindu] Success with 'selenium_browser'. Found content (204 words).
2026-05-11 19:58:36,871 - INFO - >>> SUCCESSFULLY SAVED [ID: 58402] - Poland says it expects US to extradite ex-minister who fled from Hungary | Poland | The Guardian from The Guardian (822 words)
2026-05-11 19:58:37,596 - INFO - [The Guardian] Article: https://www.theguardian.com/world/live/2026/may/11/ukraine-russia-eu-ministers-brussels-putin-zelenskyy-hantavirus-spain-europe-latest-news-updates
2026-05-11 19:58:37,596 - INFO - [The Guardian] Attempt 1/1: Trying with 'requests_browser' strategy...
2026-05-11 19:58:37,919 - INFO - [The Guardian] Success with 'requests_browser'. Found content (2299 words).
2026-05-11 19:58:52,742 - INFO - >>> SUCCESSFULLY SAVED [ID: 58403] - Elon Musk and Tim Cook among CEOs expected to accompany Trump on China trip from BBC (452 words)
2026-05-11 19:58:53,449 - INFO - [BBC] Early skip: URL https://www.bbc.com/news/articles/cgmpj0p9k08o?at_medium=RSS&at_campaign=rss already exists.
2026-05-11 19:58:53,450 - INFO - [BBC] Early skip: URL https://www.bbc.com/news/articles/c4g48ewgz8mo?at_medium=RSS&at_campaign=rss already exists.
2026-05-11 19:58:53,451 - INFO - [BBC] Early skip: URL https://www.bbc.com/news/articles/cz02dkkd9j9o?at_medium=RSS&at_campaign=rss already exists.
2026-05-11 19:58:53,452 - INFO - [BBC] Early skip: URL https://www.bbc.com/news/articles/cr5p85v446ro?at_medium=RSS&at_campaign=rss already exists.
2026-05-11 19:58:53,453 - INFO - [BBC] Early skip: URL https://www.bbc.com/news/articles/clypgz9e5pmo?at_medium=RSS&at_campaign=rss already exists.
2026-05-11 19:58:53,455 - INFO - [BBC] Early skip: URL https://www.bbc.com/news/articles/cqlp21q4yq4o?at_medium=RSS&at_campaign=rss already exists.
2026-05-11 19:58:53,456 - INFO - [BBC] Early skip: URL https://www.bbc.com/news/articles/cg5pvj5pg51o?at_medium=RSS&at_campaign=rss already exists.
2026-05-11 19:58:53,457 - INFO - [BBC] Early skip: URL https://www.bbc.com/news/articles/c1j257w87neo?at_medium=RSS&at_campaign=rss already exists.
2026-05-11 19:58:53,458 - INFO - [BBC] Early skip: URL https://www.bbc.com/news/articles/cjrpnjpl39po?at_medium=RSS&at_campaign=rss already exists.
2026-05-11 19:58:53,460 - INFO - [BBC] Early skip: URL https://www.bbc.com/news/articles/cdjp9vzxlz7o?at_medium=RSS&at_campaign=rss already exists.
2026-05-11 19:58:53,461 - INFO - [BBC] Early skip: URL https://www.bbc.com/news/articles/c1m2ee3jxvro?at_medium=RSS&at_campaign=rss already exists.
2026-05-11 19:58:53,462 - INFO - [BBC] Early skip: URL https://www.bbc.com/news/articles/ckgp4ev4yg4o?at_medium=RSS&at_campaign=rss already exists.
2026-05-11 19:58:53,463 - INFO - [BBC] Early skip: URL https://www.bbc.com/news/articles/c99l1590kr0o?at_medium=RSS&at_campaign=rss already exists.
2026-05-11 19:58:53,465 - INFO - [BBC] Early skip: URL https://www.bbc.com/news/articles/c8r8e2ne1v6o?at_medium=RSS&at_campaign=rss already exists.
2026-05-11 19:58:53,466 - INFO - [BBC] Early skip: URL https://www.bbc.com/news/articles/ce9pvp210zdo?at_medium=RSS&at_campaign=rss already exists.
2026-05-11 19:58:53,467 - INFO - [BBC] Early skip: URL https://www.bbc.com/news/articles/cwy2e4z4npro?at_medium=RSS&at_campaign=rss already exists.
2026-05-11 19:58:53,468 - INFO - [BBC] Early skip: URL https://www.bbc.com/news/articles/c4g0d3d5zn4o?at_medium=RSS&at_campaign=rss already exists.
2026-05-11 19:58:53,469 - INFO - [BBC] Early skip: URL https://www.bbc.com/news/articles/cn8p4j2jzwwo?at_medium=RSS&at_campaign=rss already exists.
2026-05-11 19:58:53,471 - INFO - [BBC] Early skip: URL https://www.bbc.com/news/articles/c3rz75rgn8zo?at_medium=RSS&at_campaign=rss already exists.
2026-05-11 19:58:53,472 - INFO - [BBC] Early skip: URL https://www.bbc.com/news/articles/cgkpgm6vk48o?at_medium=RSS&at_campaign=rss already exists.
2026-05-11 19:58:53,473 - INFO - [BBC] Early skip: URL https://www.bbc.com/news/articles/cx21ej471g2o?at_medium=RSS&at_campaign=rss already exists.
2026-05-11 19:58:53,474 - INFO - [BBC] Early skip: URL https://www.bbc.com/news/articles/c99l17m2ep9o?at_medium=RSS&at_campaign=rss already exists.
2026-05-11 19:58:53,476 - INFO - [BBC] Early skip: URL https://www.bbc.com/news/articles/crrpd1pvgkzo?at_medium=RSS&at_campaign=rss already exists.
2026-05-11 19:58:53,477 - INFO - [BBC] Early skip: URL https://www.bbc.com/news/articles/cj9pem481rwo?at_medium=RSS&at_campaign=rss already exists.
2026-05-11 19:58:53,478 - INFO - [BBC] Early skip: URL https://www.bbc.com/news/articles/cqxp4959nwro?at_medium=RSS&at_campaign=rss already exists.
2026-05-11 19:58:53,479 - INFO - [BBC] Early skip: URL https://www.bbc.com/weather/articles/ce9p8m9xz13o?at_medium=RSS&at_campaign=rss already exists.
2026-05-11 19:58:53,480 - INFO - [BBC] Early skip: URL https://www.bbc.com/news/articles/cre13zeql51o?at_medium=RSS&at_campaign=rss already exists.
2026-05-11 19:58:53,482 - INFO - [BBC] Early skip: URL https://www.bbc.com/news/articles/cedplx04ew0o?at_medium=RSS&at_campaign=rss already exists.
2026-05-11 19:58:53,483 - INFO - [BBC] Early skip: URL https://www.bbc.com/news/articles/c232kzgm175o?at_medium=RSS&at_campaign=rss already exists.
2026-05-11 19:58:53,484 - INFO - [BBC] Early skip: URL https://www.bbc.com/news/articles/ce8pmrv2p1mo?at_medium=RSS&at_campaign=rss already exists.
2026-05-11 19:58:53,485 - INFO - [BBC] Early skip: URL https://www.bbc.com/news/videos/czx2wd20evyo?at_medium=RSS&at_campaign=rss already exists.
2026-05-11 19:58:53,486 - INFO - [BBC] Early skip: URL https://www.bbc.com/news/videos/cgqp3xq7959o?at_medium=RSS&at_campaign=rss already exists.
2026-05-11 19:58:53,488 - INFO - [BBC] Early skip: URL https://www.bbc.com/news/videos/clypw107dqzo?at_medium=RSS&at_campaign=rss already exists.
2026-05-11 19:58:53,489 - INFO - [BBC] Article: https://www.bbc.com/news/videos/c2429dq0j4mo?at_medium=RSS&at_campaign=rss
2026-05-11 19:58:53,489 - INFO - [BBC] Attempt 1/1: Trying with 'requests_browser' strategy...
2026-05-11 19:58:53,563 - WARNING - [BBC] FAILED with 'requests_browser' (content was too short: 53 words).
2026-05-11 19:58:53,564 - ERROR - [BBC] All scrape strategies failed for https://www.bbc.com/news/videos/c2429dq0j4mo?at_medium=RSS&at_campaign=rss. Falling back to RSS description.
2026-05-11 19:58:53,564 - WARNING - SKIPPED (GLOBAL WORD LIMIT): Article 'BBC speaks with civilians inside Iran struggling with impact of war' from BBC has only 24 words (Min: 90).
2026-05-11 19:58:54,917 - INFO - [BBC] Early skip: URL https://www.bbc.com/news/videos/ckgp541p5ndo?at_medium=RSS&at_campaign=rss already exists.
2026-05-11 19:58:54,919 - INFO - [BBC] Early skip: URL https://www.bbc.com/news/videos/cm2p4n000pko?at_medium=RSS&at_campaign=rss already exists.
2026-05-11 19:59:07,470 - INFO - >>> SUCCESSFULLY SAVED [ID: 58404] - Trump says he will discuss arms sales to Taiwan in meeting with China’s Xi | Donald Trump News | Al Jazeera from Al Jazeera (392 words)
2026-05-11 19:59:08,912 - INFO - [Al Jazeera] Article: https://www.aljazeera.com/news/2026/5/11/eu-agrees-sanctions-on-israeli-west-bank-settlers-hamas-leaders?traffic_source=rss
2026-05-11 19:59:08,912 - INFO - [Al Jazeera] Attempt 1/2: Trying with 'requests_browser' strategy...
2026-05-11 19:59:08,945 - INFO - [Al Jazeera] Success with 'requests_browser'. Found content (731 words).
2026-05-11 19:59:23,071 - INFO - >>> SUCCESSFULLY SAVED [ID: 58405] - India's Modi to launch multi-nation tour amid global unrest - World - DAWN.COM from The Dawn (355 words)
2026-05-11 19:59:24,173 - INFO - [The Dawn] Early skip: URL https://www.dawn.com/news/1999458/senators-decry-hike-in-petroleum-prices-accuse-govt-of-economic-oppression already exists.
2026-05-11 19:59:24,174 - INFO - [The Dawn] Early skip: URL https://www.dawn.com/news/1999451/hec-launches-online-degree-attestation-system-to-facilitate-students already exists.
2026-05-11 19:59:24,175 - INFO - [The Dawn] Early skip: URL https://www.dawn.com/news/1999436/sc-dismisses-appeals-against-shc-order-in-trg-shareholding-dispute already exists.
2026-05-11 19:59:24,176 - INFO - [The Dawn] Early skip: URL https://www.dawn.com/news/1999452/skipper-shanto-extends-bangladesh-lead-by-179-runs-in-first-test-against-pakistan already exists.
2026-05-11 19:59:24,178 - INFO - [The Dawn] Early skip: URL https://www.dawn.com/news/1999430/afghanistan-issued-demarche-after-15-police-personnel-martyred-in-bannu-suicide-attack already exists.
2026-05-11 19:59:24,179 - INFO - [The Dawn] Early skip: URL https://www.dawn.com/news/1999449/eu-ministers-agree-on-sanctions-targeting-violent-west-bank-settlers already exists.
2026-05-11 19:59:24,182 - INFO - [The Dawn] Article: https://www.dawn.com/news/1999438/imaan-hadi-submit-additional-documents-ahead-of-hearing-on-appeals-in-apex-court-tomorrow
2026-05-11 19:59:24,182 - INFO - [The Dawn] Attempt 1/2: Trying with 'requests_browser' strategy...
2026-05-11 19:59:24,320 - INFO - [The Dawn] Success with 'requests_browser'. Found content (478 words).
2026-05-11 19:59:38,711 - INFO - >>> SUCCESSFULLY SAVED [ID: 58406] - ChudTheBuilder breaks silence after Nashville arrest and shocking FBI questioning over restaurant dispute - The Times of India from Times of India (455 words)
2026-05-11 19:59:39,906 - INFO - [Times of India] Article: https://timesofindia.indiatimes.com/world/rest-of-world/quote-of-the-day-by-german-philosopher-friedrich-nietzsche-i-cannot-believe-in-a-god-who-wants-to-be-praised-all-the-time/articleshow/131022038.cms
2026-05-11 19:59:39,906 - INFO - [Times of India] Attempt 1/1: Trying with 'selenium_browser' strategy...
2026-05-11 19:59:40,976 - INFO - [Times of India] Page content loaded.
2026-05-11 19:59:41,184 - INFO - [Times of India] Success with 'selenium_browser'. Found content (1562 words).
2026-05-11 19:59:56,869 - INFO - >>> SUCCESSFULLY SAVED [ID: 58407] - Farmers take out rally demanding legal guarantee for MSP - The Hindu from The Hindu (204 words)
2026-05-11 19:59:58,221 - INFO - [The Hindu] Article: https://www.thehindu.com/news/national/kerala/two-die-in-separate-accidents-in-kochi/article70966179.ece
2026-05-11 19:59:58,221 - INFO - [The Hindu] Attempt 1/1: Trying with 'selenium_browser' strategy...
2026-05-11 19:59:59,951 - INFO - [The Hindu] Page content loaded.
2026-05-11 20:00:00,157 - INFO - [The Hindu] Success with 'selenium_browser'. Found content (106 words).
2026-05-11 20:00:14,374 - INFO - >>> SUCCESSFULLY SAVED [ID: 58408] - Putin is in a ‘weaker position than ever before’, says EU’s Kallas – as it happened | Europe | The Guardian from The Guardian (2299 words)
2026-05-11 20:00:15,659 - INFO - [The Guardian] Article: https://www.theguardian.com/world/2026/may/11/evacuated-us-and-french-mv-hondius-cruise-ship-passengers-test-positive-for-hantavirus
2026-05-11 20:00:15,659 - INFO - [The Guardian] Attempt 1/1: Trying with 'requests_browser' strategy...
2026-05-11 20:00:15,810 - INFO - [The Guardian] Success with 'requests_browser'. Found content (835 words).
2026-05-11 20:00:27,992 - INFO - DEDUPLICATION: Found match (Score: 0.86). Linking to Cluster ID: a2957846-9814-4dcb-9f6b-4407665c0887
2026-05-11 20:00:30,250 - INFO - >>> SUCCESSFULLY SAVED [ID: 58409] - EU agrees sanctions on Israeli West Bank settlers, Hamas leaders | European Union News | Al Jazeera from Al Jazeera (731 words)
2026-05-11 20:00:31,289 - INFO - [Al Jazeera] Article: https://www.aljazeera.com/news/2026/5/11/uk-sanctions-network-accused-of-planning-attacks-for-iran?traffic_source=rss
2026-05-11 20:00:31,289 - INFO - [Al Jazeera] Attempt 1/2: Trying with 'requests_browser' strategy...
2026-05-11 20:00:31,325 - INFO - [Al Jazeera] Success with 'requests_browser'. Found content (379 words).
2026-05-11 20:00:46,307 - INFO - >>> SUCCESSFULLY SAVED [ID: 58410] - Imaan, Hadi submit additional documents ahead of hearing on appeals in apex court tomorrow - Pakistan - DAWN.COM from The Dawn (478 words)
2026-05-11 20:00:47,658 - INFO - [The Dawn] Early skip: URL https://www.dawn.com/news/1999411/iran-says-made-legitimate-demands-in-peace-proposal-rejected-by-trump-as-totally-unacceptable already exists.
2026-05-11 20:00:47,660 - INFO - [The Dawn] Early skip: URL https://www.dawn.com/news/1999414/kp-cm-afridi-decries-decisions-made-behind-closed-doors-during-visit-to-bannu already exists.
2026-05-11 20:00:47,662 - INFO - [The Dawn] Article: https://www.dawn.com/news/1999419/lhc-accepts-maryams-plea-seeking-return-of-bail-surety-in-chaudhry-sugar-mills-case
2026-05-11 20:00:47,662 - INFO - [The Dawn] Attempt 1/2: Trying with 'requests_browser' strategy...
2026-05-11 20:00:47,709 - INFO - [The Dawn] Success with 'requests_browser'. Found content (341 words).
2026-05-11 20:00:54,790 - CRITICAL - --- TIMEOUT: 5 scrape jobs did not complete in 300s. ---
2026-05-11 20:00:54,790 - ERROR - A thread has timed out and will be abandoned.
2026-05-11 20:00:54,790 - ERROR - A thread has timed out and will be abandoned.
2026-05-11 20:00:54,790 - ERROR - A thread has timed out and will be abandoned.
2026-05-11 20:00:54,790 - ERROR - A thread has timed out and will be abandoned.
2026-05-11 20:00:54,790 - ERROR - A thread has timed out and will be abandoned.
2026-05-11 20:00:54,790 - INFO - Shutting down thread pool (wait=False)...
2026-05-11 20:00:54,790 - INFO - Scraped: 3 BBC, 1 Economic Times, 0 TechCrunch, 5 Timed_Out_Jobs articles. (Total saved: 4)
2026-05-11 20:00:54,790 - INFO - --- Scraping job finished ---
2026-05-11 20:00:54,790 - INFO - --- Scraper service stopped. ---
2026-05-11 20:00:54,790 - INFO - --- Main thread finished. Forcing process exit to kill zombie threads. ---
