2026-04-07 22:42:28,687 - INFO - Loading AI Semantic Model (all-MiniLM-L6-v2)...
2026-04-07 22:42:28,688 - INFO - Use pytorch device_name: cpu
2026-04-07 22:42:28,688 - INFO - Load pretrained SentenceTransformer: all-MiniLM-L6-v2
2026-04-07 22:42:28,808 - INFO - HTTP Request: HEAD https://huggingface.co/sentence-transformers/all-MiniLM-L6-v2/resolve/main/modules.json "HTTP/1.1 307 Temporary Redirect"
2026-04-07 22:42:28,814 - INFO - HTTP Request: HEAD https://huggingface.co/api/resolve-cache/models/sentence-transformers/all-MiniLM-L6-v2/c9745ed1d9f207416be6d2e6f8de32d1f16199bf/modules.json "HTTP/1.1 200 OK"
2026-04-07 22:42:28,832 - INFO - HTTP Request: HEAD https://huggingface.co/sentence-transformers/all-MiniLM-L6-v2/resolve/main/config_sentence_transformers.json "HTTP/1.1 307 Temporary Redirect"
2026-04-07 22:42:28,833 - WARNING - Warning: You are sending unauthenticated requests to the HF Hub. Please set a HF_TOKEN to enable higher rate limits and faster downloads.
2026-04-07 22:42:28,838 - INFO - HTTP Request: HEAD https://huggingface.co/api/resolve-cache/models/sentence-transformers/all-MiniLM-L6-v2/c9745ed1d9f207416be6d2e6f8de32d1f16199bf/config_sentence_transformers.json "HTTP/1.1 200 OK"
2026-04-07 22:42:28,853 - INFO - HTTP Request: HEAD https://huggingface.co/sentence-transformers/all-MiniLM-L6-v2/resolve/main/config_sentence_transformers.json "HTTP/1.1 307 Temporary Redirect"
2026-04-07 22:42:28,859 - INFO - HTTP Request: HEAD https://huggingface.co/api/resolve-cache/models/sentence-transformers/all-MiniLM-L6-v2/c9745ed1d9f207416be6d2e6f8de32d1f16199bf/config_sentence_transformers.json "HTTP/1.1 200 OK"
2026-04-07 22:42:28,876 - INFO - HTTP Request: HEAD https://huggingface.co/sentence-transformers/all-MiniLM-L6-v2/resolve/main/README.md "HTTP/1.1 307 Temporary Redirect"
2026-04-07 22:42:28,882 - INFO - HTTP Request: HEAD https://huggingface.co/api/resolve-cache/models/sentence-transformers/all-MiniLM-L6-v2/c9745ed1d9f207416be6d2e6f8de32d1f16199bf/README.md "HTTP/1.1 200 OK"
2026-04-07 22:42:28,895 - INFO - HTTP Request: HEAD https://huggingface.co/sentence-transformers/all-MiniLM-L6-v2/resolve/main/modules.json "HTTP/1.1 307 Temporary Redirect"
2026-04-07 22:42:28,901 - INFO - HTTP Request: HEAD https://huggingface.co/api/resolve-cache/models/sentence-transformers/all-MiniLM-L6-v2/c9745ed1d9f207416be6d2e6f8de32d1f16199bf/modules.json "HTTP/1.1 200 OK"
2026-04-07 22:42:28,917 - INFO - HTTP Request: HEAD https://huggingface.co/sentence-transformers/all-MiniLM-L6-v2/resolve/main/sentence_bert_config.json "HTTP/1.1 307 Temporary Redirect"
2026-04-07 22:42:28,923 - INFO - HTTP Request: HEAD https://huggingface.co/api/resolve-cache/models/sentence-transformers/all-MiniLM-L6-v2/c9745ed1d9f207416be6d2e6f8de32d1f16199bf/sentence_bert_config.json "HTTP/1.1 200 OK"
2026-04-07 22:42:28,940 - INFO - HTTP Request: HEAD https://huggingface.co/sentence-transformers/all-MiniLM-L6-v2/resolve/main/adapter_config.json "HTTP/1.1 404 Not Found"
2026-04-07 22:42:28,954 - INFO - HTTP Request: HEAD https://huggingface.co/sentence-transformers/all-MiniLM-L6-v2/resolve/main/config.json "HTTP/1.1 307 Temporary Redirect"
2026-04-07 22:42:28,960 - INFO - HTTP Request: HEAD https://huggingface.co/api/resolve-cache/models/sentence-transformers/all-MiniLM-L6-v2/c9745ed1d9f207416be6d2e6f8de32d1f16199bf/config.json "HTTP/1.1 200 OK"
2026-04-07 22:42:29,227 - WARNING - [1mBertModel LOAD REPORT[0m from: sentence-transformers/all-MiniLM-L6-v2
Key                     | Status     |  | 
------------------------+------------+--+-
embeddings.position_ids | UNEXPECTED |  | 

Notes:
- UNEXPECTED:	can be ignored when loading from different task/architecture; not ok if you expect identical arch.
2026-04-07 22:42:29,245 - INFO - HTTP Request: HEAD https://huggingface.co/sentence-transformers/all-MiniLM-L6-v2/resolve/main/config.json "HTTP/1.1 307 Temporary Redirect"
2026-04-07 22:42:29,252 - INFO - HTTP Request: HEAD https://huggingface.co/api/resolve-cache/models/sentence-transformers/all-MiniLM-L6-v2/c9745ed1d9f207416be6d2e6f8de32d1f16199bf/config.json "HTTP/1.1 200 OK"
2026-04-07 22:42:29,268 - INFO - HTTP Request: HEAD https://huggingface.co/sentence-transformers/all-MiniLM-L6-v2/resolve/main/tokenizer_config.json "HTTP/1.1 307 Temporary Redirect"
2026-04-07 22:42:29,274 - INFO - HTTP Request: HEAD https://huggingface.co/api/resolve-cache/models/sentence-transformers/all-MiniLM-L6-v2/c9745ed1d9f207416be6d2e6f8de32d1f16199bf/tokenizer_config.json "HTTP/1.1 200 OK"
2026-04-07 22:42:29,295 - INFO - HTTP Request: GET https://huggingface.co/api/models/sentence-transformers/all-MiniLM-L6-v2/tree/main/additional_chat_templates?recursive=false&expand=false "HTTP/1.1 404 Not Found"
2026-04-07 22:44:29,307 - INFO - HTTP Request: GET https://huggingface.co/api/models/sentence-transformers/all-MiniLM-L6-v2/tree/main?recursive=true&expand=false "HTTP/1.1 504 Gateway Time-out"
2026-04-07 22:44:29,364 - INFO - HTTP Request: HEAD https://huggingface.co/sentence-transformers/all-MiniLM-L6-v2/resolve/main/1_Pooling/config.json "HTTP/1.1 307 Temporary Redirect"
2026-04-07 22:44:29,370 - INFO - HTTP Request: HEAD https://huggingface.co/api/resolve-cache/models/sentence-transformers/all-MiniLM-L6-v2/c9745ed1d9f207416be6d2e6f8de32d1f16199bf/1_Pooling%2Fconfig.json "HTTP/1.1 200 OK"
2026-04-07 22:44:29,389 - INFO - HTTP Request: GET https://huggingface.co/api/models/sentence-transformers/all-MiniLM-L6-v2 "HTTP/1.1 200 OK"
2026-04-07 22:44:29,393 - INFO - AI Model loaded successfully.
2026-04-07 22:44:29,393 - INFO - --- Scraper service started (CI Mode: Run Once) ---
2026-04-07 22:44:29,393 - INFO - --- Starting new scraping job (Parallel Mode) ---
2026-04-07 22:44:29,393 - INFO - Connecting to Google Sheets...
2026-04-07 22:44:31,957 - INFO - Connected to Sheet: News Scrapper AI / Sheet1
2026-04-07 22:44:31,957 - INFO - Fetching existing data to build cache...
2026-04-07 22:44:46,133 - INFO - Loaded 49105 rows from sheet.
2026-04-07 22:44:46,987 - INFO - Cache built: 49105 URLs. Current MAX_ID: 49206
2026-04-07 22:44:46,993 - INFO - Creating new robust session with 3 retries on 5xx/connection/read errors.
2026-04-07 22:44:46,993 - INFO - Proxy is DISABLED.
2026-04-07 22:44:46,993 - INFO - Starting scrape for BBC RSS feed: http://feeds.bbci.co.uk/news/world/rss.xml
2026-04-07 22:44:46,994 - INFO - [Times of India] (Thread) requires Selenium. Initializing driver...
2026-04-07 22:44:46,995 - INFO - Starting scrape for The Guardian RSS feed: https://www.theguardian.com/world/rss
2026-04-07 22:44:46,996 - INFO - [The Hindu] (Thread) requires Selenium. Initializing driver...
2026-04-07 22:44:46,996 - INFO - [The Dawn] (Thread) requires Selenium. Initializing driver...
2026-04-07 22:44:46,997 - INFO - [Al Jazeera] (Thread) requires Selenium. Initializing driver...
2026-04-07 22:44:46,997 - INFO - Starting scrape for TechCrunch RSS feed: https://techcrunch.com/feed/
2026-04-07 22:44:46,998 - INFO - [Economic Times] (Thread) requires Selenium. Initializing driver...
2026-04-07 22:44:46,998 - INFO - Submitted 8 jobs to thread pool. Waiting up to 420s for completion...
2026-04-07 22:44:47,166 - INFO - Found 0 articles in TechCrunch RSS feed. Processing until 30 new articles are saved.
2026-04-07 22:44:47,237 - INFO - Found 27 articles in BBC RSS feed. Processing until 30 new articles are saved.
2026-04-07 22:44:47,237 - INFO - [BBC] Early skip: URL https://www.bbc.com/news/articles/cx2w0v19gw8o?at_medium=RSS&at_campaign=rss already exists.
2026-04-07 22:44:47,239 - INFO - [BBC] Early skip: URL https://www.bbc.com/news/articles/c4gxk3kxjr0o?at_medium=RSS&at_campaign=rss already exists.
2026-04-07 22:44:47,245 - INFO - [BBC] Early skip: URL https://www.bbc.com/news/articles/cj60nkd8nrko?at_medium=RSS&at_campaign=rss already exists.
2026-04-07 22:44:47,246 - INFO - [BBC] Early skip: URL https://www.bbc.com/news/articles/crm1xjp08k3o?at_medium=RSS&at_campaign=rss already exists.
2026-04-07 22:44:47,248 - INFO - [BBC] Early skip: URL https://www.bbc.com/news/articles/clyxk5640wko?at_medium=RSS&at_campaign=rss already exists.
2026-04-07 22:44:47,249 - INFO - [BBC] Early skip: URL https://www.bbc.com/news/articles/cyv16lq2rp1o?at_medium=RSS&at_campaign=rss already exists.
2026-04-07 22:44:47,250 - INFO - [BBC] Early skip: URL https://www.bbc.com/news/articles/c3exp8j7yz4o?at_medium=RSS&at_campaign=rss already exists.
2026-04-07 22:44:47,252 - INFO - [BBC] Early skip: URL https://www.bbc.com/news/articles/c4g8pzpw2g2o?at_medium=RSS&at_campaign=rss already exists.
2026-04-07 22:44:47,253 - INFO - [BBC] Early skip: URL https://www.bbc.com/news/articles/c8r40d4xdngo?at_medium=RSS&at_campaign=rss already exists.
2026-04-07 22:44:47,254 - INFO - [BBC] Early skip: URL https://www.bbc.com/news/articles/cq590egv9vzo?at_medium=RSS&at_campaign=rss already exists.
2026-04-07 22:44:47,255 - INFO - [BBC] Early skip: URL https://www.bbc.com/news/articles/crr1jyk0qwjo?at_medium=RSS&at_campaign=rss already exists.
2026-04-07 22:44:47,257 - INFO - [BBC] Early skip: URL https://www.bbc.com/news/articles/ckg9yxpdxlgo?at_medium=RSS&at_campaign=rss already exists.
2026-04-07 22:44:47,258 - INFO - [BBC] Early skip: URL https://www.bbc.com/news/articles/c1w4lnjej4do?at_medium=RSS&at_campaign=rss already exists.
2026-04-07 22:44:47,259 - INFO - [BBC] Early skip: URL https://www.bbc.com/news/articles/ckgwkmn1rzxo?at_medium=RSS&at_campaign=rss already exists.
2026-04-07 22:44:47,260 - INFO - [BBC] Early skip: URL https://www.bbc.com/news/articles/cp84ye86ly3o?at_medium=RSS&at_campaign=rss already exists.
2026-04-07 22:44:47,262 - INFO - [BBC] Early skip: URL https://www.bbc.com/news/articles/c98kn1zlxr1o?at_medium=RSS&at_campaign=rss already exists.
2026-04-07 22:44:47,263 - INFO - [BBC] Early skip: URL https://www.bbc.com/news/articles/czexw94rj5jo?at_medium=RSS&at_campaign=rss already exists.
2026-04-07 22:44:47,265 - INFO - [BBC] Article: https://www.bbc.com/news/articles/c20d10980e9o?at_medium=RSS&at_campaign=rss
2026-04-07 22:44:47,265 - INFO - [BBC] Attempt 1/1: Trying with 'requests_browser' strategy...
2026-04-07 22:44:47,308 - INFO - Found 45 articles in The Guardian RSS feed. Processing until 30 new articles are saved.
2026-04-07 22:44:47,309 - INFO - [The Guardian] Article: https://www.theguardian.com/us-news/2026/apr/07/kilmar-abrego-garcia-liberia-deportation
2026-04-07 22:44:47,309 - INFO - [The Guardian] Attempt 1/1: Trying with 'requests_browser' strategy...
2026-04-07 22:44:47,441 - INFO - [The Guardian] Success with 'requests_browser'. Found content (408 words).
2026-04-07 22:44:47,725 - INFO - [BBC] Success with 'requests_browser'. Found content (997 words).
2026-04-07 22:44:48,218 - INFO - Selenium driver initialized successfully (Eager load strategy, 7s timeout).
2026-04-07 22:44:48,218 - INFO - Starting scrape for Al Jazeera RSS feed: https://www.aljazeera.com/xml/rss/all.xml
2026-04-07 22:44:48,238 - INFO - Selenium driver initialized successfully (Eager load strategy, 7s timeout).
2026-04-07 22:44:48,242 - INFO - Starting scrape for Times of India RSS feed: https://timesofindia.indiatimes.com/rssfeeds/296589292.cms
2026-04-07 22:44:48,292 - INFO - Selenium driver initialized successfully (Eager load strategy, 7s timeout).
2026-04-07 22:44:48,292 - INFO - Starting scrape for The Hindu RSS feed: https://www.thehindu.com/news/national/feeder/default.rss
2026-04-07 22:44:48,296 - INFO - Selenium driver initialized successfully (Eager load strategy, 7s timeout).
2026-04-07 22:44:48,296 - INFO - Starting scrape for The Dawn RSS feed: https://www.dawn.com/feeds/home
2026-04-07 22:44:48,325 - INFO - Selenium driver initialized successfully (Eager load strategy, 7s timeout).
2026-04-07 22:44:48,325 - INFO - Starting scrape for Economic Times RSS feed: https://economictimes.indiatimes.com/rssfeedsdefault.cms
2026-04-07 22:44:48,373 - INFO - Found 20 articles in Times of India RSS feed. Processing until 30 new articles are saved.
2026-04-07 22:44:48,373 - INFO - [Times of India] Early skip: URL https://timesofindia.indiatimes.com/sports/international-sports/serena-williams-posts-rare-family-easter-photos-with-alexis-ohanian-olympia-and-adira-and-reveals-why-motherhood-changed-her-life/articleshow/130096744.cms already exists.
2026-04-07 22:44:48,374 - INFO - [Times of India] Early skip: URL https://timesofindia.indiatimes.com/world/us/ice-agents-shoot-man-in-california-wanted-in-el-salvador-suspect-tried-to-run-over-officers/articleshow/130096836.cms already exists.
2026-04-07 22:44:48,378 - INFO - [Times of India] Early skip: URL https://timesofindia.indiatimes.com/world/rest-of-world/indian-restaurant-faces-10-day-suspension-after-serving-alcohol-to-minor-without-checking-id-in-canada/articleshow/130094595.cms already exists.
2026-04-07 22:44:48,380 - INFO - [Times of India] Early skip: URL https://timesofindia.indiatimes.com/world/us/got-picked-in-h-1b-lottery-redditor-wants-to-come-back-to-india-says-feeling-weirdly-sad-and-confused/articleshow/130096735.cms already exists.
2026-04-07 22:44:48,381 - INFO - [Times of India] Early skip: URL https://timesofindia.indiatimes.com/world/us-streamers/this-is-why-content-is-so-boring-streamer-rasmr-backs-rakai-in-mrbeast-controversy/articleshow/130096719.cms already exists.
2026-04-07 22:44:48,382 - INFO - [Times of India] Early skip: URL https://timesofindia.indiatimes.com/world/us/nobody-except-president-trump-knows-why-bondi-was-fired-says-replacement-todd-blanche-in-first-press-conference/articleshow/130096415.cms already exists.
2026-04-07 22:44:48,384 - INFO - [Times of India] Early skip: URL https://timesofindia.indiatimes.com/sports/nhl/news/new-jersey-devils-head-coach-sheldon-keefe-faces-uncertainty-over-his-future-following-gm-tom-fitzgeralds-departure/articleshow/130095729.cms already exists.
2026-04-07 22:44:48,385 - INFO - [Times of India] Early skip: URL https://timesofindia.indiatimes.com/science/quote-of-the-day-by-nicolaus-copernicus-to-know-that-we-know-what-we-know-and-to-know-that-we-do-not-know-what-we-do-not-know-that-is-true-knowledge-/articleshow/130095413.cms already exists.
2026-04-07 22:44:48,386 - INFO - [Times of India] Early skip: URL https://timesofindia.indiatimes.com/world/us/indian-man-arrested-in-new-york-state-for-200000-scam-called-people-and-told-them-you-are-wanted-on-a-warrant/articleshow/130095095.cms already exists.
2026-04-07 22:44:48,388 - INFO - [Times of India] Article: https://timesofindia.indiatimes.com/world/us-streamers/theo-von-draws-criticism-after-easter-post-with-candace-owens-leaves-fans-debating-his-stance-following-joe-rogan-episode/articleshow/130095147.cms
2026-04-07 22:44:48,388 - INFO - [Times of India] Attempt 1/1: Trying with 'selenium_browser' strategy...
2026-04-07 22:44:48,454 - INFO - Found 25 articles in Al Jazeera RSS feed. Processing until 30 new articles are saved.
2026-04-07 22:44:48,455 - INFO - [Al Jazeera] Article: https://www.aljazeera.com/sports/2026/4/7/arsenal-beat-sporting-with-late-havertz-goal-in-champions-league-quarters?traffic_source=rss
2026-04-07 22:44:48,455 - INFO - [Al Jazeera] Attempt 1/2: Trying with 'requests_browser' strategy...
2026-04-07 22:44:48,493 - INFO - Found 60 articles in The Hindu RSS feed. Processing until 30 new articles are saved.
2026-04-07 22:44:48,493 - INFO - [The Hindu] Early skip: URL https://www.thehindu.com/elections/west-bengal-assembly/how-can-bengal-election-be-fair-when-so-many-genuine-voters-are-left-out-says-shashi-panja/article70834210.ece already exists.
2026-04-07 22:44:48,497 - INFO - [The Hindu] Early skip: URL https://www.thehindu.com/elections/assam-assembly/assam-assembly-elections-2026-bid-to-woo-new-voters-in-cm-himantas-long-time-constituency-jalukbari/article70833061.ece already exists.
2026-04-07 22:44:48,498 - INFO - [The Hindu] Article: https://www.thehindu.com/news/national/cbi-examines-former-dea-secretary-in-currency-thread-contract-case/article70835367.ece
2026-04-07 22:44:48,498 - INFO - [The Hindu] Attempt 1/1: Trying with 'selenium_browser' strategy...
2026-04-07 22:44:48,503 - INFO - [Al Jazeera] Success with 'requests_browser'. Found content (710 words).
2026-04-07 22:44:48,600 - INFO - Found 28 articles in The Dawn RSS feed. Processing until 30 new articles are saved.
2026-04-07 22:44:48,605 - INFO - [The Dawn] Article: https://www.dawn.com/news/1989584/trump-agrees-to-pakistans-request-to-extend-deadline-for-iran-by-two-weeks
2026-04-07 22:44:48,605 - INFO - [The Dawn] Attempt 1/2: Trying with 'requests_browser' strategy...
2026-04-07 22:44:48,614 - ERROR - [The Dawn] Request failed for strategy 'requests_browser' on URL https://www.dawn.com/news/1989584/trump-agrees-to-pakistans-request-to-extend-deadline-for-iran-by-two-weeks: 403 Client Error: Forbidden for url: https://www.dawn.com/news/1989584/trump-agrees-to-pakistans-request-to-extend-deadline-for-iran-by-two-weeks
2026-04-07 22:44:48,814 - INFO - Found 76 articles in Economic Times RSS feed. Processing until 30 new articles are saved.
2026-04-07 22:44:48,814 - INFO - [Economic Times] Early skip: URL https://economictimes.indiatimes.com/markets/commodities/news/physical-oil-prices-hit-record-highs-near-150-a-barrel-as-hormuz-crisis-worsens/articleshow/130090716.cms already exists.
2026-04-07 22:44:48,816 - INFO - [Economic Times] Early skip: URL https://economictimes.indiatimes.com/markets/stocks/news/sebi-grants-relief-in-minimum-public-shareholding-compliance-norms-waives-penalties-amid-middle-east-conflict/articleshow/130091327.cms already exists.
2026-04-07 22:44:48,817 - INFO - [Economic Times] Early skip: URL https://economictimes.indiatimes.com/markets/stocks/news/goldman-sachs-fund-sells-cello-world-shares-worth-rs-55-crore-via-bulk-deals/articleshow/130091926.cms already exists.
2026-04-07 22:44:48,818 - INFO - [Economic Times] Early skip: URL https://economictimes.indiatimes.com/markets/us-stocks/news/moodys-cuts-outlook-on-us-bdcs-to-negative-on-redemption-pressure-rising-leverage/articleshow/130091224.cms already exists.
2026-04-07 22:44:48,819 - INFO - [Economic Times] Early skip: URL https://economictimes.indiatimes.com/markets/us-stocks/news/health-insurers-rise-after-us-lifts-2027-medicare-advantage-payment-rates/articleshow/130093943.cms already exists.
2026-04-07 22:44:48,820 - INFO - [Economic Times] Early skip: URL https://economictimes.indiatimes.com/mf/analysis/fund-managers-back-large-caps-stay-wary-of-mid-small-caps/articleshow/130073431.cms already exists.
2026-04-07 22:44:48,822 - INFO - [Economic Times] Early skip: URL https://economictimes.indiatimes.com/news/economy/policy/rbi-may-keep-rates-unchanged-focus-on-rupee-stability-and-bond-yields/articleshow/130045979.cms already exists.
2026-04-07 22:44:48,824 - INFO - [Economic Times] Early skip: URL https://economictimes.indiatimes.com/news/economy/foreign-trade/japan-to-create-special-cell-to-push-fdi-into-india/articleshow/129933023.cms already exists.
2026-04-07 22:44:48,826 - INFO - [Economic Times] Early skip: URL https://economictimes.indiatimes.com/news/india/finance-minister-nirmala-sitharaman-assures-fiscal-vigil-amid-oil-spike/articleshow/129853830.cms already exists.
2026-04-07 22:44:48,827 - INFO - [Economic Times] Early skip: URL https://economictimes.indiatimes.com/news/economy/foreign-trade/india-us-review-next-steps-in-trade-pact-talks/articleshow/129853750.cms already exists.
2026-04-07 22:44:48,828 - INFO - [Economic Times] Early skip: URL https://economictimes.indiatimes.com/news/economy/finance/india-may-face-credit-stress-if-gulf-conflict-drags-on-moodys/articleshow/129853510.cms already exists.
2026-04-07 22:44:48,834 - INFO - [Economic Times] Early skip: URL https://economictimes.indiatimes.com/news/economy/foreign-trade/india-gathers-data-to-counter-us-claims-of-excess-capacity/articleshow/129810831.cms already exists.
2026-04-07 22:44:48,835 - INFO - [Economic Times] Early skip: URL https://economictimes.indiatimes.com/tech/technology/apple-faces-indian-engineers-bias-lawsuit/articleshow/81694292.cms already exists.
2026-04-07 22:44:48,837 - INFO - [Economic Times] Early skip: URL https://economictimes.indiatimes.com/news/defence/despite-transatlantic-love-fest-eu-charts-third-way-in-ties-with-us-and-china/articleshow/81467467.cms already exists.
2026-04-07 22:44:48,838 - INFO - [Economic Times] Early skip: URL https://economictimes.indiatimes.com/tech/tech-bytes/twitters-india-policy-head-to-step-down-will-transition-in-march/articleshow/80732868.cms already exists.
2026-04-07 22:44:48,839 - INFO - [Economic Times] Early skip: URL https://economictimes.indiatimes.com/tech/tech-and-gadgets/govt-may-keep-rs-7500-cr-outlay-for-it-hardware-manufacturing-under-pli-scheme/articleshow/80333429.cms already exists.
2026-04-07 22:44:48,840 - INFO - [Economic Times] Early skip: URL https://economictimes.indiatimes.com/tech/technology/indian-dating-apps-services-see-surge-of-paying-users-in-small-cities/articleshow/80063342.cms already exists.
2026-04-07 22:44:48,842 - INFO - [Economic Times] Article: https://economictimes.indiatimes.com/tech/technology/time-for-govt-cos-to-adopt-ai-deloitte-india/articleshow/79981215.cms
2026-04-07 22:44:48,842 - INFO - [Economic Times] Attempt 1/2: Trying with 'requests_browser' strategy...
2026-04-07 22:44:49,122 - INFO - [The Hindu] Page content loaded.
2026-04-07 22:44:49,236 - INFO - [The Hindu] Success with 'selenium_browser'. Found content (301 words).
2026-04-07 22:44:49,368 - INFO - [Times of India] Page content loaded.
2026-04-07 22:44:49,422 - INFO - [The Dawn] Article: https://www.dawn.com/news/1989584/trump-agrees-to-pakistans-request-to-extend-deadline-for-iran-by-two-weeks
2026-04-07 22:44:49,422 - INFO - [The Dawn] Attempt 2/2: Trying with 'selenium_browser' strategy...
2026-04-07 22:44:49,653 - INFO - [Times of India] Success with 'selenium_browser'. Found content (509 words).
2026-04-07 22:44:49,837 - ERROR - parsed tree length: 1, wrong data type or not valid HTML
2026-04-07 22:44:49,838 - ERROR - empty HTML tree: None
2026-04-07 22:44:49,838 - WARNING - discarding data: None
2026-04-07 22:44:49,838 - WARNING - [Economic Times] FAILED with 'requests_browser' (content was too short: 0 words).
2026-04-07 22:44:50,576 - INFO - [Economic Times] Article: https://economictimes.indiatimes.com/tech/technology/time-for-govt-cos-to-adopt-ai-deloitte-india/articleshow/79981215.cms
2026-04-07 22:44:50,577 - INFO - [Economic Times] Attempt 2/2: Trying with 'selenium_browser' strategy...
2026-04-07 22:44:52,275 - INFO - [Economic Times] Page content loaded.
2026-04-07 22:44:52,553 - INFO - [The Dawn] Page content loaded.
2026-04-07 22:44:52,838 - WARNING - [Economic Times] FAILED with 'selenium_browser' (content was too short: 74 words).
2026-04-07 22:44:52,850 - ERROR - [Economic Times] All scrape strategies failed for https://economictimes.indiatimes.com/tech/technology/time-for-govt-cos-to-adopt-ai-deloitte-india/articleshow/79981215.cms. Falling back to RSS description.
2026-04-07 22:44:52,850 - WARNING - SKIPPED (GLOBAL WORD LIMIT): Article 'Time for government, companies to adopt artificial intelligence: Deloitte India ' from Economic Times has only 49 words (Min: 90).
2026-04-07 22:44:53,715 - INFO - [Economic Times] Early skip: URL https://economictimes.indiatimes.com/news/international/world-news/youve-raised-trump-up-for-such-a-time-for-some-war-is-a-christian-calling/articleshow/130008477.cms already exists.
2026-04-07 22:44:53,716 - INFO - [Economic Times] Early skip: URL https://economictimes.indiatimes.com/news/international/world-news/food-inflation-to-continue-if-west-asia-war-goes-on-un/articleshow/130008421.cms already exists.
2026-04-07 22:44:53,718 - INFO - [Economic Times] Early skip: URL https://economictimes.indiatimes.com/news/defence/boots-on-ground-may-not-be-needed-secretary-of-state-marco-rubio-on-iran-war/articleshow/129853253.cms already exists.
2026-04-07 22:44:53,720 - INFO - [Economic Times] Early skip: URL https://economictimes.indiatimes.com/news/international/world-news/whats-happening-with-iran-us-talks/articleshow/129827872.cms already exists.
2026-04-07 22:44:53,721 - INFO - [Economic Times] Early skip: URL https://economictimes.indiatimes.com/news/new-updates/as-asim-munir-pitches-peace-iran-blocks-pakistans-cargo-ship-at-strait-of-hormuz/articleshow/129796581.cms already exists.
2026-04-07 22:44:53,722 - INFO - [Economic Times] Early skip: URL https://economictimes.indiatimes.com/news/international/world-news/price-availability-does-a-new-gas-crisis-await-europe/articleshow/129707936.cms already exists.
2026-04-07 22:44:53,726 - INFO - [Economic Times] Early skip: URL https://economictimes.indiatimes.com/news/elections/assembly-elections/assam/done-deal-cm-himanta-biswa-sarma-on-nda-seat-sharing-for-assam-polls/articleshow/128678098.cms already exists.
2026-04-07 22:44:53,727 - INFO - [Economic Times] Early skip: URL https://economictimes.indiatimes.com/news/elections/assembly-elections/bihar/rare-intensive-revision-in-bihar-four-months-before-polls/articleshow/122167501.cms already exists.
2026-04-07 22:44:53,729 - INFO - [Economic Times] Early skip: URL https://economictimes.indiatimes.com/news/elections/assembly-elections/delhi/bjp-accuses-kejriwal-of-sending-voters-hoax-calls-to-mislead/articleshow/117579007.cms already exists.
2026-04-07 22:44:53,733 - INFO - [Economic Times] Early skip: URL https://economictimes.indiatimes.com/news/elections/lok-sabha/india/lok-sabha-election-2024-maharashtra-get-interesting-after-splits-in-shiv-sena-ncp/articleshow/108559788.cms already exists.
2026-04-07 22:44:53,736 - INFO - [Economic Times] Early skip: URL https://economictimes.indiatimes.com/news/elections/lok-sabha/india/modi-charisma-key-factor-in-bjps-bid-to-retain-all-26-seats-in-gujarat/articleshow/108550858.cms already exists.
2026-04-07 22:44:53,737 - INFO - [Economic Times] Early skip: URL https://economictimes.indiatimes.com/news/elections/lok-sabha/india/implementation-of-guarantees-decline-of-brs-favour-congress-in-telangana-bjp-aiming-for-better-show/articleshow/108548569.cms already exists.
2026-04-07 22:44:53,739 - INFO - [Economic Times] Early skip: URL https://economictimes.indiatimes.com/traders-bet-on-calendar-spread-as-nifty-moves-in-a-tight-range/articleshow/6302358.cms already exists.
2026-04-07 22:44:53,740 - INFO - [Economic Times] Early skip: URL https://economictimes.indiatimes.com/nifty-may-find-support-at-5300-level/articleshow/6296017.cms already exists.
2026-04-07 22:44:53,742 - INFO - [Economic Times] Early skip: URL https://economictimes.indiatimes.com/seven-out-of-top-10-asian-small-cap-funds-are-indian/articleshow/6295976.cms already exists.
2026-04-07 22:44:53,743 - INFO - [Economic Times] Early skip: URL https://economictimes.indiatimes.com/inflation-reflects-growth-dynamics-in-india-christopher-wood/articleshow/6274053.cms already exists.
2026-04-07 22:44:53,744 - INFO - [Economic Times] Early skip: URL https://economictimes.indiatimes.com/market-may-trade-in-a-range-but-fiis-seen-sold-on-india/articleshow/6277705.cms already exists.
2026-04-07 22:44:53,747 - INFO - [Economic Times] Early skip: URL https://economictimes.indiatimes.com/dont-bank-only-on-price-to-earning-ratio/articleshow/6278228.cms already exists.
2026-04-07 22:44:53,748 - INFO - [Economic Times] Early skip: URL https://economictimes.indiatimes.com/markets/stocks/recos/prabhudas-lilladher-has-a-reduce-rating-on-infosys/articleshow/3798718.cms already exists.
2026-04-07 22:44:53,750 - INFO - [Economic Times] Early skip: URL https://economictimes.indiatimes.com/markets/stocks/recos/fin-crisis-too-late-and-too-little-done-in-us/articleshow/3794549.cms already exists.
2026-04-07 22:44:53,751 - INFO - [Economic Times] Early skip: URL https://economictimes.indiatimes.com/markets/forex/weak-rupee-takes-its-toll-on-cos-with-huge-foreign-debt/articleshow/3546158.cms already exists.
2026-04-07 22:44:53,752 - INFO - [Economic Times] Early skip: URL https://economictimes.indiatimes.com/markets/stocks/recos/wait-for-more-signals-before-turning-positive/articleshow/3292640.cms already exists.
2026-04-07 22:44:53,754 - INFO - [Economic Times] Early skip: URL https://economictimes.indiatimes.com/news/company/corporate-trends/six-indian-cos-among-businessweeks-top-100-infotech-firms/articleshow/3189334.cms already exists.
2026-04-07 22:44:53,756 - INFO - [Economic Times] Early skip: URL https://economictimes.indiatimes.com/news/company/corporate-trends/indian-firms-slip-in-global-ranking-four-move-out-of-top-500/articleshow/3177077.cms already exists.
2026-04-07 22:44:53,757 - INFO - [Economic Times] Early skip: URL https://economictimes.indiatimes.com/markets/stocks/news/big-daddy-laps-up-cipla-after-q1-nos-beat-forecast/articleshow/6308646.cms already exists.
2026-04-07 22:44:53,758 - INFO - [Economic Times] Early skip: URL https://economictimes.indiatimes.com/markets/stocks/news/old-fox-has-dream-run-on-dalal-street/articleshow/6308631.cms already exists.
2026-04-07 22:44:53,760 - INFO - [Economic Times] Early skip: URL https://economictimes.indiatimes.com/markets/stocks/news/cairn-india-hits-record-high-on-bse-amid-stake-sale-talks/articleshow/6306679.cms already exists.
2026-04-07 22:44:53,769 - INFO - [Economic Times] Early skip: URL https://economictimes.indiatimes.com/markets/stocks/news/vedanta-plunges-5-59-per-cent-on-lse-amid-talks-to-buy-cairn-stake/articleshow/6306526.cms already exists.
2026-04-07 22:44:53,772 - INFO - [Economic Times] Early skip: URL https://economictimes.indiatimes.com/markets/stocks/news/sbi-shares-on-gaining-spree-hit-record-high/articleshow/6306241.cms already exists.
2026-04-07 22:44:53,773 - INFO - [Economic Times] Early skip: URL https://economictimes.indiatimes.com/fm-must-rethink/articleshow/5645094.cms already exists.
2026-04-07 22:44:53,774 - INFO - [Economic Times] Early skip: URL https://economictimes.indiatimes.com/amalgamate-banks/articleshow/5645086.cms already exists.
2026-04-07 22:44:53,776 - INFO - [Economic Times] Early skip: URL https://economictimes.indiatimes.com/managing-data/articleshow/5117958.cms already exists.
2026-04-07 22:44:53,777 - INFO - [Economic Times] Early skip: URL https://economictimes.indiatimes.com/right-technology/articleshow/5117957.cms already exists.
2026-04-07 22:44:53,778 - INFO - [Economic Times] Early skip: URL https://economictimes.indiatimes.com/et-search/articleshow/21646857.cms already exists.
2026-04-07 22:44:53,780 - INFO - [Economic Times] Early skip: URL https://economictimes.indiatimes.com/after-the-oscars-whats-next-for-silent-stars-of-the-artist/articleshow/12075465.cms already exists.
2026-04-07 22:44:53,781 - INFO - [Economic Times] Early skip: URL https://economictimes.indiatimes.com/delhi-world-book-fair-a-fair-like-no-other/articleshow/12028630.cms already exists.
2026-04-07 22:44:53,783 - INFO - [Economic Times] Early skip: URL https://economictimes.indiatimes.com/lk-advanis-gift-makes-its-way-to-state-department-exhibition-hall/articleshow/12017534.cms already exists.
2026-04-07 22:44:53,784 - INFO - [Economic Times] Early skip: URL https://economictimes.indiatimes.com/india-meteorological-department-to-use-dynamic-models-for-forecasts/articleshow/11983844.cms already exists.
2026-04-07 22:44:53,785 - INFO - [Economic Times] Early skip: URL https://economictimes.indiatimes.com/documents-reveal-contents-of-the-first-telegraph-message-between-india-england/articleshow/11976488.cms already exists.
2026-04-07 22:44:53,787 - INFO - [Economic Times] Early skip: URL https://economictimes.indiatimes.com/worried-amitabh-bachchan-fans-pray-to-lord-shiva-for-his-recovery/articleshow/11963187.cms already exists.
2026-04-07 22:44:53,788 - INFO - [Economic Times] Early skip: URL https://economictimes.indiatimes.com/opinion/interviews/every-decision-of-government-neednt-be-a-big-reform-anand-mahindra/articleshow/35919571.cms already exists.
2026-04-07 22:44:53,789 - INFO - [Economic Times] Early skip: URL https://economictimes.indiatimes.com/opinion/interviews/narendra-modi-has-his-eyes-set-on-boosting-business-joao-cravinho-eu-ambassador/articleshow/35973824.cms already exists.
2026-04-07 22:44:53,790 - INFO - [Economic Times] Early skip: URL https://economictimes.indiatimes.com/opinion/interviews/confidence-level-of-industry-improving-kv-kamath-icici-bank/articleshow/35945669.cms already exists.
2026-04-07 22:44:53,792 - INFO - [Economic Times] Early skip: URL https://economictimes.indiatimes.com/opinion/interviews/we-may-see-rapid-growth-over-the-next-few-years-raamdeo-agrawal/articleshow/35831378.cms already exists.
2026-04-07 22:44:53,793 - INFO - [Economic Times] Early skip: URL https://economictimes.indiatimes.com/opinion/interviews/our-commitment-for-press-freedom-and-autonomy-of-public-broadcast-is-absolute-prakash-javadekar/articleshow/35803396.cms already exists.
2026-04-07 22:44:53,794 - INFO - [Economic Times] Early skip: URL https://economictimes.indiatimes.com/opinion/interviews/there-is-a-leadership-vacuum-in-infosys-time-to-get-nandan-nilekani-back-mohandas-pai/articleshow/35716682.cms already exists.
2026-04-07 22:44:53,796 - INFO - [Economic Times] Early skip: URL https://economictimes.indiatimes.com/markets/stocks/news/oil-prices-to-hit-150-how-indian-stock-markets-may-react-as-iran-war-rages-on/articleshow/129587020.cms already exists.
2026-04-07 22:44:53,797 - INFO - [Economic Times] Early skip: URL https://economictimes.indiatimes.com/markets/us-stocks/news/why-a-7030-india-global-portfolio-makes-sense-in-a-changing-world-subho-moulik-decodes/articleshow/127604085.cms already exists.
2026-04-07 22:44:53,799 - INFO - [Economic Times] Early skip: URL https://economictimes.indiatimes.com/markets/expert-view/kaynes-shares-plunge-43-from-october-peak-is-a-tactical-rebound-on-the-cards-or-more-pain-ahead/articleshow/125815992.cms already exists.
2026-04-07 22:44:53,800 - INFO - [Economic Times] Early skip: URL https://economictimes.indiatimes.com/markets/stocks/news/warren-buffett-is-buying-michael-burry-is-shorting-the-ai-trade-splitting-wall-street/articleshow/125815521.cms already exists.
2026-04-07 22:44:53,801 - INFO - [Economic Times] Early skip: URL https://economictimes.indiatimes.com/markets/ipos/fpos/softbank-backed-acevector-files-updated-ipo-papers-targets-to-raise-rs-300-cr-via-fresh-issue/articleshow/125813493.cms already exists.
2026-04-07 22:44:53,802 - INFO - [Economic Times] Early skip: URL https://economictimes.indiatimes.com/markets/stocks/news/mcap-of-five-of-top-10-most-valued-firms-surges-rs-72285-cr-tcs-infosys-biggest-winners/articleshow/125813435.cms already exists.
2026-04-07 22:44:53,804 - INFO - [Economic Times] Early skip: URL https://economictimes.indiatimes.com/markets/stocks/news/alfa-laval-raises-delisting-price-to-rs-2850-a-share/articleshow/11437373.cms already exists.
2026-04-07 22:44:53,806 - INFO - [Economic Times] Early skip: URL https://economictimes.indiatimes.com/markets/stocks/news/db-realty-unitech-stocks-rose-after-top-executives-granted-bail-in-2g-scam/articleshow/10925114.cms already exists.
2026-04-07 22:44:53,808 - INFO - [Economic Times] Early skip: URL https://economictimes.indiatimes.com/markets/stocks/news/fitch-withdraws-reliance-capital-ratings/articleshow/10430814.cms already exists.
2026-04-07 22:44:53,809 - INFO - [Economic Times] Early skip: URL https://economictimes.indiatimes.com/markets/stocks/news/discoms-poor-financial-health-poses-risks-for-power-traders-fitch/articleshow/10430186.cms already exists.
2026-04-07 22:44:53,811 - INFO - [Economic Times] Early skip: URL https://economictimes.indiatimes.com/markets/stocks/news/cigarette-companies-price-hikes-with-higher-volumes-hold-promise/articleshow/9277179.cms already exists.
2026-04-07 22:44:53,812 - INFO - [Economic Times] Early skip: URL https://economictimes.indiatimes.com/markets/stocks/news/lovable-lingeries-dream-run-on-as-traders-lap-it-up/articleshow/8894615.cms already exists.
2026-04-07 22:44:53,814 - INFO - [Economic Times] (Thread) Finished. Attempting to shut down its Selenium driver.
2026-04-07 22:44:53,984 - INFO - [Economic Times] (Thread) driver.quit() successful.
2026-04-07 22:44:54,242 - INFO - [The Dawn] Success with 'selenium_browser'. Found content (1060 words).
2026-04-07 22:45:23,750 - INFO - >>> SUCCESSFULLY SAVED [ID: 49207] - US seeks to deport Kilmar Ábrego García to Liberia despite new Costa Rica deal | US immigration | The Guardian from The Guardian (408 words)
2026-04-07 22:45:24,495 - INFO - [The Guardian] Early skip: URL https://www.theguardian.com/world/2026/apr/07/cambodian-man-pheap-rom-deported-us-eswatini already exists.
2026-04-07 22:45:24,496 - INFO - [The Guardian] Early skip: URL https://www.theguardian.com/world/2026/apr/03/people-burkina-faso-should-forget-about-democracy-military-ruler-ibrahim-traore already exists.
2026-04-07 22:45:24,498 - INFO - [The Guardian] Early skip: URL https://www.theguardian.com/us-news/2026/apr/02/uganda-receives-first-us-deportation-flight-under-third-country-agreement already exists.
2026-04-07 22:45:24,499 - INFO - [The Guardian] Early skip: URL https://www.theguardian.com/us-news/2026/mar/30/ilhan-omar-false-reports-somaliland already exists.
2026-04-07 22:45:24,500 - INFO - [The Guardian] Early skip: URL https://www.theguardian.com/uk-news/2026/apr/07/commonwealth-leaders-vow-to-keep-seeking-reparations-after-reform-uk-plan-to-halt-visas already exists.
2026-04-07 22:45:24,501 - INFO - [The Guardian] Early skip: URL https://www.theguardian.com/us-news/2026/apr/07/plane-birth-jamaica-new-york already exists.
2026-04-07 22:45:24,502 - INFO - [The Guardian] Early skip: URL https://www.theguardian.com/world/2026/apr/07/first-nation-decries-alberta-separatist-push-canada already exists.
2026-04-07 22:45:24,504 - INFO - [The Guardian] Early skip: URL https://www.theguardian.com/technology/2026/apr/07/toronto-rosedale-row-virtual-gated-community-ai-surveillance-flock already exists.
2026-04-07 22:45:24,505 - INFO - [The Guardian] Early skip: URL https://www.theguardian.com/world/2026/apr/07/metoo-movement-brings-wave-of-harassment-claims-across-colombia already exists.
2026-04-07 22:45:24,506 - INFO - [The Guardian] Article: https://www.theguardian.com/society/ng-interactive/2026/apr/08/world-held-hostage-reliance-fossil-fuels-health-christiana-figueres
2026-04-07 22:45:24,506 - INFO - [The Guardian] Attempt 1/1: Trying with 'requests_browser' strategy...
2026-04-07 22:45:24,613 - INFO - [The Guardian] Success with 'requests_browser'. Found content (961 words).
2026-04-07 22:45:40,032 - INFO - >>> SUCCESSFULLY SAVED [ID: 49208] - Iran war: Indian migrant workers hit by cooking gas cylinder shortages leave cities from BBC (997 words)
2026-04-07 22:45:41,064 - INFO - [BBC] Early skip: URL https://www.bbc.com/news/articles/c145enxln0go?at_medium=RSS&at_campaign=rss already exists.
2026-04-07 22:45:41,065 - INFO - [BBC] Early skip: URL https://www.bbc.com/news/articles/cjenpy8gx71o?at_medium=RSS&at_campaign=rss already exists.
2026-04-07 22:45:41,067 - INFO - [BBC] Early skip: URL https://www.bbc.com/news/articles/cvgl0ng8z0do?at_medium=RSS&at_campaign=rss already exists.
2026-04-07 22:45:41,068 - INFO - [BBC] Early skip: URL https://www.bbc.com/news/articles/clye6j0g840o?at_medium=RSS&at_campaign=rss already exists.
2026-04-07 22:45:41,069 - INFO - [BBC] Article: https://www.bbc.com/news/videos/c4g5j33p6vno?at_medium=RSS&at_campaign=rss
2026-04-07 22:45:41,069 - INFO - [BBC] Attempt 1/1: Trying with 'requests_browser' strategy...
2026-04-07 22:45:41,168 - WARNING - [BBC] FAILED with 'requests_browser' (content was too short: 44 words).
2026-04-07 22:45:41,168 - ERROR - [BBC] All scrape strategies failed for https://www.bbc.com/news/videos/c4g5j33p6vno?at_medium=RSS&at_campaign=rss. Falling back to RSS description.
2026-04-07 22:45:41,168 - WARNING - SKIPPED (GLOBAL WORD LIMIT): Article 'Iranians form human chains at bridges and power plants' from BBC has only 20 words (Min: 90).
2026-04-07 22:45:41,932 - INFO - [BBC] Early skip: URL https://www.bbc.com/news/videos/c5yx8my3724o?at_medium=RSS&at_campaign=rss already exists.
2026-04-07 22:45:41,937 - INFO - [BBC] Early skip: URL https://www.bbc.com/news/videos/c3r3vw4j38do?at_medium=RSS&at_campaign=rss already exists.
2026-04-07 22:45:41,938 - INFO - [BBC] Early skip: URL https://www.bbc.com/news/videos/ce3d5gkd2geo?at_medium=RSS&at_campaign=rss already exists.
2026-04-07 22:45:41,940 - INFO - [BBC] Early skip: URL https://www.bbc.com/news/videos/c7vqlr5gqr0o?at_medium=RSS&at_campaign=rss already exists.
2026-04-07 22:45:56,819 - INFO - >>> SUCCESSFULLY SAVED [ID: 49209] - Arsenal beat Sporting with late Havertz goal in Champions League quarters | Football News | Al Jazeera from Al Jazeera (710 words)
2026-04-07 22:45:57,340 - INFO - [Al Jazeera] Article: https://www.aljazeera.com/video/2026/4/7/djibouti-and-the-horn-of-africa-new-front-in-the-war-on-iran?traffic_source=rss
2026-04-07 22:45:57,340 - INFO - [Al Jazeera] Attempt 1/2: Trying with 'requests_browser' strategy...
2026-04-07 22:45:57,377 - INFO - [Al Jazeera] Success with 'requests_browser'. Found content (92 words).
2026-04-07 22:46:13,763 - INFO - >>> SUCCESSFULLY SAVED [ID: 49210] - CBI examines former DEA Secretary in currency thread contract case - The Hindu from The Hindu (301 words)
2026-04-07 22:46:15,183 - INFO - [The Hindu] Article: https://www.thehindu.com/elections/tamil-nadu-assembly/vijay-mass-appeal-strong-grass-roots-strength-still-evolving/article70834237.ece
2026-04-07 22:46:15,184 - INFO - [The Hindu] Attempt 1/1: Trying with 'selenium_browser' strategy...
2026-04-07 22:46:16,199 - INFO - [The Hindu] Page content loaded.
2026-04-07 22:46:16,286 - INFO - [The Hindu] Success with 'selenium_browser'. Found content (768 words).
2026-04-07 22:46:35,986 - INFO - >>> SUCCESSFULLY SAVED [ID: 49211] - Theo Von: Theo Von draws criticism after Easter post with Candace Owens leaves fans debating his stance following Joe Rogan episode - The Times of India from Times of India (509 words)
2026-04-07 22:46:37,439 - INFO - [Times of India] Early skip: URL https://timesofindia.indiatimes.com/world/us/marjorie-taylor-greene-ro-khanna-schumer-call-for-25th-amendment-to-remove-trump-not-a-single-bomb-has-/articleshow/130092387.cms already exists.
2026-04-07 22:46:37,440 - INFO - [Times of India] Early skip: URL https://timesofindia.indiatimes.com/world/europe/german-indian-guru-kept-children-aged-7-and-11-as-guards-portrayed-self-as-spiritual-teacher-arrested-in-italy/articleshow/130090995.cms already exists.
2026-04-07 22:46:37,442 - INFO - [Times of India] Early skip: URL https://timesofindia.indiatimes.com/world/middle-east/russia-china-veto-un-resolution-to-reopen-strait-of-hormuz/articleshow/130091501.cms already exists.
2026-04-07 22:46:37,443 - INFO - [Times of India] Early skip: URL https://timesofindia.indiatimes.com/world/rest-of-world/indian-woman-in-canada-shocked-after-being-victim-of-distraction-theft-four-gold-bangles-taken-off-her-wrists-on-morning-walk/articleshow/130091454.cms already exists.
2026-04-07 22:46:37,444 - INFO - [Times of India] Early skip: URL https://timesofindia.indiatimes.com/world/us/is-jd-vance-unaware-of-trumps-iran-strikes-vp-caught-off-guard-at-press-briefing-as-reporters-ask-him-to-check-phone/articleshow/130089990.cms already exists.
2026-04-07 22:46:37,445 - INFO - [Times of India] Early skip: URL https://timesofindia.indiatimes.com/world/us/trump-rubio-working-to-revoke-visas-of-3000-4000-iranian-elites-living-in-us-says-katie-miller/articleshow/130090287.cms already exists.
2026-04-07 22:46:37,447 - INFO - [Times of India] Early skip: URL https://timesofindia.indiatimes.com/world/middle-east/dangerous-escalation-pakistan-condemns-iranian-attacks-on-saudi-energy-facilities/articleshow/130089859.cms already exists.
2026-04-07 22:46:37,448 - INFO - [Times of India] Early skip: URL https://timesofindia.indiatimes.com/world/us/maga-otw-to-kill-trump-florida-man-arrested-for-threatening-us-president-posting-photo-with-rifle/articleshow/130089549.cms already exists.
2026-04-07 22:46:37,449 - INFO - [Times of India] Early skip: URL https://timesofindia.indiatimes.com/etimes/trending/did-you-know-nyc-once-flew-helicopters-from-skyscraper-rooftops-to-airports-in-1965-heres-how-it-all-went-wrong/articleshow/130085042.cms already exists.
2026-04-07 22:46:37,450 - INFO - [Times of India] Early skip: URL https://timesofindia.indiatimes.com/world/us/dont-blame-frisco-people-for-h-1b-takeover-blame-congress-expert-on-hatred-against-indians-in-texas/articleshow/130088693.cms already exists.
2026-04-07 22:46:37,452 - INFO - [Times of India] (Thread) Finished. Attempting to shut down its Selenium driver.
2026-04-07 22:46:37,626 - INFO - [Times of India] (Thread) driver.quit() successful.
2026-04-07 22:46:52,852 - INFO - >>> SUCCESSFULLY SAVED [ID: 49212] - Trump agrees to Pakistan’s request to extend deadline for Iran by two weeks - World - DAWN.COM from The Dawn (1060 words)
2026-04-07 22:46:54,019 - INFO - [The Dawn] Early skip: URL https://www.dawn.com/news/1989533/china-russia-veto-un-resolution-to-reopen-strait-of-hormuz already exists.
2026-04-07 22:46:54,021 - INFO - [The Dawn] Early skip: URL https://www.dawn.com/news/1989566/dar-says-israeli-attack-on-iran-set-off-dangerous-developments-that-severely-damaged-peace-process already exists.
2026-04-07 22:46:54,023 - INFO - [The Dawn] Early skip: URL https://www.dawn.com/news/1989572/democrats-call-on-republicans-to-prioritise-patriotic-duty-over-party-loyalty-and-stop-trumps-madness already exists.
2026-04-07 22:46:54,024 - INFO - [The Dawn] Early skip: URL https://www.dawn.com/news/1989497/armys-top-brass-condemns-attacks-on-saudi-arabia-as-unnecessary-escalation-ispr already exists.
2026-04-07 22:46:54,025 - INFO - [The Dawn] Early skip: URL https://www.dawn.com/news/1989557/indian-billionaire-gautam-adani-will-seek-to-dismiss-fraud-case-in-us already exists.
2026-04-07 22:46:54,026 - INFO - [The Dawn] Early skip: URL https://www.dawn.com/news/1989540/pm-shehbaz-calls-on-nation-to-contribute-to-fuel-conservation-austerity-drive already exists.
2026-04-07 22:46:54,028 - INFO - [The Dawn] Early skip: URL https://www.dawn.com/news/1989511/efforts-to-facilitate-talks-between-us-and-iran-ongoing-pakistani-sources-say already exists.
2026-04-07 22:46:54,029 - INFO - [The Dawn] Early skip: URL https://www.dawn.com/news/1989409/imrans-sisters-uzma-noreen-arrested-as-pti-braves-rainy-weather-section-144-to-protest-outside-adiala-jail already exists.
2026-04-07 22:46:54,030 - INFO - [The Dawn] Early skip: URL https://www.dawn.com/news/1989505/pakistan-has-repaid-143-billion-in-debt-including-eurobond-due-april-8-adviser-says already exists.
2026-04-07 22:46:54,031 - INFO - [The Dawn] Early skip: URL https://www.dawn.com/news/1989473/dangerous-escalation-pakistan-condemns-iranian-strikes-on-saudi-arabias-energy-facilities already exists.
2026-04-07 22:46:54,033 - INFO - [The Dawn] Early skip: URL https://www.dawn.com/news/1989510/pmdc-to-hold-exam-for-medical-students-seeking-transfer-to-pakistani-institutions-on-may-16 already exists.
2026-04-07 22:46:54,034 - INFO - [The Dawn] Early skip: URL https://www.dawn.com/news/1989513/several-people-evacuated-as-rain-causes-flooding-in-parts-of-peshawar already exists.
2026-04-07 22:46:54,035 - INFO - [The Dawn] Early skip: URL https://www.dawn.com/news/1989429/no-impact-of-middle-east-conflict-on-remittances-from-gulf-countries-so-far-finance-minister already exists.
2026-04-07 22:46:54,036 - INFO - [The Dawn] Early skip: URL https://www.dawn.com/news/1989479/karachi-kings-captain-david-warner-charged-with-drink-driving-in-sydney-reports already exists.
2026-04-07 22:46:54,038 - INFO - [The Dawn] Early skip: URL https://www.dawn.com/news/1989466/gunman-killed-2-wounded-in-shootout-outside-israels-istanbul-consulate already exists.
2026-04-07 22:46:54,039 - INFO - [The Dawn] Early skip: URL https://www.dawn.com/news/1989454/asian-development-bank-to-support-pakistans-solar-transition-power-sector-reforms already exists.
2026-04-07 22:46:54,040 - INFO - [The Dawn] Early skip: URL https://www.dawn.com/news/1989487/petrol-pump-owners-dealers-demand-increase-in-commission-proportionate-to-recent-price-hikes already exists.
2026-04-07 22:46:54,041 - INFO - [The Dawn] Early skip: URL https://www.dawn.com/news/1989424/soaring-costs-fuel-shortage-fears-drive-pakistan-to-electric-motorbikes already exists.
2026-04-07 22:46:54,043 - INFO - [The Dawn] Early skip: URL https://www.dawn.com/news/1989467/pakistan-condemns-storming-of-al-aqsa-mosque-by-israeli-occupation-forces already exists.
2026-04-07 22:46:54,044 - INFO - [The Dawn] Early skip: URL https://www.dawn.com/news/1989435/190m-graft-case-ihc-chief-justice-directs-authorities-to-facilitate-imrans-meeting-with-lawyer already exists.
2026-04-07 22:46:54,045 - INFO - [The Dawn] Early skip: URL https://www.dawn.com/news/1989439/lhc-grants-post-arrest-bail-to-canadian-scholar-in-cybercrime-case already exists.
2026-04-07 22:46:54,046 - INFO - [The Dawn] Early skip: URL https://www.dawn.com/news/1989519/pre-admission-of-genocide-politicos-blast-trump-over-threat-to-destroy-a-whole-civilisation-in-iran already exists.
2026-04-07 22:46:54,047 - INFO - [The Dawn] Early skip: URL https://www.dawn.com/news/1989392/unsc-to-vote-on-hormuz-resolution-ahead-of-trump-deadline already exists.
2026-04-07 22:46:54,048 - INFO - [The Dawn] Early skip: URL https://www.dawn.com/news/1989401/five-policemen-injured-in-ied-attack-targeting-police-patrol-in-lakki-marwat already exists.
2026-04-07 22:46:54,050 - INFO - [The Dawn] Early skip: URL https://www.dawn.com/news/1989403/artemis-ii-moon-crew-flies-farther-than-humans-have-ever-gone-before already exists.
2026-04-07 22:46:54,051 - INFO - [The Dawn] Early skip: URL https://www.dawn.com/news/1989405/india-moves-closer-to-nuclear-fuel-self-reliance already exists.
2026-04-07 22:46:54,052 - INFO - [The Dawn] Early skip: URL https://www.dawn.com/news/1989433/ecp-dismisses-mqm-p-request-for-2-month-extension-in-intra-party-elections-case already exists.
2026-04-07 22:46:54,054 - INFO - [The Dawn] (Thread) Finished. Attempting to shut down its Selenium driver.
2026-04-07 22:46:54,177 - INFO - [The Dawn] (Thread) driver.quit() successful.
2026-04-07 22:47:08,936 - INFO - >>> SUCCESSFULLY SAVED [ID: 49213] - World held hostage by reliance on fossil fuels, Christiana Figueres warns – and climate health impacts are ‘mother of all injustices’ | Health | The Guardian from The Guardian (961 words)
2026-04-07 22:47:09,759 - INFO - [The Guardian] Early skip: URL https://www.theguardian.com/world/2026/apr/06/thailand-pm-calls-for-energy-saving-as-middle-east-conflict-drives-price-surge already exists.
2026-04-07 22:47:09,760 - INFO - [The Guardian] Early skip: URL https://www.theguardian.com/environment/2026/apr/06/weather-tracker-warm-march-in-us-leaves-snowpack-critically-low already exists.
2026-04-07 22:47:09,762 - INFO - [The Guardian] Early skip: URL https://www.theguardian.com/world/2026/apr/06/when-suzuki-met-suzuki-tokyo-dating-agency-matching-surnames-japan already exists.
2026-04-07 22:47:09,763 - INFO - [The Guardian] Early skip: URL https://www.theguardian.com/world/2026/apr/03/asia-fuel-crisis-iran-war-ordinary-workers already exists.
2026-04-07 22:47:09,764 - INFO - [The Guardian] Early skip: URL https://www.theguardian.com/australia-news/live/2026/apr/08/ben-roberts-smith-court-anthony-albanese-labor-angus-taylor-matt-canavan-liberal-national-coalition-fuel-prices-oil-crisis-iran-war-ntwnfb already exists.
2026-04-07 22:47:09,765 - INFO - [The Guardian] Early skip: URL https://www.theguardian.com/australia-news/2026/apr/07/rmit-student-gaza-genocide-social-media-post-misconduct-hearing-ntwnfb already exists.
2026-04-07 22:47:09,766 - INFO - [The Guardian] Early skip: URL https://www.theguardian.com/australia-news/2026/apr/07/australian-greens-max-chandler-mather-voters-major-parties-one-nation already exists.
2026-04-07 22:47:09,768 - INFO - [The Guardian] Article: https://www.theguardian.com/australia-news/2026/apr/07/labors-plan-to-restrict-gambling-ads-set-to-reduce-wagering-by-just-08-government-analysis-shows
2026-04-07 22:47:09,768 - INFO - [The Guardian] Attempt 1/1: Trying with 'requests_browser' strategy...
2026-04-07 22:47:09,855 - INFO - [The Guardian] Success with 'requests_browser'. Found content (701 words).
2026-04-07 22:47:24,792 - INFO - >>> SUCCESSFULLY SAVED [ID: 49214] - Djibouti and the Horn of Africa: new front in the war on Iran | US-Israel war on Iran | Al Jazeera from Al Jazeera (92 words)
2026-04-07 22:47:25,648 - INFO - [Al Jazeera] Article: https://www.aljazeera.com/news/2026/4/7/iran-warns-region-and-beyond-as-tension-builds-ahead-of-us-ultimatum?traffic_source=rss
2026-04-07 22:47:25,648 - INFO - [Al Jazeera] Attempt 1/2: Trying with 'requests_browser' strategy...
2026-04-07 22:47:25,686 - INFO - [Al Jazeera] Success with 'requests_browser'. Found content (645 words).
2026-04-07 22:47:40,410 - INFO - >>> SUCCESSFULLY SAVED [ID: 49215] - Untested TVK adding suspense to the script of Tamil Nadu thriller this time - The Hindu from The Hindu (768 words)
2026-04-07 22:47:41,257 - INFO - [The Hindu] Early skip: URL https://www.thehindu.com/news/national/assam-police-at-congress-leader-pawan-kheras-residence-in-delhi/article70833431.ece already exists.
2026-04-07 22:47:41,258 - INFO - [The Hindu] Early skip: URL https://www.thehindu.com/news/national/tamil-nadu/sathankulam-jayaraj-benicks-custodial-deaths-case-all-nine-policemen-sentenced-to-death/article70830300.ece already exists.
2026-04-07 22:47:41,260 - INFO - [The Hindu] Early skip: URL https://www.thehindu.com/opinion/editorial/two-plus-one-on-the-april-9-assembly-elections-in-kerala-assam-and-puducherry/article70834907.ece already exists.
2026-04-07 22:47:41,261 - INFO - [The Hindu] Early skip: URL https://www.thehindu.com/news/national/uttarakhand/uttarakhand-police-unable-to-enforce-ucc-due-to-delay-in-software-update/article70834457.ece already exists.
2026-04-07 22:47:41,262 - INFO - [The Hindu] Early skip: URL https://www.thehindu.com/news/national/odisha/several-villagers-police-personnel-injured-in-clash-in-odisha-amid-protests-against-mining-of-bauxite/article70834409.ece already exists.
2026-04-07 22:47:41,263 - INFO - [The Hindu] Early skip: URL https://www.thehindu.com/videos/shows/the-2020-sattankulamcustodial-deaths-case-and-woman-police-constable-revathi-testimony-focus-tamil-nadu/article70835265.ece already exists.
2026-04-07 22:47:41,264 - INFO - [The Hindu] Early skip: URL https://www.thehindu.com/news/national/bihar/class-4-student-comes-home-drunk-23-liquor-cartons-seized-from-bihargovt-school-toilet/article70834342.ece already exists.
2026-04-07 22:47:41,266 - INFO - [The Hindu] Early skip: URL https://www.thehindu.com/news/national/uttarakhand/meat-shops-inharidwar-to-be-shifted-to-outskirts-ahead-ofardhkumbh/article70834529.ece already exists.
2026-04-07 22:47:41,267 - INFO - [The Hindu] Early skip: URL https://www.thehindu.com/news/national/haryana/didnt-spend-a-pennyinldaccuses-haryanagovt-of-gross-financial-mismanagement/article70835062.ece already exists.
2026-04-07 22:47:41,268 - INFO - [The Hindu] Article: https://www.thehindu.com/opinion/op-ed/kerala-polls-ignore-a-gulf-lifeline-at-risk/article70834211.ece
2026-04-07 22:47:41,268 - INFO - [The Hindu] Attempt 1/1: Trying with 'selenium_browser' strategy...
2026-04-07 22:47:42,467 - INFO - [The Hindu] Page content loaded.
2026-04-07 22:47:42,574 - INFO - [The Hindu] Success with 'selenium_browser'. Found content (711 words).
2026-04-07 22:47:58,967 - INFO - >>> SUCCESSFULLY SAVED [ID: 49216] - Labor’s plan to restrict gambling ads will reduce spending by just 0.8%, government analysis says | Gambling | The Guardian from The Guardian (701 words)
2026-04-07 22:47:59,571 - INFO - [The Guardian] Early skip: URL https://www.theguardian.com/australia-news/2026/apr/07/ben-roberts-smith-alleged-war-crimes-analysis-ntwnfb already exists.
2026-04-07 22:47:59,572 - INFO - [The Guardian] Early skip: URL https://www.theguardian.com/world/2026/apr/07/jd-vance-hungary-viktor-orban-election already exists.
2026-04-07 22:47:59,574 - INFO - [The Guardian] Early skip: URL https://www.theguardian.com/world/2026/apr/07/jd-vance-eu-interference-hungary-election-viktor-orban already exists.
2026-04-07 22:47:59,575 - INFO - [The Guardian] Early skip: URL https://www.theguardian.com/world/live/2026/apr/07/jd-vance-budapest-viktor-orban-hungary-election-france-nicolas-sarkozy-denmark-coalition-russia-ukraine-europe-latest-updates-news already exists.
2026-04-07 22:47:59,576 - INFO - [The Guardian] Early skip: URL https://www.theguardian.com/world/2026/apr/07/spain-politician-clash-picasso-guernica already exists.
2026-04-07 22:47:59,577 - INFO - [The Guardian] Early skip: URL https://www.theguardian.com/world/2026/apr/07/viktor-orban-told-putin-i-am-at-your-service-in-october-phonecall already exists.
2026-04-07 22:47:59,578 - INFO - [The Guardian] Early skip: URL https://www.theguardian.com/world/live/2026/apr/07/iran-war-live-updates-trump-hormuz-threats-deadline-strikes-middle-east-conflict already exists.
2026-04-07 22:47:59,580 - INFO - [The Guardian] Early skip: URL https://www.theguardian.com/world/2026/apr/07/israel-warns-iran-lives-at-risk-if-they-use-trains-trump-deadline already exists.
2026-04-07 22:47:59,581 - INFO - [The Guardian] Early skip: URL https://www.theguardian.com/us-news/2026/apr/07/trump-iran-threat-truth-social already exists.
2026-04-07 22:47:59,582 - INFO - [The Guardian] Early skip: URL https://www.theguardian.com/world/2026/apr/07/us-journalist-kidnapped-iraq-released already exists.
2026-04-07 22:47:59,583 - INFO - [The Guardian] Early skip: URL https://www.theguardian.com/world/2026/apr/07/iran-young-people-human-chains-power-plants-donald-trump-deadline-looms already exists.
2026-04-07 22:47:59,584 - INFO - [The Guardian] Early skip: URL https://www.theguardian.com/world/2026/apr/07/bangladesh-measles-vaccination-drive-child-death-toll already exists.
2026-04-07 22:47:59,586 - INFO - [The Guardian] Early skip: URL https://www.theguardian.com/world/2026/apr/04/india-fuel-crisis-fertiliser-shortage-farming already exists.
2026-04-07 22:47:59,587 - INFO - [The Guardian] Early skip: URL https://www.theguardian.com/world/2026/apr/03/mynanmar-junta-chief-min-aung-hlaing-profile already exists.
2026-04-07 22:47:59,588 - INFO - [The Guardian] Early skip: URL https://www.theguardian.com/world/2026/mar/31/pakistan-china-propose-five-part-peace-plan-middle-east already exists.
2026-04-07 22:47:59,589 - INFO - [The Guardian] Early skip: URL https://www.theguardian.com/world/2026/mar/28/kp-sharma-oli-nepal-arrested-alleged-role-protest-crackdown-ntwnfb already exists.
2026-04-07 22:47:59,590 - INFO - [The Guardian] Early skip: URL https://www.theguardian.com/politics/2026/apr/07/antonia-romeo-handed-powerful-mandate-to-deliver-no-10s-priorities already exists.
2026-04-07 22:47:59,591 - INFO - [The Guardian] Early skip: URL https://www.theguardian.com/uk-news/2026/apr/07/hms-dragon-docks-in-eastern-mediterranean-after-issues-with-water-systems already exists.
2026-04-07 22:47:59,593 - INFO - [The Guardian] Early skip: URL https://www.theguardian.com/music/2026/apr/07/home-office-bans-kanye-west-from-entering-uk-wireless-festival already exists.
2026-04-07 22:47:59,594 - INFO - [The Guardian] Early skip: URL https://www.theguardian.com/world/2026/apr/07/pressure-starmer-curb-access-trump-threat-iran already exists.
2026-04-07 22:47:59,595 - INFO - [The Guardian] Early skip: URL https://www.theguardian.com/society/2026/apr/07/refugee-charity-schools-valentines-cards-asylum-seekers already exists.
2026-04-07 22:47:59,596 - INFO - [The Guardian] Early skip: URL https://www.theguardian.com/us-news/live/2026/apr/07/government-shutdown-congress-house-of-representatives-donald-trump-republicans-democrats-ice-us-politics-latest-updates-news already exists.
2026-04-07 22:47:59,597 - INFO - [The Guardian] Early skip: URL https://www.theguardian.com/us-news/2026/apr/07/us-soldier-wife-ice-arrest already exists.
2026-04-07 22:47:59,599 - INFO - [The Guardian] Early skip: URL https://www.theguardian.com/us-news/2026/apr/07/chad-bianco-sheriff-california-ballot-seizure-prop-50 already exists.
2026-04-07 22:47:59,600 - INFO - [The Guardian] Early skip: URL https://www.theguardian.com/us-news/2026/apr/07/trump-iran-threats-retired-military-war-crimes already exists.
2026-04-07 22:47:59,602 - INFO - [The Guardian] Article: https://www.theguardian.com/us-news/2026/apr/07/dhs-secretary-state-fema-disaster-response
2026-04-07 22:47:59,602 - INFO - [The Guardian] Attempt 1/1: Trying with 'requests_browser' strategy...
2026-04-07 22:47:59,704 - INFO - [The Guardian] Success with 'requests_browser'. Found content (560 words).
2026-04-07 22:48:14,830 - INFO - >>> SUCCESSFULLY SAVED [ID: 49217] - Iran warns region and beyond as tension builds ahead of US ultimatum | US-Israel war on Iran News | Al Jazeera from Al Jazeera (645 words)
2026-04-07 22:48:15,710 - INFO - [Al Jazeera] Article: https://www.aljazeera.com/news/2026/4/7/pakistan-appeals-to-trump-to-extend-deadline-iran-to-reopen-strait-of-hormuz?traffic_source=rss
2026-04-07 22:48:15,711 - INFO - [Al Jazeera] Attempt 1/2: Trying with 'requests_browser' strategy...
2026-04-07 22:48:15,740 - INFO - [Al Jazeera] Success with 'requests_browser'. Found content (680 words).
2026-04-07 22:48:30,811 - INFO - >>> SUCCESSFULLY SAVED [ID: 49218] - Kerala polls ignore a Gulf lifeline at risk - The Hindu from The Hindu (711 words)
2026-04-07 22:48:31,679 - INFO - [The Hindu] Article: https://www.thehindu.com/elections/kerala-assembly/kerala-assembly-polls-2026-ldf-set-for-hat-trick-as-governance-welfare-and-secular-credentials-shape-keralas-poll-mood-says-subhashini-ali/article70826620.ece
2026-04-07 22:48:31,680 - INFO - [The Hindu] Attempt 1/1: Trying with 'selenium_browser' strategy...
2026-04-07 22:48:32,940 - INFO - [The Hindu] Page content loaded.
2026-04-07 22:48:33,081 - INFO - [The Hindu] Success with 'selenium_browser'. Found content (1267 words).
2026-04-07 22:48:47,324 - INFO - >>> SUCCESSFULLY SAVED [ID: 49219] - DHS secretary calls for US states to lead disaster response instead of Fema | Trump administration | The Guardian from The Guardian (560 words)
2026-04-07 22:49:00,666 - INFO - DEDUPLICATION: Found match (Score: 0.85). Linking to Cluster ID: ef50eb0d-53fd-4550-83dc-2e283c00e4c4
2026-04-07 22:49:02,902 - INFO - >>> SUCCESSFULLY SAVED [ID: 49220] - Pakistan appeals to Trump to extend deadline, Iran to reopen Hormuz Strait | US-Israel war on Iran News | Al Jazeera from Al Jazeera (680 words)
2026-04-07 22:49:04,346 - INFO - [Al Jazeera] Article: https://www.aljazeera.com/sports/2026/4/7/kane-leads-bayern-to-2-1-win-over-real-madrid-in-champions-league-thriller?traffic_source=rss
2026-04-07 22:49:04,346 - INFO - [Al Jazeera] Attempt 1/2: Trying with 'requests_browser' strategy...
2026-04-07 22:49:04,376 - INFO - [Al Jazeera] Success with 'requests_browser'. Found content (910 words).
2026-04-07 22:49:18,501 - INFO - >>> SUCCESSFULLY SAVED [ID: 49221] - Kerala Assembly polls 2026: LDF set for ‘hat-trick’ as governance, welfare and secular credentials shape Kerala’s poll mood, says Subhashini Ali - The Hindu from The Hindu (1267 words)
2026-04-07 22:49:19,053 - INFO - [The Hindu] Article: https://www.thehindu.com/news/national/tamil-nadu/chennai-realty-diverges-homes-and-offices-rise-retail-slumps-in-q1-2026/article70834892.ece
2026-04-07 22:49:19,053 - INFO - [The Hindu] Attempt 1/1: Trying with 'selenium_browser' strategy...
2026-04-07 22:49:19,694 - INFO - [The Hindu] Page content loaded.
2026-04-07 22:49:19,749 - INFO - [The Hindu] Success with 'selenium_browser'. Found content (475 words).
2026-04-07 22:49:35,421 - INFO - >>> SUCCESSFULLY SAVED [ID: 49222] - Kane leads Bayern to 2-1 win over Real Madrid in Champions League thriller | Football News | Al Jazeera from Al Jazeera (910 words)
2026-04-07 22:49:36,046 - INFO - [Al Jazeera] Article: https://www.aljazeera.com/video/newsfeed/2026/4/7/protesters-in-iraq-swarm-kuwaiti-consulate-after-deadly-rocket-attack?traffic_source=rss
2026-04-07 22:49:36,046 - INFO - [Al Jazeera] Attempt 1/2: Trying with 'requests_browser' strategy...
2026-04-07 22:49:36,073 - WARNING - [Al Jazeera] FAILED with 'requests_browser' (content was too short: 72 words).
2026-04-07 22:49:37,055 - INFO - [Al Jazeera] Article: https://www.aljazeera.com/video/newsfeed/2026/4/7/protesters-in-iraq-swarm-kuwaiti-consulate-after-deadly-rocket-attack?traffic_source=rss
2026-04-07 22:49:37,056 - INFO - [Al Jazeera] Attempt 2/2: Trying with 'selenium_browser' strategy...
2026-04-07 22:49:37,839 - INFO - [Al Jazeera] Page content loaded.
2026-04-07 22:49:37,958 - WARNING - [Al Jazeera] FAILED with 'selenium_browser' (content was too short: 72 words).
2026-04-07 22:49:37,958 - ERROR - [Al Jazeera] All scrape strategies failed for https://www.aljazeera.com/video/newsfeed/2026/4/7/protesters-in-iraq-swarm-kuwaiti-consulate-after-deadly-rocket-attack?traffic_source=rss. Falling back to RSS description.
2026-04-07 22:49:37,958 - WARNING - SKIPPED (GLOBAL WORD LIMIT): Article 'Protesters in Iraq swarm Kuwaiti consulate after deadly rocket attack' from Al Jazeera has only 12 words (Min: 90).
2026-04-07 22:49:38,958 - INFO - [Al Jazeera] Early skip: URL https://www.aljazeera.com/news/2026/4/7/iranians-brace-for-possible-devastation-as-trumps-deadline-looms?traffic_source=rss already exists.
2026-04-07 22:49:38,960 - INFO - [Al Jazeera] Early skip: URL https://www.aljazeera.com/video/inside-story/2026/4/7/how-is-the-us-israel-war-on-iran-affecting-russian-iranian-relations?traffic_source=rss already exists.
2026-04-07 22:49:38,961 - INFO - [Al Jazeera] Early skip: URL https://www.aljazeera.com/sports/2026/4/7/barcelonas-flick-to-defend-emotional-teen-lamine-yamal-against-criticism?traffic_source=rss already exists.
2026-04-07 22:49:38,962 - INFO - [Al Jazeera] Early skip: URL https://www.aljazeera.com/news/2026/4/7/libyan-financier-enabled-300m-in-loans-for-haftars-tripoli-offensive?traffic_source=rss already exists.
2026-04-07 22:49:38,964 - INFO - [Al Jazeera] Article: https://www.aljazeera.com/video/newsfeed/2026/4/7/palestinians-queue-for-hours-in-pouring-rain-to-get-bread?traffic_source=rss
2026-04-07 22:49:38,964 - INFO - [Al Jazeera] Attempt 1/2: Trying with 'requests_browser' strategy...
2026-04-07 22:49:39,011 - WARNING - [Al Jazeera] FAILED with 'requests_browser' (content was too short: 56 words).
2026-04-07 22:49:39,620 - INFO - [Al Jazeera] Article: https://www.aljazeera.com/video/newsfeed/2026/4/7/palestinians-queue-for-hours-in-pouring-rain-to-get-bread?traffic_source=rss
2026-04-07 22:49:39,620 - INFO - [Al Jazeera] Attempt 2/2: Trying with 'selenium_browser' strategy...
2026-04-07 22:49:40,406 - INFO - [Al Jazeera] Page content loaded.
2026-04-07 22:49:40,498 - WARNING - [Al Jazeera] FAILED with 'selenium_browser' (content was too short: 56 words).
2026-04-07 22:49:40,499 - ERROR - [Al Jazeera] All scrape strategies failed for https://www.aljazeera.com/video/newsfeed/2026/4/7/palestinians-queue-for-hours-in-pouring-rain-to-get-bread?traffic_source=rss. Falling back to RSS description.
2026-04-07 22:49:40,499 - WARNING - SKIPPED (GLOBAL WORD LIMIT): Article 'Palestinians queue for hours in pouring rain to get bread' from Al Jazeera has only 19 words (Min: 90).
2026-04-07 22:49:41,891 - INFO - [Al Jazeera] Early skip: URL https://www.aljazeera.com/news/2026/4/7/policy-of-abuse-women-march-in-cuba-against-us-energy-blockade?traffic_source=rss already exists.
2026-04-07 22:49:41,892 - INFO - [Al Jazeera] Early skip: URL https://www.aljazeera.com/news/2026/4/7/russia-and-china-block-un-resolution-on-strait-of-hormuz?traffic_source=rss already exists.
2026-04-07 22:49:41,894 - INFO - [Al Jazeera] Article: https://www.aljazeera.com/video/newsfeed/2026/4/7/pope-leo-slams-trumps-threat-that-irans-civilisation-will?traffic_source=rss
2026-04-07 22:49:41,894 - INFO - [Al Jazeera] Attempt 1/2: Trying with 'requests_browser' strategy...
2026-04-07 22:49:41,930 - WARNING - [Al Jazeera] FAILED with 'requests_browser' (content was too short: 71 words).
2026-04-07 22:49:42,618 - INFO - [Al Jazeera] Article: https://www.aljazeera.com/video/newsfeed/2026/4/7/pope-leo-slams-trumps-threat-that-irans-civilisation-will?traffic_source=rss
2026-04-07 22:49:42,618 - INFO - [Al Jazeera] Attempt 2/2: Trying with 'selenium_browser' strategy...
2026-04-07 22:49:43,112 - INFO - [Al Jazeera] Page content loaded.
2026-04-07 22:49:43,185 - WARNING - [Al Jazeera] FAILED with 'selenium_browser' (content was too short: 71 words).
2026-04-07 22:49:43,185 - ERROR - [Al Jazeera] All scrape strategies failed for https://www.aljazeera.com/video/newsfeed/2026/4/7/pope-leo-slams-trumps-threat-that-irans-civilisation-will?traffic_source=rss. Falling back to RSS description.
2026-04-07 22:49:43,185 - WARNING - SKIPPED (GLOBAL WORD LIMIT): Article 'Pope Leo slams Trump’s threat that Iran’s ‘civilisation will die’' from Al Jazeera has only 14 words (Min: 90).
2026-04-07 22:49:44,287 - INFO - [Al Jazeera] Early skip: URL https://www.aljazeera.com/news/2026/4/7/mediterranean-migrant-deaths-mounting-towards-1000-in-2026-un?traffic_source=rss already exists.
2026-04-07 22:49:44,289 - INFO - [Al Jazeera] Article: https://www.aljazeera.com/sports/2026/4/7/fifa-opens-disciplinary-probe-against-spanish-fa-after-islamaphobic-chants?traffic_source=rss
2026-04-07 22:49:44,289 - INFO - [Al Jazeera] Attempt 1/2: Trying with 'requests_browser' strategy...
2026-04-07 22:49:44,333 - INFO - [Al Jazeera] Success with 'requests_browser'. Found content (329 words).
2026-04-07 22:49:53,042 - INFO - >>> SUCCESSFULLY SAVED [ID: 49223] - Chennai realty diverges: Homes and Offices rise, retail slumps in Q1 2026 - The Hindu from The Hindu (475 words)
2026-04-07 22:49:54,052 - INFO - [The Hindu] Article: https://www.thehindu.com/news/cities/chennai/after-scrutiny-of-nominations-candidates-and-supporters-resume-campaigning-across-chennai/article70835227.ece
2026-04-07 22:49:54,052 - INFO - [The Hindu] Attempt 1/1: Trying with 'selenium_browser' strategy...
2026-04-07 22:49:55,509 - INFO - [The Hindu] Page content loaded.
2026-04-07 22:49:55,590 - INFO - [The Hindu] Success with 'selenium_browser'. Found content (470 words).
2026-04-07 22:50:10,353 - INFO - >>> SUCCESSFULLY SAVED [ID: 49224] - FIFA opens disciplinary probe against Spanish FA after Islamaphobic chants | Football News | Al Jazeera from Al Jazeera (329 words)
2026-04-07 22:50:11,234 - INFO - [Al Jazeera] Article: https://www.aljazeera.com/video/newsfeed/2026/4/7/massive-fire-engulfs-oil-storage-tanks-near-baghdad?traffic_source=rss
2026-04-07 22:50:11,235 - INFO - [Al Jazeera] Attempt 1/2: Trying with 'requests_browser' strategy...
2026-04-07 22:50:11,271 - WARNING - [Al Jazeera] FAILED with 'requests_browser' (content was too short: 59 words).
2026-04-07 22:50:11,862 - INFO - [Al Jazeera] Article: https://www.aljazeera.com/video/newsfeed/2026/4/7/massive-fire-engulfs-oil-storage-tanks-near-baghdad?traffic_source=rss
2026-04-07 22:50:11,862 - INFO - [Al Jazeera] Attempt 2/2: Trying with 'selenium_browser' strategy...
2026-04-07 22:50:12,544 - INFO - [Al Jazeera] Page content loaded.
2026-04-07 22:50:12,607 - WARNING - [Al Jazeera] FAILED with 'selenium_browser' (content was too short: 59 words).
2026-04-07 22:50:12,607 - ERROR - [Al Jazeera] All scrape strategies failed for https://www.aljazeera.com/video/newsfeed/2026/4/7/massive-fire-engulfs-oil-storage-tanks-near-baghdad?traffic_source=rss. Falling back to RSS description.
2026-04-07 22:50:12,607 - WARNING - SKIPPED (GLOBAL WORD LIMIT): Article 'Massive fire engulfs oil storage tanks near Baghdad' from Al Jazeera has only 19 words (Min: 90).
2026-04-07 22:50:13,855 - INFO - [Al Jazeera] Article: https://www.aljazeera.com/news/2026/4/7/no-end-in-sight-if-trump-acts-on-threat-to-destroy-iran-infrastructure?traffic_source=rss
2026-04-07 22:50:13,855 - INFO - [Al Jazeera] Attempt 1/2: Trying with 'requests_browser' strategy...
2026-04-07 22:50:13,890 - INFO - [Al Jazeera] Success with 'requests_browser'. Found content (953 words).
2026-04-07 22:50:26,766 - INFO - >>> SUCCESSFULLY SAVED [ID: 49225] - After scrutiny of nominations, candidates and supporters resume campaigning across Chennai - The Hindu from The Hindu (470 words)
2026-04-07 22:50:27,550 - INFO - [The Hindu] Article: https://www.thehindu.com/news/national/tamil-nadu/thilagavathyassumes-charge-as-cgm-at-bsnl-chennai/article70835816.ece
2026-04-07 22:50:27,550 - INFO - [The Hindu] Attempt 1/1: Trying with 'selenium_browser' strategy...
2026-04-07 22:50:28,594 - INFO - [The Hindu] Page content loaded.
2026-04-07 22:50:28,664 - WARNING - [The Hindu] FAILED with 'selenium_browser' (content was too short: 82 words).
2026-04-07 22:50:28,664 - ERROR - [The Hindu] All scrape strategies failed for https://www.thehindu.com/news/national/tamil-nadu/thilagavathyassumes-charge-as-cgm-at-bsnl-chennai/article70835816.ece. Falling back to RSS description.
2026-04-07 22:50:28,664 - WARNING - SKIPPED (GLOBAL WORD LIMIT): Article 'Thilagavathy assumes charge as CGM at BSNL Chennai' from The Hindu has only 3 words (Min: 90).
2026-04-07 22:50:30,132 - INFO - [The Hindu] Early skip: URL https://www.thehindu.com/news/national/fs-vikram-misri-to-visit-washington-dc-from-april-8/article70833070.ece already exists.
2026-04-07 22:50:30,133 - INFO - [The Hindu] Article: https://www.thehindu.com/news/national/maharashtra/battleground-baramati-ajit-pawars-son-faces-criticism-over-immature-comments-against-congress/article70835382.ece
2026-04-07 22:50:30,134 - INFO - [The Hindu] Attempt 1/1: Trying with 'selenium_browser' strategy...
2026-04-07 22:50:31,035 - INFO - [The Hindu] Page content loaded.
2026-04-07 22:50:31,121 - INFO - [The Hindu] Success with 'selenium_browser'. Found content (506 words).
2026-04-07 22:50:44,151 - INFO - >>> SUCCESSFULLY SAVED [ID: 49226] - ‘No end in sight’ if Trump acts on threat to destroy Iran infrastructure | US-Israel war on Iran News | Al Jazeera from Al Jazeera (953 words)
2026-04-07 22:50:45,072 - INFO - [Al Jazeera] Article: https://www.aljazeera.com/economy/2026/4/7/trump-to-pursue-stability-with-chinas-xi-in-may-meeting-ustr-greer-says?traffic_source=rss
2026-04-07 22:50:45,072 - INFO - [Al Jazeera] Attempt 1/2: Trying with 'requests_browser' strategy...
2026-04-07 22:50:45,102 - INFO - [Al Jazeera] Success with 'requests_browser'. Found content (601 words).
2026-04-07 22:51:00,187 - INFO - >>> SUCCESSFULLY SAVED [ID: 49227] - Battleground Baramati: Ajit Pawar’s son faces criticism over ‘immature’ comments against Congress - The Hindu from The Hindu (506 words)
2026-04-07 22:51:00,728 - INFO - [The Hindu] Early skip: URL https://www.thehindu.com/news/national/west-bengal/west-bengal-sir-voter-deletions-electoral-rolls-after-judicial-scrutiny/article70833724.ece already exists.
2026-04-07 22:51:00,729 - INFO - [The Hindu] Article: https://www.thehindu.com/elections/tamil-nadu-assembly/tvk-leader-sengottaiyan-nomination-accepted-after-being-kept-on-hold/article70833503.ece
2026-04-07 22:51:00,729 - INFO - [The Hindu] Attempt 1/1: Trying with 'selenium_browser' strategy...
2026-04-07 22:51:01,403 - INFO - [The Hindu] Page content loaded.
2026-04-07 22:51:01,482 - INFO - [The Hindu] Success with 'selenium_browser'. Found content (276 words).
2026-04-07 22:51:16,937 - INFO - >>> SUCCESSFULLY SAVED [ID: 49228] - Trump to pursue stability with China’s Xi in May meeting, USTR Greer says | Donald Trump News | Al Jazeera from Al Jazeera (601 words)
2026-04-07 22:51:17,975 - INFO - [Al Jazeera] Article: https://www.aljazeera.com/video/newsfeed/2026/4/7/iranians-form-human-chains-across-bridges-at-power-plants?traffic_source=rss
2026-04-07 22:51:17,975 - INFO - [Al Jazeera] Attempt 1/2: Trying with 'requests_browser' strategy...
2026-04-07 22:51:18,007 - WARNING - [Al Jazeera] FAILED with 'requests_browser' (content was too short: 55 words).
2026-04-07 22:51:18,515 - INFO - [Al Jazeera] Article: https://www.aljazeera.com/video/newsfeed/2026/4/7/iranians-form-human-chains-across-bridges-at-power-plants?traffic_source=rss
2026-04-07 22:51:18,515 - INFO - [Al Jazeera] Attempt 2/2: Trying with 'selenium_browser' strategy...
2026-04-07 22:51:19,301 - INFO - [Al Jazeera] Page content loaded.
2026-04-07 22:51:19,360 - WARNING - [Al Jazeera] FAILED with 'selenium_browser' (content was too short: 55 words).
2026-04-07 22:51:19,360 - ERROR - [Al Jazeera] All scrape strategies failed for https://www.aljazeera.com/video/newsfeed/2026/4/7/iranians-form-human-chains-across-bridges-at-power-plants?traffic_source=rss. Falling back to RSS description.
2026-04-07 22:51:19,360 - WARNING - SKIPPED (GLOBAL WORD LIMIT): Article 'Iranians form human chains across bridges, at power plants' from Al Jazeera has only 15 words (Min: 90).
2026-04-07 22:51:20,434 - INFO - [Al Jazeera] Early skip: URL https://www.aljazeera.com/video/the-stream/2026/4/7/how-ai-is-being-used-to-target-palestinians?traffic_source=rss already exists.
2026-04-07 22:51:20,435 - INFO - [Al Jazeera] Article: https://www.aljazeera.com/video/newsfeed/2026/4/7/video-historic-building-in-ukraine-up-in-flames-after-russia-drone-attack?traffic_source=rss
2026-04-07 22:51:20,435 - INFO - [Al Jazeera] Attempt 1/2: Trying with 'requests_browser' strategy...
2026-04-07 22:51:20,471 - WARNING - [Al Jazeera] FAILED with 'requests_browser' (content was too short: 65 words).
2026-04-07 22:51:21,106 - INFO - [Al Jazeera] Article: https://www.aljazeera.com/video/newsfeed/2026/4/7/video-historic-building-in-ukraine-up-in-flames-after-russia-drone-attack?traffic_source=rss
2026-04-07 22:51:21,106 - INFO - [Al Jazeera] Attempt 2/2: Trying with 'selenium_browser' strategy...
2026-04-07 22:51:21,780 - INFO - [Al Jazeera] Page content loaded.
2026-04-07 22:51:21,833 - WARNING - [Al Jazeera] FAILED with 'selenium_browser' (content was too short: 65 words).
2026-04-07 22:51:21,834 - ERROR - [Al Jazeera] All scrape strategies failed for https://www.aljazeera.com/video/newsfeed/2026/4/7/video-historic-building-in-ukraine-up-in-flames-after-russia-drone-attack?traffic_source=rss. Falling back to RSS description.
2026-04-07 22:51:21,834 - WARNING - SKIPPED (GLOBAL WORD LIMIT): Article 'Video: Historic building in Ukraine up in flames after Russia drone attack' from Al Jazeera has only 17 words (Min: 90).
2026-04-07 22:51:23,005 - INFO - [Al Jazeera] Early skip: URL https://www.aljazeera.com/news/2026/4/7/french-nationals-return-home-following-iran-prison-release?traffic_source=rss already exists.
2026-04-07 22:51:23,007 - INFO - [Al Jazeera] Article: https://www.aljazeera.com/video/newsfeed/2026/4/7/what-we-know-about-the-shooting-by-istanbuls-israeli-consulate?traffic_source=rss
2026-04-07 22:51:23,007 - INFO - [Al Jazeera] Attempt 1/2: Trying with 'requests_browser' strategy...
2026-04-07 22:51:23,049 - WARNING - [Al Jazeera] FAILED with 'requests_browser' (content was too short: 63 words).
2026-04-07 22:51:23,623 - INFO - [Al Jazeera] Article: https://www.aljazeera.com/video/newsfeed/2026/4/7/what-we-know-about-the-shooting-by-istanbuls-israeli-consulate?traffic_source=rss
2026-04-07 22:51:23,623 - INFO - [Al Jazeera] Attempt 2/2: Trying with 'selenium_browser' strategy...
2026-04-07 22:51:24,333 - INFO - [Al Jazeera] Page content loaded.
2026-04-07 22:51:24,393 - WARNING - [Al Jazeera] FAILED with 'selenium_browser' (content was too short: 63 words).
2026-04-07 22:51:24,393 - ERROR - [Al Jazeera] All scrape strategies failed for https://www.aljazeera.com/video/newsfeed/2026/4/7/what-we-know-about-the-shooting-by-istanbuls-israeli-consulate?traffic_source=rss. Falling back to RSS description.
2026-04-07 22:51:24,393 - WARNING - SKIPPED (GLOBAL WORD LIMIT): Article 'What we know about the shooting by Istanbul’s Israeli consulate' from Al Jazeera has only 16 words (Min: 90).
2026-04-07 22:51:24,971 - INFO - [Al Jazeera] Article: https://www.aljazeera.com/news/2026/4/7/iraqi-armed-group-releases-abducted-us-journalist-shelly-kittleson?traffic_source=rss
2026-04-07 22:51:24,972 - INFO - [Al Jazeera] Attempt 1/2: Trying with 'requests_browser' strategy...
2026-04-07 22:51:25,015 - INFO - [Al Jazeera] Success with 'requests_browser'. Found content (512 words).
2026-04-07 22:51:33,759 - INFO - >>> SUCCESSFULLY SAVED [ID: 49229] - Tamil Nadu election 2026: TVK leader Sengottaiyan’s nomination accepted after being kept on hold - The Hindu from The Hindu (276 words)
2026-04-07 22:51:34,383 - INFO - [The Hindu] Article: https://www.thehindu.com/news/national/tamil-nadu/tamil-nadu-electorate-grows-by-635-lakh-since-february-23-scrutiny-of-nominations-begins/article70835017.ece
2026-04-07 22:51:34,383 - INFO - [The Hindu] Attempt 1/1: Trying with 'selenium_browser' strategy...
2026-04-07 22:51:35,044 - INFO - [The Hindu] Page content loaded.
2026-04-07 22:51:35,105 - INFO - [The Hindu] Success with 'selenium_browser'. Found content (593 words).
2026-04-07 22:51:46,999 - CRITICAL - --- TIMEOUT: 2 scrape jobs did not complete in 300s. ---
2026-04-07 22:51:46,999 - ERROR - A thread has timed out and will be abandoned.
2026-04-07 22:51:46,999 - ERROR - A thread has timed out and will be abandoned.
2026-04-07 22:51:46,999 - INFO - Shutting down thread pool (wait=False)...
2026-04-07 22:51:46,999 - INFO - Scraped: 1 The Dawn, 1 BBC, 0 TechCrunch, 4 The Guardian, 1 Times of India, 0 Economic Times, 2 Timed_Out_Jobs articles. (Total saved: 7)
2026-04-07 22:51:46,999 - INFO - --- Scraping job finished ---
2026-04-07 22:51:46,999 - INFO - --- Scraper service stopped. ---
2026-04-07 22:51:46,999 - INFO - --- Main thread finished. Forcing process exit to kill zombie threads. ---
