2025-12-03 18:38:42,913 - INFO - Loading AI Semantic Model (all-MiniLM-L6-v2)...
2025-12-03 18:38:42,913 - INFO - Use pytorch device_name: cpu
2025-12-03 18:38:42,913 - INFO - Load pretrained SentenceTransformer: all-MiniLM-L6-v2
2025-12-03 18:38:43,502 - INFO - AI Model loaded successfully.
2025-12-03 18:38:43,502 - INFO - Initializing database connection at: news_articles.db
2025-12-03 18:38:43,502 - INFO - --- Scraper service started (CI Mode: Run Once) ---
2025-12-03 18:38:43,502 - INFO - --- Starting new scraping job (Parallel Mode) ---
2025-12-03 18:38:43,502 - INFO - Creating new robust session with 3 retries on 5xx/connection/read errors.
2025-12-03 18:38:43,502 - INFO - Proxy is DISABLED.
2025-12-03 18:38:43,503 - INFO - Starting scrape for BBC RSS feed: http://feeds.bbci.co.uk/news/world/rss.xml
2025-12-03 18:38:43,504 - INFO - [Times of India] (Thread) requires Selenium. Initializing driver...
2025-12-03 18:38:43,504 - INFO - Initializing headless Selenium Chrome driver (using SeleniumManager)...
2025-12-03 18:38:43,504 - INFO - Starting scrape for The Guardian RSS feed: https://www.theguardian.com/world/rss
2025-12-03 18:38:43,506 - INFO - [The Hindu] (Thread) requires Selenium. Initializing driver...
2025-12-03 18:38:43,506 - INFO - Initializing headless Selenium Chrome driver (using SeleniumManager)...
2025-12-03 18:38:43,506 - INFO - Submitted 4 jobs to thread pool. Waiting up to 300s for completion...
2025-12-03 18:38:43,761 - INFO - Found 45 articles in The Guardian RSS feed. Processing up to 20.
2025-12-03 18:38:43,761 - INFO - [The Guardian] Article: https://www.theguardian.com/global-development/2025/dec/03/whistleblower-accuses-foreign-office-of-censoring-warning-of-sudan-genocide
2025-12-03 18:38:43,761 - INFO - [The Guardian] Attempt 1/1: Trying with 'requests_browser' strategy...
2025-12-03 18:38:43,864 - INFO - [The Guardian] Success with 'requests_browser'. Found content (1465 words).
2025-12-03 18:38:43,923 - INFO - Duplicate article skipped: Whistleblower accuses Foreign Office of ‘censoring’ warning of Sudan genocide | Global development | The Guardian from The Guardian
2025-12-03 18:38:43,926 - INFO - Found 36 articles in BBC RSS feed. Processing up to 20.
2025-12-03 18:38:43,926 - INFO - [BBC] Article: https://www.bbc.com/news/articles/cpq4e21nr5vo?at_medium=RSS&at_campaign=rss
2025-12-03 18:38:43,926 - INFO - [BBC] Attempt 1/1: Trying with 'requests_browser' strategy...
2025-12-03 18:38:44,578 - INFO - [BBC] Success with 'requests_browser'. Found content (438 words).
2025-12-03 18:38:44,612 - INFO - Duplicate article skipped: What latest Ukraine talks reveal about Putin's state of mind from BBC
2025-12-03 18:38:44,755 - INFO - [The Guardian] Article: https://www.theguardian.com/us-news/2025/dec/02/trump-somali-immigrants-minnesota
2025-12-03 18:38:44,755 - INFO - [The Guardian] Attempt 1/1: Trying with 'requests_browser' strategy...
2025-12-03 18:38:44,819 - INFO - [The Guardian] Success with 'requests_browser'. Found content (473 words).
2025-12-03 18:38:44,852 - INFO - Duplicate article skipped: Trump calls Somali immigrants ‘garbage’ as US reportedly targets Minnesota community | Trump administration | The Guardian from The Guardian
2025-12-03 18:38:45,382 - INFO - [BBC] Article: https://www.bbc.com/news/articles/cpwk7xen544o?at_medium=RSS&at_campaign=rss
2025-12-03 18:38:45,382 - INFO - [BBC] Attempt 1/1: Trying with 'requests_browser' strategy...
2025-12-03 18:38:45,401 - INFO - [The Guardian] Article: https://www.theguardian.com/world/2025/dec/01/south-africans-court-alleged-recruitment-russia-war-ukraine
2025-12-03 18:38:45,401 - INFO - [The Guardian] Attempt 1/1: Trying with 'requests_browser' strategy...
2025-12-03 18:38:45,432 - INFO - [BBC] Success with 'requests_browser'. Found content (668 words).
2025-12-03 18:38:45,467 - INFO - Duplicate article skipped: Israel says Rafah crossing to open soon to let Gazans leave via Egypt from BBC
2025-12-03 18:38:45,541 - INFO - [The Guardian] Success with 'requests_browser'. Found content (506 words).
2025-12-03 18:38:45,586 - INFO - Duplicate article skipped: Five South Africans in court over alleged recruitment for Russia’s war in Ukraine | South Africa | The Guardian from The Guardian
2025-12-03 18:38:46,448 - INFO - [The Guardian] Article: https://www.theguardian.com/global-development/2025/dec/01/global-health-hiv-aids-funding-cuts-infections-prevention
2025-12-03 18:38:46,448 - INFO - [The Guardian] Attempt 1/1: Trying with 'requests_browser' strategy...
2025-12-03 18:38:46,585 - INFO - [The Guardian] Success with 'requests_browser'. Found content (674 words).
2025-12-03 18:38:46,626 - INFO - Duplicate article skipped: Aid cuts have shaken HIV/Aids care to its core – and will mean millions more infections ahead | Global health | The Guardian from The Guardian
2025-12-03 18:38:46,637 - INFO - [BBC] Article: https://www.bbc.com/news/articles/c2lvzrve5lqo?at_medium=RSS&at_campaign=rss
2025-12-03 18:38:46,637 - INFO - [BBC] Attempt 1/1: Trying with 'requests_browser' strategy...
2025-12-03 18:38:46,669 - INFO - [BBC] Success with 'requests_browser'. Found content (292 words).
2025-12-03 18:38:46,842 - INFO - Duplicate article skipped: Federica Mogherini: Former EU top diplomat accused in fraud investigation from BBC
2025-12-03 18:38:47,546 - INFO - [BBC] Article: https://www.bbc.com/news/articles/c62lv79p0pdo?at_medium=RSS&at_campaign=rss
2025-12-03 18:38:47,546 - INFO - [BBC] Attempt 1/1: Trying with 'requests_browser' strategy...
2025-12-03 18:38:47,581 - INFO - [BBC] Success with 'requests_browser'. Found content (482 words).
2025-12-03 18:38:47,614 - INFO - Duplicate article skipped: Hong Kong orders removal of scaffolding mesh after deadly blaze from BBC
2025-12-03 18:38:47,936 - INFO - [The Guardian] Article: https://www.theguardian.com/world/2025/nov/30/african-leaders-push-for-recognition-of-colonial-crimes-and-reparations
2025-12-03 18:38:47,936 - INFO - [The Guardian] Attempt 1/1: Trying with 'requests_browser' strategy...
2025-12-03 18:38:48,266 - INFO - [The Guardian] Success with 'requests_browser'. Found content (670 words).
2025-12-03 18:38:48,309 - INFO - Duplicate article skipped: African leaders push for recognition of colonial crimes and reparations | Colonialism | The Guardian from The Guardian
2025-12-03 18:38:48,332 - INFO - [BBC] Article: https://www.bbc.com/news/articles/cd6x2j4g3z7o?at_medium=RSS&at_campaign=rss
2025-12-03 18:38:48,332 - INFO - [BBC] Attempt 1/1: Trying with 'requests_browser' strategy...
2025-12-03 18:38:48,360 - INFO - [BBC] Success with 'requests_browser'. Found content (394 words).
2025-12-03 18:38:48,393 - INFO - Duplicate article skipped: Israel receives coffin that Hamas says contains Gaza hostage's body from BBC
2025-12-03 18:38:49,179 - INFO - [BBC] Article: https://www.bbc.com/news/articles/c208x9v68w3o?at_medium=RSS&at_campaign=rss
2025-12-03 18:38:49,179 - INFO - [BBC] Attempt 1/1: Trying with 'requests_browser' strategy...
2025-12-03 18:38:49,216 - INFO - [BBC] Success with 'requests_browser'. Found content (1092 words).
2025-12-03 18:38:49,255 - INFO - Duplicate article skipped: Trump says he doesn't want Somalis in US as ICE plans operation from BBC
2025-12-03 18:38:49,567 - INFO - [The Guardian] Article: https://www.theguardian.com/us-news/2025/dec/03/epstein-caribbean-island-new-photo-video-release
2025-12-03 18:38:49,567 - INFO - [The Guardian] Attempt 1/1: Trying with 'requests_browser' strategy...
2025-12-03 18:38:49,704 - INFO - [The Guardian] Success with 'requests_browser'. Found content (376 words).
2025-12-03 18:38:50,314 - INFO - [BBC] Article: https://www.bbc.com/news/articles/cy8jnxxm70jo?at_medium=RSS&at_campaign=rss
2025-12-03 18:38:50,314 - INFO - [BBC] Attempt 1/1: Trying with 'requests_browser' strategy...
2025-12-03 18:38:50,362 - INFO - [BBC] Success with 'requests_browser'. Found content (244 words).
2025-12-03 18:38:54,561 - INFO - Selenium driver initialized successfully.
2025-12-03 18:38:54,562 - INFO - Starting scrape for Times of India RSS feed: https://timesofindia.indiatimes.com/rssfeeds/296589292.cms
2025-12-03 18:38:54,562 - INFO - Selenium driver initialized successfully.
2025-12-03 18:38:54,564 - INFO - Starting scrape for The Hindu RSS feed: https://www.thehindu.com/news/national/feeder/default.rss
2025-12-03 18:38:54,713 - INFO - Found 100 articles in The Hindu RSS feed. Processing up to 20.
2025-12-03 18:38:54,713 - INFO - [The Hindu] Article: https://www.thehindu.com/news/national/tamil-nadu/arunachaleshwarar-temple-staff-among-three-arrested-for-selling-fake-parking-passes/article70353474.ece
2025-12-03 18:38:54,713 - INFO - [The Hindu] Attempt 1/1: Trying with 'selenium_browser' strategy...
2025-12-03 18:38:54,829 - INFO - Found 20 articles in Times of India RSS feed. Processing up to 20.
2025-12-03 18:38:54,830 - INFO - [Times of India] Article: https://timesofindia.indiatimes.com/etimes/trending/dear-god-make-it-stop-home-alone-house-owner-reveals-decades-of-intrusion-in-new-memoir/articleshow/125748298.cms
2025-12-03 18:38:54,830 - INFO - [Times of India] Attempt 1/1: Trying with 'selenium_browser' strategy...
2025-12-03 18:39:01,061 - INFO - [The Hindu] Page content loaded.
2025-12-03 18:39:01,325 - INFO - [The Hindu] Success with 'selenium_browser'. Found content (210 words).
2025-12-03 18:39:15,200 - INFO - Saved article: House Democrats release new images of Epstein’s private Caribbean island | Jeffrey Epstein | The Guardian from The Guardian
2025-12-03 18:39:15,200 - INFO - Duplicate article skipped: Drunk raccoon found passed out on liquor store floor after breaking in from BBC
2025-12-03 18:39:15,836 - INFO - [The Guardian] Article: https://www.theguardian.com/world/2025/dec/03/colombia-trump-warning-military-threat
2025-12-03 18:39:15,836 - INFO - [The Guardian] Attempt 1/1: Trying with 'requests_browser' strategy...
2025-12-03 18:39:15,887 - INFO - [The Guardian] Success with 'requests_browser'. Found content (612 words).
2025-12-03 18:39:16,350 - INFO - [BBC] Article: https://www.bbc.com/news/articles/cvgq5dvygllo?at_medium=RSS&at_campaign=rss
2025-12-03 18:39:16,350 - INFO - [BBC] Attempt 1/1: Trying with 'requests_browser' strategy...
2025-12-03 18:39:16,413 - INFO - [BBC] Success with 'requests_browser'. Found content (1030 words).
2025-12-03 18:39:28,519 - INFO - Saved article: Arunachaleshwarar temple staff among three arrested for selling fake parking passes - The Hindu from The Hindu
2025-12-03 18:39:28,520 - INFO - Duplicate article skipped: Colombia’s president warns Trump: ‘Do not wake the jaguar’ with threats of military strikes | Colombia | The Guardian from The Guardian
2025-12-03 18:39:28,520 - INFO - Duplicate article skipped: Kenyan MPs accuse British soldiers from Batuk of sexual abuse in Laikipia from BBC
2025-12-03 18:39:29,279 - INFO - [BBC] Article: https://www.bbc.com/news/articles/c1m8g5x1xmko?at_medium=RSS&at_campaign=rss
2025-12-03 18:39:29,279 - INFO - [BBC] Attempt 1/1: Trying with 'requests_browser' strategy...
2025-12-03 18:39:29,307 - INFO - [BBC] Success with 'requests_browser'. Found content (308 words).
2025-12-03 18:39:29,319 - INFO - [The Hindu] Article: https://www.thehindu.com/news/national/tamil-nadu/farmer-arrested-for-illegal-electric-fencing-that-killed-three-persons/article70353480.ece
2025-12-03 18:39:29,324 - INFO - [The Hindu] Attempt 1/1: Trying with 'selenium_browser' strategy...
2025-12-03 18:39:29,342 - INFO - Duplicate article skipped: Three French teens drown in freak car crash in swimming pool from BBC
2025-12-03 18:39:29,780 - INFO - [The Guardian] Article: https://www.theguardian.com/us-news/live/2025/dec/02/donald-trump-pete-hegseth-boat-venezuela-maduro-tennessee-us-politics-live-news-updates
2025-12-03 18:39:29,780 - INFO - [The Guardian] Attempt 1/1: Trying with 'requests_browser' strategy...
2025-12-03 18:39:30,174 - INFO - [The Guardian] Success with 'requests_browser'. Found content (4155 words).
2025-12-03 18:39:30,281 - INFO - Duplicate article skipped: Pete Hegseth says he ‘didn’t stick around’ to watch second strike on alleged drug boat as Democrats slam administration over attacks – as it happened | Trump administration | The Guardian from The Guardian
2025-12-03 18:39:30,456 - INFO - [The Hindu] Page content loaded.
2025-12-03 18:39:30,538 - INFO - [BBC] Article: https://www.bbc.com/news/articles/c62v9z7z1z2o?at_medium=RSS&at_campaign=rss
2025-12-03 18:39:30,539 - INFO - [BBC] Attempt 1/1: Trying with 'requests_browser' strategy...
2025-12-03 18:39:30,599 - INFO - [BBC] Success with 'requests_browser'. Found content (485 words).
2025-12-03 18:39:30,667 - INFO - Duplicate article skipped: Henry Cuellar: Trump says he is pardoning Democratic congressman in bribery case from BBC
2025-12-03 18:39:30,739 - INFO - [The Hindu] Success with 'selenium_browser'. Found content (323 words).
2025-12-03 18:39:31,119 - INFO - [The Guardian] Article: https://www.theguardian.com/world/2025/dec/02/trump-intervention-honduras-presidential-vote-count-stalls-nasry-asfura
2025-12-03 18:39:31,119 - INFO - [The Guardian] Attempt 1/1: Trying with 'requests_browser' strategy...
2025-12-03 18:39:31,173 - INFO - [The Guardian] Success with 'requests_browser'. Found content (945 words).
2025-12-03 18:39:31,407 - INFO - [BBC] Article: https://www.bbc.com/news/articles/ckgzqxjzjyqo?at_medium=RSS&at_campaign=rss
2025-12-03 18:39:31,407 - INFO - [BBC] Attempt 1/1: Trying with 'requests_browser' strategy...
2025-12-03 18:39:31,469 - INFO - [BBC] Success with 'requests_browser'. Found content (332 words).
2025-12-03 18:39:45,165 - INFO - DEDUPLICATION: Found match (Score: 0.88). Linking to Cluster ID: e2c6c6dc-f69c-419c-9621-fe2dd8d148c2
2025-12-03 18:39:45,167 - INFO - Saved article: Farmer arrested for illegal electric fencing that killed three persons - The Hindu from The Hindu
2025-12-03 18:39:45,168 - INFO - Duplicate article skipped: Trump frees ex-Honduran president from prison as country awaits knife-edge election result | Honduras | The Guardian from The Guardian
2025-12-03 18:39:45,168 - INFO - Duplicate article skipped: Production halted at Chinese factory making 'childlike' sex dolls from BBC
2025-12-03 18:39:45,768 - INFO - [The Guardian] Article: https://www.theguardian.com/us-news/2025/dec/02/pete-hegseth-franklin-the-turtle
2025-12-03 18:39:45,768 - INFO - [The Guardian] Attempt 1/1: Trying with 'requests_browser' strategy...
2025-12-03 18:39:45,981 - INFO - [The Guardian] Success with 'requests_browser'. Found content (438 words).
2025-12-03 18:39:46,016 - INFO - Duplicate article skipped: Publisher condemns ‘violent’ use of Franklin the Turtle after Hegseth’s boat strike post | Pete Hegseth | The Guardian from The Guardian
2025-12-03 18:39:46,031 - INFO - [BBC] Article: https://www.bbc.com/news/articles/clydg2re4d1o?at_medium=RSS&at_campaign=rss
2025-12-03 18:39:46,031 - INFO - [BBC] Attempt 1/1: Trying with 'requests_browser' strategy...
2025-12-03 18:39:46,061 - INFO - [BBC] Success with 'requests_browser'. Found content (336 words).
2025-12-03 18:39:46,099 - INFO - Duplicate article skipped: Sanchar Saathi: India scraps order to pre-install state-run cyber safety app on smartphones from BBC
2025-12-03 18:39:46,266 - INFO - [The Hindu] Article: https://www.thehindu.com/news/national/kerala/entrepreneurs-seek-a-roadmap-for-promoting-ecotourism-spots-in-kozhikode/article70353621.ece
2025-12-03 18:39:46,267 - INFO - [The Hindu] Attempt 1/1: Trying with 'selenium_browser' strategy...
2025-12-03 18:39:46,816 - INFO - [The Guardian] Article: https://www.theguardian.com/world/2025/dec/03/eu-strategy-raw-materials-rare-earths-supply-chain-resourceeu
2025-12-03 18:39:46,816 - INFO - [The Guardian] Attempt 1/1: Trying with 'requests_browser' strategy...
2025-12-03 18:39:47,292 - INFO - [BBC] Article: https://www.bbc.com/news/articles/cy7v077dm0po?at_medium=RSS&at_campaign=rss
2025-12-03 18:39:47,292 - INFO - [BBC] Attempt 1/1: Trying with 'requests_browser' strategy...
2025-12-03 18:39:47,333 - INFO - [BBC] Success with 'requests_browser'. Found content (308 words).
2025-12-03 18:39:47,389 - INFO - Duplicate article skipped: MH370: Search for long-missing Malaysia Airlines fight to resume from BBC
2025-12-03 18:39:47,430 - INFO - [The Guardian] Success with 'requests_browser'. Found content (725 words).
2025-12-03 18:39:47,497 - INFO - Duplicate article skipped: EU looks at legally forcing industries to reduce purchases from China | Mining | The Guardian from The Guardian
2025-12-03 18:39:48,350 - INFO - [The Guardian] Article: https://www.theguardian.com/business/2025/dec/03/hsbc-appoints-interim-chair-brendan-nelson-to-permanent-role
2025-12-03 18:39:48,350 - INFO - [The Guardian] Attempt 1/1: Trying with 'requests_browser' strategy...
2025-12-03 18:39:48,391 - INFO - [The Guardian] Success with 'requests_browser'. Found content (605 words).
2025-12-03 18:39:48,438 - INFO - Duplicate article skipped: HSBC appoints interim chair Brendan Nelson to permanent role | HSBC | The Guardian from The Guardian
2025-12-03 18:39:48,520 - INFO - [The Hindu] Page content loaded.
2025-12-03 18:39:48,701 - INFO - [The Hindu] Success with 'selenium_browser'. Found content (413 words).
2025-12-03 18:39:48,746 - INFO - [BBC] Article: https://www.bbc.com/news/articles/c7vm754r80vo?at_medium=RSS&at_campaign=rss
2025-12-03 18:39:48,746 - INFO - [BBC] Attempt 1/1: Trying with 'requests_browser' strategy...
2025-12-03 18:39:48,966 - INFO - [BBC] Success with 'requests_browser'. Found content (225 words).
2025-12-03 18:39:49,292 - INFO - [The Guardian] Article: https://www.theguardian.com/world/2025/dec/03/search-for-malaysia-airline-flight-mh370-to-resume-over-11-years-after-plane-went-missing
2025-12-03 18:39:49,292 - INFO - [The Guardian] Attempt 1/1: Trying with 'requests_browser' strategy...
2025-12-03 18:39:49,338 - INFO - [The Guardian] Success with 'requests_browser'. Found content (851 words).
2025-12-03 18:40:02,748 - INFO - Saved article: Entrepreneurs seek a roadmap for promoting ecotourism spots in Kozhikode - The Hindu from The Hindu
2025-12-03 18:40:02,748 - INFO - Duplicate article skipped: New Zealand man charged with theft over claims he swallowed $19k Fabergé egg from BBC
2025-12-03 18:40:02,748 - INFO - Duplicate article skipped: Malaysia Airlines flight MH370 search to resume 11 years after jet went missing | Malaysia Airlines flight MH370 | The Guardian from The Guardian
2025-12-03 18:40:03,629 - INFO - [The Hindu] Article: https://www.thehindu.com/news/national/andhra-pradesh/naidu-announces-free-transport-for-all-differently-abled-people-in-apsrtc-buses/article70354480.ece
2025-12-03 18:40:03,629 - INFO - [The Hindu] Attempt 1/1: Trying with 'selenium_browser' strategy...
2025-12-03 18:40:03,687 - INFO - [BBC] Article: https://www.bbc.com/news/articles/c3e05j9012vo?at_medium=RSS&at_campaign=rss
2025-12-03 18:40:03,687 - INFO - [BBC] Attempt 1/1: Trying with 'requests_browser' strategy...
2025-12-03 18:40:03,733 - INFO - [BBC] Success with 'requests_browser'. Found content (297 words).
2025-12-03 18:40:03,813 - INFO - Duplicate article skipped: Italian fashion giant Prada buys Versace – at a discount from BBC
2025-12-03 18:40:03,818 - INFO - [The Guardian] Article: https://www.theguardian.com/world/2025/dec/02/uk-government-delays-china-super-embassy-january
2025-12-03 18:40:03,818 - INFO - [The Guardian] Attempt 1/1: Trying with 'requests_browser' strategy...
2025-12-03 18:40:03,890 - INFO - [The Guardian] Success with 'requests_browser'. Found content (619 words).
2025-12-03 18:40:03,956 - INFO - Duplicate article skipped: UK government delays decision on China’s super-embassy until January | China | The Guardian from The Guardian
2025-12-03 18:40:04,677 - INFO - [BBC] Article: https://www.bbc.com/news/articles/cp341gz24p5o?at_medium=RSS&at_campaign=rss
2025-12-03 18:40:04,677 - INFO - [BBC] Attempt 1/1: Trying with 'requests_browser' strategy...
2025-12-03 18:40:04,728 - INFO - [BBC] Success with 'requests_browser'. Found content (660 words).
2025-12-03 18:40:04,798 - INFO - Duplicate article skipped: YouTube says it will be less safe for kids under Australia's social media ban from BBC
2025-12-03 18:40:04,837 - INFO - [The Guardian] Article: https://www.theguardian.com/world/2025/dec/03/uk-china-spying-case-collapse-security-committee-report
2025-12-03 18:40:04,837 - INFO - [The Guardian] Attempt 1/1: Trying with 'requests_browser' strategy...
2025-12-03 18:40:05,004 - INFO - [The Guardian] Success with 'requests_browser'. Found content (885 words).
2025-12-03 18:40:05,105 - INFO - Duplicate article skipped: Handling of China spying case was ‘shambolic’, security committee concludes | Espionage | The Guardian from The Guardian
2025-12-03 18:40:05,296 - INFO - [The Hindu] Page content loaded.
2025-12-03 18:40:05,454 - INFO - [The Hindu] Success with 'selenium_browser'. Found content (394 words).
2025-12-03 18:40:05,815 - INFO - [The Guardian] Article: https://www.theguardian.com/australia-news/2025/dec/03/helen-garner-says-state-library-of-victoria-turned-into-party-central-with-planned-job-cuts-to-bring-disgrace-on-melbourne
2025-12-03 18:40:05,815 - INFO - [The Guardian] Attempt 1/1: Trying with 'requests_browser' strategy...
2025-12-03 18:40:05,895 - INFO - [BBC] Article: https://www.bbc.com/news/articles/cp39q5n5037o?at_medium=RSS&at_campaign=rss
2025-12-03 18:40:05,895 - INFO - [BBC] Attempt 1/1: Trying with 'requests_browser' strategy...
2025-12-03 18:40:05,979 - INFO - [BBC] Success with 'requests_browser'. Found content (336 words).
2025-12-03 18:40:06,073 - INFO - [The Guardian] Success with 'requests_browser'. Found content (613 words).
2025-12-03 18:40:19,214 - INFO - Saved article: Naidu announces free transport for all differently-abled people in APSRTC buses - The Hindu from The Hindu
2025-12-03 18:40:19,214 - INFO - Duplicate article skipped: Air pollution: Delhi hospitals saw 200,000 respiratory illness patients in three years from BBC
2025-12-03 18:40:19,214 - INFO - Duplicate article skipped: Helen Garner says State Library of Victoria turned into ‘party central’ with planned job cuts to ‘bring disgrace’ on Melbourne | Victoria | The Guardian from The Guardian
2025-12-03 18:40:20,116 - INFO - [BBC] Article: https://www.bbc.com/news/articles/cly580gkd9ro?at_medium=RSS&at_campaign=rss
2025-12-03 18:40:20,116 - INFO - [BBC] Attempt 1/1: Trying with 'requests_browser' strategy...
2025-12-03 18:40:20,157 - INFO - [BBC] Success with 'requests_browser'. Found content (1534 words).
2025-12-03 18:40:20,199 - INFO - Duplicate article skipped: Ultra-Orthodox conscription bill threatens crisis for Israel's government from BBC
2025-12-03 18:40:20,421 - INFO - [The Guardian] Article: https://www.theguardian.com/australia-news/2025/dec/03/alliance-defending-freedom-backs-south-australian-woman-legal-action-school-ntwnfb
2025-12-03 18:40:20,421 - INFO - [The Guardian] Attempt 1/1: Trying with 'requests_browser' strategy...
2025-12-03 18:40:20,537 - INFO - [The Guardian] Success with 'requests_browser'. Found content (715 words).
2025-12-03 18:40:20,758 - INFO - [The Hindu] Article: https://www.thehindu.com/news/national/tamil-nadu/50-year-old-quack-arrested-in-tirupattur/article70353493.ece
2025-12-03 18:40:20,763 - INFO - [The Hindu] Attempt 1/1: Trying with 'selenium_browser' strategy...
2025-12-03 18:40:20,782 - INFO - Duplicate article skipped: Global group accused of attacking gay rights backs South Australian woman over school presentation | Australian education | The Guardian from The Guardian
2025-12-03 18:40:21,566 - INFO - [The Hindu] Page content loaded.
2025-12-03 18:40:21,631 - INFO - [BBC] Article: https://www.bbc.com/news/articles/c9895x3039ro?at_medium=RSS&at_campaign=rss
2025-12-03 18:40:21,631 - INFO - [BBC] Attempt 1/1: Trying with 'requests_browser' strategy...
2025-12-03 18:40:21,643 - INFO - [The Guardian] Article: https://www.theguardian.com/australia-news/2025/dec/03/ndis-overhaul-disabled-people-risks-lives
2025-12-03 18:40:21,643 - INFO - [The Guardian] Attempt 1/1: Trying with 'requests_browser' strategy...
2025-12-03 18:40:21,661 - INFO - [The Hindu] Success with 'selenium_browser'. Found content (167 words).
2025-12-03 18:40:21,785 - INFO - [BBC] Success with 'requests_browser'. Found content (942 words).
2025-12-03 18:40:21,951 - INFO - [The Guardian] Success with 'requests_browser'. Found content (818 words).
2025-12-03 18:40:35,919 - INFO - Saved article: 50-year-old quack arrested in Tirupattur - The Hindu from The Hindu
2025-12-03 18:40:35,919 - INFO - Duplicate article skipped: As lead changes in knife-edge Honduran election, will Trump fail to get his way? from BBC
2025-12-03 18:40:35,919 - INFO - Duplicate article skipped: ‘Nightmare scenario for disabled people’: NDIS overhaul risks lives, advocates say | National disability insurance scheme | The Guardian from The Guardian
2025-12-03 18:40:36,630 - INFO - [BBC] Article: https://www.bbc.com/news/articles/cpq47derx2vo?at_medium=RSS&at_campaign=rss
2025-12-03 18:40:36,630 - INFO - [BBC] Attempt 1/1: Trying with 'requests_browser' strategy...
2025-12-03 18:40:36,783 - INFO - [BBC] Success with 'requests_browser'. Found content (991 words).
2025-12-03 18:40:36,800 - INFO - [The Hindu] Article: https://www.thehindu.com/news/national/kerala/ldf-promises-professional-makeover-in-running-of-thiruvananthapuram-corporation/article70354325.ece
2025-12-03 18:40:36,805 - INFO - [The Hindu] Attempt 1/1: Trying with 'selenium_browser' strategy...
2025-12-03 18:40:36,826 - INFO - Duplicate article skipped: Ukrainians in war-ravaged Donbas weigh prospects of peace deal from BBC
2025-12-03 18:40:37,010 - INFO - [The Guardian] Article: https://www.theguardian.com/australia-news/2025/dec/03/liberal-senator-says-repeated-use-of-term-mass-migration-is-inaccurate-and-extremely-unhelpful
2025-12-03 18:40:37,010 - INFO - [The Guardian] Attempt 1/1: Trying with 'requests_browser' strategy...
2025-12-03 18:40:37,142 - INFO - [The Guardian] Success with 'requests_browser'. Found content (823 words).
2025-12-03 18:40:37,196 - INFO - Duplicate article skipped: Liberal senator says repeated use of term ‘mass migration’ is inaccurate and ‘extremely unhelpful’ | Liberal party | The Guardian from The Guardian
2025-12-03 18:40:38,175 - INFO - [The Hindu] Page content loaded.
2025-12-03 18:40:38,234 - INFO - [The Hindu] Success with 'selenium_browser'. Found content (497 words).
2025-12-03 18:40:38,332 - INFO - [The Guardian] Article: https://www.theguardian.com/australia-news/2025/dec/03/holy-crap-this-is-insane-mineworkers-describe-being-caught-in-huge-outback-dust-storm
2025-12-03 18:40:38,333 - INFO - [The Guardian] Attempt 1/1: Trying with 'requests_browser' strategy...
2025-12-03 18:40:38,433 - INFO - [The Guardian] Success with 'requests_browser'. Found content (537 words).
2025-12-03 18:40:52,368 - INFO - Saved article: LDF promises ‘professional makeover’ in running of Thiruvananthapuram Corporation - The Hindu from The Hindu
2025-12-03 18:40:52,368 - INFO - Duplicate article skipped: ‘Holy crap, this is insane’: mineworkers describe being caught in huge outback dust storm | Australia weather | The Guardian from The Guardian
2025-12-03 18:40:52,898 - INFO - [The Hindu] Article: https://www.thehindu.com/news/national/tamil-nadu/judicial-reforms-are-essential-to-maintain-rule-of-law-vit-chancellor/article70353465.ece
2025-12-03 18:40:52,898 - INFO - [The Hindu] Attempt 1/1: Trying with 'selenium_browser' strategy...
2025-12-03 18:40:54,013 - INFO - [The Hindu] Page content loaded.
2025-12-03 18:40:54,169 - INFO - [The Hindu] Success with 'selenium_browser'. Found content (270 words).
2025-12-03 18:40:54,930 - ERROR - [Times of India] Request failed for strategy 'selenium_browser' on URL https://timesofindia.indiatimes.com/etimes/trending/dear-god-make-it-stop-home-alone-house-owner-reveals-decades-of-intrusion-in-new-memoir/articleshow/125748298.cms: HTTPConnectionPool(host='localhost', port=59839): Read timed out. (read timeout=120)
2025-12-03 18:40:54,930 - ERROR - [Times of India] All scrape strategies failed for https://timesofindia.indiatimes.com/etimes/trending/dear-god-make-it-stop-home-alone-house-owner-reveals-decades-of-intrusion-in-new-memoir/articleshow/125748298.cms. Falling back to RSS description.
2025-12-03 18:41:08,254 - INFO - Saved article: Judicial reforms are essential to maintain rule of law: VIT Chancellor - The Hindu from The Hindu
2025-12-03 18:41:09,449 - INFO - [The Hindu] Article: https://www.thehindu.com/news/national/andhra-pradesh/ap-congress-welcomes-withdrawal-of-sanchar-saathi-app/article70354696.ece
2025-12-03 18:41:09,449 - INFO - [The Hindu] Attempt 1/1: Trying with 'selenium_browser' strategy...
2025-12-03 18:41:19,274 - INFO - [The Hindu] Page content loaded.
2025-12-03 18:41:19,427 - INFO - [The Hindu] Success with 'selenium_browser'. Found content (215 words).
2025-12-03 18:41:23,685 - INFO - Saved article: 'Dear god, make it stop:' Home Alone house owner reveals decades of intrusion in new memoir from Times of India
2025-12-03 18:41:24,455 - INFO - [Times of India] Article: https://timesofindia.indiatimes.com/world/us/something-badly-wrong-with-h-1b-former-visa-officer-says-he-interviewed-average-college-graduates-in-india/articleshow/125750029.cms
2025-12-03 18:41:24,455 - INFO - [Times of India] Attempt 1/1: Trying with 'selenium_browser' strategy...
2025-12-03 18:41:37,156 - INFO - Saved article: A.P. Congress welcomes withdrawal of Sanchar Saathi app - The Hindu from The Hindu
2025-12-03 18:41:38,631 - INFO - [The Hindu] Article: https://www.thehindu.com/news/national/andhra-pradesh/ap-teacher-eligibility-test-on-december-10/article70354539.ece
2025-12-03 18:41:38,631 - INFO - [The Hindu] Attempt 1/1: Trying with 'selenium_browser' strategy...
2025-12-03 18:41:39,240 - INFO - [The Hindu] Page content loaded.
2025-12-03 18:41:39,325 - INFO - [The Hindu] Success with 'selenium_browser'. Found content (113 words).
2025-12-03 18:41:53,720 - INFO - Saved article: A.P. Teacher Eligibility Test on December 10 - The Hindu from The Hindu
2025-12-03 18:41:54,976 - INFO - [The Hindu] Article: https://www.thehindu.com/news/national/karnataka/lokayukta-raids-education-department-offices-across-bengaluru-over-corruption-allegations/article70354859.ece
2025-12-03 18:41:54,976 - INFO - [The Hindu] Attempt 1/1: Trying with 'selenium_browser' strategy...
2025-12-03 18:41:57,145 - INFO - [The Hindu] Page content loaded.
2025-12-03 18:41:57,202 - INFO - [The Hindu] Success with 'selenium_browser'. Found content (258 words).
2025-12-03 18:42:10,876 - INFO - Saved article: Lokayukta raids Education Department offices across Bengaluru over corruption allegations - The Hindu from The Hindu
2025-12-03 18:42:11,650 - INFO - [The Hindu] Article: https://www.thehindu.com/news/national/kerala/navys-operational-demo-thrill-crowds-at-shanghumughom-beach/article70354844.ece
2025-12-03 18:42:11,650 - INFO - [The Hindu] Attempt 1/1: Trying with 'selenium_browser' strategy...
2025-12-03 18:42:12,658 - INFO - [The Hindu] Page content loaded.
2025-12-03 18:42:12,740 - INFO - [The Hindu] Success with 'selenium_browser'. Found content (461 words).
2025-12-03 18:42:27,838 - INFO - Saved article: Navy’s Operational Demo thrill crowds at Shanghumughom Beach - The Hindu from The Hindu
2025-12-03 18:42:28,965 - INFO - [The Hindu] Article: https://www.thehindu.com/news/national/states-will-have-to-abide-by-terms-of-samagra-shiksha-to-receive-funds-pradhan/article70353821.ece
2025-12-03 18:42:28,965 - INFO - [The Hindu] Attempt 1/1: Trying with 'selenium_browser' strategy...
2025-12-03 18:42:30,178 - INFO - [The Hindu] Page content loaded.
2025-12-03 18:42:30,438 - INFO - [The Hindu] Success with 'selenium_browser'. Found content (337 words).
2025-12-03 18:42:43,893 - INFO - DEDUPLICATION: Found match (Score: 0.82). Linking to Cluster ID: 179ca6db-80cf-4480-becc-81b15b7dd3ab
2025-12-03 18:42:43,895 - INFO - Saved article: States will have to abide by terms of Samagra Shiksha to receive funds: Pradhan - The Hindu from The Hindu
2025-12-03 18:42:44,812 - INFO - [The Hindu] Article: https://www.thehindu.com/news/national/kerala/ready-to-release-funds-to-kerala-subject-to-nep-implementation-union-minister/article70354692.ece
2025-12-03 18:42:44,812 - INFO - [The Hindu] Attempt 1/1: Trying with 'selenium_browser' strategy...
2025-12-03 18:42:46,830 - INFO - [The Hindu] Page content loaded.
2025-12-03 18:42:46,899 - INFO - [The Hindu] Success with 'selenium_browser'. Found content (488 words).
2025-12-03 18:42:47,013 - INFO - Duplicate article skipped: Ready to release Samagra Shiksha funds to Kerala subject to NEP implementation: Union Minister - The Hindu from The Hindu
2025-12-03 18:42:47,756 - INFO - [The Hindu] Article: https://www.thehindu.com/news/national/prasar-bharati-chairman-navneet-kumar-sehgal-resigns/article70354819.ece
2025-12-03 18:42:47,756 - INFO - [The Hindu] Attempt 1/1: Trying with 'selenium_browser' strategy...
2025-12-03 18:42:48,394 - INFO - [The Hindu] Page content loaded.
2025-12-03 18:42:48,579 - INFO - [The Hindu] Success with 'selenium_browser'. Found content (190 words).
2025-12-03 18:42:48,993 - INFO - Duplicate article skipped: Prasar Bharati Chairman Navneet Kumar Sehgal resigns - The Hindu from The Hindu
2025-12-03 18:42:49,702 - INFO - [The Hindu] Article: https://www.thehindu.com/news/national/natural-farming-addresses-challenges-in-agricultural-sector-pm-modi/article70354485.ece
2025-12-03 18:42:49,702 - INFO - [The Hindu] Attempt 1/1: Trying with 'selenium_browser' strategy...
2025-12-03 18:42:51,297 - INFO - [The Hindu] Page content loaded.
2025-12-03 18:42:51,491 - INFO - [The Hindu] Success with 'selenium_browser'. Found content (207 words).
2025-12-03 18:42:51,591 - INFO - Duplicate article skipped: Natural farming addresses challenges in agricultural sector: PM Modi - The Hindu from The Hindu
2025-12-03 18:42:52,387 - INFO - [The Hindu] Article: https://www.thehindu.com/news/national/nagaur-mp-demands-safe-return-of-61-indians-trapped-in-russia-ukraine-war-ahead-of-putins-visit/article70353710.ece
2025-12-03 18:42:52,387 - INFO - [The Hindu] Attempt 1/1: Trying with 'selenium_browser' strategy...
2025-12-03 18:42:53,121 - INFO - [The Hindu] Page content loaded.
2025-12-03 18:42:53,216 - INFO - [The Hindu] Success with 'selenium_browser'. Found content (467 words).
2025-12-03 18:42:53,289 - INFO - Duplicate article skipped: Nagaur MP demands safe return of 61 Indians trapped in Russia-Ukraine war ahead of Putin’s visit - The Hindu from The Hindu
2025-12-03 18:42:54,648 - INFO - [The Hindu] Article: https://www.thehindu.com/news/cities/chennai/omr-barely-passable-potholes-slow-down-traffic/article70354544.ece
2025-12-03 18:42:54,648 - INFO - [The Hindu] Attempt 1/1: Trying with 'selenium_browser' strategy...
2025-12-03 18:42:56,685 - INFO - [The Hindu] Page content loaded.
2025-12-03 18:42:56,814 - INFO - [The Hindu] Success with 'selenium_browser'. Found content (444 words).
2025-12-03 18:42:56,914 - INFO - Duplicate article skipped: OMR barely passable; potholes slow down traffic - The Hindu from The Hindu
2025-12-03 18:42:58,218 - INFO - [The Hindu] Article: https://www.thehindu.com/news/national/karnataka/transport-department-rolls-out-new-smart-card-system-for-registration-certificates-and-driving-licences/article70354642.ece
2025-12-03 18:42:58,218 - INFO - [The Hindu] Attempt 1/1: Trying with 'selenium_browser' strategy...
2025-12-03 18:43:00,033 - INFO - [The Hindu] Page content loaded.
2025-12-03 18:43:00,178 - INFO - [The Hindu] Success with 'selenium_browser'. Found content (228 words).
2025-12-03 18:43:00,286 - INFO - Duplicate article skipped: Transport Department rolls out new smart card system for Registration Certificates and Driving Licences - The Hindu from The Hindu
2025-12-03 18:43:01,504 - INFO - [The Hindu] Article: https://www.thehindu.com/news/national/karnataka/fedex-opens-60000-sqft-air-hub-at-kempegowda-international-airport/article70354492.ece
2025-12-03 18:43:01,504 - INFO - [The Hindu] Attempt 1/1: Trying with 'selenium_browser' strategy...
2025-12-03 18:43:03,737 - INFO - [The Hindu] Page content loaded.
2025-12-03 18:43:03,970 - INFO - [The Hindu] Success with 'selenium_browser'. Found content (237 words).
2025-12-03 18:43:04,037 - INFO - Duplicate article skipped: FedEx opens 60,000 sq.ft air hub at Kempegowda International Airport - The Hindu from The Hindu
2025-12-03 18:43:05,344 - INFO - [The Hindu] Article: https://www.thehindu.com/news/national/madhya-pradesh/organisers-of-bhopal-gas-tragedy-anniversary-rally-booked-as-effigy-resembles-rss-worker/article70354262.ece
2025-12-03 18:43:05,344 - INFO - [The Hindu] Attempt 1/1: Trying with 'selenium_browser' strategy...
2025-12-03 18:43:06,073 - INFO - [The Hindu] Page content loaded.
2025-12-03 18:43:06,150 - INFO - [The Hindu] Success with 'selenium_browser'. Found content (581 words).
2025-12-03 18:43:06,228 - INFO - Duplicate article skipped: Organisers of Bhopal gas tragedy anniversary rally booked as effigy resembles ‘RSS worker’ - The Hindu from The Hindu
2025-12-03 18:43:06,842 - INFO - [The Hindu] (Thread) Finished. Attempting to shut down its Selenium driver.
2025-12-03 18:43:07,022 - INFO - [The Hindu] (Thread) driver.quit() successful.
2025-12-03 18:43:24,558 - ERROR - [Times of India] Request failed for strategy 'selenium_browser' on URL https://timesofindia.indiatimes.com/world/us/something-badly-wrong-with-h-1b-former-visa-officer-says-he-interviewed-average-college-graduates-in-india/articleshow/125750029.cms: HTTPConnectionPool(host='localhost', port=59839): Read timed out. (read timeout=120)
2025-12-03 18:43:24,558 - ERROR - [Times of India] All scrape strategies failed for https://timesofindia.indiatimes.com/world/us/something-badly-wrong-with-h-1b-former-visa-officer-says-he-interviewed-average-college-graduates-in-india/articleshow/125750029.cms. Falling back to RSS description.
2025-12-03 18:43:37,288 - INFO - Saved article: 'Something badly wrong with H-1B': Former visa officer says he interviewed average college graduates in India from Times of India
2025-12-03 18:43:38,786 - INFO - [Times of India] Article: https://timesofindia.indiatimes.com/world/us/after-trump-elon-musk-predicts-2-consecutive-presidential-terms-for-jd-vance-calls-it-great-12-year-run/articleshow/125749056.cms
2025-12-03 18:43:38,786 - INFO - [Times of India] Attempt 1/1: Trying with 'selenium_browser' strategy...
2025-12-03 18:43:43,506 - CRITICAL - --- TIMEOUT: 1 scrape jobs did not complete in 300s. ---
2025-12-03 18:43:43,507 - ERROR - A thread has timed out and will be abandoned.
2025-12-03 18:43:43,507 - INFO - Shutting down thread pool (wait=False)...
2025-12-03 18:43:43,507 - INFO - Scraped: 1 The Guardian, 12 The Hindu, 0 BBC, 1 Timed_Out_Jobs articles. (Total saved: 13)
2025-12-03 18:43:43,507 - INFO - --- Scraping job finished ---
2025-12-03 18:43:43,507 - INFO - --- Scraper service stopped and database connection closed. ---
2025-12-03 18:43:43,507 - INFO - --- Main thread finished. Forcing process exit to kill zombie threads. ---
