2025-12-23 09:27:51,987 - INFO - Loading AI Semantic Model (all-MiniLM-L6-v2)...
2025-12-23 09:27:51,987 - INFO - Use pytorch device_name: cpu
2025-12-23 09:27:51,987 - INFO - Load pretrained SentenceTransformer: all-MiniLM-L6-v2
2025-12-23 09:27:52,413 - INFO - AI Model loaded successfully.
2025-12-23 09:27:52,413 - INFO - --- Scraper service started (CI Mode: Run Once) ---
2025-12-23 09:27:52,414 - INFO - --- Starting new scraping job (Parallel Mode) ---
2025-12-23 09:27:52,414 - INFO - Creating new robust session with 3 retries on 5xx/connection/read errors.
2025-12-23 09:27:52,414 - INFO - Proxy is DISABLED.
2025-12-23 09:27:52,414 - INFO - Starting scrape for BBC RSS feed: http://feeds.bbci.co.uk/news/world/rss.xml
2025-12-23 09:27:52,415 - INFO - [Times of India] (Thread) requires Selenium. Initializing driver...
2025-12-23 09:27:52,415 - INFO - Starting scrape for The Guardian RSS feed: https://www.theguardian.com/world/rss
2025-12-23 09:27:52,417 - INFO - [The Hindu] (Thread) requires Selenium. Initializing driver...
2025-12-23 09:27:52,417 - INFO - Submitted 4 jobs to thread pool. Waiting up to 300s for completion...
2025-12-23 09:27:52,614 - INFO - Found 45 articles in The Guardian RSS feed. Processing up to 30.
2025-12-23 09:27:52,615 - INFO - [The Guardian] Early skip: URL https://www.theguardian.com/world/2025/dec/22/freed-nigerian-schoolchildren-set-to-be-reunited-with-families already exists.
2025-12-23 09:27:52,661 - INFO - Found 27 articles in BBC RSS feed. Processing up to 30.
2025-12-23 09:27:52,807 - INFO - [BBC] Early skip: URL https://www.bbc.com/news/articles/cd0kxrr2jyko?at_medium=RSS&at_campaign=rss already exists.
2025-12-23 09:27:53,082 - INFO - [The Guardian] Early skip: URL https://www.theguardian.com/world/2025/dec/21/more-kidnapped-schoolchildren-freed-in-nigeria already exists.
2025-12-23 09:27:53,220 - INFO - [BBC] Early skip: URL https://www.bbc.com/news/articles/ce86le5dyxyo?at_medium=RSS&at_campaign=rss already exists.
2025-12-23 09:27:53,471 - INFO - [The Guardian] Early skip: URL https://www.theguardian.com/uk-news/2025/dec/21/manchester-museum-uncover-hidden-histories-africa-hub already exists.
2025-12-23 09:27:53,624 - INFO - [BBC] Article: https://www.bbc.com/news/articles/c1lr1yvqge5o?at_medium=RSS&at_campaign=rss
2025-12-23 09:27:53,624 - INFO - [BBC] Attempt 1/1: Trying with 'requests_browser' strategy...
2025-12-23 09:27:53,625 - INFO - [The Guardian] Early skip: URL https://www.theguardian.com/global-development/2025/dec/21/sweden-and-germany-slash-aid-budgets-to-focus-on-ukraine-and-defence-spending already exists.
2025-12-23 09:27:53,826 - INFO - [BBC] Success with 'requests_browser'. Found content (263 words).
2025-12-23 09:27:59,192 - INFO - Selenium driver initialized successfully.
2025-12-23 09:27:59,192 - INFO - Starting scrape for Times of India RSS feed: https://timesofindia.indiatimes.com/rssfeeds/296589292.cms
2025-12-23 09:27:59,195 - INFO - Selenium driver initialized successfully.
2025-12-23 09:27:59,195 - INFO - Starting scrape for The Hindu RSS feed: https://www.thehindu.com/news/national/feeder/default.rss
2025-12-23 09:27:59,399 - INFO - Found 100 articles in The Hindu RSS feed. Processing up to 30.
2025-12-23 09:27:59,595 - INFO - Found 20 articles in Times of India RSS feed. Processing up to 30.
2025-12-23 09:28:07,119 - INFO - DEDUPLICATION: Found match (Score: 0.90). Linking to Cluster ID: c3617a19-8d8f-453d-b385-fae51ecbbd54
2025-12-23 09:28:07,121 - INFO - Saved article: Galveston: Five dead after plane carrying child burns victim crashes in Texas from BBC (263 words)
2025-12-23 09:28:07,122 - INFO - [The Guardian] Early skip: URL https://www.theguardian.com/world/2025/dec/21/gunmen-johannesburg-township-in-south-africas-second-mass-shooting-within-weeks already exists.
2025-12-23 09:28:07,405 - INFO - [The Hindu] Article: https://www.thehindu.com/videos/sudeep-interview-we-had-planned-mark-to-perfection/article70429143.ece
2025-12-23 09:28:07,405 - INFO - [The Hindu] Attempt 1/1: Trying with 'selenium_browser' strategy...
2025-12-23 09:28:07,406 - INFO - [Times of India] Article: https://timesofindia.indiatimes.com/world/us-streamers/youtuber-adam-the-woo-net-worth-in-2025-vlogger-earnings-travel-career-family-and-sudden-death-at-51/articleshow/126136136.cms
2025-12-23 09:28:07,406 - INFO - [Times of India] Attempt 1/1: Trying with 'selenium_browser' strategy...
2025-12-23 09:28:07,407 - INFO - [The Guardian] Early skip: URL https://www.theguardian.com/world/2025/dec/23/russia-china-support-venezuela-trump-pressure-maduro already exists.
2025-12-23 09:28:07,603 - INFO - [The Guardian] Early skip: URL https://www.theguardian.com/world/2025/dec/23/former-blackrock-executive-mark-wiseman-named-as-canadas-next-ambassador-to-us already exists.
2025-12-23 09:28:07,760 - INFO - [The Guardian] Early skip: URL https://www.theguardian.com/media/2025/dec/22/cbs-pulls-60-minutes-segment-el-salvador-prison already exists.
2025-12-23 09:28:07,983 - INFO - [BBC] Early skip: URL https://www.bbc.com/news/articles/cx2gk56pd5eo?at_medium=RSS&at_campaign=rss already exists.
2025-12-23 09:28:08,118 - INFO - [BBC] Early skip: URL https://www.bbc.com/news/articles/c99722j4lkgo?at_medium=RSS&at_campaign=rss already exists.
2025-12-23 09:28:08,257 - INFO - [The Guardian] Early skip: URL https://www.theguardian.com/world/2025/dec/22/ecuador-guayaquil-four-military-sentenced already exists.
2025-12-23 09:28:08,492 - INFO - [BBC] Early skip: URL https://www.bbc.com/news/articles/ckgmd132ge4o?at_medium=RSS&at_campaign=rss already exists.
2025-12-23 09:28:08,719 - INFO - [BBC] Early skip: URL https://www.bbc.com/news/articles/cz7ndpq42y0o?at_medium=RSS&at_campaign=rss already exists.
2025-12-23 09:28:08,985 - INFO - [BBC] Early skip: URL https://www.bbc.com/news/articles/c2084nq2npjo?at_medium=RSS&at_campaign=rss already exists.
2025-12-23 09:28:09,119 - INFO - [BBC] Early skip: URL https://www.bbc.com/news/articles/c3e0kw80wwzo?at_medium=RSS&at_campaign=rss already exists.
2025-12-23 09:28:09,229 - INFO - [BBC] Early skip: URL https://www.bbc.com/news/articles/cx25rled0ylo?at_medium=RSS&at_campaign=rss already exists.
2025-12-23 09:28:09,455 - INFO - [The Guardian] Early skip: URL https://www.theguardian.com/media/2025/dec/22/cbs-news-delays-60-minutes-segment-featuring-investigation-into-cecot-megaprison already exists.
2025-12-23 09:28:09,660 - INFO - [The Guardian] Early skip: URL https://www.theguardian.com/world/2025/dec/23/christians-pastors-arrested-detained-china-crackdown-house-churches already exists.
2025-12-23 09:28:09,898 - INFO - [BBC] Early skip: URL https://www.bbc.com/news/articles/cx2dmj7p8y2o?at_medium=RSS&at_campaign=rss already exists.
2025-12-23 09:28:10,060 - INFO - [BBC] Early skip: URL https://www.bbc.com/news/articles/c8jwn9wznx1o?at_medium=RSS&at_campaign=rss already exists.
2025-12-23 09:28:10,313 - INFO - [BBC] Early skip: URL https://www.bbc.com/news/articles/cx237k4rr04o?at_medium=RSS&at_campaign=rss already exists.
2025-12-23 09:28:10,581 - INFO - [BBC] Early skip: URL https://www.bbc.com/news/articles/cz0n51p00jmo?at_medium=RSS&at_campaign=rss already exists.
2025-12-23 09:28:10,874 - INFO - [The Guardian] Early skip: URL https://www.theguardian.com/business/2025/dec/22/china-hits-eu-dairy-industry-with-tariffs already exists.
2025-12-23 09:28:11,154 - INFO - [The Guardian] Early skip: URL https://www.theguardian.com/world/2025/dec/22/jeju-air-crash-independent-inquiry-south-korea already exists.
2025-12-23 09:28:11,404 - INFO - [The Guardian] Early skip: URL https://www.theguardian.com/world/2025/dec/22/new-zealand-christchurch-spoof-absurdist-road-signs already exists.
2025-12-23 09:28:11,665 - INFO - [The Guardian] Early skip: URL https://www.theguardian.com/environment/2025/dec/21/takahe-chick-rare-born-new-zealand already exists.
2025-12-23 09:28:11,851 - INFO - [BBC] Early skip: URL https://www.bbc.com/news/articles/c5ydej888n9o?at_medium=RSS&at_campaign=rss already exists.
2025-12-23 09:28:12,067 - INFO - [The Guardian] Early skip: URL https://www.theguardian.com/australia-news/live/2025/dec/23/bondi-terror-attacks-response-nsw-law-changes-gun-law-reform-protest-restrictions-chris-minns-anthony-albanese-labr-sussan-ley-coalition-ntwnfb already exists.
2025-12-23 09:28:12,212 - INFO - [The Guardian] Early skip: URL https://www.theguardian.com/australia-news/2025/dec/23/arsonist-jailed-for-killing-of-young-sydney-teen-during-his-first-sleepover-in-1998-ntwnfb already exists.
2025-12-23 09:28:12,338 - INFO - [The Guardian] Early skip: URL https://www.theguardian.com/australia-news/2025/dec/23/activist-groups-to-challenge-nsw-protest-laws-on-right-to-free-speech-grounds-ntwnfb already exists.
2025-12-23 09:28:12,509 - INFO - [BBC] Early skip: URL https://www.bbc.com/news/articles/cd74ldr2zryo?at_medium=RSS&at_campaign=rss already exists.
2025-12-23 09:28:12,553 - INFO - [The Hindu] Page content loaded.
2025-12-23 09:28:12,724 - INFO - [BBC] Early skip: URL https://www.bbc.com/news/articles/cy95w0x9889o?at_medium=RSS&at_campaign=rss already exists.
2025-12-23 09:28:12,852 - INFO - [BBC] Early skip: URL https://www.bbc.com/news/articles/c2084n1pyvdo?at_medium=RSS&at_campaign=rss already exists.
2025-12-23 09:28:12,920 - WARNING - [The Hindu] FAILED with 'selenium_browser' (content was too short: 65 words).
2025-12-23 09:28:12,920 - ERROR - [The Hindu] All scrape strategies failed for https://www.thehindu.com/videos/sudeep-interview-we-had-planned-mark-to-perfection/article70429143.ece. Falling back to RSS description.
2025-12-23 09:28:12,920 - WARNING - SKIPPED (GLOBAL WORD LIMIT): Article 'Sudeep interview: We planned ‘Mark’ to perfection' from The Hindu has only 14 words (Min: 90).
2025-12-23 09:28:13,116 - INFO - [The Guardian] Early skip: URL https://www.theguardian.com/australia-news/2025/dec/23/sydney-council-seeks-to-shut-down-islamic-centre-linked-to-controversial-preacher-wisam-haddad-ntwnfb already exists.
2025-12-23 09:28:13,264 - INFO - [The Guardian] Early skip: URL https://www.theguardian.com/australia-news/2025/dec/23/australian-neo-nazi-refused-bail-a-second-time-over-alleged-threatening-messages-targeting-allegra-spender-ntwnfb already exists.
2025-12-23 09:28:13,428 - INFO - [BBC] Early skip: URL https://www.bbc.com/news/articles/c1lr980vvjpo?at_medium=RSS&at_campaign=rss already exists.
2025-12-23 09:28:13,569 - INFO - [BBC] Early skip: URL https://www.bbc.com/news/articles/cp8zd176516o?at_medium=RSS&at_campaign=rss already exists.
2025-12-23 09:28:13,730 - INFO - [The Hindu] Article: https://www.thehindu.com/news/national/maharashtra/shiv-sena-ubt-and-mns-alliance-to-be-announced-on-dec-24-says-sanjay-raut/article70429132.ece
2025-12-23 09:28:13,730 - INFO - [The Hindu] Attempt 1/1: Trying with 'selenium_browser' strategy...
2025-12-23 09:28:13,732 - INFO - [The Guardian] Article: https://www.theguardian.com/world/2025/dec/23/ukrainian-cities-lose-power-in-winter-weather-after-russian-attacks
2025-12-23 09:28:13,732 - INFO - [The Guardian] Attempt 1/1: Trying with 'requests_browser' strategy...
2025-12-23 09:28:13,741 - INFO - [BBC] Early skip: URL https://www.bbc.com/news/articles/cjrjpdz33vxo?at_medium=RSS&at_campaign=rss already exists.
2025-12-23 09:28:13,997 - INFO - [The Guardian] Success with 'requests_browser'. Found content (310 words).
2025-12-23 09:28:14,038 - INFO - [BBC] Early skip: URL https://www.bbc.com/news/articles/c93nwrzgypqo?at_medium=RSS&at_campaign=rss already exists.
2025-12-23 09:28:21,044 - INFO - [The Hindu] Page content loaded.
2025-12-23 09:28:21,332 - INFO - [The Hindu] Success with 'selenium_browser'. Found content (157 words).
2025-12-23 09:28:37,389 - INFO - Saved article: Ukrainian cities lose power in winter weather after deadly Russian attacks | Ukraine | The Guardian from The Guardian (310 words)
2025-12-23 09:28:37,390 - INFO - [BBC] Article: https://www.bbc.com/news/videos/ce3w4x2v0xko?at_medium=RSS&at_campaign=rss
2025-12-23 09:28:37,390 - INFO - [BBC] Attempt 1/1: Trying with 'requests_browser' strategy...
2025-12-23 09:28:37,494 - INFO - [BBC] Success with 'requests_browser'. Found content (134 words).
2025-12-23 09:28:52,657 - INFO - DEDUPLICATION: Found match (Score: 0.84). Linking to Cluster ID: 1c278291-af26-4f86-953a-f36eb8677c89
2025-12-23 09:28:52,659 - INFO - Saved article: Shiv Sena (UBT) and MNS alliance to be announced on Dec. 24, says Sanjay Raut - The Hindu from The Hindu (157 words)
2025-12-23 09:29:07,772 - INFO - DEDUPLICATION: Found match (Score: 0.76). Linking to Cluster ID: d1ede7f8-5f98-4b45-aaa2-26220fc0c575
2025-12-23 09:29:07,775 - INFO - Saved article: Ros Atkins on… the oil tanker being pursued by the US from BBC (134 words)
2025-12-23 09:29:07,776 - INFO - [The Guardian] Article: https://www.theguardian.com/world/2025/dec/23/biography-russian-telegram-founder-pavel-durov
2025-12-23 09:29:07,776 - INFO - [The Hindu] Article: https://www.thehindu.com/news/national/tamil-nadu/jawahirullah-urges-tn-government-to-meet-demands-of-protesting-nurses/article70429106.ece
2025-12-23 09:29:07,776 - INFO - [The Guardian] Attempt 1/1: Trying with 'requests_browser' strategy...
2025-12-23 09:29:07,777 - INFO - [The Hindu] Attempt 1/1: Trying with 'selenium_browser' strategy...
2025-12-23 09:29:07,879 - INFO - [The Guardian] Success with 'requests_browser'. Found content (1007 words).
2025-12-23 09:29:09,346 - INFO - [The Hindu] Page content loaded.
2025-12-23 09:29:09,494 - WARNING - [The Hindu] FAILED with 'selenium_browser' (content was too short: 89 words).
2025-12-23 09:29:09,495 - ERROR - [The Hindu] All scrape strategies failed for https://www.thehindu.com/news/national/tamil-nadu/jawahirullah-urges-tn-government-to-meet-demands-of-protesting-nurses/article70429106.ece. Falling back to RSS description.
2025-12-23 09:29:09,495 - WARNING - SKIPPED (GLOBAL WORD LIMIT): Article 'Jawahirullah urges T.N. government to meet demands of protesting nurses' from The Hindu has only 3 words (Min: 90).
2025-12-23 09:29:24,046 - INFO - Saved article: Biography to tell story behind Russian Telegram founder Pavel Durov | Russia | The Guardian from The Guardian (1007 words)
2025-12-23 09:29:24,046 - INFO - [BBC] Early skip: URL https://www.bbc.com/news/videos/cwywe5zw384o?at_medium=RSS&at_campaign=rss already exists.
2025-12-23 09:29:24,304 - INFO - [The Hindu] Article: https://www.thehindu.com/news/cities/Hyderabad/2025-annual-report-overall-crime-dips-marginally-in-cyberabad/article70429028.ece
2025-12-23 09:29:24,304 - INFO - [The Hindu] Attempt 1/1: Trying with 'selenium_browser' strategy...
2025-12-23 09:29:24,304 - INFO - [BBC] Early skip: URL https://www.bbc.com/news/videos/cn7kpnjnmklo?at_medium=RSS&at_campaign=rss already exists.
2025-12-23 09:29:24,493 - INFO - [BBC] Article: https://www.bbc.com/news/videos/cj01pdve7rpo?at_medium=RSS&at_campaign=rss
2025-12-23 09:29:24,494 - INFO - [BBC] Attempt 1/1: Trying with 'requests_browser' strategy...
2025-12-23 09:29:24,558 - WARNING - [BBC] FAILED with 'requests_browser' (content was too short: 80 words).
2025-12-23 09:29:24,558 - ERROR - [BBC] All scrape strategies failed for https://www.bbc.com/news/videos/cj01pdve7rpo?at_medium=RSS&at_campaign=rss. Falling back to RSS description.
2025-12-23 09:29:24,558 - WARNING - SKIPPED (GLOBAL WORD LIMIT): Article 'Putin tells BBC Western leaders deceived Russia' from BBC has only 21 words (Min: 90).
2025-12-23 09:29:24,987 - INFO - [The Guardian] Early skip: URL https://www.theguardian.com/politics/2025/dec/22/keir-starmer-told-closer-eu-trade-ties-strategic-necessity-for-uk-firms already exists.
2025-12-23 09:29:25,154 - INFO - [The Guardian] Early skip: URL https://www.theguardian.com/world/2025/dec/22/russian-general-fanil-sarvarov-killed-car-bomb-moscow-investigators-say already exists.
2025-12-23 09:29:25,300 - INFO - [The Guardian] Early skip: URL https://www.theguardian.com/politics/2025/dec/22/labour-calls-rejoin-eu-customs-union-harder-starmer-resist already exists.
2025-12-23 09:29:25,436 - INFO - [The Guardian] Early skip: URL https://www.theguardian.com/uk-news/2025/dec/22/families-of-palestine-action-hunger-strikers-seek-urgent-meeting-with-lammy already exists.
2025-12-23 09:29:25,567 - INFO - [The Guardian] Early skip: URL https://www.theguardian.com/world/2025/dec/21/israel-approves-new-jewish-settlements-occupied-west-bank already exists.
2025-12-23 09:29:25,726 - INFO - [The Guardian] Early skip: URL https://www.theguardian.com/world/2025/dec/20/israeli-troops-kill-palestinians-sheltering-in-gaza-school-hospital-chiefs already exists.
2025-12-23 09:29:25,835 - INFO - [The Guardian] Early skip: URL https://www.theguardian.com/world/2025/dec/19/gaza-famine-hunger-food-shortages-winter-flooding-un already exists.
2025-12-23 09:29:25,981 - INFO - [BBC] Article: https://www.bbc.com/news/videos/c5yje8pvg8jo?at_medium=RSS&at_campaign=rss
2025-12-23 09:29:25,981 - INFO - [BBC] Attempt 1/1: Trying with 'requests_browser' strategy...
2025-12-23 09:29:25,982 - INFO - [The Guardian] Early skip: URL https://www.theguardian.com/global-development/2025/dec/19/gaza-phd-student-manar-al-houbi-granted-access-to-uk-but-others-remain-stranded already exists.
2025-12-23 09:29:26,090 - WARNING - [BBC] FAILED with 'requests_browser' (content was too short: 74 words).
2025-12-23 09:29:26,091 - ERROR - [BBC] All scrape strategies failed for https://www.bbc.com/news/videos/c5yje8pvg8jo?at_medium=RSS&at_campaign=rss. Falling back to RSS description.
2025-12-23 09:29:26,091 - WARNING - SKIPPED (GLOBAL WORD LIMIT): Article 'What does TikTok's deal mean for America's users?' from BBC has only 21 words (Min: 90).
2025-12-23 09:29:26,653 - INFO - [The Hindu] Page content loaded.
2025-12-23 09:29:26,730 - INFO - [The Hindu] Success with 'selenium_browser'. Found content (575 words).
2025-12-23 09:29:41,341 - INFO - Saved article: 2025 Annual Report | Overall crime dips marginally in Cyberabad - The Hindu from The Hindu (575 words)
2025-12-23 09:29:41,990 - INFO - [The Hindu] Article: https://www.thehindu.com/news/national/delhi-hc-dismisses-plea-of-hizbul-chiefs-sons-against-framing-of-charges-in-terror-funding-case/article70429065.ece
2025-12-23 09:29:41,990 - INFO - [The Hindu] Attempt 1/1: Trying with 'selenium_browser' strategy...
2025-12-23 09:29:43,828 - INFO - [The Hindu] Page content loaded.
2025-12-23 09:29:43,896 - INFO - [The Hindu] Success with 'selenium_browser'. Found content (246 words).
2025-12-23 09:29:58,460 - INFO - Saved article: Delhi HC dismisses plea of Hizbul chief's sons against framing of charges in terror funding case - The Hindu from The Hindu (246 words)
2025-12-23 09:29:59,288 - INFO - [The Hindu] Article: https://www.thehindu.com/news/national/tamil-nadu/startup-communities-launched-in-four-villages-in-cuddalore-district/article70428862.ece
2025-12-23 09:29:59,288 - INFO - [The Hindu] Attempt 1/1: Trying with 'selenium_browser' strategy...
2025-12-23 09:30:00,992 - INFO - [The Hindu] Page content loaded.
2025-12-23 09:30:01,081 - INFO - [The Hindu] Success with 'selenium_browser'. Found content (187 words).
2025-12-23 09:30:07,507 - ERROR - [Times of India] Request failed for strategy 'selenium_browser' on URL https://timesofindia.indiatimes.com/world/us-streamers/youtuber-adam-the-woo-net-worth-in-2025-vlogger-earnings-travel-career-family-and-sudden-death-at-51/articleshow/126136136.cms: HTTPConnectionPool(host='localhost', port=37685): Read timed out. (read timeout=120)
2025-12-23 09:30:07,507 - ERROR - [Times of India] All scrape strategies failed for https://timesofindia.indiatimes.com/world/us-streamers/youtuber-adam-the-woo-net-worth-in-2025-vlogger-earnings-travel-career-family-and-sudden-death-at-51/articleshow/126136136.cms. Falling back to RSS description.
2025-12-23 09:30:07,507 - WARNING - SKIPPED (GLOBAL WORD LIMIT): Article 'Adam the Woo net worth in 2025: YouTube earnings, travel career, family and sudden death at 51' from Times of India has only 56 words (Min: 90).
2025-12-23 09:30:15,660 - INFO - Saved article: Startup communities launched in four villages in Cuddalore district - The Hindu from The Hindu (187 words)
2025-12-23 09:30:15,660 - INFO - [Times of India] Article: https://timesofindia.indiatimes.com/world/middle-east/saudi-central-bank-slashes-banking-and-payment-fees-heres-all-you-need-to-know/articleshow/126137601.cms
2025-12-23 09:30:15,660 - INFO - [Times of India] Attempt 1/1: Trying with 'selenium_browser' strategy...
2025-12-23 09:30:17,132 - INFO - [The Hindu] Article: https://www.thehindu.com/news/national/special-nia-court-orders-attachment-of-property-of-us-based-kashmiri-lobbyist/article70429054.ece
2025-12-23 09:30:17,132 - INFO - [The Hindu] Attempt 1/1: Trying with 'selenium_browser' strategy...
2025-12-23 09:30:18,574 - INFO - [The Hindu] Page content loaded.
2025-12-23 09:30:18,712 - INFO - [The Hindu] Success with 'selenium_browser'. Found content (213 words).
2025-12-23 09:30:33,818 - INFO - Saved article: Special NIA court orders attachment of property of U.S.-based Kashmiri lobbyist - The Hindu from The Hindu (213 words)
2025-12-23 09:30:34,497 - INFO - [The Hindu] Article: https://www.thehindu.com/news/national/tamil-nadu/man-sets-four-family-members-on-fire-in-sivakasi/article70428524.ece
2025-12-23 09:30:34,497 - INFO - [The Hindu] Attempt 1/1: Trying with 'selenium_browser' strategy...
2025-12-23 09:30:35,372 - INFO - [The Hindu] Page content loaded.
2025-12-23 09:30:35,495 - INFO - [The Hindu] Success with 'selenium_browser'. Found content (170 words).
2025-12-23 09:30:50,621 - INFO - Saved article: Man sets four family members on fire in Sivakasi - The Hindu from The Hindu (170 words)
2025-12-23 09:30:51,255 - INFO - [The Hindu] Early skip: URL https://www.thehindu.com/news/national/chhattisgarh/bjp-leader-hacked-to-death-by-unidentified-assailants-in-chhattisgarhs-korba/article70428951.ece already exists.
2025-12-23 09:30:51,532 - INFO - [The Hindu] Early skip: URL https://www.thehindu.com/news/cities/bangalore/from-biryani-to-sorpotel-how-different-communities-in-bengaluru-celebrate-christmas/article70415012.ece already exists.
2025-12-23 09:30:51,716 - INFO - [The Hindu] Early skip: URL https://www.thehindu.com/news/national/kerala/roadside-surgery-heroic-response-by-three-young-doctors-save-accident-victim-in-kerala-earn-praise/article70426376.ece already exists.
2025-12-23 09:30:52,013 - INFO - [The Hindu] Early skip: URL https://www.thehindu.com/news/national/karnataka/karnataka-minister-promises-early-execution-of-pm-mitra-textile-park-in-kalaburagi/article70426360.ece already exists.
2025-12-23 09:30:52,241 - INFO - [The Hindu] Early skip: URL https://www.thehindu.com/news/cities/Delhi/bangladesh-high-commission-delhi-protest-vhp-right-wing-december-23-2025/article70428850.ece already exists.
2025-12-23 09:30:52,435 - INFO - [The Hindu] Early skip: URL https://www.thehindu.com/news/national/delhi-flights-delayed-cancelled-at-airport-december-23-2025/article70428822.ece already exists.
2025-12-23 09:30:52,588 - INFO - [The Hindu] Early skip: URL https://www.thehindu.com/news/national/karnataka/permission-denied-for-cricket-match-at-m-chinnaswamy-stadium-in-bengaluru/article70428797.ece already exists.
2025-12-23 09:30:52,709 - INFO - [The Hindu] Early skip: URL https://www.thehindu.com/news/national/karnataka/karnataka-government-will-weed-out-gruha-laxmi-beneficiaries-who-have-passed-away-says-minister/article70426405.ece already exists.
2025-12-23 09:30:53,001 - INFO - [The Hindu] Early skip: URL https://www.thehindu.com/news/national/telangana/remove-bushes-along-tracks-to-ensure-clear-signal-visibility-scr-chief-during-winter-safety-protocols-review/article70426770.ece already exists.
2025-12-23 09:30:53,270 - INFO - [The Hindu] Early skip: URL https://www.thehindu.com/news/national/indigo-already-permitted-to-operate-5-leased-b737-planes-from-turkey-till-march-26-dgca/article70428293.ece already exists.
2025-12-23 09:30:53,451 - INFO - [The Hindu] Early skip: URL https://www.thehindu.com/news/national/congress-attacks-modi-govt-on-aravalli-issue-asks-why-hell-bent-on-redefining-mountain-range/article70428710.ece already exists.
2025-12-23 09:30:53,563 - INFO - [The Hindu] Early skip: URL https://www.thehindu.com/news/national/arunachal-pradesh/itanagar-police-arrests-two-from-jk-for-espionage-activities-in-arunachal/article70428747.ece already exists.
2025-12-23 09:30:53,825 - INFO - [The Hindu] Early skip: URL https://www.thehindu.com/news/national/andhra-pradesh/amaravati-to-anchor-knowledge-economy-as-indias-quantum-valley-naidu/article70428601.ece already exists.
2025-12-23 09:30:54,091 - INFO - [The Hindu] Early skip: URL https://www.thehindu.com/news/national/london-hyderabad-british-airways-flight-gets-bomb-threat-lands-safely/article70428755.ece already exists.
2025-12-23 09:30:54,371 - INFO - [The Hindu] Early skip: URL https://www.thehindu.com/news/national/andhra-pradesh/four-arrested-and-20-cars-seized-for-cheating-the-owners/article70428321.ece already exists.
2025-12-23 09:30:54,658 - INFO - [The Hindu] Early skip: URL https://www.thehindu.com/news/national/delhi-court-orders-framing-of-charges-against-congress-mp-karti-chidambaram-in-chinese-visa-scam-case/article70428644.ece already exists.
2025-12-23 09:30:54,904 - INFO - [The Hindu] Early skip: URL https://www.thehindu.com/news/national/maharashtra/man-murders-colleague-dumps-body-in-water-tank-in-palghar-held/article70428651.ece already exists.
2025-12-23 09:30:55,200 - INFO - [The Hindu] Early skip: URL https://www.thehindu.com/news/national/telangana/telangana-hc-declines-interim-relief-to-gitam-university-over-power-disconnection/article70427050.ece already exists.
2025-12-23 09:30:55,417 - INFO - [The Hindu] Early skip: URL https://www.thehindu.com/news/cities/kolkata/messi-event-fiasco-calcutta-high-court-refuses-to-interfere-in-sit-probe/article70428633.ece already exists.
2025-12-23 09:30:55,635 - INFO - [The Hindu] Early skip: URL https://www.thehindu.com/news/national/assam/assam-section-163-imposed-in-west-karbi-anglong-after-violent-protests/article70428583.ece already exists.
2025-12-23 09:30:55,831 - INFO - [The Hindu] Early skip: URL https://www.thehindu.com/news/national/kerala/bird-flu-outbreak-confirmed-in-keralas-alappuzha-and-kottayam-districts/article70428577.ece already exists.
2025-12-23 09:30:56,016 - INFO - [The Hindu] Early skip: URL https://www.thehindu.com/news/national/telangana/telangana-hc-declines-to-pass-order-over-ghmc-divisions-delimitation-merger-with-new-ones/article70426976.ece already exists.
2025-12-23 09:30:56,155 - INFO - [The Hindu] (Thread) Finished. Attempting to shut down its Selenium driver.
2025-12-23 09:30:56,328 - INFO - [The Hindu] (Thread) driver.quit() successful.
2025-12-23 09:32:15,749 - ERROR - [Times of India] Request failed for strategy 'selenium_browser' on URL https://timesofindia.indiatimes.com/world/middle-east/saudi-central-bank-slashes-banking-and-payment-fees-heres-all-you-need-to-know/articleshow/126137601.cms: HTTPConnectionPool(host='localhost', port=37685): Read timed out. (read timeout=120)
2025-12-23 09:32:15,749 - ERROR - [Times of India] All scrape strategies failed for https://timesofindia.indiatimes.com/world/middle-east/saudi-central-bank-slashes-banking-and-payment-fees-heres-all-you-need-to-know/articleshow/126137601.cms. Falling back to RSS description.
2025-12-23 09:32:15,749 - WARNING - SKIPPED (GLOBAL WORD LIMIT): Article 'Saudi Central Bank slashes banking and payment fees: Here’s all you need to know' from Times of India has only 58 words (Min: 90).
2025-12-23 09:32:16,710 - INFO - [Times of India] Article: https://timesofindia.indiatimes.com/world/middle-east/saudi-arabia-sees-rare-snowfall-after-30-years-desert-mountains-turn-into-winter-wonderland/articleshow/126136326.cms
2025-12-23 09:32:16,710 - INFO - [Times of India] Attempt 1/1: Trying with 'selenium_browser' strategy...
2025-12-23 09:32:52,417 - CRITICAL - --- TIMEOUT: 1 scrape jobs did not complete in 300s. ---
2025-12-23 09:32:52,417 - ERROR - A thread has timed out and will be abandoned.
2025-12-23 09:32:52,417 - INFO - Shutting down thread pool (wait=False)...
2025-12-23 09:32:52,418 - INFO - Scraped: 2 BBC, 6 The Hindu, 2 The Guardian, 1 Timed_Out_Jobs articles. (Total saved: 10)
2025-12-23 09:32:52,418 - INFO - --- Scraping job finished ---
2025-12-23 09:32:52,418 - INFO - --- Scraper service stopped and database connection closed. ---
2025-12-23 09:32:52,418 - INFO - --- Main thread finished. Forcing process exit to kill zombie threads. ---
