2026-05-02 14:31:12,184 - INFO - Loading AI Semantic Model (all-MiniLM-L6-v2)...
2026-05-02 14:31:12,185 - INFO - No device provided, using cpu
2026-05-02 14:31:12,311 - INFO - HTTP Request: HEAD https://huggingface.co/sentence-transformers/all-MiniLM-L6-v2/resolve/main/modules.json "HTTP/1.1 307 Temporary Redirect"
2026-05-02 14:31:12,316 - INFO - HTTP Request: HEAD https://huggingface.co/api/resolve-cache/models/sentence-transformers/all-MiniLM-L6-v2/c9745ed1d9f207416be6d2e6f8de32d1f16199bf/modules.json "HTTP/1.1 200 OK"
2026-05-02 14:31:12,396 - INFO - HTTP Request: HEAD https://huggingface.co/sentence-transformers/all-MiniLM-L6-v2/resolve/main/config_sentence_transformers.json "HTTP/1.1 307 Temporary Redirect"
2026-05-02 14:31:12,397 - WARNING - Warning: You are sending unauthenticated requests to the HF Hub. Please set a HF_TOKEN to enable higher rate limits and faster downloads.
2026-05-02 14:31:12,401 - INFO - HTTP Request: HEAD https://huggingface.co/api/resolve-cache/models/sentence-transformers/all-MiniLM-L6-v2/c9745ed1d9f207416be6d2e6f8de32d1f16199bf/config_sentence_transformers.json "HTTP/1.1 200 OK"
2026-05-02 14:31:12,402 - INFO - Loading SentenceTransformer model from sentence-transformers/all-MiniLM-L6-v2.
2026-05-02 14:31:12,509 - INFO - HTTP Request: HEAD https://huggingface.co/sentence-transformers/all-MiniLM-L6-v2/resolve/main/config_sentence_transformers.json "HTTP/1.1 307 Temporary Redirect"
2026-05-02 14:31:12,513 - INFO - HTTP Request: HEAD https://huggingface.co/api/resolve-cache/models/sentence-transformers/all-MiniLM-L6-v2/c9745ed1d9f207416be6d2e6f8de32d1f16199bf/config_sentence_transformers.json "HTTP/1.1 200 OK"
2026-05-02 14:31:12,593 - INFO - HTTP Request: HEAD https://huggingface.co/sentence-transformers/all-MiniLM-L6-v2/resolve/main/README.md "HTTP/1.1 307 Temporary Redirect"
2026-05-02 14:31:12,598 - INFO - HTTP Request: HEAD https://huggingface.co/api/resolve-cache/models/sentence-transformers/all-MiniLM-L6-v2/c9745ed1d9f207416be6d2e6f8de32d1f16199bf/README.md "HTTP/1.1 200 OK"
2026-05-02 14:31:12,687 - INFO - HTTP Request: HEAD https://huggingface.co/sentence-transformers/all-MiniLM-L6-v2/resolve/main/modules.json "HTTP/1.1 307 Temporary Redirect"
2026-05-02 14:31:12,691 - INFO - HTTP Request: HEAD https://huggingface.co/api/resolve-cache/models/sentence-transformers/all-MiniLM-L6-v2/c9745ed1d9f207416be6d2e6f8de32d1f16199bf/modules.json "HTTP/1.1 200 OK"
2026-05-02 14:31:12,766 - INFO - HTTP Request: HEAD https://huggingface.co/sentence-transformers/all-MiniLM-L6-v2/resolve/main/sentence_bert_config.json "HTTP/1.1 307 Temporary Redirect"
2026-05-02 14:31:12,771 - INFO - HTTP Request: HEAD https://huggingface.co/api/resolve-cache/models/sentence-transformers/all-MiniLM-L6-v2/c9745ed1d9f207416be6d2e6f8de32d1f16199bf/sentence_bert_config.json "HTTP/1.1 200 OK"
2026-05-02 14:31:12,858 - INFO - HTTP Request: HEAD https://huggingface.co/sentence-transformers/all-MiniLM-L6-v2/resolve/main/adapter_config.json "HTTP/1.1 404 Not Found"
2026-05-02 14:31:12,931 - INFO - HTTP Request: HEAD https://huggingface.co/sentence-transformers/all-MiniLM-L6-v2/resolve/main/config.json "HTTP/1.1 307 Temporary Redirect"
2026-05-02 14:31:12,935 - INFO - HTTP Request: HEAD https://huggingface.co/api/resolve-cache/models/sentence-transformers/all-MiniLM-L6-v2/c9745ed1d9f207416be6d2e6f8de32d1f16199bf/config.json "HTTP/1.1 200 OK"
2026-05-02 14:31:13,244 - INFO - HTTP Request: HEAD https://huggingface.co/sentence-transformers/all-MiniLM-L6-v2/resolve/main/processor_config.json "HTTP/1.1 404 Not Found"
2026-05-02 14:31:13,323 - INFO - HTTP Request: HEAD https://huggingface.co/sentence-transformers/all-MiniLM-L6-v2/resolve/main/preprocessor_config.json "HTTP/1.1 404 Not Found"
2026-05-02 14:31:13,401 - INFO - HTTP Request: HEAD https://huggingface.co/sentence-transformers/all-MiniLM-L6-v2/resolve/main/video_preprocessor_config.json "HTTP/1.1 404 Not Found"
2026-05-02 14:31:13,477 - INFO - HTTP Request: HEAD https://huggingface.co/sentence-transformers/all-MiniLM-L6-v2/resolve/main/preprocessor_config.json "HTTP/1.1 404 Not Found"
2026-05-02 14:31:13,550 - INFO - HTTP Request: HEAD https://huggingface.co/sentence-transformers/all-MiniLM-L6-v2/resolve/main/tokenizer_config.json "HTTP/1.1 307 Temporary Redirect"
2026-05-02 14:31:13,555 - INFO - HTTP Request: HEAD https://huggingface.co/api/resolve-cache/models/sentence-transformers/all-MiniLM-L6-v2/c9745ed1d9f207416be6d2e6f8de32d1f16199bf/tokenizer_config.json "HTTP/1.1 200 OK"
2026-05-02 14:31:13,629 - INFO - HTTP Request: HEAD https://huggingface.co/sentence-transformers/all-MiniLM-L6-v2/resolve/main/config.json "HTTP/1.1 307 Temporary Redirect"
2026-05-02 14:31:13,633 - INFO - HTTP Request: HEAD https://huggingface.co/api/resolve-cache/models/sentence-transformers/all-MiniLM-L6-v2/c9745ed1d9f207416be6d2e6f8de32d1f16199bf/config.json "HTTP/1.1 200 OK"
2026-05-02 14:31:13,708 - INFO - HTTP Request: HEAD https://huggingface.co/sentence-transformers/all-MiniLM-L6-v2/resolve/main/config.json "HTTP/1.1 307 Temporary Redirect"
2026-05-02 14:31:13,713 - INFO - HTTP Request: HEAD https://huggingface.co/api/resolve-cache/models/sentence-transformers/all-MiniLM-L6-v2/c9745ed1d9f207416be6d2e6f8de32d1f16199bf/config.json "HTTP/1.1 200 OK"
2026-05-02 14:31:13,788 - INFO - HTTP Request: HEAD https://huggingface.co/sentence-transformers/all-MiniLM-L6-v2/resolve/main/tokenizer_config.json "HTTP/1.1 307 Temporary Redirect"
2026-05-02 14:31:13,794 - INFO - HTTP Request: HEAD https://huggingface.co/api/resolve-cache/models/sentence-transformers/all-MiniLM-L6-v2/c9745ed1d9f207416be6d2e6f8de32d1f16199bf/tokenizer_config.json "HTTP/1.1 200 OK"
2026-05-02 14:31:13,876 - INFO - HTTP Request: GET https://huggingface.co/api/models/sentence-transformers/all-MiniLM-L6-v2/tree/main/additional_chat_templates?recursive=false&expand=false "HTTP/1.1 404 Not Found"
2026-05-02 14:31:13,957 - INFO - HTTP Request: GET https://huggingface.co/api/models/sentence-transformers/all-MiniLM-L6-v2/tree/main?recursive=true&expand=false "HTTP/1.1 200 OK"
2026-05-02 14:31:14,063 - INFO - HTTP Request: HEAD https://huggingface.co/sentence-transformers/all-MiniLM-L6-v2/resolve/main/1_Pooling/config.json "HTTP/1.1 307 Temporary Redirect"
2026-05-02 14:31:14,067 - INFO - HTTP Request: HEAD https://huggingface.co/api/resolve-cache/models/sentence-transformers/all-MiniLM-L6-v2/c9745ed1d9f207416be6d2e6f8de32d1f16199bf/1_Pooling%2Fconfig.json "HTTP/1.1 200 OK"
2026-05-02 14:31:14,145 - INFO - HTTP Request: GET https://huggingface.co/api/models/sentence-transformers/all-MiniLM-L6-v2 "HTTP/1.1 200 OK"
2026-05-02 14:31:14,149 - INFO - AI Model loaded successfully.
2026-05-02 14:31:14,149 - INFO - --- Scraper service started (CI Mode: Run Once) ---
2026-05-02 14:31:14,149 - INFO - --- Starting new scraping job (Parallel Mode) ---
2026-05-02 14:31:14,149 - INFO - Connecting to Google Sheets...
2026-05-02 14:31:18,433 - INFO - Connected to Sheet: News Scrapper AI / Sheet1
2026-05-02 14:31:18,433 - INFO - Fetching existing data to build cache...
2026-05-02 14:31:36,337 - INFO - Loaded 55925 rows from sheet.
2026-05-02 14:31:37,121 - INFO - Cache built: 55925 URLs. Current MAX_ID: 56027
2026-05-02 14:31:37,126 - INFO - Creating new robust session with 3 retries on 5xx/connection/read errors.
2026-05-02 14:31:37,126 - INFO - Proxy is DISABLED.
2026-05-02 14:31:37,126 - INFO - Starting scrape for BBC RSS feed: http://feeds.bbci.co.uk/news/world/rss.xml
2026-05-02 14:31:37,126 - INFO - [Times of India] (Thread) requires Selenium. Initializing driver...
2026-05-02 14:31:37,127 - INFO - Starting scrape for The Guardian RSS feed: https://www.theguardian.com/world/rss
2026-05-02 14:31:37,128 - INFO - [The Hindu] (Thread) requires Selenium. Initializing driver...
2026-05-02 14:31:37,129 - INFO - [The Dawn] (Thread) requires Selenium. Initializing driver...
2026-05-02 14:31:37,129 - INFO - [Al Jazeera] (Thread) requires Selenium. Initializing driver...
2026-05-02 14:31:37,130 - INFO - Starting scrape for TechCrunch RSS feed: https://techcrunch.com/feed/
2026-05-02 14:31:37,130 - INFO - [Economic Times] (Thread) requires Selenium. Initializing driver...
2026-05-02 14:31:37,131 - INFO - Submitted 8 jobs to thread pool. Waiting up to 420s for completion...
2026-05-02 14:31:37,227 - INFO - Found 0 articles in TechCrunch RSS feed. Processing until 30 new articles are saved.
2026-05-02 14:31:37,257 - INFO - Found 40 articles in BBC RSS feed. Processing until 30 new articles are saved.
2026-05-02 14:31:37,257 - INFO - [BBC] Early skip: URL https://www.bbc.com/news/articles/c0729d374mxo?at_medium=RSS&at_campaign=rss already exists.
2026-05-02 14:31:37,261 - INFO - [BBC] Article: https://www.bbc.com/news/articles/c3v2l2qq9qlo?at_medium=RSS&at_campaign=rss
2026-05-02 14:31:37,261 - INFO - [BBC] Attempt 1/1: Trying with 'requests_browser' strategy...
2026-05-02 14:31:37,371 - INFO - Found 45 articles in The Guardian RSS feed. Processing until 30 new articles are saved.
2026-05-02 14:31:37,372 - INFO - [The Guardian] Early skip: URL https://www.theguardian.com/global-development/2026/may/02/zambia-cancels-rightscon-summit-largest-human-rights-technology-conference already exists.
2026-05-02 14:31:37,374 - INFO - [The Guardian] Early skip: URL https://www.theguardian.com/global-development/2026/may/02/new-drug-coartem-baby-babies-malaria-who-treatment already exists.
2026-05-02 14:31:37,376 - INFO - [The Guardian] Early skip: URL https://www.theguardian.com/global-development/2026/may/01/sabastian-sawe-hero-welcome-kenya-sub-two-marathon already exists.
2026-05-02 14:31:37,377 - INFO - [The Guardian] Early skip: URL https://www.theguardian.com/global-development/2026/may/01/uganda-copying-russia-and-china-with-new-bill-designed-to-crush-dissent-say-critics already exists.
2026-05-02 14:31:37,378 - INFO - [The Guardian] Early skip: URL https://www.theguardian.com/global-development/2026/may/01/bae-lawsuit-scrap-support-aid-aircraft-encomm-aviation already exists.
2026-05-02 14:31:37,379 - INFO - [The Guardian] Early skip: URL https://www.theguardian.com/science/2026/may/02/germany-brazil-irritator-dinosaur-skull-restitution already exists.
2026-05-02 14:31:37,382 - INFO - [The Guardian] Early skip: URL https://www.theguardian.com/world/2026/may/02/cuba-trump-new-sanctions-economy already exists.
2026-05-02 14:31:37,383 - INFO - [The Guardian] Early skip: URL https://www.theguardian.com/us-news/2026/may/01/pope-former-undocumented-immigrant-bishop-west-virginia already exists.
2026-05-02 14:31:37,385 - INFO - [The Guardian] Early skip: URL https://www.theguardian.com/environment/2026/may/01/could-key-climate-talks-mark-ground-zero-in-global-push-to-ditch-fossil-fuels already exists.
2026-05-02 14:31:37,386 - INFO - [The Guardian] Early skip: URL https://www.theguardian.com/world/2026/may/01/antigua-barbuda-gaston-browne-win-election already exists.
2026-05-02 14:31:37,387 - INFO - [The Guardian] Early skip: URL https://www.theguardian.com/environment/2026/may/01/weather-tracker-tornadoes-and-giant-hail-in-central-us already exists.
2026-05-02 14:31:37,390 - INFO - [The Guardian] Early skip: URL https://www.theguardian.com/world/2026/apr/30/jailed-hong-kong-pro-democracy-activist-jimmy-lai-wins-freedom-of-speech-award-in-germany already exists.
2026-05-02 14:31:37,393 - INFO - [The Guardian] Early skip: URL https://www.theguardian.com/world/2026/apr/30/christchurch-gunman-shooter-mosque-attacker-appeal-fails-ntwnfb already exists.
2026-05-02 14:31:37,395 - INFO - [The Guardian] Early skip: URL https://www.theguardian.com/australia-news/2026/apr/30/student-allegedly-jailed-china-pro-democracy-protest-in-australia-human-rights-inquiry already exists.
2026-05-02 14:31:37,396 - INFO - [The Guardian] Early skip: URL https://www.theguardian.com/technology/2026/apr/29/uk-data-leaks-alibaba-biobank-health-records already exists.
2026-05-02 14:31:37,399 - INFO - [The Guardian] Article: https://www.theguardian.com/australia-news/2026/may/02/liberals-claim-victory-in-nepean-byelection-ahead-of-state-poll
2026-05-02 14:31:37,399 - INFO - [The Guardian] Attempt 1/1: Trying with 'requests_browser' strategy...
2026-05-02 14:31:37,454 - INFO - [BBC] Success with 'requests_browser'. Found content (847 words).
2026-05-02 14:31:37,584 - INFO - [The Guardian] Success with 'requests_browser'. Found content (535 words).
2026-05-02 14:31:38,735 - INFO - Selenium driver initialized successfully (Eager load strategy, 7s timeout).
2026-05-02 14:31:38,735 - INFO - Starting scrape for The Hindu RSS feed: https://www.thehindu.com/news/national/feeder/default.rss
2026-05-02 14:31:38,771 - INFO - Selenium driver initialized successfully (Eager load strategy, 7s timeout).
2026-05-02 14:31:38,771 - INFO - Starting scrape for Times of India RSS feed: https://timesofindia.indiatimes.com/rssfeeds/296589292.cms
2026-05-02 14:31:38,783 - INFO - Selenium driver initialized successfully (Eager load strategy, 7s timeout).
2026-05-02 14:31:38,795 - INFO - Starting scrape for The Dawn RSS feed: https://www.dawn.com/feeds/home
2026-05-02 14:31:38,809 - INFO - Selenium driver initialized successfully (Eager load strategy, 7s timeout).
2026-05-02 14:31:38,809 - INFO - Starting scrape for Al Jazeera RSS feed: https://www.aljazeera.com/xml/rss/all.xml
2026-05-02 14:31:38,810 - INFO - Selenium driver initialized successfully (Eager load strategy, 7s timeout).
2026-05-02 14:31:38,810 - INFO - Starting scrape for Economic Times RSS feed: https://economictimes.indiatimes.com/rssfeedsdefault.cms
2026-05-02 14:31:38,874 - INFO - Found 60 articles in The Hindu RSS feed. Processing until 30 new articles are saved.
2026-05-02 14:31:38,874 - INFO - [The Hindu] Article: https://www.thehindu.com/news/cities/chennai/meena-muthaiah-a-matriarch-whose-strength-turned-barriers-into-pathways/article70931457.ece
2026-05-02 14:31:38,874 - INFO - [The Hindu] Attempt 1/1: Trying with 'selenium_browser' strategy...
2026-05-02 14:31:38,902 - INFO - Found 20 articles in Times of India RSS feed. Processing until 30 new articles are saved.
2026-05-02 14:31:38,906 - INFO - [Times of India] Article: https://timesofindia.indiatimes.com/world/us/i-came-to-us-in-2016-on-f-1-visa-reddit-user-shares-personal-journey-to-300000-job-in-viral-post/articleshow/130716868.cms
2026-05-02 14:31:38,906 - INFO - [Times of India] Attempt 1/1: Trying with 'selenium_browser' strategy...
2026-05-02 14:31:38,951 - INFO - Found 25 articles in Al Jazeera RSS feed. Processing until 30 new articles are saved.
2026-05-02 14:31:38,951 - INFO - [Al Jazeera] Article: https://www.aljazeera.com/sports/liveblog/2026/5/2/live-arsenal-vs-fulham-premier-league?traffic_source=rss
2026-05-02 14:31:38,951 - INFO - [Al Jazeera] Attempt 1/2: Trying with 'requests_browser' strategy...
2026-05-02 14:31:38,956 - INFO - Found 24 articles in The Dawn RSS feed. Processing until 30 new articles are saved.
2026-05-02 14:31:38,973 - INFO - [The Dawn] Early skip: URL https://www.dawn.com/news/1996946/pakistan-slams-one-sided-remarks-by-british-diplomat-on-pak-afghan-border-situation already exists.
2026-05-02 14:31:38,979 - INFO - [The Dawn] Early skip: URL https://www.dawn.com/news/1996941/saudi-arabia-reverses-decision-setting-minimum-age-for-haj-pilgrims-at-15-years already exists.
2026-05-02 14:31:38,981 - WARNING - [Al Jazeera] FAILED with 'requests_browser' (content was too short: 59 words).
2026-05-02 14:31:38,984 - INFO - [The Dawn] Article: https://www.dawn.com/news/1996959/jirga-convened-by-kp-cm-decides-on-holding-talks-with-centre-other-stakeholders-over-drone-attacks
2026-05-02 14:31:38,984 - INFO - [The Dawn] Attempt 1/2: Trying with 'requests_browser' strategy...
2026-05-02 14:31:39,052 - INFO - [The Dawn] Success with 'requests_browser'. Found content (727 words).
2026-05-02 14:31:39,283 - INFO - Found 76 articles in Economic Times RSS feed. Processing until 30 new articles are saved.
2026-05-02 14:31:39,283 - INFO - [Economic Times] Early skip: URL https://economictimes.indiatimes.com/markets/stocks/news/madhusudan-kelas-portfolio-5-stocks-rally-up-to-135-4-new-q4-bets-revealed/slideshow/130712698.cms already exists.
2026-05-02 14:31:39,284 - INFO - [Economic Times] Early skip: URL https://economictimes.indiatimes.com/markets/stocks/news/hdfc-bank-bharti-airtel-among-10-largecap-stocks-with-up-to-35-upside-potential-check-list/slideshow/130712055.cms already exists.
2026-05-02 14:31:39,286 - INFO - [Economic Times] Early skip: URL https://economictimes.indiatimes.com/markets/us-stocks/news/jane-street-employees-set-to-get-2-68-million-payout-after-record-revenue-haul/articleshow/130711040.cms already exists.
2026-05-02 14:31:39,288 - INFO - [Economic Times] Early skip: URL https://economictimes.indiatimes.com/markets/commodities/news/gold-consolidates-in-4600-4800-range-for-almost-2-months-a-big-rally-brewing-in-may/articleshow/130711353.cms already exists.
2026-05-02 14:31:39,289 - INFO - [Economic Times] Early skip: URL https://economictimes.indiatimes.com/markets/us-stocks/news/ai-spending-boom-soars-but-no-returns-for-big-tech-giants-warns-jefferies-chris-wood/articleshow/130713359.cms already exists.
2026-05-02 14:31:39,290 - INFO - [Economic Times] Early skip: URL https://economictimes.indiatimes.com/markets/expert-view/largecap-it-stocks-as-a-value-play-bnp-paribas-kumar-rakesh-issues-a-reality-check/articleshow/130713275.cms already exists.
2026-05-02 14:31:39,292 - INFO - [Economic Times] Early skip: URL https://economictimes.indiatimes.com/news/economy/policy/rbi-draft-for-upper-layer-non-banks-affects-cics-disproportionately-raises-compliances-costs/articleshow/130394099.cms already exists.
2026-05-02 14:31:39,293 - INFO - [Economic Times] Early skip: URL https://economictimes.indiatimes.com/news/economy/foreign-trade/exporters-seek-removal-of-cap-on-interest-subvention/articleshow/130341339.cms already exists.
2026-05-02 14:31:39,295 - INFO - [Economic Times] Early skip: URL https://economictimes.indiatimes.com/news/economy/indicators/macro-buffers-to-help-india-tide-over-gulf-crisis-world-bank/articleshow/130152815.cms already exists.
2026-05-02 14:31:39,296 - INFO - [Economic Times] Early skip: URL https://economictimes.indiatimes.com/news/economy/policy/rbi-holds-repo-rate-flags-supply-chain-risks-to-inflation-growth/articleshow/130123373.cms already exists.
2026-05-02 14:31:39,300 - INFO - [Economic Times] Early skip: URL https://economictimes.indiatimes.com/news/economy/policy/rbi-may-keep-rates-unchanged-focus-on-rupee-stability-and-bond-yields/articleshow/130045979.cms already exists.
2026-05-02 14:31:39,301 - INFO - [Economic Times] Early skip: URL https://economictimes.indiatimes.com/news/economy/foreign-trade/japan-to-create-special-cell-to-push-fdi-into-india/articleshow/129933023.cms already exists.
2026-05-02 14:31:39,302 - INFO - [Economic Times] Early skip: URL https://economictimes.indiatimes.com/tech/technology/apple-faces-indian-engineers-bias-lawsuit/articleshow/81694292.cms already exists.
2026-05-02 14:31:39,303 - INFO - [Economic Times] Early skip: URL https://economictimes.indiatimes.com/news/defence/despite-transatlantic-love-fest-eu-charts-third-way-in-ties-with-us-and-china/articleshow/81467467.cms already exists.
2026-05-02 14:31:39,306 - INFO - [Economic Times] Early skip: URL https://economictimes.indiatimes.com/tech/tech-bytes/twitters-india-policy-head-to-step-down-will-transition-in-march/articleshow/80732868.cms already exists.
2026-05-02 14:31:39,307 - INFO - [Economic Times] Early skip: URL https://economictimes.indiatimes.com/tech/tech-and-gadgets/govt-may-keep-rs-7500-cr-outlay-for-it-hardware-manufacturing-under-pli-scheme/articleshow/80333429.cms already exists.
2026-05-02 14:31:39,308 - INFO - [Economic Times] Early skip: URL https://economictimes.indiatimes.com/tech/technology/indian-dating-apps-services-see-surge-of-paying-users-in-small-cities/articleshow/80063342.cms already exists.
2026-05-02 14:31:39,310 - INFO - [Economic Times] Early skip: URL https://economictimes.indiatimes.com/tech/technology/time-for-govt-cos-to-adopt-ai-deloitte-india/articleshow/79981215.cms already exists.
2026-05-02 14:31:39,311 - INFO - [Economic Times] Early skip: URL https://economictimes.indiatimes.com/news/international/global-trends/trump-jokes-us-navy-will-take-on-cuba-on-the-way-home-from-iran/articleshow/130712980.cms already exists.
2026-05-02 14:31:39,312 - INFO - [Economic Times] Early skip: URL https://economictimes.indiatimes.com/news/international/business/the-billion-barrel-hormuz-oil-shock-is-about-to-crash-demand/articleshow/130520926.cms already exists.
2026-05-02 14:31:39,313 - INFO - [Economic Times] Early skip: URL https://economictimes.indiatimes.com/news/international/world-news/iran-to-resume-international-flights-from-mashhad-airport-on-monday/articleshow/130377208.cms already exists.
2026-05-02 14:31:39,315 - INFO - [Economic Times] Early skip: URL https://economictimes.indiatimes.com/news/international/world-news/uk-police-examine-iran-links-to-arson-attacks-on-jewish-targets/articleshow/130377134.cms already exists.
2026-05-02 14:31:39,316 - INFO - [Economic Times] Early skip: URL https://economictimes.indiatimes.com/news/international/business/war-crisis-revives-stagflation-dangers-for-global-economy/articleshow/130376821.cms already exists.
2026-05-02 14:31:39,317 - INFO - [Economic Times] Early skip: URL https://economictimes.indiatimes.com/news/international/world-news/iran-to-prioritise-strait-of-hormuz-passage-for-vessels-that-pay-fees/articleshow/130361163.cms already exists.
2026-05-02 14:31:39,318 - INFO - [Economic Times] Early skip: URL https://economictimes.indiatimes.com/news/elections/assembly-elections/assam/done-deal-cm-himanta-biswa-sarma-on-nda-seat-sharing-for-assam-polls/articleshow/128678098.cms already exists.
2026-05-02 14:31:39,319 - INFO - [Economic Times] Early skip: URL https://economictimes.indiatimes.com/news/elections/assembly-elections/bihar/rare-intensive-revision-in-bihar-four-months-before-polls/articleshow/122167501.cms already exists.
2026-05-02 14:31:39,321 - INFO - [Economic Times] Early skip: URL https://economictimes.indiatimes.com/news/elections/assembly-elections/delhi/bjp-accuses-kejriwal-of-sending-voters-hoax-calls-to-mislead/articleshow/117579007.cms already exists.
2026-05-02 14:31:39,322 - INFO - [Economic Times] Early skip: URL https://economictimes.indiatimes.com/news/elections/lok-sabha/india/lok-sabha-election-2024-maharashtra-get-interesting-after-splits-in-shiv-sena-ncp/articleshow/108559788.cms already exists.
2026-05-02 14:31:39,323 - INFO - [Economic Times] Early skip: URL https://economictimes.indiatimes.com/news/elections/lok-sabha/india/modi-charisma-key-factor-in-bjps-bid-to-retain-all-26-seats-in-gujarat/articleshow/108550858.cms already exists.
2026-05-02 14:31:39,325 - INFO - [Economic Times] Early skip: URL https://economictimes.indiatimes.com/news/elections/lok-sabha/india/implementation-of-guarantees-decline-of-brs-favour-congress-in-telangana-bjp-aiming-for-better-show/articleshow/108548569.cms already exists.
2026-05-02 14:31:39,326 - INFO - [Economic Times] Early skip: URL https://economictimes.indiatimes.com/traders-bet-on-calendar-spread-as-nifty-moves-in-a-tight-range/articleshow/6302358.cms already exists.
2026-05-02 14:31:39,327 - INFO - [Economic Times] Early skip: URL https://economictimes.indiatimes.com/nifty-may-find-support-at-5300-level/articleshow/6296017.cms already exists.
2026-05-02 14:31:39,328 - INFO - [Economic Times] Early skip: URL https://economictimes.indiatimes.com/seven-out-of-top-10-asian-small-cap-funds-are-indian/articleshow/6295976.cms already exists.
2026-05-02 14:31:39,330 - INFO - [Economic Times] Early skip: URL https://economictimes.indiatimes.com/inflation-reflects-growth-dynamics-in-india-christopher-wood/articleshow/6274053.cms already exists.
2026-05-02 14:31:39,332 - INFO - [Economic Times] Early skip: URL https://economictimes.indiatimes.com/market-may-trade-in-a-range-but-fiis-seen-sold-on-india/articleshow/6277705.cms already exists.
2026-05-02 14:31:39,334 - INFO - [Economic Times] Early skip: URL https://economictimes.indiatimes.com/dont-bank-only-on-price-to-earning-ratio/articleshow/6278228.cms already exists.
2026-05-02 14:31:39,335 - INFO - [Economic Times] Early skip: URL https://economictimes.indiatimes.com/markets/stocks/recos/prabhudas-lilladher-has-a-reduce-rating-on-infosys/articleshow/3798718.cms already exists.
2026-05-02 14:31:39,336 - INFO - [Economic Times] Early skip: URL https://economictimes.indiatimes.com/markets/stocks/recos/fin-crisis-too-late-and-too-little-done-in-us/articleshow/3794549.cms already exists.
2026-05-02 14:31:39,337 - INFO - [Economic Times] Early skip: URL https://economictimes.indiatimes.com/markets/forex/weak-rupee-takes-its-toll-on-cos-with-huge-foreign-debt/articleshow/3546158.cms already exists.
2026-05-02 14:31:39,339 - INFO - [Economic Times] Early skip: URL https://economictimes.indiatimes.com/markets/stocks/recos/wait-for-more-signals-before-turning-positive/articleshow/3292640.cms already exists.
2026-05-02 14:31:39,340 - INFO - [Economic Times] Early skip: URL https://economictimes.indiatimes.com/news/company/corporate-trends/six-indian-cos-among-businessweeks-top-100-infotech-firms/articleshow/3189334.cms already exists.
2026-05-02 14:31:39,341 - INFO - [Economic Times] Early skip: URL https://economictimes.indiatimes.com/news/company/corporate-trends/indian-firms-slip-in-global-ranking-four-move-out-of-top-500/articleshow/3177077.cms already exists.
2026-05-02 14:31:39,342 - INFO - [Economic Times] Early skip: URL https://economictimes.indiatimes.com/markets/stocks/news/big-daddy-laps-up-cipla-after-q1-nos-beat-forecast/articleshow/6308646.cms already exists.
2026-05-02 14:31:39,345 - INFO - [Economic Times] Early skip: URL https://economictimes.indiatimes.com/markets/stocks/news/old-fox-has-dream-run-on-dalal-street/articleshow/6308631.cms already exists.
2026-05-02 14:31:39,347 - INFO - [Economic Times] Early skip: URL https://economictimes.indiatimes.com/markets/stocks/news/cairn-india-hits-record-high-on-bse-amid-stake-sale-talks/articleshow/6306679.cms already exists.
2026-05-02 14:31:39,348 - INFO - [Economic Times] Early skip: URL https://economictimes.indiatimes.com/markets/stocks/news/vedanta-plunges-5-59-per-cent-on-lse-amid-talks-to-buy-cairn-stake/articleshow/6306526.cms already exists.
2026-05-02 14:31:39,349 - INFO - [Economic Times] Early skip: URL https://economictimes.indiatimes.com/markets/stocks/news/sbi-shares-on-gaining-spree-hit-record-high/articleshow/6306241.cms already exists.
2026-05-02 14:31:39,351 - INFO - [Economic Times] Early skip: URL https://economictimes.indiatimes.com/fm-must-rethink/articleshow/5645094.cms already exists.
2026-05-02 14:31:39,352 - INFO - [Economic Times] Early skip: URL https://economictimes.indiatimes.com/amalgamate-banks/articleshow/5645086.cms already exists.
2026-05-02 14:31:39,354 - INFO - [Economic Times] Early skip: URL https://economictimes.indiatimes.com/managing-data/articleshow/5117958.cms already exists.
2026-05-02 14:31:39,355 - INFO - [Economic Times] Early skip: URL https://economictimes.indiatimes.com/right-technology/articleshow/5117957.cms already exists.
2026-05-02 14:31:39,356 - INFO - [Economic Times] Early skip: URL https://economictimes.indiatimes.com/et-search/articleshow/21646857.cms already exists.
2026-05-02 14:31:39,357 - INFO - [Economic Times] Early skip: URL https://economictimes.indiatimes.com/after-the-oscars-whats-next-for-silent-stars-of-the-artist/articleshow/12075465.cms already exists.
2026-05-02 14:31:39,359 - INFO - [Economic Times] Early skip: URL https://economictimes.indiatimes.com/delhi-world-book-fair-a-fair-like-no-other/articleshow/12028630.cms already exists.
2026-05-02 14:31:39,360 - INFO - [Economic Times] Early skip: URL https://economictimes.indiatimes.com/lk-advanis-gift-makes-its-way-to-state-department-exhibition-hall/articleshow/12017534.cms already exists.
2026-05-02 14:31:39,361 - INFO - [Economic Times] Early skip: URL https://economictimes.indiatimes.com/india-meteorological-department-to-use-dynamic-models-for-forecasts/articleshow/11983844.cms already exists.
2026-05-02 14:31:39,362 - INFO - [Economic Times] Early skip: URL https://economictimes.indiatimes.com/documents-reveal-contents-of-the-first-telegraph-message-between-india-england/articleshow/11976488.cms already exists.
2026-05-02 14:31:39,363 - INFO - [Economic Times] Early skip: URL https://economictimes.indiatimes.com/worried-amitabh-bachchan-fans-pray-to-lord-shiva-for-his-recovery/articleshow/11963187.cms already exists.
2026-05-02 14:31:39,365 - INFO - [Economic Times] Early skip: URL https://economictimes.indiatimes.com/opinion/interviews/every-decision-of-government-neednt-be-a-big-reform-anand-mahindra/articleshow/35919571.cms already exists.
2026-05-02 14:31:39,366 - INFO - [Economic Times] Early skip: URL https://economictimes.indiatimes.com/opinion/interviews/narendra-modi-has-his-eyes-set-on-boosting-business-joao-cravinho-eu-ambassador/articleshow/35973824.cms already exists.
2026-05-02 14:31:39,368 - INFO - [Economic Times] Early skip: URL https://economictimes.indiatimes.com/opinion/interviews/confidence-level-of-industry-improving-kv-kamath-icici-bank/articleshow/35945669.cms already exists.
2026-05-02 14:31:39,370 - INFO - [Economic Times] Early skip: URL https://economictimes.indiatimes.com/opinion/interviews/we-may-see-rapid-growth-over-the-next-few-years-raamdeo-agrawal/articleshow/35831378.cms already exists.
2026-05-02 14:31:39,371 - INFO - [Economic Times] Early skip: URL https://economictimes.indiatimes.com/opinion/interviews/our-commitment-for-press-freedom-and-autonomy-of-public-broadcast-is-absolute-prakash-javadekar/articleshow/35803396.cms already exists.
2026-05-02 14:31:39,372 - INFO - [Economic Times] Early skip: URL https://economictimes.indiatimes.com/opinion/interviews/there-is-a-leadership-vacuum-in-infosys-time-to-get-nandan-nilekani-back-mohandas-pai/articleshow/35716682.cms already exists.
2026-05-02 14:31:39,373 - INFO - [Economic Times] Early skip: URL https://economictimes.indiatimes.com/markets/stocks/news/oil-prices-to-hit-150-how-indian-stock-markets-may-react-as-iran-war-rages-on/articleshow/129587020.cms already exists.
2026-05-02 14:31:39,375 - INFO - [Economic Times] Early skip: URL https://economictimes.indiatimes.com/markets/us-stocks/news/why-a-7030-india-global-portfolio-makes-sense-in-a-changing-world-subho-moulik-decodes/articleshow/127604085.cms already exists.
2026-05-02 14:31:39,376 - INFO - [Economic Times] Early skip: URL https://economictimes.indiatimes.com/markets/expert-view/kaynes-shares-plunge-43-from-october-peak-is-a-tactical-rebound-on-the-cards-or-more-pain-ahead/articleshow/125815992.cms already exists.
2026-05-02 14:31:39,377 - INFO - [Economic Times] Early skip: URL https://economictimes.indiatimes.com/markets/stocks/news/warren-buffett-is-buying-michael-burry-is-shorting-the-ai-trade-splitting-wall-street/articleshow/125815521.cms already exists.
2026-05-02 14:31:39,378 - INFO - [Economic Times] Early skip: URL https://economictimes.indiatimes.com/markets/ipos/fpos/softbank-backed-acevector-files-updated-ipo-papers-targets-to-raise-rs-300-cr-via-fresh-issue/articleshow/125813493.cms already exists.
2026-05-02 14:31:39,379 - INFO - [Economic Times] Early skip: URL https://economictimes.indiatimes.com/markets/stocks/news/mcap-of-five-of-top-10-most-valued-firms-surges-rs-72285-cr-tcs-infosys-biggest-winners/articleshow/125813435.cms already exists.
2026-05-02 14:31:39,381 - INFO - [Economic Times] Early skip: URL https://economictimes.indiatimes.com/markets/stocks/news/alfa-laval-raises-delisting-price-to-rs-2850-a-share/articleshow/11437373.cms already exists.
2026-05-02 14:31:39,382 - INFO - [Economic Times] Early skip: URL https://economictimes.indiatimes.com/markets/stocks/news/db-realty-unitech-stocks-rose-after-top-executives-granted-bail-in-2g-scam/articleshow/10925114.cms already exists.
2026-05-02 14:31:39,383 - INFO - [Economic Times] Early skip: URL https://economictimes.indiatimes.com/markets/stocks/news/fitch-withdraws-reliance-capital-ratings/articleshow/10430814.cms already exists.
2026-05-02 14:31:39,384 - INFO - [Economic Times] Early skip: URL https://economictimes.indiatimes.com/markets/stocks/news/discoms-poor-financial-health-poses-risks-for-power-traders-fitch/articleshow/10430186.cms already exists.
2026-05-02 14:31:39,385 - INFO - [Economic Times] Early skip: URL https://economictimes.indiatimes.com/markets/stocks/news/cigarette-companies-price-hikes-with-higher-volumes-hold-promise/articleshow/9277179.cms already exists.
2026-05-02 14:31:39,387 - INFO - [Economic Times] Early skip: URL https://economictimes.indiatimes.com/markets/stocks/news/lovable-lingeries-dream-run-on-as-traders-lap-it-up/articleshow/8894615.cms already exists.
2026-05-02 14:31:39,388 - INFO - [Economic Times] (Thread) Finished. Attempting to shut down its Selenium driver.
2026-05-02 14:31:39,451 - INFO - [Times of India] Page content loaded.
2026-05-02 14:31:39,453 - INFO - [Economic Times] (Thread) driver.quit() successful.
2026-05-02 14:31:39,631 - INFO - [Times of India] Success with 'selenium_browser'. Found content (359 words).
2026-05-02 14:31:39,851 - INFO - [Al Jazeera] Article: https://www.aljazeera.com/sports/liveblog/2026/5/2/live-arsenal-vs-fulham-premier-league?traffic_source=rss
2026-05-02 14:31:39,851 - INFO - [Al Jazeera] Attempt 2/2: Trying with 'selenium_browser' strategy...
2026-05-02 14:31:41,936 - INFO - [Al Jazeera] Page content loaded.
2026-05-02 14:31:42,988 - WARNING - [Al Jazeera] FAILED with 'selenium_browser' (content was too short: 25 words).
2026-05-02 14:31:42,990 - ERROR - [Al Jazeera] All scrape strategies failed for https://www.aljazeera.com/sports/liveblog/2026/5/2/live-arsenal-vs-fulham-premier-league?traffic_source=rss. Falling back to RSS description.
2026-05-02 14:31:42,990 - WARNING - SKIPPED (GLOBAL WORD LIMIT): Article 'LIVE: Arsenal vs Fulham – Premier League' from Al Jazeera has only 15 words (Min: 90).
2026-05-02 14:31:43,223 - INFO - [The Hindu] Page content loaded.
2026-05-02 14:31:44,179 - INFO - [Al Jazeera] Article: https://www.aljazeera.com/video/the-listening-post/2026/5/2/the-united-states-of-conspiracy?traffic_source=rss
2026-05-02 14:31:44,180 - INFO - [Al Jazeera] Attempt 1/2: Trying with 'requests_browser' strategy...
2026-05-02 14:31:44,479 - INFO - [Al Jazeera] Success with 'requests_browser'. Found content (234 words).
2026-05-02 14:31:47,258 - INFO - [The Hindu] Success with 'selenium_browser'. Found content (131 words).
2026-05-02 14:32:08,754 - INFO - >>> SUCCESSFULLY SAVED [ID: 56028] - Strait of Hormuz: US threatens shipping firms with sanctions if they pay Iran tolls from BBC (847 words)
2026-05-02 14:32:09,625 - INFO - [BBC] Early skip: URL https://www.bbc.com/news/articles/cd7pn0zywggo?at_medium=RSS&at_campaign=rss already exists.
2026-05-02 14:32:09,626 - INFO - [BBC] Early skip: URL https://www.bbc.com/news/articles/c202m54xp0mo?at_medium=RSS&at_campaign=rss already exists.
2026-05-02 14:32:09,627 - INFO - [BBC] Early skip: URL https://www.bbc.com/news/articles/c4g4xexy4w7o?at_medium=RSS&at_campaign=rss already exists.
2026-05-02 14:32:09,628 - INFO - [BBC] Early skip: URL https://www.bbc.com/sport/formula1/articles/cvgz0kpxjpgo?at_medium=RSS&at_campaign=rss already exists.
2026-05-02 14:32:09,630 - INFO - [BBC] Early skip: URL https://www.bbc.com/news/articles/cqxlnrqjvzyo?at_medium=RSS&at_campaign=rss already exists.
2026-05-02 14:32:09,631 - INFO - [BBC] Early skip: URL https://www.bbc.com/news/articles/cm2pmk0r3pjo?at_medium=RSS&at_campaign=rss already exists.
2026-05-02 14:32:09,632 - INFO - [BBC] Early skip: URL https://www.bbc.com/news/articles/c794zlx5lx8o?at_medium=RSS&at_campaign=rss already exists.
2026-05-02 14:32:09,633 - INFO - [BBC] Early skip: URL https://www.bbc.com/news/articles/c2k20z5yj3wo?at_medium=RSS&at_campaign=rss already exists.
2026-05-02 14:32:09,634 - INFO - [BBC] Early skip: URL https://www.bbc.com/news/articles/c3e283g80n4o?at_medium=RSS&at_campaign=rss already exists.
2026-05-02 14:32:09,635 - INFO - [BBC] Early skip: URL https://www.bbc.com/news/articles/cpwp50v4ye7o?at_medium=RSS&at_campaign=rss already exists.
2026-05-02 14:32:09,637 - INFO - [BBC] Early skip: URL https://www.bbc.com/news/articles/cz72j59znw3o?at_medium=RSS&at_campaign=rss already exists.
2026-05-02 14:32:09,638 - INFO - [BBC] Early skip: URL https://www.bbc.com/news/articles/cwy2x7rq3nqo?at_medium=RSS&at_campaign=rss already exists.
2026-05-02 14:32:09,639 - INFO - [BBC] Early skip: URL https://www.bbc.com/news/articles/cy02gnzlvkko?at_medium=RSS&at_campaign=rss already exists.
2026-05-02 14:32:09,640 - INFO - [BBC] Early skip: URL https://www.bbc.com/news/articles/c0m2z0k1gngo?at_medium=RSS&at_campaign=rss already exists.
2026-05-02 14:32:09,641 - INFO - [BBC] Early skip: URL https://www.bbc.com/news/articles/cd6pv55y51wo?at_medium=RSS&at_campaign=rss already exists.
2026-05-02 14:32:09,642 - INFO - [BBC] Early skip: URL https://www.bbc.com/news/articles/cz72j8eex4eo?at_medium=RSS&at_campaign=rss already exists.
2026-05-02 14:32:09,644 - INFO - [BBC] Early skip: URL https://www.bbc.com/news/articles/c202pl60kv9o?at_medium=RSS&at_campaign=rss already exists.
2026-05-02 14:32:09,645 - INFO - [BBC] Early skip: URL https://www.bbc.com/news/articles/cqlpvl3wx4qo?at_medium=RSS&at_campaign=rss already exists.
2026-05-02 14:32:09,646 - INFO - [BBC] Early skip: URL https://www.bbc.com/news/articles/cddp4j7p8pzo?at_medium=RSS&at_campaign=rss already exists.
2026-05-02 14:32:09,647 - INFO - [BBC] Early skip: URL https://www.bbc.com/news/articles/clyprzx10w2o?at_medium=RSS&at_campaign=rss already exists.
2026-05-02 14:32:09,649 - INFO - [BBC] Early skip: URL https://www.bbc.com/news/articles/cwy2v509217o?at_medium=RSS&at_campaign=rss already exists.
2026-05-02 14:32:09,650 - INFO - [BBC] Early skip: URL https://www.bbc.com/news/articles/cewp2ll1zljo?at_medium=RSS&at_campaign=rss already exists.
2026-05-02 14:32:09,651 - INFO - [BBC] Early skip: URL https://www.bbc.com/news/articles/clyp6r9dzedo?at_medium=RSS&at_campaign=rss already exists.
2026-05-02 14:32:09,652 - INFO - [BBC] Early skip: URL https://www.bbc.com/news/articles/cx21m88rd14o?at_medium=RSS&at_campaign=rss already exists.
2026-05-02 14:32:09,653 - INFO - [BBC] Early skip: URL https://www.bbc.com/news/articles/c78qdg4g80eo?at_medium=RSS&at_campaign=rss already exists.
2026-05-02 14:32:09,654 - INFO - [BBC] Early skip: URL https://www.bbc.com/news/articles/cd6w15vgp7lo?at_medium=RSS&at_campaign=rss already exists.
2026-05-02 14:32:09,656 - INFO - [BBC] Early skip: URL https://www.bbc.com/news/articles/ce9pz3grkjeo?at_medium=RSS&at_campaign=rss already exists.
2026-05-02 14:32:09,657 - INFO - [BBC] Early skip: URL https://www.bbc.com/news/articles/cp8pmnlejgro?at_medium=RSS&at_campaign=rss already exists.
2026-05-02 14:32:09,658 - INFO - [BBC] Early skip: URL https://www.bbc.com/news/articles/c3v2k3xvr04o?at_medium=RSS&at_campaign=rss already exists.
2026-05-02 14:32:09,659 - INFO - [BBC] Early skip: URL https://www.bbc.com/news/articles/c9werpgeyr1o?at_medium=RSS&at_campaign=rss already exists.
2026-05-02 14:32:09,661 - INFO - [BBC] Early skip: URL https://www.bbc.com/sport/articles/cglp42nnyeko?at_medium=RSS&at_campaign=rss already exists.
2026-05-02 14:32:09,662 - INFO - [BBC] Early skip: URL https://www.bbc.com/news/articles/c208yl1jkl7o?at_medium=RSS&at_campaign=rss already exists.
2026-05-02 14:32:09,663 - INFO - [BBC] Early skip: URL https://www.bbc.com/news/articles/cyv1zdey7pmo?at_medium=RSS&at_campaign=rss already exists.
2026-05-02 14:32:09,665 - INFO - [BBC] Early skip: URL https://www.bbc.com/news/videos/cy02lz849kdo?at_medium=RSS&at_campaign=rss already exists.
2026-05-02 14:32:09,666 - INFO - [BBC] Early skip: URL https://www.bbc.com/news/videos/c3e29dy701xo?at_medium=RSS&at_campaign=rss already exists.
2026-05-02 14:32:09,667 - INFO - [BBC] Early skip: URL https://www.bbc.com/news/videos/czd21r472nmo?at_medium=RSS&at_campaign=rss already exists.
2026-05-02 14:32:09,669 - INFO - [BBC] Article: https://www.bbc.com/news/videos/cglpkexdye1o?at_medium=RSS&at_campaign=rss
2026-05-02 14:32:09,669 - INFO - [BBC] Attempt 1/1: Trying with 'requests_browser' strategy...
2026-05-02 14:32:09,722 - WARNING - [BBC] FAILED with 'requests_browser' (content was too short: 47 words).
2026-05-02 14:32:09,722 - ERROR - [BBC] All scrape strategies failed for https://www.bbc.com/news/videos/cglpkexdye1o?at_medium=RSS&at_campaign=rss. Falling back to RSS description.
2026-05-02 14:32:09,722 - WARNING - SKIPPED (GLOBAL WORD LIMIT): Article 'Joy as record-breaking runner Sawe returns home' from BBC has only 19 words (Min: 90).
2026-05-02 14:32:10,654 - INFO - [BBC] Early skip: URL https://www.bbc.com/news/videos/c5y9wdprpyyo?at_medium=RSS&at_campaign=rss already exists.
2026-05-02 14:32:25,172 - INFO - >>> SUCCESSFULLY SAVED [ID: 56029] - Liberals claim victory in Nepean byelection ahead of state poll | Liberal party | The Guardian from The Guardian (535 words)
2026-05-02 14:32:25,835 - INFO - [The Guardian] Early skip: URL https://www.theguardian.com/australia-news/2026/may/02/record-breaking-may-warmth-soon-to-blow-away-as-cold-front-moves-east already exists.
2026-05-02 14:32:25,837 - INFO - [The Guardian] Early skip: URL https://www.theguardian.com/australia-news/2026/may/02/kumanjayi-baby-girls-relatives-share-grief-at-child-ripped-away-as-nt-chief-minister-foreshadows-charges already exists.
2026-05-02 14:32:25,838 - INFO - [The Guardian] Early skip: URL https://www.theguardian.com/australia-news/2026/may/02/federal-government-accused-of-watering-down-proposal-to-protect-australias-threatened-species-and-ecosystems already exists.
2026-05-02 14:32:25,839 - INFO - [The Guardian] Early skip: URL https://www.theguardian.com/australia-news/live/2026/may/01/alice-springs-anthony-albanese-labor-angus-taylor-coalition-gaza-flotilla-politics-updates-ntwnfb already exists.
2026-05-02 14:32:25,840 - INFO - [The Guardian] Early skip: URL https://www.theguardian.com/world/live/2026/may/02/us-israel-war-iran-germany-american-troops-donald-trump-middle-east-latest-news-updates already exists.
2026-05-02 14:32:25,842 - INFO - [The Guardian] Early skip: URL https://www.theguardian.com/environment/2026/may/02/humpback-whale-rescue-release-stranded-germany-baltic-coast already exists.
2026-05-02 14:32:25,843 - INFO - [The Guardian] Early skip: URL https://www.theguardian.com/uk-news/2026/may/02/asylum-seeker-sent-france-one-in-one-out-returned-syria already exists.
2026-05-02 14:32:25,844 - INFO - [The Guardian] Early skip: URL https://www.theguardian.com/music/2026/may/02/beatles-early-days-letters-photos-hamburg-exhibition already exists.
2026-05-02 14:32:25,845 - INFO - [The Guardian] Early skip: URL https://www.theguardian.com/news/2026/may/02/pressure-mounts-france-enslavement-reparatory-justice-framework already exists.
2026-05-02 14:32:25,846 - INFO - [The Guardian] Early skip: URL https://www.theguardian.com/world/2026/may/01/trump-iran-war-hostilities-letter already exists.
2026-05-02 14:32:25,848 - INFO - [The Guardian] Early skip: URL https://www.theguardian.com/world/2026/may/01/pakistan-backchannel-us-iran-deal-peace already exists.
2026-05-02 14:32:25,849 - INFO - [The Guardian] Early skip: URL https://www.theguardian.com/world/2026/apr/30/senate-republicans-block-trump-iran-war-halt already exists.
2026-05-02 14:32:25,850 - INFO - [The Guardian] Early skip: URL https://www.theguardian.com/world/2026/apr/30/israel-intercepts-detains-crews-gaza-aid-flotillas-crete already exists.
2026-05-02 14:32:25,851 - INFO - [The Guardian] Early skip: URL https://www.theguardian.com/world/2026/apr/30/oil-price-news-highest-since-2022-us-iran-ceasefire-strait-of-hormuz already exists.
2026-05-02 14:32:25,852 - INFO - [The Guardian] Early skip: URL https://www.theguardian.com/world/2026/apr/30/india-man-body-corpse-dead-sister-bank already exists.
2026-05-02 14:32:25,853 - INFO - [The Guardian] Early skip: URL https://www.theguardian.com/world/2026/apr/29/indian-billionaire-son-anant-ambani-offers-house-pablo-escobar-hippos already exists.
2026-05-02 14:32:25,855 - INFO - [The Guardian] Early skip: URL https://www.theguardian.com/world/2026/apr/28/sri-lanka-police-buddhist-monks-cannabis-kush-airport already exists.
2026-05-02 14:32:25,856 - INFO - [The Guardian] Early skip: URL https://www.theguardian.com/world/2026/apr/28/afghanistan-pakistan-kunar-university-attack-peace-talks already exists.
2026-05-02 14:32:25,857 - INFO - [The Guardian] Early skip: URL https://www.theguardian.com/environment/2026/apr/27/weather-tracker-torrential-rain-southern-china-flooding-fears-india-heatwave-canada-cold already exists.
2026-05-02 14:32:25,859 - INFO - [The Guardian] Article: https://www.theguardian.com/politics/2026/may/02/kemi-badenoch-social-media-posts-bloody-sunday-footage
2026-05-02 14:32:25,859 - INFO - [The Guardian] Attempt 1/1: Trying with 'requests_browser' strategy...
2026-05-02 14:32:26,046 - INFO - [The Guardian] Success with 'requests_browser'. Found content (526 words).
2026-05-02 14:32:41,573 - INFO - >>> SUCCESSFULLY SAVED [ID: 56030] - Jirga convened by KP CM decides on holding talks with Centre, other stakeholders over drone attacks - Pakistan - DAWN.COM from The Dawn (727 words)
2026-05-02 14:32:42,183 - INFO - [The Dawn] Early skip: URL https://www.dawn.com/news/1996951/karachi-court-grants-bail-to-ssps-son-arrested-following-heated-exchange-with-police-in-dha already exists.
2026-05-02 14:32:42,186 - INFO - [The Dawn] Article: https://www.dawn.com/news/1996962/pm-shehbaz-orders-formulation-of-strategy-to-stabilise-electricity-tariffs
2026-05-02 14:32:42,186 - INFO - [The Dawn] Attempt 1/2: Trying with 'requests_browser' strategy...
2026-05-02 14:32:42,231 - INFO - [The Dawn] Success with 'requests_browser'. Found content (323 words).
2026-05-02 14:32:59,776 - INFO - >>> SUCCESSFULLY SAVED [ID: 56031] - 'I came to US in 2016 on F-1 visa…': Reddit user shares personal journey to $300,000 job in viral post - The Times of India from Times of India (359 words)
2026-05-02 14:33:00,477 - INFO - [Times of India] Early skip: URL https://timesofindia.indiatimes.com/world/rest-of-world/indian-origin-student-in-australia-in-disbelief-after-being-rejected-for-a-cashier-job-ive-done-a-three-year-degree-/articleshow/130715625.cms already exists.
2026-05-02 14:33:00,478 - INFO - [Times of India] Early skip: URL https://timesofindia.indiatimes.com/business/international-business/the-parmigiano-vault-how-italys-cheese-banks-power-a-4-billion-euro-industry/articleshow/130715514.cms already exists.
2026-05-02 14:33:00,479 - INFO - [Times of India] Early skip: URL https://timesofindia.indiatimes.com/world/uk/woman-70-jailed-for-life-for-killing-sister-and-stealing-rolex-watch-in-north-london/articleshow/130714147.cms already exists.
2026-05-02 14:33:00,481 - INFO - [Times of India] Early skip: URL https://timesofindia.indiatimes.com/defence/international/israel-sends-uae-laser-weapon-called-iron-beam-what-it-means-in-face-of-iranian-drones-and-why-is-it-important/articleshow/130709133.cms already exists.
2026-05-02 14:33:00,482 - INFO - [Times of India] Early skip: URL https://timesofindia.indiatimes.com/world/uk/british-comedian-peter-kay-show-evacuated-mid-performance-as-suspicious-bag-prompts-birmingham-arena-alert/articleshow/130712643.cms already exists.
2026-05-02 14:33:00,483 - INFO - [Times of India] Early skip: URL https://timesofindia.indiatimes.com/world/us/worlds-massive-mississippi-river-shockingly-reversed-its-flow-during-hurricane-isaac-in-2012-in-the-united-states-scientists-explain-what-happened/articleshow/130712160.cms already exists.
2026-05-02 14:33:00,484 - INFO - [Times of India] Early skip: URL https://timesofindia.indiatimes.com/world/uk/2026-london-marathon-raises-87-5m-for-charity-sets-new-fundraising-world-record/articleshow/130711672.cms already exists.
2026-05-02 14:33:00,485 - INFO - [Times of India] Early skip: URL https://timesofindia.indiatimes.com/world/rest-of-world/worlds-rarest-hybrid-blood-type-discovered-in-thailand-study-found-in-just-3-people-out-of-a-massive-research-of-544000-samples/articleshow/130709427.cms already exists.
2026-05-02 14:33:00,487 - INFO - [Times of India] Early skip: URL https://timesofindia.indiatimes.com/world/us/plane-carrying-pickleball-players-crashes-in-texas-five-killed/articleshow/130708567.cms already exists.
2026-05-02 14:33:00,488 - INFO - [Times of India] Early skip: URL https://timesofindia.indiatimes.com/world/us/blast-them-or-make-a-deal-donald-trump-lays-out-stark-choice-for-iran-calls-war-criticism-treasonous/articleshow/130708204.cms already exists.
2026-05-02 14:33:00,489 - INFO - [Times of India] Early skip: URL https://timesofindia.indiatimes.com/world/us-streamers/brian-harpole-sues-candace-owens-over-charlie-kirk-claims-as-lawsuit-exposes-alleged-false-accusations-and-records/articleshow/130704356.cms already exists.
2026-05-02 14:33:00,490 - INFO - [Times of India] Early skip: URL https://timesofindia.indiatimes.com/world/us-streamers/these-numbers-were-so-botted-xqc-makes-shocking-claim-about-overwatch-league-viewership/articleshow/130706148.cms already exists.
2026-05-02 14:33:00,492 - INFO - [Times of India] Early skip: URL https://timesofindia.indiatimes.com/world/us/h-1b-worker-loses-mother-to-cancer-in-india-misses-final-moments-due-to-visa-delays-will-carry-that-pain-forever/articleshow/130706091.cms already exists.
2026-05-02 14:33:00,493 - INFO - [Times of India] Early skip: URL https://timesofindia.indiatimes.com/world/us-streamers/did-ishowspeed-really-get-guadeloupe-citizenship-during-his-viral-caribbean-tour-moment/articleshow/130702448.cms already exists.
2026-05-02 14:33:00,495 - INFO - [Times of India] Early skip: URL https://timesofindia.indiatimes.com/world/us/12-year-old-boy-faces-deportation-from-us-as-father-refuses-to-take-dna-test-to-prove-citizenship-thousands-of-cases-like-this-/articleshow/130694785.cms already exists.
2026-05-02 14:33:00,496 - INFO - [Times of India] Early skip: URL https://timesofindia.indiatimes.com/sports/international-sports/major-red-card-rule-for-2026-world-cup-mouth-covering-and-walking-off-now-lead-to-instant-dismissal/articleshow/130683000.cms already exists.
2026-05-02 14:33:00,497 - INFO - [Times of India] Early skip: URL https://timesofindia.indiatimes.com/world/uk/uk-hindu-group-bids-against-christian-muslim-group-for-same-piece-of-faith-land/articleshow/130697922.cms already exists.
2026-05-02 14:33:00,498 - INFO - [Times of India] Early skip: URL https://timesofindia.indiatimes.com/sports/international-sports/bbc-apologises-after-power-outage-cuts-world-snooker-championship-semi-final-live-switches-to-nature-show/articleshow/130684196.cms already exists.
2026-05-02 14:33:00,500 - INFO - [Times of India] Early skip: URL https://timesofindia.indiatimes.com/world/us/us-iran-war-trump-tells-congress-hostilities-terminated-sidesteps-war-powers-deadline-amid-ceasefire/articleshow/130687694.cms already exists.
2026-05-02 14:33:00,501 - INFO - [Times of India] (Thread) Finished. Attempting to shut down its Selenium driver.
2026-05-02 14:33:00,655 - INFO - [Times of India] (Thread) driver.quit() successful.
2026-05-02 14:33:16,161 - INFO - >>> SUCCESSFULLY SAVED [ID: 56032] - The United States of Conspiracy | Donald Trump | Al Jazeera from Al Jazeera (234 words)
2026-05-02 14:33:16,678 - INFO - [Al Jazeera] Article: https://www.aljazeera.com/opinions/2026/5/2/the-dark-side-of-gazas-new-fancy-cafes-and-restaurants?traffic_source=rss
2026-05-02 14:33:16,678 - INFO - [Al Jazeera] Attempt 1/2: Trying with 'requests_browser' strategy...
2026-05-02 14:33:16,951 - INFO - [Al Jazeera] Success with 'requests_browser'. Found content (793 words).
2026-05-02 14:33:32,163 - INFO - >>> SUCCESSFULLY SAVED [ID: 56033] - Meena Muthiah: a matriarch whose strength turned barriers into pathways - The Hindu from The Hindu (131 words)
2026-05-02 14:33:33,628 - INFO - [The Hindu] Early skip: URL https://www.thehindu.com/news/national/kerala/dining-out-set-to-get-costlier-in-kerala-as-lpg-prices-surge-hotels-call-may-6-shutdown/article70931195.ece already exists.
2026-05-02 14:33:33,629 - INFO - [The Hindu] Article: https://www.thehindu.com/news/national/karnataka/karnataka-launches-divisional-drive-to-integrate-tb-and-tobacco-control-programmes/article70932093.ece
2026-05-02 14:33:33,629 - INFO - [The Hindu] Attempt 1/1: Trying with 'selenium_browser' strategy...
2026-05-02 14:33:35,800 - INFO - [The Hindu] Page content loaded.
2026-05-02 14:33:35,876 - INFO - [The Hindu] Success with 'selenium_browser'. Found content (391 words).
2026-05-02 14:33:49,370 - INFO - >>> SUCCESSFULLY SAVED [ID: 56034] - Badenoch apologises after Bloody Sunday footage used in post defending UK veterans | Conservatives | The Guardian from The Guardian (526 words)
2026-05-02 14:33:50,780 - INFO - [The Guardian] Early skip: URL https://www.theguardian.com/media/2026/may/02/winston-marshall-gb-news-owner-son-career-change-free-speech-youtube already exists.
2026-05-02 14:33:50,781 - INFO - [The Guardian] Early skip: URL https://www.theguardian.com/tv-and-radio/2026/may/02/celebrity-traitors-contestants-cast-confirmed-second-series already exists.
2026-05-02 14:33:50,783 - INFO - [The Guardian] Early skip: URL https://www.theguardian.com/uk-news/2026/may/02/domestic-abuse-deaths-suicide-justice-england-wales already exists.
2026-05-02 14:33:50,784 - INFO - [The Guardian] Early skip: URL https://www.theguardian.com/politics/2026/may/02/keir-starmer-calls-for-ban-on-some-pro-palestian-protests-british-jews already exists.
2026-05-02 14:33:50,785 - INFO - [The Guardian] Early skip: URL https://www.theguardian.com/business/2026/may/01/spirit-airlines-stops-operation-after-failed-deal already exists.
2026-05-02 14:33:50,786 - INFO - [The Guardian] Early skip: URL https://www.theguardian.com/us-news/2026/may/02/invasive-lantern-flies-us-vineyards already exists.
2026-05-02 14:33:50,787 - INFO - [The Guardian] Early skip: URL https://www.theguardian.com/world/2026/may/02/trump-us-navy-pirates-iran-blockade already exists.
2026-05-02 14:33:50,788 - INFO - [The Guardian] Early skip: URL https://www.theguardian.com/us-news/2026/may/02/steve-hilton-california-governor-race already exists.
2026-05-02 14:33:50,790 - INFO - [The Guardian] Early skip: URL https://www.theguardian.com/us-news/2026/may/02/trump-officials-strategy already exists.
2026-05-02 14:34:05,033 - INFO - >>> SUCCESSFULLY SAVED [ID: 56035] - PM Shehbaz orders formulation of strategy to stabilise electricity tariffs - Pakistan - DAWN.COM from The Dawn (323 words)
2026-05-02 14:34:05,674 - INFO - [The Dawn] Early skip: URL https://www.dawn.com/news/1996950/2-gaza-aid-flotilla-activists-brought-to-israel-for-questioning-its-foreign-ministry-says already exists.
2026-05-02 14:34:05,675 - INFO - [The Dawn] Early skip: URL https://www.dawn.com/news/1996900/nato-seeks-details-as-us-says-it-will-pull-about-5000-troops-from-germany already exists.
2026-05-02 14:34:05,676 - INFO - [The Dawn] Early skip: URL https://www.dawn.com/news/1996945/fcc-rejects-balochistan-govt-plea-for-lifetime-facilities-to-retired-chief-secretaries-widows already exists.
2026-05-02 14:34:05,677 - INFO - [The Dawn] Early skip: URL https://www.dawn.com/news/1996936/dar-discusses-middle-east-situation-its-economic-implications-with-kuwaiti-fm-fo already exists.
2026-05-02 14:34:05,679 - INFO - [The Dawn] Early skip: URL https://www.dawn.com/news/1996916/pmd-issues-glof-alert-due-to-westerly-wave-rainfall-across-gb-and-kp already exists.
2026-05-02 14:34:05,680 - INFO - [The Dawn] Early skip: URL https://www.dawn.com/news/1996840/us-awards-f-16-upgrade-contract-for-pakistan-other-states already exists.
2026-05-02 14:34:05,681 - INFO - [The Dawn] Early skip: URL https://www.dawn.com/news/1996915/us-bypasses-congressional-review-for-military-sales-of-86-billion-to-middle-east-allies already exists.
2026-05-02 14:34:05,682 - INFO - [The Dawn] Early skip: URL https://www.dawn.com/news/1996937/ied-attack-targets-police-officials-residence-in-lakki-marwat-causes-significant-damage already exists.
2026-05-02 14:34:05,683 - INFO - [The Dawn] Early skip: URL https://www.dawn.com/news/1996935/police-in-punjabs-hafizabad-arrest-man-for-alleged-rape-kidnapping-of-teenage-girl already exists.
2026-05-02 14:34:05,684 - INFO - [The Dawn] Early skip: URL https://www.dawn.com/news/1996926/korean-air-bans-roosters-on-us-philippine-routes-amid-cockfighting-outcry already exists.
2026-05-02 14:34:05,686 - INFO - [The Dawn] Early skip: URL https://www.dawn.com/news/1996853/inflation-hits-double-digits-for-first-time-in-21-months already exists.
2026-05-02 14:34:05,687 - INFO - [The Dawn] Early skip: URL https://www.dawn.com/news/1996782/crisis-in-sindh-health-department-as-75pc-of-top-level-technical-posts-lying-vacant already exists.
2026-05-02 14:34:05,688 - INFO - [The Dawn] Early skip: URL https://www.dawn.com/news/1996874/islamabad-united-blink-in-last-over-as-hyderabad-kingsmen-win-cliffhanger-to-make-psl-decider already exists.
2026-05-02 14:34:05,689 - INFO - [The Dawn] Early skip: URL https://www.dawn.com/news/1994662/studying-hard-and-still-blanking-in-exams already exists.
2026-05-02 14:34:05,690 - INFO - [The Dawn] Early skip: URL https://www.dawn.com/news/1996844/us-to-close-its-flagship-gaza-mission already exists.
2026-05-02 14:34:05,692 - INFO - [The Dawn] Early skip: URL https://www.dawn.com/news/1996830/capital-development-authority-halts-land-retrieval-drive-amid-pms-skyscraper-relief already exists.
2026-05-02 14:34:05,693 - INFO - [The Dawn] Early skip: URL https://www.dawn.com/news/1996924/a-resting-place-for-a-rebel-prince-in-abbottabad already exists.
2026-05-02 14:34:05,694 - INFO - [The Dawn] Early skip: URL https://www.dawn.com/news/1996841/us-still-not-satisfied-after-tehran-conveys-another-offer already exists.
2026-05-02 14:34:05,695 - INFO - [The Dawn] Early skip: URL https://www.dawn.com/news/1996833/pakistan-medical-association-warns-of-man-made-epidemic-over-syringe-reuse already exists.
2026-05-02 14:34:05,696 - INFO - [The Dawn] (Thread) Finished. Attempting to shut down its Selenium driver.
2026-05-02 14:34:05,757 - INFO - [The Dawn] (Thread) driver.quit() successful.
2026-05-02 14:34:21,058 - INFO - >>> SUCCESSFULLY SAVED [ID: 56036] - The dark side of Gaza’s new fancy cafes and restaurants | Israel-Palestine conflict | Al Jazeera from Al Jazeera (793 words)
2026-05-02 14:34:22,529 - INFO - [Al Jazeera] Article: https://www.aljazeera.com/news/2026/5/2/mali-probes-soldiers-suspected-of-involvement-in-military-base-attacks?traffic_source=rss
2026-05-02 14:34:22,529 - INFO - [Al Jazeera] Attempt 1/2: Trying with 'requests_browser' strategy...
2026-05-02 14:34:22,554 - INFO - [Al Jazeera] Success with 'requests_browser'. Found content (402 words).
2026-05-02 14:34:36,943 - INFO - >>> SUCCESSFULLY SAVED [ID: 56037] - Karnataka launches divisional drive to integrate TB and tobacco control programmes - The Hindu from The Hindu (391 words)
2026-05-02 14:34:37,951 - INFO - [The Hindu] Article: https://www.thehindu.com/news/national/karnataka/floor-leader-anchatageri-defends-proposal-on-greater-hdmc/article70932188.ece
2026-05-02 14:34:37,951 - INFO - [The Hindu] Attempt 1/1: Trying with 'selenium_browser' strategy...
2026-05-02 14:34:39,581 - INFO - [The Hindu] Page content loaded.
2026-05-02 14:34:39,649 - INFO - [The Hindu] Success with 'selenium_browser'. Found content (308 words).
2026-05-02 14:34:53,948 - INFO - >>> SUCCESSFULLY SAVED [ID: 56038] - Mali probes soldiers suspected of involvement in military base attacks | Military News | Al Jazeera from Al Jazeera (402 words)
2026-05-02 14:34:55,050 - INFO - [Al Jazeera] Early skip: URL https://www.aljazeera.com/news/2026/5/2/israeli-air-strikes-kill-10-people-in-southern-lebanon?traffic_source=rss already exists.
2026-05-02 14:34:55,052 - INFO - [Al Jazeera] Article: https://www.aljazeera.com/video/newsfeed/2026/5/2/flotilla-activists-return-to-istanbul-after-israel-detains-them-at-sea?traffic_source=rss
2026-05-02 14:34:55,052 - INFO - [Al Jazeera] Attempt 1/2: Trying with 'requests_browser' strategy...
2026-05-02 14:34:55,397 - WARNING - [Al Jazeera] FAILED with 'requests_browser' (content was too short: 53 words).
2026-05-02 14:34:55,982 - INFO - [Al Jazeera] Article: https://www.aljazeera.com/video/newsfeed/2026/5/2/flotilla-activists-return-to-istanbul-after-israel-detains-them-at-sea?traffic_source=rss
2026-05-02 14:34:55,982 - INFO - [Al Jazeera] Attempt 2/2: Trying with 'selenium_browser' strategy...
2026-05-02 14:34:57,750 - INFO - [Al Jazeera] Page content loaded.
2026-05-02 14:34:57,804 - WARNING - [Al Jazeera] FAILED with 'selenium_browser' (content was too short: 57 words).
2026-05-02 14:34:57,804 - ERROR - [Al Jazeera] All scrape strategies failed for https://www.aljazeera.com/video/newsfeed/2026/5/2/flotilla-activists-return-to-istanbul-after-israel-detains-them-at-sea?traffic_source=rss. Falling back to RSS description.
2026-05-02 14:34:57,804 - WARNING - SKIPPED (GLOBAL WORD LIMIT): Article 'Flotilla activists return to Istanbul after Israel detains them at sea' from Al Jazeera has only 17 words (Min: 90).
2026-05-02 14:34:58,921 - INFO - [Al Jazeera] Article: https://www.aljazeera.com/video/newsfeed/2026/5/2/rallies-under-way-as-workers-gather-for-international-labour-day-2?traffic_source=rss
2026-05-02 14:34:58,921 - INFO - [Al Jazeera] Attempt 1/2: Trying with 'requests_browser' strategy...
2026-05-02 14:34:58,958 - WARNING - [Al Jazeera] FAILED with 'requests_browser' (content was too short: 67 words).
2026-05-02 14:34:59,570 - INFO - [Al Jazeera] Article: https://www.aljazeera.com/video/newsfeed/2026/5/2/rallies-under-way-as-workers-gather-for-international-labour-day-2?traffic_source=rss
2026-05-02 14:34:59,570 - INFO - [Al Jazeera] Attempt 2/2: Trying with 'selenium_browser' strategy...
2026-05-02 14:34:59,721 - INFO - [Al Jazeera] Page content loaded.
2026-05-02 14:34:59,738 - WARNING - [Al Jazeera] FAILED with 'selenium_browser' (content was too short: 67 words).
2026-05-02 14:34:59,738 - ERROR - [Al Jazeera] All scrape strategies failed for https://www.aljazeera.com/video/newsfeed/2026/5/2/rallies-under-way-as-workers-gather-for-international-labour-day-2?traffic_source=rss. Falling back to RSS description.
2026-05-02 14:34:59,738 - WARNING - SKIPPED (GLOBAL WORD LIMIT): Article 'Rallies under way as workers gather for International Labour Day' from Al Jazeera has only 15 words (Min: 90).
2026-05-02 14:35:01,052 - INFO - [Al Jazeera] Early skip: URL https://www.aljazeera.com/news/2026/5/2/nato-assessing-details-of-us-troop-withdrawal-from-germany?traffic_source=rss already exists.
2026-05-02 14:35:01,054 - INFO - [Al Jazeera] Early skip: URL https://www.aljazeera.com/news/2026/5/2/trump-says-us-navy-acting-like-pirates-to-enforce-iran-blockade?traffic_source=rss already exists.
2026-05-02 14:35:01,055 - INFO - [Al Jazeera] Early skip: URL https://www.aljazeera.com/sports/2026/5/2/ex-formula-one-driver-turned-paralympic-champion-alex-zanardi-dies-aged-59?traffic_source=rss already exists.
2026-05-02 14:35:01,056 - INFO - [Al Jazeera] Early skip: URL https://www.aljazeera.com/news/2026/5/2/japans-takaichi-pledges-deeper-energy-cooperation-with-vietnam?traffic_source=rss already exists.
2026-05-02 14:35:01,057 - INFO - [Al Jazeera] Early skip: URL https://www.aljazeera.com/news/2026/5/2/spirit-airlines-begins-wind-down-cancels-all-flights-over-fuel-crisis?traffic_source=rss already exists.
2026-05-02 14:35:01,058 - INFO - [Al Jazeera] Early skip: URL https://www.aljazeera.com/news/2026/5/2/uks-starmer-eyes-banning-some-pro-palestine-protests?traffic_source=rss already exists.
2026-05-02 14:35:01,059 - INFO - [Al Jazeera] Early skip: URL https://www.aljazeera.com/features/2026/5/2/who-is-nayib-bukele-el-salvadors-coolest-dictator?traffic_source=rss already exists.
2026-05-02 14:35:01,060 - INFO - [Al Jazeera] Article: https://www.aljazeera.com/video/newsfeed/2026/5/2/chinas-un-envoy-hormuz-closure-will-dominate-trump-xi-talks?traffic_source=rss
2026-05-02 14:35:01,061 - INFO - [Al Jazeera] Attempt 1/2: Trying with 'requests_browser' strategy...
2026-05-02 14:35:01,382 - WARNING - [Al Jazeera] FAILED with 'requests_browser' (content was too short: 62 words).
2026-05-02 14:35:02,044 - INFO - [Al Jazeera] Article: https://www.aljazeera.com/video/newsfeed/2026/5/2/chinas-un-envoy-hormuz-closure-will-dominate-trump-xi-talks?traffic_source=rss
2026-05-02 14:35:02,044 - INFO - [Al Jazeera] Attempt 2/2: Trying with 'selenium_browser' strategy...
2026-05-02 14:35:02,297 - INFO - [Al Jazeera] Page content loaded.
2026-05-02 14:35:02,350 - WARNING - [Al Jazeera] FAILED with 'selenium_browser' (content was too short: 66 words).
2026-05-02 14:35:02,350 - ERROR - [Al Jazeera] All scrape strategies failed for https://www.aljazeera.com/video/newsfeed/2026/5/2/chinas-un-envoy-hormuz-closure-will-dominate-trump-xi-talks?traffic_source=rss. Falling back to RSS description.
2026-05-02 14:35:02,350 - WARNING - SKIPPED (GLOBAL WORD LIMIT): Article 'China’s UN Envoy: Hormuz closure will dominate Trump-Xi talks' from Al Jazeera has only 18 words (Min: 90).
2026-05-02 14:35:03,048 - INFO - [Al Jazeera] Early skip: URL https://www.aljazeera.com/news/2026/5/2/nepal-celebrates-return-of-stolen-13th-century-buddha-statue-from-new-york?traffic_source=rss already exists.
2026-05-02 14:35:03,049 - INFO - [Al Jazeera] Early skip: URL https://www.aljazeera.com/sports/2026/5/2/man-utd-vs-liverpool-premier-league-preview-team-news-start?traffic_source=rss already exists.
2026-05-02 14:35:03,050 - INFO - [Al Jazeera] Early skip: URL https://www.aljazeera.com/news/2026/5/2/china-urges-reversal-of-unifil-departure-from-lebanon-as-conflict-escalates?traffic_source=rss already exists.
2026-05-02 14:35:03,051 - INFO - [Al Jazeera] Early skip: URL https://www.aljazeera.com/news/2026/5/2/iran-war-whats-happening-on-day-64-as-trump-rejects-tehrans-proposal?traffic_source=rss already exists.
2026-05-02 14:35:03,053 - INFO - [Al Jazeera] Early skip: URL https://www.aljazeera.com/sports/2026/5/2/pistons-and-raptors-survive-while-la-lakers-progress-in-nba-playoffs?traffic_source=rss already exists.
2026-05-02 14:35:03,054 - INFO - [Al Jazeera] Early skip: URL https://www.aljazeera.com/news/2026/5/2/us-embassy-warns-citizens-in-uk-as-threat-level-raised-to-severe?traffic_source=rss already exists.
2026-05-02 14:35:03,055 - INFO - [Al Jazeera] Article: https://www.aljazeera.com/video/newsfeed/2026/5/2/trump-says-us-forces-are-like-pirates-taking-iranian-oil?traffic_source=rss
2026-05-02 14:35:03,056 - INFO - [Al Jazeera] Attempt 1/2: Trying with 'requests_browser' strategy...
2026-05-02 14:35:03,718 - WARNING - [Al Jazeera] FAILED with 'requests_browser' (content was too short: 65 words).
2026-05-02 14:35:04,562 - INFO - [Al Jazeera] Article: https://www.aljazeera.com/video/newsfeed/2026/5/2/trump-says-us-forces-are-like-pirates-taking-iranian-oil?traffic_source=rss
2026-05-02 14:35:04,563 - INFO - [Al Jazeera] Attempt 2/2: Trying with 'selenium_browser' strategy...
2026-05-02 14:35:04,861 - INFO - [Al Jazeera] Page content loaded.
2026-05-02 14:35:04,905 - WARNING - [Al Jazeera] FAILED with 'selenium_browser' (content was too short: 69 words).
2026-05-02 14:35:04,906 - ERROR - [Al Jazeera] All scrape strategies failed for https://www.aljazeera.com/video/newsfeed/2026/5/2/trump-says-us-forces-are-like-pirates-taking-iranian-oil?traffic_source=rss. Falling back to RSS description.
2026-05-02 14:35:04,906 - WARNING - SKIPPED (GLOBAL WORD LIMIT): Article 'Trump says US forces are ‘like pirates’ taking Iranian oil' from Al Jazeera has only 19 words (Min: 90).
2026-05-02 14:35:06,191 - INFO - [Al Jazeera] Article: https://www.aljazeera.com/video/newsfeed/2026/5/2/iran-war-protester-speaks-to-al-jazeera-from-top-of-washington-bridge?traffic_source=rss
2026-05-02 14:35:06,191 - INFO - [Al Jazeera] Attempt 1/2: Trying with 'requests_browser' strategy...
2026-05-02 14:35:06,933 - WARNING - [Al Jazeera] FAILED with 'requests_browser' (content was too short: 67 words).
2026-05-02 14:35:07,928 - INFO - [Al Jazeera] Article: https://www.aljazeera.com/video/newsfeed/2026/5/2/iran-war-protester-speaks-to-al-jazeera-from-top-of-washington-bridge?traffic_source=rss
2026-05-02 14:35:07,928 - INFO - [Al Jazeera] Attempt 2/2: Trying with 'selenium_browser' strategy...
2026-05-02 14:35:08,310 - INFO - [Al Jazeera] Page content loaded.
2026-05-02 14:35:08,354 - WARNING - [Al Jazeera] FAILED with 'selenium_browser' (content was too short: 71 words).
2026-05-02 14:35:08,355 - ERROR - [Al Jazeera] All scrape strategies failed for https://www.aljazeera.com/video/newsfeed/2026/5/2/iran-war-protester-speaks-to-al-jazeera-from-top-of-washington-bridge?traffic_source=rss. Falling back to RSS description.
2026-05-02 14:35:08,355 - WARNING - SKIPPED (GLOBAL WORD LIMIT): Article 'Iran war protester speaks to Al Jazeera from top of Washington bridge' from Al Jazeera has only 20 words (Min: 90).
2026-05-02 14:35:09,853 - INFO - [Al Jazeera] Early skip: URL https://www.aljazeera.com/economy/2026/5/2/havana-slams-new-trump-sanctions-as-collective-punishment-of-cuban-people?traffic_source=rss already exists.
2026-05-02 14:35:09,854 - INFO - [Al Jazeera] Early skip: URL https://www.aljazeera.com/news/2026/5/2/peru-probes-trafficking-of-citizens-to-fight-for-russia-in-ukraine?traffic_source=rss already exists.
2026-05-02 14:35:09,855 - INFO - [Al Jazeera] (Thread) Finished. Attempting to shut down its Selenium driver.
2026-05-02 14:35:09,923 - INFO - [Al Jazeera] (Thread) driver.quit() successful.
2026-05-02 14:35:11,496 - INFO - >>> SUCCESSFULLY SAVED [ID: 56039] - Floor leader Anchatageri defends resolution for creation of Greater HDMC - The Hindu from The Hindu (308 words)
2026-05-02 14:35:12,524 - INFO - [The Hindu] Early skip: URL https://www.thehindu.com/news/national/assembly-elections-live-updates-may-2-2026-tamil-nadu-west-bengal-assam-kerala-pondicherry-results/article70930663.ece already exists.
2026-05-02 14:35:12,526 - INFO - [The Hindu] Article: https://www.thehindu.com/news/national/kerala/lightning-injures-eleven-during-mangaladevi-temple-festival-in-idukki/article70932174.ece
2026-05-02 14:35:12,526 - INFO - [The Hindu] Attempt 1/1: Trying with 'selenium_browser' strategy...
2026-05-02 14:35:13,220 - INFO - [The Hindu] Page content loaded.
2026-05-02 14:35:13,325 - WARNING - [The Hindu] FAILED with 'selenium_browser' (content was too short: 68 words).
2026-05-02 14:35:13,325 - ERROR - [The Hindu] All scrape strategies failed for https://www.thehindu.com/news/national/kerala/lightning-injures-eleven-during-mangaladevi-temple-festival-in-idukki/article70932174.ece. Falling back to RSS description.
2026-05-02 14:35:13,325 - WARNING - SKIPPED (GLOBAL WORD LIMIT): Article 'Lightning injures eleven during Mangaladevi temple festival in Idukki' from The Hindu has only 3 words (Min: 90).
2026-05-02 14:35:14,379 - INFO - [The Hindu] Article: https://www.thehindu.com/news/national/telangana/farmers-oppose-land-acquisition-for-industrial-park-in-vikarabad/article70932260.ece
2026-05-02 14:35:14,379 - INFO - [The Hindu] Attempt 1/1: Trying with 'selenium_browser' strategy...
2026-05-02 14:35:15,137 - INFO - [The Hindu] Page content loaded.
2026-05-02 14:35:15,217 - WARNING - [The Hindu] FAILED with 'selenium_browser' (content was too short: 82 words).
2026-05-02 14:35:15,217 - ERROR - [The Hindu] All scrape strategies failed for https://www.thehindu.com/news/national/telangana/farmers-oppose-land-acquisition-for-industrial-park-in-vikarabad/article70932260.ece. Falling back to RSS description.
2026-05-02 14:35:15,217 - WARNING - SKIPPED (GLOBAL WORD LIMIT): Article 'Farmers oppose land acquisition for Industrial Park in Vikarabad' from The Hindu has only 3 words (Min: 90).
2026-05-02 14:35:15,862 - INFO - [The Hindu] Article: https://www.thehindu.com/news/national/karnataka/launch-event-of-mysuru-hyderabad-flight-service-sparks-criticism-as-trade-tourism-bodies-not-invited/article70932249.ece
2026-05-02 14:35:15,863 - INFO - [The Hindu] Attempt 1/1: Trying with 'selenium_browser' strategy...
2026-05-02 14:35:16,310 - INFO - [The Hindu] Page content loaded.
2026-05-02 14:35:16,397 - INFO - [The Hindu] Success with 'selenium_browser'. Found content (95 words).
2026-05-02 14:35:35,754 - INFO - >>> SUCCESSFULLY SAVED [ID: 56040] - Launch event of Mysuru-Hyderabad flight service sparks criticism as trade, tourism bodies not invited - The Hindu from The Hindu (95 words)
2026-05-02 14:35:36,731 - INFO - [The Hindu] Article: https://www.thehindu.com/news/national/andhra-pradesh/ensure-no-power-cuts-even-during-peak-summer-demand-energy-minister/article70932160.ece
2026-05-02 14:35:36,731 - INFO - [The Hindu] Attempt 1/1: Trying with 'selenium_browser' strategy...
2026-05-02 14:35:37,476 - INFO - [The Hindu] Page content loaded.
2026-05-02 14:35:37,558 - INFO - [The Hindu] Success with 'selenium_browser'. Found content (110 words).
2026-05-02 14:35:56,624 - INFO - >>> SUCCESSFULLY SAVED [ID: 56041] - Ensure no power cuts even during peak summer demand: Energy Minister - The Hindu from The Hindu (110 words)
2026-05-02 14:35:57,855 - INFO - [The Hindu] Article: https://www.thehindu.com/news/national/karnataka/cm-directs-officials-to-fill-24300-vacancies-cleared-by-finance-department-address-drinking-water-issue/article70931445.ece
2026-05-02 14:35:57,855 - INFO - [The Hindu] Attempt 1/1: Trying with 'selenium_browser' strategy...
2026-05-02 14:35:58,518 - INFO - [The Hindu] Page content loaded.
2026-05-02 14:35:58,565 - WARNING - [The Hindu] FAILED with 'selenium_browser' (content was too short: 72 words).
2026-05-02 14:35:58,565 - ERROR - [The Hindu] All scrape strategies failed for https://www.thehindu.com/news/national/karnataka/cm-directs-officials-to-fill-24300-vacancies-cleared-by-finance-department-address-drinking-water-issue/article70931445.ece. Falling back to RSS description.
2026-05-02 14:35:58,565 - WARNING - SKIPPED (GLOBAL WORD LIMIT): Article 'CM directs officials to fill 24,300 vacancies cleared by Finance Department, address drinking water issue' from The Hindu has only 27 words (Min: 90).
2026-05-02 14:35:59,281 - INFO - [The Hindu] Article: https://www.thehindu.com/news/national/kerala/all-set-for-counting-in-pathanamthitta/article70931930.ece
2026-05-02 14:35:59,281 - INFO - [The Hindu] Attempt 1/1: Trying with 'selenium_browser' strategy...
2026-05-02 14:35:59,758 - INFO - [The Hindu] Page content loaded.
2026-05-02 14:35:59,812 - WARNING - [The Hindu] FAILED with 'selenium_browser' (content was too short: 82 words).
2026-05-02 14:35:59,812 - ERROR - [The Hindu] All scrape strategies failed for https://www.thehindu.com/news/national/kerala/all-set-for-counting-in-pathanamthitta/article70931930.ece. Falling back to RSS description.
2026-05-02 14:35:59,812 - WARNING - SKIPPED (GLOBAL WORD LIMIT): Article 'Kerala Assembly elections: All set for counting in Pathanamthitta' from The Hindu has only 26 words (Min: 90).
2026-05-02 14:36:01,063 - INFO - [The Hindu] Article: https://www.thehindu.com/news/national/karnataka/centre-to-support-grassroots-sports-says-union-sports-minister/article70932128.ece
2026-05-02 14:36:01,064 - INFO - [The Hindu] Attempt 1/1: Trying with 'selenium_browser' strategy...
2026-05-02 14:36:02,150 - INFO - [The Hindu] Page content loaded.
2026-05-02 14:36:02,196 - WARNING - [The Hindu] FAILED with 'selenium_browser' (content was too short: 84 words).
2026-05-02 14:36:02,196 - ERROR - [The Hindu] All scrape strategies failed for https://www.thehindu.com/news/national/karnataka/centre-to-support-grassroots-sports-says-union-sports-minister/article70932128.ece. Falling back to RSS description.
2026-05-02 14:36:02,196 - WARNING - SKIPPED (GLOBAL WORD LIMIT): Article 'Centre to support grassroots sports, says Union Sports Minister' from The Hindu has only 3 words (Min: 90).
2026-05-02 14:36:02,711 - INFO - [The Hindu] Article: https://www.thehindu.com/news/national/tamil-nadu/around-320-tonnes-of-waste-generated-on-chitra-pournami-day-removed-in-tiruvannamalai/article70931908.ece
2026-05-02 14:36:02,711 - INFO - [The Hindu] Attempt 1/1: Trying with 'selenium_browser' strategy...
2026-05-02 14:36:03,197 - INFO - [The Hindu] Page content loaded.
2026-05-02 14:36:03,287 - WARNING - [The Hindu] FAILED with 'selenium_browser' (content was too short: 73 words).
2026-05-02 14:36:03,287 - ERROR - [The Hindu] All scrape strategies failed for https://www.thehindu.com/news/national/tamil-nadu/around-320-tonnes-of-waste-generated-on-chitra-pournami-day-removed-in-tiruvannamalai/article70931908.ece. Falling back to RSS description.
2026-05-02 14:36:03,287 - WARNING - SKIPPED (GLOBAL WORD LIMIT): Article 'Around 320 tonnes of waste generated on Chitra Pournami day removed in Tiruvannamalai' from The Hindu has only 3 words (Min: 90).
2026-05-02 14:36:04,661 - INFO - [The Hindu] Article: https://www.thehindu.com/news/national/andhra-pradesh/bc-dedicated-panel-urged-to-give-political-reservation-to-neglected-communities/article70931677.ece
2026-05-02 14:36:04,661 - INFO - [The Hindu] Attempt 1/1: Trying with 'selenium_browser' strategy...
2026-05-02 14:36:05,379 - INFO - [The Hindu] Page content loaded.
2026-05-02 14:36:05,457 - INFO - [The Hindu] Success with 'selenium_browser'. Found content (90 words).
2026-05-02 14:36:24,979 - INFO - >>> SUCCESSFULLY SAVED [ID: 56042] - BC Dedicated panel urged to give political reservation to neglected communities - The Hindu from The Hindu (90 words)
2026-05-02 14:36:26,168 - INFO - [The Hindu] Article: https://www.thehindu.com/news/national/andhra-pradesh/east-godavari-congress-party-president-seeks-fresh-inquiry-into-alleged-86-crore-ava-land-scandal/article70932221.ece
2026-05-02 14:36:26,168 - INFO - [The Hindu] Attempt 1/1: Trying with 'selenium_browser' strategy...
2026-05-02 14:36:26,918 - INFO - [The Hindu] Page content loaded.
2026-05-02 14:36:26,989 - INFO - [The Hindu] Success with 'selenium_browser'. Found content (120 words).
2026-05-02 14:36:46,281 - INFO - >>> SUCCESSFULLY SAVED [ID: 56043] - East Godavari Congress party president seeks fresh inquiry into alleged ₹86 crore Ava wetland scam - The Hindu from The Hindu (120 words)
2026-05-02 14:36:47,088 - INFO - [The Hindu] Article: https://www.thehindu.com/news/national/andhra-pradesh/annamayya-collector-urges-swift-action-on-scst-atrocities-cases/article70932042.ece
2026-05-02 14:36:47,088 - INFO - [The Hindu] Attempt 1/1: Trying with 'selenium_browser' strategy...
2026-05-02 14:36:47,804 - INFO - [The Hindu] Page content loaded.
2026-05-02 14:36:47,887 - INFO - [The Hindu] Success with 'selenium_browser'. Found content (94 words).
2026-05-02 14:37:07,287 - INFO - >>> SUCCESSFULLY SAVED [ID: 56044] - Annamayya Collector urges swift action on SC/ST Atrocities cases - The Hindu from The Hindu (94 words)
2026-05-02 14:37:08,560 - INFO - [The Hindu] Article: https://www.thehindu.com/news/national/karnataka/h5n1-bird-flu-confirmed-in-peacocks-in-tumakuru-surveillance-intensified-across-38-villages/article70931756.ece
2026-05-02 14:37:08,560 - INFO - [The Hindu] Attempt 1/1: Trying with 'selenium_browser' strategy...
2026-05-02 14:37:09,271 - INFO - [The Hindu] Page content loaded.
2026-05-02 14:37:09,353 - WARNING - [The Hindu] FAILED with 'selenium_browser' (content was too short: 71 words).
2026-05-02 14:37:09,353 - ERROR - [The Hindu] All scrape strategies failed for https://www.thehindu.com/news/national/karnataka/h5n1-bird-flu-confirmed-in-peacocks-in-tumakuru-surveillance-intensified-across-38-villages/article70931756.ece. Falling back to RSS description.
2026-05-02 14:37:09,353 - WARNING - SKIPPED (GLOBAL WORD LIMIT): Article 'H5N1 bird flu confirmed in peacocks in Tumakuru; surveillance intensified across 38 villages' from The Hindu has only 3 words (Min: 90).
2026-05-02 14:37:10,451 - INFO - [The Hindu] Article: https://www.thehindu.com/news/national/telangana/congress-mlcs-accuse-harish-rao-of-intimidating-contractors-making-baseless-allegations-on-ham-roads/article70932083.ece
2026-05-02 14:37:10,451 - INFO - [The Hindu] Attempt 1/1: Trying with 'selenium_browser' strategy...
2026-05-02 14:37:11,445 - INFO - [The Hindu] Page content loaded.
2026-05-02 14:37:11,491 - INFO - [The Hindu] Success with 'selenium_browser'. Found content (120 words).
2026-05-02 14:37:30,954 - INFO - >>> SUCCESSFULLY SAVED [ID: 56045] - Congress MLCs accuse Harish Rao of intimidating contractors making baseless allegations on HAM roads - The Hindu from The Hindu (120 words)
2026-05-02 14:37:32,378 - INFO - [The Hindu] Article: https://www.thehindu.com/elections/tamil-nadu-assembly/tn-election-vijay-to-emerge-as-decisive-leader-2026-verdict-will-be-historic-says-sengottaiyan/article70930893.ece
2026-05-02 14:37:32,378 - INFO - [The Hindu] Attempt 1/1: Trying with 'selenium_browser' strategy...
2026-05-02 14:37:33,124 - INFO - [The Hindu] Page content loaded.
2026-05-02 14:37:33,167 - INFO - [The Hindu] Success with 'selenium_browser'. Found content (92 words).
2026-05-02 14:37:52,645 - INFO - >>> SUCCESSFULLY SAVED [ID: 56046] - T.N. election: Vijay to emerge as decisive leader; 2026 verdict will be historic, says Sengottaiyan - The Hindu from The Hindu (92 words)
2026-05-02 14:37:53,350 - INFO - [The Hindu] Article: https://www.thehindu.com/news/national/telangana/telangana-government-to-clear-6000-crore-retirement-benefits-in-100-days-promises-revanth-reddy/article70932062.ece
2026-05-02 14:37:53,350 - INFO - [The Hindu] Attempt 1/1: Trying with 'selenium_browser' strategy...
2026-05-02 14:37:54,103 - INFO - [The Hindu] Page content loaded.
2026-05-02 14:37:54,197 - INFO - [The Hindu] Success with 'selenium_browser'. Found content (100 words).
2026-05-02 14:38:13,823 - INFO - >>> SUCCESSFULLY SAVED [ID: 56047] - Telangana government to clear ₹6,000 crore retirement benefits in 100 days, promises Revanth Reddy - The Hindu from The Hindu (100 words)
2026-05-02 14:38:14,434 - INFO - [The Hindu] Early skip: URL https://www.thehindu.com/news/national/andhra-pradesh/lorry-driver-burnt-alive-in-road-mishap/article70930945.ece already exists.
2026-05-02 14:38:14,436 - INFO - [The Hindu] Article: https://www.thehindu.com/news/national/kerala/city-schools-shine-in-icse-isc-exams/article70925173.ece
2026-05-02 14:38:14,436 - INFO - [The Hindu] Attempt 1/1: Trying with 'selenium_browser' strategy...
2026-05-02 14:38:28,337 - WARNING - [The Hindu] Page explicit wait timed out (3s). Proceeding anyway.
2026-05-02 14:38:28,385 - WARNING - [The Hindu] FAILED with 'selenium_browser' (content was too short: 69 words).
2026-05-02 14:38:28,385 - ERROR - [The Hindu] All scrape strategies failed for https://www.thehindu.com/news/national/kerala/city-schools-shine-in-icse-isc-exams/article70925173.ece. Falling back to RSS description.
2026-05-02 14:38:28,385 - WARNING - SKIPPED (GLOBAL WORD LIMIT): Article 'City schools shine in ICSE, ISC exams' from The Hindu has only 3 words (Min: 90).
2026-05-02 14:38:29,482 - INFO - [The Hindu] Article: https://www.thehindu.com/news/national/tamil-nadu/man-held-for-stealing-cash-gold-ornaments-from-railway-passengers/article70931898.ece
2026-05-02 14:38:29,482 - INFO - [The Hindu] Attempt 1/1: Trying with 'selenium_browser' strategy...
2026-05-02 14:38:36,643 - WARNING - [The Hindu] Page explicit wait timed out (3s). Proceeding anyway.
2026-05-02 14:38:36,752 - WARNING - [The Hindu] FAILED with 'selenium_browser' (content was too short: 89 words).
2026-05-02 14:38:36,752 - ERROR - [The Hindu] All scrape strategies failed for https://www.thehindu.com/news/national/tamil-nadu/man-held-for-stealing-cash-gold-ornaments-from-railway-passengers/article70931898.ece. Falling back to RSS description.
2026-05-02 14:38:36,752 - WARNING - SKIPPED (GLOBAL WORD LIMIT): Article 'Man held for stealing cash, gold ornaments from railway passengers' from The Hindu has only 3 words (Min: 90).
2026-05-02 14:38:37,131 - CRITICAL - --- TIMEOUT: 1 scrape jobs did not complete in 300s. ---
2026-05-02 14:38:37,132 - ERROR - A thread has timed out and will be abandoned.
2026-05-02 14:38:37,132 - INFO - Shutting down thread pool (wait=False)...
2026-05-02 14:38:37,132 - INFO - Scraped: 0 Economic Times, 2 The Guardian, 1 BBC, 1 Times of India, 2 The Dawn, 3 Al Jazeera, 0 TechCrunch, 1 Timed_Out_Jobs articles. (Total saved: 9)
2026-05-02 14:38:37,132 - INFO - --- Scraping job finished ---
2026-05-02 14:38:37,132 - INFO - --- Scraper service stopped. ---
2026-05-02 14:38:37,132 - INFO - --- Main thread finished. Forcing process exit to kill zombie threads. ---
