2026-01-26 21:28:03,467 - INFO - Loading AI Semantic Model (all-MiniLM-L6-v2)...
2026-01-26 21:28:03,467 - INFO - Use pytorch device_name: cpu
2026-01-26 21:28:03,467 - INFO - Load pretrained SentenceTransformer: all-MiniLM-L6-v2
2026-01-26 21:28:03,609 - INFO - HTTP Request: HEAD https://huggingface.co/sentence-transformers/all-MiniLM-L6-v2/resolve/main/modules.json "HTTP/1.1 307 Temporary Redirect"
2026-01-26 21:28:03,631 - INFO - HTTP Request: HEAD https://huggingface.co/api/resolve-cache/models/sentence-transformers/all-MiniLM-L6-v2/c9745ed1d9f207416be6d2e6f8de32d1f16199bf/modules.json "HTTP/1.1 200 OK"
2026-01-26 21:28:03,674 - INFO - HTTP Request: HEAD https://huggingface.co/sentence-transformers/all-MiniLM-L6-v2/resolve/main/config_sentence_transformers.json "HTTP/1.1 307 Temporary Redirect"
2026-01-26 21:28:03,697 - INFO - HTTP Request: HEAD https://huggingface.co/api/resolve-cache/models/sentence-transformers/all-MiniLM-L6-v2/c9745ed1d9f207416be6d2e6f8de32d1f16199bf/config_sentence_transformers.json "HTTP/1.1 200 OK"
2026-01-26 21:28:03,742 - INFO - HTTP Request: HEAD https://huggingface.co/sentence-transformers/all-MiniLM-L6-v2/resolve/main/config_sentence_transformers.json "HTTP/1.1 307 Temporary Redirect"
2026-01-26 21:28:03,765 - INFO - HTTP Request: HEAD https://huggingface.co/api/resolve-cache/models/sentence-transformers/all-MiniLM-L6-v2/c9745ed1d9f207416be6d2e6f8de32d1f16199bf/config_sentence_transformers.json "HTTP/1.1 200 OK"
2026-01-26 21:28:03,811 - INFO - HTTP Request: HEAD https://huggingface.co/sentence-transformers/all-MiniLM-L6-v2/resolve/main/README.md "HTTP/1.1 307 Temporary Redirect"
2026-01-26 21:28:03,833 - INFO - HTTP Request: HEAD https://huggingface.co/api/resolve-cache/models/sentence-transformers/all-MiniLM-L6-v2/c9745ed1d9f207416be6d2e6f8de32d1f16199bf/README.md "HTTP/1.1 200 OK"
2026-01-26 21:28:03,886 - INFO - HTTP Request: HEAD https://huggingface.co/sentence-transformers/all-MiniLM-L6-v2/resolve/main/modules.json "HTTP/1.1 307 Temporary Redirect"
2026-01-26 21:28:03,908 - INFO - HTTP Request: HEAD https://huggingface.co/api/resolve-cache/models/sentence-transformers/all-MiniLM-L6-v2/c9745ed1d9f207416be6d2e6f8de32d1f16199bf/modules.json "HTTP/1.1 200 OK"
2026-01-26 21:28:03,952 - INFO - HTTP Request: HEAD https://huggingface.co/sentence-transformers/all-MiniLM-L6-v2/resolve/main/sentence_bert_config.json "HTTP/1.1 307 Temporary Redirect"
2026-01-26 21:28:03,974 - INFO - HTTP Request: HEAD https://huggingface.co/api/resolve-cache/models/sentence-transformers/all-MiniLM-L6-v2/c9745ed1d9f207416be6d2e6f8de32d1f16199bf/sentence_bert_config.json "HTTP/1.1 200 OK"
2026-01-26 21:28:04,023 - INFO - HTTP Request: HEAD https://huggingface.co/sentence-transformers/all-MiniLM-L6-v2/resolve/main/adapter_config.json "HTTP/1.1 404 Not Found"
2026-01-26 21:28:04,068 - INFO - HTTP Request: HEAD https://huggingface.co/sentence-transformers/all-MiniLM-L6-v2/resolve/main/config.json "HTTP/1.1 307 Temporary Redirect"
2026-01-26 21:28:04,069 - WARNING - Warning: You are sending unauthenticated requests to the HF Hub. Please set a HF_TOKEN to enable higher rate limits and faster downloads.
2026-01-26 21:28:04,091 - INFO - HTTP Request: HEAD https://huggingface.co/api/resolve-cache/models/sentence-transformers/all-MiniLM-L6-v2/c9745ed1d9f207416be6d2e6f8de32d1f16199bf/config.json "HTTP/1.1 200 OK"
2026-01-26 21:28:04,226 - WARNING - BertModel LOAD REPORT from: sentence-transformers/all-MiniLM-L6-v2
Key                     | Status     |  | 
------------------------+------------+--+-
embeddings.position_ids | UNEXPECTED |  | 

Notes:
- UNEXPECTED	:can be ignored when loading from different task/architecture; not ok if you expect identical arch.
2026-01-26 21:28:04,274 - INFO - HTTP Request: HEAD https://huggingface.co/sentence-transformers/all-MiniLM-L6-v2/resolve/main/config.json "HTTP/1.1 307 Temporary Redirect"
2026-01-26 21:28:04,296 - INFO - HTTP Request: HEAD https://huggingface.co/api/resolve-cache/models/sentence-transformers/all-MiniLM-L6-v2/c9745ed1d9f207416be6d2e6f8de32d1f16199bf/config.json "HTTP/1.1 200 OK"
2026-01-26 21:28:04,343 - INFO - HTTP Request: HEAD https://huggingface.co/sentence-transformers/all-MiniLM-L6-v2/resolve/main/tokenizer_config.json "HTTP/1.1 307 Temporary Redirect"
2026-01-26 21:28:04,368 - INFO - HTTP Request: HEAD https://huggingface.co/api/resolve-cache/models/sentence-transformers/all-MiniLM-L6-v2/c9745ed1d9f207416be6d2e6f8de32d1f16199bf/tokenizer_config.json "HTTP/1.1 200 OK"
2026-01-26 21:28:04,416 - INFO - HTTP Request: GET https://huggingface.co/api/models/sentence-transformers/all-MiniLM-L6-v2/tree/main/additional_chat_templates?recursive=false&expand=false "HTTP/1.1 404 Not Found"
2026-01-26 21:28:04,470 - INFO - HTTP Request: GET https://huggingface.co/api/models/sentence-transformers/all-MiniLM-L6-v2/tree/main?recursive=true&expand=false "HTTP/1.1 200 OK"
2026-01-26 21:28:04,570 - INFO - HTTP Request: HEAD https://huggingface.co/sentence-transformers/all-MiniLM-L6-v2/resolve/main/1_Pooling/config.json "HTTP/1.1 307 Temporary Redirect"
2026-01-26 21:28:04,593 - INFO - HTTP Request: HEAD https://huggingface.co/api/resolve-cache/models/sentence-transformers/all-MiniLM-L6-v2/c9745ed1d9f207416be6d2e6f8de32d1f16199bf/1_Pooling%2Fconfig.json "HTTP/1.1 200 OK"
2026-01-26 21:28:04,642 - INFO - HTTP Request: GET https://huggingface.co/api/models/sentence-transformers/all-MiniLM-L6-v2 "HTTP/1.1 200 OK"
2026-01-26 21:28:04,647 - INFO - AI Model loaded successfully.
2026-01-26 21:28:04,647 - INFO - --- Scraper service started (CI Mode: Run Once) ---
2026-01-26 21:28:04,647 - INFO - --- Starting new scraping job (Parallel Mode) ---
2026-01-26 21:28:04,647 - INFO - Creating new robust session with 3 retries on 5xx/connection/read errors.
2026-01-26 21:28:04,647 - INFO - Proxy is DISABLED.
2026-01-26 21:28:04,648 - INFO - Starting scrape for BBC RSS feed: http://feeds.bbci.co.uk/news/world/rss.xml
2026-01-26 21:28:04,648 - INFO - [Times of India] (Thread) requires Selenium. Initializing driver...
2026-01-26 21:28:04,648 - INFO - Starting scrape for The Guardian RSS feed: https://www.theguardian.com/world/rss
2026-01-26 21:28:04,649 - INFO - [The Hindu] (Thread) requires Selenium. Initializing driver...
2026-01-26 21:28:04,649 - INFO - Submitted 4 jobs to thread pool. Waiting up to 300s for completion...
2026-01-26 21:28:04,800 - INFO - Found 45 articles in The Guardian RSS feed. Processing up to 30.
2026-01-26 21:28:04,800 - INFO - [The Guardian] Early skip: URL https://www.theguardian.com/world/2026/jan/26/hundreds-feared-dead-after-attempting-to-cross-mediterranean-amid-cyclone-harry already exists.
2026-01-26 21:28:04,840 - INFO - Found 31 articles in BBC RSS feed. Processing up to 30.
2026-01-26 21:28:05,057 - INFO - [BBC] Early skip: URL https://www.bbc.com/news/articles/c5ydvz7nz4mo?at_medium=RSS&at_campaign=rss already exists.
2026-01-26 21:28:05,202 - INFO - [The Guardian] Early skip: URL https://www.theguardian.com/world/2026/jan/26/crocodile-warnings-floods-devastate-southern-africa already exists.
2026-01-26 21:28:05,475 - INFO - [BBC] Early skip: URL https://www.bbc.com/news/articles/cvg50vv1ezko?at_medium=RSS&at_campaign=rss already exists.
2026-01-26 21:28:05,717 - INFO - [The Guardian] Early skip: URL https://www.theguardian.com/world/2026/jan/23/guinea-bissau-hepatitis-b-vaccine-study already exists.
2026-01-26 21:28:05,903 - INFO - [BBC] Early skip: URL https://www.bbc.com/news/articles/c9dv4wlw3yzo?at_medium=RSS&at_campaign=rss already exists.
2026-01-26 21:28:06,073 - INFO - [The Guardian] Early skip: URL https://www.theguardian.com/global-development/2026/jan/22/actionaid-rethink-child-sponsorship-decolonise-funding already exists.
2026-01-26 21:28:06,195 - INFO - [BBC] Early skip: URL https://www.bbc.com/news/articles/c07x003vx0yo?at_medium=RSS&at_campaign=rss already exists.
2026-01-26 21:28:06,467 - INFO - [The Guardian] Early skip: URL https://www.theguardian.com/us-news/2026/jan/20/us-diplomats-urged-to-remind-african-leaders-of-us-generosity-despite-usaid-closing already exists.
2026-01-26 21:28:06,740 - INFO - [BBC] Early skip: URL https://www.bbc.com/news/articles/ckgy049ypd5o?at_medium=RSS&at_campaign=rss already exists.
2026-01-26 21:28:07,027 - INFO - [The Guardian] Early skip: URL https://www.theguardian.com/world/2026/jan/26/guyana-opposition-leader-us-extradition already exists.
2026-01-26 21:28:07,253 - INFO - [BBC] Early skip: URL https://www.bbc.com/news/articles/cp80419gggro?at_medium=RSS&at_campaign=rss already exists.
2026-01-26 21:28:07,493 - INFO - [The Guardian] Early skip: URL https://www.theguardian.com/environment/2026/jan/26/uk-supermarkets-push-for-amazon-soy-safeguards-after-brazil-scraps-ban already exists.
2026-01-26 21:28:07,685 - INFO - [BBC] Early skip: URL https://www.bbc.com/news/articles/cddgqqd0peno?at_medium=RSS&at_campaign=rss already exists.
2026-01-26 21:28:07,965 - INFO - [The Guardian] Early skip: URL https://www.theguardian.com/world/2026/jan/26/toronto-snowstorm-record-snowfall-total already exists.
2026-01-26 21:28:08,074 - INFO - [BBC] Early skip: URL https://www.bbc.com/news/articles/c20zdj8n7vgo?at_medium=RSS&at_campaign=rss already exists.
2026-01-26 21:28:08,245 - INFO - [The Guardian] Early skip: URL https://www.theguardian.com/world/2026/jan/26/gunmen-invade-salamanca-football-match-guanajuato-mexico-crime already exists.
2026-01-26 21:28:08,420 - INFO - [BBC] Early skip: URL https://www.bbc.com/news/articles/clye99wg0y8o?at_medium=RSS&at_campaign=rss already exists.
2026-01-26 21:28:08,623 - INFO - [The Guardian] Early skip: URL https://www.theguardian.com/us-news/2026/jan/26/costa-rica-us-deportation already exists.
2026-01-26 21:28:08,900 - INFO - [BBC] Early skip: URL https://www.bbc.com/news/articles/c8d0l778dero?at_medium=RSS&at_campaign=rss already exists.
2026-01-26 21:28:09,140 - INFO - [The Guardian] Early skip: URL https://www.theguardian.com/world/2026/jan/26/china-top-general-zhang-youxia-power-struggle-corruption already exists.
2026-01-26 21:28:09,419 - INFO - [BBC] Early skip: URL https://www.bbc.com/news/articles/cgjw0w0qq4wo?at_medium=RSS&at_campaign=rss already exists.
2026-01-26 21:28:09,675 - INFO - [The Guardian] Early skip: URL https://www.theguardian.com/world/2026/jan/26/philippines-ferry-capsizes-sinks-death-toll already exists.
2026-01-26 21:28:09,863 - INFO - [BBC] Early skip: URL https://www.bbc.com/news/articles/cz6y7nxx5jvo?at_medium=RSS&at_campaign=rss already exists.
2026-01-26 21:28:10,065 - INFO - [The Guardian] Early skip: URL https://www.theguardian.com/world/2026/jan/26/china-top-ranking-general-zhang-youxia-investigation already exists.
2026-01-26 21:28:10,349 - INFO - [BBC] Early skip: URL https://www.bbc.com/news/articles/cwy1vpqpy23o?at_medium=RSS&at_campaign=rss already exists.
2026-01-26 21:28:10,517 - INFO - [The Guardian] Early skip: URL https://www.theguardian.com/sport/2026/jan/24/alex-honnold-free-solo-taipei-101-netflix already exists.
2026-01-26 21:28:10,713 - INFO - [BBC] Early skip: URL https://www.bbc.com/news/articles/c89q5q8leeqo?at_medium=RSS&at_campaign=rss already exists.
2026-01-26 21:28:10,835 - INFO - [The Guardian] Early skip: URL https://www.theguardian.com/news/ng-interactive/2026/jan/25/china-europe-canada-charm-offensive-trump already exists.
2026-01-26 21:28:11,026 - INFO - [BBC] Early skip: URL https://www.bbc.com/news/articles/cvgd8kj2y2po?at_medium=RSS&at_campaign=rss already exists.
2026-01-26 21:28:11,169 - INFO - [The Guardian] Early skip: URL https://www.theguardian.com/australia-news/live/2026/jan/27/australia-news-live-out-of-control-victorian-bushfire-threatens-towns-as-intense-heatwave-moves-east already exists.
2026-01-26 21:28:11,462 - INFO - [BBC] Early skip: URL https://www.bbc.com/news/articles/c20gg729y1yo?at_medium=RSS&at_campaign=rss already exists.
2026-01-26 21:28:11,607 - INFO - [The Guardian] Early skip: URL https://www.theguardian.com/australia-news/2026/jan/27/killing-of-kgari-dingoes-in-wake-of-backpackers-death-could-create-extinction-vortex-expert-says already exists.
2026-01-26 21:28:11,718 - INFO - [BBC] Early skip: URL https://www.bbc.com/news/articles/cr4k2kw500zo?at_medium=RSS&at_campaign=rss already exists.
2026-01-26 21:28:11,986 - INFO - [The Guardian] Early skip: URL https://www.theguardian.com/australia-news/2026/jan/27/services-australia-has-not-applied-child-support-law-properly-and-some-parents-are-owed-money-report-finds already exists.
2026-01-26 21:28:12,173 - INFO - [BBC] Early skip: URL https://www.bbc.com/news/articles/cpqyxew338po?at_medium=RSS&at_campaign=rss already exists.
2026-01-26 21:28:12,375 - INFO - [The Guardian] Early skip: URL https://www.theguardian.com/australia-news/2026/jan/27/bunnings-accused-of-greenwashing-timber-amid-concerns-about-suppliers-logging already exists.
2026-01-26 21:28:12,575 - INFO - [BBC] Early skip: URL https://www.bbc.com/news/articles/ckgn9q1wp0yo?at_medium=RSS&at_campaign=rss already exists.
2026-01-26 21:28:12,774 - INFO - [The Guardian] Early skip: URL https://www.theguardian.com/australia-news/2026/jan/26/man-charged-after-allegedly-making-comments-aligned-with-neo-nazi-ideology-at-sydney-anti-immigration-march-ntwnfb already exists.
2026-01-26 21:28:12,963 - INFO - [BBC] Early skip: URL https://www.bbc.com/news/articles/c62r4g590wqo?at_medium=RSS&at_campaign=rss already exists.
2026-01-26 21:28:13,091 - INFO - [The Guardian] Early skip: URL https://www.theguardian.com/world/2026/jan/26/portuguese-police-seize-record-9-tonnes-cocaine-narco-sub already exists.
2026-01-26 21:28:13,112 - INFO - Selenium driver initialized successfully.
2026-01-26 21:28:13,112 - INFO - Starting scrape for The Hindu RSS feed: https://www.thehindu.com/news/national/feeder/default.rss
2026-01-26 21:28:13,113 - INFO - Selenium driver initialized successfully.
2026-01-26 21:28:13,113 - INFO - Starting scrape for Times of India RSS feed: https://timesofindia.indiatimes.com/rssfeeds/296589292.cms
2026-01-26 21:28:13,194 - INFO - [BBC] Early skip: URL https://www.bbc.com/news/articles/cnvg812n01no?at_medium=RSS&at_campaign=rss already exists.
2026-01-26 21:28:13,310 - INFO - Found 100 articles in The Hindu RSS feed. Processing up to 30.
2026-01-26 21:28:13,385 - INFO - Found 20 articles in Times of India RSS feed. Processing up to 30.
2026-01-26 21:28:13,402 - INFO - [The Guardian] Early skip: URL https://www.theguardian.com/world/live/2026/jan/26/ukraine-russia-us-greenland-europe-trade-deal-nato-latest-news-updates already exists.
2026-01-26 21:28:13,674 - INFO - [The Hindu] Early skip: URL https://www.thehindu.com/news/national/rahul-insulted-northeast-by-not-wearing-gamosa-at-reception-hosted-by-president-bjp/article70554186.ece already exists.
2026-01-26 21:28:13,849 - INFO - [Times of India] Article: https://timesofindia.indiatimes.com/world/us/stay-away-from-usa-former-fifa-chief-sepp-blatter-fuels-world-cup-2026-boycott-debate/articleshow/127572518.cms
2026-01-26 21:28:13,850 - INFO - [Times of India] Attempt 1/1: Trying with 'selenium_browser' strategy...
2026-01-26 21:28:13,850 - INFO - [BBC] Early skip: URL https://www.bbc.com/news/articles/c1w94v205y2o?at_medium=RSS&at_campaign=rss already exists.
2026-01-26 21:28:13,968 - INFO - [The Guardian] Early skip: URL https://www.theguardian.com/world/2026/jan/26/two-british-far-right-activists-arrested-france already exists.
2026-01-26 21:28:14,228 - INFO - [The Hindu] Early skip: URL https://www.thehindu.com/news/national/banking-operations-to-be-hit-on-january-27-unions-strike-seeking-five-day-work-week/article70554166.ece already exists.
2026-01-26 21:28:14,418 - INFO - [BBC] Early skip: URL https://www.bbc.com/news/articles/cj0nmj72v8ro?at_medium=RSS&at_campaign=rss already exists.
2026-01-26 21:28:14,583 - INFO - [The Guardian] Early skip: URL https://www.theguardian.com/world/2026/jan/26/merz-party-vows-clamp-down-germany-lifestyle-part-time-work already exists.
2026-01-26 21:28:14,786 - INFO - [The Hindu] Early skip: URL https://www.thehindu.com/news/cities/Hyderabad/sarwat-hussain-digital-media-centre-opened-at-osmania-universitys-journalism-department/article70552608.ece already exists.
2026-01-26 21:28:15,006 - INFO - [BBC] Early skip: URL https://www.bbc.com/news/articles/c99kkerr93ko?at_medium=RSS&at_campaign=rss already exists.
2026-01-26 21:28:15,162 - INFO - [The Guardian] Early skip: URL https://www.theguardian.com/environment/2026/jan/26/uk-among-10-countries-to-build-100gw-wind-power-grid-in-north-sea already exists.
2026-01-26 21:28:15,418 - INFO - [The Hindu] Early skip: URL https://www.thehindu.com/news/cities/Hyderabad/calm-streets-crowded-fairgrounds-official-ceremonies-mark-republic-day-in-hyderabad/article70553742.ece already exists.
2026-01-26 21:28:15,711 - INFO - [BBC] Early skip: URL https://www.bbc.com/news/articles/c20zjyxep99o?at_medium=RSS&at_campaign=rss already exists.
2026-01-26 21:28:15,933 - INFO - [BBC] Early skip: URL https://www.bbc.com/news/articles/c9wxx29yknpo?at_medium=RSS&at_campaign=rss already exists.
2026-01-26 21:28:16,147 - INFO - [BBC] Early skip: URL https://www.bbc.com/news/articles/c338jpk8r1vo?at_medium=RSS&at_campaign=rss already exists.
2026-01-26 21:28:16,445 - INFO - [BBC] Early skip: URL https://www.bbc.com/news/videos/cg4e0r1el5yo?at_medium=RSS&at_campaign=rss already exists.
2026-01-26 21:28:16,616 - INFO - [The Hindu] Early skip: URL https://www.thehindu.com/news/national/andhra-pradesh/speakers-advocate-for-caste-census-at-vizag-symposium/article70553190.ece already exists.
2026-01-26 21:28:16,899 - INFO - [The Hindu] Early skip: URL https://www.thehindu.com/news/national/karnataka/swr-achieves-gross-revenue-of-6939-crore-in-first-three-quarters/article70553059.ece already exists.
2026-01-26 21:28:17,065 - INFO - [BBC] Article: https://www.bbc.com/news/videos/cpqyxlqwqqlo?at_medium=RSS&at_campaign=rss
2026-01-26 21:28:17,065 - INFO - [BBC] Attempt 1/1: Trying with 'requests_browser' strategy...
2026-01-26 21:28:17,065 - INFO - [The Guardian] Early skip: URL https://www.theguardian.com/world/2026/jan/26/remains-last-israeli-killed-7-october-2023-ran-gvili-returned-gaza already exists.
2026-01-26 21:28:17,307 - INFO - [The Guardian] Early skip: URL https://www.theguardian.com/world/2026/jan/26/iran-prepares-possible-attack-us-navy already exists.
2026-01-26 21:28:17,399 - WARNING - [BBC] FAILED with 'requests_browser' (content was too short: 71 words).
2026-01-26 21:28:17,399 - ERROR - [BBC] All scrape strategies failed for https://www.bbc.com/news/videos/cpqyxlqwqqlo?at_medium=RSS&at_campaign=rss. Falling back to RSS description.
2026-01-26 21:28:17,399 - WARNING - SKIPPED (GLOBAL WORD LIMIT): Article 'Deadly winter storm grips large parts of the US' from BBC has only 18 words (Min: 90).
2026-01-26 21:28:17,456 - INFO - [The Hindu] Early skip: URL https://www.thehindu.com/news/national/karnataka/centre-undermining-rural-employment-rights-priyank-kharge/article70553144.ece already exists.
2026-01-26 21:28:17,626 - INFO - [The Guardian] Early skip: URL https://www.theguardian.com/world/2026/jan/26/saudi-arabia-ordered-pay-london-dissident-pegasus-spying-ghanem-al-masarir already exists.
2026-01-26 21:28:17,898 - INFO - [The Hindu] Early skip: URL https://www.thehindu.com/news/national/karnataka/kalaburagi-next-foundation-launched-to-drive-districts-holistic-development/article70553437.ece already exists.
2026-01-26 21:28:18,102 - INFO - [The Guardian] Early skip: URL https://www.theguardian.com/world/2026/jan/25/israel-launches-large-scale-operation-to-find-last-gaza-hostage already exists.
2026-01-26 21:28:18,258 - INFO - [The Guardian] Early skip: URL https://www.theguardian.com/world/2026/jan/25/iran-presidents-son-urges-authorities-to-restore-internet-after-protest-blackout already exists.
2026-01-26 21:28:18,404 - INFO - [BBC] Early skip: URL https://www.bbc.com/news/videos/c6206p2zyyqo?at_medium=RSS&at_campaign=rss already exists.
2026-01-26 21:28:18,703 - INFO - [The Hindu] Early skip: URL https://www.thehindu.com/news/national/telangana/five-year-old-girl-dies-after-kite-string-slashes-her-neck-in-kphb/article70553797.ece already exists.
2026-01-26 21:28:18,980 - INFO - [The Hindu] Early skip: URL https://www.thehindu.com/news/national/tamil-nadu/kamal-haasans-mnm-aims-for-respectable-number-of-seats-in-dmk-alliance/article70553105.ece already exists.
2026-01-26 21:28:19,211 - INFO - [The Hindu] Early skip: URL https://www.thehindu.com/news/national/karnataka/thieves-shoot-at-youth/article70554032.ece already exists.
2026-01-26 21:28:19,483 - INFO - [The Hindu] Early skip: URL https://www.thehindu.com/education/uproar-intensifies-against-new-ugc-equity-regulations/article70553927.ece already exists.
2026-01-26 21:28:19,621 - INFO - [The Hindu] Early skip: URL https://www.thehindu.com/news/national/census-2027-caste-methodology-yet-to-be-decided-clarity-likely-by-july/article70553682.ece already exists.
2026-01-26 21:28:19,874 - INFO - [The Hindu] Early skip: URL https://www.thehindu.com/news/cities/Tiruchirapalli/failedndawas-restored-out-of-compulsion-blackmail-stalin/article70553431.ece already exists.
2026-01-26 21:28:20,075 - INFO - [The Hindu] Early skip: URL https://www.thehindu.com/news/national/maharashtra/raut-slams-padma-bhushan-honour-for-koshyari-accuses-him-of-toppling-uddhav-govt/article70553906.ece already exists.
2026-01-26 21:28:20,252 - INFO - [The Hindu] Early skip: URL https://www.thehindu.com/news/national/pm-modi-thanks-leaders-of-france-bhutan-cyprus-for-republic-day-greetings/article70554022.ece already exists.
2026-01-26 21:28:20,542 - INFO - [The Hindu] Early skip: URL https://www.thehindu.com/news/national/india-displays-military-might-cultural-pride-at-kartavya-path/article70553429.ece already exists.
2026-01-26 21:28:20,827 - INFO - [The Hindu] Early skip: URL https://www.thehindu.com/news/national/telangana/drunk-driver-drags-sub-inspector-on-bonnet-two-arrested/article70553746.ece already exists.
2026-01-26 21:28:21,082 - INFO - [The Hindu] Early skip: URL https://www.thehindu.com/news/national/karnataka/r-day-flower-show-at-lalbagh-records-over-8-lakh-visitors-generates-275-crore/article70553848.ece already exists.
2026-01-26 21:28:21,340 - INFO - [The Hindu] Early skip: URL https://www.thehindu.com/news/cities/kolkata/many-feared-dead-several-missing-in-massive-kolkata-warehouse-fire/article70553456.ece already exists.
2026-01-26 21:28:21,496 - INFO - [The Hindu] Early skip: URL https://www.thehindu.com/news/national/karnataka/families-displaced-during-kogilu-layout-demolition-observe-poor-peoples-republic-day/article70553412.ece already exists.
2026-01-26 21:28:21,608 - INFO - [The Hindu] Early skip: URL https://www.thehindu.com/news/national/andhra-pradesh/public-urged-to-work-together-for-development-of-ntr-district/article70553748.ece already exists.
2026-01-26 21:28:21,899 - INFO - [The Hindu] Early skip: URL https://www.thehindu.com/news/national/telangana/governor-honours-individuals-organisations-with-excellence-awards-2025/article70553805.ece already exists.
2026-01-26 21:28:22,126 - INFO - [The Hindu] Early skip: URL https://www.thehindu.com/news/national/telangana/aidwa-slams-centre-for-its-anti-people-polices/article70553855.ece already exists.
2026-01-26 21:28:22,422 - INFO - [The Hindu] Early skip: URL https://www.thehindu.com/news/national/indians-abroad-celebrate-republic-day-greetings-pour-in-from-world-leaders/article70553514.ece already exists.
2026-01-26 21:28:22,588 - INFO - [The Hindu] Early skip: URL https://www.thehindu.com/news/national/vande-mataram-tableaux-at-the-republic-day-parade/article70553721.ece already exists.
2026-01-26 21:28:22,774 - INFO - [The Hindu] Early skip: URL https://www.thehindu.com/news/national/constitution-is-protective-shield-for-citizen-rights-says-rahul-gandhi-on-77th-republic-day/article70553567.ece already exists.
2026-01-26 21:28:22,954 - INFO - [The Hindu] Early skip: URL https://www.thehindu.com/news/cities/mumbai/long-march-to-mumbai-protesters-march-towards-mumbai-refuse-to-stop-without-meeting-cm/article70553800.ece already exists.
2026-01-26 21:28:23,071 - INFO - [The Hindu] Early skip: URL https://www.thehindu.com/news/national/karnataka/bjp-jds-too-set-to-protest-today/article70553818.ece already exists.
2026-01-26 21:28:23,227 - INFO - [The Hindu] Early skip: URL https://www.thehindu.com/news/national/karnataka/sidlaghatta-civic-official-threat-case-rajeev-gowda-arrested-at-kerala-border/article70553328.ece already exists.
2026-01-26 21:28:23,468 - INFO - [The Hindu] (Thread) Finished. Attempting to shut down its Selenium driver.
2026-01-26 21:28:23,553 - INFO - [The Hindu] (Thread) driver.quit() successful.
2026-01-26 21:28:33,879 - ERROR - [Times of India] Request failed for strategy 'selenium_browser' on URL https://timesofindia.indiatimes.com/world/us/stay-away-from-usa-former-fifa-chief-sepp-blatter-fuels-world-cup-2026-boycott-debate/articleshow/127572518.cms: Message: timeout: Timed out receiving message from renderer: 19.877
  (Session info: chrome=144.0.7559.59)
Stacktrace:
#0 0x56009ba3fc3a <unknown>
#1 0x56009b459969 <unknown>
#2 0x56009b441201 <unknown>
#3 0x56009b440e26 <unknown>
#4 0x56009b43e94b <unknown>
#5 0x56009b43f2cf <unknown>
#6 0x56009b44e700 <unknown>
#7 0x56009b4686f7 <unknown>
#8 0x56009b46f97b <unknown>
#9 0x56009b43fa39 <unknown>
#10 0x56009b46848a <unknown>
#11 0x56009b4f7d98 <unknown>
#12 0x56009b4a0be2 <unknown>
#13 0x56009b4a1991 <unknown>
#14 0x56009ba05a99 <unknown>
#15 0x56009ba089b1 <unknown>
#16 0x56009b9f20a9 <unknown>
#17 0x56009ba0956e <unknown>
#18 0x56009b9d85e0 <unknown>
#19 0x56009ba2d358 <unknown>
#20 0x56009ba2d528 <unknown>
#21 0x56009ba3efa8 <unknown>
#22 0x7fa7c909caa4 <unknown>
#23 0x7fa7c9129c6c <unknown>

2026-01-26 21:28:33,881 - ERROR - [Times of India] All scrape strategies failed for https://timesofindia.indiatimes.com/world/us/stay-away-from-usa-former-fifa-chief-sepp-blatter-fuels-world-cup-2026-boycott-debate/articleshow/127572518.cms. Falling back to RSS description.
2026-01-26 21:28:33,882 - WARNING - SKIPPED (GLOBAL WORD LIMIT): Article '‘Stay away from USA’: Former FIFA chief Sepp Blatter fuels World Cup 2026 boycott debate' from Times of India has only 55 words (Min: 90).
2026-01-26 21:28:35,182 - INFO - [Times of India] Article: https://timesofindia.indiatimes.com/world/us/maybe-vance-wants-to-signal-former-indian-diplomat-breaks-down-why-jd-vance-was-blocking-us-india-deal/articleshow/127574480.cms
2026-01-26 21:28:35,182 - INFO - [Times of India] Attempt 1/1: Trying with 'selenium_browser' strategy...
2026-01-26 21:28:36,193 - INFO - [Times of India] Page content loaded.
2026-01-26 21:28:36,329 - INFO - [Times of India] Success with 'selenium_browser'. Found content (267 words).
2026-01-26 21:28:50,010 - INFO - DEDUPLICATION: Found match (Score: 0.88). Linking to Cluster ID: 00249e5d-6e11-466d-b044-867f38f312f0
2026-01-26 21:28:50,012 - INFO - Saved article: 'Maybe Vance wants to signal...': Former Indian diplomat on why JD Vance has been blocking US-India deal - The Times of India from Times of India (267 words)
2026-01-26 21:28:51,303 - INFO - [Times of India] Article: https://timesofindia.indiatimes.com/world/us/attacking-h1-b-was-the-best-thing-trump-did-canadian-indian-entrepreneur-on-big-tech-layoffs-in-us-and-offshore-hiring/articleshow/127573531.cms
2026-01-26 21:28:51,303 - INFO - [Times of India] Attempt 1/1: Trying with 'selenium_browser' strategy...
2026-01-26 21:28:54,067 - INFO - [Times of India] Page content loaded.
2026-01-26 21:28:54,174 - INFO - [Times of India] Success with 'selenium_browser'. Found content (264 words).
2026-01-26 21:29:06,634 - INFO - Saved article: 'Attacking H1-B was the best thing Trump did': Canadian-Indian entrepreneur on big tech layoffs in US and offshore hiring - The Times of India from Times of India (264 words)
2026-01-26 21:29:07,279 - INFO - [Times of India] Early skip: URL https://timesofindia.indiatimes.com/world/us/bangor-plane-crash-kills-7-private-jet-linked-to-antitrump-lawyers-who-defended-illegal-aliens/articleshow/127571333.cms already exists.
2026-01-26 21:29:07,504 - INFO - [Times of India] Early skip: URL https://timesofindia.indiatimes.com/world/us/h-1b-is-something-i-have-no-control-of-indian-origin-frisco-councilman-burt-thakur-on-why-he-has-indian-donors/articleshow/127571197.cms already exists.
2026-01-26 21:29:07,690 - INFO - [Times of India] Early skip: URL https://timesofindia.indiatimes.com/world/us/did-tim-walz-ask-donald-trump-to-work-together-minnesota-governor-us-president-have-productive-call-over-ice-protests/articleshow/127569685.cms already exists.
2026-01-26 21:29:07,884 - INFO - [Times of India] Early skip: URL https://timesofindia.indiatimes.com/world/europe/russia-to-hire-40000-indian-workers-in-2026-paying-up-to-1000-per-month-amid-labour-shortage-report/articleshow/127569033.cms already exists.
2026-01-26 21:29:08,051 - INFO - [Times of India] Early skip: URL https://timesofindia.indiatimes.com/world/rest-of-world/i-can-handle-it-mark-carney-shrugs-off-donald-trumps-governor-jibe-amid-100-tariff-threat/articleshow/127567154.cms already exists.
2026-01-26 21:29:08,225 - INFO - [Times of India] Early skip: URL https://timesofindia.indiatimes.com/world/us/no-anaesthesia-for-maga-florida-nurse-refuses-to-treat-republicans-sparks-calls-for-suspension/articleshow/127561423.cms already exists.
2026-01-26 21:29:08,419 - INFO - [Times of India] Early skip: URL https://timesofindia.indiatimes.com/world/us/boring-as-hell-trump-reveals-why-he-dozes-off-during-cabinet-meeting-has-nothing-to-do-with-health/articleshow/127568363.cms already exists.
2026-01-26 21:29:08,638 - INFO - [Times of India] Early skip: URL https://timesofindia.indiatimes.com/world/us/have-you-ever-paid-your-employer-from-salary-immigration-expert-explains-what-this-question-by-a-border-agent-to-an-h-1b-worker-means/articleshow/127567104.cms already exists.
2026-01-26 21:29:08,871 - INFO - [Times of India] Early skip: URL https://timesofindia.indiatimes.com/world/uk/could-the-uk-bring-back-mandatory-military-service-what-happens-if-you-refuse/articleshow/127561973.cms already exists.
2026-01-26 21:29:09,015 - INFO - [Times of India] Early skip: URL https://timesofindia.indiatimes.com/world/us/iran-tensions-us-aircraft-carrier-warships-arrive-in-middle-east/articleshow/127566611.cms already exists.
2026-01-26 21:29:09,256 - INFO - [Times of India] Early skip: URL https://timesofindia.indiatimes.com/world/us/hindu-man-looking-down-on-americans-casey-putsch-says-vivek-ramaswamy-is-working-with-anti-christ-in-online-rant/articleshow/127565374.cms already exists.
2026-01-26 21:29:09,488 - INFO - [Times of India] Early skip: URL https://timesofindia.indiatimes.com/world/us/americans-who-might-hate-indians-social-media-reacts-to-free-samosas-given-at-antiice-protests-in-minnesota/articleshow/127560872.cms already exists.
2026-01-26 21:29:09,740 - INFO - [Times of India] Early skip: URL https://timesofindia.indiatimes.com/world/us/private-jet-crashes-in-us-7-killed-1-severely-injured-aircraft-went-down-shortly-after-takeoff/articleshow/127562294.cms already exists.
2026-01-26 21:29:09,844 - INFO - [Times of India] Early skip: URL https://timesofindia.indiatimes.com/world/us/russian-oil-goes-to-india-europeans-buy-refined-products-from-them-scott-bessent/articleshow/127561385.cms already exists.
2026-01-26 21:29:09,985 - INFO - [Times of India] Early skip: URL https://timesofindia.indiatimes.com/world/middle-east/no-more-hostages-in-gaza-idf-recovers-last-captive-held-by-hamas-remains-repatriated-to-israel/articleshow/127558473.cms already exists.
2026-01-26 21:29:10,203 - INFO - [Times of India] Early skip: URL https://timesofindia.indiatimes.com/world/us/tough-but-fair-why-is-donald-trump-sending-tom-homan-to-minneapolis-in-a-snub-to-kristi-noem/articleshow/127557402.cms already exists.
2026-01-26 21:29:10,423 - INFO - [Times of India] Early skip: URL https://timesofindia.indiatimes.com/world/uk/who-is-suella-braverman-british-indian-leader-quits-conservatives-over-tory-betrayal-and-joins-reform-uk/articleshow/127555984.cms already exists.
2026-01-26 21:29:10,639 - INFO - [Times of India] (Thread) Finished. Attempting to shut down its Selenium driver.
2026-01-26 21:29:10,934 - INFO - [Times of India] (Thread) driver.quit() successful.
2026-01-26 21:29:10,934 - INFO - Shutting down thread pool (wait=False)...
2026-01-26 21:29:10,934 - INFO - Scraped: 0 BBC, 0 The Hindu, 0 The Guardian, 2 Times of India articles. (Total saved: 2)
2026-01-26 21:29:10,934 - INFO - --- Scraping job finished ---
2026-01-26 21:29:10,941 - INFO - --- Scraper service stopped and database connection closed. ---
2026-01-26 21:29:10,941 - INFO - --- Main thread finished. Forcing process exit to kill zombie threads. ---
