2025-12-31 03:29:33,614 - INFO - Loading AI Semantic Model (all-MiniLM-L6-v2)...
2025-12-31 03:29:33,614 - INFO - Use pytorch device_name: cpu
2025-12-31 03:29:33,614 - INFO - Load pretrained SentenceTransformer: all-MiniLM-L6-v2
2025-12-31 03:29:34,416 - INFO - AI Model loaded successfully.
2025-12-31 03:29:34,416 - INFO - --- Scraper service started (CI Mode: Run Once) ---
2025-12-31 03:29:34,416 - INFO - --- Starting new scraping job (Parallel Mode) ---
2025-12-31 03:29:34,417 - INFO - Creating new robust session with 3 retries on 5xx/connection/read errors.
2025-12-31 03:29:34,417 - INFO - Proxy is DISABLED.
2025-12-31 03:29:34,417 - INFO - Starting scrape for BBC RSS feed: http://feeds.bbci.co.uk/news/world/rss.xml
2025-12-31 03:29:34,418 - INFO - [Times of India] (Thread) requires Selenium. Initializing driver...
2025-12-31 03:29:34,419 - INFO - Starting scrape for The Guardian RSS feed: https://www.theguardian.com/world/rss
2025-12-31 03:29:34,420 - INFO - [The Hindu] (Thread) requires Selenium. Initializing driver...
2025-12-31 03:29:34,420 - INFO - Submitted 4 jobs to thread pool. Waiting up to 300s for completion...
2025-12-31 03:29:34,565 - INFO - Found 45 articles in The Guardian RSS feed. Processing up to 30.
2025-12-31 03:29:34,565 - INFO - [The Guardian] Early skip: URL https://www.theguardian.com/world/2025/dec/30/saudi-arabia-uae-tension-future-yemen-boiling-point already exists.
2025-12-31 03:29:34,707 - INFO - [The Guardian] Early skip: URL https://www.theguardian.com/sport/2025/dec/29/anthony-joshua-injured-car-crash-nigeria already exists.
2025-12-31 03:29:34,962 - INFO - Found 43 articles in BBC RSS feed. Processing up to 30.
2025-12-31 03:29:35,006 - INFO - [BBC] Early skip: URL https://www.bbc.com/news/articles/cqj2llkjv8vo?at_medium=RSS&at_campaign=rss already exists.
2025-12-31 03:29:35,264 - INFO - [The Guardian] Early skip: URL https://www.theguardian.com/world/2025/dec/29/more-than-3000-migrants-died-spain-figure-down already exists.
2025-12-31 03:29:35,500 - INFO - [BBC] Early skip: URL https://www.bbc.com/news/articles/c78v5dj3x39o?at_medium=RSS&at_campaign=rss already exists.
2025-12-31 03:29:35,661 - INFO - [The Guardian] Early skip: URL https://www.theguardian.com/world/2025/dec/28/central-african-republic-goes-to-polls-as-president-seeks-third-term already exists.
2025-12-31 03:29:35,847 - INFO - [BBC] Early skip: URL https://www.bbc.com/news/articles/c4grzz60kp3o?at_medium=RSS&at_campaign=rss already exists.
2025-12-31 03:29:35,963 - INFO - [The Guardian] Early skip: URL https://www.theguardian.com/world/2025/dec/27/guinea-junta-leader-mamady-doumbouya-frontrunner-president-election already exists.
2025-12-31 03:29:36,176 - INFO - [BBC] Early skip: URL https://www.bbc.com/news/articles/c1evp7weyv2o?at_medium=RSS&at_campaign=rss already exists.
2025-12-31 03:29:36,433 - INFO - [The Guardian] Early skip: URL https://www.theguardian.com/world/2025/dec/30/military-drone-strike-venezuela-trump-maduro already exists.
2025-12-31 03:29:36,560 - INFO - [BBC] Early skip: URL https://www.bbc.com/news/articles/c62n922dnw7o?at_medium=RSS&at_campaign=rss already exists.
2025-12-31 03:29:36,801 - INFO - [The Guardian] Early skip: URL https://www.theguardian.com/world/2025/dec/29/brazil-ex-president-jair-bolsonaro-hiccups-treatment already exists.
2025-12-31 03:29:37,017 - INFO - [BBC] Early skip: URL https://www.bbc.com/news/articles/cp848g51zd3o?at_medium=RSS&at_campaign=rss already exists.
2025-12-31 03:29:37,244 - INFO - [The Guardian] Early skip: URL https://www.theguardian.com/world/2025/dec/29/mexico-train-derailment-oaxaca already exists.
2025-12-31 03:29:37,418 - INFO - [BBC] Early skip: URL https://www.bbc.com/news/articles/c3w7wg93yeeo?at_medium=RSS&at_campaign=rss already exists.
2025-12-31 03:29:37,545 - INFO - [The Guardian] Early skip: URL https://www.theguardian.com/us-news/2025/dec/29/trump-venezuela-facility-strike already exists.
2025-12-31 03:29:37,703 - INFO - [BBC] Early skip: URL https://www.bbc.com/news/articles/cdj8jmxyzneo?at_medium=RSS&at_campaign=rss already exists.
2025-12-31 03:29:37,941 - INFO - [The Guardian] Early skip: URL https://www.theguardian.com/world/2025/dec/26/venezuela-political-prisoner-release already exists.
2025-12-31 03:29:38,154 - INFO - [BBC] Early skip: URL https://www.bbc.com/news/articles/cm2v256vdkyo?at_medium=RSS&at_campaign=rss already exists.
2025-12-31 03:29:38,358 - INFO - [The Guardian] Early skip: URL https://www.theguardian.com/world/2025/dec/31/tonga-under-usa-trump-visa-ban already exists.
2025-12-31 03:29:38,658 - INFO - [BBC] Early skip: URL https://www.bbc.com/news/articles/c8xdxz48l7yo?at_medium=RSS&at_campaign=rss already exists.
2025-12-31 03:29:38,833 - INFO - [The Guardian] Early skip: URL https://www.theguardian.com/world/2025/dec/30/trump-not-worried-china-military-live-fire-drills-taiwan already exists.
2025-12-31 03:29:38,958 - INFO - [BBC] Early skip: URL https://www.bbc.com/news/articles/c4g5gq19n9zo?at_medium=RSS&at_campaign=rss already exists.
2025-12-31 03:29:39,071 - INFO - [The Guardian] Early skip: URL https://www.theguardian.com/technology/2025/dec/29/softbank-digitalbridge-deal-artificial-intelligence already exists.
2025-12-31 03:29:39,300 - INFO - [BBC] Early skip: URL https://www.bbc.com/news/articles/cx2520nyp8yo?at_medium=RSS&at_campaign=rss already exists.
2025-12-31 03:29:39,595 - INFO - [The Guardian] Early skip: URL https://www.theguardian.com/world/2025/dec/29/china-live-fire-military-drills-around-taiwan already exists.
2025-12-31 03:29:39,756 - INFO - [BBC] Early skip: URL https://www.bbc.com/news/articles/c8989e1wnj2o?at_medium=RSS&at_campaign=rss already exists.
2025-12-31 03:29:40,002 - INFO - [The Guardian] Early skip: URL https://www.theguardian.com/business/2025/dec/29/chinese-imports-uk-inflation-trump-tariffs already exists.
2025-12-31 03:29:40,277 - INFO - [BBC] Early skip: URL https://www.bbc.com/news/articles/cdxwxqrde29o?at_medium=RSS&at_campaign=rss already exists.
2025-12-31 03:29:40,559 - INFO - [The Guardian] Article: https://www.theguardian.com/australia-news/2025/dec/31/sydney-new-years-eve-fireworks-key-viewing-spots-full-nye-ntwnfb
2025-12-31 03:29:40,559 - INFO - [The Guardian] Attempt 1/1: Trying with 'requests_browser' strategy...
2025-12-31 03:29:40,560 - INFO - [BBC] Early skip: URL https://www.bbc.com/news/articles/c4g4g5lgngvo?at_medium=RSS&at_campaign=rss already exists.
2025-12-31 03:29:40,596 - INFO - [The Guardian] Success with 'requests_browser'. Found content (448 words).
2025-12-31 03:29:42,538 - INFO - Selenium driver initialized successfully.
2025-12-31 03:29:42,538 - INFO - Starting scrape for The Hindu RSS feed: https://www.thehindu.com/news/national/feeder/default.rss
2025-12-31 03:29:42,538 - INFO - Selenium driver initialized successfully.
2025-12-31 03:29:42,540 - INFO - Starting scrape for Times of India RSS feed: https://timesofindia.indiatimes.com/rssfeeds/296589292.cms
2025-12-31 03:29:42,750 - INFO - Found 100 articles in The Hindu RSS feed. Processing up to 30.
2025-12-31 03:29:42,955 - INFO - Found 20 articles in Times of India RSS feed. Processing up to 30.
2025-12-31 03:29:53,060 - INFO - Saved article: Key viewing spots for Sydney fireworks reach capacity as city urged to celebrate first New Year’s Eve since Bondi attack | Sydney | The Guardian from The Guardian (448 words)
2025-12-31 03:29:53,060 - INFO - [BBC] Early skip: URL https://www.bbc.com/news/articles/c9qe9wvq534o?at_medium=RSS&at_campaign=rss already exists.
2025-12-31 03:29:53,324 - INFO - [The Hindu] Article: https://www.thehindu.com/news/national/tamil-nadu/law-on-suspension-of-sentence/article70454524.ece
2025-12-31 03:29:53,324 - INFO - [The Hindu] Attempt 1/1: Trying with 'selenium_browser' strategy...
2025-12-31 03:29:53,325 - INFO - [Times of India] Article: https://timesofindia.indiatimes.com/world/uk/did-starmer-impose-a-curfew-in-the-uk-no-its-just-a-fake-tiktok-video/articleshow/126262276.cms
2025-12-31 03:29:53,325 - INFO - [Times of India] Attempt 1/1: Trying with 'selenium_browser' strategy...
2025-12-31 03:29:53,326 - INFO - [BBC] Early skip: URL https://www.bbc.com/news/articles/cr5z5p633q5o?at_medium=RSS&at_campaign=rss already exists.
2025-12-31 03:29:53,489 - INFO - [BBC] Early skip: URL https://www.bbc.com/news/articles/cdxwxkeg9w6o?at_medium=RSS&at_campaign=rss already exists.
2025-12-31 03:29:53,750 - INFO - [BBC] Early skip: URL https://www.bbc.com/news/articles/ce8q8l08j2vo?at_medium=RSS&at_campaign=rss already exists.
2025-12-31 03:29:53,925 - INFO - [BBC] Early skip: URL https://www.bbc.com/news/articles/cp8484p7ggmo?at_medium=RSS&at_campaign=rss already exists.
2025-12-31 03:29:54,063 - INFO - [BBC] Early skip: URL https://www.bbc.com/news/articles/c4g4g0y4m1do?at_medium=RSS&at_campaign=rss already exists.
2025-12-31 03:29:54,193 - INFO - [BBC] Early skip: URL https://www.bbc.com/news/articles/cx2g20prlg7o?at_medium=RSS&at_campaign=rss already exists.
2025-12-31 03:29:54,427 - INFO - [BBC] Early skip: URL https://www.bbc.com/news/articles/c9w7wgrk01do?at_medium=RSS&at_campaign=rss already exists.
2025-12-31 03:29:54,711 - INFO - [BBC] Early skip: URL https://www.bbc.com/news/articles/cdj8jr37y98o?at_medium=RSS&at_campaign=rss already exists.
2025-12-31 03:29:54,965 - INFO - [BBC] Early skip: URL https://www.bbc.com/news/articles/c14v4kmg275o?at_medium=RSS&at_campaign=rss already exists.
2025-12-31 03:29:55,207 - INFO - [BBC] Early skip: URL https://www.bbc.com/news/articles/cd74pxvrp10o?at_medium=RSS&at_campaign=rss already exists.
2025-12-31 03:29:55,324 - INFO - [The Guardian] Article: https://www.theguardian.com/business/2025/dec/31/coral-adventurer-passengers-return-cruise-ship-drama
2025-12-31 03:29:55,325 - INFO - [The Guardian] Attempt 1/1: Trying with 'requests_browser' strategy...
2025-12-31 03:29:55,327 - INFO - [BBC] Early skip: URL https://www.bbc.com/news/articles/c87l7xjp235o?at_medium=RSS&at_campaign=rss already exists.
2025-12-31 03:29:55,503 - INFO - [The Guardian] Success with 'requests_browser'. Found content (413 words).
2025-12-31 03:29:55,599 - INFO - [BBC] Early skip: URL https://www.bbc.com/news/articles/cre3pdxde7vo?at_medium=RSS&at_campaign=rss already exists.
2025-12-31 03:30:13,375 - ERROR - [The Hindu] Request failed for strategy 'selenium_browser' on URL https://www.thehindu.com/news/national/tamil-nadu/law-on-suspension-of-sentence/article70454524.ece: Message: timeout: Timed out receiving message from renderer: 19.946
  (Session info: chrome=143.0.7499.109)
Stacktrace:
#0 0x559c0890319a <unknown>
#1 0x559c08380c4b <unknown>
#2 0x559c08368cf3 <unknown>
#3 0x559c083689d6 <unknown>
#4 0x559c08366897 <unknown>
#5 0x559c083671af <unknown>
#6 0x559c08375970 <unknown>
#7 0x559c0838f017 <unknown>
#8 0x559c083956cb <unknown>
#9 0x559c083678d8 <unknown>
#10 0x559c0838edc3 <unknown>
#11 0x559c0841df60 <unknown>
#12 0x559c083c4c42 <unknown>
#13 0x559c083c58f1 <unknown>
#14 0x559c088cbf39 <unknown>
#15 0x559c088cee7d <unknown>
#16 0x559c088b4c81 <unknown>
#17 0x559c088cfa5b <unknown>
#18 0x559c0889ba50 <unknown>
#19 0x559c088f0aa8 <unknown>
#20 0x559c088f0c79 <unknown>
#21 0x559c089024f3 <unknown>
#22 0x7f536109caa4 <unknown>
#23 0x7f5361129c6c <unknown>

2025-12-31 03:30:13,375 - ERROR - [The Hindu] All scrape strategies failed for https://www.thehindu.com/news/national/tamil-nadu/law-on-suspension-of-sentence/article70454524.ece. Falling back to RSS description.
2025-12-31 03:30:13,376 - WARNING - SKIPPED (GLOBAL WORD LIMIT): Article 'Law on ‘suspension of sentence’' from The Hindu has only 48 words (Min: 90).
2025-12-31 03:30:26,218 - INFO - DEDUPLICATION: Found match (Score: 0.76). Linking to Cluster ID: 848a267e-f1ff-4a67-b021-588591d52149
2025-12-31 03:30:26,222 - INFO - Saved article: Coral Adventurer passengers return with diverging accounts of cruise ship drama | Travel & leisure | The Guardian from The Guardian (413 words)
2025-12-31 03:30:26,222 - INFO - [BBC] Early skip: URL https://www.bbc.com/news/articles/c997j105941o?at_medium=RSS&at_campaign=rss already exists.
2025-12-31 03:30:26,394 - INFO - [The Hindu] Article: https://www.thehindu.com/news/national/uttar-pradesh/up-cm-yogi-urges-youths-to-make-resolution-to-set-aside-one-hour-each-week-to-educate-children-about-computer-ai/article70453750.ece
2025-12-31 03:30:26,394 - INFO - [The Hindu] Attempt 1/1: Trying with 'selenium_browser' strategy...
2025-12-31 03:30:26,395 - INFO - [BBC] Early skip: URL https://www.bbc.com/news/articles/c1479kved95o?at_medium=RSS&at_campaign=rss already exists.
2025-12-31 03:30:27,423 - INFO - [The Guardian] Early skip: URL https://www.theguardian.com/sport/2025/dec/31/former-australian-test-cricketer-damien-martyn-in-induced-coma already exists.
2025-12-31 03:30:27,527 - INFO - [The Guardian] Early skip: URL https://www.theguardian.com/australia-news/2025/dec/31/government-rules-new-laws-benefit-changes-on-1-january already exists.
2025-12-31 03:30:27,634 - INFO - [The Guardian] Early skip: URL https://www.theguardian.com/australia-news/2025/dec/30/pauline-hanson-travelled-to-us-on-gina-rineharts-private-jet-to-attend-cpac already exists.
2025-12-31 03:30:27,738 - INFO - [The Guardian] Early skip: URL https://www.theguardian.com/world/live/2025/dec/30/ukraine-russia-war-zelenskyy-putin-us-trump-eu-latest-updates already exists.
2025-12-31 03:30:27,870 - INFO - [The Guardian] Early skip: URL https://www.theguardian.com/world/2025/dec/30/russia-claims-moved-nuclear-capable-missile-system-belarus already exists.
2025-12-31 03:30:28,138 - INFO - [The Guardian] Early skip: URL https://www.theguardian.com/business/2025/dec/30/eurostar-trains-cancelled-delayed-channel-tunnel-le-shuttle already exists.
2025-12-31 03:30:28,341 - INFO - [The Guardian] Early skip: URL https://www.theguardian.com/business/live/2025/dec/30/global-stock-markets-best-year-since-2019-us-dollar-trade-war-octopus-energy-ftse-pound-business-live-news-updates already exists.
2025-12-31 03:30:28,609 - INFO - [The Guardian] Early skip: URL https://www.theguardian.com/world/2025/dec/30/russia-still-importing-michelin-aviation-tyres-despite-sanctions-records-suggest already exists.
2025-12-31 03:30:28,744 - INFO - [The Guardian] Early skip: URL https://www.theguardian.com/world/2025/dec/30/iran-protesters-demands-widespread-dissent-currency-living-standards already exists.
2025-12-31 03:30:28,954 - INFO - [The Guardian] Early skip: URL https://www.theguardian.com/world/2025/dec/30/saudi-arabia-bombs-yemen-over-weapons-shipment-alleged-uae already exists.
2025-12-31 03:30:29,117 - INFO - [The Guardian] Early skip: URL https://www.theguardian.com/world/2025/dec/30/israeli-president-office-trump-claim-netanyahu-pardon already exists.
2025-12-31 03:30:29,382 - INFO - [The Guardian] Early skip: URL https://www.theguardian.com/world/2025/dec/30/trump-should-defy-netanyahu-over-nuclear-talks-with-iran-says-its-foreign-minister already exists.
2025-12-31 03:30:29,662 - INFO - [The Guardian] Early skip: URL https://www.theguardian.com/world/2025/dec/29/gaza-ceasefire-hinges-return-last-israeli-hostage-netanyahu-trump already exists.
2025-12-31 03:30:46,409 - ERROR - [The Hindu] Request failed for strategy 'selenium_browser' on URL https://www.thehindu.com/news/national/uttar-pradesh/up-cm-yogi-urges-youths-to-make-resolution-to-set-aside-one-hour-each-week-to-educate-children-about-computer-ai/article70453750.ece: Message: timeout: Timed out receiving message from renderer: 20.000
  (Session info: chrome=143.0.7499.109)
Stacktrace:
#0 0x559c0890319a <unknown>
#1 0x559c08380c4b <unknown>
#2 0x559c08368cf3 <unknown>
#3 0x559c083689d6 <unknown>
#4 0x559c08366897 <unknown>
#5 0x559c083671af <unknown>
#6 0x559c08375970 <unknown>
#7 0x559c0838f017 <unknown>
#8 0x559c083956cb <unknown>
#9 0x559c083678d8 <unknown>
#10 0x559c0838edc3 <unknown>
#11 0x559c0841dabe <unknown>
#12 0x559c083c4c42 <unknown>
#13 0x559c083c58f1 <unknown>
#14 0x559c088cbf39 <unknown>
#15 0x559c088cee7d <unknown>
#16 0x559c088b4c81 <unknown>
#17 0x559c088cfa5b <unknown>
#18 0x559c0889ba50 <unknown>
#19 0x559c088f0aa8 <unknown>
#20 0x559c088f0c79 <unknown>
#21 0x559c089024f3 <unknown>
#22 0x7f536109caa4 <unknown>
#23 0x7f5361129c6c <unknown>

2025-12-31 03:30:46,409 - ERROR - [The Hindu] All scrape strategies failed for https://www.thehindu.com/news/national/uttar-pradesh/up-cm-yogi-urges-youths-to-make-resolution-to-set-aside-one-hour-each-week-to-educate-children-about-computer-ai/article70453750.ece. Falling back to RSS description.
2025-12-31 03:30:46,409 - WARNING - SKIPPED (GLOBAL WORD LIMIT): Article 'U.P. CM Yogi urges youths to make resolution to set aside one hour each week to educate children about computer, AI' from The Hindu has only 17 words (Min: 90).
2025-12-31 03:30:47,732 - INFO - [The Hindu] Early skip: URL https://www.thehindu.com/news/national/tamil-nadu/when-a-poster-row-strained-jayalalithaas-relationship-with-sections-of-christians/article70452659.ece already exists.
2025-12-31 03:30:47,942 - INFO - [The Hindu] Early skip: URL https://www.thehindu.com/news/national/tamil-nadu/escape-of-ltte-militants-from-madras-central-prison-and-a-riot-30-years-ago/article70454575.ece already exists.
2025-12-31 03:30:48,196 - INFO - [The Hindu] Early skip: URL https://www.thehindu.com/news/cities/chennai/victoria-public-hall-and-its-missing-plaque/article70454334.ece already exists.
2025-12-31 03:30:48,343 - INFO - [The Hindu] Early skip: URL https://www.thehindu.com/news/national/tamil-nadu/shrc-orders-9-lakh-compensation-to-pocso-survivor-in-vellore/article70453509.ece already exists.
2025-12-31 03:30:48,538 - INFO - [The Hindu] Early skip: URL https://www.thehindu.com/news/national/tamil-nadu/3-persons-held-for-possession-of-drugs-in-tiruvannamalai/article70453499.ece already exists.
2025-12-31 03:30:48,825 - INFO - [The Hindu] Early skip: URL https://www.thehindu.com/news/national/uttarakhand/uttarakhand-vishnugad-pipalkoti-hydroelectric-project-train-collision-accident-december-31-2025/article70454731.ece already exists.
2025-12-31 03:30:49,089 - INFO - [The Hindu] Early skip: URL https://www.thehindu.com/news/national/manipur-bjp-legislator-first-indian-to-receive-5th-dan-in-traditional-taekwondo/article70453513.ece already exists.
2025-12-31 03:30:49,341 - INFO - [The Hindu] Early skip: URL https://www.thehindu.com/news/national/odisha/mohan-majhi-govt-says-no-to-celebration-of-new-year-on-office-premises/article70453363.ece already exists.
2025-12-31 03:30:49,638 - INFO - [The Hindu] Early skip: URL https://www.thehindu.com/news/national/haryana/54-out-of-the-217-promises-made-in-election-manifesto-last-fulfilled-haryana-cm-nayab-saini/article70453976.ece already exists.
2025-12-31 03:30:49,824 - INFO - [The Hindu] Early skip: URL https://www.thehindu.com/news/national/madhya-pradesh/notice-to-20-teachers-for-uploading-ai-images-for-water-harvesting-campaign-in-mp-after-congress-alleges-manipulation-in-securing-award/article70453201.ece already exists.
2025-12-31 03:30:49,939 - INFO - [The Hindu] Early skip: URL https://www.thehindu.com/news/national/bihar/nitish-cabinet-likely-to-be-expanded-after-january-15/article70453359.ece already exists.
2025-12-31 03:30:50,132 - INFO - [The Hindu] Early skip: URL https://www.thehindu.com/news/national/court-issues-proclamation-against-three-including-businessman-mubeen-shah-architect-tony-ashia-in-anti-national-propaganda-case/article70454144.ece already exists.
2025-12-31 03:30:50,337 - INFO - [The Hindu] Early skip: URL https://www.thehindu.com/news/national/jharkhand/the-hemant-soren-government-is-offering-lollipops-to-tribals-in-the-name-of-pesa-raghubar-das/article70453655.ece already exists.
2025-12-31 03:30:50,486 - INFO - [The Hindu] Early skip: URL https://www.thehindu.com/news/national/bihar/bihar-government-to-revive-old-sugar-mills/article70453418.ece already exists.
2025-12-31 03:30:50,688 - INFO - [The Hindu] Early skip: URL https://www.thehindu.com/news/cities/chennai/over-one-lakh-devotees-throng-sri-parthasarathi-perumal-temple-in-triplicane-on-vaikuntha-ekadashi/article70454053.ece already exists.
2025-12-31 03:30:50,874 - INFO - [The Hindu] Early skip: URL https://www.thehindu.com/news/national/karnataka/man-booked-for-setting-fire-to-bike-after-police-seize-it/article70454529.ece already exists.
2025-12-31 03:30:51,078 - INFO - [The Hindu] Early skip: URL https://www.thehindu.com/news/national/telangana/women-targeted-crimes-up-by-316/article70452984.ece already exists.
2025-12-31 03:30:51,323 - INFO - [The Hindu] Early skip: URL https://www.thehindu.com/news/national/kerala/electoral-defeat-of-ldf-a-lesson-for-everyone-says-satheesan/article70453893.ece already exists.
2025-12-31 03:30:51,595 - INFO - [The Hindu] Early skip: URL https://www.thehindu.com/opinion/op-ed/karnataka-honour-killing-deaths-most-dishonourable/article70452863.ece already exists.
2025-12-31 03:30:51,888 - INFO - [The Hindu] Early skip: URL https://www.thehindu.com/business/Economy/india-is-now-fourth-largest-economy-says-govt/article70454619.ece already exists.
2025-12-31 03:30:51,994 - INFO - [The Hindu] Early skip: URL https://www.thehindu.com/news/national/andhra-pradesh/three-day-sociological-conference-concludes-at-srm-university-ap/article70453972.ece already exists.
2025-12-31 03:30:52,108 - INFO - [The Hindu] Early skip: URL https://www.thehindu.com/news/national/andhra-pradesh/cybercrime-cases-recorded-a-decline-in-ntr-district-this-year/article70452844.ece already exists.
2025-12-31 03:30:52,221 - INFO - [The Hindu] Early skip: URL https://www.thehindu.com/news/national/andhra-pradesh/ap-hc-directs-vmc-to-shift-destitute-people-to-shelter-homes/article70453515.ece already exists.
2025-12-31 03:30:52,403 - INFO - [The Hindu] Early skip: URL https://www.thehindu.com/news/international/china-mediated-in-pakistan-india-tensions-wang-yi/article70454593.ece already exists.
2025-12-31 03:30:52,610 - INFO - [The Hindu] Early skip: URL https://www.thehindu.com/news/cities/Delhi/25-year-old-raped-by-2-men-thrown-out-of-moving-van-on-deserted-road-in-haryana/article70454405.ece already exists.
2025-12-31 03:30:52,736 - INFO - [The Hindu] Early skip: URL https://www.thehindu.com/opinion/editorial/track-record-on-the-tatanagar-ernakulam-express-fire-accident/article70453696.ece already exists.
2025-12-31 03:30:52,970 - INFO - [The Hindu] Early skip: URL https://www.thehindu.com/news/national/rajasthan/rajasthan-cabinet-approves-new-vehicle-scrapping-policy/article70453959.ece already exists.
2025-12-31 03:30:53,204 - INFO - [The Hindu] Early skip: URL https://www.thehindu.com/news/national/punjab/taking-away-livelihoods-of-poor-punjab-house-passes-resolution-against-g-ram-g/article70453904.ece already exists.
2025-12-31 03:30:53,398 - INFO - [The Hindu] (Thread) Finished. Attempting to shut down its Selenium driver.
2025-12-31 03:30:53,548 - INFO - [The Hindu] (Thread) driver.quit() successful.
2025-12-31 03:31:53,377 - ERROR - [Times of India] Request failed for strategy 'selenium_browser' on URL https://timesofindia.indiatimes.com/world/uk/did-starmer-impose-a-curfew-in-the-uk-no-its-just-a-fake-tiktok-video/articleshow/126262276.cms: HTTPConnectionPool(host='localhost', port=54171): Read timed out. (read timeout=120)
2025-12-31 03:31:53,377 - ERROR - [Times of India] All scrape strategies failed for https://timesofindia.indiatimes.com/world/uk/did-starmer-impose-a-curfew-in-the-uk-no-its-just-a-fake-tiktok-video/articleshow/126262276.cms. Falling back to RSS description.
2025-12-31 03:31:53,377 - WARNING - SKIPPED (GLOBAL WORD LIMIT): Article 'Did Starmer impose a curfew in the UK? No, it's just a fake TikTok video' from Times of India has only 3 words (Min: 90).
2025-12-31 03:31:53,993 - INFO - [Times of India] Article: https://timesofindia.indiatimes.com/world/middle-east/uae-to-pull-troops-out-of-yemen-after-saudi-strike/articleshow/126262261.cms
2025-12-31 03:31:53,993 - INFO - [Times of India] Attempt 1/1: Trying with 'selenium_browser' strategy...
2025-12-31 03:33:54,043 - ERROR - [Times of India] Request failed for strategy 'selenium_browser' on URL https://timesofindia.indiatimes.com/world/middle-east/uae-to-pull-troops-out-of-yemen-after-saudi-strike/articleshow/126262261.cms: HTTPConnectionPool(host='localhost', port=54171): Read timed out. (read timeout=120)
2025-12-31 03:33:54,043 - ERROR - [Times of India] All scrape strategies failed for https://timesofindia.indiatimes.com/world/middle-east/uae-to-pull-troops-out-of-yemen-after-saudi-strike/articleshow/126262261.cms. Falling back to RSS description.
2025-12-31 03:33:54,043 - WARNING - SKIPPED (GLOBAL WORD LIMIT): Article 'UAE to pull troops out of Yemen after Saudi strike' from Times of India has only 3 words (Min: 90).
2025-12-31 03:33:55,081 - INFO - [Times of India] Article: https://timesofindia.indiatimes.com/world/europe/millions-worth-of-property-stolen-from-german-bank-vault/articleshow/126262210.cms
2025-12-31 03:33:55,081 - INFO - [Times of India] Attempt 1/1: Trying with 'selenium_browser' strategy...
2025-12-31 03:34:34,420 - CRITICAL - --- TIMEOUT: 1 scrape jobs did not complete in 300s. ---
2025-12-31 03:34:34,420 - ERROR - A thread has timed out and will be abandoned.
2025-12-31 03:34:34,420 - INFO - Shutting down thread pool (wait=False)...
2025-12-31 03:34:34,421 - INFO - Scraped: 0 BBC, 0 The Hindu, 2 The Guardian, 1 Timed_Out_Jobs articles. (Total saved: 2)
2025-12-31 03:34:34,421 - INFO - --- Scraping job finished ---
2025-12-31 03:34:34,421 - INFO - --- Scraper service stopped and database connection closed. ---
2025-12-31 03:34:34,421 - INFO - --- Main thread finished. Forcing process exit to kill zombie threads. ---
