2025-12-08 23:24:36,985 - INFO - Loading AI Semantic Model (all-MiniLM-L6-v2)...
2025-12-08 23:24:36,986 - INFO - Use pytorch device_name: cpu
2025-12-08 23:24:36,986 - INFO - Load pretrained SentenceTransformer: all-MiniLM-L6-v2
2025-12-08 23:24:37,533 - INFO - AI Model loaded successfully.
2025-12-08 23:24:37,533 - INFO - Initializing database connection at: news_articles.db
2025-12-08 23:24:37,534 - INFO - --- Scraper service started (CI Mode: Run Once) ---
2025-12-08 23:24:37,534 - INFO - --- Starting new scraping job (Parallel Mode) ---
2025-12-08 23:24:37,534 - INFO - Creating new robust session with 3 retries on 5xx/connection/read errors.
2025-12-08 23:24:37,534 - INFO - Proxy is DISABLED.
2025-12-08 23:24:37,534 - INFO - Starting scrape for BBC RSS feed: http://feeds.bbci.co.uk/news/world/rss.xml
2025-12-08 23:24:37,535 - INFO - [Times of India] (Thread) requires Selenium. Initializing driver...
2025-12-08 23:24:37,535 - INFO - Initializing headless Selenium Chrome driver (using SeleniumManager)...
2025-12-08 23:24:37,535 - INFO - Starting scrape for The Guardian RSS feed: https://www.theguardian.com/world/rss
2025-12-08 23:24:37,536 - INFO - [The Hindu] (Thread) requires Selenium. Initializing driver...
2025-12-08 23:24:37,536 - INFO - Submitted 4 jobs to thread pool. Waiting up to 300s for completion...
2025-12-08 23:24:37,537 - INFO - Initializing headless Selenium Chrome driver (using SeleniumManager)...
2025-12-08 23:24:37,630 - INFO - Found 44 articles in BBC RSS feed. Processing up to 20.
2025-12-08 23:24:37,630 - INFO - [BBC] Article: https://www.bbc.com/news/articles/c2k4z9nwz4yo?at_medium=RSS&at_campaign=rss
2025-12-08 23:24:37,630 - INFO - [BBC] Attempt 1/1: Trying with 'requests_browser' strategy...
2025-12-08 23:24:37,718 - INFO - Found 45 articles in The Guardian RSS feed. Processing up to 20.
2025-12-08 23:24:37,719 - INFO - [The Guardian] Article: https://www.theguardian.com/world/2025/dec/08/white-supremacist-notions-threaten-sovereignty-of-south-africa-ramaphosa
2025-12-08 23:24:37,719 - INFO - [The Guardian] Attempt 1/1: Trying with 'requests_browser' strategy...
2025-12-08 23:24:37,773 - INFO - [The Guardian] Success with 'requests_browser'. Found content (547 words).
2025-12-08 23:24:37,819 - INFO - Duplicate article skipped: False claims Afrikaners are persecuted threaten South Africa’s sovereignty, says president | South Africa | The Guardian from The Guardian
2025-12-08 23:24:37,890 - INFO - [BBC] Success with 'requests_browser'. Found content (886 words).
2025-12-08 23:24:37,927 - INFO - Duplicate article skipped: Critical moment to ramp up support for Ukraine, European allies say from BBC
2025-12-08 23:24:38,888 - INFO - [BBC] Article: https://www.bbc.com/news/articles/c8r3v5mmyp8o?at_medium=RSS&at_campaign=rss
2025-12-08 23:24:38,888 - INFO - [BBC] Attempt 1/1: Trying with 'requests_browser' strategy...
2025-12-08 23:24:38,939 - INFO - [BBC] Success with 'requests_browser'. Found content (888 words).
2025-12-08 23:24:38,978 - INFO - Duplicate article skipped: European leaders walk tightrope between backing Ukraine and keeping US on board from BBC
2025-12-08 23:24:39,132 - INFO - [The Guardian] Article: https://www.theguardian.com/world/2025/dec/08/ancient-egyptian-pleasure-boat-found-archaeologists-alexandria-coast
2025-12-08 23:24:39,132 - INFO - [The Guardian] Attempt 1/1: Trying with 'requests_browser' strategy...
2025-12-08 23:24:39,166 - INFO - [The Guardian] Success with 'requests_browser'. Found content (765 words).
2025-12-08 23:24:39,201 - INFO - Duplicate article skipped: Ancient Egyptian pleasure boat found by archaeologists off Alexandria coast | Egypt | The Guardian from The Guardian
2025-12-08 23:24:39,790 - INFO - [BBC] Article: https://www.bbc.com/news/articles/cr7l0rjz05eo?at_medium=RSS&at_campaign=rss
2025-12-08 23:24:39,790 - INFO - [BBC] Attempt 1/1: Trying with 'requests_browser' strategy...
2025-12-08 23:24:39,854 - INFO - [BBC] Success with 'requests_browser'. Found content (669 words).
2025-12-08 23:24:39,893 - INFO - Duplicate article skipped: Thailand-Cambodia conflict: Thousands flee disputed border after deadly clashes and air strikes from BBC
2025-12-08 23:24:40,461 - INFO - [The Guardian] Article: https://www.theguardian.com/world/2025/dec/07/release-secured-of-100-kidnapped-nigerian-schoolchildren-but-many-still-being-held
2025-12-08 23:24:40,461 - INFO - [The Guardian] Attempt 1/1: Trying with 'requests_browser' strategy...
2025-12-08 23:24:40,490 - INFO - [The Guardian] Success with 'requests_browser'. Found content (413 words).
2025-12-08 23:24:40,526 - INFO - Duplicate article skipped: Nigerian state secures release of 100 out of 265 kidnapped schoolchildren | Nigeria | The Guardian from The Guardian
2025-12-08 23:24:41,049 - INFO - [BBC] Article: https://www.bbc.com/news/articles/cqxqz4227x7o?at_medium=RSS&at_campaign=rss
2025-12-08 23:24:41,049 - INFO - [BBC] Attempt 1/1: Trying with 'requests_browser' strategy...
2025-12-08 23:24:41,077 - INFO - [BBC] Success with 'requests_browser'. Found content (530 words).
2025-12-08 23:24:41,239 - INFO - Duplicate article skipped: Israel to review reports that troops killed three-year-old in Gaza from BBC
2025-12-08 23:24:41,523 - INFO - [The Guardian] Article: https://www.theguardian.com/world/2025/dec/07/troops-and-warplanes-deployed-in-benin-after-failed-coup-attempt
2025-12-08 23:24:41,523 - INFO - [The Guardian] Attempt 1/1: Trying with 'requests_browser' strategy...
2025-12-08 23:24:41,550 - INFO - [The Guardian] Success with 'requests_browser'. Found content (553 words).
2025-12-08 23:24:41,586 - INFO - Duplicate article skipped: Troops and warplanes deployed in Benin after ‘failed coup attempt’ | Benin | The Guardian from The Guardian
2025-12-08 23:24:42,439 - INFO - [The Guardian] Article: https://www.theguardian.com/world/2025/dec/06/gunmen-kill-pretoria-south-african-hostel
2025-12-08 23:24:42,440 - INFO - [The Guardian] Attempt 1/1: Trying with 'requests_browser' strategy...
2025-12-08 23:24:42,467 - INFO - [The Guardian] Success with 'requests_browser'. Found content (285 words).
2025-12-08 23:24:42,501 - INFO - Duplicate article skipped: Gunmen kill at least 12 people including three-year-old in hostel in South Africa | South Africa | The Guardian from The Guardian
2025-12-08 23:24:42,571 - INFO - [BBC] Article: https://www.bbc.com/news/articles/cj69xzpzrdyo?at_medium=RSS&at_campaign=rss
2025-12-08 23:24:42,571 - INFO - [BBC] Attempt 1/1: Trying with 'requests_browser' strategy...
2025-12-08 23:24:42,608 - INFO - [BBC] Success with 'requests_browser'. Found content (775 words).
2025-12-08 23:24:42,645 - INFO - Duplicate article skipped: Paramount launches rival bid for Warner Bros Discovery from BBC
2025-12-08 23:24:43,112 - INFO - [The Guardian] Article: https://www.theguardian.com/us-news/2025/dec/08/ice-family-college-student-deported-honduras
2025-12-08 23:24:43,112 - INFO - [The Guardian] Attempt 1/1: Trying with 'requests_browser' strategy...
2025-12-08 23:24:43,139 - INFO - [The Guardian] Success with 'requests_browser'. Found content (535 words).
2025-12-08 23:24:43,174 - INFO - Duplicate article skipped: Family of student deported to Honduras say they were targeted by ICE agents | US immigration | The Guardian from The Guardian
2025-12-08 23:24:44,014 - INFO - [BBC] Article: https://www.bbc.com/news/articles/c0589g0dqq7o?at_medium=RSS&at_campaign=rss
2025-12-08 23:24:44,014 - INFO - [BBC] Attempt 1/1: Trying with 'requests_browser' strategy...
2025-12-08 23:24:44,050 - INFO - [BBC] Success with 'requests_browser'. Found content (514 words).
2025-12-08 23:24:44,085 - INFO - Duplicate article skipped: Elon Musk's X bans European Commission from making ads after €120m fine from BBC
2025-12-08 23:24:44,200 - INFO - [The Guardian] Article: https://www.theguardian.com/film/2025/dec/08/jim-caviezel-jair-bolsonaro-biopic
2025-12-08 23:24:44,200 - INFO - [The Guardian] Attempt 1/1: Trying with 'requests_browser' strategy...
2025-12-08 23:24:44,226 - INFO - [The Guardian] Success with 'requests_browser'. Found content (515 words).
2025-12-08 23:24:44,259 - INFO - Duplicate article skipped: Jim Caviezel to play Jair Bolsonaro in ‘heroic’ biopic | Biopics | The Guardian from The Guardian
2025-12-08 23:24:45,036 - INFO - [BBC] Article: https://www.bbc.com/news/articles/c7091k5pg31o?at_medium=RSS&at_campaign=rss
2025-12-08 23:24:45,036 - INFO - [BBC] Attempt 1/1: Trying with 'requests_browser' strategy...
2025-12-08 23:24:45,073 - INFO - [BBC] Success with 'requests_browser'. Found content (307 words).
2025-12-08 23:24:45,113 - INFO - Duplicate article skipped: Major earthquake strikes Japan's north-east coast from BBC
2025-12-08 23:24:45,600 - INFO - [The Guardian] Article: https://www.theguardian.com/us-news/2025/dec/08/ex-honduran-president-juan-orlando-hernandez-trump-pardon
2025-12-08 23:24:45,600 - INFO - [The Guardian] Attempt 1/1: Trying with 'requests_browser' strategy...
2025-12-08 23:24:45,628 - INFO - [The Guardian] Success with 'requests_browser'. Found content (794 words).
2025-12-08 23:24:45,665 - INFO - Duplicate article skipped: Ex-Honduran president thanks God – and Trump – for drug-trafficking pardon | Donald Trump | The Guardian from The Guardian
2025-12-08 23:24:45,752 - INFO - Selenium driver initialized successfully.
2025-12-08 23:24:45,752 - INFO - Starting scrape for The Hindu RSS feed: https://www.thehindu.com/news/national/feeder/default.rss
2025-12-08 23:24:45,753 - INFO - Selenium driver initialized successfully.
2025-12-08 23:24:45,753 - INFO - Starting scrape for Times of India RSS feed: https://timesofindia.indiatimes.com/rssfeeds/296589292.cms
2025-12-08 23:24:45,951 - INFO - Found 100 articles in The Hindu RSS feed. Processing up to 20.
2025-12-08 23:24:45,951 - INFO - [The Hindu] Article: https://www.thehindu.com/news/national/uttar-pradesh/up-cm-asks-residents-to-remain-vigilant-against-infiltrators/article70372723.ece
2025-12-08 23:24:45,951 - INFO - [The Hindu] Attempt 1/1: Trying with 'selenium_browser' strategy...
2025-12-08 23:24:45,961 - INFO - Found 20 articles in Times of India RSS feed. Processing up to 20.
2025-12-08 23:24:45,961 - INFO - [Times of India] Article: https://timesofindia.indiatimes.com/world/us/who-are-jan-jahanzeb-and-israr-niazal-afghan-asylum-seekers-jailed-for-raping-15-year-old-girl-in-britain/articleshow/125846927.cms
2025-12-08 23:24:45,961 - INFO - [Times of India] Attempt 1/1: Trying with 'selenium_browser' strategy...
2025-12-08 23:24:46,328 - INFO - [BBC] Article: https://www.bbc.com/news/articles/cgex2d3y3dxo?at_medium=RSS&at_campaign=rss
2025-12-08 23:24:46,328 - INFO - [BBC] Attempt 1/1: Trying with 'requests_browser' strategy...
2025-12-08 23:24:46,382 - INFO - [BBC] Success with 'requests_browser'. Found content (893 words).
2025-12-08 23:24:46,442 - INFO - Duplicate article skipped: Benin coup attempt: Hunt for plotters as two hostages reportedly freed from BBC
2025-12-08 23:24:46,946 - INFO - [The Guardian] Article: https://www.theguardian.com/world/2025/dec/08/us-attack-venezuela-risks-vietnam-style-conflict-lula-adviser
2025-12-08 23:24:46,946 - INFO - [The Guardian] Attempt 1/1: Trying with 'requests_browser' strategy...
2025-12-08 23:24:47,019 - INFO - [The Guardian] Success with 'requests_browser'. Found content (935 words).
2025-12-08 23:24:47,103 - INFO - Duplicate article skipped: US attack on Venezuela risks ‘Vietnam-style’ regional conflict, warns Lula adviser | Venezuela | The Guardian from The Guardian
2025-12-08 23:24:47,315 - INFO - [BBC] Article: https://www.bbc.com/news/articles/c0mp4nevdz7o?at_medium=RSS&at_campaign=rss
2025-12-08 23:24:47,315 - INFO - [BBC] Attempt 1/1: Trying with 'requests_browser' strategy...
2025-12-08 23:24:47,362 - INFO - [BBC] Success with 'requests_browser'. Found content (323 words).
2025-12-08 23:24:47,437 - INFO - Duplicate article skipped: Thieves walk out of Brazil library with eight Matisse art works from BBC
2025-12-08 23:24:48,176 - INFO - [The Guardian] Article: https://www.theguardian.com/world/2025/dec/06/magnitude-7-earthquake-alaska-canada
2025-12-08 23:24:48,176 - INFO - [The Guardian] Attempt 1/1: Trying with 'requests_browser' strategy...
2025-12-08 23:24:48,253 - INFO - [The Guardian] Success with 'requests_browser'. Found content (209 words).
2025-12-08 23:24:48,438 - INFO - Duplicate article skipped: Magnitude 7.0 earthquake strikes remote area near Alaska-Canada border | Earthquakes | The Guardian from The Guardian
2025-12-08 23:24:48,844 - INFO - [BBC] Article: https://www.bbc.com/news/articles/c3e073pglvzo?at_medium=RSS&at_campaign=rss
2025-12-08 23:24:48,844 - INFO - [BBC] Attempt 1/1: Trying with 'requests_browser' strategy...
2025-12-08 23:24:49,064 - INFO - [BBC] Success with 'requests_browser'. Found content (679 words).
2025-12-08 23:24:49,220 - INFO - Duplicate article skipped: US Supreme Court appears poised to expand Trump's power to fire federal official from BBC
2025-12-08 23:24:49,375 - INFO - [The Guardian] Article: https://www.theguardian.com/world/2025/dec/08/japan-tsunami-warning-after-earthquake-tremor
2025-12-08 23:24:49,375 - INFO - [The Guardian] Attempt 1/1: Trying with 'requests_browser' strategy...
2025-12-08 23:24:49,506 - INFO - [The Guardian] Success with 'requests_browser'. Found content (456 words).
2025-12-08 23:24:49,639 - INFO - [The Hindu] Page content loaded.
2025-12-08 23:24:49,691 - INFO - Duplicate article skipped: Japan tells residents to evacuate as powerful earthquake strikes north-east | Japan | The Guardian from The Guardian
2025-12-08 23:24:49,866 - INFO - [BBC] Article: https://www.bbc.com/news/articles/c4g9lg7jvq7o?at_medium=RSS&at_campaign=rss
2025-12-08 23:24:49,867 - INFO - [BBC] Attempt 1/1: Trying with 'requests_browser' strategy...
2025-12-08 23:24:50,022 - INFO - [BBC] Success with 'requests_browser'. Found content (360 words).
2025-12-08 23:24:50,210 - INFO - Duplicate article skipped: Toyah Cordingley: Nurse found guilty of Australian beach murder from BBC
2025-12-08 23:24:50,610 - INFO - [The Guardian] Article: https://www.theguardian.com/world/2025/dec/08/thailand-airstrikes-disputed-border-cambodia
2025-12-08 23:24:50,610 - INFO - [The Guardian] Attempt 1/1: Trying with 'requests_browser' strategy...
2025-12-08 23:24:50,738 - INFO - [The Hindu] Success with 'selenium_browser'. Found content (188 words).
2025-12-08 23:24:50,863 - INFO - [The Guardian] Success with 'requests_browser'. Found content (755 words).
2025-12-08 23:24:50,970 - INFO - Duplicate article skipped: U.P. CM asks residents to remain vigilant against ‘infiltrators’ - The Hindu from The Hindu
2025-12-08 23:24:51,037 - INFO - Duplicate article skipped: Thailand launches airstrikes along disputed border with Cambodia as tensions flare | Thailand | The Guardian from The Guardian
2025-12-08 23:24:51,211 - INFO - [BBC] Article: https://www.bbc.com/news/articles/cvgjvg4ylwpo?at_medium=RSS&at_campaign=rss
2025-12-08 23:24:51,211 - INFO - [BBC] Attempt 1/1: Trying with 'requests_browser' strategy...
2025-12-08 23:24:51,266 - INFO - [BBC] Success with 'requests_browser'. Found content (523 words).
2025-12-08 23:24:51,994 - INFO - [The Hindu] Article: https://www.thehindu.com/news/national/jammu-and-kashmir/mp-engineer-rashid-seeks-pm-intervention-to-end-growing-disconnect-between-l-g-cm-in-jk/article70373145.ece
2025-12-08 23:24:51,994 - INFO - [The Hindu] Attempt 1/1: Trying with 'selenium_browser' strategy...
2025-12-08 23:24:52,079 - INFO - Duplicate article skipped: Niger state kidnap: Nigeria says it has secured release of about 100 children from BBC
2025-12-08 23:24:52,390 - INFO - [The Guardian] Article: https://www.theguardian.com/football/2025/dec/08/woman-four-year-sentence-blackmailing-footballer-son-heung-min-seoul
2025-12-08 23:24:52,390 - INFO - [The Guardian] Attempt 1/1: Trying with 'requests_browser' strategy...
2025-12-08 23:24:52,493 - INFO - [The Guardian] Success with 'requests_browser'. Found content (206 words).
2025-12-08 23:24:52,681 - INFO - Duplicate article skipped: Woman handed four-year sentence for blackmailing footballer Son Heung-min | Son Heung-min | The Guardian from The Guardian
2025-12-08 23:24:53,331 - INFO - [The Guardian] Article: https://www.theguardian.com/world/2025/dec/08/hong-kong-election-low-turnout-discontent-apartment-fire
2025-12-08 23:24:53,332 - INFO - [The Guardian] Attempt 1/1: Trying with 'requests_browser' strategy...
2025-12-08 23:24:53,436 - INFO - [BBC] Article: https://www.bbc.com/news/articles/clydrywxwkro?at_medium=RSS&at_campaign=rss
2025-12-08 23:24:53,436 - INFO - [BBC] Attempt 1/1: Trying with 'requests_browser' strategy...
2025-12-08 23:24:53,492 - INFO - [The Guardian] Success with 'requests_browser'. Found content (687 words).
2025-12-08 23:24:53,670 - INFO - [BBC] Success with 'requests_browser'. Found content (344 words).
2025-12-08 23:24:53,761 - INFO - Duplicate article skipped: Near-record low election turnout in Hong Kong amid discontent over apartment fire | Hong Kong | The Guardian from The Guardian
2025-12-08 23:24:53,847 - INFO - Duplicate article skipped: Son Heung-min: Woman who blackmailed Tottenham star gets four years' jail from BBC
2025-12-08 23:24:54,559 - INFO - [BBC] Article: https://www.bbc.com/news/articles/c5yqe197ypno?at_medium=RSS&at_campaign=rss
2025-12-08 23:24:54,559 - INFO - [BBC] Attempt 1/1: Trying with 'requests_browser' strategy...
2025-12-08 23:24:54,671 - INFO - [The Guardian] Article: https://www.theguardian.com/world/2025/dec/08/japan-china-radar-fighter-jets-claims
2025-12-08 23:24:54,671 - INFO - [The Guardian] Attempt 1/1: Trying with 'requests_browser' strategy...
2025-12-08 23:24:54,691 - INFO - [BBC] Success with 'requests_browser'. Found content (414 words).
2025-12-08 23:24:54,872 - INFO - Duplicate article skipped: China fighter jets lock radar on Japan planes as tensions rise from BBC
2025-12-08 23:24:54,877 - INFO - [The Guardian] Success with 'requests_browser'. Found content (625 words).
2025-12-08 23:24:54,983 - INFO - Duplicate article skipped: Japan PM vows ‘resolute’ response after Chinese aircraft accused of locking radar on to Japanese fighter jets | Japan | The Guardian from The Guardian
2025-12-08 23:24:55,512 - INFO - [BBC] Article: https://www.bbc.com/news/articles/czj0m2evm40o?at_medium=RSS&at_campaign=rss
2025-12-08 23:24:55,512 - INFO - [BBC] Attempt 1/1: Trying with 'requests_browser' strategy...
2025-12-08 23:24:55,524 - INFO - [The Guardian] Article: https://www.theguardian.com/australia-news/live/2025/dec/09/australia-news-live-aukus-submarine-wong-marles-rubio-hegseth-anika-wells-family-travel-benefit-social-media-ban-ntwnfb
2025-12-08 23:24:55,524 - INFO - [The Guardian] Attempt 1/1: Trying with 'requests_browser' strategy...
2025-12-08 23:24:55,602 - INFO - [BBC] Success with 'requests_browser'. Found content (774 words).
2025-12-08 23:24:55,715 - INFO - Duplicate article skipped: Death of Venezuelan opposition figure in custody 'vile', US says from BBC
2025-12-08 23:24:56,114 - INFO - [The Hindu] Page content loaded.
2025-12-08 23:24:56,164 - INFO - [The Guardian] Success with 'requests_browser'. Found content (3774 words).
2025-12-08 23:24:56,375 - INFO - [The Hindu] Success with 'selenium_browser'. Found content (330 words).
2025-12-08 23:24:56,611 - INFO - [BBC] Article: https://www.bbc.com/news/articles/c2dzjk9d825o?at_medium=RSS&at_campaign=rss
2025-12-08 23:24:56,611 - INFO - [BBC] Attempt 1/1: Trying with 'requests_browser' strategy...
2025-12-08 23:24:56,620 - INFO - Duplicate article skipped: Australia news live: ‘Blue Blob’ googly eye case in court; TPG reveals possible new death linked to failed triple zero connection | Australia news | The Guardian from The Guardian
2025-12-08 23:24:56,731 - INFO - Duplicate article skipped: MP Engineer Rashid seeks PM intervention ‘to end growing disconnect between L-G, CM’ in J&K - The Hindu from The Hindu
2025-12-08 23:24:56,880 - INFO - [BBC] Success with 'requests_browser'. Found content (305 words).
2025-12-08 23:24:57,068 - INFO - Duplicate article skipped: Water leak in Louvre damages hundreds of books from BBC
2025-12-08 23:24:57,520 - INFO - [The Guardian] Article: https://www.theguardian.com/australia-news/2025/dec/09/reddit-to-comply-with-australias-legally-erroneous-under-16-social-media-ban
2025-12-08 23:24:57,520 - INFO - [The Guardian] Attempt 1/1: Trying with 'requests_browser' strategy...
2025-12-08 23:24:57,567 - INFO - [The Guardian] Success with 'requests_browser'. Found content (568 words).
2025-12-08 23:24:57,624 - INFO - Duplicate article skipped: Reddit to comply with Australia’s ‘legally erroneous’ under-16 social media ban | Social media ban | The Guardian from The Guardian
2025-12-08 23:24:57,932 - INFO - [The Hindu] Article: https://www.thehindu.com/news/national/odisha/headless-body-of-woman-sparks-unrest-between-odisha-villages-internet-suspended/article70372705.ece
2025-12-08 23:24:57,932 - INFO - [The Hindu] Attempt 1/1: Trying with 'selenium_browser' strategy...
2025-12-08 23:24:58,040 - INFO - [BBC] Article: https://www.bbc.com/news/articles/cpvd01g2kwwo?at_medium=RSS&at_campaign=rss
2025-12-08 23:24:58,041 - INFO - [BBC] Attempt 1/1: Trying with 'requests_browser' strategy...
2025-12-08 23:24:58,125 - INFO - [BBC] Success with 'requests_browser'. Found content (641 words).
2025-12-08 23:24:58,185 - INFO - Duplicate article skipped: New US security strategy aligns with Russia's vision, Moscow says from BBC
2025-12-08 23:24:58,920 - INFO - [BBC] Article: https://www.bbc.com/news/articles/cdj82d0nd4eo?at_medium=RSS&at_campaign=rss
2025-12-08 23:24:58,920 - INFO - [BBC] Attempt 1/1: Trying with 'requests_browser' strategy...
2025-12-08 23:24:58,980 - INFO - [The Guardian] Article: https://www.theguardian.com/australia-news/2025/dec/08/it-came-from-everywhere-nsw-town-counts-the-cost-after-bushfire-hits
2025-12-08 23:24:58,980 - INFO - [The Guardian] Attempt 1/1: Trying with 'requests_browser' strategy...
2025-12-08 23:24:59,045 - INFO - [The Guardian] Success with 'requests_browser'. Found content (924 words).
2025-12-08 23:24:59,174 - INFO - Duplicate article skipped: ‘It came from everywhere’: NSW town counts the cost after bushfire hits | Bushfires | The Guardian from The Guardian
2025-12-08 23:24:59,998 - INFO - [BBC] Success with 'requests_browser'. Found content (598 words).
2025-12-08 23:25:00,128 - INFO - Duplicate article skipped: India: Goa nightclub fire kills 25 staff and tourists from BBC
2025-12-08 23:25:00,290 - INFO - [The Guardian] Article: https://www.theguardian.com/australia-news/2025/dec/09/australia-nsw-tasmania-bushfires-warning-experts
2025-12-08 23:25:00,290 - INFO - [The Guardian] Attempt 1/1: Trying with 'requests_browser' strategy...
2025-12-08 23:25:00,424 - INFO - [The Guardian] Success with 'requests_browser'. Found content (767 words).
2025-12-08 23:25:00,857 - INFO - Duplicate article skipped: Australia’s bushfires were held at bay by five wet years — but experts warn the country is ‘ready to burn’ | Bushfires | The Guardian from The Guardian
2025-12-08 23:25:01,067 - INFO - [BBC] Article: https://www.bbc.com/news/articles/cz680jx511no?at_medium=RSS&at_campaign=rss
2025-12-08 23:25:01,067 - INFO - [BBC] Attempt 1/1: Trying with 'requests_browser' strategy...
2025-12-08 23:25:01,142 - INFO - [BBC] Success with 'requests_browser'. Found content (599 words).
2025-12-08 23:25:01,233 - INFO - Duplicate article skipped: Ukrainian city hit by 'massive' strike as peace talks in US conclude from BBC
2025-12-08 23:25:01,563 - INFO - [The Guardian] Article: https://www.theguardian.com/australia-news/2025/dec/08/sydney-wentworth-park-home-of-greyhound-racing-to-become-shared-green-space
2025-12-08 23:25:01,563 - INFO - [The Guardian] Attempt 1/1: Trying with 'requests_browser' strategy...
2025-12-08 23:25:02,033 - INFO - [BBC] Article: https://www.bbc.com/news/articles/c3r7plnwr0zo?at_medium=RSS&at_campaign=rss
2025-12-08 23:25:02,033 - INFO - [BBC] Attempt 1/1: Trying with 'requests_browser' strategy...
2025-12-08 23:25:02,121 - INFO - [The Guardian] Success with 'requests_browser'. Found content (999 words).
2025-12-08 23:25:02,203 - INFO - [BBC] Success with 'requests_browser'. Found content (1001 words).
2025-12-08 23:25:03,358 - INFO - [The Hindu] Page content loaded.
2025-12-08 23:25:03,375 - INFO - Duplicate article skipped: Sydney’s home of greyhound racing to become shared green space as Minns unveils Wentworth Park plan | Sydney | The Guardian from The Guardian
2025-12-08 23:25:03,387 - INFO - Duplicate article skipped: LegCo: Hong Kong votes in election as city mourns deadly fire from BBC
2025-12-08 23:25:03,678 - INFO - [The Hindu] Success with 'selenium_browser'. Found content (278 words).
2025-12-08 23:25:04,004 - INFO - Duplicate article skipped: Headless body of woman sparks unrest between Odisha villages; Internet suspended - The Hindu from The Hindu
2025-12-08 23:25:04,723 - INFO - [The Hindu] Article: https://www.thehindu.com/news/national/tamil-nadu/tamil-nadu-urges-cwma-against-permitting-karnatakas-projects-not-recognised-by-cwdt-supreme-court/article70372958.ece
2025-12-08 23:25:04,723 - INFO - [The Hindu] Attempt 1/1: Trying with 'selenium_browser' strategy...
2025-12-08 23:25:09,801 - INFO - [The Hindu] Page content loaded.
2025-12-08 23:25:10,140 - INFO - [The Hindu] Success with 'selenium_browser'. Found content (233 words).
2025-12-08 23:25:10,510 - INFO - Duplicate article skipped: Tamil Nadu urges CWMA against permitting Karnataka’s projects not recognised by CWDT, Supreme Court - The Hindu from The Hindu
2025-12-08 23:25:11,527 - INFO - [The Hindu] Article: https://www.thehindu.com/news/national/tamil-nadu/anbumani-ramadoss-calls-for-probe-into-1020-crore-tender-scam/article70373853.ece
2025-12-08 23:25:11,527 - INFO - [The Hindu] Attempt 1/1: Trying with 'selenium_browser' strategy...
2025-12-08 23:25:13,899 - INFO - [The Hindu] Page content loaded.
2025-12-08 23:25:14,055 - INFO - [The Hindu] Success with 'selenium_browser'. Found content (83 words).
2025-12-08 23:25:14,171 - INFO - Duplicate article skipped: Anbumani Ramadoss calls for probe into ₹1,020 crore tender scam - The Hindu from The Hindu
2025-12-08 23:25:14,734 - INFO - [The Hindu] Article: https://www.thehindu.com/news/national/tamil-nadu/st-josephs-college-of-engineering-hosts-smart-india-hackathon-2025/article70373552.ece
2025-12-08 23:25:14,734 - INFO - [The Hindu] Attempt 1/1: Trying with 'selenium_browser' strategy...
2025-12-08 23:25:16,638 - INFO - [The Hindu] Page content loaded.
2025-12-08 23:25:16,704 - INFO - [The Hindu] Success with 'selenium_browser'. Found content (110 words).
2025-12-08 23:25:16,776 - INFO - Duplicate article skipped: St. Joseph’s College of Engineering hosts Smart India Hackathon 2025 - The Hindu from The Hindu
2025-12-08 23:25:18,155 - INFO - [The Hindu] Article: https://www.thehindu.com/news/national/chhattisgarh/chhattisgarh-govt-amends-provisions-on-land-valuation-guidelines-amid-opposition-backlash/article70373774.ece
2025-12-08 23:25:18,155 - INFO - [The Hindu] Attempt 1/1: Trying with 'selenium_browser' strategy...
2025-12-08 23:25:19,846 - INFO - [The Hindu] Page content loaded.
2025-12-08 23:25:19,929 - INFO - [The Hindu] Success with 'selenium_browser'. Found content (822 words).
2025-12-08 23:25:20,056 - INFO - Duplicate article skipped: Chhattisgarh govt amends provisions on land valuation guidelines amid Opposition backlash - The Hindu from The Hindu
2025-12-08 23:25:21,363 - INFO - [The Hindu] Article: https://www.thehindu.com/news/national/tamil-nadu/auroville-literature-festival-to-kickstart-on-december-15/article70371804.ece
2025-12-08 23:25:21,363 - INFO - [The Hindu] Attempt 1/1: Trying with 'selenium_browser' strategy...
2025-12-08 23:25:23,463 - INFO - [The Hindu] Page content loaded.
2025-12-08 23:25:24,221 - INFO - [The Hindu] Success with 'selenium_browser'. Found content (189 words).
2025-12-08 23:25:24,296 - INFO - Duplicate article skipped: Auroville Literature Festival to kickstart on December 15 - The Hindu from The Hindu
2025-12-08 23:25:25,132 - INFO - [The Hindu] Article: https://www.thehindu.com/news/national/telangana/boy-dies-after-falling-into-vessel-of-hot-sambar/article70373277.ece
2025-12-08 23:25:25,132 - INFO - [The Hindu] Attempt 1/1: Trying with 'selenium_browser' strategy...
2025-12-08 23:25:26,653 - INFO - [The Hindu] Page content loaded.
2025-12-08 23:25:26,714 - INFO - [The Hindu] Success with 'selenium_browser'. Found content (149 words).
2025-12-08 23:25:26,813 - INFO - Duplicate article skipped: Boy dies after falling into vessel of hot sambar - The Hindu from The Hindu
2025-12-08 23:25:28,208 - INFO - [The Hindu] Article: https://www.thehindu.com/news/national/renowned-socialist-leader-baba-adhav-95-passes-away/article70373873.ece
2025-12-08 23:25:28,208 - INFO - [The Hindu] Attempt 1/1: Trying with 'selenium_browser' strategy...
2025-12-08 23:25:29,254 - INFO - [The Hindu] Page content loaded.
2025-12-08 23:25:29,389 - INFO - [The Hindu] Success with 'selenium_browser'. Found content (322 words).
2025-12-08 23:25:29,475 - INFO - Duplicate article skipped: Renowned socialist leader Baba Adhav, 95, passes away - The Hindu from The Hindu
2025-12-08 23:25:30,812 - INFO - [The Hindu] Article: https://www.thehindu.com/news/national/sc-relaxes-former-tn-minister-senthilbalajis-bail-conditions/article70373088.ece
2025-12-08 23:25:30,812 - INFO - [The Hindu] Attempt 1/1: Trying with 'selenium_browser' strategy...
2025-12-08 23:25:32,681 - INFO - [The Hindu] Page content loaded.
2025-12-08 23:25:32,737 - INFO - [The Hindu] Success with 'selenium_browser'. Found content (280 words).
2025-12-08 23:25:32,808 - INFO - Duplicate article skipped: SC relaxes former T.N. Minister Senthilbalaji’s bail conditions - The Hindu from The Hindu
2025-12-08 23:25:33,562 - INFO - [The Hindu] Article: https://www.thehindu.com/news/cities/bangalore/woman-daughter-die-of-suspected-geyser-gas-leak-in-bengaluru/article70373797.ece
2025-12-08 23:25:33,562 - INFO - [The Hindu] Attempt 1/1: Trying with 'selenium_browser' strategy...
2025-12-08 23:25:35,095 - INFO - [The Hindu] Page content loaded.
2025-12-08 23:25:35,155 - INFO - [The Hindu] Success with 'selenium_browser'. Found content (175 words).
2025-12-08 23:25:35,213 - INFO - Duplicate article skipped: Woman, daughter die of suspected geyser gas leak in Bengaluru - The Hindu from The Hindu
2025-12-08 23:25:36,391 - INFO - [The Hindu] Article: https://www.thehindu.com/news/cities/bangalore/activists-flay-tunnel-flyover-project-for-hebbal-airport-road/article70372658.ece
2025-12-08 23:25:36,391 - INFO - [The Hindu] Attempt 1/1: Trying with 'selenium_browser' strategy...
2025-12-08 23:25:37,319 - INFO - [The Hindu] Page content loaded.
2025-12-08 23:25:37,385 - INFO - [The Hindu] Success with 'selenium_browser'. Found content (718 words).
2025-12-08 23:25:37,476 - INFO - Duplicate article skipped: Activists flay tunnel-flyover project for Hebbal-Airport road - The Hindu from The Hindu
2025-12-08 23:25:38,408 - INFO - [The Hindu] Article: https://www.thehindu.com/news/national/tamil-nadu/minister-kn-nehru-rebuts-eds-1020-crore-bribery-charge-eps-seeks-action/article70373737.ece
2025-12-08 23:25:38,408 - INFO - [The Hindu] Attempt 1/1: Trying with 'selenium_browser' strategy...
2025-12-08 23:25:39,532 - INFO - [The Hindu] Page content loaded.
2025-12-08 23:25:40,093 - INFO - [The Hindu] Success with 'selenium_browser'. Found content (381 words).
2025-12-08 23:25:40,384 - INFO - Duplicate article skipped: Minister K.N. Nehru rebuts ED’s ₹1,020 crore bribery charge, EPS seeks action - The Hindu from The Hindu
2025-12-08 23:25:41,561 - INFO - [The Hindu] Article: https://www.thehindu.com/news/national/tamil-nadu/compared-with-the-2016-assembly-election-support-forthe-bjprose-inmadurai-district-in-the-2024-lok-sabha-election/article70373487.ece
2025-12-08 23:25:41,561 - INFO - [The Hindu] Attempt 1/1: Trying with 'selenium_browser' strategy...
2025-12-08 23:25:43,157 - INFO - [The Hindu] Page content loaded.
2025-12-08 23:25:43,215 - INFO - [The Hindu] Success with 'selenium_browser'. Found content (462 words).
2025-12-08 23:25:43,273 - INFO - Duplicate article skipped: Compared with the 2016 Assembly election, support for the BJP rose in Madurai district in the 2024 Lok Sabha election - The Hindu from The Hindu
2025-12-08 23:25:43,807 - INFO - [The Hindu] Article: https://www.thehindu.com/opinion/op-ed/rajasthan-chief-minister-bhajan-lal-sharma-firms-up-his-grip/article70372028.ece
2025-12-08 23:25:43,807 - INFO - [The Hindu] Attempt 1/1: Trying with 'selenium_browser' strategy...
2025-12-08 23:25:45,290 - INFO - [The Hindu] Page content loaded.
2025-12-08 23:25:45,347 - INFO - [The Hindu] Success with 'selenium_browser'. Found content (696 words).
2025-12-08 23:25:45,410 - INFO - Duplicate article skipped: Rajasthan Chief Minister Bhajan Lal Sharma firms up his grip - The Hindu from The Hindu
2025-12-08 23:25:45,965 - INFO - [The Hindu] Article: https://www.thehindu.com/news/national/kerala/cpim-conveniently-overlooked-alliance-it-had-with-wpi-says-razak-paleri/article70372558.ece
2025-12-08 23:25:45,965 - INFO - [The Hindu] Attempt 1/1: Trying with 'selenium_browser' strategy...
2025-12-08 23:25:46,965 - INFO - [The Hindu] Page content loaded.
2025-12-08 23:25:47,058 - INFO - [The Hindu] Success with 'selenium_browser'. Found content (166 words).
2025-12-08 23:25:47,162 - INFO - Duplicate article skipped: CPI(M) conveniently overlooking alliance it had with WPI, says Razak Paleri - The Hindu from The Hindu
2025-12-08 23:25:48,125 - INFO - [The Hindu] Article: https://www.thehindu.com/news/national/13989-pilots-employed-by-six-major-domestic-airlines-govt/article70373875.ece
2025-12-08 23:25:48,125 - INFO - [The Hindu] Attempt 1/1: Trying with 'selenium_browser' strategy...
2025-12-08 23:25:49,414 - INFO - [The Hindu] Page content loaded.
2025-12-08 23:25:49,472 - INFO - [The Hindu] Success with 'selenium_browser'. Found content (341 words).
2025-12-08 23:25:49,529 - INFO - Duplicate article skipped: 13,989 pilots employed by six major domestic airlines: Govt - The Hindu from The Hindu
2025-12-08 23:25:50,351 - INFO - [The Hindu] Article: https://www.thehindu.com/news/national/andhra-pradesh/youngsters-receive-praise-for-innovative-ideas/article70373609.ece
2025-12-08 23:25:50,351 - INFO - [The Hindu] Attempt 1/1: Trying with 'selenium_browser' strategy...
2025-12-08 23:25:52,651 - INFO - [The Hindu] Page content loaded.
2025-12-08 23:25:52,709 - INFO - [The Hindu] Success with 'selenium_browser'. Found content (140 words).
2025-12-08 23:25:52,810 - INFO - Duplicate article skipped: Youngsters receive praise for innovative ideas - The Hindu from The Hindu
2025-12-08 23:25:53,979 - INFO - [The Hindu] Article: https://www.thehindu.com/news/national/kerala/case-against-filmmaker-for-sexually-harassing-film-activist/article70373735.ece
2025-12-08 23:25:53,979 - INFO - [The Hindu] Attempt 1/1: Trying with 'selenium_browser' strategy...
2025-12-08 23:25:54,937 - INFO - [The Hindu] Page content loaded.
2025-12-08 23:25:55,129 - INFO - [The Hindu] Success with 'selenium_browser'. Found content (144 words).
2025-12-08 23:25:55,312 - INFO - Duplicate article skipped: Case against filmmaker for sexually harassing film activist - The Hindu from The Hindu
2025-12-08 23:25:56,788 - INFO - [The Hindu] (Thread) Finished. Attempting to shut down its Selenium driver.
2025-12-08 23:25:56,937 - INFO - [The Hindu] (Thread) driver.quit() successful.
2025-12-08 23:26:46,055 - ERROR - [Times of India] Request failed for strategy 'selenium_browser' on URL https://timesofindia.indiatimes.com/world/us/who-are-jan-jahanzeb-and-israr-niazal-afghan-asylum-seekers-jailed-for-raping-15-year-old-girl-in-britain/articleshow/125846927.cms: HTTPConnectionPool(host='localhost', port=46883): Read timed out. (read timeout=120)
2025-12-08 23:26:46,055 - ERROR - [Times of India] All scrape strategies failed for https://timesofindia.indiatimes.com/world/us/who-are-jan-jahanzeb-and-israr-niazal-afghan-asylum-seekers-jailed-for-raping-15-year-old-girl-in-britain/articleshow/125846927.cms. Falling back to RSS description.
2025-12-08 23:26:46,056 - INFO - Duplicate article skipped: Who are Jan Jahanzeb and Israr Niazal? Afghan asylum seekers jailed for raping 15-year-old girl in Britain from Times of India
2025-12-08 23:26:47,547 - INFO - [Times of India] Article: https://timesofindia.indiatimes.com/world/us/who-is-alina-habba-trumps-former-high-profile-lawyer-resigns-what-led-to-her-decision/articleshow/125846490.cms
2025-12-08 23:26:47,547 - INFO - [Times of India] Attempt 1/1: Trying with 'selenium_browser' strategy...
2025-12-08 23:28:47,614 - ERROR - [Times of India] Request failed for strategy 'selenium_browser' on URL https://timesofindia.indiatimes.com/world/us/who-is-alina-habba-trumps-former-high-profile-lawyer-resigns-what-led-to-her-decision/articleshow/125846490.cms: HTTPConnectionPool(host='localhost', port=46883): Read timed out. (read timeout=120)
2025-12-08 23:28:47,614 - ERROR - [Times of India] All scrape strategies failed for https://timesofindia.indiatimes.com/world/us/who-is-alina-habba-trumps-former-high-profile-lawyer-resigns-what-led-to-her-decision/articleshow/125846490.cms. Falling back to RSS description.
2025-12-08 23:28:47,614 - INFO - Duplicate article skipped: Who is Alina Habba? Trump’s former high-profile lawyer resigns – what led to her decision? from Times of India
2025-12-08 23:28:48,945 - INFO - [Times of India] Article: https://timesofindia.indiatimes.com/world/us-streamers/basketball-youtuber-tristan-jass-reveals-hes-having-brain-tumor-removed/articleshow/125846514.cms
2025-12-08 23:28:48,945 - INFO - [Times of India] Attempt 1/1: Trying with 'selenium_browser' strategy...
2025-12-08 23:29:37,537 - CRITICAL - --- TIMEOUT: 1 scrape jobs did not complete in 300s. ---
2025-12-08 23:29:37,537 - ERROR - A thread has timed out and will be abandoned.
2025-12-08 23:29:37,537 - INFO - Shutting down thread pool (wait=False)...
2025-12-08 23:29:37,537 - INFO - Scraped: 0 The Guardian, 0 The Hindu, 0 BBC, 1 Timed_Out_Jobs articles. (Total saved: 0)
2025-12-08 23:29:37,538 - INFO - --- Scraping job finished ---
2025-12-08 23:29:37,538 - INFO - --- Scraper service stopped and database connection closed. ---
2025-12-08 23:29:37,538 - INFO - --- Main thread finished. Forcing process exit to kill zombie threads. ---
