2026-03-22 11:28:24,389 - INFO - Loading AI Semantic Model (all-MiniLM-L6-v2)...
2026-03-22 11:28:24,389 - INFO - Use pytorch device_name: cpu
2026-03-22 11:28:24,389 - INFO - Load pretrained SentenceTransformer: all-MiniLM-L6-v2
2026-03-22 11:28:24,471 - INFO - HTTP Request: HEAD https://huggingface.co/sentence-transformers/all-MiniLM-L6-v2/resolve/main/modules.json "HTTP/1.1 307 Temporary Redirect"
2026-03-22 11:28:24,478 - INFO - HTTP Request: HEAD https://huggingface.co/api/resolve-cache/models/sentence-transformers/all-MiniLM-L6-v2/c9745ed1d9f207416be6d2e6f8de32d1f16199bf/modules.json "HTTP/1.1 200 OK"
2026-03-22 11:28:24,511 - INFO - HTTP Request: HEAD https://huggingface.co/sentence-transformers/all-MiniLM-L6-v2/resolve/main/config_sentence_transformers.json "HTTP/1.1 307 Temporary Redirect"
2026-03-22 11:28:24,511 - WARNING - Warning: You are sending unauthenticated requests to the HF Hub. Please set a HF_TOKEN to enable higher rate limits and faster downloads.
2026-03-22 11:28:24,517 - INFO - HTTP Request: HEAD https://huggingface.co/api/resolve-cache/models/sentence-transformers/all-MiniLM-L6-v2/c9745ed1d9f207416be6d2e6f8de32d1f16199bf/config_sentence_transformers.json "HTTP/1.1 200 OK"
2026-03-22 11:28:24,551 - INFO - HTTP Request: HEAD https://huggingface.co/sentence-transformers/all-MiniLM-L6-v2/resolve/main/config_sentence_transformers.json "HTTP/1.1 307 Temporary Redirect"
2026-03-22 11:28:24,557 - INFO - HTTP Request: HEAD https://huggingface.co/api/resolve-cache/models/sentence-transformers/all-MiniLM-L6-v2/c9745ed1d9f207416be6d2e6f8de32d1f16199bf/config_sentence_transformers.json "HTTP/1.1 200 OK"
2026-03-22 11:28:24,599 - INFO - HTTP Request: HEAD https://huggingface.co/sentence-transformers/all-MiniLM-L6-v2/resolve/main/README.md "HTTP/1.1 307 Temporary Redirect"
2026-03-22 11:28:24,606 - INFO - HTTP Request: HEAD https://huggingface.co/api/resolve-cache/models/sentence-transformers/all-MiniLM-L6-v2/c9745ed1d9f207416be6d2e6f8de32d1f16199bf/README.md "HTTP/1.1 200 OK"
2026-03-22 11:28:24,642 - INFO - HTTP Request: HEAD https://huggingface.co/sentence-transformers/all-MiniLM-L6-v2/resolve/main/modules.json "HTTP/1.1 307 Temporary Redirect"
2026-03-22 11:28:24,647 - INFO - HTTP Request: HEAD https://huggingface.co/api/resolve-cache/models/sentence-transformers/all-MiniLM-L6-v2/c9745ed1d9f207416be6d2e6f8de32d1f16199bf/modules.json "HTTP/1.1 200 OK"
2026-03-22 11:28:24,680 - INFO - HTTP Request: HEAD https://huggingface.co/sentence-transformers/all-MiniLM-L6-v2/resolve/main/sentence_bert_config.json "HTTP/1.1 307 Temporary Redirect"
2026-03-22 11:28:24,686 - INFO - HTTP Request: HEAD https://huggingface.co/api/resolve-cache/models/sentence-transformers/all-MiniLM-L6-v2/c9745ed1d9f207416be6d2e6f8de32d1f16199bf/sentence_bert_config.json "HTTP/1.1 200 OK"
2026-03-22 11:28:24,724 - INFO - HTTP Request: HEAD https://huggingface.co/sentence-transformers/all-MiniLM-L6-v2/resolve/main/adapter_config.json "HTTP/1.1 404 Not Found"
2026-03-22 11:28:24,757 - INFO - HTTP Request: HEAD https://huggingface.co/sentence-transformers/all-MiniLM-L6-v2/resolve/main/config.json "HTTP/1.1 307 Temporary Redirect"
2026-03-22 11:28:24,764 - INFO - HTTP Request: HEAD https://huggingface.co/api/resolve-cache/models/sentence-transformers/all-MiniLM-L6-v2/c9745ed1d9f207416be6d2e6f8de32d1f16199bf/config.json "HTTP/1.1 200 OK"
2026-03-22 11:28:24,878 - WARNING - [1mBertModel LOAD REPORT[0m from: sentence-transformers/all-MiniLM-L6-v2
Key                     | Status     |  | 
------------------------+------------+--+-
embeddings.position_ids | UNEXPECTED |  | 

[3mNotes:
- UNEXPECTED[3m	:can be ignored when loading from different task/architecture; not ok if you expect identical arch.[0m
2026-03-22 11:28:24,912 - INFO - HTTP Request: HEAD https://huggingface.co/sentence-transformers/all-MiniLM-L6-v2/resolve/main/config.json "HTTP/1.1 307 Temporary Redirect"
2026-03-22 11:28:24,919 - INFO - HTTP Request: HEAD https://huggingface.co/api/resolve-cache/models/sentence-transformers/all-MiniLM-L6-v2/c9745ed1d9f207416be6d2e6f8de32d1f16199bf/config.json "HTTP/1.1 200 OK"
2026-03-22 11:28:24,953 - INFO - HTTP Request: HEAD https://huggingface.co/sentence-transformers/all-MiniLM-L6-v2/resolve/main/tokenizer_config.json "HTTP/1.1 307 Temporary Redirect"
2026-03-22 11:28:24,959 - INFO - HTTP Request: HEAD https://huggingface.co/api/resolve-cache/models/sentence-transformers/all-MiniLM-L6-v2/c9745ed1d9f207416be6d2e6f8de32d1f16199bf/tokenizer_config.json "HTTP/1.1 200 OK"
2026-03-22 11:28:24,997 - INFO - HTTP Request: GET https://huggingface.co/api/models/sentence-transformers/all-MiniLM-L6-v2/tree/main/additional_chat_templates?recursive=false&expand=false "HTTP/1.1 404 Not Found"
2026-03-22 11:28:25,038 - INFO - HTTP Request: GET https://huggingface.co/api/models/sentence-transformers/all-MiniLM-L6-v2/tree/main?recursive=true&expand=false "HTTP/1.1 200 OK"
2026-03-22 11:28:25,124 - INFO - HTTP Request: HEAD https://huggingface.co/sentence-transformers/all-MiniLM-L6-v2/resolve/main/1_Pooling/config.json "HTTP/1.1 307 Temporary Redirect"
2026-03-22 11:28:25,130 - INFO - HTTP Request: HEAD https://huggingface.co/api/resolve-cache/models/sentence-transformers/all-MiniLM-L6-v2/c9745ed1d9f207416be6d2e6f8de32d1f16199bf/1_Pooling%2Fconfig.json "HTTP/1.1 200 OK"
2026-03-22 11:28:25,169 - INFO - HTTP Request: GET https://huggingface.co/api/models/sentence-transformers/all-MiniLM-L6-v2 "HTTP/1.1 200 OK"
2026-03-22 11:28:25,173 - INFO - AI Model loaded successfully.
2026-03-22 11:28:25,173 - INFO - --- Scraper service started (CI Mode: Run Once) ---
2026-03-22 11:28:25,173 - INFO - --- Starting new scraping job (Parallel Mode) ---
2026-03-22 11:28:25,173 - INFO - Connecting to Google Sheets...
2026-03-22 11:28:26,166 - INFO - Connected to Sheet: News Scrapper AI / Sheet1
2026-03-22 11:28:26,166 - INFO - Fetching existing data to build cache...
2026-03-22 11:28:38,884 - INFO - Loaded 44066 rows from sheet.
2026-03-22 11:28:39,662 - INFO - Cache built: 44066 URLs. Current MAX_ID: 44166
2026-03-22 11:28:39,668 - INFO - Creating new robust session with 3 retries on 5xx/connection/read errors.
2026-03-22 11:28:39,668 - INFO - Proxy is DISABLED.
2026-03-22 11:28:39,669 - INFO - Starting scrape for BBC RSS feed: http://feeds.bbci.co.uk/news/world/rss.xml
2026-03-22 11:28:39,669 - INFO - [Times of India] (Thread) requires Selenium. Initializing driver...
2026-03-22 11:28:39,672 - INFO - Starting scrape for The Guardian RSS feed: https://www.theguardian.com/world/rss
2026-03-22 11:28:39,672 - INFO - [The Hindu] (Thread) requires Selenium. Initializing driver...
2026-03-22 11:28:39,673 - INFO - [The Dawn] (Thread) requires Selenium. Initializing driver...
2026-03-22 11:28:39,674 - INFO - [Al Jazeera] (Thread) requires Selenium. Initializing driver...
2026-03-22 11:28:39,675 - INFO - Starting scrape for TechCrunch RSS feed: https://techcrunch.com/feed/
2026-03-22 11:28:39,676 - INFO - [Economic Times] (Thread) requires Selenium. Initializing driver...
2026-03-22 11:28:39,676 - INFO - Submitted 8 jobs to thread pool. Waiting up to 420s for completion...
2026-03-22 11:28:39,829 - INFO - Found 0 articles in TechCrunch RSS feed. Processing until 30 new articles are saved.
2026-03-22 11:28:39,970 - INFO - Found 26 articles in BBC RSS feed. Processing until 30 new articles are saved.
2026-03-22 11:28:39,974 - INFO - [BBC] Early skip: URL https://www.bbc.com/news/articles/c9qdvnv13qdo?at_medium=RSS&at_campaign=rss already exists.
2026-03-22 11:28:39,976 - INFO - [BBC] Early skip: URL https://www.bbc.com/news/articles/c87wgw27201o?at_medium=RSS&at_campaign=rss already exists.
2026-03-22 11:28:39,981 - INFO - [BBC] Early skip: URL https://www.bbc.com/news/videos/cq8g9y5x1llo?at_medium=RSS&at_campaign=rss already exists.
2026-03-22 11:28:39,988 - INFO - [BBC] Early skip: URL https://www.bbc.com/news/articles/cvg0l44yxrvo?at_medium=RSS&at_campaign=rss already exists.
2026-03-22 11:28:39,993 - INFO - [BBC] Early skip: URL https://www.bbc.com/news/articles/c8dlj6gv0q6o?at_medium=RSS&at_campaign=rss already exists.
2026-03-22 11:28:39,994 - INFO - [BBC] Early skip: URL https://www.bbc.com/news/articles/crl18nwjzzzo?at_medium=RSS&at_campaign=rss already exists.
2026-03-22 11:28:40,000 - INFO - [BBC] Early skip: URL https://www.bbc.com/news/articles/cge0dyjwezgo?at_medium=RSS&at_campaign=rss already exists.
2026-03-22 11:28:40,001 - INFO - [BBC] Early skip: URL https://www.bbc.com/news/articles/c3ex9nq2qywo?at_medium=RSS&at_campaign=rss already exists.
2026-03-22 11:28:40,008 - INFO - [BBC] Early skip: URL https://www.bbc.com/news/articles/c20qj970gwro?at_medium=RSS&at_campaign=rss already exists.
2026-03-22 11:28:40,010 - INFO - [BBC] Early skip: URL https://www.bbc.com/news/articles/cwy3961xdr8o?at_medium=RSS&at_campaign=rss already exists.
2026-03-22 11:28:40,024 - INFO - [BBC] Early skip: URL https://www.bbc.com/news/articles/c62j3yl842eo?at_medium=RSS&at_campaign=rss already exists.
2026-03-22 11:28:40,025 - INFO - [BBC] Early skip: URL https://www.bbc.com/news/articles/cr410ezy312o?at_medium=RSS&at_campaign=rss already exists.
2026-03-22 11:28:40,026 - INFO - Found 45 articles in The Guardian RSS feed. Processing until 30 new articles are saved.
2026-03-22 11:28:40,026 - INFO - [The Guardian] Early skip: URL https://www.theguardian.com/world/2026/mar/21/strike-on-sudan-hospital-kills-wounds-world-health-organization-reports already exists.
2026-03-22 11:28:40,026 - INFO - [BBC] Early skip: URL https://www.bbc.com/news/articles/ckg9wgj9y5no?at_medium=RSS&at_campaign=rss already exists.
2026-03-22 11:28:40,028 - INFO - [BBC] Early skip: URL https://www.bbc.com/news/articles/cddq7j48p35o?at_medium=RSS&at_campaign=rss already exists.
2026-03-22 11:28:40,029 - INFO - [BBC] Early skip: URL https://www.bbc.com/news/articles/cr71rkeg7xxo?at_medium=RSS&at_campaign=rss already exists.
2026-03-22 11:28:40,030 - INFO - [BBC] Early skip: URL https://www.bbc.com/news/articles/clyxv87zwwpo?at_medium=RSS&at_campaign=rss already exists.
2026-03-22 11:28:40,031 - INFO - [BBC] Early skip: URL https://www.bbc.com/news/articles/clyv1j8ne7ko?at_medium=RSS&at_campaign=rss already exists.
2026-03-22 11:28:40,032 - INFO - [The Guardian] Early skip: URL https://www.theguardian.com/world/2026/mar/20/madagascar-military-ruler-new-ministers-lie-detector-tests already exists.
2026-03-22 11:28:40,033 - INFO - [BBC] Early skip: URL https://www.bbc.com/news/articles/cm29n1lvp64o?at_medium=RSS&at_campaign=rss already exists.
2026-03-22 11:28:40,036 - INFO - [The Guardian] Early skip: URL https://www.theguardian.com/global-development/2026/mar/19/poorest-countries-lose-uk-aid-56-per-cent-budget-cut already exists.
2026-03-22 11:28:40,036 - INFO - [BBC] Early skip: URL https://www.bbc.com/news/articles/c070e283k8vo?at_medium=RSS&at_campaign=rss already exists.
2026-03-22 11:28:40,037 - INFO - [The Guardian] Early skip: URL https://www.theguardian.com/global-development/2026/mar/19/tanzania-lemi-limbu-freed-woman-learning-disabilities-death-row already exists.
2026-03-22 11:28:40,037 - INFO - [BBC] Early skip: URL https://www.bbc.com/news/articles/ceqw5j5lx32o?at_medium=RSS&at_campaign=rss already exists.
2026-03-22 11:28:40,039 - INFO - [BBC] Article: https://www.bbc.com/news/videos/cj94jp3jmv8o?at_medium=RSS&at_campaign=rss
2026-03-22 11:28:40,039 - INFO - [BBC] Attempt 1/1: Trying with 'requests_browser' strategy...
2026-03-22 11:28:40,042 - INFO - [The Guardian] Early skip: URL https://www.theguardian.com/world/2026/mar/19/jihadist-violence-nigeria-drc-terrorism-index already exists.
2026-03-22 11:28:40,043 - INFO - [The Guardian] Early skip: URL https://www.theguardian.com/us-news/2026/mar/20/canadian-mother-daughter-ice-detention already exists.
2026-03-22 11:28:40,044 - INFO - [The Guardian] Early skip: URL https://www.theguardian.com/us-news/2026/mar/20/puerto-rico-voting-machines-trump-2020-election-loss-venezuela already exists.
2026-03-22 11:28:40,045 - INFO - [The Guardian] Early skip: URL https://www.theguardian.com/world/2026/mar/20/mexico-monarch-butterfly-population-increases already exists.
2026-03-22 11:28:40,049 - INFO - [The Guardian] Early skip: URL https://www.theguardian.com/world/2026/mar/20/delcy-rodriguez-replaces-venezuelas-top-military-commanders already exists.
2026-03-22 11:28:40,050 - INFO - [The Guardian] Early skip: URL https://www.theguardian.com/us-news/2026/mar/20/seven-year-old-canadian-girl-with-autism-and-mother-detained-by-ice-in-texas already exists.
2026-03-22 11:28:40,054 - INFO - [The Guardian] Early skip: URL https://www.theguardian.com/world/2026/mar/21/south-korea-fire-daejeon-car-parts-factory already exists.
2026-03-22 11:28:40,056 - INFO - [The Guardian] Early skip: URL https://www.theguardian.com/music/2026/mar/20/bts-arirang-new-album-comeback-concert-kpop already exists.
2026-03-22 11:28:40,061 - INFO - [The Guardian] Early skip: URL https://www.theguardian.com/world/2026/mar/20/reliant-on-imported-fuel-pacific-islands-appeal-for-help-as-oil-prices-surge already exists.
2026-03-22 11:28:40,062 - INFO - [The Guardian] Early skip: URL https://www.theguardian.com/world/2026/mar/20/china-oil-reserves-global-energy-crisis already exists.
2026-03-22 11:28:40,063 - INFO - [The Guardian] Early skip: URL https://www.theguardian.com/world/2026/mar/19/trump-mocks-japan-pearl-harbor-iran-war already exists.
2026-03-22 11:28:40,064 - INFO - [The Guardian] Early skip: URL https://www.theguardian.com/australia-news/2026/mar/22/sa-state-election-one-nation-wins-seat-liberals-lessons-defeat-labor-ntwnfb already exists.
2026-03-22 11:28:40,066 - INFO - [The Guardian] Early skip: URL https://www.theguardian.com/australia-news/live/2026/mar/22/australia-news-live-tropical-cyclone-narelle-south-australia-election-peter-malinauskas-labor-one-nation-chris-bowen-anthony-albanese-fuel-prices-ntwnfb already exists.
2026-03-22 11:28:40,067 - INFO - [The Guardian] Early skip: URL https://www.theguardian.com/australia-news/2026/mar/22/six-fuel-ships-bound-for-australia-cancelled-as-bowen-concedes-flow-of-oil-to-asian-refineries-has-slowed already exists.
2026-03-22 11:28:40,068 - INFO - [The Guardian] Early skip: URL https://www.theguardian.com/australia-news/2026/mar/21/superannuation-should-be-used-for-aged-care-not-inherited-by-next-generation-aged-care-ceo-says already exists.
2026-03-22 11:28:40,070 - INFO - [The Guardian] Early skip: URL https://www.theguardian.com/australia-news/2026/mar/22/petrol-theft-expected-to-rise-in-australia-as-police-call-for-more-cctv-and-prepaid-pumps already exists.
2026-03-22 11:28:40,071 - INFO - [The Guardian] Early skip: URL https://www.theguardian.com/world/2026/mar/22/slovenia-election-voting-campaign-claims-anti-romany-rhetoric already exists.
2026-03-22 11:28:40,073 - INFO - [The Guardian] Early skip: URL https://www.theguardian.com/world/2026/mar/22/france-second-round-local-elections-voting-mayoral-races-paris-marseille already exists.
2026-03-22 11:28:40,074 - INFO - [The Guardian] Early skip: URL https://www.theguardian.com/world/2026/mar/22/italy-referendum-judiciary-overhaul-giorgia-meloni already exists.
2026-03-22 11:28:40,075 - INFO - [The Guardian] Early skip: URL https://www.theguardian.com/us-news/2026/mar/21/jimmy-gracey-alabama-student-fell-barcelona-water-death already exists.
2026-03-22 11:28:40,076 - INFO - [The Guardian] Early skip: URL https://www.theguardian.com/lifeandstyle/2026/mar/21/pet-passport-dodge-travel-uk-eu-animal-health-certificate already exists.
2026-03-22 11:28:40,078 - INFO - [The Guardian] Early skip: URL https://www.theguardian.com/world/live/2026/mar/22/middle-east-crisis-live-iran-war-trump-ultimatum-major-attack-strait-of-hormuz-open-israel-hit-tehran-retaliation already exists.
2026-03-22 11:28:40,088 - INFO - [The Guardian] Article: https://www.theguardian.com/us-news/2026/mar/22/trump-iran-leon-panetta
2026-03-22 11:28:40,088 - INFO - [The Guardian] Attempt 1/1: Trying with 'requests_browser' strategy...
2026-03-22 11:28:40,191 - INFO - [The Guardian] Success with 'requests_browser'. Found content (1446 words).
2026-03-22 11:28:40,313 - WARNING - [BBC] FAILED with 'requests_browser' (content was too short: 84 words).
2026-03-22 11:28:40,313 - ERROR - [BBC] All scrape strategies failed for https://www.bbc.com/news/videos/cj94jp3jmv8o?at_medium=RSS&at_campaign=rss. Falling back to RSS description.
2026-03-22 11:28:40,313 - WARNING - SKIPPED (GLOBAL WORD LIMIT): Article 'BBC in Cuba as island plunged into darkness' from BBC has only 16 words (Min: 90).
2026-03-22 11:28:41,579 - INFO - [BBC] Early skip: URL https://www.bbc.com/news/videos/cq8g9y5x1llo?at_medium=RSS&at_campaign=rss already exists.
2026-03-22 11:28:41,580 - INFO - [BBC] Early skip: URL https://www.bbc.com/news/videos/c9wqklg2rexo?at_medium=RSS&at_campaign=rss already exists.
2026-03-22 11:28:41,582 - INFO - [BBC] Article: https://www.bbc.com/news/videos/c62k8xgjkggo?at_medium=RSS&at_campaign=rss
2026-03-22 11:28:41,582 - INFO - [BBC] Attempt 1/1: Trying with 'requests_browser' strategy...
2026-03-22 11:28:41,589 - INFO - Selenium driver initialized successfully (Eager load strategy, 7s timeout).
2026-03-22 11:28:41,589 - INFO - Starting scrape for Economic Times RSS feed: https://economictimes.indiatimes.com/rssfeedsdefault.cms
2026-03-22 11:28:41,693 - INFO - Selenium driver initialized successfully (Eager load strategy, 7s timeout).
2026-03-22 11:28:41,693 - INFO - Starting scrape for Al Jazeera RSS feed: https://www.aljazeera.com/xml/rss/all.xml
2026-03-22 11:28:41,720 - INFO - Selenium driver initialized successfully (Eager load strategy, 7s timeout).
2026-03-22 11:28:41,720 - INFO - Starting scrape for Times of India RSS feed: https://timesofindia.indiatimes.com/rssfeeds/296589292.cms
2026-03-22 11:28:41,729 - WARNING - [BBC] FAILED with 'requests_browser' (content was too short: 59 words).
2026-03-22 11:28:41,730 - ERROR - [BBC] All scrape strategies failed for https://www.bbc.com/news/videos/c62k8xgjkggo?at_medium=RSS&at_campaign=rss. Falling back to RSS description.
2026-03-22 11:28:41,730 - WARNING - SKIPPED (GLOBAL WORD LIMIT): Article 'Israeli strike next to British journalist is not AI-generated' from BBC has only 22 words (Min: 90).
2026-03-22 11:28:41,746 - INFO - Selenium driver initialized successfully (Eager load strategy, 7s timeout).
2026-03-22 11:28:41,746 - INFO - Starting scrape for The Dawn RSS feed: https://www.dawn.com/feeds/home
2026-03-22 11:28:41,755 - INFO - Selenium driver initialized successfully (Eager load strategy, 7s timeout).
2026-03-22 11:28:41,758 - INFO - Starting scrape for The Hindu RSS feed: https://www.thehindu.com/news/national/feeder/default.rss
2026-03-22 11:28:41,857 - INFO - Found 20 articles in Times of India RSS feed. Processing until 30 new articles are saved.
2026-03-22 11:28:41,858 - INFO - [Times of India] Article: https://timesofindia.indiatimes.com/world/us/meet-nithin-hassan-indian-origin-techie-who-left-meta-to-build-his-startup-in-india/articleshow/129731213.cms
2026-03-22 11:28:41,858 - INFO - [Times of India] Attempt 1/1: Trying with 'selenium_browser' strategy...
2026-03-22 11:28:41,903 - INFO - Found 25 articles in Al Jazeera RSS feed. Processing until 30 new articles are saved.
2026-03-22 11:28:41,904 - INFO - [Al Jazeera] Article: https://www.aljazeera.com/gallery/2026/3/22/aftermath-of-iranian-missiles-strikes-near-israels-nuclear-centre?traffic_source=rss
2026-03-22 11:28:41,904 - INFO - [Al Jazeera] Attempt 1/2: Trying with 'requests_browser' strategy...
2026-03-22 11:28:42,003 - INFO - [Al Jazeera] Success with 'requests_browser'. Found content (288 words).
2026-03-22 11:28:42,076 - INFO - Found 60 articles in The Hindu RSS feed. Processing until 30 new articles are saved.
2026-03-22 11:28:42,078 - INFO - [The Hindu] Early skip: URL https://www.thehindu.com/news/national/karnataka/west-asia-conflict-lpg-cargo-ship-from-us-arrives-at-new-mangalore-port/article70771844.ece already exists.
2026-03-22 11:28:42,080 - INFO - [The Hindu] Article: https://www.thehindu.com/news/national/kerala/kerala-state-electricity-board-seeks-regulators-nod-for-medium-term-power-purchase-deal-with-damodar-valley-corporation/article70772037.ece
2026-03-22 11:28:42,080 - INFO - [The Hindu] Attempt 1/1: Trying with 'selenium_browser' strategy...
2026-03-22 11:28:42,123 - INFO - Found 28 articles in The Dawn RSS feed. Processing until 30 new articles are saved.
2026-03-22 11:28:42,125 - INFO - [The Dawn] Early skip: URL https://www.dawn.com/news/1984324/psl-to-go-ahead-sans-spectators-matches-limited-to-lahore-and-karachi-amid-austerity-drive already exists.
2026-03-22 11:28:42,126 - INFO - [The Dawn] Early skip: URL https://www.dawn.com/news/1984291/on-world-water-day-president-zardari-calls-on-india-to-restore-indus-waters-treaty already exists.
2026-03-22 11:28:42,127 - INFO - [The Dawn] Early skip: URL https://www.dawn.com/news/1984285/trump-threatens-iran-with-power-plant-strikes-over-hormuz-oil-blockade already exists.
2026-03-22 11:28:42,130 - INFO - [The Dawn] Article: https://www.dawn.com/news/1984283/3-turks-including-serviceman-among-dead-in-qatar-copter-crash
2026-03-22 11:28:42,130 - INFO - [The Dawn] Attempt 1/2: Trying with 'requests_browser' strategy...
2026-03-22 11:28:42,140 - ERROR - [The Dawn] Request failed for strategy 'requests_browser' on URL https://www.dawn.com/news/1984283/3-turks-including-serviceman-among-dead-in-qatar-copter-crash: 403 Client Error: Forbidden for url: https://www.dawn.com/news/1984283/3-turks-including-serviceman-among-dead-in-qatar-copter-crash
2026-03-22 11:28:42,232 - INFO - Found 76 articles in Economic Times RSS feed. Processing until 30 new articles are saved.
2026-03-22 11:28:42,233 - INFO - [Economic Times] Early skip: URL https://economictimes.indiatimes.com/markets/commodities/news/explained-why-gold-prices-remain-subdued-despite-west-asia-tensions/articleshow/129714910.cms already exists.
2026-03-22 11:28:42,234 - INFO - [Economic Times] Early skip: URL https://economictimes.indiatimes.com/markets/stocks/news/abu-dhabi-investment-portfolio-6-stocks-surge-up-to-110-in-fy26-3-fresh-q3-picks/slideshow/129717011.cms already exists.
2026-03-22 11:28:42,237 - INFO - [Economic Times] Early skip: URL https://economictimes.indiatimes.com/markets/expert-view/fo-talk-nifty-grapples-with-dead-cat-bounce-syndrome-as-pullbacks-get-sold-sudeep-shah-on-olectra-idbi-4-more-stocks/articleshow/129716202.cms already exists.
2026-03-22 11:28:42,239 - INFO - [Economic Times] Early skip: URL https://economictimes.indiatimes.com/markets/forex/forex-news/rupee-on-shaky-ground-touches-fresh-low-of-93-73/articleshow/129715234.cms already exists.
2026-03-22 11:28:42,240 - INFO - [Economic Times] Early skip: URL https://economictimes.indiatimes.com/mf/analysis/mutual-fund-nfos-six-funds-open-for-subscription-all-passive-in-nature-check-details/slideshow/129715630.cms already exists.
2026-03-22 11:28:42,242 - INFO - [Economic Times] Early skip: URL https://economictimes.indiatimes.com/markets/stocks/news/smallcaps-shine-10-stocks-that-delivered-gains-of-up-to-41-this-week-how-many-do-you-have/slideshow/129715183.cms already exists.
2026-03-22 11:28:42,243 - INFO - [Economic Times] Early skip: URL https://economictimes.indiatimes.com/news/economy/policy/oil-shock-inflation-pressures-dampen-rbi-rate-cut-hopes/articleshow/129478050.cms already exists.
2026-03-22 11:28:42,245 - INFO - [Economic Times] Early skip: URL https://economictimes.indiatimes.com/news/economy/agriculture/west-asia-conflict-could-hurt-agri-input-availability-upl-executive/articleshow/129477522.cms already exists.
2026-03-22 11:28:42,248 - INFO - [Economic Times] Early skip: URL https://economictimes.indiatimes.com/news/economy/foreign-trade/diversion-of-stranded-cargo-to-new-markets-under-review/articleshow/129477351.cms already exists.
2026-03-22 11:28:42,251 - INFO - [Economic Times] Early skip: URL https://economictimes.indiatimes.com/news/economy/indicators/west-asia-conflict-poses-downside-risk-india-gdp-growth-seen-at-7-1-pc-in-fy27-crisil-intelligence/articleshow/129469236.cms already exists.
2026-03-22 11:28:42,252 - INFO - [Economic Times] Early skip: URL https://economictimes.indiatimes.com/news/economy/foreign-trade/in-asia-india-secured-best-trade-deal-with-us-piyush-goyal/articleshow/129228514.cms already exists.
2026-03-22 11:28:42,254 - INFO - [Economic Times] Early skip: URL https://economictimes.indiatimes.com/news/economy/policy/govt-plans-champion-cpses-for-viksit-bharat-by-2047-niti-aayog-roadmap-soon/articleshow/128434749.cms already exists.
2026-03-22 11:28:42,256 - INFO - [Economic Times] Early skip: URL https://economictimes.indiatimes.com/tech/technology/apple-faces-indian-engineers-bias-lawsuit/articleshow/81694292.cms already exists.
2026-03-22 11:28:42,258 - INFO - [Economic Times] Early skip: URL https://economictimes.indiatimes.com/news/defence/despite-transatlantic-love-fest-eu-charts-third-way-in-ties-with-us-and-china/articleshow/81467467.cms already exists.
2026-03-22 11:28:42,259 - INFO - [Economic Times] Early skip: URL https://economictimes.indiatimes.com/tech/tech-bytes/twitters-india-policy-head-to-step-down-will-transition-in-march/articleshow/80732868.cms already exists.
2026-03-22 11:28:42,261 - INFO - [Economic Times] Early skip: URL https://economictimes.indiatimes.com/tech/tech-and-gadgets/govt-may-keep-rs-7500-cr-outlay-for-it-hardware-manufacturing-under-pli-scheme/articleshow/80333429.cms already exists.
2026-03-22 11:28:42,263 - INFO - [Economic Times] Article: https://economictimes.indiatimes.com/tech/technology/indian-dating-apps-services-see-surge-of-paying-users-in-small-cities/articleshow/80063342.cms
2026-03-22 11:28:42,263 - INFO - [Economic Times] Attempt 1/2: Trying with 'requests_browser' strategy...
2026-03-22 11:28:42,608 - INFO - [The Hindu] Page content loaded.
2026-03-22 11:28:42,670 - INFO - [The Hindu] Success with 'selenium_browser'. Found content (363 words).
2026-03-22 11:28:42,756 - INFO - [Times of India] Page content loaded.
2026-03-22 11:28:42,777 - INFO - [The Dawn] Article: https://www.dawn.com/news/1984283/3-turks-including-serviceman-among-dead-in-qatar-copter-crash
2026-03-22 11:28:42,777 - INFO - [The Dawn] Attempt 2/2: Trying with 'selenium_browser' strategy...
2026-03-22 11:28:42,823 - ERROR - parsed tree length: 1, wrong data type or not valid HTML
2026-03-22 11:28:42,824 - ERROR - empty HTML tree: None
2026-03-22 11:28:42,826 - WARNING - discarding data: None
2026-03-22 11:28:42,826 - WARNING - [Economic Times] FAILED with 'requests_browser' (content was too short: 0 words).
2026-03-22 11:28:43,164 - INFO - [Times of India] Success with 'selenium_browser'. Found content (775 words).
2026-03-22 11:28:43,201 - INFO - [BBC] Early skip: URL https://www.bbc.com/news/videos/c78l5x0zl0wo?at_medium=RSS&at_campaign=rss already exists.
2026-03-22 11:28:43,208 - INFO - [BBC] Early skip: URL https://www.bbc.com/news/videos/c747lk0geldo?at_medium=RSS&at_campaign=rss already exists.
2026-03-22 11:28:43,722 - INFO - [Economic Times] Article: https://economictimes.indiatimes.com/tech/technology/indian-dating-apps-services-see-surge-of-paying-users-in-small-cities/articleshow/80063342.cms
2026-03-22 11:28:43,722 - INFO - [Economic Times] Attempt 2/2: Trying with 'selenium_browser' strategy...
2026-03-22 11:28:45,094 - INFO - [The Dawn] Page content loaded.
2026-03-22 11:28:45,837 - INFO - [Economic Times] Page content loaded.
2026-03-22 11:28:46,245 - INFO - [The Dawn] Success with 'selenium_browser'. Found content (132 words).
2026-03-22 11:28:46,560 - WARNING - [Economic Times] FAILED with 'selenium_browser' (content was too short: 84 words).
2026-03-22 11:28:46,560 - ERROR - [Economic Times] All scrape strategies failed for https://economictimes.indiatimes.com/tech/technology/indian-dating-apps-services-see-surge-of-paying-users-in-small-cities/articleshow/80063342.cms. Falling back to RSS description.
2026-03-22 11:28:46,560 - WARNING - SKIPPED (GLOBAL WORD LIMIT): Article 'Indian dating apps, services see surge of paying users in small cities ' from Economic Times has only 54 words (Min: 90).
2026-03-22 11:28:47,126 - INFO - [Economic Times] Article: https://economictimes.indiatimes.com/tech/technology/time-for-govt-cos-to-adopt-ai-deloitte-india/articleshow/79981215.cms
2026-03-22 11:28:47,126 - INFO - [Economic Times] Attempt 1/2: Trying with 'requests_browser' strategy...
2026-03-22 11:28:47,768 - ERROR - parsed tree length: 1, wrong data type or not valid HTML
2026-03-22 11:28:47,769 - ERROR - empty HTML tree: None
2026-03-22 11:28:47,769 - WARNING - discarding data: None
2026-03-22 11:28:47,771 - WARNING - [Economic Times] FAILED with 'requests_browser' (content was too short: 0 words).
2026-03-22 11:28:48,681 - INFO - [Economic Times] Article: https://economictimes.indiatimes.com/tech/technology/time-for-govt-cos-to-adopt-ai-deloitte-india/articleshow/79981215.cms
2026-03-22 11:28:48,684 - INFO - [Economic Times] Attempt 2/2: Trying with 'selenium_browser' strategy...
2026-03-22 11:28:50,405 - INFO - [Economic Times] Page content loaded.
2026-03-22 11:28:51,323 - WARNING - [Economic Times] FAILED with 'selenium_browser' (content was too short: 74 words).
2026-03-22 11:28:51,324 - ERROR - [Economic Times] All scrape strategies failed for https://economictimes.indiatimes.com/tech/technology/time-for-govt-cos-to-adopt-ai-deloitte-india/articleshow/79981215.cms. Falling back to RSS description.
2026-03-22 11:28:51,324 - WARNING - SKIPPED (GLOBAL WORD LIMIT): Article 'Time for government, companies to adopt artificial intelligence: Deloitte India ' from Economic Times has only 49 words (Min: 90).
2026-03-22 11:28:52,347 - INFO - [Economic Times] Early skip: URL https://economictimes.indiatimes.com/news/international/world-news/price-availability-does-a-new-gas-crisis-await-europe/articleshow/129707936.cms already exists.
2026-03-22 11:28:52,350 - INFO - [Economic Times] Early skip: URL https://economictimes.indiatimes.com/news/international/world-news/europeans-cautious-as-they-scramble-to-digest-major-us-israeli-attack-on-iran/articleshow/128885272.cms already exists.
2026-03-22 11:28:52,351 - INFO - [Economic Times] Early skip: URL https://economictimes.indiatimes.com/news/international/world-news/nepal-votes-on-march-5-focus-on-jobs-economy/articleshow/128862431.cms already exists.
2026-03-22 11:28:52,352 - INFO - [Economic Times] Early skip: URL https://economictimes.indiatimes.com/news/international/world-news/bangladeshs-interests-come-first-says-bnp-chairman-and-pm-designate-tarique-rahman/articleshow/128346277.cms already exists.
2026-03-22 11:28:52,354 - INFO - [Economic Times] Early skip: URL https://economictimes.indiatimes.com/news/international/business/hermes-beats-sales-expectations-sees-positive-signs-in-china/articleshow/128273194.cms already exists.
2026-03-22 11:28:52,355 - INFO - [Economic Times] Early skip: URL https://economictimes.indiatimes.com/news/international/world-news/un-climate-chief-simon-stiell-calls-for-cooperation-in-unstable-world/articleshow/128270285.cms already exists.
2026-03-22 11:28:52,356 - INFO - [Economic Times] Early skip: URL https://economictimes.indiatimes.com/news/elections/assembly-elections/assam/done-deal-cm-himanta-biswa-sarma-on-nda-seat-sharing-for-assam-polls/articleshow/128678098.cms already exists.
2026-03-22 11:28:52,358 - INFO - [Economic Times] Early skip: URL https://economictimes.indiatimes.com/news/elections/assembly-elections/bihar/rare-intensive-revision-in-bihar-four-months-before-polls/articleshow/122167501.cms already exists.
2026-03-22 11:28:52,361 - INFO - [Economic Times] Early skip: URL https://economictimes.indiatimes.com/news/elections/assembly-elections/delhi/bjp-accuses-kejriwal-of-sending-voters-hoax-calls-to-mislead/articleshow/117579007.cms already exists.
2026-03-22 11:28:52,362 - INFO - [Economic Times] Early skip: URL https://economictimes.indiatimes.com/news/elections/lok-sabha/india/lok-sabha-election-2024-maharashtra-get-interesting-after-splits-in-shiv-sena-ncp/articleshow/108559788.cms already exists.
2026-03-22 11:28:52,363 - INFO - [Economic Times] Early skip: URL https://economictimes.indiatimes.com/news/elections/lok-sabha/india/modi-charisma-key-factor-in-bjps-bid-to-retain-all-26-seats-in-gujarat/articleshow/108550858.cms already exists.
2026-03-22 11:28:52,367 - INFO - [Economic Times] Early skip: URL https://economictimes.indiatimes.com/news/elections/lok-sabha/india/implementation-of-guarantees-decline-of-brs-favour-congress-in-telangana-bjp-aiming-for-better-show/articleshow/108548569.cms already exists.
2026-03-22 11:28:52,369 - INFO - [Economic Times] Early skip: URL https://economictimes.indiatimes.com/traders-bet-on-calendar-spread-as-nifty-moves-in-a-tight-range/articleshow/6302358.cms already exists.
2026-03-22 11:28:52,370 - INFO - [Economic Times] Early skip: URL https://economictimes.indiatimes.com/nifty-may-find-support-at-5300-level/articleshow/6296017.cms already exists.
2026-03-22 11:28:52,371 - INFO - [Economic Times] Early skip: URL https://economictimes.indiatimes.com/seven-out-of-top-10-asian-small-cap-funds-are-indian/articleshow/6295976.cms already exists.
2026-03-22 11:28:52,373 - INFO - [Economic Times] Early skip: URL https://economictimes.indiatimes.com/inflation-reflects-growth-dynamics-in-india-christopher-wood/articleshow/6274053.cms already exists.
2026-03-22 11:28:52,375 - INFO - [Economic Times] Early skip: URL https://economictimes.indiatimes.com/market-may-trade-in-a-range-but-fiis-seen-sold-on-india/articleshow/6277705.cms already exists.
2026-03-22 11:28:52,376 - INFO - [Economic Times] Early skip: URL https://economictimes.indiatimes.com/dont-bank-only-on-price-to-earning-ratio/articleshow/6278228.cms already exists.
2026-03-22 11:28:52,377 - INFO - [Economic Times] Early skip: URL https://economictimes.indiatimes.com/markets/stocks/recos/prabhudas-lilladher-has-a-reduce-rating-on-infosys/articleshow/3798718.cms already exists.
2026-03-22 11:28:52,379 - INFO - [Economic Times] Early skip: URL https://economictimes.indiatimes.com/markets/stocks/recos/fin-crisis-too-late-and-too-little-done-in-us/articleshow/3794549.cms already exists.
2026-03-22 11:28:52,382 - INFO - [Economic Times] Early skip: URL https://economictimes.indiatimes.com/markets/forex/weak-rupee-takes-its-toll-on-cos-with-huge-foreign-debt/articleshow/3546158.cms already exists.
2026-03-22 11:28:52,383 - INFO - [Economic Times] Early skip: URL https://economictimes.indiatimes.com/markets/stocks/recos/wait-for-more-signals-before-turning-positive/articleshow/3292640.cms already exists.
2026-03-22 11:28:52,384 - INFO - [Economic Times] Early skip: URL https://economictimes.indiatimes.com/news/company/corporate-trends/six-indian-cos-among-businessweeks-top-100-infotech-firms/articleshow/3189334.cms already exists.
2026-03-22 11:28:52,390 - INFO - [Economic Times] Early skip: URL https://economictimes.indiatimes.com/news/company/corporate-trends/indian-firms-slip-in-global-ranking-four-move-out-of-top-500/articleshow/3177077.cms already exists.
2026-03-22 11:28:52,393 - INFO - [Economic Times] Early skip: URL https://economictimes.indiatimes.com/markets/stocks/news/big-daddy-laps-up-cipla-after-q1-nos-beat-forecast/articleshow/6308646.cms already exists.
2026-03-22 11:28:52,399 - INFO - [Economic Times] Early skip: URL https://economictimes.indiatimes.com/markets/stocks/news/old-fox-has-dream-run-on-dalal-street/articleshow/6308631.cms already exists.
2026-03-22 11:28:52,401 - INFO - [Economic Times] Early skip: URL https://economictimes.indiatimes.com/markets/stocks/news/cairn-india-hits-record-high-on-bse-amid-stake-sale-talks/articleshow/6306679.cms already exists.
2026-03-22 11:28:52,404 - INFO - [Economic Times] Early skip: URL https://economictimes.indiatimes.com/markets/stocks/news/vedanta-plunges-5-59-per-cent-on-lse-amid-talks-to-buy-cairn-stake/articleshow/6306526.cms already exists.
2026-03-22 11:28:52,406 - INFO - [Economic Times] Early skip: URL https://economictimes.indiatimes.com/markets/stocks/news/sbi-shares-on-gaining-spree-hit-record-high/articleshow/6306241.cms already exists.
2026-03-22 11:28:52,414 - INFO - [Economic Times] Early skip: URL https://economictimes.indiatimes.com/fm-must-rethink/articleshow/5645094.cms already exists.
2026-03-22 11:28:52,415 - INFO - [Economic Times] Early skip: URL https://economictimes.indiatimes.com/amalgamate-banks/articleshow/5645086.cms already exists.
2026-03-22 11:28:52,417 - INFO - [Economic Times] Early skip: URL https://economictimes.indiatimes.com/managing-data/articleshow/5117958.cms already exists.
2026-03-22 11:28:52,418 - INFO - [Economic Times] Early skip: URL https://economictimes.indiatimes.com/right-technology/articleshow/5117957.cms already exists.
2026-03-22 11:28:52,419 - INFO - [Economic Times] Early skip: URL https://economictimes.indiatimes.com/et-search/articleshow/21646857.cms already exists.
2026-03-22 11:28:52,428 - INFO - [Economic Times] Early skip: URL https://economictimes.indiatimes.com/after-the-oscars-whats-next-for-silent-stars-of-the-artist/articleshow/12075465.cms already exists.
2026-03-22 11:28:52,430 - INFO - [Economic Times] Early skip: URL https://economictimes.indiatimes.com/delhi-world-book-fair-a-fair-like-no-other/articleshow/12028630.cms already exists.
2026-03-22 11:28:52,432 - INFO - [Economic Times] Early skip: URL https://economictimes.indiatimes.com/lk-advanis-gift-makes-its-way-to-state-department-exhibition-hall/articleshow/12017534.cms already exists.
2026-03-22 11:28:52,433 - INFO - [Economic Times] Early skip: URL https://economictimes.indiatimes.com/india-meteorological-department-to-use-dynamic-models-for-forecasts/articleshow/11983844.cms already exists.
2026-03-22 11:28:52,434 - INFO - [Economic Times] Early skip: URL https://economictimes.indiatimes.com/documents-reveal-contents-of-the-first-telegraph-message-between-india-england/articleshow/11976488.cms already exists.
2026-03-22 11:28:52,439 - INFO - [Economic Times] Early skip: URL https://economictimes.indiatimes.com/worried-amitabh-bachchan-fans-pray-to-lord-shiva-for-his-recovery/articleshow/11963187.cms already exists.
2026-03-22 11:28:52,441 - INFO - [Economic Times] Early skip: URL https://economictimes.indiatimes.com/opinion/interviews/every-decision-of-government-neednt-be-a-big-reform-anand-mahindra/articleshow/35919571.cms already exists.
2026-03-22 11:28:52,442 - INFO - [Economic Times] Early skip: URL https://economictimes.indiatimes.com/opinion/interviews/narendra-modi-has-his-eyes-set-on-boosting-business-joao-cravinho-eu-ambassador/articleshow/35973824.cms already exists.
2026-03-22 11:28:52,444 - INFO - [Economic Times] Early skip: URL https://economictimes.indiatimes.com/opinion/interviews/confidence-level-of-industry-improving-kv-kamath-icici-bank/articleshow/35945669.cms already exists.
2026-03-22 11:28:52,449 - INFO - [Economic Times] Early skip: URL https://economictimes.indiatimes.com/opinion/interviews/we-may-see-rapid-growth-over-the-next-few-years-raamdeo-agrawal/articleshow/35831378.cms already exists.
2026-03-22 11:28:52,451 - INFO - [Economic Times] Early skip: URL https://economictimes.indiatimes.com/opinion/interviews/our-commitment-for-press-freedom-and-autonomy-of-public-broadcast-is-absolute-prakash-javadekar/articleshow/35803396.cms already exists.
2026-03-22 11:28:52,453 - INFO - [Economic Times] Early skip: URL https://economictimes.indiatimes.com/opinion/interviews/there-is-a-leadership-vacuum-in-infosys-time-to-get-nandan-nilekani-back-mohandas-pai/articleshow/35716682.cms already exists.
2026-03-22 11:28:52,460 - INFO - [Economic Times] Early skip: URL https://economictimes.indiatimes.com/markets/stocks/news/oil-prices-to-hit-150-how-indian-stock-markets-may-react-as-iran-war-rages-on/articleshow/129587020.cms already exists.
2026-03-22 11:28:52,466 - INFO - [Economic Times] Early skip: URL https://economictimes.indiatimes.com/markets/us-stocks/news/why-a-7030-india-global-portfolio-makes-sense-in-a-changing-world-subho-moulik-decodes/articleshow/127604085.cms already exists.
2026-03-22 11:28:52,467 - INFO - [Economic Times] Early skip: URL https://economictimes.indiatimes.com/markets/expert-view/kaynes-shares-plunge-43-from-october-peak-is-a-tactical-rebound-on-the-cards-or-more-pain-ahead/articleshow/125815992.cms already exists.
2026-03-22 11:28:52,469 - INFO - [Economic Times] Early skip: URL https://economictimes.indiatimes.com/markets/stocks/news/warren-buffett-is-buying-michael-burry-is-shorting-the-ai-trade-splitting-wall-street/articleshow/125815521.cms already exists.
2026-03-22 11:28:52,470 - INFO - [Economic Times] Early skip: URL https://economictimes.indiatimes.com/markets/ipos/fpos/softbank-backed-acevector-files-updated-ipo-papers-targets-to-raise-rs-300-cr-via-fresh-issue/articleshow/125813493.cms already exists.
2026-03-22 11:28:52,479 - INFO - [Economic Times] Early skip: URL https://economictimes.indiatimes.com/markets/stocks/news/mcap-of-five-of-top-10-most-valued-firms-surges-rs-72285-cr-tcs-infosys-biggest-winners/articleshow/125813435.cms already exists.
2026-03-22 11:28:52,482 - INFO - [Economic Times] Early skip: URL https://economictimes.indiatimes.com/markets/stocks/news/alfa-laval-raises-delisting-price-to-rs-2850-a-share/articleshow/11437373.cms already exists.
2026-03-22 11:28:52,484 - INFO - [Economic Times] Early skip: URL https://economictimes.indiatimes.com/markets/stocks/news/db-realty-unitech-stocks-rose-after-top-executives-granted-bail-in-2g-scam/articleshow/10925114.cms already exists.
2026-03-22 11:28:52,487 - INFO - [Economic Times] Early skip: URL https://economictimes.indiatimes.com/markets/stocks/news/fitch-withdraws-reliance-capital-ratings/articleshow/10430814.cms already exists.
2026-03-22 11:28:52,491 - INFO - [Economic Times] Early skip: URL https://economictimes.indiatimes.com/markets/stocks/news/discoms-poor-financial-health-poses-risks-for-power-traders-fitch/articleshow/10430186.cms already exists.
2026-03-22 11:28:52,495 - INFO - [Economic Times] Early skip: URL https://economictimes.indiatimes.com/markets/stocks/news/cigarette-companies-price-hikes-with-higher-volumes-hold-promise/articleshow/9277179.cms already exists.
2026-03-22 11:28:52,499 - INFO - [Economic Times] Early skip: URL https://economictimes.indiatimes.com/markets/stocks/news/lovable-lingeries-dream-run-on-as-traders-lap-it-up/articleshow/8894615.cms already exists.
2026-03-22 11:28:52,500 - INFO - [Economic Times] (Thread) Finished. Attempting to shut down its Selenium driver.
2026-03-22 11:28:52,708 - INFO - [Economic Times] (Thread) driver.quit() successful.
2026-03-22 11:29:35,026 - INFO - >>> SUCCESSFULLY SAVED [ID: 44167] - ‘Nobody else is responsible’: Trump to blame for Iran crisis, ex-CIA chief says | Donald Trump | The Guardian from The Guardian (1446 words)
2026-03-22 11:29:35,835 - INFO - [The Guardian] Article: https://www.theguardian.com/world/2026/mar/22/iran-capability-intent-bomb-missiles-britain-steve-reed
2026-03-22 11:29:35,835 - INFO - [The Guardian] Attempt 1/1: Trying with 'requests_browser' strategy...
2026-03-22 11:29:36,028 - INFO - [The Guardian] Success with 'requests_browser'. Found content (506 words).
2026-03-22 11:29:55,891 - INFO - DEDUPLICATION: Found match (Score: 0.83). Linking to Cluster ID: c33f527d-fdcc-4866-9454-b0f5fdd804db
2026-03-22 11:29:58,183 - INFO - >>> SUCCESSFULLY SAVED [ID: 44168] - Aftermath of Iranian missile strikes near Israel’s nuclear facility | US-Israel war on Iran News | Al Jazeera from Al Jazeera (288 words)
2026-03-22 11:29:59,528 - INFO - [Al Jazeera] Article: https://www.aljazeera.com/video/newsfeed/2026/3/22/lebanese-nurse-refuses-to-leave-her-post-at-hospital-despite-loses?traffic_source=rss
2026-03-22 11:29:59,528 - INFO - [Al Jazeera] Attempt 1/2: Trying with 'requests_browser' strategy...
2026-03-22 11:29:59,577 - WARNING - [Al Jazeera] FAILED with 'requests_browser' (content was too short: 87 words).
2026-03-22 11:30:00,453 - INFO - [Al Jazeera] Article: https://www.aljazeera.com/video/newsfeed/2026/3/22/lebanese-nurse-refuses-to-leave-her-post-at-hospital-despite-loses?traffic_source=rss
2026-03-22 11:30:00,453 - INFO - [Al Jazeera] Attempt 2/2: Trying with 'selenium_browser' strategy...
2026-03-22 11:30:01,831 - INFO - [Al Jazeera] Page content loaded.
2026-03-22 11:30:01,968 - WARNING - [Al Jazeera] FAILED with 'selenium_browser' (content was too short: 87 words).
2026-03-22 11:30:01,968 - ERROR - [Al Jazeera] All scrape strategies failed for https://www.aljazeera.com/video/newsfeed/2026/3/22/lebanese-nurse-refuses-to-leave-her-post-at-hospital-despite-loses?traffic_source=rss. Falling back to RSS description.
2026-03-22 11:30:01,968 - WARNING - SKIPPED (GLOBAL WORD LIMIT): Article 'Lebanese nurse refuses to leave her post at hospital despite loses' from Al Jazeera has only 19 words (Min: 90).
2026-03-22 11:30:03,215 - INFO - [Al Jazeera] Article: https://www.aljazeera.com/video/quotable/2026/3/22/the-united-states-doesnt-even-pretend-to-be-within-international?traffic_source=rss
2026-03-22 11:30:03,215 - INFO - [Al Jazeera] Attempt 1/2: Trying with 'requests_browser' strategy...
2026-03-22 11:30:03,319 - WARNING - [Al Jazeera] FAILED with 'requests_browser' (content was too short: 57 words).
2026-03-22 11:30:04,004 - INFO - [Al Jazeera] Article: https://www.aljazeera.com/video/quotable/2026/3/22/the-united-states-doesnt-even-pretend-to-be-within-international?traffic_source=rss
2026-03-22 11:30:04,004 - INFO - [Al Jazeera] Attempt 2/2: Trying with 'selenium_browser' strategy...
2026-03-22 11:30:06,261 - INFO - [Al Jazeera] Page content loaded.
2026-03-22 11:30:06,441 - WARNING - [Al Jazeera] FAILED with 'selenium_browser' (content was too short: 57 words).
2026-03-22 11:30:06,441 - ERROR - [Al Jazeera] All scrape strategies failed for https://www.aljazeera.com/video/quotable/2026/3/22/the-united-states-doesnt-even-pretend-to-be-within-international?traffic_source=rss. Falling back to RSS description.
2026-03-22 11:30:06,441 - WARNING - SKIPPED (GLOBAL WORD LIMIT): Article '‘The United States doesn’t even pretend to be within international law’' from Al Jazeera has only 11 words (Min: 90).
2026-03-22 11:30:07,854 - INFO - [Al Jazeera] Early skip: URL https://www.aljazeera.com/news/2026/3/22/italians-vote-in-high-stakes-justice-referendum-in-key-test-for-meloni?traffic_source=rss already exists.
2026-03-22 11:30:07,855 - INFO - [Al Jazeera] Article: https://www.aljazeera.com/video/newsfeed/2026/3/22/israeli-firefighters-battle-vehicles-blaze-after-missile-attack-from-lebano?traffic_source=rss
2026-03-22 11:30:07,856 - INFO - [Al Jazeera] Attempt 1/2: Trying with 'requests_browser' strategy...
2026-03-22 11:30:07,941 - WARNING - [Al Jazeera] FAILED with 'requests_browser' (content was too short: 64 words).
2026-03-22 11:30:08,492 - INFO - [Al Jazeera] Article: https://www.aljazeera.com/video/newsfeed/2026/3/22/israeli-firefighters-battle-vehicles-blaze-after-missile-attack-from-lebano?traffic_source=rss
2026-03-22 11:30:08,492 - INFO - [Al Jazeera] Attempt 2/2: Trying with 'selenium_browser' strategy...
2026-03-22 11:30:09,197 - INFO - [Al Jazeera] Page content loaded.
2026-03-22 11:30:09,274 - WARNING - [Al Jazeera] FAILED with 'selenium_browser' (content was too short: 64 words).
2026-03-22 11:30:09,275 - ERROR - [Al Jazeera] All scrape strategies failed for https://www.aljazeera.com/video/newsfeed/2026/3/22/israeli-firefighters-battle-vehicles-blaze-after-missile-attack-from-lebano?traffic_source=rss. Falling back to RSS description.
2026-03-22 11:30:09,275 - WARNING - SKIPPED (GLOBAL WORD LIMIT): Article 'Israeli firefighters battle vehicles blaze after missile attack from Lebano' from Al Jazeera has only 17 words (Min: 90).
2026-03-22 11:30:10,361 - INFO - [Al Jazeera] Article: https://www.aljazeera.com/video/newsfeed/2026/3/22/woman-confronts-ben-gvir-at-site-of-iranian-missile-strike?traffic_source=rss
2026-03-22 11:30:10,361 - INFO - [Al Jazeera] Attempt 1/2: Trying with 'requests_browser' strategy...
2026-03-22 11:30:10,730 - WARNING - [Al Jazeera] FAILED with 'requests_browser' (content was too short: 59 words).
2026-03-22 11:30:11,710 - INFO - [Al Jazeera] Article: https://www.aljazeera.com/video/newsfeed/2026/3/22/woman-confronts-ben-gvir-at-site-of-iranian-missile-strike?traffic_source=rss
2026-03-22 11:30:11,710 - INFO - [Al Jazeera] Attempt 2/2: Trying with 'selenium_browser' strategy...
2026-03-22 11:30:12,964 - INFO - [Al Jazeera] Page content loaded.
2026-03-22 11:30:13,041 - WARNING - [Al Jazeera] FAILED with 'selenium_browser' (content was too short: 59 words).
2026-03-22 11:30:13,041 - ERROR - [Al Jazeera] All scrape strategies failed for https://www.aljazeera.com/video/newsfeed/2026/3/22/woman-confronts-ben-gvir-at-site-of-iranian-missile-strike?traffic_source=rss. Falling back to RSS description.
2026-03-22 11:30:13,041 - WARNING - SKIPPED (GLOBAL WORD LIMIT): Article 'Woman confronts Ben-Gvir at site of Iranian missile strike' from Al Jazeera has only 18 words (Min: 90).
2026-03-22 11:30:13,580 - INFO - [Al Jazeera] Early skip: URL https://www.aljazeera.com/opinions/2026/3/22/why-the-world-should-worry-about-israels-nuclear-doctrine?traffic_source=rss already exists.
2026-03-22 11:30:13,582 - INFO - [Al Jazeera] Early skip: URL https://www.aljazeera.com/news/2026/3/22/slovenias-governing-liberals-face-right-wing-populists-in-tight-election?traffic_source=rss already exists.
2026-03-22 11:30:13,583 - INFO - [Al Jazeera] Early skip: URL https://www.aljazeera.com/news/2026/3/22/iran-war-whats-happening-on-day-23-of-us-israel-attacks?traffic_source=rss already exists.
2026-03-22 11:30:13,584 - INFO - [Al Jazeera] Early skip: URL https://www.aljazeera.com/news/2026/3/22/six-killed-as-qatar-army-helicopter-crashes-due-to-technical-malfunction-2?traffic_source=rss already exists.
2026-03-22 11:30:13,588 - INFO - [Al Jazeera] Article: https://www.aljazeera.com/video/newsfeed/2026/3/22/ghana-pushes-for-slave-trade-to-be-declared-a-crime-against-humanity?traffic_source=rss
2026-03-22 11:30:13,588 - INFO - [Al Jazeera] Attempt 1/2: Trying with 'requests_browser' strategy...
2026-03-22 11:30:13,668 - WARNING - [Al Jazeera] FAILED with 'requests_browser' (content was too short: 59 words).
2026-03-22 11:30:14,454 - INFO - [Al Jazeera] Article: https://www.aljazeera.com/video/newsfeed/2026/3/22/ghana-pushes-for-slave-trade-to-be-declared-a-crime-against-humanity?traffic_source=rss
2026-03-22 11:30:14,454 - INFO - [Al Jazeera] Attempt 2/2: Trying with 'selenium_browser' strategy...
2026-03-22 11:30:15,357 - INFO - [Al Jazeera] Page content loaded.
2026-03-22 11:30:15,423 - WARNING - [Al Jazeera] FAILED with 'selenium_browser' (content was too short: 59 words).
2026-03-22 11:30:15,424 - ERROR - [Al Jazeera] All scrape strategies failed for https://www.aljazeera.com/video/newsfeed/2026/3/22/ghana-pushes-for-slave-trade-to-be-declared-a-crime-against-humanity?traffic_source=rss. Falling back to RSS description.
2026-03-22 11:30:15,424 - WARNING - SKIPPED (GLOBAL WORD LIMIT): Article 'Ghana pushes for slave trade to be declared a crime against Humanity' from Al Jazeera has only 16 words (Min: 90).
2026-03-22 11:30:15,927 - INFO - [Al Jazeera] Early skip: URL https://www.aljazeera.com/features/longform/2026/3/22/i-count-their-breaths-a-homeless-mother-protects-her-children-in-delhi?traffic_source=rss already exists.
2026-03-22 11:30:15,928 - INFO - [Al Jazeera] Article: https://www.aljazeera.com/video/newsfeed/2026/3/22/drone-footage-shows-damage-in-arad-after-overnight-iranian-missile-attack?traffic_source=rss
2026-03-22 11:30:15,929 - INFO - [Al Jazeera] Attempt 1/2: Trying with 'requests_browser' strategy...
2026-03-22 11:30:15,979 - WARNING - [Al Jazeera] FAILED with 'requests_browser' (content was too short: 44 words).
2026-03-22 11:30:16,974 - INFO - [Al Jazeera] Article: https://www.aljazeera.com/video/newsfeed/2026/3/22/drone-footage-shows-damage-in-arad-after-overnight-iranian-missile-attack?traffic_source=rss
2026-03-22 11:30:16,974 - INFO - [Al Jazeera] Attempt 2/2: Trying with 'selenium_browser' strategy...
2026-03-22 11:30:17,799 - INFO - [Al Jazeera] Page content loaded.
2026-03-22 11:30:17,922 - WARNING - [Al Jazeera] FAILED with 'selenium_browser' (content was too short: 44 words).
2026-03-22 11:30:17,922 - ERROR - [Al Jazeera] All scrape strategies failed for https://www.aljazeera.com/video/newsfeed/2026/3/22/drone-footage-shows-damage-in-arad-after-overnight-iranian-missile-attack?traffic_source=rss. Falling back to RSS description.
2026-03-22 11:30:17,922 - WARNING - SKIPPED (GLOBAL WORD LIMIT): Article 'Drone footage shows damage in Arad after overnight Iranian missile attack' from Al Jazeera has only 17 words (Min: 90).
2026-03-22 11:30:18,534 - INFO - [Al Jazeera] Early skip: URL https://www.aljazeera.com/news/2026/3/22/cant-live-like-this-cuba-hit-by-second-nationwide-blackout-in-a-week?traffic_source=rss already exists.
2026-03-22 11:30:18,536 - INFO - [Al Jazeera] Article: https://www.aljazeera.com/video/newsfeed/2026/3/22/drone-footage-captures-flooding-across-oahu-hawaii?traffic_source=rss
2026-03-22 11:30:18,536 - INFO - [Al Jazeera] Attempt 1/2: Trying with 'requests_browser' strategy...
2026-03-22 11:30:18,691 - WARNING - [Al Jazeera] FAILED with 'requests_browser' (content was too short: 58 words).
2026-03-22 11:30:19,648 - INFO - [Al Jazeera] Article: https://www.aljazeera.com/video/newsfeed/2026/3/22/drone-footage-captures-flooding-across-oahu-hawaii?traffic_source=rss
2026-03-22 11:30:19,648 - INFO - [Al Jazeera] Attempt 2/2: Trying with 'selenium_browser' strategy...
2026-03-22 11:30:21,531 - INFO - [Al Jazeera] Page content loaded.
2026-03-22 11:30:21,667 - WARNING - [Al Jazeera] FAILED with 'selenium_browser' (content was too short: 58 words).
2026-03-22 11:30:21,672 - ERROR - [Al Jazeera] All scrape strategies failed for https://www.aljazeera.com/video/newsfeed/2026/3/22/drone-footage-captures-flooding-across-oahu-hawaii?traffic_source=rss. Falling back to RSS description.
2026-03-22 11:30:21,672 - WARNING - SKIPPED (GLOBAL WORD LIMIT): Article 'Drone footage captures flooding across Oahu, Hawaii' from Al Jazeera has only 16 words (Min: 90).
2026-03-22 11:30:22,893 - INFO - [Al Jazeera] Early skip: URL https://www.aljazeera.com/sports/2026/3/22/evloev-upsets-murphy-sets-up-featherweight-title-shot-against-volkanovski?traffic_source=rss already exists.
2026-03-22 11:30:22,895 - INFO - [Al Jazeera] Article: https://www.aljazeera.com/video/newsfeed/2026/3/22/trump-threatens-to-obliterate-iran-power-plants-unless-hormuz-strait-open?traffic_source=rss
2026-03-22 11:30:22,895 - INFO - [Al Jazeera] Attempt 1/2: Trying with 'requests_browser' strategy...
2026-03-22 11:30:22,941 - WARNING - [Al Jazeera] FAILED with 'requests_browser' (content was too short: 72 words).
2026-03-22 11:30:23,615 - INFO - [Al Jazeera] Article: https://www.aljazeera.com/video/newsfeed/2026/3/22/trump-threatens-to-obliterate-iran-power-plants-unless-hormuz-strait-open?traffic_source=rss
2026-03-22 11:30:23,615 - INFO - [Al Jazeera] Attempt 2/2: Trying with 'selenium_browser' strategy...
2026-03-22 11:30:24,886 - INFO - [Al Jazeera] Page content loaded.
2026-03-22 11:30:24,943 - WARNING - [Al Jazeera] FAILED with 'selenium_browser' (content was too short: 72 words).
2026-03-22 11:30:24,944 - ERROR - [Al Jazeera] All scrape strategies failed for https://www.aljazeera.com/video/newsfeed/2026/3/22/trump-threatens-to-obliterate-iran-power-plants-unless-hormuz-strait-open?traffic_source=rss. Falling back to RSS description.
2026-03-22 11:30:24,944 - WARNING - SKIPPED (GLOBAL WORD LIMIT): Article 'Trump threatens to ‘obliterate’ Iran power plants unless Hormuz Strait open' from Al Jazeera has only 18 words (Min: 90).
2026-03-22 11:30:25,877 - INFO - [Al Jazeera] Early skip: URL https://www.aljazeera.com/news/2026/3/22/casualties-as-israeli-settlers-set-fire-to-homes-and-cars-in-west-bank?traffic_source=rss already exists.
2026-03-22 11:30:25,879 - INFO - [Al Jazeera] Article: https://www.aljazeera.com/video/newsfeed/2026/3/22/what-we-know-about-irans-latest-attacks-on-israel?traffic_source=rss
2026-03-22 11:30:25,879 - INFO - [Al Jazeera] Attempt 1/2: Trying with 'requests_browser' strategy...
2026-03-22 11:30:25,958 - WARNING - [Al Jazeera] FAILED with 'requests_browser' (content was too short: 70 words).
2026-03-22 11:30:26,851 - INFO - [Al Jazeera] Article: https://www.aljazeera.com/video/newsfeed/2026/3/22/what-we-know-about-irans-latest-attacks-on-israel?traffic_source=rss
2026-03-22 11:30:26,851 - INFO - [Al Jazeera] Attempt 2/2: Trying with 'selenium_browser' strategy...
2026-03-22 11:30:26,910 - INFO - >>> SUCCESSFULLY SAVED [ID: 44169] - Kerala State Electricity Board seeks regulator’s nod for medium-term power purchase deal with Damodar Valley Corporation - The Hindu from The Hindu (363 words)
2026-03-22 11:30:27,418 - INFO - [The Hindu] Article: https://www.thehindu.com/news/national/andhra-pradesh/death-toll-in-andhra-milk-adulteration-case/article70772116.ece
2026-03-22 11:30:27,418 - INFO - [The Hindu] Attempt 1/1: Trying with 'selenium_browser' strategy...
2026-03-22 11:30:27,979 - INFO - [Al Jazeera] Page content loaded.
2026-03-22 11:30:28,096 - WARNING - [Al Jazeera] FAILED with 'selenium_browser' (content was too short: 70 words).
2026-03-22 11:30:28,096 - ERROR - [Al Jazeera] All scrape strategies failed for https://www.aljazeera.com/video/newsfeed/2026/3/22/what-we-know-about-irans-latest-attacks-on-israel?traffic_source=rss. Falling back to RSS description.
2026-03-22 11:30:28,096 - WARNING - SKIPPED (GLOBAL WORD LIMIT): Article 'What we know about Iran’s latest attacks on Israel' from Al Jazeera has only 16 words (Min: 90).
2026-03-22 11:30:29,401 - INFO - [Al Jazeera] Early skip: URL https://www.aljazeera.com/video/inside-story/2026/3/22/will-the-houthis-join-iran-in-war-against-israel-and-the-us?traffic_source=rss already exists.
2026-03-22 11:30:29,403 - INFO - [Al Jazeera] Early skip: URL https://www.aljazeera.com/news/2026/3/22/trump-issues-48-hour-hormuz-strait-ultimatum-threatens-iran-power-plants?traffic_source=rss already exists.
2026-03-22 11:30:29,405 - INFO - [Al Jazeera] Early skip: URL https://www.aljazeera.com/news/liveblog/2026/3/22/iran-war-live-trump-threatens-attacks-on-power-plants-over-hormuz-strait?traffic_source=rss already exists.
2026-03-22 11:30:29,406 - INFO - [Al Jazeera] Early skip: URL https://www.aljazeera.com/news/2026/3/21/they-want-to-colonise-us-brazils-lula-warns-of-foreign-interference?traffic_source=rss already exists.
2026-03-22 11:30:29,407 - INFO - [Al Jazeera] Early skip: URL https://www.aljazeera.com/news/2026/3/21/saudi-arabia-expels-iran-military-attache-and-four-team-members?traffic_source=rss already exists.
2026-03-22 11:30:29,409 - INFO - [Al Jazeera] Early skip: URL https://www.aljazeera.com/news/2026/3/21/iran-strikes-towns-near-israels-nuclear-site-in-escalating-tit-for-tat?traffic_source=rss already exists.
2026-03-22 11:30:29,410 - INFO - [Al Jazeera] (Thread) Finished. Attempting to shut down its Selenium driver.
2026-03-22 11:30:29,603 - INFO - [Al Jazeera] (Thread) driver.quit() successful.
2026-03-22 11:30:30,260 - INFO - [The Hindu] Page content loaded.
2026-03-22 11:30:30,347 - INFO - [The Hindu] Success with 'selenium_browser'. Found content (480 words).
2026-03-22 11:30:55,833 - INFO - >>> SUCCESSFULLY SAVED [ID: 44170] - Meet Nithin Hassan: Indian-origin techie who left Meta, to build his startup in India | World News - The Times of India from Times of India (775 words)
2026-03-22 11:30:56,656 - INFO - [Times of India] Article: https://timesofindia.indiatimes.com/world/us/watch-pilot-draws-sky-tribute-for-three-ohio-guardsmen-killed-in-refuelling-plane-crash-in-iraq/articleshow/129731406.cms
2026-03-22 11:30:56,656 - INFO - [Times of India] Attempt 1/1: Trying with 'selenium_browser' strategy...
2026-03-22 11:31:00,868 - INFO - [Times of India] Page content loaded.
2026-03-22 11:31:01,327 - INFO - [Times of India] Success with 'selenium_browser'. Found content (284 words).
2026-03-22 11:31:21,118 - INFO - >>> SUCCESSFULLY SAVED [ID: 44171] - 3 Turks, including serviceman, among dead in Qatar copter crash - World - DAWN.COM from The Dawn (132 words)
2026-03-22 11:31:21,928 - INFO - [The Dawn] Early skip: URL https://www.dawn.com/news/1984307/iran-missiles-hit-southern-israel-injuring-more-than-100 already exists.
2026-03-22 11:31:21,929 - INFO - [The Dawn] Early skip: URL https://www.dawn.com/news/1984292/pakistan-tops-global-terrorism-index-with-6pc-increase-in-terror-related-deaths already exists.
2026-03-22 11:31:21,930 - INFO - [The Dawn] Early skip: URL https://www.dawn.com/news/1984306/european-nations-decry-increasing-settler-terror-in-occupied-west-bank already exists.
2026-03-22 11:31:21,932 - INFO - [The Dawn] Early skip: URL https://www.dawn.com/news/1984296/democrats-push-for-public-debate-as-us-israel-war-on-iran-escalates already exists.
2026-03-22 11:31:21,933 - INFO - [The Dawn] Early skip: URL https://www.dawn.com/news/1984295/sri-lanka-raises-fuel-prices-by-25pc-as-us-israel-war-on-iran-bites already exists.
2026-03-22 11:31:21,935 - INFO - [The Dawn] Early skip: URL https://www.dawn.com/news/1984256/terrorists-operating-from-afghanistan-wont-be-allowed-to-undermine-pakistans-security-cdf-munir already exists.
2026-03-22 11:31:21,936 - INFO - [The Dawn] Early skip: URL https://www.dawn.com/news/1984193/president-pm-call-for-greater-unity-among-muslims-as-nation-marks-eidul-fitr-in-testing-times already exists.
2026-03-22 11:31:21,937 - INFO - [The Dawn] Early skip: URL https://www.dawn.com/news/1984252/scarcity-of-energy-pm-shehbaz-urges-nation-govt-to-display-responsible-attitude already exists.
2026-03-22 11:31:21,938 - INFO - [The Dawn] Early skip: URL https://www.dawn.com/news/1984201/dubai-property-sector-shows-early-signs-of-weakness already exists.
2026-03-22 11:31:21,940 - INFO - [The Dawn] Early skip: URL https://www.dawn.com/news/1984311/patriot-missile-involved-in-bahrain-blast-likely-us-operated-analysis-finds already exists.
2026-03-22 11:31:21,941 - INFO - [The Dawn] Early skip: URL https://www.dawn.com/news/1984191/trump-says-considering-winding-down-iran-war-but-rules-out-ceasefire already exists.
2026-03-22 11:31:21,942 - INFO - [The Dawn] Early skip: URL https://www.dawn.com/news/1984309/rights-groups-fear-use-of-arrest-to-stifle-free-speech-in-pakistan already exists.
2026-03-22 11:31:21,943 - INFO - [The Dawn] Early skip: URL https://www.dawn.com/news/1984226/14-dead-59-injured-in-south-korea-car-plant-fire already exists.
2026-03-22 11:31:21,945 - INFO - [The Dawn] Early skip: URL https://www.dawn.com/news/1984219/elon-musk-found-liable-to-twitter-shareholders-in-fraud-lawsuit-over-44-billion-takeover already exists.
2026-03-22 11:31:21,946 - INFO - [The Dawn] Early skip: URL https://www.dawn.com/news/1984214/stray-bullets-on-eidul-fitrs-eve-injure-7-across-karachi-police already exists.
2026-03-22 11:31:21,947 - INFO - [The Dawn] Early skip: URL https://www.dawn.com/news/1983189/the-last-days-of-benazir-bhutto already exists.
2026-03-22 11:31:21,949 - INFO - [The Dawn] Early skip: URL https://www.dawn.com/news/1984122/pm-shehbaz-rejects-recommendations-for-further-hike-in-petrol-diesel-prices already exists.
2026-03-22 11:31:21,950 - INFO - [The Dawn] Early skip: URL https://www.dawn.com/news/1984210/us-stocks-skid-as-middle-east-turmoil-fans-inflation-fear already exists.
2026-03-22 11:31:21,951 - INFO - [The Dawn] Early skip: URL https://www.dawn.com/news/1984209/gold-falls-18pc-after-report-of-us-sending-more-troops-to-middle-east already exists.
2026-03-22 11:31:21,953 - INFO - [The Dawn] Early skip: URL https://www.dawn.com/news/1983873/plan-to-restore-original-names-of-city-roads-streets-and-historic-colleges already exists.
2026-03-22 11:31:21,954 - INFO - [The Dawn] Early skip: URL https://www.dawn.com/news/1983964/wedding-plans-in-limbo-as-sindh-govt-restricts-guest-numbers-to-200 already exists.
2026-03-22 11:31:21,955 - INFO - [The Dawn] Early skip: URL https://www.dawn.com/news/1984175/6-held-in-karachi-as-nccia-busts-call-centre-targeting-foreigners already exists.
2026-03-22 11:31:21,956 - INFO - [The Dawn] Early skip: URL https://www.dawn.com/news/1983811/trophy-hunter-mistakenly-kills-juvenile-ibex-in-upper-chitral already exists.
2026-03-22 11:31:21,958 - INFO - [The Dawn] Early skip: URL https://www.dawn.com/news/1984043/study-highlights-value-of-physician-astronauts-and-their-role-in-space-exploration already exists.
2026-03-22 11:31:21,960 - INFO - [The Dawn] (Thread) Finished. Attempting to shut down its Selenium driver.
2026-03-22 11:31:22,256 - INFO - [The Dawn] (Thread) driver.quit() successful.
2026-03-22 11:31:41,459 - INFO - >>> SUCCESSFULLY SAVED [ID: 44172] - Iran not believed to have capability or intent to bomb Britain, says UK minister | US-Israel war on Iran | The Guardian from The Guardian (506 words)
2026-03-22 11:31:42,848 - INFO - [The Guardian] Early skip: URL https://www.theguardian.com/world/live/2026/mar/21/middle-east-crisis-live-iran-war-trump-eases-oil-sanctions-israel-strikes already exists.
2026-03-22 11:31:42,850 - INFO - [The Guardian] Early skip: URL https://www.theguardian.com/world/2026/mar/21/wounded-iranian-missile-strikes-southern-israel already exists.
2026-03-22 11:31:42,851 - INFO - [The Guardian] Early skip: URL https://www.theguardian.com/world/2026/mar/21/kabul-hospital-strike-eid-pakistan-taliban-families-search-for-victims already exists.
2026-03-22 11:31:42,852 - INFO - [The Guardian] Early skip: URL https://www.theguardian.com/environment/2026/mar/20/weather-tracker-unseasonal-storms-hit-parts-of-pakistan-and-india already exists.
2026-03-22 11:31:42,853 - INFO - [The Guardian] Early skip: URL https://www.theguardian.com/film/2026/mar/19/indian-film-board-blocks-release-of-oscar-nominated-gaza-drama-the-voice-of-hind-rajab already exists.
2026-03-22 11:31:42,855 - INFO - [The Guardian] Early skip: URL https://www.theguardian.com/world/2026/mar/19/india-liquefied-petroleum-gas-lpg-supply-chain-disruption-iran-conflict already exists.
2026-03-22 11:31:42,856 - INFO - [The Guardian] Early skip: URL https://www.theguardian.com/world/2026/mar/18/afghans-search-for-loved-ones-kabul-rehab-centre-pakistan-airstrike already exists.
2026-03-22 11:31:42,857 - INFO - [The Guardian] Early skip: URL https://www.theguardian.com/politics/2026/mar/22/evgeny-lebedev-ian-botham-lowest-lords-attendance-peers already exists.
2026-03-22 11:31:42,858 - INFO - [The Guardian] Early skip: URL https://www.theguardian.com/politics/2026/mar/22/tory-chief-whip-reposts-ai-video-created-by-far-right-figure-jailed-for-hate-crimes already exists.
2026-03-22 11:31:42,860 - INFO - [The Guardian] Early skip: URL https://www.theguardian.com/society/2026/mar/22/mps-threaten-fresh-inquiry-into-carers-allowance-scandal-amid-redress-delays already exists.
2026-03-22 11:31:42,861 - INFO - [The Guardian] Early skip: URL https://www.theguardian.com/society/2026/mar/22/family-courts-in-england-and-wales-not-good-enough-for-women-and-children-minister-says already exists.
2026-03-22 11:31:42,862 - INFO - [The Guardian] Early skip: URL https://www.theguardian.com/news/ng-interactive/2026/mar/22/iran-war-global-economy-donald-trump-oil-prices-inflation already exists.
2026-03-22 11:31:42,865 - INFO - [The Guardian] Article: https://www.theguardian.com/us-news/2026/mar/22/louisiana-deacon-excoummunication-appeal
2026-03-22 11:31:42,865 - INFO - [The Guardian] Attempt 1/1: Trying with 'requests_browser' strategy...
2026-03-22 11:31:42,923 - INFO - [The Guardian] Success with 'requests_browser'. Found content (894 words).
2026-03-22 11:32:01,511 - INFO - >>> SUCCESSFULLY SAVED [ID: 44173] - Death toll rises to 16 in Andhra milk adulteration case - The Hindu from The Hindu (480 words)
2026-03-22 11:32:02,707 - INFO - [The Hindu] Article: https://www.thehindu.com/news/cities/Madurai/environmentalists-seek-conservation-of-slender-loris-in-madurais-melur-region/article70771626.ece
2026-03-22 11:32:02,707 - INFO - [The Hindu] Attempt 1/1: Trying with 'selenium_browser' strategy...
2026-03-22 11:32:04,185 - INFO - [The Hindu] Page content loaded.
2026-03-22 11:32:04,960 - INFO - [The Hindu] Success with 'selenium_browser'. Found content (347 words).
2026-03-22 11:32:22,485 - INFO - >>> SUCCESSFULLY SAVED [ID: 44174] - Watch: Pilot draws sky tribute for three Ohio guardsmen killed in refuelling plane crash in Iraq - The Times of India from Times of India (284 words)
2026-03-22 11:32:23,321 - INFO - [Times of India] Early skip: URL https://timesofindia.indiatimes.com/world/middle-east/berlin-paris-rome-within-direct-range-israel-claims-iran-fired-4000-km-missiles-expanding-conflict-beyond-middle-east/articleshow/129731513.cms already exists.
2026-03-22 11:32:23,322 - INFO - [Times of India] Early skip: URL https://timesofindia.indiatimes.com/world/middle-east/oman-flood-disaster-2026-death-toll-rises-to-4-as-search-continues-amid-severe-storms/articleshow/129731263.cms already exists.
2026-03-22 11:32:23,323 - INFO - [Times of India] Early skip: URL https://timesofindia.indiatimes.com/etimes/trending/american-tourist-detained-after-being-caught-violating-balis-most-sacred-rule-on-day-of-silence/articleshow/129729311.cms already exists.
2026-03-22 11:32:23,325 - INFO - [Times of India] Early skip: URL https://timesofindia.indiatimes.com/science/harvard-scientist-demands-urgent-probe-after-mysterious-shiny-cylindrical-object-spotted-on-mars/articleshow/129723445.cms already exists.
2026-03-22 11:32:23,326 - INFO - [Times of India] Early skip: URL https://timesofindia.indiatimes.com/world/us/alexandria-ocasio-cortez-paid-nearly-19k-in-campaign-funds-for-leadership-consulting-tied-to-ketamine-therapy-expert/articleshow/129730802.cms already exists.
2026-03-22 11:32:23,327 - INFO - [Times of India] Early skip: URL https://timesofindia.indiatimes.com/world/rest-of-world/8000-bitcoins-in-the-trash-this-man-spent-12-years-chasing-a-550-million-fortune-buried-beneath-a-landfill/articleshow/129730437.cms already exists.
2026-03-22 11:32:23,328 - INFO - [Times of India] Early skip: URL https://timesofindia.indiatimes.com/world/us/us-house-resolution-seeks-genocide-tag-for-pakistans-1971-atrocities-on-bengali-hindus/articleshow/129729566.cms already exists.
2026-03-22 11:32:23,330 - INFO - [Times of India] Early skip: URL https://timesofindia.indiatimes.com/world/middle-east/uae-warns-motorists-against-entering-flooded-valleys-dh2000-fine-23-black-points-and-60-day-vehicle-impoundment/articleshow/129729129.cms already exists.
2026-03-22 11:32:23,331 - INFO - [Times of India] Early skip: URL https://timesofindia.indiatimes.com/world/middle-east/strait-of-hormuz-on-edge-as-saudi-arabia-opens-king-fahd-air-base-to-us-forces-amid-iran-tensions/articleshow/129728671.cms already exists.
2026-03-22 11:32:23,332 - INFO - [Times of India] Early skip: URL https://timesofindia.indiatimes.com/world/us/saves-5000-per-lot-why-american-builders-are-selling-treeless-homes-to-families/articleshow/129728430.cms already exists.
2026-03-22 11:32:23,333 - INFO - [Times of India] Early skip: URL https://timesofindia.indiatimes.com/world/middle-east/saudi-arabia-records-over-22000-violations-arrests-thousands-in-one-week-crackdown-on-residency-labour-and-border-breaches/articleshow/129728345.cms already exists.
2026-03-22 11:32:23,335 - INFO - [Times of India] Early skip: URL https://timesofindia.indiatimes.com/world/middle-east/uae-weather-today-rain-likely-in-fujairah-and-rak-temperatures-hover-around-30c-in-dubai/articleshow/129728153.cms already exists.
2026-03-22 11:32:23,336 - INFO - [Times of India] Early skip: URL https://timesofindia.indiatimes.com/world/south-asia/he-rapped-about-corruption-now-set-to-run-nepal-inside-balen-shahs-music/articleshow/129715855.cms already exists.
2026-03-22 11:32:23,337 - INFO - [Times of India] Early skip: URL https://timesofindia.indiatimes.com/world/us/if-iran-doesnt-open-strait-of-hormuz-within-48-hrs-trump-issues-ultimatum-to-iran/articleshow/129727200.cms already exists.
2026-03-22 11:32:23,338 - INFO - [Times of India] Early skip: URL https://timesofindia.indiatimes.com/world/us/iran-invasion-next-pentagon-plans-for-deployment-of-us-troops-on-ground-report/articleshow/129727579.cms already exists.
2026-03-22 11:32:23,339 - INFO - [Times of India] Early skip: URL https://timesofindia.indiatimes.com/world/us-streamers/kai-cenats-brother-says-hes-quitting-college-claims-700k-monthly-allowance/articleshow/129724576.cms already exists.
2026-03-22 11:32:23,341 - INFO - [Times of India] Early skip: URL https://timesofindia.indiatimes.com/world/us-streamers/kick-streamer-clavicular-pursues-criminal-and-civil-charges-after-being-slapped-in-club/articleshow/129724930.cms already exists.
2026-03-22 11:32:23,342 - INFO - [Times of India] Early skip: URL https://timesofindia.indiatimes.com/world/rest-of-world/cuba-in-darkness-again-us-oil-blockade-forces-another-blackout-this-week-as-havana-turns-to-flashlights/articleshow/129727681.cms already exists.
2026-03-22 11:32:23,343 - INFO - [Times of India] (Thread) Finished. Attempting to shut down its Selenium driver.
2026-03-22 11:32:23,556 - INFO - [Times of India] (Thread) driver.quit() successful.
2026-03-22 11:32:41,923 - INFO - >>> SUCCESSFULLY SAVED [ID: 44175] - Excommunicated Catholic deacon still waiting on overdue appeal outcome after his son was molested by priest | Louisiana | The Guardian from The Guardian (894 words)
2026-03-22 11:32:42,884 - INFO - [The Guardian] Early skip: URL https://www.theguardian.com/world/2026/mar/22/iran-social-media-strategy-information-war-us-israel-attack already exists.
2026-03-22 11:32:42,885 - INFO - [The Guardian] Early skip: URL https://www.theguardian.com/us-news/2026/mar/21/hawaii-flooding-warnings already exists.
2026-03-22 11:32:42,887 - INFO - [The Guardian] Early skip: URL https://www.theguardian.com/us-news/2026/mar/21/trump-threatens-to-send-ice-agents-to-airports-unless-dhs-deal-reached already exists.
2026-03-22 11:32:42,888 - INFO - [The Guardian] Early skip: URL https://www.theguardian.com/us-news/2026/mar/21/trump-robert-mueller-death already exists.
2026-03-22 11:33:02,106 - INFO - >>> SUCCESSFULLY SAVED [ID: 44176] - Environmentalists seek conservation of Slender Loris in Madurai’s Melur region - The Hindu from The Hindu (347 words)
2026-03-22 11:33:02,876 - INFO - [The Hindu] Article: https://www.thehindu.com/news/national/indo-tibet-trade-to-resume-via-shipki-la-from-june-after-covid-pause-jagat-singh-negi/article70772087.ece
2026-03-22 11:33:02,876 - INFO - [The Hindu] Attempt 1/1: Trying with 'selenium_browser' strategy...
2026-03-22 11:33:03,590 - INFO - [The Hindu] Page content loaded.
2026-03-22 11:33:03,652 - INFO - [The Hindu] Success with 'selenium_browser'. Found content (337 words).
2026-03-22 11:33:27,739 - INFO - >>> SUCCESSFULLY SAVED [ID: 44177] - Indo-Tibet trade to resume via Shipki La from June after Covid pause: Jagat Singh Negi - The Hindu from The Hindu (337 words)
2026-03-22 11:33:28,417 - INFO - [The Hindu] Article: https://www.thehindu.com/elections/tamil-nadu-assembly/velmurugan-of-tamilaga-vazhvurimai-katchi-exits-dmk-alliance-rules-out-joining-nda/article70772085.ece
2026-03-22 11:33:28,417 - INFO - [The Hindu] Attempt 1/1: Trying with 'selenium_browser' strategy...
2026-03-22 11:33:29,319 - INFO - [The Hindu] Page content loaded.
2026-03-22 11:33:29,403 - INFO - [The Hindu] Success with 'selenium_browser'. Found content (238 words).
2026-03-22 11:33:52,353 - INFO - >>> SUCCESSFULLY SAVED [ID: 44178] - Tamil Nadu election 2026: Velmurugan’s Tamilaga Vazhvurimai Katchi exits DMK alliance; rules out joining NDA - The Hindu from The Hindu (238 words)
2026-03-22 11:33:53,363 - INFO - [The Hindu] Early skip: URL https://www.thehindu.com/news/national/cabinet-colleagues-laud-pm-modis-record-breaking-8931-days-in-public-office/article70771900.ece already exists.
2026-03-22 11:33:53,364 - INFO - [The Hindu] Early skip: URL https://www.thehindu.com/news/national/pm-modi-ministerial-meeting-on-energy-supply-challenges-amid-west-asia-conflict/article70771872.ece already exists.
2026-03-22 11:33:53,366 - INFO - [The Hindu] Early skip: URL https://www.thehindu.com/elections/assembly-elections-kerala-tamil-nadu-west-bengal-assam-puducherry-live-updates-march-22-2026/article70771411.ece already exists.
2026-03-22 11:33:53,367 - INFO - [The Hindu] Article: https://www.thehindu.com/news/cities/Visakhapatnam/environmental-activist-expresses-concern-at-degradation-of-kolleru-lake/article70772043.ece
2026-03-22 11:33:53,367 - INFO - [The Hindu] Attempt 1/1: Trying with 'selenium_browser' strategy...
2026-03-22 11:33:54,270 - INFO - [The Hindu] Page content loaded.
2026-03-22 11:33:54,327 - INFO - [The Hindu] Success with 'selenium_browser'. Found content (135 words).
2026-03-22 11:34:17,320 - INFO - >>> SUCCESSFULLY SAVED [ID: 44179] - Environmental activist expresses concern at degradation of Kolleru Lake - The Hindu from The Hindu (135 words)
2026-03-22 11:34:18,715 - INFO - [The Hindu] Early skip: URL https://www.thehindu.com/elections/tamil-nadu-assembly/dmk-president-mk-stalin-offers-only-five-seats-cpi-m-seeks-more-time-to-discuss/article70771884.ece already exists.
2026-03-22 11:34:18,716 - INFO - [The Hindu] Article: https://www.thehindu.com/news/national/chhattisgarh/chhattisgarh-mahasamund-ropeway-trolley-accident-death-toll-probe/article70772055.ece
2026-03-22 11:34:18,716 - INFO - [The Hindu] Attempt 1/1: Trying with 'selenium_browser' strategy...
2026-03-22 11:34:19,589 - INFO - [The Hindu] Page content loaded.
2026-03-22 11:34:19,652 - INFO - [The Hindu] Success with 'selenium_browser'. Found content (437 words).
2026-03-22 11:34:42,264 - INFO - >>> SUCCESSFULLY SAVED [ID: 44180] - Woman killed, six injured as ropeway trolley crashes in Chhattisgarh's Mahasamund - The Hindu from The Hindu (437 words)
2026-03-22 11:34:43,160 - INFO - [The Hindu] Early skip: URL https://www.thehindu.com/news/national/bihar/pm-modi-writes-to-nitish-kumar-on-bihar-diwas-hails-states-rich-culture-and-tradition/article70771831.ece already exists.
2026-03-22 11:34:43,162 - INFO - [The Hindu] Article: https://www.thehindu.com/news/national/andhra-pradesh/global-crisis-deepens-due-to-war-cpi-slams-modis-silence/article70772023.ece
2026-03-22 11:34:43,162 - INFO - [The Hindu] Attempt 1/1: Trying with 'selenium_browser' strategy...
2026-03-22 11:34:43,850 - INFO - [The Hindu] Page content loaded.
2026-03-22 11:34:43,927 - INFO - [The Hindu] Success with 'selenium_browser'. Found content (329 words).
2026-03-22 11:35:07,977 - INFO - >>> SUCCESSFULLY SAVED [ID: 44181] - Global crisis deepens due to war; CPI slams Modi’s silence - The Hindu from The Hindu (329 words)
2026-03-22 11:35:08,673 - INFO - [The Hindu] Early skip: URL https://www.thehindu.com/news/national/telangana/government-raises-tdr-use-allows-more-floors-and-setback-relaxations-in-new-building-rules/article70771607.ece already exists.
2026-03-22 11:35:08,674 - INFO - [The Hindu] Article: https://www.thehindu.com/news/national/kerala/house-sparrow-population-plummets-in-thiruvananthapuram-finds-survey/article70771766.ece
2026-03-22 11:35:08,674 - INFO - [The Hindu] Attempt 1/1: Trying with 'selenium_browser' strategy...
2026-03-22 11:35:09,606 - INFO - [The Hindu] Page content loaded.
2026-03-22 11:35:09,680 - INFO - [The Hindu] Success with 'selenium_browser'. Found content (423 words).
2026-03-22 11:35:32,871 - INFO - >>> SUCCESSFULLY SAVED [ID: 44182] - House sparrow population plummets in Thiruvananthapuram, finds survey - The Hindu from The Hindu (423 words)
2026-03-22 11:35:34,017 - INFO - [The Hindu] Article: https://www.thehindu.com/news/cities/bangalore/27-year-old-man-killed-in-early-morning-attack-in-east-bengaluru/article70771848.ece
2026-03-22 11:35:34,017 - INFO - [The Hindu] Attempt 1/1: Trying with 'selenium_browser' strategy...
2026-03-22 11:35:34,935 - INFO - [The Hindu] Page content loaded.
2026-03-22 11:35:34,984 - WARNING - [The Hindu] FAILED with 'selenium_browser' (content was too short: 77 words).
2026-03-22 11:35:34,985 - ERROR - [The Hindu] All scrape strategies failed for https://www.thehindu.com/news/cities/bangalore/27-year-old-man-killed-in-early-morning-attack-in-east-bengaluru/article70771848.ece. Falling back to RSS description.
2026-03-22 11:35:34,985 - WARNING - SKIPPED (GLOBAL WORD LIMIT): Article '27-year-old man killed in early morning attack in east Bengaluru' from The Hindu has only 36 words (Min: 90).
2026-03-22 11:35:36,007 - INFO - [The Hindu] Article: https://www.thehindu.com/elections/tamil-nadu-assembly/first-phase-of-randomisation-of-evms-in-cuddalore-district-on-march-23/article70771706.ece
2026-03-22 11:35:36,007 - INFO - [The Hindu] Attempt 1/1: Trying with 'selenium_browser' strategy...
2026-03-22 11:35:36,787 - INFO - [The Hindu] Page content loaded.
2026-03-22 11:35:36,846 - INFO - [The Hindu] Success with 'selenium_browser'. Found content (119 words).
2026-03-22 11:35:39,677 - CRITICAL - --- TIMEOUT: 1 scrape jobs did not complete in 300s. ---
2026-03-22 11:35:39,677 - ERROR - A thread has timed out and will be abandoned.
2026-03-22 11:35:39,677 - INFO - Shutting down thread pool (wait=False)...
2026-03-22 11:35:39,677 - INFO - Scraped: 3 The Guardian, 1 Al Jazeera, 0 TechCrunch, 0 Economic Times, 0 BBC, 2 Times of India, 1 The Dawn, 1 Timed_Out_Jobs articles. (Total saved: 7)
2026-03-22 11:35:39,677 - INFO - --- Scraping job finished ---
2026-03-22 11:35:39,677 - INFO - --- Scraper service stopped. ---
2026-03-22 11:35:39,677 - INFO - --- Main thread finished. Forcing process exit to kill zombie threads. ---
