2026-01-14 21:46:55,234 - INFO - Loading AI Semantic Model (all-MiniLM-L6-v2)...
2026-01-14 21:46:55,234 - INFO - Use pytorch device_name: cpu
2026-01-14 21:46:55,234 - INFO - Load pretrained SentenceTransformer: all-MiniLM-L6-v2
2026-01-14 21:46:55,713 - INFO - AI Model loaded successfully.
2026-01-14 21:46:55,713 - INFO - --- Scraper service started (CI Mode: Run Once) ---
2026-01-14 21:46:55,713 - INFO - --- Starting new scraping job (Parallel Mode) ---
2026-01-14 21:46:55,713 - INFO - Creating new robust session with 3 retries on 5xx/connection/read errors.
2026-01-14 21:46:55,713 - INFO - Proxy is DISABLED.
2026-01-14 21:46:55,714 - INFO - Starting scrape for BBC RSS feed: http://feeds.bbci.co.uk/news/world/rss.xml
2026-01-14 21:46:55,715 - INFO - [Times of India] (Thread) requires Selenium. Initializing driver...
2026-01-14 21:46:55,715 - INFO - Starting scrape for The Guardian RSS feed: https://www.theguardian.com/world/rss
2026-01-14 21:46:55,716 - INFO - [The Hindu] (Thread) requires Selenium. Initializing driver...
2026-01-14 21:46:55,716 - INFO - Submitted 4 jobs to thread pool. Waiting up to 300s for completion...
2026-01-14 21:46:55,900 - INFO - Found 45 articles in The Guardian RSS feed. Processing up to 30.
2026-01-14 21:46:55,901 - INFO - [The Guardian] Early skip: URL https://www.theguardian.com/us-news/2026/jan/13/trump-administration-ends-tps-somalia already exists.
2026-01-14 21:46:55,943 - INFO - Found 27 articles in BBC RSS feed. Processing up to 30.
2026-01-14 21:46:56,147 - INFO - [BBC] Early skip: URL https://www.bbc.com/news/articles/c701xywwxw8o?at_medium=RSS&at_campaign=rss already exists.
2026-01-14 21:46:56,306 - INFO - [The Guardian] Early skip: URL https://www.theguardian.com/business/2026/jan/13/developing-countries-poorer-world-bank-report already exists.
2026-01-14 21:46:56,531 - INFO - [BBC] Early skip: URL https://www.bbc.com/news/articles/c0r4veg0rrzo?at_medium=RSS&at_campaign=rss already exists.
2026-01-14 21:46:56,824 - INFO - [The Guardian] Early skip: URL https://www.theguardian.com/books/2026/jan/12/chimamanda-ngozi-adichie-accuses-lagos-hospital-negligence-son-death already exists.
2026-01-14 21:46:57,001 - INFO - [BBC] Early skip: URL https://www.bbc.com/news/articles/ceqz7v1507ro?at_medium=RSS&at_campaign=rss already exists.
2026-01-14 21:46:57,138 - INFO - [The Guardian] Early skip: URL https://www.theguardian.com/global-development/2026/jan/09/the-gambia-female-genital-mutilation-fgm-supreme-court-case-overturn-ban already exists.
2026-01-14 21:46:57,338 - INFO - [BBC] Early skip: URL https://www.bbc.com/news/articles/cy7mnzgkp7go?at_medium=RSS&at_campaign=rss already exists.
2026-01-14 21:46:57,588 - INFO - [The Guardian] Early skip: URL https://www.theguardian.com/world/2026/jan/08/questions-targeting-impact-us-airstrikes-in-nigeria already exists.
2026-01-14 21:46:57,803 - INFO - [BBC] Early skip: URL https://www.bbc.com/news/articles/cjw1nxe5pvlo?at_medium=RSS&at_campaign=rss already exists.
2026-01-14 21:46:57,951 - INFO - [The Guardian] Early skip: URL https://www.theguardian.com/world/2026/jan/14/venezuelan-political-prisoners-released already exists.
2026-01-14 21:46:58,207 - INFO - [BBC] Early skip: URL https://www.bbc.com/news/articles/c5yvgz7geyvo?at_medium=RSS&at_campaign=rss already exists.
2026-01-14 21:46:58,448 - INFO - [The Guardian] Early skip: URL https://www.theguardian.com/world/2026/jan/14/quebec-premier-francois-legault-resigns already exists.
2026-01-14 21:46:58,702 - INFO - [BBC] Early skip: URL https://www.bbc.com/news/articles/c62w8exgw1zo?at_medium=RSS&at_campaign=rss already exists.
2026-01-14 21:46:58,936 - INFO - [The Guardian] Early skip: URL https://www.theguardian.com/environment/2026/jan/12/us-plan-to-exploit-venezuelas-oil-could-eat-up-13-of-carbon-budget-to-keep-15c-limit already exists.
2026-01-14 21:46:59,195 - INFO - [BBC] Early skip: URL https://www.bbc.com/news/articles/cgezqvwr54no?at_medium=RSS&at_campaign=rss already exists.
2026-01-14 21:46:59,383 - INFO - [The Guardian] Early skip: URL https://www.theguardian.com/world/2026/jan/12/trump-latin-america-feud-colombia-gustavo-petro already exists.
2026-01-14 21:46:59,590 - INFO - [BBC] Early skip: URL https://www.bbc.com/news/articles/cvgp19zx3vjo?at_medium=RSS&at_campaign=rss already exists.
2026-01-14 21:46:59,758 - INFO - [The Guardian] Early skip: URL https://www.theguardian.com/us-news/2026/jan/12/us-oil-producers-global-supply-glut-venezuela already exists.
2026-01-14 21:47:00,042 - INFO - [BBC] Early skip: URL https://www.bbc.com/sport/tennis/articles/ckgyl1ndw57o?at_medium=RSS&at_campaign=rss already exists.
2026-01-14 21:47:00,197 - INFO - [The Guardian] Early skip: URL https://www.theguardian.com/world/2026/jan/14/thailand-train-crane-accident-deaths already exists.
2026-01-14 21:47:00,338 - INFO - [BBC] Early skip: URL https://www.bbc.com/news/articles/c62vd7542rno?at_medium=RSS&at_campaign=rss already exists.
2026-01-14 21:47:00,533 - INFO - [The Guardian] Early skip: URL https://www.theguardian.com/world/2026/jan/14/china-reports-record-trillion-dollar-trade-surplus-despite-trump-tariffs already exists.
2026-01-14 21:47:00,804 - INFO - [BBC] Early skip: URL https://www.bbc.com/news/articles/c5y47pyp906o?at_medium=RSS&at_campaign=rss already exists.
2026-01-14 21:47:00,961 - INFO - [The Guardian] Early skip: URL https://www.theguardian.com/world/2026/jan/13/south-korean-prosecutors-demand-death-penalty-for-former-president-yoon-suk-yeol already exists.
2026-01-14 21:47:01,259 - INFO - [BBC] Early skip: URL https://www.bbc.com/news/articles/cx2wle7028ko?at_medium=RSS&at_campaign=rss already exists.
2026-01-14 21:47:01,388 - INFO - [The Guardian] Early skip: URL https://www.theguardian.com/music/2026/jan/14/bts-announces-return-with-new-world-tourm-includin-in-2026-and-2027 already exists.
2026-01-14 21:47:01,682 - INFO - [BBC] Early skip: URL https://www.bbc.com/news/articles/c0lx49z8ly6o?at_medium=RSS&at_campaign=rss already exists.
2026-01-14 21:47:01,785 - INFO - [The Guardian] Early skip: URL https://www.theguardian.com/world/2026/jan/13/workers-at-chinese-factory-that-produces-labubu-toys-are-being-exploited-says-ngo already exists.
2026-01-14 21:47:01,995 - INFO - [BBC] Early skip: URL https://www.bbc.com/news/articles/cly3xpyvxzyo?at_medium=RSS&at_campaign=rss already exists.
2026-01-14 21:47:02,171 - INFO - [The Guardian] Early skip: URL https://www.theguardian.com/australia-news/live/2026/jan/15/victoria-bushfires-school-data-hack-adelaide-writers-week-peter-malinauskas-labor-hate-speech-laws-political-reaction-anthony-albanese-sussan-ley-coalition-ntwnfb already exists.
2026-01-14 21:47:02,308 - INFO - [BBC] Early skip: URL https://www.bbc.com/news/articles/c8x9v241z2qo?at_medium=RSS&at_campaign=rss already exists.
2026-01-14 21:47:02,534 - INFO - [The Guardian] Early skip: URL https://www.theguardian.com/australia-news/2026/jan/15/nsw-logging-halted-greater-glider-den-trees-found already exists.
2026-01-14 21:47:02,782 - INFO - [BBC] Early skip: URL https://www.bbc.com/news/articles/c07xdv0mggzo?at_medium=RSS&at_campaign=rss already exists.
2026-01-14 21:47:03,014 - INFO - [The Guardian] Early skip: URL https://www.theguardian.com/australia-news/2026/jan/15/australian-chapter-of-islamist-group-hizb-ut-tahrir-has-no-plans-to-disband-before-labors-hate-speech-laws already exists.
2026-01-14 21:47:03,181 - INFO - [BBC] Early skip: URL https://www.bbc.com/news/articles/cgm4w1g3dggo?at_medium=RSS&at_campaign=rss already exists.
2026-01-14 21:47:03,444 - INFO - [The Guardian] Early skip: URL https://www.theguardian.com/australia-news/2026/jan/14/randa-abdel-fattah-defamation-concerns-notice-peter-malinauskas-sa-premier already exists.
2026-01-14 21:47:03,591 - INFO - [BBC] Early skip: URL https://www.bbc.com/news/articles/cedwgn4pqv4o?at_medium=RSS&at_campaign=rss already exists.
2026-01-14 21:47:03,776 - INFO - [The Guardian] Early skip: URL https://www.theguardian.com/australia-news/2026/jan/14/senior-liberals-urge-colleagues-to-vote-against-labors-hate-speech-and-gun-laws-in-wake-of-bondi-terror-attack-ntwnfb already exists.
2026-01-14 21:47:03,884 - INFO - [BBC] Early skip: URL https://www.bbc.com/news/articles/c98pj370mjjo?at_medium=RSS&at_campaign=rss already exists.
2026-01-14 21:47:04,027 - INFO - [The Guardian] Early skip: URL https://www.theguardian.com/world/live/2026/jan/14/denmark-greenland-us-latest-news-updates-europe-live-trump already exists.
2026-01-14 21:47:04,182 - INFO - [BBC] Early skip: URL https://www.bbc.com/news/articles/cj0nm44g361o?at_medium=RSS&at_campaign=rss already exists.
2026-01-14 21:47:04,427 - INFO - [The Guardian] Early skip: URL https://www.theguardian.com/world/2026/jan/14/greenland-us-trump-talks-denmark already exists.
2026-01-14 21:47:04,600 - INFO - Selenium driver initialized successfully.
2026-01-14 21:47:04,600 - INFO - Starting scrape for The Hindu RSS feed: https://www.thehindu.com/news/national/feeder/default.rss
2026-01-14 21:47:04,602 - INFO - Selenium driver initialized successfully.
2026-01-14 21:47:04,602 - INFO - Starting scrape for Times of India RSS feed: https://timesofindia.indiatimes.com/rssfeeds/296589292.cms
2026-01-14 21:47:04,673 - INFO - [BBC] Early skip: URL https://www.bbc.com/news/videos/cd7z8p0nq8jo?at_medium=RSS&at_campaign=rss already exists.
2026-01-14 21:47:04,787 - INFO - Found 100 articles in The Hindu RSS feed. Processing up to 30.
2026-01-14 21:47:04,893 - INFO - Found 20 articles in Times of India RSS feed. Processing up to 30.
2026-01-14 21:47:04,939 - INFO - [The Guardian] Early skip: URL https://www.theguardian.com/technology/2026/jan/14/california-attorney-general-investigates-grok-ai-elon-musk already exists.
2026-01-14 21:47:05,232 - INFO - [The Hindu] Article: https://www.thehindu.com/news/national/bihar/bihar-chief-secretary-makes-geo-spatial-approval-mandatory-for-dprs-of-infra-projects-above-50-crore/article70510218.ece
2026-01-14 21:47:05,233 - INFO - [The Hindu] Attempt 1/1: Trying with 'selenium_browser' strategy...
2026-01-14 21:47:05,234 - INFO - [Times of India] Article: https://timesofindia.indiatimes.com/world/us/told-on-good-authority-trump-says-killing-of-protesters-in-iran-is-stopping-claims-no-plans-for-executions/articleshow/126534047.cms
2026-01-14 21:47:05,234 - INFO - [Times of India] Attempt 1/1: Trying with 'selenium_browser' strategy...
2026-01-14 21:47:05,235 - INFO - [BBC] Article: https://www.bbc.com/news/videos/c4g0d892p7go?at_medium=RSS&at_campaign=rss
2026-01-14 21:47:05,235 - INFO - [BBC] Attempt 1/1: Trying with 'requests_browser' strategy...
2026-01-14 21:47:05,236 - INFO - [The Guardian] Early skip: URL https://www.theguardian.com/uk-news/2026/jan/14/france-announces-ban-on-10-british-anti-migrant-activists-raise-the-colours already exists.
2026-01-14 21:47:05,422 - INFO - [The Guardian] Early skip: URL https://www.theguardian.com/world/2026/jan/14/cyprus-investigates-death-russian-diplomat-alexei-panov-alleged-gru-spy already exists.
2026-01-14 21:47:05,467 - WARNING - [BBC] FAILED with 'requests_browser' (content was too short: 68 words).
2026-01-14 21:47:05,467 - ERROR - [BBC] All scrape strategies failed for https://www.bbc.com/news/videos/c4g0d892p7go?at_medium=RSS&at_campaign=rss. Falling back to RSS description.
2026-01-14 21:47:05,467 - WARNING - SKIPPED (GLOBAL WORD LIMIT): Article 'Trump vows 'very strong action' if Iran executes protesters' from BBC has only 22 words (Min: 90).
2026-01-14 21:47:05,699 - INFO - [The Guardian] Early skip: URL https://www.theguardian.com/world/live/2026/jan/14/iran-protests-live-updates-trump-us-action-death-toll-protester-executions-erfan-soltani already exists.
2026-01-14 21:47:05,897 - INFO - [The Guardian] Early skip: URL https://www.theguardian.com/world/2026/jan/14/us-witkoff-announces-start-of-gaza-ceasefire-second-phase already exists.
2026-01-14 21:47:06,086 - INFO - [The Guardian] Early skip: URL https://www.theguardian.com/world/2026/jan/14/iran-protester-erfan-soltani-death-sentence-relative already exists.
2026-01-14 21:47:06,370 - INFO - [The Guardian] Early skip: URL https://www.theguardian.com/world/2026/jan/14/iran-protests-erfan-soltani-donald-trump-warning-executions-hangings already exists.
2026-01-14 21:47:06,616 - INFO - [The Guardian] Early skip: URL https://www.theguardian.com/world/2026/jan/14/western-diplomats-wary-of-predicting-end-days-for-irans-regime already exists.
2026-01-14 21:47:06,886 - INFO - [BBC] Early skip: URL https://www.bbc.com/news/videos/cr57v8y9r77o?at_medium=RSS&at_campaign=rss already exists.
2026-01-14 21:47:07,110 - INFO - [BBC] Article: https://www.bbc.com/news/videos/c87r3122v02o?at_medium=RSS&at_campaign=rss
2026-01-14 21:47:07,110 - INFO - [BBC] Attempt 1/1: Trying with 'requests_browser' strategy...
2026-01-14 21:47:07,287 - WARNING - [BBC] FAILED with 'requests_browser' (content was too short: 77 words).
2026-01-14 21:47:07,287 - ERROR - [BBC] All scrape strategies failed for https://www.bbc.com/news/videos/c87r3122v02o?at_medium=RSS&at_campaign=rss. Falling back to RSS description.
2026-01-14 21:47:07,287 - WARNING - SKIPPED (GLOBAL WORD LIMIT): Article ''Now there's the threat of executions' in Iran' from BBC has only 20 words (Min: 90).
2026-01-14 21:47:08,046 - INFO - [BBC] Article: https://www.bbc.com/news/videos/c2e134xz2rjo?at_medium=RSS&at_campaign=rss
2026-01-14 21:47:08,046 - INFO - [BBC] Attempt 1/1: Trying with 'requests_browser' strategy...
2026-01-14 21:47:08,215 - WARNING - [BBC] FAILED with 'requests_browser' (content was too short: 79 words).
2026-01-14 21:47:08,215 - ERROR - [BBC] All scrape strategies failed for https://www.bbc.com/news/videos/c2e134xz2rjo?at_medium=RSS&at_campaign=rss. Falling back to RSS description.
2026-01-14 21:47:08,215 - WARNING - SKIPPED (GLOBAL WORD LIMIT): Article 'Mortuary videos show how deadly Iran crackdown has become' from BBC has only 26 words (Min: 90).
2026-01-14 21:47:09,188 - INFO - [BBC] Early skip: URL https://www.bbc.com/news/videos/czx3yn0467ro?at_medium=RSS&at_campaign=rss already exists.
2026-01-14 21:47:11,346 - INFO - [The Hindu] Page content loaded.
2026-01-14 21:47:12,018 - INFO - [The Hindu] Success with 'selenium_browser'. Found content (384 words).
2026-01-14 21:47:42,931 - INFO - Saved article: Bihar Chief Secretary makes geo-spatial approval mandatory for DPRs of infra projects above ₹50 crore - The Hindu from The Hindu (384 words)
2026-01-14 21:47:44,247 - INFO - [The Hindu] Early skip: URL https://www.thehindu.com/news/national/kerala/talks-with-collector-fail-protest-against-toll-plaza-to-continue/article70510252.ece already exists.
2026-01-14 21:47:44,502 - INFO - [The Hindu] Early skip: URL https://www.thehindu.com/news/national/cpc-delegation-meets-left-leaders-in-delhi/article70509840.ece already exists.
2026-01-14 21:47:44,789 - INFO - [The Hindu] Early skip: URL https://www.thehindu.com/news/national/madhya-pradesh/indore-water-contamination-medical-panel-pegs-death-toll-at-15/article70509952.ece already exists.
2026-01-14 21:47:45,065 - INFO - [The Hindu] Early skip: URL https://www.thehindu.com/news/national/other-states/political-parties-make-pitch-for-2027-punjab-election-at-maghi-mela/article70510159.ece already exists.
2026-01-14 21:47:45,199 - INFO - [The Hindu] Early skip: URL https://www.thehindu.com/news/national/west-bengal/suvendu-warns-west-bengal-cm-of-legal-action-over-coal-scam-remarks/article70510679.ece already exists.
2026-01-14 21:47:45,382 - INFO - [The Hindu] Early skip: URL https://www.thehindu.com/news/national/bihar/tej-pratap-urges-younger-brother-tejashwi-yadav-to-merge-rjd-into-his-party/article70510106.ece already exists.
2026-01-14 21:47:45,570 - INFO - [The Hindu] Early skip: URL https://www.thehindu.com/news/national/kerala/save-kurinji-crusader-g-rajkumar-passes-away-at-70/article70509585.ece already exists.
2026-01-14 21:47:45,698 - INFO - [The Hindu] Early skip: URL https://www.thehindu.com/news/national/kerala/kerala-kalolsavam-2026-from-melody-to-motion-students-dazzle-on-festival-stage/article70510969.ece already exists.
2026-01-14 21:47:45,850 - INFO - [The Hindu] Early skip: URL https://www.thehindu.com/news/national/kashi-tamil-sangamam-celebrates-living-unity-of-indias-many-traditions-pm-modi/article70510329.ece already exists.
2026-01-14 21:47:45,971 - INFO - [The Hindu] Early skip: URL https://www.thehindu.com/news/national/kerala/union-minister-welcomes-insv-kaundinya-crew-at-muscat-port/article70510049.ece already exists.
2026-01-14 21:47:46,142 - INFO - [The Hindu] Early skip: URL https://www.thehindu.com/news/national/tamil-nadu/nlcil-signs-mou-with-gujarat-for-development-of-large-scale-renewable-energy-projects/article70508717.ece already exists.
2026-01-14 21:47:46,272 - INFO - [The Hindu] Early skip: URL https://www.thehindu.com/opinion/op-ed/bmc-polls-the-politics-of-fear-in-a-melting-pot/article70510255.ece already exists.
2026-01-14 21:47:46,428 - INFO - [The Hindu] Early skip: URL https://www.thehindu.com/news/national/tamil-nadu/in-northern-india-women-are-told-to-stay-in-kitchen-maran/article70509869.ece already exists.
2026-01-14 21:47:46,583 - INFO - [The Hindu] Early skip: URL https://www.thehindu.com/news/national/tamil-nadu/cm-instructs-officials-to-expedite-projects-complete-them-by-feb/article70509154.ece already exists.
2026-01-14 21:47:46,863 - INFO - [The Hindu] Early skip: URL https://www.thehindu.com/news/national/tamil-nadu/t-christuraj-to-take-over-as-tasmac-md/article70509955.ece already exists.
2026-01-14 21:47:47,031 - INFO - [The Hindu] Early skip: URL https://www.thehindu.com/news/national/karnataka/lokayukta-registers-case-over-large-scale-government-land-scam-in-nagamangala-taluk/article70510497.ece already exists.
2026-01-14 21:47:47,309 - INFO - [The Hindu] Early skip: URL https://www.thehindu.com/news/national/andhra-pradesh/conditions-favourable-for-cessation-of-ne-monsoon-fog-to-continue-in-ap/article70510470.ece already exists.
2026-01-14 21:47:47,530 - INFO - [The Hindu] Early skip: URL https://www.thehindu.com/news/national/andhra-pradesh/centre-asks-ap-to-expand-ppp-model-to-ensure-better-healthcare-services/article70510353.ece already exists.
2026-01-14 21:47:47,715 - INFO - [The Hindu] Early skip: URL https://www.thehindu.com/news/national/tamil-nadu/stalin-launches-chennai-sangamam-namma-ooru-thiruvizha-2026/article70510341.ece already exists.
2026-01-14 21:47:47,941 - INFO - [The Hindu] Early skip: URL https://www.thehindu.com/news/national/andhra-pradesh/mumbai-model-to-help-build-self-financing-cities-in-andhra-pradesh/article70506048.ece already exists.
2026-01-14 21:47:48,131 - INFO - [The Hindu] Early skip: URL https://www.thehindu.com/news/national/karnataka/bakeries-association-demands-crackdown-on-fraudsters-rowdies-submits-petition-to-home-minister/article70510782.ece already exists.
2026-01-14 21:47:48,368 - INFO - [The Hindu] Early skip: URL https://www.thehindu.com/news/national/bsf-itbp-and-nia-get-new-chiefs/article70511092.ece already exists.
2026-01-14 21:47:48,597 - INFO - [The Hindu] Early skip: URL https://www.thehindu.com/news/national/karnataka/lalbagh-style-parks-in-north-and-south-bluru-dks/article70510989.ece already exists.
2026-01-14 21:47:48,705 - INFO - [The Hindu] Early skip: URL https://www.thehindu.com/news/national/kerala/idukki-turns-a-vantage-for-devotees-to-witness-makarajyoti/article70510578.ece already exists.
2026-01-14 21:47:48,987 - INFO - [The Hindu] Early skip: URL https://www.thehindu.com/news/national/andhra-pradesh/tet-results-sparks-concern-among-in-service-teachers-unions-seek-exemption/article70510397.ece already exists.
2026-01-14 21:47:49,227 - INFO - [The Hindu] Early skip: URL https://www.thehindu.com/news/national/telangana/australia-classifies-indian-students-high-risk-tightens-visa-scrutiny/article70510485.ece already exists.
2026-01-14 21:47:49,520 - INFO - [The Hindu] Early skip: URL https://www.thehindu.com/news/national/telangana/telangana-doctors-body-opposes-zero-percentile-neet-pg-cut-off-warns-of-threat-to-medical-education/article70510564.ece already exists.
2026-01-14 21:47:49,761 - INFO - [The Hindu] Early skip: URL https://www.thehindu.com/news/national/karnataka/bwssb-implements-ai-based-smart-pump-monitoring-tech/article70510215.ece already exists.
2026-01-14 21:47:50,062 - INFO - [The Hindu] Early skip: URL https://www.thehindu.com/news/national/maharashtra/29-maharashtra-civic-bodies-go-to-polls-mumbai-is-big-prize/article70510908.ece already exists.
2026-01-14 21:47:50,173 - INFO - [The Hindu] (Thread) Finished. Attempting to shut down its Selenium driver.
2026-01-14 21:47:50,407 - INFO - [The Hindu] (Thread) driver.quit() successful.
2026-01-14 21:49:05,318 - ERROR - [Times of India] Request failed for strategy 'selenium_browser' on URL https://timesofindia.indiatimes.com/world/us/told-on-good-authority-trump-says-killing-of-protesters-in-iran-is-stopping-claims-no-plans-for-executions/articleshow/126534047.cms: HTTPConnectionPool(host='localhost', port=41595): Read timed out. (read timeout=120)
2026-01-14 21:49:05,318 - ERROR - [Times of India] All scrape strategies failed for https://timesofindia.indiatimes.com/world/us/told-on-good-authority-trump-says-killing-of-protesters-in-iran-is-stopping-claims-no-plans-for-executions/articleshow/126534047.cms. Falling back to RSS description.
2026-01-14 21:49:05,318 - WARNING - SKIPPED (GLOBAL WORD LIMIT): Article '‘Told on good authority’: Donald Trump says killing of protesters in Iran 'stopping’; claims 'no plans for executions'' from Times of India has only 47 words (Min: 90).
2026-01-14 21:49:05,913 - INFO - [Times of India] Article: https://timesofindia.indiatimes.com/world/us/not-blaming-anybody-renee-goods-republican-father-in-law-speaks-out-after-fatal-ice-shooting/articleshow/126533644.cms
2026-01-14 21:49:05,913 - INFO - [Times of India] Attempt 1/1: Trying with 'selenium_browser' strategy...
2026-01-14 21:51:06,014 - ERROR - [Times of India] Request failed for strategy 'selenium_browser' on URL https://timesofindia.indiatimes.com/world/us/not-blaming-anybody-renee-goods-republican-father-in-law-speaks-out-after-fatal-ice-shooting/articleshow/126533644.cms: HTTPConnectionPool(host='localhost', port=41595): Read timed out. (read timeout=120)
2026-01-14 21:51:06,014 - ERROR - [Times of India] All scrape strategies failed for https://timesofindia.indiatimes.com/world/us/not-blaming-anybody-renee-goods-republican-father-in-law-speaks-out-after-fatal-ice-shooting/articleshow/126533644.cms. Falling back to RSS description.
2026-01-14 21:51:06,014 - WARNING - SKIPPED (GLOBAL WORD LIMIT): Article ''Not blaming anybody': Renee Good's Republican father-in-law speaks out after fatal ICE shooting' from Times of India has only 58 words (Min: 90).
2026-01-14 21:51:06,526 - INFO - [Times of India] Article: https://timesofindia.indiatimes.com/world/us/maga-fumes-at-trump-administration-for-not-including-india-in-freezing-visa-processing-for-75-countries-notice-whos-not-on-the-list/articleshow/126533934.cms
2026-01-14 21:51:06,526 - INFO - [Times of India] Attempt 1/1: Trying with 'selenium_browser' strategy...
2026-01-14 21:51:55,716 - CRITICAL - --- TIMEOUT: 1 scrape jobs did not complete in 300s. ---
2026-01-14 21:51:55,717 - ERROR - A thread has timed out and will be abandoned.
2026-01-14 21:51:55,717 - INFO - Shutting down thread pool (wait=False)...
2026-01-14 21:51:55,717 - INFO - Scraped: 0 BBC, 1 The Hindu, 0 The Guardian, 1 Timed_Out_Jobs articles. (Total saved: 1)
2026-01-14 21:51:55,717 - INFO - --- Scraping job finished ---
2026-01-14 21:51:55,717 - INFO - --- Scraper service stopped and database connection closed. ---
2026-01-14 21:51:55,717 - INFO - --- Main thread finished. Forcing process exit to kill zombie threads. ---
