2025-12-20 05:22:36,260 - INFO - Loading AI Semantic Model (all-MiniLM-L6-v2)...
2025-12-20 05:22:36,261 - INFO - Use pytorch device_name: cpu
2025-12-20 05:22:36,261 - INFO - Load pretrained SentenceTransformer: all-MiniLM-L6-v2
2025-12-20 05:22:36,775 - INFO - AI Model loaded successfully.
2025-12-20 05:22:36,775 - INFO - --- Scraper service started (CI Mode: Run Once) ---
2025-12-20 05:22:36,775 - INFO - --- Starting new scraping job (Parallel Mode) ---
2025-12-20 05:22:36,775 - INFO - Creating new robust session with 3 retries on 5xx/connection/read errors.
2025-12-20 05:22:36,775 - INFO - Proxy is DISABLED.
2025-12-20 05:22:36,776 - INFO - Starting scrape for BBC RSS feed: http://feeds.bbci.co.uk/news/world/rss.xml
2025-12-20 05:22:36,777 - INFO - [Times of India] (Thread) requires Selenium. Initializing driver...
2025-12-20 05:22:36,777 - INFO - Starting scrape for The Guardian RSS feed: https://www.theguardian.com/world/rss
2025-12-20 05:22:36,778 - INFO - [The Hindu] (Thread) requires Selenium. Initializing driver...
2025-12-20 05:22:36,779 - INFO - Submitted 4 jobs to thread pool. Waiting up to 300s for completion...
2025-12-20 05:22:36,898 - INFO - Found 45 articles in The Guardian RSS feed. Processing up to 30.
2025-12-20 05:22:36,901 - INFO - [The Guardian] Early skip: URL https://www.theguardian.com/society/2025/dec/19/hepatitis-b-vaccine-study-guinea-bissau-rfk already exists.
2025-12-20 05:22:36,905 - INFO - Found 35 articles in BBC RSS feed. Processing up to 30.
2025-12-20 05:22:37,010 - INFO - [BBC] Early skip: URL https://www.bbc.com/news/articles/cp89p082y2xo?at_medium=RSS&at_campaign=rss already exists.
2025-12-20 05:22:37,306 - INFO - [The Guardian] Early skip: URL https://www.theguardian.com/global-development/2025/dec/19/colombian-mercenaries-sudan-rsf-us-sanctions-recruited-uk-registered-firms-investigation already exists.
2025-12-20 05:22:37,579 - INFO - [BBC] Early skip: URL https://www.bbc.com/news/articles/c5y9ed5d1r4o?at_medium=RSS&at_campaign=rss already exists.
2025-12-20 05:22:37,776 - INFO - [The Guardian] Early skip: URL https://www.theguardian.com/global-development/2025/dec/18/morocco-genz212-protests-police-mass-arrests-beatings-detentions-rights already exists.
2025-12-20 05:22:37,954 - INFO - [BBC] Early skip: URL https://www.bbc.com/news/articles/c5yq7zzw618o?at_medium=RSS&at_campaign=rss already exists.
2025-12-20 05:22:38,197 - INFO - [The Guardian] Early skip: URL https://www.theguardian.com/world/2025/dec/16/five-key-moments-in-the-assault-on-the-rights-of-women-and-girls-in-2025 already exists.
2025-12-20 05:22:38,324 - INFO - [BBC] Early skip: URL https://www.bbc.com/news/articles/c3e025vyppeo?at_medium=RSS&at_campaign=rss already exists.
2025-12-20 05:22:38,519 - INFO - [The Guardian] Early skip: URL https://www.theguardian.com/world/2025/dec/16/south-africa-russia-men-tricked-fighting-ukraine already exists.
2025-12-20 05:22:38,754 - INFO - [BBC] Early skip: URL https://www.bbc.com/news/articles/c8dy8r7lq0go?at_medium=RSS&at_campaign=rss already exists.
2025-12-20 05:22:39,005 - INFO - [The Guardian] Early skip: URL https://www.theguardian.com/us-news/2025/dec/19/trump-venezuela-war already exists.
2025-12-20 05:22:39,245 - INFO - [BBC] Early skip: URL https://www.bbc.com/news/articles/cx251p7k23mo?at_medium=RSS&at_campaign=rss already exists.
2025-12-20 05:22:39,364 - INFO - [The Guardian] Early skip: URL https://www.theguardian.com/world/2025/dec/19/montreal-grocery-store-santas-elves-robbery already exists.
2025-12-20 05:22:39,539 - INFO - [BBC] Early skip: URL https://www.bbc.com/news/articles/cp84p722m3do?at_medium=RSS&at_campaign=rss already exists.
2025-12-20 05:22:39,693 - INFO - [The Guardian] Early skip: URL https://www.theguardian.com/world/2025/dec/19/colombia-eln-guerrilla-group-attack-military-base already exists.
2025-12-20 05:22:39,861 - INFO - [BBC] Early skip: URL https://www.bbc.com/news/articles/c5y9x4pj54eo?at_medium=RSS&at_campaign=rss already exists.
2025-12-20 05:22:40,068 - INFO - [The Guardian] Early skip: URL https://www.theguardian.com/world/2025/dec/19/i-cant-think-of-a-place-more-pristine-133000-hectares-of-chilean-patagonia-preserved-after-local-fundraising already exists.
2025-12-20 05:22:40,187 - INFO - [BBC] Early skip: URL https://www.bbc.com/news/articles/cp89p41gr06o?at_medium=RSS&at_campaign=rss already exists.
2025-12-20 05:22:40,444 - INFO - [The Guardian] Early skip: URL https://www.theguardian.com/world/2025/dec/18/brazilian-congress-passes-bill-cut-jair-bolsonaro-prison-term already exists.
2025-12-20 05:22:40,602 - INFO - [BBC] Early skip: URL https://www.bbc.com/news/articles/cpq4p535347o?at_medium=RSS&at_campaign=rss already exists.
2025-12-20 05:22:40,709 - INFO - [The Guardian] Early skip: URL https://www.theguardian.com/world/2025/dec/19/mass-stabbing-tapei already exists.
2025-12-20 05:22:40,932 - INFO - [BBC] Early skip: URL https://www.bbc.com/news/articles/cm21pxen1jno?at_medium=RSS&at_campaign=rss already exists.
2025-12-20 05:22:41,096 - INFO - [The Guardian] Early skip: URL https://www.theguardian.com/technology/2025/dec/19/uk-foreign-office-victim-cyber-attack-october- already exists.
2025-12-20 05:22:41,283 - INFO - [BBC] Early skip: URL https://www.bbc.com/news/articles/cn98pzr8x79o?at_medium=RSS&at_campaign=rss already exists.
2025-12-20 05:22:41,471 - INFO - [The Guardian] Early skip: URL https://www.theguardian.com/technology/2025/dec/18/tiktok-signs-deal-us-entity-sale already exists.
2025-12-20 05:22:41,768 - INFO - [BBC] Early skip: URL https://www.bbc.com/news/articles/c2k422e7ykvo?at_medium=RSS&at_campaign=rss already exists.
2025-12-20 05:22:41,962 - INFO - [The Guardian] Early skip: URL https://www.theguardian.com/world/2025/dec/19/south-korean-president-urges-public-health-cover-hair-loss already exists.
2025-12-20 05:22:42,215 - INFO - [BBC] Early skip: URL https://www.bbc.com/news/articles/c2462r82864o?at_medium=RSS&at_campaign=rss already exists.
2025-12-20 05:22:42,446 - INFO - [The Guardian] Early skip: URL https://www.theguardian.com/world/2025/dec/18/us-announces-more-than-10bn-of-arms-sales-to-taiwan already exists.
2025-12-20 05:22:42,580 - INFO - [BBC] Early skip: URL https://www.bbc.com/news/articles/c4gp4ze002mo?at_medium=RSS&at_campaign=rss already exists.
2025-12-20 05:22:42,843 - INFO - [The Guardian] Early skip: URL https://www.theguardian.com/australia-news/2025/dec/20/nsw-premier-announces-new-laws-banning-hate-speech-and-symbols-in-wake-of-bondi-beach-terror-attack already exists.
2025-12-20 05:22:42,949 - INFO - [BBC] Early skip: URL https://www.bbc.com/news/articles/cj69px875ewo?at_medium=RSS&at_campaign=rss already exists.
2025-12-20 05:22:43,073 - INFO - [The Guardian] Early skip: URL https://www.theguardian.com/news/ng-interactive/2025/dec/20/a-swim-for-unity-at-bondi-beach-the-scene-of-sydneys-darkest-day-but-on-land-tensions-fray already exists.
2025-12-20 05:22:43,315 - INFO - [BBC] Early skip: URL https://www.bbc.com/news/articles/ckgdpz0gp3jo?at_medium=RSS&at_campaign=rss already exists.
2025-12-20 05:22:43,539 - INFO - [The Guardian] Early skip: URL https://www.theguardian.com/science/2025/dec/19/when-attacks-unfold-what-makes-a-person-run-towards-danger already exists.
2025-12-20 05:22:43,737 - INFO - [BBC] Early skip: URL https://www.bbc.com/news/articles/cgexp1q8wn1o?at_medium=RSS&at_campaign=rss already exists.
2025-12-20 05:22:43,839 - INFO - [The Guardian] Early skip: URL https://www.theguardian.com/australia-news/2025/dec/20/some-will-take-their-own-lives-puberty-blocker-bans-in-queensland-and-nz-risk-extreme-harm-to-trans-youth-uk-expert-warns already exists.
2025-12-20 05:22:44,107 - INFO - [BBC] Early skip: URL https://www.bbc.com/news/articles/cn09p4kjj4wo?at_medium=RSS&at_campaign=rss already exists.
2025-12-20 05:22:44,300 - INFO - [The Guardian] Early skip: URL https://www.theguardian.com/australia-news/2025/dec/20/victoria-police-welfare-policy-detainees-tired-fair-trial already exists.
2025-12-20 05:22:44,362 - INFO - Selenium driver initialized successfully.
2025-12-20 05:22:44,362 - INFO - Starting scrape for Times of India RSS feed: https://timesofindia.indiatimes.com/rssfeeds/296589292.cms
2025-12-20 05:22:44,362 - INFO - Selenium driver initialized successfully.
2025-12-20 05:22:44,363 - INFO - Starting scrape for The Hindu RSS feed: https://www.thehindu.com/news/national/feeder/default.rss
2025-12-20 05:22:44,562 - INFO - [BBC] Early skip: URL https://www.bbc.com/news/articles/cy842jdw98vo?at_medium=RSS&at_campaign=rss already exists.
2025-12-20 05:22:44,568 - INFO - Found 100 articles in The Hindu RSS feed. Processing up to 30.
2025-12-20 05:22:44,597 - INFO - Found 20 articles in Times of India RSS feed. Processing up to 30.
2025-12-20 05:22:44,735 - INFO - [The Guardian] Early skip: URL https://www.theguardian.com/world/live/2025/dec/19/ukraine-war-live-zelenskyy-european-union-agreement-90bn-loan-deal-kyiv already exists.
2025-12-20 05:22:44,989 - INFO - [The Hindu] Article: https://www.thehindu.com/news/national/bihar/delhi-court-dismisses-rabri-devis-plea-to-transfer-cases-from-judge-alleging-bias/article70416654.ece
2025-12-20 05:22:44,989 - INFO - [The Hindu] Attempt 1/1: Trying with 'selenium_browser' strategy...
2025-12-20 05:22:44,990 - INFO - [Times of India] Article: https://timesofindia.indiatimes.com/world/us/watch-us-strikes-over-70-targets-in-syria-calls-it-declaration-of-vengeance/articleshow/126087663.cms
2025-12-20 05:22:44,990 - INFO - [Times of India] Attempt 1/1: Trying with 'selenium_browser' strategy...
2025-12-20 05:22:44,990 - INFO - [BBC] Early skip: URL https://www.bbc.com/news/articles/cj69px875ewo?at_medium=RSS&at_campaign=rss already exists.
2025-12-20 05:22:45,243 - INFO - [The Guardian] Early skip: URL https://www.theguardian.com/world/2025/dec/19/ukraine-attacks-russian-shadow-tanker-off-libyan-coast already exists.
2025-12-20 05:22:45,467 - INFO - [The Guardian] Early skip: URL https://www.theguardian.com/world/2025/dec/19/eu-ukraine-loan-plan-b-frozen-russian-assets already exists.
2025-12-20 05:22:45,767 - INFO - [The Guardian] Early skip: URL https://www.theguardian.com/world/2025/dec/19/ukraine-deal-latest-europe-leaders-loan-zelenskyy already exists.
2025-12-20 05:22:45,934 - INFO - [The Guardian] Early skip: URL https://www.theguardian.com/environment/2025/dec/19/weather-tracker-early-snowfall-new-york-storm-rips-down-lights-spain already exists.
2025-12-20 05:22:46,222 - INFO - [BBC] Early skip: URL https://www.bbc.com/news/articles/c4g94ywgxd6o?at_medium=RSS&at_campaign=rss already exists.
2025-12-20 05:22:46,446 - INFO - [The Guardian] Early skip: URL https://www.theguardian.com/world/2025/dec/19/gaza-famine-hunger-food-shortages-winter-flooding-un already exists.
2025-12-20 05:22:46,732 - INFO - [BBC] Early skip: URL https://www.bbc.com/news/articles/c2epv08xwz7o?at_medium=RSS&at_campaign=rss already exists.
2025-12-20 05:22:46,995 - INFO - [The Guardian] Early skip: URL https://www.theguardian.com/global-development/2025/dec/19/gaza-phd-student-manar-al-houbi-granted-access-to-uk-but-others-remain-stranded already exists.
2025-12-20 05:22:47,258 - INFO - [The Guardian] Early skip: URL https://www.theguardian.com/global-development/2025/dec/19/iranian-boxing-champion-mohammad-javad-vafaei-sani-risk-of-execution-retrial-request-rejected already exists.
2025-12-20 05:22:47,433 - INFO - [BBC] Early skip: URL https://www.bbc.com/news/articles/c5y27ekr26xo?at_medium=RSS&at_campaign=rss already exists.
2025-12-20 05:22:47,535 - INFO - [BBC] Early skip: URL https://www.bbc.com/news/articles/cedx6vn5202o?at_medium=RSS&at_campaign=rss already exists.
2025-12-20 05:22:47,745 - INFO - [BBC] Early skip: URL https://www.bbc.com/news/articles/cwyp8erjp82o?at_medium=RSS&at_campaign=rss already exists.
2025-12-20 05:22:47,865 - INFO - [BBC] Early skip: URL https://www.bbc.com/news/articles/cqxql12317qo?at_medium=RSS&at_campaign=rss already exists.
2025-12-20 05:22:47,968 - INFO - [BBC] Early skip: URL https://www.bbc.com/news/articles/cwypp1jwjz1o?at_medium=RSS&at_campaign=rss already exists.
2025-12-20 05:22:48,144 - INFO - [BBC] Early skip: URL https://www.bbc.com/news/articles/cze80j943zlo?at_medium=RSS&at_campaign=rss already exists.
2025-12-20 05:22:48,296 - INFO - [BBC] Early skip: URL https://www.bbc.com/news/articles/c773mnpre07o?at_medium=RSS&at_campaign=rss already exists.
2025-12-20 05:22:48,332 - INFO - [The Hindu] Page content loaded.
2025-12-20 05:22:48,532 - INFO - [The Guardian] Early skip: URL https://www.theguardian.com/world/2025/dec/18/rainfall-iran-hormuz-island-red-beach already exists.
2025-12-20 05:22:48,541 - INFO - [The Hindu] Success with 'selenium_browser'. Found content (227 words).
2025-12-20 05:22:48,758 - INFO - [The Guardian] Early skip: URL https://www.theguardian.com/world/2025/dec/18/saudi-backed-forces-yemen-border-separatists-stc already exists.
2025-12-20 05:23:09,632 - INFO - Saved article: Delhi court dismisses Rabri Devi’s plea to transfer cases from judge alleging bias - The Hindu from The Hindu (227 words)
2025-12-20 05:23:10,796 - INFO - [The Hindu] Article: https://www.thehindu.com/news/national/west-bengal/pm-to-address-1st-rally-in-bengal-on-saturday-after-draft-roll-release-amid-sir-concerns-of-matuas/article70418705.ece
2025-12-20 05:23:10,796 - INFO - [The Hindu] Attempt 1/1: Trying with 'selenium_browser' strategy...
2025-12-20 05:23:11,925 - INFO - [The Hindu] Page content loaded.
2025-12-20 05:23:12,116 - INFO - [The Hindu] Success with 'selenium_browser'. Found content (618 words).
2025-12-20 05:23:28,436 - INFO - Saved article: PM to address 1st rally in Bengal on Saturday after draft roll release amid SIR concerns of Matuas - The Hindu from The Hindu (618 words)
2025-12-20 05:23:29,848 - INFO - [The Hindu] Article: https://www.thehindu.com/news/national/off-duty-air-india-express-pilot-assaults-passenger-at-delhi-airport-suspended/article70418708.ece
2025-12-20 05:23:29,848 - INFO - [The Hindu] Attempt 1/1: Trying with 'selenium_browser' strategy...
2025-12-20 05:23:31,981 - INFO - [The Hindu] Page content loaded.
2025-12-20 05:23:32,037 - INFO - [The Hindu] Success with 'selenium_browser'. Found content (391 words).
2025-12-20 05:23:46,327 - INFO - Saved article: Off-duty Air India Express pilot assaults passenger at Delhi airport; suspended - The Hindu from The Hindu (391 words)
2025-12-20 05:23:46,956 - INFO - [The Hindu] Article: https://www.thehindu.com/news/national/vb-g-ram-g-bill-is-in-countrys-interest-those-who-stole-mgnrega-funds-are-unhappy-scindia/article70418657.ece
2025-12-20 05:23:46,956 - INFO - [The Hindu] Attempt 1/1: Trying with 'selenium_browser' strategy...
2025-12-20 05:23:48,598 - INFO - [The Hindu] Page content loaded.
2025-12-20 05:23:48,658 - INFO - [The Hindu] Success with 'selenium_browser'. Found content (316 words).
2025-12-20 05:24:03,525 - INFO - DEDUPLICATION: Found match (Score: 0.81). Linking to Cluster ID: f03e2764-a4a1-4c00-a701-6c8596144b81
2025-12-20 05:24:03,527 - INFO - Saved article: VB-G RAM G bill is in country's interest, those who stole MGNREGA funds are unhappy: Scindia - The Hindu from The Hindu (316 words)
2025-12-20 05:24:04,735 - INFO - [The Hindu] Early skip: URL https://www.thehindu.com/news/national/odisha/now-bjd-seeks-reconsideration-of-salary-hike-in-odisha/article70415617.ece already exists.
2025-12-20 05:24:04,907 - INFO - [The Hindu] Early skip: URL https://www.thehindu.com/news/national/kerala/sreenivasan-noted-malayalam-actor-scenarist-passes-away/article70418616.ece already exists.
2025-12-20 05:24:05,038 - INFO - [The Hindu] Early skip: URL https://www.thehindu.com/news/national/assam/8-elephants-killed-after-being-hit-by-sairang-new-delhi-rajdhani-exp-in-assams-hojai-district-official/article70418597.ece already exists.
2025-12-20 05:24:05,209 - INFO - [The Hindu] Early skip: URL https://www.thehindu.com/news/national/west-bengal/in-kolkata-a-2026-calendar-that-promotes-not-a-business-but-a-struggle-for-survival/article70415758.ece already exists.
2025-12-20 05:24:05,394 - INFO - [The Hindu] Early skip: URL https://www.thehindu.com/news/national/maharashtra/maharashtra-municipal-councils-nagar-panchayats-election-voting-begins/article70418569.ece already exists.
2025-12-20 05:24:05,662 - INFO - [The Hindu] Early skip: URL https://www.thehindu.com/news/national/odisha/rural-indebtedness-rising-due-to-unregulated-microfinance-institutions-brinda-karat/article70416201.ece already exists.
2025-12-20 05:24:05,964 - INFO - [The Hindu] Article: https://www.thehindu.com/news/national/tamil-nadu/srmist-signs-mou-with-niftem/article70416982.ece
2025-12-20 05:24:05,964 - INFO - [The Hindu] Attempt 1/1: Trying with 'selenium_browser' strategy...
2025-12-20 05:24:07,984 - INFO - [The Hindu] Page content loaded.
2025-12-20 05:24:08,071 - WARNING - [The Hindu] FAILED with 'selenium_browser' (content was too short: 87 words).
2025-12-20 05:24:08,071 - ERROR - [The Hindu] All scrape strategies failed for https://www.thehindu.com/news/national/tamil-nadu/srmist-signs-mou-with-niftem/article70416982.ece. Falling back to RSS description.
2025-12-20 05:24:08,071 - WARNING - SKIPPED (GLOBAL WORD LIMIT): Article ' SRMIST signs MoU with NIFTEM' from The Hindu has only 13 words (Min: 90).
2025-12-20 05:24:08,914 - INFO - [The Hindu] Early skip: URL https://www.thehindu.com/news/cities/kolkata/congress-cpim-leaders-in-bengal-say-risinginfiltrators-narrativeof-bjp-proved-wrongaftersirdraft-list/article70415703.ece already exists.
2025-12-20 05:24:09,096 - INFO - [The Hindu] Early skip: URL https://www.thehindu.com/education/rajasthan-high-court-refuses-to-order-immediate-student-union-elections/article70416083.ece already exists.
2025-12-20 05:24:09,251 - INFO - [The Hindu] Early skip: URL https://www.thehindu.com/news/national/govt-to-launch-nationwide-awareness-campaign-on-vb-g-ram-g-scheme/article70416592.ece already exists.
2025-12-20 05:24:09,391 - INFO - [The Hindu] Early skip: URL https://www.thehindu.com/news/cities/mumbai/leopard-spotted-in-thane-injuring-several-people/article70416834.ece already exists.
2025-12-20 05:24:09,511 - INFO - [The Hindu] Early skip: URL https://www.thehindu.com/news/national/tamil-nadu/official-to-be-suspended-over-delay-in-opening-gym-in-ward-62/article70417467.ece already exists.
2025-12-20 05:24:09,622 - INFO - [The Hindu] Early skip: URL https://www.thehindu.com/sci-tech/science/isro-to-launch-us-satellite-on-december-24/article70416470.ece already exists.
2025-12-20 05:24:09,749 - INFO - [The Hindu] Early skip: URL https://www.thehindu.com/news/national/kerala/cial-hands-over-7982-crore-dividend-to-kerala-govt/article70415548.ece already exists.
2025-12-20 05:24:10,046 - INFO - [The Hindu] Early skip: URL https://www.thehindu.com/news/cities/kolkata/around-4000-micro-observers-to-scrutinise-sir-hearing-process-in-west-bengal/article70416405.ece already exists.
2025-12-20 05:24:10,282 - INFO - [The Hindu] Early skip: URL https://www.thehindu.com/news/national/bjp-working-president-nitin-nabin-meets-pm-modi/article70417476.ece already exists.
2025-12-20 05:24:10,573 - INFO - [The Hindu] Early skip: URL https://www.thehindu.com/news/national/tamil-nadu/ai-training-programme-for-government-officials-to-be-launched/article70416928.ece already exists.
2025-12-20 05:24:10,696 - INFO - [The Hindu] Early skip: URL https://www.thehindu.com/news/national/karnataka/bengaluru-firm-deploys-ai-driven-climate-intelligence-system-in-its-coffee-plantations/article70416120.ece already exists.
2025-12-20 05:24:10,935 - INFO - [The Hindu] Early skip: URL https://www.thehindu.com/news/national/tamil-nadu/residents-welcome-incinerator-plant-closure-in-manali/article70417473.ece already exists.
2025-12-20 05:24:11,144 - INFO - [The Hindu] Early skip: URL https://www.thehindu.com/news/cities/Hyderabad/mmts-hyderabads-overlooked-lifeline-waiting-for-a-comeback/article70416072.ece already exists.
2025-12-20 05:24:11,426 - INFO - [The Hindu] Early skip: URL https://www.thehindu.com/news/national/karnataka/all-promises-implemented-except-the-one-made-to-dk-shivakumar/article70415896.ece already exists.
2025-12-20 05:24:11,593 - INFO - [The Hindu] Early skip: URL https://www.thehindu.com/news/cities/Hyderabad/200-year-old-st-john-church-in-secunderabad-gets-a-makeover/article70416464.ece already exists.
2025-12-20 05:24:11,760 - INFO - [The Hindu] Early skip: URL https://www.thehindu.com/news/cities/Hyderabad/a-stadium-full-of-books-and-an-inaugural-without-the-guest/article70416486.ece already exists.
2025-12-20 05:24:11,861 - INFO - [The Hindu] Early skip: URL https://www.thehindu.com/news/national/telangana/telangana-man-risks-life-to-help-the-injured-in-bondi-beach-attack/article70416220.ece already exists.
2025-12-20 05:24:12,005 - INFO - [The Hindu] Early skip: URL https://www.thehindu.com/news/national/govt-to-increase-reservation-for-agniveers-in-capfs-to-50/article70416721.ece already exists.
2025-12-20 05:24:12,267 - INFO - [The Hindu] Early skip: URL https://www.thehindu.com/news/national/tamil-nadu/kamal-haasan-seeks-clarification-over-road-map-for-ramping-up-indias-nuclear-power-generation/article70416068.ece already exists.
2025-12-20 05:24:12,479 - INFO - [The Hindu] (Thread) Finished. Attempting to shut down its Selenium driver.
2025-12-20 05:24:12,633 - INFO - [The Hindu] (Thread) driver.quit() successful.
2025-12-20 05:24:45,053 - ERROR - [Times of India] Request failed for strategy 'selenium_browser' on URL https://timesofindia.indiatimes.com/world/us/watch-us-strikes-over-70-targets-in-syria-calls-it-declaration-of-vengeance/articleshow/126087663.cms: HTTPConnectionPool(host='localhost', port=39583): Read timed out. (read timeout=120)
2025-12-20 05:24:45,053 - ERROR - [Times of India] All scrape strategies failed for https://timesofindia.indiatimes.com/world/us/watch-us-strikes-over-70-targets-in-syria-calls-it-declaration-of-vengeance/articleshow/126087663.cms. Falling back to RSS description.
2025-12-20 05:24:45,053 - WARNING - SKIPPED (GLOBAL WORD LIMIT): Article 'Watch: US strikes over 70 targets in Syria; calls it 'declaration of vengeance'' from Times of India has only 56 words (Min: 90).
2025-12-20 05:24:46,103 - INFO - [Times of India] Article: https://timesofindia.indiatimes.com/business/international-business/who-is-anand-varadarajan-starbucks-appoints-indian-national-as-chief-technology-officer/articleshow/126087136.cms
2025-12-20 05:24:46,104 - INFO - [Times of India] Attempt 1/1: Trying with 'selenium_browser' strategy...
2025-12-20 05:26:46,105 - ERROR - [Times of India] Request failed for strategy 'selenium_browser' on URL https://timesofindia.indiatimes.com/business/international-business/who-is-anand-varadarajan-starbucks-appoints-indian-national-as-chief-technology-officer/articleshow/126087136.cms: HTTPConnectionPool(host='localhost', port=39583): Read timed out. (read timeout=120)
2025-12-20 05:26:46,105 - ERROR - [Times of India] All scrape strategies failed for https://timesofindia.indiatimes.com/business/international-business/who-is-anand-varadarajan-starbucks-appoints-indian-national-as-chief-technology-officer/articleshow/126087136.cms. Falling back to RSS description.
2025-12-20 05:26:46,106 - WARNING - SKIPPED (GLOBAL WORD LIMIT): Article 'Who is Anand Varadarajan? Starbucks appoints Indian national as chief technology officer' from Times of India has only 52 words (Min: 90).
2025-12-20 05:26:47,403 - INFO - [Times of India] Early skip: URL https://timesofindia.indiatimes.com/world/us/brown-university-shooting-how-a-reddit-post-helped-police-track-the-shooter/articleshow/126086882.cms already exists.
2025-12-20 05:26:47,602 - INFO - [Times of India] Early skip: URL https://timesofindia.indiatimes.com/world/us/trump-kennedy-center-kerry-kennedy-vows-to-remove-presidents-name-maria-shriver-calls-it-not-dignified/articleshow/126086946.cms already exists.
2025-12-20 05:26:47,706 - INFO - [Times of India] Early skip: URL https://timesofindia.indiatimes.com/world/us/us-escalates-pressure-on-nicols-maduro-imposes-sanctions-on-family-members-who-are-they/articleshow/126087046.cms already exists.
2025-12-20 05:26:47,836 - INFO - [Times of India] Early skip: URL https://timesofindia.indiatimes.com/world/us/epstein-files-released-us-justice-department-publishes-first-batch-of-documents-whats-new/articleshow/126084632.cms already exists.
2025-12-20 05:26:48,007 - INFO - [Times of India] Early skip: URL https://timesofindia.indiatimes.com/world/us/donald-trump-saves-kennedy-center-after-50-years-of-successful-concerts-by-adding-his-name-to-it/articleshow/126087414.cms already exists.
2025-12-20 05:26:48,130 - INFO - [Times of India] Early skip: URL https://timesofindia.indiatimes.com/business/international-business/cheaper-medicines-push-donald-trump-strikes-deals-with-9-major-pharma-firms-price-cuts-to-match-global-benchmarks/articleshow/126087335.cms already exists.
2025-12-20 05:26:48,319 - INFO - [Times of India] Early skip: URL https://timesofindia.indiatimes.com/world/us-streamers/what-happened-between-jourdin-pauline-and-tylil-james-controversy-explored-after-twitch-streamer-denies-assault-claims/articleshow/126087243.cms already exists.
2025-12-20 05:26:48,579 - INFO - [Times of India] Early skip: URL https://timesofindia.indiatimes.com/world/us-streamers/lospollostv-reacts-to-ironmouse-and-rakai-streamer-awards-controversy/articleshow/126084369.cms already exists.
2025-12-20 05:26:48,725 - INFO - [Times of India] Early skip: URL https://timesofindia.indiatimes.com/world/us-streamers/most-pointless-presidential-address-matt-walsh-slams-president-donald-trumps-white-house-speech-as-empty-talk/articleshow/126085916.cms already exists.
2025-12-20 05:26:48,887 - INFO - [Times of India] Early skip: URL https://timesofindia.indiatimes.com/world/us-streamers/that-globalist-stooge-podcaster-russell-brand-shocks-tpusa-crowd-with-blunt-comment-about-katy-perry-and-justin-trudeau/articleshow/126086761.cms already exists.
2025-12-20 05:26:49,130 - INFO - [Times of India] Early skip: URL https://timesofindia.indiatimes.com/world/us-streamers/why-was-kick-streamer-clavicular-swatted-and-detained-during-a-miami-irl-livestream/articleshow/126086797.cms already exists.
2025-12-20 05:26:49,331 - INFO - [Times of India] Early skip: URL https://timesofindia.indiatimes.com/world/us-streamers/two-people-candace-owens-claims-she-privately-warned-erika-kirk-about-tpusa-insiders-before-charlie-kirk-was-killed/articleshow/126086794.cms already exists.
2025-12-20 05:26:49,568 - INFO - [Times of India] Early skip: URL https://timesofindia.indiatimes.com/world/us-streamers/never-liked-charlie-candace-owens-accuses-ben-shapiro-of-foreign-allegiance-as-conspiracy-claims-over-charlie-kirks-murder-intensify/articleshow/126086900.cms already exists.
2025-12-20 05:26:49,793 - INFO - [Times of India] Early skip: URL https://timesofindia.indiatimes.com/world/us/will-be-hit-harder-than-before-if-donald-trumps-stern-warning-as-us-strikes-isis-targets-in-syria-what-he-said-operation-hawkeye-strike/articleshow/126086785.cms already exists.
2025-12-20 05:26:49,948 - INFO - [Times of India] Early skip: URL https://timesofindia.indiatimes.com/world/us/operation-hawkeye-strike-us-launches-airstrikes-on-isis-targets-in-syria-move-after-death-of-2-american-soldiers/articleshow/126086753.cms already exists.
2025-12-20 05:26:50,073 - INFO - [Times of India] Early skip: URL https://timesofindia.indiatimes.com/world/us/from-redacted-names-to-blank-pages-everything-wrong-with-the-disclosure-of-epstein-files-by-the-justice-department/articleshow/126086773.cms already exists.
2025-12-20 05:26:50,290 - INFO - [Times of India] Early skip: URL https://timesofindia.indiatimes.com/world/us/epstein-files-released-michael-jackson-mick-jagger-bill-clinton-and-many-more-pictured-with-convicted-pedophile-see-photos/articleshow/126085818.cms already exists.
2025-12-20 05:26:50,462 - INFO - [Times of India] Early skip: URL https://timesofindia.indiatimes.com/world/us/epstein-files-released-justice-department-website-crashes-as-thousands-try-to-access-documents-how-to-view-them/articleshow/126084657.cms already exists.
2025-12-20 05:26:50,736 - INFO - [Times of India] (Thread) Finished. Attempting to shut down its Selenium driver.
2025-12-20 05:27:36,779 - CRITICAL - --- TIMEOUT: 1 scrape jobs did not complete in 300s. ---
2025-12-20 05:27:36,779 - ERROR - A thread has timed out and will be abandoned.
2025-12-20 05:27:36,779 - INFO - Shutting down thread pool (wait=False)...
2025-12-20 05:27:36,780 - INFO - Scraped: 0 BBC, 0 The Guardian, 4 The Hindu, 1 Timed_Out_Jobs articles. (Total saved: 4)
2025-12-20 05:27:36,780 - INFO - --- Scraping job finished ---
2025-12-20 05:27:36,780 - INFO - --- Scraper service stopped and database connection closed. ---
2025-12-20 05:27:36,780 - INFO - --- Main thread finished. Forcing process exit to kill zombie threads. ---
