2026-01-23 11:46:55,591 - INFO - Loading AI Semantic Model (all-MiniLM-L6-v2)...
2026-01-23 11:46:55,592 - INFO - Use pytorch device_name: cpu
2026-01-23 11:46:55,592 - INFO - Load pretrained SentenceTransformer: all-MiniLM-L6-v2
2026-01-23 11:46:56,771 - INFO - AI Model loaded successfully.
2026-01-23 11:46:56,772 - INFO - --- Scraper service started (CI Mode: Run Once) ---
2026-01-23 11:46:56,772 - INFO - --- Starting new scraping job (Parallel Mode) ---
2026-01-23 11:46:56,772 - INFO - Creating new robust session with 3 retries on 5xx/connection/read errors.
2026-01-23 11:46:56,772 - INFO - Proxy is DISABLED.
2026-01-23 11:46:56,772 - INFO - Starting scrape for BBC RSS feed: http://feeds.bbci.co.uk/news/world/rss.xml
2026-01-23 11:46:56,773 - INFO - [Times of India] (Thread) requires Selenium. Initializing driver...
2026-01-23 11:46:56,774 - INFO - Starting scrape for The Guardian RSS feed: https://www.theguardian.com/world/rss
2026-01-23 11:46:56,775 - INFO - [The Hindu] (Thread) requires Selenium. Initializing driver...
2026-01-23 11:46:56,775 - INFO - Submitted 4 jobs to thread pool. Waiting up to 300s for completion...
2026-01-23 11:46:56,996 - INFO - Found 42 articles in BBC RSS feed. Processing up to 30.
2026-01-23 11:46:56,999 - INFO - [BBC] Early skip: URL https://www.bbc.com/news/articles/czr444j671vo?at_medium=RSS&at_campaign=rss already exists.
2026-01-23 11:46:57,017 - INFO - Found 45 articles in The Guardian RSS feed. Processing up to 30.
2026-01-23 11:46:57,233 - INFO - [The Guardian] Early skip: URL https://www.theguardian.com/world/2026/jan/23/guinea-bissau-hepatitis-b-vaccine-study already exists.
2026-01-23 11:46:57,361 - INFO - [BBC] Early skip: URL https://www.bbc.com/news/articles/c3r117w55q4o?at_medium=RSS&at_campaign=rss already exists.
2026-01-23 11:46:57,563 - INFO - [The Guardian] Early skip: URL https://www.theguardian.com/global-development/2026/jan/22/actionaid-rethink-child-sponsorship-decolonise-funding already exists.
2026-01-23 11:46:57,782 - INFO - [BBC] Early skip: URL https://www.bbc.com/news/articles/cn7jjp8gl0jo?at_medium=RSS&at_campaign=rss already exists.
2026-01-23 11:46:57,989 - INFO - [The Guardian] Early skip: URL https://www.theguardian.com/us-news/2026/jan/20/us-diplomats-urged-to-remind-african-leaders-of-us-generosity-despite-usaid-closing already exists.
2026-01-23 11:46:58,197 - INFO - [BBC] Early skip: URL https://www.bbc.com/news/articles/cwy11485jeno?at_medium=RSS&at_campaign=rss already exists.
2026-01-23 11:46:58,314 - INFO - [The Guardian] Early skip: URL https://www.theguardian.com/global-development/2026/jan/19/brazen-political-influence-rich-laid-bare-wealth-billionaires-inequality-poverty-instability-oxfam already exists.
2026-01-23 11:46:58,436 - INFO - [BBC] Early skip: URL https://www.bbc.com/news/articles/c2d77rr51rko?at_medium=RSS&at_campaign=rss already exists.
2026-01-23 11:46:58,729 - INFO - [The Guardian] Early skip: URL https://www.theguardian.com/world/2026/jan/18/ugandas-president-calls-opponents-terrorists-in-victory-speech already exists.
2026-01-23 11:46:58,868 - INFO - [BBC] Early skip: URL https://www.bbc.com/news/articles/cn422q1py95o?at_medium=RSS&at_campaign=rss already exists.
2026-01-23 11:46:58,986 - INFO - [The Guardian] Early skip: URL https://www.theguardian.com/us-news/2026/jan/22/trump-withdraws-invitation-canada already exists.
2026-01-23 11:46:59,237 - INFO - [The Guardian] Early skip: URL https://www.theguardian.com/us-news/2026/jan/22/house-war-powers-resolution-trump-military-venezuela already exists.
2026-01-23 11:46:59,440 - INFO - [BBC] Early skip: URL https://www.bbc.com/news/articles/cn8jj228g2vo?at_medium=RSS&at_campaign=rss already exists.
2026-01-23 11:46:59,556 - INFO - [The Guardian] Early skip: URL https://www.theguardian.com/world/2026/jan/22/carney-says-canada-must-be-a-beacon-to-a-world-thats-at-sea already exists.
2026-01-23 11:46:59,780 - INFO - [BBC] Early skip: URL https://www.bbc.com/news/articles/cwyrrqwxpz7o?at_medium=RSS&at_campaign=rss already exists.
2026-01-23 11:47:00,081 - INFO - [The Guardian] Early skip: URL https://www.theguardian.com/us-news/2026/jan/22/trump-board-peace-davos-un already exists.
2026-01-23 11:47:00,214 - INFO - [BBC] Early skip: URL https://www.bbc.com/news/articles/cy7mmpljze7o?at_medium=RSS&at_campaign=rss already exists.
2026-01-23 11:47:00,498 - INFO - [The Guardian] Early skip: URL https://www.theguardian.com/world/2026/jan/22/canada-pilot-airline-tickets already exists.
2026-01-23 11:47:00,674 - INFO - [BBC] Early skip: URL https://www.bbc.com/news/articles/clyzzzd2y7do?at_medium=RSS&at_campaign=rss already exists.
2026-01-23 11:47:00,800 - INFO - [The Guardian] Early skip: URL https://www.theguardian.com/environment/2026/jan/23/tapanuli-orangutans-floods-indonesia-government-mining-extraction-companies-aoe already exists.
2026-01-23 11:47:01,013 - INFO - [BBC] Early skip: URL https://www.bbc.com/news/articles/c3eddk53vxqo?at_medium=RSS&at_campaign=rss already exists.
2026-01-23 11:47:01,123 - INFO - [The Guardian] Early skip: URL https://www.theguardian.com/world/2026/jan/23/two-confirmed-dead-and-more-presumed-buried-after-landslides-hit-house-and-campground-in-new-zealand already exists.
2026-01-23 11:47:01,404 - INFO - [BBC] Early skip: URL https://www.bbc.com/news/articles/cdexxr2y907o?at_medium=RSS&at_campaign=rss already exists.
2026-01-23 11:47:01,699 - INFO - [The Guardian] Early skip: URL https://www.theguardian.com/world/2026/jan/23/japan-pauses-kashiwazaki-kariwa-worlds-largest-nuclear-power-plant already exists.
2026-01-23 11:47:01,876 - INFO - [BBC] Early skip: URL https://www.bbc.com/news/articles/ckgjjy55x2mo?at_medium=RSS&at_campaign=rss already exists.
2026-01-23 11:47:02,161 - INFO - [The Guardian] Early skip: URL https://www.theguardian.com/world/2026/jan/22/frenchie-mae-cumpio-philippine-journalist-found-guilty already exists.
2026-01-23 11:47:02,385 - INFO - [BBC] Early skip: URL https://www.bbc.com/news/articles/c6200g826d2o?at_medium=RSS&at_campaign=rss already exists.
2026-01-23 11:47:02,505 - INFO - [The Guardian] Early skip: URL https://www.theguardian.com/world/2026/jan/22/hong-kong-national-security-trial-pro-democracy-activists-chow-hang-tung-lee-cheuk-yan-albert-ho already exists.
2026-01-23 11:47:02,639 - INFO - [BBC] Early skip: URL https://www.bbc.com/news/articles/c620l5e2q1vo?at_medium=RSS&at_campaign=rss already exists.
2026-01-23 11:47:02,903 - INFO - [The Guardian] Early skip: URL https://www.theguardian.com/australia-news/2026/jan/23/piper-james-backpacker-kgari-dingoes-coroner-autopsy-evidence-drowning-dingo-bites already exists.
2026-01-23 11:47:03,081 - INFO - [BBC] Early skip: URL https://www.bbc.com/news/articles/cg5gg05y0mlo?at_medium=RSS&at_campaign=rss already exists.
2026-01-23 11:47:03,197 - INFO - [The Guardian] Early skip: URL https://www.theguardian.com/australia-news/2026/jan/23/sussan-ley-confident-she-will-survive-as-opposition-leader-and-says-door-is-open-to-nationals-rejoining-coalition already exists.
2026-01-23 11:47:03,409 - INFO - [BBC] Early skip: URL https://www.bbc.com/news/articles/cz0ppdjmjy9o?at_medium=RSS&at_campaign=rss already exists.
2026-01-23 11:47:03,521 - INFO - [The Guardian] Early skip: URL https://www.theguardian.com/environment/2026/jan/23/intense-heat-across-south-east-australia-could-shatter-temperature-records-in-coming-days already exists.
2026-01-23 11:47:03,658 - INFO - [BBC] Early skip: URL https://www.bbc.com/news/articles/cp9jj1j74ggo?at_medium=RSS&at_campaign=rss already exists.
2026-01-23 11:47:03,867 - INFO - [The Guardian] Early skip: URL https://www.theguardian.com/australia-news/live/2026/jan/23/australia-news-live-sussan-ley-liberals-coalition-nationals-littleproud-hastie-taylor-anthony-albanese-labor-spill-ntwnfb already exists.
2026-01-23 11:47:04,109 - INFO - [BBC] Early skip: URL https://www.bbc.com/news/articles/cje11x527n4o?at_medium=RSS&at_campaign=rss already exists.
2026-01-23 11:47:04,308 - INFO - [The Guardian] Early skip: URL https://www.theguardian.com/australia-news/2026/jan/23/peter-dutton-alienated-voters-labor-election-review already exists.
2026-01-23 11:47:04,585 - INFO - [BBC] Early skip: URL https://www.bbc.com/news/articles/cx2yy8z91n4o?at_medium=RSS&at_campaign=rss already exists.
2026-01-23 11:47:04,748 - INFO - Selenium driver initialized successfully.
2026-01-23 11:47:04,748 - INFO - Starting scrape for The Hindu RSS feed: https://www.thehindu.com/news/national/feeder/default.rss
2026-01-23 11:47:04,750 - INFO - Selenium driver initialized successfully.
2026-01-23 11:47:04,750 - INFO - Starting scrape for Times of India RSS feed: https://timesofindia.indiatimes.com/rssfeeds/296589292.cms
2026-01-23 11:47:04,834 - INFO - [The Guardian] Early skip: URL https://www.theguardian.com/world/live/2026/jan/23/ukraine-war-russia-us-trilateral-talks-latest-updates-news already exists.
2026-01-23 11:47:05,016 - INFO - Found 100 articles in The Hindu RSS feed. Processing up to 30.
2026-01-23 11:47:05,029 - INFO - Found 20 articles in Times of India RSS feed. Processing up to 30.
2026-01-23 11:47:05,054 - INFO - [BBC] Early skip: URL https://www.bbc.com/news/articles/c4g00mv29j5o?at_medium=RSS&at_campaign=rss already exists.
2026-01-23 11:47:05,304 - INFO - [The Hindu] Article: https://www.thehindu.com/news/national/kerala/twenty20s-nda-entry-puts-congress-in-a-bind-at-vadavucode-puthencruz-panchayat/article70542175.ece
2026-01-23 11:47:05,304 - INFO - [The Hindu] Attempt 1/1: Trying with 'selenium_browser' strategy...
2026-01-23 11:47:05,305 - INFO - [Times of India] Article: https://timesofindia.indiatimes.com/world/middle-east/one-man-1000-dependents-how-a-dead-mans-identity-fueled-kuwaits-biggest-citizenship-scam/articleshow/127269800.cms
2026-01-23 11:47:05,305 - INFO - [Times of India] Attempt 1/1: Trying with 'selenium_browser' strategy...
2026-01-23 11:47:05,306 - INFO - [The Guardian] Early skip: URL https://www.theguardian.com/world/2026/jan/23/weather-tracker-record-snowfall-eastern-russia-people-stranded already exists.
2026-01-23 11:47:05,547 - INFO - [BBC] Early skip: URL https://www.bbc.com/news/articles/cq5yywx39e7o?at_medium=RSS&at_campaign=rss already exists.
2026-01-23 11:47:05,686 - INFO - [The Guardian] Early skip: URL https://www.theguardian.com/world/2026/jan/23/spanish-court-drops-pegasus-spyware-case-again-israel-spain-nso already exists.
2026-01-23 11:47:05,922 - INFO - [BBC] Early skip: URL https://www.bbc.com/news/articles/c4gwp2me3gzo?at_medium=RSS&at_campaign=rss already exists.
2026-01-23 11:47:06,130 - INFO - [The Guardian] Early skip: URL https://www.theguardian.com/world/2026/jan/23/us-ukraine-russia-abu-dhabi-talks-putin-witkoff-kushner already exists.
2026-01-23 11:47:06,347 - INFO - [BBC] Early skip: URL https://www.bbc.com/news/articles/cq844z9y4q9o?at_medium=RSS&at_campaign=rss already exists.
2026-01-23 11:47:06,503 - INFO - [BBC] Early skip: URL https://www.bbc.com/news/articles/cx2ll9wr562o?at_medium=RSS&at_campaign=rss already exists.
2026-01-23 11:47:06,789 - INFO - [BBC] Early skip: URL https://www.bbc.com/news/articles/cz0pnjv1zy5o?at_medium=RSS&at_campaign=rss already exists.
2026-01-23 11:47:07,057 - INFO - [BBC] Early skip: URL https://www.bbc.com/news/articles/cx2yy4n1vlgo?at_medium=RSS&at_campaign=rss already exists.
2026-01-23 11:47:07,262 - INFO - [The Guardian] Early skip: URL https://www.theguardian.com/world/2026/jan/22/eu-leaders-meet-in-brussels-to-discuss-new-reality-of-relations-with-us already exists.
2026-01-23 11:47:07,375 - INFO - [The Hindu] Page content loaded.
2026-01-23 11:47:07,427 - INFO - [The Guardian] Early skip: URL https://www.theguardian.com/world/2026/jan/22/trump-kushner-gaza-blueprint-rafah already exists.
2026-01-23 11:47:07,599 - INFO - [The Guardian] Early skip: URL https://www.theguardian.com/politics/2026/jan/22/uk-not-ready-sign-trump-board-of-peace-treaty-yvette-cooper already exists.
2026-01-23 11:47:07,643 - INFO - [The Hindu] Success with 'selenium_browser'. Found content (453 words).
2026-01-23 11:47:07,819 - INFO - [The Guardian] Early skip: URL https://www.theguardian.com/world/2026/jan/22/trump-board-of-peace-launch-davos already exists.
2026-01-23 11:47:08,102 - INFO - [The Guardian] Early skip: URL https://www.theguardian.com/law/2026/jan/22/uae-ordered-to-pay-260000-to-trafficking-victim-exploited-by-diplomat-in-london already exists.
2026-01-23 11:47:08,267 - INFO - [The Guardian] Early skip: URL https://www.theguardian.com/world/2026/jan/22/jordan-israeli-spyware-gaza-activists already exists.
2026-01-23 11:47:08,412 - INFO - [BBC] Early skip: URL https://www.bbc.com/news/articles/cp3zzv40422o?at_medium=RSS&at_campaign=rss already exists.
2026-01-23 11:47:08,568 - INFO - [BBC] Early skip: URL https://www.bbc.com/news/articles/c6200mz054yo?at_medium=RSS&at_campaign=rss already exists.
2026-01-23 11:47:08,761 - INFO - [BBC] Early skip: URL https://www.bbc.com/news/articles/cy4qqdy29d2o?at_medium=RSS&at_campaign=rss already exists.
2026-01-23 11:47:25,407 - ERROR - [Times of India] Request failed for strategy 'selenium_browser' on URL https://timesofindia.indiatimes.com/world/middle-east/one-man-1000-dependents-how-a-dead-mans-identity-fueled-kuwaits-biggest-citizenship-scam/articleshow/127269800.cms: Message: timeout: Timed out receiving message from renderer: 19.885
  (Session info: chrome=144.0.7559.59)
Stacktrace:
#0 0x55f99d192c3a <unknown>
#1 0x55f99cbac969 <unknown>
#2 0x55f99cb94201 <unknown>
#3 0x55f99cb93e26 <unknown>
#4 0x55f99cb9194b <unknown>
#5 0x55f99cb922cf <unknown>
#6 0x55f99cba1700 <unknown>
#7 0x55f99cbbb6f7 <unknown>
#8 0x55f99cbc297b <unknown>
#9 0x55f99cb92a39 <unknown>
#10 0x55f99cbbb48a <unknown>
#11 0x55f99cc4ad98 <unknown>
#12 0x55f99cbf3be2 <unknown>
#13 0x55f99cbf4991 <unknown>
#14 0x55f99d158a99 <unknown>
#15 0x55f99d15b9b1 <unknown>
#16 0x55f99d1450a9 <unknown>
#17 0x55f99d15c56e <unknown>
#18 0x55f99d12b5e0 <unknown>
#19 0x55f99d180358 <unknown>
#20 0x55f99d180528 <unknown>
#21 0x55f99d191fa8 <unknown>
#22 0x7f48f669caa4 <unknown>
#23 0x7f48f6729c6c <unknown>

2026-01-23 11:47:25,407 - ERROR - [Times of India] All scrape strategies failed for https://timesofindia.indiatimes.com/world/middle-east/one-man-1000-dependents-how-a-dead-mans-identity-fueled-kuwaits-biggest-citizenship-scam/articleshow/127269800.cms. Falling back to RSS description.
2026-01-23 11:47:25,407 - WARNING - SKIPPED (GLOBAL WORD LIMIT): Article 'One man, 1,000 dependents: How a dead man’s identity fueled Kuwait’s biggest citizenship scam' from Times of India has only 52 words (Min: 90).
2026-01-23 11:47:34,290 - INFO - DEDUPLICATION: Found match (Score: 0.76). Linking to Cluster ID: 3c9faeda-c798-4eef-ba87-c9c79e5227fa
2026-01-23 11:47:34,296 - INFO - Saved article: Twenty20’s NDA entry puts Congress in a bind at Vadavucode-Puthencruz panchayat - The Hindu from The Hindu (453 words)
2026-01-23 11:47:34,297 - INFO - [Times of India] Early skip: URL https://timesofindia.indiatimes.com/world/us/how-driving-a-uber-in-trumps-america-changed-a-former-journalists-views-on-immigration/articleshow/127265099.cms already exists.
2026-01-23 11:47:34,495 - INFO - [Times of India] Early skip: URL https://timesofindia.indiatimes.com/world/middle-east/saudi-arabia-rolls-out-nitaqat-2-0-targeting-340000-private-sector-jobs-over-three-years/articleshow/127246550.cms already exists.
2026-01-23 11:47:34,702 - INFO - [Times of India] Early skip: URL https://timesofindia.indiatimes.com/world/rest-of-world/the-worlds-largest-and-deepest-gravity-hole-sits-in-the-indian-ocean/articleshow/127241211.cms already exists.
2026-01-23 11:47:34,923 - INFO - [Times of India] Early skip: URL https://timesofindia.indiatimes.com/world/us/board-of-peace-donald-trump-calls-putins-idea-of-using-frozen-russian-assets-very-interesting/articleshow/127238807.cms already exists.
2026-01-23 11:47:35,036 - INFO - [Times of India] Early skip: URL https://timesofindia.indiatimes.com/world/middle-east/waiting-over-saudi-arabia-opens-property-ownership-applications-to-non-saudis-heres-how-to-apply/articleshow/127237031.cms already exists.
2026-01-23 11:47:35,259 - INFO - [Times of India] Early skip: URL https://timesofindia.indiatimes.com/world/us/donald-trump-sues-jpmorgan-ceo-jamie-dimon-for-5bn-over-political-debanking/articleshow/127235087.cms already exists.
2026-01-23 11:47:35,433 - INFO - [Times of India] Early skip: URL https://timesofindia.indiatimes.com/world/rest-of-world/earthquakes-beneath-antarctica-may-be-the-reason-of-rich-marine-life/articleshow/127223099.cms already exists.
2026-01-23 11:47:35,664 - INFO - [The Hindu] Article: https://www.thehindu.com/news/national/andhra-pradesh/apssdc-announces-overseas-job-opportunity-in-russia-for-iti-and-diploma-holders/article70542207.ece
2026-01-23 11:47:35,664 - INFO - [The Hindu] Attempt 1/1: Trying with 'selenium_browser' strategy...
2026-01-23 11:47:35,665 - INFO - [Times of India] Early skip: URL https://timesofindia.indiatimes.com/world/middle-east/uae-sees-cloudy-weather-possible-rain-in-northern-regions-today/articleshow/127232406.cms already exists.
2026-01-23 11:47:35,861 - INFO - [Times of India] Early skip: URL https://timesofindia.indiatimes.com/world/middle-east/no-outdoor-loudspeakers-this-ramadan-saudi-ministry-issues-clear-mosque-rules/articleshow/127232745.cms already exists.
2026-01-23 11:47:36,033 - INFO - [Times of India] Early skip: URL https://timesofindia.indiatimes.com/world/us/i-clippled-it-trump-says-his-hand-bruise-result-of-big-aspirin-he-takes/articleshow/127223894.cms already exists.
2026-01-23 11:47:36,151 - INFO - [Times of India] Early skip: URL https://timesofindia.indiatimes.com/world/us/massive-us-military-fleet-moving-towards-iran-donald-trump-after-tehran-says-it-has-finger-on-trigger/articleshow/127221290.cms already exists.
2026-01-23 11:47:36,266 - INFO - [Times of India] Early skip: URL https://timesofindia.indiatimes.com/world/us/h-1bs-are-taking-american-jobs-florida-set-to-ban-new-h-1b-hires-at-state-universities/articleshow/127222939.cms already exists.
2026-01-23 11:47:36,375 - INFO - [Times of India] Early skip: URL https://timesofindia.indiatimes.com/world/us-streamers/she-sues-people-candace-owens-takes-aim-at-nicola-peltz-while-discussing-brooklyn-beckhams-allegations/articleshow/127208586.cms already exists.
2026-01-23 11:47:36,492 - INFO - [Times of India] Early skip: URL https://timesofindia.indiatimes.com/world/us-streamers/ishowspeed-responds-to-criticism-over-skipping-creator-collaborations-during-africa-tour/articleshow/127195145.cms already exists.
2026-01-23 11:47:36,747 - INFO - [Times of India] Early skip: URL https://timesofindia.indiatimes.com/world/us-streamers/vyro-offers-300000-in-fan-rewards-for-clipping-mrbeasts-beast-games-episodes/articleshow/127193976.cms already exists.
2026-01-23 11:47:36,978 - INFO - [Times of India] Early skip: URL https://timesofindia.indiatimes.com/world/us/katy-perry-faces-heat-for-space-trip-while-attending-davos-climate-talks-burned-498-tons-of-fuel/articleshow/127197506.cms already exists.
2026-01-23 11:47:37,262 - INFO - [Times of India] Early skip: URL https://timesofindia.indiatimes.com/world/rest-of-world/torture-rape-killing-former-pakistani-cop-ordered-to-be-deported-earlier-from-canada-gets-to-stay/articleshow/127196466.cms already exists.
2026-01-23 11:47:37,411 - INFO - [The Hindu] Page content loaded.
2026-01-23 11:47:37,422 - INFO - [Times of India] Early skip: URL https://timesofindia.indiatimes.com/world/us/6-year-old-walks-two-miles-for-help-after-father-dies-saving-him-in-upstate-new-york-ice-tragedy/articleshow/127195488.cms already exists.
2026-01-23 11:47:37,552 - INFO - [Times of India] Early skip: URL https://timesofindia.indiatimes.com/world/us/row-over-trumps-hand-bruise-in-davos-and-missing-medical-records-two-years-of-coverage-of-bidens-health/articleshow/127195328.cms already exists.
2026-01-23 11:47:37,650 - INFO - [The Hindu] Success with 'selenium_browser'. Found content (215 words).
2026-01-23 11:47:37,691 - INFO - [Times of India] (Thread) Finished. Attempting to shut down its Selenium driver.
2026-01-23 11:47:38,013 - INFO - [Times of India] (Thread) driver.quit() successful.
2026-01-23 11:47:52,011 - INFO - Saved article: APSSDC announces overseas job opportunity in Russia for ITI and diploma holders - The Hindu from The Hindu (215 words)
2026-01-23 11:47:52,699 - INFO - [The Hindu] Article: https://www.thehindu.com/news/cities/Hyderabad/ban-on-drones-paragliding-in-parts-of-secunderabad-for-republic-day-celebrations/article70541181.ece
2026-01-23 11:47:52,699 - INFO - [The Hindu] Attempt 1/1: Trying with 'selenium_browser' strategy...
2026-01-23 11:47:53,726 - INFO - [The Hindu] Page content loaded.
2026-01-23 11:47:53,765 - INFO - [The Hindu] Success with 'selenium_browser'. Found content (165 words).
2026-01-23 11:48:08,071 - INFO - Saved article: Ban on drones, paragliding in parts of Secunderabad for Republic Day celebrations - The Hindu from The Hindu (165 words)
2026-01-23 11:48:09,093 - INFO - [The Hindu] Article: https://www.thehindu.com/news/cities/Coimbatore/ooty-arts-college-student-to-take-part-in-republic-day-parade-in-delhi/article70541890.ece
2026-01-23 11:48:09,094 - INFO - [The Hindu] Attempt 1/1: Trying with 'selenium_browser' strategy...
2026-01-23 11:48:11,410 - INFO - [The Hindu] Page content loaded.
2026-01-23 11:48:11,487 - INFO - [The Hindu] Success with 'selenium_browser'. Found content (230 words).
2026-01-23 11:48:25,392 - INFO - Saved article: Ooty arts college student to take part in Republic Day parade in Delhi - The Hindu from The Hindu (230 words)
2026-01-23 11:48:26,197 - INFO - [The Hindu] Article: https://www.thehindu.com/news/national/tamil-nadu/tn-assembly-condoles-deaths-of-soldiers-in-jammu-and-kashmirs-doda/article70541842.ece
2026-01-23 11:48:26,197 - INFO - [The Hindu] Attempt 1/1: Trying with 'selenium_browser' strategy...
2026-01-23 11:48:27,218 - INFO - [The Hindu] Page content loaded.
2026-01-23 11:48:27,298 - INFO - [The Hindu] Success with 'selenium_browser'. Found content (134 words).
2026-01-23 11:48:41,591 - INFO - Saved article: T.N. Assembly condoles deaths of soldiers in Jammu and Kashmir’s Doda - The Hindu from The Hindu (134 words)
2026-01-23 11:48:43,014 - INFO - [The Hindu] Early skip: URL https://www.thehindu.com/news/national/telangana/medaram-jatara-telangana-rtc-special-bus-services-to-begin-from-january-25-city-operations-likely-to-be-affected/article70541774.ece already exists.
2026-01-23 11:48:43,257 - INFO - [The Hindu] Early skip: URL https://www.thehindu.com/news/national/indian-railways-says-fare-fixation-formula-is-trade-secret/article70542202.ece already exists.
2026-01-23 11:48:43,471 - INFO - [The Hindu] Early skip: URL https://www.thehindu.com/news/national/tamil-nadu/tn-proposes-special-area-development-authority-for-places-of-historical-ecological-importance/article70541779.ece already exists.
2026-01-23 11:48:43,704 - INFO - [The Hindu] Early skip: URL https://www.thehindu.com/news/national/tamil-nadu/tn-government-will-take-steps-to-resolve-issues-related-to-broiler-chicken-production-minister/article70541895.ece already exists.
2026-01-23 11:48:43,903 - INFO - [The Hindu] Early skip: URL https://www.thehindu.com/news/national/telangana/telangana-dca-adilabad-police-seize-109-oxytocin-bottles-meant-for-illegal-use-in-cattle/article70541671.ece already exists.
2026-01-23 11:48:44,036 - INFO - [The Hindu] Early skip: URL https://www.thehindu.com/news/national/mizoram/aizawl-drinking-water-supply/article70542151.ece already exists.
2026-01-23 11:48:44,199 - INFO - [The Hindu] Early skip: URL https://www.thehindu.com/news/national/karnataka/leopard-involved-in-fatal-attack-on-devotee-at-m-m-hills-captured-by-karnataka-forest-department/article70542158.ece already exists.
2026-01-23 11:48:44,456 - INFO - [The Hindu] Early skip: URL https://www.thehindu.com/news/national/kerala/youth-congress-activists-house-vandalised-in-kannur/article70541128.ece already exists.
2026-01-23 11:48:44,691 - INFO - [The Hindu] Early skip: URL https://www.thehindu.com/news/national/karnataka/youth-congress-leaders-protest-against-karnataka-governor-urges-president-to-recall-him/article70542026.ece already exists.
2026-01-23 11:48:44,944 - INFO - [The Hindu] Early skip: URL https://www.thehindu.com/news/national/wef-to-launch-five-new-centres-for-fourth-industrial-revolution-one-in-india/article70542051.ece already exists.
2026-01-23 11:48:45,100 - INFO - [The Hindu] Early skip: URL https://www.thehindu.com/news/national/tamil-nadu/tamil-nadu-govt-announces-relaxations-in-norms-for-jallikattu-organisers-participants/article70541643.ece already exists.
2026-01-23 11:48:45,374 - INFO - [The Hindu] Early skip: URL https://www.thehindu.com/news/national/karnataka/shivamogga-mp-by-raghavendra-criticizes-congress-government-for-disturbance-during-joint-legislature-session-in-karnataka/article70541951.ece already exists.
2026-01-23 11:48:45,496 - INFO - [The Hindu] Early skip: URL https://www.thehindu.com/news/national/tamil-nadu/major-fire-breaks-out-at-godown-in-dindigul/article70541596.ece already exists.
2026-01-23 11:48:45,765 - INFO - [The Hindu] Early skip: URL https://www.thehindu.com/news/national/gujarat/ahmedabad-schools-bomb-threats-panic-in-officials-confirm-hoaxes/article70542046.ece already exists.
2026-01-23 11:48:46,041 - INFO - [The Hindu] Early skip: URL https://www.thehindu.com/news/national/andhra-pradesh/shrimp-farmers-seek-restriction-on-spf-broodstock-import-from-south-east-asia/article70538800.ece already exists.
2026-01-23 11:48:46,287 - INFO - [The Hindu] Early skip: URL https://www.thehindu.com/news/national/tamil-nadu/heavy-rain-likely-along-north-tamil-nadu-coast-on-january-24/article70541878.ece already exists.
2026-01-23 11:48:46,478 - INFO - [The Hindu] Early skip: URL https://www.thehindu.com/news/national/karnataka/high-court-order-on-bike-taxis-welcomed-by-aggregators-riders-and-commuters-in-karnataka/article70541807.ece already exists.
2026-01-23 11:48:46,598 - INFO - [The Hindu] Article: https://www.thehindu.com/videos/wasteland-to-biodiversity-hotspot-tracing-the-transformation-of-bengaluru-hesaraghatta-grassland/article70542064.ece
2026-01-23 11:48:46,598 - INFO - [The Hindu] Attempt 1/1: Trying with 'selenium_browser' strategy...
2026-01-23 11:48:47,701 - INFO - [The Hindu] Page content loaded.
2026-01-23 11:48:47,744 - WARNING - [The Hindu] FAILED with 'selenium_browser' (content was too short: 55 words).
2026-01-23 11:48:47,744 - ERROR - [The Hindu] All scrape strategies failed for https://www.thehindu.com/videos/wasteland-to-biodiversity-hotspot-tracing-the-transformation-of-bengaluru-hesaraghatta-grassland/article70542064.ece. Falling back to RSS description.
2026-01-23 11:48:47,744 - WARNING - SKIPPED (GLOBAL WORD LIMIT): Article '‘Wasteland’ to biodiversity hotspot: Tracing the transformation of Bengaluru’s Hesaraghatta grassland' from The Hindu has only 23 words (Min: 90).
2026-01-23 11:48:48,511 - INFO - [The Hindu] Early skip: URL https://www.thehindu.com/news/national/kerala/sabarimala-gold-loss-cases-court-grants-former-tdb-officer-murari-babu-statutory-bail/article70542002.ece already exists.
2026-01-23 11:48:48,794 - INFO - [The Hindu] Early skip: URL https://www.thehindu.com/news/national/jairam-ramesh-files-petition-in-supreme-court-challenging-ex-post-facto-environmental-clearances/article70541927.ece already exists.
2026-01-23 11:48:49,062 - INFO - [The Hindu] Early skip: URL https://www.thehindu.com/news/national/issues-surrounding-governors-address-explained/article70541969.ece already exists.
2026-01-23 11:48:49,283 - INFO - [The Hindu] Early skip: URL https://www.thehindu.com/news/national/tamil-nadu/tamil-nadu-assembly-adopts-resolution-against-various-provisions-of-vb-g-ram-g/article70541609.ece already exists.
2026-01-23 11:48:49,414 - INFO - [The Hindu] Early skip: URL https://www.thehindu.com/news/national/andhra-pradesh/union-minister-kishan-reddy-unveils-deendayal-upadhyaya-statue-in-vijayawada/article70541725.ece already exists.
2026-01-23 11:48:49,534 - INFO - [The Hindu] Early skip: URL https://www.thehindu.com/news/national/andhra-pradesh/indrakeeladri-durga-temple-draws-nearly-25000-students-on-sri-panchami/article70541607.ece already exists.
2026-01-23 11:48:49,782 - INFO - [The Hindu] Early skip: URL https://www.thehindu.com/news/national/supreme-court-orders-unconditional-apology-from-jharkhand-lawyer-over-viral-spat-with-judge/article70541761.ece already exists.
2026-01-23 11:48:50,058 - INFO - [The Hindu] (Thread) Finished. Attempting to shut down its Selenium driver.
2026-01-23 11:48:50,216 - INFO - [The Hindu] (Thread) driver.quit() successful.
2026-01-23 11:48:50,216 - INFO - Shutting down thread pool (wait=False)...
2026-01-23 11:48:50,216 - INFO - Scraped: 5 The Hindu, 0 The Guardian, 0 Times of India, 0 BBC articles. (Total saved: 5)
2026-01-23 11:48:50,216 - INFO - --- Scraping job finished ---
2026-01-23 11:48:50,222 - INFO - --- Scraper service stopped and database connection closed. ---
2026-01-23 11:48:50,222 - INFO - --- Main thread finished. Forcing process exit to kill zombie threads. ---
