2025-12-10 05:02:19,627 - INFO - Loading AI Semantic Model (all-MiniLM-L6-v2)...
2025-12-10 05:02:19,627 - INFO - Use pytorch device_name: cpu
2025-12-10 05:02:19,627 - INFO - Load pretrained SentenceTransformer: all-MiniLM-L6-v2
2025-12-10 05:02:20,952 - INFO - AI Model loaded successfully.
2025-12-10 05:02:20,952 - INFO - Initializing database connection at: news_articles.db
2025-12-10 05:02:20,953 - INFO - --- Scraper service started (CI Mode: Run Once) ---
2025-12-10 05:02:20,953 - INFO - --- Starting new scraping job (Parallel Mode) ---
2025-12-10 05:02:20,953 - INFO - Creating new robust session with 3 retries on 5xx/connection/read errors.
2025-12-10 05:02:20,953 - INFO - Proxy is DISABLED.
2025-12-10 05:02:20,953 - INFO - Starting scrape for BBC RSS feed: http://feeds.bbci.co.uk/news/world/rss.xml
2025-12-10 05:02:20,954 - INFO - [Times of India] (Thread) requires Selenium. Initializing driver...
2025-12-10 05:02:20,954 - INFO - Initializing headless Selenium Chrome driver (using SeleniumManager)...
2025-12-10 05:02:20,955 - INFO - Starting scrape for The Guardian RSS feed: https://www.theguardian.com/world/rss
2025-12-10 05:02:20,956 - INFO - [The Hindu] (Thread) requires Selenium. Initializing driver...
2025-12-10 05:02:20,956 - INFO - Initializing headless Selenium Chrome driver (using SeleniumManager)...
2025-12-10 05:02:20,956 - INFO - Submitted 4 jobs to thread pool. Waiting up to 300s for completion...
2025-12-10 05:02:21,064 - INFO - Found 45 articles in The Guardian RSS feed. Processing up to 20.
2025-12-10 05:02:21,064 - INFO - [The Guardian] Early skip: URL https://www.theguardian.com/world/2025/dec/09/drc-fighting-forces-200000-to-flee-just-days-after-washington-peace-deal already exists.
2025-12-10 05:02:21,105 - INFO - Found 51 articles in BBC RSS feed. Processing up to 20.
2025-12-10 05:02:21,170 - INFO - [BBC] Early skip: URL https://www.bbc.com/news/articles/clydlwldkvko?at_medium=RSS&at_campaign=rss already exists.
2025-12-10 05:02:21,432 - INFO - [The Guardian] Early skip: URL https://www.theguardian.com/world/2025/dec/09/colombian-mercenaries-sudan-sanctions already exists.
2025-12-10 05:02:21,671 - INFO - [BBC] Early skip: URL https://www.bbc.com/news/articles/cvg8m5lj2lzo?at_medium=RSS&at_campaign=rss already exists.
2025-12-10 05:02:21,951 - INFO - [The Guardian] Early skip: URL https://www.theguardian.com/world/2025/dec/09/nigeria-troops-held-burkina-faso-emergency-landing already exists.
2025-12-10 05:02:22,221 - INFO - [BBC] Early skip: URL https://www.bbc.com/news/articles/c208vd511ljo?at_medium=RSS&at_campaign=rss already exists.
2025-12-10 05:02:22,400 - INFO - [The Guardian] Early skip: URL https://www.theguardian.com/world/2025/dec/08/white-supremacist-notions-threaten-sovereignty-of-south-africa-ramaphosa already exists.
2025-12-10 05:02:22,635 - INFO - [BBC] Early skip: URL https://www.bbc.com/news/articles/cwyx8yj410po?at_medium=RSS&at_campaign=rss already exists.
2025-12-10 05:02:22,811 - INFO - [The Guardian] Early skip: URL https://www.theguardian.com/world/2025/dec/08/ancient-egyptian-pleasure-boat-found-archaeologists-alexandria-coast already exists.
2025-12-10 05:02:23,052 - INFO - [BBC] Early skip: URL https://www.bbc.com/news/videos/cx2px9x20exo?at_medium=RSS&at_campaign=rss already exists.
2025-12-10 05:02:23,304 - INFO - [The Guardian] Early skip: URL https://www.theguardian.com/us-news/live/2025/dec/09/hegseth-rubio-venezuela-trump-tariffs-pennsylvania-nvidia-china-us-politics-latest-news-updates already exists.
2025-12-10 05:02:23,467 - INFO - [BBC] Early skip: URL https://www.bbc.com/news/articles/cx2e0n3p9vvo?at_medium=RSS&at_campaign=rss already exists.
2025-12-10 05:02:23,661 - INFO - [The Guardian] Early skip: URL https://www.theguardian.com/world/2025/dec/09/honduras-president-alleges-electoral-coup-under-way-amid-trump-interference already exists.
2025-12-10 05:02:23,868 - INFO - [BBC] Early skip: URL https://www.bbc.com/news/articles/ckgl63lrpkmo?at_medium=RSS&at_campaign=rss already exists.
2025-12-10 05:02:24,003 - INFO - [The Guardian] Early skip: URL https://www.theguardian.com/world/2025/dec/09/nobel-peace-prize-maria-corina-machado-venezuela-oslo already exists.
2025-12-10 05:02:24,160 - INFO - [BBC] Early skip: URL https://www.bbc.com/news/articles/c773de38p2go?at_medium=RSS&at_campaign=rss already exists.
2025-12-10 05:02:24,308 - INFO - [The Guardian] Early skip: URL https://www.theguardian.com/us-news/2025/dec/08/trump-mexico-tariffs-water-dispute already exists.
2025-12-10 05:02:24,582 - INFO - [BBC] Early skip: URL https://www.bbc.com/news/articles/crl95eg33k1o?at_medium=RSS&at_campaign=rss already exists.
2025-12-10 05:02:24,860 - INFO - [The Guardian] Early skip: URL https://www.theguardian.com/us-news/2025/dec/08/ice-family-college-student-deported-honduras already exists.
2025-12-10 05:02:25,099 - INFO - [BBC] Early skip: URL https://www.bbc.com/news/articles/cdd5mn8yd2mo?at_medium=RSS&at_campaign=rss already exists.
2025-12-10 05:02:25,253 - INFO - [The Guardian] Early skip: URL https://www.theguardian.com/world/2025/dec/10/trump-says-end-hostilities-thailand-cambodia already exists.
2025-12-10 05:02:25,543 - INFO - [BBC] Early skip: URL https://www.bbc.com/news/articles/cn8e2kvzen7o?at_medium=RSS&at_campaign=rss already exists.
2025-12-10 05:02:25,802 - INFO - [The Guardian] Early skip: URL https://www.theguardian.com/stage/2025/dec/10/japan-releases-playwright-jeremy-o-harris-drug-arrest-ntwnfb already exists.
2025-12-10 05:02:25,938 - INFO - [BBC] Early skip: URL https://www.bbc.com/news/articles/c39pr3d10wlo?at_medium=RSS&at_campaign=rss already exists.
2025-12-10 05:02:26,091 - INFO - [The Guardian] Early skip: URL https://www.theguardian.com/technology/2025/dec/08/trump-nvidia-ai-chips-china already exists.
2025-12-10 05:02:26,381 - INFO - [BBC] Early skip: URL https://www.bbc.com/news/articles/c3w7530w37po?at_medium=RSS&at_campaign=rss already exists.
2025-12-10 05:02:26,561 - INFO - [The Guardian] Early skip: URL https://www.theguardian.com/world/2025/dec/09/fatal-thailand-cambodia-clashes-spread-along-contested-border-area already exists.
2025-12-10 05:02:26,855 - INFO - [BBC] Early skip: URL https://www.bbc.com/news/articles/c5yqvrewz45o?at_medium=RSS&at_campaign=rss already exists.
2025-12-10 05:02:27,082 - INFO - [The Guardian] Early skip: URL https://www.theguardian.com/world/2025/dec/09/australia-deporting-refugee-nauru-may-cause-imminent-preventable-death already exists.
2025-12-10 05:02:27,369 - INFO - [BBC] Early skip: URL https://www.bbc.com/news/articles/cwyp98vxk78o?at_medium=RSS&at_campaign=rss already exists.
2025-12-10 05:02:27,514 - INFO - [The Guardian] Early skip: URL https://www.theguardian.com/australia-news/live/2025/dec/10/under-16s-social-media-ban-reaction-victoria-vce-atar-results-queensland-parliament-mcphillamys-goldmine-federal-court-hearing-anthony-albanese-labor-sussan-ley-coalition-migration-policy-ntwnfb already exists.
2025-12-10 05:02:27,786 - INFO - [BBC] Early skip: URL https://www.bbc.com/news/articles/cd0k7g202l2o?at_medium=RSS&at_campaign=rss already exists.
2025-12-10 05:02:28,040 - INFO - [The Guardian] Early skip: URL https://www.theguardian.com/australia-news/2025/dec/10/googly-eyes-cast-in-blue-blob-sculpture-mount-gambier-ntwnfb already exists.
2025-12-10 05:02:28,328 - INFO - [BBC] Early skip: URL https://www.bbc.com/news/articles/cjezd4ednn3o?at_medium=RSS&at_campaign=rss already exists.
2025-12-10 05:02:28,445 - INFO - [The Guardian] Early skip: URL https://www.theguardian.com/australia-news/2025/dec/10/australian-employers-cut-diversity-inclusion-anti-woke-backlash already exists.
2025-12-10 05:02:28,566 - INFO - [BBC] Early skip: URL https://www.bbc.com/news/articles/c1w9ge93w9po?at_medium=RSS&at_campaign=rss already exists.
2025-12-10 05:02:28,844 - INFO - [The Guardian] Early skip: URL https://www.theguardian.com/law/2025/dec/10/linda-reynolds-vows-to-fight-until-bitter-end-to-defend-reputation-in-brittany-higgins-saga-ntwnfb already exists.
2025-12-10 05:02:28,964 - INFO - [BBC] Early skip: URL https://www.bbc.com/news/articles/c7091k5pg31o?at_medium=RSS&at_campaign=rss already exists.
2025-12-10 05:02:29,131 - INFO - [The Guardian] Early skip: URL https://www.theguardian.com/australia-news/2025/dec/10/victoria-liberal-candidate-grant-hutchinson-croydon-denies-bullying-claim-ntwnfb already exists.
2025-12-10 05:02:29,320 - INFO - [BBC] Early skip: URL https://www.bbc.com/news/articles/cx2e3j819eqo?at_medium=RSS&at_campaign=rss already exists.
2025-12-10 05:02:35,343 - INFO - Selenium driver initialized successfully.
2025-12-10 05:02:35,343 - INFO - Selenium driver initialized successfully.
2025-12-10 05:02:35,343 - INFO - Starting scrape for Times of India RSS feed: https://timesofindia.indiatimes.com/rssfeeds/296589292.cms
2025-12-10 05:02:35,343 - INFO - Starting scrape for The Hindu RSS feed: https://www.thehindu.com/news/national/feeder/default.rss
2025-12-10 05:02:35,542 - INFO - Found 20 articles in Times of India RSS feed. Processing up to 20.
2025-12-10 05:02:35,542 - INFO - [Times of India] Early skip: URL https://timesofindia.indiatimes.com/business/international-business/americas-affordability-woes-trump-claims-prices-came-down-tremendously-hits-back-at-democrats-con-job/articleshow/125880351.cms already exists.
2025-12-10 05:02:35,725 - INFO - Found 100 articles in The Hindu RSS feed. Processing up to 20.
2025-12-10 05:02:35,796 - INFO - [The Hindu] Article: https://www.thehindu.com/news/national/odisha/over-30-students-of-secondary-level-in-odisha-not-able-to-make-transition-to-higher-level-cag/article70376532.ece
2025-12-10 05:02:35,796 - INFO - [The Hindu] Attempt 1/1: Trying with 'selenium_browser' strategy...
2025-12-10 05:02:35,797 - INFO - [Times of India] Early skip: URL https://timesofindia.indiatimes.com/world/us/miami-elections-eileen-higgins-becomes-citys-first-ever-female-mayor-who-is-she/articleshow/125881328.cms already exists.
2025-12-10 05:02:36,077 - INFO - [Times of India] Early skip: URL https://timesofindia.indiatimes.com/etimes/trending/meme-artist-sinks-25000-handsome-squidward-statue-into-the-sea-to-mess-with-future-archaeologists/articleshow/125879818.cms already exists.
2025-12-10 05:02:36,227 - INFO - [Times of India] Early skip: URL https://timesofindia.indiatimes.com/world/us/unitedhealthcare-ceo-murder-luigi-mangiones-arrest-video-made-public-what-bodycam-footage-shows/articleshow/125881141.cms already exists.
2025-12-10 05:02:36,421 - INFO - [Times of India] Article: https://timesofindia.indiatimes.com/science/3i/atlas-is-carrying-key-ingredients-for-life-nasa-scientist-finds/articleshow/125874065.cms
2025-12-10 05:02:36,421 - INFO - [Times of India] Attempt 1/1: Trying with 'selenium_browser' strategy...
2025-12-10 05:04:35,845 - ERROR - [The Hindu] Request failed for strategy 'selenium_browser' on URL https://www.thehindu.com/news/national/odisha/over-30-students-of-secondary-level-in-odisha-not-able-to-make-transition-to-higher-level-cag/article70376532.ece: HTTPConnectionPool(host='localhost', port=34409): Read timed out. (read timeout=120)
2025-12-10 05:04:35,845 - ERROR - [The Hindu] All scrape strategies failed for https://www.thehindu.com/news/national/odisha/over-30-students-of-secondary-level-in-odisha-not-able-to-make-transition-to-higher-level-cag/article70376532.ece. Falling back to RSS description.
2025-12-10 05:04:36,521 - ERROR - [Times of India] Request failed for strategy 'selenium_browser' on URL https://timesofindia.indiatimes.com/science/3i/atlas-is-carrying-key-ingredients-for-life-nasa-scientist-finds/articleshow/125874065.cms: HTTPConnectionPool(host='localhost', port=35507): Read timed out. (read timeout=120)
2025-12-10 05:04:36,521 - ERROR - [Times of India] All scrape strategies failed for https://timesofindia.indiatimes.com/science/3i/atlas-is-carrying-key-ingredients-for-life-nasa-scientist-finds/articleshow/125874065.cms. Falling back to RSS description.
2025-12-10 05:04:50,113 - INFO - Saved article: Over 30% students of secondary level in Odisha not able to make transition to higher level: CAG from The Hindu
2025-12-10 05:05:04,642 - INFO - Saved article: 3I/ATLAS is carrying ‘key’ ingredients for life, NASA scientist finds from Times of India
2025-12-10 05:05:04,642 - INFO - [The Hindu] Article: https://www.thehindu.com/news/national/assam/animal-rights-activists-flag-missing-stray-dogs-in-assam-town/article70376860.ece
2025-12-10 05:05:04,642 - INFO - [The Hindu] Attempt 1/1: Trying with 'selenium_browser' strategy...
2025-12-10 05:05:06,022 - INFO - [Times of India] Early skip: URL https://timesofindia.indiatimes.com/world/us-streamers/do-some-horrible-things-to-her-disturbing-sexual-assault-threats-against-streamer-fanfan-reported-at-the-streamer-awards-2025/articleshow/125880003.cms already exists.
2025-12-10 05:05:06,160 - INFO - [Times of India] Early skip: URL https://timesofindia.indiatimes.com/world/us-streamers/how-teens-are-slipping-past-the-australia-social-media-ban-using-dog-photos-and-fake-ages-on-streaming-platforms/articleshow/125880116.cms already exists.
2025-12-10 05:05:06,377 - INFO - [Times of India] Article: https://timesofindia.indiatimes.com/world/us-streamers/megyn-kelly-reacts-as-charlie-kirk-murder-suspect-tyler-robinsons-parents-who-turned-him-in-now-visit-him-virtually-in-jail/articleshow/125879997.cms
2025-12-10 05:05:06,377 - INFO - [Times of India] Attempt 1/1: Trying with 'selenium_browser' strategy...
2025-12-10 05:07:04,744 - ERROR - [The Hindu] Request failed for strategy 'selenium_browser' on URL https://www.thehindu.com/news/national/assam/animal-rights-activists-flag-missing-stray-dogs-in-assam-town/article70376860.ece: HTTPConnectionPool(host='localhost', port=34409): Read timed out. (read timeout=120)
2025-12-10 05:07:04,744 - ERROR - [The Hindu] All scrape strategies failed for https://www.thehindu.com/news/national/assam/animal-rights-activists-flag-missing-stray-dogs-in-assam-town/article70376860.ece. Falling back to RSS description.
2025-12-10 05:07:06,478 - ERROR - [Times of India] Request failed for strategy 'selenium_browser' on URL https://timesofindia.indiatimes.com/world/us-streamers/megyn-kelly-reacts-as-charlie-kirk-murder-suspect-tyler-robinsons-parents-who-turned-him-in-now-visit-him-virtually-in-jail/articleshow/125879997.cms: HTTPConnectionPool(host='localhost', port=35507): Read timed out. (read timeout=120)
2025-12-10 05:07:06,478 - ERROR - [Times of India] All scrape strategies failed for https://timesofindia.indiatimes.com/world/us-streamers/megyn-kelly-reacts-as-charlie-kirk-murder-suspect-tyler-robinsons-parents-who-turned-him-in-now-visit-him-virtually-in-jail/articleshow/125879997.cms. Falling back to RSS description.
2025-12-10 05:07:19,264 - INFO - Saved article: Animal rights activists flag missing stray dogs in Assam town from The Hindu
2025-12-10 05:07:20,957 - CRITICAL - --- TIMEOUT: 2 scrape jobs did not complete in 300s. ---
2025-12-10 05:07:20,957 - ERROR - A thread has timed out and will be abandoned.
2025-12-10 05:07:20,957 - ERROR - A thread has timed out and will be abandoned.
2025-12-10 05:07:20,957 - INFO - Shutting down thread pool (wait=False)...
2025-12-10 05:07:20,957 - INFO - Scraped: 0 BBC, 0 The Guardian, 2 Timed_Out_Jobs articles. (Total saved: 0)
2025-12-10 05:07:20,957 - INFO - --- Scraping job finished ---
2025-12-10 05:07:20,957 - INFO - --- Scraper service stopped and database connection closed. ---
2025-12-10 05:07:20,957 - INFO - --- Main thread finished. Forcing process exit to kill zombie threads. ---
