2025-12-19 22:45:35,709 - INFO - Loading AI Semantic Model (all-MiniLM-L6-v2)...
2025-12-19 22:45:35,710 - INFO - Use pytorch device_name: cpu
2025-12-19 22:45:35,710 - INFO - Load pretrained SentenceTransformer: all-MiniLM-L6-v2
2025-12-19 22:45:36,916 - INFO - AI Model loaded successfully.
2025-12-19 22:45:36,916 - INFO - --- Scraper service started (CI Mode: Run Once) ---
2025-12-19 22:45:36,916 - INFO - --- Starting new scraping job (Parallel Mode) ---
2025-12-19 22:45:36,916 - INFO - Creating new robust session with 3 retries on 5xx/connection/read errors.
2025-12-19 22:45:36,916 - INFO - Proxy is DISABLED.
2025-12-19 22:45:36,917 - INFO - Starting scrape for BBC RSS feed: http://feeds.bbci.co.uk/news/world/rss.xml
2025-12-19 22:45:36,918 - INFO - [Times of India] (Thread) requires Selenium. Initializing driver...
2025-12-19 22:45:36,918 - INFO - Starting scrape for The Guardian RSS feed: https://www.theguardian.com/world/rss
2025-12-19 22:45:36,919 - INFO - [The Hindu] (Thread) requires Selenium. Initializing driver...
2025-12-19 22:45:36,919 - INFO - Submitted 4 jobs to thread pool. Waiting up to 300s for completion...
2025-12-19 22:45:37,181 - INFO - Found 45 articles in The Guardian RSS feed. Processing up to 30.
2025-12-19 22:45:37,181 - INFO - [The Guardian] Early skip: URL https://www.theguardian.com/society/2025/dec/19/hepatitis-b-vaccine-study-guinea-bissau-rfk already exists.
2025-12-19 22:45:37,426 - INFO - [The Guardian] Early skip: URL https://www.theguardian.com/global-development/2025/dec/19/colombian-mercenaries-sudan-rsf-us-sanctions-recruited-uk-registered-firms-investigation already exists.
2025-12-19 22:45:37,531 - INFO - [The Guardian] Early skip: URL https://www.theguardian.com/global-development/2025/dec/18/morocco-genz212-protests-police-mass-arrests-beatings-detentions-rights already exists.
2025-12-19 22:45:37,681 - INFO - Found 38 articles in BBC RSS feed. Processing up to 30.
2025-12-19 22:45:37,765 - INFO - [BBC] Early skip: URL https://www.bbc.com/news/articles/cp89p082y2xo?at_medium=RSS&at_campaign=rss already exists.
2025-12-19 22:45:37,917 - INFO - [The Guardian] Early skip: URL https://www.theguardian.com/world/2025/dec/16/five-key-moments-in-the-assault-on-the-rights-of-women-and-girls-in-2025 already exists.
2025-12-19 22:45:38,045 - INFO - [BBC] Early skip: URL https://www.bbc.com/news/articles/c3e025vyppeo?at_medium=RSS&at_campaign=rss already exists.
2025-12-19 22:45:38,158 - INFO - [The Guardian] Early skip: URL https://www.theguardian.com/world/2025/dec/16/south-africa-russia-men-tricked-fighting-ukraine already exists.
2025-12-19 22:45:38,426 - INFO - [BBC] Early skip: URL https://www.bbc.com/news/articles/c8dy8r7lq0go?at_medium=RSS&at_campaign=rss already exists.
2025-12-19 22:45:38,720 - INFO - [The Guardian] Early skip: URL https://www.theguardian.com/us-news/2025/dec/19/trump-venezuela-war already exists.
2025-12-19 22:45:38,866 - INFO - [BBC] Early skip: URL https://www.bbc.com/news/articles/cx251p7k23mo?at_medium=RSS&at_campaign=rss already exists.
2025-12-19 22:45:38,989 - INFO - [The Guardian] Early skip: URL https://www.theguardian.com/world/2025/dec/19/montreal-grocery-store-santas-elves-robbery already exists.
2025-12-19 22:45:39,179 - INFO - [BBC] Early skip: URL https://www.bbc.com/news/articles/cp84p722m3do?at_medium=RSS&at_campaign=rss already exists.
2025-12-19 22:45:39,464 - INFO - [The Guardian] Early skip: URL https://www.theguardian.com/world/2025/dec/19/colombia-eln-guerrilla-group-attack-military-base already exists.
2025-12-19 22:45:39,716 - INFO - [BBC] Early skip: URL https://www.bbc.com/news/articles/c5y9x4pj54eo?at_medium=RSS&at_campaign=rss already exists.
2025-12-19 22:45:39,968 - INFO - [The Guardian] Early skip: URL https://www.theguardian.com/world/2025/dec/19/i-cant-think-of-a-place-more-pristine-133000-hectares-of-chilean-patagonia-preserved-after-local-fundraising already exists.
2025-12-19 22:45:40,243 - INFO - [BBC] Early skip: URL https://www.bbc.com/news/articles/cp89p41gr06o?at_medium=RSS&at_campaign=rss already exists.
2025-12-19 22:45:40,526 - INFO - [The Guardian] Early skip: URL https://www.theguardian.com/world/2025/dec/18/brazilian-congress-passes-bill-cut-jair-bolsonaro-prison-term already exists.
2025-12-19 22:45:40,642 - INFO - [BBC] Early skip: URL https://www.bbc.com/news/articles/cpq4p535347o?at_medium=RSS&at_campaign=rss already exists.
2025-12-19 22:45:40,842 - INFO - [The Guardian] Early skip: URL https://www.theguardian.com/world/2025/dec/19/mass-stabbing-tapei already exists.
2025-12-19 22:45:41,036 - INFO - [BBC] Early skip: URL https://www.bbc.com/news/articles/cm21pxen1jno?at_medium=RSS&at_campaign=rss already exists.
2025-12-19 22:45:41,183 - INFO - [The Guardian] Early skip: URL https://www.theguardian.com/technology/2025/dec/19/uk-foreign-office-victim-cyber-attack-october- already exists.
2025-12-19 22:45:41,372 - INFO - [BBC] Early skip: URL https://www.bbc.com/news/articles/cn98pzr8x79o?at_medium=RSS&at_campaign=rss already exists.
2025-12-19 22:45:41,473 - INFO - [The Guardian] Early skip: URL https://www.theguardian.com/technology/2025/dec/18/tiktok-signs-deal-us-entity-sale already exists.
2025-12-19 22:45:41,684 - INFO - [BBC] Article: https://www.bbc.com/news/articles/c2k422e7ykvo?at_medium=RSS&at_campaign=rss
2025-12-19 22:45:41,685 - INFO - [BBC] Attempt 1/1: Trying with 'requests_browser' strategy...
2025-12-19 22:45:41,686 - INFO - [The Guardian] Early skip: URL https://www.theguardian.com/world/2025/dec/19/south-korean-president-urges-public-health-cover-hair-loss already exists.
2025-12-19 22:45:41,881 - INFO - [The Guardian] Early skip: URL https://www.theguardian.com/world/2025/dec/18/us-announces-more-than-10bn-of-arms-sales-to-taiwan already exists.
2025-12-19 22:45:41,920 - INFO - [BBC] Success with 'requests_browser'. Found content (316 words).
2025-12-19 22:45:45,855 - INFO - Selenium driver initialized successfully.
2025-12-19 22:45:45,855 - INFO - Starting scrape for The Hindu RSS feed: https://www.thehindu.com/news/national/feeder/default.rss
2025-12-19 22:45:45,857 - INFO - Selenium driver initialized successfully.
2025-12-19 22:45:45,857 - INFO - Starting scrape for Times of India RSS feed: https://timesofindia.indiatimes.com/rssfeeds/296589292.cms
2025-12-19 22:45:46,068 - INFO - Found 100 articles in The Hindu RSS feed. Processing up to 30.
2025-12-19 22:45:46,257 - INFO - Found 20 articles in Times of India RSS feed. Processing up to 30.
2025-12-19 22:45:55,633 - INFO - Saved article: US to strip alleged Bosnian war criminal's citizenship from BBC (316 words)
2025-12-19 22:45:55,634 - INFO - [The Guardian] Early skip: URL https://www.theguardian.com/news/ng-interactive/2025/dec/20/a-swim-for-unity-at-bondi-beach-the-scene-of-sydneys-darkest-day-but-on-land-tensions-fray already exists.
2025-12-19 22:45:55,779 - INFO - [The Hindu] Early skip: URL https://www.thehindu.com/education/rajasthan-high-court-refuses-to-order-immediate-student-union-elections/article70416083.ece already exists.
2025-12-19 22:45:56,051 - INFO - [Times of India] Early skip: URL https://timesofindia.indiatimes.com/world/us/epstein-files-released-justice-department-website-crashes-as-thousands-try-to-access-documents-how-to-view-them/articleshow/126084657.cms already exists.
2025-12-19 22:45:56,278 - INFO - [Times of India] Early skip: URL https://timesofindia.indiatimes.com/world/us/they-did-know-each-other-claudio-neves-valente-had-ties-to-brown-university-and-mit-professor-decades-before-deadly-shootings/articleshow/126084418.cms already exists.
2025-12-19 22:45:56,506 - INFO - [The Hindu] Early skip: URL https://www.thehindu.com/news/national/govt-to-launch-nationwide-awareness-campaign-on-vb-g-ram-g-scheme/article70416592.ece already exists.
2025-12-19 22:45:56,654 - INFO - [The Guardian] Early skip: URL https://www.theguardian.com/science/2025/dec/19/when-attacks-unfold-what-makes-a-person-run-towards-danger already exists.
2025-12-19 22:45:56,813 - INFO - [Times of India] Early skip: URL https://timesofindia.indiatimes.com/world/us/visa-applicants-go-through-indian-origin-congresswoman-weighs-in-on-trump-suspending-us-green-card-lottery/articleshow/126084380.cms already exists.
2025-12-19 22:45:57,061 - INFO - [The Hindu] Early skip: URL https://www.thehindu.com/news/cities/mumbai/leopard-spotted-in-thane-injuring-several-people/article70416834.ece already exists.
2025-12-19 22:45:57,260 - INFO - [BBC] Early skip: URL https://www.bbc.com/news/articles/c2462r82864o?at_medium=RSS&at_campaign=rss already exists.
2025-12-19 22:45:57,414 - INFO - [The Guardian] Early skip: URL https://www.theguardian.com/australia-news/2025/dec/20/some-will-take-their-own-lives-puberty-blocker-bans-in-queensland-and-nz-risk-extreme-harm-to-trans-youth-uk-expert-warns already exists.
2025-12-19 22:45:57,675 - INFO - [Times of India] Early skip: URL https://timesofindia.indiatimes.com/world/south-asia/massive-protests-in-bdesh-after-anti-india-radical-dies/articleshow/126084355.cms already exists.
2025-12-19 22:45:57,859 - INFO - [The Hindu] Early skip: URL https://www.thehindu.com/news/national/tamil-nadu/official-to-be-suspended-over-delay-in-opening-gym-in-ward-62/article70417467.ece already exists.
2025-12-19 22:45:58,071 - INFO - [BBC] Early skip: URL https://www.bbc.com/news/articles/c4gp4ze002mo?at_medium=RSS&at_campaign=rss already exists.
2025-12-19 22:45:58,241 - INFO - [The Guardian] Early skip: URL https://www.theguardian.com/australia-news/2025/dec/20/victoria-police-welfare-policy-detainees-tired-fair-trial already exists.
2025-12-19 22:45:58,507 - INFO - [Times of India] Early skip: URL https://timesofindia.indiatimes.com/world/us/green-card-on-steroids-trump-unveils-1-million-gold-card-immigration-visa-video/articleshow/126084315.cms already exists.
2025-12-19 22:45:58,789 - INFO - [The Hindu] Early skip: URL https://www.thehindu.com/sci-tech/science/isro-to-launch-us-satellite-on-december-24/article70416470.ece already exists.
2025-12-19 22:45:58,994 - INFO - [BBC] Early skip: URL https://www.bbc.com/news/articles/cj69px875ewo?at_medium=RSS&at_campaign=rss already exists.
2025-12-19 22:45:59,143 - INFO - [The Guardian] Early skip: URL https://www.theguardian.com/australia-news/2025/dec/19/bom-christmas-day-weather-forecast-australia-extreme-heatwave already exists.
2025-12-19 22:45:59,313 - INFO - [Times of India] Early skip: URL https://timesofindia.indiatimes.com/world/rest-of-world/marry-me-journalist-proposes-to-girlfriend-at-putins-year-end-press-conference-she-says-yes/articleshow/126084302.cms already exists.
2025-12-19 22:45:59,607 - INFO - [The Hindu] Early skip: URL https://www.thehindu.com/news/national/kerala/cial-hands-over-7982-crore-dividend-to-kerala-govt/article70415548.ece already exists.
2025-12-19 22:45:59,892 - INFO - [BBC] Early skip: URL https://www.bbc.com/news/articles/ckgdpz0gp3jo?at_medium=RSS&at_campaign=rss already exists.
2025-12-19 22:46:00,095 - INFO - [The Guardian] Early skip: URL https://www.theguardian.com/world/live/2025/dec/19/ukraine-war-live-zelenskyy-european-union-agreement-90bn-loan-deal-kyiv already exists.
2025-12-19 22:46:00,279 - INFO - [Times of India] Early skip: URL https://timesofindia.indiatimes.com/world/us-streamers/woman-understander-has-logged-on-hasan-piker-roasts-asmongolds-white-women-take/articleshow/126084269.cms already exists.
2025-12-19 22:46:00,389 - INFO - [The Hindu] Early skip: URL https://www.thehindu.com/news/cities/kolkata/around-4000-micro-observers-to-scrutinise-sir-hearing-process-in-west-bengal/article70416405.ece already exists.
2025-12-19 22:46:00,584 - INFO - [BBC] Early skip: URL https://www.bbc.com/news/articles/cgexp1q8wn1o?at_medium=RSS&at_campaign=rss already exists.
2025-12-19 22:46:00,743 - INFO - [The Guardian] Early skip: URL https://www.theguardian.com/world/2025/dec/19/ukraine-attacks-russian-shadow-tanker-off-libyan-coast already exists.
2025-12-19 22:46:00,943 - INFO - [Times of India] Early skip: URL https://timesofindia.indiatimes.com/world/us/even-if-indians-pay-100000-deport-them-maga-influencer-says-no-economic-gain-from-h-1bs-can-justify-destroying-american-culture/articleshow/126083807.cms already exists.
2025-12-19 22:46:01,202 - INFO - [The Hindu] Early skip: URL https://www.thehindu.com/news/national/bjp-working-president-nitin-nabin-meets-pm-modi/article70417476.ece already exists.
2025-12-19 22:46:01,309 - INFO - [BBC] Early skip: URL https://www.bbc.com/news/articles/cn09p4kjj4wo?at_medium=RSS&at_campaign=rss already exists.
2025-12-19 22:46:01,491 - INFO - [The Guardian] Early skip: URL https://www.theguardian.com/world/2025/dec/19/eu-ukraine-loan-plan-b-frozen-russian-assets already exists.
2025-12-19 22:46:01,782 - INFO - [Times of India] Early skip: URL https://timesofindia.indiatimes.com/world/us/fits-the-pattern-former-immigration-official-says-trump-could-permanently-end-green-card-program-as-lottery-stops/articleshow/126083935.cms already exists.
2025-12-19 22:46:01,886 - INFO - [The Hindu] Early skip: URL https://www.thehindu.com/news/national/tamil-nadu/ai-training-programme-for-government-officials-to-be-launched/article70416928.ece already exists.
2025-12-19 22:46:02,141 - INFO - [BBC] Early skip: URL https://www.bbc.com/news/articles/c741r9ve3z7o?at_medium=RSS&at_campaign=rss already exists.
2025-12-19 22:46:02,305 - INFO - [The Guardian] Early skip: URL https://www.theguardian.com/world/2025/dec/19/ukraine-deal-latest-europe-leaders-loan-zelenskyy already exists.
2025-12-19 22:46:02,436 - INFO - [Times of India] Early skip: URL https://timesofindia.indiatimes.com/world/middle-east/24000-pakistanis-deported-from-saudi-arabia-6000-sent-back-from-dubai-over-begging-report/articleshow/126083404.cms already exists.
2025-12-19 22:46:02,588 - INFO - [The Hindu] Early skip: URL https://www.thehindu.com/news/national/karnataka/bengaluru-firm-deploys-ai-driven-climate-intelligence-system-in-its-coffee-plantations/article70416120.ece already exists.
2025-12-19 22:46:02,859 - INFO - [BBC] Early skip: URL https://www.bbc.com/news/articles/cy842jdw98vo?at_medium=RSS&at_campaign=rss already exists.
2025-12-19 22:46:02,987 - INFO - [The Guardian] Early skip: URL https://www.theguardian.com/environment/2025/dec/19/weather-tracker-early-snowfall-new-york-storm-rips-down-lights-spain already exists.
2025-12-19 22:46:03,155 - INFO - [Times of India] Early skip: URL https://timesofindia.indiatimes.com/world/us-streamers/why-did-blue-archive-walk-back-its-streamer-deal-with-ironmouse-and-cdawgva-so-fast-heres-what-you-need-to-know/articleshow/126083107.cms already exists.
2025-12-19 22:46:03,349 - INFO - [The Hindu] Early skip: URL https://www.thehindu.com/news/national/tamil-nadu/residents-welcome-incinerator-plant-closure-in-manali/article70417473.ece already exists.
2025-12-19 22:46:03,466 - INFO - [BBC] Early skip: URL https://www.bbc.com/news/articles/cy472pygwljo?at_medium=RSS&at_campaign=rss already exists.
2025-12-19 22:46:03,673 - INFO - [The Guardian] Early skip: URL https://www.theguardian.com/world/2025/dec/19/gaza-famine-hunger-food-shortages-winter-flooding-un already exists.
2025-12-19 22:46:03,923 - INFO - [Times of India] Early skip: URL https://timesofindia.indiatimes.com/world/us/go-back-to-quotas-maga-congressman-wants-to-end-h-1b-visas-and-dismantle-1965-immigration-system/articleshow/126082459.cms already exists.
2025-12-19 22:46:04,154 - INFO - [The Hindu] Early skip: URL https://www.thehindu.com/news/cities/Hyderabad/mmts-hyderabads-overlooked-lifeline-waiting-for-a-comeback/article70416072.ece already exists.
2025-12-19 22:46:04,264 - INFO - [BBC] Early skip: URL https://www.bbc.com/news/articles/cj69px875ewo?at_medium=RSS&at_campaign=rss already exists.
2025-12-19 22:46:04,512 - INFO - [The Guardian] Early skip: URL https://www.theguardian.com/global-development/2025/dec/19/gaza-phd-student-manar-al-houbi-granted-access-to-uk-but-others-remain-stranded already exists.
2025-12-19 22:46:04,689 - INFO - [Times of India] Early skip: URL https://timesofindia.indiatimes.com/world/us/grateful-to-pakistan-for-us-on-islamabads-offer-to-send-troops-to-gaza/articleshow/126082369.cms already exists.
2025-12-19 22:46:04,789 - INFO - [The Hindu] Early skip: URL https://www.thehindu.com/news/national/karnataka/all-promises-implemented-except-the-one-made-to-dk-shivakumar/article70415896.ece already exists.
2025-12-19 22:46:04,997 - INFO - [BBC] Early skip: URL https://www.bbc.com/news/articles/c4g94ywgxd6o?at_medium=RSS&at_campaign=rss already exists.
2025-12-19 22:46:05,273 - INFO - [The Guardian] Early skip: URL https://www.theguardian.com/global-development/2025/dec/19/iranian-boxing-champion-mohammad-javad-vafaei-sani-risk-of-execution-retrial-request-rejected already exists.
2025-12-19 22:46:05,512 - INFO - [Times of India] Early skip: URL https://timesofindia.indiatimes.com/world/us/doj-fails-to-release-full-epstein-files-within-30-days-democrats-accuse-trump-administration-of-breaking-the-law/articleshow/126081600.cms already exists.
2025-12-19 22:46:05,643 - INFO - [The Hindu] Early skip: URL https://www.thehindu.com/news/cities/Hyderabad/200-year-old-st-john-church-in-secunderabad-gets-a-makeover/article70416464.ece already exists.
2025-12-19 22:46:05,872 - INFO - [BBC] Early skip: URL https://www.bbc.com/news/articles/cg7vp937jyxo?at_medium=RSS&at_campaign=rss already exists.
2025-12-19 22:46:06,162 - INFO - [The Guardian] Early skip: URL https://www.theguardian.com/world/2025/dec/18/rainfall-iran-hormuz-island-red-beach already exists.
2025-12-19 22:46:06,403 - INFO - [Times of India] Early skip: URL https://timesofindia.indiatimes.com/world/us/my-husbands-friend-erika-kirk-endorses-jd-vance-for-president-in-2028-ends-speculations/articleshow/126081656.cms already exists.
2025-12-19 22:46:06,521 - INFO - [The Hindu] Early skip: URL https://www.thehindu.com/news/cities/Hyderabad/a-stadium-full-of-books-and-an-inaugural-without-the-guest/article70416486.ece already exists.
2025-12-19 22:46:06,816 - INFO - [BBC] Early skip: URL https://www.bbc.com/news/articles/c8983vzg79go?at_medium=RSS&at_campaign=rss already exists.
2025-12-19 22:46:06,955 - INFO - [The Guardian] Early skip: URL https://www.theguardian.com/world/2025/dec/18/saudi-backed-forces-yemen-border-separatists-stc already exists.
2025-12-19 22:46:07,065 - INFO - [Times of India] Early skip: URL https://timesofindia.indiatimes.com/world/us-streamers/erika-kirk-sparks-fresh-debate-at-amfest-2025-after-egypt-joke-tied-to-candace-owens-and-charlie-kirk-death-claims/articleshow/126081121.cms already exists.
2025-12-19 22:46:07,350 - INFO - [The Hindu] Early skip: URL https://www.thehindu.com/news/national/telangana/telangana-man-risks-life-to-help-the-injured-in-bondi-beach-attack/article70416220.ece already exists.
2025-12-19 22:46:07,499 - INFO - [BBC] Early skip: URL https://www.bbc.com/news/articles/c93wxp2p05xo?at_medium=RSS&at_campaign=rss already exists.
2025-12-19 22:46:07,617 - INFO - [Times of India] Early skip: URL https://timesofindia.indiatimes.com/world/us/60-day-grace-period-more-valuable-than-ever-immigration-experts-advice-to-h-1b-visa-holders/articleshow/126080935.cms already exists.
2025-12-19 22:46:07,884 - INFO - [The Hindu] Early skip: URL https://www.thehindu.com/news/national/govt-to-increase-reservation-for-agniveers-in-capfs-to-50/article70416721.ece already exists.
2025-12-19 22:46:08,183 - INFO - [BBC] Early skip: URL https://www.bbc.com/news/articles/cp8z684r6vlo?at_medium=RSS&at_campaign=rss already exists.
2025-12-19 22:46:08,417 - INFO - [Times of India] Early skip: URL https://timesofindia.indiatimes.com/world/us-streamers/never-tip-if-you-dont-want-to-asmongold-blasts-tipping-culture-following-viral-confrontation-involving-wendy-ortizs-sister/articleshow/126080261.cms already exists.
2025-12-19 22:46:08,648 - INFO - [The Hindu] Early skip: URL https://www.thehindu.com/news/national/tamil-nadu/kamal-haasan-seeks-clarification-over-road-map-for-ramping-up-indias-nuclear-power-generation/article70416068.ece already exists.
2025-12-19 22:46:08,849 - INFO - [BBC] Early skip: URL https://www.bbc.com/news/articles/cwypp1jwjz1o?at_medium=RSS&at_campaign=rss already exists.
2025-12-19 22:46:09,135 - INFO - [Times of India] Early skip: URL https://timesofindia.indiatimes.com/world/us/im-both-indian-and-white-nikki-haleys-son-says-in-online-rant-against-vivek-ramaswamy-crashing-out-at-christmas/articleshow/126079788.cms already exists.
2025-12-19 22:46:09,315 - INFO - [The Hindu] Early skip: URL https://www.thehindu.com/news/national/karnataka/man-kicks-and-injures-five-year-old-boy-playing-on-road/article70415833.ece already exists.
2025-12-19 22:46:09,544 - INFO - [BBC] Early skip: URL https://www.bbc.com/news/articles/cqxql12317qo?at_medium=RSS&at_campaign=rss already exists.
2025-12-19 22:46:09,754 - INFO - [Times of India] Early skip: URL https://timesofindia.indiatimes.com/world/us/what-ties-shooter-claudio-manuel-neves-valente-to-both-brown-university-and-mit-jealousy-or-unresolved-anger/articleshow/126080000.cms already exists.
2025-12-19 22:46:09,912 - INFO - [Times of India] (Thread) Finished. Attempting to shut down its Selenium driver.
2025-12-19 22:46:09,913 - INFO - [The Hindu] Early skip: URL https://www.thehindu.com/news/national/tamil-nadu/large-scale-deletions-reinforce-aiadmks-demand-for-sir-says-edappadi-palaniswami/article70416016.ece already exists.
2025-12-19 22:46:09,978 - INFO - [Times of India] (Thread) driver.quit() successful.
2025-12-19 22:46:10,039 - INFO - [BBC] Early skip: URL https://www.bbc.com/news/articles/cx2e14z2j9jo?at_medium=RSS&at_campaign=rss already exists.
2025-12-19 22:46:10,287 - INFO - [The Hindu] Early skip: URL https://www.thehindu.com/news/national/karnataka/kannada-cinema-roundtable-2025-a-call-for-consistency-originality-and-telling-rooted-stories/article70415753.ece already exists.
2025-12-19 22:46:10,501 - INFO - [BBC] Early skip: URL https://www.bbc.com/news/articles/c773mnpre07o?at_medium=RSS&at_campaign=rss already exists.
2025-12-19 22:46:10,746 - INFO - [The Hindu] Early skip: URL https://www.thehindu.com/news/national/karnataka/doctor-molested-while-walking-back-home-after-work-in-bengaluru/article70417277.ece already exists.
2025-12-19 22:46:10,967 - INFO - [The Hindu] Early skip: URL https://www.thehindu.com/news/national/andhra-pradesh/bio-based-innovations-key-to-tackling-climate-change-c-camp-chief/article70416863.ece already exists.
2025-12-19 22:46:11,113 - INFO - [The Hindu] Early skip: URL https://www.thehindu.com/news/national/kerala/court-grants-anticipatory-bail-to-congress-leaders-in-defamation-case-linked-to-rahul-mamkootathil/article70417293.ece already exists.
2025-12-19 22:46:11,240 - INFO - [The Hindu] Early skip: URL https://www.thehindu.com/news/national/karnataka/state-government-aware-of-150-km-rule-for-second-airport-for-bengaluru-mb-patil/article70415619.ece already exists.
2025-12-19 22:46:11,522 - INFO - [The Hindu] Early skip: URL https://www.thehindu.com/news/national/andhra-pradesh/passport-mela-for-journalists-concludes/article70417003.ece already exists.
2025-12-19 22:46:11,724 - INFO - [The Hindu] Early skip: URL https://www.thehindu.com/news/national/karnataka/karnataka-high-court-quashes-invocation-of-kcoca-against-byrathi-basavaraj-but-rejects-his-plea-for-anticipatory-bail/article70416631.ece already exists.
2025-12-19 22:46:11,976 - INFO - [The Hindu] Early skip: URL https://www.thehindu.com/news/national/karnataka/health-check-up-finds-577-lakh-govt-school-pu-students-in-karnataka-have-hypertension/article70416772.ece already exists.
2025-12-19 22:46:12,203 - INFO - [The Hindu] Early skip: URL https://www.thehindu.com/news/national/karnataka/finance-minister-nirmala-sitharaman-on-a-three-day-visit-to-vijayanagara-starting-december-20/article70415907.ece already exists.
2025-12-19 22:46:12,342 - INFO - [The Hindu] Early skip: URL https://www.thehindu.com/news/national/andhra-pradesh/indonesia-keen-to-boost-trade-ties-with-andhra-pradesh-consul-general/article70417160.ece already exists.
2025-12-19 22:46:12,546 - INFO - [The Hindu] (Thread) Finished. Attempting to shut down its Selenium driver.
2025-12-19 22:46:12,610 - INFO - [The Hindu] (Thread) driver.quit() successful.
2025-12-19 22:46:12,610 - INFO - Shutting down thread pool (wait=False)...
2025-12-19 22:46:12,610 - INFO - Scraped: 0 Times of India, 1 BBC, 0 The Guardian, 0 The Hindu articles. (Total saved: 1)
2025-12-19 22:46:12,610 - INFO - --- Scraping job finished ---
2025-12-19 22:46:12,616 - INFO - --- Scraper service stopped and database connection closed. ---
2025-12-19 22:46:12,616 - INFO - --- Main thread finished. Forcing process exit to kill zombie threads. ---
