2026-05-13 16:03:16,368 - INFO - Loading AI Semantic Model (all-MiniLM-L6-v2)...
2026-05-13 16:03:16,368 - INFO - No device provided, using cpu
2026-05-13 16:03:16,460 - INFO - HTTP Request: HEAD https://huggingface.co/sentence-transformers/all-MiniLM-L6-v2/resolve/main/modules.json "HTTP/1.1 307 Temporary Redirect"
2026-05-13 16:03:16,467 - INFO - HTTP Request: HEAD https://huggingface.co/api/resolve-cache/models/sentence-transformers/all-MiniLM-L6-v2/c9745ed1d9f207416be6d2e6f8de32d1f16199bf/modules.json "HTTP/1.1 200 OK"
2026-05-13 16:03:16,502 - INFO - HTTP Request: HEAD https://huggingface.co/sentence-transformers/all-MiniLM-L6-v2/resolve/main/config_sentence_transformers.json "HTTP/1.1 307 Temporary Redirect"
2026-05-13 16:03:16,509 - INFO - HTTP Request: HEAD https://huggingface.co/api/resolve-cache/models/sentence-transformers/all-MiniLM-L6-v2/c9745ed1d9f207416be6d2e6f8de32d1f16199bf/config_sentence_transformers.json "HTTP/1.1 200 OK"
2026-05-13 16:03:16,509 - INFO - Loading SentenceTransformer model from sentence-transformers/all-MiniLM-L6-v2.
2026-05-13 16:03:16,546 - INFO - HTTP Request: HEAD https://huggingface.co/sentence-transformers/all-MiniLM-L6-v2/resolve/main/config_sentence_transformers.json "HTTP/1.1 307 Temporary Redirect"
2026-05-13 16:03:16,553 - INFO - HTTP Request: HEAD https://huggingface.co/api/resolve-cache/models/sentence-transformers/all-MiniLM-L6-v2/c9745ed1d9f207416be6d2e6f8de32d1f16199bf/config_sentence_transformers.json "HTTP/1.1 200 OK"
2026-05-13 16:03:16,590 - INFO - HTTP Request: HEAD https://huggingface.co/sentence-transformers/all-MiniLM-L6-v2/resolve/main/README.md "HTTP/1.1 307 Temporary Redirect"
2026-05-13 16:03:16,590 - WARNING - Warning: You are sending unauthenticated requests to the HF Hub. Please set a HF_TOKEN to enable higher rate limits and faster downloads.
2026-05-13 16:03:16,597 - INFO - HTTP Request: HEAD https://huggingface.co/api/resolve-cache/models/sentence-transformers/all-MiniLM-L6-v2/c9745ed1d9f207416be6d2e6f8de32d1f16199bf/README.md "HTTP/1.1 200 OK"
2026-05-13 16:03:16,632 - INFO - HTTP Request: HEAD https://huggingface.co/sentence-transformers/all-MiniLM-L6-v2/resolve/main/modules.json "HTTP/1.1 307 Temporary Redirect"
2026-05-13 16:03:16,638 - INFO - HTTP Request: HEAD https://huggingface.co/api/resolve-cache/models/sentence-transformers/all-MiniLM-L6-v2/c9745ed1d9f207416be6d2e6f8de32d1f16199bf/modules.json "HTTP/1.1 200 OK"
2026-05-13 16:03:16,672 - INFO - HTTP Request: HEAD https://huggingface.co/sentence-transformers/all-MiniLM-L6-v2/resolve/main/sentence_bert_config.json "HTTP/1.1 307 Temporary Redirect"
2026-05-13 16:03:16,678 - INFO - HTTP Request: HEAD https://huggingface.co/api/resolve-cache/models/sentence-transformers/all-MiniLM-L6-v2/c9745ed1d9f207416be6d2e6f8de32d1f16199bf/sentence_bert_config.json "HTTP/1.1 200 OK"
2026-05-13 16:03:16,713 - INFO - HTTP Request: HEAD https://huggingface.co/sentence-transformers/all-MiniLM-L6-v2/resolve/main/adapter_config.json "HTTP/1.1 404 Not Found"
2026-05-13 16:03:16,752 - INFO - HTTP Request: HEAD https://huggingface.co/sentence-transformers/all-MiniLM-L6-v2/resolve/main/config.json "HTTP/1.1 307 Temporary Redirect"
2026-05-13 16:03:16,758 - INFO - HTTP Request: HEAD https://huggingface.co/api/resolve-cache/models/sentence-transformers/all-MiniLM-L6-v2/c9745ed1d9f207416be6d2e6f8de32d1f16199bf/config.json "HTTP/1.1 200 OK"
2026-05-13 16:03:16,923 - INFO - HTTP Request: HEAD https://huggingface.co/sentence-transformers/all-MiniLM-L6-v2/resolve/main/processor_config.json "HTTP/1.1 404 Not Found"
2026-05-13 16:03:16,960 - INFO - HTTP Request: HEAD https://huggingface.co/sentence-transformers/all-MiniLM-L6-v2/resolve/main/preprocessor_config.json "HTTP/1.1 404 Not Found"
2026-05-13 16:03:16,998 - INFO - HTTP Request: HEAD https://huggingface.co/sentence-transformers/all-MiniLM-L6-v2/resolve/main/video_preprocessor_config.json "HTTP/1.1 404 Not Found"
2026-05-13 16:03:17,039 - INFO - HTTP Request: HEAD https://huggingface.co/sentence-transformers/all-MiniLM-L6-v2/resolve/main/preprocessor_config.json "HTTP/1.1 404 Not Found"
2026-05-13 16:03:17,078 - INFO - HTTP Request: HEAD https://huggingface.co/sentence-transformers/all-MiniLM-L6-v2/resolve/main/tokenizer_config.json "HTTP/1.1 307 Temporary Redirect"
2026-05-13 16:03:17,085 - INFO - HTTP Request: HEAD https://huggingface.co/api/resolve-cache/models/sentence-transformers/all-MiniLM-L6-v2/c9745ed1d9f207416be6d2e6f8de32d1f16199bf/tokenizer_config.json "HTTP/1.1 200 OK"
2026-05-13 16:03:17,120 - INFO - HTTP Request: HEAD https://huggingface.co/sentence-transformers/all-MiniLM-L6-v2/resolve/main/config.json "HTTP/1.1 307 Temporary Redirect"
2026-05-13 16:03:17,126 - INFO - HTTP Request: HEAD https://huggingface.co/api/resolve-cache/models/sentence-transformers/all-MiniLM-L6-v2/c9745ed1d9f207416be6d2e6f8de32d1f16199bf/config.json "HTTP/1.1 200 OK"
2026-05-13 16:03:17,166 - INFO - HTTP Request: HEAD https://huggingface.co/sentence-transformers/all-MiniLM-L6-v2/resolve/main/config.json "HTTP/1.1 307 Temporary Redirect"
2026-05-13 16:03:17,174 - INFO - HTTP Request: HEAD https://huggingface.co/api/resolve-cache/models/sentence-transformers/all-MiniLM-L6-v2/c9745ed1d9f207416be6d2e6f8de32d1f16199bf/config.json "HTTP/1.1 200 OK"
2026-05-13 16:03:17,212 - INFO - HTTP Request: HEAD https://huggingface.co/sentence-transformers/all-MiniLM-L6-v2/resolve/main/tokenizer_config.json "HTTP/1.1 307 Temporary Redirect"
2026-05-13 16:03:17,218 - INFO - HTTP Request: HEAD https://huggingface.co/api/resolve-cache/models/sentence-transformers/all-MiniLM-L6-v2/c9745ed1d9f207416be6d2e6f8de32d1f16199bf/tokenizer_config.json "HTTP/1.1 200 OK"
2026-05-13 16:03:17,258 - INFO - HTTP Request: GET https://huggingface.co/api/models/sentence-transformers/all-MiniLM-L6-v2/tree/main/additional_chat_templates?recursive=false&expand=false "HTTP/1.1 404 Not Found"
2026-05-13 16:03:17,303 - INFO - HTTP Request: GET https://huggingface.co/api/models/sentence-transformers/all-MiniLM-L6-v2/tree/main?recursive=true&expand=false "HTTP/1.1 200 OK"
2026-05-13 16:03:17,379 - INFO - HTTP Request: HEAD https://huggingface.co/sentence-transformers/all-MiniLM-L6-v2/resolve/main/1_Pooling/config.json "HTTP/1.1 307 Temporary Redirect"
2026-05-13 16:03:17,387 - INFO - HTTP Request: HEAD https://huggingface.co/api/resolve-cache/models/sentence-transformers/all-MiniLM-L6-v2/c9745ed1d9f207416be6d2e6f8de32d1f16199bf/1_Pooling%2Fconfig.json "HTTP/1.1 200 OK"
2026-05-13 16:03:17,427 - INFO - HTTP Request: GET https://huggingface.co/api/models/sentence-transformers/all-MiniLM-L6-v2 "HTTP/1.1 200 OK"
2026-05-13 16:03:17,431 - INFO - AI Model loaded successfully.
2026-05-13 16:03:17,431 - INFO - --- Scraper service started (CI Mode: Run Once) ---
2026-05-13 16:03:17,431 - INFO - --- Starting new scraping job (Parallel Mode) ---
2026-05-13 16:03:17,431 - INFO - Connecting to Google Sheets...
2026-05-13 16:03:21,296 - INFO - Connected to Sheet: News Scrapper AI / Sheet1
2026-05-13 16:03:21,296 - INFO - Fetching existing data to build cache...
2026-05-13 16:03:38,388 - INFO - Loaded 58710 rows from sheet.
2026-05-13 16:03:39,428 - INFO - Cache built: 58710 URLs. Current MAX_ID: 58812
2026-05-13 16:03:39,437 - INFO - Creating new robust session with 3 retries on 5xx/connection/read errors.
2026-05-13 16:03:39,437 - INFO - Proxy is DISABLED.
2026-05-13 16:03:39,438 - INFO - Starting scrape for BBC RSS feed: http://feeds.bbci.co.uk/news/world/rss.xml
2026-05-13 16:03:39,438 - INFO - [Times of India] (Thread) requires Selenium. Initializing driver...
2026-05-13 16:03:39,439 - INFO - Starting scrape for The Guardian RSS feed: https://www.theguardian.com/world/rss
2026-05-13 16:03:39,440 - INFO - [The Hindu] (Thread) requires Selenium. Initializing driver...
2026-05-13 16:03:39,441 - INFO - [The Dawn] (Thread) requires Selenium. Initializing driver...
2026-05-13 16:03:39,441 - INFO - [Al Jazeera] (Thread) requires Selenium. Initializing driver...
2026-05-13 16:03:39,442 - INFO - Starting scrape for TechCrunch RSS feed: https://techcrunch.com/feed/
2026-05-13 16:03:39,443 - INFO - [Economic Times] (Thread) requires Selenium. Initializing driver...
2026-05-13 16:03:39,443 - INFO - Submitted 8 jobs to thread pool. Waiting up to 420s for completion...
2026-05-13 16:03:39,576 - INFO - Found 0 articles in TechCrunch RSS feed. Processing until 30 new articles are saved.
2026-05-13 16:03:39,772 - INFO - Found 45 articles in The Guardian RSS feed. Processing until 30 new articles are saved.
2026-05-13 16:03:39,772 - INFO - [The Guardian] Early skip: URL https://www.theguardian.com/world/2026/may/13/concern-gabon-social-media-clampdown-human-rights already exists.
2026-05-13 16:03:39,775 - INFO - [The Guardian] Early skip: URL https://www.theguardian.com/world/2026/may/12/internal-displacements-violence-conflict-record-high-2025 already exists.
2026-05-13 16:03:39,776 - INFO - [The Guardian] Early skip: URL https://www.theguardian.com/world/2026/may/12/gaborone-gold-rush-botswana-sprinting-athletics already exists.
2026-05-13 16:03:39,777 - INFO - [The Guardian] Early skip: URL https://www.theguardian.com/environment/2026/may/11/weather-tracker-us-mexico-heatwave-floods-south-africa already exists.
2026-05-13 16:03:39,778 - INFO - [The Guardian] Early skip: URL https://www.theguardian.com/us-news/2026/may/10/missing-soldier-body-recovered-morocco already exists.
2026-05-13 16:03:39,780 - INFO - [The Guardian] Article: https://www.theguardian.com/tv-and-radio/2026/may/13/les-simpson-quebecois-show-returns
2026-05-13 16:03:39,780 - INFO - [The Guardian] Attempt 1/1: Trying with 'requests_browser' strategy...
2026-05-13 16:03:39,909 - INFO - [The Guardian] Success with 'requests_browser'. Found content (509 words).
2026-05-13 16:03:39,972 - INFO - Found 42 articles in BBC RSS feed. Processing until 30 new articles are saved.
2026-05-13 16:03:39,973 - INFO - [BBC] Article: https://www.bbc.com/news/articles/c1w28qw1e0xo?at_medium=RSS&at_campaign=rss
2026-05-13 16:03:39,973 - INFO - [BBC] Attempt 1/1: Trying with 'requests_browser' strategy...
2026-05-13 16:03:40,136 - INFO - [BBC] Success with 'requests_browser'. Found content (762 words).
2026-05-13 16:03:41,967 - INFO - Selenium driver initialized successfully (Eager load strategy, 7s timeout).
2026-05-13 16:03:41,967 - INFO - Starting scrape for The Dawn RSS feed: https://www.dawn.com/feeds/home
2026-05-13 16:03:42,119 - INFO - Selenium driver initialized successfully (Eager load strategy, 7s timeout).
2026-05-13 16:03:42,120 - INFO - Starting scrape for Economic Times RSS feed: https://economictimes.indiatimes.com/rssfeedsdefault.cms
2026-05-13 16:03:42,124 - INFO - Selenium driver initialized successfully (Eager load strategy, 7s timeout).
2026-05-13 16:03:42,124 - INFO - Starting scrape for The Hindu RSS feed: https://www.thehindu.com/news/national/feeder/default.rss
2026-05-13 16:03:42,137 - INFO - Selenium driver initialized successfully (Eager load strategy, 7s timeout).
2026-05-13 16:03:42,137 - INFO - Starting scrape for Al Jazeera RSS feed: https://www.aljazeera.com/xml/rss/all.xml
2026-05-13 16:03:42,191 - INFO - Selenium driver initialized successfully (Eager load strategy, 7s timeout).
2026-05-13 16:03:42,191 - INFO - Starting scrape for Times of India RSS feed: https://timesofindia.indiatimes.com/rssfeeds/296589292.cms
2026-05-13 16:03:42,231 - INFO - Found 26 articles in The Dawn RSS feed. Processing until 30 new articles are saved.
2026-05-13 16:03:42,231 - INFO - [The Dawn] Early skip: URL https://www.dawn.com/news/1999895/trump-arrives-in-beijing-for-high-stakes-meeting-with-chinese-president-xi already exists.
2026-05-13 16:03:42,237 - INFO - [The Dawn] Article: https://www.dawn.com/news/1999931/pm-shehbaz-to-undertake-official-three-day-china-visit-dpm-dar
2026-05-13 16:03:42,237 - INFO - [The Dawn] Attempt 1/2: Trying with 'requests_browser' strategy...
2026-05-13 16:03:42,294 - INFO - Found 20 articles in Times of India RSS feed. Processing until 30 new articles are saved.
2026-05-13 16:03:42,295 - INFO - [Times of India] Article: https://timesofindia.indiatimes.com/world/us/immigration-lawyer-defends-h1-b-visas-says-indias-robust-education-system-gives-workers-edge-over-americans/articleshow/131068219.cms
2026-05-13 16:03:42,295 - INFO - [Times of India] Attempt 1/1: Trying with 'selenium_browser' strategy...
2026-05-13 16:03:42,311 - INFO - [The Dawn] Success with 'requests_browser'. Found content (393 words).
2026-05-13 16:03:42,446 - INFO - Found 60 articles in The Hindu RSS feed. Processing until 30 new articles are saved.
2026-05-13 16:03:42,447 - INFO - [The Hindu] Article: https://www.thehindu.com/news/national/andhra-pradesh/govt-revives-annual-journalism-awards-in-andhra-pradesh/article70974286.ece
2026-05-13 16:03:42,447 - INFO - [The Hindu] Attempt 1/1: Trying with 'selenium_browser' strategy...
2026-05-13 16:03:42,525 - INFO - Found 25 articles in Al Jazeera RSS feed. Processing until 30 new articles are saved.
2026-05-13 16:03:42,525 - INFO - [Al Jazeera] Article: https://www.aljazeera.com/sports/liveblog/2026/5/13/live-manchester-city-vs-crystal-palace-premier-league-football?traffic_source=rss
2026-05-13 16:03:42,525 - INFO - [Al Jazeera] Attempt 1/2: Trying with 'requests_browser' strategy...
2026-05-13 16:03:42,587 - WARNING - [Al Jazeera] FAILED with 'requests_browser' (content was too short: 65 words).
2026-05-13 16:03:42,594 - INFO - Found 76 articles in Economic Times RSS feed. Processing until 30 new articles are saved.
2026-05-13 16:03:42,594 - INFO - [Economic Times] Early skip: URL https://economictimes.indiatimes.com/markets/stocks/news/a-short-squeeze-or-sentiment-rally-heres-why-sail-shares-surged-14-toda/articleshow/131063516.cms already exists.
2026-05-13 16:03:42,596 - INFO - [Economic Times] Early skip: URL https://economictimes.indiatimes.com/markets/stocks/earnings/pfc-q4-results-profit-rises-24-to-rs-6325-crore-as-interest-income-grows/articleshow/131060912.cms already exists.
2026-05-13 16:03:42,597 - INFO - [Economic Times] Early skip: URL https://economictimes.indiatimes.com/markets/stocks/news/manappuram-finance-iifl-finance-other-stocks-rally-up-to-11-as-gold-prices-soar-after-import-duty-hike/articleshow/131060298.cms already exists.
2026-05-13 16:03:42,598 - INFO - [Economic Times] Early skip: URL https://economictimes.indiatimes.com/markets/stocks/news/sbi-shares-extend-fall-to-20-from-peak-after-q4-nims-contraction-rattles-investors-whats-ahead-for-investors/articleshow/131055513.cms already exists.
2026-05-13 16:03:42,600 - INFO - [Economic Times] Early skip: URL https://economictimes.indiatimes.com/markets/forex/forex-news/rupee-sinks-past-95-73-per-us-dollar-to-hit-lifetime-low-as-persistent-outflows-wipe-comfort-from-gold-duty-hike/articleshow/131059422.cms already exists.
2026-05-13 16:03:42,601 - INFO - [Economic Times] Article: https://economictimes.indiatimes.com/markets/stocks/news/hfcl-ideaforge-among-10-smallcap-stocks-that-more-than-doubled-in-the-first-25-sessions-of-fy27/unprecedented-rally/slideshow/131055420.cms
2026-05-13 16:03:42,601 - INFO - [Economic Times] Attempt 1/2: Trying with 'requests_browser' strategy...
2026-05-13 16:03:42,966 - INFO - [Times of India] Page content loaded.
2026-05-13 16:03:43,100 - INFO - [Al Jazeera] Article: https://www.aljazeera.com/sports/liveblog/2026/5/13/live-manchester-city-vs-crystal-palace-premier-league-football?traffic_source=rss
2026-05-13 16:03:43,100 - INFO - [Al Jazeera] Attempt 2/2: Trying with 'selenium_browser' strategy...
2026-05-13 16:03:43,805 - INFO - [Economic Times] Success with 'requests_browser'. Found content (698 words).
2026-05-13 16:03:43,893 - INFO - [Times of India] Success with 'selenium_browser'. Found content (470 words).
2026-05-13 16:03:44,466 - INFO - [The Hindu] Page content loaded.
2026-05-13 16:03:44,753 - INFO - [The Hindu] Success with 'selenium_browser'. Found content (226 words).
2026-05-13 16:03:45,876 - INFO - [Al Jazeera] Page content loaded.
2026-05-13 16:03:46,803 - WARNING - [Al Jazeera] FAILED with 'selenium_browser' (content was too short: 25 words).
2026-05-13 16:03:46,805 - ERROR - [Al Jazeera] All scrape strategies failed for https://www.aljazeera.com/sports/liveblog/2026/5/13/live-manchester-city-vs-crystal-palace-premier-league-football?traffic_source=rss. Falling back to RSS description.
2026-05-13 16:03:46,805 - WARNING - SKIPPED (GLOBAL WORD LIMIT): Article 'LIVE: Manchester City vs Crystal Palace – Premier League' from Al Jazeera has only 15 words (Min: 90).
2026-05-13 16:03:47,736 - INFO - [Al Jazeera] Article: https://www.aljazeera.com/news/2026/5/13/cruise-ship-passengers-barred-from-disembraking-amid-illness-outbreak?traffic_source=rss
2026-05-13 16:03:47,736 - INFO - [Al Jazeera] Attempt 1/2: Trying with 'requests_browser' strategy...
2026-05-13 16:03:47,888 - INFO - [Al Jazeera] Success with 'requests_browser'. Found content (468 words).
2026-05-13 16:04:22,074 - INFO - >>> SUCCESSFULLY SAVED [ID: 58813] - Les Simpson: Québécois version of show to return on air after uncertainty | The Simpsons | The Guardian from The Guardian (509 words)
2026-05-13 16:04:23,076 - INFO - [The Guardian] Article: https://www.theguardian.com/world/2026/may/13/the-bahamas-reelects-progressive-liberal-party-philip-davis-as-prime-minister
2026-05-13 16:04:23,076 - INFO - [The Guardian] Attempt 1/1: Trying with 'requests_browser' strategy...
2026-05-13 16:04:23,188 - INFO - [The Guardian] Success with 'requests_browser'. Found content (536 words).
2026-05-13 16:04:46,266 - INFO - DEDUPLICATION: Found match (Score: 0.84). Linking to Cluster ID: 42610756-e54a-4c2b-bea1-6397fba5ac74
2026-05-13 16:04:48,608 - INFO - >>> SUCCESSFULLY SAVED [ID: 58814] - Trump arrives in China for high-stakes meeting with Xi Jinping from BBC (762 words)
2026-05-13 16:04:49,206 - INFO - [BBC] Article: https://www.bbc.com/news/articles/cedpvnq7wn1o?at_medium=RSS&at_campaign=rss
2026-05-13 16:04:49,206 - INFO - [BBC] Attempt 1/1: Trying with 'requests_browser' strategy...
2026-05-13 16:04:49,294 - INFO - [BBC] Success with 'requests_browser'. Found content (641 words).
2026-05-13 16:05:04,206 - INFO - >>> SUCCESSFULLY SAVED [ID: 58815] - PM Shehbaz to undertake official three-day China visit: DPM Dar - Pakistan - DAWN.COM from The Dawn (393 words)
2026-05-13 16:05:05,276 - INFO - [The Dawn] Article: https://www.dawn.com/news/1999962/cambridge-confirms-leak-of-as-level-mathematics-paper-postpones-upcoming-exam-as-precautionary-step
2026-05-13 16:05:05,276 - INFO - [The Dawn] Attempt 1/2: Trying with 'requests_browser' strategy...
2026-05-13 16:05:05,322 - INFO - [The Dawn] Success with 'requests_browser'. Found content (567 words).
2026-05-13 16:05:18,493 - INFO - >>> SUCCESSFULLY SAVED [ID: 58816] - HFCL, Ideaforge, among 10 smallcap stocks that more than doubled in the first 25 sessions of FY27​ - Unprecedented rally | The Economic Times from Economic Times (698 words)
2026-05-13 16:05:19,258 - INFO - [Economic Times] Early skip: URL https://economictimes.indiatimes.com/news/economy/policy/rbi-draft-for-upper-layer-non-banks-affects-cics-disproportionately-raises-compliances-costs/articleshow/130394099.cms already exists.
2026-05-13 16:05:19,259 - INFO - [Economic Times] Early skip: URL https://economictimes.indiatimes.com/news/economy/foreign-trade/exporters-seek-removal-of-cap-on-interest-subvention/articleshow/130341339.cms already exists.
2026-05-13 16:05:19,260 - INFO - [Economic Times] Early skip: URL https://economictimes.indiatimes.com/news/economy/indicators/macro-buffers-to-help-india-tide-over-gulf-crisis-world-bank/articleshow/130152815.cms already exists.
2026-05-13 16:05:19,262 - INFO - [Economic Times] Early skip: URL https://economictimes.indiatimes.com/news/economy/policy/rbi-holds-repo-rate-flags-supply-chain-risks-to-inflation-growth/articleshow/130123373.cms already exists.
2026-05-13 16:05:19,263 - INFO - [Economic Times] Early skip: URL https://economictimes.indiatimes.com/news/economy/policy/rbi-may-keep-rates-unchanged-focus-on-rupee-stability-and-bond-yields/articleshow/130045979.cms already exists.
2026-05-13 16:05:19,264 - INFO - [Economic Times] Early skip: URL https://economictimes.indiatimes.com/news/economy/foreign-trade/japan-to-create-special-cell-to-push-fdi-into-india/articleshow/129933023.cms already exists.
2026-05-13 16:05:19,265 - INFO - [Economic Times] Early skip: URL https://economictimes.indiatimes.com/tech/technology/apple-faces-indian-engineers-bias-lawsuit/articleshow/81694292.cms already exists.
2026-05-13 16:05:19,267 - INFO - [Economic Times] Early skip: URL https://economictimes.indiatimes.com/news/defence/despite-transatlantic-love-fest-eu-charts-third-way-in-ties-with-us-and-china/articleshow/81467467.cms already exists.
2026-05-13 16:05:19,270 - INFO - [Economic Times] Early skip: URL https://economictimes.indiatimes.com/tech/tech-bytes/twitters-india-policy-head-to-step-down-will-transition-in-march/articleshow/80732868.cms already exists.
2026-05-13 16:05:19,272 - INFO - [Economic Times] Early skip: URL https://economictimes.indiatimes.com/tech/tech-and-gadgets/govt-may-keep-rs-7500-cr-outlay-for-it-hardware-manufacturing-under-pli-scheme/articleshow/80333429.cms already exists.
2026-05-13 16:05:19,273 - INFO - [Economic Times] Early skip: URL https://economictimes.indiatimes.com/tech/technology/indian-dating-apps-services-see-surge-of-paying-users-in-small-cities/articleshow/80063342.cms already exists.
2026-05-13 16:05:19,274 - INFO - [Economic Times] Early skip: URL https://economictimes.indiatimes.com/tech/technology/time-for-govt-cos-to-adopt-ai-deloitte-india/articleshow/79981215.cms already exists.
2026-05-13 16:05:19,275 - INFO - [Economic Times] Early skip: URL https://economictimes.indiatimes.com/news/international/world-news/chinas-marriages-drop-to-decade-low-deepening-demographic-concerns/articleshow/131010156.cms already exists.
2026-05-13 16:05:19,280 - INFO - [Economic Times] Early skip: URL https://economictimes.indiatimes.com/news/international/world-news/us-iran-no-closer-to-ending-war-as-qatari-tanker-sails-toward-strait-of-hormuz/articleshow/130998526.cms already exists.
2026-05-13 16:05:19,281 - INFO - [Economic Times] Early skip: URL https://economictimes.indiatimes.com/news/international/global-trends/u-s-employers-added-a-surprising-115000-jobs-last-month-despite-the-economic-shock-from-iran-war/articleshow/130960476.cms already exists.
2026-05-13 16:05:19,282 - INFO - [Economic Times] Early skip: URL https://economictimes.indiatimes.com/news/international/business/imf-warns-of-inevitable-ai-powered-threats-to-world/articleshow/130920591.cms already exists.
2026-05-13 16:05:19,283 - INFO - [Economic Times] Early skip: URL https://economictimes.indiatimes.com/news/international/business/diageo-springs-a-surprise-sales-climb-on-africa-latin-america/articleshow/130866925.cms already exists.
2026-05-13 16:05:19,285 - INFO - [Economic Times] Early skip: URL https://economictimes.indiatimes.com/news/international/world-news/hezbollah-pays-steep-price-in-battle-to-reverse-its-fortunes/articleshow/130731149.cms already exists.
2026-05-13 16:05:19,287 - INFO - [Economic Times] Early skip: URL https://economictimes.indiatimes.com/news/elections/assembly-elections/assam/done-deal-cm-himanta-biswa-sarma-on-nda-seat-sharing-for-assam-polls/articleshow/128678098.cms already exists.
2026-05-13 16:05:19,288 - INFO - [Economic Times] Early skip: URL https://economictimes.indiatimes.com/news/elections/assembly-elections/bihar/rare-intensive-revision-in-bihar-four-months-before-polls/articleshow/122167501.cms already exists.
2026-05-13 16:05:19,289 - INFO - [Economic Times] Early skip: URL https://economictimes.indiatimes.com/news/elections/assembly-elections/delhi/bjp-accuses-kejriwal-of-sending-voters-hoax-calls-to-mislead/articleshow/117579007.cms already exists.
2026-05-13 16:05:19,290 - INFO - [Economic Times] Early skip: URL https://economictimes.indiatimes.com/news/elections/lok-sabha/india/lok-sabha-election-2024-maharashtra-get-interesting-after-splits-in-shiv-sena-ncp/articleshow/108559788.cms already exists.
2026-05-13 16:05:19,292 - INFO - [Economic Times] Early skip: URL https://economictimes.indiatimes.com/news/elections/lok-sabha/india/modi-charisma-key-factor-in-bjps-bid-to-retain-all-26-seats-in-gujarat/articleshow/108550858.cms already exists.
2026-05-13 16:05:19,293 - INFO - [Economic Times] Early skip: URL https://economictimes.indiatimes.com/news/elections/lok-sabha/india/implementation-of-guarantees-decline-of-brs-favour-congress-in-telangana-bjp-aiming-for-better-show/articleshow/108548569.cms already exists.
2026-05-13 16:05:19,298 - INFO - [Economic Times] Early skip: URL https://economictimes.indiatimes.com/traders-bet-on-calendar-spread-as-nifty-moves-in-a-tight-range/articleshow/6302358.cms already exists.
2026-05-13 16:05:19,299 - INFO - [Economic Times] Early skip: URL https://economictimes.indiatimes.com/nifty-may-find-support-at-5300-level/articleshow/6296017.cms already exists.
2026-05-13 16:05:19,300 - INFO - [Economic Times] Early skip: URL https://economictimes.indiatimes.com/seven-out-of-top-10-asian-small-cap-funds-are-indian/articleshow/6295976.cms already exists.
2026-05-13 16:05:19,302 - INFO - [Economic Times] Early skip: URL https://economictimes.indiatimes.com/inflation-reflects-growth-dynamics-in-india-christopher-wood/articleshow/6274053.cms already exists.
2026-05-13 16:05:19,303 - INFO - [Economic Times] Early skip: URL https://economictimes.indiatimes.com/market-may-trade-in-a-range-but-fiis-seen-sold-on-india/articleshow/6277705.cms already exists.
2026-05-13 16:05:19,304 - INFO - [Economic Times] Early skip: URL https://economictimes.indiatimes.com/dont-bank-only-on-price-to-earning-ratio/articleshow/6278228.cms already exists.
2026-05-13 16:05:19,307 - INFO - [Economic Times] Early skip: URL https://economictimes.indiatimes.com/markets/stocks/recos/prabhudas-lilladher-has-a-reduce-rating-on-infosys/articleshow/3798718.cms already exists.
2026-05-13 16:05:19,308 - INFO - [Economic Times] Early skip: URL https://economictimes.indiatimes.com/markets/stocks/recos/fin-crisis-too-late-and-too-little-done-in-us/articleshow/3794549.cms already exists.
2026-05-13 16:05:19,309 - INFO - [Economic Times] Early skip: URL https://economictimes.indiatimes.com/markets/forex/weak-rupee-takes-its-toll-on-cos-with-huge-foreign-debt/articleshow/3546158.cms already exists.
2026-05-13 16:05:19,312 - INFO - [Economic Times] Early skip: URL https://economictimes.indiatimes.com/markets/stocks/recos/wait-for-more-signals-before-turning-positive/articleshow/3292640.cms already exists.
2026-05-13 16:05:19,314 - INFO - [Economic Times] Early skip: URL https://economictimes.indiatimes.com/news/company/corporate-trends/six-indian-cos-among-businessweeks-top-100-infotech-firms/articleshow/3189334.cms already exists.
2026-05-13 16:05:19,315 - INFO - [Economic Times] Early skip: URL https://economictimes.indiatimes.com/news/company/corporate-trends/indian-firms-slip-in-global-ranking-four-move-out-of-top-500/articleshow/3177077.cms already exists.
2026-05-13 16:05:19,317 - INFO - [Economic Times] Early skip: URL https://economictimes.indiatimes.com/markets/stocks/news/big-daddy-laps-up-cipla-after-q1-nos-beat-forecast/articleshow/6308646.cms already exists.
2026-05-13 16:05:19,318 - INFO - [Economic Times] Early skip: URL https://economictimes.indiatimes.com/markets/stocks/news/old-fox-has-dream-run-on-dalal-street/articleshow/6308631.cms already exists.
2026-05-13 16:05:19,319 - INFO - [Economic Times] Early skip: URL https://economictimes.indiatimes.com/markets/stocks/news/cairn-india-hits-record-high-on-bse-amid-stake-sale-talks/articleshow/6306679.cms already exists.
2026-05-13 16:05:19,321 - INFO - [Economic Times] Early skip: URL https://economictimes.indiatimes.com/markets/stocks/news/vedanta-plunges-5-59-per-cent-on-lse-amid-talks-to-buy-cairn-stake/articleshow/6306526.cms already exists.
2026-05-13 16:05:19,323 - INFO - [Economic Times] Early skip: URL https://economictimes.indiatimes.com/markets/stocks/news/sbi-shares-on-gaining-spree-hit-record-high/articleshow/6306241.cms already exists.
2026-05-13 16:05:19,324 - INFO - [Economic Times] Early skip: URL https://economictimes.indiatimes.com/fm-must-rethink/articleshow/5645094.cms already exists.
2026-05-13 16:05:19,325 - INFO - [Economic Times] Early skip: URL https://economictimes.indiatimes.com/amalgamate-banks/articleshow/5645086.cms already exists.
2026-05-13 16:05:19,329 - INFO - [Economic Times] Early skip: URL https://economictimes.indiatimes.com/managing-data/articleshow/5117958.cms already exists.
2026-05-13 16:05:19,331 - INFO - [Economic Times] Early skip: URL https://economictimes.indiatimes.com/right-technology/articleshow/5117957.cms already exists.
2026-05-13 16:05:19,332 - INFO - [Economic Times] Early skip: URL https://economictimes.indiatimes.com/et-search/articleshow/21646857.cms already exists.
2026-05-13 16:05:19,333 - INFO - [Economic Times] Early skip: URL https://economictimes.indiatimes.com/after-the-oscars-whats-next-for-silent-stars-of-the-artist/articleshow/12075465.cms already exists.
2026-05-13 16:05:19,334 - INFO - [Economic Times] Early skip: URL https://economictimes.indiatimes.com/delhi-world-book-fair-a-fair-like-no-other/articleshow/12028630.cms already exists.
2026-05-13 16:05:19,336 - INFO - [Economic Times] Early skip: URL https://economictimes.indiatimes.com/lk-advanis-gift-makes-its-way-to-state-department-exhibition-hall/articleshow/12017534.cms already exists.
2026-05-13 16:05:19,337 - INFO - [Economic Times] Early skip: URL https://economictimes.indiatimes.com/india-meteorological-department-to-use-dynamic-models-for-forecasts/articleshow/11983844.cms already exists.
2026-05-13 16:05:19,338 - INFO - [Economic Times] Early skip: URL https://economictimes.indiatimes.com/documents-reveal-contents-of-the-first-telegraph-message-between-india-england/articleshow/11976488.cms already exists.
2026-05-13 16:05:19,339 - INFO - [Economic Times] Early skip: URL https://economictimes.indiatimes.com/worried-amitabh-bachchan-fans-pray-to-lord-shiva-for-his-recovery/articleshow/11963187.cms already exists.
2026-05-13 16:05:19,340 - INFO - [Economic Times] Early skip: URL https://economictimes.indiatimes.com/opinion/interviews/every-decision-of-government-neednt-be-a-big-reform-anand-mahindra/articleshow/35919571.cms already exists.
2026-05-13 16:05:19,342 - INFO - [Economic Times] Early skip: URL https://economictimes.indiatimes.com/opinion/interviews/narendra-modi-has-his-eyes-set-on-boosting-business-joao-cravinho-eu-ambassador/articleshow/35973824.cms already exists.
2026-05-13 16:05:19,343 - INFO - [Economic Times] Early skip: URL https://economictimes.indiatimes.com/opinion/interviews/confidence-level-of-industry-improving-kv-kamath-icici-bank/articleshow/35945669.cms already exists.
2026-05-13 16:05:19,346 - INFO - [Economic Times] Early skip: URL https://economictimes.indiatimes.com/opinion/interviews/we-may-see-rapid-growth-over-the-next-few-years-raamdeo-agrawal/articleshow/35831378.cms already exists.
2026-05-13 16:05:19,349 - INFO - [Economic Times] Early skip: URL https://economictimes.indiatimes.com/opinion/interviews/our-commitment-for-press-freedom-and-autonomy-of-public-broadcast-is-absolute-prakash-javadekar/articleshow/35803396.cms already exists.
2026-05-13 16:05:19,350 - INFO - [Economic Times] Early skip: URL https://economictimes.indiatimes.com/opinion/interviews/there-is-a-leadership-vacuum-in-infosys-time-to-get-nandan-nilekani-back-mohandas-pai/articleshow/35716682.cms already exists.
2026-05-13 16:05:19,351 - INFO - [Economic Times] Early skip: URL https://economictimes.indiatimes.com/markets/stocks/news/oil-prices-to-hit-150-how-indian-stock-markets-may-react-as-iran-war-rages-on/articleshow/129587020.cms already exists.
2026-05-13 16:05:19,353 - INFO - [Economic Times] Early skip: URL https://economictimes.indiatimes.com/markets/us-stocks/news/why-a-7030-india-global-portfolio-makes-sense-in-a-changing-world-subho-moulik-decodes/articleshow/127604085.cms already exists.
2026-05-13 16:05:19,354 - INFO - [Economic Times] Early skip: URL https://economictimes.indiatimes.com/markets/expert-view/kaynes-shares-plunge-43-from-october-peak-is-a-tactical-rebound-on-the-cards-or-more-pain-ahead/articleshow/125815992.cms already exists.
2026-05-13 16:05:19,355 - INFO - [Economic Times] Early skip: URL https://economictimes.indiatimes.com/markets/stocks/news/warren-buffett-is-buying-michael-burry-is-shorting-the-ai-trade-splitting-wall-street/articleshow/125815521.cms already exists.
2026-05-13 16:05:19,356 - INFO - [Economic Times] Early skip: URL https://economictimes.indiatimes.com/markets/ipos/fpos/softbank-backed-acevector-files-updated-ipo-papers-targets-to-raise-rs-300-cr-via-fresh-issue/articleshow/125813493.cms already exists.
2026-05-13 16:05:19,358 - INFO - [Economic Times] Early skip: URL https://economictimes.indiatimes.com/markets/stocks/news/mcap-of-five-of-top-10-most-valued-firms-surges-rs-72285-cr-tcs-infosys-biggest-winners/articleshow/125813435.cms already exists.
2026-05-13 16:05:19,359 - INFO - [Economic Times] Early skip: URL https://economictimes.indiatimes.com/markets/stocks/news/alfa-laval-raises-delisting-price-to-rs-2850-a-share/articleshow/11437373.cms already exists.
2026-05-13 16:05:19,362 - INFO - [Economic Times] Early skip: URL https://economictimes.indiatimes.com/markets/stocks/news/db-realty-unitech-stocks-rose-after-top-executives-granted-bail-in-2g-scam/articleshow/10925114.cms already exists.
2026-05-13 16:05:19,363 - INFO - [Economic Times] Early skip: URL https://economictimes.indiatimes.com/markets/stocks/news/fitch-withdraws-reliance-capital-ratings/articleshow/10430814.cms already exists.
2026-05-13 16:05:19,364 - INFO - [Economic Times] Early skip: URL https://economictimes.indiatimes.com/markets/stocks/news/discoms-poor-financial-health-poses-risks-for-power-traders-fitch/articleshow/10430186.cms already exists.
2026-05-13 16:05:19,366 - INFO - [Economic Times] Early skip: URL https://economictimes.indiatimes.com/markets/stocks/news/cigarette-companies-price-hikes-with-higher-volumes-hold-promise/articleshow/9277179.cms already exists.
2026-05-13 16:05:19,367 - INFO - [Economic Times] Early skip: URL https://economictimes.indiatimes.com/markets/stocks/news/lovable-lingeries-dream-run-on-as-traders-lap-it-up/articleshow/8894615.cms already exists.
2026-05-13 16:05:19,369 - INFO - [Economic Times] (Thread) Finished. Attempting to shut down its Selenium driver.
2026-05-13 16:05:19,458 - INFO - [Economic Times] (Thread) driver.quit() successful.
2026-05-13 16:05:33,945 - INFO - >>> SUCCESSFULLY SAVED [ID: 58817] - Immigration lawyer defends H1-B visas, says India’s 'robust' education system gives workers edge over Americans - The Times of India from Times of India (470 words)
2026-05-13 16:05:35,316 - INFO - [Times of India] Article: https://timesofindia.indiatimes.com/world/us/don-tzu-vs-philosopher-king-xi-decoding-the-worldviews-of-donald-trump-and-xi-jinping/articleshow/131068164.cms
2026-05-13 16:05:35,316 - INFO - [Times of India] Attempt 1/1: Trying with 'selenium_browser' strategy...
2026-05-13 16:05:37,575 - INFO - [Times of India] Page content loaded.
2026-05-13 16:05:37,746 - INFO - [Times of India] Success with 'selenium_browser'. Found content (1689 words).
2026-05-13 16:05:50,418 - INFO - >>> SUCCESSFULLY SAVED [ID: 58818] - Govt. revives annual journalism awards in Andhra Pradesh - The Hindu from The Hindu (226 words)
2026-05-13 16:05:51,632 - INFO - [The Hindu] Article: https://www.thehindu.com/news/national/karnataka/karnataka-scst-employees-association-objects-to-new-roster/article70975156.ece
2026-05-13 16:05:51,632 - INFO - [The Hindu] Attempt 1/1: Trying with 'selenium_browser' strategy...
2026-05-13 16:05:53,482 - INFO - [The Hindu] Page content loaded.
2026-05-13 16:05:53,567 - INFO - [The Hindu] Success with 'selenium_browser'. Found content (262 words).
2026-05-13 16:06:07,811 - INFO - >>> SUCCESSFULLY SAVED [ID: 58819] - France confines over 1,700 passengers on cruise ship over gastroenteritis | Health News | Al Jazeera from Al Jazeera (468 words)
2026-05-13 16:06:08,374 - INFO - [Al Jazeera] Article: https://www.aljazeera.com/video/newsfeed/2026/5/13/trump-arrives-in-china-for-two-day-summit-with-xi?traffic_source=rss
2026-05-13 16:06:08,375 - INFO - [Al Jazeera] Attempt 1/2: Trying with 'requests_browser' strategy...
2026-05-13 16:06:08,553 - WARNING - [Al Jazeera] FAILED with 'requests_browser' (content was too short: 62 words).
2026-05-13 16:06:09,351 - INFO - [Al Jazeera] Article: https://www.aljazeera.com/video/newsfeed/2026/5/13/trump-arrives-in-china-for-two-day-summit-with-xi?traffic_source=rss
2026-05-13 16:06:09,351 - INFO - [Al Jazeera] Attempt 2/2: Trying with 'selenium_browser' strategy...
2026-05-13 16:06:10,888 - INFO - [Al Jazeera] Page content loaded.
2026-05-13 16:06:11,040 - WARNING - [Al Jazeera] FAILED with 'selenium_browser' (content was too short: 66 words).
2026-05-13 16:06:11,040 - ERROR - [Al Jazeera] All scrape strategies failed for https://www.aljazeera.com/video/newsfeed/2026/5/13/trump-arrives-in-china-for-two-day-summit-with-xi?traffic_source=rss. Falling back to RSS description.
2026-05-13 16:06:11,040 - WARNING - SKIPPED (GLOBAL WORD LIMIT): Article 'Trump arrives in China for two-day summit with Xi' from Al Jazeera has only 14 words (Min: 90).
2026-05-13 16:06:11,565 - INFO - [Al Jazeera] Article: https://www.aljazeera.com/video/newsfeed/2026/5/13/12-killed-by-a-series-of-israeli-strikes-on-cars-in-lebanon?traffic_source=rss
2026-05-13 16:06:11,566 - INFO - [Al Jazeera] Attempt 1/2: Trying with 'requests_browser' strategy...
2026-05-13 16:06:11,617 - WARNING - [Al Jazeera] FAILED with 'requests_browser' (content was too short: 62 words).
2026-05-13 16:06:12,279 - INFO - [Al Jazeera] Article: https://www.aljazeera.com/video/newsfeed/2026/5/13/12-killed-by-a-series-of-israeli-strikes-on-cars-in-lebanon?traffic_source=rss
2026-05-13 16:06:12,279 - INFO - [Al Jazeera] Attempt 2/2: Trying with 'selenium_browser' strategy...
2026-05-13 16:06:13,101 - INFO - [Al Jazeera] Page content loaded.
2026-05-13 16:06:13,178 - WARNING - [Al Jazeera] FAILED with 'selenium_browser' (content was too short: 66 words).
2026-05-13 16:06:13,178 - ERROR - [Al Jazeera] All scrape strategies failed for https://www.aljazeera.com/video/newsfeed/2026/5/13/12-killed-by-a-series-of-israeli-strikes-on-cars-in-lebanon?traffic_source=rss. Falling back to RSS description.
2026-05-13 16:06:13,178 - WARNING - SKIPPED (GLOBAL WORD LIMIT): Article '12 killed by a series of Israeli strikes on cars in Lebanon' from Al Jazeera has only 21 words (Min: 90).
2026-05-13 16:06:13,807 - INFO - [Al Jazeera] Article: https://www.aljazeera.com/video/newsfeed/2026/5/13/what-trump-and-xi-want-from-china-visit?traffic_source=rss
2026-05-13 16:06:13,807 - INFO - [Al Jazeera] Attempt 1/2: Trying with 'requests_browser' strategy...
2026-05-13 16:06:13,901 - WARNING - [Al Jazeera] FAILED with 'requests_browser' (content was too short: 55 words).
2026-05-13 16:06:14,680 - INFO - [Al Jazeera] Article: https://www.aljazeera.com/video/newsfeed/2026/5/13/what-trump-and-xi-want-from-china-visit?traffic_source=rss
2026-05-13 16:06:14,680 - INFO - [Al Jazeera] Attempt 2/2: Trying with 'selenium_browser' strategy...
2026-05-13 16:06:15,497 - INFO - [Al Jazeera] Page content loaded.
2026-05-13 16:06:15,557 - WARNING - [Al Jazeera] FAILED with 'selenium_browser' (content was too short: 59 words).
2026-05-13 16:06:15,557 - ERROR - [Al Jazeera] All scrape strategies failed for https://www.aljazeera.com/video/newsfeed/2026/5/13/what-trump-and-xi-want-from-china-visit?traffic_source=rss. Falling back to RSS description.
2026-05-13 16:06:15,557 - WARNING - SKIPPED (GLOBAL WORD LIMIT): Article 'What Trump and Xi want from China visit' from Al Jazeera has only 20 words (Min: 90).
2026-05-13 16:06:16,457 - INFO - [Al Jazeera] Article: https://www.aljazeera.com/news/2026/5/13/most-powerful-whats-the-sarmat-missile-russia-has-test-launched?traffic_source=rss
2026-05-13 16:06:16,457 - INFO - [Al Jazeera] Attempt 1/2: Trying with 'requests_browser' strategy...
2026-05-13 16:06:16,505 - INFO - [Al Jazeera] Success with 'requests_browser'. Found content (999 words).
2026-05-13 16:06:22,290 - INFO - DEDUPLICATION: Found match (Score: 0.85). Linking to Cluster ID: ee96c781-db28-49d3-a5e2-3d9595815b5f
2026-05-13 16:06:24,578 - INFO - >>> SUCCESSFULLY SAVED [ID: 58820] - Bahamas re-elects Progressive Liberal party’s Philip Davis as prime minister | Bahamas | The Guardian from The Guardian (536 words)
2026-05-13 16:06:25,710 - INFO - [The Guardian] Early skip: URL https://www.theguardian.com/global-development/2026/may/13/official-marking-land-brazil-uncontacted-kawahiva already exists.
2026-05-13 16:06:25,711 - INFO - [The Guardian] Early skip: URL https://www.theguardian.com/world/2026/may/12/bahamas-goes-to-polls-caribbean-election-battle already exists.
2026-05-13 16:06:25,712 - INFO - [The Guardian] Early skip: URL https://www.theguardian.com/world/2026/may/11/drug-gang-attacks-force-hundreds-of-indigenous-families-to-flee-in-mexico already exists.
2026-05-13 16:06:25,714 - INFO - [The Guardian] Article: https://www.theguardian.com/world/2026/may/13/china-court-awards-compensation-sacked-worker-replaced-by-ai
2026-05-13 16:06:25,714 - INFO - [The Guardian] Attempt 1/1: Trying with 'requests_browser' strategy...
2026-05-13 16:06:25,862 - INFO - [The Guardian] Success with 'requests_browser'. Found content (547 words).
2026-05-13 16:06:39,387 - INFO - >>> SUCCESSFULLY SAVED [ID: 58821] - Court overturns Alex Murdaugh's murder convictions from BBC (641 words)
2026-05-13 16:06:40,557 - INFO - [BBC] Article: https://www.bbc.com/news/articles/cx21p7k70reo?at_medium=RSS&at_campaign=rss
2026-05-13 16:06:40,557 - INFO - [BBC] Attempt 1/1: Trying with 'requests_browser' strategy...
2026-05-13 16:06:40,597 - INFO - [BBC] Success with 'requests_browser'. Found content (712 words).
2026-05-13 16:06:54,244 - INFO - >>> SUCCESSFULLY SAVED [ID: 58822] - Cambridge confirms leak of AS-level Mathematics paper, postpones upcoming exam as 'precautionary step' - Pakistan - DAWN.COM from The Dawn (567 words)
2026-05-13 16:06:55,045 - INFO - [The Dawn] Early skip: URL https://www.dawn.com/news/1999930/flydubai-suspends-flights-to-islamabad-lahore-peshawar-till-oct-due-to-operational-issues already exists.
2026-05-13 16:06:55,049 - INFO - [The Dawn] Article: https://www.dawn.com/news/1999927/punjab-cm-office-denies-rti-requests-seeking-details-of-maryams-tours-and-vehicles-luxury-jet-acquired-by-govt
2026-05-13 16:06:55,049 - INFO - [The Dawn] Attempt 1/2: Trying with 'requests_browser' strategy...
2026-05-13 16:06:55,111 - INFO - [The Dawn] Success with 'requests_browser'. Found content (511 words).
2026-05-13 16:07:09,155 - INFO - >>> SUCCESSFULLY SAVED [ID: 58823] - Don Tzu vs 'philosopher king' Xi: Decoding the worldviews of Donald Trump and Xi Jinping | World News - The Times of India from Times of India (1689 words)
2026-05-13 16:07:09,741 - INFO - [Times of India] Article: https://timesofindia.indiatimes.com/world/uk/london-man-shot-outside-fathers-restaurant-after-family-refuses-to-pay-1-lakh-to-turkish-gang/articleshow/131068601.cms
2026-05-13 16:07:09,741 - INFO - [Times of India] Attempt 1/1: Trying with 'selenium_browser' strategy...
2026-05-13 16:07:10,906 - INFO - [Times of India] Page content loaded.
2026-05-13 16:07:11,153 - INFO - [Times of India] Success with 'selenium_browser'. Found content (396 words).
2026-05-13 16:07:25,736 - INFO - >>> SUCCESSFULLY SAVED [ID: 58824] - Karnataka SC/ST employees’ association objects to new roster - The Hindu from The Hindu (262 words)
2026-05-13 16:07:27,220 - INFO - [The Hindu] Article: https://www.thehindu.com/news/national/andhra-pradesh/security-stepped-up-for-visit-of-chandrababu-naidu-rajnath-singh-to-puttaparthi-on-may-15/article70974021.ece
2026-05-13 16:07:27,220 - INFO - [The Hindu] Attempt 1/1: Trying with 'selenium_browser' strategy...
2026-05-13 16:07:32,293 - INFO - [The Hindu] Page content loaded.
2026-05-13 16:07:32,657 - INFO - [The Hindu] Success with 'selenium_browser'. Found content (263 words).
2026-05-13 16:07:42,864 - INFO - >>> SUCCESSFULLY SAVED [ID: 58825] - ‘Most powerful’: What’s the Sarmat missile Russia has test-launched? | Military News | Al Jazeera from Al Jazeera (999 words)
2026-05-13 16:07:43,824 - INFO - [Al Jazeera] Article: https://www.aljazeera.com/sports/2026/5/13/which-teams-have-won-the-fifa-world-cup?traffic_source=rss
2026-05-13 16:07:43,824 - INFO - [Al Jazeera] Attempt 1/2: Trying with 'requests_browser' strategy...
2026-05-13 16:07:43,868 - INFO - [Al Jazeera] Success with 'requests_browser'. Found content (593 words).
2026-05-13 16:07:57,867 - INFO - >>> SUCCESSFULLY SAVED [ID: 58826] - Chinese court awards compensation to sacked worker replaced by AI | China | The Guardian from The Guardian (547 words)
2026-05-13 16:07:58,875 - INFO - [The Guardian] Early skip: URL https://www.theguardian.com/world/2026/may/13/gunshots-philippines-senate-senator-ronald-dela-rosa already exists.
2026-05-13 16:07:58,877 - INFO - [The Guardian] Early skip: URL https://www.theguardian.com/world/2026/may/13/trump-visit-beijing-china-scepticism-security already exists.
2026-05-13 16:07:58,878 - INFO - [The Guardian] Early skip: URL https://www.theguardian.com/world/2026/may/13/1mdb-financier-jho-low-seeks-pardon-from-donald-trump already exists.
2026-05-13 16:07:58,879 - INFO - [The Guardian] Early skip: URL https://www.theguardian.com/technology/2026/may/13/nvidia-jensen-huang-joins-trump-as-tech-dominates-china-trip already exists.
2026-05-13 16:07:58,882 - INFO - [The Guardian] Article: https://www.theguardian.com/news/2026/may/14/palestinian-peak-body-refused-leave-appear-at-royal-commission-antisemitism-social-cohesion-ntwnfb
2026-05-13 16:07:58,882 - INFO - [The Guardian] Attempt 1/1: Trying with 'requests_browser' strategy...
2026-05-13 16:07:58,959 - INFO - [The Guardian] Success with 'requests_browser'. Found content (712 words).
2026-05-13 16:08:12,922 - INFO - >>> SUCCESSFULLY SAVED [ID: 58827] - Woman isolating on British island in South Pacific after hantavirus contact from BBC (712 words)
2026-05-13 16:08:13,717 - INFO - [BBC] Early skip: URL https://www.bbc.com/news/articles/cyv2n7l1z14o?at_medium=RSS&at_campaign=rss already exists.
2026-05-13 16:08:13,719 - INFO - [BBC] Article: https://www.bbc.com/news/articles/cnvp730yd52o?at_medium=RSS&at_campaign=rss
2026-05-13 16:08:13,719 - INFO - [BBC] Attempt 1/1: Trying with 'requests_browser' strategy...
2026-05-13 16:08:13,758 - INFO - [BBC] Success with 'requests_browser'. Found content (444 words).
2026-05-13 16:08:28,114 - INFO - >>> SUCCESSFULLY SAVED [ID: 58828] - Punjab CM Office denies RTI requests seeking details of Maryam's tours and vehicles, luxury jet acquired by govt - Pakistan - DAWN.COM from The Dawn (511 words)
2026-05-13 16:08:29,260 - INFO - [The Dawn] Article: https://www.dawn.com/news/1999965/reform-uk-talking-to-watchdog-over-7-million-gift-to-leader-farage
2026-05-13 16:08:29,260 - INFO - [The Dawn] Attempt 1/2: Trying with 'requests_browser' strategy...
2026-05-13 16:08:29,303 - INFO - [The Dawn] Success with 'requests_browser'. Found content (489 words).
2026-05-13 16:08:43,203 - INFO - >>> SUCCESSFULLY SAVED [ID: 58829] - London man shot outside father’s restaurant after family refuses to pay £1 lakh to Turkish gang - The Times of India from Times of India (396 words)
2026-05-13 16:08:43,915 - INFO - [Times of India] Article: https://timesofindia.indiatimes.com/world/pakistan/oops-pakistan-did-it-again-the-deny-deflect-get-caught-pattern-repeats/articleshow/131066214.cms
2026-05-13 16:08:43,915 - INFO - [Times of India] Attempt 1/1: Trying with 'selenium_browser' strategy...
2026-05-13 16:08:44,997 - INFO - [Times of India] Page content loaded.
2026-05-13 16:08:45,134 - INFO - [Times of India] Success with 'selenium_browser'. Found content (1272 words).
2026-05-13 16:08:59,699 - INFO - >>> SUCCESSFULLY SAVED [ID: 58830] - Security stepped up for visit of Chandrababu Naidu, Rajnath Singh to Puttaparthi on May 15 - The Hindu from The Hindu (263 words)
2026-05-13 16:09:01,095 - INFO - [The Hindu] Article: https://www.thehindu.com/news/national/karnataka/congress-unveils-bhu-guarantee-in-karnataka/article70973676.ece
2026-05-13 16:09:01,095 - INFO - [The Hindu] Attempt 1/1: Trying with 'selenium_browser' strategy...
2026-05-13 16:09:02,231 - INFO - [The Hindu] Page content loaded.
2026-05-13 16:09:02,689 - INFO - [The Hindu] Success with 'selenium_browser'. Found content (640 words).
2026-05-13 16:09:17,498 - INFO - >>> SUCCESSFULLY SAVED [ID: 58831] - Which teams have won the FIFA World Cup? | World Cup 2026 News | Al Jazeera from Al Jazeera (593 words)
2026-05-13 16:09:18,759 - INFO - [Al Jazeera] Article: https://www.aljazeera.com/sports/2026/5/13/amid-us-israel-war-on-iran-arizona-awaits-iranian-team-before-world-cup?traffic_source=rss
2026-05-13 16:09:18,759 - INFO - [Al Jazeera] Attempt 1/2: Trying with 'requests_browser' strategy...
2026-05-13 16:09:18,811 - INFO - [Al Jazeera] Success with 'requests_browser'. Found content (715 words).
2026-05-13 16:09:33,581 - INFO - >>> SUCCESSFULLY SAVED [ID: 58832] - Palestinian peak body refused leave to appear at royal commission on antisemitism and social cohesion | Antisemitism | The Guardian from The Guardian (712 words)
2026-05-13 16:09:34,173 - INFO - [The Guardian] Article: https://www.theguardian.com/australia-news/2026/may/14/man-dies-long-bay-sydney-prison-watchdog-wanted-shut
2026-05-13 16:09:34,173 - INFO - [The Guardian] Attempt 1/1: Trying with 'requests_browser' strategy...
2026-05-13 16:09:34,277 - INFO - [The Guardian] Success with 'requests_browser'. Found content (487 words).
2026-05-13 16:09:46,815 - INFO - DEDUPLICATION: Found match (Score: 0.87). Linking to Cluster ID: 5b88e7aa-f5b0-49ed-b705-b5a001335064
2026-05-13 16:09:49,097 - INFO - >>> SUCCESSFULLY SAVED [ID: 58833] - Bato dela Rosa: Ex-Philippine leader Duterte's drug war enforcer escapes ICC arrest from BBC (444 words)
2026-05-13 16:09:50,253 - INFO - [BBC] Article: https://www.bbc.com/news/articles/c1k2zekj8y9o?at_medium=RSS&at_campaign=rss
2026-05-13 16:09:50,253 - INFO - [BBC] Attempt 1/1: Trying with 'requests_browser' strategy...
2026-05-13 16:09:50,302 - INFO - [BBC] Success with 'requests_browser'. Found content (380 words).
2026-05-13 16:10:04,464 - INFO - >>> SUCCESSFULLY SAVED [ID: 58834] - Reform UK talking to watchdog over $7 million gift to leader Farage - World - DAWN.COM from The Dawn (489 words)
2026-05-13 16:10:05,778 - INFO - [The Dawn] Article: https://www.dawn.com/news/1999950/heavy-rain-hailstorm-lash-lahore-inundating-low-lying-areas
2026-05-13 16:10:05,778 - INFO - [The Dawn] Attempt 1/2: Trying with 'requests_browser' strategy...
2026-05-13 16:10:05,877 - INFO - [The Dawn] Success with 'requests_browser'. Found content (363 words).
2026-05-13 16:10:20,184 - INFO - >>> SUCCESSFULLY SAVED [ID: 58835] - Oops!... Pakistan did it again: The 'deny, deflect, get caught' pattern repeats - The Times of India from Times of India (1272 words)
2026-05-13 16:10:21,119 - INFO - [Times of India] Article: https://timesofindia.indiatimes.com/world/uk/whether-starmer-stays-or-goes-larry-the-cats-viral-post-steals-spotlight-amid-uk-political-drama/articleshow/131066321.cms
2026-05-13 16:10:21,119 - INFO - [Times of India] Attempt 1/1: Trying with 'selenium_browser' strategy...
2026-05-13 16:10:22,205 - INFO - [Times of India] Page content loaded.
2026-05-13 16:10:22,441 - INFO - [Times of India] Success with 'selenium_browser'. Found content (297 words).
2026-05-13 16:10:36,826 - INFO - >>> SUCCESSFULLY SAVED [ID: 58836] - Congress unveils ‘Bhu Guarantee’ in Karnataka - The Hindu from The Hindu (640 words)
2026-05-13 16:10:37,530 - INFO - [The Hindu] Article: https://www.thehindu.com/news/national/telangana/telangana-records-9224-success-in-cbse-class-12-results-trivandrum-region-tops-country-with-9562/article70975000.ece
2026-05-13 16:10:37,531 - INFO - [The Hindu] Attempt 1/1: Trying with 'selenium_browser' strategy...
2026-05-13 16:10:38,688 - INFO - [The Hindu] Page content loaded.
2026-05-13 16:10:38,766 - INFO - [The Hindu] Success with 'selenium_browser'. Found content (299 words).
2026-05-13 16:10:39,446 - CRITICAL - --- TIMEOUT: 6 scrape jobs did not complete in 300s. ---
2026-05-13 16:10:39,446 - ERROR - A thread has timed out and will be abandoned.
2026-05-13 16:10:39,446 - ERROR - A thread has timed out and will be abandoned.
2026-05-13 16:10:39,446 - ERROR - A thread has timed out and will be abandoned.
2026-05-13 16:10:39,446 - ERROR - A thread has timed out and will be abandoned.
2026-05-13 16:10:39,446 - ERROR - A thread has timed out and will be abandoned.
2026-05-13 16:10:39,446 - ERROR - A thread has timed out and will be abandoned.
2026-05-13 16:10:39,446 - INFO - Shutting down thread pool (wait=False)...
2026-05-13 16:10:39,446 - INFO - Scraped: 0 TechCrunch, 1 Economic Times, 6 Timed_Out_Jobs articles. (Total saved: 1)
2026-05-13 16:10:39,447 - INFO - --- Scraping job finished ---
2026-05-13 16:10:39,447 - INFO - --- Scraper service stopped. ---
2026-05-13 16:10:39,447 - INFO - --- Main thread finished. Forcing process exit to kill zombie threads. ---
