2026-04-02 05:20:53,428 - INFO - Loading AI Semantic Model (all-MiniLM-L6-v2)...
2026-04-02 05:20:53,429 - INFO - Use pytorch device_name: cpu
2026-04-02 05:20:53,429 - INFO - Load pretrained SentenceTransformer: all-MiniLM-L6-v2
2026-04-02 05:20:53,560 - INFO - HTTP Request: HEAD https://huggingface.co/sentence-transformers/all-MiniLM-L6-v2/resolve/main/modules.json "HTTP/1.1 307 Temporary Redirect"
2026-04-02 05:20:53,574 - INFO - HTTP Request: HEAD https://huggingface.co/api/resolve-cache/models/sentence-transformers/all-MiniLM-L6-v2/c9745ed1d9f207416be6d2e6f8de32d1f16199bf/modules.json "HTTP/1.1 200 OK"
2026-04-02 05:20:53,615 - INFO - HTTP Request: HEAD https://huggingface.co/sentence-transformers/all-MiniLM-L6-v2/resolve/main/config_sentence_transformers.json "HTTP/1.1 307 Temporary Redirect"
2026-04-02 05:20:53,629 - INFO - HTTP Request: HEAD https://huggingface.co/api/resolve-cache/models/sentence-transformers/all-MiniLM-L6-v2/c9745ed1d9f207416be6d2e6f8de32d1f16199bf/config_sentence_transformers.json "HTTP/1.1 200 OK"
2026-04-02 05:20:53,670 - INFO - HTTP Request: HEAD https://huggingface.co/sentence-transformers/all-MiniLM-L6-v2/resolve/main/config_sentence_transformers.json "HTTP/1.1 307 Temporary Redirect"
2026-04-02 05:20:53,670 - WARNING - Warning: You are sending unauthenticated requests to the HF Hub. Please set a HF_TOKEN to enable higher rate limits and faster downloads.
2026-04-02 05:20:53,684 - INFO - HTTP Request: HEAD https://huggingface.co/api/resolve-cache/models/sentence-transformers/all-MiniLM-L6-v2/c9745ed1d9f207416be6d2e6f8de32d1f16199bf/config_sentence_transformers.json "HTTP/1.1 200 OK"
2026-04-02 05:20:53,725 - INFO - HTTP Request: HEAD https://huggingface.co/sentence-transformers/all-MiniLM-L6-v2/resolve/main/README.md "HTTP/1.1 307 Temporary Redirect"
2026-04-02 05:20:53,739 - INFO - HTTP Request: HEAD https://huggingface.co/api/resolve-cache/models/sentence-transformers/all-MiniLM-L6-v2/c9745ed1d9f207416be6d2e6f8de32d1f16199bf/README.md "HTTP/1.1 200 OK"
2026-04-02 05:20:53,779 - INFO - HTTP Request: HEAD https://huggingface.co/sentence-transformers/all-MiniLM-L6-v2/resolve/main/modules.json "HTTP/1.1 307 Temporary Redirect"
2026-04-02 05:20:53,793 - INFO - HTTP Request: HEAD https://huggingface.co/api/resolve-cache/models/sentence-transformers/all-MiniLM-L6-v2/c9745ed1d9f207416be6d2e6f8de32d1f16199bf/modules.json "HTTP/1.1 200 OK"
2026-04-02 05:20:53,836 - INFO - HTTP Request: HEAD https://huggingface.co/sentence-transformers/all-MiniLM-L6-v2/resolve/main/sentence_bert_config.json "HTTP/1.1 307 Temporary Redirect"
2026-04-02 05:20:53,850 - INFO - HTTP Request: HEAD https://huggingface.co/api/resolve-cache/models/sentence-transformers/all-MiniLM-L6-v2/c9745ed1d9f207416be6d2e6f8de32d1f16199bf/sentence_bert_config.json "HTTP/1.1 200 OK"
2026-04-02 05:20:53,895 - INFO - HTTP Request: HEAD https://huggingface.co/sentence-transformers/all-MiniLM-L6-v2/resolve/main/adapter_config.json "HTTP/1.1 404 Not Found"
2026-04-02 05:20:53,936 - INFO - HTTP Request: HEAD https://huggingface.co/sentence-transformers/all-MiniLM-L6-v2/resolve/main/config.json "HTTP/1.1 307 Temporary Redirect"
2026-04-02 05:20:53,951 - INFO - HTTP Request: HEAD https://huggingface.co/api/resolve-cache/models/sentence-transformers/all-MiniLM-L6-v2/c9745ed1d9f207416be6d2e6f8de32d1f16199bf/config.json "HTTP/1.1 200 OK"
2026-04-02 05:20:54,053 - WARNING - [1mBertModel LOAD REPORT[0m from: sentence-transformers/all-MiniLM-L6-v2
Key                     | Status     |  | 
------------------------+------------+--+-
embeddings.position_ids | UNEXPECTED |  | 

Notes:
- UNEXPECTED:	can be ignored when loading from different task/architecture; not ok if you expect identical arch.
2026-04-02 05:20:54,096 - INFO - HTTP Request: HEAD https://huggingface.co/sentence-transformers/all-MiniLM-L6-v2/resolve/main/config.json "HTTP/1.1 307 Temporary Redirect"
2026-04-02 05:20:54,109 - INFO - HTTP Request: HEAD https://huggingface.co/api/resolve-cache/models/sentence-transformers/all-MiniLM-L6-v2/c9745ed1d9f207416be6d2e6f8de32d1f16199bf/config.json "HTTP/1.1 200 OK"
2026-04-02 05:20:54,153 - INFO - HTTP Request: HEAD https://huggingface.co/sentence-transformers/all-MiniLM-L6-v2/resolve/main/tokenizer_config.json "HTTP/1.1 307 Temporary Redirect"
2026-04-02 05:20:54,168 - INFO - HTTP Request: HEAD https://huggingface.co/api/resolve-cache/models/sentence-transformers/all-MiniLM-L6-v2/c9745ed1d9f207416be6d2e6f8de32d1f16199bf/tokenizer_config.json "HTTP/1.1 200 OK"
2026-04-02 05:20:54,215 - INFO - HTTP Request: GET https://huggingface.co/api/models/sentence-transformers/all-MiniLM-L6-v2/tree/main/additional_chat_templates?recursive=false&expand=false "HTTP/1.1 404 Not Found"
2026-04-02 05:20:54,260 - INFO - HTTP Request: GET https://huggingface.co/api/models/sentence-transformers/all-MiniLM-L6-v2/tree/main?recursive=true&expand=false "HTTP/1.1 200 OK"
2026-04-02 05:20:54,342 - INFO - HTTP Request: HEAD https://huggingface.co/sentence-transformers/all-MiniLM-L6-v2/resolve/main/1_Pooling/config.json "HTTP/1.1 307 Temporary Redirect"
2026-04-02 05:20:54,357 - INFO - HTTP Request: HEAD https://huggingface.co/api/resolve-cache/models/sentence-transformers/all-MiniLM-L6-v2/c9745ed1d9f207416be6d2e6f8de32d1f16199bf/1_Pooling%2Fconfig.json "HTTP/1.1 200 OK"
2026-04-02 05:20:54,403 - INFO - HTTP Request: GET https://huggingface.co/api/models/sentence-transformers/all-MiniLM-L6-v2 "HTTP/1.1 200 OK"
2026-04-02 05:20:54,407 - INFO - AI Model loaded successfully.
2026-04-02 05:20:54,407 - INFO - --- Scraper service started (CI Mode: Run Once) ---
2026-04-02 05:20:54,407 - INFO - --- Starting new scraping job (Parallel Mode) ---
2026-04-02 05:20:54,407 - INFO - Connecting to Google Sheets...
2026-04-02 05:20:58,250 - INFO - Connected to Sheet: News Scrapper AI / Sheet1
2026-04-02 05:20:58,250 - INFO - Fetching existing data to build cache...
2026-04-02 05:21:11,960 - INFO - Loaded 47310 rows from sheet.
2026-04-02 05:21:12,686 - INFO - Cache built: 47310 URLs. Current MAX_ID: 47411
2026-04-02 05:21:12,691 - INFO - Creating new robust session with 3 retries on 5xx/connection/read errors.
2026-04-02 05:21:12,691 - INFO - Proxy is DISABLED.
2026-04-02 05:21:12,691 - INFO - Starting scrape for BBC RSS feed: http://feeds.bbci.co.uk/news/world/rss.xml
2026-04-02 05:21:12,691 - INFO - [Times of India] (Thread) requires Selenium. Initializing driver...
2026-04-02 05:21:12,692 - INFO - Starting scrape for The Guardian RSS feed: https://www.theguardian.com/world/rss
2026-04-02 05:21:12,693 - INFO - [The Hindu] (Thread) requires Selenium. Initializing driver...
2026-04-02 05:21:12,694 - INFO - [The Dawn] (Thread) requires Selenium. Initializing driver...
2026-04-02 05:21:12,695 - INFO - [Al Jazeera] (Thread) requires Selenium. Initializing driver...
2026-04-02 05:21:12,695 - INFO - Starting scrape for TechCrunch RSS feed: https://techcrunch.com/feed/
2026-04-02 05:21:12,696 - INFO - [Economic Times] (Thread) requires Selenium. Initializing driver...
2026-04-02 05:21:12,696 - INFO - Submitted 8 jobs to thread pool. Waiting up to 420s for completion...
2026-04-02 05:21:12,849 - INFO - Found 0 articles in TechCrunch RSS feed. Processing until 30 new articles are saved.
2026-04-02 05:21:12,942 - INFO - Found 45 articles in The Guardian RSS feed. Processing until 30 new articles are saved.
2026-04-02 05:21:12,942 - INFO - [The Guardian] Early skip: URL https://www.theguardian.com/us-news/2026/mar/30/ilhan-omar-false-reports-somaliland already exists.
2026-04-02 05:21:12,944 - INFO - [The Guardian] Early skip: URL https://www.theguardian.com/football/2026/mar/30/congo-brazzaville-jean-guy-blaise-mayolas-fifa-interpol-arrest-warrant already exists.
2026-04-02 05:21:12,945 - INFO - [The Guardian] Early skip: URL https://www.theguardian.com/environment/2026/mar/30/weather-tracker-thunderstorms-uae-united-arab-emirates-saudi-arabia already exists.
2026-04-02 05:21:12,946 - INFO - [The Guardian] Early skip: URL https://www.theguardian.com/global-development/2026/mar/30/urgent-action-needed-to-prevent-surge-in-digital-violence-in-africa-experts-say already exists.
2026-04-02 05:21:12,948 - INFO - [The Guardian] Early skip: URL https://www.theguardian.com/world/2026/mar/29/graaff-reinet-robert-sobukwe-south-african-town-name-change-stirs-racial-tensions already exists.
2026-04-02 05:21:12,950 - INFO - [The Guardian] Early skip: URL https://www.theguardian.com/world/2026/apr/01/stephen-lewis-canadian-politician-and-social-activist-dies-aged-88 already exists.
2026-04-02 05:21:12,951 - INFO - [The Guardian] Early skip: URL https://www.theguardian.com/us-news/2026/mar/31/gulf-of-mexico-drilling-endangered-species already exists.
2026-04-02 05:21:12,952 - INFO - [The Guardian] Early skip: URL https://www.theguardian.com/world/2026/mar/31/bolivia-clown-protests-decree-school-holiday-parties already exists.
2026-04-02 05:21:12,954 - INFO - [The Guardian] Early skip: URL https://www.theguardian.com/world/2026/mar/30/deaths-in-gang-attack-haitian-farming-area-far-exceed-initial-estimate already exists.
2026-04-02 05:21:12,955 - INFO - [The Guardian] Early skip: URL https://www.theguardian.com/world/2026/mar/30/canada-avi-lewis-elected-new-democratic-party already exists.
2026-04-02 05:21:12,956 - INFO - [The Guardian] Early skip: URL https://www.theguardian.com/world/2026/apr/02/new-zealand-cook-islands-defense already exists.
2026-04-02 05:21:12,958 - INFO - [The Guardian] Early skip: URL https://www.theguardian.com/world/2026/apr/02/magnitude-78-earthquake-strikes-in-indonesia-sparking-tsunami-alert already exists.
2026-04-02 05:21:12,959 - INFO - [The Guardian] Early skip: URL https://www.theguardian.com/technology/2026/apr/01/system-malfunction-causes-robotaxis-to-stall-in-the-middle-of-the-road-in-china already exists.
2026-04-02 05:21:12,960 - INFO - [The Guardian] Early skip: URL https://www.theguardian.com/world/2026/apr/01/iran-energy-crisis-asia-dirty-fuels-coal already exists.
2026-04-02 05:21:12,962 - INFO - [The Guardian] Early skip: URL https://www.theguardian.com/world/2026/apr/01/molly-border-collie-rescued-new-zealand already exists.
2026-04-02 05:21:12,963 - INFO - [The Guardian] Early skip: URL https://www.theguardian.com/australia-news/live/2026/apr/02/anthony-albanese-fuel-crisis-angus-taylor-middle-east-labor-liberals-easter-travel-press-club-ntwnfb already exists.
2026-04-02 05:21:12,965 - INFO - [The Guardian] Article: https://www.theguardian.com/australia-news/2026/apr/02/fuel-crisis-prices-fall-australia-albanese-gst
2026-04-02 05:21:12,966 - INFO - [The Guardian] Attempt 1/1: Trying with 'requests_browser' strategy...
2026-04-02 05:21:13,176 - INFO - [The Guardian] Success with 'requests_browser'. Found content (775 words).
2026-04-02 05:21:13,280 - INFO - Found 40 articles in BBC RSS feed. Processing until 30 new articles are saved.
2026-04-02 05:21:13,280 - INFO - [BBC] Early skip: URL https://www.bbc.com/news/videos/cwydnrmggnno?at_medium=RSS&at_campaign=rss already exists.
2026-04-02 05:21:13,282 - INFO - [BBC] Article: https://www.bbc.com/news/articles/cnv81ven263o?at_medium=RSS&at_campaign=rss
2026-04-02 05:21:13,282 - INFO - [BBC] Attempt 1/1: Trying with 'requests_browser' strategy...
2026-04-02 05:21:13,499 - INFO - [BBC] Success with 'requests_browser'. Found content (687 words).
2026-04-02 05:21:14,564 - INFO - Selenium driver initialized successfully (Eager load strategy, 7s timeout).
2026-04-02 05:21:14,564 - INFO - Starting scrape for Al Jazeera RSS feed: https://www.aljazeera.com/xml/rss/all.xml
2026-04-02 05:21:14,672 - INFO - Selenium driver initialized successfully (Eager load strategy, 7s timeout).
2026-04-02 05:21:14,673 - INFO - Starting scrape for Economic Times RSS feed: https://economictimes.indiatimes.com/rssfeedsdefault.cms
2026-04-02 05:21:14,689 - INFO - Selenium driver initialized successfully (Eager load strategy, 7s timeout).
2026-04-02 05:21:14,691 - INFO - Starting scrape for The Dawn RSS feed: https://www.dawn.com/feeds/home
2026-04-02 05:21:14,718 - INFO - Selenium driver initialized successfully (Eager load strategy, 7s timeout).
2026-04-02 05:21:14,718 - INFO - Starting scrape for The Hindu RSS feed: https://www.thehindu.com/news/national/feeder/default.rss
2026-04-02 05:21:14,753 - INFO - Selenium driver initialized successfully (Eager load strategy, 7s timeout).
2026-04-02 05:21:14,753 - INFO - Starting scrape for Times of India RSS feed: https://timesofindia.indiatimes.com/rssfeeds/296589292.cms
2026-04-02 05:21:14,911 - INFO - Found 25 articles in Al Jazeera RSS feed. Processing until 30 new articles are saved.
2026-04-02 05:21:14,911 - INFO - [Al Jazeera] Article: https://www.aljazeera.com/news/2026/4/2/trumps-primetime-speech-on-iran-war-key-takeaways?traffic_source=rss
2026-04-02 05:21:14,912 - INFO - [Al Jazeera] Attempt 1/2: Trying with 'requests_browser' strategy...
2026-04-02 05:21:14,967 - INFO - Found 60 articles in The Hindu RSS feed. Processing until 30 new articles are saved.
2026-04-02 05:21:14,968 - INFO - [The Hindu] Article: https://www.thehindu.com/news/national/odisha/overcrowding-odisha-jails-worsens-health-and-hygiene-for-prisoners-says-cag-report/article70812070.ece
2026-04-02 05:21:14,968 - INFO - [The Hindu] Attempt 1/1: Trying with 'selenium_browser' strategy...
2026-04-02 05:21:14,986 - INFO - Found 20 articles in Times of India RSS feed. Processing until 30 new articles are saved.
2026-04-02 05:21:14,986 - INFO - [Times of India] Early skip: URL https://timesofindia.indiatimes.com/science/nasa-artemis-ii-rocket-lunch-moon-mission-live-update-nasa-send-4-astronauts-canadian-space-agency-jeremy-hansen-christina-koch-cmdr-reid-wiseman-victor-glover-lunar-mission-latest-news/liveblog/129954254.cms already exists.
2026-04-02 05:21:14,987 - INFO - [Times of India] Early skip: URL https://timesofindia.indiatimes.com/science/600-year-old-inca-reveal-computer-like-system-that-could-store-data-organise-records-and-even-mimic-encryption/articleshow/129902888.cms already exists.
2026-04-02 05:21:14,988 - INFO - [Times of India] Early skip: URL https://timesofindia.indiatimes.com/science/this-nuclear-battery-could-last-433-years-and-power-the-next-era-of-deep-space-exploration/articleshow/129958824.cms already exists.
2026-04-02 05:21:14,990 - INFO - [Times of India] Early skip: URL https://timesofindia.indiatimes.com/world/us/iran-endgame-gas-prices-strait-of-hormuz-crisis-more-key-takeaways-from-donald-trumps-big-address/articleshow/129964625.cms already exists.
2026-04-02 05:21:14,991 - INFO - [Times of India] Early skip: URL https://timesofindia.indiatimes.com/world/us/nyc-considers-renting-out-parts-of-brooklyn-bridge-to-help-close-6-billion-budget-gap/articleshow/129961404.cms already exists.
2026-04-02 05:21:14,992 - INFO - [Times of India] Early skip: URL https://timesofindia.indiatimes.com/world/us/americas-most-feared-serial-killer-the-story-of-ted-bundy-who-studied-psychology-and-law-before-murdering-more-than-30-women/articleshow/129961944.cms already exists.
2026-04-02 05:21:14,994 - INFO - [Times of India] Early skip: URL https://timesofindia.indiatimes.com/world/us-streamers/ishowspeed-quits-youtube-fans-left-speechless-by-the-real-reason/articleshow/129961903.cms already exists.
2026-04-02 05:21:14,995 - INFO - [Times of India] Early skip: URL https://timesofindia.indiatimes.com/world/uk/subject-of-rumour-and-speculation-scott-mills-breaks-silence-after-bbc-sacking-over-decades-old-sex-offence-probe/articleshow/129961876.cms already exists.
2026-04-02 05:21:14,996 - INFO - [Times of India] Early skip: URL https://timesofindia.indiatimes.com/world/us/5-things-h-1b-visa-holders-laid-off-by-oracle-must-do-immediately-to-stay-in-the-us-legally/articleshow/129961872.cms already exists.
2026-04-02 05:21:14,997 - INFO - [Times of India] Early skip: URL https://timesofindia.indiatimes.com/world/us-streamers/twitch-streamer-musa_usa-left-speechless-after-thiefs-mom-shows-up-at-his-food-truck/articleshow/129961720.cms already exists.
2026-04-02 05:21:14,998 - INFO - [Times of India] Early skip: URL https://timesofindia.indiatimes.com/world/south-asia/20-million-scam-at-30000-feet-everest-guides-accused-of-poisoning-trekkers-for-insurance-payouts/articleshow/129961703.cms already exists.
2026-04-02 05:21:15,000 - INFO - [Times of India] Early skip: URL https://timesofindia.indiatimes.com/world/us/who-is-luanne-james-us-librarian-fired-for-refusing-to-move-lgbtq-themed-books-from-childrens-section/articleshow/129960838.cms already exists.
2026-04-02 05:21:15,001 - INFO - [Times of India] Early skip: URL https://timesofindia.indiatimes.com/world/us/today-is-not-the-day-kristi-noems-husband-says-he-will-reveal-his-side-of-story-on-secret-life/articleshow/129961050.cms already exists.
2026-04-02 05:21:15,002 - INFO - [Times of India] Early skip: URL https://timesofindia.indiatimes.com/etimes/trending/innocent-man-awarded-975000-after-being-mistakenly-held-in-psychiatric-hospital-for-years/articleshow/129959417.cms already exists.
2026-04-02 05:21:15,003 - INFO - [Times of India] Early skip: URL https://timesofindia.indiatimes.com/world/us-streamers/mrbeast-2-billion-earnings-claim-by-agent00-sparks-debate-as-xqc-questions-massive-103-million-monthly-figure/articleshow/129958183.cms already exists.
2026-04-02 05:21:15,005 - INFO - [Times of India] Article: https://timesofindia.indiatimes.com/world/rest-of-world/a-stunning-find-in-saudi-arabia-120000-year-old-footprints-reveal-where-humans-once-walked/articleshow/129958860.cms
2026-04-02 05:21:15,005 - INFO - [Times of India] Attempt 1/1: Trying with 'selenium_browser' strategy...
2026-04-02 05:21:15,068 - INFO - [Al Jazeera] Success with 'requests_browser'. Found content (1684 words).
2026-04-02 05:21:15,201 - INFO - Found 76 articles in Economic Times RSS feed. Processing until 30 new articles are saved.
2026-04-02 05:21:15,201 - INFO - [Economic Times] Early skip: URL https://economictimes.indiatimes.com/markets/stocks/news/is-it-time-to-buy-it-fund-managers-suggest-gradual-addition-by-investors/articleshow/129964032.cms already exists.
2026-04-02 05:21:15,202 - INFO - [Economic Times] Early skip: URL https://economictimes.indiatimes.com/markets/stocks/news/no-need-for-a-rate-hike-unless-inflation-spikes-economists/articleshow/129964048.cms already exists.
2026-04-02 05:21:15,204 - INFO - [Economic Times] Early skip: URL https://economictimes.indiatimes.com/markets/commodities/news/oil-price-today-april-2-oil-jumps-5-to-cross-106/barrel-after-trumps-comments-erase-de-escalation-hopes/articleshow/129965380.cms already exists.
2026-04-02 05:21:15,205 - INFO - [Economic Times] Article: https://economictimes.indiatimes.com/markets/expert-view/etmarkets-smart-talk-fii-comeback-will-be-key-trigger-for-next-rally-in-indian-markets-saibal-ghosh/articleshow/129942026.cms
2026-04-02 05:21:15,205 - INFO - [Economic Times] Attempt 1/2: Trying with 'requests_browser' strategy...
2026-04-02 05:21:15,486 - ERROR - parsed tree length: 1, wrong data type or not valid HTML
2026-04-02 05:21:15,487 - ERROR - empty HTML tree: None
2026-04-02 05:21:15,487 - WARNING - discarding data: None
2026-04-02 05:21:15,487 - WARNING - [Economic Times] FAILED with 'requests_browser' (content was too short: 0 words).
2026-04-02 05:21:15,679 - INFO - Found 29 articles in The Dawn RSS feed. Processing until 30 new articles are saved.
2026-04-02 05:21:15,679 - INFO - [The Dawn] Early skip: URL https://www.dawn.com/news/1987698/trump-says-conflict-nearing-end-threatens-wider-attacks-on-iran already exists.
2026-04-02 05:21:15,690 - INFO - [The Dawn] Article: https://www.dawn.com/news/1987778/nasa-launches-4-astronauts-on-worlds-first-crewed-lunar-mission-in-half-a-century
2026-04-02 05:21:15,690 - INFO - [The Dawn] Attempt 1/2: Trying with 'requests_browser' strategy...
2026-04-02 05:21:15,716 - ERROR - [The Dawn] Request failed for strategy 'requests_browser' on URL https://www.dawn.com/news/1987778/nasa-launches-4-astronauts-on-worlds-first-crewed-lunar-mission-in-half-a-century: 403 Client Error: Forbidden for url: https://www.dawn.com/news/1987778/nasa-launches-4-astronauts-on-worlds-first-crewed-lunar-mission-in-half-a-century
2026-04-02 05:21:15,884 - INFO - [The Hindu] Page content loaded.
2026-04-02 05:21:15,943 - INFO - [The Hindu] Success with 'selenium_browser'. Found content (498 words).
2026-04-02 05:21:16,019 - INFO - [Times of India] Page content loaded.
2026-04-02 05:21:16,061 - INFO - [Economic Times] Article: https://economictimes.indiatimes.com/markets/expert-view/etmarkets-smart-talk-fii-comeback-will-be-key-trigger-for-next-rally-in-indian-markets-saibal-ghosh/articleshow/129942026.cms
2026-04-02 05:21:16,061 - INFO - [Economic Times] Attempt 2/2: Trying with 'selenium_browser' strategy...
2026-04-02 05:21:16,230 - INFO - [Times of India] Success with 'selenium_browser'. Found content (500 words).
2026-04-02 05:21:16,399 - INFO - [The Dawn] Article: https://www.dawn.com/news/1987778/nasa-launches-4-astronauts-on-worlds-first-crewed-lunar-mission-in-half-a-century
2026-04-02 05:21:16,440 - INFO - [The Dawn] Attempt 2/2: Trying with 'selenium_browser' strategy...
2026-04-02 05:21:20,177 - INFO - [The Dawn] Page content loaded.
2026-04-02 05:21:20,865 - INFO - [The Dawn] Success with 'selenium_browser'. Found content (819 words).
2026-04-02 05:21:21,464 - INFO - [Economic Times] Page content loaded.
2026-04-02 05:21:30,807 - INFO - [Economic Times] Success with 'selenium_browser'. Found content (715 words).
2026-04-02 05:22:02,100 - INFO - >>> SUCCESSFULLY SAVED [ID: 47412] - Fuel prices to fall another 5.7 cents a litre after states and Canberra strike GST deal | Petrol prices | The Guardian from The Guardian (775 words)
2026-04-02 05:22:02,828 - INFO - [The Guardian] Article: https://www.theguardian.com/australia-news/2026/apr/02/easter-weather-forecast-australia-bom
2026-04-02 05:22:02,828 - INFO - [The Guardian] Attempt 1/1: Trying with 'requests_browser' strategy...
2026-04-02 05:22:03,081 - INFO - [The Guardian] Success with 'requests_browser'. Found content (448 words).
2026-04-02 05:22:14,867 - INFO - DEDUPLICATION: Found match (Score: 0.82). Linking to Cluster ID: 79c9a331-d173-4575-9d72-2473258809c8
2026-04-02 05:22:17,132 - INFO - >>> SUCCESSFULLY SAVED [ID: 47413] - Trump offers few answers as he seeks to calm nerves over Iran war from BBC (687 words)
2026-04-02 05:22:18,272 - INFO - [BBC] Article: https://www.bbc.com/news/articles/cn53krrrr24o?at_medium=RSS&at_campaign=rss
2026-04-02 05:22:18,272 - INFO - [BBC] Attempt 1/1: Trying with 'requests_browser' strategy...
2026-04-02 05:22:18,402 - INFO - [BBC] Success with 'requests_browser'. Found content (556 words).
2026-04-02 05:22:32,128 - INFO - >>> SUCCESSFULLY SAVED [ID: 47414] - Trump’s primetime speech on Iran war: Key takeaways | US-Israel war on Iran News | Al Jazeera from Al Jazeera (1684 words)
2026-04-02 05:22:32,902 - INFO - [Al Jazeera] Article: https://www.aljazeera.com/video/newsfeed/2026/4/2/trumps-national-address-on-iran-embarrassing?traffic_source=rss
2026-04-02 05:22:32,902 - INFO - [Al Jazeera] Attempt 1/2: Trying with 'requests_browser' strategy...
2026-04-02 05:22:33,012 - WARNING - [Al Jazeera] FAILED with 'requests_browser' (content was too short: 56 words).
2026-04-02 05:22:33,680 - INFO - [Al Jazeera] Article: https://www.aljazeera.com/video/newsfeed/2026/4/2/trumps-national-address-on-iran-embarrassing?traffic_source=rss
2026-04-02 05:22:33,680 - INFO - [Al Jazeera] Attempt 2/2: Trying with 'selenium_browser' strategy...
2026-04-02 05:22:35,366 - INFO - [Al Jazeera] Page content loaded.
2026-04-02 05:22:35,536 - WARNING - [Al Jazeera] FAILED with 'selenium_browser' (content was too short: 56 words).
2026-04-02 05:22:35,536 - ERROR - [Al Jazeera] All scrape strategies failed for https://www.aljazeera.com/video/newsfeed/2026/4/2/trumps-national-address-on-iran-embarrassing?traffic_source=rss. Falling back to RSS description.
2026-04-02 05:22:35,536 - WARNING - SKIPPED (GLOBAL WORD LIMIT): Article 'Trump’s national address on Iran ’embarrassing, incoherent’' from Al Jazeera has only 16 words (Min: 90).
2026-04-02 05:22:36,981 - INFO - [Al Jazeera] Article: https://www.aljazeera.com/video/newsfeed/2026/4/2/trump-claims-success-in-iran-in-just-32-days-compared-to-lengthy-us-wars?traffic_source=rss
2026-04-02 05:22:36,981 - INFO - [Al Jazeera] Attempt 1/2: Trying with 'requests_browser' strategy...
2026-04-02 05:22:37,110 - WARNING - [Al Jazeera] FAILED with 'requests_browser' (content was too short: 68 words).
2026-04-02 05:22:38,037 - INFO - [Al Jazeera] Article: https://www.aljazeera.com/video/newsfeed/2026/4/2/trump-claims-success-in-iran-in-just-32-days-compared-to-lengthy-us-wars?traffic_source=rss
2026-04-02 05:22:38,037 - INFO - [Al Jazeera] Attempt 2/2: Trying with 'selenium_browser' strategy...
2026-04-02 05:22:38,858 - INFO - [Al Jazeera] Page content loaded.
2026-04-02 05:22:38,938 - WARNING - [Al Jazeera] FAILED with 'selenium_browser' (content was too short: 68 words).
2026-04-02 05:22:38,939 - ERROR - [Al Jazeera] All scrape strategies failed for https://www.aljazeera.com/video/newsfeed/2026/4/2/trump-claims-success-in-iran-in-just-32-days-compared-to-lengthy-us-wars?traffic_source=rss. Falling back to RSS description.
2026-04-02 05:22:38,939 - WARNING - SKIPPED (GLOBAL WORD LIMIT): Article 'Trump claims ‘success’ in Iran in just 32 days compared to lengthy US wars' from Al Jazeera has only 19 words (Min: 90).
2026-04-02 05:22:39,616 - INFO - [Al Jazeera] Article: https://www.aljazeera.com/video/newsfeed/2026/4/2/trump-threatens-to-bring-iran-back-to-the-stone?traffic_source=rss
2026-04-02 05:22:39,616 - INFO - [Al Jazeera] Attempt 1/2: Trying with 'requests_browser' strategy...
2026-04-02 05:22:39,748 - WARNING - [Al Jazeera] FAILED with 'requests_browser' (content was too short: 75 words).
2026-04-02 05:22:40,652 - INFO - [Al Jazeera] Article: https://www.aljazeera.com/video/newsfeed/2026/4/2/trump-threatens-to-bring-iran-back-to-the-stone?traffic_source=rss
2026-04-02 05:22:40,652 - INFO - [Al Jazeera] Attempt 2/2: Trying with 'selenium_browser' strategy...
2026-04-02 05:22:41,354 - INFO - [Al Jazeera] Page content loaded.
2026-04-02 05:22:41,438 - WARNING - [Al Jazeera] FAILED with 'selenium_browser' (content was too short: 75 words).
2026-04-02 05:22:41,439 - ERROR - [Al Jazeera] All scrape strategies failed for https://www.aljazeera.com/video/newsfeed/2026/4/2/trump-threatens-to-bring-iran-back-to-the-stone?traffic_source=rss. Falling back to RSS description.
2026-04-02 05:22:41,439 - WARNING - SKIPPED (GLOBAL WORD LIMIT): Article 'Trump threatens to bring Iran ‘back to the Stone Ages’' from Al Jazeera has only 19 words (Min: 90).
2026-04-02 05:22:42,094 - INFO - [Al Jazeera] Article: https://www.aljazeera.com/video/newsfeed/2026/4/2/trump-urges-countries-get-involved-in-war-on-iran-if-they-cant-get-fuel?traffic_source=rss
2026-04-02 05:22:42,094 - INFO - [Al Jazeera] Attempt 1/2: Trying with 'requests_browser' strategy...
2026-04-02 05:22:42,391 - WARNING - [Al Jazeera] FAILED with 'requests_browser' (content was too short: 69 words).
2026-04-02 05:22:43,278 - INFO - [Al Jazeera] Article: https://www.aljazeera.com/video/newsfeed/2026/4/2/trump-urges-countries-get-involved-in-war-on-iran-if-they-cant-get-fuel?traffic_source=rss
2026-04-02 05:22:43,278 - INFO - [Al Jazeera] Attempt 2/2: Trying with 'selenium_browser' strategy...
2026-04-02 05:22:43,890 - INFO - [Al Jazeera] Page content loaded.
2026-04-02 05:22:43,964 - WARNING - [Al Jazeera] FAILED with 'selenium_browser' (content was too short: 69 words).
2026-04-02 05:22:43,965 - ERROR - [Al Jazeera] All scrape strategies failed for https://www.aljazeera.com/video/newsfeed/2026/4/2/trump-urges-countries-get-involved-in-war-on-iran-if-they-cant-get-fuel?traffic_source=rss. Falling back to RSS description.
2026-04-02 05:22:43,965 - WARNING - SKIPPED (GLOBAL WORD LIMIT): Article 'Trump urges countries ‘get involved’ in war on Iran if they can’t get fuel' from Al Jazeera has only 21 words (Min: 90).
2026-04-02 05:22:45,138 - INFO - [Al Jazeera] Article: https://www.aljazeera.com/video/newsfeed/2026/4/2/gambia-police-fire-tear-gas-at-rally-over-rearrest-of-siblings?traffic_source=rss
2026-04-02 05:22:45,138 - INFO - [Al Jazeera] Attempt 1/2: Trying with 'requests_browser' strategy...
2026-04-02 05:22:45,225 - WARNING - [Al Jazeera] FAILED with 'requests_browser' (content was too short: 69 words).
2026-04-02 05:22:46,142 - INFO - [Al Jazeera] Article: https://www.aljazeera.com/video/newsfeed/2026/4/2/gambia-police-fire-tear-gas-at-rally-over-rearrest-of-siblings?traffic_source=rss
2026-04-02 05:22:46,142 - INFO - [Al Jazeera] Attempt 2/2: Trying with 'selenium_browser' strategy...
2026-04-02 05:22:46,922 - INFO - [Al Jazeera] Page content loaded.
2026-04-02 05:22:46,998 - WARNING - [Al Jazeera] FAILED with 'selenium_browser' (content was too short: 69 words).
2026-04-02 05:22:46,999 - ERROR - [Al Jazeera] All scrape strategies failed for https://www.aljazeera.com/video/newsfeed/2026/4/2/gambia-police-fire-tear-gas-at-rally-over-rearrest-of-siblings?traffic_source=rss. Falling back to RSS description.
2026-04-02 05:22:46,999 - WARNING - SKIPPED (GLOBAL WORD LIMIT): Article 'Gambia police fire tear gas at rally over rearrest of siblings' from Al Jazeera has only 20 words (Min: 90).
2026-04-02 05:22:47,754 - INFO - [Al Jazeera] Article: https://www.aljazeera.com/sports/2026/4/2/tiger-woods-declines-2027-ryder-cup-captaincy-can-leave-us-for-treatment?traffic_source=rss
2026-04-02 05:22:47,755 - INFO - [Al Jazeera] Attempt 1/2: Trying with 'requests_browser' strategy...
2026-04-02 05:22:47,880 - INFO - [Al Jazeera] Success with 'requests_browser'. Found content (869 words).
2026-04-02 05:22:50,352 - INFO - >>> SUCCESSFULLY SAVED [ID: 47415] - Overcrowding Odisha jails worsens health and hygiene for prisoners, says CAG report - The Hindu from The Hindu (498 words)
2026-04-02 05:22:50,972 - INFO - [The Hindu] Early skip: URL https://www.thehindu.com/news/national/55000-households-use-census-self-enumeration-portal-on-day-one/article70812692.ece already exists.
2026-04-02 05:22:50,974 - INFO - [The Hindu] Article: https://www.thehindu.com/news/national/assam/rabies-confirmed-after-mass-dog-bite-incident-in-assam-town/article70810470.ece
2026-04-02 05:22:50,974 - INFO - [The Hindu] Attempt 1/1: Trying with 'selenium_browser' strategy...
2026-04-02 05:22:52,919 - INFO - [The Hindu] Page content loaded.
2026-04-02 05:22:53,153 - INFO - [The Hindu] Success with 'selenium_browser'. Found content (311 words).
2026-04-02 05:23:20,492 - INFO - >>> SUCCESSFULLY SAVED [ID: 47416] - A stunning find in Saudi Arabia: 120,000-year-old footprints reveal where humans once walked | World News - The Times of India from Times of India (500 words)
2026-04-02 05:23:21,425 - INFO - [Times of India] Early skip: URL https://timesofindia.indiatimes.com/world/us/perplexity-reacts-to-indian-origin-ceo-aravind-srinivas-ai-gaffe-layoffs-are-fine-as-people-hate-their-jobs/articleshow/129958778.cms already exists.
2026-04-02 05:23:21,427 - INFO - [Times of India] Early skip: URL https://timesofindia.indiatimes.com/world/us/my-grandfather-was-an-anchor-baby-donald-trumps-niece-says-best-case-against-birthright-citizenship-is-/articleshow/129957945.cms already exists.
2026-04-02 05:23:21,428 - INFO - [Times of India] Early skip: URL https://timesofindia.indiatimes.com/world/rest-of-world/buried-for-2500-years-giant-lost-structure-discovered-beneath-egypts-nile-delta/articleshow/129957192.cms already exists.
2026-04-02 05:23:21,429 - INFO - [Times of India] Early skip: URL https://timesofindia.indiatimes.com/etimes/trending/watch-syrian-president-struggles-to-open-water-bottle-during-uk-event-as-female-host-helps-video-goes-viral/articleshow/129957346.cms already exists.
2026-04-02 05:23:21,430 - INFO - [Times of India] (Thread) Finished. Attempting to shut down its Selenium driver.
2026-04-02 05:23:21,672 - INFO - [Times of India] (Thread) driver.quit() successful.
2026-04-02 05:23:35,576 - INFO - >>> SUCCESSFULLY SAVED [ID: 47417] - Nasa launches 4 astronauts on world’s first crewed lunar mission in half a century - World - DAWN.COM from The Dawn (819 words)
2026-04-02 05:23:36,424 - INFO - [The Dawn] Article: https://www.dawn.com/news/1987773/democrats-demand-ceasefire-as-trump-defends-costly-war-on-iran
2026-04-02 05:23:36,424 - INFO - [The Dawn] Attempt 1/2: Trying with 'requests_browser' strategy...
2026-04-02 05:23:36,527 - ERROR - [The Dawn] Request failed for strategy 'requests_browser' on URL https://www.dawn.com/news/1987773/democrats-demand-ceasefire-as-trump-defends-costly-war-on-iran: 403 Client Error: Forbidden for url: https://www.dawn.com/news/1987773/democrats-demand-ceasefire-as-trump-defends-costly-war-on-iran
2026-04-02 05:23:37,053 - INFO - [The Dawn] Article: https://www.dawn.com/news/1987773/democrats-demand-ceasefire-as-trump-defends-costly-war-on-iran
2026-04-02 05:23:37,053 - INFO - [The Dawn] Attempt 2/2: Trying with 'selenium_browser' strategy...
2026-04-02 05:23:42,811 - INFO - [The Dawn] Page content loaded.
2026-04-02 05:23:45,720 - INFO - [The Dawn] Success with 'selenium_browser'. Found content (1053 words).
2026-04-02 05:23:55,027 - INFO - >>> SUCCESSFULLY SAVED [ID: 47418] - ETMarkets Smart Talk | FII comeback will be key trigger for next rally in Indian markets: Saibal Ghosh - The Economic Times from Economic Times (715 words)
2026-04-02 05:23:55,945 - INFO - [Economic Times] Article: https://economictimes.indiatimes.com/markets/stocks/news/bulls-take-stage-as-markets-hope-its-curtains-on-war/articleshow/129964108.cms
2026-04-02 05:23:55,945 - INFO - [Economic Times] Attempt 1/2: Trying with 'requests_browser' strategy...
2026-04-02 05:23:56,502 - ERROR - parsed tree length: 1, wrong data type or not valid HTML
2026-04-02 05:23:56,502 - ERROR - empty HTML tree: None
2026-04-02 05:23:56,502 - WARNING - discarding data: None
2026-04-02 05:23:56,502 - WARNING - [Economic Times] FAILED with 'requests_browser' (content was too short: 0 words).
2026-04-02 05:23:57,247 - INFO - [Economic Times] Article: https://economictimes.indiatimes.com/markets/stocks/news/bulls-take-stage-as-markets-hope-its-curtains-on-war/articleshow/129964108.cms
2026-04-02 05:23:57,247 - INFO - [Economic Times] Attempt 2/2: Trying with 'selenium_browser' strategy...
2026-04-02 05:24:01,159 - INFO - [Economic Times] Page content loaded.
2026-04-02 05:24:01,452 - INFO - [Economic Times] Success with 'selenium_browser'. Found content (447 words).
2026-04-02 05:24:18,159 - INFO - >>> SUCCESSFULLY SAVED [ID: 47419] - Calm weather forecast for most of Australia over Easter weekend while Bom watches for possible cyclone | Australia weather | The Guardian from The Guardian (448 words)
2026-04-02 05:24:19,118 - INFO - [The Guardian] Early skip: URL https://www.theguardian.com/australia-news/2026/apr/02/penny-wong-to-join-talks-with-35-countries-excluding-us-to-explore-ways-to-reopen-strait-of-hormuz already exists.
2026-04-02 05:24:19,121 - INFO - [The Guardian] Early skip: URL https://www.theguardian.com/australia-news/2026/apr/01/australia-fuel-crisis-petrol-prices-graphs already exists.
2026-04-02 05:24:19,124 - INFO - [The Guardian] Article: https://www.theguardian.com/world/2026/apr/02/why-eu-not-using-leverage-israel-lebanon-gaza
2026-04-02 05:24:19,124 - INFO - [The Guardian] Attempt 1/1: Trying with 'requests_browser' strategy...
2026-04-02 05:24:19,332 - INFO - [The Guardian] Success with 'requests_browser'. Found content (1031 words).
2026-04-02 05:24:37,020 - INFO - >>> SUCCESSFULLY SAVED [ID: 47420] - Indonesia earthquake: Magnitude 7.4 quake kills one from BBC (556 words)
2026-04-02 05:24:37,564 - INFO - [BBC] Early skip: URL https://www.bbc.com/news/articles/cvg07j6yeweo?at_medium=RSS&at_campaign=rss already exists.
2026-04-02 05:24:37,566 - INFO - [BBC] Early skip: URL https://www.bbc.com/news/articles/c0lendp6390o?at_medium=RSS&at_campaign=rss already exists.
2026-04-02 05:24:37,568 - INFO - [BBC] Article: https://www.bbc.com/news/articles/cje47jk49k0o?at_medium=RSS&at_campaign=rss
2026-04-02 05:24:37,568 - INFO - [BBC] Attempt 1/1: Trying with 'requests_browser' strategy...
2026-04-02 05:24:37,629 - INFO - [BBC] Success with 'requests_browser'. Found content (893 words).
2026-04-02 05:24:52,627 - INFO - >>> SUCCESSFULLY SAVED [ID: 47421] - Tiger Woods declines 2027 Ryder Cup captaincy; can leave US for treatment | Golf News | Al Jazeera from Al Jazeera (869 words)
2026-04-02 05:24:53,497 - INFO - [Al Jazeera] Early skip: URL https://www.aljazeera.com/news/liveblog/2026/4/2/iran-war-live-trump-to-address-nation-tehran-denies-seeking-ceasefire?traffic_source=rss already exists.
2026-04-02 05:24:53,499 - INFO - [Al Jazeera] Early skip: URL https://www.aljazeera.com/news/2026/4/1/magnitude-7-4-quake-hits-off-indonesias-ternate-tsunami-warning-triggered?traffic_source=rss already exists.
2026-04-02 05:24:53,500 - INFO - [Al Jazeera] Early skip: URL https://www.aljazeera.com/news/2026/4/1/fbi-agents-from-us-arrive-in-cuba-to-probe-lethal-speedboat-shooting?traffic_source=rss already exists.
2026-04-02 05:24:53,502 - INFO - [Al Jazeera] Early skip: URL https://www.aljazeera.com/news/2026/4/1/first-troops-from-un-backed-gang-suppression-force-arrive-in-haiti?traffic_source=rss already exists.
2026-04-02 05:24:53,503 - INFO - [Al Jazeera] Article: https://www.aljazeera.com/video/newsfeed/2026/4/1/artemis-ii-successfully-launches-four-astronauts-into-space?traffic_source=rss
2026-04-02 05:24:53,504 - INFO - [Al Jazeera] Attempt 1/2: Trying with 'requests_browser' strategy...
2026-04-02 05:24:53,620 - WARNING - [Al Jazeera] FAILED with 'requests_browser' (content was too short: 54 words).
2026-04-02 05:24:54,386 - INFO - [Al Jazeera] Article: https://www.aljazeera.com/video/newsfeed/2026/4/1/artemis-ii-successfully-launches-four-astronauts-into-space?traffic_source=rss
2026-04-02 05:24:54,386 - INFO - [Al Jazeera] Attempt 2/2: Trying with 'selenium_browser' strategy...
2026-04-02 05:24:55,825 - INFO - [Al Jazeera] Page content loaded.
2026-04-02 05:24:56,027 - WARNING - [Al Jazeera] FAILED with 'selenium_browser' (content was too short: 54 words).
2026-04-02 05:24:56,028 - ERROR - [Al Jazeera] All scrape strategies failed for https://www.aljazeera.com/video/newsfeed/2026/4/1/artemis-ii-successfully-launches-four-astronauts-into-space?traffic_source=rss. Falling back to RSS description.
2026-04-02 05:24:56,028 - WARNING - SKIPPED (GLOBAL WORD LIMIT): Article 'Watch the moment Artemis II launches historic mission around the moon' from Al Jazeera has only 17 words (Min: 90).
2026-04-02 05:24:57,382 - INFO - [Al Jazeera] Early skip: URL https://www.aljazeera.com/news/2026/4/1/nasas-artemis-ii-lifts-off-to-the-moon?traffic_source=rss already exists.
2026-04-02 05:24:57,383 - INFO - [Al Jazeera] Early skip: URL https://www.aljazeera.com/news/2026/4/1/us-removes-sanctions-on-venezuelas-interim-president-delcy-rodriguez?traffic_source=rss already exists.
2026-04-02 05:24:57,385 - INFO - [Al Jazeera] Article: https://www.aljazeera.com/video/newsfeed/2026/4/1/nasa-moon-mission-a-contrast-to-us-war-on-iran-says-us-senator?traffic_source=rss
2026-04-02 05:24:57,385 - INFO - [Al Jazeera] Attempt 1/2: Trying with 'requests_browser' strategy...
2026-04-02 05:24:57,517 - WARNING - [Al Jazeera] FAILED with 'requests_browser' (content was too short: 70 words).
2026-04-02 05:24:58,055 - INFO - [Al Jazeera] Article: https://www.aljazeera.com/video/newsfeed/2026/4/1/nasa-moon-mission-a-contrast-to-us-war-on-iran-says-us-senator?traffic_source=rss
2026-04-02 05:24:58,056 - INFO - [Al Jazeera] Attempt 2/2: Trying with 'selenium_browser' strategy...
2026-04-02 05:24:58,783 - INFO - [Al Jazeera] Page content loaded.
2026-04-02 05:24:58,880 - WARNING - [Al Jazeera] FAILED with 'selenium_browser' (content was too short: 70 words).
2026-04-02 05:24:58,881 - ERROR - [Al Jazeera] All scrape strategies failed for https://www.aljazeera.com/video/newsfeed/2026/4/1/nasa-moon-mission-a-contrast-to-us-war-on-iran-says-us-senator?traffic_source=rss. Falling back to RSS description.
2026-04-02 05:24:58,881 - WARNING - SKIPPED (GLOBAL WORD LIMIT): Article 'NASA moon mission a ‘contrast’ to US war on Iran, says US senator' from Al Jazeera has only 20 words (Min: 90).
2026-04-02 05:24:59,581 - INFO - [Al Jazeera] Early skip: URL https://www.aljazeera.com/news/2026/4/1/spacex-files-to-go-public-paving-way-to-make-elon-musk-first-trillionaire?traffic_source=rss already exists.
2026-04-02 05:24:59,585 - INFO - [Al Jazeera] Article: https://www.aljazeera.com/video/newsfeed/2026/4/1/smoke-and-embers-seen-over-irans-isfahan-after-strike?traffic_source=rss
2026-04-02 05:24:59,585 - INFO - [Al Jazeera] Attempt 1/2: Trying with 'requests_browser' strategy...
2026-04-02 05:24:59,817 - WARNING - [Al Jazeera] FAILED with 'requests_browser' (content was too short: 41 words).
2026-04-02 05:25:00,755 - INFO - [Al Jazeera] Article: https://www.aljazeera.com/video/newsfeed/2026/4/1/smoke-and-embers-seen-over-irans-isfahan-after-strike?traffic_source=rss
2026-04-02 05:25:00,755 - INFO - [Al Jazeera] Attempt 2/2: Trying with 'selenium_browser' strategy...
2026-04-02 05:25:01,624 - INFO - [Al Jazeera] Page content loaded.
2026-04-02 05:25:01,736 - WARNING - [Al Jazeera] FAILED with 'selenium_browser' (content was too short: 41 words).
2026-04-02 05:25:01,737 - ERROR - [Al Jazeera] All scrape strategies failed for https://www.aljazeera.com/video/newsfeed/2026/4/1/smoke-and-embers-seen-over-irans-isfahan-after-strike?traffic_source=rss. Falling back to RSS description.
2026-04-02 05:25:01,737 - WARNING - SKIPPED (GLOBAL WORD LIMIT): Article 'Smoke and embers seen over Iran’s Isfahan after strike' from Al Jazeera has only 18 words (Min: 90).
2026-04-02 05:25:02,758 - INFO - [Al Jazeera] Article: https://www.aljazeera.com/video/newsfeed/2026/4/1/protesters-gather-to-oppose-changes-to-us-birthright-citizenship-law?traffic_source=rss
2026-04-02 05:25:02,758 - INFO - [Al Jazeera] Attempt 1/2: Trying with 'requests_browser' strategy...
2026-04-02 05:25:03,374 - WARNING - [Al Jazeera] FAILED with 'requests_browser' (content was too short: 55 words).
2026-04-02 05:25:04,133 - INFO - [Al Jazeera] Article: https://www.aljazeera.com/video/newsfeed/2026/4/1/protesters-gather-to-oppose-changes-to-us-birthright-citizenship-law?traffic_source=rss
2026-04-02 05:25:04,133 - INFO - [Al Jazeera] Attempt 2/2: Trying with 'selenium_browser' strategy...
2026-04-02 05:25:04,855 - INFO - [Al Jazeera] Page content loaded.
2026-04-02 05:25:04,976 - WARNING - [Al Jazeera] FAILED with 'selenium_browser' (content was too short: 55 words).
2026-04-02 05:25:04,977 - ERROR - [Al Jazeera] All scrape strategies failed for https://www.aljazeera.com/video/newsfeed/2026/4/1/protesters-gather-to-oppose-changes-to-us-birthright-citizenship-law?traffic_source=rss. Falling back to RSS description.
2026-04-02 05:25:04,977 - WARNING - SKIPPED (GLOBAL WORD LIMIT): Article 'Protesters gather to oppose changes to US birthright citizenship law' from Al Jazeera has only 17 words (Min: 90).
2026-04-02 05:25:06,386 - INFO - [Al Jazeera] Article: https://www.aljazeera.com/video/newsfeed/2026/4/1/celebrations-erupt-as-dr-congo-ends-over-50-year-world-cup-wait?traffic_source=rss
2026-04-02 05:25:06,386 - INFO - [Al Jazeera] Attempt 1/2: Trying with 'requests_browser' strategy...
2026-04-02 05:25:06,506 - WARNING - [Al Jazeera] FAILED with 'requests_browser' (content was too short: 55 words).
2026-04-02 05:25:07,352 - INFO - [Al Jazeera] Article: https://www.aljazeera.com/video/newsfeed/2026/4/1/celebrations-erupt-as-dr-congo-ends-over-50-year-world-cup-wait?traffic_source=rss
2026-04-02 05:25:07,352 - INFO - [Al Jazeera] Attempt 2/2: Trying with 'selenium_browser' strategy...
2026-04-02 05:25:08,507 - INFO - [Al Jazeera] Page content loaded.
2026-04-02 05:25:08,603 - WARNING - [Al Jazeera] FAILED with 'selenium_browser' (content was too short: 55 words).
2026-04-02 05:25:08,604 - ERROR - [Al Jazeera] All scrape strategies failed for https://www.aljazeera.com/video/newsfeed/2026/4/1/celebrations-erupt-as-dr-congo-ends-over-50-year-world-cup-wait?traffic_source=rss. Falling back to RSS description.
2026-04-02 05:25:08,604 - WARNING - SKIPPED (GLOBAL WORD LIMIT): Article 'Celebrations erupt as DR Congo ends over 50-year World Cup wait' from Al Jazeera has only 18 words (Min: 90).
2026-04-02 05:25:09,814 - INFO - [Al Jazeera] Early skip: URL https://www.aljazeera.com/video/inside-story/2026/4/1/what-are-the-consequences-of-israels-death-penalty-law-for-palestinians?traffic_source=rss already exists.
2026-04-02 05:25:09,816 - INFO - [Al Jazeera] Early skip: URL https://www.aljazeera.com/news/2026/4/1/which-interests-being-served-by-war-irans-pezeshkian-asks-us-public?traffic_source=rss already exists.
2026-04-02 05:25:09,818 - INFO - [Al Jazeera] Early skip: URL https://www.aljazeera.com/news/2026/4/1/ecuador-claims-28-drop-in-homicides-amid-concerns-over-anti-crime-campaign?traffic_source=rss already exists.
2026-04-02 05:25:09,821 - INFO - [Al Jazeera] Early skip: URL https://www.aljazeera.com/news/2026/4/1/hits-close-to-home-us-supreme-court-hears-birthright-citizenship-case?traffic_source=rss already exists.
2026-04-02 05:25:09,823 - INFO - [Al Jazeera] Early skip: URL https://www.aljazeera.com/news/2026/4/1/burundi-says-at-least-13-killed-dozens-injured-in-military-base-blast?traffic_source=rss already exists.
2026-04-02 05:25:09,827 - INFO - [Al Jazeera] Early skip: URL https://www.aljazeera.com/video/newsfeed/2026/4/1/india-begins-counting-its-population-in-historic-census?traffic_source=rss already exists.
2026-04-02 05:25:09,828 - INFO - [Al Jazeera] (Thread) Finished. Attempting to shut down its Selenium driver.
2026-04-02 05:25:10,005 - INFO - [Al Jazeera] (Thread) driver.quit() successful.
2026-04-02 05:25:13,517 - INFO - >>> SUCCESSFULLY SAVED [ID: 47422] - Rabies confirmed after mass dog bite incident in Assam town - The Hindu from The Hindu (311 words)
2026-04-02 05:25:14,391 - INFO - [The Hindu] Article: https://www.thehindu.com/elections/kerala-assembly/kerala-assembly-polls-2026-interviews-with-key-candidates-and-political-leaders/article70802194.ece
2026-04-02 05:25:14,391 - INFO - [The Hindu] Attempt 1/1: Trying with 'selenium_browser' strategy...
2026-04-02 05:25:15,613 - INFO - [The Hindu] Page content loaded.
2026-04-02 05:25:15,707 - INFO - [The Hindu] Success with 'selenium_browser'. Found content (103 words).
2026-04-02 05:25:32,878 - INFO - >>> SUCCESSFULLY SAVED [ID: 47423] - Democrats demand ceasefire as Trump defends costly war on Iran - World - DAWN.COM from The Dawn (1053 words)
2026-04-02 05:25:34,006 - INFO - [The Dawn] Article: https://www.dawn.com/news/1987671/pakistan-may-become-fourth-most-populated-nation-in-five-years
2026-04-02 05:25:34,006 - INFO - [The Dawn] Attempt 1/2: Trying with 'requests_browser' strategy...
2026-04-02 05:25:34,170 - ERROR - [The Dawn] Request failed for strategy 'requests_browser' on URL https://www.dawn.com/news/1987671/pakistan-may-become-fourth-most-populated-nation-in-five-years: 403 Client Error: Forbidden for url: https://www.dawn.com/news/1987671/pakistan-may-become-fourth-most-populated-nation-in-five-years
2026-04-02 05:25:34,942 - INFO - [The Dawn] Article: https://www.dawn.com/news/1987671/pakistan-may-become-fourth-most-populated-nation-in-five-years
2026-04-02 05:25:34,943 - INFO - [The Dawn] Attempt 2/2: Trying with 'selenium_browser' strategy...
2026-04-02 05:25:50,315 - WARNING - [The Dawn] Page get timed out (7s). Proceeding to grab partial source anyway.
2026-04-02 05:25:50,336 - INFO - [The Dawn] Page content loaded.
2026-04-02 05:25:50,414 - INFO - >>> SUCCESSFULLY SAVED [ID: 47424] - Bulls take stage as markets hope it's curtains on war - The Economic Times from Economic Times (447 words)
2026-04-02 05:25:50,442 - INFO - [The Dawn] Success with 'selenium_browser'. Found content (1053 words).
2026-04-02 05:25:51,689 - INFO - [Economic Times] Article: https://economictimes.indiatimes.com/markets/stocks/news/positive-breakout-these-10-stocks-cross-above-their-200-dmas/upside-ahead/slideshow/129965398.cms
2026-04-02 05:25:51,689 - INFO - [Economic Times] Attempt 1/2: Trying with 'requests_browser' strategy...
2026-04-02 05:25:52,063 - WARNING - [Economic Times] FAILED with 'requests_browser' (content was too short: 77 words).
2026-04-02 05:25:52,915 - INFO - [Economic Times] Article: https://economictimes.indiatimes.com/markets/stocks/news/positive-breakout-these-10-stocks-cross-above-their-200-dmas/upside-ahead/slideshow/129965398.cms
2026-04-02 05:25:52,915 - INFO - [Economic Times] Attempt 2/2: Trying with 'selenium_browser' strategy...
2026-04-02 05:25:55,786 - INFO - [Economic Times] Page content loaded.
2026-04-02 05:25:56,534 - INFO - [Economic Times] Success with 'selenium_browser'. Found content (123 words).
2026-04-02 05:26:08,328 - INFO - >>> SUCCESSFULLY SAVED [ID: 47425] - ‘Weak and pathetic’: why is the EU not using its leverage to stop Israel? | European Union | The Guardian from The Guardian (1031 words)
2026-04-02 05:26:09,715 - INFO - [The Guardian] Early skip: URL https://www.theguardian.com/world/2026/apr/02/ukraine-war-briefing-russia-responds-zelenskyy-easter-truce-drone-attack already exists.
2026-04-02 05:26:09,716 - INFO - [The Guardian] Early skip: URL https://www.theguardian.com/world/2026/apr/01/swedish-pm-offers-deal-that-could-see-far-right-allowed-into-government already exists.
2026-04-02 05:26:09,718 - INFO - [The Guardian] Early skip: URL https://www.theguardian.com/world/2026/apr/01/uk-needs-ambitious-new-eu-ties-amid-iran-war-starmer-says already exists.
2026-04-02 05:26:09,719 - INFO - [The Guardian] Early skip: URL https://www.theguardian.com/society/2026/apr/01/report-germany-cannabis-legalisation-fails-settle-debate already exists.
2026-04-02 05:26:09,722 - INFO - [The Guardian] Article: https://www.theguardian.com/world/live/2026/apr/02/middle-east-crisis-live-trump-prime-time-address-white-house-iran-war-israel-strait-hormuz
2026-04-02 05:26:09,722 - INFO - [The Guardian] Attempt 1/1: Trying with 'requests_browser' strategy...
2026-04-02 05:26:09,950 - INFO - [The Guardian] Success with 'requests_browser'. Found content (2815 words).
2026-04-02 05:26:20,487 - INFO - DEDUPLICATION: Found match (Score: 0.89). Linking to Cluster ID: a75982ce-ec65-475c-a451-7e4b634d471e
2026-04-02 05:26:22,736 - INFO - >>> SUCCESSFULLY SAVED [ID: 47426] - Supreme Court questions birthright citizenship from BBC (893 words)
2026-04-02 05:26:24,017 - INFO - [BBC] Early skip: URL https://www.bbc.com/news/articles/cvge91r9j80o?at_medium=RSS&at_campaign=rss already exists.
2026-04-02 05:26:24,019 - INFO - [BBC] Early skip: URL https://www.bbc.com/news/articles/cx2wq13758no?at_medium=RSS&at_campaign=rss already exists.
2026-04-02 05:26:24,020 - INFO - [BBC] Early skip: URL https://www.bbc.com/news/articles/cj943rmkkm4o?at_medium=RSS&at_campaign=rss already exists.
2026-04-02 05:26:24,022 - INFO - [BBC] Early skip: URL https://www.bbc.com/news/articles/c5y7x7qre0zo?at_medium=RSS&at_campaign=rss already exists.
2026-04-02 05:26:24,023 - INFO - [BBC] Early skip: URL https://www.bbc.com/news/articles/cx29e3wljj2o?at_medium=RSS&at_campaign=rss already exists.
2026-04-02 05:26:24,024 - INFO - [BBC] Early skip: URL https://www.bbc.com/news/articles/cx2e78yk09no?at_medium=RSS&at_campaign=rss already exists.
2026-04-02 05:26:24,025 - INFO - [BBC] Early skip: URL https://www.bbc.com/news/articles/cvg4nre8nl9o?at_medium=RSS&at_campaign=rss already exists.
2026-04-02 05:26:24,027 - INFO - [BBC] Early skip: URL https://www.bbc.com/news/articles/c86e1403793o?at_medium=RSS&at_campaign=rss already exists.
2026-04-02 05:26:24,029 - INFO - [BBC] Early skip: URL https://www.bbc.com/news/articles/cm296yv05eeo?at_medium=RSS&at_campaign=rss already exists.
2026-04-02 05:26:24,030 - INFO - [BBC] Early skip: URL https://www.bbc.com/news/articles/c77m16n6dm0o?at_medium=RSS&at_campaign=rss already exists.
2026-04-02 05:26:24,032 - INFO - [BBC] Early skip: URL https://www.bbc.com/news/articles/c5yled478zwo?at_medium=RSS&at_campaign=rss already exists.
2026-04-02 05:26:24,033 - INFO - [BBC] Early skip: URL https://www.bbc.com/news/articles/c0le03ne05ro?at_medium=RSS&at_campaign=rss already exists.
2026-04-02 05:26:24,034 - INFO - [BBC] Early skip: URL https://www.bbc.com/news/articles/c5yx8knpr5no?at_medium=RSS&at_campaign=rss already exists.
2026-04-02 05:26:24,036 - INFO - [BBC] Early skip: URL https://www.bbc.com/news/articles/cm296jzzl9yo?at_medium=RSS&at_campaign=rss already exists.
2026-04-02 05:26:24,037 - INFO - [BBC] Early skip: URL https://www.bbc.com/news/articles/c7056exw78xo?at_medium=RSS&at_campaign=rss already exists.
2026-04-02 05:26:24,039 - INFO - [BBC] Article: https://www.bbc.com/news/articles/cz90yp7w104o?at_medium=RSS&at_campaign=rss
2026-04-02 05:26:24,039 - INFO - [BBC] Attempt 1/1: Trying with 'requests_browser' strategy...
2026-04-02 05:26:24,123 - INFO - [BBC] Success with 'requests_browser'. Found content (774 words).
2026-04-02 05:26:37,947 - INFO - >>> SUCCESSFULLY SAVED [ID: 47427] - Kerala Assembly polls 2026 | Interviews with key candidates and political leaders - The Hindu from The Hindu (103 words)
2026-04-02 05:26:39,434 - INFO - [The Hindu] Article: https://www.thehindu.com/news/national/andhra-pradesh/medical-services-under-dr-ntr-vaidya-seva-to-remain-suspended-until-dues-are-cleared/article70811872.ece
2026-04-02 05:26:39,434 - INFO - [The Hindu] Attempt 1/1: Trying with 'selenium_browser' strategy...
2026-04-02 05:26:40,288 - INFO - [The Hindu] Page content loaded.
2026-04-02 05:26:40,377 - INFO - [The Hindu] Success with 'selenium_browser'. Found content (477 words).
2026-04-02 05:26:52,802 - INFO - DEDUPLICATION: Found match (Score: 1.00). Linking to Cluster ID: 3d1a67c0-3c46-45b3-bead-09f3ac42ebd2
2026-04-02 05:26:55,061 - INFO - >>> SUCCESSFULLY SAVED [ID: 47428] - Democrats demand ceasefire as Trump defends costly war on Iran - World - DAWN.COM from The Dawn (1053 words)
2026-04-02 05:26:55,575 - INFO - [The Dawn] Early skip: URL https://www.dawn.com/news/1987674/uk-to-host-35-state-moot-on-reopening-of-hormuz-strait already exists.
2026-04-02 05:26:55,579 - INFO - [The Dawn] Article: https://www.dawn.com/news/1987623/sindh-cm-murad-orders-demolition-of-fire-hit-gul-plaza-structure
2026-04-02 05:26:55,579 - INFO - [The Dawn] Attempt 1/2: Trying with 'requests_browser' strategy...
2026-04-02 05:26:55,815 - ERROR - [The Dawn] Request failed for strategy 'requests_browser' on URL https://www.dawn.com/news/1987623/sindh-cm-murad-orders-demolition-of-fire-hit-gul-plaza-structure: 403 Client Error: Forbidden for url: https://www.dawn.com/news/1987623/sindh-cm-murad-orders-demolition-of-fire-hit-gul-plaza-structure
2026-04-02 05:26:56,799 - INFO - [The Dawn] Article: https://www.dawn.com/news/1987623/sindh-cm-murad-orders-demolition-of-fire-hit-gul-plaza-structure
2026-04-02 05:26:56,799 - INFO - [The Dawn] Attempt 2/2: Trying with 'selenium_browser' strategy...
2026-04-02 05:26:59,261 - INFO - [The Dawn] Page content loaded.
2026-04-02 05:27:00,003 - INFO - [The Dawn] Success with 'selenium_browser'. Found content (518 words).
2026-04-02 05:27:14,691 - INFO - >>> SUCCESSFULLY SAVED [ID: 47429] - Positive Breakout: These 10 stocks cross above their 200 DMAs - Upside Ahead? | The Economic Times from Economic Times (123 words)
2026-04-02 05:27:15,225 - INFO - [Economic Times] Early skip: URL https://economictimes.indiatimes.com/news/economy/foreign-trade/japan-to-create-special-cell-to-push-fdi-into-india/articleshow/129933023.cms already exists.
2026-04-02 05:27:15,227 - INFO - [Economic Times] Early skip: URL https://economictimes.indiatimes.com/news/india/finance-minister-nirmala-sitharaman-assures-fiscal-vigil-amid-oil-spike/articleshow/129853830.cms already exists.
2026-04-02 05:27:15,229 - INFO - [Economic Times] Early skip: URL https://economictimes.indiatimes.com/news/economy/foreign-trade/india-us-review-next-steps-in-trade-pact-talks/articleshow/129853750.cms already exists.
2026-04-02 05:27:15,231 - INFO - [Economic Times] Early skip: URL https://economictimes.indiatimes.com/news/economy/finance/india-may-face-credit-stress-if-gulf-conflict-drags-on-moodys/articleshow/129853510.cms already exists.
2026-04-02 05:27:15,232 - INFO - [Economic Times] Early skip: URL https://economictimes.indiatimes.com/news/economy/foreign-trade/india-gathers-data-to-counter-us-claims-of-excess-capacity/articleshow/129810831.cms already exists.
2026-04-02 05:27:15,233 - INFO - [Economic Times] Early skip: URL https://economictimes.indiatimes.com/news/economy/policy/inflation-target-held-at-4-for-next-five-years/articleshow/129810690.cms already exists.
2026-04-02 05:27:15,234 - INFO - [Economic Times] Early skip: URL https://economictimes.indiatimes.com/tech/technology/apple-faces-indian-engineers-bias-lawsuit/articleshow/81694292.cms already exists.
2026-04-02 05:27:15,236 - INFO - [Economic Times] Early skip: URL https://economictimes.indiatimes.com/news/defence/despite-transatlantic-love-fest-eu-charts-third-way-in-ties-with-us-and-china/articleshow/81467467.cms already exists.
2026-04-02 05:27:15,237 - INFO - [Economic Times] Early skip: URL https://economictimes.indiatimes.com/tech/tech-bytes/twitters-india-policy-head-to-step-down-will-transition-in-march/articleshow/80732868.cms already exists.
2026-04-02 05:27:15,239 - INFO - [Economic Times] Early skip: URL https://economictimes.indiatimes.com/tech/tech-and-gadgets/govt-may-keep-rs-7500-cr-outlay-for-it-hardware-manufacturing-under-pli-scheme/articleshow/80333429.cms already exists.
2026-04-02 05:27:15,240 - INFO - [Economic Times] Early skip: URL https://economictimes.indiatimes.com/tech/technology/indian-dating-apps-services-see-surge-of-paying-users-in-small-cities/articleshow/80063342.cms already exists.
2026-04-02 05:27:15,242 - INFO - [Economic Times] Article: https://economictimes.indiatimes.com/tech/technology/time-for-govt-cos-to-adopt-ai-deloitte-india/articleshow/79981215.cms
2026-04-02 05:27:15,242 - INFO - [Economic Times] Attempt 1/2: Trying with 'requests_browser' strategy...
2026-04-02 05:27:15,776 - ERROR - parsed tree length: 1, wrong data type or not valid HTML
2026-04-02 05:27:15,777 - ERROR - empty HTML tree: None
2026-04-02 05:27:15,777 - WARNING - discarding data: None
2026-04-02 05:27:15,777 - WARNING - [Economic Times] FAILED with 'requests_browser' (content was too short: 0 words).
2026-04-02 05:27:16,517 - INFO - [Economic Times] Article: https://economictimes.indiatimes.com/tech/technology/time-for-govt-cos-to-adopt-ai-deloitte-india/articleshow/79981215.cms
2026-04-02 05:27:16,517 - INFO - [Economic Times] Attempt 2/2: Trying with 'selenium_browser' strategy...
2026-04-02 05:27:18,029 - INFO - [Economic Times] Page content loaded.
2026-04-02 05:27:18,169 - WARNING - [Economic Times] FAILED with 'selenium_browser' (content was too short: 74 words).
2026-04-02 05:27:18,169 - ERROR - [Economic Times] All scrape strategies failed for https://economictimes.indiatimes.com/tech/technology/time-for-govt-cos-to-adopt-ai-deloitte-india/articleshow/79981215.cms. Falling back to RSS description.
2026-04-02 05:27:18,169 - WARNING - SKIPPED (GLOBAL WORD LIMIT): Article 'Time for government, companies to adopt artificial intelligence: Deloitte India ' from Economic Times has only 49 words (Min: 90).
2026-04-02 05:27:19,237 - INFO - [Economic Times] Early skip: URL https://economictimes.indiatimes.com/news/defence/boots-on-ground-may-not-be-needed-secretary-of-state-marco-rubio-on-iran-war/articleshow/129853253.cms already exists.
2026-04-02 05:27:19,239 - INFO - [Economic Times] Early skip: URL https://economictimes.indiatimes.com/news/international/world-news/whats-happening-with-iran-us-talks/articleshow/129827872.cms already exists.
2026-04-02 05:27:19,240 - INFO - [Economic Times] Early skip: URL https://economictimes.indiatimes.com/news/new-updates/as-asim-munir-pitches-peace-iran-blocks-pakistans-cargo-ship-at-strait-of-hormuz/articleshow/129796581.cms already exists.
2026-04-02 05:27:19,242 - INFO - [Economic Times] Early skip: URL https://economictimes.indiatimes.com/news/international/world-news/price-availability-does-a-new-gas-crisis-await-europe/articleshow/129707936.cms already exists.
2026-04-02 05:27:19,247 - INFO - [Economic Times] Early skip: URL https://economictimes.indiatimes.com/news/international/world-news/europeans-cautious-as-they-scramble-to-digest-major-us-israeli-attack-on-iran/articleshow/128885272.cms already exists.
2026-04-02 05:27:19,248 - INFO - [Economic Times] Early skip: URL https://economictimes.indiatimes.com/news/international/world-news/nepal-votes-on-march-5-focus-on-jobs-economy/articleshow/128862431.cms already exists.
2026-04-02 05:27:19,249 - INFO - [Economic Times] Early skip: URL https://economictimes.indiatimes.com/news/elections/assembly-elections/assam/done-deal-cm-himanta-biswa-sarma-on-nda-seat-sharing-for-assam-polls/articleshow/128678098.cms already exists.
2026-04-02 05:27:19,251 - INFO - [Economic Times] Early skip: URL https://economictimes.indiatimes.com/news/elections/assembly-elections/bihar/rare-intensive-revision-in-bihar-four-months-before-polls/articleshow/122167501.cms already exists.
2026-04-02 05:27:19,252 - INFO - [Economic Times] Early skip: URL https://economictimes.indiatimes.com/news/elections/assembly-elections/delhi/bjp-accuses-kejriwal-of-sending-voters-hoax-calls-to-mislead/articleshow/117579007.cms already exists.
2026-04-02 05:27:19,253 - INFO - [Economic Times] Early skip: URL https://economictimes.indiatimes.com/news/elections/lok-sabha/india/lok-sabha-election-2024-maharashtra-get-interesting-after-splits-in-shiv-sena-ncp/articleshow/108559788.cms already exists.
2026-04-02 05:27:19,255 - INFO - [Economic Times] Early skip: URL https://economictimes.indiatimes.com/news/elections/lok-sabha/india/modi-charisma-key-factor-in-bjps-bid-to-retain-all-26-seats-in-gujarat/articleshow/108550858.cms already exists.
2026-04-02 05:27:19,257 - INFO - [Economic Times] Early skip: URL https://economictimes.indiatimes.com/news/elections/lok-sabha/india/implementation-of-guarantees-decline-of-brs-favour-congress-in-telangana-bjp-aiming-for-better-show/articleshow/108548569.cms already exists.
2026-04-02 05:27:19,258 - INFO - [Economic Times] Early skip: URL https://economictimes.indiatimes.com/traders-bet-on-calendar-spread-as-nifty-moves-in-a-tight-range/articleshow/6302358.cms already exists.
2026-04-02 05:27:19,260 - INFO - [Economic Times] Early skip: URL https://economictimes.indiatimes.com/nifty-may-find-support-at-5300-level/articleshow/6296017.cms already exists.
2026-04-02 05:27:19,261 - INFO - [Economic Times] Early skip: URL https://economictimes.indiatimes.com/seven-out-of-top-10-asian-small-cap-funds-are-indian/articleshow/6295976.cms already exists.
2026-04-02 05:27:19,262 - INFO - [Economic Times] Early skip: URL https://economictimes.indiatimes.com/inflation-reflects-growth-dynamics-in-india-christopher-wood/articleshow/6274053.cms already exists.
2026-04-02 05:27:19,264 - INFO - [Economic Times] Early skip: URL https://economictimes.indiatimes.com/market-may-trade-in-a-range-but-fiis-seen-sold-on-india/articleshow/6277705.cms already exists.
2026-04-02 05:27:19,265 - INFO - [Economic Times] Early skip: URL https://economictimes.indiatimes.com/dont-bank-only-on-price-to-earning-ratio/articleshow/6278228.cms already exists.
2026-04-02 05:27:19,266 - INFO - [Economic Times] Early skip: URL https://economictimes.indiatimes.com/markets/stocks/recos/prabhudas-lilladher-has-a-reduce-rating-on-infosys/articleshow/3798718.cms already exists.
2026-04-02 05:27:19,268 - INFO - [Economic Times] Early skip: URL https://economictimes.indiatimes.com/markets/stocks/recos/fin-crisis-too-late-and-too-little-done-in-us/articleshow/3794549.cms already exists.
2026-04-02 05:27:19,269 - INFO - [Economic Times] Early skip: URL https://economictimes.indiatimes.com/markets/forex/weak-rupee-takes-its-toll-on-cos-with-huge-foreign-debt/articleshow/3546158.cms already exists.
2026-04-02 05:27:19,270 - INFO - [Economic Times] Early skip: URL https://economictimes.indiatimes.com/markets/stocks/recos/wait-for-more-signals-before-turning-positive/articleshow/3292640.cms already exists.
2026-04-02 05:27:19,272 - INFO - [Economic Times] Early skip: URL https://economictimes.indiatimes.com/news/company/corporate-trends/six-indian-cos-among-businessweeks-top-100-infotech-firms/articleshow/3189334.cms already exists.
2026-04-02 05:27:19,275 - INFO - [Economic Times] Early skip: URL https://economictimes.indiatimes.com/news/company/corporate-trends/indian-firms-slip-in-global-ranking-four-move-out-of-top-500/articleshow/3177077.cms already exists.
2026-04-02 05:27:19,276 - INFO - [Economic Times] Early skip: URL https://economictimes.indiatimes.com/markets/stocks/news/big-daddy-laps-up-cipla-after-q1-nos-beat-forecast/articleshow/6308646.cms already exists.
2026-04-02 05:27:19,277 - INFO - [Economic Times] Early skip: URL https://economictimes.indiatimes.com/markets/stocks/news/old-fox-has-dream-run-on-dalal-street/articleshow/6308631.cms already exists.
2026-04-02 05:27:19,278 - INFO - [Economic Times] Early skip: URL https://economictimes.indiatimes.com/markets/stocks/news/cairn-india-hits-record-high-on-bse-amid-stake-sale-talks/articleshow/6306679.cms already exists.
2026-04-02 05:27:19,283 - INFO - [Economic Times] Early skip: URL https://economictimes.indiatimes.com/markets/stocks/news/vedanta-plunges-5-59-per-cent-on-lse-amid-talks-to-buy-cairn-stake/articleshow/6306526.cms already exists.
2026-04-02 05:27:19,284 - INFO - [Economic Times] Early skip: URL https://economictimes.indiatimes.com/markets/stocks/news/sbi-shares-on-gaining-spree-hit-record-high/articleshow/6306241.cms already exists.
2026-04-02 05:27:19,285 - INFO - [Economic Times] Early skip: URL https://economictimes.indiatimes.com/fm-must-rethink/articleshow/5645094.cms already exists.
2026-04-02 05:27:19,288 - INFO - [Economic Times] Early skip: URL https://economictimes.indiatimes.com/amalgamate-banks/articleshow/5645086.cms already exists.
2026-04-02 05:27:19,289 - INFO - [Economic Times] Early skip: URL https://economictimes.indiatimes.com/managing-data/articleshow/5117958.cms already exists.
2026-04-02 05:27:19,291 - INFO - [Economic Times] Early skip: URL https://economictimes.indiatimes.com/right-technology/articleshow/5117957.cms already exists.
2026-04-02 05:27:19,294 - INFO - [Economic Times] Early skip: URL https://economictimes.indiatimes.com/et-search/articleshow/21646857.cms already exists.
2026-04-02 05:27:19,295 - INFO - [Economic Times] Early skip: URL https://economictimes.indiatimes.com/after-the-oscars-whats-next-for-silent-stars-of-the-artist/articleshow/12075465.cms already exists.
2026-04-02 05:27:19,296 - INFO - [Economic Times] Early skip: URL https://economictimes.indiatimes.com/delhi-world-book-fair-a-fair-like-no-other/articleshow/12028630.cms already exists.
2026-04-02 05:27:19,297 - INFO - [Economic Times] Early skip: URL https://economictimes.indiatimes.com/lk-advanis-gift-makes-its-way-to-state-department-exhibition-hall/articleshow/12017534.cms already exists.
2026-04-02 05:27:19,299 - INFO - [Economic Times] Early skip: URL https://economictimes.indiatimes.com/india-meteorological-department-to-use-dynamic-models-for-forecasts/articleshow/11983844.cms already exists.
2026-04-02 05:27:19,300 - INFO - [Economic Times] Early skip: URL https://economictimes.indiatimes.com/documents-reveal-contents-of-the-first-telegraph-message-between-india-england/articleshow/11976488.cms already exists.
2026-04-02 05:27:19,301 - INFO - [Economic Times] Early skip: URL https://economictimes.indiatimes.com/worried-amitabh-bachchan-fans-pray-to-lord-shiva-for-his-recovery/articleshow/11963187.cms already exists.
2026-04-02 05:27:19,302 - INFO - [Economic Times] Early skip: URL https://economictimes.indiatimes.com/opinion/interviews/every-decision-of-government-neednt-be-a-big-reform-anand-mahindra/articleshow/35919571.cms already exists.
2026-04-02 05:27:19,304 - INFO - [Economic Times] Early skip: URL https://economictimes.indiatimes.com/opinion/interviews/narendra-modi-has-his-eyes-set-on-boosting-business-joao-cravinho-eu-ambassador/articleshow/35973824.cms already exists.
2026-04-02 05:27:19,305 - INFO - [Economic Times] Early skip: URL https://economictimes.indiatimes.com/opinion/interviews/confidence-level-of-industry-improving-kv-kamath-icici-bank/articleshow/35945669.cms already exists.
2026-04-02 05:27:19,306 - INFO - [Economic Times] Early skip: URL https://economictimes.indiatimes.com/opinion/interviews/we-may-see-rapid-growth-over-the-next-few-years-raamdeo-agrawal/articleshow/35831378.cms already exists.
2026-04-02 05:27:19,307 - INFO - [Economic Times] Early skip: URL https://economictimes.indiatimes.com/opinion/interviews/our-commitment-for-press-freedom-and-autonomy-of-public-broadcast-is-absolute-prakash-javadekar/articleshow/35803396.cms already exists.
2026-04-02 05:27:19,309 - INFO - [Economic Times] Early skip: URL https://economictimes.indiatimes.com/opinion/interviews/there-is-a-leadership-vacuum-in-infosys-time-to-get-nandan-nilekani-back-mohandas-pai/articleshow/35716682.cms already exists.
2026-04-02 05:27:19,310 - INFO - [Economic Times] Early skip: URL https://economictimes.indiatimes.com/markets/stocks/news/oil-prices-to-hit-150-how-indian-stock-markets-may-react-as-iran-war-rages-on/articleshow/129587020.cms already exists.
2026-04-02 05:27:19,311 - INFO - [Economic Times] Early skip: URL https://economictimes.indiatimes.com/markets/us-stocks/news/why-a-7030-india-global-portfolio-makes-sense-in-a-changing-world-subho-moulik-decodes/articleshow/127604085.cms already exists.
2026-04-02 05:27:19,313 - INFO - [Economic Times] Early skip: URL https://economictimes.indiatimes.com/markets/expert-view/kaynes-shares-plunge-43-from-october-peak-is-a-tactical-rebound-on-the-cards-or-more-pain-ahead/articleshow/125815992.cms already exists.
2026-04-02 05:27:19,314 - INFO - [Economic Times] Early skip: URL https://economictimes.indiatimes.com/markets/stocks/news/warren-buffett-is-buying-michael-burry-is-shorting-the-ai-trade-splitting-wall-street/articleshow/125815521.cms already exists.
2026-04-02 05:27:19,315 - INFO - [Economic Times] Early skip: URL https://economictimes.indiatimes.com/markets/ipos/fpos/softbank-backed-acevector-files-updated-ipo-papers-targets-to-raise-rs-300-cr-via-fresh-issue/articleshow/125813493.cms already exists.
2026-04-02 05:27:19,317 - INFO - [Economic Times] Early skip: URL https://economictimes.indiatimes.com/markets/stocks/news/mcap-of-five-of-top-10-most-valued-firms-surges-rs-72285-cr-tcs-infosys-biggest-winners/articleshow/125813435.cms already exists.
2026-04-02 05:27:19,318 - INFO - [Economic Times] Early skip: URL https://economictimes.indiatimes.com/markets/stocks/news/alfa-laval-raises-delisting-price-to-rs-2850-a-share/articleshow/11437373.cms already exists.
2026-04-02 05:27:19,320 - INFO - [Economic Times] Early skip: URL https://economictimes.indiatimes.com/markets/stocks/news/db-realty-unitech-stocks-rose-after-top-executives-granted-bail-in-2g-scam/articleshow/10925114.cms already exists.
2026-04-02 05:27:19,321 - INFO - [Economic Times] Early skip: URL https://economictimes.indiatimes.com/markets/stocks/news/fitch-withdraws-reliance-capital-ratings/articleshow/10430814.cms already exists.
2026-04-02 05:27:19,322 - INFO - [Economic Times] Early skip: URL https://economictimes.indiatimes.com/markets/stocks/news/discoms-poor-financial-health-poses-risks-for-power-traders-fitch/articleshow/10430186.cms already exists.
2026-04-02 05:27:19,325 - INFO - [Economic Times] Early skip: URL https://economictimes.indiatimes.com/markets/stocks/news/cigarette-companies-price-hikes-with-higher-volumes-hold-promise/articleshow/9277179.cms already exists.
2026-04-02 05:27:19,326 - INFO - [Economic Times] Early skip: URL https://economictimes.indiatimes.com/markets/stocks/news/lovable-lingeries-dream-run-on-as-traders-lap-it-up/articleshow/8894615.cms already exists.
2026-04-02 05:27:19,328 - INFO - [Economic Times] (Thread) Finished. Attempting to shut down its Selenium driver.
2026-04-02 05:27:19,441 - INFO - [Economic Times] (Thread) driver.quit() successful.
2026-04-02 05:27:30,177 - INFO - >>> SUCCESSFULLY SAVED [ID: 47430] - Middle East crisis live: Markets and oil prices suffer after Trump defends Iran war in prime-time address | US-Israel war on Iran | The Guardian from The Guardian (2815 words)
2026-04-02 05:27:31,016 - INFO - [The Guardian] Article: https://www.theguardian.com/us-news/2026/apr/01/trump-iran-war-address-white-house
2026-04-02 05:27:31,016 - INFO - [The Guardian] Attempt 1/1: Trying with 'requests_browser' strategy...
2026-04-02 05:27:31,102 - INFO - [The Guardian] Success with 'requests_browser'. Found content (1101 words).
2026-04-02 05:27:44,229 - INFO - >>> SUCCESSFULLY SAVED [ID: 47431] - Artemis II: An emotional moment as the Moon mission blasts off from BBC (774 words)
2026-04-02 05:27:44,742 - INFO - [BBC] Early skip: URL https://www.bbc.com/news/articles/c79je4vldq5o?at_medium=RSS&at_campaign=rss already exists.
2026-04-02 05:27:44,743 - INFO - [BBC] Early skip: URL https://www.bbc.com/news/articles/c78l7vyylgqo?at_medium=RSS&at_campaign=rss already exists.
2026-04-02 05:27:44,745 - INFO - [BBC] Early skip: URL https://www.bbc.com/news/articles/ce9mvzpvr7xo?at_medium=RSS&at_campaign=rss already exists.
2026-04-02 05:27:44,746 - INFO - [BBC] Early skip: URL https://www.bbc.com/news/articles/cze0kz7gr84o?at_medium=RSS&at_campaign=rss already exists.
2026-04-02 05:27:44,747 - INFO - [BBC] Early skip: URL https://www.bbc.com/news/articles/cz0e1myvl2ko?at_medium=RSS&at_campaign=rss already exists.
2026-04-02 05:27:44,749 - INFO - [BBC] Early skip: URL https://www.bbc.com/news/articles/c7vqnpqrgy3o?at_medium=RSS&at_campaign=rss already exists.
2026-04-02 05:27:44,750 - INFO - [BBC] Early skip: URL https://www.bbc.com/news/articles/cvglv5v4yvpo?at_medium=RSS&at_campaign=rss already exists.
2026-04-02 05:27:44,751 - INFO - [BBC] Early skip: URL https://www.bbc.com/news/articles/c0kr8lrpekmo?at_medium=RSS&at_campaign=rss already exists.
2026-04-02 05:27:44,752 - INFO - [BBC] Early skip: URL https://www.bbc.com/news/articles/cdj7e11pw10o?at_medium=RSS&at_campaign=rss already exists.
2026-04-02 05:27:44,754 - INFO - [BBC] Early skip: URL https://www.bbc.com/news/articles/cy91vrzxn34o?at_medium=RSS&at_campaign=rss already exists.
2026-04-02 05:27:44,755 - INFO - [BBC] Early skip: URL https://www.bbc.com/news/articles/crm17m2gzl2o?at_medium=RSS&at_campaign=rss already exists.
2026-04-02 05:27:44,756 - INFO - [BBC] Early skip: URL https://www.bbc.com/news/articles/cq59wj31vl4o?at_medium=RSS&at_campaign=rss already exists.
2026-04-02 05:27:44,758 - INFO - [BBC] Early skip: URL https://www.bbc.com/news/articles/cd6wp6xenv0o?at_medium=RSS&at_campaign=rss already exists.
2026-04-02 05:27:44,759 - INFO - [BBC] Article: https://www.bbc.com/news/videos/c3w3d9lqg2xo?at_medium=RSS&at_campaign=rss
2026-04-02 05:27:44,759 - INFO - [BBC] Attempt 1/1: Trying with 'requests_browser' strategy...
2026-04-02 05:27:44,861 - WARNING - [BBC] FAILED with 'requests_browser' (content was too short: 79 words).
2026-04-02 05:27:44,861 - ERROR - [BBC] All scrape strategies failed for https://www.bbc.com/news/videos/c3w3d9lqg2xo?at_medium=RSS&at_campaign=rss. Falling back to RSS description.
2026-04-02 05:27:44,861 - WARNING - SKIPPED (GLOBAL WORD LIMIT): Article ''It's phenomenal!': Excitement in Florida ahead of Artemis launch' from BBC has only 18 words (Min: 90).
2026-04-02 05:27:46,020 - INFO - [BBC] Early skip: URL https://www.bbc.com/news/videos/cvgknq28nlko?at_medium=RSS&at_campaign=rss already exists.
2026-04-02 05:27:46,021 - INFO - [BBC] Article: https://www.bbc.com/news/videos/cjw8vqnlzxvo?at_medium=RSS&at_campaign=rss
2026-04-02 05:27:46,021 - INFO - [BBC] Attempt 1/1: Trying with 'requests_browser' strategy...
2026-04-02 05:27:46,087 - WARNING - [BBC] FAILED with 'requests_browser' (content was too short: 61 words).
2026-04-02 05:27:46,087 - ERROR - [BBC] All scrape strategies failed for https://www.bbc.com/news/videos/cjw8vqnlzxvo?at_medium=RSS&at_campaign=rss. Falling back to RSS description.
2026-04-02 05:27:46,087 - WARNING - SKIPPED (GLOBAL WORD LIMIT): Article 'How Australia’s seven-month-long manhunt came to an end' from BBC has only 21 words (Min: 90).
2026-04-02 05:27:47,008 - INFO - [BBC] Early skip: URL https://www.bbc.com/news/videos/ce354d73v2ko?at_medium=RSS&at_campaign=rss already exists.
2026-04-02 05:27:47,010 - INFO - [BBC] Article: https://www.bbc.com/news/videos/c4gx042nlezo?at_medium=RSS&at_campaign=rss
2026-04-02 05:27:47,010 - INFO - [BBC] Attempt 1/1: Trying with 'requests_browser' strategy...
2026-04-02 05:27:47,074 - WARNING - [BBC] FAILED with 'requests_browser' (content was too short: 88 words).
2026-04-02 05:27:47,074 - ERROR - [BBC] All scrape strategies failed for https://www.bbc.com/news/videos/c4gx042nlezo?at_medium=RSS&at_campaign=rss. Falling back to RSS description.
2026-04-02 05:27:47,074 - WARNING - SKIPPED (GLOBAL WORD LIMIT): Article 'Watch: Iconic global landmarks turn off lights for Earth Hour' from BBC has only 23 words (Min: 90).
2026-04-02 05:27:58,117 - INFO - >>> SUCCESSFULLY SAVED [ID: 47432] - Medical services under Dr. NTR Vaidya Seva to remain suspended until dues are cleared - The Hindu from The Hindu (477 words)
2026-04-02 05:27:59,549 - INFO - [The Hindu] Article: https://www.thehindu.com/elections/kerala-assembly/kerala-assembly-elections-constituencies-ldf-udf-nda/article70748860.ece
2026-04-02 05:27:59,549 - INFO - [The Hindu] Attempt 1/1: Trying with 'selenium_browser' strategy...
2026-04-02 05:28:00,308 - INFO - [The Hindu] Page content loaded.
2026-04-02 05:28:00,629 - INFO - [The Hindu] Success with 'selenium_browser'. Found content (195 words).
2026-04-02 05:28:12,696 - CRITICAL - --- TIMEOUT: 3 scrape jobs did not complete in 300s. ---
2026-04-02 05:28:12,697 - ERROR - A thread has timed out and will be abandoned.
2026-04-02 05:28:12,697 - ERROR - A thread has timed out and will be abandoned.
2026-04-02 05:28:12,697 - ERROR - A thread has timed out and will be abandoned.
2026-04-02 05:28:12,697 - INFO - Shutting down thread pool (wait=False)...
2026-04-02 05:28:12,697 - INFO - Scraped: 4 BBC, 1 Times of India, 3 Economic Times, 2 Al Jazeera, 0 TechCrunch, 3 Timed_Out_Jobs articles. (Total saved: 10)
2026-04-02 05:28:12,697 - INFO - --- Scraping job finished ---
2026-04-02 05:28:12,697 - INFO - --- Scraper service stopped. ---
2026-04-02 05:28:12,697 - INFO - --- Main thread finished. Forcing process exit to kill zombie threads. ---
