2026-01-13 14:29:18,073 - INFO - Loading AI Semantic Model (all-MiniLM-L6-v2)...
2026-01-13 14:29:18,074 - INFO - Use pytorch device_name: cpu
2026-01-13 14:29:18,074 - INFO - Load pretrained SentenceTransformer: all-MiniLM-L6-v2
2026-01-13 14:29:18,967 - INFO - AI Model loaded successfully.
2026-01-13 14:29:18,968 - INFO - --- Scraper service started (CI Mode: Run Once) ---
2026-01-13 14:29:18,968 - INFO - --- Starting new scraping job (Parallel Mode) ---
2026-01-13 14:29:18,968 - INFO - Creating new robust session with 3 retries on 5xx/connection/read errors.
2026-01-13 14:29:18,968 - INFO - Proxy is DISABLED.
2026-01-13 14:29:18,968 - INFO - Starting scrape for BBC RSS feed: http://feeds.bbci.co.uk/news/world/rss.xml
2026-01-13 14:29:18,969 - INFO - [Times of India] (Thread) requires Selenium. Initializing driver...
2026-01-13 14:29:18,970 - INFO - Starting scrape for The Guardian RSS feed: https://www.theguardian.com/world/rss
2026-01-13 14:29:18,971 - INFO - [The Hindu] (Thread) requires Selenium. Initializing driver...
2026-01-13 14:29:18,971 - INFO - Submitted 4 jobs to thread pool. Waiting up to 300s for completion...
2026-01-13 14:29:19,068 - INFO - Found 45 articles in The Guardian RSS feed. Processing up to 30.
2026-01-13 14:29:19,068 - INFO - [The Guardian] Early skip: URL https://www.theguardian.com/books/2026/jan/12/chimamanda-ngozi-adichie-accuses-lagos-hospital-negligence-son-death already exists.
2026-01-13 14:29:19,241 - INFO - Found 38 articles in BBC RSS feed. Processing up to 30.
2026-01-13 14:29:19,280 - INFO - [BBC] Early skip: URL https://www.bbc.com/news/articles/clyev0kpk77o?at_medium=RSS&at_campaign=rss already exists.
2026-01-13 14:29:19,451 - INFO - [The Guardian] Early skip: URL https://www.theguardian.com/global-development/2026/jan/09/the-gambia-female-genital-mutilation-fgm-supreme-court-case-overturn-ban already exists.
2026-01-13 14:29:19,635 - INFO - [BBC] Early skip: URL https://www.bbc.com/news/articles/cvgp70ynx1po?at_medium=RSS&at_campaign=rss already exists.
2026-01-13 14:29:19,899 - INFO - [The Guardian] Early skip: URL https://www.theguardian.com/world/2026/jan/08/questions-targeting-impact-us-airstrikes-in-nigeria already exists.
2026-01-13 14:29:20,174 - INFO - [BBC] Early skip: URL https://www.bbc.com/news/articles/c041dp0z95yo?at_medium=RSS&at_campaign=rss already exists.
2026-01-13 14:29:20,464 - INFO - [The Guardian] Early skip: URL https://www.theguardian.com/world/2026/jan/02/anthony-joshuas-driver-charged-with-dangerous-driving-after-fatal-crash-in-nigeria already exists.
2026-01-13 14:29:20,693 - INFO - [BBC] Early skip: URL https://www.bbc.com/news/articles/c62vnvx2x2po?at_medium=RSS&at_campaign=rss already exists.
2026-01-13 14:29:20,869 - INFO - [The Guardian] Early skip: URL https://www.theguardian.com/science/2026/jan/01/cremation-pyre-in-africa-thought-to-be-worlds-oldest-containing-adult-remains already exists.
2026-01-13 14:29:20,975 - INFO - [BBC] Article: https://www.bbc.com/news/articles/cq6vyqq5r0do?at_medium=RSS&at_campaign=rss
2026-01-13 14:29:20,975 - INFO - [BBC] Attempt 1/1: Trying with 'requests_browser' strategy...
2026-01-13 14:29:20,976 - INFO - [The Guardian] Early skip: URL https://www.theguardian.com/environment/2026/jan/12/us-plan-to-exploit-venezuelas-oil-could-eat-up-13-of-carbon-budget-to-keep-15c-limit already exists.
2026-01-13 14:29:21,131 - INFO - [The Guardian] Early skip: URL https://www.theguardian.com/world/2026/jan/12/trump-latin-america-feud-colombia-gustavo-petro already exists.
2026-01-13 14:29:21,331 - INFO - [The Guardian] Early skip: URL https://www.theguardian.com/us-news/2026/jan/12/us-oil-producers-global-supply-glut-venezuela already exists.
2026-01-13 14:29:21,438 - INFO - [BBC] Success with 'requests_browser'. Found content (498 words).
2026-01-13 14:29:28,005 - INFO - Selenium driver initialized successfully.
2026-01-13 14:29:28,006 - INFO - Selenium driver initialized successfully.
2026-01-13 14:29:28,006 - INFO - Starting scrape for Times of India RSS feed: https://timesofindia.indiatimes.com/rssfeeds/296589292.cms
2026-01-13 14:29:28,006 - INFO - Starting scrape for The Hindu RSS feed: https://www.thehindu.com/news/national/feeder/default.rss
2026-01-13 14:29:28,093 - INFO - Found 20 articles in Times of India RSS feed. Processing up to 30.
2026-01-13 14:29:28,210 - INFO - Found 100 articles in The Hindu RSS feed. Processing up to 30.
2026-01-13 14:29:34,872 - INFO - Saved article: Yoon Suk Yeol: S Korea prosecutors seek death penalty over failed insurrection attempt from BBC (498 words)
2026-01-13 14:29:34,872 - INFO - [The Guardian] Early skip: URL https://www.theguardian.com/world/2026/jan/12/carney-heads-to-beijing-as-trump-america-first-agenda-forces-canada-into-trade-rethink already exists.
2026-01-13 14:29:35,168 - INFO - [Times of India] Article: https://timesofindia.indiatimes.com/world/us/has-anyone-encountered-ice-in-minneapolis-h-1b-workers-voice-anxiety-on-reddit-after-renee-good-shot-dead-by-federal-agents/articleshow/126506035.cms
2026-01-13 14:29:35,168 - INFO - [Times of India] Attempt 1/1: Trying with 'selenium_browser' strategy...
2026-01-13 14:29:35,169 - INFO - [The Hindu] Article: https://www.thehindu.com/news/national/telangana/277-crore-released-to-gram-panchayats/article70505688.ece
2026-01-13 14:29:35,169 - INFO - [The Hindu] Attempt 1/1: Trying with 'selenium_browser' strategy...
2026-01-13 14:29:35,169 - INFO - [The Guardian] Early skip: URL https://www.theguardian.com/us-news/2026/jan/12/donald-trump-threatens-block-exxonmobil-venezuela already exists.
2026-01-13 14:29:35,325 - INFO - [The Guardian] Early skip: URL https://www.theguardian.com/world/2026/jan/13/workers-at-chinese-factory-that-produces-labubu-toys-are-being-exploited-says-ngo already exists.
2026-01-13 14:29:35,484 - INFO - [The Guardian] Early skip: URL https://www.theguardian.com/world/2026/jan/13/china-europe-pressure-block-taiwanese-politicians-visas already exists.
2026-01-13 14:29:35,591 - INFO - [The Guardian] Early skip: URL https://www.theguardian.com/business/2026/jan/13/coal-power-generation-falls-china-india-since-1970s already exists.
2026-01-13 14:29:35,779 - INFO - [BBC] Early skip: URL https://www.bbc.com/news/articles/ce9yv4gmn9lo?at_medium=RSS&at_campaign=rss already exists.
2026-01-13 14:29:36,028 - INFO - [BBC] Early skip: URL https://www.bbc.com/news/articles/cj9r3832j47o?at_medium=RSS&at_campaign=rss already exists.
2026-01-13 14:29:36,223 - INFO - [The Guardian] Early skip: URL https://www.theguardian.com/technology/2026/jan/12/malaysia-blocks-elon-musk-grok-ai-fake-sexualised-images-indonesia-x-chatbot already exists.
2026-01-13 14:29:36,473 - INFO - [BBC] Early skip: URL https://www.bbc.com/news/articles/cr578g7v082o?at_medium=RSS&at_campaign=rss already exists.
2026-01-13 14:29:36,770 - INFO - [BBC] Early skip: URL https://www.bbc.com/news/articles/c9wxg4e09jzo?at_medium=RSS&at_campaign=rss already exists.
2026-01-13 14:29:37,008 - INFO - [BBC] Early skip: URL https://www.bbc.com/news/articles/c0mk80lyw09o?at_medium=RSS&at_campaign=rss already exists.
2026-01-13 14:29:37,135 - INFO - [The Guardian] Early skip: URL https://www.theguardian.com/world/2026/jan/11/underground-church-early-rain-leaders-detained-china-crackdown already exists.
2026-01-13 14:29:37,317 - INFO - [The Guardian] Article: https://www.theguardian.com/australia-news/2026/jan/13/nsw-government-capital-gains-tax-discount-negative-gearing-australia-housing-affordability
2026-01-13 14:29:37,317 - INFO - [BBC] Early skip: URL https://www.bbc.com/news/articles/c8j31728187o?at_medium=RSS&at_campaign=rss already exists.
2026-01-13 14:29:37,317 - INFO - [The Guardian] Attempt 1/1: Trying with 'requests_browser' strategy...
2026-01-13 14:29:37,492 - INFO - [The Guardian] Success with 'requests_browser'. Found content (586 words).
2026-01-13 14:29:37,597 - INFO - [BBC] Early skip: URL https://www.bbc.com/news/articles/cvgnvqrxl0xo?at_medium=RSS&at_campaign=rss already exists.
2026-01-13 14:29:37,887 - INFO - [BBC] Early skip: URL https://www.bbc.com/news/articles/cr7jzpr95yvo?at_medium=RSS&at_campaign=rss already exists.
2026-01-13 14:29:38,189 - INFO - [BBC] Early skip: URL https://www.bbc.com/news/articles/cjrznw9e243o?at_medium=RSS&at_campaign=rss already exists.
2026-01-13 14:29:38,476 - INFO - [BBC] Early skip: URL https://www.bbc.com/news/articles/c801kypkl3ko?at_medium=RSS&at_campaign=rss already exists.
2026-01-13 14:29:39,455 - INFO - [The Hindu] Page content loaded.
2026-01-13 14:29:39,845 - INFO - [The Hindu] Success with 'selenium_browser'. Found content (91 words).
2026-01-13 14:30:16,701 - INFO - Saved article: NSW government calls for rethink on capital gains tax discount to ease housing affordability | Housing | The Guardian from The Guardian (586 words)
2026-01-13 14:30:16,702 - INFO - [BBC] Early skip: URL https://www.bbc.com/news/articles/cpqye2yygl4o?at_medium=RSS&at_campaign=rss already exists.
2026-01-13 14:30:32,498 - INFO - Saved article: ₹277 crore released to gram panchayats - The Hindu from The Hindu (91 words)
2026-01-13 14:30:32,499 - INFO - [BBC] Early skip: URL https://www.bbc.com/news/articles/c74vnxlvl40o?at_medium=RSS&at_campaign=rss already exists.
2026-01-13 14:30:32,728 - INFO - [The Guardian] Article: https://www.theguardian.com/australia-news/2026/jan/13/grok-x-anthony-albanese-australia-politicians-condemn-post-platform
2026-01-13 14:30:32,728 - INFO - [The Guardian] Attempt 1/1: Trying with 'requests_browser' strategy...
2026-01-13 14:30:32,729 - INFO - [BBC] Early skip: URL https://www.bbc.com/news/articles/c1klvp4v8vjo?at_medium=RSS&at_campaign=rss already exists.
2026-01-13 14:30:32,852 - INFO - [The Guardian] Success with 'requests_browser'. Found content (757 words).
2026-01-13 14:30:48,116 - INFO - Saved article: Australian politicians are condemning X and Grok, so why won’t they leave the platform? | Anthony Albanese | The Guardian from The Guardian (757 words)
2026-01-13 14:30:48,116 - INFO - [BBC] Early skip: URL https://www.bbc.com/news/articles/cly9n3r2p7zo?at_medium=RSS&at_campaign=rss already exists.
2026-01-13 14:30:48,292 - INFO - [The Hindu] Article: https://www.thehindu.com/news/national/kerala/all-set-for-makaravilakku-at-sabarimala/article70505862.ece
2026-01-13 14:30:48,292 - INFO - [The Hindu] Attempt 1/1: Trying with 'selenium_browser' strategy...
2026-01-13 14:30:48,293 - INFO - [BBC] Early skip: URL https://www.bbc.com/news/articles/c78e07m02jzo?at_medium=RSS&at_campaign=rss already exists.
2026-01-13 14:30:48,593 - INFO - [BBC] Early skip: URL https://www.bbc.com/news/articles/cj9r3zl2ywyo?at_medium=RSS&at_campaign=rss already exists.
2026-01-13 14:30:48,855 - INFO - [BBC] Early skip: URL https://www.bbc.com/news/articles/c75xdg2p36lo?at_medium=RSS&at_campaign=rss already exists.
2026-01-13 14:30:49,037 - INFO - [BBC] Early skip: URL https://www.bbc.com/news/articles/ckgn5g90lggo?at_medium=RSS&at_campaign=rss already exists.
2026-01-13 14:30:49,232 - INFO - [BBC] Early skip: URL https://www.bbc.com/news/articles/c4gr7nlx421o?at_medium=RSS&at_campaign=rss already exists.
2026-01-13 14:30:49,417 - INFO - [BBC] Early skip: URL https://www.bbc.com/news/articles/cly9597r4qpo?at_medium=RSS&at_campaign=rss already exists.
2026-01-13 14:30:49,548 - INFO - [The Guardian] Article: https://www.theguardian.com/environment/2026/jan/13/threatened-species-habitat-destruction-australia-15-year-high
2026-01-13 14:30:49,548 - INFO - [The Guardian] Attempt 1/1: Trying with 'requests_browser' strategy...
2026-01-13 14:30:49,554 - INFO - [BBC] Early skip: URL https://www.bbc.com/news/articles/c3ve572edzqo?at_medium=RSS&at_campaign=rss already exists.
2026-01-13 14:30:49,698 - INFO - [The Guardian] Success with 'requests_browser'. Found content (562 words).
2026-01-13 14:30:49,881 - INFO - [BBC] Early skip: URL https://www.bbc.com/news/articles/cgm4jkwz2z8o?at_medium=RSS&at_campaign=rss already exists.
2026-01-13 14:30:50,166 - INFO - [The Hindu] Page content loaded.
2026-01-13 14:30:50,315 - INFO - [The Hindu] Success with 'selenium_browser'. Found content (349 words).
2026-01-13 14:31:05,347 - INFO - Saved article: Ten Sydney harbours’ worth of threatened species habitat cleared under Albanese government in 2025, report finds | Logging and land-clearing | The Guardian from The Guardian (562 words)
2026-01-13 14:31:05,348 - INFO - [BBC] Article: https://www.bbc.com/news/articles/cwynx4rerpzo?at_medium=RSS&at_campaign=rss
2026-01-13 14:31:05,348 - INFO - [BBC] Attempt 1/1: Trying with 'requests_browser' strategy...
2026-01-13 14:31:05,434 - INFO - [BBC] Success with 'requests_browser'. Found content (969 words).
2026-01-13 14:31:19,533 - INFO - DEDUPLICATION: Found match (Score: 0.84). Linking to Cluster ID: 12d76694-8113-44f3-a057-1a325754bfda
2026-01-13 14:31:19,535 - INFO - Saved article: All set for Makaravilakku at Sabarimala - The Hindu from The Hindu (349 words)
2026-01-13 14:31:33,618 - INFO - DEDUPLICATION: Found match (Score: 0.90). Linking to Cluster ID: 6c795093-6cab-4ce2-b814-300c9111081d
2026-01-13 14:31:33,621 - INFO - Saved article: What countries do business with Iran and what could new US tariffs mean? from BBC (969 words)
2026-01-13 14:31:33,622 - INFO - [The Guardian] Early skip: URL https://www.theguardian.com/australia-news/2026/jan/13/australian-author-craig-silvey-charged-child-exploitation-ntwnfb already exists.
2026-01-13 14:31:33,759 - INFO - [The Hindu] Article: https://www.thehindu.com/news/national/karnataka/treasure-at-lakkundi-found-during-excavation-for-house-said-to-be-over-100-years-old/article70505288.ece
2026-01-13 14:31:33,759 - INFO - [The Hindu] Attempt 1/1: Trying with 'selenium_browser' strategy...
2026-01-13 14:31:33,759 - INFO - [The Guardian] Early skip: URL https://www.theguardian.com/australia-news/2026/jan/13/moment-western-australian-divers-surface-to-see-their-boat-had-disappeared-caught-in-footage already exists.
2026-01-13 14:31:33,915 - INFO - [The Guardian] Early skip: URL https://www.theguardian.com/world/live/2026/jan/13/zelenskyy-ukraine-russia-strikes-drones-energy-europe-live already exists.
2026-01-13 14:31:34,107 - INFO - [The Guardian] Article: https://www.theguardian.com/world/2026/jan/13/julio-iglesias-accused-of-sexual-assault-by-two-female-former-employees
2026-01-13 14:31:34,107 - INFO - [The Guardian] Attempt 1/1: Trying with 'requests_browser' strategy...
2026-01-13 14:31:34,216 - INFO - [The Guardian] Success with 'requests_browser'. Found content (693 words).
2026-01-13 14:31:34,992 - INFO - [The Hindu] Page content loaded.
2026-01-13 14:31:35,127 - INFO - [The Hindu] Success with 'selenium_browser'. Found content (398 words).
2026-01-13 14:31:35,273 - ERROR - [Times of India] Request failed for strategy 'selenium_browser' on URL https://timesofindia.indiatimes.com/world/us/has-anyone-encountered-ice-in-minneapolis-h-1b-workers-voice-anxiety-on-reddit-after-renee-good-shot-dead-by-federal-agents/articleshow/126506035.cms: HTTPConnectionPool(host='localhost', port=54225): Read timed out. (read timeout=120)
2026-01-13 14:31:35,273 - ERROR - [Times of India] All scrape strategies failed for https://timesofindia.indiatimes.com/world/us/has-anyone-encountered-ice-in-minneapolis-h-1b-workers-voice-anxiety-on-reddit-after-renee-good-shot-dead-by-federal-agents/articleshow/126506035.cms. Falling back to RSS description.
2026-01-13 14:31:35,273 - WARNING - SKIPPED (GLOBAL WORD LIMIT): Article ''Has anyone encountered ICE in Minneapolis?’: H-1B workers voice anxiety on Reddit after Renee Good shot dead by federal agents' from Times of India has only 38 words (Min: 90).
2026-01-13 14:31:48,960 - INFO - Saved article: Julio Iglesias accused of sexual assault by two female former employees | Spain | The Guardian from The Guardian (693 words)
2026-01-13 14:31:48,960 - INFO - [BBC] Early skip: URL https://www.bbc.com/news/articles/c77k8pym06zo?at_medium=RSS&at_campaign=rss already exists.
2026-01-13 14:32:02,656 - INFO - Saved article: ‘Treasure’ at Lakkundi found during excavation for house said to be over 100 years old - The Hindu from The Hindu (398 words)
2026-01-13 14:32:02,656 - INFO - [Times of India] Article: https://timesofindia.indiatimes.com/world/us/leave-by-march-17-trump-ends-temporary-protected-status-for-somali-nationals-amid-major-ice-crackdown-in-minneapolis/articleshow/126507184.cms
2026-01-13 14:32:02,656 - INFO - [Times of India] Attempt 1/1: Trying with 'selenium_browser' strategy...
2026-01-13 14:32:02,657 - INFO - [BBC] Early skip: URL https://www.bbc.com/news/articles/cvgnvqrxl0xo?at_medium=RSS&at_campaign=rss already exists.
2026-01-13 14:32:02,781 - INFO - [The Guardian] Article: https://www.theguardian.com/media/2026/jan/13/peaky-blinders-makers-banijay-merger-talks-traitors-producers-all3media
2026-01-13 14:32:02,781 - INFO - [The Guardian] Attempt 1/1: Trying with 'requests_browser' strategy...
2026-01-13 14:32:02,897 - INFO - [The Guardian] Success with 'requests_browser'. Found content (395 words).
2026-01-13 14:32:16,408 - INFO - Saved article: Makers of Peaky Blinders ‘in advanced talks’ to merge with The Traitors producer | Television industry | The Guardian from The Guardian (395 words)
2026-01-13 14:32:16,409 - INFO - [The Hindu] Article: https://www.thehindu.com/news/national/karnataka/bmrcl-floats-tenders-for-bengaluru-metros-phase-3-civic-works/article70505669.ece
2026-01-13 14:32:16,409 - INFO - [The Hindu] Attempt 1/1: Trying with 'selenium_browser' strategy...
2026-01-13 14:32:17,366 - INFO - [The Hindu] Page content loaded.
2026-01-13 14:32:17,407 - INFO - [The Hindu] Success with 'selenium_browser'. Found content (447 words).
2026-01-13 14:32:32,289 - INFO - Saved article: BMRCL floats tenders for Bengaluru metro’s Phase 3 civic works - The Hindu from The Hindu (447 words)
2026-01-13 14:32:32,290 - INFO - [The Guardian] Early skip: URL https://www.theguardian.com/world/2026/jan/13/marine-le-pen-embezzlement-appeal already exists.
2026-01-13 14:32:32,431 - INFO - [The Guardian] Article: https://www.theguardian.com/world/2026/jan/13/spanish-author-arturo-perez-reverte-lambasts-linguistic-academy-over-social-media-influence
2026-01-13 14:32:32,431 - INFO - [The Guardian] Attempt 1/1: Trying with 'requests_browser' strategy...
2026-01-13 14:32:32,546 - INFO - [The Guardian] Success with 'requests_browser'. Found content (507 words).
2026-01-13 14:32:46,627 - INFO - Saved article: Spanish author lambasts linguistic academy over social media influence | Spain | The Guardian from The Guardian (507 words)
2026-01-13 14:32:46,627 - INFO - [The Hindu] Article: https://www.thehindu.com/news/national/karnataka/three-arrested-in-kalaburagi-for-trying-to-throw-prohibited-items-into-central-prison/article70505666.ece
2026-01-13 14:32:46,627 - INFO - [The Hindu] Attempt 1/1: Trying with 'selenium_browser' strategy...
2026-01-13 14:32:47,699 - INFO - [The Hindu] Page content loaded.
2026-01-13 14:32:47,733 - INFO - [The Guardian] Early skip: URL https://www.theguardian.com/world/live/2026/jan/13/iran-protest-crackdown-regime-crisis-us-donald-trump-tariffs-latest-updates already exists.
2026-01-13 14:32:47,779 - INFO - [The Hindu] Success with 'selenium_browser'. Found content (219 words).
2026-01-13 14:32:48,000 - INFO - [The Guardian] Early skip: URL https://www.theguardian.com/us-news/2026/jan/12/trump-tariffs-iran already exists.
2026-01-13 14:33:03,165 - INFO - Saved article: Three arrested in Kalaburagi for trying to throw prohibited items into Central Prison - The Hindu from The Hindu (219 words)
2026-01-13 14:33:03,166 - INFO - [The Guardian] Early skip: URL https://www.theguardian.com/world/2026/jan/13/israel-start-construction-bypass-west-bank-illegal-settlement already exists.
2026-01-13 14:33:03,370 - INFO - [The Guardian] Early skip: URL https://www.theguardian.com/world/2026/jan/13/tuesday-briefing-what-has-sparked-irans-latest-wave-of-protests-and-what-might-happen-next already exists.
2026-01-13 14:33:03,589 - INFO - [The Guardian] Early skip: URL https://www.theguardian.com/world/2026/jan/13/ecosystem-smuggled-tech-iran-last-link-outside-world-internet already exists.
2026-01-13 14:33:04,184 - INFO - [The Hindu] Article: https://www.thehindu.com/news/national/karnataka/train-passenger-drugged-and-looted-two-arrested/article70504966.ece
2026-01-13 14:33:04,184 - INFO - [The Hindu] Attempt 1/1: Trying with 'selenium_browser' strategy...
2026-01-13 14:33:05,140 - INFO - [The Hindu] Page content loaded.
2026-01-13 14:33:05,182 - INFO - [The Hindu] Success with 'selenium_browser'. Found content (208 words).
2026-01-13 14:33:20,153 - INFO - Saved article: Train passenger drugged and looted; two arrested - The Hindu from The Hindu (208 words)
2026-01-13 14:33:21,524 - INFO - [The Hindu] Article: https://www.thehindu.com/news/national/manipur/fuel-outlet-bomb-blast-accused-and-others-arrested-in-manipur/article70505480.ece
2026-01-13 14:33:21,524 - INFO - [The Hindu] Attempt 1/1: Trying with 'selenium_browser' strategy...
2026-01-13 14:33:22,782 - INFO - [The Hindu] Page content loaded.
2026-01-13 14:33:22,912 - INFO - [The Hindu] Success with 'selenium_browser'. Found content (196 words).
2026-01-13 14:33:37,688 - INFO - Saved article: Fuel outlet bomb blast accused among three arrested in Manipur - The Hindu from The Hindu (196 words)
2026-01-13 14:33:38,422 - INFO - [The Hindu] Article: https://www.thehindu.com/news/national/karnataka/gba-chief-directs-road-widening-to-improve-traffic-flow-lake-development-works-across-west-corp/article70505332.ece
2026-01-13 14:33:38,422 - INFO - [The Hindu] Attempt 1/1: Trying with 'selenium_browser' strategy...
2026-01-13 14:33:39,342 - INFO - [The Hindu] Page content loaded.
2026-01-13 14:33:39,385 - INFO - [The Hindu] Success with 'selenium_browser'. Found content (244 words).
2026-01-13 14:33:53,854 - INFO - Saved article: GBA Chief directs road widening to improve traffic flow, lake development works across West Corp - The Hindu from The Hindu (244 words)
2026-01-13 14:33:55,354 - INFO - [The Hindu] Article: https://www.thehindu.com/news/national/andhra-pradesh/minister-bharath-hands-over-tidco-houses-to-95-beneficiaries-in-kurnool/article70505568.ece
2026-01-13 14:33:55,354 - INFO - [The Hindu] Attempt 1/1: Trying with 'selenium_browser' strategy...
2026-01-13 14:33:56,299 - INFO - [The Hindu] Page content loaded.
2026-01-13 14:33:56,346 - INFO - [The Hindu] Success with 'selenium_browser'. Found content (245 words).
2026-01-13 14:34:02,758 - ERROR - [Times of India] Request failed for strategy 'selenium_browser' on URL https://timesofindia.indiatimes.com/world/us/leave-by-march-17-trump-ends-temporary-protected-status-for-somali-nationals-amid-major-ice-crackdown-in-minneapolis/articleshow/126507184.cms: HTTPConnectionPool(host='localhost', port=54225): Read timed out. (read timeout=120)
2026-01-13 14:34:02,758 - ERROR - [Times of India] All scrape strategies failed for https://timesofindia.indiatimes.com/world/us/leave-by-march-17-trump-ends-temporary-protected-status-for-somali-nationals-amid-major-ice-crackdown-in-minneapolis/articleshow/126507184.cms. Falling back to RSS description.
2026-01-13 14:34:02,758 - WARNING - SKIPPED (GLOBAL WORD LIMIT): Article 'Leave by March 17: Trump ends Temporary Protected Status for Somali nationals amid major ICE crackdown in Minneapolis' from Times of India has only 3 words (Min: 90).
2026-01-13 14:34:11,102 - INFO - Saved article: Minister Bharath hands over TIDCO houses to 95 beneficiaries in Kurnool - The Hindu from The Hindu (245 words)
2026-01-13 14:34:11,103 - INFO - [Times of India] Article: https://timesofindia.indiatimes.com/world/us/trump-trolled-for-2018-middle-east-policeman-tweet-amid-iran-tensions-and-fresh-strikes-in-the-region/articleshow/126506636.cms
2026-01-13 14:34:11,103 - INFO - [Times of India] Attempt 1/1: Trying with 'selenium_browser' strategy...
2026-01-13 14:34:12,130 - INFO - [The Hindu] Article: https://www.thehindu.com/news/national/kerala/cpim-slams-aisha-pottys-exit/article70505808.ece
2026-01-13 14:34:12,130 - INFO - [The Hindu] Attempt 1/1: Trying with 'selenium_browser' strategy...
2026-01-13 14:34:13,116 - INFO - [The Hindu] Page content loaded.
2026-01-13 14:34:13,200 - INFO - [The Hindu] Success with 'selenium_browser'. Found content (324 words).
2026-01-13 14:34:18,971 - CRITICAL - --- TIMEOUT: 2 scrape jobs did not complete in 300s. ---
2026-01-13 14:34:18,971 - ERROR - A thread has timed out and will be abandoned.
2026-01-13 14:34:18,972 - ERROR - A thread has timed out and will be abandoned.
2026-01-13 14:34:18,972 - INFO - Shutting down thread pool (wait=False)...
2026-01-13 14:34:18,972 - INFO - Scraped: 2 BBC, 6 The Guardian, 2 Timed_Out_Jobs articles. (Total saved: 8)
2026-01-13 14:34:18,972 - INFO - --- Scraping job finished ---
2026-01-13 14:34:18,972 - INFO - --- Scraper service stopped and database connection closed. ---
2026-01-13 14:34:18,972 - INFO - --- Main thread finished. Forcing process exit to kill zombie threads. ---
