2025-12-07 22:22:41,668 - INFO - Loading AI Semantic Model (all-MiniLM-L6-v2)...
2025-12-07 22:22:41,668 - INFO - Use pytorch device_name: cpu
2025-12-07 22:22:41,668 - INFO - Load pretrained SentenceTransformer: all-MiniLM-L6-v2
2025-12-07 22:22:42,132 - INFO - AI Model loaded successfully.
2025-12-07 22:22:42,132 - INFO - Initializing database connection at: news_articles.db
2025-12-07 22:22:42,133 - INFO - --- Scraper service started (CI Mode: Run Once) ---
2025-12-07 22:22:42,133 - INFO - --- Starting new scraping job (Parallel Mode) ---
2025-12-07 22:22:42,133 - INFO - Creating new robust session with 3 retries on 5xx/connection/read errors.
2025-12-07 22:22:42,133 - INFO - Proxy is DISABLED.
2025-12-07 22:22:42,133 - INFO - Starting scrape for BBC RSS feed: http://feeds.bbci.co.uk/news/world/rss.xml
2025-12-07 22:22:42,134 - INFO - [Times of India] (Thread) requires Selenium. Initializing driver...
2025-12-07 22:22:42,134 - INFO - Initializing headless Selenium Chrome driver (using SeleniumManager)...
2025-12-07 22:22:42,135 - INFO - Starting scrape for The Guardian RSS feed: https://www.theguardian.com/world/rss
2025-12-07 22:22:42,136 - INFO - [The Hindu] (Thread) requires Selenium. Initializing driver...
2025-12-07 22:22:42,136 - INFO - Submitted 4 jobs to thread pool. Waiting up to 300s for completion...
2025-12-07 22:22:42,136 - INFO - Initializing headless Selenium Chrome driver (using SeleniumManager)...
2025-12-07 22:22:42,369 - INFO - Found 45 articles in The Guardian RSS feed. Processing up to 20.
2025-12-07 22:22:42,370 - INFO - [The Guardian] Article: https://www.theguardian.com/world/2025/dec/07/release-secured-of-100-kidnapped-nigerian-schoolchildren-but-many-still-being-held
2025-12-07 22:22:42,370 - INFO - [The Guardian] Attempt 1/1: Trying with 'requests_browser' strategy...
2025-12-07 22:22:42,384 - INFO - Found 31 articles in BBC RSS feed. Processing up to 20.
2025-12-07 22:22:42,384 - INFO - [BBC] Article: https://www.bbc.com/news/articles/cpvd01g2kwwo?at_medium=RSS&at_campaign=rss
2025-12-07 22:22:42,384 - INFO - [BBC] Attempt 1/1: Trying with 'requests_browser' strategy...
2025-12-07 22:22:42,410 - INFO - [The Guardian] Success with 'requests_browser'. Found content (413 words).
2025-12-07 22:22:42,593 - INFO - [BBC] Success with 'requests_browser'. Found content (605 words).
2025-12-07 22:22:43,396 - INFO - Selenium driver initialized successfully.
2025-12-07 22:22:43,396 - INFO - Starting scrape for Times of India RSS feed: https://timesofindia.indiatimes.com/rssfeeds/296589292.cms
2025-12-07 22:22:43,407 - INFO - Selenium driver initialized successfully.
2025-12-07 22:22:43,407 - INFO - Starting scrape for The Hindu RSS feed: https://www.thehindu.com/news/national/feeder/default.rss
2025-12-07 22:22:43,584 - INFO - Found 20 articles in Times of India RSS feed. Processing up to 20.
2025-12-07 22:22:43,584 - INFO - [Times of India] Article: https://timesofindia.indiatimes.com/world/us/you-have-to-send-usha-back-to-india-row-erupts-over-jd-vance-saying-mass-migration-is-theft-of-the-american-dream/articleshow/125821737.cms
2025-12-07 22:22:43,584 - INFO - [Times of India] Attempt 1/1: Trying with 'selenium_browser' strategy...
2025-12-07 22:22:43,626 - INFO - Found 100 articles in The Hindu RSS feed. Processing up to 20.
2025-12-07 22:22:43,626 - INFO - [The Hindu] Article: https://www.thehindu.com/news/national/world-becoming-more-multi-polar-makes-compelling-case-for-deeper-multilateralism-jaishankar/article70370004.ece
2025-12-07 22:22:43,626 - INFO - [The Hindu] Attempt 1/1: Trying with 'selenium_browser' strategy...
2025-12-07 22:22:50,511 - INFO - [The Hindu] Page content loaded.
2025-12-07 22:22:50,814 - INFO - [The Hindu] Success with 'selenium_browser'. Found content (745 words).
2025-12-07 22:23:16,541 - INFO - Saved article: Nigerian state secures release of 100 out of 265 kidnapped schoolchildren | Nigeria | The Guardian from The Guardian
2025-12-07 22:23:16,542 - INFO - Duplicate article skipped: New US security strategy aligns with Russia's vision, Moscow says from BBC
2025-12-07 22:23:17,293 - INFO - [The Guardian] Article: https://www.theguardian.com/world/2025/dec/07/troops-and-warplanes-deployed-in-benin-after-failed-coup-attempt
2025-12-07 22:23:17,293 - INFO - [The Guardian] Attempt 1/1: Trying with 'requests_browser' strategy...
2025-12-07 22:23:17,382 - INFO - [The Guardian] Success with 'requests_browser'. Found content (480 words).
2025-12-07 22:23:17,445 - INFO - [BBC] Article: https://www.bbc.com/news/articles/c62v7n9wzkyo?at_medium=RSS&at_campaign=rss
2025-12-07 22:23:17,445 - INFO - [BBC] Attempt 1/1: Trying with 'requests_browser' strategy...
2025-12-07 22:23:17,636 - INFO - [BBC] Success with 'requests_browser'. Found content (986 words).
2025-12-07 22:23:29,445 - INFO - Saved article: World becoming more multi-polar makes compelling case for deeper multilateralism: Jaishankar - The Hindu from The Hindu
2025-12-07 22:23:29,445 - INFO - Duplicate article skipped: Troops and warplanes deployed in Benin after ‘failed coup attempt’ | Benin | The Guardian from The Guardian
2025-12-07 22:23:29,445 - INFO - Duplicate article skipped: Benin coup thwarted by loyalist troops, President Talon tells nation from BBC
2025-12-07 22:23:30,329 - INFO - [The Hindu] Article: https://www.thehindu.com/news/national/russian-strikes-kill-4-in-ukraine-as-kremlin-praises-new-us-security-strategy/article70370099.ece
2025-12-07 22:23:30,329 - INFO - [The Hindu] Attempt 1/1: Trying with 'selenium_browser' strategy...
2025-12-07 22:23:30,399 - INFO - [BBC] Article: https://www.bbc.com/news/articles/cdj82d0nd4eo?at_medium=RSS&at_campaign=rss
2025-12-07 22:23:30,399 - INFO - [BBC] Attempt 1/1: Trying with 'requests_browser' strategy...
2025-12-07 22:23:30,465 - INFO - [BBC] Success with 'requests_browser'. Found content (598 words).
2025-12-07 22:23:30,552 - INFO - Duplicate article skipped: India: Goa nightclub fire kills 25 staff and tourists from BBC
2025-12-07 22:23:30,587 - INFO - [The Guardian] Article: https://www.theguardian.com/world/2025/dec/06/gunmen-kill-pretoria-south-african-hostel
2025-12-07 22:23:30,587 - INFO - [The Guardian] Attempt 1/1: Trying with 'requests_browser' strategy...
2025-12-07 22:23:30,662 - INFO - [The Guardian] Success with 'requests_browser'. Found content (285 words).
2025-12-07 22:23:30,763 - INFO - Duplicate article skipped: Gunmen kill at least 12 people including three-year-old in hostel in South Africa | South Africa | The Guardian from The Guardian
2025-12-07 22:23:31,157 - INFO - [BBC] Article: https://www.bbc.com/news/articles/cz680jx511no?at_medium=RSS&at_campaign=rss
2025-12-07 22:23:31,157 - INFO - [BBC] Attempt 1/1: Trying with 'requests_browser' strategy...
2025-12-07 22:23:31,237 - INFO - [BBC] Success with 'requests_browser'. Found content (599 words).
2025-12-07 22:23:31,323 - INFO - [The Guardian] Article: https://www.theguardian.com/world/2025/dec/05/people-flee-dr-congo-fighting-one-day-after-peace-deal-signed-in-washington
2025-12-07 22:23:31,323 - INFO - [The Guardian] Attempt 1/1: Trying with 'requests_browser' strategy...
2025-12-07 22:23:31,415 - INFO - Duplicate article skipped: Ukrainian city hit by 'massive' strike as peace talks in US conclude from BBC
2025-12-07 22:23:31,501 - INFO - [The Guardian] Success with 'requests_browser'. Found content (411 words).
2025-12-07 22:23:31,661 - INFO - Duplicate article skipped: People flee DR Congo fighting one day after peace deal signed in Washington | Democratic Republic of the Congo | The Guardian from The Guardian
2025-12-07 22:23:32,635 - INFO - [BBC] Article: https://www.bbc.com/news/articles/c3r7plnwr0zo?at_medium=RSS&at_campaign=rss
2025-12-07 22:23:32,636 - INFO - [BBC] Attempt 1/1: Trying with 'requests_browser' strategy...
2025-12-07 22:23:32,687 - INFO - [BBC] Success with 'requests_browser'. Found content (1001 words).
2025-12-07 22:23:32,751 - INFO - Duplicate article skipped: LegCo: Hong Kong votes in election as city mourns deadly fire from BBC
2025-12-07 22:23:32,807 - INFO - [The Guardian] Article: https://www.theguardian.com/global-development/2025/dec/05/rsf-massacres-sudanese-city-el-fasher-slaughterhouse-satellite-images
2025-12-07 22:23:32,807 - INFO - [The Guardian] Attempt 1/1: Trying with 'requests_browser' strategy...
2025-12-07 22:23:32,844 - INFO - [The Guardian] Success with 'requests_browser'. Found content (684 words).
2025-12-07 22:23:32,908 - INFO - Duplicate article skipped: RSF massacres left Sudanese city ‘a slaughterhouse’, satellite images show | Global development | The Guardian from The Guardian
2025-12-07 22:23:33,118 - INFO - [The Hindu] Page content loaded.
2025-12-07 22:23:33,184 - INFO - [The Hindu] Success with 'selenium_browser'. Found content (514 words).
2025-12-07 22:23:33,259 - INFO - Duplicate article skipped: Russian strikes kill 4 in Ukraine as Kremlin praises new U.S. security strategy - The Hindu from The Hindu
2025-12-07 22:23:33,820 - INFO - [The Guardian] Article: https://www.theguardian.com/world/2025/dec/06/magnitude-7-earthquake-alaska-canada
2025-12-07 22:23:33,820 - INFO - [The Guardian] Attempt 1/1: Trying with 'requests_browser' strategy...
2025-12-07 22:23:33,851 - INFO - [The Guardian] Success with 'requests_browser'. Found content (209 words).
2025-12-07 22:23:33,887 - INFO - Duplicate article skipped: Magnitude 7.0 earthquake strikes remote area near Alaska-Canada border | Earthquakes | The Guardian from The Guardian
2025-12-07 22:23:34,061 - INFO - [BBC] Article: https://www.bbc.com/news/videos/ckgm4yjl214o?at_medium=RSS&at_campaign=rss
2025-12-07 22:23:34,062 - INFO - [BBC] Attempt 1/1: Trying with 'requests_browser' strategy...
2025-12-07 22:23:34,167 - INFO - [BBC] Success with 'requests_browser'. Found content (90 words).
2025-12-07 22:23:34,211 - INFO - Duplicate article skipped: Watch: Moment Hawaii volcano eruption engulfs camera from BBC
2025-12-07 22:23:34,679 - INFO - [The Hindu] Article: https://www.thehindu.com/news/national/uttar-pradesh/panic-grips-assam-migrant-workers-facing-eviction-in-up/article70370111.ece
2025-12-07 22:23:34,679 - INFO - [The Hindu] Attempt 1/1: Trying with 'selenium_browser' strategy...
2025-12-07 22:23:34,753 - INFO - [BBC] Article: https://www.bbc.com/news/articles/c98nldr06l2o?at_medium=RSS&at_campaign=rss
2025-12-07 22:23:34,753 - INFO - [BBC] Attempt 1/1: Trying with 'requests_browser' strategy...
2025-12-07 22:23:34,796 - INFO - [BBC] Success with 'requests_browser'. Found content (410 words).
2025-12-07 22:23:34,836 - INFO - Duplicate article skipped: Chernobyl radiation shield 'lost safety function' after drone strike, UN watchdog says from BBC
2025-12-07 22:23:35,050 - INFO - [The Guardian] Article: https://www.theguardian.com/world/2025/dec/06/venezuela-oil-trump-maduro
2025-12-07 22:23:35,051 - INFO - [The Guardian] Attempt 1/1: Trying with 'requests_browser' strategy...
2025-12-07 22:23:35,102 - INFO - [The Guardian] Success with 'requests_browser'. Found content (863 words).
2025-12-07 22:23:35,170 - INFO - Duplicate article skipped: Maduro says the real reason for Trump’s Venezuela fixation is oil – is he right? | Venezuela | The Guardian from The Guardian
2025-12-07 22:23:35,735 - INFO - [The Hindu] Page content loaded.
2025-12-07 22:23:35,806 - INFO - [The Hindu] Success with 'selenium_browser'. Found content (508 words).
2025-12-07 22:23:35,897 - INFO - Duplicate article skipped: Panic grips Assam migrant workers facing eviction in U.P. - The Hindu from The Hindu
2025-12-07 22:23:36,064 - INFO - [BBC] Article: https://www.bbc.com/news/articles/crmd44yz7nmo?at_medium=RSS&at_campaign=rss
2025-12-07 22:23:36,064 - INFO - [BBC] Attempt 1/1: Trying with 'requests_browser' strategy...
2025-12-07 22:23:36,209 - INFO - [BBC] Success with 'requests_browser'. Found content (405 words).
2025-12-07 22:23:36,323 - INFO - Duplicate article skipped: Katy Perry posts photo with Justin Trudeau in Japan from BBC
2025-12-07 22:23:36,584 - INFO - [The Guardian] Article: https://www.theguardian.com/us-news/2025/dec/05/us-airstrike-survivors-clung-to-boat-wreckage-for-an-hour-before-second-deadly-attack-video-shows
2025-12-07 22:23:36,584 - INFO - [The Guardian] Attempt 1/1: Trying with 'requests_browser' strategy...
2025-12-07 22:23:36,628 - INFO - [The Guardian] Success with 'requests_browser'. Found content (1016 words).
2025-12-07 22:23:36,679 - INFO - Duplicate article skipped: US airstrike survivors clung to boat wreckage for an hour before second deadly attack, video shows | US military | The Guardian from The Guardian
2025-12-07 22:23:37,102 - INFO - [The Hindu] Article: https://www.thehindu.com/news/national/uttarakhand/stone-pelting-on-bajrang-dals-procession-in-haridwar-heavy-police-force-deployed/article70370068.ece
2025-12-07 22:23:37,102 - INFO - [The Hindu] Attempt 1/1: Trying with 'selenium_browser' strategy...
2025-12-07 22:23:37,146 - INFO - [BBC] Article: https://www.bbc.com/news/articles/cqjgydnwxrpo?at_medium=RSS&at_campaign=rss
2025-12-07 22:23:37,146 - INFO - [BBC] Attempt 1/1: Trying with 'requests_browser' strategy...
2025-12-07 22:23:37,181 - INFO - [BBC] Success with 'requests_browser'. Found content (393 words).
2025-12-07 22:23:37,225 - INFO - Duplicate article skipped: Death toll passes 900 after devastating Indonesia floods from BBC
2025-12-07 22:23:37,761 - INFO - [The Guardian] Article: https://www.theguardian.com/us-news/2025/dec/05/neo-nazi-base-leader-on-terrorism-arrest
2025-12-07 22:23:37,761 - INFO - [The Guardian] Attempt 1/1: Trying with 'requests_browser' strategy...
2025-12-07 22:23:37,804 - INFO - [The Guardian] Success with 'requests_browser'. Found content (1072 words).
2025-12-07 22:23:37,860 - INFO - Duplicate article skipped: US leader of global neo-Nazi terrorist group signals retribution for arrests | Far right (US) | The Guardian from The Guardian
2025-12-07 22:23:37,874 - INFO - [BBC] Article: https://www.bbc.com/news/articles/cwyw5vwrp9jo?at_medium=RSS&at_campaign=rss
2025-12-07 22:23:37,874 - INFO - [BBC] Attempt 1/1: Trying with 'requests_browser' strategy...
2025-12-07 22:23:37,921 - INFO - [BBC] Success with 'requests_browser'. Found content (543 words).
2025-12-07 22:23:38,181 - INFO - Duplicate article skipped: Trump criticises Henry Cuellar over not switching parties after pardon from BBC
2025-12-07 22:23:38,215 - INFO - [The Hindu] Page content loaded.
2025-12-07 22:23:38,273 - INFO - [The Hindu] Success with 'selenium_browser'. Found content (235 words).
2025-12-07 22:23:38,327 - INFO - Duplicate article skipped: Stone-pelting on Bajrang Dal's procession in Haridwar; heavy police force deployed - The Hindu from The Hindu
2025-12-07 22:23:39,184 - INFO - [The Hindu] Article: https://www.thehindu.com/news/national/kerala/voters-who-participated-in-campco-society-election-in-a-spot/article70369630.ece
2025-12-07 22:23:39,184 - INFO - [The Hindu] Attempt 1/1: Trying with 'selenium_browser' strategy...
2025-12-07 22:23:39,221 - INFO - [The Guardian] Article: https://www.theguardian.com/politics/audio/2025/dec/05/donald-trump-about-to-invade-venezuela-podcast
2025-12-07 22:23:39,222 - INFO - [The Guardian] Attempt 1/1: Trying with 'requests_browser' strategy...
2025-12-07 22:23:39,362 - WARNING - [The Guardian] FAILED with 'requests_browser' (content was too short: 72 words).
2025-12-07 22:23:39,362 - ERROR - [The Guardian] All scrape strategies failed for https://www.theguardian.com/politics/audio/2025/dec/05/donald-trump-about-to-invade-venezuela-podcast. Falling back to RSS description.
2025-12-07 22:23:39,363 - INFO - Duplicate article skipped: “This is war”: Is Trump about to invade Venezuela? – podcast from The Guardian
2025-12-07 22:23:39,536 - INFO - [BBC] Article: https://www.bbc.com/news/articles/cr7l4n89lr1o?at_medium=RSS&at_campaign=rss
2025-12-07 22:23:39,536 - INFO - [BBC] Attempt 1/1: Trying with 'requests_browser' strategy...
2025-12-07 22:23:39,573 - INFO - [BBC] Success with 'requests_browser'. Found content (441 words).
2025-12-07 22:23:39,614 - INFO - Duplicate article skipped: National Park Service removes free entry on Martin Luther King Jr Day and Juneteenth from BBC
2025-12-07 22:23:40,187 - INFO - [The Hindu] Page content loaded.
2025-12-07 22:23:40,282 - INFO - [The Hindu] Success with 'selenium_browser'. Found content (180 words).
2025-12-07 22:23:40,311 - INFO - [The Guardian] Article: https://www.theguardian.com/world/2025/dec/07/hostile-powers-spying-universities-canada-former-security-chief
2025-12-07 22:23:40,311 - INFO - [The Guardian] Attempt 1/1: Trying with 'requests_browser' strategy...
2025-12-07 22:23:40,357 - INFO - Duplicate article skipped: Voters who participated in Campco society election in a spot - The Hindu from The Hindu
2025-12-07 22:23:40,381 - INFO - [The Guardian] Success with 'requests_browser'. Found content (836 words).
2025-12-07 22:23:40,443 - INFO - Duplicate article skipped: Hostile powers sending spies to west’s universities, says former security chief | Espionage | The Guardian from The Guardian
2025-12-07 22:23:40,477 - INFO - [BBC] Article: https://www.bbc.com/news/videos/czdg0598ry0o?at_medium=RSS&at_campaign=rss
2025-12-07 22:23:40,477 - INFO - [BBC] Attempt 1/1: Trying with 'requests_browser' strategy...
2025-12-07 22:23:40,937 - INFO - [BBC] Success with 'requests_browser'. Found content (202 words).
2025-12-07 22:23:41,015 - INFO - Duplicate article skipped: Olympic flame arrives in Rome ahead of Winter Olympics from BBC
2025-12-07 22:23:41,486 - INFO - [The Hindu] Article: https://www.thehindu.com/news/cities/bangalore/congress-backed-candidates-secure-majority-in-bdcc-bank-polls/article70369166.ece
2025-12-07 22:23:41,486 - INFO - [The Hindu] Attempt 1/1: Trying with 'selenium_browser' strategy...
2025-12-07 22:23:41,634 - INFO - [The Guardian] Article: https://www.theguardian.com/news/2025/dec/06/dont-say-we-didnt-warn-you-beijing-summons-journalists-in-hong-kong-after-fire
2025-12-07 22:23:41,634 - INFO - [The Guardian] Attempt 1/1: Trying with 'requests_browser' strategy...
2025-12-07 22:23:41,681 - INFO - [The Guardian] Success with 'requests_browser'. Found content (383 words).
2025-12-07 22:23:41,737 - INFO - Duplicate article skipped: ‘Don’t say we didn’t warn you’: Hong Kong foreign media told not to cause trouble after fire | Hong Kong apartment fires | The Guardian from The Guardian
2025-12-07 22:23:41,885 - INFO - [BBC] Article: https://www.bbc.com/news/articles/c3e0z97qn3eo?at_medium=RSS&at_campaign=rss
2025-12-07 22:23:41,885 - INFO - [BBC] Attempt 1/1: Trying with 'requests_browser' strategy...
2025-12-07 22:23:41,935 - INFO - [BBC] Success with 'requests_browser'. Found content (429 words).
2025-12-07 22:23:41,988 - INFO - Duplicate article skipped: Iran arrests marathon organisers over women not wearing hijab from BBC
2025-12-07 22:23:42,281 - INFO - [The Hindu] Page content loaded.
2025-12-07 22:23:42,296 - INFO - [The Guardian] Article: https://www.theguardian.com/stage/2025/dec/05/jeremy-o-harris-arrested-japan
2025-12-07 22:23:42,296 - INFO - [The Guardian] Attempt 1/1: Trying with 'requests_browser' strategy...
2025-12-07 22:23:42,338 - INFO - [The Guardian] Success with 'requests_browser'. Found content (336 words).
2025-12-07 22:23:42,423 - INFO - Duplicate article skipped: Playwright Jeremy O Harris arrested in Japan for alleged drug smuggling | Jeremy O Harris | The Guardian from The Guardian
2025-12-07 22:23:42,502 - INFO - [The Hindu] Success with 'selenium_browser'. Found content (310 words).
2025-12-07 22:23:42,593 - INFO - [BBC] Article: https://www.bbc.com/news/articles/c0q5lejppeno?at_medium=RSS&at_campaign=rss
2025-12-07 22:23:42,594 - INFO - [BBC] Attempt 1/1: Trying with 'requests_browser' strategy...
2025-12-07 22:23:42,596 - INFO - Duplicate article skipped: Congress-backed candidates secure majority in BDCC Bank polls - The Hindu from The Hindu
2025-12-07 22:23:42,641 - INFO - [BBC] Success with 'requests_browser'. Found content (386 words).
2025-12-07 22:23:42,696 - INFO - Duplicate article skipped: National Guardsman 'slowly healing' after being shot in Washington DC from BBC
2025-12-07 22:23:43,580 - INFO - [The Guardian] Article: https://www.theguardian.com/world/2025/dec/05/police-say-recovered-faberge-pendant-after-new-zealand-man-allegedly-swallowed-it
2025-12-07 22:23:43,580 - INFO - [The Guardian] Attempt 1/1: Trying with 'requests_browser' strategy...
2025-12-07 22:23:43,612 - INFO - [The Guardian] Success with 'requests_browser'. Found content (341 words).
2025-12-07 22:23:43,653 - INFO - Duplicate article skipped: Patient police say they have recovered Fabergé pendant from man accused of swallowing it | New Zealand | The Guardian from The Guardian
2025-12-07 22:23:43,809 - INFO - [The Hindu] Article: https://www.thehindu.com/news/national/jammu-and-kashmir/youth-share-tales-of-harassment-at-pdp-meet-on-why-kashmiri-professionals-are-turning-to-violence/article70369326.ece
2025-12-07 22:23:43,809 - INFO - [The Hindu] Attempt 1/1: Trying with 'selenium_browser' strategy...
2025-12-07 22:23:43,866 - INFO - [BBC] Article: https://www.bbc.com/news/articles/cpd61d0jl6no?at_medium=RSS&at_campaign=rss
2025-12-07 22:23:43,866 - INFO - [BBC] Attempt 1/1: Trying with 'requests_browser' strategy...
2025-12-07 22:23:43,937 - INFO - [BBC] Success with 'requests_browser'. Found content (341 words).
2025-12-07 22:23:43,984 - INFO - Duplicate article skipped: Deadly attack on kindergarten reported in Sudan from BBC
2025-12-07 22:23:44,877 - INFO - [The Hindu] Page content loaded.
2025-12-07 22:23:45,002 - INFO - [BBC] Article: https://www.bbc.com/news/articles/c4g9e34yzvgo?at_medium=RSS&at_campaign=rss
2025-12-07 22:23:45,002 - INFO - [BBC] Attempt 1/1: Trying with 'requests_browser' strategy...
2025-12-07 22:23:45,049 - INFO - [The Guardian] Article: https://www.theguardian.com/world/2025/dec/05/baby-fur-seal-wanders-into-bar-in-new-zealand
2025-12-07 22:23:45,049 - INFO - [The Guardian] Attempt 1/1: Trying with 'requests_browser' strategy...
2025-12-07 22:23:45,080 - INFO - [BBC] Success with 'requests_browser'. Found content (687 words).
2025-12-07 22:23:45,188 - INFO - Duplicate article skipped: Japan is facing a dementia crisis – can technology help? from BBC
2025-12-07 22:23:45,208 - INFO - [The Guardian] Success with 'requests_browser'. Found content (425 words).
2025-12-07 22:23:45,306 - INFO - Duplicate article skipped: Baby fur seal wanders into a bar in New Zealand | New Zealand | The Guardian from The Guardian
2025-12-07 22:23:45,609 - INFO - [The Hindu] Success with 'selenium_browser'. Found content (786 words).
2025-12-07 22:23:45,773 - INFO - [BBC] Article: https://www.bbc.com/news/articles/crk7xgzj8y8o?at_medium=RSS&at_campaign=rss
2025-12-07 22:23:45,773 - INFO - [BBC] Attempt 1/1: Trying with 'requests_browser' strategy...
2025-12-07 22:23:45,856 - INFO - Duplicate article skipped: Youth share tales of harassment at PDP meet on why Kashmiri professionals are turning to violence - The Hindu from The Hindu
2025-12-07 22:23:45,937 - INFO - [BBC] Success with 'requests_browser'. Found content (2194 words).
2025-12-07 22:23:46,025 - INFO - Duplicate article skipped: Social media ban: Can you ban kids from social media? Australia is about to try from BBC
2025-12-07 22:23:46,608 - INFO - [The Guardian] Article: https://www.theguardian.com/australia-news/live/2025/dec/08/australia-news-live-politics-coalition-housing-policy-liberal-labor-vic-nsw-qld-tasmania-weather-bushfires-economy-education-health-social-media-cost-of-living
2025-12-07 22:23:46,608 - INFO - [The Guardian] Attempt 1/1: Trying with 'requests_browser' strategy...
2025-12-07 22:23:47,010 - INFO - [The Guardian] Success with 'requests_browser'. Found content (2309 words).
2025-12-07 22:23:47,271 - INFO - [The Hindu] Article: https://www.thehindu.com/news/national/kerala/high-pitched-campaign-for-local-body-polls-ends-in-ernakulam/article70369125.ece
2025-12-07 22:23:47,276 - INFO - [The Hindu] Attempt 1/1: Trying with 'selenium_browser' strategy...
2025-12-07 22:23:47,277 - INFO - Duplicate article skipped: Australia news live: Bragg says ‘every back yard’ could fit a new house or granny flat as he ties Liberal party’s future to housing | Australia news | The Guardian from The Guardian
2025-12-07 22:23:47,313 - INFO - [BBC] Article: https://www.bbc.com/news/articles/ce86z84e947o?at_medium=RSS&at_campaign=rss
2025-12-07 22:23:47,313 - INFO - [BBC] Attempt 1/1: Trying with 'requests_browser' strategy...
2025-12-07 22:23:47,365 - INFO - [BBC] Success with 'requests_browser'. Found content (897 words).
2025-12-07 22:23:47,411 - INFO - Duplicate article skipped: Bethlehem Christmas tree lights up for first time since start of Gaza war from BBC
2025-12-07 22:23:48,213 - INFO - [The Guardian] Article: https://www.theguardian.com/australia-news/2025/dec/08/firefighter-dies-in-nsw-as-premier-warns-of-foreboding-start-to-states-bushfire-season
2025-12-07 22:23:48,213 - INFO - [The Guardian] Attempt 1/1: Trying with 'requests_browser' strategy...
2025-12-07 22:23:48,320 - INFO - [The Hindu] Page content loaded.
2025-12-07 22:23:48,331 - INFO - [BBC] Article: https://www.bbc.com/weather/articles/c4g4ey8zxnzo?at_medium=RSS&at_campaign=rss
2025-12-07 22:23:48,331 - INFO - [BBC] Attempt 1/1: Trying with 'requests_browser' strategy...
2025-12-07 22:23:48,365 - INFO - [The Guardian] Success with 'requests_browser'. Found content (546 words).
2025-12-07 22:23:48,430 - INFO - Duplicate article skipped: Firefighter dies in NSW as premier warns of ‘foreboding’ start to bushfire season | New South Wales | The Guardian from The Guardian
2025-12-07 22:23:48,453 - INFO - [BBC] Success with 'requests_browser'. Found content (756 words).
2025-12-07 22:23:48,496 - INFO - Duplicate article skipped: How solar storms that cause the Northern Lights have the power to wreak havoc on Earth - BBC Weather from BBC
2025-12-07 22:23:48,500 - INFO - [The Hindu] Success with 'selenium_browser'. Found content (518 words).
2025-12-07 22:23:48,589 - INFO - Duplicate article skipped: High-pitched campaign for local body polls ends in Ernakulam - The Hindu from The Hindu
2025-12-07 22:23:49,457 - INFO - [BBC] Article: https://www.bbc.com/news/articles/c0qlgx275jqo?at_medium=RSS&at_campaign=rss
2025-12-07 22:23:49,457 - INFO - [BBC] Attempt 1/1: Trying with 'requests_browser' strategy...
2025-12-07 22:23:49,511 - INFO - [BBC] Success with 'requests_browser'. Found content (227 words).
2025-12-07 22:23:49,558 - INFO - Duplicate article skipped: Frank Gehry's most iconic work - in pictures from BBC
2025-12-07 22:23:49,746 - INFO - [The Hindu] Article: https://www.thehindu.com/news/national/tamil-nadu/more-than-half-of-tamil-estampages-covered-under-asis-ongoing-digitisation-drive/article70368749.ece
2025-12-07 22:23:49,746 - INFO - [The Hindu] Attempt 1/1: Trying with 'selenium_browser' strategy...
2025-12-07 22:23:49,798 - INFO - [The Guardian] Article: https://www.theguardian.com/australia-news/2025/dec/07/disaster-declared-as-nsw-firefighters-continue-to-battle-20-uncontained-bushfires
2025-12-07 22:23:49,799 - INFO - [The Guardian] Attempt 1/1: Trying with 'requests_browser' strategy...
2025-12-07 22:23:50,276 - INFO - [The Guardian] Success with 'requests_browser'. Found content (669 words).
2025-12-07 22:23:50,350 - INFO - Duplicate article skipped: Anthony Albanese warns of ‘difficult’ bushfire season ahead as almost 40 homes lost in NSW and Tasmania | Bushfires | The Guardian from The Guardian
2025-12-07 22:23:51,029 - INFO - [The Hindu] Page content loaded.
2025-12-07 22:23:51,120 - INFO - [The Hindu] Success with 'selenium_browser'. Found content (273 words).
2025-12-07 22:23:51,214 - INFO - Duplicate article skipped: More than half of Tamil estampages covered under ASI’s ongoing digitisation drive - The Hindu from The Hindu
2025-12-07 22:23:51,566 - INFO - [The Guardian] Article: https://www.theguardian.com/australia-news/2025/dec/08/australians-buying-iron-supplements-containing-little-more-iron-than-a-slice-of-bread-experts-warn
2025-12-07 22:23:51,566 - INFO - [The Guardian] Attempt 1/1: Trying with 'requests_browser' strategy...
2025-12-07 22:23:51,688 - INFO - [The Guardian] Success with 'requests_browser'. Found content (736 words).
2025-12-07 22:23:51,786 - INFO - Duplicate article skipped: Australians buying ‘iron supplements’ containing little more iron than a slice of bread, experts warn | Health | The Guardian from The Guardian
2025-12-07 22:23:52,079 - INFO - [The Hindu] Article: https://www.thehindu.com/news/national/jharkhand/bjp-to-raise-issues-related-to-scholarships-paddy-procurement-in-jharkhand-assemblys-winter-session/article70370009.ece
2025-12-07 22:23:52,080 - INFO - [The Hindu] Attempt 1/1: Trying with 'selenium_browser' strategy...
2025-12-07 22:23:52,474 - INFO - [The Guardian] Article: https://www.theguardian.com/australia-news/2025/dec/08/queensland-museum-accused-of-misleading-teachers-and-children-about-the-cause-of-climate-change
2025-12-07 22:23:52,474 - INFO - [The Guardian] Attempt 1/1: Trying with 'requests_browser' strategy...
2025-12-07 22:23:52,602 - INFO - [The Guardian] Success with 'requests_browser'. Found content (681 words).
2025-12-07 22:23:52,653 - INFO - Duplicate article skipped: Queensland Museum accused of misleading teachers and children about the cause of climate change | Queensland | The Guardian from The Guardian
2025-12-07 22:23:53,267 - INFO - [The Hindu] Page content loaded.
2025-12-07 22:23:53,422 - INFO - [The Hindu] Success with 'selenium_browser'. Found content (273 words).
2025-12-07 22:23:53,564 - INFO - Duplicate article skipped: BJP to raise issues related to scholarships, paddy procurement in Jharkhand Assembly's winter session - The Hindu from The Hindu
2025-12-07 22:23:54,450 - INFO - [The Hindu] Article: https://www.thehindu.com/news/national/kerala/iuml-leader-clarifies-daughters-remarks-on-women-entering-mosques/article70370032.ece
2025-12-07 22:23:54,450 - INFO - [The Hindu] Attempt 1/1: Trying with 'selenium_browser' strategy...
2025-12-07 22:23:55,566 - INFO - [The Hindu] Page content loaded.
2025-12-07 22:23:55,614 - INFO - [The Hindu] Success with 'selenium_browser'. Found content (230 words).
2025-12-07 22:23:55,676 - INFO - Duplicate article skipped: IUML leader clarifies daughter’s remarks on women entering mosques - The Hindu from The Hindu
2025-12-07 22:23:56,875 - INFO - [The Hindu] Article: https://www.thehindu.com/opinion/op-ed/telangana-needs-more-buses/article70369168.ece
2025-12-07 22:23:56,876 - INFO - [The Hindu] Attempt 1/1: Trying with 'selenium_browser' strategy...
2025-12-07 22:23:58,185 - INFO - [The Hindu] Page content loaded.
2025-12-07 22:23:58,250 - INFO - [The Hindu] Success with 'selenium_browser'. Found content (728 words).
2025-12-07 22:23:58,313 - INFO - Duplicate article skipped: Telangana needs more buses - The Hindu from The Hindu
2025-12-07 22:23:59,656 - INFO - [The Hindu] Article: https://www.thehindu.com/opinion/op-ed/a-black-friday-for-aviation-safety-in-india/article70369412.ece
2025-12-07 22:23:59,656 - INFO - [The Hindu] Attempt 1/1: Trying with 'selenium_browser' strategy...
2025-12-07 22:24:00,972 - INFO - [The Hindu] Page content loaded.
2025-12-07 22:24:01,034 - INFO - [The Hindu] Success with 'selenium_browser'. Found content (1031 words).
2025-12-07 22:24:01,097 - INFO - Duplicate article skipped: A black Friday for aviation safety in India - The Hindu from The Hindu
2025-12-07 22:24:01,796 - INFO - [The Hindu] Article: https://www.thehindu.com/news/cities/Hyderabad/navy-band-sets-tempo-for-public-concert-in-hyderabad/article70369421.ece
2025-12-07 22:24:01,796 - INFO - [The Hindu] Attempt 1/1: Trying with 'selenium_browser' strategy...
2025-12-07 22:24:02,677 - INFO - [The Hindu] Page content loaded.
2025-12-07 22:24:02,759 - INFO - [The Hindu] Success with 'selenium_browser'. Found content (167 words).
2025-12-07 22:24:02,841 - INFO - Duplicate article skipped: Navy band sets tempo for public concert in Hyderabad - The Hindu from The Hindu
2025-12-07 22:24:03,938 - INFO - [The Hindu] Article: https://www.thehindu.com/news/national/haryana/had-no-choice-but-to-back-bjp-in-2019-dushyant-chautala/article70369419.ece
2025-12-07 22:24:03,938 - INFO - [The Hindu] Attempt 1/1: Trying with 'selenium_browser' strategy...
2025-12-07 22:24:04,574 - INFO - [The Hindu] Page content loaded.
2025-12-07 22:24:04,617 - INFO - [The Hindu] Success with 'selenium_browser'. Found content (559 words).
2025-12-07 22:24:04,704 - INFO - Duplicate article skipped: Had no choice but to back BJP in 2019: Dushyant Chautala - The Hindu from The Hindu
2025-12-07 22:24:05,842 - INFO - [The Hindu] Article: https://www.thehindu.com/news/national/tamil-nadu/rahul-bhattacharyas-rail-song-resonates-at-the-hindu-lit-for-life-unplugged/article70369729.ece
2025-12-07 22:24:05,842 - INFO - [The Hindu] Attempt 1/1: Trying with 'selenium_browser' strategy...
2025-12-07 22:24:07,650 - INFO - [The Hindu] Page content loaded.
2025-12-07 22:24:07,713 - INFO - [The Hindu] Success with 'selenium_browser'. Found content (251 words).
2025-12-07 22:24:07,963 - INFO - Duplicate article skipped: Rahul Bhattacharya’s Rail Song Resonates at The Hindu Lit for Life Unplugged - The Hindu from The Hindu
2025-12-07 22:24:09,009 - INFO - [The Hindu] Article: https://www.thehindu.com/news/national/watch-all-officials-found-guilty-will-be-suspended-goa-cm-pramod-sawant/article70370014.ece
2025-12-07 22:24:09,009 - INFO - [The Hindu] Attempt 1/1: Trying with 'selenium_browser' strategy...
2025-12-07 22:24:10,699 - INFO - [The Hindu] Page content loaded.
2025-12-07 22:24:10,781 - WARNING - [The Hindu] FAILED with 'selenium_browser' (content was too short: 73 words).
2025-12-07 22:24:10,781 - ERROR - [The Hindu] All scrape strategies failed for https://www.thehindu.com/news/national/watch-all-officials-found-guilty-will-be-suspended-goa-cm-pramod-sawant/article70370014.ece. Falling back to RSS description.
2025-12-07 22:24:10,781 - INFO - Duplicate article skipped: Watch: All officials found guilty will be suspended: Goa CM Pramod Sawant from The Hindu
2025-12-07 22:24:11,763 - INFO - [The Hindu] Article: https://www.thehindu.com/news/national/telangana/australia-unveils-education-reforms-reassures-indian-students-on-safety/article70369848.ece
2025-12-07 22:24:11,763 - INFO - [The Hindu] Attempt 1/1: Trying with 'selenium_browser' strategy...
2025-12-07 22:24:43,635 - ERROR - [Times of India] Request failed for strategy 'selenium_browser' on URL https://timesofindia.indiatimes.com/world/us/you-have-to-send-usha-back-to-india-row-erupts-over-jd-vance-saying-mass-migration-is-theft-of-the-american-dream/articleshow/125821737.cms: HTTPConnectionPool(host='localhost', port=48673): Read timed out. (read timeout=120)
2025-12-07 22:24:43,635 - ERROR - [Times of India] All scrape strategies failed for https://timesofindia.indiatimes.com/world/us/you-have-to-send-usha-back-to-india-row-erupts-over-jd-vance-saying-mass-migration-is-theft-of-the-american-dream/articleshow/125821737.cms. Falling back to RSS description.
2025-12-07 22:24:43,636 - INFO - Duplicate article skipped: 'You have to send Usha back to India': Row erupts over JD Vance saying mass migration is 'theft of the American Dream' from Times of India
2025-12-07 22:24:44,674 - INFO - [Times of India] Article: https://timesofindia.indiatimes.com/world/us/indian-origin-man-on-student-visa-in-us-charged-for-defrauding-elderly-people-was-working-as-a-middleman-in-major-scam/articleshow/125821707.cms
2025-12-07 22:24:44,674 - INFO - [Times of India] Attempt 1/1: Trying with 'selenium_browser' strategy...
2025-12-07 22:25:11,780 - ERROR - [The Hindu] Request failed for strategy 'selenium_browser' on URL https://www.thehindu.com/news/national/telangana/australia-unveils-education-reforms-reassures-indian-students-on-safety/article70369848.ece: Message: timeout: Timed out receiving message from renderer: 59.953
  (Session info: chrome=142.0.7444.175)
Stacktrace:
#0 0x5611c3bf24ca <unknown>
#1 0x5611c3640e4b <unknown>
#2 0x5611c3628e14 <unknown>
#3 0x5611c3628af7 <unknown>
#4 0x5611c36268ff <unknown>
#5 0x5611c362727f <unknown>
#6 0x5611c3635cb3 <unknown>
#7 0x5611c364f5f1 <unknown>
#8 0x5611c3655dfb <unknown>
#9 0x5611c36279bd <unknown>
#10 0x5611c364f399 <unknown>
#11 0x5611c36e0169 <unknown>
#12 0x5611c3685c2a <unknown>
#13 0x5611c3686931 <unknown>
#14 0x5611c3bb8cf9 <unknown>
#15 0x5611c3bbbcdc <unknown>
#16 0x5611c3ba1f79 <unknown>
#17 0x5611c3bbc8b5 <unknown>
#18 0x5611c3b899c3 <unknown>
#19 0x5611c3bdf228 <unknown>
#20 0x5611c3bdf403 <unknown>
#21 0x5611c3bf1463 <unknown>
#22 0x7fef3989caa4 <unknown>
#23 0x7fef39929c6c <unknown>

2025-12-07 22:25:11,780 - ERROR - [The Hindu] All scrape strategies failed for https://www.thehindu.com/news/national/telangana/australia-unveils-education-reforms-reassures-indian-students-on-safety/article70369848.ece. Falling back to RSS description.
2025-12-07 22:25:11,780 - INFO - Duplicate article skipped: Australia unveils education reforms, reassures Indian students on safety from The Hindu
2025-12-07 22:25:13,109 - INFO - [The Hindu] Article: https://www.thehindu.com/news/national/karnataka/india-needs-a-government-open-to-criticism-and-critics-open-to-self-criticism-gopalkrishna-gandhi/article70369607.ece
2025-12-07 22:25:13,109 - INFO - [The Hindu] Attempt 1/1: Trying with 'selenium_browser' strategy...
2025-12-07 22:25:13,657 - INFO - [The Hindu] Page content loaded.
2025-12-07 22:25:13,702 - INFO - [The Hindu] Success with 'selenium_browser'. Found content (439 words).
2025-12-07 22:25:13,779 - INFO - Duplicate article skipped: India needs a government open to criticism, and critics open to self-criticism: Gopalkrishna Gandhi - The Hindu from The Hindu
2025-12-07 22:25:15,010 - INFO - [The Hindu] Article: https://www.thehindu.com/news/national/telangana/telangana-rising-global-summit-to-be-held-amid-extensive-security-arrangements/article70369730.ece
2025-12-07 22:25:15,010 - INFO - [The Hindu] Attempt 1/1: Trying with 'selenium_browser' strategy...
2025-12-07 22:25:15,848 - INFO - [The Hindu] Page content loaded.
2025-12-07 22:25:15,943 - INFO - [The Hindu] Success with 'selenium_browser'. Found content (474 words).
2025-12-07 22:25:16,039 - INFO - Duplicate article skipped: Telangana Rising Global Summit to be held amid extensive security arrangements - The Hindu from The Hindu
2025-12-07 22:25:17,083 - INFO - [The Hindu] (Thread) Finished. Attempting to shut down its Selenium driver.
2025-12-07 22:25:17,281 - INFO - [The Hindu] (Thread) driver.quit() successful.
2025-12-07 22:26:44,770 - ERROR - [Times of India] Request failed for strategy 'selenium_browser' on URL https://timesofindia.indiatimes.com/world/us/indian-origin-man-on-student-visa-in-us-charged-for-defrauding-elderly-people-was-working-as-a-middleman-in-major-scam/articleshow/125821707.cms: HTTPConnectionPool(host='localhost', port=48673): Read timed out. (read timeout=120)
2025-12-07 22:26:44,770 - ERROR - [Times of India] All scrape strategies failed for https://timesofindia.indiatimes.com/world/us/indian-origin-man-on-student-visa-in-us-charged-for-defrauding-elderly-people-was-working-as-a-middleman-in-major-scam/articleshow/125821707.cms. Falling back to RSS description.
2025-12-07 22:26:44,770 - INFO - Duplicate article skipped: Indian-origin man on student visa in US charged for defrauding elderly people; was working as a middleman in major scam from Times of India
2025-12-07 22:26:45,424 - INFO - [Times of India] Article: https://timesofindia.indiatimes.com/world/us/which-country-are-you-from-citizenship-ceremonies-halted-immigrants-plucked-out-of-line-under-trumps-new-high-risk-policy/articleshow/125821425.cms
2025-12-07 22:26:45,424 - INFO - [Times of India] Attempt 1/1: Trying with 'selenium_browser' strategy...
2025-12-07 22:27:42,137 - CRITICAL - --- TIMEOUT: 1 scrape jobs did not complete in 300s. ---
2025-12-07 22:27:42,137 - ERROR - A thread has timed out and will be abandoned.
2025-12-07 22:27:42,137 - INFO - Shutting down thread pool (wait=False)...
2025-12-07 22:27:42,137 - INFO - Scraped: 0 BBC, 1 The Guardian, 1 The Hindu, 1 Timed_Out_Jobs articles. (Total saved: 2)
2025-12-07 22:27:42,137 - INFO - --- Scraping job finished ---
2025-12-07 22:27:42,137 - INFO - --- Scraper service stopped and database connection closed. ---
2025-12-07 22:27:42,137 - INFO - --- Main thread finished. Forcing process exit to kill zombie threads. ---
