2025-12-10 11:21:10,064 - INFO - Loading AI Semantic Model (all-MiniLM-L6-v2)...
2025-12-10 11:21:10,065 - INFO - Use pytorch device_name: cpu
2025-12-10 11:21:10,065 - INFO - Load pretrained SentenceTransformer: all-MiniLM-L6-v2
2025-12-10 11:21:11,466 - INFO - AI Model loaded successfully.
2025-12-10 11:21:11,466 - INFO - Initializing database connection at: news_articles.db
2025-12-10 11:21:11,467 - INFO - --- Scraper service started (CI Mode: Run Once) ---
2025-12-10 11:21:11,467 - INFO - --- Starting new scraping job (Parallel Mode) ---
2025-12-10 11:21:11,467 - INFO - Creating new robust session with 3 retries on 5xx/connection/read errors.
2025-12-10 11:21:11,467 - INFO - Proxy is DISABLED.
2025-12-10 11:21:11,468 - INFO - Starting scrape for BBC RSS feed: http://feeds.bbci.co.uk/news/world/rss.xml
2025-12-10 11:21:11,469 - INFO - [Times of India] (Thread) requires Selenium. Initializing driver...
2025-12-10 11:21:11,469 - INFO - Initializing headless Selenium Chrome driver (using SeleniumManager)...
2025-12-10 11:21:11,469 - INFO - Starting scrape for The Guardian RSS feed: https://www.theguardian.com/world/rss
2025-12-10 11:21:11,471 - INFO - [The Hindu] (Thread) requires Selenium. Initializing driver...
2025-12-10 11:21:11,471 - INFO - Submitted 4 jobs to thread pool. Waiting up to 300s for completion...
2025-12-10 11:21:11,471 - INFO - Initializing headless Selenium Chrome driver (using SeleniumManager)...
2025-12-10 11:21:11,636 - INFO - Found 53 articles in BBC RSS feed. Processing up to 20.
2025-12-10 11:21:11,637 - INFO - [BBC] Early skip: URL https://www.bbc.com/news/articles/ckgmy90z991o?at_medium=RSS&at_campaign=rss already exists.
2025-12-10 11:21:11,753 - INFO - Found 45 articles in The Guardian RSS feed. Processing up to 20.
2025-12-10 11:21:11,793 - INFO - [The Guardian] Early skip: URL https://www.theguardian.com/world/2025/dec/09/drc-fighting-forces-200000-to-flee-just-days-after-washington-peace-deal already exists.
2025-12-10 11:21:12,064 - INFO - [BBC] Early skip: URL https://www.bbc.com/news/articles/cn5l1474yv7o?at_medium=RSS&at_campaign=rss already exists.
2025-12-10 11:21:12,284 - INFO - [The Guardian] Early skip: URL https://www.theguardian.com/world/2025/dec/09/colombian-mercenaries-sudan-sanctions already exists.
2025-12-10 11:21:12,501 - INFO - [BBC] Early skip: URL https://www.bbc.com/news/articles/cgl6gkd7pz6o?at_medium=RSS&at_campaign=rss already exists.
2025-12-10 11:21:12,694 - INFO - [The Guardian] Early skip: URL https://www.theguardian.com/world/2025/dec/09/nigeria-troops-held-burkina-faso-emergency-landing already exists.
2025-12-10 11:21:12,931 - INFO - [BBC] Early skip: URL https://www.bbc.com/news/articles/cz7nrze7g8wo?at_medium=RSS&at_campaign=rss already exists.
2025-12-10 11:21:13,169 - INFO - [The Guardian] Early skip: URL https://www.theguardian.com/world/2025/dec/08/white-supremacist-notions-threaten-sovereignty-of-south-africa-ramaphosa already exists.
2025-12-10 11:21:13,402 - INFO - [BBC] Early skip: URL https://www.bbc.com/news/articles/cly59283d7ko?at_medium=RSS&at_campaign=rss already exists.
2025-12-10 11:21:13,601 - INFO - [The Guardian] Early skip: URL https://www.theguardian.com/world/2025/dec/08/ancient-egyptian-pleasure-boat-found-archaeologists-alexandria-coast already exists.
2025-12-10 11:21:13,754 - INFO - [BBC] Early skip: URL https://www.bbc.com/news/articles/cvg8m5lj2lzo?at_medium=RSS&at_campaign=rss already exists.
2025-12-10 11:21:13,952 - INFO - [The Guardian] Early skip: URL https://www.theguardian.com/world/2025/dec/10/venezuelan-nobel-peace-prize-winner-maria-corina-machado-not-attend-ceremony-oslo already exists.
2025-12-10 11:21:14,232 - INFO - [BBC] Early skip: URL https://www.bbc.com/news/articles/ckgl63lrpkmo?at_medium=RSS&at_campaign=rss already exists.
2025-12-10 11:21:14,531 - INFO - [The Guardian] Early skip: URL https://www.theguardian.com/us-news/live/2025/dec/09/hegseth-rubio-venezuela-trump-tariffs-pennsylvania-nvidia-china-us-politics-latest-news-updates already exists.
2025-12-10 11:21:14,822 - INFO - [BBC] Early skip: URL https://www.bbc.com/news/articles/cqxq38028djo?at_medium=RSS&at_campaign=rss already exists.
2025-12-10 11:21:15,047 - INFO - [The Guardian] Early skip: URL https://www.theguardian.com/world/2025/dec/09/honduras-president-alleges-electoral-coup-under-way-amid-trump-interference already exists.
2025-12-10 11:21:15,194 - INFO - [BBC] Early skip: URL https://www.bbc.com/news/articles/cx2pn5dxd0go?at_medium=RSS&at_campaign=rss already exists.
2025-12-10 11:21:15,471 - INFO - [The Guardian] Early skip: URL https://www.theguardian.com/world/2025/dec/09/nobel-peace-prize-maria-corina-machado-venezuela-oslo already exists.
2025-12-10 11:21:15,669 - INFO - [BBC] Early skip: URL https://www.bbc.com/news/articles/clydlwldkvko?at_medium=RSS&at_campaign=rss already exists.
2025-12-10 11:21:15,934 - INFO - [The Guardian] Early skip: URL https://www.theguardian.com/us-news/2025/dec/08/trump-mexico-tariffs-water-dispute already exists.
2025-12-10 11:21:16,092 - INFO - [BBC] Early skip: URL https://www.bbc.com/news/articles/c208vd511ljo?at_medium=RSS&at_campaign=rss already exists.
2025-12-10 11:21:16,197 - INFO - [The Guardian] Early skip: URL https://www.theguardian.com/world/2025/dec/10/trump-says-end-hostilities-thailand-cambodia already exists.
2025-12-10 11:21:16,482 - INFO - [BBC] Early skip: URL https://www.bbc.com/news/articles/cwyx8yj410po?at_medium=RSS&at_campaign=rss already exists.
2025-12-10 11:21:16,703 - INFO - [The Guardian] Early skip: URL https://www.theguardian.com/stage/2025/dec/10/japan-releases-playwright-jeremy-o-harris-drug-arrest-ntwnfb already exists.
2025-12-10 11:21:16,806 - INFO - [BBC] Early skip: URL https://www.bbc.com/news/articles/c773de38p2go?at_medium=RSS&at_campaign=rss already exists.
2025-12-10 11:21:17,022 - INFO - [The Guardian] Early skip: URL https://www.theguardian.com/technology/2025/dec/08/trump-nvidia-ai-chips-china already exists.
2025-12-10 11:21:17,305 - INFO - [BBC] Early skip: URL https://www.bbc.com/news/articles/cx2e0n3p9vvo?at_medium=RSS&at_campaign=rss already exists.
2025-12-10 11:21:17,518 - INFO - [The Guardian] Early skip: URL https://www.theguardian.com/world/2025/dec/09/fatal-thailand-cambodia-clashes-spread-along-contested-border-area already exists.
2025-12-10 11:21:17,773 - INFO - [BBC] Early skip: URL https://www.bbc.com/news/articles/crl95eg33k1o?at_medium=RSS&at_campaign=rss already exists.
2025-12-10 11:21:17,888 - INFO - [The Guardian] Early skip: URL https://www.theguardian.com/world/2025/dec/09/australia-deporting-refugee-nauru-may-cause-imminent-preventable-death already exists.
2025-12-10 11:21:18,173 - INFO - [BBC] Early skip: URL https://www.bbc.com/news/articles/cdd5mn8yd2mo?at_medium=RSS&at_campaign=rss already exists.
2025-12-10 11:21:18,339 - INFO - [The Guardian] Early skip: URL https://www.theguardian.com/music/2025/dec/10/king-gizzard-and-the-lizard-wizard-despair-at-ai-clone-appearing-on-spotify already exists.
2025-12-10 11:21:18,529 - INFO - [BBC] Early skip: URL https://www.bbc.com/news/articles/cn8e2kvzen7o?at_medium=RSS&at_campaign=rss already exists.
2025-12-10 11:21:18,785 - INFO - [The Guardian] Early skip: URL https://www.theguardian.com/australia-news/2025/dec/10/deaths-after-deaths-after-deaths-indigenous-deaths-in-custody-reach-their-highest-level-since-1980 already exists.
2025-12-10 11:21:19,071 - INFO - [BBC] Early skip: URL https://www.bbc.com/news/articles/c39pr3d10wlo?at_medium=RSS&at_campaign=rss already exists.
2025-12-10 11:21:19,195 - INFO - [The Guardian] Early skip: URL https://www.theguardian.com/australia-news/2025/dec/10/how-the-world-media-covered-australias-under-16s-social-media-ban already exists.
2025-12-10 11:21:19,459 - INFO - [BBC] Early skip: URL https://www.bbc.com/news/articles/c3w7530w37po?at_medium=RSS&at_campaign=rss already exists.
2025-12-10 11:21:19,736 - INFO - [The Guardian] Early skip: URL https://www.theguardian.com/australia-news/live/2025/dec/10/under-16s-social-media-ban-reaction-victoria-vce-atar-results-queensland-parliament-mcphillamys-goldmine-federal-court-hearing-anthony-albanese-labor-sussan-ley-coalition-migration-policy-ntwnfb already exists.
2025-12-10 11:21:19,911 - INFO - [BBC] Early skip: URL https://www.bbc.com/news/articles/c5yqvrewz45o?at_medium=RSS&at_campaign=rss already exists.
2025-12-10 11:21:20,145 - INFO - [The Guardian] Early skip: URL https://www.theguardian.com/australia-news/2025/dec/10/hundreds-sharks-byron-bay-australia-feeding-frenzy already exists.
2025-12-10 11:21:31,438 - INFO - Selenium driver initialized successfully.
2025-12-10 11:21:31,438 - INFO - Selenium driver initialized successfully.
2025-12-10 11:21:31,439 - INFO - Starting scrape for The Hindu RSS feed: https://www.thehindu.com/news/national/feeder/default.rss
2025-12-10 11:21:31,439 - INFO - Starting scrape for Times of India RSS feed: https://timesofindia.indiatimes.com/rssfeeds/296589292.cms
2025-12-10 11:21:31,604 - INFO - Found 100 articles in The Hindu RSS feed. Processing up to 20.
2025-12-10 11:21:31,611 - INFO - [The Hindu] Article: https://www.thehindu.com/news/national/kerala/revealing-identity-of-rape-survivor-court-sends-youtuber-rahul-easwar-in-police-custody/article70380052.ece
2025-12-10 11:21:31,611 - INFO - [The Hindu] Attempt 1/1: Trying with 'selenium_browser' strategy...
2025-12-10 11:21:31,870 - INFO - Found 20 articles in Times of India RSS feed. Processing up to 20.
2025-12-10 11:21:31,871 - INFO - [Times of India] Article: https://timesofindia.indiatimes.com/world/middle-east/saudi-arabia-updates-corporate-rules-to-identify-beneficial-owners-in-companies/articleshow/125888218.cms
2025-12-10 11:21:31,871 - INFO - [Times of India] Attempt 1/1: Trying with 'selenium_browser' strategy...
2025-12-10 11:21:34,726 - INFO - [The Hindu] Page content loaded.
2025-12-10 11:21:34,886 - INFO - [The Hindu] Success with 'selenium_browser'. Found content (396 words).
2025-12-10 11:21:53,286 - ERROR - [Times of India] Request failed for strategy 'selenium_browser' on URL https://timesofindia.indiatimes.com/world/middle-east/saudi-arabia-updates-corporate-rules-to-identify-beneficial-owners-in-companies/articleshow/125888218.cms: Message: timeout: Timed out receiving message from renderer: 14.859
  (Session info: chrome=142.0.7444.175)
Stacktrace:
#0 0x55e8d444c4ca <unknown>
#1 0x55e8d3e9ae4b <unknown>
#2 0x55e8d3e82e14 <unknown>
#3 0x55e8d3e82af7 <unknown>
#4 0x55e8d3e808ff <unknown>
#5 0x55e8d3e8127f <unknown>
#6 0x55e8d3e8fcb3 <unknown>
#7 0x55e8d3ea95f1 <unknown>
#8 0x55e8d3eafdfb <unknown>
#9 0x55e8d3e819bd <unknown>
#10 0x55e8d3ea9399 <unknown>
#11 0x55e8d3f3a169 <unknown>
#12 0x55e8d3edfc2a <unknown>
#13 0x55e8d3ee0931 <unknown>
#14 0x55e8d4412cf9 <unknown>
#15 0x55e8d4415cdc <unknown>
#16 0x55e8d43fbf79 <unknown>
#17 0x55e8d44168b5 <unknown>
#18 0x55e8d43e39c3 <unknown>
#19 0x55e8d4439228 <unknown>
#20 0x55e8d4439403 <unknown>
#21 0x55e8d444b463 <unknown>
#22 0x7f4ec4e9caa4 <unknown>
#23 0x7f4ec4f29c6c <unknown>

2025-12-10 11:21:53,287 - ERROR - [Times of India] All scrape strategies failed for https://timesofindia.indiatimes.com/world/middle-east/saudi-arabia-updates-corporate-rules-to-identify-beneficial-owners-in-companies/articleshow/125888218.cms. Falling back to RSS description.
2025-12-10 11:21:57,223 - INFO - DEDUPLICATION: Found match (Score: 0.71). Linking to Cluster ID: e6efdea5-b2b2-45b5-9e6e-c58b7e78ceb8
2025-12-10 11:21:57,225 - INFO - Saved article: Revealing identity of rape survivor: court sends YouTuber Rahul Easwar in police custody - The Hindu from The Hindu
2025-12-10 11:22:06,418 - INFO - Saved article: Saudi Arabia updates corporate rules to identify beneficial owners in companies from Times of India
2025-12-10 11:22:06,419 - INFO - [The Hindu] Article: https://www.thehindu.com/videos/watch-note-of-harmony-on-the-debate-on-vande-mataram/article70380159.ece
2025-12-10 11:22:06,419 - INFO - [The Hindu] Attempt 1/1: Trying with 'selenium_browser' strategy...
2025-12-10 11:22:07,225 - INFO - [Times of India] Article: https://timesofindia.indiatimes.com/world/middle-east/uae-pledges-550-million-in-major-early-commitment-to-uns-2026-humanitarian-appeal/articleshow/125889604.cms
2025-12-10 11:22:07,225 - INFO - [Times of India] Attempt 1/1: Trying with 'selenium_browser' strategy...
2025-12-10 11:22:09,820 - INFO - [The Hindu] Page content loaded.
2025-12-10 11:22:09,889 - INFO - [The Hindu] Success with 'selenium_browser'. Found content (163 words).
2025-12-10 11:22:15,303 - INFO - [Times of India] Page content loaded.
2025-12-10 11:22:15,786 - INFO - [Times of India] Success with 'selenium_browser'. Found content (360 words).
2025-12-10 11:22:22,059 - INFO - Saved article: Watch: Note of harmony: On the debate on Vande Mataram: The Hindu Editorial - The Hindu from The Hindu
2025-12-10 11:22:31,378 - INFO - Saved article: UAE pledges $550 million in major early commitment to UN’s 2026 humanitarian appeal | World News - The Times of India from Times of India
2025-12-10 11:22:31,378 - INFO - [The Hindu] Early skip: URL https://www.thehindu.com/news/national/parliament-winter-session-opposition-walks-out-of-rajya-sabha-flagging-bjp-mps-unexplained-withdrawal-of-question/article70379992.ece already exists.
2025-12-10 11:22:31,668 - INFO - [The Hindu] Early skip: URL https://www.thehindu.com/news/cities/Delhi/hpz-token-scam-case-cbi-files-charge-sheet-against-two-chinese-nationals/article70380006.ece already exists.
2025-12-10 11:22:31,859 - INFO - [The Hindu] Early skip: URL https://www.thehindu.com/news/cities/bangalore/uber-passengers-can-now-book-namma-metro-tickets-on-app-in-bengaluru/article70379897.ece already exists.
2025-12-10 11:22:32,065 - INFO - [The Hindu] Early skip: URL https://www.thehindu.com/news/national/tamil-nadu/stalin-rattled-by-aiadmk-bjp-alliance-says-palaniswami/article70379870.ece already exists.
2025-12-10 11:22:32,178 - INFO - [The Hindu] Early skip: URL https://www.thehindu.com/news/national/telangana/kohir-in-sangareddy-records-56c-cold-wave-alert-in-seven-telangana-districts-on-december-11/article70379782.ece already exists.
2025-12-10 11:22:32,319 - INFO - [Times of India] Early skip: URL https://timesofindia.indiatimes.com/world/rest-of-world/japan-quake-authorities-warn-of-earthquake-of-greater-magnitude-injured-toll-rises-to-51/articleshow/125888300.cms already exists.
2025-12-10 11:22:32,604 - INFO - [The Hindu] Early skip: URL https://www.thehindu.com/news/national/over-two-lakh-entities-recognised-as-startups-by-government-so-far/article70379780.ece already exists.
2025-12-10 11:22:32,715 - INFO - [Times of India] Early skip: URL https://timesofindia.indiatimes.com/world/china/political-manipulation-china-slams-uk-sanctions-on-cyber-firms-london-cites-hybrid-threat/articleshow/125888074.cms already exists.
2025-12-10 11:22:32,999 - INFO - [The Hindu] Early skip: URL https://www.thehindu.com/news/cities/Madurai/vaiko-terms-sir-murder-of-democracy/article70379649.ece already exists.
2025-12-10 11:22:33,227 - INFO - [Times of India] Early skip: URL https://timesofindia.indiatimes.com/world/middle-east/uae-traffic-alert-key-emirates-road-link-to-shut-from-dec-11/articleshow/125888586.cms already exists.
2025-12-10 11:22:33,424 - INFO - [The Hindu] Early skip: URL https://www.thehindu.com/business/Industry/spicejet-plans-to-add-100-more-daily-flights-to-meet-winter-demand/article70379877.ece already exists.
2025-12-10 11:22:33,552 - INFO - [Times of India] Early skip: URL https://timesofindia.indiatimes.com/world/middle-east/bahrain-announces-public-holidays-for-national-day-and-accession-day-2025/articleshow/125886917.cms already exists.
2025-12-10 11:22:33,759 - INFO - [The Hindu] Early skip: URL https://www.thehindu.com/news/national/telangana/telangana-to-establish-incubation-centres-in-all-government-universities/article70379655.ece already exists.
2025-12-10 11:22:33,921 - INFO - [Times of India] Early skip: URL https://timesofindia.indiatimes.com/world/middle-east/uae-weather-alert-scattered-rain-gusty-winds-and-choppy-seas-expected-from-december-12-to-19/articleshow/125885184.cms already exists.
2025-12-10 11:22:34,214 - INFO - [Times of India] Early skip: URL https://timesofindia.indiatimes.com/world/middle-east/uae-central-bank-clarifies-loan-eligibility-new-nafis-rules-explained-for-loan-seekers/articleshow/125884453.cms already exists.
2025-12-10 11:22:34,367 - INFO - [The Hindu] Early skip: URL https://www.thehindu.com/news/national/kerala/kerala-mla-rahul-mamkootathil-gets-anticipatory-bail-in-second-rape-case/article70379821.ece already exists.
2025-12-10 11:22:34,500 - INFO - [Times of India] Early skip: URL https://timesofindia.indiatimes.com/world/middle-east/oman-air-expands-network-in-saudi-arabia-with-new-muscattaif-flights-starting-january-2026/articleshow/125884254.cms already exists.
2025-12-10 11:22:34,682 - INFO - [The Hindu] Early skip: URL https://www.thehindu.com/news/national/west-bengal/voter-cards-found-dumped-in-west-bengals-nadia/article70379634.ece already exists.
2025-12-10 11:22:34,878 - INFO - [Times of India] Article: https://timesofindia.indiatimes.com/world/middle-east/uae-named-among-the-world-strongest-passports-for-2025-ranked-7th-globally/articleshow/125883781.cms
2025-12-10 11:22:34,878 - INFO - [Times of India] Attempt 1/1: Trying with 'selenium_browser' strategy...
2025-12-10 11:22:34,879 - INFO - [The Hindu] Early skip: URL https://www.thehindu.com/business/Industry/dgca-asks-indigo-ceo-to-appear-on-december-11-with-full-data-on-flight-disruptions-updates/article70379779.ece already exists.
2025-12-10 11:22:35,044 - INFO - [The Hindu] Early skip: URL https://www.thehindu.com/news/national/blame-government-not-just-indigo-for-aviation-crisis-cpi-ms-a-a-rahim/article70379530.ece already exists.
2025-12-10 11:22:35,196 - INFO - [The Hindu] Early skip: URL https://www.thehindu.com/news/national/nagaland/blast-during-hornbill-festival-in-nagaland/article70379750.ece already exists.
2025-12-10 11:22:35,477 - INFO - [The Hindu] Early skip: URL https://www.thehindu.com/news/national/kerala/row-erupts-over-allegations-that-suresh-gopi-voted-in-thrissur-and-thiruvananthapuram/article70379762.ece already exists.
2025-12-10 11:22:35,711 - INFO - [The Hindu] Early skip: URL https://www.thehindu.com/news/national/maharashtra/licences-of-176-retailers-39-wholesalers-cancelled-over-substandard-medicines-maharashtra-minister/article70379630.ece already exists.
2025-12-10 11:22:35,906 - INFO - [The Hindu] Early skip: URL https://www.thehindu.com/news/national/telangana/telangana-govt-considers-t-engine-modeled-after-mits-the-engine-to-boost-deep-tech-innovation/article70379653.ece already exists.
2025-12-10 11:22:35,975 - INFO - [Times of India] Page content loaded.
2025-12-10 11:22:36,080 - INFO - [Times of India] Success with 'selenium_browser'. Found content (645 words).
2025-12-10 11:22:36,261 - INFO - [The Hindu] Early skip: URL https://www.thehindu.com/news/national/tamil-nadu/cm-stalin-determines-target-of-440-votes-for-dmk-at-his-booth/article70379683.ece already exists.
2025-12-10 11:22:36,549 - INFO - [The Hindu] (Thread) Finished. Attempting to shut down its Selenium driver.
2025-12-10 11:22:36,689 - INFO - [The Hindu] (Thread) driver.quit() successful.
2025-12-10 11:22:46,808 - INFO - Saved article: UAE named among the World strongest passports for 2025, ranked 7th globally | World News - The Times of India from Times of India
2025-12-10 11:22:47,843 - INFO - [Times of India] Article: https://timesofindia.indiatimes.com/world/us-streamers/candace-owens-drops-new-claim-on-charlie-kirk-killing-and-alleges-possible-us-military-involvement/articleshow/125877946.cms
2025-12-10 11:22:47,844 - INFO - [Times of India] Attempt 1/1: Trying with 'selenium_browser' strategy...
2025-12-10 11:22:48,856 - INFO - [Times of India] Page content loaded.
2025-12-10 11:22:48,968 - INFO - [Times of India] Success with 'selenium_browser'. Found content (429 words).
2025-12-10 11:22:59,369 - INFO - Saved article: Candace Owens drops new claim on Charlie Kirk killing and alleges possible US military involvement - The Times of India from Times of India
2025-12-10 11:23:00,139 - INFO - [Times of India] Early skip: URL https://timesofindia.indiatimes.com/world/us-streamers/perez-hilton-reacts-as-brian-harpole-breaks-silence-on-strange-hand-signal-claims-in-charlie-kirk-shooting-case/articleshow/125722044.cms already exists.
2025-12-10 11:23:00,433 - INFO - [Times of India] Article: https://timesofindia.indiatimes.com/world/middle-east/saudi-arabia-to-witness-centurys-longest-solar-eclipse-on-august-2-2027/articleshow/125883095.cms
2025-12-10 11:23:00,433 - INFO - [Times of India] Attempt 1/1: Trying with 'selenium_browser' strategy...
2025-12-10 11:23:01,414 - INFO - [Times of India] Page content loaded.
2025-12-10 11:23:01,518 - INFO - [Times of India] Success with 'selenium_browser'. Found content (642 words).
2025-12-10 11:23:12,081 - INFO - Saved article: Saudi Arabia to witness century’s longest Solar Eclipse on August 2, 2027 | World News - The Times of India from Times of India
2025-12-10 11:23:13,482 - INFO - [Times of India] Article: https://timesofindia.indiatimes.com/world/europe/veggie-burgers-under-fire-why-is-europe-planning-to-ban-names-of-plant-based-foods-proposal-lists-29-terms/articleshow/125883527.cms
2025-12-10 11:23:13,482 - INFO - [Times of India] Attempt 1/1: Trying with 'selenium_browser' strategy...
2025-12-10 11:23:14,474 - INFO - [Times of India] Page content loaded.
2025-12-10 11:23:14,573 - INFO - [Times of India] Success with 'selenium_browser'. Found content (526 words).
2025-12-10 11:23:26,109 - INFO - Saved article: Veggie 'burgers' under fire: Why is Europe planning to ban names of plant-based foods? Proposal lists 29 terms | World News - The Times of India from Times of India
2025-12-10 11:23:27,162 - INFO - [Times of India] Early skip: URL https://timesofindia.indiatimes.com/world/middle-east/uae-imposes-travel-ban-on-mali-urges-citizens-to-return-immediately/articleshow/125882393.cms already exists.
2025-12-10 11:23:27,292 - INFO - [Times of India] Early skip: URL https://timesofindia.indiatimes.com/business/international-business/americas-affordability-woes-trump-claims-prices-came-down-tremendously-hits-back-at-democrats-con-job/articleshow/125880351.cms already exists.
2025-12-10 11:23:27,575 - INFO - [Times of India] Early skip: URL https://timesofindia.indiatimes.com/world/us/miami-elections-eileen-higgins-becomes-citys-first-ever-female-mayor-who-is-she/articleshow/125881328.cms already exists.
2025-12-10 11:23:27,769 - INFO - [Times of India] Early skip: URL https://timesofindia.indiatimes.com/etimes/trending/meme-artist-sinks-25000-handsome-squidward-statue-into-the-sea-to-mess-with-future-archaeologists/articleshow/125879818.cms already exists.
2025-12-10 11:23:28,069 - INFO - [Times of India] Early skip: URL https://timesofindia.indiatimes.com/world/us/unitedhealthcare-ceo-murder-luigi-mangiones-arrest-video-made-public-what-bodycam-footage-shows/articleshow/125881141.cms already exists.
2025-12-10 11:23:28,329 - INFO - [Times of India] Early skip: URL https://timesofindia.indiatimes.com/science/3i/atlas-is-carrying-key-ingredients-for-life-nasa-scientist-finds/articleshow/125874065.cms already exists.
2025-12-10 11:23:28,447 - INFO - [Times of India] (Thread) Finished. Attempting to shut down its Selenium driver.
2025-12-10 11:23:28,633 - INFO - [Times of India] (Thread) driver.quit() successful.
2025-12-10 11:23:28,633 - INFO - Shutting down thread pool (wait=False)...
2025-12-10 11:23:28,633 - INFO - Scraped: 0 BBC, 0 The Guardian, 2 The Hindu, 6 Times of India articles. (Total saved: 8)
2025-12-10 11:23:28,633 - INFO - --- Scraping job finished ---
2025-12-10 11:23:28,639 - INFO - --- Scraper service stopped and database connection closed. ---
2025-12-10 11:23:28,639 - INFO - --- Main thread finished. Forcing process exit to kill zombie threads. ---
