2026-01-04 21:42:17,962 - INFO - Loading AI Semantic Model (all-MiniLM-L6-v2)...
2026-01-04 21:42:17,962 - INFO - Use pytorch device_name: cpu
2026-01-04 21:42:17,962 - INFO - Load pretrained SentenceTransformer: all-MiniLM-L6-v2
2026-01-04 21:42:18,389 - INFO - AI Model loaded successfully.
2026-01-04 21:42:18,389 - INFO - --- Scraper service started (CI Mode: Run Once) ---
2026-01-04 21:42:18,389 - INFO - --- Starting new scraping job (Parallel Mode) ---
2026-01-04 21:42:18,390 - INFO - Creating new robust session with 3 retries on 5xx/connection/read errors.
2026-01-04 21:42:18,390 - INFO - Proxy is DISABLED.
2026-01-04 21:42:18,390 - INFO - Starting scrape for BBC RSS feed: http://feeds.bbci.co.uk/news/world/rss.xml
2026-01-04 21:42:18,391 - INFO - [Times of India] (Thread) requires Selenium. Initializing driver...
2026-01-04 21:42:18,391 - INFO - Starting scrape for The Guardian RSS feed: https://www.theguardian.com/world/rss
2026-01-04 21:42:18,392 - INFO - [The Hindu] (Thread) requires Selenium. Initializing driver...
2026-01-04 21:42:18,393 - INFO - Submitted 4 jobs to thread pool. Waiting up to 300s for completion...
2026-01-04 21:42:18,480 - INFO - Found 45 articles in The Guardian RSS feed. Processing up to 30.
2026-01-04 21:42:18,480 - INFO - [The Guardian] Early skip: URL https://www.theguardian.com/world/2026/jan/02/anthony-joshuas-driver-charged-with-dangerous-driving-after-fatal-crash-in-nigeria already exists.
2026-01-04 21:42:18,646 - INFO - [The Guardian] Early skip: URL https://www.theguardian.com/science/2026/jan/01/cremation-pyre-in-africa-thought-to-be-worlds-oldest-containing-adult-remains already exists.
2026-01-04 21:42:18,722 - INFO - Found 24 articles in BBC RSS feed. Processing up to 30.
2026-01-04 21:42:18,852 - INFO - [BBC] Early skip: URL https://www.bbc.com/news/articles/c5y45nyz124o?at_medium=RSS&at_campaign=rss already exists.
2026-01-04 21:42:19,110 - INFO - [The Guardian] Early skip: URL https://www.theguardian.com/global-development/2026/jan/01/us-aid-cuts-conditions-un-humanitarian-pledge-ocha already exists.
2026-01-04 21:42:19,387 - INFO - [BBC] Early skip: URL https://www.bbc.com/news/articles/c5yvxnlw1pzo?at_medium=RSS&at_campaign=rss already exists.
2026-01-04 21:42:19,500 - INFO - [The Guardian] Early skip: URL https://www.theguardian.com/world/2025/dec/31/guinea-junta-chief-mamady-doumbouya-elected-president-after-opposition-boycott already exists.
2026-01-04 21:42:19,652 - INFO - [BBC] Early skip: URL https://www.bbc.com/news/articles/c3vel0xvlvgo?at_medium=RSS&at_campaign=rss already exists.
2026-01-04 21:42:19,761 - INFO - [The Guardian] Early skip: URL https://www.theguardian.com/world/2025/dec/30/saudi-arabia-uae-tension-future-yemen-boiling-point already exists.
2026-01-04 21:42:19,945 - INFO - [The Guardian] Early skip: URL https://www.theguardian.com/world/live/2026/jan/04/nicolas-maduro-jailed-us-attack-venezuela-donald-trump-reaction-latest-news-updates-live already exists.
2026-01-04 21:42:20,133 - INFO - [BBC] Early skip: URL https://www.bbc.com/news/articles/c0r4nwy7k48o?at_medium=RSS&at_campaign=rss already exists.
2026-01-04 21:42:20,250 - INFO - [The Guardian] Early skip: URL https://www.theguardian.com/world/2026/jan/04/venezuela-trump-protests-us-cities already exists.
2026-01-04 21:42:20,450 - INFO - [BBC] Early skip: URL https://www.bbc.com/news/articles/cgezjlzwz1do?at_medium=RSS&at_campaign=rss already exists.
2026-01-04 21:42:20,671 - INFO - [The Guardian] Early skip: URL https://www.theguardian.com/world/2026/jan/04/us-running-venezuela-now-seems-less-likely-but-second-intervention-possible already exists.
2026-01-04 21:42:20,784 - INFO - [BBC] Early skip: URL https://www.bbc.com/news/articles/c4g0zg974v1o?at_medium=RSS&at_campaign=rss already exists.
2026-01-04 21:42:20,917 - INFO - [The Guardian] Early skip: URL https://www.theguardian.com/us-news/2026/jan/04/democrats-trump-white-house-venezuela already exists.
2026-01-04 21:42:21,155 - INFO - [BBC] Early skip: URL https://www.bbc.com/news/articles/czx1rpxzyx9o?at_medium=RSS&at_campaign=rss already exists.
2026-01-04 21:42:21,368 - INFO - [The Guardian] Early skip: URL https://www.theguardian.com/world/2026/jan/04/venezuela-trump-rubio-republicans already exists.
2026-01-04 21:42:21,635 - INFO - [BBC] Early skip: URL https://www.bbc.com/news/articles/ckgl7k91nl8o?at_medium=RSS&at_campaign=rss already exists.
2026-01-04 21:42:21,757 - INFO - [The Guardian] Early skip: URL https://www.theguardian.com/world/2026/jan/03/north-korea-has-fired-ballistic-missile-towards-the-sea-of-japan already exists.
2026-01-04 21:42:21,870 - INFO - [BBC] Early skip: URL https://www.bbc.com/news/articles/c2057md3gvro?at_medium=RSS&at_campaign=rss already exists.
2026-01-04 21:42:22,004 - INFO - [The Guardian] Early skip: URL https://www.theguardian.com/world/2026/jan/02/kim-jong-un-daughter-ju-ae-north-korean-ruler-speculation already exists.
2026-01-04 21:42:22,232 - INFO - [BBC] Early skip: URL https://www.bbc.com/news/articles/c4g4vypvqvxo?at_medium=RSS&at_campaign=rss already exists.
2026-01-04 21:42:22,416 - INFO - [The Guardian] Early skip: URL https://www.theguardian.com/music/2026/jan/01/newjeans-member-danielle-sued-for-millions-after-bitter-feud-with-k-pop-record-label already exists.
2026-01-04 21:42:22,566 - INFO - [BBC] Early skip: URL https://www.bbc.com/news/articles/c1m7l8keyexo?at_medium=RSS&at_campaign=rss already exists.
2026-01-04 21:42:22,683 - INFO - [The Guardian] Early skip: URL https://www.theguardian.com/world/2025/dec/31/xi-jinping-vows-reunification-china-taiwan-new-years-eve-speech already exists.
2026-01-04 21:42:22,900 - INFO - [BBC] Early skip: URL https://www.bbc.com/news/articles/cvgx0ylzy8vo?at_medium=RSS&at_campaign=rss already exists.
2026-01-04 21:42:23,006 - INFO - [The Guardian] Early skip: URL https://www.theguardian.com/business/2025/dec/31/china-forecast-to-have-sold-one-in-every-10-new-cars-in-uk-in-2025 already exists.
2026-01-04 21:42:23,109 - INFO - [BBC] Article: https://www.bbc.com/news/articles/cn82l012dw6o?at_medium=RSS&at_campaign=rss
2026-01-04 21:42:23,109 - INFO - [BBC] Attempt 1/1: Trying with 'requests_browser' strategy...
2026-01-04 21:42:23,110 - INFO - [The Guardian] Early skip: URL https://www.theguardian.com/sport/2026/jan/05/damien-martyn-awake-from-coma-in-unbelievable-recovery-from-meningitis already exists.
2026-01-04 21:42:23,311 - INFO - [The Guardian] Early skip: URL https://www.theguardian.com/australia-news/2026/jan/04/police-call-off-seperate-searches-for-missing-teen-boy-and-another-man-off-two-sydney-beaches already exists.
2026-01-04 21:42:23,320 - INFO - [BBC] Success with 'requests_browser'. Found content (726 words).
2026-01-04 21:42:24,728 - INFO - Selenium driver initialized successfully.
2026-01-04 21:42:24,729 - INFO - Starting scrape for The Hindu RSS feed: https://www.thehindu.com/news/national/feeder/default.rss
2026-01-04 21:42:24,731 - INFO - Selenium driver initialized successfully.
2026-01-04 21:42:24,731 - INFO - Starting scrape for Times of India RSS feed: https://timesofindia.indiatimes.com/rssfeeds/296589292.cms
2026-01-04 21:42:24,910 - INFO - Found 20 articles in Times of India RSS feed. Processing up to 30.
2026-01-04 21:42:24,944 - INFO - Found 100 articles in The Hindu RSS feed. Processing up to 30.
2026-01-04 21:42:35,639 - INFO - DEDUPLICATION: Found match (Score: 0.81). Linking to Cluster ID: 21c4712b-2dcb-452c-9461-c2c305d46caf
2026-01-04 21:42:35,641 - INFO - Saved article: Crans-Montana: Mourners gather at mass for Swiss bar fire victims from BBC (726 words)
2026-01-04 21:42:35,642 - INFO - [The Guardian] Early skip: URL https://www.theguardian.com/australia-news/2026/jan/04/crowd-roars-in-standing-ovation-for-bondi-hero-ahmed-al-ahmed-at-sold-out-ashes-test-in-sydney-ntwnfb already exists.
2026-01-04 21:42:35,750 - INFO - [Times of India] Early skip: URL https://timesofindia.indiatimes.com/world/us/rubio-says-us-wont-govern-venezuela-clarifies-trumps-run-the-country-remarks/articleshow/126339997.cms already exists.
2026-01-04 21:42:35,866 - INFO - [The Hindu] Article: https://www.thehindu.com/news/national/west-bengal/west-bengal-child-marriage-free-villages-murshidabad/article70463245.ece
2026-01-04 21:42:35,866 - INFO - [The Hindu] Attempt 1/1: Trying with 'selenium_browser' strategy...
2026-01-04 21:42:35,866 - INFO - [The Guardian] Early skip: URL https://www.theguardian.com/australia-news/2026/jan/04/more-than-60-prominent-sportspeople-call-for-federal-royal-commission-after-bondi-attack-ntwnfb already exists.
2026-01-04 21:42:36,010 - INFO - [Times of India] Early skip: URL https://timesofindia.indiatimes.com/world/us/in-contact-with-family-indian-embassy-on-murder-of-nikitha-godishala-allegedly-by-ex-boyfriend-in-maryland/articleshow/126340006.cms already exists.
2026-01-04 21:42:36,292 - INFO - [The Guardian] Early skip: URL https://www.theguardian.com/world/2026/jan/04/albanese-calls-for-peaceful-democratic-transition-of-power-in-venezuela-after-us-capture-of-nicolas-maduro already exists.
2026-01-04 21:42:36,412 - INFO - [BBC] Early skip: URL https://www.bbc.com/news/articles/cdred61epg4o?at_medium=RSS&at_campaign=rss already exists.
2026-01-04 21:42:36,694 - INFO - [Times of India] Early skip: URL https://timesofindia.indiatimes.com/business/international-business/dubai-gold-prices-break-records-whats-driving-the-rally-and-should-you-buy-in-2026/articleshow/126339914.cms already exists.
2026-01-04 21:42:36,867 - INFO - [The Guardian] Early skip: URL https://www.theguardian.com/world/2026/jan/04/crans-montana-fire-victims-identified-silent-procession already exists.
2026-01-04 21:42:37,084 - INFO - [BBC] Early skip: URL https://www.bbc.com/news/articles/c93n4nx5yqro?at_medium=RSS&at_campaign=rss already exists.
2026-01-04 21:42:37,359 - INFO - [Times of India] Early skip: URL https://timesofindia.indiatimes.com/world/us/two-indian-origin-men-arrested-in-us-with-300-pounds-of-cocaine-ice-wants-custody/articleshow/126339913.cms already exists.
2026-01-04 21:42:37,635 - INFO - [The Guardian] Early skip: URL https://www.theguardian.com/world/2026/jan/04/greenland-denmark-us-venezuela-nicolas-maduro-donald-trump already exists.
2026-01-04 21:42:37,898 - INFO - [BBC] Early skip: URL https://www.bbc.com/news/articles/cj0e36p74v1o?at_medium=RSS&at_campaign=rss already exists.
2026-01-04 21:42:38,127 - INFO - [Times of India] Early skip: URL https://timesofindia.indiatimes.com/world/middle-east/dubai-fine-warning-jebel-hafeet-bbq-ban-explained-new-uae-outdoor-rules-for-al-ain-mountain-visitors/articleshow/126334903.cms already exists.
2026-01-04 21:42:38,230 - INFO - [The Guardian] Early skip: URL https://www.theguardian.com/world/2026/jan/04/leftwing-militants-responsibility-arson-attack-berlin-power-grid already exists.
2026-01-04 21:42:38,350 - INFO - [BBC] Early skip: URL https://www.bbc.com/news/videos/cly308pn4r8o?at_medium=RSS&at_campaign=rss already exists.
2026-01-04 21:42:38,479 - INFO - [The Hindu] Page content loaded.
2026-01-04 21:42:38,527 - INFO - [Times of India] Early skip: URL https://timesofindia.indiatimes.com/world/middle-east/uae-tightens-traffic-rules-again-abu-dhabis-dh2000-penalty-for-noisy-vehicles-explained/articleshow/126336176.cms already exists.
2026-01-04 21:42:38,609 - INFO - [The Hindu] Success with 'selenium_browser'. Found content (1845 words).
2026-01-04 21:42:38,748 - INFO - [The Guardian] Early skip: URL https://www.theguardian.com/politics/2026/jan/04/starmer-says-closer-ties-eu-single-market-preferable-customs-union already exists.
2026-01-04 21:42:38,931 - INFO - [BBC] Article: https://www.bbc.com/news/videos/c5y2xqgjd7eo?at_medium=RSS&at_campaign=rss
2026-01-04 21:42:38,931 - INFO - [BBC] Attempt 1/1: Trying with 'requests_browser' strategy...
2026-01-04 21:42:39,061 - WARNING - [BBC] FAILED with 'requests_browser' (content was too short: 50 words).
2026-01-04 21:42:39,061 - ERROR - [BBC] All scrape strategies failed for https://www.bbc.com/news/videos/c5y2xqgjd7eo?at_medium=RSS&at_campaign=rss. Falling back to RSS description.
2026-01-04 21:42:39,061 - WARNING - SKIPPED (GLOBAL WORD LIMIT): Article 'Watch: 'I'm so happy' - Venezuelans in the US react to Maduro's capture' from BBC has only 19 words (Min: 90).
2026-01-04 21:42:55,998 - INFO - Saved article: From a ‘hopeless end’ to endless hope - The Hindu from The Hindu (1845 words)
2026-01-04 21:42:55,999 - INFO - [Times of India] Early skip: URL https://timesofindia.indiatimes.com/world/middle-east/how-burj-khalifa-in-dubai-still-defies-wind-heat-gravity-in-2026-engineering-secrets-of-worlds-tallest-building-revealed/articleshow/126336624.cms already exists.
2026-01-04 21:42:56,221 - INFO - [The Guardian] Early skip: URL https://www.theguardian.com/media/2026/jan/04/belgium-bart-de-wever-cat-maximus-textoris-pulcher-social-media-instagram already exists.
2026-01-04 21:42:56,442 - INFO - [BBC] Early skip: URL https://www.bbc.com/news/videos/c368px35ly8o?at_medium=RSS&at_campaign=rss already exists.
2026-01-04 21:42:56,638 - INFO - [Times of India] Early skip: URL https://timesofindia.indiatimes.com/world/middle-east/crypto-heist-in-dubai-woman-swaps-wallets-in-seconds-walks-away-with-1-million/articleshow/126339606.cms already exists.
2026-01-04 21:42:56,772 - INFO - [The Guardian] Early skip: URL https://www.theguardian.com/world/2026/jan/03/british-and-french-aircraft-attack-underground-isis-weapons-store-in-syria already exists.
2026-01-04 21:42:57,064 - INFO - [BBC] Article: https://www.bbc.com/news/videos/c20zgq02jp0o?at_medium=RSS&at_campaign=rss
2026-01-04 21:42:57,064 - INFO - [BBC] Attempt 1/1: Trying with 'requests_browser' strategy...
2026-01-04 21:42:57,065 - INFO - [Times of India] Early skip: URL https://timesofindia.indiatimes.com/world/us/maduro-dancing-to-no-war-yes-peace-may-have-triggered-trump-into-kidnapping-him-and-bombing-venezuela-report/articleshow/126339675.cms already exists.
2026-01-04 21:42:57,135 - WARNING - [BBC] FAILED with 'requests_browser' (content was too short: 59 words).
2026-01-04 21:42:57,135 - ERROR - [BBC] All scrape strategies failed for https://www.bbc.com/news/videos/c20zgq02jp0o?at_medium=RSS&at_campaign=rss. Falling back to RSS description.
2026-01-04 21:42:57,135 - WARNING - SKIPPED (GLOBAL WORD LIMIT): Article 'Explosions and smoke at La Guaira port' from BBC has only 11 words (Min: 90).
2026-01-04 21:42:57,365 - INFO - [The Guardian] Early skip: URL https://www.theguardian.com/world/2026/jan/03/no-future-for-us-disaffected-iranians-say-its-now-or-never-to-topple-regime already exists.
2026-01-04 21:42:57,581 - INFO - [The Hindu] Early skip: URL https://www.thehindu.com/news/national/tamil-nadu/parliamentary-panel-to-review-us-tariff-impact-in-tamil-nadu/article70471260.ece already exists.
2026-01-04 21:42:57,751 - INFO - [Times of India] Early skip: URL https://timesofindia.indiatimes.com/world/us-streamers/ishowspeed-pulls-a-car-in-viral-african-strength-challenge-during-africa-tour/articleshow/126339693.cms already exists.
2026-01-04 21:42:57,965 - INFO - [The Guardian] Early skip: URL https://www.theguardian.com/world/2026/jan/03/tents-supplied-to-displaced-palestinians-inadequate-for-gaza-winter already exists.
2026-01-04 21:42:58,187 - INFO - [The Hindu] Early skip: URL https://www.thehindu.com/news/national/dmk-receives-14318-suggestions-for-manifesto-on-day-one/article70470860.ece already exists.
2026-01-04 21:42:58,317 - INFO - [Times of India] Early skip: URL https://timesofindia.indiatimes.com/world/us/after-venezuela-is-greenland-next-target-trumps-remarks-spark-unease-in-the-arctic/articleshow/126338890.cms already exists.
2026-01-04 21:42:58,552 - INFO - [The Guardian] Early skip: URL https://www.theguardian.com/world/2026/jan/02/saudi-warplanes-kill-uae-backed-yemeni-separatists already exists.
2026-01-04 21:42:58,687 - INFO - [The Hindu] Early skip: URL https://www.thehindu.com/news/national/tamil-nadu/cm-announced-cash-gift-for-pongal-in-fear-of-defeat-anbumani/article70470634.ece already exists.
2026-01-04 21:42:58,958 - INFO - [BBC] Article: https://www.bbc.com/news/videos/c9vxnn419mro?at_medium=RSS&at_campaign=rss
2026-01-04 21:42:58,958 - INFO - [BBC] Attempt 1/1: Trying with 'requests_browser' strategy...
2026-01-04 21:42:58,960 - INFO - [Times of India] Early skip: URL https://timesofindia.indiatimes.com/world/rest-of-world/video-of-indian-woman-walking-alone-at-3-am-in-singapore-goes-viral-social-media-asks-can-this-happen-in-india/articleshow/126339039.cms already exists.
2026-01-04 21:42:59,005 - WARNING - [BBC] FAILED with 'requests_browser' (content was too short: 87 words).
2026-01-04 21:42:59,005 - ERROR - [BBC] All scrape strategies failed for https://www.bbc.com/news/videos/c9vxnn419mro?at_medium=RSS&at_campaign=rss. Falling back to RSS description.
2026-01-04 21:42:59,005 - WARNING - SKIPPED (GLOBAL WORD LIMIT): Article 'Watch: Over 100 firefighters on the scene of Denver blaze' from BBC has only 17 words (Min: 90).
2026-01-04 21:42:59,249 - INFO - [The Guardian] Early skip: URL https://www.theguardian.com/media/2026/jan/02/bbc-settles-with-7-october-survivors-for-filming-home-without-permission already exists.
2026-01-04 21:42:59,494 - INFO - [The Hindu] Early skip: URL https://www.thehindu.com/news/national/tamil-nadu/dmk-govt-failed-to-fulfil-poll-promises-alleges-l-murugan/article70470615.ece already exists.
2026-01-04 21:42:59,633 - INFO - [Times of India] Early skip: URL https://timesofindia.indiatimes.com/world/us/nike-tracksuit-sells-out-after-maduros-capture/articleshow/126338878.cms already exists.
2026-01-04 21:42:59,896 - INFO - [The Hindu] Early skip: URL https://www.thehindu.com/opinion/op-ed/security-camps-the-game-changer-in-the-maoist-fight/article70471216.ece already exists.
2026-01-04 21:43:00,082 - INFO - [Times of India] Early skip: URL https://timesofindia.indiatimes.com/world/us/youre-confused-marco-rubio-schools-margaret-brennan-who-asked-him-why-us-only-took-maduro-not-other-narco-terrorists/articleshow/126338394.cms already exists.
2026-01-04 21:43:00,276 - INFO - [The Hindu] Early skip: URL https://www.thehindu.com/news/national/tamil-nadu/stalin-rajinikanth-kamal-haasanpay-tributes-to-avm-saravanan/article70470829.ece already exists.
2026-01-04 21:43:00,387 - INFO - [Times of India] Early skip: URL https://timesofindia.indiatimes.com/world/us/inside-op-absolute-resolve-from-cia-team-to-drone-fleet-the-planning-before-flawless-arrest-of-venezuela-president-nicolas-maduro/articleshow/126334353.cms already exists.
2026-01-04 21:43:00,511 - INFO - [BBC] Early skip: URL https://www.bbc.com/news/videos/cj6wew4958eo?at_medium=RSS&at_campaign=rss already exists.
2026-01-04 21:43:00,678 - INFO - [The Hindu] Early skip: URL https://www.thehindu.com/opinion/op-ed/keralas-battles-with-the-sir/article70471377.ece already exists.
2026-01-04 21:43:00,845 - INFO - [Times of India] Early skip: URL https://timesofindia.indiatimes.com/world/us/this-is-where-we-live-rubio-responds-to-us-need-to-take-over-venezuelan-oil-warns-china-russia-iran/articleshow/126336853.cms already exists.
2026-01-04 21:43:01,011 - INFO - [BBC] Early skip: URL https://www.bbc.com/news/videos/czjg9ge7vdeo?at_medium=RSS&at_campaign=rss already exists.
2026-01-04 21:43:01,245 - INFO - [The Hindu] Early skip: URL https://www.thehindu.com/news/national/karnataka/stone-pelting-during-religious-procession-in-jj-nagar-case-registered/article70471872.ece already exists.
2026-01-04 21:43:01,345 - INFO - [Times of India] Early skip: URL https://timesofindia.indiatimes.com/world/us/coincidence-democrats-say-epstein-file-deadline-slipped-as-trump-launched-foreign-operation/articleshow/126337489.cms already exists.
2026-01-04 21:43:01,584 - INFO - [BBC] Article: https://www.bbc.com/news/videos/czdqp29gz51o?at_medium=RSS&at_campaign=rss
2026-01-04 21:43:01,584 - INFO - [BBC] Attempt 1/1: Trying with 'requests_browser' strategy...
2026-01-04 21:43:01,586 - INFO - [The Hindu] Early skip: URL https://www.thehindu.com/news/national/telangana/359th-prakash-purab-of-guru-gobind-singh-celebrated-in-secunderabad/article70471717.ece already exists.
2026-01-04 21:43:01,635 - WARNING - [BBC] FAILED with 'requests_browser' (content was too short: 67 words).
2026-01-04 21:43:01,635 - ERROR - [BBC] All scrape strategies failed for https://www.bbc.com/news/videos/czdqp29gz51o?at_medium=RSS&at_campaign=rss. Falling back to RSS description.
2026-01-04 21:43:01,635 - WARNING - SKIPPED (GLOBAL WORD LIMIT): Article 'What are Russians hoping for in 2026, asks Steve Rosenberg' from BBC has only 19 words (Min: 90).
2026-01-04 21:43:01,745 - INFO - [Times of India] Early skip: URL https://timesofindia.indiatimes.com/world/us/great-powers-dont-act-like-that-vance-pushes-back-on-criticism-of-venezuela-op-claims-oil-stolen-from-us/articleshow/126337559.cms already exists.
2026-01-04 21:43:01,854 - INFO - [The Hindu] Early skip: URL https://www.thehindu.com/news/national/andhra-pradesh/people-warned-against-riding-without-helmets/article70471248.ece already exists.
2026-01-04 21:43:02,018 - INFO - [Times of India] Early skip: URL https://timesofindia.indiatimes.com/world/us/thank-you-trump-why-a-florida-town-is-celebrating-nicolas-maduros-capture/articleshow/126335853.cms already exists.
2026-01-04 21:43:02,286 - INFO - [The Hindu] Early skip: URL https://www.thehindu.com/news/national/west-bengal/bjp-leaders-call-to-lock-up-lakshmir-bhandar-beneficiaries-during-polls-sparks-row-in-west-bengal/article70471688.ece already exists.
2026-01-04 21:43:02,475 - INFO - [Times of India] Early skip: URL https://timesofindia.indiatimes.com/world/us/elon-musk-calls-it-his-biggest-product-ever-meet-optimus-the-robot-that-could-eliminate-the-need-for-work/articleshow/126336651.cms already exists.
2026-01-04 21:43:02,769 - INFO - [Times of India] (Thread) Finished. Attempting to shut down its Selenium driver.
2026-01-04 21:43:02,770 - INFO - [The Hindu] Early skip: URL https://www.thehindu.com/news/national/tamil-nadu/applications-invited-for-franchisee-partners-under-bharatnet-project/article70470665.ece already exists.
2026-01-04 21:43:02,836 - INFO - [Times of India] (Thread) driver.quit() successful.
2026-01-04 21:43:02,987 - INFO - [The Hindu] Early skip: URL https://www.thehindu.com/news/national/andhra-pradesh/sankranthi-celebrations-begin-early-with-cultural-festivities-in-vijayawada/article70471519.ece already exists.
2026-01-04 21:43:03,125 - INFO - [The Hindu] Early skip: URL https://www.thehindu.com/news/national/aircraft-manufacturers-must-deliver-on-time-to-the-iaf-air-chief-marshal/article70470687.ece already exists.
2026-01-04 21:43:03,258 - INFO - [The Hindu] Article: https://www.thehindu.com/shorts/watch-stray-dogs-issue-activists-citizens-protest-at-delhis-jantar-mantar/article70471842.ece
2026-01-04 21:43:03,258 - INFO - [The Hindu] Attempt 1/1: Trying with 'selenium_browser' strategy...
2026-01-04 21:43:15,113 - WARNING - [The Hindu] Page timed out (10s). Proceeding anyway.
2026-01-04 21:43:15,255 - WARNING - [The Hindu] FAILED with 'selenium_browser' (content was too short: 50 words).
2026-01-04 21:43:15,255 - ERROR - [The Hindu] All scrape strategies failed for https://www.thehindu.com/shorts/watch-stray-dogs-issue-activists-citizens-protest-at-delhis-jantar-mantar/article70471842.ece. Falling back to RSS description.
2026-01-04 21:43:15,255 - WARNING - SKIPPED (GLOBAL WORD LIMIT): Article 'Watch: Stray dogs issue: Activists, citizens protest at Delhi’s Jantar Mantar' from The Hindu has only 3 words (Min: 90).
2026-01-04 21:43:16,581 - INFO - [The Hindu] Early skip: URL https://www.thehindu.com/news/national/andhra-pradesh/aiptf-not-member-of-any-national-level-jac-says-office-bearer/article70471636.ece already exists.
2026-01-04 21:43:16,794 - INFO - [The Hindu] Early skip: URL https://www.thehindu.com/news/cities/Tiruchirapalli/amit-shah-dubsthe-dmk-government-the-most-corrupt-in-the-country/article70471689.ece already exists.
2026-01-04 21:43:17,029 - INFO - [The Hindu] Early skip: URL https://www.thehindu.com/news/national/andhra-pradesh/ramanaidu-accuses-jagan-of-betraying-rayalaseema-interests/article70471675.ece already exists.
2026-01-04 21:43:17,263 - INFO - [The Hindu] Early skip: URL https://www.thehindu.com/news/national/andhra-pradesh/tributes-paid-to-aifeas-chief-patron-brijinandan-sharma-on-his-death/article70471697.ece already exists.
2026-01-04 21:43:17,504 - INFO - [The Hindu] Early skip: URL https://www.thehindu.com/news/national/andhra-pradesh/citu-calls-upon-workers-to-make-february-12-general-strike-a-big-success/article70471376.ece already exists.
2026-01-04 21:43:17,651 - INFO - [The Hindu] Early skip: URL https://www.thehindu.com/news/national/jammu-and-kashmir/with-indus-waters-treaty-in-abeyance-manohar-lal-calls-for-desilting-of-salal-project/article70471356.ece already exists.
2026-01-04 21:43:17,759 - INFO - [The Hindu] Early skip: URL https://www.thehindu.com/news/national/kerala/inspections-at-railway-station-parking-lots-flag-safety-concerns/article70471693.ece already exists.
2026-01-04 21:43:17,915 - INFO - [The Hindu] Early skip: URL https://www.thehindu.com/news/national/karnataka/eight-month-old-baby-rescued-from-alleged-sacrifice-ritual/article70471758.ece already exists.
2026-01-04 21:43:18,151 - INFO - [The Hindu] Early skip: URL https://www.thehindu.com/news/national/rajnath-singh-to-commission-coast-guards-new-pollution-control-vessel-on-january-5/article70470881.ece already exists.
2026-01-04 21:43:18,353 - INFO - [The Hindu] Early skip: URL https://www.thehindu.com/news/national/maharashtra/shiv-sena-ubt-leader-says-he-got-death-threats-after-opposing-bangladeshi-cricketer-in-ipl/article70471485.ece already exists.
2026-01-04 21:43:18,491 - INFO - [The Hindu] Early skip: URL https://www.thehindu.com/news/national/kerala/bjp-leader-javadekar-calls-on-vellappally/article70471739.ece already exists.
2026-01-04 21:43:18,677 - INFO - [The Hindu] Early skip: URL https://www.thehindu.com/news/national/karnataka/woman-dies-in-apartment-fire-accident/article70471702.ece already exists.
2026-01-04 21:43:18,821 - INFO - [The Hindu] Early skip: URL https://www.thehindu.com/news/national/karnataka/minister-lays-foundation-stone-for-houses-for-mining-affected-families/article70470821.ece already exists.
2026-01-04 21:43:19,036 - INFO - [The Hindu] Early skip: URL https://www.thehindu.com/news/national/telangana/india-must-unequivocally-condemn-us-attack-on-venezuela-cpi-leader-narayana/article70471394.ece already exists.
2026-01-04 21:43:19,284 - INFO - [The Hindu] (Thread) Finished. Attempting to shut down its Selenium driver.
2026-01-04 21:43:19,385 - INFO - [The Hindu] (Thread) driver.quit() successful.
2026-01-04 21:43:19,385 - INFO - Shutting down thread pool (wait=False)...
2026-01-04 21:43:19,385 - INFO - Scraped: 1 The Hindu, 0 The Guardian, 0 Times of India, 1 BBC articles. (Total saved: 2)
2026-01-04 21:43:19,385 - INFO - --- Scraping job finished ---
2026-01-04 21:43:19,391 - INFO - --- Scraper service stopped and database connection closed. ---
2026-01-04 21:43:19,392 - INFO - --- Main thread finished. Forcing process exit to kill zombie threads. ---
