2025-11-28 13:34:48,525 - INFO - Loading AI Semantic Model (all-MiniLM-L6-v2)...
2025-11-28 13:34:48,525 - INFO - Use pytorch device_name: cpu
2025-11-28 13:34:48,525 - INFO - Load pretrained SentenceTransformer: all-MiniLM-L6-v2
2025-11-28 13:34:49,716 - INFO - AI Model loaded successfully.
2025-11-28 13:34:49,716 - INFO - Initializing database connection at: news_articles.db
2025-11-28 13:34:49,717 - INFO - --- Scraper service started (CI Mode: Run Once) ---
2025-11-28 13:34:49,717 - INFO - --- Starting new scraping job (Parallel Mode) ---
2025-11-28 13:34:49,717 - INFO - Creating new robust session with 3 retries on 5xx/connection/read errors.
2025-11-28 13:34:49,717 - INFO - Proxy is DISABLED.
2025-11-28 13:34:49,717 - INFO - Starting scrape for BBC RSS feed: http://feeds.bbci.co.uk/news/world/rss.xml
2025-11-28 13:34:49,718 - INFO - [Times of India] (Thread) requires Selenium. Initializing driver...
2025-11-28 13:34:49,718 - INFO - Initializing headless Selenium Chrome driver (using SeleniumManager)...
2025-11-28 13:34:49,718 - INFO - Starting scrape for The Guardian RSS feed: https://www.theguardian.com/world/rss
2025-11-28 13:34:49,720 - INFO - [The Hindu] (Thread) requires Selenium. Initializing driver...
2025-11-28 13:34:49,720 - INFO - Initializing headless Selenium Chrome driver (using SeleniumManager)...
2025-11-28 13:34:49,720 - INFO - Submitted 4 jobs to thread pool. Waiting up to 300s for completion...
2025-11-28 13:34:49,892 - INFO - Found 45 articles in The Guardian RSS feed. Processing up to 20.
2025-11-28 13:34:49,892 - INFO - [The Guardian] Article: https://www.theguardian.com/environment/2025/nov/28/africa-forests-transformed-carbon-sink-carbon-source-study
2025-11-28 13:34:49,892 - INFO - [The Guardian] Attempt 1/1: Trying with 'requests_browser' strategy...
2025-11-28 13:34:49,938 - INFO - [The Guardian] Success with 'requests_browser'. Found content (458 words).
2025-11-28 13:34:49,980 - INFO - Duplicate article skipped: Africa’s forests transformed from carbon sink to carbon source, study finds | Climate crisis | The Guardian from The Guardian
2025-11-28 13:34:50,233 - INFO - Found 33 articles in BBC RSS feed. Processing up to 20.
2025-11-28 13:34:50,233 - INFO - [BBC] Article: https://www.bbc.com/news/articles/c79xd17dre3o?at_medium=RSS&at_campaign=rss
2025-11-28 13:34:50,233 - INFO - [BBC] Attempt 1/1: Trying with 'requests_browser' strategy...
2025-11-28 13:34:50,568 - INFO - [BBC] Success with 'requests_browser'. Found content (753 words).
2025-11-28 13:34:50,604 - INFO - Duplicate article skipped: Hong Kong tower blocks fire death toll rises to 128 from BBC
2025-11-28 13:34:50,717 - INFO - [The Guardian] Article: https://www.theguardian.com/world/2025/nov/26/guinea-bissau-officers-take-total-control-close-borders-amid-election-chaos
2025-11-28 13:34:50,717 - INFO - [The Guardian] Attempt 1/1: Trying with 'requests_browser' strategy...
2025-11-28 13:34:50,860 - INFO - [The Guardian] Success with 'requests_browser'. Found content (412 words).
2025-11-28 13:34:50,892 - INFO - Duplicate article skipped: Guinea-Bissau military takes ‘total control’ amid election chaos | Guinea-Bissau | The Guardian from The Guardian
2025-11-28 13:34:51,647 - INFO - [BBC] Article: https://www.bbc.com/news/articles/cdxweyy157go?at_medium=RSS&at_campaign=rss
2025-11-28 13:34:51,647 - INFO - [BBC] Attempt 1/1: Trying with 'requests_browser' strategy...
2025-11-28 13:34:51,695 - INFO - [BBC] Success with 'requests_browser'. Found content (800 words).
2025-11-28 13:34:51,718 - INFO - [The Guardian] Article: https://www.theguardian.com/world/2025/nov/25/nigerian-schoolgirls-rescued-after-mass-abduction-in-kebbi
2025-11-28 13:34:51,718 - INFO - [The Guardian] Attempt 1/1: Trying with 'requests_browser' strategy...
2025-11-28 13:34:51,733 - INFO - Duplicate article skipped: Trump says US will pause migration from 'third-world countries' from BBC
2025-11-28 13:34:51,872 - INFO - [The Guardian] Success with 'requests_browser'. Found content (515 words).
2025-11-28 13:34:51,916 - INFO - Duplicate article skipped: Nigerian schoolgirls rescued after mass abduction in Kebbi | Nigeria | The Guardian from The Guardian
2025-11-28 13:34:52,526 - INFO - [The Guardian] Article: https://www.theguardian.com/world/2025/nov/25/jacob-zuma-daughter-accused-tricking-men-fighting-for-russia-in-ukraine
2025-11-28 13:34:52,526 - INFO - [The Guardian] Attempt 1/1: Trying with 'requests_browser' strategy...
2025-11-28 13:34:52,570 - INFO - [The Guardian] Success with 'requests_browser'. Found content (656 words).
2025-11-28 13:34:52,615 - INFO - Duplicate article skipped: Jacob Zuma’s daughter accused of tricking men into fighting for Russia in Ukraine | South Africa | The Guardian from The Guardian
2025-11-28 13:34:53,039 - INFO - [BBC] Article: https://www.bbc.com/news/articles/cwyx4y6007lo?at_medium=RSS&at_campaign=rss
2025-11-28 13:34:53,039 - INFO - [BBC] Attempt 1/1: Trying with 'requests_browser' strategy...
2025-11-28 13:34:53,086 - INFO - [BBC] Success with 'requests_browser'. Found content (972 words).
2025-11-28 13:34:53,238 - INFO - Duplicate article skipped: National Guard member Sarah Beckstrom dies after shooting in Washington DC from BBC
2025-11-28 13:34:53,522 - INFO - [The Guardian] Article: https://www.theguardian.com/uk-news/2025/nov/24/uk-rejects-nigerian-request-to-deport-former-politican-ike-ekweremadu-jailed-for-organ-trafficking
2025-11-28 13:34:53,522 - INFO - [The Guardian] Attempt 1/1: Trying with 'requests_browser' strategy...
2025-11-28 13:34:53,682 - INFO - [The Guardian] Success with 'requests_browser'. Found content (545 words).
2025-11-28 13:34:53,719 - INFO - Duplicate article skipped: UK rejects Nigerian request to deport former politican jailed for organ trafficking | UK news | The Guardian from The Guardian
2025-11-28 13:34:54,466 - INFO - [BBC] Article: https://www.bbc.com/news/articles/c058lp086zvo?at_medium=RSS&at_campaign=rss
2025-11-28 13:34:54,467 - INFO - [BBC] Attempt 1/1: Trying with 'requests_browser' strategy...
2025-11-28 13:34:54,512 - INFO - [BBC] Success with 'requests_browser'. Found content (685 words).
2025-11-28 13:34:54,551 - INFO - Duplicate article skipped: Ukraine anti-corruption agents search home of Zelensky's top adviser Yermak from BBC
2025-11-28 13:34:55,039 - INFO - [The Guardian] Article: https://www.theguardian.com/world/2025/nov/28/st-vincent-caribbean-opposition-party-celebrates-historic-election-win
2025-11-28 13:34:55,039 - INFO - [The Guardian] Attempt 1/1: Trying with 'requests_browser' strategy...
2025-11-28 13:34:55,079 - INFO - [The Guardian] Success with 'requests_browser'. Found content (609 words).
2025-11-28 13:34:55,114 - INFO - Duplicate article skipped: St Vincent opposition party celebrates historic election win | St Vincent and the Grenadines | The Guardian from The Guardian
2025-11-28 13:34:55,583 - INFO - [BBC] Article: https://www.bbc.com/news/articles/clyz7njqwvvo?at_medium=RSS&at_campaign=rss
2025-11-28 13:34:55,583 - INFO - [BBC] Attempt 1/1: Trying with 'requests_browser' strategy...
2025-11-28 13:34:55,623 - INFO - [BBC] Success with 'requests_browser'. Found content (345 words).
2025-11-28 13:34:55,661 - INFO - Duplicate article skipped: Japan's same-sex marriage ban is constitutional, says Tokyo court from BBC
2025-11-28 13:34:56,610 - INFO - [The Guardian] Article: https://www.theguardian.com/world/2025/nov/27/st-vincent-prime-minister-seeks-record-sixth-term-in-tight-election
2025-11-28 13:34:56,610 - INFO - [The Guardian] Attempt 1/1: Trying with 'requests_browser' strategy...
2025-11-28 13:34:56,782 - INFO - [The Guardian] Success with 'requests_browser'. Found content (678 words).
2025-11-28 13:34:56,817 - INFO - Duplicate article skipped: St Vincent prime minister seeks record sixth term in tight election | St Vincent and the Grenadines | The Guardian from The Guardian
2025-11-28 13:34:56,861 - INFO - Selenium driver initialized successfully.
2025-11-28 13:34:56,861 - INFO - Starting scrape for Times of India RSS feed: https://timesofindia.indiatimes.com/rssfeeds/296589292.cms
2025-11-28 13:34:56,862 - INFO - Selenium driver initialized successfully.
2025-11-28 13:34:56,862 - INFO - Starting scrape for The Hindu RSS feed: https://www.thehindu.com/news/national/feeder/default.rss
2025-11-28 13:34:57,064 - INFO - Found 100 articles in The Hindu RSS feed. Processing up to 20.
2025-11-28 13:34:57,064 - INFO - [The Hindu] Article: https://www.thehindu.com/news/national/andhra-pradesh/nirmala-sitharaman-lays-stone-for-15-banks-insurance-offices-in-amaravati/article70334339.ece
2025-11-28 13:34:57,064 - INFO - [The Hindu] Attempt 1/1: Trying with 'selenium_browser' strategy...
2025-11-28 13:34:57,120 - INFO - [BBC] Article: https://www.bbc.com/news/articles/c0l9z176lnlo?at_medium=RSS&at_campaign=rss
2025-11-28 13:34:57,120 - INFO - [BBC] Attempt 1/1: Trying with 'requests_browser' strategy...
2025-11-28 13:34:57,186 - INFO - Found 20 articles in Times of India RSS feed. Processing up to 20.
2025-11-28 13:34:57,186 - INFO - [Times of India] Article: https://timesofindia.indiatimes.com/world/us/afghanistan-is-not-the-problem-immigration-is-kabul-born-former-us-soldier-says-even-10-president-trump-cant-undo-failure/articleshow/125638346.cms
2025-11-28 13:34:57,186 - INFO - [Times of India] Attempt 1/1: Trying with 'selenium_browser' strategy...
2025-11-28 13:34:57,341 - INFO - [The Guardian] Article: https://www.theguardian.com/politics/2025/nov/28/uk-home-office-rejects-visa-young-girl-destitute-jamaica-hurricane-melissa
2025-11-28 13:34:57,341 - INFO - [The Guardian] Attempt 1/1: Trying with 'requests_browser' strategy...
2025-11-28 13:34:57,379 - INFO - [The Guardian] Success with 'requests_browser'. Found content (550 words).
2025-11-28 13:34:57,419 - INFO - Duplicate article skipped: UK rejects visa for girl left destitute in Jamaica by Hurricane Melissa | Home Office | The Guardian from The Guardian
2025-11-28 13:34:57,441 - INFO - [BBC] Success with 'requests_browser'. Found content (598 words).
2025-11-28 13:34:57,482 - INFO - Duplicate article skipped: Austrian nuns win reprieve in abandoned convent - if they stay off social media from BBC
2025-11-28 13:34:58,049 - INFO - [The Guardian] Article: https://www.theguardian.com/world/2025/nov/27/mark-carney-alberta-oil-pipeline-deal-canada-first-nations
2025-11-28 13:34:58,049 - INFO - [The Guardian] Attempt 1/1: Trying with 'requests_browser' strategy...
2025-11-28 13:34:58,105 - INFO - [The Guardian] Success with 'requests_browser'. Found content (723 words).
2025-11-28 13:34:58,170 - INFO - Duplicate article skipped: Canada minister resigns from cabinet over Carney’s controversial oil pipeline deal | Canada | The Guardian from The Guardian
2025-11-28 13:34:58,362 - INFO - [BBC] Article: https://www.bbc.com/news/articles/cp89k31krz4o?at_medium=RSS&at_campaign=rss
2025-11-28 13:34:58,362 - INFO - [BBC] Attempt 1/1: Trying with 'requests_browser' strategy...
2025-11-28 13:34:58,534 - INFO - [BBC] Success with 'requests_browser'. Found content (350 words).
2025-11-28 13:34:58,607 - INFO - Duplicate article skipped: Ten killed in deadliest Israeli raid for months in southern Syria from BBC
2025-11-28 13:34:59,381 - INFO - [The Guardian] Article: https://www.theguardian.com/world/2025/nov/27/perus-ousted-president-of-the-poor-gets-11-year-sentence-for-rebellion
2025-11-28 13:34:59,381 - INFO - [The Guardian] Attempt 1/1: Trying with 'requests_browser' strategy...
2025-11-28 13:34:59,419 - INFO - [The Guardian] Success with 'requests_browser'. Found content (346 words).
2025-11-28 13:34:59,459 - INFO - Duplicate article skipped: Peru’s ousted ‘president of the poor’ gets 11-year sentence for rebellion | Peru | The Guardian from The Guardian
2025-11-28 13:34:59,843 - INFO - [BBC] Article: https://www.bbc.com/news/articles/c0q5w13e58zo?at_medium=RSS&at_campaign=rss
2025-11-28 13:34:59,843 - INFO - [BBC] Attempt 1/1: Trying with 'requests_browser' strategy...
2025-11-28 13:34:59,899 - INFO - [BBC] Success with 'requests_browser'. Found content (421 words).
2025-11-28 13:35:00,371 - INFO - [The Guardian] Article: https://www.theguardian.com/news/2025/nov/28/hong-kong-community-groups-deliver-aid-to-survivors-of-wang-fuk-court-fire
2025-11-28 13:35:00,371 - INFO - [The Guardian] Attempt 1/1: Trying with 'requests_browser' strategy...
2025-11-28 13:35:00,486 - INFO - [The Guardian] Success with 'requests_browser'. Found content (687 words).
2025-11-28 13:35:29,653 - INFO - Saved article: Lightning detected on Mars by Nasa rover, scientists believe from BBC
2025-11-28 13:35:29,654 - INFO - Duplicate article skipped: Hong Kong community groups deliver aid to survivors of Wang Fuk Court fire | Hong Kong apartment fires | The Guardian from The Guardian
2025-11-28 13:35:30,274 - INFO - [BBC] Article: https://www.bbc.com/news/articles/clyd4llgrego?at_medium=RSS&at_campaign=rss
2025-11-28 13:35:30,274 - INFO - [BBC] Attempt 1/1: Trying with 'requests_browser' strategy...
2025-11-28 13:35:30,319 - INFO - [BBC] Success with 'requests_browser'. Found content (415 words).
2025-11-28 13:35:30,357 - INFO - Duplicate article skipped: Louvre to hike ticket prices for most non-EU tourists by 45% from BBC
2025-11-28 13:35:30,424 - INFO - [The Guardian] Article: https://www.theguardian.com/news/2025/nov/28/hong-kong-apartment-fire-response-rescue-operations-death-toll
2025-11-28 13:35:30,424 - INFO - [The Guardian] Attempt 1/1: Trying with 'requests_browser' strategy...
2025-11-28 13:35:30,471 - INFO - [The Guardian] Success with 'requests_browser'. Found content (987 words).
2025-11-28 13:35:30,513 - INFO - Duplicate article skipped: Rescue efforts end at Hong Kong tower block fire as death toll reaches 128 | Hong Kong apartment fires | The Guardian from The Guardian
2025-11-28 13:35:31,112 - INFO - [BBC] Article: https://www.bbc.com/news/videos/cev8exezvw2o?at_medium=RSS&at_campaign=rss
2025-11-28 13:35:31,112 - INFO - [BBC] Attempt 1/1: Trying with 'requests_browser' strategy...
2025-11-28 13:35:31,288 - INFO - [BBC] Success with 'requests_browser'. Found content (89 words).
2025-11-28 13:35:31,331 - INFO - Duplicate article skipped: Pope Leo struggles to unveil plaque in Turkey from BBC
2025-11-28 13:35:31,680 - INFO - [The Guardian] Article: https://www.theguardian.com/world/2025/nov/28/bear-attacks-man-public-toilet-japan
2025-11-28 13:35:31,680 - INFO - [The Guardian] Attempt 1/1: Trying with 'requests_browser' strategy...
2025-11-28 13:35:31,718 - INFO - [The Guardian] Success with 'requests_browser'. Found content (373 words).
2025-11-28 13:35:31,752 - INFO - Duplicate article skipped: Bear attacks man in public toilet in Japan | Japan | The Guardian from The Guardian
2025-11-28 13:35:32,029 - INFO - [BBC] Article: https://www.bbc.com/news/articles/c0q5ww558ngo?at_medium=RSS&at_campaign=rss
2025-11-28 13:35:32,029 - INFO - [BBC] Attempt 1/1: Trying with 'requests_browser' strategy...
2025-11-28 13:35:32,682 - INFO - [The Guardian] Article: https://www.theguardian.com/world/2025/nov/28/china-civil-service-exam-age-limit-changed
2025-11-28 13:35:32,683 - INFO - [The Guardian] Attempt 1/1: Trying with 'requests_browser' strategy...
2025-11-28 13:35:32,719 - INFO - [The Guardian] Success with 'requests_browser'. Found content (763 words).
2025-11-28 13:35:32,755 - INFO - Duplicate article skipped: Millions in China cram for civil service exam and the hope of a job for life | China | The Guardian from The Guardian
2025-11-28 13:35:33,056 - INFO - [BBC] Success with 'requests_browser'. Found content (442 words).
2025-11-28 13:35:33,278 - INFO - Duplicate article skipped: Peru: Two former presidents jailed in two days from BBC
2025-11-28 13:35:33,833 - INFO - [The Guardian] Article: https://www.theguardian.com/world/2025/nov/28/flash-flooding-sumatra-death-toll-rises
2025-11-28 13:35:33,833 - INFO - [The Guardian] Attempt 1/1: Trying with 'requests_browser' strategy...
2025-11-28 13:35:33,871 - INFO - [The Guardian] Success with 'requests_browser'. Found content (785 words).
2025-11-28 13:35:33,910 - INFO - Duplicate article skipped: Flash flooding in Sumatra kills 69 as rescue crews search rivers for survivors | Indonesia | The Guardian from The Guardian
2025-11-28 13:35:34,678 - INFO - [BBC] Article: https://www.bbc.com/news/articles/c741m97lk42o?at_medium=RSS&at_campaign=rss
2025-11-28 13:35:34,678 - INFO - [BBC] Attempt 1/1: Trying with 'requests_browser' strategy...
2025-11-28 13:35:34,728 - INFO - [BBC] Success with 'requests_browser'. Found content (661 words).
2025-11-28 13:35:34,759 - INFO - [The Guardian] Article: https://www.theguardian.com/australia-news/2025/nov/28/bondi-junction-stabbings-joel-cauchi-inquest-drug-use
2025-11-28 13:35:34,765 - INFO - [The Guardian] Attempt 1/1: Trying with 'requests_browser' strategy...
2025-11-28 13:35:34,776 - INFO - Duplicate article skipped: Guinea-Bissau’s ousted President Umaro Sissoco Embaló flees to Senegal after coup from BBC
2025-11-28 13:35:35,189 - INFO - [The Guardian] Success with 'requests_browser'. Found content (901 words).
2025-11-28 13:35:35,244 - INFO - Duplicate article skipped: Bondi Junction stabbings: ‘10 seconds warning’ from security could have saved lives, inquest hears | Bondi Junction stabbings | The Guardian from The Guardian
2025-11-28 13:35:35,385 - INFO - [BBC] Article: https://www.bbc.com/news/articles/c1w9qe7n984o?at_medium=RSS&at_campaign=rss
2025-11-28 13:35:35,385 - INFO - [BBC] Attempt 1/1: Trying with 'requests_browser' strategy...
2025-11-28 13:35:35,442 - INFO - [BBC] Success with 'requests_browser'. Found content (796 words).
2025-11-28 13:35:35,488 - INFO - Duplicate article skipped: Quebec moves to expand secularism law, limit public prayer from BBC
2025-11-28 13:35:36,671 - INFO - [The Guardian] Article: https://www.theguardian.com/australia-news/live/2025/nov/28/australia-news-live-storms-hail-queensland-environment-laws-anthony-albanese-labor-greens-sussan-ley-coalition-ntwnfb
2025-11-28 13:35:36,671 - INFO - [The Guardian] Attempt 1/1: Trying with 'requests_browser' strategy...
2025-11-28 13:35:36,976 - INFO - [BBC] Article: https://www.bbc.com/news/articles/c8dyqzm0rp4o?at_medium=RSS&at_campaign=rss
2025-11-28 13:35:36,976 - INFO - [BBC] Attempt 1/1: Trying with 'requests_browser' strategy...
2025-11-28 13:35:37,063 - INFO - [The Guardian] Success with 'requests_browser'. Found content (1988 words).
2025-11-28 13:35:37,160 - INFO - Duplicate article skipped: Barnaby Joyce’s exit from the Nationals ‘almost a Greek tragedy’, Michael McCormack says – as it happened | Australia news | The Guardian from The Guardian
2025-11-28 13:35:37,172 - INFO - [BBC] Success with 'requests_browser'. Found content (392 words).
2025-11-28 13:35:37,211 - INFO - Duplicate article skipped: West Bank: Israeli troops kill two Palestinians after they appear to surrender from BBC
2025-11-28 13:35:37,875 - INFO - [The Guardian] Article: https://www.theguardian.com/australia-news/2025/nov/28/jai-wright-police-officer-guilty-causing-indigenous-teenager-death-ntwnfb
2025-11-28 13:35:37,875 - INFO - [The Guardian] Attempt 1/1: Trying with 'requests_browser' strategy...
2025-11-28 13:35:37,915 - INFO - [The Guardian] Success with 'requests_browser'. Found content (639 words).
2025-11-28 13:35:37,952 - INFO - Duplicate article skipped: Police sergeant found guilty of causing death of 16-year-old Indigenous teenager Jai Wright | Australian police and policing | The Guardian from The Guardian
2025-11-28 13:35:37,968 - INFO - [BBC] Article: https://www.bbc.com/news/articles/cp84nl57v0lo?at_medium=RSS&at_campaign=rss
2025-11-28 13:35:37,968 - INFO - [BBC] Attempt 1/1: Trying with 'requests_browser' strategy...
2025-11-28 13:35:38,675 - INFO - [BBC] Success with 'requests_browser'. Found content (751 words).
2025-11-28 13:35:38,710 - INFO - Duplicate article skipped: Putin doubles down on demands for Ukrainian territory ahead of talks with US from BBC
2025-11-28 13:35:39,340 - INFO - [The Guardian] Article: https://www.theguardian.com/australia-news/2025/nov/28/father-jailed-homemade-gun-misfires-kills-pregnant-woman
2025-11-28 13:35:39,340 - INFO - [The Guardian] Attempt 1/1: Trying with 'requests_browser' strategy...
2025-11-28 13:35:39,384 - INFO - [The Guardian] Success with 'requests_browser'. Found content (546 words).
2025-11-28 13:35:39,429 - INFO - Duplicate article skipped: Victorian man jailed after homemade gun misfires and kills his pregnant partner | Victoria | The Guardian from The Guardian
2025-11-28 13:35:40,159 - INFO - [BBC] Article: https://www.bbc.com/news/articles/c0edw7g7z79o?at_medium=RSS&at_campaign=rss
2025-11-28 13:35:40,159 - INFO - [BBC] Attempt 1/1: Trying with 'requests_browser' strategy...
2025-11-28 13:35:40,356 - INFO - [BBC] Success with 'requests_browser'. Found content (1054 words).
2025-11-28 13:35:40,428 - INFO - Duplicate article skipped: France brings back limited military service with 3,000 volunteers next year from BBC
2025-11-28 13:35:40,537 - INFO - [The Guardian] Article: https://www.theguardian.com/australia-news/2025/nov/28/sydney-blacktown-daylight-shooting-man-dead-ntwnfb
2025-11-28 13:35:40,537 - INFO - [The Guardian] Attempt 1/1: Trying with 'requests_browser' strategy...
2025-11-28 13:35:40,680 - INFO - [The Guardian] Success with 'requests_browser'. Found content (287 words).
2025-11-28 13:35:40,714 - INFO - Duplicate article skipped: Man dead and two under arrest after daylight shooting on suburban Sydney street | New South Wales | The Guardian from The Guardian
2025-11-28 13:35:41,916 - INFO - [BBC] Article: https://www.bbc.com/news/articles/cd0keyern0do?at_medium=RSS&at_campaign=rss
2025-11-28 13:35:41,916 - INFO - [BBC] Attempt 1/1: Trying with 'requests_browser' strategy...
2025-11-28 13:35:41,959 - INFO - [BBC] Success with 'requests_browser'. Found content (511 words).
2025-11-28 13:35:41,995 - INFO - Duplicate article skipped: Venezuela bans six major airlines after tensions with US escalate from BBC
2025-11-28 13:35:43,409 - INFO - [BBC] Article: https://www.bbc.com/news/articles/c0edw348pewo?at_medium=RSS&at_campaign=rss
2025-11-28 13:35:43,410 - INFO - [BBC] Attempt 1/1: Trying with 'requests_browser' strategy...
2025-11-28 13:35:43,591 - INFO - [BBC] Success with 'requests_browser'. Found content (495 words).
2025-11-28 13:35:43,629 - INFO - Duplicate article skipped: US-Palestinian teen freed after nine months in Israeli jail from BBC
2025-11-28 13:35:44,227 - INFO - [BBC] Article: https://www.bbc.com/news/articles/cdd560nvqqdo?at_medium=RSS&at_campaign=rss
2025-11-28 13:35:44,227 - INFO - [BBC] Attempt 1/1: Trying with 'requests_browser' strategy...
2025-11-28 13:35:44,659 - INFO - [BBC] Success with 'requests_browser'. Found content (1894 words).
2025-11-28 13:35:44,697 - INFO - Duplicate article skipped: Year after ceasefire, peace eludes south Lebanon as Israeli strikes continue from BBC
2025-11-28 13:35:46,136 - INFO - [BBC] Article: https://www.bbc.com/news/articles/cy5g3076lqzo?at_medium=RSS&at_campaign=rss
2025-11-28 13:35:46,136 - INFO - [BBC] Attempt 1/1: Trying with 'requests_browser' strategy...
2025-11-28 13:35:46,626 - INFO - [BBC] Success with 'requests_browser'. Found content (736 words).
2025-11-28 13:35:46,662 - INFO - Duplicate article skipped: Pope Leo visits Turkey and warns humanity at stake from high level of conflict from BBC
2025-11-28 13:36:57,098 - ERROR - [The Hindu] Request failed for strategy 'selenium_browser' on URL https://www.thehindu.com/news/national/andhra-pradesh/nirmala-sitharaman-lays-stone-for-15-banks-insurance-offices-in-amaravati/article70334339.ece: HTTPConnectionPool(host='localhost', port=35371): Read timed out. (read timeout=120)
2025-11-28 13:36:57,098 - ERROR - [The Hindu] All scrape strategies failed for https://www.thehindu.com/news/national/andhra-pradesh/nirmala-sitharaman-lays-stone-for-15-banks-insurance-offices-in-amaravati/article70334339.ece. Falling back to RSS description.
2025-11-28 13:36:57,287 - ERROR - [Times of India] Request failed for strategy 'selenium_browser' on URL https://timesofindia.indiatimes.com/world/us/afghanistan-is-not-the-problem-immigration-is-kabul-born-former-us-soldier-says-even-10-president-trump-cant-undo-failure/articleshow/125638346.cms: HTTPConnectionPool(host='localhost', port=36109): Read timed out. (read timeout=120)
2025-11-28 13:36:57,287 - ERROR - [Times of India] All scrape strategies failed for https://timesofindia.indiatimes.com/world/us/afghanistan-is-not-the-problem-immigration-is-kabul-born-former-us-soldier-says-even-10-president-trump-cant-undo-failure/articleshow/125638346.cms. Falling back to RSS description.
2025-11-28 13:37:10,414 - INFO - Saved article: Nirmala Sitharaman lays stone for 15 banks, insurance offices in Amaravati from The Hindu
2025-11-28 13:37:10,414 - INFO - Duplicate article skipped: Afghanistan is not the problem, immigration is: Kabul-born former US soldier says even '10 President Trump' can't undo failure from Times of India
2025-11-28 13:37:11,158 - INFO - [The Hindu] Article: https://www.thehindu.com/news/national/kerala/87-midshipmen-receive-btech-at-ezhimala-academy/article70334091.ece
2025-11-28 13:37:11,158 - INFO - [The Hindu] Attempt 1/1: Trying with 'selenium_browser' strategy...
2025-11-28 13:37:11,726 - INFO - [Times of India] Article: https://timesofindia.indiatimes.com/world/us/zero-mention-of-islamic-terrorism-laura-loomer-slams-zohran-mamdani-over-dc-shooting-calls-him-nycs-jihadist-mayor/articleshow/125637251.cms
2025-11-28 13:37:11,726 - INFO - [Times of India] Attempt 1/1: Trying with 'selenium_browser' strategy...
2025-11-28 13:39:11,247 - ERROR - [The Hindu] Request failed for strategy 'selenium_browser' on URL https://www.thehindu.com/news/national/kerala/87-midshipmen-receive-btech-at-ezhimala-academy/article70334091.ece: HTTPConnectionPool(host='localhost', port=35371): Read timed out. (read timeout=120)
2025-11-28 13:39:11,247 - ERROR - [The Hindu] All scrape strategies failed for https://www.thehindu.com/news/national/kerala/87-midshipmen-receive-btech-at-ezhimala-academy/article70334091.ece. Falling back to RSS description.
2025-11-28 13:39:11,826 - ERROR - [Times of India] Request failed for strategy 'selenium_browser' on URL https://timesofindia.indiatimes.com/world/us/zero-mention-of-islamic-terrorism-laura-loomer-slams-zohran-mamdani-over-dc-shooting-calls-him-nycs-jihadist-mayor/articleshow/125637251.cms: HTTPConnectionPool(host='localhost', port=36109): Read timed out. (read timeout=120)
2025-11-28 13:39:11,827 - ERROR - [Times of India] All scrape strategies failed for https://timesofindia.indiatimes.com/world/us/zero-mention-of-islamic-terrorism-laura-loomer-slams-zohran-mamdani-over-dc-shooting-calls-him-nycs-jihadist-mayor/articleshow/125637251.cms. Falling back to RSS description.
2025-11-28 13:39:24,461 - INFO - Saved article: 87 midshipmen receive B.Tech at Ezhimala academy from The Hindu
2025-11-28 13:39:24,461 - INFO - Duplicate article skipped: ‘Zero mention of Islamic terrorism’: Laura Loomer slams Zohran Mamdani over DC shooting, calls him ‘NYC’s jihadist mayor’ from Times of India
2025-11-28 13:39:25,297 - INFO - [The Hindu] Article: https://www.thehindu.com/news/cities/Hyderabad/fgg-raises-alarm-over-non-functional-hospitals-in-telangana/article70334535.ece
2025-11-28 13:39:25,297 - INFO - [The Hindu] Attempt 1/1: Trying with 'selenium_browser' strategy...
2025-11-28 13:39:25,511 - INFO - [Times of India] Article: https://timesofindia.indiatimes.com/world/middle-east/uae-vice-president-sheikh-mansour-a-look-at-his-net-worth-and-manchester-city-empire/articleshow/125636442.cms
2025-11-28 13:39:25,511 - INFO - [Times of India] Attempt 1/1: Trying with 'selenium_browser' strategy...
2025-11-28 13:39:49,720 - CRITICAL - --- TIMEOUT: 2 scrape jobs did not complete in 300s. ---
2025-11-28 13:39:49,720 - ERROR - A thread has timed out and will be abandoned.
2025-11-28 13:39:49,721 - ERROR - A thread has timed out and will be abandoned.
2025-11-28 13:39:49,721 - INFO - Shutting down thread pool (wait=False)...
2025-11-28 13:39:49,721 - INFO - Scraped: 1 BBC, 0 The Guardian, 2 Timed_Out_Jobs articles. (Total saved: 1)
2025-11-28 13:39:49,721 - INFO - --- Scraping job finished ---
2025-11-28 13:39:49,721 - INFO - --- Scraper service stopped and database connection closed. ---
2025-11-28 13:39:49,721 - INFO - --- Main thread finished. Forcing process exit to kill zombie threads. ---
