2026-01-19 10:33:16,034 - INFO - Loading AI Semantic Model (all-MiniLM-L6-v2)...
2026-01-19 10:33:16,034 - INFO - Use pytorch device_name: cpu
2026-01-19 10:33:16,034 - INFO - Load pretrained SentenceTransformer: all-MiniLM-L6-v2
2026-01-19 10:33:16,546 - INFO - AI Model loaded successfully.
2026-01-19 10:33:16,546 - INFO - --- Scraper service started (CI Mode: Run Once) ---
2026-01-19 10:33:16,546 - INFO - --- Starting new scraping job (Parallel Mode) ---
2026-01-19 10:33:16,546 - INFO - Creating new robust session with 3 retries on 5xx/connection/read errors.
2026-01-19 10:33:16,546 - INFO - Proxy is DISABLED.
2026-01-19 10:33:16,547 - INFO - Starting scrape for BBC RSS feed: http://feeds.bbci.co.uk/news/world/rss.xml
2026-01-19 10:33:16,547 - INFO - [Times of India] (Thread) requires Selenium. Initializing driver...
2026-01-19 10:33:16,548 - INFO - Starting scrape for The Guardian RSS feed: https://www.theguardian.com/world/rss
2026-01-19 10:33:16,549 - INFO - [The Hindu] (Thread) requires Selenium. Initializing driver...
2026-01-19 10:33:16,549 - INFO - Submitted 4 jobs to thread pool. Waiting up to 300s for completion...
2026-01-19 10:33:16,745 - INFO - Found 45 articles in The Guardian RSS feed. Processing up to 30.
2026-01-19 10:33:16,745 - INFO - [The Guardian] Early skip: URL https://www.theguardian.com/global-development/2026/jan/19/brazen-political-influence-rich-laid-bare-wealth-billionaires-inequality-poverty-instability-oxfam already exists.
2026-01-19 10:33:16,808 - INFO - Found 34 articles in BBC RSS feed. Processing up to 30.
2026-01-19 10:33:17,001 - INFO - [BBC] Early skip: URL https://www.bbc.com/news/articles/cedw6ylpynyo?at_medium=RSS&at_campaign=rss already exists.
2026-01-19 10:33:17,158 - INFO - [The Guardian] Early skip: URL https://www.theguardian.com/world/2026/jan/18/ugandas-president-calls-opponents-terrorists-in-victory-speech already exists.
2026-01-19 10:33:17,429 - INFO - [BBC] Early skip: URL https://www.bbc.com/news/articles/c4g0zx0llpzo?at_medium=RSS&at_campaign=rss already exists.
2026-01-19 10:33:17,581 - INFO - [The Guardian] Early skip: URL https://www.theguardian.com/world/2026/jan/17/yoweri-museveni-wins-ugandan-election-as-opponent-condemns-fake-result already exists.
2026-01-19 10:33:17,743 - INFO - [BBC] Early skip: URL https://www.bbc.com/news/articles/ceqz0llpnyqo?at_medium=RSS&at_campaign=rss already exists.
2026-01-19 10:33:18,043 - INFO - [The Guardian] Early skip: URL https://www.theguardian.com/uk-news/2026/jan/17/afcon-little-morocco-london-confidence-high already exists.
2026-01-19 10:33:18,335 - INFO - [BBC] Early skip: URL https://www.bbc.com/news/articles/c4gwk37ewvwo?at_medium=RSS&at_campaign=rss already exists.
2026-01-19 10:33:18,461 - INFO - [The Guardian] Early skip: URL https://www.theguardian.com/environment/2026/jan/17/twin-baby-mountain-gorilla-virunga-drc-survival-conservation-aoe already exists.
2026-01-19 10:33:18,645 - INFO - [BBC] Early skip: URL https://www.bbc.com/news/articles/c5y2pg28lgjo?at_medium=RSS&at_campaign=rss already exists.
2026-01-19 10:33:18,753 - INFO - [The Guardian] Early skip: URL https://www.theguardian.com/world/2026/jan/18/chile-president-declares-state-of-catastrophe-as-wildfires-kill already exists.
2026-01-19 10:33:18,981 - INFO - [BBC] Early skip: URL https://www.bbc.com/news/articles/cz7ypw4rjrzo?at_medium=RSS&at_campaign=rss already exists.
2026-01-19 10:33:19,262 - INFO - [The Guardian] Early skip: URL https://www.theguardian.com/us-news/2026/jan/16/trump-administration-mistake-college-student-detained already exists.
2026-01-19 10:33:19,517 - INFO - [BBC] Early skip: URL https://www.bbc.com/news/articles/c79r7v7qr53o?at_medium=RSS&at_campaign=rss already exists.
2026-01-19 10:33:19,795 - INFO - [The Guardian] Early skip: URL https://www.theguardian.com/world/2026/jan/16/cia-chief-visits-maduro-successor-as-machado-vows-to-become-venezuelas-president already exists.
2026-01-19 10:33:19,910 - INFO - [BBC] Early skip: URL https://www.bbc.com/news/articles/c74v0pxg2nvo?at_medium=RSS&at_campaign=rss already exists.
2026-01-19 10:33:20,014 - INFO - [The Guardian] Early skip: URL https://www.theguardian.com/world/2026/jan/16/brazil-jair-bolsonaro-reduce-sentence-reading-books already exists.
2026-01-19 10:33:20,128 - INFO - [BBC] Early skip: URL https://www.bbc.com/news/articles/cg5gegrdq3go?at_medium=RSS&at_campaign=rss already exists.
2026-01-19 10:33:20,264 - INFO - [The Guardian] Early skip: URL https://www.theguardian.com/world/2026/jan/16/china-canada-partnership-new-global-realities-carney-xi-jinping already exists.
2026-01-19 10:33:20,422 - INFO - [BBC] Early skip: URL https://www.bbc.com/news/articles/cd0y453yd90o?at_medium=RSS&at_campaign=rss already exists.
2026-01-19 10:33:20,586 - INFO - [The Guardian] Article: https://www.theguardian.com/world/2026/jan/19/japan-snap-election-sanae-takaichi-ldp
2026-01-19 10:33:20,586 - INFO - [The Guardian] Attempt 1/1: Trying with 'requests_browser' strategy...
2026-01-19 10:33:20,587 - INFO - [BBC] Early skip: URL https://www.bbc.com/news/articles/c150pg5dvp2o?at_medium=RSS&at_campaign=rss already exists.
2026-01-19 10:33:20,615 - INFO - [The Guardian] Success with 'requests_browser'. Found content (714 words).
2026-01-19 10:33:23,277 - INFO - Selenium driver initialized successfully.
2026-01-19 10:33:23,277 - INFO - Starting scrape for The Hindu RSS feed: https://www.thehindu.com/news/national/feeder/default.rss
2026-01-19 10:33:23,279 - INFO - Selenium driver initialized successfully.
2026-01-19 10:33:23,279 - INFO - Starting scrape for Times of India RSS feed: https://timesofindia.indiatimes.com/rssfeeds/296589292.cms
2026-01-19 10:33:23,396 - INFO - Found 20 articles in Times of India RSS feed. Processing up to 30.
2026-01-19 10:33:23,509 - INFO - Found 100 articles in The Hindu RSS feed. Processing up to 30.
2026-01-19 10:33:31,885 - INFO - Saved article: Japan’s prime minister calls snap election as approval ratings ride high | Japan | The Guardian from The Guardian (714 words)
2026-01-19 10:33:31,885 - INFO - [BBC] Early skip: URL https://www.bbc.com/news/articles/c620nq38y6po?at_medium=RSS&at_campaign=rss already exists.
2026-01-19 10:33:31,994 - INFO - [Times of India] Article: https://timesofindia.indiatimes.com/world/uk/why-hundreds-of-bald-eagles-are-flocking-to-northern-british-columbias-frozen-mountains-during-winter/articleshow/126672217.cms
2026-01-19 10:33:31,995 - INFO - [Times of India] Attempt 1/1: Trying with 'selenium_browser' strategy...
2026-01-19 10:33:31,995 - INFO - [The Hindu] Article: https://www.thehindu.com/news/national/kerala/first-phase-of-houses-for-wayanad-landslide-survivors-to-be-handed-over-in-february-kerala-revenue-minister/article70525033.ece
2026-01-19 10:33:31,995 - INFO - [The Hindu] Attempt 1/1: Trying with 'selenium_browser' strategy...
2026-01-19 10:33:31,996 - INFO - [BBC] Early skip: URL https://www.bbc.com/news/articles/c3r1v7gqdp8o?at_medium=RSS&at_campaign=rss already exists.
2026-01-19 10:33:32,240 - INFO - [BBC] Early skip: URL https://www.bbc.com/news/articles/cly148lvyevo?at_medium=RSS&at_campaign=rss already exists.
2026-01-19 10:33:32,491 - INFO - [BBC] Early skip: URL https://www.bbc.com/news/articles/czejykzg77po?at_medium=RSS&at_campaign=rss already exists.
2026-01-19 10:33:32,648 - INFO - [BBC] Early skip: URL https://www.bbc.com/news/articles/c5y5le7yl7po?at_medium=RSS&at_campaign=rss already exists.
2026-01-19 10:33:32,937 - INFO - [The Guardian] Early skip: URL https://www.theguardian.com/world/2026/jan/19/china-population-falls-again-birthrate-record-low already exists.
2026-01-19 10:33:33,061 - INFO - [BBC] Early skip: URL https://www.bbc.com/news/articles/c2lgxxrxd52o?at_medium=RSS&at_campaign=rss already exists.
2026-01-19 10:33:33,215 - INFO - [The Guardian] Early skip: URL https://www.theguardian.com/world/2026/jan/19/chinas-economy-hit-growth-goal-last-year-despite-trump-trade-war-and-property-crisis already exists.
2026-01-19 10:33:33,475 - INFO - [The Guardian] Early skip: URL https://www.theguardian.com/politics/2026/jan/19/china-expected-to-get-london-embassy-go-ahead-uk already exists.
2026-01-19 10:33:33,746 - INFO - [The Guardian] Early skip: URL https://www.theguardian.com/world/2026/jan/19/japan-nuclear-plant-restart-kashiwazaki-kariwa-fukushima already exists.
2026-01-19 10:33:34,018 - INFO - [The Guardian] Early skip: URL https://www.theguardian.com/australia-news/2026/jan/19/man-in-critical-condition-after-third-sydney-shark-attack-in-two-days already exists.
2026-01-19 10:33:34,127 - INFO - [The Guardian] Early skip: URL https://www.theguardian.com/australia-news/live/2026/jan/19/federal-parliament-returns-gun-control-measures-hate-speech-laws-anthony-albanese-labor-sussan-ley-coalition-greens-trump-board-for-peace-ntwnfb already exists.
2026-01-19 10:33:34,339 - INFO - [The Guardian] Early skip: URL https://www.theguardian.com/australia-news/2026/jan/19/south-australia-adelaide-fires-bushfires-burn-smoke-warnings-residents-evacuated already exists.
2026-01-19 10:33:34,505 - INFO - [The Guardian] Early skip: URL https://www.theguardian.com/australia-news/2026/jan/19/sydney-shark-attack-boy-nielsen-park-water-conditions already exists.
2026-01-19 10:33:34,616 - INFO - [The Guardian] Early skip: URL https://www.theguardian.com/australia-news/2026/jan/19/labor-coalition-deal-hate-speech-laws-ley-albanese already exists.
2026-01-19 10:33:34,730 - INFO - [The Guardian] Early skip: URL https://www.theguardian.com/world/live/2026/jan/19/donald-trump-greenland-denmark-nobel-nato-europe-live-latest-news-updates already exists.
2026-01-19 10:33:34,911 - INFO - [The Guardian] Early skip: URL https://www.theguardian.com/world/live/2026/jan/19/spain-train-crash-rescue-cordoba-latest-news-updates already exists.
2026-01-19 10:33:35,204 - INFO - [BBC] Early skip: URL https://www.bbc.com/news/articles/ckglee733wno?at_medium=RSS&at_campaign=rss already exists.
2026-01-19 10:33:35,306 - INFO - [BBC] Early skip: URL https://www.bbc.com/news/articles/c74vdgkw1kzo?at_medium=RSS&at_campaign=rss already exists.
2026-01-19 10:33:35,558 - INFO - [BBC] Early skip: URL https://www.bbc.com/news/articles/czejwl2z80lo?at_medium=RSS&at_campaign=rss already exists.
2026-01-19 10:33:35,822 - INFO - [The Guardian] Early skip: URL https://www.theguardian.com/world/2026/jan/18/high-speed-train-crash-in-adamuz-cordoba-southern-spain already exists.
2026-01-19 10:33:35,985 - INFO - [The Hindu] Page content loaded.
2026-01-19 10:33:36,052 - INFO - [The Guardian] Article: https://www.theguardian.com/world/2026/jan/19/monday-news-briefing-greenland-denmark-us-donald-trump
2026-01-19 10:33:36,052 - INFO - [The Guardian] Attempt 1/1: Trying with 'requests_browser' strategy...
2026-01-19 10:33:36,057 - INFO - [BBC] Early skip: URL https://www.bbc.com/news/articles/c87r41j4n4jo?at_medium=RSS&at_campaign=rss already exists.
2026-01-19 10:33:36,124 - INFO - [The Hindu] Success with 'selenium_browser'. Found content (320 words).
2026-01-19 10:33:36,290 - INFO - [BBC] Early skip: URL https://www.bbc.com/news/articles/cx2gjdx241wo?at_medium=RSS&at_campaign=rss already exists.
2026-01-19 10:33:36,378 - INFO - [The Guardian] Success with 'requests_browser'. Found content (2000 words).
2026-01-19 10:33:43,561 - INFO - [Times of India] Page content loaded.
2026-01-19 10:33:44,397 - INFO - [Times of India] Success with 'selenium_browser'. Found content (609 words).
2026-01-19 10:33:59,088 - INFO - Saved article: First phase of houses for Wayanad landslide survivors to be handed over in February: Kerala Revenue Minister - The Hindu from The Hindu (320 words)
2026-01-19 10:34:10,977 - INFO - DEDUPLICATION: Found match (Score: 0.76). Linking to Cluster ID: 8f34473a-7f0f-45e5-ade4-152dfaa30eea
2026-01-19 10:34:10,979 - INFO - Saved article: What is it like living in Greenland and being threatened by Trump? | Greenland | The Guardian from The Guardian (2000 words)
2026-01-19 10:34:10,979 - INFO - [BBC] Early skip: URL https://www.bbc.com/news/articles/cx2w9q28xjxo?at_medium=RSS&at_campaign=rss already exists.
2026-01-19 10:34:22,496 - INFO - Saved article: Why hundreds of bald eagles are flocking to northern British Columbia’s frozen mountains during winter | World News - The Times of India from Times of India (609 words)
2026-01-19 10:34:22,497 - INFO - [The Hindu] Article: https://www.thehindu.com/news/national/telangana/revanth-reddy-inaugurates-renovated-sammakkasaralamma-shrine-ahead-of-medaram-jatara/article70524983.ece
2026-01-19 10:34:22,497 - INFO - [The Hindu] Attempt 1/1: Trying with 'selenium_browser' strategy...
2026-01-19 10:34:22,498 - INFO - [BBC] Early skip: URL https://www.bbc.com/news/articles/c0q48d71ke8o?at_medium=RSS&at_campaign=rss already exists.
2026-01-19 10:34:22,623 - INFO - [The Guardian] Early skip: URL https://www.theguardian.com/world/2026/jan/18/europe-diplomats-crisis-talks-trump-tariffs-greenland already exists.
2026-01-19 10:34:22,857 - INFO - [BBC] Early skip: URL https://www.bbc.com/news/articles/cpqy5q1eeywo?at_medium=RSS&at_campaign=rss already exists.
2026-01-19 10:34:23,009 - INFO - [The Guardian] Early skip: URL https://www.theguardian.com/global-development/2026/jan/19/iran-protesters-teenager-sexually-assaulted-in-custody-rights-group already exists.
2026-01-19 10:34:23,240 - INFO - [BBC] Early skip: URL https://www.bbc.com/news/articles/c78vw30p1d2o?at_medium=RSS&at_campaign=rss already exists.
2026-01-19 10:34:23,481 - INFO - [BBC] Early skip: URL https://www.bbc.com/news/articles/crmlvym2e3eo?at_medium=RSS&at_campaign=rss already exists.
2026-01-19 10:34:23,711 - INFO - [Times of India] Article: https://timesofindia.indiatimes.com/world/middle-east/is-ramadan-2026-delayed-saudi-arabia-confirms-no-shaaban-moon-sighting/articleshow/126671481.cms
2026-01-19 10:34:23,711 - INFO - [Times of India] Attempt 1/1: Trying with 'selenium_browser' strategy...
2026-01-19 10:34:23,711 - INFO - [The Guardian] Early skip: URL https://www.theguardian.com/world/2026/jan/19/syria-declares-victory-ceasefire-kurdish-led-force already exists.
2026-01-19 10:34:23,917 - INFO - [The Guardian] Early skip: URL https://www.theguardian.com/world/2026/jan/18/iran-warns-world-that-any-attack-on-ayatollah-ali-khamenei-would-be-declaration-of-war already exists.
2026-01-19 10:34:24,100 - INFO - [BBC] Early skip: URL https://www.bbc.com/news/articles/cx20qj1pwrwo?at_medium=RSS&at_campaign=rss already exists.
2026-01-19 10:34:24,241 - INFO - [BBC] Early skip: URL https://www.bbc.com/news/articles/c07xvv9r422o?at_medium=RSS&at_campaign=rss already exists.
2026-01-19 10:34:24,403 - INFO - [BBC] Early skip: URL https://www.bbc.com/news/videos/c8e5y604x5go?at_medium=RSS&at_campaign=rss already exists.
2026-01-19 10:34:24,574 - INFO - [The Hindu] Page content loaded.
2026-01-19 10:34:24,704 - INFO - [The Guardian] Early skip: URL https://www.theguardian.com/world/2026/jan/18/israel-far-right-ministers-reject-us-backed-postwar-gaza-panel already exists.
2026-01-19 10:34:24,909 - INFO - [The Hindu] Success with 'selenium_browser'. Found content (311 words).
2026-01-19 10:34:25,012 - INFO - [The Guardian] Early skip: URL https://www.theguardian.com/world/2026/jan/18/syrian-army-surges-into-kurdish-held-towns-in-betrayal-shattering-hopes-of-accord already exists.
2026-01-19 10:34:31,151 - INFO - [Times of India] Page content loaded.
2026-01-19 10:34:31,603 - INFO - [Times of India] Success with 'selenium_browser'. Found content (507 words).
2026-01-19 10:34:41,353 - INFO - DEDUPLICATION: Found match (Score: 0.75). Linking to Cluster ID: d7c638db-7917-4a7b-a8f4-b96ab473d7c7
2026-01-19 10:34:41,355 - INFO - Saved article: Revanth Reddy inaugurates renovated Sammakka–Saralamma shrine ahead of Medaram Jatara - The Hindu from The Hindu (311 words)
2026-01-19 10:34:52,788 - INFO - Saved article: Is Ramadan 2026 delayed? Saudi Arabia confirms no Shaaban Moon sighting | World News - The Times of India from Times of India (507 words)
2026-01-19 10:34:52,789 - INFO - [The Hindu] Article: https://www.thehindu.com/news/national/andhra-pradesh/narrow-escape-for-rtc-bus-passengers-as-driver-suffers-epileptic-fit-and-bus-goes-off-the-road/article70525021.ece
2026-01-19 10:34:52,789 - INFO - [The Hindu] Attempt 1/1: Trying with 'selenium_browser' strategy...
2026-01-19 10:34:54,007 - INFO - [Times of India] Early skip: URL https://timesofindia.indiatimes.com/world/pakistan/massive-blaze-at-karachi-mall-death-toll-rises-to-14-rescue-operations-continue/articleshow/126670401.cms already exists.
2026-01-19 10:34:54,213 - INFO - [Times of India] Early skip: URL https://timesofindia.indiatimes.com/world/middle-east/abu-dhabi-rolls-out-blood-test-capable-of-detecting-50-cancer-types/articleshow/126670898.cms already exists.
2026-01-19 10:34:54,458 - INFO - [Times of India] Early skip: URL https://timesofindia.indiatimes.com/etimes/trending/angering-both-sides-of-america-vivek-ramaswamys-viral-comment-saying-medicare-and-medicaid-were-mistakes-sets-internet-on-fire/articleshow/126669964.cms already exists.
2026-01-19 10:34:54,651 - INFO - [Times of India] Early skip: URL https://timesofindia.indiatimes.com/world/middle-east/dubai-new-school-transport-policy-eligible-schools-pooled-suvs-and-what-parents-will-pay/articleshow/126670105.cms already exists.
2026-01-19 10:34:54,806 - INFO - [Times of India] Early skip: URL https://timesofindia.indiatimes.com/world/us/lara-trumps-golfing-with-grandpa-photos-reveal-a-gentle-side-of-donald-trump-that-social-media-cant-stop-talking-about/articleshow/126669235.cms already exists.
2026-01-19 10:34:55,103 - INFO - [Times of India] Early skip: URL https://timesofindia.indiatimes.com/world/us/mob-or-mistake-5-minneapolis-tech-workers-targeted-at-lunch-over-ice-rumours-watch-viral-video-inside/articleshow/126668245.cms already exists.
2026-01-19 10:34:55,350 - INFO - [Times of India] Early skip: URL https://timesofindia.indiatimes.com/world/us/it-is-time-it-will-be-done-trumps-sharpens-greenland-pitch-what-he-said-on-russian-threat/articleshow/126668066.cms already exists.
2026-01-19 10:34:55,414 - INFO - [The Hindu] Page content loaded.
2026-01-19 10:34:55,490 - INFO - [The Hindu] Success with 'selenium_browser'. Found content (175 words).
2026-01-19 10:34:55,536 - INFO - [Times of India] Early skip: URL https://timesofindia.indiatimes.com/world/us/mechanical-issue-scare-united-airlines-flight-narrowly-avoids-crash-landing-in-orlando-videos-shows-close-call/articleshow/126667858.cms already exists.
2026-01-19 10:35:07,874 - INFO - Saved article: Narrow escape for RTC bus passengers as driver suffers epileptic fit and bus goes off the road - The Hindu from The Hindu (175 words)
2026-01-19 10:35:07,874 - INFO - [Times of India] Early skip: URL https://timesofindia.indiatimes.com/world/us-streamers/he-cheated-with-a-man-tiktok-star-desmond-scotts-bar-moment-ignites-claims-of-staged-performance-amid-gay-affair-rumours/articleshow/126637553.cms already exists.
2026-01-19 10:35:08,011 - INFO - [Times of India] Early skip: URL https://timesofindia.indiatimes.com/world/us-streamers/are-plaqueboymax-and-keke-palmer-dating-wyd-music-video-and-flirty-twitch-date-fuel-online-speculation/articleshow/126664678.cms already exists.
2026-01-19 10:35:08,150 - INFO - [Times of India] Early skip: URL https://timesofindia.indiatimes.com/world/us-streamers/tiktok-star-desmond-scott-begins-a-new-chapter-by-unpacking-his-kitchen-after-kristy-scott-divorce-filing/articleshow/126664314.cms already exists.
2026-01-19 10:35:08,379 - INFO - [Times of India] Early skip: URL https://timesofindia.indiatimes.com/world/us-streamers/viral-video-shows-kick-streamer-conner-mistaken-for-law-enforcement-during-street-encounter/articleshow/126661813.cms already exists.
2026-01-19 10:35:08,535 - INFO - [Times of India] Early skip: URL https://timesofindia.indiatimes.com/world/rest-of-world/forget-security-guards-an-australian-town-is-using-classical-music-to-stop-people-hanging-around/articleshow/126664429.cms already exists.
2026-01-19 10:35:08,825 - INFO - [Times of India] Early skip: URL https://timesofindia.indiatimes.com/world/rest-of-world/villagers-drank-sinkhole-water-as-a-miracle-cure-until-officials-found-dangerous-bacteria/articleshow/126663770.cms already exists.
2026-01-19 10:35:09,026 - INFO - [The Hindu] Article: https://www.thehindu.com/news/national/karnataka/kuvempu-university-v-c-welcomes-release-of-grants-condemns-mysore-university-v-cs-reaction-on-the-issue/article70524968.ece
2026-01-19 10:35:09,026 - INFO - [The Hindu] Attempt 1/1: Trying with 'selenium_browser' strategy...
2026-01-19 10:35:09,027 - INFO - [Times of India] Early skip: URL https://timesofindia.indiatimes.com/world/us-streamers/who-is-jayda-cheaves-influencer-sparks-buzz-after-appearing-to-confirm-lil-baby-and-ari-fletcher-rumors/articleshow/126661668.cms already exists.
2026-01-19 10:35:09,144 - INFO - [Times of India] Early skip: URL https://timesofindia.indiatimes.com/etimes/trending/packed-with-indians-japanese-youtuber-ikechan-stirs-row-with-racist-air-india-comment/articleshow/126661504.cms already exists.
2026-01-19 10:35:09,427 - INFO - [Times of India] Early skip: URL https://timesofindia.indiatimes.com/world/us-streamers/we-dont-need-approval-nick-fuentes-sparks-backlash-after-saying-clavicular-represents-what-young-men-need/articleshow/126637630.cms already exists.
2026-01-19 10:35:09,724 - INFO - [Times of India] Early skip: URL https://timesofindia.indiatimes.com/world/us-streamers/ishowspeed-reveals-himself-as-afcon-final-mascot-during-morocco-vs-senegal/articleshow/126661303.cms already exists.
2026-01-19 10:35:09,832 - INFO - [Times of India] (Thread) Finished. Attempting to shut down its Selenium driver.
2026-01-19 10:35:10,256 - INFO - [Times of India] (Thread) driver.quit() successful.
2026-01-19 10:35:10,834 - INFO - [The Hindu] Page content loaded.
2026-01-19 10:35:10,907 - INFO - [The Hindu] Success with 'selenium_browser'. Found content (264 words).
2026-01-19 10:35:22,149 - INFO - Saved article: Kuvempu University V-C welcomes release of grants, condemns Mysore University V-C’s reaction on the issue - The Hindu from The Hindu (264 words)
2026-01-19 10:35:23,091 - INFO - [The Hindu] Article: https://www.thehindu.com/news/national/bihar/neet-aspirant-death-case-congress-workers-stage-protest-against-bihar-government/article70524932.ece
2026-01-19 10:35:23,091 - INFO - [The Hindu] Attempt 1/1: Trying with 'selenium_browser' strategy...
2026-01-19 10:35:25,288 - INFO - [The Hindu] Page content loaded.
2026-01-19 10:35:25,357 - INFO - [The Hindu] Success with 'selenium_browser'. Found content (551 words).
2026-01-19 10:35:36,472 - INFO - Saved article: NEET aspirant death case: Congress workers stage protest against Bihar Government - The Hindu from The Hindu (551 words)
2026-01-19 10:35:37,612 - INFO - [The Hindu] Article: https://www.thehindu.com/news/national/rahul-gandhi-skips-court-appearance-in-defamation-case-next-hearing-on-february-20/article70524970.ece
2026-01-19 10:35:37,613 - INFO - [The Hindu] Attempt 1/1: Trying with 'selenium_browser' strategy...
2026-01-19 10:35:38,527 - INFO - [The Hindu] Page content loaded.
2026-01-19 10:35:38,586 - INFO - [The Hindu] Success with 'selenium_browser'. Found content (340 words).
2026-01-19 10:35:50,192 - INFO - Saved article: Rahul Gandhi skips court appearance in defamation case, next hearing on February 20 - The Hindu from The Hindu (340 words)
2026-01-19 10:35:50,931 - INFO - [The Hindu] Article: https://www.thehindu.com/news/national/tamil-nadu/sir-election-commission-extends-period-for-filing-claims-and-objections-until-january-30/article70524943.ece
2026-01-19 10:35:50,932 - INFO - [The Hindu] Attempt 1/1: Trying with 'selenium_browser' strategy...
2026-01-19 10:35:52,138 - INFO - [The Hindu] Page content loaded.
2026-01-19 10:35:52,284 - INFO - [The Hindu] Success with 'selenium_browser'. Found content (195 words).
2026-01-19 10:36:03,486 - INFO - DEDUPLICATION: Found match (Score: 0.79). Linking to Cluster ID: fe427c6a-af86-4a0a-800c-8deb4f99591c
2026-01-19 10:36:03,488 - INFO - Saved article: SIR in Tamil Nadu: Election Commission extends period for filing claims, objections until January 30 - The Hindu from The Hindu (195 words)
2026-01-19 10:36:04,741 - INFO - [The Hindu] Article: https://www.thehindu.com/news/national/karnataka/four-persons-missing-near-bhadra-canal-in-karnataka-search-in-progress/article70524798.ece
2026-01-19 10:36:04,741 - INFO - [The Hindu] Attempt 1/1: Trying with 'selenium_browser' strategy...
2026-01-19 10:36:24,760 - ERROR - [The Hindu] Request failed for strategy 'selenium_browser' on URL https://www.thehindu.com/news/national/karnataka/four-persons-missing-near-bhadra-canal-in-karnataka-search-in-progress/article70524798.ece: Message: timeout: Timed out receiving message from renderer: 19.635
  (Session info: chrome=143.0.7499.192)
Stacktrace:
#0 0x55a1dfeb240a <unknown>
#1 0x55a1df8e676b <unknown>
#2 0x55a1df8ce80a <unknown>
#3 0x55a1df8ce4ed <unknown>
#4 0x55a1df8cc3a7 <unknown>
#5 0x55a1df8cccbf <unknown>
#6 0x55a1df8db480 <unknown>
#7 0x55a1df8f4b47 <unknown>
#8 0x55a1df8fb1fb <unknown>
#9 0x55a1df8cd3e8 <unknown>
#10 0x55a1df8f48f8 <unknown>
#11 0x55a1df983ad8 <unknown>
#12 0x55a1df92a7b2 <unknown>
#13 0x55a1df92b461 <unknown>
#14 0x55a1dfe7adf9 <unknown>
#15 0x55a1dfe7dd5d <unknown>
#16 0x55a1dfe63b41 <unknown>
#17 0x55a1dfe7e93b <unknown>
#18 0x55a1dfe4a870 <unknown>
#19 0x55a1dfe9f828 <unknown>
#20 0x55a1dfe9f9fc <unknown>
#21 0x55a1dfeb1763 <unknown>
#22 0x7fede9e9caa4 <unknown>
#23 0x7fede9f29c6c <unknown>

2026-01-19 10:36:24,760 - ERROR - [The Hindu] All scrape strategies failed for https://www.thehindu.com/news/national/karnataka/four-persons-missing-near-bhadra-canal-in-karnataka-search-in-progress/article70524798.ece. Falling back to RSS description.
2026-01-19 10:36:24,761 - WARNING - SKIPPED (GLOBAL WORD LIMIT): Article 'Four persons missing near Bhadra canal in Karnataka, search in progress' from The Hindu has only 19 words (Min: 90).
2026-01-19 10:36:25,903 - INFO - [The Hindu] Article: https://www.thehindu.com/news/national/kerala/sabarimala-gold-theft-tantri-sabha-petitions-kerala-hc-for-cbi-investigation-claims-sit-probe-ineffective/article70524936.ece
2026-01-19 10:36:25,903 - INFO - [The Hindu] Attempt 1/1: Trying with 'selenium_browser' strategy...
2026-01-19 10:36:26,750 - INFO - [The Hindu] Page content loaded.
2026-01-19 10:36:26,825 - INFO - [The Hindu] Success with 'selenium_browser'. Found content (116 words).
2026-01-19 10:36:39,042 - INFO - Saved article: Sabarimala gold theft: Tantri sabha petitions Kerala HC for CBI investigation, claims SIT probe ‘ineffective’ - The Hindu from The Hindu (116 words)
2026-01-19 10:36:40,193 - INFO - [The Hindu] Article: https://www.thehindu.com/news/national/jammu-and-kashmir/dont-think-kashmiri-pandits-want-to-live-in-valley-permanently-farooq-abdullah/article70524889.ece
2026-01-19 10:36:40,193 - INFO - [The Hindu] Attempt 1/1: Trying with 'selenium_browser' strategy...
2026-01-19 10:36:41,523 - INFO - [The Hindu] Page content loaded.
2026-01-19 10:36:41,585 - INFO - [The Hindu] Success with 'selenium_browser'. Found content (371 words).
2026-01-19 10:36:53,267 - INFO - Saved article: Don't think Kashmiri Pandits want to live in Valley permanently: Farooq Abdullah - The Hindu from The Hindu (371 words)
2026-01-19 10:36:54,344 - INFO - [The Hindu] Article: https://www.thehindu.com/news/national/unnao-rape-delhi-high-court-dismisses-sengars-plea-to-suspend-sentence-in-death-case-of-survivors-father/article70524733.ece
2026-01-19 10:36:54,344 - INFO - [The Hindu] Attempt 1/1: Trying with 'selenium_browser' strategy...
2026-01-19 10:36:55,686 - INFO - [The Hindu] Page content loaded.
2026-01-19 10:36:55,742 - INFO - [The Hindu] Success with 'selenium_browser'. Found content (373 words).
2026-01-19 10:37:07,540 - INFO - Saved article: Unnao rape: Delhi High Court dismisses Sengar’s plea to suspend sentence in death case of survivor’s father - The Hindu from The Hindu (373 words)
2026-01-19 10:37:08,569 - INFO - [The Hindu] Article: https://www.thehindu.com/news/national/andhra-pradesh/andhra-liquor-scam-enforcement-directorate-summons-rajampet-mp-mithun-reddy/article70524816.ece
2026-01-19 10:37:08,569 - INFO - [The Hindu] Attempt 1/1: Trying with 'selenium_browser' strategy...
2026-01-19 10:37:10,271 - INFO - [The Hindu] Page content loaded.
2026-01-19 10:37:10,484 - INFO - [The Hindu] Success with 'selenium_browser'. Found content (146 words).
2026-01-19 10:37:22,207 - INFO - Saved article: Andhra liquor scam: Enforcement Directorate summons Rajampet MP Mithun Reddy - The Hindu from The Hindu (146 words)
2026-01-19 10:37:23,084 - INFO - [The Hindu] Early skip: URL https://www.thehindu.com/news/national/kerala/kannur-airport-in-kerala-gets-quick-connection-flights-to-london-heathrow/article70524679.ece already exists.
2026-01-19 10:37:23,194 - INFO - [The Hindu] Early skip: URL https://www.thehindu.com/news/national/andhra-pradesh/vizianagaram-railway-station-needs-second-entrance-in-view-of-the-increase-in-passenger-traffic-over-the-years/article70524247.ece already exists.
2026-01-19 10:37:23,297 - INFO - [The Hindu] Early skip: URL https://www.thehindu.com/news/national/andhra-pradesh/andhra-pradesh-assembly-sessions-from-second-or-third-week-of-february/article70524226.ece already exists.
2026-01-19 10:37:23,584 - INFO - [The Hindu] Early skip: URL https://www.thehindu.com/news/national/tamil-nadu/two-arrested-for-social-media-posts-attempting-to-incite-inter-state-tension/article70524545.ece already exists.
2026-01-19 10:37:23,859 - INFO - [The Hindu] Early skip: URL https://www.thehindu.com/news/national/supreme-court-junks-pil-on-judicial-reforms-terms-it-publicity-interest-litigation/article70524831.ece already exists.
2026-01-19 10:37:24,026 - INFO - [The Hindu] Early skip: URL https://www.thehindu.com/news/national/telangana/harish-rao-alleges-irregularities-in-singareni-tenders-demands-cbi-probe/article70524820.ece already exists.
2026-01-19 10:37:24,164 - INFO - [The Hindu] Early skip: URL https://www.thehindu.com/news/national/maharashtra/why-shiv-sena-corporators-shifted-to-hotel-whos-afraid-of-whom-asks-shiv-sena-ubt-raut/article70524757.ece already exists.
2026-01-19 10:37:24,359 - INFO - [The Hindu] Early skip: URL https://www.thehindu.com/news/national/telangana/telangana-union-welcomes-governments-plan-for-gig-workers-micro-credit/article70522030.ece already exists.
2026-01-19 10:37:24,547 - INFO - [The Hindu] Early skip: URL https://www.thehindu.com/news/national/raising-day-of-national-disaster-response-force-pm-modi-amit-shah/article70524797.ece already exists.
2026-01-19 10:37:24,772 - INFO - [The Hindu] Early skip: URL https://www.thehindu.com/news/national/andhra-pradesh/flight-operations-disrupted-as-thick-fog-shrouds-vijayawada-and-outskirts/article70524431.ece already exists.
2026-01-19 10:37:24,952 - INFO - [The Hindu] Early skip: URL https://www.thehindu.com/news/national/special-intensive-revision-election-commission-supreme-court-hearing-live-updates-january-19-2026/article70524198.ece already exists.
2026-01-19 10:37:25,251 - INFO - [The Hindu] Early skip: URL https://www.thehindu.com/news/national/vijay-shah-remarks-on-sofiya-qureshi-supreme-court-gives-two-week-deadline-for-sanction-to-prosecute/article70524750.ece already exists.
2026-01-19 10:37:25,356 - INFO - [The Hindu] Early skip: URL https://www.thehindu.com/news/national/congress-spreading-lies-about-vb-g-ram-g-government/article70524595.ece already exists.
2026-01-19 10:37:25,611 - INFO - [The Hindu] Early skip: URL https://www.thehindu.com/news/national/tamil-nadu/nipah-in-west-bengal-tamil-nadu-govt-asks-health-officers-to-strengthen-aes-surveillance/article70524621.ece already exists.
2026-01-19 10:37:25,729 - INFO - [The Hindu] Article: https://www.thehindu.com/news/national/earthquake-leh-ladakh-jammu-kashmir-updates-january-19-2026/article70524710.ece
2026-01-19 10:37:25,729 - INFO - [The Hindu] Attempt 1/1: Trying with 'selenium_browser' strategy...
2026-01-19 10:37:26,784 - INFO - [The Hindu] Page content loaded.
2026-01-19 10:37:26,891 - WARNING - [The Hindu] FAILED with 'selenium_browser' (content was too short: 63 words).
2026-01-19 10:37:26,891 - ERROR - [The Hindu] All scrape strategies failed for https://www.thehindu.com/news/national/earthquake-leh-ladakh-jammu-kashmir-updates-january-19-2026/article70524710.ece. Falling back to RSS description.
2026-01-19 10:37:26,891 - WARNING - SKIPPED (GLOBAL WORD LIMIT): Article 'Earthquake of 5.7 magnitude hits Leh, Ladakh' from The Hindu has only 6 words (Min: 90).
2026-01-19 10:37:27,988 - INFO - [The Hindu] Early skip: URL https://www.thehindu.com/news/national/kerala/mother-convicted-in-toddler-murder-case-in-keralas-kannur-co-accused-acquitted-due-to-lack-of-evidence/article70524645.ece already exists.
2026-01-19 10:37:28,175 - INFO - [The Hindu] Article: https://www.thehindu.com/news/cities/bangalore/bengaluru-civic-polls-after-may-25-ballot-papers-to-be-used-instead-of-evms/article70524587.ece
2026-01-19 10:37:28,175 - INFO - [The Hindu] Attempt 1/1: Trying with 'selenium_browser' strategy...
2026-01-19 10:37:30,399 - INFO - [The Hindu] Page content loaded.
2026-01-19 10:37:30,464 - INFO - [The Hindu] Success with 'selenium_browser'. Found content (566 words).
2026-01-19 10:37:41,524 - INFO - DEDUPLICATION: Found match (Score: 1.00). Linking to Cluster ID: c2afc7ae-f343-436e-8b0f-122a3ae0902d
2026-01-19 10:37:41,526 - INFO - Saved article: Bengaluru civic polls after May 25, ballot papers to be used instead of EVMs - The Hindu from The Hindu (566 words)
2026-01-19 10:37:42,897 - INFO - [The Hindu] Early skip: URL https://www.thehindu.com/news/national/vande-bharat-sleeper-express-train-kamakhya-howrah-route-stops-fare-timing/article70524443.ece already exists.
2026-01-19 10:37:43,166 - INFO - [The Hindu] (Thread) Finished. Attempting to shut down its Selenium driver.
2026-01-19 10:37:43,367 - INFO - [The Hindu] (Thread) driver.quit() successful.
2026-01-19 10:37:43,367 - INFO - Shutting down thread pool (wait=False)...
2026-01-19 10:37:43,367 - INFO - Scraped: 2 The Guardian, 2 Times of India, 12 The Hindu, 0 BBC articles. (Total saved: 16)
2026-01-19 10:37:43,367 - INFO - --- Scraping job finished ---
2026-01-19 10:37:43,371 - INFO - --- Scraper service stopped and database connection closed. ---
2026-01-19 10:37:43,371 - INFO - --- Main thread finished. Forcing process exit to kill zombie threads. ---
