2026-01-14 07:28:56,719 - INFO - Loading AI Semantic Model (all-MiniLM-L6-v2)...
2026-01-14 07:28:56,719 - INFO - Use pytorch device_name: cpu
2026-01-14 07:28:56,719 - INFO - Load pretrained SentenceTransformer: all-MiniLM-L6-v2
2026-01-14 07:28:57,196 - INFO - AI Model loaded successfully.
2026-01-14 07:28:57,196 - INFO - --- Scraper service started (CI Mode: Run Once) ---
2026-01-14 07:28:57,197 - INFO - --- Starting new scraping job (Parallel Mode) ---
2026-01-14 07:28:57,197 - INFO - Creating new robust session with 3 retries on 5xx/connection/read errors.
2026-01-14 07:28:57,197 - INFO - Proxy is DISABLED.
2026-01-14 07:28:57,197 - INFO - Starting scrape for BBC RSS feed: http://feeds.bbci.co.uk/news/world/rss.xml
2026-01-14 07:28:57,198 - INFO - [Times of India] (Thread) requires Selenium. Initializing driver...
2026-01-14 07:28:57,198 - INFO - Starting scrape for The Guardian RSS feed: https://www.theguardian.com/world/rss
2026-01-14 07:28:57,199 - INFO - [The Hindu] (Thread) requires Selenium. Initializing driver...
2026-01-14 07:28:57,199 - INFO - Submitted 4 jobs to thread pool. Waiting up to 300s for completion...
2026-01-14 07:28:57,325 - INFO - Found 45 articles in The Guardian RSS feed. Processing up to 30.
2026-01-14 07:28:57,325 - INFO - [The Guardian] Early skip: URL https://www.theguardian.com/us-news/2026/jan/13/trump-administration-ends-tps-somalia already exists.
2026-01-14 07:28:57,401 - INFO - Found 41 articles in BBC RSS feed. Processing up to 30.
2026-01-14 07:28:57,615 - INFO - [BBC] Article: https://www.bbc.com/news/articles/cqj2qgw8w08o?at_medium=RSS&at_campaign=rss
2026-01-14 07:28:57,615 - INFO - [BBC] Attempt 1/1: Trying with 'requests_browser' strategy...
2026-01-14 07:28:57,616 - INFO - [The Guardian] Early skip: URL https://www.theguardian.com/business/2026/jan/13/developing-countries-poorer-world-bank-report already exists.
2026-01-14 07:28:57,755 - INFO - [BBC] Success with 'requests_browser'. Found content (1026 words).
2026-01-14 07:28:58,301 - INFO - Selenium driver initialized successfully.
2026-01-14 07:28:58,301 - INFO - Starting scrape for Times of India RSS feed: https://timesofindia.indiatimes.com/rssfeeds/296589292.cms
2026-01-14 07:28:58,304 - INFO - Selenium driver initialized successfully.
2026-01-14 07:28:58,304 - INFO - Starting scrape for The Hindu RSS feed: https://www.thehindu.com/news/national/feeder/default.rss
2026-01-14 07:28:58,435 - INFO - Found 20 articles in Times of India RSS feed. Processing up to 30.
2026-01-14 07:28:58,513 - INFO - Found 100 articles in The Hindu RSS feed. Processing up to 30.
2026-01-14 07:29:10,063 - INFO - DEDUPLICATION: Found match (Score: 0.83). Linking to Cluster ID: 1e1a3919-1651-4dd1-9ec4-e7b31f7f114c
2026-01-14 07:29:10,068 - INFO - Saved article: Trump vows 'very strong action' if Iran executes protesters from BBC (1026 words)
2026-01-14 07:29:10,069 - INFO - [The Guardian] Early skip: URL https://www.theguardian.com/books/2026/jan/12/chimamanda-ngozi-adichie-accuses-lagos-hospital-negligence-son-death already exists.
2026-01-14 07:29:10,268 - INFO - [Times of India] Article: https://timesofindia.indiatimes.com/etimes/trending/watch-nba-superstar-kyrie-irving-wears-press-shirt-at-mavericksjazz-game-to-honour-gaza-journalists-video-goes-viral/articleshow/126519171.cms
2026-01-14 07:29:10,268 - INFO - [Times of India] Attempt 1/1: Trying with 'selenium_browser' strategy...
2026-01-14 07:29:10,269 - INFO - [The Hindu] Article: https://www.thehindu.com/news/national/karnataka/opposition-to-cut-trees-for-flyover-at-devalapura-cross-on-ring-road-in-mysuru/article70508128.ece
2026-01-14 07:29:10,269 - INFO - [The Hindu] Attempt 1/1: Trying with 'selenium_browser' strategy...
2026-01-14 07:29:10,270 - INFO - [The Guardian] Early skip: URL https://www.theguardian.com/global-development/2026/jan/09/the-gambia-female-genital-mutilation-fgm-supreme-court-case-overturn-ban already exists.
2026-01-14 07:29:10,439 - INFO - [The Guardian] Early skip: URL https://www.theguardian.com/world/2026/jan/08/questions-targeting-impact-us-airstrikes-in-nigeria already exists.
2026-01-14 07:29:10,724 - INFO - [The Guardian] Early skip: URL https://www.theguardian.com/environment/2026/jan/12/us-plan-to-exploit-venezuelas-oil-could-eat-up-13-of-carbon-budget-to-keep-15c-limit already exists.
2026-01-14 07:29:10,966 - INFO - [The Guardian] Early skip: URL https://www.theguardian.com/world/2026/jan/12/trump-latin-america-feud-colombia-gustavo-petro already exists.
2026-01-14 07:29:11,211 - INFO - [BBC] Article: https://www.bbc.com/news/articles/cpqyn58v0dxo?at_medium=RSS&at_campaign=rss
2026-01-14 07:29:11,211 - INFO - [BBC] Attempt 1/1: Trying with 'requests_browser' strategy...
2026-01-14 07:29:11,213 - INFO - [The Guardian] Early skip: URL https://www.theguardian.com/us-news/2026/jan/12/us-oil-producers-global-supply-glut-venezuela already exists.
2026-01-14 07:29:11,278 - INFO - [BBC] Success with 'requests_browser'. Found content (1704 words).
2026-01-14 07:29:14,537 - INFO - [The Hindu] Page content loaded.
2026-01-14 07:29:14,754 - INFO - [The Hindu] Success with 'selenium_browser'. Found content (455 words).
2026-01-14 07:29:36,207 - INFO - DEDUPLICATION: Found match (Score: 0.78). Linking to Cluster ID: 8f34473a-7f0f-45e5-ade4-152dfaa30eea
2026-01-14 07:29:36,211 - INFO - Saved article: Greenland summit at White House could shape future of the Arctic from BBC (1704 words)
2026-01-14 07:29:36,211 - INFO - [The Guardian] Early skip: URL https://www.theguardian.com/world/2026/jan/12/carney-heads-to-beijing-as-trump-america-first-agenda-forces-canada-into-trade-rethink already exists.
2026-01-14 07:29:53,999 - INFO - Saved article: Opposition to cut trees for flyover at Devalapura Cross on ring road in Mysuru - The Hindu from The Hindu (455 words)
2026-01-14 07:29:53,999 - INFO - [The Guardian] Early skip: URL https://www.theguardian.com/us-news/2026/jan/12/donald-trump-threatens-block-exxonmobil-venezuela already exists.
2026-01-14 07:29:54,100 - INFO - [BBC] Article: https://www.bbc.com/news/articles/c041de5gn02o?at_medium=RSS&at_campaign=rss
2026-01-14 07:29:54,101 - INFO - [BBC] Attempt 1/1: Trying with 'requests_browser' strategy...
2026-01-14 07:29:54,101 - INFO - [The Guardian] Early skip: URL https://www.theguardian.com/world/2026/jan/14/thailand-train-crane-accident-deaths already exists.
2026-01-14 07:29:54,131 - INFO - [BBC] Success with 'requests_browser'. Found content (546 words).
2026-01-14 07:30:07,332 - INFO - Saved article: Only Donald Trump can stop Vladimir Putin, Polish president tells BBC from BBC (546 words)
2026-01-14 07:30:07,332 - INFO - [The Guardian] Early skip: URL https://www.theguardian.com/world/2026/jan/13/south-korean-prosecutors-demand-death-penalty-for-former-president-yoon-suk-yeol already exists.
2026-01-14 07:30:07,525 - INFO - [The Hindu] Article: https://www.thehindu.com/news/national/bihar/tej-pratap-yadav-turns-up-at-feast-hosted-by-bihar-deputy-cm/article70508532.ece
2026-01-14 07:30:07,525 - INFO - [The Hindu] Attempt 1/1: Trying with 'selenium_browser' strategy...
2026-01-14 07:30:07,526 - INFO - [The Guardian] Early skip: URL https://www.theguardian.com/music/2026/jan/14/bts-announces-return-with-new-world-tourm-includin-in-2026-and-2027 already exists.
2026-01-14 07:30:07,767 - INFO - [The Guardian] Early skip: URL https://www.theguardian.com/world/2026/jan/13/workers-at-chinese-factory-that-produces-labubu-toys-are-being-exploited-says-ngo already exists.
2026-01-14 07:30:07,934 - INFO - [The Guardian] Early skip: URL https://www.theguardian.com/world/2026/jan/13/china-europe-pressure-block-taiwanese-politicians-visas already exists.
2026-01-14 07:30:08,101 - INFO - [The Guardian] Article: https://www.theguardian.com/media/2026/jan/14/wes-streeting-asks-expert-jonathan-haidt-address-officials-social-media-ban-for-under-16s
2026-01-14 07:30:08,101 - INFO - [The Guardian] Attempt 1/1: Trying with 'requests_browser' strategy...
2026-01-14 07:30:08,348 - INFO - [The Guardian] Success with 'requests_browser'. Found content (720 words).
2026-01-14 07:30:08,638 - INFO - [BBC] Article: https://www.bbc.com/news/articles/c5y5p9rzd4ko?at_medium=RSS&at_campaign=rss
2026-01-14 07:30:08,638 - INFO - [BBC] Attempt 1/1: Trying with 'requests_browser' strategy...
2026-01-14 07:30:08,753 - INFO - [BBC] Success with 'requests_browser'. Found content (779 words).
2026-01-14 07:30:10,111 - INFO - [The Hindu] Page content loaded.
2026-01-14 07:30:10,360 - INFO - [The Hindu] Success with 'selenium_browser'. Found content (299 words).
2026-01-14 07:30:24,932 - INFO - Saved article: Wes Streeting asks US expert Jonathan Haidt to address officials on social media ban for under-16s | Social media | The Guardian from The Guardian (720 words)
2026-01-14 07:30:37,990 - INFO - Saved article: Global temperatures dip in 2025 but more heat records on way, scientists warn from BBC (779 words)
2026-01-14 07:30:51,207 - INFO - Saved article: Tej Pratap Yadav turns up at feast hosted by Bihar Deputy CM - The Hindu from The Hindu (299 words)
2026-01-14 07:30:51,207 - INFO - [The Guardian] Early skip: URL https://www.theguardian.com/australia-news/2026/jan/14/craig-silveys-books-pulled-from-wa-and-victoria-curricula-after-child-exploitation-material-charges-ntwnfb already exists.
2026-01-14 07:30:51,475 - INFO - [BBC] Article: https://www.bbc.com/news/articles/c1dknn00v3eo?at_medium=RSS&at_campaign=rss
2026-01-14 07:30:51,475 - INFO - [BBC] Attempt 1/1: Trying with 'requests_browser' strategy...
2026-01-14 07:30:51,476 - INFO - [The Guardian] Early skip: URL https://www.theguardian.com/australia-news/live/2026/jan/14/adelaide-festival-writers-week-lousie-adler-politics-reaction-peter-malinauskas-victoria-bushfires-queensland-floods-anthony-albanese-labor-sussan-ley-coalition-ntwnfb already exists.
2026-01-14 07:30:51,503 - INFO - [BBC] Success with 'requests_browser'. Found content (349 words).
2026-01-14 07:31:04,752 - INFO - Saved article: Claudette Colvin, US civil rights pioneer, dies at 86 from BBC (349 words)
2026-01-14 07:31:04,752 - INFO - [The Guardian] Early skip: URL https://www.theguardian.com/australia-news/2026/jan/14/kazem-hamad-linked-to-victoria-tobacco-wars-iraq-arrest-ntwnfb already exists.
2026-01-14 07:31:04,942 - INFO - [The Hindu] Article: https://www.thehindu.com/news/national/rajasthan/man-severely-beaten-up-in-rajasthan-on-charge-of-trying-to-smuggle-cows/article70508533.ece
2026-01-14 07:31:04,942 - INFO - [The Hindu] Attempt 1/1: Trying with 'selenium_browser' strategy...
2026-01-14 07:31:04,943 - INFO - [The Guardian] Early skip: URL https://www.theguardian.com/australia-news/2026/jan/14/randa-abdel-fattah-defamation-concerns-notice-peter-malinauskas-sa-premier already exists.
2026-01-14 07:31:05,208 - INFO - [The Guardian] Early skip: URL https://www.theguardian.com/politics/2026/jan/13/dealing-with-post-brexit-paperwork-pure-hell-shipping-head-tells-mps already exists.
2026-01-14 07:31:05,372 - INFO - [The Guardian] Early skip: URL https://www.theguardian.com/media/2026/jan/13/peaky-blinders-makers-banijay-merger-talks-traitors-producers-all3media already exists.
2026-01-14 07:31:05,649 - INFO - [BBC] Article: https://www.bbc.com/news/articles/c0lx49z8ly6o?at_medium=RSS&at_campaign=rss
2026-01-14 07:31:05,649 - INFO - [BBC] Attempt 1/1: Trying with 'requests_browser' strategy...
2026-01-14 07:31:05,650 - INFO - [The Guardian] Early skip: URL https://www.theguardian.com/world/live/2026/jan/13/zelenskyy-ukraine-russia-strikes-drones-energy-europe-live already exists.
2026-01-14 07:31:05,681 - INFO - [BBC] Success with 'requests_browser'. Found content (694 words).
2026-01-14 07:31:06,681 - INFO - [The Hindu] Page content loaded.
2026-01-14 07:31:06,811 - INFO - [The Hindu] Success with 'selenium_browser'. Found content (164 words).
2026-01-14 07:31:10,369 - ERROR - [Times of India] Request failed for strategy 'selenium_browser' on URL https://timesofindia.indiatimes.com/etimes/trending/watch-nba-superstar-kyrie-irving-wears-press-shirt-at-mavericksjazz-game-to-honour-gaza-journalists-video-goes-viral/articleshow/126519171.cms: HTTPConnectionPool(host='localhost', port=48891): Read timed out. (read timeout=120)
2026-01-14 07:31:10,369 - ERROR - [Times of India] All scrape strategies failed for https://timesofindia.indiatimes.com/etimes/trending/watch-nba-superstar-kyrie-irving-wears-press-shirt-at-mavericksjazz-game-to-honour-gaza-journalists-video-goes-viral/articleshow/126519171.cms. Falling back to RSS description.
2026-01-14 07:31:10,369 - WARNING - SKIPPED (GLOBAL WORD LIMIT): Article 'Watch: NBA superstar Kyrie Irving wears ‘PRESS’ shirt at Mavericks–Jazz game to honour Gaza journalists, video goes viral' from Times of India has only 55 words (Min: 90).
2026-01-14 07:31:20,777 - INFO - Saved article: K-pop drum duet caps off Japan and South Korea's diplomatic meeting from BBC (694 words)
2026-01-14 07:31:20,777 - INFO - [The Guardian] Early skip: URL https://www.theguardian.com/world/2026/jan/13/jd-vance-to-host-greenland-talks-at-white-house already exists.
2026-01-14 07:31:34,163 - INFO - Saved article: Man severely beaten up in Rajasthan on charge of trying to smuggle cows - The Hindu from The Hindu (164 words)
2026-01-14 07:31:34,164 - INFO - [Times of India] Article: https://timesofindia.indiatimes.com/world/middle-east/islamic-nato-in-making-how-turkish-arms-saudi-cash-and-pakistan-nukes-could-align-all-about-the-defence-pact/articleshow/126519303.cms
2026-01-14 07:31:34,164 - INFO - [Times of India] Attempt 1/1: Trying with 'selenium_browser' strategy...
2026-01-14 07:31:34,164 - INFO - [The Guardian] Early skip: URL https://www.theguardian.com/world/2026/jan/13/julio-iglesias-accused-of-sexual-assault-by-two-female-former-employees already exists.
2026-01-14 07:31:34,292 - INFO - [BBC] Article: https://www.bbc.com/news/articles/cql40ze5pkpo?at_medium=RSS&at_campaign=rss
2026-01-14 07:31:34,292 - INFO - [BBC] Attempt 1/1: Trying with 'requests_browser' strategy...
2026-01-14 07:31:34,293 - INFO - [The Guardian] Early skip: URL https://www.theguardian.com/world/live/2026/jan/14/iran-protests-live-updates-trump-us-action-death-toll-protester-executions-erfan-soltani already exists.
2026-01-14 07:31:34,320 - INFO - [BBC] Success with 'requests_browser'. Found content (210 words).
2026-01-14 07:31:47,560 - INFO - Saved article: Actor Kiefer Sutherland arrested over alleged assault of ride-share driver from BBC (210 words)
2026-01-14 07:31:47,560 - INFO - [The Guardian] Early skip: URL https://www.theguardian.com/world/2026/jan/14/iran-protests-what-we-know-so-far-about-the-the-spiralling-anti-government-protests already exists.
2026-01-14 07:31:47,845 - INFO - [The Hindu] Article: https://www.thehindu.com/news/national/pm-modi-pongal-celebrations-l-murugan-tamil-nadu/article70508479.ece
2026-01-14 07:31:47,845 - INFO - [The Hindu] Attempt 1/1: Trying with 'selenium_browser' strategy...
2026-01-14 07:31:47,845 - INFO - [The Guardian] Early skip: URL https://www.theguardian.com/world/2026/jan/14/gaza-storms-kill-palestinians-makeshift-camps already exists.
2026-01-14 07:31:48,138 - INFO - [The Guardian] Early skip: URL https://www.theguardian.com/world/live/2026/jan/13/iran-protest-crackdown-regime-crisis-us-donald-trump-tariffs-latest-updates already exists.
2026-01-14 07:31:48,319 - INFO - [The Guardian] Early skip: URL https://www.theguardian.com/world/2026/jan/13/keir-starmer-offered-place-on-trumps-gaza-peace-board already exists.
2026-01-14 07:31:48,863 - INFO - [BBC] Article: https://www.bbc.com/news/articles/cg4erx1n04lo?at_medium=RSS&at_campaign=rss
2026-01-14 07:31:48,863 - INFO - [BBC] Attempt 1/1: Trying with 'requests_browser' strategy...
2026-01-14 07:31:48,915 - INFO - [BBC] Success with 'requests_browser'. Found content (496 words).
2026-01-14 07:31:50,946 - INFO - [The Hindu] Page content loaded.
2026-01-14 07:31:51,077 - INFO - [The Hindu] Success with 'selenium_browser'. Found content (527 words).
2026-01-14 07:32:03,672 - INFO - Saved article: US approves sale of Nvidia's advanced H200 chips to China from BBC (496 words)
2026-01-14 07:32:16,928 - INFO - DEDUPLICATION: Found match (Score: 0.79). Linking to Cluster ID: c7e5d167-4526-41b5-9aa6-48fcaf18e81a
2026-01-14 07:32:16,940 - INFO - Saved article: Pongal a global festival, cherished by Tamil community world over: PM Modi - The Hindu from The Hindu (527 words)
2026-01-14 07:32:16,942 - INFO - [BBC] Early skip: URL https://www.bbc.com/news/articles/c041dp0z95yo?at_medium=RSS&at_campaign=rss already exists.
2026-01-14 07:32:17,057 - INFO - [BBC] Article: https://www.bbc.com/news/articles/c07xdv0mggzo?at_medium=RSS&at_campaign=rss
2026-01-14 07:32:17,058 - INFO - [BBC] Attempt 1/1: Trying with 'requests_browser' strategy...
2026-01-14 07:32:17,088 - INFO - [BBC] Success with 'requests_browser'. Found content (430 words).
2026-01-14 07:32:30,542 - INFO - Saved article: South Korea: How a chewy cookie inspired by Dubai chocolate has taken over the nation from BBC (430 words)
2026-01-14 07:32:30,543 - INFO - [The Hindu] Article: https://www.thehindu.com/news/cities/kolkata/tmcs-abhishek-presents-10-dead-voters-at-cooch-behar-rally-to-debunk-sir/article70508473.ece
2026-01-14 07:32:30,543 - INFO - [The Hindu] Attempt 1/1: Trying with 'selenium_browser' strategy...
2026-01-14 07:32:31,059 - INFO - [BBC] Early skip: URL https://www.bbc.com/news/articles/c5y320k72vyo?at_medium=RSS&at_campaign=rss already exists.
2026-01-14 07:32:31,195 - INFO - [BBC] Early skip: URL https://www.bbc.com/news/articles/cq6vyqq5r0do?at_medium=RSS&at_campaign=rss already exists.
2026-01-14 07:32:31,336 - INFO - [BBC] Early skip: URL https://www.bbc.com/news/articles/cj6w17ykd89o?at_medium=RSS&at_campaign=rss already exists.
2026-01-14 07:32:31,454 - INFO - [BBC] Early skip: URL https://www.bbc.com/news/articles/c4g3kw5ezepo?at_medium=RSS&at_campaign=rss already exists.
2026-01-14 07:32:31,706 - INFO - [BBC] Early skip: URL https://www.bbc.com/news/articles/cz0p9ld5egjo?at_medium=RSS&at_campaign=rss already exists.
2026-01-14 07:32:31,819 - INFO - [BBC] Early skip: URL https://www.bbc.com/news/articles/c79rqzv1e7ro?at_medium=RSS&at_campaign=rss already exists.
2026-01-14 07:32:31,927 - INFO - [BBC] Early skip: URL https://www.bbc.com/news/articles/cr578g7v082o?at_medium=RSS&at_campaign=rss already exists.
2026-01-14 07:32:32,062 - INFO - [BBC] Early skip: URL https://www.bbc.com/news/articles/c62vnvx2x2po?at_medium=RSS&at_campaign=rss already exists.
2026-01-14 07:32:32,298 - INFO - [BBC] Early skip: URL https://www.bbc.com/news/articles/c9wxg4e09jzo?at_medium=RSS&at_campaign=rss already exists.
2026-01-14 07:32:32,303 - INFO - [The Hindu] Page content loaded.
2026-01-14 07:32:32,428 - INFO - [The Hindu] Success with 'selenium_browser'. Found content (835 words).
2026-01-14 07:32:46,092 - INFO - Saved article: TMC's Abhishek presents 10 'dead voters' at Cooch Behar rally to debunk SIR - The Hindu from The Hindu (835 words)
2026-01-14 07:32:46,093 - INFO - [BBC] Early skip: URL https://www.bbc.com/news/articles/c0mk80lyw09o?at_medium=RSS&at_campaign=rss already exists.
2026-01-14 07:32:46,317 - INFO - [BBC] Early skip: URL https://www.bbc.com/news/articles/c8j31728187o?at_medium=RSS&at_campaign=rss already exists.
2026-01-14 07:32:46,458 - INFO - [BBC] Early skip: URL https://www.bbc.com/news/articles/cvgnvqrxl0xo?at_medium=RSS&at_campaign=rss already exists.
2026-01-14 07:32:46,625 - INFO - [BBC] Early skip: URL https://www.bbc.com/news/articles/cj9r3832j47o?at_medium=RSS&at_campaign=rss already exists.
2026-01-14 07:32:46,795 - INFO - [The Hindu] Article: https://www.thehindu.com/news/cities/Hyderabad/telangana-shrc-directs-hyderabad-cp-sajjanar-to-submit-report-on-chinese-manja-menace/article70508048.ece
2026-01-14 07:32:46,795 - INFO - [The Hindu] Attempt 1/1: Trying with 'selenium_browser' strategy...
2026-01-14 07:32:46,796 - INFO - [BBC] Early skip: URL https://www.bbc.com/news/articles/cr7jzpr95yvo?at_medium=RSS&at_campaign=rss already exists.
2026-01-14 07:32:46,980 - INFO - [BBC] Early skip: URL https://www.bbc.com/news/articles/cjrznw9e243o?at_medium=RSS&at_campaign=rss already exists.
2026-01-14 07:32:47,127 - INFO - [BBC] Early skip: URL https://www.bbc.com/news/articles/c801kypkl3ko?at_medium=RSS&at_campaign=rss already exists.
2026-01-14 07:32:47,304 - INFO - [BBC] Early skip: URL https://www.bbc.com/news/articles/cedwgn4pqv4o?at_medium=RSS&at_campaign=rss already exists.
2026-01-14 07:32:47,565 - INFO - [BBC] Article: https://www.bbc.com/news/articles/c98pj370mjjo?at_medium=RSS&at_campaign=rss
2026-01-14 07:32:47,565 - INFO - [BBC] Attempt 1/1: Trying with 'requests_browser' strategy...
2026-01-14 07:32:47,621 - INFO - [The Hindu] Page content loaded.
2026-01-14 07:32:47,637 - INFO - [BBC] Success with 'requests_browser'. Found content (895 words).
2026-01-14 07:32:47,828 - INFO - [The Hindu] Success with 'selenium_browser'. Found content (184 words).
2026-01-14 07:33:01,123 - INFO - Saved article: Canada’s Mark Carney faces delicate balancing act in China visit from BBC (895 words)
2026-01-14 07:33:13,943 - INFO - Saved article: Telangana SHRC directs Hyderabad CP Sajjanar to submit report on Chinese manja menace - The Hindu from The Hindu (184 words)
2026-01-14 07:33:13,943 - INFO - [BBC] Article: https://www.bbc.com/news/articles/cj0nm44g361o?at_medium=RSS&at_campaign=rss
2026-01-14 07:33:13,943 - INFO - [BBC] Attempt 1/1: Trying with 'requests_browser' strategy...
2026-01-14 07:33:13,978 - INFO - [BBC] Success with 'requests_browser'. Found content (531 words).
2026-01-14 07:33:26,909 - INFO - Saved article: Yennayer: North Africa's Amazigh people ring in the year 2976 from BBC (531 words)
2026-01-14 07:33:26,910 - INFO - [The Hindu] Article: https://www.thehindu.com/news/national/kerala/16-rescued-minors-from-bihar-shifted-to-kozhikode-child-welfare-home-after-being-found-without-valid-documents/article70508392.ece
2026-01-14 07:33:26,910 - INFO - [The Hindu] Attempt 1/1: Trying with 'selenium_browser' strategy...
2026-01-14 07:33:27,847 - INFO - [BBC] Article: https://www.bbc.com/news/articles/cy05p07pwd2o?at_medium=RSS&at_campaign=rss
2026-01-14 07:33:27,848 - INFO - [BBC] Attempt 1/1: Trying with 'requests_browser' strategy...
2026-01-14 07:33:27,856 - INFO - [The Hindu] Page content loaded.
2026-01-14 07:33:27,897 - INFO - [BBC] Success with 'requests_browser'. Found content (1257 words).
2026-01-14 07:33:28,105 - INFO - [The Hindu] Success with 'selenium_browser'. Found content (172 words).
2026-01-14 07:33:34,264 - ERROR - [Times of India] Request failed for strategy 'selenium_browser' on URL https://timesofindia.indiatimes.com/world/middle-east/islamic-nato-in-making-how-turkish-arms-saudi-cash-and-pakistan-nukes-could-align-all-about-the-defence-pact/articleshow/126519303.cms: HTTPConnectionPool(host='localhost', port=48891): Read timed out. (read timeout=120)
2026-01-14 07:33:34,264 - ERROR - [Times of India] All scrape strategies failed for https://timesofindia.indiatimes.com/world/middle-east/islamic-nato-in-making-how-turkish-arms-saudi-cash-and-pakistan-nukes-could-align-all-about-the-defence-pact/articleshow/126519303.cms. Falling back to RSS description.
2026-01-14 07:33:34,264 - WARNING - SKIPPED (GLOBAL WORD LIMIT): Article 'Islamic Nato in making? How Turkish arms, Saudi cash and Pakistan nukes could align — all about the defence pact' from Times of India has only 54 words (Min: 90).
2026-01-14 07:33:42,870 - INFO - Saved article: India youth offenders: Juvenile justice system letting them down, say experts from BBC (1257 words)
2026-01-14 07:33:56,318 - INFO - Saved article: 16 rescued minors from Bihar shifted to Kozhikode child welfare home after being found without valid documents - The Hindu from The Hindu (172 words)
2026-01-14 07:33:56,319 - INFO - [Times of India] Article: https://timesofindia.indiatimes.com/world/middle-east/uae-passport-ranks-5th-worldwide-on-henley-index-2026-leading-middle-east/articleshow/126518410.cms
2026-01-14 07:33:56,319 - INFO - [Times of India] Attempt 1/1: Trying with 'selenium_browser' strategy...
2026-01-14 07:33:56,842 - INFO - [The Hindu] Early skip: URL https://www.thehindu.com/news/national/karnataka/rajeev-kaul-recognized-as-co-founder-of-belagavi-based-aerospace-company-aequs-limited/article70505476.ece already exists.
2026-01-14 07:33:57,073 - INFO - [The Hindu] Early skip: URL https://www.thehindu.com/news/national/telangana/around-500-stray-dogs-killed-in-telangana-villages-in-one-week-to-fulfill-panchayat-poll-promise/article70508405.ece already exists.
2026-01-14 07:33:57,179 - INFO - [The Hindu] Early skip: URL https://www.thehindu.com/news/cities/chennai/bhogi-smog-shrouds-many-parts-of-chennai-airport-visibility-drops-to-300-metres/article70508304.ece already exists.
2026-01-14 07:33:57,200 - CRITICAL - --- TIMEOUT: 2 scrape jobs did not complete in 300s. ---
2026-01-14 07:33:57,200 - ERROR - A thread has timed out and will be abandoned.
2026-01-14 07:33:57,200 - ERROR - A thread has timed out and will be abandoned.
2026-01-14 07:33:57,200 - INFO - Shutting down thread pool (wait=False)...
2026-01-14 07:33:57,200 - INFO - Scraped: 1 The Guardian, 12 BBC, 2 Timed_Out_Jobs articles. (Total saved: 13)
2026-01-14 07:33:57,200 - INFO - --- Scraping job finished ---
2026-01-14 07:33:57,200 - INFO - --- Scraper service stopped and database connection closed. ---
2026-01-14 07:33:57,200 - INFO - --- Main thread finished. Forcing process exit to kill zombie threads. ---
