2026-05-12 17:34:05,263 - INFO - Loading AI Semantic Model (all-MiniLM-L6-v2)...
2026-05-12 17:34:05,264 - INFO - No device provided, using cpu
2026-05-12 17:34:05,384 - INFO - HTTP Request: HEAD https://huggingface.co/sentence-transformers/all-MiniLM-L6-v2/resolve/main/modules.json "HTTP/1.1 307 Temporary Redirect"
2026-05-12 17:34:05,405 - INFO - HTTP Request: HEAD https://huggingface.co/api/resolve-cache/models/sentence-transformers/all-MiniLM-L6-v2/c9745ed1d9f207416be6d2e6f8de32d1f16199bf/modules.json "HTTP/1.1 200 OK"
2026-05-12 17:34:05,437 - INFO - HTTP Request: HEAD https://huggingface.co/sentence-transformers/all-MiniLM-L6-v2/resolve/main/config_sentence_transformers.json "HTTP/1.1 307 Temporary Redirect"
2026-05-12 17:34:05,438 - WARNING - Warning: You are sending unauthenticated requests to the HF Hub. Please set a HF_TOKEN to enable higher rate limits and faster downloads.
2026-05-12 17:34:05,457 - INFO - HTTP Request: HEAD https://huggingface.co/api/resolve-cache/models/sentence-transformers/all-MiniLM-L6-v2/c9745ed1d9f207416be6d2e6f8de32d1f16199bf/config_sentence_transformers.json "HTTP/1.1 200 OK"
2026-05-12 17:34:05,458 - INFO - Loading SentenceTransformer model from sentence-transformers/all-MiniLM-L6-v2.
2026-05-12 17:34:05,489 - INFO - HTTP Request: HEAD https://huggingface.co/sentence-transformers/all-MiniLM-L6-v2/resolve/main/config_sentence_transformers.json "HTTP/1.1 307 Temporary Redirect"
2026-05-12 17:34:05,509 - INFO - HTTP Request: HEAD https://huggingface.co/api/resolve-cache/models/sentence-transformers/all-MiniLM-L6-v2/c9745ed1d9f207416be6d2e6f8de32d1f16199bf/config_sentence_transformers.json "HTTP/1.1 200 OK"
2026-05-12 17:34:05,540 - INFO - HTTP Request: HEAD https://huggingface.co/sentence-transformers/all-MiniLM-L6-v2/resolve/main/README.md "HTTP/1.1 307 Temporary Redirect"
2026-05-12 17:34:05,560 - INFO - HTTP Request: HEAD https://huggingface.co/api/resolve-cache/models/sentence-transformers/all-MiniLM-L6-v2/c9745ed1d9f207416be6d2e6f8de32d1f16199bf/README.md "HTTP/1.1 200 OK"
2026-05-12 17:34:05,590 - INFO - HTTP Request: HEAD https://huggingface.co/sentence-transformers/all-MiniLM-L6-v2/resolve/main/modules.json "HTTP/1.1 307 Temporary Redirect"
2026-05-12 17:34:05,610 - INFO - HTTP Request: HEAD https://huggingface.co/api/resolve-cache/models/sentence-transformers/all-MiniLM-L6-v2/c9745ed1d9f207416be6d2e6f8de32d1f16199bf/modules.json "HTTP/1.1 200 OK"
2026-05-12 17:34:05,642 - INFO - HTTP Request: HEAD https://huggingface.co/sentence-transformers/all-MiniLM-L6-v2/resolve/main/sentence_bert_config.json "HTTP/1.1 307 Temporary Redirect"
2026-05-12 17:34:05,661 - INFO - HTTP Request: HEAD https://huggingface.co/api/resolve-cache/models/sentence-transformers/all-MiniLM-L6-v2/c9745ed1d9f207416be6d2e6f8de32d1f16199bf/sentence_bert_config.json "HTTP/1.1 200 OK"
2026-05-12 17:34:05,698 - INFO - HTTP Request: HEAD https://huggingface.co/sentence-transformers/all-MiniLM-L6-v2/resolve/main/adapter_config.json "HTTP/1.1 404 Not Found"
2026-05-12 17:34:05,727 - INFO - HTTP Request: HEAD https://huggingface.co/sentence-transformers/all-MiniLM-L6-v2/resolve/main/config.json "HTTP/1.1 307 Temporary Redirect"
2026-05-12 17:34:05,747 - INFO - HTTP Request: HEAD https://huggingface.co/api/resolve-cache/models/sentence-transformers/all-MiniLM-L6-v2/c9745ed1d9f207416be6d2e6f8de32d1f16199bf/config.json "HTTP/1.1 200 OK"
2026-05-12 17:34:05,905 - INFO - HTTP Request: HEAD https://huggingface.co/sentence-transformers/all-MiniLM-L6-v2/resolve/main/processor_config.json "HTTP/1.1 404 Not Found"
2026-05-12 17:34:05,940 - INFO - HTTP Request: HEAD https://huggingface.co/sentence-transformers/all-MiniLM-L6-v2/resolve/main/preprocessor_config.json "HTTP/1.1 404 Not Found"
2026-05-12 17:34:05,970 - INFO - HTTP Request: HEAD https://huggingface.co/sentence-transformers/all-MiniLM-L6-v2/resolve/main/video_preprocessor_config.json "HTTP/1.1 404 Not Found"
2026-05-12 17:34:06,006 - INFO - HTTP Request: HEAD https://huggingface.co/sentence-transformers/all-MiniLM-L6-v2/resolve/main/preprocessor_config.json "HTTP/1.1 404 Not Found"
2026-05-12 17:34:06,037 - INFO - HTTP Request: HEAD https://huggingface.co/sentence-transformers/all-MiniLM-L6-v2/resolve/main/tokenizer_config.json "HTTP/1.1 307 Temporary Redirect"
2026-05-12 17:34:06,057 - INFO - HTTP Request: HEAD https://huggingface.co/api/resolve-cache/models/sentence-transformers/all-MiniLM-L6-v2/c9745ed1d9f207416be6d2e6f8de32d1f16199bf/tokenizer_config.json "HTTP/1.1 200 OK"
2026-05-12 17:34:06,088 - INFO - HTTP Request: HEAD https://huggingface.co/sentence-transformers/all-MiniLM-L6-v2/resolve/main/config.json "HTTP/1.1 307 Temporary Redirect"
2026-05-12 17:34:06,107 - INFO - HTTP Request: HEAD https://huggingface.co/api/resolve-cache/models/sentence-transformers/all-MiniLM-L6-v2/c9745ed1d9f207416be6d2e6f8de32d1f16199bf/config.json "HTTP/1.1 200 OK"
2026-05-12 17:34:06,141 - INFO - HTTP Request: HEAD https://huggingface.co/sentence-transformers/all-MiniLM-L6-v2/resolve/main/config.json "HTTP/1.1 307 Temporary Redirect"
2026-05-12 17:34:06,161 - INFO - HTTP Request: HEAD https://huggingface.co/api/resolve-cache/models/sentence-transformers/all-MiniLM-L6-v2/c9745ed1d9f207416be6d2e6f8de32d1f16199bf/config.json "HTTP/1.1 200 OK"
2026-05-12 17:34:06,192 - INFO - HTTP Request: HEAD https://huggingface.co/sentence-transformers/all-MiniLM-L6-v2/resolve/main/tokenizer_config.json "HTTP/1.1 307 Temporary Redirect"
2026-05-12 17:34:06,212 - INFO - HTTP Request: HEAD https://huggingface.co/api/resolve-cache/models/sentence-transformers/all-MiniLM-L6-v2/c9745ed1d9f207416be6d2e6f8de32d1f16199bf/tokenizer_config.json "HTTP/1.1 200 OK"
2026-05-12 17:34:06,255 - INFO - HTTP Request: GET https://huggingface.co/api/models/sentence-transformers/all-MiniLM-L6-v2/tree/main/additional_chat_templates?recursive=false&expand=false "HTTP/1.1 404 Not Found"
2026-05-12 17:34:06,290 - INFO - HTTP Request: GET https://huggingface.co/api/models/sentence-transformers/all-MiniLM-L6-v2/tree/main?recursive=true&expand=false "HTTP/1.1 200 OK"
2026-05-12 17:34:06,356 - INFO - HTTP Request: HEAD https://huggingface.co/sentence-transformers/all-MiniLM-L6-v2/resolve/main/1_Pooling/config.json "HTTP/1.1 307 Temporary Redirect"
2026-05-12 17:34:06,376 - INFO - HTTP Request: HEAD https://huggingface.co/api/resolve-cache/models/sentence-transformers/all-MiniLM-L6-v2/c9745ed1d9f207416be6d2e6f8de32d1f16199bf/1_Pooling%2Fconfig.json "HTTP/1.1 200 OK"
2026-05-12 17:34:06,411 - INFO - HTTP Request: GET https://huggingface.co/api/models/sentence-transformers/all-MiniLM-L6-v2 "HTTP/1.1 200 OK"
2026-05-12 17:34:06,415 - INFO - AI Model loaded successfully.
2026-05-12 17:34:06,415 - INFO - --- Scraper service started (CI Mode: Run Once) ---
2026-05-12 17:34:06,415 - INFO - --- Starting new scraping job (Parallel Mode) ---
2026-05-12 17:34:06,415 - INFO - Connecting to Google Sheets...
2026-05-12 17:34:12,236 - INFO - Connected to Sheet: News Scrapper AI / Sheet1
2026-05-12 17:34:12,236 - INFO - Fetching existing data to build cache...
2026-05-12 17:34:38,202 - INFO - Loaded 58489 rows from sheet.
2026-05-12 17:34:39,234 - INFO - Cache built: 58489 URLs. Current MAX_ID: 58591
2026-05-12 17:34:39,242 - INFO - Creating new robust session with 3 retries on 5xx/connection/read errors.
2026-05-12 17:34:39,242 - INFO - Proxy is DISABLED.
2026-05-12 17:34:39,242 - INFO - Starting scrape for BBC RSS feed: http://feeds.bbci.co.uk/news/world/rss.xml
2026-05-12 17:34:39,243 - INFO - [Times of India] (Thread) requires Selenium. Initializing driver...
2026-05-12 17:34:39,244 - INFO - Starting scrape for The Guardian RSS feed: https://www.theguardian.com/world/rss
2026-05-12 17:34:39,245 - INFO - [The Hindu] (Thread) requires Selenium. Initializing driver...
2026-05-12 17:34:39,246 - INFO - [The Dawn] (Thread) requires Selenium. Initializing driver...
2026-05-12 17:34:39,246 - INFO - [Al Jazeera] (Thread) requires Selenium. Initializing driver...
2026-05-12 17:34:39,247 - INFO - Starting scrape for TechCrunch RSS feed: https://techcrunch.com/feed/
2026-05-12 17:34:39,248 - INFO - [Economic Times] (Thread) requires Selenium. Initializing driver...
2026-05-12 17:34:39,250 - INFO - Submitted 8 jobs to thread pool. Waiting up to 420s for completion...
2026-05-12 17:34:39,367 - INFO - Found 0 articles in TechCrunch RSS feed. Processing until 30 new articles are saved.
2026-05-12 17:34:39,544 - INFO - Found 45 articles in The Guardian RSS feed. Processing until 30 new articles are saved.
2026-05-12 17:34:39,544 - INFO - [The Guardian] Early skip: URL https://www.theguardian.com/world/2026/may/12/internal-displacements-violence-conflict-record-high-2025 already exists.
2026-05-12 17:34:39,547 - INFO - [The Guardian] Early skip: URL https://www.theguardian.com/world/2026/may/12/gaborone-gold-rush-botswana-sprinting-athletics already exists.
2026-05-12 17:34:39,548 - INFO - [The Guardian] Early skip: URL https://www.theguardian.com/environment/2026/may/11/weather-tracker-us-mexico-heatwave-floods-south-africa already exists.
2026-05-12 17:34:39,550 - INFO - [The Guardian] Early skip: URL https://www.theguardian.com/us-news/2026/may/10/missing-soldier-body-recovered-morocco already exists.
2026-05-12 17:34:39,551 - INFO - [The Guardian] Early skip: URL https://www.theguardian.com/world/2026/may/09/africa-influencers-news-consumption-social-media already exists.
2026-05-12 17:34:39,552 - INFO - [The Guardian] Early skip: URL https://www.theguardian.com/world/2026/may/12/bahamas-goes-to-polls-caribbean-election-battle already exists.
2026-05-12 17:34:39,561 - INFO - [The Guardian] Early skip: URL https://www.theguardian.com/world/2026/may/11/drug-gang-attacks-force-hundreds-of-indigenous-families-to-flee-in-mexico already exists.
2026-05-12 17:34:39,570 - INFO - [The Guardian] Early skip: URL https://www.theguardian.com/us-news/2026/may/11/six-people-found-dead-train-car-texas-mexico-border already exists.
2026-05-12 17:34:39,592 - INFO - [The Guardian] Early skip: URL https://www.theguardian.com/us-news/2026/may/11/chicago-teen-kevin-gonzalez-ice-cancer already exists.
2026-05-12 17:34:39,593 - INFO - [The Guardian] Early skip: URL https://www.theguardian.com/environment/2026/may/11/pfas-seabird-eggs-forever-chemicals already exists.
2026-05-12 17:34:39,594 - INFO - [The Guardian] Early skip: URL https://www.theguardian.com/world/2026/may/12/ronald-dela-rosa-icc-arrest-warrant-philippines-senate-refuge already exists.
2026-05-12 17:34:39,596 - INFO - [The Guardian] Early skip: URL https://www.theguardian.com/world/2026/may/12/calbee-japan-snack-giant-black-white-packaging-iran-war-oil-ink-shortage already exists.
2026-05-12 17:34:39,598 - INFO - [The Guardian] Early skip: URL https://www.theguardian.com/world/2026/may/12/the-big-questions-hanging-over-the-trump-xi-meeting-in-china already exists.
2026-05-12 17:34:39,599 - INFO - [The Guardian] Early skip: URL https://www.theguardian.com/world/2026/may/11/philippine-vice-president-sara-duterte-impeached-ferdinand-marcos-jr-wife already exists.
2026-05-12 17:34:39,600 - INFO - [The Guardian] Early skip: URL https://www.theguardian.com/news/ng-interactive/2026/may/10/tehran-taiwan-trade-donald-trump-xi-jinping-us-china-summit already exists.
2026-05-12 17:34:39,603 - INFO - [The Guardian] Early skip: URL https://www.theguardian.com/australia-news/2026/may/13/australia-federal-budget-2026-funding-for-jewish-security-bondi-ntwnfb already exists.
2026-05-12 17:34:39,605 - INFO - [The Guardian] Early skip: URL https://www.theguardian.com/society/ng-interactive/2026/may/12/polycystic-ovary-syndrome-pcos-new-name-polyendocrine-metabolic-ovarian-syndrome-pmos already exists.
2026-05-12 17:34:39,608 - INFO - [The Guardian] Early skip: URL https://www.theguardian.com/australia-news/live/2026/may/12/budget-2026-live-updates-federal-treasurer-jim-chalmers-speech-time-tonight-latest-news-ntwnfb already exists.
2026-05-12 17:34:39,614 - INFO - Found 47 articles in BBC RSS feed. Processing until 30 new articles are saved.
2026-05-12 17:34:39,614 - INFO - [BBC] Early skip: URL https://www.bbc.com/news/articles/cqjpqynj1nlo?at_medium=RSS&at_campaign=rss already exists.
2026-05-12 17:34:39,614 - INFO - [The Guardian] Early skip: URL https://www.theguardian.com/australia-news/2026/may/12/australia-federal-budget-2026-aukus-submarines-nuclear-defence-spending already exists.
2026-05-12 17:34:39,615 - INFO - [The Guardian] Early skip: URL https://www.theguardian.com/australia-news/2026/may/12/federal-budget-2026-summary-winners-and-losers already exists.
2026-05-12 17:34:39,615 - INFO - [BBC] Early skip: URL https://www.bbc.com/news/articles/cvgznxn18zgo?at_medium=RSS&at_campaign=rss already exists.
2026-05-12 17:34:39,617 - INFO - [The Guardian] Article: https://www.theguardian.com/world/2026/may/12/bosnia-and-herzegovina-vulnerable-policy-clash-us-representative-says
2026-05-12 17:34:39,617 - INFO - [The Guardian] Attempt 1/1: Trying with 'requests_browser' strategy...
2026-05-12 17:34:39,624 - INFO - [BBC] Article: https://www.bbc.com/news/articles/c4g48kj40lwo?at_medium=RSS&at_campaign=rss
2026-05-12 17:34:39,624 - INFO - [BBC] Attempt 1/1: Trying with 'requests_browser' strategy...
2026-05-12 17:34:39,833 - INFO - [BBC] Success with 'requests_browser'. Found content (672 words).
2026-05-12 17:34:39,942 - INFO - [The Guardian] Success with 'requests_browser'. Found content (871 words).
2026-05-12 17:34:41,904 - INFO - Selenium driver initialized successfully (Eager load strategy, 7s timeout).
2026-05-12 17:34:41,904 - INFO - Starting scrape for Times of India RSS feed: https://timesofindia.indiatimes.com/rssfeeds/296589292.cms
2026-05-12 17:34:42,006 - INFO - Selenium driver initialized successfully (Eager load strategy, 7s timeout).
2026-05-12 17:34:42,007 - INFO - Starting scrape for Economic Times RSS feed: https://economictimes.indiatimes.com/rssfeedsdefault.cms
2026-05-12 17:34:42,017 - INFO - Selenium driver initialized successfully (Eager load strategy, 7s timeout).
2026-05-12 17:34:42,017 - INFO - Starting scrape for The Dawn RSS feed: https://www.dawn.com/feeds/home
2026-05-12 17:34:42,074 - INFO - Selenium driver initialized successfully (Eager load strategy, 7s timeout).
2026-05-12 17:34:42,075 - INFO - Starting scrape for Al Jazeera RSS feed: https://www.aljazeera.com/xml/rss/all.xml
2026-05-12 17:34:42,091 - INFO - Selenium driver initialized successfully (Eager load strategy, 7s timeout).
2026-05-12 17:34:42,092 - INFO - Starting scrape for The Hindu RSS feed: https://www.thehindu.com/news/national/feeder/default.rss
2026-05-12 17:34:42,149 - INFO - Found 20 articles in Times of India RSS feed. Processing until 30 new articles are saved.
2026-05-12 17:34:42,150 - INFO - [Times of India] Article: https://timesofindia.indiatimes.com/world/us/i-dont-trust-pakistan-us-official-questions-islamabads-mediation-role-after-iran-aircraft-row-seeks-alternative/articleshow/131045104.cms
2026-05-12 17:34:42,150 - INFO - [Times of India] Attempt 1/1: Trying with 'selenium_browser' strategy...
2026-05-12 17:34:42,249 - INFO - Found 25 articles in The Dawn RSS feed. Processing until 30 new articles are saved.
2026-05-12 17:34:42,249 - INFO - [The Dawn] Early skip: URL https://www.dawn.com/news/1999677/despite-improved-macroeconomic-stability-in-first-half-of-fy26-war-in-middle-east-poses-significant-risks-to-outlook-sbp already exists.
2026-05-12 17:34:42,253 - INFO - [The Dawn] Article: https://www.dawn.com/news/1999715/pm-shehbaz-azerbaijans-president-aliyev-discuss-peace-efforts-in-mideast-pmo
2026-05-12 17:34:42,253 - INFO - [The Dawn] Attempt 1/2: Trying with 'requests_browser' strategy...
2026-05-12 17:34:42,354 - INFO - Found 25 articles in Al Jazeera RSS feed. Processing until 30 new articles are saved.
2026-05-12 17:34:42,355 - INFO - [Al Jazeera] Early skip: URL https://www.aljazeera.com/video/counting-the-cost/2026/5/12/can-china-counter-us-sanctions-with-its-trade-power?traffic_source=rss already exists.
2026-05-12 17:34:42,356 - INFO - [The Dawn] Success with 'requests_browser'. Found content (553 words).
2026-05-12 17:34:42,357 - INFO - [Al Jazeera] Article: https://www.aljazeera.com/features/2026/5/12/israels-war-creating-a-lost-generation-of-lebanese-students?traffic_source=rss
2026-05-12 17:34:42,363 - INFO - [Al Jazeera] Attempt 1/2: Trying with 'requests_browser' strategy...
2026-05-12 17:34:42,520 - INFO - [Al Jazeera] Success with 'requests_browser'. Found content (1182 words).
2026-05-12 17:34:42,595 - INFO - Found 76 articles in Economic Times RSS feed. Processing until 30 new articles are saved.
2026-05-12 17:34:42,596 - INFO - [Economic Times] Early skip: URL https://economictimes.indiatimes.com/markets/stocks/news/vodafone-idea-board-to-weigh-fundraise-through-equity-after-agr-relief/articleshow/131039450.cms already exists.
2026-05-12 17:34:42,598 - INFO - [Economic Times] Early skip: URL https://economictimes.indiatimes.com/markets/stocks/earnings/dixon-technologies-q4-results-cons-pat-falls-36-yoy-as-topline-grows-2-rs-10/share-dividend-announced/articleshow/131039573.cms already exists.
2026-05-12 17:34:42,604 - INFO - [Economic Times] Article: https://economictimes.indiatimes.com/markets/stocks/earnings/dr-reddys-laboratories-q4-results-cons-pat-falls-86-yoy-to-rs-221-crore-revenue-dips-12-rs-8-per-share-dividend-announced/articleshow/131037690.cms
2026-05-12 17:34:42,604 - INFO - [Economic Times] Attempt 1/2: Trying with 'requests_browser' strategy...
2026-05-12 17:34:42,608 - INFO - Found 60 articles in The Hindu RSS feed. Processing until 30 new articles are saved.
2026-05-12 17:34:42,608 - INFO - [The Hindu] Article: https://www.thehindu.com/elections/west-bengal-assembly/bjp-mla-tapas-roy-sworn-in-as-pro-tem-speaker-of-west-bengal-assembly/article70970887.ece
2026-05-12 17:34:42,608 - INFO - [The Hindu] Attempt 1/1: Trying with 'selenium_browser' strategy...
2026-05-12 17:34:42,952 - ERROR - parsed tree length: 1, wrong data type or not valid HTML
2026-05-12 17:34:42,952 - ERROR - empty HTML tree: None
2026-05-12 17:34:42,953 - WARNING - discarding data: None
2026-05-12 17:34:42,953 - WARNING - [Economic Times] FAILED with 'requests_browser' (content was too short: 0 words).
2026-05-12 17:34:43,015 - INFO - [Times of India] Page content loaded.
2026-05-12 17:34:43,249 - INFO - [The Hindu] Page content loaded.
2026-05-12 17:34:43,345 - INFO - [Times of India] Success with 'selenium_browser'. Found content (768 words).
2026-05-12 17:34:43,477 - INFO - [The Hindu] Success with 'selenium_browser'. Found content (284 words).
2026-05-12 17:34:43,886 - INFO - [Economic Times] Article: https://economictimes.indiatimes.com/markets/stocks/earnings/dr-reddys-laboratories-q4-results-cons-pat-falls-86-yoy-to-rs-221-crore-revenue-dips-12-rs-8-per-share-dividend-announced/articleshow/131037690.cms
2026-05-12 17:34:43,886 - INFO - [Economic Times] Attempt 2/2: Trying with 'selenium_browser' strategy...
2026-05-12 17:34:46,969 - INFO - [Economic Times] Page content loaded.
2026-05-12 17:34:47,970 - INFO - [Economic Times] Success with 'selenium_browser'. Found content (381 words).
2026-05-12 17:35:21,519 - INFO - >>> SUCCESSFULLY SAVED [ID: 58592] - Zelensky's ex-chief of staff in court as Ukraine corruption probe escalates from BBC (672 words)
2026-05-12 17:35:22,485 - INFO - [BBC] Early skip: URL https://www.bbc.com/news/articles/c202pgxx89lo?at_medium=RSS&at_campaign=rss already exists.
2026-05-12 17:35:22,489 - INFO - [BBC] Article: https://www.bbc.com/news/articles/cy42yx1kn90o?at_medium=RSS&at_campaign=rss
2026-05-12 17:35:22,490 - INFO - [BBC] Attempt 1/1: Trying with 'requests_browser' strategy...
2026-05-12 17:35:22,731 - INFO - [BBC] Success with 'requests_browser'. Found content (480 words).
2026-05-12 17:36:00,473 - INFO - >>> SUCCESSFULLY SAVED [ID: 58593] - Bosnia and Herzegovina left vulnerable by policy clash with US, representative says | Bosnia and Herzegovina | The Guardian from The Guardian (871 words)
2026-05-12 17:36:01,839 - INFO - [The Guardian] Early skip: URL https://www.theguardian.com/world/live/2026/may/12/europe-defence-ukraine-russia-hungary-latest-news-updates already exists.
2026-05-12 17:36:01,841 - INFO - [The Guardian] Article: https://www.theguardian.com/film/2026/may/12/french-film-risk-from-far-right-juliette-binoche-actors-directors
2026-05-12 17:36:01,842 - INFO - [The Guardian] Attempt 1/1: Trying with 'requests_browser' strategy...
2026-05-12 17:36:02,072 - INFO - [The Guardian] Success with 'requests_browser'. Found content (803 words).
2026-05-12 17:36:21,743 - INFO - >>> SUCCESSFULLY SAVED [ID: 58594] - PM Shehbaz, Azerbaijan's President Aliyev discuss peace efforts in Mideast: PMO - Pakistan - DAWN.COM from The Dawn (553 words)
2026-05-12 17:36:23,039 - INFO - [The Dawn] Article: https://www.dawn.com/news/1999686/karachi-police-arrest-most-wanted-female-drug-lord
2026-05-12 17:36:23,039 - INFO - [The Dawn] Attempt 1/2: Trying with 'requests_browser' strategy...
2026-05-12 17:36:23,090 - INFO - [The Dawn] Success with 'requests_browser'. Found content (702 words).
2026-05-12 17:36:38,248 - INFO - >>> SUCCESSFULLY SAVED [ID: 58595] - Israel’s war creating a ‘lost generation’ of Lebanese students | Israel attacks Lebanon News | Al Jazeera from Al Jazeera (1182 words)
2026-05-12 17:36:39,729 - INFO - [Al Jazeera] Article: https://www.aljazeera.com/news/2026/5/12/kuwait-says-it-foils-infiltration-operation-by-irans-irgc?traffic_source=rss
2026-05-12 17:36:39,730 - INFO - [Al Jazeera] Attempt 1/2: Trying with 'requests_browser' strategy...
2026-05-12 17:36:39,788 - INFO - [Al Jazeera] Success with 'requests_browser'. Found content (494 words).
2026-05-12 17:36:53,794 - INFO - >>> SUCCESSFULLY SAVED [ID: 58596] - ‘I don’t trust Pakistan’: US official questions Islamabad's mediation role after Iran aircraft row, seeks alternative - The Times of India from Times of India (768 words)
2026-05-12 17:36:55,115 - INFO - [Times of India] Article: https://timesofindia.indiatimes.com/world/us/lorna-hajdini-looks-very-attractive-megyn-kelly-says-she-believes-chirayu-rana-made-up-the-whole-sexual-assault-lawsuit/articleshow/131044691.cms
2026-05-12 17:36:55,115 - INFO - [Times of India] Attempt 1/1: Trying with 'selenium_browser' strategy...
2026-05-12 17:36:57,054 - INFO - [Times of India] Page content loaded.
2026-05-12 17:36:57,230 - INFO - [Times of India] Success with 'selenium_browser'. Found content (303 words).
2026-05-12 17:37:11,783 - INFO - >>> SUCCESSFULLY SAVED [ID: 58597] - BJP MLA Tapas Roy sworn in as Pro-tem Speaker of West Bengal Assembly - The Hindu from The Hindu (284 words)
2026-05-12 17:37:12,362 - INFO - [The Hindu] Article: https://www.thehindu.com/news/national/madhya-pradesh/four-cheetah-cubs-die-at-kuno-in-suspected-leopard-attack/article70970676.ece
2026-05-12 17:37:12,363 - INFO - [The Hindu] Attempt 1/1: Trying with 'selenium_browser' strategy...
2026-05-12 17:37:13,736 - INFO - [The Hindu] Page content loaded.
2026-05-12 17:37:13,942 - INFO - [The Hindu] Success with 'selenium_browser'. Found content (603 words).
2026-05-12 17:37:30,184 - INFO - >>> SUCCESSFULLY SAVED [ID: 58598] - Dr Reddy's Laboratories Q4 Results: Cons PAT falls 86% YoY to Rs 221 crore, revenue dips 12%; Rs 8 per share dividend announced - The Economic Times from Economic Times (381 words)
2026-05-12 17:37:31,277 - INFO - [Economic Times] Article: https://economictimes.indiatimes.com/markets/stocks/earnings/tata-power-q4-results-profit-slips-4-yoy-to-rs-996-cr-revenue-falls-13-co-declares-rs-2-5/-share-dividend/articleshow/131037995.cms
2026-05-12 17:37:31,277 - INFO - [Economic Times] Attempt 1/2: Trying with 'requests_browser' strategy...
2026-05-12 17:37:31,518 - ERROR - parsed tree length: 1, wrong data type or not valid HTML
2026-05-12 17:37:31,518 - ERROR - empty HTML tree: None
2026-05-12 17:37:31,518 - WARNING - discarding data: None
2026-05-12 17:37:31,518 - WARNING - [Economic Times] FAILED with 'requests_browser' (content was too short: 0 words).
2026-05-12 17:37:32,508 - INFO - [Economic Times] Article: https://economictimes.indiatimes.com/markets/stocks/earnings/tata-power-q4-results-profit-slips-4-yoy-to-rs-996-cr-revenue-falls-13-co-declares-rs-2-5/-share-dividend/articleshow/131037995.cms
2026-05-12 17:37:32,509 - INFO - [Economic Times] Attempt 2/2: Trying with 'selenium_browser' strategy...
2026-05-12 17:37:41,761 - INFO - [Economic Times] Page content loaded.
2026-05-12 17:37:42,833 - INFO - [Economic Times] Success with 'selenium_browser'. Found content (411 words).
2026-05-12 17:37:51,588 - INFO - >>> SUCCESSFULLY SAVED [ID: 58599] - South Africa's top court bans repeat asylum applications from BBC (480 words)
2026-05-12 17:37:52,164 - INFO - [BBC] Article: https://www.bbc.com/news/articles/cvgz9k7pzggo?at_medium=RSS&at_campaign=rss
2026-05-12 17:37:52,165 - INFO - [BBC] Attempt 1/1: Trying with 'requests_browser' strategy...
2026-05-12 17:37:52,331 - INFO - [BBC] Success with 'requests_browser'. Found content (606 words).
2026-05-12 17:38:07,168 - INFO - >>> SUCCESSFULLY SAVED [ID: 58600] - French film industry at risk from the far right, say actors and directors | Movies | The Guardian from The Guardian (803 words)
2026-05-12 17:38:08,500 - INFO - [The Guardian] Article: https://www.theguardian.com/tv-and-radio/2026/may/12/irish-tv-rte-father-ted-eurovision-final-israel
2026-05-12 17:38:08,501 - INFO - [The Guardian] Attempt 1/1: Trying with 'requests_browser' strategy...
2026-05-12 17:38:08,561 - INFO - [The Guardian] Success with 'requests_browser'. Found content (424 words).
2026-05-12 17:38:22,304 - INFO - DEDUPLICATION: Found match (Score: 0.98). Linking to Cluster ID: a9ca492b-3876-4540-98e5-39413e7b4dd4
2026-05-12 17:38:24,777 - INFO - >>> SUCCESSFULLY SAVED [ID: 58601] - Karachi police arrest 'most-wanted' female drug lord - Pakistan - DAWN.COM from The Dawn (702 words)
2026-05-12 17:38:25,944 - INFO - [The Dawn] Article: https://www.dawn.com/news/1999709/pmdc-says-medical-students-must-qualify-for-mdcat-obtain-registration-before-going-abroad
2026-05-12 17:38:25,944 - INFO - [The Dawn] Attempt 1/2: Trying with 'requests_browser' strategy...
2026-05-12 17:38:25,991 - INFO - [The Dawn] Success with 'requests_browser'. Found content (571 words).
2026-05-12 17:38:40,267 - INFO - >>> SUCCESSFULLY SAVED [ID: 58602] - Kuwait says it foils infiltration operation by Iran’s IRGC | US-Israel war on Iran News | Al Jazeera from Al Jazeera (494 words)
2026-05-12 17:38:41,374 - INFO - [Al Jazeera] Article: https://www.aljazeera.com/news/2026/5/12/pentagon-gives-new-29bn-iran-war-price-tag-downplays-munitions-concerns?traffic_source=rss
2026-05-12 17:38:41,374 - INFO - [Al Jazeera] Attempt 1/2: Trying with 'requests_browser' strategy...
2026-05-12 17:38:41,439 - INFO - [Al Jazeera] Success with 'requests_browser'. Found content (599 words).
2026-05-12 17:38:56,932 - INFO - >>> SUCCESSFULLY SAVED [ID: 58603] - Lorna Hajdini looks very attractive: Megyn Kelly says she believes Chirayu Rana made up the whole sexual assault lawsuit - The Times of India from Times of India (303 words)
2026-05-12 17:38:57,548 - INFO - [Times of India] Article: https://timesofindia.indiatimes.com/world/rest-of-world/not-teeth-but-nests-discovery-in-caribbean-rodent-fossils-surprises-archaeologists/articleshow/131041668.cms
2026-05-12 17:38:57,548 - INFO - [Times of India] Attempt 1/1: Trying with 'selenium_browser' strategy...
2026-05-12 17:38:59,015 - INFO - [Times of India] Page content loaded.
2026-05-12 17:38:59,226 - INFO - [Times of India] Success with 'selenium_browser'. Found content (516 words).
2026-05-12 17:39:14,315 - INFO - >>> SUCCESSFULLY SAVED [ID: 58604] - Four cheetah cubs die at Kuno in suspected leopard attack - The Hindu from The Hindu (603 words)
2026-05-12 17:39:15,403 - INFO - [The Hindu] Article: https://www.thehindu.com/news/national/karnataka/lpg-price-surge-pushes-auto-taxi-operators-to-seek-subsidy-for-shift-to-cng-ev/article70971124.ece
2026-05-12 17:39:15,403 - INFO - [The Hindu] Attempt 1/1: Trying with 'selenium_browser' strategy...
2026-05-12 17:39:16,571 - INFO - [The Hindu] Page content loaded.
2026-05-12 17:39:16,728 - INFO - [The Hindu] Success with 'selenium_browser'. Found content (371 words).
2026-05-12 17:39:32,033 - INFO - >>> SUCCESSFULLY SAVED [ID: 58605] - Tata Power Q4 Results: Profit slips 4% YoY to Rs 996 cr, revenue falls 13% - The Economic Times from Economic Times (411 words)
2026-05-12 17:39:32,938 - INFO - [Economic Times] Article: https://economictimes.indiatimes.com/markets/stocks/news/gold-housing-plays-take-a-hit-as-modis-austerity-pitch-rattles-consumer-facing-stocks/articleshow/131036677.cms
2026-05-12 17:39:32,938 - INFO - [Economic Times] Attempt 1/2: Trying with 'requests_browser' strategy...
2026-05-12 17:39:33,241 - ERROR - parsed tree length: 1, wrong data type or not valid HTML
2026-05-12 17:39:33,241 - ERROR - empty HTML tree: None
2026-05-12 17:39:33,241 - WARNING - discarding data: None
2026-05-12 17:39:33,241 - WARNING - [Economic Times] FAILED with 'requests_browser' (content was too short: 0 words).
2026-05-12 17:39:34,118 - INFO - [Economic Times] Article: https://economictimes.indiatimes.com/markets/stocks/news/gold-housing-plays-take-a-hit-as-modis-austerity-pitch-rattles-consumer-facing-stocks/articleshow/131036677.cms
2026-05-12 17:39:34,118 - INFO - [Economic Times] Attempt 2/2: Trying with 'selenium_browser' strategy...
2026-05-12 17:39:36,579 - INFO - [Economic Times] Page content loaded.
2026-05-12 17:39:36,793 - INFO - [Economic Times] Success with 'selenium_browser'. Found content (416 words).
2026-05-12 17:39:50,569 - INFO - >>> SUCCESSFULLY SAVED [ID: 58606] - Hamas 'weaponised' sexual violence in 7 October attacks, Israeli investigation says from BBC (606 words)
2026-05-12 17:39:51,711 - INFO - [BBC] Article: https://www.bbc.com/news/articles/cnvpm67ner6o?at_medium=RSS&at_campaign=rss
2026-05-12 17:39:51,711 - INFO - [BBC] Attempt 1/1: Trying with 'requests_browser' strategy...
2026-05-12 17:39:51,747 - INFO - [BBC] Success with 'requests_browser'. Found content (541 words).
2026-05-12 17:40:06,703 - INFO - >>> SUCCESSFULLY SAVED [ID: 58607] - Irish TV to air Father Ted instead of Eurovision final in protest against Israel’s inclusion | Eurovision | The Guardian from The Guardian (424 words)
2026-05-12 17:40:07,244 - INFO - [The Guardian] Article: https://www.theguardian.com/law/2026/may/12/european-ministers-moldova-asylum-seekers-third-country-hubs
2026-05-12 17:40:07,244 - INFO - [The Guardian] Attempt 1/1: Trying with 'requests_browser' strategy...
2026-05-12 17:40:07,309 - INFO - [The Guardian] Success with 'requests_browser'. Found content (882 words).
2026-05-12 17:40:22,888 - INFO - >>> SUCCESSFULLY SAVED [ID: 58608] - PMDC says medical students must qualify for MDCAT, obtain registration before going abroad - Pakistan - DAWN.COM from The Dawn (571 words)
2026-05-12 17:40:23,737 - INFO - [The Dawn] Article: https://www.dawn.com/news/1999716/french-minister-says-uncertain-if-hantavirus-strain-from-cruise-ship-has-mutated
2026-05-12 17:40:23,738 - INFO - [The Dawn] Attempt 1/2: Trying with 'requests_browser' strategy...
2026-05-12 17:40:23,786 - INFO - [The Dawn] Success with 'requests_browser'. Found content (367 words).
2026-05-12 17:40:39,274 - INFO - >>> SUCCESSFULLY SAVED [ID: 58609] - Pentagon gives new $29bn Iran war price tag, downplays munitions concerns | US-Israel war on Iran News | Al Jazeera from Al Jazeera (599 words)
2026-05-12 17:40:40,406 - INFO - [Al Jazeera] Article: https://www.aljazeera.com/news/2026/5/12/israel-kills-injures-average-of-4-children-daily-amid-lebanon-ceasefire?traffic_source=rss
2026-05-12 17:40:40,406 - INFO - [Al Jazeera] Attempt 1/2: Trying with 'requests_browser' strategy...
2026-05-12 17:40:40,464 - INFO - [Al Jazeera] Success with 'requests_browser'. Found content (478 words).
2026-05-12 17:40:55,709 - INFO - >>> SUCCESSFULLY SAVED [ID: 58610] - Not teeth, but nests: Discovery in Caribbean rodent fossils surprises archaeologists | World News - The Times of India from Times of India (516 words)
2026-05-12 17:40:56,864 - INFO - [Times of India] Article: https://timesofindia.indiatimes.com/world/uk/from-election-drubbing-to-minister-resignations-why-keir-starmer-is-in-trouble-all-faqs-answered/articleshow/131043567.cms
2026-05-12 17:40:56,864 - INFO - [Times of India] Attempt 1/1: Trying with 'selenium_browser' strategy...
2026-05-12 17:40:57,963 - INFO - [Times of India] Page content loaded.
2026-05-12 17:40:58,129 - INFO - [Times of India] Success with 'selenium_browser'. Found content (1014 words).
2026-05-12 17:41:13,680 - INFO - >>> SUCCESSFULLY SAVED [ID: 58611] - LPG price surge pushes auto, taxi operators to seek subsidy for shift to CNG, EV - The Hindu from The Hindu (371 words)
2026-05-12 17:41:14,699 - INFO - [The Hindu] Article: https://www.thehindu.com/news/national/all-india-strike-by-mgnrega-workers-on-may-15/article70970126.ece
2026-05-12 17:41:14,699 - INFO - [The Hindu] Attempt 1/1: Trying with 'selenium_browser' strategy...
2026-05-12 17:41:16,182 - INFO - [The Hindu] Page content loaded.
2026-05-12 17:41:21,664 - INFO - [The Hindu] Success with 'selenium_browser'. Found content (197 words).
2026-05-12 17:41:32,649 - INFO - >>> SUCCESSFULLY SAVED [ID: 58612] - Gold, housing plays take a hit as PM Modi's austerity pitch rattles consumer-facing stocks - The Economic Times from Economic Times (416 words)
2026-05-12 17:41:34,025 - INFO - [Economic Times] Early skip: URL https://economictimes.indiatimes.com/markets/ipos/fpos/skechers-retailer-gaurik-fashions-files-draft-papers-for-ipo-with-sebi/articleshow/131031837.cms already exists.
2026-05-12 17:41:34,027 - INFO - [Economic Times] Early skip: URL https://economictimes.indiatimes.com/news/economy/policy/rbi-draft-for-upper-layer-non-banks-affects-cics-disproportionately-raises-compliances-costs/articleshow/130394099.cms already exists.
2026-05-12 17:41:34,028 - INFO - [Economic Times] Early skip: URL https://economictimes.indiatimes.com/news/economy/foreign-trade/exporters-seek-removal-of-cap-on-interest-subvention/articleshow/130341339.cms already exists.
2026-05-12 17:41:34,029 - INFO - [Economic Times] Early skip: URL https://economictimes.indiatimes.com/news/economy/indicators/macro-buffers-to-help-india-tide-over-gulf-crisis-world-bank/articleshow/130152815.cms already exists.
2026-05-12 17:41:34,030 - INFO - [Economic Times] Early skip: URL https://economictimes.indiatimes.com/news/economy/policy/rbi-holds-repo-rate-flags-supply-chain-risks-to-inflation-growth/articleshow/130123373.cms already exists.
2026-05-12 17:41:34,032 - INFO - [Economic Times] Early skip: URL https://economictimes.indiatimes.com/news/economy/policy/rbi-may-keep-rates-unchanged-focus-on-rupee-stability-and-bond-yields/articleshow/130045979.cms already exists.
2026-05-12 17:41:34,033 - INFO - [Economic Times] Early skip: URL https://economictimes.indiatimes.com/news/economy/foreign-trade/japan-to-create-special-cell-to-push-fdi-into-india/articleshow/129933023.cms already exists.
2026-05-12 17:41:34,035 - INFO - [Economic Times] Early skip: URL https://economictimes.indiatimes.com/tech/technology/apple-faces-indian-engineers-bias-lawsuit/articleshow/81694292.cms already exists.
2026-05-12 17:41:34,036 - INFO - [Economic Times] Early skip: URL https://economictimes.indiatimes.com/news/defence/despite-transatlantic-love-fest-eu-charts-third-way-in-ties-with-us-and-china/articleshow/81467467.cms already exists.
2026-05-12 17:41:34,037 - INFO - [Economic Times] Early skip: URL https://economictimes.indiatimes.com/tech/tech-bytes/twitters-india-policy-head-to-step-down-will-transition-in-march/articleshow/80732868.cms already exists.
2026-05-12 17:41:34,038 - INFO - [Economic Times] Early skip: URL https://economictimes.indiatimes.com/tech/tech-and-gadgets/govt-may-keep-rs-7500-cr-outlay-for-it-hardware-manufacturing-under-pli-scheme/articleshow/80333429.cms already exists.
2026-05-12 17:41:34,039 - INFO - [Economic Times] Early skip: URL https://economictimes.indiatimes.com/tech/technology/indian-dating-apps-services-see-surge-of-paying-users-in-small-cities/articleshow/80063342.cms already exists.
2026-05-12 17:41:34,041 - INFO - [Economic Times] Early skip: URL https://economictimes.indiatimes.com/tech/technology/time-for-govt-cos-to-adopt-ai-deloitte-india/articleshow/79981215.cms already exists.
2026-05-12 17:41:34,042 - INFO - [Economic Times] Early skip: URL https://economictimes.indiatimes.com/news/international/world-news/chinas-marriages-drop-to-decade-low-deepening-demographic-concerns/articleshow/131010156.cms already exists.
2026-05-12 17:41:34,043 - INFO - [Economic Times] Early skip: URL https://economictimes.indiatimes.com/news/international/world-news/us-iran-no-closer-to-ending-war-as-qatari-tanker-sails-toward-strait-of-hormuz/articleshow/130998526.cms already exists.
2026-05-12 17:41:34,044 - INFO - [Economic Times] Early skip: URL https://economictimes.indiatimes.com/news/international/global-trends/u-s-employers-added-a-surprising-115000-jobs-last-month-despite-the-economic-shock-from-iran-war/articleshow/130960476.cms already exists.
2026-05-12 17:41:34,045 - INFO - [Economic Times] Early skip: URL https://economictimes.indiatimes.com/news/international/business/imf-warns-of-inevitable-ai-powered-threats-to-world/articleshow/130920591.cms already exists.
2026-05-12 17:41:34,047 - INFO - [Economic Times] Early skip: URL https://economictimes.indiatimes.com/news/international/business/diageo-springs-a-surprise-sales-climb-on-africa-latin-america/articleshow/130866925.cms already exists.
2026-05-12 17:41:34,049 - INFO - [Economic Times] Early skip: URL https://economictimes.indiatimes.com/news/international/world-news/hezbollah-pays-steep-price-in-battle-to-reverse-its-fortunes/articleshow/130731149.cms already exists.
2026-05-12 17:41:34,050 - INFO - [Economic Times] Early skip: URL https://economictimes.indiatimes.com/news/elections/assembly-elections/assam/done-deal-cm-himanta-biswa-sarma-on-nda-seat-sharing-for-assam-polls/articleshow/128678098.cms already exists.
2026-05-12 17:41:34,051 - INFO - [Economic Times] Early skip: URL https://economictimes.indiatimes.com/news/elections/assembly-elections/bihar/rare-intensive-revision-in-bihar-four-months-before-polls/articleshow/122167501.cms already exists.
2026-05-12 17:41:34,052 - INFO - [Economic Times] Early skip: URL https://economictimes.indiatimes.com/news/elections/assembly-elections/delhi/bjp-accuses-kejriwal-of-sending-voters-hoax-calls-to-mislead/articleshow/117579007.cms already exists.
2026-05-12 17:41:34,054 - INFO - [Economic Times] Early skip: URL https://economictimes.indiatimes.com/news/elections/lok-sabha/india/lok-sabha-election-2024-maharashtra-get-interesting-after-splits-in-shiv-sena-ncp/articleshow/108559788.cms already exists.
2026-05-12 17:41:34,055 - INFO - [Economic Times] Early skip: URL https://economictimes.indiatimes.com/news/elections/lok-sabha/india/modi-charisma-key-factor-in-bjps-bid-to-retain-all-26-seats-in-gujarat/articleshow/108550858.cms already exists.
2026-05-12 17:41:34,056 - INFO - [Economic Times] Early skip: URL https://economictimes.indiatimes.com/news/elections/lok-sabha/india/implementation-of-guarantees-decline-of-brs-favour-congress-in-telangana-bjp-aiming-for-better-show/articleshow/108548569.cms already exists.
2026-05-12 17:41:34,057 - INFO - [Economic Times] Early skip: URL https://economictimes.indiatimes.com/traders-bet-on-calendar-spread-as-nifty-moves-in-a-tight-range/articleshow/6302358.cms already exists.
2026-05-12 17:41:34,058 - INFO - [Economic Times] Early skip: URL https://economictimes.indiatimes.com/nifty-may-find-support-at-5300-level/articleshow/6296017.cms already exists.
2026-05-12 17:41:34,059 - INFO - [Economic Times] Early skip: URL https://economictimes.indiatimes.com/seven-out-of-top-10-asian-small-cap-funds-are-indian/articleshow/6295976.cms already exists.
2026-05-12 17:41:34,061 - INFO - [Economic Times] Early skip: URL https://economictimes.indiatimes.com/inflation-reflects-growth-dynamics-in-india-christopher-wood/articleshow/6274053.cms already exists.
2026-05-12 17:41:34,062 - INFO - [Economic Times] Early skip: URL https://economictimes.indiatimes.com/market-may-trade-in-a-range-but-fiis-seen-sold-on-india/articleshow/6277705.cms already exists.
2026-05-12 17:41:34,063 - INFO - [Economic Times] Early skip: URL https://economictimes.indiatimes.com/dont-bank-only-on-price-to-earning-ratio/articleshow/6278228.cms already exists.
2026-05-12 17:41:34,066 - INFO - [Economic Times] Early skip: URL https://economictimes.indiatimes.com/markets/stocks/recos/prabhudas-lilladher-has-a-reduce-rating-on-infosys/articleshow/3798718.cms already exists.
2026-05-12 17:41:34,068 - INFO - [Economic Times] Early skip: URL https://economictimes.indiatimes.com/markets/stocks/recos/fin-crisis-too-late-and-too-little-done-in-us/articleshow/3794549.cms already exists.
2026-05-12 17:41:34,069 - INFO - [Economic Times] Early skip: URL https://economictimes.indiatimes.com/markets/forex/weak-rupee-takes-its-toll-on-cos-with-huge-foreign-debt/articleshow/3546158.cms already exists.
2026-05-12 17:41:34,070 - INFO - [Economic Times] Early skip: URL https://economictimes.indiatimes.com/markets/stocks/recos/wait-for-more-signals-before-turning-positive/articleshow/3292640.cms already exists.
2026-05-12 17:41:34,071 - INFO - [Economic Times] Early skip: URL https://economictimes.indiatimes.com/news/company/corporate-trends/six-indian-cos-among-businessweeks-top-100-infotech-firms/articleshow/3189334.cms already exists.
2026-05-12 17:41:34,073 - INFO - [Economic Times] Early skip: URL https://economictimes.indiatimes.com/news/company/corporate-trends/indian-firms-slip-in-global-ranking-four-move-out-of-top-500/articleshow/3177077.cms already exists.
2026-05-12 17:41:34,074 - INFO - [Economic Times] Early skip: URL https://economictimes.indiatimes.com/markets/stocks/news/big-daddy-laps-up-cipla-after-q1-nos-beat-forecast/articleshow/6308646.cms already exists.
2026-05-12 17:41:34,075 - INFO - [Economic Times] Early skip: URL https://economictimes.indiatimes.com/markets/stocks/news/old-fox-has-dream-run-on-dalal-street/articleshow/6308631.cms already exists.
2026-05-12 17:41:34,076 - INFO - [Economic Times] Early skip: URL https://economictimes.indiatimes.com/markets/stocks/news/cairn-india-hits-record-high-on-bse-amid-stake-sale-talks/articleshow/6306679.cms already exists.
2026-05-12 17:41:34,077 - INFO - [Economic Times] Early skip: URL https://economictimes.indiatimes.com/markets/stocks/news/vedanta-plunges-5-59-per-cent-on-lse-amid-talks-to-buy-cairn-stake/articleshow/6306526.cms already exists.
2026-05-12 17:41:34,079 - INFO - [Economic Times] Early skip: URL https://economictimes.indiatimes.com/markets/stocks/news/sbi-shares-on-gaining-spree-hit-record-high/articleshow/6306241.cms already exists.
2026-05-12 17:41:34,080 - INFO - [Economic Times] Early skip: URL https://economictimes.indiatimes.com/fm-must-rethink/articleshow/5645094.cms already exists.
2026-05-12 17:41:34,082 - INFO - [Economic Times] Early skip: URL https://economictimes.indiatimes.com/amalgamate-banks/articleshow/5645086.cms already exists.
2026-05-12 17:41:34,083 - INFO - [Economic Times] Early skip: URL https://economictimes.indiatimes.com/managing-data/articleshow/5117958.cms already exists.
2026-05-12 17:41:34,084 - INFO - [Economic Times] Early skip: URL https://economictimes.indiatimes.com/right-technology/articleshow/5117957.cms already exists.
2026-05-12 17:41:34,085 - INFO - [Economic Times] Early skip: URL https://economictimes.indiatimes.com/et-search/articleshow/21646857.cms already exists.
2026-05-12 17:41:34,087 - INFO - [Economic Times] Early skip: URL https://economictimes.indiatimes.com/after-the-oscars-whats-next-for-silent-stars-of-the-artist/articleshow/12075465.cms already exists.
2026-05-12 17:41:34,088 - INFO - [Economic Times] Early skip: URL https://economictimes.indiatimes.com/delhi-world-book-fair-a-fair-like-no-other/articleshow/12028630.cms already exists.
2026-05-12 17:41:34,089 - INFO - [Economic Times] Early skip: URL https://economictimes.indiatimes.com/lk-advanis-gift-makes-its-way-to-state-department-exhibition-hall/articleshow/12017534.cms already exists.
2026-05-12 17:41:34,090 - INFO - [Economic Times] Early skip: URL https://economictimes.indiatimes.com/india-meteorological-department-to-use-dynamic-models-for-forecasts/articleshow/11983844.cms already exists.
2026-05-12 17:41:34,091 - INFO - [Economic Times] Early skip: URL https://economictimes.indiatimes.com/documents-reveal-contents-of-the-first-telegraph-message-between-india-england/articleshow/11976488.cms already exists.
2026-05-12 17:41:34,093 - INFO - [Economic Times] Early skip: URL https://economictimes.indiatimes.com/worried-amitabh-bachchan-fans-pray-to-lord-shiva-for-his-recovery/articleshow/11963187.cms already exists.
2026-05-12 17:41:34,094 - INFO - [Economic Times] Early skip: URL https://economictimes.indiatimes.com/opinion/interviews/every-decision-of-government-neednt-be-a-big-reform-anand-mahindra/articleshow/35919571.cms already exists.
2026-05-12 17:41:34,095 - INFO - [Economic Times] Early skip: URL https://economictimes.indiatimes.com/opinion/interviews/narendra-modi-has-his-eyes-set-on-boosting-business-joao-cravinho-eu-ambassador/articleshow/35973824.cms already exists.
2026-05-12 17:41:34,097 - INFO - [Economic Times] Early skip: URL https://economictimes.indiatimes.com/opinion/interviews/confidence-level-of-industry-improving-kv-kamath-icici-bank/articleshow/35945669.cms already exists.
2026-05-12 17:41:34,101 - INFO - [Economic Times] Early skip: URL https://economictimes.indiatimes.com/opinion/interviews/we-may-see-rapid-growth-over-the-next-few-years-raamdeo-agrawal/articleshow/35831378.cms already exists.
2026-05-12 17:41:34,102 - INFO - [Economic Times] Early skip: URL https://economictimes.indiatimes.com/opinion/interviews/our-commitment-for-press-freedom-and-autonomy-of-public-broadcast-is-absolute-prakash-javadekar/articleshow/35803396.cms already exists.
2026-05-12 17:41:34,103 - INFO - [Economic Times] Early skip: URL https://economictimes.indiatimes.com/opinion/interviews/there-is-a-leadership-vacuum-in-infosys-time-to-get-nandan-nilekani-back-mohandas-pai/articleshow/35716682.cms already exists.
2026-05-12 17:41:34,105 - INFO - [Economic Times] Early skip: URL https://economictimes.indiatimes.com/markets/stocks/news/oil-prices-to-hit-150-how-indian-stock-markets-may-react-as-iran-war-rages-on/articleshow/129587020.cms already exists.
2026-05-12 17:41:34,106 - INFO - [Economic Times] Early skip: URL https://economictimes.indiatimes.com/markets/us-stocks/news/why-a-7030-india-global-portfolio-makes-sense-in-a-changing-world-subho-moulik-decodes/articleshow/127604085.cms already exists.
2026-05-12 17:41:34,107 - INFO - [Economic Times] Early skip: URL https://economictimes.indiatimes.com/markets/expert-view/kaynes-shares-plunge-43-from-october-peak-is-a-tactical-rebound-on-the-cards-or-more-pain-ahead/articleshow/125815992.cms already exists.
2026-05-12 17:41:34,108 - INFO - [Economic Times] Early skip: URL https://economictimes.indiatimes.com/markets/stocks/news/warren-buffett-is-buying-michael-burry-is-shorting-the-ai-trade-splitting-wall-street/articleshow/125815521.cms already exists.
2026-05-12 17:41:34,110 - INFO - [Economic Times] Early skip: URL https://economictimes.indiatimes.com/markets/ipos/fpos/softbank-backed-acevector-files-updated-ipo-papers-targets-to-raise-rs-300-cr-via-fresh-issue/articleshow/125813493.cms already exists.
2026-05-12 17:41:34,111 - INFO - [Economic Times] Early skip: URL https://economictimes.indiatimes.com/markets/stocks/news/mcap-of-five-of-top-10-most-valued-firms-surges-rs-72285-cr-tcs-infosys-biggest-winners/articleshow/125813435.cms already exists.
2026-05-12 17:41:34,112 - INFO - [Economic Times] Early skip: URL https://economictimes.indiatimes.com/markets/stocks/news/alfa-laval-raises-delisting-price-to-rs-2850-a-share/articleshow/11437373.cms already exists.
2026-05-12 17:41:34,113 - INFO - [Economic Times] Early skip: URL https://economictimes.indiatimes.com/markets/stocks/news/db-realty-unitech-stocks-rose-after-top-executives-granted-bail-in-2g-scam/articleshow/10925114.cms already exists.
2026-05-12 17:41:34,115 - INFO - [Economic Times] Early skip: URL https://economictimes.indiatimes.com/markets/stocks/news/fitch-withdraws-reliance-capital-ratings/articleshow/10430814.cms already exists.
2026-05-12 17:41:34,117 - INFO - [Economic Times] Early skip: URL https://economictimes.indiatimes.com/markets/stocks/news/discoms-poor-financial-health-poses-risks-for-power-traders-fitch/articleshow/10430186.cms already exists.
2026-05-12 17:41:34,118 - INFO - [Economic Times] Early skip: URL https://economictimes.indiatimes.com/markets/stocks/news/cigarette-companies-price-hikes-with-higher-volumes-hold-promise/articleshow/9277179.cms already exists.
2026-05-12 17:41:34,119 - INFO - [Economic Times] Early skip: URL https://economictimes.indiatimes.com/markets/stocks/news/lovable-lingeries-dream-run-on-as-traders-lap-it-up/articleshow/8894615.cms already exists.
2026-05-12 17:41:34,120 - INFO - [Economic Times] (Thread) Finished. Attempting to shut down its Selenium driver.
2026-05-12 17:41:34,343 - INFO - [Economic Times] (Thread) driver.quit() successful.
2026-05-12 17:41:39,250 - CRITICAL - --- TIMEOUT: 6 scrape jobs did not complete in 300s. ---
2026-05-12 17:41:39,250 - ERROR - A thread has timed out and will be abandoned.
2026-05-12 17:41:39,250 - ERROR - A thread has timed out and will be abandoned.
2026-05-12 17:41:39,250 - ERROR - A thread has timed out and will be abandoned.
2026-05-12 17:41:39,250 - ERROR - A thread has timed out and will be abandoned.
2026-05-12 17:41:39,250 - ERROR - A thread has timed out and will be abandoned.
2026-05-12 17:41:39,250 - ERROR - A thread has timed out and will be abandoned.
2026-05-12 17:41:39,250 - INFO - Shutting down thread pool (wait=False)...
2026-05-12 17:41:39,251 - INFO - Scraped: 0 TechCrunch, 3 Economic Times, 6 Timed_Out_Jobs articles. (Total saved: 3)
2026-05-12 17:41:39,251 - INFO - --- Scraping job finished ---
2026-05-12 17:41:39,251 - INFO - --- Scraper service stopped. ---
2026-05-12 17:41:39,251 - INFO - --- Main thread finished. Forcing process exit to kill zombie threads. ---
