2025-12-17 09:30:08,830 - INFO - Loading AI Semantic Model (all-MiniLM-L6-v2)...
2025-12-17 09:30:08,831 - INFO - Use pytorch device_name: cpu
2025-12-17 09:30:08,831 - INFO - Load pretrained SentenceTransformer: all-MiniLM-L6-v2
2025-12-17 09:30:09,475 - INFO - AI Model loaded successfully.
2025-12-17 09:30:09,475 - INFO - --- Scraper service started (CI Mode: Run Once) ---
2025-12-17 09:30:09,475 - INFO - --- Starting new scraping job (Parallel Mode) ---
2025-12-17 09:30:09,476 - INFO - Creating new robust session with 3 retries on 5xx/connection/read errors.
2025-12-17 09:30:09,476 - INFO - Proxy is DISABLED.
2025-12-17 09:30:09,476 - INFO - Starting scrape for BBC RSS feed: http://feeds.bbci.co.uk/news/world/rss.xml
2025-12-17 09:30:09,477 - INFO - [Times of India] (Thread) requires Selenium. Initializing driver...
2025-12-17 09:30:09,477 - INFO - Starting scrape for The Guardian RSS feed: https://www.theguardian.com/world/rss
2025-12-17 09:30:09,478 - INFO - [The Hindu] (Thread) requires Selenium. Initializing driver...
2025-12-17 09:30:09,479 - INFO - Submitted 4 jobs to thread pool. Waiting up to 300s for completion...
2025-12-17 09:30:09,597 - INFO - Found 45 articles in The Guardian RSS feed. Processing up to 30.
2025-12-17 09:30:09,598 - INFO - [The Guardian] Early skip: URL https://www.theguardian.com/world/2025/dec/16/five-key-moments-in-the-assault-on-the-rights-of-women-and-girls-in-2025 already exists.
2025-12-17 09:30:09,780 - INFO - Found 40 articles in BBC RSS feed. Processing up to 30.
2025-12-17 09:30:09,832 - INFO - [BBC] Early skip: URL https://www.bbc.com/news/articles/c98nm1ry38jo?at_medium=RSS&at_campaign=rss already exists.
2025-12-17 09:30:10,076 - INFO - [The Guardian] Early skip: URL https://www.theguardian.com/world/2025/dec/16/south-africa-russia-men-tricked-fighting-ukraine already exists.
2025-12-17 09:30:10,225 - INFO - [BBC] Early skip: URL https://www.bbc.com/news/articles/cx2341yx719o?at_medium=RSS&at_campaign=rss already exists.
2025-12-17 09:30:10,345 - INFO - [The Guardian] Early skip: URL https://www.theguardian.com/world/2025/dec/16/libya-national-museum-reopens already exists.
2025-12-17 09:30:10,556 - INFO - [BBC] Early skip: URL https://www.bbc.com/news/articles/c4gej5ezyypo?at_medium=RSS&at_campaign=rss already exists.
2025-12-17 09:30:10,774 - INFO - [The Guardian] Early skip: URL https://www.theguardian.com/education/2025/dec/14/ghana-students-uk-universities-face-deportion-funding-crisis already exists.
2025-12-17 09:30:10,934 - INFO - Selenium driver initialized successfully.
2025-12-17 09:30:10,934 - INFO - Starting scrape for Times of India RSS feed: https://timesofindia.indiatimes.com/rssfeeds/296589292.cms
2025-12-17 09:30:10,937 - INFO - Selenium driver initialized successfully.
2025-12-17 09:30:10,937 - INFO - Starting scrape for The Hindu RSS feed: https://www.thehindu.com/news/national/feeder/default.rss
2025-12-17 09:30:11,041 - INFO - [BBC] Early skip: URL https://www.bbc.com/news/articles/c5yjv5md3jzo?at_medium=RSS&at_campaign=rss already exists.
2025-12-17 09:30:11,051 - INFO - Found 20 articles in Times of India RSS feed. Processing up to 30.
2025-12-17 09:30:11,119 - INFO - Found 100 articles in The Hindu RSS feed. Processing up to 30.
2025-12-17 09:30:11,170 - INFO - [The Guardian] Early skip: URL https://www.theguardian.com/science/2025/dec/15/little-foot-hominin-fossil-may-be-new-species-of-human-ancestor already exists.
2025-12-17 09:30:11,324 - INFO - [Times of India] Article: https://timesofindia.indiatimes.com/world/middle-east/uae-weather-update-rain-and-gusty-winds-expected-today/articleshow/126033670.cms
2025-12-17 09:30:11,324 - INFO - [Times of India] Attempt 1/1: Trying with 'selenium_browser' strategy...
2025-12-17 09:30:11,325 - INFO - [The Hindu] Article: https://www.thehindu.com/news/national/gujarat/ahmedabad-schools-bomb-threat-hoax-police-email-probe/article70406730.ece
2025-12-17 09:30:11,325 - INFO - [The Hindu] Attempt 1/1: Trying with 'selenium_browser' strategy...
2025-12-17 09:30:11,325 - INFO - [BBC] Early skip: URL https://www.bbc.com/news/articles/c4gkvxlpn55o?at_medium=RSS&at_campaign=rss already exists.
2025-12-17 09:30:11,601 - INFO - [The Guardian] Early skip: URL https://www.theguardian.com/us-news/2025/dec/16/trump-orders-blockade-oil-tankers-venezuela already exists.
2025-12-17 09:30:11,832 - INFO - [BBC] Early skip: URL https://www.bbc.com/news/articles/cde657xj3pxo?at_medium=RSS&at_campaign=rss already exists.
2025-12-17 09:30:12,046 - INFO - [BBC] Early skip: URL https://www.bbc.com/news/articles/c75vkw4veq1o?at_medium=RSS&at_campaign=rss already exists.
2025-12-17 09:30:12,249 - INFO - [The Guardian] Early skip: URL https://www.theguardian.com/world/2025/dec/16/pentagon-wont-release-full-video-caribbean-attack already exists.
2025-12-17 09:30:12,500 - INFO - [BBC] Early skip: URL https://www.bbc.com/news/articles/c8dy532193do?at_medium=RSS&at_campaign=rss already exists.
2025-12-17 09:30:12,797 - INFO - [BBC] Early skip: URL https://www.bbc.com/news/articles/crk78y7k8ezo?at_medium=RSS&at_campaign=rss already exists.
2025-12-17 09:30:13,008 - INFO - [BBC] Early skip: URL https://www.bbc.com/news/articles/c75veyzz2g2o?at_medium=RSS&at_campaign=rss already exists.
2025-12-17 09:30:13,122 - INFO - [BBC] Early skip: URL https://www.bbc.com/news/articles/cj691n02g8ko?at_medium=RSS&at_campaign=rss already exists.
2025-12-17 09:30:13,383 - INFO - [BBC] Early skip: URL https://www.bbc.com/news/articles/c30j94p56d6o?at_medium=RSS&at_campaign=rss already exists.
2025-12-17 09:30:13,652 - INFO - [BBC] Early skip: URL https://www.bbc.com/news/articles/c7413d9xvkeo?at_medium=RSS&at_campaign=rss already exists.
2025-12-17 09:30:13,945 - INFO - [The Guardian] Early skip: URL https://www.theguardian.com/world/2025/dec/16/gulf-clan-colombia-us-terrorist-organization already exists.
2025-12-17 09:30:14,054 - INFO - [The Guardian] Early skip: URL https://www.theguardian.com/world/2025/dec/16/hay-festival-maria-corina-machado already exists.
2025-12-17 09:30:14,325 - INFO - [BBC] Early skip: URL https://www.bbc.com/news/articles/cvg13z47vpdo?at_medium=RSS&at_campaign=rss already exists.
2025-12-17 09:30:14,602 - INFO - [The Hindu] Page content loaded.
2025-12-17 09:30:14,614 - INFO - [BBC] Early skip: URL https://www.bbc.com/news/articles/cpq4wgle4x5o?at_medium=RSS&at_campaign=rss already exists.
2025-12-17 09:30:14,741 - INFO - [The Hindu] Success with 'selenium_browser'. Found content (205 words).
2025-12-17 09:30:14,829 - INFO - [BBC] Early skip: URL https://www.bbc.com/news/articles/c3e0wd7110vo?at_medium=RSS&at_campaign=rss already exists.
2025-12-17 09:30:15,023 - INFO - [BBC] Early skip: URL https://www.bbc.com/news/articles/c5yq5802rqeo?at_medium=RSS&at_campaign=rss already exists.
2025-12-17 09:30:15,309 - INFO - [BBC] Early skip: URL https://www.bbc.com/news/articles/cde644367j0o?at_medium=RSS&at_campaign=rss already exists.
2025-12-17 09:30:15,567 - INFO - [BBC] Early skip: URL https://www.bbc.com/news/articles/c87l528ljeyo?at_medium=RSS&at_campaign=rss already exists.
2025-12-17 09:30:40,738 - INFO - Saved article: 10 Ahmedabad schools get bomb threat, turns out to be hoax after search - The Hindu from The Hindu (205 words)
2025-12-17 09:30:40,739 - INFO - [The Guardian] Early skip: URL https://www.theguardian.com/world/2025/dec/16/mark-carney-british-spellings-canada already exists.
2025-12-17 09:30:41,006 - INFO - [BBC] Early skip: URL https://www.bbc.com/news/articles/c75veyzz2g2o?at_medium=RSS&at_campaign=rss already exists.
2025-12-17 09:30:41,267 - INFO - [The Guardian] Early skip: URL https://www.theguardian.com/world/2025/dec/16/trump-urges-xi-jinping-to-free-hk-pro-democracy-media-tycoon-jimmy-lai already exists.
2025-12-17 09:30:41,524 - INFO - [BBC] Early skip: URL https://www.bbc.com/news/articles/cn41gqq8vyko?at_medium=RSS&at_campaign=rss already exists.
2025-12-17 09:30:41,731 - INFO - [The Guardian] Early skip: URL https://www.theguardian.com/business/2025/dec/15/uk-south-korea-sign-new-trade-deal-cars-food-drink-pharmaceutical-exports already exists.
2025-12-17 09:30:41,852 - INFO - [The Hindu] Article: https://www.thehindu.com/news/national/kerala/sabarimala-gold-row-sit-arrests-former-tdb-administrative-officer-s-sreekumar/article70406748.ece
2025-12-17 09:30:41,852 - INFO - [The Hindu] Attempt 1/1: Trying with 'selenium_browser' strategy...
2025-12-17 09:30:41,853 - INFO - [BBC] Early skip: URL https://www.bbc.com/news/articles/ce8qnzd680ro?at_medium=RSS&at_campaign=rss already exists.
2025-12-17 09:30:42,099 - INFO - [The Guardian] Early skip: URL https://www.theguardian.com/world/2025/dec/15/china-uyghur-human-rights-ice already exists.
2025-12-17 09:30:42,358 - INFO - [BBC] Early skip: URL https://www.bbc.com/news/articles/cjrjq2v7l3po?at_medium=RSS&at_campaign=rss already exists.
2025-12-17 09:30:42,535 - INFO - [BBC] Early skip: URL https://www.bbc.com/news/articles/cp844kjj37vo?at_medium=RSS&at_campaign=rss already exists.
2025-12-17 09:30:42,835 - INFO - [The Guardian] Early skip: URL https://www.theguardian.com/world/2025/dec/15/uk-condemns-hong-kongs-politically-motivated-targeting-of-jimmy-lai-after-conviction already exists.
2025-12-17 09:30:43,125 - INFO - [BBC] Early skip: URL https://www.bbc.com/news/articles/c2dz15556l1o?at_medium=RSS&at_campaign=rss already exists.
2025-12-17 09:30:43,238 - INFO - [The Guardian] Early skip: URL https://www.theguardian.com/world/2025/dec/15/jimmy-lai-verdict-hong-kong-judges-national-security-charges already exists.
2025-12-17 09:30:43,428 - INFO - [The Hindu] Page content loaded.
2025-12-17 09:30:43,515 - INFO - [BBC] Early skip: URL https://www.bbc.com/news/articles/cjwyzlly6eno?at_medium=RSS&at_campaign=rss already exists.
2025-12-17 09:30:43,587 - INFO - [The Hindu] Success with 'selenium_browser'. Found content (201 words).
2025-12-17 09:30:43,677 - INFO - [The Guardian] Early skip: URL https://www.theguardian.com/australia-news/live/2025/dec/17/bondi-beach-shooting-live-updates-victims-terror-attack-jewish-festival-al-ahmed-sajid-naveed-akram-shooters-india-radicalisation-gun-control-ntwnfb already exists.
2025-12-17 09:30:43,815 - INFO - [BBC] Early skip: URL https://www.bbc.com/news/articles/cdxwg94v4veo?at_medium=RSS&at_campaign=rss already exists.
2025-12-17 09:30:59,597 - INFO - Saved article: Sabarimala gold row: SIT arrests former TDB administrative officer S. Sreekumar - The Hindu from The Hindu (201 words)
2025-12-17 09:30:59,597 - INFO - [The Guardian] Early skip: URL https://www.theguardian.com/australia-news/2025/dec/17/our-world-has-changed-sydney-jewish-bakery-closes-after-bondi-beach-terror-attack already exists.
2025-12-17 09:30:59,857 - INFO - [BBC] Early skip: URL https://www.bbc.com/news/articles/c80xjkm0283o?at_medium=RSS&at_campaign=rss already exists.
2025-12-17 09:31:00,154 - INFO - [The Guardian] Early skip: URL https://www.theguardian.com/australia-news/2025/dec/17/police-officer-shot-in-bondi-attack-loses-sight-in-one-eye-as-questions-persist-over-security-at-hanukah-celebration already exists.
2025-12-17 09:31:00,438 - INFO - [BBC] Early skip: URL https://www.bbc.com/news/articles/ckgz15d5718o?at_medium=RSS&at_campaign=rss already exists.
2025-12-17 09:31:00,703 - INFO - [The Guardian] Early skip: URL https://www.theguardian.com/australia-news/2025/dec/15/what-we-know-about-the-victims-of-the-bondi-beach-terror-attack already exists.
2025-12-17 09:31:00,916 - INFO - [BBC] Early skip: URL https://www.bbc.com/news/articles/crl938n0872o?at_medium=RSS&at_campaign=rss already exists.
2025-12-17 09:31:01,052 - INFO - [The Hindu] Article: https://www.thehindu.com/news/national/odisha/odisha-man-taken-hostage-in-sudan-returns-to-family/article70406561.ece
2025-12-17 09:31:01,052 - INFO - [The Hindu] Attempt 1/1: Trying with 'selenium_browser' strategy...
2025-12-17 09:31:01,053 - INFO - [The Guardian] Early skip: URL https://www.theguardian.com/australia-news/2025/dec/17/frydenberg-claims-albanese-should-accept-personal-responsibility-for-bondi-attacks-in-escalation-of-rhetoric-ntwnfb already exists.
2025-12-17 09:31:01,307 - INFO - [The Guardian] Article: https://www.theguardian.com/world/live/2025/dec/17/ukraine-russia-war-eu-european-council-frozen-assets-zelenskyy-europe-live-news
2025-12-17 09:31:01,307 - INFO - [The Guardian] Attempt 1/1: Trying with 'requests_browser' strategy...
2025-12-17 09:31:01,705 - INFO - [The Guardian] Success with 'requests_browser'. Found content (586 words).
2025-12-17 09:31:02,241 - INFO - [The Hindu] Page content loaded.
2025-12-17 09:31:02,504 - INFO - [The Hindu] Success with 'selenium_browser'. Found content (438 words).
2025-12-17 09:31:16,387 - INFO - Saved article: EU talks on using Russian assets to fund reparations loan for Ukraine enter final stages ahead of crunch meeting – Europe live | Europe | The Guardian from The Guardian (586 words)
2025-12-17 09:31:29,271 - INFO - Saved article: Odisha man taken hostage in Sudan, returns to family - The Hindu from The Hindu (438 words)
2025-12-17 09:31:29,271 - INFO - [The Guardian] Early skip: URL https://www.theguardian.com/world/2025/dec/16/serbian-president-threatens-reprisals-belgrade-trump-tower already exists.
2025-12-17 09:31:29,535 - INFO - [The Guardian] Early skip: URL https://www.theguardian.com/world/2025/dec/16/eu-to-regulate-short-term-rentals-in-plan-to-tackle-affordable-homes-shortage already exists.
2025-12-17 09:31:29,678 - INFO - [The Guardian] Early skip: URL https://www.theguardian.com/world/2025/dec/16/ukraine-russia-peace-plans-zelenskyy-berlin-talks-putin already exists.
2025-12-17 09:31:29,856 - INFO - [The Guardian] Early skip: URL https://www.theguardian.com/world/2025/dec/16/passengers-rome-museum-stations-open-metro-archeological-treasures already exists.
2025-12-17 09:31:30,149 - INFO - [The Guardian] Early skip: URL https://www.theguardian.com/world/2025/dec/16/victims-iran-crackdown-criminal-complaint-officials already exists.
2025-12-17 09:31:30,364 - INFO - [The Guardian] Early skip: URL https://www.theguardian.com/world/2025/dec/16/syria-ahmed-al-ahmed-who-disarmed-bondi-shooter-lauded-in-home-town already exists.
2025-12-17 09:31:30,568 - INFO - [The Guardian] Early skip: URL https://www.theguardian.com/world/ng-interactive/2025/dec/16/what-is-home-now-a-womans-two-year-search-for-safety-in-the-ruins-of-gaza already exists.
2025-12-17 09:31:30,729 - INFO - [The Hindu] Article: https://www.thehindu.com/news/national/maharashtra/bombay-hc-pulls-up-maharashtra-govt-over-pregnant-women-being-forced-to-undergo-unsafe-deliveries/article70406449.ece
2025-12-17 09:31:30,729 - INFO - [The Hindu] Attempt 1/1: Trying with 'selenium_browser' strategy...
2025-12-17 09:31:30,730 - INFO - [The Guardian] Early skip: URL https://www.theguardian.com/world/2025/dec/15/assad-family-live-in-russian-luxury-as-bashar-brushes-up-on-ophthalmology already exists.
2025-12-17 09:31:30,938 - INFO - [The Guardian] Early skip: URL https://www.theguardian.com/world/2025/dec/13/israel-says-its-military-killed-hamas-commander-raed-saed-in-gaza-city-strike already exists.
2025-12-17 09:31:32,154 - INFO - [The Hindu] Page content loaded.
2025-12-17 09:31:33,150 - INFO - [The Hindu] Success with 'selenium_browser'. Found content (609 words).
2025-12-17 09:31:46,105 - INFO - Saved article: Bombay HC pulls up Maharashtra Govt over pregnant women being forced to undergo unsafe deliveries - The Hindu from The Hindu (609 words)
2025-12-17 09:31:47,486 - INFO - [The Hindu] Article: https://www.thehindu.com/news/national/modi-govt-creating-monopolies-or-duopolies-reins-of-economy-must-be-given-back-to-msmes-rahul/article70406538.ece
2025-12-17 09:31:47,486 - INFO - [The Hindu] Attempt 1/1: Trying with 'selenium_browser' strategy...
2025-12-17 09:31:48,045 - INFO - [The Hindu] Page content loaded.
2025-12-17 09:31:48,091 - INFO - [The Hindu] Success with 'selenium_browser'. Found content (524 words).
2025-12-17 09:32:00,378 - INFO - Saved article: Modi Govt creating 'monopolies or duopolies'; reins of economy must be given back to MSMEs: Rahul Gandhi - The Hindu from The Hindu (524 words)
2025-12-17 09:32:01,462 - INFO - [The Hindu] Article: https://www.thehindu.com/news/national/kerala/no-pre-poll-talks-ever-held-with-pinarayi-vijayan-at-akg-centre-says-jamaat-e-islami-hind-kerala-amir/article70406624.ece
2025-12-17 09:32:01,462 - INFO - [The Hindu] Attempt 1/1: Trying with 'selenium_browser' strategy...
2025-12-17 09:32:02,163 - INFO - [The Hindu] Page content loaded.
2025-12-17 09:32:02,308 - INFO - [The Hindu] Success with 'selenium_browser'. Found content (333 words).
2025-12-17 09:32:11,426 - ERROR - [Times of India] Request failed for strategy 'selenium_browser' on URL https://timesofindia.indiatimes.com/world/middle-east/uae-weather-update-rain-and-gusty-winds-expected-today/articleshow/126033670.cms: HTTPConnectionPool(host='localhost', port=51937): Read timed out. (read timeout=120)
2025-12-17 09:32:11,426 - ERROR - [Times of India] All scrape strategies failed for https://timesofindia.indiatimes.com/world/middle-east/uae-weather-update-rain-and-gusty-winds-expected-today/articleshow/126033670.cms. Falling back to RSS description.
2025-12-17 09:32:11,426 - WARNING - SKIPPED (GLOBAL WORD LIMIT): Article 'UAE weather update: Rain and gusty winds expected today' from Times of India has only 57 words (Min: 90).
2025-12-17 09:32:15,524 - INFO - Saved article: No pre-poll talks ever held with Pinarayi Vijayan at AKG Centre, says Jamaat-e-Islami Hind Kerala Amir - The Hindu from The Hindu (333 words)
2025-12-17 09:32:15,525 - INFO - [Times of India] Early skip: URL https://timesofindia.indiatimes.com/world/middle-east/jeddah-university-2026-postgraduate-admissions-programs-fees-and-how-to-apply/articleshow/126032632.cms already exists.
2025-12-17 09:32:15,758 - INFO - [Times of India] Early skip: URL https://timesofindia.indiatimes.com/world/middle-east/uae-dubai-uses-drones-to-clean-traffic-signals-in-rta-pilot-project/articleshow/126032144.cms already exists.
2025-12-17 09:32:15,882 - INFO - [Times of India] Early skip: URL https://timesofindia.indiatimes.com/world/middle-east/saudi-arabia-hit-by-4-3-magnitude-earthquake-as-region-records-fourth-tremor-in-2025/articleshow/126031842.cms already exists.
2025-12-17 09:32:16,101 - INFO - [Times of India] Early skip: URL https://timesofindia.indiatimes.com/world/middle-east/saudi-arabia-introduces-new-hajj-transport-rules-fines-up-to-sr100000-27000/articleshow/126030961.cms already exists.
2025-12-17 09:32:16,256 - INFO - [Times of India] Early skip: URL https://timesofindia.indiatimes.com/world/us/horrific-anti-semitic-trump-condemns-sydney-bondi-beach-mass-shooting-hits-out-at-radical-islamic-terrorism/articleshow/126030959.cms already exists.
2025-12-17 09:32:16,480 - INFO - [The Hindu] Article: https://www.thehindu.com/news/national/tamil-nadu/robust-fiscal-management-visionary-leadership-drive-tns-economic-growth-thangam-thennarasu/article70406555.ece
2025-12-17 09:32:16,480 - INFO - [The Hindu] Attempt 1/1: Trying with 'selenium_browser' strategy...
2025-12-17 09:32:16,481 - INFO - [Times of India] Early skip: URL https://timesofindia.indiatimes.com/world/us-streamers/asmongold-blasts-twitch-over-gambling-ads-calling-out-streamers-for-what-he-sees-as-hypocrisy/articleshow/126028442.cms already exists.
2025-12-17 09:32:16,736 - INFO - [Times of India] Early skip: URL https://timesofindia.indiatimes.com/world/us-streamers/some-hate-cant-be-negotiated-why-candace-owens-meeting-with-erika-kirk-signals-a-strategic-pause-not-peace/articleshow/126028373.cms already exists.
2025-12-17 09:32:17,030 - INFO - [Times of India] Early skip: URL https://timesofindia.indiatimes.com/world/us-streamers/candace-owens-vs-erika-kirk-net-worth-in-2025-podcast-income-tpusa-ceo-earnings-and-charlie-kirk-controversy/articleshow/126028222.cms already exists.
2025-12-17 09:32:17,329 - INFO - [Times of India] Early skip: URL https://timesofindia.indiatimes.com/world/us-streamers/megyn-kelly-reveals-how-she-quietly-brought-erika-kirk-and-candace-owens-together-for-a-private-meeting/articleshow/126024721.cms already exists.
2025-12-17 09:32:17,478 - INFO - [Times of India] Early skip: URL https://timesofindia.indiatimes.com/world/us-streamers/john-crist-reveals-public-drama-hides-private-friendships-between-candace-owens-tucker-carlson-and-tpusa/articleshow/126023126.cms already exists.
2025-12-17 09:32:17,590 - INFO - [Times of India] Early skip: URL https://timesofindia.indiatimes.com/world/us-streamers/what-is-a-ball-n-gun-gamer-the-black-hokage-breaks-it-down/articleshow/126022878.cms already exists.
2025-12-17 09:32:17,726 - INFO - [The Hindu] Page content loaded.
2025-12-17 09:32:17,749 - INFO - [Times of India] Early skip: URL https://timesofindia.indiatimes.com/etimes/trending/albert-einsteins-brain-was-stolen-by-a-doctor-and-carried-around-for-40-years/articleshow/126019247.cms already exists.
2025-12-17 09:32:17,848 - INFO - [The Hindu] Success with 'selenium_browser'. Found content (334 words).
2025-12-17 09:32:17,878 - INFO - [Times of India] Early skip: URL https://timesofindia.indiatimes.com/world/us/women-drugged-and-raped-by-colorado-cardiologist-on-dates-sue-tinder-and-hinge-for-accommodating-rapists/articleshow/126021772.cms already exists.
2025-12-17 09:32:18,161 - INFO - [Times of India] Early skip: URL https://timesofindia.indiatimes.com/world/us/trump-extends-travel-ban-to-over-30-countries-includes-palestine-syria-zimbabwe-full-list/articleshow/126022096.cms already exists.
2025-12-17 09:32:18,366 - INFO - [Times of India] Early skip: URL https://timesofindia.indiatimes.com/world/us/ilhan-omar-lying-ice-says-zero-record-of-her-son-being-pulled-over-we-dont-judge-by-color/articleshow/126021171.cms already exists.
2025-12-17 09:32:32,220 - INFO - DEDUPLICATION: Found match (Score: 0.72). Linking to Cluster ID: ff090cdd-d05f-44c7-9015-2714f1971737
2025-12-17 09:32:32,222 - INFO - Saved article: Robust fiscal management, visionary leadership drive T.N.’s economic growth: Thangam Thennarasu - The Hindu from The Hindu (334 words)
2025-12-17 09:32:32,222 - INFO - [Times of India] Early skip: URL https://timesofindia.indiatimes.com/world/us-streamers/kai-cenat-gets-real-about-mental-health-struggles-in-emotional-birthday-message/articleshow/126021101.cms already exists.
2025-12-17 09:32:32,424 - INFO - [Times of India] Early skip: URL https://timesofindia.indiatimes.com/world/us-streamers/caleb-hammer-invites-frogan-on-financial-audit-amid-asmongold-backlash/articleshow/126019605.cms already exists.
2025-12-17 09:32:32,702 - INFO - [Times of India] Early skip: URL https://timesofindia.indiatimes.com/world/us/h-1bs-getting-221g-slip-from-visa-officers-after-social-media-vetting-begins-what-does-this-mean/articleshow/126019667.cms already exists.
2025-12-17 09:32:32,862 - INFO - [Times of India] Early skip: URL https://timesofindia.indiatimes.com/etimes/trending/death-row-inmate-leaves-cryptic-final-words-before-being-executed-36-years-after-killing-a-mom/articleshow/126012881.cms already exists.
2025-12-17 09:32:33,021 - INFO - [Times of India] (Thread) Finished. Attempting to shut down its Selenium driver.
2025-12-17 09:32:33,461 - INFO - [The Hindu] Article: https://www.thehindu.com/news/national/pm-modi-departs-for-oman-on-last-leg-of-three-nation-visit/article70406658.ece
2025-12-17 09:32:33,461 - INFO - [The Hindu] Attempt 1/1: Trying with 'selenium_browser' strategy...
2025-12-17 09:32:34,588 - INFO - [The Hindu] Page content loaded.
2025-12-17 09:32:34,681 - INFO - [The Hindu] Success with 'selenium_browser'. Found content (252 words).
2025-12-17 09:32:49,145 - INFO - DEDUPLICATION: Found match (Score: 0.83). Linking to Cluster ID: 50e20f9c-19de-4ce2-a17a-4c99dcae996d
2025-12-17 09:32:49,147 - INFO - Saved article: PM Modi departs for Oman on last leg of three-nation visit - The Hindu from The Hindu (252 words)
2025-12-17 09:32:50,495 - INFO - [The Hindu] Article: https://www.thehindu.com/news/national/tamil-nadu/elaborate-arrangements-in-place-for-tvk-chief-vijays-campaign-meeting-in-erode/article70406586.ece
2025-12-17 09:32:50,496 - INFO - [The Hindu] Attempt 1/1: Trying with 'selenium_browser' strategy...
2025-12-17 09:32:52,686 - INFO - [The Hindu] Page content loaded.
2025-12-17 09:32:52,832 - INFO - [The Hindu] Success with 'selenium_browser'. Found content (292 words).
2025-12-17 09:33:06,419 - INFO - Saved article: TVK chief Vijay’s campaign meeting in Erode: Elaborate arrangements in place for December 18 public meet - The Hindu from The Hindu (292 words)
2025-12-17 09:33:07,751 - INFO - [The Hindu] Article: https://www.thehindu.com/news/national/indigo-flight-crisis-delhi-hc-refuses-to-entertain-pil-seeking-increased-compensation-to-passengers/article70406578.ece
2025-12-17 09:33:07,751 - INFO - [The Hindu] Attempt 1/1: Trying with 'selenium_browser' strategy...
2025-12-17 09:33:08,685 - INFO - [The Hindu] Page content loaded.
2025-12-17 09:33:08,782 - INFO - [The Hindu] Success with 'selenium_browser'. Found content (385 words).
2025-12-17 09:33:23,694 - INFO - DEDUPLICATION: Found match (Score: 0.89). Linking to Cluster ID: c99ad9b5-26df-42c1-b93d-5fca0873ee3c
2025-12-17 09:33:23,696 - INFO - Saved article: IndiGo flight crisis: Delhi HC refuses to entertain PIL seeking increased compensation to passengers - The Hindu from The Hindu (385 words)
2025-12-17 09:33:24,587 - INFO - [The Hindu] Article: https://www.thehindu.com/news/national/india-bangladesh-dhaka-march-indian-high-commission-mea-summons-protest/article70406618.ece
2025-12-17 09:33:24,588 - INFO - [The Hindu] Attempt 1/1: Trying with 'selenium_browser' strategy...
2025-12-17 09:33:25,978 - INFO - [The Hindu] Page content loaded.
2025-12-17 09:33:26,092 - INFO - [The Hindu] Success with 'selenium_browser'. Found content (458 words).
2025-12-17 09:33:39,673 - INFO - Saved article: MEA summons Bangladesh envoy after radical group calls for march to Indian High Commission in Dhaka on Dec. 17 - The Hindu from The Hindu (458 words)
2025-12-17 09:33:40,598 - INFO - [The Hindu] Early skip: URL https://www.thehindu.com/news/national/telangana/hyderabad-mans-involvement-in-australia-shooting-insult-to-india-telangana-bjp-chief/article70406577.ece already exists.
2025-12-17 09:33:40,721 - INFO - [The Hindu] Article: https://www.thehindu.com/news/national/delhi-chennai-fog-flight-cancellations-december-17-2025/article70406376.ece
2025-12-17 09:33:40,721 - INFO - [The Hindu] Attempt 1/1: Trying with 'selenium_browser' strategy...
2025-12-17 09:33:42,018 - INFO - [The Hindu] Page content loaded.
2025-12-17 09:33:42,078 - INFO - [The Hindu] Success with 'selenium_browser'. Found content (357 words).
2025-12-17 09:33:56,131 - INFO - Saved article: 10 flights cancelled at Delhi’s IGI Airport due to low visibility - The Hindu from The Hindu (357 words)
2025-12-17 09:33:56,726 - INFO - [The Hindu] Early skip: URL https://www.thehindu.com/news/national/supreme-court-asks-centre-scba-to-suggest-measures-to-prevent-incidents-like-attack-on-cji/article70406496.ece already exists.
2025-12-17 09:33:56,883 - INFO - [The Hindu] Early skip: URL https://www.thehindu.com/news/national/kerala/two-youths-killed-in-motorcycle-accident-near-kozhikode-beach-in-kerala/article70406107.ece already exists.
2025-12-17 09:33:57,134 - INFO - [The Hindu] Early skip: URL https://www.thehindu.com/news/national/bihar/bihar-officials-struggle-to-recover-10000-wrongly-credited-to-men-under-women-only-scheme/article70406465.ece already exists.
2025-12-17 09:33:57,264 - INFO - [The Hindu] Early skip: URL https://www.thehindu.com/news/national/maharashtra/prithviraj-chavan-refuses-to-apologise-on-op-sindoor-remarks-says-constitution-gives-him-right-to-ask-questions/article70406517.ece already exists.
2025-12-17 09:33:57,401 - INFO - [The Hindu] Early skip: URL https://www.thehindu.com/news/national/india-ethiopia-natural-partners-in-regional-peace-security-connectivity-pm-modi/article70406448.ece already exists.
2025-12-17 09:33:57,602 - INFO - [The Hindu] Early skip: URL https://www.thehindu.com/news/cities/Mangalore/elephant-task-force-in-dakshina-kannada-will-be-functional-in-a-week-forest-minister/article70406382.ece already exists.
2025-12-17 09:33:57,743 - INFO - [The Hindu] Early skip: URL https://www.thehindu.com/news/national/jharkhand/five-trampled-to-death-by-wild-elephants-in-jharkhand/article70406193.ece already exists.
2025-12-17 09:33:57,871 - INFO - [The Hindu] Early skip: URL https://www.thehindu.com/business/Economy/global-trade-getting-weaponised-through-tariffs-nirmala-sitharaman/article70406337.ece already exists.
2025-12-17 09:33:58,157 - INFO - [The Hindu] Early skip: URL https://www.thehindu.com/news/national/karnataka/congress-legislators-stage-protest-in-belagavi-against-renaming-of-mnrega-targeting-of-leaders-in-national-herald-case/article70406224.ece already exists.
2025-12-17 09:33:58,432 - INFO - [The Hindu] Early skip: URL https://www.thehindu.com/news/national/punjab/punjab-rural-body-election-results-2025-aap-congress-bjp-sad-vote-counting/article70406356.ece already exists.
2025-12-17 09:33:58,602 - INFO - [The Hindu] Early skip: URL https://www.thehindu.com/news/national/chhattisgarh/chhattisgarh-liquor-scam-ed-arrests-former-cmo-deputy-secretary-soumya-chaurasia/article70406331.ece already exists.
2025-12-17 09:33:58,825 - INFO - [The Hindu] Early skip: URL https://www.thehindu.com/news/national/supreme-court-rg-kar-rape-murder-case-transfer-calcutta-hc/article70406283.ece already exists.
2025-12-17 09:33:59,065 - INFO - [The Hindu] Article: https://www.thehindu.com/news/national/tamil-nadu/study-in-malaysia-fair-aims-to-attract-indian-students/article70404220.ece
2025-12-17 09:33:59,065 - INFO - [The Hindu] Attempt 1/1: Trying with 'selenium_browser' strategy...
2025-12-17 09:34:00,121 - INFO - [The Hindu] Page content loaded.
2025-12-17 09:34:00,205 - WARNING - [The Hindu] FAILED with 'selenium_browser' (content was too short: 81 words).
2025-12-17 09:34:00,205 - ERROR - [The Hindu] All scrape strategies failed for https://www.thehindu.com/news/national/tamil-nadu/study-in-malaysia-fair-aims-to-attract-indian-students/article70404220.ece. Falling back to RSS description.
2025-12-17 09:34:00,205 - WARNING - SKIPPED (GLOBAL WORD LIMIT): Article '‘Study in Malaysia’ fair aims to attract Indian students' from The Hindu has only 3 words (Min: 90).
2025-12-17 09:34:00,763 - INFO - [The Hindu] Early skip: URL https://www.thehindu.com/news/national/telangana/telangana-speaker-to-announce-decision-on-disqualification-petitions-against-five-brs-mlas-today/article70406241.ece already exists.
2025-12-17 09:34:00,943 - INFO - [The Hindu] Early skip: URL https://www.thehindu.com/news/national/punjab/peace-restored-in-ludhiana-jail-day-after-inmates-run-amok-hit-superintendent-with-brick/article70406238.ece already exists.
2025-12-17 09:34:01,148 - INFO - [The Hindu] Early skip: URL https://www.thehindu.com/news/national/kerala/efforts-on-to-tranquillize-roaming-tiger-in-wayanad-village/article70406038.ece already exists.
2025-12-17 09:34:01,357 - INFO - [The Hindu] Early skip: URL https://www.thehindu.com/news/national/goa-nightclub-fire-luthra-brothers-questioned-december-17-2025/article70406142.ece already exists.
2025-12-17 09:34:01,507 - INFO - [The Hindu] (Thread) Finished. Attempting to shut down its Selenium driver.
2025-12-17 09:34:01,719 - INFO - [The Hindu] (Thread) driver.quit() successful.
2025-12-17 09:34:33,121 - WARNING - Retrying (Retry(total=2, connect=None, read=None, redirect=None, status=None)) after connection broken by 'ReadTimeoutError("HTTPConnectionPool(host='localhost', port=51937): Read timed out. (read timeout=120)")': /session/c0095d47e849bd90442a5df2ff386ab0
2025-12-17 09:35:09,479 - CRITICAL - --- TIMEOUT: 1 scrape jobs did not complete in 300s. ---
2025-12-17 09:35:09,479 - ERROR - A thread has timed out and will be abandoned.
2025-12-17 09:35:09,479 - INFO - Shutting down thread pool (wait=False)...
2025-12-17 09:35:09,479 - INFO - Scraped: 0 BBC, 12 The Hindu, 1 The Guardian, 1 Timed_Out_Jobs articles. (Total saved: 13)
2025-12-17 09:35:09,479 - INFO - --- Scraping job finished ---
2025-12-17 09:35:09,479 - INFO - --- Scraper service stopped and database connection closed. ---
2025-12-17 09:35:09,479 - INFO - --- Main thread finished. Forcing process exit to kill zombie threads. ---
