2025-12-16 03:26:52,379 - INFO - Loading AI Semantic Model (all-MiniLM-L6-v2)...
2025-12-16 03:26:52,380 - INFO - Use pytorch device_name: cpu
2025-12-16 03:26:52,380 - INFO - Load pretrained SentenceTransformer: all-MiniLM-L6-v2
2025-12-16 03:26:53,432 - INFO - AI Model loaded successfully.
2025-12-16 03:26:53,433 - INFO - --- Scraper service started (CI Mode: Run Once) ---
2025-12-16 03:26:53,433 - INFO - --- Starting new scraping job (Parallel Mode) ---
2025-12-16 03:26:53,433 - INFO - Creating new robust session with 3 retries on 5xx/connection/read errors.
2025-12-16 03:26:53,433 - INFO - Proxy is DISABLED.
2025-12-16 03:26:53,433 - INFO - Starting scrape for BBC RSS feed: http://feeds.bbci.co.uk/news/world/rss.xml
2025-12-16 03:26:53,434 - INFO - [Times of India] (Thread) requires Selenium. Initializing driver...
2025-12-16 03:26:53,435 - INFO - Starting scrape for The Guardian RSS feed: https://www.theguardian.com/world/rss
2025-12-16 03:26:53,435 - INFO - [The Hindu] (Thread) requires Selenium. Initializing driver...
2025-12-16 03:26:53,437 - INFO - Submitted 4 jobs to thread pool. Waiting up to 300s for completion...
2025-12-16 03:26:53,626 - INFO - Found 45 articles in The Guardian RSS feed. Processing up to 30.
2025-12-16 03:26:53,627 - INFO - [The Guardian] Early skip: URL https://www.theguardian.com/education/2025/dec/14/ghana-students-uk-universities-face-deportion-funding-crisis already exists.
2025-12-16 03:26:53,687 - INFO - Found 23 articles in BBC RSS feed. Processing up to 30.
2025-12-16 03:26:53,909 - INFO - [BBC] Early skip: URL https://www.bbc.com/news/articles/ckgz15d5718o?at_medium=RSS&at_campaign=rss already exists.
2025-12-16 03:26:54,187 - INFO - [The Guardian] Early skip: URL https://www.theguardian.com/science/2025/dec/15/little-foot-hominin-fossil-may-be-new-species-of-human-ancestor already exists.
2025-12-16 03:26:54,410 - INFO - [BBC] Early skip: URL https://www.bbc.com/news/articles/c8dy54e6ljqo?at_medium=RSS&at_campaign=rss already exists.
2025-12-16 03:26:54,550 - INFO - [The Guardian] Early skip: URL https://www.theguardian.com/world/2025/dec/13/drone-strike-on-un-facility-in-war-torn-sudan-leaves-six-peacekeepers-dead already exists.
2025-12-16 03:26:54,713 - INFO - [BBC] Early skip: URL https://www.bbc.com/news/articles/cn41gqq8vyko?at_medium=RSS&at_campaign=rss already exists.
2025-12-16 03:26:54,847 - INFO - [The Guardian] Early skip: URL https://www.theguardian.com/world/2025/dec/13/us-accuses-rwanda-of-violating-peace-deal already exists.
2025-12-16 03:26:55,144 - INFO - [BBC] Early skip: URL https://www.bbc.com/news/articles/ce8qnzd680ro?at_medium=RSS&at_campaign=rss already exists.
2025-12-16 03:26:55,436 - INFO - [The Guardian] Early skip: URL https://www.theguardian.com/us-news/2025/dec/12/trump-ends-temporary-legal-status-ethiopia already exists.
2025-12-16 03:26:55,635 - INFO - [BBC] Early skip: URL https://www.bbc.com/news/articles/cjrjq2v7l3po?at_medium=RSS&at_campaign=rss already exists.
2025-12-16 03:26:55,786 - INFO - [The Guardian] Early skip: URL https://www.theguardian.com/world/2025/dec/15/trinidad-tobago-us-access-airports-venezuela-tensions-grow already exists.
2025-12-16 03:26:55,894 - INFO - [BBC] Early skip: URL https://www.bbc.com/news/articles/cp844kjj37vo?at_medium=RSS&at_campaign=rss already exists.
2025-12-16 03:26:56,004 - INFO - [The Guardian] Early skip: URL https://www.theguardian.com/world/2025/dec/15/jose-antonio-kast-chile-election-analysis already exists.
2025-12-16 03:26:56,280 - INFO - [BBC] Early skip: URL https://www.bbc.com/news/articles/c2dz15556l1o?at_medium=RSS&at_campaign=rss already exists.
2025-12-16 03:26:56,504 - INFO - [The Guardian] Early skip: URL https://www.theguardian.com/world/2025/dec/15/maria-corina-machado-venezuela-norway already exists.
2025-12-16 03:26:56,797 - INFO - [BBC] Early skip: URL https://www.bbc.com/news/articles/cjwyzlly6eno?at_medium=RSS&at_campaign=rss already exists.
2025-12-16 03:26:56,950 - INFO - [The Guardian] Early skip: URL https://www.theguardian.com/world/2025/dec/15/jose-antonio-kast-wins-election-chile-president already exists.
2025-12-16 03:26:57,077 - INFO - [BBC] Early skip: URL https://www.bbc.com/news/articles/cdxwg94v4veo?at_medium=RSS&at_campaign=rss already exists.
2025-12-16 03:26:57,232 - INFO - [The Guardian] Early skip: URL https://www.theguardian.com/us-news/2025/dec/14/jetblue-pilot-avoids-midair-collision-air-force-venezuela already exists.
2025-12-16 03:26:57,526 - INFO - [BBC] Early skip: URL https://www.bbc.com/news/articles/c0kde07lvvro?at_medium=RSS&at_campaign=rss already exists.
2025-12-16 03:26:57,721 - INFO - [The Guardian] Article: https://www.theguardian.com/world/2025/dec/16/trump-urges-xi-jinping-to-free-hk-pro-democracy-media-tycoon-jimmy-lai
2025-12-16 03:26:57,721 - INFO - [The Guardian] Attempt 1/1: Trying with 'requests_browser' strategy...
2025-12-16 03:26:57,723 - INFO - [BBC] Early skip: URL https://www.bbc.com/news/articles/ckg9ll6jpl0o?at_medium=RSS&at_campaign=rss already exists.
2025-12-16 03:26:57,764 - INFO - [The Guardian] Success with 'requests_browser'. Found content (401 words).
2025-12-16 03:27:03,854 - INFO - Selenium driver initialized successfully.
2025-12-16 03:27:03,855 - INFO - Selenium driver initialized successfully.
2025-12-16 03:27:03,855 - INFO - Starting scrape for Times of India RSS feed: https://timesofindia.indiatimes.com/rssfeeds/296589292.cms
2025-12-16 03:27:03,855 - INFO - Starting scrape for The Hindu RSS feed: https://www.thehindu.com/news/national/feeder/default.rss
2025-12-16 03:27:04,053 - INFO - Found 100 articles in The Hindu RSS feed. Processing up to 30.
2025-12-16 03:27:04,197 - INFO - Found 20 articles in Times of India RSS feed. Processing up to 30.
2025-12-16 03:27:10,783 - INFO - DEDUPLICATION: Found match (Score: 0.72). Linking to Cluster ID: 8f69cf92-ee66-4784-8c47-ea36d7e512ce
2025-12-16 03:27:10,989 - INFO - Saved article: Trump urges Xi Jinping to free HK pro-democracy media tycoon Jimmy Lai | Jimmy Lai | The Guardian from The Guardian (401 words)
2025-12-16 03:27:10,989 - INFO - [BBC] Early skip: URL https://www.bbc.com/news/articles/cvg1r89m6g7o?at_medium=RSS&at_campaign=rss already exists.
2025-12-16 03:27:11,173 - INFO - [The Hindu] Early skip: URL https://www.thehindu.com/news/cities/bangalore/caught-in-a-limbo-unfinished-ramps-delay-full-benefits-of-double-decker-flyover-rotary-flyover-at-baiyappanahalli-fails-to-take-off/article70395423.ece already exists.
2025-12-16 03:27:11,376 - INFO - [Times of India] Article: https://timesofindia.indiatimes.com/world/us/russia-ukraine-war-donald-trump-assures-peace-deal-closer-than-ever-watch/articleshow/125993524.cms
2025-12-16 03:27:11,377 - INFO - [Times of India] Attempt 1/1: Trying with 'selenium_browser' strategy...
2025-12-16 03:27:11,377 - INFO - [BBC] Early skip: URL https://www.bbc.com/news/articles/c2dz7r708dxo?at_medium=RSS&at_campaign=rss already exists.
2025-12-16 03:27:11,493 - INFO - [The Hindu] Early skip: URL https://www.thehindu.com/news/cities/Delhi/singapore-high-commissions-advisory-on-air-pollution-triggers-war-of-words/article70400268.ece already exists.
2025-12-16 03:27:11,737 - INFO - [BBC] Early skip: URL https://www.bbc.com/news/articles/crl938n0872o?at_medium=RSS&at_campaign=rss already exists.
2025-12-16 03:27:11,996 - INFO - [The Guardian] Early skip: URL https://www.theguardian.com/business/2025/dec/15/uk-south-korea-sign-new-trade-deal-cars-food-drink-pharmaceutical-exports already exists.
2025-12-16 03:27:12,136 - INFO - [The Hindu] Early skip: URL https://www.thehindu.com/news/national/army-celebrates-vijay-diwas-hails-indigenous-technology/article70400250.ece already exists.
2025-12-16 03:27:12,318 - INFO - [BBC] Early skip: URL https://www.bbc.com/news/articles/cy4709kylkxo?at_medium=RSS&at_campaign=rss already exists.
2025-12-16 03:27:12,574 - INFO - [The Guardian] Early skip: URL https://www.theguardian.com/world/2025/dec/15/china-uyghur-human-rights-ice already exists.
2025-12-16 03:27:12,717 - INFO - [The Hindu] Early skip: URL https://www.thehindu.com/news/national/jammu-and-kashmir/act-against-oppn-mlas-behindinterference-in-power-projects-of-national-importance-in-kishtwar-omar-abdullah/article70399775.ece already exists.
2025-12-16 03:27:12,958 - INFO - [BBC] Early skip: URL https://www.bbc.com/news/articles/c20gl66r0wno?at_medium=RSS&at_campaign=rss already exists.
2025-12-16 03:27:13,129 - INFO - [The Guardian] Early skip: URL https://www.theguardian.com/world/2025/dec/15/uk-condemns-hong-kongs-politically-motivated-targeting-of-jimmy-lai-after-conviction already exists.
2025-12-16 03:27:13,265 - INFO - [The Hindu] Early skip: URL https://www.thehindu.com/news/national/why-full-audio-clip-on-manipur-violence-was-not-sent-to-forensics-asks-sc/article70400330.ece already exists.
2025-12-16 03:27:13,371 - INFO - [The Hindu] Early skip: URL https://www.thehindu.com/news/cities/Hyderabad/minimum-temperature-in-telangana-likely-to-dip-by-3-4c-over-next-two-days/article70399507.ece already exists.
2025-12-16 03:27:13,671 - INFO - [The Guardian] Early skip: URL https://www.theguardian.com/world/2025/dec/15/jimmy-lai-verdict-hong-kong-judges-national-security-charges already exists.
2025-12-16 03:27:13,949 - INFO - [BBC] Early skip: URL https://www.bbc.com/news/articles/clyzzxggl7go?at_medium=RSS&at_campaign=rss already exists.
2025-12-16 03:27:14,166 - INFO - [The Hindu] Early skip: URL https://www.thehindu.com/news/national/kerala/youth-killed-as-bike-crashes-into-metro-pillar/article70400300.ece already exists.
2025-12-16 03:27:14,356 - INFO - [The Hindu] Early skip: URL https://www.thehindu.com/news/national/kerala/suraj-lama-missing-case-police-submit-report-to-kerala-high-court/article70400317.ece already exists.
2025-12-16 03:27:14,516 - INFO - [BBC] Early skip: URL https://www.bbc.com/news/articles/ckg9l1j9wxno?at_medium=RSS&at_campaign=rss already exists.
2025-12-16 03:27:14,626 - INFO - [The Guardian] Early skip: URL https://www.theguardian.com/australia-news/live/2025/dec/16/bondi-beach-shooting-live-updates-victims-terror-attack-jewish-festival-hanukah-al-ahmed-hero-gun-control-ntwnfb already exists.
2025-12-16 03:27:14,896 - INFO - [The Guardian] Article: https://www.theguardian.com/australia-news/2025/dec/16/australian-prime-minister-albanese-visits-ahmed-al-ahmed-hospital-bondi-hero-ntwnfb
2025-12-16 03:27:14,896 - INFO - [The Guardian] Attempt 1/1: Trying with 'requests_browser' strategy...
2025-12-16 03:27:14,908 - INFO - [The Hindu] Early skip: URL https://www.thehindu.com/news/national/kerala/pipeline-bursts-again-at-kaloor-residents-stage-protest/article70400449.ece already exists.
2025-12-16 03:27:15,005 - INFO - [The Guardian] Success with 'requests_browser'. Found content (529 words).
2025-12-16 03:27:15,077 - INFO - [The Hindu] Early skip: URL https://www.thehindu.com/news/cities/Kochi/thikkakara-municipality-sees-two-contenders-for-chairperson-post/article70399542.ece already exists.
2025-12-16 03:27:15,261 - INFO - [The Hindu] Early skip: URL https://www.thehindu.com/news/national/kerala/in-kochi-corporation-palluruthy-is-ldfs-only-bright-spot/article70399126.ece already exists.
2025-12-16 03:27:15,402 - INFO - [The Hindu] Early skip: URL https://www.thehindu.com/news/cities/Delhi/aqi-aqi-chants-greet-cm-rekha-gupta-at-messi-event-in-smog-hit-delhi/article70400527.ece already exists.
2025-12-16 03:27:15,528 - INFO - [BBC] Article: https://www.bbc.com/news/videos/c3e0wnv5zx2o?at_medium=RSS&at_campaign=rss
2025-12-16 03:27:15,528 - INFO - [BBC] Attempt 1/1: Trying with 'requests_browser' strategy...
2025-12-16 03:27:15,888 - WARNING - [BBC] FAILED with 'requests_browser' (content was too short: 79 words).
2025-12-16 03:27:15,888 - ERROR - [BBC] All scrape strategies failed for https://www.bbc.com/news/videos/c3e0wnv5zx2o?at_medium=RSS&at_campaign=rss. Falling back to RSS description.
2025-12-16 03:27:15,888 - WARNING - SKIPPED (GLOBAL WORD LIMIT): Article 'How the Bondi Beach shooting unfolded' from BBC has only 16 words (Min: 90).
2025-12-16 03:27:23,792 - INFO - [Times of India] Page content loaded.
2025-12-16 03:27:24,106 - INFO - [Times of India] Success with 'selenium_browser'. Found content (555 words).
2025-12-16 03:27:32,085 - INFO - DEDUPLICATION: Found match (Score: 0.84). Linking to Cluster ID: 2dcb0686-f0d8-4033-949c-4eab7327710a
2025-12-16 03:27:32,088 - INFO - Saved article: ‘Best of our country’: Australian prime minister visits Bondi hero Ahmed al-Ahmed in Sydney hospital | Bondi beach terror attack | The Guardian from The Guardian (529 words)
2025-12-16 03:27:32,088 - INFO - [The Hindu] Early skip: URL https://www.thehindu.com/news/national/karnataka/48-flights-delayed-at-bengaluru-airport-owing-to-low-visibility/article70399178.ece already exists.
2025-12-16 03:27:32,353 - INFO - [BBC] Early skip: URL https://www.bbc.com/news/videos/cy8jpzdg1y3o?at_medium=RSS&at_campaign=rss already exists.
2025-12-16 03:27:45,691 - INFO - DEDUPLICATION: Found match (Score: 0.75). Linking to Cluster ID: 739da4fc-f72c-42ac-bfd7-93de0b0f38f5
2025-12-16 03:27:45,693 - INFO - Saved article: Russia-Ukraine war: Donald Trump assures peace deal 'closer than ever' - watch - The Times of India from Times of India (555 words)
2025-12-16 03:27:45,693 - INFO - [The Hindu] Early skip: URL https://www.thehindu.com/news/cities/bangalore/bengaluru-police-book-two-pubs-including-shilpa-shettyco-owned-bastian-for-staying-open-late/article70400204.ece already exists.
2025-12-16 03:27:45,902 - INFO - [BBC] Article: https://www.bbc.com/news/videos/c62l00q1v88o?at_medium=RSS&at_campaign=rss
2025-12-16 03:27:45,902 - INFO - [BBC] Attempt 1/1: Trying with 'requests_browser' strategy...
2025-12-16 03:27:45,904 - INFO - [The Guardian] Article: https://www.theguardian.com/australia-news/2025/dec/16/he-went-down-fighting-daughter-of-bondi-terror-victim-reuven-morrison-says-her-father-threw-bricks-at-the-alleged-gunmen-ntwnfb
2025-12-16 03:27:45,904 - INFO - [The Guardian] Attempt 1/1: Trying with 'requests_browser' strategy...
2025-12-16 03:27:45,906 - INFO - [The Hindu] Early skip: URL https://www.thehindu.com/news/national/tamil-nadu/kanchi-kamakoti-peetam-moves-madras-high-court-to-take-back-its-elephants/article70399104.ece already exists.
2025-12-16 03:27:45,986 - WARNING - [BBC] FAILED with 'requests_browser' (content was too short: 81 words).
2025-12-16 03:27:45,986 - ERROR - [BBC] All scrape strategies failed for https://www.bbc.com/news/videos/c62l00q1v88o?at_medium=RSS&at_campaign=rss. Falling back to RSS description.
2025-12-16 03:27:45,986 - WARNING - SKIPPED (GLOBAL WORD LIMIT): Article 'Eyewitness captures moment man tackles and disarms Bondi shooter' from BBC has only 23 words (Min: 90).
2025-12-16 03:27:46,049 - INFO - [The Guardian] Success with 'requests_browser'. Found content (441 words).
2025-12-16 03:27:59,324 - INFO - DEDUPLICATION: Found match (Score: 0.70). Linking to Cluster ID: 2dcb0686-f0d8-4033-949c-4eab7327710a
2025-12-16 03:27:59,326 - INFO - Saved article: ‘He went down fighting’: daughter of Bondi terror victim Reuven Morrison says her father threw bricks at the gunman | Bondi beach terror attack | The Guardian from The Guardian (441 words)
2025-12-16 03:27:59,327 - INFO - [The Hindu] Article: https://www.thehindu.com/news/national/tamil-nadu/stalin-to-lay-foundation-for-hajj-house-near-chennai-airport/article70400117.ece
2025-12-16 03:27:59,327 - INFO - [The Hindu] Attempt 1/1: Trying with 'selenium_browser' strategy...
2025-12-16 03:27:59,328 - INFO - [Times of India] Article: https://timesofindia.indiatimes.com/world/us/acted-intentionally-maliciously-trump-sues-bbc-over-edited-capitol-speech-seeks-5bn-in-defamation-claim/articleshow/125993435.cms
2025-12-16 03:27:59,328 - INFO - [Times of India] Attempt 1/1: Trying with 'selenium_browser' strategy...
2025-12-16 03:27:59,329 - INFO - [BBC] Article: https://www.bbc.com/news/videos/c8jw3841vk9o?at_medium=RSS&at_campaign=rss
2025-12-16 03:27:59,329 - INFO - [BBC] Attempt 1/1: Trying with 'requests_browser' strategy...
2025-12-16 03:27:59,906 - INFO - [The Guardian] Early skip: URL https://www.theguardian.com/australia-news/2025/dec/15/what-we-know-about-the-victims-of-the-bondi-beach-terror-attack already exists.
2025-12-16 03:28:00,072 - INFO - [The Guardian] Early skip: URL https://www.theguardian.com/business/2025/dec/16/australian-supermarket-price-gouging-crackdown-aldi-cheapest-christmas-groceries already exists.
2025-12-16 03:28:00,343 - INFO - [The Guardian] Early skip: URL https://www.theguardian.com/world/live/2025/dec/15/ukraine-us-russia-berlin-nato-eu-russian-funds-steve-witkoff-volodymyr-zelenskyy-vladimir-putin-europe-live-news already exists.
2025-12-16 03:28:00,520 - WARNING - [BBC] FAILED with 'requests_browser' (content was too short: 60 words).
2025-12-16 03:28:00,520 - ERROR - [BBC] All scrape strategies failed for https://www.bbc.com/news/videos/c8jw3841vk9o?at_medium=RSS&at_campaign=rss. Falling back to RSS description.
2025-12-16 03:28:00,520 - WARNING - SKIPPED (GLOBAL WORD LIMIT): Article 'BBC captures celebrations as Belarus frees political prisoners' from BBC has only 18 words (Min: 90).
2025-12-16 03:28:00,614 - INFO - [The Guardian] Early skip: URL https://www.theguardian.com/world/2025/dec/15/ukraine-talks-european-leaders-meet-berlin-starmer-macron-zelenskyy-merz-us-witkoff already exists.
2025-12-16 03:28:00,737 - INFO - [The Guardian] Early skip: URL https://www.theguardian.com/world/2025/dec/15/spain-to-launch-60-monthly-nationwide-public-transport-pass already exists.
2025-12-16 03:28:00,946 - INFO - [The Guardian] Early skip: URL https://www.theguardian.com/world/2025/dec/15/russia-ukraine-deal-security-guarantees-starmer already exists.
2025-12-16 03:28:01,073 - INFO - [The Guardian] Early skip: URL https://www.theguardian.com/uk-news/2025/dec/15/britain-caught-in-space-between-peace-and-war-new-head-of-mi6-warns already exists.
2025-12-16 03:28:01,269 - INFO - [BBC] Early skip: URL https://www.bbc.com/news/videos/c80xx09k485o?at_medium=RSS&at_campaign=rss already exists.
2025-12-16 03:28:01,537 - INFO - [The Guardian] Early skip: URL https://www.theguardian.com/world/2025/dec/15/assad-family-live-in-russian-luxury-as-bashar-brushes-up-on-ophthalmology already exists.
2025-12-16 03:28:01,823 - INFO - [The Guardian] Early skip: URL https://www.theguardian.com/world/2025/dec/13/israel-says-its-military-killed-hamas-commander-raed-saed-in-gaza-city-strike already exists.
2025-12-16 03:28:02,074 - INFO - [The Guardian] Early skip: URL https://www.theguardian.com/world/2025/dec/13/new-israeli-barrier-slice-through-precious-west-bank-farmland already exists.
2025-12-16 03:28:02,115 - INFO - [The Hindu] Page content loaded.
2025-12-16 03:28:02,214 - WARNING - [The Hindu] FAILED with 'selenium_browser' (content was too short: 81 words).
2025-12-16 03:28:02,215 - ERROR - [The Hindu] All scrape strategies failed for https://www.thehindu.com/news/national/tamil-nadu/stalin-to-lay-foundation-for-hajj-house-near-chennai-airport/article70400117.ece. Falling back to RSS description.
2025-12-16 03:28:02,215 - WARNING - SKIPPED (GLOBAL WORD LIMIT): Article 'Stalin to lay foundation for Hajj House near Chennai airport' from The Hindu has only 3 words (Min: 90).
2025-12-16 03:28:02,307 - INFO - [The Guardian] Early skip: URL https://www.theguardian.com/world/2025/dec/12/nobel-peace-prize-laureate-narges-mohammadi-arrested-iran already exists.
2025-12-16 03:28:02,529 - INFO - [The Guardian] Early skip: URL https://www.theguardian.com/tv-and-radio/2025/dec/11/nemo-eurovision-winner-2024-hand-back-trophy-protest-israel-taking-part-2025 already exists.
2025-12-16 03:28:03,245 - INFO - [The Hindu] Early skip: URL https://www.thehindu.com/news/national/tamil-nadu/chief-minister-mk-stalin-presents-muthamizh-peravai-awards-to-artistes/article70400065.ece already exists.
2025-12-16 03:28:03,543 - INFO - [The Hindu] Early skip: URL https://www.thehindu.com/news/national/tamil-nadu/association-seeks-gi-tag-for-thoothukudi-pearls/article70399524.ece already exists.
2025-12-16 03:28:03,720 - INFO - [The Hindu] Early skip: URL https://www.thehindu.com/news/national/tamil-nadu/nlcil-receives-nod-to-build-110-mw-solar-power-project-in-uttar-pradesh/article70398884.ece already exists.
2025-12-16 03:28:03,755 - INFO - [Times of India] Page content loaded.
2025-12-16 03:28:03,912 - INFO - [The Hindu] Early skip: URL https://www.thehindu.com/news/national/tamil-nadu/annamalai-university-faculty-get-355-crore-research-funding-from-rampd-wing-of-nlcil/article70398592.ece already exists.
2025-12-16 03:28:03,998 - INFO - [Times of India] Success with 'selenium_browser'. Found content (804 words).
2025-12-16 03:28:04,186 - INFO - [The Hindu] Article: https://www.thehindu.com/news/national/tamil-nadu/president-to-visit-vellore-on-december-17/article70399053.ece
2025-12-16 03:28:04,186 - INFO - [The Hindu] Attempt 1/1: Trying with 'selenium_browser' strategy...
2025-12-16 03:28:10,976 - INFO - [The Hindu] Page content loaded.
2025-12-16 03:28:11,085 - WARNING - [The Hindu] FAILED with 'selenium_browser' (content was too short: 59 words).
2025-12-16 03:28:11,085 - ERROR - [The Hindu] All scrape strategies failed for https://www.thehindu.com/news/national/tamil-nadu/president-to-visit-vellore-on-december-17/article70399053.ece. Falling back to RSS description.
2025-12-16 03:28:11,085 - WARNING - SKIPPED (GLOBAL WORD LIMIT): Article 'President to visit Vellore on December 17' from The Hindu has only 3 words (Min: 90).
2025-12-16 03:28:23,640 - INFO - Saved article: ‘Acted intentionally, maliciously’: Trump sues BBC over edited Jan 6 speech; seeks $10bn in defamation claim - The Times of India from Times of India (804 words)
2025-12-16 03:28:23,640 - INFO - [The Hindu] Early skip: URL https://www.thehindu.com/news/cities/bangalore/city-distillery-khoday-rejigs-its-positioning-in-alcobev-industry-after-remaining-sober-for-over-a-decade/article70399938.ece already exists.
2025-12-16 03:28:23,836 - INFO - [The Hindu] Early skip: URL https://www.thehindu.com/news/national/karnataka/nasscom-foundation-applied-materials-to-offer-stem-training-to-students-teachers-in-state-schools-across-malur/article70400192.ece already exists.
2025-12-16 03:28:23,953 - INFO - [The Hindu] Early skip: URL https://www.thehindu.com/news/national/jammu-and-kashmir/security-forces-engage-in-a-fierce-encounter-in-udhampur-jammu/article70399474.ece already exists.
2025-12-16 03:28:24,162 - INFO - [The Hindu] Early skip: URL https://www.thehindu.com/news/national/karnataka/drunken-group-pulls-alarm-chain-assaults-rpf-staff-at-yeshwantpur-station/article70400430.ece already exists.
2025-12-16 03:28:24,373 - INFO - [The Hindu] Early skip: URL https://www.thehindu.com/news/national/identify-land-for-navodaya-vidyalayas-sc-tells-tn/article70400184.ece already exists.
2025-12-16 03:28:24,499 - INFO - [The Hindu] Early skip: URL https://www.thehindu.com/news/cities/Hyderabad/unesco-ambassador-vishal-sharma-visits-incois-backs-dedicated-ocean-observation-satellite/article70398899.ece already exists.
2025-12-16 03:28:24,785 - INFO - [The Hindu] Early skip: URL https://www.thehindu.com/news/national/tamil-nadu/nagapattinam-to-roll-out-sailing-training-for-children-of-fishermen-water-sports-planned-in-velankanni/article70398972.ece already exists.
2025-12-16 03:28:24,946 - INFO - [The Hindu] Early skip: URL https://www.thehindu.com/news/national/jammu-and-kashmir/103-firemen-terminated-over-compromised-processof-recruitment-in-jk/article70399980.ece already exists.
2025-12-16 03:28:25,230 - INFO - [Times of India] Article: https://timesofindia.indiatimes.com/world/us-streamers/disturbing-influencers-cause-livestream-chaos-outside-rob-reiner-home-amid-double-murder-investigation/articleshow/125993185.cms
2025-12-16 03:28:25,230 - INFO - [Times of India] Attempt 1/1: Trying with 'selenium_browser' strategy...
2025-12-16 03:28:25,231 - INFO - [The Hindu] Early skip: URL https://www.thehindu.com/news/national/punjab/aapdismisses-rigging-charges-in-punjab-rural-polls-calls-it-false-propaganda/article70399472.ece already exists.
2025-12-16 03:28:25,445 - INFO - [The Hindu] (Thread) Finished. Attempting to shut down its Selenium driver.
2025-12-16 03:28:25,666 - INFO - [The Hindu] (Thread) driver.quit() successful.
2025-12-16 03:28:26,323 - INFO - [Times of India] Page content loaded.
2025-12-16 03:28:26,451 - INFO - [Times of India] Success with 'selenium_browser'. Found content (460 words).
2025-12-16 03:28:41,996 - INFO - Saved article: Disturbing influencers cause livestream chaos outside Rob Reiner home amid double murder investigation - The Times of India from Times of India (460 words)
2025-12-16 03:28:42,847 - INFO - [Times of India] Article: https://timesofindia.indiatimes.com/world/us/this-individual-definitely-targeted-brown-university-police-release-new-footage-and-suspect-details-heres-what-we-know/articleshow/125992848.cms
2025-12-16 03:28:42,848 - INFO - [Times of India] Attempt 1/1: Trying with 'selenium_browser' strategy...
2025-12-16 03:28:45,147 - INFO - [Times of India] Page content loaded.
2025-12-16 03:28:45,257 - INFO - [Times of India] Success with 'selenium_browser'. Found content (318 words).
2025-12-16 03:28:59,892 - INFO - DEDUPLICATION: Found match (Score: 0.84). Linking to Cluster ID: 40c04c4b-3d71-4ade-bcd7-96276b3d8bfb
2025-12-16 03:28:59,896 - INFO - Saved article: 'This individual definitely targeted Brown University': Police release new footage and suspect details — here’s what we know - The Times of India from Times of India (318 words)
2025-12-16 03:29:00,602 - INFO - [Times of India] Article: https://timesofindia.indiatimes.com/world/us/watch-private-jet-crashes-during-emergency-landing-in-mexico-new-footage-shows-moments-before-deadly-crash/articleshow/125992976.cms
2025-12-16 03:29:00,602 - INFO - [Times of India] Attempt 1/1: Trying with 'selenium_browser' strategy...
2025-12-16 03:29:02,360 - INFO - [Times of India] Page content loaded.
2025-12-16 03:29:02,473 - INFO - [Times of India] Success with 'selenium_browser'. Found content (177 words).
2025-12-16 03:29:16,957 - INFO - Saved article: Watch: Private jet crashes during emergency landing in Mexico; new footage shows moments before deadly crash - The Times of India from Times of India (177 words)
2025-12-16 03:29:17,548 - INFO - [Times of India] Article: https://timesofindia.indiatimes.com/world/us/trump-signs-executive-order-reclassifying-fentanyl-as-weapon-of-mass-destruction/articleshow/125993028.cms
2025-12-16 03:29:17,548 - INFO - [Times of India] Attempt 1/1: Trying with 'selenium_browser' strategy...
2025-12-16 03:29:19,044 - INFO - [Times of India] Page content loaded.
2025-12-16 03:29:19,157 - INFO - [Times of India] Success with 'selenium_browser'. Found content (348 words).
2025-12-16 03:29:33,873 - INFO - Saved article: Trump signs executive order reclassifying fentanyl as weapon of mass destruction - The Times of India from Times of India (348 words)
2025-12-16 03:29:34,649 - INFO - [Times of India] Article: https://timesofindia.indiatimes.com/world/us/a-holiday-party-a-blow-up-and-a-murder-inside-the-rob-reiner-and-wife-michele-singer-nightmare/articleshow/125993123.cms
2025-12-16 03:29:34,649 - INFO - [Times of India] Attempt 1/1: Trying with 'selenium_browser' strategy...
2025-12-16 03:29:36,339 - INFO - [Times of India] Page content loaded.
2025-12-16 03:29:36,490 - INFO - [Times of India] Success with 'selenium_browser'. Found content (907 words).
2025-12-16 03:29:51,249 - INFO - DEDUPLICATION: Found match (Score: 0.81). Linking to Cluster ID: 6e296802-f18b-479f-96ee-cc0f461f8b16
2025-12-16 03:29:51,251 - INFO - Saved article: A holiday party, a blow-up, and a murder: Inside the Rob Reiner and wife Michele Singer nightmare - The Times of India from Times of India (907 words)
2025-12-16 03:29:52,528 - INFO - [Times of India] Article: https://timesofindia.indiatimes.com/world/us-streamers/youre-a-vulture-tomi-lahren-explodes-at-candace-owens-and-warns-erika-kirk-against-giving-conspiracies-more-oxygen/articleshow/125992927.cms
2025-12-16 03:29:52,528 - INFO - [Times of India] Attempt 1/1: Trying with 'selenium_browser' strategy...
2025-12-16 03:29:53,595 - INFO - [Times of India] Page content loaded.
2025-12-16 03:29:53,719 - INFO - [Times of India] Success with 'selenium_browser'. Found content (393 words).
2025-12-16 03:30:11,481 - INFO - Saved article: “You’re a vulture”: Tomi Lahren explodes at Candace Owens and warns Erika Kirk against giving conspiracies more oxygen - The Times of India from Times of India (393 words)
2025-12-16 03:30:12,117 - INFO - [Times of India] Article: https://timesofindia.indiatimes.com/world/us-streamers/we-had-chemistry-nick-fuentes-makes-bold-comment-on-candace-owens-as-charlie-kirk-controversy-grows/articleshow/125992757.cms
2025-12-16 03:30:12,117 - INFO - [Times of India] Attempt 1/1: Trying with 'selenium_browser' strategy...
2025-12-16 03:30:14,217 - INFO - [Times of India] Page content loaded.
2025-12-16 03:30:14,360 - INFO - [Times of India] Success with 'selenium_browser'. Found content (538 words).
2025-12-16 03:30:29,393 - INFO - Saved article: “We had chemistry”: Nick Fuentes makes bold comment on Candace Owens as Charlie Kirk controversy grows - The Times of India from Times of India (538 words)
2025-12-16 03:30:29,897 - INFO - [Times of India] Article: https://timesofindia.indiatimes.com/world/us-streamers/what-really-happened-between-candace-owens-and-erika-kirk-full-charlie-kirk-assassination-controversy-explained/articleshow/125992234.cms
2025-12-16 03:30:29,897 - INFO - [Times of India] Attempt 1/1: Trying with 'selenium_browser' strategy...
2025-12-16 03:30:31,230 - INFO - [Times of India] Page content loaded.
2025-12-16 03:30:31,365 - INFO - [Times of India] Success with 'selenium_browser'. Found content (392 words).
2025-12-16 03:30:51,058 - INFO - DEDUPLICATION: Found match (Score: 0.79). Linking to Cluster ID: 181e3dcb-2787-4bd5-86b2-7053b92460a6
2025-12-16 03:30:51,061 - INFO - Saved article: What really happened between Candace Owens and Erika Kirk? Full Charlie Kirk assassination controversy explained - The Times of India from Times of India (392 words)
2025-12-16 03:30:52,358 - INFO - [Times of India] Early skip: URL https://timesofindia.indiatimes.com/world/us-streamers/ted-cruz-reacts-as-candace-owens-and-erika-kirk-plan-face-to-face-meeting-over-charlie-kirk-killing/articleshow/125990300.cms already exists.
2025-12-16 03:30:52,508 - INFO - [Times of India] Early skip: URL https://timesofindia.indiatimes.com/world/us-streamers/augierfcs-channel-suspended-by-youtube-ai-moderation-claims-violation-was-fake/articleshow/125990269.cms already exists.
2025-12-16 03:30:52,798 - INFO - [Times of India] Early skip: URL https://timesofindia.indiatimes.com/world/us/ro-khanna-pramila-jayapal-and-other-indian-american-leaders-call-for-gun-safety-after-brown-university-shooting/articleshow/125990296.cms already exists.
2025-12-16 03:30:52,927 - INFO - [Times of India] Early skip: URL https://timesofindia.indiatimes.com/world/us/h-1b-row-maga-senator-slams-20-blue-states-for-blocking-trumps-visa-crackdown-what-are-we-doing-/articleshow/125990257.cms already exists.
2025-12-16 03:30:53,158 - INFO - [Times of India] Early skip: URL https://timesofindia.indiatimes.com/world/rest-of-world/huge-rat-spotted-inside-caribbean-bound-flight-over-250-passengers-stranded-as-plane-had-to-be-grounded/articleshow/125990092.cms already exists.
2025-12-16 03:30:53,268 - INFO - [Times of India] Early skip: URL https://timesofindia.indiatimes.com/world/us/watch-fbi-shares-surveillance-video-of-far-left-terror-group-plotting-new-years-eve-attack-in-los-angeles/articleshow/125989998.cms already exists.
2025-12-16 03:30:53,370 - INFO - [Times of India] Early skip: URL https://timesofindia.indiatimes.com/world/us-streamers/moistcr1tikal-reviews-the-game-awards-2025-while-downplaying-his-own-win/articleshow/125990101.cms already exists.
2025-12-16 03:30:53,606 - INFO - [Times of India] Early skip: URL https://timesofindia.indiatimes.com/etimes/trending/surgeon-who-tried-to-save-john-lennon-describes-the-chilling-moments-before-his-death/articleshow/125986429.cms already exists.
2025-12-16 03:30:53,724 - INFO - [Times of India] Early skip: URL https://timesofindia.indiatimes.com/world/us/florida-doctor-found-dead-in-dollar-tree-freezer-under-mysterious-circumstances/articleshow/125989984.cms already exists.
2025-12-16 03:30:53,845 - INFO - [Times of India] Early skip: URL https://timesofindia.indiatimes.com/world/us/racial-profiling-tim-walz-says-ilhan-omars-son-questioned-by-ice-was-following-the-law/articleshow/125989572.cms already exists.
2025-12-16 03:30:54,135 - INFO - [Times of India] (Thread) Finished. Attempting to shut down its Selenium driver.
2025-12-16 03:30:54,600 - INFO - [Times of India] (Thread) driver.quit() successful.
2025-12-16 03:30:54,600 - INFO - Shutting down thread pool (wait=False)...
2025-12-16 03:30:54,601 - INFO - Scraped: 3 The Guardian, 10 Times of India, 0 BBC, 0 The Hindu articles. (Total saved: 13)
2025-12-16 03:30:54,601 - INFO - --- Scraping job finished ---
2025-12-16 03:30:54,607 - INFO - --- Scraper service stopped and database connection closed. ---
2025-12-16 03:30:54,607 - INFO - --- Main thread finished. Forcing process exit to kill zombie threads. ---
