2026-02-06 18:09:39,083 - INFO - Loading AI Semantic Model (all-MiniLM-L6-v2)...
2026-02-06 18:09:39,084 - INFO - Use pytorch device_name: cpu
2026-02-06 18:09:39,084 - INFO - Load pretrained SentenceTransformer: all-MiniLM-L6-v2
2026-02-06 18:09:39,189 - INFO - HTTP Request: HEAD https://huggingface.co/sentence-transformers/all-MiniLM-L6-v2/resolve/main/modules.json "HTTP/1.1 307 Temporary Redirect"
2026-02-06 18:09:39,202 - INFO - HTTP Request: HEAD https://huggingface.co/api/resolve-cache/models/sentence-transformers/all-MiniLM-L6-v2/c9745ed1d9f207416be6d2e6f8de32d1f16199bf/modules.json "HTTP/1.1 200 OK"
2026-02-06 18:09:39,312 - INFO - HTTP Request: HEAD https://huggingface.co/sentence-transformers/all-MiniLM-L6-v2/resolve/main/config_sentence_transformers.json "HTTP/1.1 307 Temporary Redirect"
2026-02-06 18:09:39,312 - WARNING - Warning: You are sending unauthenticated requests to the HF Hub. Please set a HF_TOKEN to enable higher rate limits and faster downloads.
2026-02-06 18:09:39,325 - INFO - HTTP Request: HEAD https://huggingface.co/api/resolve-cache/models/sentence-transformers/all-MiniLM-L6-v2/c9745ed1d9f207416be6d2e6f8de32d1f16199bf/config_sentence_transformers.json "HTTP/1.1 200 OK"
2026-02-06 18:09:39,390 - INFO - HTTP Request: HEAD https://huggingface.co/sentence-transformers/all-MiniLM-L6-v2/resolve/main/config_sentence_transformers.json "HTTP/1.1 307 Temporary Redirect"
2026-02-06 18:09:39,404 - INFO - HTTP Request: HEAD https://huggingface.co/api/resolve-cache/models/sentence-transformers/all-MiniLM-L6-v2/c9745ed1d9f207416be6d2e6f8de32d1f16199bf/config_sentence_transformers.json "HTTP/1.1 200 OK"
2026-02-06 18:09:39,478 - INFO - HTTP Request: HEAD https://huggingface.co/sentence-transformers/all-MiniLM-L6-v2/resolve/main/README.md "HTTP/1.1 307 Temporary Redirect"
2026-02-06 18:09:39,491 - INFO - HTTP Request: HEAD https://huggingface.co/api/resolve-cache/models/sentence-transformers/all-MiniLM-L6-v2/c9745ed1d9f207416be6d2e6f8de32d1f16199bf/README.md "HTTP/1.1 200 OK"
2026-02-06 18:09:39,535 - INFO - HTTP Request: HEAD https://huggingface.co/sentence-transformers/all-MiniLM-L6-v2/resolve/main/modules.json "HTTP/1.1 307 Temporary Redirect"
2026-02-06 18:09:39,548 - INFO - HTTP Request: HEAD https://huggingface.co/api/resolve-cache/models/sentence-transformers/all-MiniLM-L6-v2/c9745ed1d9f207416be6d2e6f8de32d1f16199bf/modules.json "HTTP/1.1 200 OK"
2026-02-06 18:09:39,593 - INFO - HTTP Request: HEAD https://huggingface.co/sentence-transformers/all-MiniLM-L6-v2/resolve/main/sentence_bert_config.json "HTTP/1.1 307 Temporary Redirect"
2026-02-06 18:09:39,606 - INFO - HTTP Request: HEAD https://huggingface.co/api/resolve-cache/models/sentence-transformers/all-MiniLM-L6-v2/c9745ed1d9f207416be6d2e6f8de32d1f16199bf/sentence_bert_config.json "HTTP/1.1 200 OK"
2026-02-06 18:09:39,651 - INFO - HTTP Request: HEAD https://huggingface.co/sentence-transformers/all-MiniLM-L6-v2/resolve/main/adapter_config.json "HTTP/1.1 404 Not Found"
2026-02-06 18:09:39,695 - INFO - HTTP Request: HEAD https://huggingface.co/sentence-transformers/all-MiniLM-L6-v2/resolve/main/config.json "HTTP/1.1 307 Temporary Redirect"
2026-02-06 18:09:39,709 - INFO - HTTP Request: HEAD https://huggingface.co/api/resolve-cache/models/sentence-transformers/all-MiniLM-L6-v2/c9745ed1d9f207416be6d2e6f8de32d1f16199bf/config.json "HTTP/1.1 200 OK"
2026-02-06 18:09:39,843 - WARNING - [1mBertModel LOAD REPORT[0m from: sentence-transformers/all-MiniLM-L6-v2
Key                     | Status     |  | 
------------------------+------------+--+-
embeddings.position_ids | UNEXPECTED |  | 

[3mNotes:
- UNEXPECTED[3m	:can be ignored when loading from different task/architecture; not ok if you expect identical arch.[0m
2026-02-06 18:09:39,886 - INFO - HTTP Request: HEAD https://huggingface.co/sentence-transformers/all-MiniLM-L6-v2/resolve/main/config.json "HTTP/1.1 307 Temporary Redirect"
2026-02-06 18:09:39,898 - INFO - HTTP Request: HEAD https://huggingface.co/api/resolve-cache/models/sentence-transformers/all-MiniLM-L6-v2/c9745ed1d9f207416be6d2e6f8de32d1f16199bf/config.json "HTTP/1.1 200 OK"
2026-02-06 18:09:39,943 - INFO - HTTP Request: HEAD https://huggingface.co/sentence-transformers/all-MiniLM-L6-v2/resolve/main/tokenizer_config.json "HTTP/1.1 307 Temporary Redirect"
2026-02-06 18:09:39,956 - INFO - HTTP Request: HEAD https://huggingface.co/api/resolve-cache/models/sentence-transformers/all-MiniLM-L6-v2/c9745ed1d9f207416be6d2e6f8de32d1f16199bf/tokenizer_config.json "HTTP/1.1 200 OK"
2026-02-06 18:09:40,006 - INFO - HTTP Request: GET https://huggingface.co/api/models/sentence-transformers/all-MiniLM-L6-v2/tree/main/additional_chat_templates?recursive=false&expand=false "HTTP/1.1 404 Not Found"
2026-02-06 18:09:40,052 - INFO - HTTP Request: GET https://huggingface.co/api/models/sentence-transformers/all-MiniLM-L6-v2/tree/main?recursive=true&expand=false "HTTP/1.1 200 OK"
2026-02-06 18:09:40,145 - INFO - HTTP Request: HEAD https://huggingface.co/sentence-transformers/all-MiniLM-L6-v2/resolve/main/1_Pooling/config.json "HTTP/1.1 307 Temporary Redirect"
2026-02-06 18:09:40,158 - INFO - HTTP Request: HEAD https://huggingface.co/api/resolve-cache/models/sentence-transformers/all-MiniLM-L6-v2/c9745ed1d9f207416be6d2e6f8de32d1f16199bf/1_Pooling%2Fconfig.json "HTTP/1.1 200 OK"
2026-02-06 18:09:40,202 - INFO - HTTP Request: GET https://huggingface.co/api/models/sentence-transformers/all-MiniLM-L6-v2 "HTTP/1.1 200 OK"
2026-02-06 18:09:40,207 - INFO - AI Model loaded successfully.
2026-02-06 18:09:40,207 - INFO - --- Scraper service started (CI Mode: Run Once) ---
2026-02-06 18:09:40,207 - INFO - --- Starting new scraping job (Parallel Mode) ---
2026-02-06 18:09:40,207 - INFO - Creating new robust session with 3 retries on 5xx/connection/read errors.
2026-02-06 18:09:40,207 - INFO - Proxy is DISABLED.
2026-02-06 18:09:40,207 - INFO - Starting scrape for BBC RSS feed: http://feeds.bbci.co.uk/news/world/rss.xml
2026-02-06 18:09:40,208 - INFO - [Times of India] (Thread) requires Selenium. Initializing driver...
2026-02-06 18:09:40,208 - INFO - Starting scrape for The Guardian RSS feed: https://www.theguardian.com/world/rss
2026-02-06 18:09:40,208 - INFO - [The Hindu] (Thread) requires Selenium. Initializing driver...
2026-02-06 18:09:40,208 - INFO - Submitted 4 jobs to thread pool. Waiting up to 300s for completion...
2026-02-06 18:09:40,340 - INFO - Found 45 articles in The Guardian RSS feed. Processing up to 30.
2026-02-06 18:09:40,340 - INFO - [The Guardian] Early skip: URL https://www.theguardian.com/environment/2026/feb/06/weather-tracker-storm-leonardo-europe-portugal-spain-northern-africa already exists.
2026-02-06 18:09:40,492 - INFO - Found 25 articles in BBC RSS feed. Processing up to 30.
2026-02-06 18:09:40,619 - INFO - [BBC] Early skip: URL https://www.bbc.com/news/articles/c3686nzexp3o?at_medium=RSS&at_campaign=rss already exists.
2026-02-06 18:09:40,811 - INFO - [The Guardian] Early skip: URL https://www.theguardian.com/world/2026/feb/05/nigeria-sends-troops-to-villages-attacked-by-jihadist-fighters already exists.
2026-02-06 18:09:40,919 - INFO - [BBC] Early skip: URL https://www.bbc.com/news/articles/cr57g1y8286o?at_medium=RSS&at_campaign=rss already exists.
2026-02-06 18:09:41,080 - INFO - [The Guardian] Early skip: URL https://www.theguardian.com/world/2026/feb/04/gunmen-west-nigeria-attack-red-cross already exists.
2026-02-06 18:09:41,280 - INFO - [BBC] Early skip: URL https://www.bbc.com/news/articles/cg7y7gz2835o?at_medium=RSS&at_campaign=rss already exists.
2026-02-06 18:09:41,499 - INFO - [The Guardian] Early skip: URL https://www.theguardian.com/world/2026/feb/04/uganda-opposition-leader-bobi-wine-in-hiding-muhoozi-kainerugaba-feud already exists.
2026-02-06 18:09:41,711 - INFO - [BBC] Article: https://www.bbc.com/news/articles/ce8r8y78g10o?at_medium=RSS&at_campaign=rss
2026-02-06 18:09:41,711 - INFO - [BBC] Attempt 1/1: Trying with 'requests_browser' strategy...
2026-02-06 18:09:41,712 - INFO - [The Guardian] Early skip: URL https://www.theguardian.com/global-development/2026/feb/04/death-of-nigerian-singer-highlights-crisis-of-preventable-snakebite-fatalities already exists.
2026-02-06 18:09:41,885 - INFO - [BBC] Success with 'requests_browser'. Found content (689 words).
2026-02-06 18:09:41,925 - INFO - [The Guardian] Early skip: URL https://www.theguardian.com/world/2026/feb/06/canada-and-france-open-greenland-consulates-in-show-of-denmark-support already exists.
2026-02-06 18:09:42,870 - INFO - Selenium driver initialized successfully.
2026-02-06 18:09:42,870 - INFO - Starting scrape for The Hindu RSS feed: https://www.thehindu.com/news/national/feeder/default.rss
2026-02-06 18:09:42,878 - INFO - Selenium driver initialized successfully.
2026-02-06 18:09:42,878 - INFO - Starting scrape for Times of India RSS feed: https://timesofindia.indiatimes.com/rssfeeds/296589292.cms
2026-02-06 18:09:43,295 - INFO - Found 100 articles in The Hindu RSS feed. Processing up to 30.
2026-02-06 18:09:43,365 - INFO - Found 20 articles in Times of India RSS feed. Processing up to 30.
2026-02-06 18:09:53,577 - INFO - DEDUPLICATION: Found match (Score: 0.81). Linking to Cluster ID: 5681f07e-2572-4712-90c1-897d85f6eb5b
2026-02-06 18:09:53,579 - INFO - Saved article: Trump removes video with racist clip depicting Obamas as apes from BBC (689 words)
2026-02-06 18:09:53,579 - INFO - [The Guardian] Early skip: URL https://www.theguardian.com/world/2026/feb/05/trump-cuba-us-talks already exists.
2026-02-06 18:09:53,779 - INFO - [The Hindu] Article: https://www.thehindu.com/news/national/kerala/book-launch-directed-against-cpim-ragesh/article70600193.ece
2026-02-06 18:09:53,779 - INFO - [The Hindu] Attempt 1/1: Trying with 'selenium_browser' strategy...
2026-02-06 18:09:53,780 - INFO - [Times of India] Article: https://timesofindia.indiatimes.com/world/us/fake-outrage-over-internet-meme-white-house-responds-to-donald-trumps-racist-obama-video/articleshow/128001286.cms
2026-02-06 18:09:53,780 - INFO - [Times of India] Attempt 1/1: Trying with 'selenium_browser' strategy...
2026-02-06 18:09:53,781 - INFO - [The Guardian] Early skip: URL https://www.theguardian.com/world/2026/feb/05/toronto-police-organized-crime-canada already exists.
2026-02-06 18:09:53,980 - INFO - [The Guardian] Early skip: URL https://www.theguardian.com/world/2026/feb/05/nicolas-maduro-alex-saab-caracas-venezuela already exists.
2026-02-06 18:09:54,172 - INFO - [The Guardian] Early skip: URL https://www.theguardian.com/world/2026/feb/05/el-helicoide-delcy-rodriguez-venezuela already exists.
2026-02-06 18:09:54,355 - INFO - [The Guardian] Early skip: URL https://www.theguardian.com/world/2026/feb/06/wellington-sewage-leak-sea-new-zealand already exists.
2026-02-06 18:09:54,462 - INFO - [The Guardian] Early skip: URL https://www.theguardian.com/world/2026/feb/06/deaths-japan-record-breaking-snow-winter already exists.
2026-02-06 18:09:54,644 - INFO - [BBC] Early skip: URL https://www.bbc.com/news/articles/c2e1e7nlegko?at_medium=RSS&at_campaign=rss already exists.
2026-02-06 18:09:54,831 - INFO - [The Guardian] Early skip: URL https://www.theguardian.com/world/2026/feb/06/sana-mania-grips-japan-as-ultra-conservative-takaichi-expected-to-secure-election-landslide already exists.
2026-02-06 18:09:55,002 - INFO - [The Guardian] Early skip: URL https://www.theguardian.com/world/2026/feb/05/xi-jinping-donald-trump-phone-call-china-us-taiwan-relationship already exists.
2026-02-06 18:09:55,184 - INFO - [BBC] Early skip: URL https://www.bbc.com/news/articles/c0r4lrly44xo?at_medium=RSS&at_campaign=rss already exists.
2026-02-06 18:09:55,416 - INFO - [BBC] Early skip: URL https://www.bbc.com/news/articles/c70l0wzww50o?at_medium=RSS&at_campaign=rss already exists.
2026-02-06 18:09:55,684 - INFO - [The Guardian] Early skip: URL https://www.theguardian.com/world/2026/feb/05/china-green-energy-sector-investment-growth already exists.
2026-02-06 18:09:55,830 - INFO - [BBC] Article: https://www.bbc.com/news/articles/cwy8yw98l2xo?at_medium=RSS&at_campaign=rss
2026-02-06 18:09:55,831 - INFO - [BBC] Attempt 1/1: Trying with 'requests_browser' strategy...
2026-02-06 18:09:55,841 - INFO - [The Guardian] Article: https://www.theguardian.com/uk-news/2026/feb/06/australian-coins-celebrating-queen-elizabeth-ii-criticised-poor-likeness
2026-02-06 18:09:55,841 - INFO - [The Guardian] Attempt 1/1: Trying with 'requests_browser' strategy...
2026-02-06 18:09:56,062 - INFO - [BBC] Success with 'requests_browser'. Found content (588 words).
2026-02-06 18:09:56,292 - INFO - [The Guardian] Success with 'requests_browser'. Found content (300 words).
2026-02-06 18:10:00,677 - INFO - [The Hindu] Page content loaded.
2026-02-06 18:10:00,905 - INFO - [The Hindu] Success with 'selenium_browser'. Found content (184 words).
2026-02-06 18:10:13,828 - ERROR - [Times of India] Request failed for strategy 'selenium_browser' on URL https://timesofindia.indiatimes.com/world/us/fake-outrage-over-internet-meme-white-house-responds-to-donald-trumps-racist-obama-video/articleshow/128001286.cms: Message: timeout: Timed out receiving message from renderer: 19.709
  (Session info: chrome=144.0.7559.109)
Stacktrace:
#0 0x55e4239854ba <unknown>
#1 0x55e4233ee492 <unknown>
#2 0x55e4233d5b47 <unknown>
#3 0x55e4233d5756 <unknown>
#4 0x55e4233d3271 <unknown>
#5 0x55e4233d3bff <unknown>
#6 0x55e4233e3150 <unknown>
#7 0x55e4233fd147 <unknown>
#8 0x55e42340434b <unknown>
#9 0x55e4233d4369 <unknown>
#10 0x55e4233fceda <unknown>
#11 0x55e42348ca78 <unknown>
#12 0x55e4234356a2 <unknown>
#13 0x55e423436491 <unknown>
#14 0x55e42394b479 <unknown>
#15 0x55e42394e391 <unknown>
#16 0x55e423937a89 <unknown>
#17 0x55e42394ef4e <unknown>
#18 0x55e42391e070 <unknown>
#19 0x55e423972ca8 <unknown>
#20 0x55e423972e78 <unknown>
#21 0x55e423984828 <unknown>
#22 0x7fe71049caa4 <unknown>
#23 0x7fe710529c6c <unknown>

2026-02-06 18:10:13,828 - ERROR - [Times of India] All scrape strategies failed for https://timesofindia.indiatimes.com/world/us/fake-outrage-over-internet-meme-white-house-responds-to-donald-trumps-racist-obama-video/articleshow/128001286.cms. Falling back to RSS description.
2026-02-06 18:10:13,828 - WARNING - SKIPPED (GLOBAL WORD LIMIT): Article 'Fake outrage over internet meme: White House responds to Donald Trump's racist Obama video, deleted now' from Times of India has only 3 words (Min: 90).
2026-02-06 18:10:18,219 - INFO - Saved article: Suspected Chinese spies arrested in quiet French town from BBC (588 words)
2026-02-06 18:10:31,253 - INFO - DEDUPLICATION: Found match (Score: 0.73). Linking to Cluster ID: 908ea435-6045-4918-b8f1-079e3ce05349
2026-02-06 18:10:31,256 - INFO - Saved article: Queen’s image on Australian commemorative coins likened to Shrek | Monarchy | The Guardian from The Guardian (300 words)
2026-02-06 18:10:43,947 - INFO - Saved article: Book launch directed against CPI(M): Ragesh - The Hindu from The Hindu (184 words)
2026-02-06 18:10:43,948 - INFO - [Times of India] Article: https://timesofindia.indiatimes.com/world/us/theyre-trying-to-take-him-again-dhs-moves-to-fast-track-deportation-in-case-of-5-year-old-liam-ramos/articleshow/127999892.cms
2026-02-06 18:10:43,948 - INFO - [Times of India] Attempt 1/1: Trying with 'selenium_browser' strategy...
2026-02-06 18:10:43,949 - INFO - [BBC] Article: https://www.bbc.com/news/articles/c4g3g51klyno?at_medium=RSS&at_campaign=rss
2026-02-06 18:10:43,949 - INFO - [BBC] Attempt 1/1: Trying with 'requests_browser' strategy...
2026-02-06 18:10:43,951 - INFO - [The Guardian] Early skip: URL https://www.theguardian.com/australia-news/2026/feb/06/legal-groups-push-for-australian-federal-police-to-arrest-retired-general-travelling-with-israeli-president already exists.
2026-02-06 18:10:44,000 - INFO - [BBC] Success with 'requests_browser'. Found content (480 words).
2026-02-06 18:10:59,847 - INFO - Saved article: Nigerian court orders UK to pay £420m over 1949 killing of miners in Iva Valley, Enugu from BBC (480 words)
2026-02-06 18:10:59,847 - INFO - [The Guardian] Early skip: URL https://www.theguardian.com/australia-news/live/2026/feb/06/anthony-albanese-indonesia-security-pact-sussan-ley-coalition-liberals-nationals-leadership-rba-interest-rates-inflation-ntwnfb already exists.
2026-02-06 18:11:00,057 - INFO - [The Hindu] Article: https://www.thehindu.com/news/national/andhra-pradesh/engineers-should-evince-interest-in-defence-research-says-niti-aayog-member/article70600894.ece
2026-02-06 18:11:00,057 - INFO - [The Hindu] Attempt 1/1: Trying with 'selenium_browser' strategy...
2026-02-06 18:11:00,058 - INFO - [The Guardian] Early skip: URL https://www.theguardian.com/australia-news/2026/feb/06/gus-lamonts-south-australia-devastated-grandmothers-hire-lawyers-after-police-declare-disappearance-a-major-ntwnfb already exists.
2026-02-06 18:11:00,230 - INFO - [The Guardian] Early skip: URL https://www.theguardian.com/environment/2026/feb/06/braun-wrasse-rare-fish-kelp-forest-western-australia already exists.
2026-02-06 18:11:00,518 - INFO - [The Guardian] Early skip: URL https://www.theguardian.com/world/2026/feb/06/calls-postpone-presidential-election-storm-leonardo-portugal-spain already exists.
2026-02-06 18:11:00,757 - INFO - [The Guardian] Early skip: URL https://www.theguardian.com/world/live/2026/feb/06/russian-military-intelligence-chief-shot-moscow-vladimir-alekseyev-ukraine-europe-live-news-updates already exists.
2026-02-06 18:11:00,868 - INFO - [The Guardian] Early skip: URL https://www.theguardian.com/fashion/2026/feb/06/levis-sales-grow-in-uk-as-celebrities-drive-denim-revival already exists.
2026-02-06 18:11:01,036 - INFO - [The Guardian] Early skip: URL https://www.theguardian.com/world/2026/feb/06/russia-military-general-vladimir-alekseyev already exists.
2026-02-06 18:11:01,289 - INFO - [Times of India] Page content loaded.
2026-02-06 18:11:01,335 - INFO - [The Guardian] Early skip: URL https://www.theguardian.com/uk-news/2026/feb/06/un-uk-and-france-halt-one-in-one-out-asylum-system already exists.
2026-02-06 18:11:01,509 - INFO - [The Guardian] Article: https://www.theguardian.com/us-news/2026/feb/06/benghazi-attack-arrest-pam-bondi
2026-02-06 18:11:01,509 - INFO - [The Guardian] Attempt 1/1: Trying with 'requests_browser' strategy...
2026-02-06 18:11:01,511 - INFO - [BBC] Early skip: URL https://www.bbc.com/news/articles/cr7j7n315lmo?at_medium=RSS&at_campaign=rss already exists.
2026-02-06 18:11:01,585 - INFO - [Times of India] Success with 'selenium_browser'. Found content (355 words).
2026-02-06 18:11:01,643 - INFO - [The Guardian] Success with 'requests_browser'. Found content (495 words).
2026-02-06 18:11:01,643 - INFO - [BBC] Early skip: URL https://www.bbc.com/news/articles/c5yd14r2mgno?at_medium=RSS&at_campaign=rss already exists.
2026-02-06 18:11:03,141 - INFO - [The Hindu] Page content loaded.
2026-02-06 18:11:03,265 - INFO - [The Hindu] Success with 'selenium_browser'. Found content (472 words).
2026-02-06 18:11:15,505 - INFO - Saved article: Pam Bondi announces arrest of ‘key participant’ in 2012 Benghazi attack | Benghazi attack | The Guardian from The Guardian (495 words)
2026-02-06 18:11:28,421 - INFO - Saved article: ‘They’re trying to take him again’: DHS moves to fast-track deportation in case of 5-year-old Liam Ramos - The Times of India from Times of India (355 words)
2026-02-06 18:11:28,421 - INFO - [BBC] Early skip: URL https://www.bbc.com/news/articles/czx1xl98qkpo?at_medium=RSS&at_campaign=rss already exists.
2026-02-06 18:11:41,256 - INFO - Saved article: Engineers should evince interest in defence research, says NITI Aayog member - The Hindu from The Hindu (472 words)
2026-02-06 18:11:41,256 - INFO - [The Guardian] Early skip: URL https://www.theguardian.com/world/2026/feb/06/us-iran-talks-oman-nuclear-programme already exists.
2026-02-06 18:11:41,400 - INFO - [BBC] Early skip: URL https://www.bbc.com/news/articles/cn404z8g31mo?at_medium=RSS&at_campaign=rss already exists.
2026-02-06 18:11:41,646 - INFO - [Times of India] Article: https://timesofindia.indiatimes.com/world/us/ive-learned-italian-since-the-last-time-i-saw-you-jd-vance-jokes-with-italys-meloni-during-meeting/articleshow/127997033.cms
2026-02-06 18:11:41,646 - INFO - [Times of India] Attempt 1/1: Trying with 'selenium_browser' strategy...
2026-02-06 18:11:41,647 - INFO - [The Guardian] Early skip: URL https://www.theguardian.com/world/live/2026/feb/06/us-iran-nuclear-talks-oman-live-updates already exists.
2026-02-06 18:11:41,837 - INFO - [BBC] Early skip: URL https://www.bbc.com/news/articles/cy8y6w2nl0qo?at_medium=RSS&at_campaign=rss already exists.
2026-02-06 18:11:42,024 - INFO - [The Hindu] Article: https://www.thehindu.com/news/national/kerala/businesslinecerebration-quiz-regional-round-on-feb-7-at-st-teresas-college/article70601125.ece
2026-02-06 18:11:42,024 - INFO - [The Hindu] Attempt 1/1: Trying with 'selenium_browser' strategy...
2026-02-06 18:11:42,024 - INFO - [The Guardian] Early skip: URL https://www.theguardian.com/uk-news/2026/feb/06/andrew-vouched-for-epstein-on-state-visit-to-uae-with-queen already exists.
2026-02-06 18:11:42,203 - INFO - [The Guardian] Early skip: URL https://www.theguardian.com/world/2026/feb/05/iran-is-betting-that-trump-does-not-have-a-plan-for-regime-change already exists.
2026-02-06 18:11:42,436 - INFO - [BBC] Article: https://www.bbc.com/news/articles/c1dkd3llw1lo?at_medium=RSS&at_campaign=rss
2026-02-06 18:11:42,436 - INFO - [BBC] Attempt 1/1: Trying with 'requests_browser' strategy...
2026-02-06 18:11:42,567 - INFO - [BBC] Success with 'requests_browser'. Found content (1025 words).
2026-02-06 18:11:45,527 - INFO - [Times of India] Page content loaded.
2026-02-06 18:11:45,853 - INFO - [Times of India] Success with 'selenium_browser'. Found content (116 words).
2026-02-06 18:11:47,058 - INFO - [The Hindu] Page content loaded.
2026-02-06 18:11:47,265 - INFO - [The Hindu] Success with 'selenium_browser'. Found content (172 words).
2026-02-06 18:11:58,486 - INFO - Saved article: Kwara attack survivors in Nigeria: 'They sent a letter asking to preach. Then they massacred us' from BBC (1025 words)
2026-02-06 18:12:11,157 - INFO - DEDUPLICATION: Found match (Score: 0.72). Linking to Cluster ID: 5ca1a90a-964e-481d-918b-984597f845ae
2026-02-06 18:12:11,158 - INFO - Saved article: ‘I’ve learned Italian since the last time I saw you’: JD Vance jokes with Italy’s Meloni during meeting - The Times of India from Times of India (116 words)
2026-02-06 18:12:23,873 - INFO - Saved article: businessline cerebration quiz regional round on Feb. 7 at St. Teresa’s College - The Hindu from The Hindu (172 words)
2026-02-06 18:12:23,873 - INFO - [BBC] Early skip: URL https://www.bbc.com/news/articles/c62rexy9y3no?at_medium=RSS&at_campaign=rss already exists.
2026-02-06 18:12:24,020 - INFO - [Times of India] Early skip: URL https://timesofindia.indiatimes.com/world/us/89-indians-named-by-us-as-worst-of-the-worst-criminals-arrested-by-ice/articleshow/127998056.cms already exists.
2026-02-06 18:12:24,206 - INFO - [BBC] Early skip: URL https://www.bbc.com/news/articles/cp820jrq3yvo?at_medium=RSS&at_campaign=rss already exists.
2026-02-06 18:12:24,415 - INFO - [Times of India] Early skip: URL https://timesofindia.indiatimes.com/world/us/no-limits-no-transparency-no-controls-us-accuses-china-of-covert-nuclear-tests-as-new-start-expires/articleshow/127996863.cms already exists.
2026-02-06 18:12:24,630 - INFO - [BBC] Early skip: URL https://www.bbc.com/news/articles/c4g05xg1qzeo?at_medium=RSS&at_campaign=rss already exists.
2026-02-06 18:12:24,875 - INFO - [Times of India] Early skip: URL https://timesofindia.indiatimes.com/world/us/epstein-brought-models-to-us-on-h-1b-visa-personally-sponsored-ghislaine-maxwells-entry-in-1992/articleshow/127996468.cms already exists.
2026-02-06 18:12:25,018 - INFO - [The Hindu] Article: https://www.thehindu.com/news/national/maharashtra/top-maoist-leader-prabhakar-six-others-killed-in-gadchiroli-operations/article70601496.ece
2026-02-06 18:12:25,018 - INFO - [The Hindu] Attempt 1/1: Trying with 'selenium_browser' strategy...
2026-02-06 18:12:25,019 - INFO - [BBC] Early skip: URL https://www.bbc.com/news/articles/cn0k6d6z7j3o?at_medium=RSS&at_campaign=rss already exists.
2026-02-06 18:12:25,149 - INFO - [BBC] Early skip: URL https://www.bbc.com/sport/american-football/articles/cp82l659dero?at_medium=RSS&at_campaign=rss already exists.
2026-02-06 18:12:25,444 - INFO - [Times of India] Early skip: URL https://timesofindia.indiatimes.com/world/uk/how-a-uk-model-swindled-men-with-a-42m-inheritance-lie-to-bankroll-a-lavish-lifestyle/articleshow/127993698.cms already exists.
2026-02-06 18:12:25,650 - INFO - [BBC] Early skip: URL https://www.bbc.com/news/videos/c4gvg772vv6o?at_medium=RSS&at_campaign=rss already exists.
2026-02-06 18:12:25,713 - INFO - [The Hindu] Page content loaded.
2026-02-06 18:12:25,793 - INFO - [The Hindu] Success with 'selenium_browser'. Found content (334 words).
2026-02-06 18:12:25,871 - INFO - [Times of India] Early skip: URL https://timesofindia.indiatimes.com/world/us/people-are-vile-and-cruel-washington-post-journalist-laid-off-while-on-maternity-leave-responds-to-go-back-to-india-trolling/articleshow/127993193.cms already exists.
2026-02-06 18:12:26,081 - INFO - [Times of India] Early skip: URL https://timesofindia.indiatimes.com/world/us/british-socialite-who-arranged-girls-apologised-to-epstein-over-some-past-their-sell-by-date/articleshow/127991611.cms already exists.
2026-02-06 18:12:26,278 - INFO - [Times of India] Early skip: URL https://timesofindia.indiatimes.com/world/us/nick-fuentes-says-he-can-eat-butter-chicken-but-not-what-jd-vance-wants-him-to-save-it-for-your-indian-festival/articleshow/127992969.cms already exists.
2026-02-06 18:12:26,476 - INFO - [Times of India] Early skip: URL https://timesofindia.indiatimes.com/world/us/donald-trumps-racist-attack-on-obamas-why-monkey-portrayals-of-black-folks-are-considered-deeply-offensive/articleshow/127990672.cms already exists.
2026-02-06 18:12:26,689 - INFO - [Times of India] Early skip: URL https://timesofindia.indiatimes.com/world/us/i-dont-sleep-on-planes-trump-reveals-what-keeps-him-awake-on-air-force-one/articleshow/127989807.cms already exists.
2026-02-06 18:12:26,793 - INFO - [BBC] Article: https://www.bbc.com/news/videos/cn8287ndz0go?at_medium=RSS&at_campaign=rss
2026-02-06 18:12:26,794 - INFO - [BBC] Attempt 1/1: Trying with 'requests_browser' strategy...
2026-02-06 18:12:26,975 - WARNING - [BBC] FAILED with 'requests_browser' (content was too short: 89 words).
2026-02-06 18:12:26,975 - ERROR - [BBC] All scrape strategies failed for https://www.bbc.com/news/videos/cn8287ndz0go?at_medium=RSS&at_campaign=rss. Falling back to RSS description.
2026-02-06 18:12:26,975 - WARNING - SKIPPED (GLOBAL WORD LIMIT): Article 'Watch: Bad Bunny lookalikes compete ahead of Super Bowl' from BBC has only 27 words (Min: 90).
2026-02-06 18:12:39,093 - INFO - Saved article: Top Maoist leader Prabhakar, six others killed in Gadchiroli operations - The Hindu from The Hindu (334 words)
2026-02-06 18:12:39,093 - INFO - [Times of India] Early skip: URL https://timesofindia.indiatimes.com/world/middle-east/oman-talks-iran-us-hold-fresh-nuclear-discussions-amid-threat-of-direct-conflict-where-negotiations-stand/articleshow/127989247.cms already exists.
2026-02-06 18:12:39,295 - INFO - [BBC] Article: https://www.bbc.com/news/videos/c78e2g00llko?at_medium=RSS&at_campaign=rss
2026-02-06 18:12:39,295 - INFO - [BBC] Attempt 1/1: Trying with 'requests_browser' strategy...
2026-02-06 18:12:39,296 - INFO - [Times of India] Early skip: URL https://timesofindia.indiatimes.com/world/us/dont-come-to-florida-for-fifa-world-cup-human-rights-groups-issue-travel-warning-warn-about-random-ice-arrests/articleshow/127991455.cms already exists.
2026-02-06 18:12:39,356 - WARNING - [BBC] FAILED with 'requests_browser' (content was too short: 87 words).
2026-02-06 18:12:39,356 - ERROR - [BBC] All scrape strategies failed for https://www.bbc.com/news/videos/c78e2g00llko?at_medium=RSS&at_campaign=rss. Falling back to RSS description.
2026-02-06 18:12:39,356 - WARNING - SKIPPED (GLOBAL WORD LIMIT): Article 'Watch: The US and Russia's nuclear treaty is dead. What comes next?' from BBC has only 22 words (Min: 90).
2026-02-06 18:12:39,470 - INFO - [Times of India] Early skip: URL https://timesofindia.indiatimes.com/world/us/should-we-take-all-our-soldiers-with-us-us-envoys-deleted-post-fuels-outrage-in-poland-amid-trump-insult-row/articleshow/127990320.cms already exists.
2026-02-06 18:12:39,770 - INFO - [Times of India] Early skip: URL https://timesofindia.indiatimes.com/world/us-streamers/streamer-maya-higa-calls-out-bizarre-reality-of-her-image-turned-into-a-twitch-wide-emote-without-her-approval/articleshow/127974600.cms already exists.
2026-02-06 18:12:39,876 - INFO - [Times of India] Early skip: URL https://timesofindia.indiatimes.com/world/rest-of-world/knysnas-drying-future-how-a-south-african-town-is-racing-to-save-its-water/articleshow/127985798.cms already exists.
2026-02-06 18:12:40,166 - INFO - [Times of India] Early skip: URL https://timesofindia.indiatimes.com/world/rest-of-world/indian-origin-driver-who-caused-2018-crash-killing-16-loses-final-bid-to-stay-in-canada-lawyer-says-hes-stressed-attending-counselling/articleshow/127988747.cms already exists.
2026-02-06 18:12:40,290 - INFO - [The Hindu] Article: https://www.thehindu.com/news/national/tamil-nadu/pm-must-answer-questions-related-to-national-security-in-parliament-congress-mp/article70600787.ece
2026-02-06 18:12:40,290 - INFO - [The Hindu] Attempt 1/1: Trying with 'selenium_browser' strategy...
2026-02-06 18:12:40,291 - INFO - [Times of India] Early skip: URL https://timesofindia.indiatimes.com/science/whats-hiding-under-antarcticas-ice-scientists-uncover-207-hidden-volcanoes/articleshow/127988579.cms already exists.
2026-02-06 18:12:40,563 - INFO - [Times of India] Early skip: URL https://timesofindia.indiatimes.com/world/pakistan/suicide-blast-in-pakistan-videos-shows-chaos-outside-islamabads-imambargah-after-deadly-explosion/articleshow/127986672.cms already exists.
2026-02-06 18:12:40,770 - INFO - [Times of India] (Thread) Finished. Attempting to shut down its Selenium driver.
2026-02-06 18:12:40,771 - INFO - [BBC] Early skip: URL https://www.bbc.com/news/videos/c8j342x3y08o?at_medium=RSS&at_campaign=rss already exists.
2026-02-06 18:12:40,970 - INFO - [BBC] Early skip: URL https://www.bbc.com/news/videos/c62wpd7wj3ro?at_medium=RSS&at_campaign=rss already exists.
2026-02-06 18:12:41,173 - INFO - [Times of India] (Thread) driver.quit() successful.
2026-02-06 18:12:41,555 - INFO - [The Hindu] Page content loaded.
2026-02-06 18:12:41,631 - INFO - [The Hindu] Success with 'selenium_browser'. Found content (208 words).
2026-02-06 18:12:55,126 - INFO - Saved article: Prime Minister Narendra Modi must answer questions related to national security in Parliament, says Congress MP - The Hindu from The Hindu (208 words)
2026-02-06 18:12:56,556 - INFO - [The Hindu] Article: https://www.thehindu.com/news/national/madhya-pradesh/class-8-student-allegedly-raped-while-returning-from-school-in-mauganj-mp/article70601039.ece
2026-02-06 18:12:56,556 - INFO - [The Hindu] Attempt 1/1: Trying with 'selenium_browser' strategy...
2026-02-06 18:12:57,622 - INFO - [The Hindu] Page content loaded.
2026-02-06 18:12:57,703 - INFO - [The Hindu] Success with 'selenium_browser'. Found content (261 words).
2026-02-06 18:13:10,324 - INFO - Saved article: Class 8 student allegedly raped while returning from school in Mauganj, M.P. - The Hindu from The Hindu (261 words)
2026-02-06 18:13:11,066 - INFO - [The Hindu] Article: https://www.thehindu.com/news/national/kerala/four-held-51-devices-seized-in-drive-against-child-porn/article70601442.ece
2026-02-06 18:13:11,066 - INFO - [The Hindu] Attempt 1/1: Trying with 'selenium_browser' strategy...
2026-02-06 18:13:12,050 - INFO - [The Hindu] Page content loaded.
2026-02-06 18:13:12,124 - INFO - [The Hindu] Success with 'selenium_browser'. Found content (99 words).
2026-02-06 18:13:25,297 - INFO - Saved article: Four held, 51 devices seized in drive against child porn - The Hindu from The Hindu (99 words)
2026-02-06 18:13:26,349 - INFO - [The Hindu] Article: https://www.thehindu.com/news/national/karnataka/cyber-command-unit-cracks-down-on-mule-herders-network-uncovers-42000-mule-accounts/article70601287.ece
2026-02-06 18:13:26,350 - INFO - [The Hindu] Attempt 1/1: Trying with 'selenium_browser' strategy...
2026-02-06 18:13:27,391 - INFO - [The Hindu] Page content loaded.
2026-02-06 18:13:27,474 - INFO - [The Hindu] Success with 'selenium_browser'. Found content (309 words).
2026-02-06 18:13:40,727 - INFO - Saved article: Cyber Command unit cracks down on mule herders network, uncovers 42,000 mule accounts - The Hindu from The Hindu (309 words)
2026-02-06 18:13:42,142 - INFO - [The Hindu] Article: https://www.thehindu.com/news/national/kerala-mp-moves-private-bill-to-conduct-census-every-ten-years/article70601298.ece
2026-02-06 18:13:42,143 - INFO - [The Hindu] Attempt 1/1: Trying with 'selenium_browser' strategy...
2026-02-06 18:13:43,184 - INFO - [The Hindu] Page content loaded.
2026-02-06 18:13:43,267 - INFO - [The Hindu] Success with 'selenium_browser'. Found content (409 words).
2026-02-06 18:13:55,793 - INFO - Saved article: Kerala MP moves private Bill to conduct Census every ten years - The Hindu from The Hindu (409 words)
2026-02-06 18:13:56,405 - INFO - [The Hindu] Article: https://www.thehindu.com/news/national/kerala/ernakulam-rural-police-check-478-school-vehicles-in-special-drive/article70600902.ece
2026-02-06 18:13:56,405 - INFO - [The Hindu] Attempt 1/1: Trying with 'selenium_browser' strategy...
2026-02-06 18:14:08,165 - INFO - [The Hindu] Page content loaded.
2026-02-06 18:14:08,244 - INFO - [The Hindu] Success with 'selenium_browser'. Found content (123 words).
2026-02-06 18:14:20,817 - INFO - Saved article: Ernakulam Rural police check 478 school vehicles in special drive - The Hindu from The Hindu (123 words)
2026-02-06 18:14:21,479 - INFO - [The Hindu] Article: https://www.thehindu.com/news/national/uttar-pradesh/up-sir-gets-fourth-extension-final-voter-list-in-april/article70600840.ece
2026-02-06 18:14:21,479 - INFO - [The Hindu] Attempt 1/1: Trying with 'selenium_browser' strategy...
2026-02-06 18:14:22,181 - INFO - [The Hindu] Page content loaded.
2026-02-06 18:14:22,411 - INFO - [The Hindu] Success with 'selenium_browser'. Found content (182 words).
2026-02-06 18:14:34,976 - INFO - Saved article: U.P. SIR gets fourth extension, final voter list in April - The Hindu from The Hindu (182 words)
2026-02-06 18:14:35,923 - INFO - [The Hindu] Article: https://www.thehindu.com/news/national/mizoram-mp-says-not-being-allowed-to-raise-alleged-defence-land-scam-in-rajya-sabha/article70601204.ece
2026-02-06 18:14:35,923 - INFO - [The Hindu] Attempt 1/1: Trying with 'selenium_browser' strategy...
2026-02-06 18:14:36,881 - INFO - [The Hindu] Page content loaded.
2026-02-06 18:14:36,973 - INFO - [The Hindu] Success with 'selenium_browser'. Found content (391 words).
2026-02-06 18:14:40,209 - CRITICAL - --- TIMEOUT: 1 scrape jobs did not complete in 300s. ---
2026-02-06 18:14:40,209 - ERROR - A thread has timed out and will be abandoned.
2026-02-06 18:14:40,209 - INFO - Shutting down thread pool (wait=False)...
2026-02-06 18:14:40,209 - INFO - Scraped: 2 Times of India, 2 The Guardian, 4 BBC, 1 Timed_Out_Jobs articles. (Total saved: 8)
2026-02-06 18:14:40,209 - INFO - --- Scraping job finished ---
2026-02-06 18:14:40,209 - INFO - --- Scraper service stopped and database connection closed. ---
2026-02-06 18:14:40,210 - INFO - --- Main thread finished. Forcing process exit to kill zombie threads. ---
