2026-01-26 10:57:34,971 - INFO - Loading AI Semantic Model (all-MiniLM-L6-v2)...
2026-01-26 10:57:34,972 - INFO - Use pytorch device_name: cpu
2026-01-26 10:57:34,972 - INFO - Load pretrained SentenceTransformer: all-MiniLM-L6-v2
2026-01-26 10:57:35,078 - INFO - HTTP Request: HEAD https://huggingface.co/sentence-transformers/all-MiniLM-L6-v2/resolve/main/modules.json "HTTP/1.1 307 Temporary Redirect"
2026-01-26 10:57:35,084 - INFO - HTTP Request: HEAD https://huggingface.co/api/resolve-cache/models/sentence-transformers/all-MiniLM-L6-v2/c9745ed1d9f207416be6d2e6f8de32d1f16199bf/modules.json "HTTP/1.1 200 OK"
2026-01-26 10:57:35,121 - INFO - HTTP Request: HEAD https://huggingface.co/sentence-transformers/all-MiniLM-L6-v2/resolve/main/config_sentence_transformers.json "HTTP/1.1 307 Temporary Redirect"
2026-01-26 10:57:35,127 - INFO - HTTP Request: HEAD https://huggingface.co/api/resolve-cache/models/sentence-transformers/all-MiniLM-L6-v2/c9745ed1d9f207416be6d2e6f8de32d1f16199bf/config_sentence_transformers.json "HTTP/1.1 200 OK"
2026-01-26 10:57:35,166 - INFO - HTTP Request: HEAD https://huggingface.co/sentence-transformers/all-MiniLM-L6-v2/resolve/main/config_sentence_transformers.json "HTTP/1.1 307 Temporary Redirect"
2026-01-26 10:57:35,172 - INFO - HTTP Request: HEAD https://huggingface.co/api/resolve-cache/models/sentence-transformers/all-MiniLM-L6-v2/c9745ed1d9f207416be6d2e6f8de32d1f16199bf/config_sentence_transformers.json "HTTP/1.1 200 OK"
2026-01-26 10:57:35,206 - INFO - HTTP Request: HEAD https://huggingface.co/sentence-transformers/all-MiniLM-L6-v2/resolve/main/README.md "HTTP/1.1 307 Temporary Redirect"
2026-01-26 10:57:35,211 - INFO - HTTP Request: HEAD https://huggingface.co/api/resolve-cache/models/sentence-transformers/all-MiniLM-L6-v2/c9745ed1d9f207416be6d2e6f8de32d1f16199bf/README.md "HTTP/1.1 200 OK"
2026-01-26 10:57:35,247 - INFO - HTTP Request: HEAD https://huggingface.co/sentence-transformers/all-MiniLM-L6-v2/resolve/main/modules.json "HTTP/1.1 307 Temporary Redirect"
2026-01-26 10:57:35,252 - INFO - HTTP Request: HEAD https://huggingface.co/api/resolve-cache/models/sentence-transformers/all-MiniLM-L6-v2/c9745ed1d9f207416be6d2e6f8de32d1f16199bf/modules.json "HTTP/1.1 200 OK"
2026-01-26 10:57:35,289 - INFO - HTTP Request: HEAD https://huggingface.co/sentence-transformers/all-MiniLM-L6-v2/resolve/main/sentence_bert_config.json "HTTP/1.1 307 Temporary Redirect"
2026-01-26 10:57:35,294 - INFO - HTTP Request: HEAD https://huggingface.co/api/resolve-cache/models/sentence-transformers/all-MiniLM-L6-v2/c9745ed1d9f207416be6d2e6f8de32d1f16199bf/sentence_bert_config.json "HTTP/1.1 200 OK"
2026-01-26 10:57:35,331 - INFO - HTTP Request: HEAD https://huggingface.co/sentence-transformers/all-MiniLM-L6-v2/resolve/main/adapter_config.json "HTTP/1.1 404 Not Found"
2026-01-26 10:57:35,368 - INFO - HTTP Request: HEAD https://huggingface.co/sentence-transformers/all-MiniLM-L6-v2/resolve/main/config.json "HTTP/1.1 307 Temporary Redirect"
2026-01-26 10:57:35,374 - INFO - HTTP Request: HEAD https://huggingface.co/api/resolve-cache/models/sentence-transformers/all-MiniLM-L6-v2/c9745ed1d9f207416be6d2e6f8de32d1f16199bf/config.json "HTTP/1.1 200 OK"
2026-01-26 10:57:35,512 - WARNING - BertModel LOAD REPORT from: sentence-transformers/all-MiniLM-L6-v2
Key                     | Status     |  | 
------------------------+------------+--+-
embeddings.position_ids | UNEXPECTED |  | 

Notes:
- UNEXPECTED	:can be ignored when loading from different task/architecture; not ok if you expect identical arch.
2026-01-26 10:57:35,550 - INFO - HTTP Request: HEAD https://huggingface.co/sentence-transformers/all-MiniLM-L6-v2/resolve/main/config.json "HTTP/1.1 307 Temporary Redirect"
2026-01-26 10:57:35,556 - INFO - HTTP Request: HEAD https://huggingface.co/api/resolve-cache/models/sentence-transformers/all-MiniLM-L6-v2/c9745ed1d9f207416be6d2e6f8de32d1f16199bf/config.json "HTTP/1.1 200 OK"
2026-01-26 10:57:35,593 - INFO - HTTP Request: HEAD https://huggingface.co/sentence-transformers/all-MiniLM-L6-v2/resolve/main/tokenizer_config.json "HTTP/1.1 307 Temporary Redirect"
2026-01-26 10:57:35,599 - INFO - HTTP Request: HEAD https://huggingface.co/api/resolve-cache/models/sentence-transformers/all-MiniLM-L6-v2/c9745ed1d9f207416be6d2e6f8de32d1f16199bf/tokenizer_config.json "HTTP/1.1 200 OK"
2026-01-26 10:57:35,638 - INFO - HTTP Request: GET https://huggingface.co/api/models/sentence-transformers/all-MiniLM-L6-v2/tree/main/additional_chat_templates?recursive=false&expand=false "HTTP/1.1 404 Not Found"
2026-01-26 10:57:35,678 - INFO - HTTP Request: GET https://huggingface.co/api/models/sentence-transformers/all-MiniLM-L6-v2/tree/main?recursive=true&expand=false "HTTP/1.1 200 OK"
2026-01-26 10:57:35,764 - INFO - HTTP Request: HEAD https://huggingface.co/sentence-transformers/all-MiniLM-L6-v2/resolve/main/1_Pooling/config.json "HTTP/1.1 307 Temporary Redirect"
2026-01-26 10:57:35,771 - INFO - HTTP Request: HEAD https://huggingface.co/api/resolve-cache/models/sentence-transformers/all-MiniLM-L6-v2/c9745ed1d9f207416be6d2e6f8de32d1f16199bf/1_Pooling%2Fconfig.json "HTTP/1.1 200 OK"
2026-01-26 10:57:35,811 - INFO - HTTP Request: GET https://huggingface.co/api/models/sentence-transformers/all-MiniLM-L6-v2 "HTTP/1.1 200 OK"
2026-01-26 10:57:35,816 - INFO - AI Model loaded successfully.
2026-01-26 10:57:35,816 - INFO - --- Scraper service started (CI Mode: Run Once) ---
2026-01-26 10:57:35,816 - INFO - --- Starting new scraping job (Parallel Mode) ---
2026-01-26 10:57:35,816 - INFO - Creating new robust session with 3 retries on 5xx/connection/read errors.
2026-01-26 10:57:35,816 - INFO - Proxy is DISABLED.
2026-01-26 10:57:35,817 - INFO - Starting scrape for BBC RSS feed: http://feeds.bbci.co.uk/news/world/rss.xml
2026-01-26 10:57:35,817 - INFO - [Times of India] (Thread) requires Selenium. Initializing driver...
2026-01-26 10:57:35,817 - INFO - Starting scrape for The Guardian RSS feed: https://www.theguardian.com/world/rss
2026-01-26 10:57:35,818 - INFO - [The Hindu] (Thread) requires Selenium. Initializing driver...
2026-01-26 10:57:35,819 - INFO - Submitted 4 jobs to thread pool. Waiting up to 300s for completion...
2026-01-26 10:57:35,914 - INFO - Found 45 articles in The Guardian RSS feed. Processing up to 30.
2026-01-26 10:57:35,915 - INFO - [The Guardian] Early skip: URL https://www.theguardian.com/world/2026/jan/23/guinea-bissau-hepatitis-b-vaccine-study already exists.
2026-01-26 10:57:36,049 - INFO - [The Guardian] Early skip: URL https://www.theguardian.com/global-development/2026/jan/22/actionaid-rethink-child-sponsorship-decolonise-funding already exists.
2026-01-26 10:57:36,080 - INFO - Found 31 articles in BBC RSS feed. Processing up to 30.
2026-01-26 10:57:36,327 - INFO - [BBC] Early skip: URL https://www.bbc.com/news/articles/cvg50vv1ezko?at_medium=RSS&at_campaign=rss already exists.
2026-01-26 10:57:36,546 - INFO - [The Guardian] Early skip: URL https://www.theguardian.com/us-news/2026/jan/20/us-diplomats-urged-to-remind-african-leaders-of-us-generosity-despite-usaid-closing already exists.
2026-01-26 10:57:36,789 - INFO - [BBC] Early skip: URL https://www.bbc.com/news/articles/c1klrmz90yjo?at_medium=RSS&at_campaign=rss already exists.
2026-01-26 10:57:36,912 - INFO - [The Guardian] Early skip: URL https://www.theguardian.com/global-development/2026/jan/19/brazen-political-influence-rich-laid-bare-wealth-billionaires-inequality-poverty-instability-oxfam already exists.
2026-01-26 10:57:37,127 - INFO - [BBC] Article: https://www.bbc.com/news/articles/c801mj1n04lo?at_medium=RSS&at_campaign=rss
2026-01-26 10:57:37,127 - INFO - [BBC] Attempt 1/1: Trying with 'requests_browser' strategy...
2026-01-26 10:57:37,128 - INFO - [The Guardian] Early skip: URL https://www.theguardian.com/world/2026/jan/18/ugandas-president-calls-opponents-terrorists-in-victory-speech already exists.
2026-01-26 10:57:37,250 - INFO - [BBC] Success with 'requests_browser'. Found content (645 words).
2026-01-26 10:57:49,369 - INFO - DEDUPLICATION: Found match (Score: 0.83). Linking to Cluster ID: e064f7f2-5c0a-4067-99ae-b239fe13ba95
2026-01-26 10:57:49,371 - INFO - Saved article: Israel to reopen Gaza crossing after search for hostage's body ends from BBC (645 words)
2026-01-26 10:57:49,371 - INFO - [The Guardian] Early skip: URL https://www.theguardian.com/us-news/2026/jan/24/trump-canada-tariff-threat-venezuela-oil already exists.
2026-01-26 10:57:49,557 - INFO - [The Guardian] Early skip: URL https://www.theguardian.com/world/2026/jan/23/spanish-prosecutors-drop-julio-iglesias-complaint already exists.
2026-01-26 10:57:49,674 - INFO - [The Guardian] Early skip: URL https://www.theguardian.com/world/2026/jan/23/ryan-wedding-arrested already exists.
2026-01-26 10:57:49,830 - INFO - [The Guardian] Early skip: URL https://www.theguardian.com/world/2026/jan/23/venezuela-leaked-video-delcy-rodriguez-maduro already exists.
2026-01-26 10:57:50,089 - INFO - [The Guardian] Early skip: URL https://www.theguardian.com/us-news/2026/jan/22/trump-withdraws-invitation-canada already exists.
2026-01-26 10:57:50,221 - INFO - [The Guardian] Early skip: URL https://www.theguardian.com/world/2026/jan/26/philippines-ferry-capsizes-sinks-death-toll already exists.
2026-01-26 10:57:50,444 - INFO - [The Guardian] Early skip: URL https://www.theguardian.com/world/2026/jan/26/china-top-ranking-general-zhang-youxia-investigation already exists.
2026-01-26 10:57:50,724 - INFO - [BBC] Early skip: URL https://www.bbc.com/news/articles/c8d0l778dero?at_medium=RSS&at_campaign=rss already exists.
2026-01-26 10:57:50,854 - INFO - [The Guardian] Early skip: URL https://www.theguardian.com/news/ng-interactive/2026/jan/25/china-europe-canada-charm-offensive-trump already exists.
2026-01-26 10:57:50,980 - INFO - [BBC] Article: https://www.bbc.com/news/articles/c20zdj8n7vgo?at_medium=RSS&at_campaign=rss
2026-01-26 10:57:50,980 - INFO - [BBC] Attempt 1/1: Trying with 'requests_browser' strategy...
2026-01-26 10:57:50,981 - INFO - [The Guardian] Early skip: URL https://www.theguardian.com/world/2026/jan/24/north-korea-pentagon-to-reduce-role-deterrence already exists.
2026-01-26 10:57:51,014 - INFO - [BBC] Success with 'requests_browser'. Found content (531 words).
2026-01-26 10:57:54,040 - INFO - Selenium driver initialized successfully.
2026-01-26 10:57:54,041 - INFO - Selenium driver initialized successfully.
2026-01-26 10:57:54,041 - INFO - Starting scrape for Times of India RSS feed: https://timesofindia.indiatimes.com/rssfeeds/296589292.cms
2026-01-26 10:57:54,041 - INFO - Starting scrape for The Hindu RSS feed: https://www.thehindu.com/news/national/feeder/default.rss
2026-01-26 10:57:54,413 - INFO - Found 100 articles in The Hindu RSS feed. Processing up to 30.
2026-01-26 10:57:54,470 - INFO - Found 20 articles in Times of India RSS feed. Processing up to 30.
2026-01-26 10:58:03,830 - INFO - Saved article: Uganda's military chief Muhoozi Kainerugaba denies army assaulted Bobi Wine's wife from BBC (531 words)
2026-01-26 10:58:03,830 - INFO - [The Guardian] Early skip: URL https://www.theguardian.com/world/2026/jan/24/new-zealand-landslide-rescue-efforts-called-off-for-at-least-six-people-buried-in-disaster already exists.
2026-01-26 10:58:04,122 - INFO - [The Hindu] Article: https://www.thehindu.com/sport/cricket/gavaskar-gushes-over-indias-depth-ahead-of-t20-world-cup/article70552589.ece
2026-01-26 10:58:04,122 - INFO - [The Hindu] Attempt 1/1: Trying with 'selenium_browser' strategy...
2026-01-26 10:58:04,123 - INFO - [Times of India] Article: https://timesofindia.indiatimes.com/world/south-asia/bangladesh-crisis-ex-police-chief-among-3-cops-sentenced-to-death-for-protest-crackdown/articleshow/127544511.cms
2026-01-26 10:58:04,124 - INFO - [Times of India] Attempt 1/1: Trying with 'selenium_browser' strategy...
2026-01-26 10:58:04,124 - INFO - [The Guardian] Early skip: URL https://www.theguardian.com/australia-news/2026/jan/26/man-charged-after-allegedly-making-comments-aligned-with-neo-nazi-ideology-at-sydney-anti-immigration-march-ntwnfb already exists.
2026-01-26 10:58:04,233 - INFO - [The Guardian] Early skip: URL https://www.theguardian.com/australia-news/2026/jan/26/australia-cancels-visa-jewish-influencer-sammy-yahood-islam-banned-ntwnfb already exists.
2026-01-26 10:58:04,518 - INFO - [BBC] Early skip: URL https://www.bbc.com/news/articles/cwy1vpqpy23o?at_medium=RSS&at_campaign=rss already exists.
2026-01-26 10:58:04,666 - INFO - [The Guardian] Early skip: URL https://www.theguardian.com/australia-news/2026/jan/26/victoria-evacuate-otways-fire-spread-east-lorne-heatwave already exists.
2026-01-26 10:58:04,891 - INFO - [BBC] Early skip: URL https://www.bbc.com/news/articles/c20gg729y1yo?at_medium=RSS&at_campaign=rss already exists.
2026-01-26 10:58:05,094 - INFO - [The Guardian] Early skip: URL https://www.theguardian.com/australia-news/live/2026/jan/26/australia-invasion-day-protest-victoria-bushfire-weather-heatwave-ntwnfb already exists.
2026-01-26 10:58:05,377 - INFO - [BBC] Article: https://www.bbc.com/news/articles/c89q5q8leeqo?at_medium=RSS&at_campaign=rss
2026-01-26 10:58:05,377 - INFO - [BBC] Attempt 1/1: Trying with 'requests_browser' strategy...
2026-01-26 10:58:05,378 - INFO - [The Guardian] Early skip: URL https://www.theguardian.com/environment/2026/jan/26/severe-heatwave-envelops-south-australia-as-victoria-braces-for-record-breaking-weather already exists.
2026-01-26 10:58:05,402 - INFO - [BBC] Success with 'requests_browser'. Found content (159 words).
2026-01-26 10:58:12,053 - INFO - [The Hindu] Page content loaded.
2026-01-26 10:58:13,301 - INFO - [The Hindu] Success with 'selenium_browser'. Found content (585 words).
2026-01-26 10:58:34,428 - ERROR - [Times of India] Request failed for strategy 'selenium_browser' on URL https://timesofindia.indiatimes.com/world/south-asia/bangladesh-crisis-ex-police-chief-among-3-cops-sentenced-to-death-for-protest-crackdown/articleshow/127544511.cms: Message: timeout: Timed out receiving message from renderer: 19.888
  (Session info: chrome=144.0.7559.59)
Stacktrace:
#0 0x556b68803c3a <unknown>
#1 0x556b6821d969 <unknown>
#2 0x556b68205201 <unknown>
#3 0x556b68204e26 <unknown>
#4 0x556b6820294b <unknown>
#5 0x556b682032cf <unknown>
#6 0x556b68212700 <unknown>
#7 0x556b6822c6f7 <unknown>
#8 0x556b6823397b <unknown>
#9 0x556b68203a39 <unknown>
#10 0x556b6822c48a <unknown>
#11 0x556b682bbd98 <unknown>
#12 0x556b68264be2 <unknown>
#13 0x556b68265991 <unknown>
#14 0x556b687c9a99 <unknown>
#15 0x556b687cc9b1 <unknown>
#16 0x556b687b60a9 <unknown>
#17 0x556b687cd56e <unknown>
#18 0x556b6879c5e0 <unknown>
#19 0x556b687f1358 <unknown>
#20 0x556b687f1528 <unknown>
#21 0x556b68802fa8 <unknown>
#22 0x7fa49de9caa4 <unknown>
#23 0x7fa49df29c6c <unknown>

2026-01-26 10:58:34,430 - ERROR - [Times of India] All scrape strategies failed for https://timesofindia.indiatimes.com/world/south-asia/bangladesh-crisis-ex-police-chief-among-3-cops-sentenced-to-death-for-protest-crackdown/articleshow/127544511.cms. Falling back to RSS description.
2026-01-26 10:58:34,430 - WARNING - SKIPPED (GLOBAL WORD LIMIT): Article 'Bangladesh crisis: Tribunal sentences 3 police officers to death; 5 others get jail terms' from Times of India has only 3 words (Min: 90).
2026-01-26 10:58:39,270 - INFO - Saved article: Greece: Fire at Violanta food factory fire leaves least three dead from BBC (159 words)
2026-01-26 10:58:39,271 - INFO - [The Guardian] Early skip: URL https://www.theguardian.com/world/live/2026/jan/26/ukraine-russia-us-greenland-europe-trade-deal-nato-latest-news-updates already exists.
2026-01-26 10:58:53,727 - INFO - Saved article: Gavaskar gushes over India's depth ahead of T20 World Cup - The Hindu from The Hindu (585 words)
2026-01-26 10:58:53,728 - INFO - [Times of India] Article: https://timesofindia.indiatimes.com/world/rest-of-world/this-worlds-largest-underground-city-under-cappadocia-kept-20000-people-alive-without-seeing-daylight/articleshow/127542217.cms
2026-01-26 10:58:53,728 - INFO - [Times of India] Attempt 1/1: Trying with 'selenium_browser' strategy...
2026-01-26 10:58:53,729 - INFO - [The Guardian] Article: https://www.theguardian.com/environment/2026/jan/26/weather-tracker-severe-storms-grip-us-snow-ice-deep-freeze-warnings
2026-01-26 10:58:53,729 - INFO - [The Guardian] Attempt 1/1: Trying with 'requests_browser' strategy...
2026-01-26 10:58:53,729 - INFO - [BBC] Early skip: URL https://www.bbc.com/news/articles/cvgd8kj2y2po?at_medium=RSS&at_campaign=rss already exists.
2026-01-26 10:58:53,759 - INFO - [The Guardian] Success with 'requests_browser'. Found content (316 words).
2026-01-26 10:58:53,978 - INFO - [BBC] Early skip: URL https://www.bbc.com/news/articles/cr4k2kw500zo?at_medium=RSS&at_campaign=rss already exists.
2026-01-26 10:58:56,395 - INFO - [Times of India] Page content loaded.
2026-01-26 10:58:56,643 - INFO - [Times of India] Success with 'selenium_browser'. Found content (944 words).
2026-01-26 10:59:13,735 - INFO - DEDUPLICATION: Found match (Score: 0.79). Linking to Cluster ID: 334446c5-2a14-494a-96e4-a4ff842eac91
2026-01-26 10:59:13,738 - INFO - Saved article: Weather tracker: Severe storms grip US as snow, ice and deep freeze spread | US news | The Guardian from The Guardian (316 words)
2026-01-26 10:59:13,739 - INFO - [BBC] Early skip: URL https://www.bbc.com/news/articles/clymr3pz2kxo?at_medium=RSS&at_campaign=rss already exists.
2026-01-26 10:59:13,896 - INFO - [The Hindu] Early skip: URL https://www.thehindu.com/news/national/tamil-nadu/republic-day-celebrated-with-patriotic-fervour-in-cuddalore-villupuram-kallakurichi/article70551958.ece already exists.
2026-01-26 10:59:28,347 - INFO - Saved article: THIS world’s largest underground city under Cappadocia kept 20,000 people alive without seeing daylight | World News - The Times of India from Times of India (944 words)
2026-01-26 10:59:28,347 - INFO - [BBC] Early skip: URL https://www.bbc.com/news/articles/cz6y7nxx5jvo?at_medium=RSS&at_campaign=rss already exists.
2026-01-26 10:59:28,600 - INFO - [The Hindu] Early skip: URL https://www.thehindu.com/photos/77th-republic-day-celebration-in-pictures/article70552184.ece already exists.
2026-01-26 10:59:28,779 - INFO - [The Guardian] Early skip: URL https://www.theguardian.com/news/audio/2026/jan/26/why-germany-is-racing-to-rebuild-its-army already exists.
2026-01-26 10:59:28,930 - INFO - [BBC] Early skip: URL https://www.bbc.com/news/articles/cpqyxew338po?at_medium=RSS&at_campaign=rss already exists.
2026-01-26 10:59:29,093 - INFO - [The Hindu] Early skip: URL https://www.thehindu.com/news/national/tamil-nadu/nlc-india-commissions-300-mw-solar-power-project-at-barsingar/article70549483.ece already exists.
2026-01-26 10:59:29,235 - INFO - [The Guardian] Early skip: URL https://www.theguardian.com/environment/2026/jan/26/uk-among-10-countries-to-build-100gw-wind-power-grid-in-north-sea already exists.
2026-01-26 10:59:29,464 - INFO - [BBC] Early skip: URL https://www.bbc.com/news/articles/c4nnp4d064do?at_medium=RSS&at_campaign=rss already exists.
2026-01-26 10:59:29,657 - INFO - [The Hindu] Early skip: URL https://www.thehindu.com/news/national/operation-sindoor-iaf-achieved-air-superiority-over-pakistan-by-may-10-says-swiss-defence-think-tank/article70552476.ece already exists.
2026-01-26 10:59:29,773 - INFO - [The Guardian] Early skip: URL https://www.theguardian.com/world/2026/jan/24/russia-launches-deadly-strikes-on-kyiv-and-kharkiv-ahead-of-day-two-of-peace-talks already exists.
2026-01-26 10:59:29,911 - INFO - [BBC] Early skip: URL https://www.bbc.com/news/articles/c4gl0njzxjdo?at_medium=RSS&at_campaign=rss already exists.
2026-01-26 10:59:30,030 - INFO - [Times of India] Article: https://timesofindia.indiatimes.com/world/middle-east/ramadan-2026-expected-dates-fasting-hours-and-seasonal-shifts-explained/articleshow/127538779.cms
2026-01-26 10:59:30,030 - INFO - [Times of India] Attempt 1/1: Trying with 'selenium_browser' strategy...
2026-01-26 10:59:30,031 - INFO - [The Hindu] Early skip: URL https://www.thehindu.com/news/national/karnataka/survey-of-land-cultivated-by-sharavati-project-affected-people-in-karnataka-completed-report-will-be-submitted-to-court-soon-minister-madhu-bangarappa/article70552387.ece already exists.
2026-01-26 10:59:30,216 - INFO - [The Hindu] Early skip: URL https://www.thehindu.com/news/national/tamil-nadu/cadres-of-various-parties-join-dmk-at-sengipatti-public-meeting/article70552221.ece already exists.
2026-01-26 10:59:30,501 - INFO - [BBC] Early skip: URL https://www.bbc.com/sport/cycling/articles/cgez09jl05wo?at_medium=RSS&at_campaign=rss already exists.
2026-01-26 10:59:30,773 - INFO - [The Guardian] Early skip: URL https://www.theguardian.com/world/2026/jan/25/israel-launches-large-scale-operation-to-find-last-gaza-hostage already exists.
2026-01-26 10:59:30,995 - INFO - [The Hindu] Early skip: URL https://www.thehindu.com/news/national/ed-attaches-assets-worth-198648-crore-in-pacl-case/article70552299.ece already exists.
2026-01-26 10:59:31,200 - INFO - [BBC] Early skip: URL https://www.bbc.com/news/articles/cx2l6wg0p8eo?at_medium=RSS&at_campaign=rss already exists.
2026-01-26 10:59:31,357 - INFO - [Times of India] Page content loaded.
2026-01-26 10:59:31,407 - INFO - [BBC] Early skip: URL https://www.bbc.com/news/articles/c62r4g590wqo?at_medium=RSS&at_campaign=rss already exists.
2026-01-26 10:59:31,504 - INFO - [Times of India] Success with 'selenium_browser'. Found content (593 words).
2026-01-26 10:59:31,551 - INFO - [The Hindu] Early skip: URL https://www.thehindu.com/news/national/karnataka/10000-crore-development-projects-taken-up-in-mysuru-district-along-with-guarantee-schemes-minister-h-c-mahadevappa/article70552252.ece already exists.
2026-01-26 10:59:31,762 - INFO - [The Guardian] Early skip: URL https://www.theguardian.com/world/2026/jan/25/iran-presidents-son-urges-authorities-to-restore-internet-after-protest-blackout already exists.
2026-01-26 10:59:32,000 - INFO - [The Guardian] Early skip: URL https://www.theguardian.com/world/2026/jan/25/iran-us-protests-crackdown already exists.
2026-01-26 10:59:46,944 - INFO - Saved article: Ramadan 2026: Expected dates, fasting hours, and seasonal shifts explained | World News - The Times of India from Times of India (593 words)
2026-01-26 10:59:46,944 - INFO - [The Hindu] Early skip: URL https://www.thehindu.com/news/national/bihar/maintaining-rule-of-law-is-the-governments-highest-priority-says-bihar-governor-arif-mohammad-khan/article70552382.ece already exists.
2026-01-26 10:59:47,177 - INFO - [BBC] Early skip: URL https://www.bbc.com/news/articles/cnvg812n01no?at_medium=RSS&at_campaign=rss already exists.
2026-01-26 10:59:47,467 - INFO - [The Guardian] Early skip: URL https://www.theguardian.com/world/2026/jan/24/syria-kurdish-military-extend-ceasefire-war already exists.
2026-01-26 10:59:47,587 - INFO - [The Hindu] Early skip: URL https://www.thehindu.com/news/national/telangana/telangana-vision-document-in-line-with-the-viksit-bharat-goal-of-india-governor/article70552266.ece already exists.
2026-01-26 10:59:47,873 - INFO - [BBC] Early skip: URL https://www.bbc.com/news/articles/c1w94v205y2o?at_medium=RSS&at_campaign=rss already exists.
2026-01-26 10:59:48,020 - INFO - [The Guardian] Early skip: URL https://www.theguardian.com/world/2026/jan/23/trump-says-us-armada-heading-middle-east-iran-death-toll already exists.
2026-01-26 10:59:48,235 - INFO - [The Hindu] Early skip: URL https://www.thehindu.com/news/national/madhya-pradesh/madhya-pradesh-to-observe-2026-as-year-of-agriculture-focus-on-farmer-welfare-governor/article70552392.ece already exists.
2026-01-26 10:59:48,512 - INFO - [Times of India] Early skip: URL https://timesofindia.indiatimes.com/world/us/frozen-america-a-brutal-winter-storm-has-gripped-the-united-states-in-pics/photostory/127535339.cms already exists.
2026-01-26 10:59:48,745 - INFO - [BBC] Early skip: URL https://www.bbc.com/news/articles/cj0nmj72v8ro?at_medium=RSS&at_campaign=rss already exists.
2026-01-26 10:59:48,974 - INFO - [The Hindu] Early skip: URL https://www.thehindu.com/news/national/tripura/government-working-for-all-round-development-in-tripura-says-governor-indrasena-reddy/article70552390.ece already exists.
2026-01-26 10:59:49,224 - INFO - [Times of India] Early skip: URL https://timesofindia.indiatimes.com/world/rest-of-world/worlds-longest-road-tunnel-takes-drivers-on-a-20-minute-journey-without-daylight-beneath-norways-mountains/articleshow/127533646.cms already exists.
2026-01-26 10:59:49,411 - INFO - [BBC] Early skip: URL https://www.bbc.com/news/articles/c99kkerr93ko?at_medium=RSS&at_campaign=rss already exists.
2026-01-26 10:59:49,587 - INFO - [The Hindu] Early skip: URL https://www.thehindu.com/news/national/77th-republic-day-pm-modis-deep-maroon-golden-motif-turban-steals-show/article70552345.ece already exists.
2026-01-26 10:59:49,761 - INFO - [Times of India] Early skip: URL https://timesofindia.indiatimes.com/world/middle-east/dubais-gulfood-2026-two-venues-8500-exhibitors-and-the-worlds-biggest-food-show/articleshow/127532327.cms already exists.
2026-01-26 10:59:49,948 - INFO - [BBC] Early skip: URL https://www.bbc.com/news/articles/c20zjyxep99o?at_medium=RSS&at_campaign=rss already exists.
2026-01-26 10:59:50,174 - INFO - [The Hindu] Early skip: URL https://www.thehindu.com/news/national/dreamliners-have-bright-future-in-india-expect-more-orders-boeing/article70552300.ece already exists.
2026-01-26 10:59:50,276 - INFO - [Times of India] Early skip: URL https://timesofindia.indiatimes.com/world/middle-east/qatar-labour-ministry-urges-worker-safety-amid-dusty-windy-conditions-in-doha/articleshow/127532690.cms already exists.
2026-01-26 10:59:50,522 - INFO - [BBC] Early skip: URL https://www.bbc.com/news/articles/c9wxx29yknpo?at_medium=RSS&at_campaign=rss already exists.
2026-01-26 10:59:50,684 - INFO - [The Hindu] Early skip: URL https://www.thehindu.com/news/national/kerala/nss-director-board-decides-not-to-go-ahead-with-attempts-to-forge-alliance-with-sndp/article70552193.ece already exists.
2026-01-26 10:59:50,917 - INFO - [Times of India] Early skip: URL https://timesofindia.indiatimes.com/world/us/winter-storm-in-us-private-jet-carrying-8-passengers-crashes-during-takeoff-at-maine-airport/articleshow/127528428.cms already exists.
2026-01-26 10:59:51,187 - INFO - [BBC] Early skip: URL https://www.bbc.com/news/articles/c338jpk8r1vo?at_medium=RSS&at_campaign=rss already exists.
2026-01-26 10:59:51,301 - INFO - [The Hindu] Early skip: URL https://www.thehindu.com/news/national/pakistan-keeps-inflicting-wounds-on-jk-attempted-to-destroy-tourism-deputy-cm-surinder-choudhary/article70552203.ece already exists.
2026-01-26 10:59:51,488 - INFO - [Times of India] Early skip: URL https://timesofindia.indiatimes.com/world/middle-east/brothers-forever-uae-announces-week-long-nationwide-festival-celebrating-decades-of-ties-with-kuwait/articleshow/127527670.cms already exists.
2026-01-26 10:59:51,763 - INFO - [BBC] Early skip: URL https://www.bbc.com/news/articles/c0err023g5lo?at_medium=RSS&at_campaign=rss already exists.
2026-01-26 10:59:51,953 - INFO - [The Hindu] Early skip: URL https://www.thehindu.com/news/national/tamil-nadu/madras-high-court-chief-justice-unfurls-tricolour/article70551985.ece already exists.
2026-01-26 10:59:52,102 - INFO - [Times of India] Early skip: URL https://timesofindia.indiatimes.com/world/us/vikings-reached-america-1000-years-before-christopher-columbus-scientists-confirm/articleshow/127529659.cms already exists.
2026-01-26 10:59:52,398 - INFO - [BBC] Early skip: URL https://www.bbc.com/news/articles/c0keelnyrvro?at_medium=RSS&at_campaign=rss already exists.
2026-01-26 10:59:52,557 - INFO - [The Hindu] Early skip: URL https://www.thehindu.com/news/national/maharashtra/republic-day-celebrated-at-maharashtra-lok-bhavan/article70552211.ece already exists.
2026-01-26 10:59:52,786 - INFO - [Times of India] Early skip: URL https://timesofindia.indiatimes.com/world/rest-of-world/half-the-oxygen-no-running-water-inside-the-worlds-highest-town-where-50000-people-still-live/articleshow/127398934.cms already exists.
2026-01-26 10:59:53,044 - INFO - [BBC] Early skip: URL https://www.bbc.com/news/videos/cg4e0r1el5yo?at_medium=RSS&at_campaign=rss already exists.
2026-01-26 10:59:53,175 - INFO - [The Hindu] Early skip: URL https://www.thehindu.com/news/national/assam/467-of-17-lakh-illegal-foreigners-repatriated-from-assam-governor/article70552103.ece already exists.
2026-01-26 10:59:53,401 - INFO - [Times of India] Early skip: URL https://timesofindia.indiatimes.com/world/uk/archaeologists-uncover-800000-year-old-human-footprints-beneath-the-sands-of-eastern-england/articleshow/127486937.cms already exists.
2026-01-26 10:59:53,516 - INFO - [BBC] Article: https://www.bbc.com/news/videos/cpqyxlqwqqlo?at_medium=RSS&at_campaign=rss
2026-01-26 10:59:53,516 - INFO - [BBC] Attempt 1/1: Trying with 'requests_browser' strategy...
2026-01-26 10:59:53,517 - INFO - [The Hindu] Early skip: URL https://www.thehindu.com/news/cities/mumbai/actor-held-for-raping-domestic-help-on-promise-of-marriage-in-mumbai/article70552092.ece already exists.
2026-01-26 10:59:53,566 - WARNING - [BBC] FAILED with 'requests_browser' (content was too short: 71 words).
2026-01-26 10:59:53,566 - ERROR - [BBC] All scrape strategies failed for https://www.bbc.com/news/videos/cpqyxlqwqqlo?at_medium=RSS&at_campaign=rss. Falling back to RSS description.
2026-01-26 10:59:53,566 - WARNING - SKIPPED (GLOBAL WORD LIMIT): Article 'Deadly winter storm grips large parts of the US' from BBC has only 18 words (Min: 90).
2026-01-26 10:59:53,676 - INFO - [Times of India] Early skip: URL https://timesofindia.indiatimes.com/world/rest-of-world/this-3000-year-old-treasure-in-spain-was-made-with-iron-that-fell-from-the-sky/articleshow/127488784.cms already exists.
2026-01-26 10:59:53,908 - INFO - [The Hindu] Early skip: URL https://www.thehindu.com/news/national/shashi-tharoor-declines-to-comment-on-discussions-with-cpim-in-dubai/article70552089.ece already exists.
2026-01-26 10:59:54,040 - INFO - [Times of India] Early skip: URL https://timesofindia.indiatimes.com/world/middle-east/dubai-culture-signs-deal-with-spotify-to-bring-more-local-music-to-uae-listeners/articleshow/127528259.cms already exists.
2026-01-26 10:59:54,223 - INFO - [The Hindu] Early skip: URL https://www.thehindu.com/news/national/chhattisgarh/security-personnel-injured-ieds-blast-by-naxals-in-chhattisgarh/article70551999.ece already exists.
2026-01-26 10:59:54,409 - INFO - [Times of India] Early skip: URL https://timesofindia.indiatimes.com/world/middle-east/uae-weather-alert-rain-and-hailstorm-hit-ras-al-khaimah-fujairah-as-temperatures-drop-to-12c/articleshow/127526582.cms already exists.
2026-01-26 10:59:54,605 - INFO - [The Hindu] Early skip: URL https://www.thehindu.com/news/national/77th-republic-day-celebrations-on-kartavya-path/article70552016.ece already exists.
2026-01-26 10:59:54,813 - INFO - [BBC] Early skip: URL https://www.bbc.com/news/videos/c6206p2zyyqo?at_medium=RSS&at_campaign=rss already exists.
2026-01-26 10:59:54,932 - INFO - [Times of India] Early skip: URL https://timesofindia.indiatimes.com/world/rest-of-world/no-intention-canadas-carney-rules-out-free-trade-pact-with-china-after-trump-threatens-tariffs/articleshow/127520427.cms already exists.
2026-01-26 10:59:55,106 - INFO - [The Hindu] Early skip: URL https://www.thehindu.com/news/national/president-droupadi-murmu-confers-ashoka-chakra-to-space-hero-shubhanshu-shukla/article70552025.ece already exists.
2026-01-26 10:59:55,234 - INFO - [Times of India] Early skip: URL https://timesofindia.indiatimes.com/world/rest-of-world/mexico-shooting-11-killed-in-armed-attack-at-soccer-field-in-guanajuato/articleshow/127524931.cms already exists.
2026-01-26 10:59:55,464 - INFO - [The Hindu] Early skip: URL https://www.thehindu.com/news/national/woman-officer-leads-all-male-crpf-contingent-at-republic-day-parade/article70552021.ece already exists.
2026-01-26 10:59:55,625 - INFO - [Times of India] Early skip: URL https://timesofindia.indiatimes.com/world/middle-east/uae-and-malaysia-deepen-anti-corruption-cooperation-through-new-agreement/articleshow/127525033.cms already exists.
2026-01-26 10:59:55,910 - INFO - [The Hindu] Early skip: URL https://www.thehindu.com/news/national/karnataka/duathlon-in-belagavi-attracts-young-and-old/article70550371.ece already exists.
2026-01-26 10:59:56,142 - INFO - [Times of India] Early skip: URL https://timesofindia.indiatimes.com/world/us/cooperate-turn-over-all-illegal-aliens-trumps-targets-governor-walz-amid-immigration-crackdown/articleshow/127520010.cms already exists.
2026-01-26 10:59:56,273 - INFO - [The Hindu] Early skip: URL https://www.thehindu.com/news/national/maharashtra/dri-busts-mephedrone-factory-in-satara-seizes-drugs-worth-55-crore/article70551966.ece already exists.
2026-01-26 10:59:56,524 - INFO - [Times of India] Early skip: URL https://timesofindia.indiatimes.com/world/rest-of-world/ferry-carrying-350-passengers-sinks-off-southern-philippines-at-least-15-dead/articleshow/127520221.cms already exists.
2026-01-26 10:59:56,817 - INFO - [Times of India] (Thread) Finished. Attempting to shut down its Selenium driver.
2026-01-26 10:59:56,818 - INFO - [The Hindu] Early skip: URL https://www.thehindu.com/news/national/assam/assam-people-must-decide-between-vote-bank-politics-and-development-himanta/article70551909.ece already exists.
2026-01-26 10:59:56,942 - INFO - [The Hindu] Early skip: URL https://www.thehindu.com/news/national/maharashtra/cpim-aiks-nashik-march-celebrate-republic-day-on-the-highway-from-nashik-to-mumbai/article70551969.ece already exists.
2026-01-26 10:59:57,100 - INFO - [The Hindu] (Thread) Finished. Attempting to shut down its Selenium driver.
2026-01-26 10:59:57,118 - INFO - [Times of India] (Thread) driver.quit() successful.
2026-01-26 10:59:57,337 - INFO - [The Hindu] (Thread) driver.quit() successful.
2026-01-26 10:59:57,337 - INFO - Shutting down thread pool (wait=False)...
2026-01-26 10:59:57,337 - INFO - Scraped: 2 Times of India, 3 BBC, 1 The Hindu, 1 The Guardian articles. (Total saved: 7)
2026-01-26 10:59:57,337 - INFO - --- Scraping job finished ---
2026-01-26 10:59:57,343 - INFO - --- Scraper service stopped and database connection closed. ---
2026-01-26 10:59:57,343 - INFO - --- Main thread finished. Forcing process exit to kill zombie threads. ---
