2026-03-26 13:26:36,708 - INFO - Loading AI Semantic Model (all-MiniLM-L6-v2)...
2026-03-26 13:26:36,709 - INFO - Use pytorch device_name: cpu
2026-03-26 13:26:36,709 - INFO - Load pretrained SentenceTransformer: all-MiniLM-L6-v2
2026-03-26 13:26:36,819 - INFO - HTTP Request: HEAD https://huggingface.co/sentence-transformers/all-MiniLM-L6-v2/resolve/main/modules.json "HTTP/1.1 307 Temporary Redirect"
2026-03-26 13:26:36,826 - INFO - HTTP Request: HEAD https://huggingface.co/api/resolve-cache/models/sentence-transformers/all-MiniLM-L6-v2/c9745ed1d9f207416be6d2e6f8de32d1f16199bf/modules.json "HTTP/1.1 200 OK"
2026-03-26 13:26:36,862 - INFO - HTTP Request: HEAD https://huggingface.co/sentence-transformers/all-MiniLM-L6-v2/resolve/main/config_sentence_transformers.json "HTTP/1.1 307 Temporary Redirect"
2026-03-26 13:26:36,869 - INFO - HTTP Request: HEAD https://huggingface.co/api/resolve-cache/models/sentence-transformers/all-MiniLM-L6-v2/c9745ed1d9f207416be6d2e6f8de32d1f16199bf/config_sentence_transformers.json "HTTP/1.1 200 OK"
2026-03-26 13:26:36,907 - INFO - HTTP Request: HEAD https://huggingface.co/sentence-transformers/all-MiniLM-L6-v2/resolve/main/config_sentence_transformers.json "HTTP/1.1 307 Temporary Redirect"
2026-03-26 13:26:36,913 - INFO - HTTP Request: HEAD https://huggingface.co/api/resolve-cache/models/sentence-transformers/all-MiniLM-L6-v2/c9745ed1d9f207416be6d2e6f8de32d1f16199bf/config_sentence_transformers.json "HTTP/1.1 200 OK"
2026-03-26 13:26:36,946 - INFO - HTTP Request: HEAD https://huggingface.co/sentence-transformers/all-MiniLM-L6-v2/resolve/main/README.md "HTTP/1.1 307 Temporary Redirect"
2026-03-26 13:26:36,954 - INFO - HTTP Request: HEAD https://huggingface.co/api/resolve-cache/models/sentence-transformers/all-MiniLM-L6-v2/c9745ed1d9f207416be6d2e6f8de32d1f16199bf/README.md "HTTP/1.1 200 OK"
2026-03-26 13:26:36,991 - INFO - HTTP Request: HEAD https://huggingface.co/sentence-transformers/all-MiniLM-L6-v2/resolve/main/modules.json "HTTP/1.1 307 Temporary Redirect"
2026-03-26 13:26:36,991 - WARNING - Warning: You are sending unauthenticated requests to the HF Hub. Please set a HF_TOKEN to enable higher rate limits and faster downloads.
2026-03-26 13:26:36,998 - INFO - HTTP Request: HEAD https://huggingface.co/api/resolve-cache/models/sentence-transformers/all-MiniLM-L6-v2/c9745ed1d9f207416be6d2e6f8de32d1f16199bf/modules.json "HTTP/1.1 200 OK"
2026-03-26 13:26:37,035 - INFO - HTTP Request: HEAD https://huggingface.co/sentence-transformers/all-MiniLM-L6-v2/resolve/main/sentence_bert_config.json "HTTP/1.1 307 Temporary Redirect"
2026-03-26 13:26:37,042 - INFO - HTTP Request: HEAD https://huggingface.co/api/resolve-cache/models/sentence-transformers/all-MiniLM-L6-v2/c9745ed1d9f207416be6d2e6f8de32d1f16199bf/sentence_bert_config.json "HTTP/1.1 200 OK"
2026-03-26 13:26:37,080 - INFO - HTTP Request: HEAD https://huggingface.co/sentence-transformers/all-MiniLM-L6-v2/resolve/main/adapter_config.json "HTTP/1.1 404 Not Found"
2026-03-26 13:26:37,115 - INFO - HTTP Request: HEAD https://huggingface.co/sentence-transformers/all-MiniLM-L6-v2/resolve/main/config.json "HTTP/1.1 307 Temporary Redirect"
2026-03-26 13:26:37,122 - INFO - HTTP Request: HEAD https://huggingface.co/api/resolve-cache/models/sentence-transformers/all-MiniLM-L6-v2/c9745ed1d9f207416be6d2e6f8de32d1f16199bf/config.json "HTTP/1.1 200 OK"
2026-03-26 13:26:37,234 - WARNING - [1mBertModel LOAD REPORT[0m from: sentence-transformers/all-MiniLM-L6-v2
Key                     | Status     |  | 
------------------------+------------+--+-
embeddings.position_ids | UNEXPECTED |  | 

[3mNotes:
- UNEXPECTED[3m	:can be ignored when loading from different task/architecture; not ok if you expect identical arch.[0m
2026-03-26 13:26:37,268 - INFO - HTTP Request: HEAD https://huggingface.co/sentence-transformers/all-MiniLM-L6-v2/resolve/main/config.json "HTTP/1.1 307 Temporary Redirect"
2026-03-26 13:26:37,275 - INFO - HTTP Request: HEAD https://huggingface.co/api/resolve-cache/models/sentence-transformers/all-MiniLM-L6-v2/c9745ed1d9f207416be6d2e6f8de32d1f16199bf/config.json "HTTP/1.1 200 OK"
2026-03-26 13:26:37,308 - INFO - HTTP Request: HEAD https://huggingface.co/sentence-transformers/all-MiniLM-L6-v2/resolve/main/tokenizer_config.json "HTTP/1.1 307 Temporary Redirect"
2026-03-26 13:26:37,315 - INFO - HTTP Request: HEAD https://huggingface.co/api/resolve-cache/models/sentence-transformers/all-MiniLM-L6-v2/c9745ed1d9f207416be6d2e6f8de32d1f16199bf/tokenizer_config.json "HTTP/1.1 200 OK"
2026-03-26 13:26:37,354 - INFO - HTTP Request: GET https://huggingface.co/api/models/sentence-transformers/all-MiniLM-L6-v2/tree/main/additional_chat_templates?recursive=false&expand=false "HTTP/1.1 404 Not Found"
2026-03-26 13:26:37,393 - INFO - HTTP Request: GET https://huggingface.co/api/models/sentence-transformers/all-MiniLM-L6-v2/tree/main?recursive=true&expand=false "HTTP/1.1 200 OK"
2026-03-26 13:26:37,484 - INFO - HTTP Request: HEAD https://huggingface.co/sentence-transformers/all-MiniLM-L6-v2/resolve/main/1_Pooling/config.json "HTTP/1.1 307 Temporary Redirect"
2026-03-26 13:26:37,491 - INFO - HTTP Request: HEAD https://huggingface.co/api/resolve-cache/models/sentence-transformers/all-MiniLM-L6-v2/c9745ed1d9f207416be6d2e6f8de32d1f16199bf/1_Pooling%2Fconfig.json "HTTP/1.1 200 OK"
2026-03-26 13:26:37,533 - INFO - HTTP Request: GET https://huggingface.co/api/models/sentence-transformers/all-MiniLM-L6-v2 "HTTP/1.1 200 OK"
2026-03-26 13:26:37,537 - INFO - AI Model loaded successfully.
2026-03-26 13:26:37,537 - INFO - --- Scraper service started (CI Mode: Run Once) ---
2026-03-26 13:26:37,537 - INFO - --- Starting new scraping job (Parallel Mode) ---
2026-03-26 13:26:37,537 - INFO - Connecting to Google Sheets...
2026-03-26 13:26:40,858 - INFO - Connected to Sheet: News Scrapper AI / Sheet1
2026-03-26 13:26:40,858 - INFO - Fetching existing data to build cache...
2026-03-26 13:26:55,913 - INFO - Loaded 45326 rows from sheet.
2026-03-26 13:26:56,713 - INFO - Cache built: 45326 URLs. Current MAX_ID: 45427
2026-03-26 13:26:56,719 - INFO - Creating new robust session with 3 retries on 5xx/connection/read errors.
2026-03-26 13:26:56,719 - INFO - Proxy is DISABLED.
2026-03-26 13:26:56,719 - INFO - Starting scrape for BBC RSS feed: http://feeds.bbci.co.uk/news/world/rss.xml
2026-03-26 13:26:56,719 - INFO - [Times of India] (Thread) requires Selenium. Initializing driver...
2026-03-26 13:26:56,721 - INFO - Starting scrape for The Guardian RSS feed: https://www.theguardian.com/world/rss
2026-03-26 13:26:56,722 - INFO - [The Hindu] (Thread) requires Selenium. Initializing driver...
2026-03-26 13:26:56,722 - INFO - [The Dawn] (Thread) requires Selenium. Initializing driver...
2026-03-26 13:26:56,723 - INFO - [Al Jazeera] (Thread) requires Selenium. Initializing driver...
2026-03-26 13:26:56,723 - INFO - Starting scrape for TechCrunch RSS feed: https://techcrunch.com/feed/
2026-03-26 13:26:56,724 - INFO - [Economic Times] (Thread) requires Selenium. Initializing driver...
2026-03-26 13:26:56,725 - INFO - Submitted 8 jobs to thread pool. Waiting up to 420s for completion...
2026-03-26 13:26:56,835 - INFO - Found 0 articles in TechCrunch RSS feed. Processing until 30 new articles are saved.
2026-03-26 13:26:56,898 - INFO - Found 21 articles in BBC RSS feed. Processing until 30 new articles are saved.
2026-03-26 13:26:56,898 - INFO - [BBC] Early skip: URL https://www.bbc.com/news/articles/cn08x9lw0pzo?at_medium=RSS&at_campaign=rss already exists.
2026-03-26 13:26:56,901 - INFO - [BBC] Article: https://www.bbc.com/news/articles/c87wd0d84jqo?at_medium=RSS&at_campaign=rss
2026-03-26 13:26:56,901 - INFO - [BBC] Attempt 1/1: Trying with 'requests_browser' strategy...
2026-03-26 13:26:57,120 - INFO - Found 45 articles in The Guardian RSS feed. Processing until 30 new articles are saved.
2026-03-26 13:26:57,120 - INFO - [The Guardian] Early skip: URL https://www.theguardian.com/world/2026/mar/26/sudan-drone-strikes-civilian-targets-north-darfur-market-north-kordofan-truck already exists.
2026-03-26 13:26:57,121 - INFO - [The Guardian] Early skip: URL https://www.theguardian.com/world/2026/mar/26/ukraine-war-briefing-zelenskyy-says-us-has-linked-security-guarantees-to-ceding-of-donbas already exists.
2026-03-26 13:26:57,123 - INFO - [The Guardian] Early skip: URL https://www.theguardian.com/news/2026/mar/25/un-votes-slave-trade-gravest-crime-against-humanity-reparatory-justice already exists.
2026-03-26 13:26:57,124 - INFO - [The Guardian] Early skip: URL https://www.theguardian.com/culture/2026/mar/25/ebo-m-lion-king-circle-of-life-chant-learnmore-jonasi-lawsuit already exists.
2026-03-26 13:26:57,125 - INFO - [The Guardian] Early skip: URL https://www.theguardian.com/environment/2026/mar/24/mountain-gorillas-twins-born-drc-aoe already exists.
2026-03-26 13:26:57,128 - INFO - [The Guardian] Early skip: URL https://www.theguardian.com/world/2026/mar/25/mark-carney-air-canada-fire-truck-crash already exists.
2026-03-26 13:26:57,130 - INFO - [The Guardian] Early skip: URL https://www.theguardian.com/us-news/2026/mar/24/canadian-mother-detention-warns-immigrants already exists.
2026-03-26 13:26:57,135 - INFO - [The Guardian] Early skip: URL https://www.theguardian.com/world/2026/mar/24/brazil-jair-bolsonaro-house-arrest-health already exists.
2026-03-26 13:26:57,136 - INFO - [The Guardian] Early skip: URL https://www.theguardian.com/us-news/2026/mar/24/laguardia-airplane-pilots-safety-concerns-crash already exists.
2026-03-26 13:26:57,143 - INFO - [The Guardian] Early skip: URL https://www.theguardian.com/us-news/2026/mar/23/canadian-flight-attendant-survives-new-york-plane-crash-laguardia already exists.
2026-03-26 13:26:57,149 - INFO - [The Guardian] Early skip: URL https://www.theguardian.com/us-news/2026/mar/26/trump-xi-jinping-china-trip-rescheduled-may already exists.
2026-03-26 13:26:57,150 - INFO - [The Guardian] Early skip: URL https://www.theguardian.com/australia-news/2026/mar/25/australia-chinese-nationals-arriving-by-boat-indonesia-reports-surge already exists.
2026-03-26 13:26:57,151 - INFO - [The Guardian] Early skip: URL https://www.theguardian.com/world/2026/mar/25/china-hong-kong-dissidents-transnational-repression-report already exists.
2026-03-26 13:26:57,152 - INFO - [The Guardian] Early skip: URL https://www.theguardian.com/world/2026/mar/25/philippines-declares-national-energy-emergency-iran-war already exists.
2026-03-26 13:26:57,154 - INFO - [The Guardian] Early skip: URL https://www.theguardian.com/world/2026/mar/25/new-zealand-maori-electorates-explained already exists.
2026-03-26 13:26:57,155 - INFO - [The Guardian] Early skip: URL https://www.theguardian.com/business/2026/mar/26/oecd-finds-global-economy-on-brink-of-inflation-spike-due-to-us-israeli-attacks-on-iran-with-australia-not-immune already exists.
2026-03-26 13:26:57,156 - INFO - [The Guardian] Early skip: URL https://www.theguardian.com/australia-news/2026/mar/26/sydney-high-school-teacher-groomed-14-year-old-girl-money-sexually-explicit-material-ntwnfb already exists.
2026-03-26 13:26:57,158 - INFO - [The Guardian] Early skip: URL https://www.theguardian.com/australia-news/2026/mar/26/bondi-terror-attack-took-place-amid-global-spike-in-foiled-islamic-state-inspired-plots-researchers-find-ntwnfb already exists.
2026-03-26 13:26:57,159 - INFO - [The Guardian] Early skip: URL https://www.theguardian.com/australia-news/live/2026/mar/26/australia-politics-live-penny-wong-iran-united-nations-war-fuel-crisis-cost-of-living-parliament-question-time-anthony-albanese-angus-taylor-ntwnfb already exists.
2026-03-26 13:26:57,160 - INFO - [The Guardian] Early skip: URL https://www.theguardian.com/australia-news/2026/mar/26/australia-house-auction-clearance-rate-falls-interest-rates already exists.
2026-03-26 13:26:57,162 - INFO - [The Guardian] Article: https://www.theguardian.com/technology/2026/mar/26/brussels-opens-investigation-into-snapchat-amid-concern-over-childrens-safety
2026-03-26 13:26:57,166 - INFO - [The Guardian] Attempt 1/1: Trying with 'requests_browser' strategy...
2026-03-26 13:26:57,170 - INFO - [BBC] Success with 'requests_browser'. Found content (1015 words).
2026-03-26 13:26:57,478 - INFO - [The Guardian] Success with 'requests_browser'. Found content (531 words).
2026-03-26 13:26:58,005 - INFO - Selenium driver initialized successfully (Eager load strategy, 7s timeout).
2026-03-26 13:26:58,005 - INFO - Starting scrape for Times of India RSS feed: https://timesofindia.indiatimes.com/rssfeeds/296589292.cms
2026-03-26 13:26:58,016 - INFO - Selenium driver initialized successfully (Eager load strategy, 7s timeout).
2026-03-26 13:26:58,016 - INFO - Starting scrape for The Dawn RSS feed: https://www.dawn.com/feeds/home
2026-03-26 13:26:58,019 - INFO - Selenium driver initialized successfully (Eager load strategy, 7s timeout).
2026-03-26 13:26:58,019 - INFO - Starting scrape for Economic Times RSS feed: https://economictimes.indiatimes.com/rssfeedsdefault.cms
2026-03-26 13:26:58,019 - INFO - Selenium driver initialized successfully (Eager load strategy, 7s timeout).
2026-03-26 13:26:58,020 - INFO - Starting scrape for Al Jazeera RSS feed: https://www.aljazeera.com/xml/rss/all.xml
2026-03-26 13:26:58,036 - INFO - Selenium driver initialized successfully (Eager load strategy, 7s timeout).
2026-03-26 13:26:58,037 - INFO - Starting scrape for The Hindu RSS feed: https://www.thehindu.com/news/national/feeder/default.rss
2026-03-26 13:26:58,161 - INFO - Found 25 articles in Al Jazeera RSS feed. Processing until 30 new articles are saved.
2026-03-26 13:26:58,162 - INFO - [Al Jazeera] Article: https://www.aljazeera.com/video/newsfeed/2026/3/26/damage-in-israel-from-iranian-attacks?traffic_source=rss
2026-03-26 13:26:58,162 - INFO - [Al Jazeera] Attempt 1/2: Trying with 'requests_browser' strategy...
2026-03-26 13:26:58,173 - INFO - Found 60 articles in The Hindu RSS feed. Processing until 30 new articles are saved.
2026-03-26 13:26:58,174 - INFO - [The Hindu] Article: https://www.thehindu.com/news/national/telangana/ready-to-release-white-paper-on-investment-scenario-says-sridhar-babu/article70787683.ece
2026-03-26 13:26:58,174 - INFO - [The Hindu] Attempt 1/1: Trying with 'selenium_browser' strategy...
2026-03-26 13:26:58,210 - WARNING - [Al Jazeera] FAILED with 'requests_browser' (content was too short: 62 words).
2026-03-26 13:26:58,260 - INFO - Found 20 articles in Times of India RSS feed. Processing until 30 new articles are saved.
2026-03-26 13:26:58,261 - INFO - [Times of India] Article: https://timesofindia.indiatimes.com/world/uk/british-actor-rizwan-ahmed-claims-south-asians-are-constantly-chased-in-the-west-being-brown-is-a-spy-thriller/articleshow/129825010.cms
2026-03-26 13:26:58,261 - INFO - [Times of India] Attempt 1/1: Trying with 'selenium_browser' strategy...
2026-03-26 13:26:58,336 - INFO - Found 24 articles in The Dawn RSS feed. Processing until 30 new articles are saved.
2026-03-26 13:26:58,336 - INFO - [The Dawn] Early skip: URL https://www.dawn.com/news/1985561/dpm-dar-says-us-iran-indirect-talks-taking-place-through-messages-being-relayed-by-pakistan already exists.
2026-03-26 13:26:58,340 - INFO - [The Dawn] Article: https://www.dawn.com/news/1985578/high-level-meeting-chaired-by-president-stresses-national-consensus-institutional-coordination-amid-regional-volatility
2026-03-26 13:26:58,340 - INFO - [The Dawn] Attempt 1/2: Trying with 'requests_browser' strategy...
2026-03-26 13:26:58,350 - ERROR - [The Dawn] Request failed for strategy 'requests_browser' on URL https://www.dawn.com/news/1985578/high-level-meeting-chaired-by-president-stresses-national-consensus-institutional-coordination-amid-regional-volatility: 403 Client Error: Forbidden for url: https://www.dawn.com/news/1985578/high-level-meeting-chaired-by-president-stresses-national-consensus-institutional-coordination-amid-regional-volatility
2026-03-26 13:26:58,649 - INFO - Found 76 articles in Economic Times RSS feed. Processing until 30 new articles are saved.
2026-03-26 13:26:58,649 - INFO - [Economic Times] Early skip: URL https://economictimes.indiatimes.com/mf/analysis/top-5-mutual-funds-which-are-better-than-fixed-deposits-in-1-year-check-details/slideshow/129816453.cms already exists.
2026-03-26 13:26:58,652 - INFO - [Economic Times] Early skip: URL https://economictimes.indiatimes.com/markets/us-stocks/news/allocate-1020-globally-stagger-investments-amid-volatility-alekh-yadav-sanctum-wealth/articleshow/129807390.cms already exists.
2026-03-26 13:26:58,654 - INFO - [Economic Times] Early skip: URL https://economictimes.indiatimes.com/markets/expert-view/etmarkets-smart-talk-healthcare-infra-financials-look-attractive-after-recent-market-fall-sachin-bajaj-cio/articleshow/129807529.cms already exists.
2026-03-26 13:26:58,658 - INFO - [Economic Times] Early skip: URL https://economictimes.indiatimes.com/markets/stocks/news/stock-market-holiday-today-for-ram-navami-are-nse-bse-open-or-closed-today-on-26-march-for-ram-navami-celebration-check-now/articleshow/129807761.cms already exists.
2026-03-26 13:26:58,660 - INFO - [Economic Times] Early skip: URL https://economictimes.indiatimes.com/markets/stocks/news/shri-ram-navami-2026-are-commodity-markets-mcx-and-ncdex-open-today-check-2026-holiday-list/articleshow/129807652.cms already exists.
2026-03-26 13:26:58,661 - INFO - [Economic Times] Early skip: URL https://economictimes.indiatimes.com/markets/stocks/news/bulls-return-to-dalal-street-analysts-see-nifty-heading-towards-23800/articleshow/129814109.cms already exists.
2026-03-26 13:26:58,662 - INFO - [Economic Times] Early skip: URL https://economictimes.indiatimes.com/news/economy/foreign-trade/india-gathers-data-to-counter-us-claims-of-excess-capacity/articleshow/129810831.cms already exists.
2026-03-26 13:26:58,664 - INFO - [Economic Times] Early skip: URL https://economictimes.indiatimes.com/news/economy/policy/inflation-target-held-at-4-for-next-five-years/articleshow/129810690.cms already exists.
2026-03-26 13:26:58,665 - INFO - [Economic Times] Early skip: URL https://economictimes.indiatimes.com/news/economy/policy/finance-minister-nirmala-sitharaman-moves-bill-to-amend-ibc-speed-up-resolution/articleshow/129810621.cms already exists.
2026-03-26 13:26:58,667 - INFO - [Economic Times] Early skip: URL https://economictimes.indiatimes.com/news/economy/policy/lok-sabha-approves-finance-bill-tax-rules-eased/articleshow/129810524.cms already exists.
2026-03-26 13:26:58,668 - INFO - [Economic Times] Early skip: URL https://economictimes.indiatimes.com/news/economy/indicators/private-sector-growth-hits-3-5-year-low-in-march/articleshow/129785504.cms already exists.
2026-03-26 13:26:58,669 - INFO - [Economic Times] Early skip: URL https://economictimes.indiatimes.com/news/economy/indicators/consumption-hit-as-kitchens-feel-the-heat-of-lpg-shortage/articleshow/129760797.cms already exists.
2026-03-26 13:26:58,671 - INFO - [Economic Times] Early skip: URL https://economictimes.indiatimes.com/tech/technology/apple-faces-indian-engineers-bias-lawsuit/articleshow/81694292.cms already exists.
2026-03-26 13:26:58,672 - INFO - [Economic Times] Early skip: URL https://economictimes.indiatimes.com/news/defence/despite-transatlantic-love-fest-eu-charts-third-way-in-ties-with-us-and-china/articleshow/81467467.cms already exists.
2026-03-26 13:26:58,673 - INFO - [Economic Times] Early skip: URL https://economictimes.indiatimes.com/tech/tech-bytes/twitters-india-policy-head-to-step-down-will-transition-in-march/articleshow/80732868.cms already exists.
2026-03-26 13:26:58,675 - INFO - [Economic Times] Early skip: URL https://economictimes.indiatimes.com/tech/tech-and-gadgets/govt-may-keep-rs-7500-cr-outlay-for-it-hardware-manufacturing-under-pli-scheme/articleshow/80333429.cms already exists.
2026-03-26 13:26:58,676 - INFO - [Economic Times] Article: https://economictimes.indiatimes.com/tech/technology/indian-dating-apps-services-see-surge-of-paying-users-in-small-cities/articleshow/80063342.cms
2026-03-26 13:26:58,676 - INFO - [Economic Times] Attempt 1/2: Trying with 'requests_browser' strategy...
2026-03-26 13:26:58,922 - INFO - [Times of India] Page content loaded.
2026-03-26 13:26:58,943 - INFO - [Al Jazeera] Article: https://www.aljazeera.com/video/newsfeed/2026/3/26/damage-in-israel-from-iranian-attacks?traffic_source=rss
2026-03-26 13:26:58,944 - INFO - [Al Jazeera] Attempt 2/2: Trying with 'selenium_browser' strategy...
2026-03-26 13:26:59,007 - INFO - [The Dawn] Article: https://www.dawn.com/news/1985578/high-level-meeting-chaired-by-president-stresses-national-consensus-institutional-coordination-amid-regional-volatility
2026-03-26 13:26:59,007 - INFO - [The Dawn] Attempt 2/2: Trying with 'selenium_browser' strategy...
2026-03-26 13:26:59,231 - ERROR - parsed tree length: 1, wrong data type or not valid HTML
2026-03-26 13:26:59,240 - ERROR - empty HTML tree: None
2026-03-26 13:26:59,241 - WARNING - discarding data: None
2026-03-26 13:26:59,241 - WARNING - [Economic Times] FAILED with 'requests_browser' (content was too short: 0 words).
2026-03-26 13:26:59,431 - INFO - [Times of India] Success with 'selenium_browser'. Found content (325 words).
2026-03-26 13:26:59,887 - INFO - [Economic Times] Article: https://economictimes.indiatimes.com/tech/technology/indian-dating-apps-services-see-surge-of-paying-users-in-small-cities/articleshow/80063342.cms
2026-03-26 13:26:59,887 - INFO - [Economic Times] Attempt 2/2: Trying with 'selenium_browser' strategy...
2026-03-26 13:27:01,190 - INFO - [The Hindu] Page content loaded.
2026-03-26 13:27:01,216 - INFO - [The Dawn] Page content loaded.
2026-03-26 13:27:01,327 - INFO - [Al Jazeera] Page content loaded.
2026-03-26 13:27:01,858 - WARNING - [Al Jazeera] FAILED with 'selenium_browser' (content was too short: 62 words).
2026-03-26 13:27:01,859 - ERROR - [Al Jazeera] All scrape strategies failed for https://www.aljazeera.com/video/newsfeed/2026/3/26/damage-in-israel-from-iranian-attacks?traffic_source=rss. Falling back to RSS description.
2026-03-26 13:27:01,859 - WARNING - SKIPPED (GLOBAL WORD LIMIT): Article 'Damage in Israel from Iranian attacks' from Al Jazeera has only 12 words (Min: 90).
2026-03-26 13:27:01,901 - INFO - [The Hindu] Success with 'selenium_browser'. Found content (382 words).
2026-03-26 13:27:02,403 - INFO - [Al Jazeera] Article: https://www.aljazeera.com/features/2026/3/26/my-phone-is-a-brick-russians-scramble-for-information-as-data-blocked?traffic_source=rss
2026-03-26 13:27:02,403 - INFO - [Al Jazeera] Attempt 1/2: Trying with 'requests_browser' strategy...
2026-03-26 13:27:02,679 - INFO - [Al Jazeera] Success with 'requests_browser'. Found content (1729 words).
2026-03-26 13:27:03,128 - INFO - [Economic Times] Page content loaded.
2026-03-26 13:27:03,250 - INFO - [The Dawn] Success with 'selenium_browser'. Found content (291 words).
2026-03-26 13:27:04,029 - WARNING - [Economic Times] FAILED with 'selenium_browser' (content was too short: 84 words).
2026-03-26 13:27:04,038 - ERROR - [Economic Times] All scrape strategies failed for https://economictimes.indiatimes.com/tech/technology/indian-dating-apps-services-see-surge-of-paying-users-in-small-cities/articleshow/80063342.cms. Falling back to RSS description.
2026-03-26 13:27:04,038 - WARNING - SKIPPED (GLOBAL WORD LIMIT): Article 'Indian dating apps, services see surge of paying users in small cities ' from Economic Times has only 54 words (Min: 90).
2026-03-26 13:27:04,643 - INFO - [Economic Times] Article: https://economictimes.indiatimes.com/tech/technology/time-for-govt-cos-to-adopt-ai-deloitte-india/articleshow/79981215.cms
2026-03-26 13:27:04,746 - INFO - [Economic Times] Attempt 1/2: Trying with 'requests_browser' strategy...
2026-03-26 13:27:05,424 - ERROR - parsed tree length: 1, wrong data type or not valid HTML
2026-03-26 13:27:05,424 - ERROR - empty HTML tree: None
2026-03-26 13:27:05,424 - WARNING - discarding data: None
2026-03-26 13:27:05,443 - WARNING - [Economic Times] FAILED with 'requests_browser' (content was too short: 0 words).
2026-03-26 13:27:06,261 - INFO - [Economic Times] Article: https://economictimes.indiatimes.com/tech/technology/time-for-govt-cos-to-adopt-ai-deloitte-india/articleshow/79981215.cms
2026-03-26 13:27:06,261 - INFO - [Economic Times] Attempt 2/2: Trying with 'selenium_browser' strategy...
2026-03-26 13:27:10,208 - INFO - [Economic Times] Page content loaded.
2026-03-26 13:27:36,623 - ERROR - [Economic Times] Request failed for strategy 'selenium_browser' on URL https://economictimes.indiatimes.com/tech/technology/time-for-govt-cos-to-adopt-ai-deloitte-india/articleshow/79981215.cms: Message: timeout: Timed out receiving message from renderer: 7.000
  (Session info: chrome=147.0.7727.24)
Stacktrace:
#0 0x5601a2a8a38a <unknown>
#1 0x5601a248c3a5 <unknown>
#2 0x5601a2473c54 <unknown>
#3 0x5601a247393d <unknown>
#4 0x5601a247168b <unknown>
#5 0x5601a247200f <unknown>
#6 0x5601a2481020 <unknown>
#7 0x5601a249ad97 <unknown>
#8 0x5601a24a18cb <unknown>
#9 0x5601a247275f <unknown>
#10 0x5601a249ab2d <unknown>
#11 0x5601a2527c9c <unknown>
#12 0x5601a24d26ef <unknown>
#13 0x5601a24d34b1 <unknown>
#14 0x5601a2a4dcfb <unknown>
#15 0x5601a2a50cad <unknown>
#16 0x5601a2a3a408 <unknown>
#17 0x5601a2a51840 <unknown>
#18 0x5601a2a20e50 <unknown>
#19 0x5601a2a77188 <unknown>
#20 0x5601a2a77358 <unknown>
#21 0x5601a2a88dce <unknown>
#22 0x7fd62709caa4 <unknown>
#23 0x7fd627129c6c <unknown>

2026-03-26 13:27:36,623 - ERROR - [Economic Times] All scrape strategies failed for https://economictimes.indiatimes.com/tech/technology/time-for-govt-cos-to-adopt-ai-deloitte-india/articleshow/79981215.cms. Falling back to RSS description.
2026-03-26 13:27:36,623 - WARNING - SKIPPED (GLOBAL WORD LIMIT): Article 'Time for government, companies to adopt artificial intelligence: Deloitte India ' from Economic Times has only 49 words (Min: 90).
2026-03-26 13:27:37,867 - INFO - [Economic Times] Early skip: URL https://economictimes.indiatimes.com/news/new-updates/as-asim-munir-pitches-peace-iran-blocks-pakistans-cargo-ship-at-strait-of-hormuz/articleshow/129796581.cms already exists.
2026-03-26 13:27:37,870 - INFO - [Economic Times] Early skip: URL https://economictimes.indiatimes.com/news/international/world-news/price-availability-does-a-new-gas-crisis-await-europe/articleshow/129707936.cms already exists.
2026-03-26 13:27:37,872 - INFO - [Economic Times] Early skip: URL https://economictimes.indiatimes.com/news/international/world-news/europeans-cautious-as-they-scramble-to-digest-major-us-israeli-attack-on-iran/articleshow/128885272.cms already exists.
2026-03-26 13:27:37,873 - INFO - [Economic Times] Early skip: URL https://economictimes.indiatimes.com/news/international/world-news/nepal-votes-on-march-5-focus-on-jobs-economy/articleshow/128862431.cms already exists.
2026-03-26 13:27:37,875 - INFO - [Economic Times] Early skip: URL https://economictimes.indiatimes.com/news/international/world-news/bangladeshs-interests-come-first-says-bnp-chairman-and-pm-designate-tarique-rahman/articleshow/128346277.cms already exists.
2026-03-26 13:27:37,876 - INFO - [Economic Times] Early skip: URL https://economictimes.indiatimes.com/news/international/business/hermes-beats-sales-expectations-sees-positive-signs-in-china/articleshow/128273194.cms already exists.
2026-03-26 13:27:37,877 - INFO - [Economic Times] Early skip: URL https://economictimes.indiatimes.com/news/elections/assembly-elections/assam/done-deal-cm-himanta-biswa-sarma-on-nda-seat-sharing-for-assam-polls/articleshow/128678098.cms already exists.
2026-03-26 13:27:37,879 - INFO - [Economic Times] Early skip: URL https://economictimes.indiatimes.com/news/elections/assembly-elections/bihar/rare-intensive-revision-in-bihar-four-months-before-polls/articleshow/122167501.cms already exists.
2026-03-26 13:27:37,882 - INFO - [Economic Times] Early skip: URL https://economictimes.indiatimes.com/news/elections/assembly-elections/delhi/bjp-accuses-kejriwal-of-sending-voters-hoax-calls-to-mislead/articleshow/117579007.cms already exists.
2026-03-26 13:27:37,883 - INFO - [Economic Times] Early skip: URL https://economictimes.indiatimes.com/news/elections/lok-sabha/india/lok-sabha-election-2024-maharashtra-get-interesting-after-splits-in-shiv-sena-ncp/articleshow/108559788.cms already exists.
2026-03-26 13:27:37,884 - INFO - [Economic Times] Early skip: URL https://economictimes.indiatimes.com/news/elections/lok-sabha/india/modi-charisma-key-factor-in-bjps-bid-to-retain-all-26-seats-in-gujarat/articleshow/108550858.cms already exists.
2026-03-26 13:27:37,886 - INFO - [Economic Times] Early skip: URL https://economictimes.indiatimes.com/news/elections/lok-sabha/india/implementation-of-guarantees-decline-of-brs-favour-congress-in-telangana-bjp-aiming-for-better-show/articleshow/108548569.cms already exists.
2026-03-26 13:27:37,887 - INFO - [Economic Times] Early skip: URL https://economictimes.indiatimes.com/traders-bet-on-calendar-spread-as-nifty-moves-in-a-tight-range/articleshow/6302358.cms already exists.
2026-03-26 13:27:37,888 - INFO - [Economic Times] Early skip: URL https://economictimes.indiatimes.com/nifty-may-find-support-at-5300-level/articleshow/6296017.cms already exists.
2026-03-26 13:27:37,890 - INFO - [Economic Times] Early skip: URL https://economictimes.indiatimes.com/seven-out-of-top-10-asian-small-cap-funds-are-indian/articleshow/6295976.cms already exists.
2026-03-26 13:27:37,891 - INFO - [Economic Times] Early skip: URL https://economictimes.indiatimes.com/inflation-reflects-growth-dynamics-in-india-christopher-wood/articleshow/6274053.cms already exists.
2026-03-26 13:27:37,894 - INFO - [Economic Times] Early skip: URL https://economictimes.indiatimes.com/market-may-trade-in-a-range-but-fiis-seen-sold-on-india/articleshow/6277705.cms already exists.
2026-03-26 13:27:37,896 - INFO - [Economic Times] Early skip: URL https://economictimes.indiatimes.com/dont-bank-only-on-price-to-earning-ratio/articleshow/6278228.cms already exists.
2026-03-26 13:27:37,897 - INFO - [Economic Times] Early skip: URL https://economictimes.indiatimes.com/markets/stocks/recos/prabhudas-lilladher-has-a-reduce-rating-on-infosys/articleshow/3798718.cms already exists.
2026-03-26 13:27:37,899 - INFO - [Economic Times] Early skip: URL https://economictimes.indiatimes.com/markets/stocks/recos/fin-crisis-too-late-and-too-little-done-in-us/articleshow/3794549.cms already exists.
2026-03-26 13:27:37,900 - INFO - [Economic Times] Early skip: URL https://economictimes.indiatimes.com/markets/forex/weak-rupee-takes-its-toll-on-cos-with-huge-foreign-debt/articleshow/3546158.cms already exists.
2026-03-26 13:27:37,902 - INFO - [Economic Times] Early skip: URL https://economictimes.indiatimes.com/markets/stocks/recos/wait-for-more-signals-before-turning-positive/articleshow/3292640.cms already exists.
2026-03-26 13:27:37,907 - INFO - [Economic Times] Early skip: URL https://economictimes.indiatimes.com/news/company/corporate-trends/six-indian-cos-among-businessweeks-top-100-infotech-firms/articleshow/3189334.cms already exists.
2026-03-26 13:27:37,908 - INFO - [Economic Times] Early skip: URL https://economictimes.indiatimes.com/news/company/corporate-trends/indian-firms-slip-in-global-ranking-four-move-out-of-top-500/articleshow/3177077.cms already exists.
2026-03-26 13:27:37,909 - INFO - [Economic Times] Early skip: URL https://economictimes.indiatimes.com/markets/stocks/news/big-daddy-laps-up-cipla-after-q1-nos-beat-forecast/articleshow/6308646.cms already exists.
2026-03-26 13:27:37,910 - INFO - [Economic Times] Early skip: URL https://economictimes.indiatimes.com/markets/stocks/news/old-fox-has-dream-run-on-dalal-street/articleshow/6308631.cms already exists.
2026-03-26 13:27:37,912 - INFO - [Economic Times] Early skip: URL https://economictimes.indiatimes.com/markets/stocks/news/cairn-india-hits-record-high-on-bse-amid-stake-sale-talks/articleshow/6306679.cms already exists.
2026-03-26 13:27:37,913 - INFO - [Economic Times] Early skip: URL https://economictimes.indiatimes.com/markets/stocks/news/vedanta-plunges-5-59-per-cent-on-lse-amid-talks-to-buy-cairn-stake/articleshow/6306526.cms already exists.
2026-03-26 13:27:37,914 - INFO - [Economic Times] Early skip: URL https://economictimes.indiatimes.com/markets/stocks/news/sbi-shares-on-gaining-spree-hit-record-high/articleshow/6306241.cms already exists.
2026-03-26 13:27:37,916 - INFO - [Economic Times] Early skip: URL https://economictimes.indiatimes.com/fm-must-rethink/articleshow/5645094.cms already exists.
2026-03-26 13:27:37,917 - INFO - [Economic Times] Early skip: URL https://economictimes.indiatimes.com/amalgamate-banks/articleshow/5645086.cms already exists.
2026-03-26 13:27:37,918 - INFO - [Economic Times] Early skip: URL https://economictimes.indiatimes.com/managing-data/articleshow/5117958.cms already exists.
2026-03-26 13:27:37,921 - INFO - [Economic Times] Early skip: URL https://economictimes.indiatimes.com/right-technology/articleshow/5117957.cms already exists.
2026-03-26 13:27:37,925 - INFO - [Economic Times] Early skip: URL https://economictimes.indiatimes.com/et-search/articleshow/21646857.cms already exists.
2026-03-26 13:27:37,926 - INFO - [Economic Times] Early skip: URL https://economictimes.indiatimes.com/after-the-oscars-whats-next-for-silent-stars-of-the-artist/articleshow/12075465.cms already exists.
2026-03-26 13:27:37,928 - INFO - [Economic Times] Early skip: URL https://economictimes.indiatimes.com/delhi-world-book-fair-a-fair-like-no-other/articleshow/12028630.cms already exists.
2026-03-26 13:27:37,929 - INFO - [Economic Times] Early skip: URL https://economictimes.indiatimes.com/lk-advanis-gift-makes-its-way-to-state-department-exhibition-hall/articleshow/12017534.cms already exists.
2026-03-26 13:27:37,930 - INFO - [Economic Times] Early skip: URL https://economictimes.indiatimes.com/india-meteorological-department-to-use-dynamic-models-for-forecasts/articleshow/11983844.cms already exists.
2026-03-26 13:27:37,934 - INFO - [Economic Times] Early skip: URL https://economictimes.indiatimes.com/documents-reveal-contents-of-the-first-telegraph-message-between-india-england/articleshow/11976488.cms already exists.
2026-03-26 13:27:37,937 - INFO - [Economic Times] Early skip: URL https://economictimes.indiatimes.com/worried-amitabh-bachchan-fans-pray-to-lord-shiva-for-his-recovery/articleshow/11963187.cms already exists.
2026-03-26 13:27:37,941 - INFO - [Economic Times] Early skip: URL https://economictimes.indiatimes.com/opinion/interviews/every-decision-of-government-neednt-be-a-big-reform-anand-mahindra/articleshow/35919571.cms already exists.
2026-03-26 13:27:37,946 - INFO - [Economic Times] Early skip: URL https://economictimes.indiatimes.com/opinion/interviews/narendra-modi-has-his-eyes-set-on-boosting-business-joao-cravinho-eu-ambassador/articleshow/35973824.cms already exists.
2026-03-26 13:27:37,948 - INFO - [Economic Times] Early skip: URL https://economictimes.indiatimes.com/opinion/interviews/confidence-level-of-industry-improving-kv-kamath-icici-bank/articleshow/35945669.cms already exists.
2026-03-26 13:27:37,951 - INFO - [Economic Times] Early skip: URL https://economictimes.indiatimes.com/opinion/interviews/we-may-see-rapid-growth-over-the-next-few-years-raamdeo-agrawal/articleshow/35831378.cms already exists.
2026-03-26 13:27:37,954 - INFO - [Economic Times] Early skip: URL https://economictimes.indiatimes.com/opinion/interviews/our-commitment-for-press-freedom-and-autonomy-of-public-broadcast-is-absolute-prakash-javadekar/articleshow/35803396.cms already exists.
2026-03-26 13:27:37,955 - INFO - [Economic Times] Early skip: URL https://economictimes.indiatimes.com/opinion/interviews/there-is-a-leadership-vacuum-in-infosys-time-to-get-nandan-nilekani-back-mohandas-pai/articleshow/35716682.cms already exists.
2026-03-26 13:27:37,957 - INFO - [Economic Times] Early skip: URL https://economictimes.indiatimes.com/markets/stocks/news/oil-prices-to-hit-150-how-indian-stock-markets-may-react-as-iran-war-rages-on/articleshow/129587020.cms already exists.
2026-03-26 13:27:37,959 - INFO - [Economic Times] Early skip: URL https://economictimes.indiatimes.com/markets/us-stocks/news/why-a-7030-india-global-portfolio-makes-sense-in-a-changing-world-subho-moulik-decodes/articleshow/127604085.cms already exists.
2026-03-26 13:27:37,960 - INFO - [Economic Times] Early skip: URL https://economictimes.indiatimes.com/markets/expert-view/kaynes-shares-plunge-43-from-october-peak-is-a-tactical-rebound-on-the-cards-or-more-pain-ahead/articleshow/125815992.cms already exists.
2026-03-26 13:27:37,962 - INFO - [Economic Times] Early skip: URL https://economictimes.indiatimes.com/markets/stocks/news/warren-buffett-is-buying-michael-burry-is-shorting-the-ai-trade-splitting-wall-street/articleshow/125815521.cms already exists.
2026-03-26 13:27:37,963 - INFO - [Economic Times] Early skip: URL https://economictimes.indiatimes.com/markets/ipos/fpos/softbank-backed-acevector-files-updated-ipo-papers-targets-to-raise-rs-300-cr-via-fresh-issue/articleshow/125813493.cms already exists.
2026-03-26 13:27:37,966 - INFO - [Economic Times] Early skip: URL https://economictimes.indiatimes.com/markets/stocks/news/mcap-of-five-of-top-10-most-valued-firms-surges-rs-72285-cr-tcs-infosys-biggest-winners/articleshow/125813435.cms already exists.
2026-03-26 13:27:37,968 - INFO - [Economic Times] Early skip: URL https://economictimes.indiatimes.com/markets/stocks/news/alfa-laval-raises-delisting-price-to-rs-2850-a-share/articleshow/11437373.cms already exists.
2026-03-26 13:27:37,971 - INFO - [Economic Times] Early skip: URL https://economictimes.indiatimes.com/markets/stocks/news/db-realty-unitech-stocks-rose-after-top-executives-granted-bail-in-2g-scam/articleshow/10925114.cms already exists.
2026-03-26 13:27:37,972 - INFO - [Economic Times] Early skip: URL https://economictimes.indiatimes.com/markets/stocks/news/fitch-withdraws-reliance-capital-ratings/articleshow/10430814.cms already exists.
2026-03-26 13:27:37,976 - INFO - [Economic Times] Early skip: URL https://economictimes.indiatimes.com/markets/stocks/news/discoms-poor-financial-health-poses-risks-for-power-traders-fitch/articleshow/10430186.cms already exists.
2026-03-26 13:27:37,981 - INFO - [Economic Times] Early skip: URL https://economictimes.indiatimes.com/markets/stocks/news/cigarette-companies-price-hikes-with-higher-volumes-hold-promise/articleshow/9277179.cms already exists.
2026-03-26 13:27:37,983 - INFO - [Economic Times] Early skip: URL https://economictimes.indiatimes.com/markets/stocks/news/lovable-lingeries-dream-run-on-as-traders-lap-it-up/articleshow/8894615.cms already exists.
2026-03-26 13:27:37,987 - INFO - [Economic Times] (Thread) Finished. Attempting to shut down its Selenium driver.
2026-03-26 13:27:38,532 - INFO - [Economic Times] (Thread) driver.quit() successful.
2026-03-26 13:27:53,336 - INFO - >>> SUCCESSFULLY SAVED [ID: 45428] - What next for big tech after landmark social media addiction verdict? from BBC (1015 words)
2026-03-26 13:27:54,286 - INFO - [BBC] Early skip: URL https://www.bbc.com/news/articles/c05dz39m6qgo?at_medium=RSS&at_campaign=rss already exists.
2026-03-26 13:27:54,288 - INFO - [BBC] Article: https://www.bbc.com/news/articles/c33l4e6vdrvo?at_medium=RSS&at_campaign=rss
2026-03-26 13:27:54,288 - INFO - [BBC] Attempt 1/1: Trying with 'requests_browser' strategy...
2026-03-26 13:27:54,328 - INFO - [BBC] Success with 'requests_browser'. Found content (626 words).
2026-03-26 13:28:13,131 - INFO - >>> SUCCESSFULLY SAVED [ID: 45429] - Brussels opens investigation into Snapchat amid concern over children’s safety | Snapchat | The Guardian from The Guardian (531 words)
2026-03-26 13:28:14,478 - INFO - [The Guardian] Early skip: URL https://www.theguardian.com/world/live/2026/mar/26/us-eu-trade-tariff-trade-deal-ukraine-iran-rutte-denmark-europe-live-news-updates already exists.
2026-03-26 13:28:14,481 - INFO - [The Guardian] Article: https://www.theguardian.com/world/2026/mar/26/assets-allegedly-bought-money-embezzled-ursula-andress-italy-tuscany
2026-03-26 13:28:14,481 - INFO - [The Guardian] Attempt 1/1: Trying with 'requests_browser' strategy...
2026-03-26 13:28:14,626 - INFO - [The Guardian] Success with 'requests_browser'. Found content (264 words).
2026-03-26 13:28:33,026 - INFO - >>> SUCCESSFULLY SAVED [ID: 45430] - British actor Rizwan Ahmed claims South Asians are ‘constantly chased’ in the West: ‘Being Brown is a spy thriller’ | World News - The Times of India from Times of India (325 words)
2026-03-26 13:28:34,232 - INFO - [Times of India] Article: https://timesofindia.indiatimes.com/world/middle-east/uae-rain-driving-fines-7-penalties-every-driver-in-the-emirates-needs-to-watch-out-for/articleshow/129819684.cms
2026-03-26 13:28:34,232 - INFO - [Times of India] Attempt 1/1: Trying with 'selenium_browser' strategy...
2026-03-26 13:28:40,801 - INFO - [Times of India] Page content loaded.
2026-03-26 13:28:40,957 - INFO - [Times of India] Success with 'selenium_browser'. Found content (620 words).
2026-03-26 13:28:56,847 - INFO - >>> SUCCESSFULLY SAVED [ID: 45431] - Ready to release White Paper on investment scenario, says Sridhar Babu - The Hindu from The Hindu (382 words)
2026-03-26 13:28:57,388 - INFO - [The Hindu] Article: https://www.thehindu.com/elections/kerala-assembly/kerala-assembly-elections-2026-satheesan-accuses-pinarayi-of-being-an-rss-agent/article70787961.ece
2026-03-26 13:28:57,389 - INFO - [The Hindu] Attempt 1/1: Trying with 'selenium_browser' strategy...
2026-03-26 13:28:59,147 - INFO - [The Hindu] Page content loaded.
2026-03-26 13:28:59,222 - INFO - [The Hindu] Success with 'selenium_browser'. Found content (368 words).
2026-03-26 13:29:19,485 - INFO - >>> SUCCESSFULLY SAVED [ID: 45432] - ‘My phone is a brick’: Russians scramble for information as data blocked | Cybersecurity News | Al Jazeera from Al Jazeera (1729 words)
2026-03-26 13:29:20,218 - INFO - [Al Jazeera] Article: https://www.aljazeera.com/sports/2026/3/26/senegal-pledges-to-fight-robbery-after-caf-strips-it-of-afcon-title?traffic_source=rss
2026-03-26 13:29:20,218 - INFO - [Al Jazeera] Attempt 1/2: Trying with 'requests_browser' strategy...
2026-03-26 13:29:20,248 - INFO - [Al Jazeera] Success with 'requests_browser'. Found content (556 words).
2026-03-26 13:29:37,518 - INFO - DEDUPLICATION: Found match (Score: 0.99). Linking to Cluster ID: af167d41-2efa-4e24-ae48-1a71842668aa
2026-03-26 13:29:39,755 - INFO - >>> SUCCESSFULLY SAVED [ID: 45433] - High-level meeting chaired by president stresses national consensus, institutional coordination amid regional volatility - Pakistan - DAWN.COM from The Dawn (291 words)
2026-03-26 13:29:40,957 - INFO - [The Dawn] Early skip: URL https://www.dawn.com/news/1985549/info-minister-assails-pti-says-attempt-at-disrespecting-countrys-dignity-unacceptable already exists.
2026-03-26 13:29:40,961 - INFO - [The Dawn] Article: https://www.dawn.com/news/1985522/bears-take-control-as-psx-plunges-over-5000-points
2026-03-26 13:29:40,961 - INFO - [The Dawn] Attempt 1/2: Trying with 'requests_browser' strategy...
2026-03-26 13:29:41,010 - ERROR - [The Dawn] Request failed for strategy 'requests_browser' on URL https://www.dawn.com/news/1985522/bears-take-control-as-psx-plunges-over-5000-points: 403 Client Error: Forbidden for url: https://www.dawn.com/news/1985522/bears-take-control-as-psx-plunges-over-5000-points
2026-03-26 13:29:41,526 - INFO - [The Dawn] Article: https://www.dawn.com/news/1985522/bears-take-control-as-psx-plunges-over-5000-points
2026-03-26 13:29:41,526 - INFO - [The Dawn] Attempt 2/2: Trying with 'selenium_browser' strategy...
2026-03-26 13:29:59,828 - INFO - DEDUPLICATION: Found match (Score: 0.83). Linking to Cluster ID: bbeee3fe-eeb7-4e9c-bbbb-9434d6c837c3
2026-03-26 13:30:02,096 - INFO - >>> SUCCESSFULLY SAVED [ID: 45434] - European Parliament gives conditional approval to EU-US trade deal from BBC (626 words)
2026-03-26 13:30:02,671 - INFO - [BBC] Early skip: URL https://www.bbc.com/news/articles/czx9de4ygl7o?at_medium=RSS&at_campaign=rss already exists.
2026-03-26 13:30:02,672 - INFO - [BBC] Early skip: URL https://www.bbc.com/news/articles/c05dpr1m71go?at_medium=RSS&at_campaign=rss already exists.
2026-03-26 13:30:02,674 - INFO - [BBC] Article: https://www.bbc.com/news/articles/clyxe6n297ro?at_medium=RSS&at_campaign=rss
2026-03-26 13:30:02,674 - INFO - [BBC] Attempt 1/1: Trying with 'requests_browser' strategy...
2026-03-26 13:30:02,689 - WARNING - [The Dawn] Page get timed out (7s). Proceeding to grab partial source anyway.
2026-03-26 13:30:02,707 - INFO - [The Dawn] Page content loaded.
2026-03-26 13:30:02,755 - INFO - [BBC] Success with 'requests_browser'. Found content (600 words).
2026-03-26 13:30:02,847 - INFO - [The Dawn] Success with 'selenium_browser'. Found content (291 words).
2026-03-26 13:30:23,338 - INFO - >>> SUCCESSFULLY SAVED [ID: 45435] - Italy seizes €20m of assets allegedly bought with money embezzled from Ursula Andress | Italy | The Guardian from The Guardian (264 words)
2026-03-26 13:30:24,096 - INFO - [The Guardian] Early skip: URL https://www.theguardian.com/world/2026/mar/26/eu-europe-healthcare-workers-deportation-plans already exists.
2026-03-26 13:30:24,098 - INFO - [The Guardian] Early skip: URL https://www.theguardian.com/world/2026/mar/25/italy-tourism-minister-daniela-santanche-resigns already exists.
2026-03-26 13:30:24,099 - INFO - [The Guardian] Early skip: URL https://www.theguardian.com/world/live/2026/mar/26/iran-war-live-updates-trump-deal-us-military-strikes-israel-lebanon-hezbollah already exists.
2026-03-26 13:30:24,101 - INFO - [The Guardian] Article: https://www.theguardian.com/world/2026/mar/26/israel-democrats-aipac-settler-violence-west-bank
2026-03-26 13:30:24,101 - INFO - [The Guardian] Attempt 1/1: Trying with 'requests_browser' strategy...
2026-03-26 13:30:24,179 - INFO - [The Guardian] Success with 'requests_browser'. Found content (868 words).
2026-03-26 13:30:44,468 - INFO - >>> SUCCESSFULLY SAVED [ID: 45436] - UAE rain driving fines: 7 penalties every driver in the Emirates needs to watch out for - The Times of India from Times of India (620 words)
2026-03-26 13:30:45,020 - INFO - [Times of India] Article: https://timesofindia.indiatimes.com/world/us/11-indian-truck-drivers-arrested-in-us-all-found-to-be-illegals-with-commercial-licenses/articleshow/129824124.cms
2026-03-26 13:30:45,020 - INFO - [Times of India] Attempt 1/1: Trying with 'selenium_browser' strategy...
2026-03-26 13:30:47,243 - INFO - [Times of India] Page content loaded.
2026-03-26 13:30:47,595 - INFO - [Times of India] Success with 'selenium_browser'. Found content (309 words).
2026-03-26 13:31:09,572 - INFO - >>> SUCCESSFULLY SAVED [ID: 45437] - Kerala Assembly Elections 2026: Satheesan accuses Pinarayi of being an RSS agent - The Hindu from The Hindu (368 words)
2026-03-26 13:31:10,209 - INFO - [The Hindu] Article: https://www.thehindu.com/news/national/telangana/four-held-for-26-crore-worth-online-betting-fraud-in-hyderabad/article70788176.ece
2026-03-26 13:31:10,209 - INFO - [The Hindu] Attempt 1/1: Trying with 'selenium_browser' strategy...
2026-03-26 13:31:11,284 - INFO - [The Hindu] Page content loaded.
2026-03-26 13:31:11,356 - INFO - [The Hindu] Success with 'selenium_browser'. Found content (297 words).
2026-03-26 13:31:35,259 - INFO - >>> SUCCESSFULLY SAVED [ID: 45438] - Senegal pledges to fight ‘robbery’ after CAF strips it of AFCON title | Africa Cup of Nations News | Al Jazeera from Al Jazeera (556 words)
2026-03-26 13:31:36,144 - INFO - [Al Jazeera] Article: https://www.aljazeera.com/video/counting-the-cost/2026/3/26/is-europe-heading-to-an-energy-crisis?traffic_source=rss
2026-03-26 13:31:36,144 - INFO - [Al Jazeera] Attempt 1/2: Trying with 'requests_browser' strategy...
2026-03-26 13:31:36,213 - INFO - [Al Jazeera] Success with 'requests_browser'. Found content (128 words).
2026-03-26 13:31:56,925 - INFO - >>> SUCCESSFULLY SAVED [ID: 45439] - Toumba Diakité: Guinea army commander convicted of stadium massacre dies in prison from BBC (600 words)
2026-03-26 13:31:57,574 - INFO - [BBC] Early skip: URL https://www.bbc.com/news/articles/cql75nx0e0yo?at_medium=RSS&at_campaign=rss already exists.
2026-03-26 13:31:57,576 - INFO - [BBC] Early skip: URL https://www.bbc.com/news/articles/clyxevz45x9o?at_medium=RSS&at_campaign=rss already exists.
2026-03-26 13:31:57,577 - INFO - [BBC] Early skip: URL https://www.bbc.com/news/articles/c4glxn24gd6o?at_medium=RSS&at_campaign=rss already exists.
2026-03-26 13:31:57,578 - INFO - [BBC] Early skip: URL https://www.bbc.com/news/articles/ckgxzlny4w3o?at_medium=RSS&at_campaign=rss already exists.
2026-03-26 13:31:57,580 - INFO - [BBC] Early skip: URL https://www.bbc.com/news/articles/c0q90kekw08o?at_medium=RSS&at_campaign=rss already exists.
2026-03-26 13:31:57,581 - INFO - [BBC] Article: https://www.bbc.com/news/videos/cly64y288gwo?at_medium=RSS&at_campaign=rss
2026-03-26 13:31:57,581 - INFO - [BBC] Attempt 1/1: Trying with 'requests_browser' strategy...
2026-03-26 13:31:57,667 - WARNING - [BBC] FAILED with 'requests_browser' (content was too short: 58 words).
2026-03-26 13:31:57,667 - ERROR - [BBC] All scrape strategies failed for https://www.bbc.com/news/videos/cly64y288gwo?at_medium=RSS&at_campaign=rss. Falling back to RSS description.
2026-03-26 13:31:57,667 - WARNING - SKIPPED (GLOBAL WORD LIMIT): Article 'Why transport workers are protesting in the Philippines' from BBC has only 16 words (Min: 90).
2026-03-26 13:31:58,916 - INFO - [BBC] Early skip: URL https://www.bbc.com/news/articles/cx2j4q60wlgo?at_medium=RSS&at_campaign=rss already exists.
2026-03-26 13:31:58,918 - INFO - [BBC] Early skip: URL https://www.bbc.com/news/articles/cly9nz5vyz4o?at_medium=RSS&at_campaign=rss already exists.
2026-03-26 13:31:58,919 - INFO - [BBC] Early skip: URL https://www.bbc.com/news/articles/c747x00m83vo?at_medium=RSS&at_campaign=rss already exists.
2026-03-26 13:31:58,921 - INFO - [BBC] Early skip: URL https://www.bbc.com/news/articles/c150yl0y5vzo?at_medium=RSS&at_campaign=rss already exists.
2026-03-26 13:31:58,923 - INFO - [BBC] Article: https://www.bbc.com/news/videos/c70584eye0no?at_medium=RSS&at_campaign=rss
2026-03-26 13:31:58,923 - INFO - [BBC] Attempt 1/1: Trying with 'requests_browser' strategy...
2026-03-26 13:31:59,186 - WARNING - [BBC] FAILED with 'requests_browser' (content was too short: 79 words).
2026-03-26 13:31:59,187 - ERROR - [BBC] All scrape strategies failed for https://www.bbc.com/news/videos/c70584eye0no?at_medium=RSS&at_campaign=rss. Falling back to RSS description.
2026-03-26 13:31:59,187 - WARNING - SKIPPED (GLOBAL WORD LIMIT): Article 'What happened in the seconds before Air Canada plane crashed at LaGuardia' from BBC has only 19 words (Min: 90).
2026-03-26 13:32:00,181 - INFO - [BBC] Article: https://www.bbc.com/news/videos/czxrv4pqx72o?at_medium=RSS&at_campaign=rss
2026-03-26 13:32:00,181 - INFO - [BBC] Attempt 1/1: Trying with 'requests_browser' strategy...
2026-03-26 13:32:00,233 - WARNING - [BBC] FAILED with 'requests_browser' (content was too short: 76 words).
2026-03-26 13:32:00,233 - ERROR - [BBC] All scrape strategies failed for https://www.bbc.com/news/videos/czxrv4pqx72o?at_medium=RSS&at_campaign=rss. Falling back to RSS description.
2026-03-26 13:32:00,233 - WARNING - SKIPPED (GLOBAL WORD LIMIT): Article 'How the deadly LaGuardia Airport crash unfolded' from BBC has only 23 words (Min: 90).
2026-03-26 13:32:01,393 - INFO - [BBC] Article: https://www.bbc.com/news/videos/clyer72wn85o?at_medium=RSS&at_campaign=rss
2026-03-26 13:32:01,393 - INFO - [BBC] Attempt 1/1: Trying with 'requests_browser' strategy...
2026-03-26 13:32:01,452 - WARNING - [BBC] FAILED with 'requests_browser' (content was too short: 86 words).
2026-03-26 13:32:01,452 - ERROR - [BBC] All scrape strategies failed for https://www.bbc.com/news/videos/clyer72wn85o?at_medium=RSS&at_campaign=rss. Falling back to RSS description.
2026-03-26 13:32:01,452 - WARNING - SKIPPED (GLOBAL WORD LIMIT): Article ''Stop, stop, stop': Listen to LaGuardia control tower audio during collision' from BBC has only 24 words (Min: 90).
2026-03-26 13:32:02,458 - INFO - [BBC] Early skip: URL https://www.bbc.com/news/videos/cd9vnznv075o?at_medium=RSS&at_campaign=rss already exists.
2026-03-26 13:32:16,548 - INFO - DEDUPLICATION: Found match (Score: 1.00). Linking to Cluster ID: af167d41-2efa-4e24-ae48-1a71842668aa
2026-03-26 13:32:18,815 - INFO - >>> SUCCESSFULLY SAVED [ID: 45440] - High-level meeting chaired by president stresses national consensus, institutional coordination amid regional volatility - Pakistan - DAWN.COM from The Dawn (291 words)
2026-03-26 13:32:20,020 - INFO - [The Dawn] Early skip: URL https://www.dawn.com/news/1985557/pmd-forecasts-isolated-rain-thunderstorms-in-karachi-over-next-three-days already exists.
2026-03-26 13:32:20,022 - INFO - [The Dawn] Early skip: URL https://www.dawn.com/news/1985496/pm-shehbaz-highlights-pakistans-role-in-middle-east-de-escalation-in-meeting-with-chinese-envoy already exists.
2026-03-26 13:32:20,024 - INFO - [The Dawn] Article: https://www.dawn.com/news/1985585/italy-police-warn-reptiles-being-used-by-crooks-as-weapons-after-snakes-found-behind-false-wall
2026-03-26 13:32:20,024 - INFO - [The Dawn] Attempt 1/2: Trying with 'requests_browser' strategy...
2026-03-26 13:32:20,187 - ERROR - [The Dawn] Request failed for strategy 'requests_browser' on URL https://www.dawn.com/news/1985585/italy-police-warn-reptiles-being-used-by-crooks-as-weapons-after-snakes-found-behind-false-wall: 403 Client Error: Forbidden for url: https://www.dawn.com/news/1985585/italy-police-warn-reptiles-being-used-by-crooks-as-weapons-after-snakes-found-behind-false-wall
2026-03-26 13:32:21,105 - INFO - [The Dawn] Article: https://www.dawn.com/news/1985585/italy-police-warn-reptiles-being-used-by-crooks-as-weapons-after-snakes-found-behind-false-wall
2026-03-26 13:32:21,105 - INFO - [The Dawn] Attempt 2/2: Trying with 'selenium_browser' strategy...
2026-03-26 13:32:34,260 - WARNING - [The Dawn] Page get timed out (7s). Proceeding to grab partial source anyway.
2026-03-26 13:32:34,268 - INFO - [The Dawn] Page content loaded.
2026-03-26 13:32:34,360 - INFO - [The Dawn] Success with 'selenium_browser'. Found content (291 words).
2026-03-26 13:32:41,903 - INFO - >>> SUCCESSFULLY SAVED [ID: 45441] - Pro-Israel Democrats decry settler violence in West Bank amid attacks on Palestinians | Israel | The Guardian from The Guardian (868 words)
2026-03-26 13:32:42,807 - INFO - [The Guardian] Early skip: URL https://www.theguardian.com/world/2026/mar/26/thursday-briefing-why-most-israelis-back-the-conflict-with-iran-even-as-international-support-wanes already exists.
2026-03-26 13:32:42,808 - INFO - [The Guardian] Early skip: URL https://www.theguardian.com/world/2026/mar/26/gulf-states-scepticism-over-alleged-us-iran-talks-signals-a-distrust-of-trump already exists.
2026-03-26 13:32:42,810 - INFO - [The Guardian] Early skip: URL https://www.theguardian.com/world/2026/mar/26/who-warns-of-health-crisis-unfolding-in-real-time-across-middle-east already exists.
2026-03-26 13:32:42,811 - INFO - [The Guardian] Early skip: URL https://www.theguardian.com/world/2026/mar/24/taliban-us-academic-dennis-coyle already exists.
2026-03-26 13:32:42,812 - INFO - [The Guardian] Early skip: URL https://www.theguardian.com/world/2026/mar/24/iran-war-fuel-shortages-affecting-readers-worldwide already exists.
2026-03-26 13:32:42,814 - INFO - [The Guardian] Early skip: URL https://www.theguardian.com/world/2026/mar/21/kabul-hospital-strike-eid-pakistan-taliban-families-search-for-victims already exists.
2026-03-26 13:32:42,815 - INFO - [The Guardian] Early skip: URL https://www.theguardian.com/environment/2026/mar/20/weather-tracker-unseasonal-storms-hit-parts-of-pakistan-and-india already exists.
2026-03-26 13:32:42,816 - INFO - [The Guardian] Early skip: URL https://www.theguardian.com/film/2026/mar/19/indian-film-board-blocks-release-of-oscar-nominated-gaza-drama-the-voice-of-hind-rajab already exists.
2026-03-26 13:32:42,818 - INFO - [The Guardian] Early skip: URL https://www.theguardian.com/politics/live/2026/mar/26/keir-starmer-ukraine-iran-social-media-ban-councils-pensions-latest-news-updates already exists.
2026-03-26 13:32:42,821 - INFO - [The Guardian] Article: https://www.theguardian.com/environment/2026/mar/26/octopus-sharp-rise-solar-panel-sales-iran-war
2026-03-26 13:32:42,821 - INFO - [The Guardian] Attempt 1/1: Trying with 'requests_browser' strategy...
2026-03-26 13:32:42,973 - INFO - [The Guardian] Success with 'requests_browser'. Found content (741 words).
2026-03-26 13:33:03,517 - INFO - >>> SUCCESSFULLY SAVED [ID: 45442] - 11 Indian truck drivers arrested in US, all found to be illegals with commercial licenses - The Times of India from Times of India (309 words)
2026-03-26 13:33:04,880 - INFO - [Times of India] Article: https://timesofindia.indiatimes.com/world/middle-east/gulf-news-india-announces-dates-for-jee-2026-in-gulf-countries-dubai-to-kuwait-and-bahrain-check-key-locations-and-relief-for-expats/articleshow/129822886.cms
2026-03-26 13:33:04,880 - INFO - [Times of India] Attempt 1/1: Trying with 'selenium_browser' strategy...
2026-03-26 13:33:08,175 - INFO - [Times of India] Page content loaded.
2026-03-26 13:33:08,445 - INFO - [Times of India] Success with 'selenium_browser'. Found content (397 words).
2026-03-26 13:33:26,734 - INFO - >>> SUCCESSFULLY SAVED [ID: 45443] - Four held for ₹26 crore worth online betting fraud in Hyderabad - The Hindu from The Hindu (297 words)
2026-03-26 13:33:27,371 - INFO - [The Hindu] Article: https://www.thehindu.com/news/national/karnataka/hridaya-vaishalya-scheme-31000-rural-residents-screened/article70788159.ece
2026-03-26 13:33:27,371 - INFO - [The Hindu] Attempt 1/1: Trying with 'selenium_browser' strategy...
2026-03-26 13:33:28,478 - INFO - [The Hindu] Page content loaded.
2026-03-26 13:33:28,552 - INFO - [The Hindu] Success with 'selenium_browser'. Found content (355 words).
2026-03-26 13:33:49,491 - INFO - >>> SUCCESSFULLY SAVED [ID: 45444] - Is Europe heading to an energy crisis? | US-Israel war on Iran | Al Jazeera from Al Jazeera (128 words)
2026-03-26 13:33:50,868 - INFO - [Al Jazeera] Article: https://www.aljazeera.com/video/newsfeed/2026/3/26/video-gcc-chief-says-iran-charging-for-ships-to-pass-strait-of-hormuz?traffic_source=rss
2026-03-26 13:33:50,868 - INFO - [Al Jazeera] Attempt 1/2: Trying with 'requests_browser' strategy...
2026-03-26 13:33:50,988 - WARNING - [Al Jazeera] FAILED with 'requests_browser' (content was too short: 63 words).
2026-03-26 13:33:51,941 - INFO - [Al Jazeera] Article: https://www.aljazeera.com/video/newsfeed/2026/3/26/video-gcc-chief-says-iran-charging-for-ships-to-pass-strait-of-hormuz?traffic_source=rss
2026-03-26 13:33:51,941 - INFO - [Al Jazeera] Attempt 2/2: Trying with 'selenium_browser' strategy...
2026-03-26 13:33:53,281 - INFO - [Al Jazeera] Page content loaded.
2026-03-26 13:33:53,419 - WARNING - [Al Jazeera] FAILED with 'selenium_browser' (content was too short: 67 words).
2026-03-26 13:33:53,419 - ERROR - [Al Jazeera] All scrape strategies failed for https://www.aljazeera.com/video/newsfeed/2026/3/26/video-gcc-chief-says-iran-charging-for-ships-to-pass-strait-of-hormuz?traffic_source=rss. Falling back to RSS description.
2026-03-26 13:33:53,420 - WARNING - SKIPPED (GLOBAL WORD LIMIT): Article 'Video: GCC chief says Iran charging for ships to pass Strait of Hormuz' from Al Jazeera has only 19 words (Min: 90).
2026-03-26 13:33:54,781 - INFO - [Al Jazeera] Article: https://www.aljazeera.com/opinions/2026/3/26/as-a-palestinian-i-stand-in-solidarity-with-the-iranian-people-heres-why?traffic_source=rss
2026-03-26 13:33:54,781 - INFO - [Al Jazeera] Attempt 1/2: Trying with 'requests_browser' strategy...
2026-03-26 13:33:54,872 - INFO - [Al Jazeera] Success with 'requests_browser'. Found content (1030 words).
2026-03-26 13:33:56,725 - CRITICAL - --- TIMEOUT: 5 scrape jobs did not complete in 300s. ---
2026-03-26 13:33:56,725 - ERROR - A thread has timed out and will be abandoned.
2026-03-26 13:33:56,725 - ERROR - A thread has timed out and will be abandoned.
2026-03-26 13:33:56,725 - ERROR - A thread has timed out and will be abandoned.
2026-03-26 13:33:56,725 - ERROR - A thread has timed out and will be abandoned.
2026-03-26 13:33:56,725 - ERROR - A thread has timed out and will be abandoned.
2026-03-26 13:33:56,725 - INFO - Shutting down thread pool (wait=False)...
2026-03-26 13:33:56,725 - INFO - Scraped: 0 TechCrunch, 0 Economic Times, 3 BBC, 5 Timed_Out_Jobs articles. (Total saved: 3)
2026-03-26 13:33:56,725 - INFO - --- Scraping job finished ---
2026-03-26 13:33:56,726 - INFO - --- Scraper service stopped. ---
2026-03-26 13:33:56,726 - INFO - --- Main thread finished. Forcing process exit to kill zombie threads. ---
