2026-01-25 14:23:22,061 - INFO - Loading AI Semantic Model (all-MiniLM-L6-v2)...
2026-01-25 14:23:22,061 - INFO - Use pytorch device_name: cpu
2026-01-25 14:23:22,061 - INFO - Load pretrained SentenceTransformer: all-MiniLM-L6-v2
2026-01-25 14:23:23,284 - INFO - AI Model loaded successfully.
2026-01-25 14:23:23,285 - INFO - --- Scraper service started (CI Mode: Run Once) ---
2026-01-25 14:23:23,285 - INFO - --- Starting new scraping job (Parallel Mode) ---
2026-01-25 14:23:23,285 - INFO - Creating new robust session with 3 retries on 5xx/connection/read errors.
2026-01-25 14:23:23,285 - INFO - Proxy is DISABLED.
2026-01-25 14:23:23,285 - INFO - Starting scrape for BBC RSS feed: http://feeds.bbci.co.uk/news/world/rss.xml
2026-01-25 14:23:23,286 - INFO - [Times of India] (Thread) requires Selenium. Initializing driver...
2026-01-25 14:23:23,287 - INFO - Starting scrape for The Guardian RSS feed: https://www.theguardian.com/world/rss
2026-01-25 14:23:23,288 - INFO - [The Hindu] (Thread) requires Selenium. Initializing driver...
2026-01-25 14:23:23,288 - INFO - Submitted 4 jobs to thread pool. Waiting up to 300s for completion...
2026-01-25 14:23:23,510 - INFO - Found 29 articles in BBC RSS feed. Processing up to 30.
2026-01-25 14:23:23,511 - INFO - [BBC] Early skip: URL https://www.bbc.com/news/articles/c20zjyxep99o?at_medium=RSS&at_campaign=rss already exists.
2026-01-25 14:23:23,571 - INFO - Found 45 articles in The Guardian RSS feed. Processing up to 30.
2026-01-25 14:23:23,623 - INFO - [The Guardian] Early skip: URL https://www.theguardian.com/world/2026/jan/23/guinea-bissau-hepatitis-b-vaccine-study already exists.
2026-01-25 14:23:23,876 - INFO - [BBC] Early skip: URL https://www.bbc.com/news/articles/cx2l6wg0p8eo?at_medium=RSS&at_campaign=rss already exists.
2026-01-25 14:23:24,071 - INFO - [The Guardian] Early skip: URL https://www.theguardian.com/global-development/2026/jan/22/actionaid-rethink-child-sponsorship-decolonise-funding already exists.
2026-01-25 14:23:24,255 - INFO - [BBC] Early skip: URL https://www.bbc.com/news/articles/c4nnp4d064do?at_medium=RSS&at_campaign=rss already exists.
2026-01-25 14:23:24,474 - INFO - [The Guardian] Early skip: URL https://www.theguardian.com/us-news/2026/jan/20/us-diplomats-urged-to-remind-african-leaders-of-us-generosity-despite-usaid-closing already exists.
2026-01-25 14:23:24,770 - INFO - [BBC] Early skip: URL https://www.bbc.com/news/articles/c3edwx37pd9o?at_medium=RSS&at_campaign=rss already exists.
2026-01-25 14:23:25,044 - INFO - [The Guardian] Early skip: URL https://www.theguardian.com/global-development/2026/jan/19/brazen-political-influence-rich-laid-bare-wealth-billionaires-inequality-poverty-instability-oxfam already exists.
2026-01-25 14:23:25,191 - INFO - [BBC] Early skip: URL https://www.bbc.com/news/articles/c4gl0njzxjdo?at_medium=RSS&at_campaign=rss already exists.
2026-01-25 14:23:25,324 - INFO - [The Guardian] Early skip: URL https://www.theguardian.com/world/2026/jan/18/ugandas-president-calls-opponents-terrorists-in-victory-speech already exists.
2026-01-25 14:23:25,485 - INFO - [BBC] Early skip: URL https://www.bbc.com/news/articles/cy4qww3w72lo?at_medium=RSS&at_campaign=rss already exists.
2026-01-25 14:23:25,721 - INFO - [The Guardian] Early skip: URL https://www.theguardian.com/us-news/2026/jan/24/trump-canada-tariff-threat-venezuela-oil already exists.
2026-01-25 14:23:26,006 - INFO - [BBC] Early skip: URL https://www.bbc.com/news/articles/c8rm14lkkvzo?at_medium=RSS&at_campaign=rss already exists.
2026-01-25 14:23:26,142 - INFO - [The Guardian] Early skip: URL https://www.theguardian.com/world/2026/jan/23/spanish-prosecutors-drop-julio-iglesias-complaint already exists.
2026-01-25 14:23:26,291 - INFO - [BBC] Early skip: URL https://www.bbc.com/news/articles/cwyr6p30054o?at_medium=RSS&at_campaign=rss already exists.
2026-01-25 14:23:26,511 - INFO - [The Guardian] Early skip: URL https://www.theguardian.com/world/2026/jan/23/ryan-wedding-arrested already exists.
2026-01-25 14:23:26,631 - INFO - [BBC] Early skip: URL https://www.bbc.com/news/articles/c701kr5zqdqo?at_medium=RSS&at_campaign=rss already exists.
2026-01-25 14:23:26,873 - INFO - [The Guardian] Early skip: URL https://www.theguardian.com/world/2026/jan/23/venezuela-leaked-video-delcy-rodriguez-maduro already exists.
2026-01-25 14:23:27,111 - INFO - [BBC] Early skip: URL https://www.bbc.com/news/articles/cj9r8ezym3ro?at_medium=RSS&at_campaign=rss already exists.
2026-01-25 14:23:27,408 - INFO - [The Guardian] Early skip: URL https://www.theguardian.com/us-news/2026/jan/22/trump-withdraws-invitation-canada already exists.
2026-01-25 14:23:27,611 - INFO - [BBC] Early skip: URL https://www.bbc.com/news/articles/czx11kw42jeo?at_medium=RSS&at_campaign=rss already exists.
2026-01-25 14:23:27,794 - INFO - [The Guardian] Early skip: URL https://www.theguardian.com/news/ng-interactive/2026/jan/25/china-europe-canada-charm-offensive-trump already exists.
2026-01-25 14:23:28,091 - INFO - [BBC] Early skip: URL https://www.bbc.com/news/articles/c2k98ql703no?at_medium=RSS&at_campaign=rss already exists.
2026-01-25 14:23:28,269 - INFO - [The Guardian] Early skip: URL https://www.theguardian.com/world/2026/jan/24/north-korea-pentagon-to-reduce-role-deterrence already exists.
2026-01-25 14:23:28,449 - INFO - [BBC] Early skip: URL https://www.bbc.com/news/articles/c87r53y4dx0o?at_medium=RSS&at_campaign=rss already exists.
2026-01-25 14:23:28,598 - INFO - [The Guardian] Early skip: URL https://www.theguardian.com/world/2026/jan/24/new-zealand-landslide-rescue-efforts-called-off-for-at-least-six-people-buried-in-disaster already exists.
2026-01-25 14:23:28,852 - INFO - [BBC] Early skip: URL https://www.bbc.com/news/articles/c78ejd0xmp0o?at_medium=RSS&at_campaign=rss already exists.
2026-01-25 14:23:29,092 - INFO - [The Guardian] Early skip: URL https://www.theguardian.com/environment/2026/jan/23/tapanuli-orangutans-floods-indonesia-government-mining-extraction-companies-aoe already exists.
2026-01-25 14:23:29,268 - INFO - [BBC] Early skip: URL https://www.bbc.com/news/articles/c050vnl7p10o?at_medium=RSS&at_campaign=rss already exists.
2026-01-25 14:23:29,545 - INFO - [The Guardian] Early skip: URL https://www.theguardian.com/world/2026/jan/23/two-confirmed-dead-and-more-presumed-buried-after-landslides-hit-house-and-campground-in-new-zealand already exists.
2026-01-25 14:23:29,782 - INFO - [BBC] Early skip: URL https://www.bbc.com/news/articles/cvgnj7v2rr5o?at_medium=RSS&at_campaign=rss already exists.
2026-01-25 14:23:30,020 - INFO - [The Guardian] Article: https://www.theguardian.com/australia-news/2026/jan/25/ndis-outsourced-call-centre-pretend-government-workers
2026-01-25 14:23:30,020 - INFO - [The Guardian] Attempt 1/1: Trying with 'requests_browser' strategy...
2026-01-25 14:23:30,021 - INFO - [BBC] Early skip: URL https://www.bbc.com/news/articles/cy8ylqx0zw4o?at_medium=RSS&at_campaign=rss already exists.
2026-01-25 14:23:30,182 - INFO - [BBC] Early skip: URL https://www.bbc.com/news/articles/c99kkerr93ko?at_medium=RSS&at_campaign=rss already exists.
2026-01-25 14:23:30,199 - INFO - [The Guardian] Success with 'requests_browser'. Found content (793 words).
2026-01-25 14:23:31,044 - INFO - Selenium driver initialized successfully.
2026-01-25 14:23:31,045 - INFO - Starting scrape for Times of India RSS feed: https://timesofindia.indiatimes.com/rssfeeds/296589292.cms
2026-01-25 14:23:31,046 - INFO - Selenium driver initialized successfully.
2026-01-25 14:23:31,046 - INFO - Starting scrape for The Hindu RSS feed: https://www.thehindu.com/news/national/feeder/default.rss
2026-01-25 14:23:31,256 - INFO - Found 100 articles in The Hindu RSS feed. Processing up to 30.
2026-01-25 14:23:31,567 - INFO - Found 20 articles in Times of India RSS feed. Processing up to 30.
2026-01-25 14:23:40,505 - INFO - Saved article: Outsourced call centre staff at NDIS have to pretend to work for government, workers say | Australia news | The Guardian from The Guardian (793 words)
2026-01-25 14:23:40,505 - INFO - [BBC] Early skip: URL https://www.bbc.com/news/articles/c9wxx29yknpo?at_medium=RSS&at_campaign=rss already exists.
2026-01-25 14:23:40,723 - INFO - [The Hindu] Article: https://www.thehindu.com/news/national/andhra-pradesh/five-women-police-officers-to-pedal-against-drugs-ganja/article70549799.ece
2026-01-25 14:23:40,723 - INFO - [The Hindu] Attempt 1/1: Trying with 'selenium_browser' strategy...
2026-01-25 14:23:40,724 - INFO - [Times of India] Article: https://timesofindia.indiatimes.com/world/us/do-you-ever-stop-to-ask-yourself-snl-tears-into-ice-after-fatal-shooting-of-icu-nurse-in-minneapolis/articleshow/127477839.cms
2026-01-25 14:23:40,724 - INFO - [Times of India] Attempt 1/1: Trying with 'selenium_browser' strategy...
2026-01-25 14:23:40,724 - INFO - [BBC] Early skip: URL https://www.bbc.com/news/articles/c338jpk8r1vo?at_medium=RSS&at_campaign=rss already exists.
2026-01-25 14:23:41,012 - INFO - [BBC] Early skip: URL https://www.bbc.com/news/articles/c0err023g5lo?at_medium=RSS&at_campaign=rss already exists.
2026-01-25 14:23:41,182 - INFO - [BBC] Early skip: URL https://www.bbc.com/news/articles/c0keelnyrvro?at_medium=RSS&at_campaign=rss already exists.
2026-01-25 14:23:41,342 - INFO - [BBC] Early skip: URL https://www.bbc.com/news/articles/cd9eeyz933jo?at_medium=RSS&at_campaign=rss already exists.
2026-01-25 14:23:41,535 - INFO - [The Guardian] Early skip: URL https://www.theguardian.com/australia-news/2026/jan/25/astronaut-katherine-bennell-pegg-named-australian-of-the-year-for-2026 already exists.
2026-01-25 14:23:41,657 - INFO - [The Guardian] Early skip: URL https://www.theguardian.com/australia-news/2026/jan/25/australia-day-honours-2026-cathy-freeman-social-media-ban-rob-hirst-midnight-oil already exists.
2026-01-25 14:23:41,811 - INFO - [BBC] Early skip: URL https://www.bbc.com/news/articles/c9vx0p77pn8o?at_medium=RSS&at_campaign=rss already exists.
2026-01-25 14:23:42,104 - INFO - [BBC] Early skip: URL https://www.bbc.com/news/videos/c6206p2zyyqo?at_medium=RSS&at_campaign=rss already exists.
2026-01-25 14:23:42,252 - INFO - [The Guardian] Early skip: URL https://www.theguardian.com/australia-news/2026/jan/25/dingoes-on-australias-kgari-island-to-be-euthanised-after-tragic-death-of-canadian-tourist-piper-james already exists.
2026-01-25 14:23:42,526 - INFO - [The Guardian] Early skip: URL https://www.theguardian.com/australia-news/live/2026/jan/25/victoria-otways-bushfires-nsw-lake-cargelligo-manhunt-federal-politics-anthony-albanese-labor-sussan-ley-coalition-ntwnfb already exists.
2026-01-25 14:23:42,669 - INFO - [BBC] Early skip: URL https://www.bbc.com/news/videos/cp372pqq2rlo?at_medium=RSS&at_campaign=rss already exists.
2026-01-25 14:23:42,786 - INFO - [BBC] Article: https://www.bbc.com/news/videos/cn8jje0pypro?at_medium=RSS&at_campaign=rss
2026-01-25 14:23:42,786 - INFO - [BBC] Attempt 1/1: Trying with 'requests_browser' strategy...
2026-01-25 14:23:42,789 - INFO - [The Guardian] Early skip: URL https://www.theguardian.com/world/2026/jan/24/russia-launches-deadly-strikes-on-kyiv-and-kharkiv-ahead-of-day-two-of-peace-talks already exists.
2026-01-25 14:23:42,979 - INFO - [The Guardian] Early skip: URL https://www.theguardian.com/world/2026/jan/24/a-lot-of-fear-the-families-bearing-brunt-of-swedens-immigration-crackdown already exists.
2026-01-25 14:23:43,209 - INFO - [The Guardian] Early skip: URL https://www.theguardian.com/world/live/2026/jan/24/ukraine-russia-war-us-talks-uae-europe-live-latest-news-updates already exists.
2026-01-25 14:23:43,279 - WARNING - [BBC] FAILED with 'requests_browser' (content was too short: 63 words).
2026-01-25 14:23:43,279 - ERROR - [BBC] All scrape strategies failed for https://www.bbc.com/news/videos/cn8jje0pypro?at_medium=RSS&at_campaign=rss. Falling back to RSS description.
2026-01-25 14:23:43,280 - WARNING - SKIPPED (GLOBAL WORD LIMIT): Article 'Ros Atkins on... How popular is President Trump?' from BBC has only 26 words (Min: 90).
2026-01-25 14:23:43,416 - INFO - [The Guardian] Early skip: URL https://www.theguardian.com/world/2026/jan/24/repatriate-the-gold-german-economists-advise-withdrawal-from-us-vaults already exists.
2026-01-25 14:23:43,707 - INFO - [The Guardian] Early skip: URL https://www.theguardian.com/world/2026/jan/23/spain-train-collision-investigators-examine-rail-damage-theory already exists.
2026-01-25 14:23:43,913 - INFO - [The Guardian] Early skip: URL https://www.theguardian.com/world/2026/jan/25/iran-us-protests-crackdown already exists.
2026-01-25 14:23:44,199 - INFO - [The Guardian] Early skip: URL https://www.theguardian.com/world/2026/jan/24/syria-kurdish-military-extend-ceasefire-war already exists.
2026-01-25 14:23:44,369 - INFO - [BBC] Early skip: URL https://www.bbc.com/news/videos/cvgj13e5ddlo?at_medium=RSS&at_campaign=rss already exists.
2026-01-25 14:23:44,578 - INFO - [BBC] Article: https://www.bbc.com/news/videos/c20dlr9kn37o?at_medium=RSS&at_campaign=rss
2026-01-25 14:23:44,578 - INFO - [BBC] Attempt 1/1: Trying with 'requests_browser' strategy...
2026-01-25 14:23:44,585 - INFO - [The Guardian] Early skip: URL https://www.theguardian.com/world/2026/jan/23/trump-says-us-armada-heading-middle-east-iran-death-toll already exists.
2026-01-25 14:23:44,749 - INFO - [The Guardian] Early skip: URL https://www.theguardian.com/world/2026/jan/23/uae-funds-gaza-community already exists.
2026-01-25 14:23:44,819 - WARNING - [BBC] FAILED with 'requests_browser' (content was too short: 51 words).
2026-01-25 14:23:44,819 - ERROR - [BBC] All scrape strategies failed for https://www.bbc.com/news/videos/c20dlr9kn37o?at_medium=RSS&at_campaign=rss. Falling back to RSS description.
2026-01-25 14:23:44,819 - WARNING - SKIPPED (GLOBAL WORD LIMIT): Article 'Could trilateral talks yield a breakthrough in Ukraine-Russia war?' from BBC has only 21 words (Min: 90).
2026-01-25 14:23:45,016 - INFO - [The Guardian] Early skip: URL https://www.theguardian.com/world/2026/jan/23/spanish-court-drops-pegasus-spyware-case-again-israel-spain-nso already exists.
2026-01-25 14:23:45,245 - INFO - [The Hindu] Page content loaded.
2026-01-25 14:23:45,367 - INFO - [The Hindu] Success with 'selenium_browser'. Found content (247 words).
2026-01-25 14:24:00,802 - ERROR - [Times of India] Request failed for strategy 'selenium_browser' on URL https://timesofindia.indiatimes.com/world/us/do-you-ever-stop-to-ask-yourself-snl-tears-into-ice-after-fatal-shooting-of-icu-nurse-in-minneapolis/articleshow/127477839.cms: Message: timeout: Timed out receiving message from renderer: 19.645
  (Session info: chrome=144.0.7559.59)
Stacktrace:
#0 0x562363d66c3a <unknown>
#1 0x562363780969 <unknown>
#2 0x562363768201 <unknown>
#3 0x562363767e26 <unknown>
#4 0x56236376594b <unknown>
#5 0x5623637662cf <unknown>
#6 0x562363775700 <unknown>
#7 0x56236378f6f7 <unknown>
#8 0x56236379697b <unknown>
#9 0x562363766a39 <unknown>
#10 0x56236378f48a <unknown>
#11 0x56236381ed98 <unknown>
#12 0x5623637c7be2 <unknown>
#13 0x5623637c8991 <unknown>
#14 0x562363d2ca99 <unknown>
#15 0x562363d2f9b1 <unknown>
#16 0x562363d190a9 <unknown>
#17 0x562363d3056e <unknown>
#18 0x562363cff5e0 <unknown>
#19 0x562363d54358 <unknown>
#20 0x562363d54528 <unknown>
#21 0x562363d65fa8 <unknown>
#22 0x7fc4bc09caa4 <unknown>
#23 0x7fc4bc129c6c <unknown>

2026-01-25 14:24:00,803 - ERROR - [Times of India] All scrape strategies failed for https://timesofindia.indiatimes.com/world/us/do-you-ever-stop-to-ask-yourself-snl-tears-into-ice-after-fatal-shooting-of-icu-nurse-in-minneapolis/articleshow/127477839.cms. Falling back to RSS description.
2026-01-25 14:24:00,803 - WARNING - SKIPPED (GLOBAL WORD LIMIT): Article 'SNL cold open: Michael Che slams ICE, VP Vance after fatal shooting; outrage grows' from Times of India has only 3 words (Min: 90).
2026-01-25 14:24:03,213 - INFO - Saved article: Five women police officers to pedal against drugs, ganja - The Hindu from The Hindu (247 words)
2026-01-25 14:24:03,214 - INFO - [Times of India] Article: https://timesofindia.indiatimes.com/world/us/havent-spoken-due-to-visa-status-canadian-singer-condemns-federal-agents-over-fatal-shooting-of-minneapolis-man/articleshow/127477551.cms
2026-01-25 14:24:03,214 - INFO - [Times of India] Attempt 1/1: Trying with 'selenium_browser' strategy...
2026-01-25 14:24:04,561 - INFO - [The Hindu] Article: https://www.thehindu.com/news/national/kerala/itfok-2026-where-gathering-becomes-resistance/article70549609.ece
2026-01-25 14:24:04,562 - INFO - [The Hindu] Attempt 1/1: Trying with 'selenium_browser' strategy...
2026-01-25 14:24:05,474 - INFO - [Times of India] Page content loaded.
2026-01-25 14:24:05,728 - INFO - [Times of India] Success with 'selenium_browser'. Found content (398 words).
2026-01-25 14:24:06,791 - INFO - [The Hindu] Page content loaded.
2026-01-25 14:24:06,835 - INFO - [The Hindu] Success with 'selenium_browser'. Found content (454 words).
2026-01-25 14:24:20,567 - INFO - DEDUPLICATION: Found match (Score: 0.82). Linking to Cluster ID: 78ed5083-8b1c-4dfe-8acf-94cd9bfb0f14
2026-01-25 14:24:20,570 - INFO - Saved article: ‘Haven’t spoken due to visa status’: Canadian singer condemns federal agents over fatal shooting of Minneapolis man - The Times of India from Times of India (398 words)
2026-01-25 14:24:31,671 - INFO - DEDUPLICATION: Found match (Score: 0.79). Linking to Cluster ID: 6b6aa59d-f534-4fca-ac7f-f4e9fbb6e359
2026-01-25 14:24:31,673 - INFO - Saved article: ITFoK 2026: where gathering becomes resistance - The Hindu from The Hindu (454 words)
2026-01-25 14:24:31,674 - INFO - [Times of India] Article: https://timesofindia.indiatimes.com/world/us/a-wake-up-call-indian-american-author-kiran-desai-says-us-immigration-fear-offers-lesson-in-empathy/articleshow/127474223.cms
2026-01-25 14:24:31,674 - INFO - [Times of India] Attempt 1/1: Trying with 'selenium_browser' strategy...
2026-01-25 14:24:32,485 - INFO - [The Hindu] Article: https://www.thehindu.com/news/national/andhra-pradesh/religious-ecstasy-marks-ratha-saptami-in-tirumala/article70549690.ece
2026-01-25 14:24:32,485 - INFO - [The Hindu] Attempt 1/1: Trying with 'selenium_browser' strategy...
2026-01-25 14:24:32,582 - INFO - [Times of India] Page content loaded.
2026-01-25 14:24:32,697 - INFO - [Times of India] Success with 'selenium_browser'. Found content (786 words).
2026-01-25 14:24:38,647 - INFO - [The Hindu] Page content loaded.
2026-01-25 14:24:38,860 - INFO - [The Hindu] Success with 'selenium_browser'. Found content (318 words).
2026-01-25 14:24:48,449 - INFO - Saved article: ‘A wake-up call’: Indian American author Kiran Desai says US immigration fear offers lesson in empathy - The Times of India from Times of India (786 words)
2026-01-25 14:24:59,492 - INFO - Saved article: Religious ecstasy marks ‘Ratha Saptami’ in Tirumala - The Hindu from The Hindu (318 words)
2026-01-25 14:24:59,493 - INFO - [Times of India] Early skip: URL https://timesofindia.indiatimes.com/world/us/did-snl-call-jd-vance-gay-saturday-night-live-turns-cold-open-into-a-one-man-awards-sweep/articleshow/127476009.cms already exists.
2026-01-25 14:24:59,774 - INFO - [Times of India] Early skip: URL https://timesofindia.indiatimes.com/world/us/who-is-gaurav-srivastava-fake-spy-accused-of-posing-as-top-cia-agent-to-seize-350-million-oil-firm/articleshow/127474956.cms already exists.
2026-01-25 14:25:00,018 - INFO - [Times of India] Early skip: URL https://timesofindia.indiatimes.com/world/us/closed-doors-free-samosas-how-an-indian-restaurant-is-backing-anti-ice-protesters-in-minneapolis/articleshow/127475357.cms already exists.
2026-01-25 14:25:00,145 - INFO - [Times of India] Early skip: URL https://timesofindia.indiatimes.com/world/us/pakistan-born-doctor-mourns-colleague-and-icu-nurse-alex-pretti-shot-by-federal-agents-in-minnesota-senseless-carnage-/articleshow/127473359.cms already exists.
2026-01-25 14:25:00,429 - INFO - [The Hindu] Article: https://www.thehindu.com/news/national/kerala/extensive-welfare-schemes-for-ksrtc-employees-minister-kb-ganesh-kumar/article70550004.ece
2026-01-25 14:25:00,429 - INFO - [The Hindu] Attempt 1/1: Trying with 'selenium_browser' strategy...
2026-01-25 14:25:00,430 - INFO - [Times of India] Early skip: URL https://timesofindia.indiatimes.com/world/middle-east/dolphins-just-2-5-hours-from-dubai-omans-norway-of-arabia-khasab-steals-uaes-weekend-getaway-crown/articleshow/127470712.cms already exists.
2026-01-25 14:25:00,557 - INFO - [Times of India] Early skip: URL https://timesofindia.indiatimes.com/etimes/trending/most-terrifying-live-stream-of-2026-internet-holds-breath-as-american-rock-climber-alex-honnold-climbs-taipei-101-skyscraper-without-ropes-or-safety-net/articleshow/127465384.cms already exists.
2026-01-25 14:25:00,667 - INFO - [Times of India] Early skip: URL https://timesofindia.indiatimes.com/world/middle-east/weekend-desert-trip-sharjah-cracks-down-on-mleiha-national-park-without-permit-issues-hefty-fines/articleshow/127462115.cms already exists.
2026-01-25 14:25:00,944 - INFO - [Times of India] Early skip: URL https://timesofindia.indiatimes.com/world/rest-of-world/did-russia-really-witness-two-suns-inside-the-rare-sundog-phenomenon-that-stunned-sakhalin-residents/articleshow/127460292.cms already exists.
2026-01-25 14:25:01,170 - INFO - [Times of India] Early skip: URL https://timesofindia.indiatimes.com/world/middle-east/is-kamenei-hiding-in-bunker-tensions-rise-as-us-carrier-moves-towards-iran/articleshow/127457430.cms already exists.
2026-01-25 14:25:01,468 - INFO - [Times of India] Early skip: URL https://timesofindia.indiatimes.com/world/middle-east/no-more-glaring-billboards-as-kuwait-municipality-enforces-strict-rules/articleshow/127455859.cms already exists.
2026-01-25 14:25:01,704 - INFO - [Times of India] Early skip: URL https://timesofindia.indiatimes.com/world/rest-of-world/a-4500-year-old-journal-explains-how-egypt-built-the-great-pyramid-of-giza/articleshow/127456479.cms already exists.
2026-01-25 14:25:01,902 - INFO - [Times of India] Early skip: URL https://timesofindia.indiatimes.com/world/us/former-us-vp-kamala-harris-explodes-after-icu-nurse-alex-jeffrey-pretti-shot-by-ice-agents-calls-minneapolis-a-murderous-occupation-in-furious-tweet/articleshow/127452326.cms already exists.
2026-01-25 14:25:02,050 - INFO - [Times of India] Early skip: URL https://timesofindia.indiatimes.com/world/us/were-buying-canadian-pm-mark-carney-hits-back-at-trumps-100-tariff-threat/articleshow/127451948.cms already exists.
2026-01-25 14:25:02,164 - INFO - [Times of India] Early skip: URL https://timesofindia.indiatimes.com/world/us/who-was-alex-jeffrey-pretti-37-year-old-icu-nurse-killed-by-ice-agent-in-minneapolis-shooting/articleshow/127445725.cms already exists.
2026-01-25 14:25:02,210 - INFO - [The Hindu] Page content loaded.
2026-01-25 14:25:02,297 - INFO - [Times of India] Early skip: URL https://timesofindia.indiatimes.com/world/us/minneapolis-shooting-parents-of-victims-call-ice-trump-admins-account-of-events-sickening-lies/articleshow/127444965.cms already exists.
2026-01-25 14:25:02,409 - INFO - [Times of India] Early skip: URL https://timesofindia.indiatimes.com/world/rest-of-world/4000-year-old-egyptian-tomb-reveals-14-foot-false-door-and-lost-fifth-dynasty-secrets-of-royal-rituals/articleshow/127450939.cms already exists.
2026-01-25 14:25:02,462 - INFO - [The Hindu] Success with 'selenium_browser'. Found content (169 words).
2026-01-25 14:25:02,571 - INFO - [Times of India] Early skip: URL https://timesofindia.indiatimes.com/world/us/did-alex-pretti-have-a-gun-are-ice-agents-badly-trained-frequenly-asked-questions-about-minneapolis-shooting/articleshow/127450507.cms already exists.
2026-01-25 14:25:02,861 - INFO - [Times of India] (Thread) Finished. Attempting to shut down its Selenium driver.
2026-01-25 14:25:03,415 - INFO - [Times of India] (Thread) driver.quit() successful.
2026-01-25 14:25:14,478 - INFO - Saved article: Extensive welfare schemes for KSRTC employees: Minister K.B. Ganesh Kumar - The Hindu from The Hindu (169 words)
2026-01-25 14:25:15,314 - INFO - [The Hindu] Article: https://www.thehindu.com/news/national/karnataka/mother-hangs-two-children-before-ending-her-life-in-periyapatna/article70550035.ece
2026-01-25 14:25:15,314 - INFO - [The Hindu] Attempt 1/1: Trying with 'selenium_browser' strategy...
2026-01-25 14:25:16,150 - INFO - [The Hindu] Page content loaded.
2026-01-25 14:25:16,227 - INFO - [The Hindu] Success with 'selenium_browser'. Found content (170 words).
2026-01-25 14:25:28,324 - INFO - Saved article: Mother hangs two children before ending her life in Periyapatna - The Hindu from The Hindu (170 words)
2026-01-25 14:25:29,661 - INFO - [The Hindu] Article: https://www.thehindu.com/news/national/andhra-pradesh/free-rural-medical-camp-held-in-sathya-sai-district/article70549605.ece
2026-01-25 14:25:29,662 - INFO - [The Hindu] Attempt 1/1: Trying with 'selenium_browser' strategy...
2026-01-25 14:25:33,518 - INFO - [The Hindu] Page content loaded.
2026-01-25 14:25:33,626 - INFO - [The Hindu] Success with 'selenium_browser'. Found content (201 words).
2026-01-25 14:25:44,605 - INFO - Saved article: Free rural medical camp held in Sathya Sai district - The Hindu from The Hindu (201 words)
2026-01-25 14:25:45,140 - INFO - [The Hindu] Article: https://www.thehindu.com/news/national/kerala/kerala-takes-pandemic-preparedness-to-grassroots/article70546907.ece
2026-01-25 14:25:45,140 - INFO - [The Hindu] Attempt 1/1: Trying with 'selenium_browser' strategy...
2026-01-25 14:25:46,106 - INFO - [The Hindu] Page content loaded.
2026-01-25 14:25:46,177 - INFO - [The Hindu] Success with 'selenium_browser'. Found content (571 words).
2026-01-25 14:25:57,747 - INFO - Saved article: Kerala takes pandemic preparedness to grassroots - The Hindu from The Hindu (571 words)
2026-01-25 14:25:58,355 - INFO - [The Hindu] Article: https://www.thehindu.com/news/national/kerala/police-fire-force-officers-from-kerala-chosen-for-presidents-medal/article70549992.ece
2026-01-25 14:25:58,355 - INFO - [The Hindu] Attempt 1/1: Trying with 'selenium_browser' strategy...
2026-01-25 14:25:59,417 - INFO - [The Hindu] Page content loaded.
2026-01-25 14:25:59,465 - INFO - [The Hindu] Success with 'selenium_browser'. Found content (183 words).
2026-01-25 14:26:11,094 - INFO - DEDUPLICATION: Found match (Score: 0.73). Linking to Cluster ID: 040c7e34-db60-4c67-96c3-158bc6c21321
2026-01-25 14:26:11,096 - INFO - Saved article: Police, fire force officers from Kerala chosen for President’s Medal - The Hindu from The Hindu (183 words)
2026-01-25 14:26:11,803 - INFO - [The Hindu] Article: https://www.thehindu.com/news/national/kerala/madin-academy-holds-grand-assembly-to-mark-77th-republic-day/article70549957.ece
2026-01-25 14:26:11,803 - INFO - [The Hindu] Attempt 1/1: Trying with 'selenium_browser' strategy...
2026-01-25 14:26:12,979 - INFO - [The Hindu] Page content loaded.
2026-01-25 14:26:13,186 - INFO - [The Hindu] Success with 'selenium_browser'. Found content (172 words).
2026-01-25 14:26:24,179 - INFO - Saved article: Madin Academy holds grand assembly to mark 77th Republic Day - The Hindu from The Hindu (172 words)
2026-01-25 14:26:25,032 - INFO - [The Hindu] Article: https://www.thehindu.com/news/national/padma-awards-announcement-january-25-2026/article70549915.ece
2026-01-25 14:26:25,033 - INFO - [The Hindu] Attempt 1/1: Trying with 'selenium_browser' strategy...
2026-01-25 14:26:26,133 - INFO - [The Hindu] Page content loaded.
2026-01-25 14:26:26,231 - INFO - [The Hindu] Success with 'selenium_browser'. Found content (260 words).
2026-01-25 14:26:37,668 - INFO - DEDUPLICATION: Found match (Score: 0.75). Linking to Cluster ID: a4beee09-bea9-4612-84af-df2d9c8ba456
2026-01-25 14:26:37,670 - INFO - Saved article: Padma awards 2026: Actor Dharmendra, former Kerala CM Achuthanandan get Padma Vibhushan posthumously - The Hindu from The Hindu (260 words)
2026-01-25 14:26:38,281 - INFO - [The Hindu] Article: https://www.thehindu.com/news/national/tamil-nadu/passengers-demand-vande-bharat-express-between-chennai-and-thanjavur/article70549910.ece
2026-01-25 14:26:38,281 - INFO - [The Hindu] Attempt 1/1: Trying with 'selenium_browser' strategy...
2026-01-25 14:26:41,752 - INFO - [The Hindu] Page content loaded.
2026-01-25 14:26:41,843 - INFO - [The Hindu] Success with 'selenium_browser'. Found content (112 words).
2026-01-25 14:26:52,805 - INFO - Saved article: Passengers demand Vande Bharat Express between Chennai and Thanjavur - The Hindu from The Hindu (112 words)
2026-01-25 14:26:53,877 - INFO - [The Hindu] Article: https://www.thehindu.com/news/national/tamil-nadu/minister-duraimurugan-to-inaugurate-district-headquarters-hospital-in-gudiyatham-on-january-26/article70549330.ece
2026-01-25 14:26:53,877 - INFO - [The Hindu] Attempt 1/1: Trying with 'selenium_browser' strategy...
2026-01-25 14:26:54,768 - INFO - [The Hindu] Page content loaded.
2026-01-25 14:26:54,869 - INFO - [The Hindu] Success with 'selenium_browser'. Found content (341 words).
2026-01-25 14:27:06,021 - INFO - Saved article: Minister Duraimurugan to inaugurate district headquarters hospital in Gudiyatham on January 26 - The Hindu from The Hindu (341 words)
2026-01-25 14:27:07,423 - INFO - [The Hindu] Article: https://www.thehindu.com/news/national/karnataka/excavation-to-be-suspended-in-lakkundi-for-a-day/article70549964.ece
2026-01-25 14:27:07,423 - INFO - [The Hindu] Attempt 1/1: Trying with 'selenium_browser' strategy...
2026-01-25 14:27:08,507 - INFO - [The Hindu] Page content loaded.
2026-01-25 14:27:08,578 - WARNING - [The Hindu] FAILED with 'selenium_browser' (content was too short: 55 words).
2026-01-25 14:27:08,578 - ERROR - [The Hindu] All scrape strategies failed for https://www.thehindu.com/news/national/karnataka/excavation-to-be-suspended-in-lakkundi-for-a-day/article70549964.ece. Falling back to RSS description.
2026-01-25 14:27:08,578 - WARNING - SKIPPED (GLOBAL WORD LIMIT): Article 'Excavation to be suspended in Lakkundi for a day' from The Hindu has only 3 words (Min: 90).
2026-01-25 14:27:09,679 - INFO - [The Hindu] Article: https://www.thehindu.com/news/national/full-list-of-padma-award-2026-winners/article70549263.ece
2026-01-25 14:27:09,679 - INFO - [The Hindu] Attempt 1/1: Trying with 'selenium_browser' strategy...
2026-01-25 14:27:10,761 - INFO - [The Hindu] Page content loaded.
2026-01-25 14:27:10,918 - INFO - [The Hindu] Success with 'selenium_browser'. Found content (209 words).
2026-01-25 14:27:22,563 - INFO - DEDUPLICATION: Found match (Score: 0.85). Linking to Cluster ID: a4beee09-bea9-4612-84af-df2d9c8ba456
2026-01-25 14:27:22,565 - INFO - Saved article: Full list of Padma Awards 2026 - The Hindu from The Hindu (209 words)
2026-01-25 14:27:23,705 - INFO - [The Hindu] Article: https://www.thehindu.com/news/national/karnataka/prabhakar-kore-selected-for-padma-shri-award/article70549874.ece
2026-01-25 14:27:23,706 - INFO - [The Hindu] Attempt 1/1: Trying with 'selenium_browser' strategy...
2026-01-25 14:27:24,801 - INFO - [The Hindu] Page content loaded.
2026-01-25 14:27:25,028 - INFO - [The Hindu] Success with 'selenium_browser'. Found content (279 words).
2026-01-25 14:27:36,695 - INFO - Saved article: Prabhakar Kore selected for Padma Shri Award - The Hindu from The Hindu (279 words)
2026-01-25 14:27:37,351 - INFO - [The Hindu] Article: https://www.thehindu.com/news/national/karnataka/padma-shri-2026-awardee-anke-gowda-earns-acclaim-for-lifelong-service-to-librarianship/article70549802.ece
2026-01-25 14:27:37,352 - INFO - [The Hindu] Attempt 1/1: Trying with 'selenium_browser' strategy...
2026-01-25 14:27:38,386 - INFO - [The Hindu] Page content loaded.
2026-01-25 14:27:38,435 - INFO - [The Hindu] Success with 'selenium_browser'. Found content (360 words).
2026-01-25 14:27:49,500 - INFO - DEDUPLICATION: Found match (Score: 0.75). Linking to Cluster ID: 4d1673bd-c287-4a4d-9e74-cbf979342686
2026-01-25 14:27:49,501 - INFO - Saved article: Padma Shri 2026 awardee Anke Gowda earns acclaim for lifelong service to librarianship - The Hindu from The Hindu (360 words)
2026-01-25 14:27:50,575 - INFO - [The Hindu] Article: https://www.thehindu.com/news/national/kerala/one-held-with-mdma/article70549702.ece
2026-01-25 14:27:50,575 - INFO - [The Hindu] Attempt 1/1: Trying with 'selenium_browser' strategy...
2026-01-25 14:27:51,852 - INFO - [The Hindu] Page content loaded.
2026-01-25 14:27:51,924 - INFO - [The Hindu] Success with 'selenium_browser'. Found content (172 words).
2026-01-25 14:28:03,448 - INFO - Saved article: One held with MDMA - The Hindu from The Hindu (172 words)
2026-01-25 14:28:04,356 - INFO - [The Hindu] Article: https://www.thehindu.com/news/national/kerala/cases-booked-against-around-200-cpim-cong-and-bjp-workers-after-violence-in-payyannur/article70549198.ece
2026-01-25 14:28:04,356 - INFO - [The Hindu] Attempt 1/1: Trying with 'selenium_browser' strategy...
2026-01-25 14:28:05,650 - INFO - [The Hindu] Page content loaded.
2026-01-25 14:28:05,741 - INFO - [The Hindu] Success with 'selenium_browser'. Found content (170 words).
2026-01-25 14:28:17,704 - INFO - Saved article: Cases booked against around 200 CPI(M), Cong. and BJP workers after violence in Payyannur - The Hindu from The Hindu (170 words)
2026-01-25 14:28:18,471 - INFO - [The Hindu] Article: https://www.thehindu.com/news/national/kerala/retain-policy-address-made-by-governor-in-assembly-records-rajeev-chandrasekhar/article70549170.ece
2026-01-25 14:28:18,471 - INFO - [The Hindu] Attempt 1/1: Trying with 'selenium_browser' strategy...
2026-01-25 14:28:19,774 - INFO - [The Hindu] Page content loaded.
2026-01-25 14:28:19,873 - INFO - [The Hindu] Success with 'selenium_browser'. Found content (281 words).
2026-01-25 14:28:23,288 - CRITICAL - --- TIMEOUT: 1 scrape jobs did not complete in 300s. ---
2026-01-25 14:28:23,288 - ERROR - A thread has timed out and will be abandoned.
2026-01-25 14:28:23,288 - INFO - Shutting down thread pool (wait=False)...
2026-01-25 14:28:23,289 - INFO - Scraped: 0 BBC, 1 The Guardian, 2 Times of India, 1 Timed_Out_Jobs articles. (Total saved: 3)
2026-01-25 14:28:23,289 - INFO - --- Scraping job finished ---
2026-01-25 14:28:23,289 - INFO - --- Scraper service stopped and database connection closed. ---
2026-01-25 14:28:23,289 - INFO - --- Main thread finished. Forcing process exit to kill zombie threads. ---
