2025-12-14 14:20:23,641 - INFO - Loading AI Semantic Model (all-MiniLM-L6-v2)...
2025-12-14 14:20:23,642 - INFO - Use pytorch device_name: cpu
2025-12-14 14:20:23,642 - INFO - Load pretrained SentenceTransformer: all-MiniLM-L6-v2
2025-12-14 14:20:24,184 - INFO - AI Model loaded successfully.
2025-12-14 14:20:24,184 - INFO - --- Scraper service started (CI Mode: Run Once) ---
2025-12-14 14:20:24,184 - INFO - --- Starting new scraping job (Parallel Mode) ---
2025-12-14 14:20:24,184 - INFO - Creating new robust session with 3 retries on 5xx/connection/read errors.
2025-12-14 14:20:24,185 - INFO - Proxy is DISABLED.
2025-12-14 14:20:24,185 - INFO - Starting scrape for BBC RSS feed: http://feeds.bbci.co.uk/news/world/rss.xml
2025-12-14 14:20:24,186 - INFO - [Times of India] (Thread) requires Selenium. Initializing driver...
2025-12-14 14:20:24,186 - INFO - Starting scrape for The Guardian RSS feed: https://www.theguardian.com/world/rss
2025-12-14 14:20:24,187 - INFO - [The Hindu] (Thread) requires Selenium. Initializing driver...
2025-12-14 14:20:24,187 - INFO - Submitted 4 jobs to thread pool. Waiting up to 300s for completion...
2025-12-14 14:20:24,450 - INFO - Found 45 articles in The Guardian RSS feed. Processing up to 30.
2025-12-14 14:20:24,452 - INFO - [The Guardian] Article: https://www.theguardian.com/science/2025/dec/15/little-foot-hominin-fossil-may-be-new-species-of-human-ancestor
2025-12-14 14:20:24,452 - INFO - [The Guardian] Attempt 1/1: Trying with 'requests_browser' strategy...
2025-12-14 14:20:24,572 - INFO - [The Guardian] Success with 'requests_browser'. Found content (553 words).
2025-12-14 14:20:24,722 - INFO - Found 29 articles in BBC RSS feed. Processing up to 30.
2025-12-14 14:20:30,986 - INFO - Selenium driver initialized successfully.
2025-12-14 14:20:30,986 - INFO - Starting scrape for The Hindu RSS feed: https://www.thehindu.com/news/national/feeder/default.rss
2025-12-14 14:20:30,988 - INFO - Selenium driver initialized successfully.
2025-12-14 14:20:30,988 - INFO - Starting scrape for Times of India RSS feed: https://timesofindia.indiatimes.com/rssfeeds/296589292.cms
2025-12-14 14:20:31,152 - INFO - Found 100 articles in The Hindu RSS feed. Processing up to 30.
2025-12-14 14:20:31,160 - INFO - Found 20 articles in Times of India RSS feed. Processing up to 30.
2025-12-14 14:20:35,128 - INFO - Saved article: Little Foot hominin fossil may be new species of human ancestor | Evolution | The Guardian from The Guardian (553 words)
2025-12-14 14:20:35,128 - INFO - [BBC] Article: https://www.bbc.com/news/videos/c62l00q1v88o?at_medium=RSS&at_campaign=rss
2025-12-14 14:20:35,128 - INFO - [BBC] Attempt 1/1: Trying with 'requests_browser' strategy...
2025-12-14 14:20:35,129 - INFO - [The Hindu] Article: https://www.thehindu.com/news/national/kerala/technology-unlocking-new-opportunities-continuity-of-policies-key-to-keralas-transformation-cm/article70395799.ece
2025-12-14 14:20:35,129 - INFO - [The Hindu] Attempt 1/1: Trying with 'selenium_browser' strategy...
2025-12-14 14:20:35,130 - INFO - [Times of India] Article: https://timesofindia.indiatimes.com/world/rest-of-world/man-who-survived-october-7-hamas-attack-injured-in-bondi-beach-shooting-says-he-never-thought-hed-see-this-in-australia/articleshow/125961622.cms
2025-12-14 14:20:35,131 - INFO - [Times of India] Attempt 1/1: Trying with 'selenium_browser' strategy...
2025-12-14 14:20:35,698 - WARNING - [BBC] FAILED with 'requests_browser' (content was too short: 77 words).
2025-12-14 14:20:35,698 - ERROR - [BBC] All scrape strategies failed for https://www.bbc.com/news/videos/c62l00q1v88o?at_medium=RSS&at_campaign=rss. Falling back to RSS description.
2025-12-14 14:20:35,699 - WARNING - SKIPPED (GLOBAL WORD LIMIT): Article 'Eyewitness captures moment man tackles and disarms Bondi shooter' from BBC has only 23 words (Min: 90).
2025-12-14 14:20:36,359 - INFO - [BBC] Early skip: URL https://www.bbc.com/news/articles/ckg9ll6jpl0o?at_medium=RSS&at_campaign=rss already exists.
2025-12-14 14:20:36,566 - INFO - [BBC] Early skip: URL https://www.bbc.com/news/articles/cvg1r89m6g7o?at_medium=RSS&at_campaign=rss already exists.
2025-12-14 14:20:36,834 - INFO - [BBC] Early skip: URL https://www.bbc.com/news/articles/c2dz7r708dxo?at_medium=RSS&at_campaign=rss already exists.
2025-12-14 14:20:37,052 - INFO - [BBC] Early skip: URL https://www.bbc.com/news/articles/cx2dklj3rxvo?at_medium=RSS&at_campaign=rss already exists.
2025-12-14 14:20:37,206 - INFO - [BBC] Early skip: URL https://www.bbc.com/news/videos/cy4xgxm2848o?at_medium=RSS&at_campaign=rss already exists.
2025-12-14 14:20:37,369 - INFO - [The Guardian] Early skip: URL https://www.theguardian.com/world/2025/dec/13/drone-strike-on-un-facility-in-war-torn-sudan-leaves-six-peacekeepers-dead already exists.
2025-12-14 14:20:37,662 - INFO - [BBC] Early skip: URL https://www.bbc.com/news/articles/c9d9vpxjp2go?at_medium=RSS&at_campaign=rss already exists.
2025-12-14 14:20:37,834 - INFO - [The Guardian] Early skip: URL https://www.theguardian.com/world/2025/dec/13/us-accuses-rwanda-of-violating-peace-deal already exists.
2025-12-14 14:20:37,964 - INFO - [The Guardian] Early skip: URL https://www.theguardian.com/us-news/2025/dec/12/trump-ends-temporary-legal-status-ethiopia already exists.
2025-12-14 14:20:38,213 - INFO - [The Guardian] Early skip: URL https://www.theguardian.com/world/2025/dec/12/uk-sanctions-four-rsf-commanders-heinous-violence-against-sudan-civilians already exists.
2025-12-14 14:20:38,387 - INFO - [BBC] Early skip: URL https://www.bbc.com/news/articles/c4g66nll48do?at_medium=RSS&at_campaign=rss already exists.
2025-12-14 14:20:38,530 - INFO - [BBC] Early skip: URL https://www.bbc.com/news/articles/c0l9954yr9ko?at_medium=RSS&at_campaign=rss already exists.
2025-12-14 14:20:38,829 - INFO - [The Guardian] Early skip: URL https://www.theguardian.com/world/2025/dec/14/chile-presidential-election already exists.
2025-12-14 14:20:39,005 - INFO - [The Guardian] Early skip: URL https://www.theguardian.com/world/2025/dec/13/venezuela-oil-exports-reportedly-fall-sharply-after-us-seizure-of-tanker-skipper already exists.
2025-12-14 14:20:39,125 - INFO - [The Guardian] Early skip: URL https://www.theguardian.com/world/2025/dec/12/brazilian-judge-sanction-lifted-bolsonaro already exists.
2025-12-14 14:20:39,239 - INFO - [The Guardian] Early skip: URL https://www.theguardian.com/world/2025/dec/12/colombia-eln-guerrilla-rebels-trump already exists.
2025-12-14 14:20:39,480 - INFO - [BBC] Early skip: URL https://www.bbc.com/news/articles/cd0kkyx3vvxo?at_medium=RSS&at_campaign=rss already exists.
2025-12-14 14:20:39,708 - INFO - [BBC] Early skip: URL https://www.bbc.com/news/articles/crk777lj763o?at_medium=RSS&at_campaign=rss already exists.
2025-12-14 14:20:39,828 - INFO - [The Guardian] Early skip: URL https://www.theguardian.com/world/2025/dec/12/canada-liberals-government-majority-conservative-michael-ma already exists.
2025-12-14 14:20:39,940 - INFO - [The Guardian] Early skip: URL https://www.theguardian.com/world/2025/dec/14/hong-kong-opposition-democratic-party-disbands-chinese-pressure already exists.
2025-12-14 14:20:40,086 - INFO - [The Hindu] Page content loaded.
2025-12-14 14:20:40,090 - INFO - [The Guardian] Early skip: URL https://www.theguardian.com/world/2025/dec/12/thailand-and-cambodia-agree-to-restart-ceasefire-brokered-by-us-says-trump already exists.
2025-12-14 14:20:40,241 - INFO - [BBC] Early skip: URL https://www.bbc.com/news/articles/c5y2271q20lo?at_medium=RSS&at_campaign=rss already exists.
2025-12-14 14:20:40,377 - INFO - [The Hindu] Success with 'selenium_browser'. Found content (432 words).
2025-12-14 14:20:40,524 - INFO - [The Guardian] Early skip: URL https://www.theguardian.com/world/2025/dec/13/north-korea-troops-cleared-landmines-russia-kim-jong-un already exists.
2025-12-14 14:20:40,783 - INFO - [The Guardian] Early skip: URL https://www.theguardian.com/world/2025/dec/12/indonesia-floods-extinction-level-rare-orangutan-tapanuli already exists.
2025-12-14 14:20:40,890 - INFO - [BBC] Early skip: URL https://www.bbc.com/news/articles/c4ge4q8gypzo?at_medium=RSS&at_campaign=rss already exists.
2025-12-14 14:20:41,156 - INFO - [BBC] Early skip: URL https://www.bbc.com/news/articles/cqlkk9qk7vyo?at_medium=RSS&at_campaign=rss already exists.
2025-12-14 14:20:41,456 - INFO - [BBC] Early skip: URL https://www.bbc.com/news/articles/c5yjj2epvlro?at_medium=RSS&at_campaign=rss already exists.
2025-12-14 14:20:41,666 - INFO - [BBC] Early skip: URL https://www.bbc.com/news/articles/cly559exm87o?at_medium=RSS&at_campaign=rss already exists.
2025-12-14 14:20:41,786 - INFO - [The Guardian] Early skip: URL https://www.theguardian.com/world/2025/dec/12/south-korea-exam-chief-quits-after-complaints-english-test-was-too-hard already exists.
2025-12-14 14:20:42,059 - INFO - [The Guardian] Early skip: URL https://www.theguardian.com/australia-news/live/2025/dec/14/nsw-police-responding-to-reports-of-shooting-at-sydneys-bondi-beach-follow-latest already exists.
2025-12-14 14:20:42,321 - INFO - [BBC] Early skip: URL https://www.bbc.com/news/articles/ckg9l1j9wxno?at_medium=RSS&at_campaign=rss already exists.
2025-12-14 14:20:42,506 - INFO - [BBC] Early skip: URL https://www.bbc.com/news/articles/c8dyy47qy82o?at_medium=RSS&at_campaign=rss already exists.
2025-12-14 14:20:42,762 - INFO - [BBC] Early skip: URL https://www.bbc.com/news/articles/cj38rj0y6k5o?at_medium=RSS&at_campaign=rss already exists.
2025-12-14 14:20:42,958 - INFO - [BBC] Early skip: URL https://www.bbc.com/news/articles/c4gk34k9k23o?at_medium=RSS&at_campaign=rss already exists.
2025-12-14 14:20:43,113 - INFO - [BBC] Early skip: URL https://www.bbc.com/news/articles/cx2dp15zglxo?at_medium=RSS&at_campaign=rss already exists.
2025-12-14 14:20:43,372 - INFO - [BBC] Early skip: URL https://www.bbc.com/news/articles/czrkkm83znpo?at_medium=RSS&at_campaign=rss already exists.
2025-12-14 14:20:43,554 - INFO - [BBC] Early skip: URL https://www.bbc.com/news/articles/c075mr3190mo?at_medium=RSS&at_campaign=rss already exists.
2025-12-14 14:21:01,020 - INFO - Saved article: Technology unlocking new opportunities, continuity of policies key to Kerala’s transformation: CM - The Hindu from The Hindu (432 words)
2025-12-14 14:21:01,021 - INFO - [The Guardian] Article: https://www.theguardian.com/business/2025/dec/15/centrelink-employment-provider-services-payment-suspensions
2025-12-14 14:21:01,021 - INFO - [The Guardian] Attempt 1/1: Trying with 'requests_browser' strategy...
2025-12-14 14:21:01,022 - INFO - [BBC] Early skip: URL https://www.bbc.com/news/articles/c0q5pygel84o?at_medium=RSS&at_campaign=rss already exists.
2025-12-14 14:21:01,248 - INFO - [The Guardian] Success with 'requests_browser'. Found content (889 words).
2025-12-14 14:21:12,781 - INFO - Saved article: Almost half of people using employment providers threatened with payment suspensions, new data shows | Unemployment | The Guardian from The Guardian (889 words)
2025-12-14 14:21:12,784 - INFO - [BBC] Article: https://www.bbc.com/news/videos/c8jw3841vk9o?at_medium=RSS&at_campaign=rss
2025-12-14 14:21:12,784 - INFO - [BBC] Attempt 1/1: Trying with 'requests_browser' strategy...
2025-12-14 14:21:12,786 - INFO - [The Hindu] Article: https://www.thehindu.com/entertainment/music/umayalpuram-k-sivaraman-performing-where-he-did-his-debut/article70395627.ece
2025-12-14 14:21:12,786 - INFO - [The Hindu] Attempt 1/1: Trying with 'selenium_browser' strategy...
2025-12-14 14:21:12,864 - WARNING - [BBC] FAILED with 'requests_browser' (content was too short: 60 words).
2025-12-14 14:21:12,864 - ERROR - [BBC] All scrape strategies failed for https://www.bbc.com/news/videos/c8jw3841vk9o?at_medium=RSS&at_campaign=rss. Falling back to RSS description.
2025-12-14 14:21:12,864 - WARNING - SKIPPED (GLOBAL WORD LIMIT): Article 'BBC captures celebrations as Belarus frees political prisoners' from BBC has only 18 words (Min: 90).
2025-12-14 14:21:13,463 - INFO - [The Guardian] Early skip: URL https://www.theguardian.com/australia-news/2025/dec/14/bystander-tackles-and-wrestles-gun-from-alleged-gunmen-during-bondi-beach-mass-shooting already exists.
2025-12-14 14:21:13,656 - INFO - [BBC] Early skip: URL https://www.bbc.com/news/videos/c80xx09k485o?at_medium=RSS&at_campaign=rss already exists.
2025-12-14 14:21:13,807 - INFO - [The Guardian] Early skip: URL https://www.theguardian.com/australia-news/2025/dec/14/police-advise-people-to-take-shelter-following-reports-of-active-shooter-at-bondi-beach already exists.
2025-12-14 14:21:14,066 - INFO - [The Guardian] Early skip: URL https://www.theguardian.com/australia-news/2025/dec/14/australia-had-the-gold-standard-on-gun-control-the-bondi-beach-terror-attack-will-force-it-to-confront-its-surging-number-of-weapons already exists.
2025-12-14 14:21:14,180 - INFO - [BBC] Early skip: URL https://www.bbc.com/news/videos/c9977k5jyr4o?at_medium=RSS&at_campaign=rss already exists.
2025-12-14 14:21:14,353 - INFO - [The Guardian] Early skip: URL https://www.theguardian.com/world/2025/dec/14/like-a-mini-louvre-two-generations-of-rothschilds-fight-over-treasure-trove-of-artworks already exists.
2025-12-14 14:21:14,571 - INFO - [The Guardian] Early skip: URL https://www.theguardian.com/world/2025/dec/13/belarus-releases-123-prisoners-including-opposition-leaders-after-us-lifts-sanctions already exists.
2025-12-14 14:21:14,784 - INFO - [BBC] Article: https://www.bbc.com/news/videos/c93ww718g2vo?at_medium=RSS&at_campaign=rss
2025-12-14 14:21:14,784 - INFO - [BBC] Attempt 1/1: Trying with 'requests_browser' strategy...
2025-12-14 14:21:14,784 - INFO - [The Guardian] Early skip: URL https://www.theguardian.com/fashion/2025/dec/13/veja-ethical-paris-trainer-worn-a-listers-and-royalty already exists.
2025-12-14 14:21:14,857 - WARNING - [BBC] FAILED with 'requests_browser' (content was too short: 86 words).
2025-12-14 14:21:14,857 - ERROR - [BBC] All scrape strategies failed for https://www.bbc.com/news/videos/c93ww718g2vo?at_medium=RSS&at_campaign=rss. Falling back to RSS description.
2025-12-14 14:21:14,857 - WARNING - SKIPPED (GLOBAL WORD LIMIT): Article 'Six injured as house explodes in California' from BBC has only 17 words (Min: 90).
2025-12-14 14:21:14,990 - INFO - [The Guardian] Early skip: URL https://www.theguardian.com/law/2025/dec/13/europe-echr-rethink-moral-retreat-say-human-rights-experts already exists.
2025-12-14 14:21:15,177 - INFO - [The Guardian] Early skip: URL https://www.theguardian.com/world/2025/dec/12/eu-to-freeze-210bn-in-russian-assets-indefinitely already exists.
2025-12-14 14:21:15,395 - INFO - [The Guardian] Early skip: URL https://www.theguardian.com/world/2025/dec/13/israel-says-its-military-killed-hamas-commander-raed-saed-in-gaza-city-strike already exists.
2025-12-14 14:21:15,640 - INFO - [The Guardian] Early skip: URL https://www.theguardian.com/world/2025/dec/13/new-israeli-barrier-slice-through-precious-west-bank-farmland already exists.
2025-12-14 14:21:15,857 - INFO - [The Guardian] Early skip: URL https://www.theguardian.com/world/2025/dec/12/nobel-peace-prize-laureate-narges-mohammadi-arrested-iran already exists.
2025-12-14 14:21:16,019 - INFO - [BBC] Early skip: URL https://www.bbc.com/news/videos/ce91de8x9p1o?at_medium=RSS&at_campaign=rss already exists.
2025-12-14 14:21:16,205 - INFO - [The Guardian] Early skip: URL https://www.theguardian.com/tv-and-radio/2025/dec/11/nemo-eurovision-winner-2024-hand-back-trophy-protest-israel-taking-part-2025 already exists.
2025-12-14 14:21:16,276 - INFO - [The Hindu] Page content loaded.
2025-12-14 14:21:16,436 - INFO - [The Hindu] Success with 'selenium_browser'. Found content (518 words).
2025-12-14 14:21:16,459 - INFO - [The Guardian] Early skip: URL https://www.theguardian.com/global-development/2025/dec/11/child-bride-spared-execution-iran-blood-money-goli-kouhkan already exists.
2025-12-14 14:21:28,817 - INFO - Saved article: Umayalpuram K. Sivaraman: Performing after 80 years at the venue where he made his debut - The Hindu from The Hindu (518 words)
2025-12-14 14:21:30,076 - INFO - [The Hindu] Article: https://www.thehindu.com/sci-tech/science/isro-lines-up-7-launches-including-uncrewed-gaganyaan-mission-by-march-2026/article70395881.ece
2025-12-14 14:21:30,076 - INFO - [The Hindu] Attempt 1/1: Trying with 'selenium_browser' strategy...
2025-12-14 14:21:31,694 - INFO - [The Hindu] Page content loaded.
2025-12-14 14:21:31,753 - INFO - [The Hindu] Success with 'selenium_browser'. Found content (476 words).
2025-12-14 14:21:44,983 - INFO - Saved article: ISRO lines up 7 launches, including uncrewed Gaganyaan mission by March 2026 - The Hindu from The Hindu (476 words)
2025-12-14 14:21:46,301 - INFO - [The Hindu] Article: https://www.thehindu.com/news/national/karnataka/carol-singing-competition-ushers-in-christmas-season/article70395679.ece
2025-12-14 14:21:46,301 - INFO - [The Hindu] Attempt 1/1: Trying with 'selenium_browser' strategy...
2025-12-14 14:21:55,120 - INFO - [The Hindu] Page content loaded.
2025-12-14 14:21:55,220 - INFO - [The Hindu] Success with 'selenium_browser'. Found content (190 words).
2025-12-14 14:22:06,608 - INFO - Saved article: Carol singing competition ushers in Christmas season - The Hindu from The Hindu (190 words)
2025-12-14 14:22:07,280 - INFO - [The Hindu] Article: https://www.thehindu.com/news/national/cpim-mp-objects-to-rijijus-nda-family-post-featuring-nominated-rajya-sabha-members/article70395824.ece
2025-12-14 14:22:07,280 - INFO - [The Hindu] Attempt 1/1: Trying with 'selenium_browser' strategy...
2025-12-14 14:22:09,739 - INFO - [The Hindu] Page content loaded.
2025-12-14 14:22:09,841 - INFO - [The Hindu] Success with 'selenium_browser'. Found content (219 words).
2025-12-14 14:22:21,467 - INFO - Saved article: CPI(M) MP objects to Rijiju’s ‘NDA family’ post featuring nominated Rajya Sabha members - The Hindu from The Hindu (219 words)
2025-12-14 14:22:22,330 - INFO - [The Hindu] Article: https://www.thehindu.com/news/national/karnataka/state-govt-employees-association-president-shadakshari-asked-to-vacate-quarters-in-shivamogga/article70395718.ece
2025-12-14 14:22:22,330 - INFO - [The Hindu] Attempt 1/1: Trying with 'selenium_browser' strategy...
2025-12-14 14:22:23,190 - INFO - [The Hindu] Page content loaded.
2025-12-14 14:22:23,261 - INFO - [The Hindu] Success with 'selenium_browser'. Found content (274 words).
2025-12-14 14:22:35,231 - ERROR - [Times of India] Request failed for strategy 'selenium_browser' on URL https://timesofindia.indiatimes.com/world/rest-of-world/man-who-survived-october-7-hamas-attack-injured-in-bondi-beach-shooting-says-he-never-thought-hed-see-this-in-australia/articleshow/125961622.cms: HTTPConnectionPool(host='localhost', port=38657): Read timed out. (read timeout=120)
2025-12-14 14:22:35,231 - ERROR - [Times of India] All scrape strategies failed for https://timesofindia.indiatimes.com/world/rest-of-world/man-who-survived-october-7-hamas-attack-injured-in-bondi-beach-shooting-says-he-never-thought-hed-see-this-in-australia/articleshow/125961622.cms. Falling back to RSS description.
2025-12-14 14:22:35,231 - WARNING - SKIPPED (GLOBAL WORD LIMIT): Article 'Man who survived October 7 Hamas attack, injured in Bondi Beach shooting, says he ‘never thought he’d see this in Australia’' from Times of India has only 3 words (Min: 90).
2025-12-14 14:22:35,532 - INFO - Saved article: State Govt Employees’ Association president Shadakshari asked to vacate quarters in Shivamogga - The Hindu from The Hindu (274 words)
2025-12-14 14:22:35,801 - INFO - [Times of India] Article: https://timesofindia.indiatimes.com/world/us/person-of-interest-in-brown-university-shooting-arrested-at-a-hotel-13-hours-after-trump-posted-about-it-and-never-deleted/articleshow/125961854.cms
2025-12-14 14:22:35,801 - INFO - [Times of India] Attempt 1/1: Trying with 'selenium_browser' strategy...
2025-12-14 14:22:36,569 - INFO - [The Hindu] Article: https://www.thehindu.com/news/national/karnataka/kannada-must-get-priority-in-karnataka-says-mysuru-mp/article70395410.ece
2025-12-14 14:22:36,569 - INFO - [The Hindu] Attempt 1/1: Trying with 'selenium_browser' strategy...
2025-12-14 14:22:39,217 - INFO - [The Hindu] Page content loaded.
2025-12-14 14:22:39,328 - INFO - [The Hindu] Success with 'selenium_browser'. Found content (366 words).
2025-12-14 14:22:50,750 - INFO - Saved article: Kannada must get priority in Karnataka, says Mysuru MP - The Hindu from The Hindu (366 words)
2025-12-14 14:22:51,615 - INFO - [The Hindu] Article: https://www.thehindu.com/news/cities/bangalore/if-it-cant-be-done-in-two-years-how-in-two-months-krishna-byre-gowda-takes-on-bengaluru-metro-officials-again/article70395474.ece
2025-12-14 14:22:51,615 - INFO - [The Hindu] Attempt 1/1: Trying with 'selenium_browser' strategy...
2025-12-14 14:22:52,422 - INFO - [The Hindu] Page content loaded.
2025-12-14 14:22:52,564 - INFO - [The Hindu] Success with 'selenium_browser'. Found content (382 words).
2025-12-14 14:23:04,150 - INFO - Saved article: If it can’t be done in two years, how in two months?: Krishna Byre Gowda takes on Bengaluru metro officials again - The Hindu from The Hindu (382 words)
2025-12-14 14:23:05,333 - INFO - [The Hindu] Article: https://www.thehindu.com/news/national/telangana/youth-electrocuted-while-erecting-tent-during-gram-panchayat-election-campaign-in-nirmal-district/article70395895.ece
2025-12-14 14:23:05,334 - INFO - [The Hindu] Attempt 1/1: Trying with 'selenium_browser' strategy...
2025-12-14 14:23:07,613 - INFO - [The Hindu] Page content loaded.
2025-12-14 14:23:08,021 - INFO - [The Hindu] Success with 'selenium_browser'. Found content (110 words).
2025-12-14 14:23:19,368 - INFO - Saved article: Youth electrocuted while erecting tent during gram panchayat election campaign in Nirmal district - The Hindu from The Hindu (110 words)
2025-12-14 14:23:20,066 - INFO - [The Hindu] Article: https://www.thehindu.com/news/national/andhra-pradesh/govt-borrowings-not-translating-into-welfare-benefits-says-buggana-rajendranath-reddy/article70395807.ece
2025-12-14 14:23:20,066 - INFO - [The Hindu] Attempt 1/1: Trying with 'selenium_browser' strategy...
2025-12-14 14:23:21,823 - INFO - [The Hindu] Page content loaded.
2025-12-14 14:23:22,025 - INFO - [The Hindu] Success with 'selenium_browser'. Found content (289 words).
2025-12-14 14:23:33,534 - INFO - Saved article: Govt. borrowings not translating into welfare benefits, says Buggana Rajendranath Reddy - The Hindu from The Hindu (289 words)
2025-12-14 14:23:35,026 - INFO - [The Hindu] Article: https://www.thehindu.com/news/national/andhra-pradesh/minister-inaugurates-trade-fair-in-vizianagaram/article70395431.ece
2025-12-14 14:23:35,026 - INFO - [The Hindu] Attempt 1/1: Trying with 'selenium_browser' strategy...
2025-12-14 14:23:36,037 - INFO - [The Hindu] Page content loaded.
2025-12-14 14:23:36,118 - INFO - [The Hindu] Success with 'selenium_browser'. Found content (130 words).
2025-12-14 14:23:48,120 - INFO - Saved article: Minister inaugurates trade fair in Vizianagaram - The Hindu from The Hindu (130 words)
2025-12-14 14:23:49,010 - INFO - [The Hindu] Article: https://www.thehindu.com/news/national/andhra-pradesh/will-ensure-necessary-approvals-from-ugc-for-ambedkar-open-university-in-ap-says-tdp-mp/article70393387.ece
2025-12-14 14:23:49,011 - INFO - [The Hindu] Attempt 1/1: Trying with 'selenium_browser' strategy...
2025-12-14 14:23:50,100 - INFO - [The Hindu] Page content loaded.
2025-12-14 14:23:50,193 - INFO - [The Hindu] Success with 'selenium_browser'. Found content (364 words).
2025-12-14 14:24:02,441 - INFO - Saved article: Will ensure necessary approvals from UGC for Ambedkar Open University in A.P., says TDP MP - The Hindu from The Hindu (364 words)
2025-12-14 14:24:03,463 - INFO - [The Hindu] Article: https://www.thehindu.com/news/national/karnataka/autonomy-for-classical-kannada-study-centre-not-too-far-mp/article70395440.ece
2025-12-14 14:24:03,463 - INFO - [The Hindu] Attempt 1/1: Trying with 'selenium_browser' strategy...
2025-12-14 14:24:05,237 - INFO - [The Hindu] Page content loaded.
2025-12-14 14:24:05,314 - INFO - [The Hindu] Success with 'selenium_browser'. Found content (274 words).
2025-12-14 14:24:17,493 - INFO - Saved article: Autonomy for classical Kannada study centre not too far: MP - The Hindu from The Hindu (274 words)
2025-12-14 14:24:18,345 - INFO - [The Hindu] Article: https://www.thehindu.com/news/national/telangana/rowdy-sheeter-stabbed-to-death-in-suspected-revenge-killing-in-pahadishareef/article70395933.ece
2025-12-14 14:24:18,345 - INFO - [The Hindu] Attempt 1/1: Trying with 'selenium_browser' strategy...
2025-12-14 14:24:19,939 - INFO - [The Hindu] Page content loaded.
2025-12-14 14:24:19,991 - INFO - [The Hindu] Success with 'selenium_browser'. Found content (154 words).
2025-12-14 14:24:31,919 - INFO - Saved article: Rowdy-sheeter stabbed to death in suspected revenge killing in Pahadishareef - The Hindu from The Hindu (154 words)
2025-12-14 14:24:33,003 - INFO - [The Hindu] Article: https://www.thehindu.com/news/national/andhra-pradesh/labour-codes-will-benefit-management-not-employees-say-speakers-at-seminar/article70393062.ece
2025-12-14 14:24:33,003 - INFO - [The Hindu] Attempt 1/1: Trying with 'selenium_browser' strategy...
2025-12-14 14:24:34,596 - INFO - [The Hindu] Page content loaded.
2025-12-14 14:24:34,677 - INFO - [The Hindu] Success with 'selenium_browser'. Found content (157 words).
2025-12-14 14:24:35,902 - ERROR - [Times of India] Request failed for strategy 'selenium_browser' on URL https://timesofindia.indiatimes.com/world/us/person-of-interest-in-brown-university-shooting-arrested-at-a-hotel-13-hours-after-trump-posted-about-it-and-never-deleted/articleshow/125961854.cms: HTTPConnectionPool(host='localhost', port=38657): Read timed out. (read timeout=120)
2025-12-14 14:24:35,902 - ERROR - [Times of India] All scrape strategies failed for https://timesofindia.indiatimes.com/world/us/person-of-interest-in-brown-university-shooting-arrested-at-a-hotel-13-hours-after-trump-posted-about-it-and-never-deleted/articleshow/125961854.cms. Falling back to RSS description.
2025-12-14 14:24:35,902 - WARNING - SKIPPED (GLOBAL WORD LIMIT): Article ''Person of Interest' in Brown University shooting arrested at a hotel 13 hours after Trump posted about it and never deleted' from Times of India has only 3 words (Min: 90).
2025-12-14 14:24:45,760 - INFO - Saved article: Labour codes will benefit management, not employees, say speakers at seminar - The Hindu from The Hindu (157 words)
2025-12-14 14:24:45,760 - INFO - [Times of India] Early skip: URL https://timesofindia.indiatimes.com/world/us/i-dont-know-brown-university-president-draws-flak-for-cluelessness-after-shooting-her-yearly-salary-is-3-1-million/articleshow/125961185.cms already exists.
2025-12-14 14:24:45,914 - INFO - [Times of India] Early skip: URL https://timesofindia.indiatimes.com/world/us/brown-university-student-says-she-survived-second-campus-shooting-happening-to-me-all-over-again-/articleshow/125960875.cms already exists.
2025-12-14 14:24:46,112 - INFO - [Times of India] Early skip: URL https://timesofindia.indiatimes.com/entertainment/english/hollywood/news/the-watchlist-end-your-week-with-the-ultimate-cozy-flick-the-holiday/articleshow/125960803.cms already exists.
2025-12-14 14:24:46,405 - INFO - [Times of India] Early skip: URL https://timesofindia.indiatimes.com/world/middle-east/how-rich-is-saudi-arabias-king-salman-bin-abdulaziz-al-saud-net-worth-in-2025/articleshow/125961000.cms already exists.
2025-12-14 14:24:46,603 - INFO - [Times of India] Early skip: URL https://timesofindia.indiatimes.com/world/us/alarming-antisemitic-anti-indian-graffiti-found-inside-nyu-library-probe-under-way/articleshow/125960698.cms already exists.
2025-12-14 14:24:46,751 - INFO - [Times of India] Early skip: URL https://timesofindia.indiatimes.com/world/rest-of-world/sydney-shooting-bystander-tackles-gunman-at-bondi-beach-heroic-act-caught-on-camera/articleshow/125959905.cms already exists.
2025-12-14 14:24:46,982 - INFO - [The Hindu] Article: https://www.thehindu.com/news/national/karnataka/mp-for-mysurus-growth-in-harmony-with-heritage-cautions-against-repeating-bengalurus-mistakes/article70395434.ece
2025-12-14 14:24:46,982 - INFO - [The Hindu] Attempt 1/1: Trying with 'selenium_browser' strategy...
2025-12-14 14:24:46,982 - INFO - [Times of India] Early skip: URL https://timesofindia.indiatimes.com/world/rest-of-world/sydney-bondi-beach-shooting-israel-president-condemns-cruel-attack-on-jews-top-developments/articleshow/125960181.cms already exists.
2025-12-14 14:24:47,270 - INFO - [Times of India] Early skip: URL https://timesofindia.indiatimes.com/world/middle-east/dubai-ruler-sheikh-mohammed-awards-great-arab-minds-honour-to-palestinian-architect-suad-al-amri/articleshow/125960018.cms already exists.
2025-12-14 14:24:47,432 - INFO - [Times of India] Early skip: URL https://timesofindia.indiatimes.com/world/rest-of-world/mass-shooting-at-bondi-beach-australian-pm-anthony-albanese-calls-situation-distressing-multiple-casualties-reported/articleshow/125959885.cms already exists.
2025-12-14 14:24:47,661 - INFO - [Times of India] Early skip: URL https://timesofindia.indiatimes.com/world/rest-of-world/several-injured-after-mass-shooting-at-sydneys-bondi-beach-video-captures-gunmen-opening-fire-watch/articleshow/125959477.cms already exists.
2025-12-14 14:24:47,820 - INFO - [Times of India] Early skip: URL https://timesofindia.indiatimes.com/world/middle-east/kuwait-expats-can-renew-civil-id-digitally-without-stepping-out-heres-how/articleshow/125959875.cms already exists.
2025-12-14 14:24:47,999 - INFO - [Times of India] Early skip: URL https://timesofindia.indiatimes.com/world/middle-east/difficult-times-hamas-confirms-top-commander-raed-saad-killed-in-israeli-strike-fragile-truce-tested/articleshow/125959665.cms already exists.
2025-12-14 14:24:48,107 - INFO - [Times of India] Early skip: URL https://timesofindia.indiatimes.com/world/middle-east/flydubai-launches-direct-flights-between-the-uae-and-latvia/articleshow/125958187.cms already exists.
2025-12-14 14:24:48,406 - INFO - [Times of India] Early skip: URL https://timesofindia.indiatimes.com/world/middle-east/saudi-arabia-guarantees-30-days-paid-leave-housing-and-strict-work-rules-for-agricultural-and-herding-workers/articleshow/125958601.cms already exists.
2025-12-14 14:24:48,432 - INFO - [The Hindu] Page content loaded.
2025-12-14 14:24:48,495 - INFO - [The Hindu] Success with 'selenium_browser'. Found content (523 words).
2025-12-14 14:24:48,733 - INFO - [Times of India] Early skip: URL https://timesofindia.indiatimes.com/world/us/shooter-on-campus-we-hid-in-the-dark-how-fear-sirens-took-over-brown-university-students-narrate-nightmare/articleshow/125957521.cms already exists.
2025-12-14 14:25:00,453 - INFO - Saved article: MP for Mysuru’s growth in harmony with heritage; cautions against repeating Bengaluru’s mistakes - The Hindu from The Hindu (523 words)
2025-12-14 14:25:00,453 - INFO - [Times of India] Early skip: URL https://timesofindia.indiatimes.com/world/us/brown-university-shooting-first-visuals-surface-showing-the-gunman-massive-manhunt-launched/articleshow/125957809.cms already exists.
2025-12-14 14:25:00,635 - INFO - [Times of India] Early skip: URL https://timesofindia.indiatimes.com/world/middle-east/uae-weather-update-dubai-police-issue-safety-warning-as-rain-and-wind-risks-increase/articleshow/125957948.cms already exists.
2025-12-14 14:25:00,773 - INFO - [Times of India] Early skip: URL https://timesofindia.indiatimes.com/world/middle-east/dubai-parking-scam-alert-fake-qr-codes-could-steal-your-bank-details/articleshow/125957427.cms already exists.
2025-12-14 14:25:01,046 - INFO - [Times of India] (Thread) Finished. Attempting to shut down its Selenium driver.
2025-12-14 14:25:01,329 - INFO - [The Hindu] Article: https://www.thehindu.com/news/national/andhra-pradesh/nep-2020-key-to-achieve-viksit-bharat-and-swarna-andhra-says-abrsm-member/article70395535.ece
2025-12-14 14:25:01,329 - INFO - [The Hindu] Attempt 1/1: Trying with 'selenium_browser' strategy...
2025-12-14 14:25:03,634 - INFO - [The Hindu] Page content loaded.
2025-12-14 14:25:03,713 - INFO - [The Hindu] Success with 'selenium_browser'. Found content (222 words).
2025-12-14 14:25:15,250 - INFO - Saved article: NEP-2020 key to achieve ‘Viksit Bharat’ and ‘Swarna Andhra’, says ABRSM member - The Hindu from The Hindu (222 words)
2025-12-14 14:25:16,199 - INFO - [The Hindu] Article: https://www.thehindu.com/news/national/karnataka/ambedkar-students-association-seeks-parliament-intervention-over-alleged-roster-violations-at-central-university-of-karnataka/article70395580.ece
2025-12-14 14:25:16,199 - INFO - [The Hindu] Attempt 1/1: Trying with 'selenium_browser' strategy...
2025-12-14 14:25:17,070 - INFO - [The Hindu] Page content loaded.
2025-12-14 14:25:17,147 - INFO - [The Hindu] Success with 'selenium_browser'. Found content (325 words).
2025-12-14 14:25:24,188 - CRITICAL - --- TIMEOUT: 2 scrape jobs did not complete in 300s. ---
2025-12-14 14:25:24,188 - ERROR - A thread has timed out and will be abandoned.
2025-12-14 14:25:24,188 - ERROR - A thread has timed out and will be abandoned.
2025-12-14 14:25:24,188 - INFO - Shutting down thread pool (wait=False)...
2025-12-14 14:25:24,189 - INFO - Scraped: 2 The Guardian, 0 BBC, 2 Timed_Out_Jobs articles. (Total saved: 2)
2025-12-14 14:25:24,190 - INFO - --- Scraping job finished ---
2025-12-14 14:25:24,190 - INFO - --- Scraper service stopped and database connection closed. ---
2025-12-14 14:25:24,190 - INFO - --- Main thread finished. Forcing process exit to kill zombie threads. ---
