2026-04-03 18:54:49,460 - INFO - Loading AI Semantic Model (all-MiniLM-L6-v2)...
2026-04-03 18:54:49,461 - INFO - Use pytorch device_name: cpu
2026-04-03 18:54:49,461 - INFO - Load pretrained SentenceTransformer: all-MiniLM-L6-v2
2026-04-03 18:54:49,585 - INFO - HTTP Request: HEAD https://huggingface.co/sentence-transformers/all-MiniLM-L6-v2/resolve/main/modules.json "HTTP/1.1 307 Temporary Redirect"
2026-04-03 18:54:49,590 - INFO - HTTP Request: HEAD https://huggingface.co/api/resolve-cache/models/sentence-transformers/all-MiniLM-L6-v2/c9745ed1d9f207416be6d2e6f8de32d1f16199bf/modules.json "HTTP/1.1 200 OK"
2026-04-03 18:54:49,665 - INFO - HTTP Request: HEAD https://huggingface.co/sentence-transformers/all-MiniLM-L6-v2/resolve/main/config_sentence_transformers.json "HTTP/1.1 307 Temporary Redirect"
2026-04-03 18:54:49,672 - INFO - HTTP Request: HEAD https://huggingface.co/api/resolve-cache/models/sentence-transformers/all-MiniLM-L6-v2/c9745ed1d9f207416be6d2e6f8de32d1f16199bf/config_sentence_transformers.json "HTTP/1.1 200 OK"
2026-04-03 18:54:49,749 - INFO - HTTP Request: HEAD https://huggingface.co/sentence-transformers/all-MiniLM-L6-v2/resolve/main/config_sentence_transformers.json "HTTP/1.1 307 Temporary Redirect"
2026-04-03 18:54:49,749 - WARNING - Warning: You are sending unauthenticated requests to the HF Hub. Please set a HF_TOKEN to enable higher rate limits and faster downloads.
2026-04-03 18:54:49,755 - INFO - HTTP Request: HEAD https://huggingface.co/api/resolve-cache/models/sentence-transformers/all-MiniLM-L6-v2/c9745ed1d9f207416be6d2e6f8de32d1f16199bf/config_sentence_transformers.json "HTTP/1.1 200 OK"
2026-04-03 18:54:49,833 - INFO - HTTP Request: HEAD https://huggingface.co/sentence-transformers/all-MiniLM-L6-v2/resolve/main/README.md "HTTP/1.1 307 Temporary Redirect"
2026-04-03 18:54:49,840 - INFO - HTTP Request: HEAD https://huggingface.co/api/resolve-cache/models/sentence-transformers/all-MiniLM-L6-v2/c9745ed1d9f207416be6d2e6f8de32d1f16199bf/README.md "HTTP/1.1 200 OK"
2026-04-03 18:54:49,920 - INFO - HTTP Request: HEAD https://huggingface.co/sentence-transformers/all-MiniLM-L6-v2/resolve/main/modules.json "HTTP/1.1 307 Temporary Redirect"
2026-04-03 18:54:49,926 - INFO - HTTP Request: HEAD https://huggingface.co/api/resolve-cache/models/sentence-transformers/all-MiniLM-L6-v2/c9745ed1d9f207416be6d2e6f8de32d1f16199bf/modules.json "HTTP/1.1 200 OK"
2026-04-03 18:54:50,001 - INFO - HTTP Request: HEAD https://huggingface.co/sentence-transformers/all-MiniLM-L6-v2/resolve/main/sentence_bert_config.json "HTTP/1.1 307 Temporary Redirect"
2026-04-03 18:54:50,007 - INFO - HTTP Request: HEAD https://huggingface.co/api/resolve-cache/models/sentence-transformers/all-MiniLM-L6-v2/c9745ed1d9f207416be6d2e6f8de32d1f16199bf/sentence_bert_config.json "HTTP/1.1 200 OK"
2026-04-03 18:54:50,089 - INFO - HTTP Request: HEAD https://huggingface.co/sentence-transformers/all-MiniLM-L6-v2/resolve/main/adapter_config.json "HTTP/1.1 404 Not Found"
2026-04-03 18:54:50,164 - INFO - HTTP Request: HEAD https://huggingface.co/sentence-transformers/all-MiniLM-L6-v2/resolve/main/config.json "HTTP/1.1 307 Temporary Redirect"
2026-04-03 18:54:50,169 - INFO - HTTP Request: HEAD https://huggingface.co/api/resolve-cache/models/sentence-transformers/all-MiniLM-L6-v2/c9745ed1d9f207416be6d2e6f8de32d1f16199bf/config.json "HTTP/1.1 200 OK"
2026-04-03 18:54:50,450 - WARNING - [1mBertModel LOAD REPORT[0m from: sentence-transformers/all-MiniLM-L6-v2
Key                     | Status     |  | 
------------------------+------------+--+-
embeddings.position_ids | UNEXPECTED |  | 

Notes:
- UNEXPECTED:	can be ignored when loading from different task/architecture; not ok if you expect identical arch.
2026-04-03 18:54:50,527 - INFO - HTTP Request: HEAD https://huggingface.co/sentence-transformers/all-MiniLM-L6-v2/resolve/main/config.json "HTTP/1.1 307 Temporary Redirect"
2026-04-03 18:54:50,533 - INFO - HTTP Request: HEAD https://huggingface.co/api/resolve-cache/models/sentence-transformers/all-MiniLM-L6-v2/c9745ed1d9f207416be6d2e6f8de32d1f16199bf/config.json "HTTP/1.1 200 OK"
2026-04-03 18:54:50,613 - INFO - HTTP Request: HEAD https://huggingface.co/sentence-transformers/all-MiniLM-L6-v2/resolve/main/tokenizer_config.json "HTTP/1.1 307 Temporary Redirect"
2026-04-03 18:54:50,618 - INFO - HTTP Request: HEAD https://huggingface.co/api/resolve-cache/models/sentence-transformers/all-MiniLM-L6-v2/c9745ed1d9f207416be6d2e6f8de32d1f16199bf/tokenizer_config.json "HTTP/1.1 200 OK"
2026-04-03 18:54:50,697 - INFO - HTTP Request: GET https://huggingface.co/api/models/sentence-transformers/all-MiniLM-L6-v2/tree/main/additional_chat_templates?recursive=false&expand=false "HTTP/1.1 404 Not Found"
2026-04-03 18:54:50,776 - INFO - HTTP Request: GET https://huggingface.co/api/models/sentence-transformers/all-MiniLM-L6-v2/tree/main?recursive=true&expand=false "HTTP/1.1 200 OK"
2026-04-03 18:54:50,886 - INFO - HTTP Request: HEAD https://huggingface.co/sentence-transformers/all-MiniLM-L6-v2/resolve/main/1_Pooling/config.json "HTTP/1.1 307 Temporary Redirect"
2026-04-03 18:54:50,891 - INFO - HTTP Request: HEAD https://huggingface.co/api/resolve-cache/models/sentence-transformers/all-MiniLM-L6-v2/c9745ed1d9f207416be6d2e6f8de32d1f16199bf/1_Pooling%2Fconfig.json "HTTP/1.1 200 OK"
2026-04-03 18:54:50,976 - INFO - HTTP Request: GET https://huggingface.co/api/models/sentence-transformers/all-MiniLM-L6-v2 "HTTP/1.1 200 OK"
2026-04-03 18:54:50,980 - INFO - AI Model loaded successfully.
2026-04-03 18:54:50,980 - INFO - --- Scraper service started (CI Mode: Run Once) ---
2026-04-03 18:54:50,980 - INFO - --- Starting new scraping job (Parallel Mode) ---
2026-04-03 18:54:50,980 - INFO - Connecting to Google Sheets...
2026-04-03 18:54:54,137 - INFO - Connected to Sheet: News Scrapper AI / Sheet1
2026-04-03 18:54:54,137 - INFO - Fetching existing data to build cache...
2026-04-03 18:55:07,485 - INFO - Loaded 47822 rows from sheet.
2026-04-03 18:55:08,337 - INFO - Cache built: 47822 URLs. Current MAX_ID: 47923
2026-04-03 18:55:08,343 - INFO - Creating new robust session with 3 retries on 5xx/connection/read errors.
2026-04-03 18:55:08,343 - INFO - Proxy is DISABLED.
2026-04-03 18:55:08,344 - INFO - Starting scrape for BBC RSS feed: http://feeds.bbci.co.uk/news/world/rss.xml
2026-04-03 18:55:08,344 - INFO - [Times of India] (Thread) requires Selenium. Initializing driver...
2026-04-03 18:55:08,345 - INFO - Starting scrape for The Guardian RSS feed: https://www.theguardian.com/world/rss
2026-04-03 18:55:08,346 - INFO - [The Hindu] (Thread) requires Selenium. Initializing driver...
2026-04-03 18:55:08,347 - INFO - [The Dawn] (Thread) requires Selenium. Initializing driver...
2026-04-03 18:55:08,347 - INFO - [Al Jazeera] (Thread) requires Selenium. Initializing driver...
2026-04-03 18:55:08,348 - INFO - Starting scrape for TechCrunch RSS feed: https://techcrunch.com/feed/
2026-04-03 18:55:08,349 - INFO - [Economic Times] (Thread) requires Selenium. Initializing driver...
2026-04-03 18:55:08,349 - INFO - Submitted 8 jobs to thread pool. Waiting up to 420s for completion...
2026-04-03 18:55:08,505 - INFO - Found 0 articles in TechCrunch RSS feed. Processing until 30 new articles are saved.
2026-04-03 18:55:08,625 - INFO - Found 30 articles in BBC RSS feed. Processing until 30 new articles are saved.
2026-04-03 18:55:08,626 - INFO - [BBC] Article: https://www.bbc.com/news/articles/ce8jzr423p9o?at_medium=RSS&at_campaign=rss
2026-04-03 18:55:08,626 - INFO - [BBC] Attempt 1/1: Trying with 'requests_browser' strategy...
2026-04-03 18:55:08,717 - INFO - Found 45 articles in The Guardian RSS feed. Processing until 30 new articles are saved.
2026-04-03 18:55:08,721 - INFO - [The Guardian] Early skip: URL https://www.theguardian.com/world/2026/apr/03/people-burkina-faso-should-forget-about-democracy-military-ruler-ibrahim-traore already exists.
2026-04-03 18:55:08,723 - INFO - [The Guardian] Early skip: URL https://www.theguardian.com/us-news/2026/apr/02/uganda-receives-first-us-deportation-flight-under-third-country-agreement already exists.
2026-04-03 18:55:08,724 - INFO - [The Guardian] Early skip: URL https://www.theguardian.com/us-news/2026/mar/30/ilhan-omar-false-reports-somaliland already exists.
2026-04-03 18:55:08,725 - INFO - [The Guardian] Early skip: URL https://www.theguardian.com/football/2026/mar/30/congo-brazzaville-jean-guy-blaise-mayolas-fifa-interpol-arrest-warrant already exists.
2026-04-03 18:55:08,727 - INFO - [The Guardian] Early skip: URL https://www.theguardian.com/environment/2026/mar/30/weather-tracker-thunderstorms-uae-united-arab-emirates-saudi-arabia already exists.
2026-04-03 18:55:08,728 - INFO - [The Guardian] Early skip: URL https://www.theguardian.com/world/2026/apr/03/cuba-to-release-pardon-prisoners-us-fuel-blockade already exists.
2026-04-03 18:55:08,729 - INFO - [The Guardian] Early skip: URL https://www.theguardian.com/world/2026/apr/03/canadian-ice-detention-mother-daughter-tania-warner-released already exists.
2026-04-03 18:55:08,731 - INFO - [The Guardian] Early skip: URL https://www.theguardian.com/world/2026/apr/02/maple-syrup-scam-quebec-canada already exists.
2026-04-03 18:55:08,732 - INFO - [The Guardian] Early skip: URL https://www.theguardian.com/us-news/2026/apr/02/trump-costa-rica-deported-migrants-deal already exists.
2026-04-03 18:55:08,733 - INFO - [The Guardian] Early skip: URL https://www.theguardian.com/world/2026/apr/02/us-lifts-sanctions-on-venezuela-acting-president-delcy-rodriguez already exists.
2026-04-03 18:55:08,734 - INFO - [The Guardian] Early skip: URL https://www.theguardian.com/world/2026/apr/03/asia-fuel-crisis-iran-war-ordinary-workers already exists.
2026-04-03 18:55:08,741 - INFO - [The Guardian] Early skip: URL https://www.theguardian.com/world/2026/apr/02/magnitude-78-earthquake-strikes-in-indonesia-sparking-tsunami-alert already exists.
2026-04-03 18:55:08,742 - INFO - [The Guardian] Early skip: URL https://www.theguardian.com/world/2026/apr/02/new-zealand-cook-islands-defense already exists.
2026-04-03 18:55:08,743 - INFO - [The Guardian] Early skip: URL https://www.theguardian.com/technology/2026/apr/01/system-malfunction-causes-robotaxis-to-stall-in-the-middle-of-the-road-in-china already exists.
2026-04-03 18:55:08,744 - INFO - [The Guardian] Early skip: URL https://www.theguardian.com/world/2026/apr/01/iran-energy-crisis-asia-dirty-fuels-coal already exists.
2026-04-03 18:55:08,750 - INFO - [The Guardian] Early skip: URL https://www.theguardian.com/business/2026/apr/04/telstra-price-rises-changes-starter-plan already exists.
2026-04-03 18:55:08,751 - INFO - [The Guardian] Early skip: URL https://www.theguardian.com/business/2026/apr/03/australia-says-it-wont-raise-drug-prices-after-trumps-100-tariff-on-pharmaceuticals-imported-into-us already exists.
2026-04-03 18:55:08,752 - INFO - [The Guardian] Early skip: URL https://www.theguardian.com/australia-news/2026/apr/02/easter-weather-forecast-australia-bom already exists.
2026-04-03 18:55:08,754 - INFO - [The Guardian] Early skip: URL https://www.theguardian.com/australia-news/2026/apr/03/two-nsw-teenagers-charged-over-violent-extremist-material-allegedly-linked-to-terror-ntwnfb already exists.
2026-04-03 18:55:08,757 - INFO - [The Guardian] Early skip: URL https://www.theguardian.com/australia-news/2026/apr/02/iranian-tourist-ban-doesnt-align-with-the-australian-values-hedieh-signed-up-to-as-a-citizen already exists.
2026-04-03 18:55:08,761 - INFO - [The Guardian] Early skip: URL https://www.theguardian.com/us-news/2026/apr/03/trump-claims-starmer-weak-mocks-pm-uk-aircraft-carriers-iran-war already exists.
2026-04-03 18:55:08,762 - INFO - [The Guardian] Early skip: URL https://www.theguardian.com/news/2026/apr/03/storm-erminio-saharan-dust-crete-greece-italy-rain-flooding-afghanistan already exists.
2026-04-03 18:55:08,764 - INFO - [The Guardian] Early skip: URL https://www.theguardian.com/world/2026/apr/03/nuns-who-broke-back-into-their-austrian-convent-are-step-closer-to-being-able-to-stay already exists.
2026-04-03 18:55:08,765 - INFO - [The Guardian] Early skip: URL https://www.theguardian.com/world/2026/apr/03/ukraine-war-briefing-zelenskyy-expertise-waterways-open-middle-east-conflict already exists.
2026-04-03 18:55:08,766 - INFO - [The Guardian] Early skip: URL https://www.theguardian.com/world/2026/apr/02/you-have-to-be-serious-macron-criticises-trumps-mixed-messages-about-nato-and-iran already exists.
2026-04-03 18:55:08,770 - INFO - [The Guardian] Early skip: URL https://www.theguardian.com/world/live/2026/apr/03/middle-east-crisis-live-trump-urges-iran-to-make-deal-after-bridge-strike already exists.
2026-04-03 18:55:08,772 - INFO - [The Guardian] Early skip: URL https://www.theguardian.com/world/2026/apr/03/us-fighter-jet-confirmed-shot-down-over-iran already exists.
2026-04-03 18:55:08,775 - INFO - [The Guardian] Early skip: URL https://www.theguardian.com/law/2026/apr/03/us-war-crimes-iran-civilian-infrastructure-international-law-school-strike already exists.
2026-04-03 18:55:08,776 - INFO - [The Guardian] Early skip: URL https://www.theguardian.com/world/2026/apr/03/iraq-deep-rifts-balancing-act-iran-war already exists.
2026-04-03 18:55:08,777 - INFO - [The Guardian] Early skip: URL https://www.theguardian.com/world/2026/apr/03/iran-turkey-kapikoy-border-crossing-war already exists.
2026-04-03 18:55:08,779 - INFO - [The Guardian] Early skip: URL https://www.theguardian.com/world/2026/apr/03/mynanmar-junta-chief-min-aung-hlaing-profile already exists.
2026-04-03 18:55:08,781 - INFO - [The Guardian] Early skip: URL https://www.theguardian.com/world/2026/mar/28/kp-sharma-oli-nepal-arrested-alleged-role-protest-crackdown-ntwnfb already exists.
2026-04-03 18:55:08,785 - INFO - [The Guardian] Early skip: URL https://www.theguardian.com/world/2026/mar/26/nepal-pm-balendra-shah-rap already exists.
2026-04-03 18:55:08,786 - INFO - [The Guardian] Early skip: URL https://www.theguardian.com/world/2026/mar/24/taliban-us-academic-dennis-coyle already exists.
2026-04-03 18:55:08,787 - INFO - [The Guardian] Early skip: URL https://www.theguardian.com/world/2026/mar/24/iran-war-fuel-shortages-affecting-readers-worldwide already exists.
2026-04-03 18:55:08,790 - INFO - [The Guardian] Early skip: URL https://www.theguardian.com/politics/2026/apr/03/relationship-with-trump-may-be-beyond-repair-keir-starmer-told already exists.
2026-04-03 18:55:08,791 - INFO - [The Guardian] Early skip: URL https://www.theguardian.com/uk-news/2026/apr/03/experts-respond-to-mass-teen-meet-ups-clapham-london already exists.
2026-04-03 18:55:08,792 - INFO - [The Guardian] Early skip: URL https://www.theguardian.com/uk-news/2026/apr/03/three-teenagers-arrested-after-14-year-old-boy-shot-dead-in-south-east-london already exists.
2026-04-03 18:55:08,793 - INFO - [The Guardian] Early skip: URL https://www.theguardian.com/money/2026/apr/03/fuel-prices-northern-ireland-surge-iran-war-petrol already exists.
2026-04-03 18:55:08,799 - INFO - [The Guardian] Early skip: URL https://www.theguardian.com/money/2026/apr/03/extend-fully-paid-maternity-leave-for-uk-teachers-to-stem-exodus-union-says already exists.
2026-04-03 18:55:08,800 - INFO - [The Guardian] Early skip: URL https://www.theguardian.com/us-news/live/2026/apr/03/trump-justice-department-bondi-blanche-epstein-latest-updates already exists.
2026-04-03 18:55:08,802 - INFO - [The Guardian] Article: https://www.theguardian.com/us-news/2026/apr/03/comedian-eugene-mirman-car-crash-new-hampshire
2026-04-03 18:55:08,802 - INFO - [The Guardian] Attempt 1/1: Trying with 'requests_browser' strategy...
2026-04-03 18:55:08,884 - INFO - [The Guardian] Success with 'requests_browser'. Found content (559 words).
2026-04-03 18:55:09,230 - INFO - [BBC] Success with 'requests_browser'. Found content (404 words).
2026-04-03 18:55:09,436 - INFO - Selenium driver initialized successfully (Eager load strategy, 7s timeout).
2026-04-03 18:55:09,436 - INFO - Starting scrape for The Dawn RSS feed: https://www.dawn.com/feeds/home
2026-04-03 18:55:09,506 - INFO - Selenium driver initialized successfully (Eager load strategy, 7s timeout).
2026-04-03 18:55:09,506 - INFO - Starting scrape for Al Jazeera RSS feed: https://www.aljazeera.com/xml/rss/all.xml
2026-04-03 18:55:09,575 - INFO - Selenium driver initialized successfully (Eager load strategy, 7s timeout).
2026-04-03 18:55:09,577 - INFO - Starting scrape for Economic Times RSS feed: https://economictimes.indiatimes.com/rssfeedsdefault.cms
2026-04-03 18:55:09,629 - INFO - Selenium driver initialized successfully (Eager load strategy, 7s timeout).
2026-04-03 18:55:09,629 - INFO - Starting scrape for The Hindu RSS feed: https://www.thehindu.com/news/national/feeder/default.rss
2026-04-03 18:55:09,645 - INFO - Selenium driver initialized successfully (Eager load strategy, 7s timeout).
2026-04-03 18:55:09,646 - INFO - Starting scrape for Times of India RSS feed: https://timesofindia.indiatimes.com/rssfeeds/296589292.cms
2026-04-03 18:55:09,686 - INFO - Found 25 articles in Al Jazeera RSS feed. Processing until 30 new articles are saved.
2026-04-03 18:55:09,686 - INFO - [Al Jazeera] Article: https://www.aljazeera.com/news/2026/4/3/drone-strike-on-sudan-hospital-kills-10-medical-charity-msf-says?traffic_source=rss
2026-04-03 18:55:09,686 - INFO - [Al Jazeera] Attempt 1/2: Trying with 'requests_browser' strategy...
2026-04-03 18:55:09,755 - INFO - Found 25 articles in The Dawn RSS feed. Processing until 30 new articles are saved.
2026-04-03 18:55:09,756 - INFO - [The Dawn] Article: https://www.dawn.com/news/1988282/govt-reduces-petrol-price-to-rs378-per-litre
2026-04-03 18:55:09,756 - INFO - [The Dawn] Attempt 1/2: Trying with 'requests_browser' strategy...
2026-04-03 18:55:09,761 - INFO - [Al Jazeera] Success with 'requests_browser'. Found content (443 words).
2026-04-03 18:55:09,779 - ERROR - [The Dawn] Request failed for strategy 'requests_browser' on URL https://www.dawn.com/news/1988282/govt-reduces-petrol-price-to-rs378-per-litre: 403 Client Error: Forbidden for url: https://www.dawn.com/news/1988282/govt-reduces-petrol-price-to-rs378-per-litre
2026-04-03 18:55:09,824 - INFO - Found 60 articles in The Hindu RSS feed. Processing until 30 new articles are saved.
2026-04-03 18:55:09,825 - INFO - [The Hindu] Article: https://www.thehindu.com/news/national/tamil-nadu/tamil-nadu-missed-out-on-central-government-schemes-becausedmksawbjpas-an-enemy-says-gk-vasan/article70821141.ece
2026-04-03 18:55:09,825 - INFO - [The Hindu] Attempt 1/1: Trying with 'selenium_browser' strategy...
2026-04-03 18:55:09,829 - INFO - Found 20 articles in Times of India RSS feed. Processing until 30 new articles are saved.
2026-04-03 18:55:09,830 - INFO - [Times of India] Article: https://timesofindia.indiatimes.com/world/us/not-a-word-of-english-row-over-indian-origin-jay-vaingakar-campaigning-in-hindi-for-new-jersey-desi-community/articleshow/130006266.cms
2026-04-03 18:55:09,830 - INFO - [Times of India] Attempt 1/1: Trying with 'selenium_browser' strategy...
2026-04-03 18:55:10,001 - INFO - Found 76 articles in Economic Times RSS feed. Processing until 30 new articles are saved.
2026-04-03 18:55:10,001 - INFO - [Economic Times] Early skip: URL https://economictimes.indiatimes.com/markets/stocks/news/q4-impact-bank-stocks-slump-up-to-32-in-3-months-but-brokerages-bet-on-sbi-hdfc-bank-6-more-stocks-check-why/articleshow/129994128.cms already exists.
2026-04-03 18:55:10,004 - INFO - [Economic Times] Early skip: URL https://economictimes.indiatimes.com/markets/stocks/news/axis-bank-to-deepen-insurance-bet-with-rs-389-crore-infusion-in-axis-max-life-stake-seen-at-19-99/articleshow/129994737.cms already exists.
2026-04-03 18:55:10,005 - INFO - [Economic Times] Early skip: URL https://economictimes.indiatimes.com/markets/stocks/news/the-architecture-of-resilience-why-indias-private-credit-stands-apart/articleshow/129994601.cms already exists.
2026-04-03 18:55:10,007 - INFO - [Economic Times] Early skip: URL https://economictimes.indiatimes.com/markets/commodities/views/de-dollarisation-war-and-debt-why-gold-is-regaining-monetary-relevance/articleshow/129994795.cms already exists.
2026-04-03 18:55:10,008 - INFO - [Economic Times] Early skip: URL https://economictimes.indiatimes.com/mf/analysis/investing-in-debt-mutual-funds-now-how-rising-yields-may-impact-returns/reassess-your-portfolio/slideshow/129995922.cms already exists.
2026-04-03 18:55:10,009 - INFO - [Economic Times] Early skip: URL https://economictimes.indiatimes.com/markets/stocks/news/losing-1-billion-a-day-gurmeet-chadha-urges-pmo-finance-ministry-to-revisit-capital-gains-tax-stt/articleshow/129995974.cms already exists.
2026-04-03 18:55:10,010 - INFO - [Economic Times] Early skip: URL https://economictimes.indiatimes.com/news/economy/foreign-trade/japan-to-create-special-cell-to-push-fdi-into-india/articleshow/129933023.cms already exists.
2026-04-03 18:55:10,012 - INFO - [Economic Times] Early skip: URL https://economictimes.indiatimes.com/news/india/finance-minister-nirmala-sitharaman-assures-fiscal-vigil-amid-oil-spike/articleshow/129853830.cms already exists.
2026-04-03 18:55:10,015 - INFO - [Economic Times] Early skip: URL https://economictimes.indiatimes.com/news/economy/foreign-trade/india-us-review-next-steps-in-trade-pact-talks/articleshow/129853750.cms already exists.
2026-04-03 18:55:10,018 - INFO - [Economic Times] Early skip: URL https://economictimes.indiatimes.com/news/economy/finance/india-may-face-credit-stress-if-gulf-conflict-drags-on-moodys/articleshow/129853510.cms already exists.
2026-04-03 18:55:10,019 - INFO - [Economic Times] Early skip: URL https://economictimes.indiatimes.com/news/economy/foreign-trade/india-gathers-data-to-counter-us-claims-of-excess-capacity/articleshow/129810831.cms already exists.
2026-04-03 18:55:10,020 - INFO - [Economic Times] Early skip: URL https://economictimes.indiatimes.com/news/economy/policy/inflation-target-held-at-4-for-next-five-years/articleshow/129810690.cms already exists.
2026-04-03 18:55:10,022 - INFO - [Economic Times] Early skip: URL https://economictimes.indiatimes.com/tech/technology/apple-faces-indian-engineers-bias-lawsuit/articleshow/81694292.cms already exists.
2026-04-03 18:55:10,023 - INFO - [Economic Times] Early skip: URL https://economictimes.indiatimes.com/news/defence/despite-transatlantic-love-fest-eu-charts-third-way-in-ties-with-us-and-china/articleshow/81467467.cms already exists.
2026-04-03 18:55:10,024 - INFO - [Economic Times] Early skip: URL https://economictimes.indiatimes.com/tech/tech-bytes/twitters-india-policy-head-to-step-down-will-transition-in-march/articleshow/80732868.cms already exists.
2026-04-03 18:55:10,028 - INFO - [Economic Times] Early skip: URL https://economictimes.indiatimes.com/tech/tech-and-gadgets/govt-may-keep-rs-7500-cr-outlay-for-it-hardware-manufacturing-under-pli-scheme/articleshow/80333429.cms already exists.
2026-04-03 18:55:10,029 - INFO - [Economic Times] Early skip: URL https://economictimes.indiatimes.com/tech/technology/indian-dating-apps-services-see-surge-of-paying-users-in-small-cities/articleshow/80063342.cms already exists.
2026-04-03 18:55:10,031 - INFO - [Economic Times] Article: https://economictimes.indiatimes.com/tech/technology/time-for-govt-cos-to-adopt-ai-deloitte-india/articleshow/79981215.cms
2026-04-03 18:55:10,031 - INFO - [Economic Times] Attempt 1/2: Trying with 'requests_browser' strategy...
2026-04-03 18:55:10,376 - INFO - [The Dawn] Article: https://www.dawn.com/news/1988282/govt-reduces-petrol-price-to-rs378-per-litre
2026-04-03 18:55:10,376 - INFO - [The Dawn] Attempt 2/2: Trying with 'selenium_browser' strategy...
2026-04-03 18:55:10,477 - ERROR - parsed tree length: 1, wrong data type or not valid HTML
2026-04-03 18:55:10,478 - ERROR - empty HTML tree: None
2026-04-03 18:55:10,478 - WARNING - discarding data: None
2026-04-03 18:55:10,478 - WARNING - [Economic Times] FAILED with 'requests_browser' (content was too short: 0 words).
2026-04-03 18:55:10,864 - INFO - [Times of India] Page content loaded.
2026-04-03 18:55:11,184 - INFO - [The Hindu] Page content loaded.
2026-04-03 18:55:11,296 - INFO - [Times of India] Success with 'selenium_browser'. Found content (412 words).
2026-04-03 18:55:11,312 - INFO - [Economic Times] Article: https://economictimes.indiatimes.com/tech/technology/time-for-govt-cos-to-adopt-ai-deloitte-india/articleshow/79981215.cms
2026-04-03 18:55:11,312 - INFO - [Economic Times] Attempt 2/2: Trying with 'selenium_browser' strategy...
2026-04-03 18:55:11,989 - INFO - [The Hindu] Success with 'selenium_browser'. Found content (1993 words).
2026-04-03 18:55:12,400 - INFO - [The Dawn] Page content loaded.
2026-04-03 18:55:13,115 - INFO - [The Dawn] Success with 'selenium_browser'. Found content (197 words).
2026-04-03 18:55:13,630 - INFO - [Economic Times] Page content loaded.
2026-04-03 18:55:14,563 - WARNING - [Economic Times] FAILED with 'selenium_browser' (content was too short: 74 words).
2026-04-03 18:55:14,563 - ERROR - [Economic Times] All scrape strategies failed for https://economictimes.indiatimes.com/tech/technology/time-for-govt-cos-to-adopt-ai-deloitte-india/articleshow/79981215.cms. Falling back to RSS description.
2026-04-03 18:55:14,563 - WARNING - SKIPPED (GLOBAL WORD LIMIT): Article 'Time for government, companies to adopt artificial intelligence: Deloitte India ' from Economic Times has only 49 words (Min: 90).
2026-04-03 18:55:15,096 - INFO - [Economic Times] Article: https://economictimes.indiatimes.com/news/international/world-news/food-inflation-to-continue-if-west-asia-war-goes-on-un/articleshow/130008421.cms
2026-04-03 18:55:15,096 - INFO - [Economic Times] Attempt 1/2: Trying with 'requests_browser' strategy...
2026-04-03 18:55:15,387 - ERROR - parsed tree length: 1, wrong data type or not valid HTML
2026-04-03 18:55:15,387 - ERROR - empty HTML tree: None
2026-04-03 18:55:15,388 - WARNING - discarding data: None
2026-04-03 18:55:15,388 - WARNING - [Economic Times] FAILED with 'requests_browser' (content was too short: 0 words).
2026-04-03 18:55:16,273 - INFO - [Economic Times] Article: https://economictimes.indiatimes.com/news/international/world-news/food-inflation-to-continue-if-west-asia-war-goes-on-un/articleshow/130008421.cms
2026-04-03 18:55:16,273 - INFO - [Economic Times] Attempt 2/2: Trying with 'selenium_browser' strategy...
2026-04-03 18:55:18,797 - INFO - [Economic Times] Page content loaded.
2026-04-03 18:55:19,911 - INFO - [Economic Times] Success with 'selenium_browser'. Found content (223 words).
2026-04-03 18:56:04,425 - INFO - >>> SUCCESSFULLY SAVED [ID: 47924] - Comedian Eugene Mirman thanks rescuers who pulled him from fiery car crash in New Hampshire | New Hampshire | The Guardian from The Guardian (559 words)
2026-04-03 18:56:05,182 - INFO - [The Guardian] Early skip: URL https://www.theguardian.com/science/2026/apr/03/artemis-ii-astronauts-rocket-towards-the-moon-after-breaking-free-of-earths-orbit already exists.
2026-04-03 18:56:05,183 - INFO - [The Guardian] Article: https://www.theguardian.com/us-news/2026/apr/03/trump-vance-fraud-arrest-crackdown-california
2026-04-03 18:56:05,184 - INFO - [The Guardian] Attempt 1/1: Trying with 'requests_browser' strategy...
2026-04-03 18:56:05,258 - INFO - [The Guardian] Success with 'requests_browser'. Found content (756 words).
2026-04-03 18:56:25,431 - INFO - >>> SUCCESSFULLY SAVED [ID: 47925] - Artemis II crew take 'spectacular' image of Earth from BBC (404 words)
2026-04-03 18:56:25,933 - INFO - [BBC] Early skip: URL https://www.bbc.com/news/articles/cly0zp1xgz3o?at_medium=RSS&at_campaign=rss already exists.
2026-04-03 18:56:25,934 - INFO - [BBC] Article: https://www.bbc.com/news/articles/cjd8275jrrko?at_medium=RSS&at_campaign=rss
2026-04-03 18:56:25,935 - INFO - [BBC] Attempt 1/1: Trying with 'requests_browser' strategy...
2026-04-03 18:56:25,990 - INFO - [BBC] Success with 'requests_browser'. Found content (429 words).
2026-04-03 18:56:46,033 - INFO - >>> SUCCESSFULLY SAVED [ID: 47926] - Drone strike on Sudan hospital kills 10, medical charity MSF says | News | Al Jazeera from Al Jazeera (443 words)
2026-04-03 18:56:47,383 - INFO - [Al Jazeera] Article: https://www.aljazeera.com/video/the-take-2/2026/4/3/aje-onl-tt_pal_jacir_av_v2-030426?traffic_source=rss
2026-04-03 18:56:47,383 - INFO - [Al Jazeera] Attempt 1/2: Trying with 'requests_browser' strategy...
2026-04-03 18:56:47,445 - INFO - [Al Jazeera] Success with 'requests_browser'. Found content (138 words).
2026-04-03 18:57:10,604 - INFO - >>> SUCCESSFULLY SAVED [ID: 47927] - ‘Not a word of English’: Row over Indian-origin Jay Vaingakar campaigning in Hindi for New Jersey ‘desi community’ - The Times of India from Times of India (412 words)
2026-04-03 18:57:12,006 - INFO - [Times of India] Early skip: URL https://timesofindia.indiatimes.com/world/us-streamers/ishowspeed-injured-after-la-knight-throws-him-mid-livestream-as-wwe-crossover-turns-unexpectedly-real/articleshow/130005606.cms already exists.
2026-04-03 18:57:12,008 - INFO - [Times of India] Early skip: URL https://timesofindia.indiatimes.com/world/us-streamers/kick-streamer-clavicular-collapses-mid-stream-after-chokehold-as-viral-video-raises-questions-about-live-content-limits/articleshow/130005337.cms already exists.
2026-04-03 18:57:12,010 - INFO - [Times of India] Early skip: URL https://timesofindia.indiatimes.com/world/us/zohran-mamdani-teams-up-with-cardi-b-for-jingle-contest-promoting-nyc-free-childcare-programme/articleshow/130005626.cms already exists.
2026-04-03 18:57:12,011 - INFO - [Times of India] Early skip: URL https://timesofindia.indiatimes.com/world/us/who-was-shakeel-khan-pakistani-american-restaurant-owner-shot-in-2019-reward-raised-to-5-million-for-information-on-suspect/articleshow/130005040.cms already exists.
2026-04-03 18:57:12,013 - INFO - [Times of India] Early skip: URL https://timesofindia.indiatimes.com/world/us/florida-man-arrested-for-stealing-40000-worth-of-trading-cards-from-target-using-cheap-taco-seasoning-packets/articleshow/130001987.cms already exists.
2026-04-03 18:57:12,014 - INFO - [Times of India] Early skip: URL https://timesofindia.indiatimes.com/world/us/tipus-ghost-and-trumps-jibes-haunt-a-transatlantic-franco-american-rift/articleshow/130003821.cms already exists.
2026-04-03 18:57:12,015 - INFO - [Times of India] Early skip: URL https://timesofindia.indiatimes.com/world/us/us-budget-2027-trump-seeks-record-1-5tn-defence-push-amid-iran-war/articleshow/130003463.cms already exists.
2026-04-03 18:57:12,017 - INFO - [Times of India] Early skip: URL https://timesofindia.indiatimes.com/world/middle-east/five-indians-among-12-injured-by-iranian-missile-debris-in-abu-dhabi/articleshow/130001477.cms already exists.
2026-04-03 18:57:12,018 - INFO - [Times of India] Early skip: URL https://timesofindia.indiatimes.com/world/us/who-is-amit-mehta-indian-origin-us-judge-at-the-centre-of-trump-immunity-case-linked-to-january-6-attack/articleshow/130001157.cms already exists.
2026-04-03 18:57:12,019 - INFO - [Times of India] Early skip: URL https://timesofindia.indiatimes.com/etimes/trending/boy-claims-he-was-a-woman-who-died-in-a-fire-details-later-match-real-case-from-decades-ago/articleshow/129994758.cms already exists.
2026-04-03 18:57:12,020 - INFO - [Times of India] Early skip: URL https://timesofindia.indiatimes.com/world/europe/france-no-longer-hostile-nation-after-macron-snubs-trump-iran-allows-ship-to-pass-hormuz/articleshow/130000016.cms already exists.
2026-04-03 18:57:12,022 - INFO - [Times of India] Early skip: URL https://timesofindia.indiatimes.com/science/japan-led-mission-uncovers-asteroid-with-all-5-letters-of-dna-breakthrough-for-understanding-lifes-origins/articleshow/129993675.cms already exists.
2026-04-03 18:57:12,023 - INFO - [Times of India] Early skip: URL https://timesofindia.indiatimes.com/business/india-business/oil-lng-supplies-top-russian-official-manturov-signals-fuel-support-for-india-during-middle-east-crisis/articleshow/129996442.cms already exists.
2026-04-03 18:57:12,024 - INFO - [Times of India] Early skip: URL https://timesofindia.indiatimes.com/world/uk/uk-news-englands-top-female-chess-player-rishi-sunak-hails-indian-origin-bodhana-sivanandan/articleshow/129996516.cms already exists.
2026-04-03 18:57:12,027 - INFO - [Times of India] Early skip: URL https://timesofindia.indiatimes.com/world/south-asia/myanmar-army-chief-min-aung-hlaing-elected-as-president/articleshow/129997403.cms already exists.
2026-04-03 18:57:12,028 - INFO - [Times of India] Early skip: URL https://timesofindia.indiatimes.com/world/middle-east/complete-annihilation-of-microsoft-nvidia-iran-warns-us-after-trump-threatens-to-strike-bridges-power-plants/articleshow/129996213.cms already exists.
2026-04-03 18:57:12,029 - INFO - [Times of India] Early skip: URL https://timesofindia.indiatimes.com/world/middle-east/bridge-for-bridge-iran-lists-7-gulf-targets-after-karaj-strike/articleshow/129994472.cms already exists.
2026-04-03 18:57:12,031 - INFO - [Times of India] Early skip: URL https://timesofindia.indiatimes.com/science/10-historical-signs-that-suggest-aliens-exist/photostory/129987629.cms already exists.
2026-04-03 18:57:12,032 - INFO - [Times of India] Early skip: URL https://timesofindia.indiatimes.com/science/quote-of-the-day-by-neil-armstrong-i-think-were-going-to-the-moon-because-its-in-the-nature-of-the-human-being-to-face-challenges-were-required-to-do-these-things-just-as-salmon-swim-upstream-/articleshow/129993864.cms already exists.
2026-04-03 18:57:12,033 - INFO - [Times of India] (Thread) Finished. Attempting to shut down its Selenium driver.
2026-04-03 18:57:12,189 - INFO - [Times of India] (Thread) driver.quit() successful.
2026-04-03 18:57:30,200 - INFO - >>> SUCCESSFULLY SAVED [ID: 47928] - Tamil Nadu missed out on Central government schemes because DMK saw BJP as an enemy, says G.K. Vasan - The Hindu from The Hindu (1993 words)
2026-04-03 18:57:31,394 - INFO - [The Hindu] Article: https://www.thehindu.com/news/national/karnataka/theres-critical-need-to-transition-from-supply-side-augmentation-to-efficiency-led-water-management-industry-body/article70820738.ece
2026-04-03 18:57:31,394 - INFO - [The Hindu] Attempt 1/1: Trying with 'selenium_browser' strategy...
2026-04-03 18:57:33,923 - INFO - [The Hindu] Page content loaded.
2026-04-03 18:57:34,076 - INFO - [The Hindu] Success with 'selenium_browser'. Found content (446 words).
2026-04-03 18:57:51,796 - INFO - >>> SUCCESSFULLY SAVED [ID: 47929] - Govt reduces petrol price to Rs378 per litre - Pakistan - DAWN.COM from The Dawn (197 words)
2026-04-03 18:57:53,143 - INFO - [The Dawn] Early skip: URL https://www.dawn.com/news/1988267/provinces-take-the-lead-in-doling-out-fuel-subsidies-following-petrol-price-shock already exists.
2026-04-03 18:57:53,145 - INFO - [The Dawn] Early skip: URL https://www.dawn.com/news/1988276/61-magnitude-earthquake-jolts-islamabad-kp already exists.
2026-04-03 18:57:53,147 - INFO - [The Dawn] Article: https://www.dawn.com/news/1988290/us-fighter-jet-shot-down-over-iran-search-under-way-for-crew-member-us-officials-say
2026-04-03 18:57:53,147 - INFO - [The Dawn] Attempt 1/2: Trying with 'requests_browser' strategy...
2026-04-03 18:57:53,196 - ERROR - [The Dawn] Request failed for strategy 'requests_browser' on URL https://www.dawn.com/news/1988290/us-fighter-jet-shot-down-over-iran-search-under-way-for-crew-member-us-officials-say: 403 Client Error: Forbidden for url: https://www.dawn.com/news/1988290/us-fighter-jet-shot-down-over-iran-search-under-way-for-crew-member-us-officials-say
2026-04-03 18:57:54,091 - INFO - [The Dawn] Article: https://www.dawn.com/news/1988290/us-fighter-jet-shot-down-over-iran-search-under-way-for-crew-member-us-officials-say
2026-04-03 18:57:54,091 - INFO - [The Dawn] Attempt 2/2: Trying with 'selenium_browser' strategy...
2026-04-03 18:58:01,167 - WARNING - [The Dawn] Page get timed out (7s). Proceeding to grab partial source anyway.
2026-04-03 18:58:04,435 - WARNING - [The Dawn] Page explicit wait timed out (3s). Proceeding anyway.
2026-04-03 18:58:04,608 - WARNING - [The Dawn] FAILED with 'selenium_browser' (content was too short: 67 words).
2026-04-03 18:58:04,608 - ERROR - [The Dawn] All scrape strategies failed for https://www.dawn.com/news/1988290/us-fighter-jet-shot-down-over-iran-search-under-way-for-crew-member-us-officials-say. Falling back to RSS description.
2026-04-03 18:58:11,875 - INFO - >>> SUCCESSFULLY SAVED [ID: 47930] - Food inflation to continue if West Asia war goes on: UN - The Economic Times from Economic Times (223 words)
2026-04-03 18:58:12,975 - INFO - [Economic Times] Early skip: URL https://economictimes.indiatimes.com/news/defence/boots-on-ground-may-not-be-needed-secretary-of-state-marco-rubio-on-iran-war/articleshow/129853253.cms already exists.
2026-04-03 18:58:12,976 - INFO - [Economic Times] Early skip: URL https://economictimes.indiatimes.com/news/international/world-news/whats-happening-with-iran-us-talks/articleshow/129827872.cms already exists.
2026-04-03 18:58:12,977 - INFO - [Economic Times] Early skip: URL https://economictimes.indiatimes.com/news/new-updates/as-asim-munir-pitches-peace-iran-blocks-pakistans-cargo-ship-at-strait-of-hormuz/articleshow/129796581.cms already exists.
2026-04-03 18:58:12,978 - INFO - [Economic Times] Early skip: URL https://economictimes.indiatimes.com/news/international/world-news/price-availability-does-a-new-gas-crisis-await-europe/articleshow/129707936.cms already exists.
2026-04-03 18:58:12,980 - INFO - [Economic Times] Early skip: URL https://economictimes.indiatimes.com/news/international/world-news/europeans-cautious-as-they-scramble-to-digest-major-us-israeli-attack-on-iran/articleshow/128885272.cms already exists.
2026-04-03 18:58:12,981 - INFO - [Economic Times] Early skip: URL https://economictimes.indiatimes.com/news/elections/assembly-elections/assam/done-deal-cm-himanta-biswa-sarma-on-nda-seat-sharing-for-assam-polls/articleshow/128678098.cms already exists.
2026-04-03 18:58:12,982 - INFO - [Economic Times] Early skip: URL https://economictimes.indiatimes.com/news/elections/assembly-elections/bihar/rare-intensive-revision-in-bihar-four-months-before-polls/articleshow/122167501.cms already exists.
2026-04-03 18:58:12,983 - INFO - [Economic Times] Early skip: URL https://economictimes.indiatimes.com/news/elections/assembly-elections/delhi/bjp-accuses-kejriwal-of-sending-voters-hoax-calls-to-mislead/articleshow/117579007.cms already exists.
2026-04-03 18:58:12,985 - INFO - [Economic Times] Early skip: URL https://economictimes.indiatimes.com/news/elections/lok-sabha/india/lok-sabha-election-2024-maharashtra-get-interesting-after-splits-in-shiv-sena-ncp/articleshow/108559788.cms already exists.
2026-04-03 18:58:12,986 - INFO - [Economic Times] Early skip: URL https://economictimes.indiatimes.com/news/elections/lok-sabha/india/modi-charisma-key-factor-in-bjps-bid-to-retain-all-26-seats-in-gujarat/articleshow/108550858.cms already exists.
2026-04-03 18:58:12,987 - INFO - [Economic Times] Early skip: URL https://economictimes.indiatimes.com/news/elections/lok-sabha/india/implementation-of-guarantees-decline-of-brs-favour-congress-in-telangana-bjp-aiming-for-better-show/articleshow/108548569.cms already exists.
2026-04-03 18:58:12,988 - INFO - [Economic Times] Early skip: URL https://economictimes.indiatimes.com/traders-bet-on-calendar-spread-as-nifty-moves-in-a-tight-range/articleshow/6302358.cms already exists.
2026-04-03 18:58:12,989 - INFO - [Economic Times] Early skip: URL https://economictimes.indiatimes.com/nifty-may-find-support-at-5300-level/articleshow/6296017.cms already exists.
2026-04-03 18:58:12,991 - INFO - [Economic Times] Early skip: URL https://economictimes.indiatimes.com/seven-out-of-top-10-asian-small-cap-funds-are-indian/articleshow/6295976.cms already exists.
2026-04-03 18:58:12,992 - INFO - [Economic Times] Early skip: URL https://economictimes.indiatimes.com/inflation-reflects-growth-dynamics-in-india-christopher-wood/articleshow/6274053.cms already exists.
2026-04-03 18:58:12,993 - INFO - [Economic Times] Early skip: URL https://economictimes.indiatimes.com/market-may-trade-in-a-range-but-fiis-seen-sold-on-india/articleshow/6277705.cms already exists.
2026-04-03 18:58:12,994 - INFO - [Economic Times] Early skip: URL https://economictimes.indiatimes.com/dont-bank-only-on-price-to-earning-ratio/articleshow/6278228.cms already exists.
2026-04-03 18:58:12,996 - INFO - [Economic Times] Early skip: URL https://economictimes.indiatimes.com/markets/stocks/recos/prabhudas-lilladher-has-a-reduce-rating-on-infosys/articleshow/3798718.cms already exists.
2026-04-03 18:58:12,997 - INFO - [Economic Times] Early skip: URL https://economictimes.indiatimes.com/markets/stocks/recos/fin-crisis-too-late-and-too-little-done-in-us/articleshow/3794549.cms already exists.
2026-04-03 18:58:12,998 - INFO - [Economic Times] Early skip: URL https://economictimes.indiatimes.com/markets/forex/weak-rupee-takes-its-toll-on-cos-with-huge-foreign-debt/articleshow/3546158.cms already exists.
2026-04-03 18:58:12,999 - INFO - [Economic Times] Early skip: URL https://economictimes.indiatimes.com/markets/stocks/recos/wait-for-more-signals-before-turning-positive/articleshow/3292640.cms already exists.
2026-04-03 18:58:13,001 - INFO - [Economic Times] Early skip: URL https://economictimes.indiatimes.com/news/company/corporate-trends/six-indian-cos-among-businessweeks-top-100-infotech-firms/articleshow/3189334.cms already exists.
2026-04-03 18:58:13,002 - INFO - [Economic Times] Early skip: URL https://economictimes.indiatimes.com/news/company/corporate-trends/indian-firms-slip-in-global-ranking-four-move-out-of-top-500/articleshow/3177077.cms already exists.
2026-04-03 18:58:13,003 - INFO - [Economic Times] Early skip: URL https://economictimes.indiatimes.com/markets/stocks/news/big-daddy-laps-up-cipla-after-q1-nos-beat-forecast/articleshow/6308646.cms already exists.
2026-04-03 18:58:13,004 - INFO - [Economic Times] Early skip: URL https://economictimes.indiatimes.com/markets/stocks/news/old-fox-has-dream-run-on-dalal-street/articleshow/6308631.cms already exists.
2026-04-03 18:58:13,005 - INFO - [Economic Times] Early skip: URL https://economictimes.indiatimes.com/markets/stocks/news/cairn-india-hits-record-high-on-bse-amid-stake-sale-talks/articleshow/6306679.cms already exists.
2026-04-03 18:58:13,007 - INFO - [Economic Times] Early skip: URL https://economictimes.indiatimes.com/markets/stocks/news/vedanta-plunges-5-59-per-cent-on-lse-amid-talks-to-buy-cairn-stake/articleshow/6306526.cms already exists.
2026-04-03 18:58:13,008 - INFO - [Economic Times] Early skip: URL https://economictimes.indiatimes.com/markets/stocks/news/sbi-shares-on-gaining-spree-hit-record-high/articleshow/6306241.cms already exists.
2026-04-03 18:58:13,009 - INFO - [Economic Times] Early skip: URL https://economictimes.indiatimes.com/fm-must-rethink/articleshow/5645094.cms already exists.
2026-04-03 18:58:13,010 - INFO - [Economic Times] Early skip: URL https://economictimes.indiatimes.com/amalgamate-banks/articleshow/5645086.cms already exists.
2026-04-03 18:58:13,012 - INFO - [Economic Times] Early skip: URL https://economictimes.indiatimes.com/managing-data/articleshow/5117958.cms already exists.
2026-04-03 18:58:13,013 - INFO - [Economic Times] Early skip: URL https://economictimes.indiatimes.com/right-technology/articleshow/5117957.cms already exists.
2026-04-03 18:58:13,014 - INFO - [Economic Times] Early skip: URL https://economictimes.indiatimes.com/et-search/articleshow/21646857.cms already exists.
2026-04-03 18:58:13,016 - INFO - [Economic Times] Early skip: URL https://economictimes.indiatimes.com/after-the-oscars-whats-next-for-silent-stars-of-the-artist/articleshow/12075465.cms already exists.
2026-04-03 18:58:13,017 - INFO - [Economic Times] Early skip: URL https://economictimes.indiatimes.com/delhi-world-book-fair-a-fair-like-no-other/articleshow/12028630.cms already exists.
2026-04-03 18:58:13,018 - INFO - [Economic Times] Early skip: URL https://economictimes.indiatimes.com/lk-advanis-gift-makes-its-way-to-state-department-exhibition-hall/articleshow/12017534.cms already exists.
2026-04-03 18:58:13,019 - INFO - [Economic Times] Early skip: URL https://economictimes.indiatimes.com/india-meteorological-department-to-use-dynamic-models-for-forecasts/articleshow/11983844.cms already exists.
2026-04-03 18:58:13,020 - INFO - [Economic Times] Early skip: URL https://economictimes.indiatimes.com/documents-reveal-contents-of-the-first-telegraph-message-between-india-england/articleshow/11976488.cms already exists.
2026-04-03 18:58:13,022 - INFO - [Economic Times] Early skip: URL https://economictimes.indiatimes.com/worried-amitabh-bachchan-fans-pray-to-lord-shiva-for-his-recovery/articleshow/11963187.cms already exists.
2026-04-03 18:58:13,023 - INFO - [Economic Times] Early skip: URL https://economictimes.indiatimes.com/opinion/interviews/every-decision-of-government-neednt-be-a-big-reform-anand-mahindra/articleshow/35919571.cms already exists.
2026-04-03 18:58:13,024 - INFO - [Economic Times] Early skip: URL https://economictimes.indiatimes.com/opinion/interviews/narendra-modi-has-his-eyes-set-on-boosting-business-joao-cravinho-eu-ambassador/articleshow/35973824.cms already exists.
2026-04-03 18:58:13,025 - INFO - [Economic Times] Early skip: URL https://economictimes.indiatimes.com/opinion/interviews/confidence-level-of-industry-improving-kv-kamath-icici-bank/articleshow/35945669.cms already exists.
2026-04-03 18:58:13,026 - INFO - [Economic Times] Early skip: URL https://economictimes.indiatimes.com/opinion/interviews/we-may-see-rapid-growth-over-the-next-few-years-raamdeo-agrawal/articleshow/35831378.cms already exists.
2026-04-03 18:58:13,028 - INFO - [Economic Times] Early skip: URL https://economictimes.indiatimes.com/opinion/interviews/our-commitment-for-press-freedom-and-autonomy-of-public-broadcast-is-absolute-prakash-javadekar/articleshow/35803396.cms already exists.
2026-04-03 18:58:13,029 - INFO - [Economic Times] Early skip: URL https://economictimes.indiatimes.com/opinion/interviews/there-is-a-leadership-vacuum-in-infosys-time-to-get-nandan-nilekani-back-mohandas-pai/articleshow/35716682.cms already exists.
2026-04-03 18:58:13,030 - INFO - [Economic Times] Early skip: URL https://economictimes.indiatimes.com/markets/stocks/news/oil-prices-to-hit-150-how-indian-stock-markets-may-react-as-iran-war-rages-on/articleshow/129587020.cms already exists.
2026-04-03 18:58:13,031 - INFO - [Economic Times] Early skip: URL https://economictimes.indiatimes.com/markets/us-stocks/news/why-a-7030-india-global-portfolio-makes-sense-in-a-changing-world-subho-moulik-decodes/articleshow/127604085.cms already exists.
2026-04-03 18:58:13,033 - INFO - [Economic Times] Early skip: URL https://economictimes.indiatimes.com/markets/expert-view/kaynes-shares-plunge-43-from-october-peak-is-a-tactical-rebound-on-the-cards-or-more-pain-ahead/articleshow/125815992.cms already exists.
2026-04-03 18:58:13,034 - INFO - [Economic Times] Early skip: URL https://economictimes.indiatimes.com/markets/stocks/news/warren-buffett-is-buying-michael-burry-is-shorting-the-ai-trade-splitting-wall-street/articleshow/125815521.cms already exists.
2026-04-03 18:58:13,035 - INFO - [Economic Times] Early skip: URL https://economictimes.indiatimes.com/markets/ipos/fpos/softbank-backed-acevector-files-updated-ipo-papers-targets-to-raise-rs-300-cr-via-fresh-issue/articleshow/125813493.cms already exists.
2026-04-03 18:58:13,036 - INFO - [Economic Times] Early skip: URL https://economictimes.indiatimes.com/markets/stocks/news/mcap-of-five-of-top-10-most-valued-firms-surges-rs-72285-cr-tcs-infosys-biggest-winners/articleshow/125813435.cms already exists.
2026-04-03 18:58:13,038 - INFO - [Economic Times] Early skip: URL https://economictimes.indiatimes.com/markets/stocks/news/alfa-laval-raises-delisting-price-to-rs-2850-a-share/articleshow/11437373.cms already exists.
2026-04-03 18:58:13,039 - INFO - [Economic Times] Early skip: URL https://economictimes.indiatimes.com/markets/stocks/news/db-realty-unitech-stocks-rose-after-top-executives-granted-bail-in-2g-scam/articleshow/10925114.cms already exists.
2026-04-03 18:58:13,040 - INFO - [Economic Times] Early skip: URL https://economictimes.indiatimes.com/markets/stocks/news/fitch-withdraws-reliance-capital-ratings/articleshow/10430814.cms already exists.
2026-04-03 18:58:13,041 - INFO - [Economic Times] Early skip: URL https://economictimes.indiatimes.com/markets/stocks/news/discoms-poor-financial-health-poses-risks-for-power-traders-fitch/articleshow/10430186.cms already exists.
2026-04-03 18:58:13,043 - INFO - [Economic Times] Early skip: URL https://economictimes.indiatimes.com/markets/stocks/news/cigarette-companies-price-hikes-with-higher-volumes-hold-promise/articleshow/9277179.cms already exists.
2026-04-03 18:58:13,044 - INFO - [Economic Times] Early skip: URL https://economictimes.indiatimes.com/markets/stocks/news/lovable-lingeries-dream-run-on-as-traders-lap-it-up/articleshow/8894615.cms already exists.
2026-04-03 18:58:13,045 - INFO - [Economic Times] (Thread) Finished. Attempting to shut down its Selenium driver.
2026-04-03 18:58:13,261 - INFO - [Economic Times] (Thread) driver.quit() successful.
2026-04-03 18:58:30,702 - INFO - >>> SUCCESSFULLY SAVED [ID: 47931] - Trump announces ‘fraud’ crackdown in Democratic states as arrests begin in California | Donald Trump | The Guardian from The Guardian (756 words)
2026-04-03 18:58:32,178 - INFO - [The Guardian] Article: https://www.theguardian.com/us-news/2026/apr/03/washington-college-professor-fired-iran-war-criticism
2026-04-03 18:58:32,184 - INFO - [The Guardian] Attempt 1/1: Trying with 'requests_browser' strategy...
2026-04-03 18:58:32,253 - INFO - [The Guardian] Success with 'requests_browser'. Found content (799 words).
2026-04-03 18:58:46,868 - INFO - DEDUPLICATION: Found match (Score: 0.86). Linking to Cluster ID: 46562d1c-e9ba-4e1f-93a3-ca3775020e27
2026-04-03 18:58:49,227 - INFO - >>> SUCCESSFULLY SAVED [ID: 47932] - French-owned ship passes through Strait of Hormuz from BBC (429 words)
2026-04-03 18:58:50,564 - INFO - [BBC] Early skip: URL https://www.bbc.com/news/articles/cwyjekvwww0o?at_medium=RSS&at_campaign=rss already exists.
2026-04-03 18:58:50,565 - INFO - [BBC] Early skip: URL https://www.bbc.com/news/articles/c937kezj03vo?at_medium=RSS&at_campaign=rss already exists.
2026-04-03 18:58:50,566 - INFO - [BBC] Early skip: URL https://www.bbc.com/news/articles/cy51wzeq6g5o?at_medium=RSS&at_campaign=rss already exists.
2026-04-03 18:58:50,567 - INFO - [BBC] Early skip: URL https://www.bbc.com/news/articles/ce843ge47z4o?at_medium=RSS&at_campaign=rss already exists.
2026-04-03 18:58:50,569 - INFO - [BBC] Early skip: URL https://www.bbc.com/news/articles/cwy3r3w4zl8o?at_medium=RSS&at_campaign=rss already exists.
2026-04-03 18:58:50,570 - INFO - [BBC] Early skip: URL https://www.bbc.com/news/articles/c8ej43z8yw4o?at_medium=RSS&at_campaign=rss already exists.
2026-04-03 18:58:50,571 - INFO - [BBC] Early skip: URL https://www.bbc.com/news/articles/cn8d63v058zo?at_medium=RSS&at_campaign=rss already exists.
2026-04-03 18:58:50,572 - INFO - [BBC] Early skip: URL https://www.bbc.com/news/articles/c1782nk0018o?at_medium=RSS&at_campaign=rss already exists.
2026-04-03 18:58:50,573 - INFO - [BBC] Early skip: URL https://www.bbc.com/news/articles/cy91x2n29nlo?at_medium=RSS&at_campaign=rss already exists.
2026-04-03 18:58:50,575 - INFO - [BBC] Early skip: URL https://www.bbc.com/news/articles/c3ex59yy4j2o?at_medium=RSS&at_campaign=rss already exists.
2026-04-03 18:58:50,576 - INFO - [BBC] Early skip: URL https://www.bbc.com/news/articles/crk165g4vv3o?at_medium=RSS&at_campaign=rss already exists.
2026-04-03 18:58:50,577 - INFO - [BBC] Early skip: URL https://www.bbc.com/news/articles/c5ywqky5dd7o?at_medium=RSS&at_campaign=rss already exists.
2026-04-03 18:58:50,578 - INFO - [BBC] Early skip: URL https://www.bbc.com/news/articles/crr1q4kjvn2o?at_medium=RSS&at_campaign=rss already exists.
2026-04-03 18:58:50,579 - INFO - [BBC] Early skip: URL https://www.bbc.com/news/articles/c4gx8e1x5j3o?at_medium=RSS&at_campaign=rss already exists.
2026-04-03 18:58:50,580 - INFO - [BBC] Early skip: URL https://www.bbc.com/news/articles/cq8wzkyxyyyo?at_medium=RSS&at_campaign=rss already exists.
2026-04-03 18:58:50,582 - INFO - [BBC] Early skip: URL https://www.bbc.com/news/articles/cp86mrj40e2o?at_medium=RSS&at_campaign=rss already exists.
2026-04-03 18:58:50,583 - INFO - [BBC] Early skip: URL https://www.bbc.com/news/articles/c4g4e6z9960o?at_medium=RSS&at_campaign=rss already exists.
2026-04-03 18:58:50,584 - INFO - [BBC] Early skip: URL https://www.bbc.com/news/articles/cvg58ydn4jpo?at_medium=RSS&at_campaign=rss already exists.
2026-04-03 18:58:50,585 - INFO - [BBC] Early skip: URL https://www.bbc.com/news/articles/clye2e85dwjo?at_medium=RSS&at_campaign=rss already exists.
2026-04-03 18:58:50,586 - INFO - [BBC] Early skip: URL https://www.bbc.com/news/videos/cpqxn8zx8ydo?at_medium=RSS&at_campaign=rss already exists.
2026-04-03 18:58:50,588 - INFO - [BBC] Article: https://www.bbc.com/news/videos/crl10127elgo?at_medium=RSS&at_campaign=rss
2026-04-03 18:58:50,588 - INFO - [BBC] Attempt 1/1: Trying with 'requests_browser' strategy...
2026-04-03 18:58:50,646 - WARNING - [BBC] FAILED with 'requests_browser' (content was too short: 82 words).
2026-04-03 18:58:50,646 - ERROR - [BBC] All scrape strategies failed for https://www.bbc.com/news/videos/crl10127elgo?at_medium=RSS&at_campaign=rss. Falling back to RSS description.
2026-04-03 18:58:50,646 - WARNING - SKIPPED (GLOBAL WORD LIMIT): Article 'Watch: Artemis II astronauts speak from space' from BBC has only 23 words (Min: 90).
2026-04-03 18:58:51,781 - INFO - [BBC] Early skip: URL https://www.bbc.com/news/videos/c747w0zejzmo?at_medium=RSS&at_campaign=rss already exists.
2026-04-03 18:58:51,783 - INFO - [BBC] Early skip: URL https://www.bbc.com/news/videos/c3w344wyxg5o?at_medium=RSS&at_campaign=rss already exists.
2026-04-03 18:58:51,784 - INFO - [BBC] Article: https://www.bbc.com/news/videos/ce8jz0239jxo?at_medium=RSS&at_campaign=rss
2026-04-03 18:58:51,784 - INFO - [BBC] Attempt 1/1: Trying with 'requests_browser' strategy...
2026-04-03 18:58:51,845 - WARNING - [BBC] FAILED with 'requests_browser' (content was too short: 83 words).
2026-04-03 18:58:51,845 - ERROR - [BBC] All scrape strategies failed for https://www.bbc.com/news/videos/ce8jz0239jxo?at_medium=RSS&at_campaign=rss. Falling back to RSS description.
2026-04-03 18:58:51,845 - WARNING - SKIPPED (GLOBAL WORD LIMIT): Article 'Watch: Trump's shifting deadlines for ending Iran war' from BBC has only 13 words (Min: 90).
2026-04-03 18:58:52,948 - INFO - [BBC] Article: https://www.bbc.com/news/videos/c1d9nnqqld0o?at_medium=RSS&at_campaign=rss
2026-04-03 18:58:52,948 - INFO - [BBC] Attempt 1/1: Trying with 'requests_browser' strategy...
2026-04-03 18:58:52,998 - WARNING - [BBC] FAILED with 'requests_browser' (content was too short: 76 words).
2026-04-03 18:58:52,998 - ERROR - [BBC] All scrape strategies failed for https://www.bbc.com/news/videos/c1d9nnqqld0o?at_medium=RSS&at_campaign=rss. Falling back to RSS description.
2026-04-03 18:58:52,998 - WARNING - SKIPPED (GLOBAL WORD LIMIT): Article 'Ros Atkins on…the cost of the Iran war' from BBC has only 21 words (Min: 90).
2026-04-03 18:58:54,363 - INFO - [BBC] Early skip: URL https://www.bbc.com/news/videos/cwydnrmggnno?at_medium=RSS&at_campaign=rss already exists.
2026-04-03 18:58:54,364 - INFO - [BBC] Early skip: URL https://www.bbc.com/news/videos/c70dxqp0q2do?at_medium=RSS&at_campaign=rss already exists.
2026-04-03 18:59:07,885 - INFO - >>> SUCCESSFULLY SAVED [ID: 47933] - Palestine 36: A film about a revolt that nearly changed history | News | Al Jazeera from Al Jazeera (138 words)
2026-04-03 18:59:08,630 - INFO - [Al Jazeera] Article: https://www.aljazeera.com/news/2026/4/3/cambodia-parliament-approves-law-to-combat-cybercrime-scam-rings?traffic_source=rss
2026-04-03 18:59:08,630 - INFO - [Al Jazeera] Attempt 1/2: Trying with 'requests_browser' strategy...
2026-04-03 18:59:08,668 - INFO - [Al Jazeera] Success with 'requests_browser'. Found content (521 words).
2026-04-03 18:59:26,481 - INFO - >>> SUCCESSFULLY SAVED [ID: 47934] - There’s critical need to transition from supply-side augmentation to efficiency-led water management: Industry body - The Hindu from The Hindu (446 words)
2026-04-03 18:59:26,987 - INFO - [The Hindu] Article: https://www.thehindu.com/news/national/tamil-nadu/when-an-unknown-29-year-old-took-on-kkamarajin-1962/article70820104.ece
2026-04-03 18:59:26,987 - INFO - [The Hindu] Attempt 1/1: Trying with 'selenium_browser' strategy...
2026-04-03 18:59:28,071 - INFO - [The Hindu] Page content loaded.
2026-04-03 18:59:28,136 - INFO - [The Hindu] Success with 'selenium_browser'. Found content (775 words).
2026-04-03 18:59:46,343 - INFO - >>> SUCCESSFULLY SAVED [ID: 47935] - US fighter jet shot down over Iran, search under way for crew member, US officials say from The Dawn (419 words)
2026-04-03 18:59:47,287 - INFO - [The Dawn] Early skip: URL https://www.dawn.com/news/1988275/national-assembly-fails-to-take-up-agenda-as-opposition-protests-fuel-price-hike already exists.
2026-04-03 18:59:47,289 - INFO - [The Dawn] Early skip: URL https://www.dawn.com/news/1988115/sindh-announces-rs2000-for-bikers-as-part-of-fuel-subsidy-punjab-islamabad-make-public-transportation-free already exists.
2026-04-03 18:59:47,290 - INFO - [The Dawn] Early skip: URL https://www.dawn.com/news/1988253/white-house-seeks-15tr-defence-budget-as-war-on-iran-drives-costs already exists.
2026-04-03 18:59:47,291 - INFO - [The Dawn] Early skip: URL https://www.dawn.com/news/1988236/sanaullah-says-petrol-prices-increased-as-a-consequence-of-middle-east-war-govt-has-nothing-to-do-with-it already exists.
2026-04-03 18:59:47,293 - INFO - [The Dawn] Early skip: URL https://www.dawn.com/news/1988231/china-urges-respect-for-palestinian-rights-after-israel-passes-death-penalty-law already exists.
2026-04-03 18:59:47,294 - INFO - [The Dawn] Early skip: URL https://www.dawn.com/news/1988099/imran-bushra-move-ihc-to-fix-appeals-in-toshakhana-i-ps190m-cases already exists.
2026-04-03 18:59:47,295 - INFO - [The Dawn] Early skip: URL https://www.dawn.com/news/1988223/govt-withdraws-increase-in-toll-taxes-on-highways-pakistan-railways-to-keep-fares-unchanged already exists.
2026-04-03 18:59:47,296 - INFO - [The Dawn] Early skip: URL https://www.dawn.com/news/1988070/suicide-bombing-at-domel-police-station-in-bannu-leaves-5-civilians-dead-13-injured already exists.
2026-04-03 18:59:47,298 - INFO - [The Dawn] Early skip: URL https://www.dawn.com/news/1988109/national-forensic-agency-now-fully-functional-says-interior-ministry already exists.
2026-04-03 18:59:47,299 - INFO - [The Dawn] Early skip: URL https://www.dawn.com/news/1988063/pentagon-shake-up-as-hegseth-ousts-army-chief-amid-iran-conflict already exists.
2026-04-03 18:59:47,300 - INFO - [The Dawn] Early skip: URL https://www.dawn.com/news/1988090/na-surrenders-over-rs470m-into-national-exchequer-to-support-govts-austerity-drive already exists.
2026-04-03 18:59:47,301 - INFO - [The Dawn] Early skip: URL https://www.dawn.com/news/1987962/fuel-rates-explode-as-govt-withdraws-blanket-subsidy already exists.
2026-04-03 18:59:47,302 - INFO - [The Dawn] Early skip: URL https://www.dawn.com/news/1988080/met-office-says-no-rain-expected-in-karachi-today-as-death-toll-rises-to-six already exists.
2026-04-03 18:59:47,304 - INFO - [The Dawn] Early skip: URL https://www.dawn.com/news/1988074/breathtaking-artemis-astronauts-blast-towards-moon already exists.
2026-04-03 18:59:47,305 - INFO - [The Dawn] Early skip: URL https://www.dawn.com/news/1988220/the-petrol-crisis-that-could-electrify-pakistan already exists.
2026-04-03 18:59:47,306 - INFO - [The Dawn] Early skip: URL https://www.dawn.com/news/1987961/us-blows-up-key-iranian-bridge-steel-plants already exists.
2026-04-03 18:59:47,307 - INFO - [The Dawn] Early skip: URL https://www.dawn.com/news/1987952/pakistan-walks-into-imf-meetings-in-dc-amid-war-shocks already exists.
2026-04-03 18:59:47,308 - INFO - [The Dawn] Early skip: URL https://www.dawn.com/news/1988050/investigators-identify-suspects-in-dr-malik-attack-case already exists.
2026-04-03 18:59:47,310 - INFO - [The Dawn] Early skip: URL https://www.dawn.com/news/1988101/world-anxious-to-open-hormuz-strait-while-trump-and-iran-trade-threats already exists.
2026-04-03 18:59:47,311 - INFO - [The Dawn] Early skip: URL https://www.dawn.com/news/1988006/commission-concludes-gul-plaza-fire-probe-report-on-7th already exists.
2026-04-03 18:59:47,312 - INFO - [The Dawn] Early skip: URL https://www.dawn.com/news/1987926/fossil-find-reveals-primordial-burst-of-evolution already exists.
2026-04-03 18:59:47,315 - INFO - [The Dawn] (Thread) Finished. Attempting to shut down its Selenium driver.
2026-04-03 18:59:47,380 - INFO - [The Dawn] (Thread) driver.quit() successful.
2026-04-03 19:00:05,193 - INFO - >>> SUCCESSFULLY SAVED [ID: 47936] - University of Washington professor fired from director job after sending email criticizing Iran war | Washington state | The Guardian from The Guardian (799 words)
2026-04-03 19:00:23,974 - INFO - >>> SUCCESSFULLY SAVED [ID: 47937] - Cambodia parliament approves law to combat cybercrime scam rings | News | Al Jazeera from Al Jazeera (521 words)
2026-04-03 19:00:25,103 - INFO - [Al Jazeera] Article: https://www.aljazeera.com/news/2026/4/3/us-unemployment-rate-drops-despite-economic-uncertainty-and-iran-war?traffic_source=rss
2026-04-03 19:00:25,103 - INFO - [Al Jazeera] Attempt 1/2: Trying with 'requests_browser' strategy...
2026-04-03 19:00:25,134 - INFO - [Al Jazeera] Success with 'requests_browser'. Found content (657 words).
2026-04-03 19:00:43,004 - INFO - >>> SUCCESSFULLY SAVED [ID: 47938] - When an unknown 29-year-old took on K. Kamaraj in 1962 - The Hindu from The Hindu (775 words)
2026-04-03 19:00:43,579 - INFO - [The Hindu] Article: https://www.thehindu.com/news/national/karnataka/dharwad-ties-up-with-owners-of-186-private-borewells-to-ensure-water-supply-during-summer/article70819948.ece
2026-04-03 19:00:43,580 - INFO - [The Hindu] Attempt 1/1: Trying with 'selenium_browser' strategy...
2026-04-03 19:00:44,975 - INFO - [The Hindu] Page content loaded.
2026-04-03 19:00:45,103 - INFO - [The Hindu] Success with 'selenium_browser'. Found content (270 words).
2026-04-03 19:01:01,165 - INFO - DEDUPLICATION: Found match (Score: 0.84). Linking to Cluster ID: 641101c9-5836-4245-9567-78d39eff69f9
2026-04-03 19:01:03,573 - INFO - >>> SUCCESSFULLY SAVED [ID: 47939] - US unemployment rate drops despite economic uncertainty and Iran war | Business and Economy News | Al Jazeera from Al Jazeera (657 words)
2026-04-03 19:01:04,805 - INFO - [Al Jazeera] Article: https://www.aljazeera.com/video/newsfeed/2026/4/3/what-we-know-about-the-us-fighter-jet-shot-down-in-iran?traffic_source=rss
2026-04-03 19:01:04,805 - INFO - [Al Jazeera] Attempt 1/2: Trying with 'requests_browser' strategy...
2026-04-03 19:01:04,837 - WARNING - [Al Jazeera] FAILED with 'requests_browser' (content was too short: 80 words).
2026-04-03 19:01:05,542 - INFO - [Al Jazeera] Article: https://www.aljazeera.com/video/newsfeed/2026/4/3/what-we-know-about-the-us-fighter-jet-shot-down-in-iran?traffic_source=rss
2026-04-03 19:01:05,542 - INFO - [Al Jazeera] Attempt 2/2: Trying with 'selenium_browser' strategy...
2026-04-03 19:01:05,840 - INFO - [Al Jazeera] Page content loaded.
2026-04-03 19:01:05,861 - WARNING - [Al Jazeera] FAILED with 'selenium_browser' (content was too short: 80 words).
2026-04-03 19:01:05,861 - ERROR - [Al Jazeera] All scrape strategies failed for https://www.aljazeera.com/video/newsfeed/2026/4/3/what-we-know-about-the-us-fighter-jet-shot-down-in-iran?traffic_source=rss. Falling back to RSS description.
2026-04-03 19:01:05,861 - WARNING - SKIPPED (GLOBAL WORD LIMIT): Article 'What we know about the US fighter jet shot down in Iran' from Al Jazeera has only 21 words (Min: 90).
2026-04-03 19:01:06,678 - INFO - [Al Jazeera] Early skip: URL https://www.aljazeera.com/news/2026/4/3/french-owned-container-ship-transits-hormuz-strait-in-first-since-iran-war?traffic_source=rss already exists.
2026-04-03 19:01:06,679 - INFO - [Al Jazeera] Article: https://www.aljazeera.com/video/newsfeed/2026/4/3/drone-footage-shows-a-factory-in-israel-damaged-by-iranian-missile-debris?traffic_source=rss
2026-04-03 19:01:06,680 - INFO - [Al Jazeera] Attempt 1/2: Trying with 'requests_browser' strategy...
2026-04-03 19:01:06,715 - WARNING - [Al Jazeera] FAILED with 'requests_browser' (content was too short: 73 words).
2026-04-03 19:01:07,466 - INFO - [Al Jazeera] Article: https://www.aljazeera.com/video/newsfeed/2026/4/3/drone-footage-shows-a-factory-in-israel-damaged-by-iranian-missile-debris?traffic_source=rss
2026-04-03 19:01:07,466 - INFO - [Al Jazeera] Attempt 2/2: Trying with 'selenium_browser' strategy...
2026-04-03 19:01:08,064 - INFO - [Al Jazeera] Page content loaded.
2026-04-03 19:01:08,188 - WARNING - [Al Jazeera] FAILED with 'selenium_browser' (content was too short: 73 words).
2026-04-03 19:01:08,188 - ERROR - [Al Jazeera] All scrape strategies failed for https://www.aljazeera.com/video/newsfeed/2026/4/3/drone-footage-shows-a-factory-in-israel-damaged-by-iranian-missile-debris?traffic_source=rss. Falling back to RSS description.
2026-04-03 19:01:08,188 - WARNING - SKIPPED (GLOBAL WORD LIMIT): Article 'Drone footage shows a factory in Israel damaged by Iranian missile debris' from Al Jazeera has only 19 words (Min: 90).
2026-04-03 19:01:09,030 - INFO - [Al Jazeera] Early skip: URL https://www.aljazeera.com/news/2026/4/3/trump-seeks-historic-1-5-trillion-for-military-in-congress-budget-request?traffic_source=rss already exists.
2026-04-03 19:01:09,032 - INFO - [Al Jazeera] Early skip: URL https://www.aljazeera.com/features/2026/4/3/ukraine-slows-enemy-advances-liberates-land-drains-russias-war-chest?traffic_source=rss already exists.
2026-04-03 19:01:09,034 - INFO - [Al Jazeera] Early skip: URL https://www.aljazeera.com/news/2026/4/3/iranian-forces-launch-search-for-pilot-of-downed-us-fighter-jet?traffic_source=rss already exists.
2026-04-03 19:01:09,036 - INFO - [Al Jazeera] Early skip: URL https://www.aljazeera.com/news/2026/4/3/trump-says-with-more-time-us-can-take-the-oil-in-iran?traffic_source=rss already exists.
2026-04-03 19:01:09,037 - INFO - [Al Jazeera] Article: https://www.aljazeera.com/video/newsfeed/2026/4/3/panama-papers-10-years-on?traffic_source=rss
2026-04-03 19:01:09,037 - INFO - [Al Jazeera] Attempt 1/2: Trying with 'requests_browser' strategy...
2026-04-03 19:01:09,084 - WARNING - [Al Jazeera] FAILED with 'requests_browser' (content was too short: 60 words).
2026-04-03 19:01:10,074 - INFO - [Al Jazeera] Article: https://www.aljazeera.com/video/newsfeed/2026/4/3/panama-papers-10-years-on?traffic_source=rss
2026-04-03 19:01:10,074 - INFO - [Al Jazeera] Attempt 2/2: Trying with 'selenium_browser' strategy...
2026-04-03 19:01:10,557 - INFO - [Al Jazeera] Page content loaded.
2026-04-03 19:01:10,581 - WARNING - [Al Jazeera] FAILED with 'selenium_browser' (content was too short: 60 words).
2026-04-03 19:01:10,581 - ERROR - [Al Jazeera] All scrape strategies failed for https://www.aljazeera.com/video/newsfeed/2026/4/3/panama-papers-10-years-on?traffic_source=rss. Falling back to RSS description.
2026-04-03 19:01:10,581 - WARNING - SKIPPED (GLOBAL WORD LIMIT): Article 'Panama Papers: 10 years on' from Al Jazeera has only 17 words (Min: 90).
2026-04-03 19:01:11,245 - INFO - [Al Jazeera] Article: https://www.aljazeera.com/video/newsfeed/2026/4/3/red-crescent-supply-warehouse-attacked-in-southwest-iran?traffic_source=rss
2026-04-03 19:01:11,245 - INFO - [Al Jazeera] Attempt 1/2: Trying with 'requests_browser' strategy...
2026-04-03 19:01:11,279 - WARNING - [Al Jazeera] FAILED with 'requests_browser' (content was too short: 66 words).
2026-04-03 19:01:12,173 - INFO - [Al Jazeera] Article: https://www.aljazeera.com/video/newsfeed/2026/4/3/red-crescent-supply-warehouse-attacked-in-southwest-iran?traffic_source=rss
2026-04-03 19:01:12,173 - INFO - [Al Jazeera] Attempt 2/2: Trying with 'selenium_browser' strategy...
2026-04-03 19:01:12,234 - INFO - [Al Jazeera] Page content loaded.
2026-04-03 19:01:12,257 - WARNING - [Al Jazeera] FAILED with 'selenium_browser' (content was too short: 66 words).
2026-04-03 19:01:12,257 - ERROR - [Al Jazeera] All scrape strategies failed for https://www.aljazeera.com/video/newsfeed/2026/4/3/red-crescent-supply-warehouse-attacked-in-southwest-iran?traffic_source=rss. Falling back to RSS description.
2026-04-03 19:01:12,257 - WARNING - SKIPPED (GLOBAL WORD LIMIT): Article 'Red Crescent supply warehouse attacked in southwest Iran' from Al Jazeera has only 20 words (Min: 90).
2026-04-03 19:01:12,811 - INFO - [Al Jazeera] Article: https://www.aljazeera.com/video/newsfeed/2026/4/3/iran-release-videos-of-us-aircraft-searching-for-pilots-shot-down-in-iran?traffic_source=rss
2026-04-03 19:01:12,811 - INFO - [Al Jazeera] Attempt 1/2: Trying with 'requests_browser' strategy...
2026-04-03 19:01:12,849 - WARNING - [Al Jazeera] FAILED with 'requests_browser' (content was too short: 81 words).
2026-04-03 19:01:13,547 - INFO - [Al Jazeera] Article: https://www.aljazeera.com/video/newsfeed/2026/4/3/iran-release-videos-of-us-aircraft-searching-for-pilots-shot-down-in-iran?traffic_source=rss
2026-04-03 19:01:13,547 - INFO - [Al Jazeera] Attempt 2/2: Trying with 'selenium_browser' strategy...
2026-04-03 19:01:13,601 - INFO - [Al Jazeera] Page content loaded.
2026-04-03 19:01:13,620 - WARNING - [Al Jazeera] FAILED with 'selenium_browser' (content was too short: 81 words).
2026-04-03 19:01:13,621 - ERROR - [Al Jazeera] All scrape strategies failed for https://www.aljazeera.com/video/newsfeed/2026/4/3/iran-release-videos-of-us-aircraft-searching-for-pilots-shot-down-in-iran?traffic_source=rss. Falling back to RSS description.
2026-04-03 19:01:13,621 - WARNING - SKIPPED (GLOBAL WORD LIMIT): Article 'Iran release videos of US aircraft searching for pilots shot down in Iran' from Al Jazeera has only 23 words (Min: 90).
2026-04-03 19:01:14,534 - INFO - [Al Jazeera] Early skip: URL https://www.aljazeera.com/news/2026/4/3/israel-threatens-to-destroy-more-lebanon-bridges-as-crisis-mounts?traffic_source=rss already exists.
2026-04-03 19:01:14,535 - INFO - [Al Jazeera] Article: https://www.aljazeera.com/video/newsfeed/2026/4/3/whats-happening-to-christians-in-their-holy-land?traffic_source=rss
2026-04-03 19:01:14,535 - INFO - [Al Jazeera] Attempt 1/2: Trying with 'requests_browser' strategy...
2026-04-03 19:01:14,572 - WARNING - [Al Jazeera] FAILED with 'requests_browser' (content was too short: 67 words).
2026-04-03 19:01:15,137 - INFO - [Al Jazeera] Article: https://www.aljazeera.com/video/newsfeed/2026/4/3/whats-happening-to-christians-in-their-holy-land?traffic_source=rss
2026-04-03 19:01:15,137 - INFO - [Al Jazeera] Attempt 2/2: Trying with 'selenium_browser' strategy...
2026-04-03 19:01:15,196 - INFO - [Al Jazeera] Page content loaded.
2026-04-03 19:01:15,214 - WARNING - [Al Jazeera] FAILED with 'selenium_browser' (content was too short: 67 words).
2026-04-03 19:01:15,215 - ERROR - [Al Jazeera] All scrape strategies failed for https://www.aljazeera.com/video/newsfeed/2026/4/3/whats-happening-to-christians-in-their-holy-land?traffic_source=rss. Falling back to RSS description.
2026-04-03 19:01:15,215 - WARNING - SKIPPED (GLOBAL WORD LIMIT): Article 'What’s happening to Christians in their Holy Land?' from Al Jazeera has only 14 words (Min: 90).
2026-04-03 19:01:16,269 - INFO - [Al Jazeera] Early skip: URL https://www.aljazeera.com/sports/2026/4/3/gattuso-out-as-italys-coach-after-failure-to-qualify-for-2026-world-cup?traffic_source=rss already exists.
2026-04-03 19:01:16,270 - INFO - [Al Jazeera] Early skip: URL https://www.aljazeera.com/news/2026/4/3/how-the-us-and-israel-are-waging-war-on-irans-medicines-vaccines?traffic_source=rss already exists.
2026-04-03 19:01:16,271 - INFO - [Al Jazeera] Early skip: URL https://www.aljazeera.com/sports/2026/4/3/real-madrid-coach-insists-spain-is-not-racist-despite-islamaphobic-chant?traffic_source=rss already exists.
2026-04-03 19:01:16,272 - INFO - [Al Jazeera] Early skip: URL https://www.aljazeera.com/opinions/2026/4/3/war-crimes-are-no-longer-shameful-that-should-terrify-you?traffic_source=rss already exists.
2026-04-03 19:01:16,273 - INFO - [Al Jazeera] Early skip: URL https://www.aljazeera.com/news/2026/4/3/i-dont-know-how-well-emerge-from-this-how-much-more-can-israelis-take?traffic_source=rss already exists.
2026-04-03 19:01:16,275 - INFO - [Al Jazeera] Early skip: URL https://www.aljazeera.com/news/2026/4/3/burkina-faso-military-leader-traore-says-forget-democracy?traffic_source=rss already exists.
2026-04-03 19:01:16,276 - INFO - [Al Jazeera] Early skip: URL https://www.aljazeera.com/features/2026/4/3/rubble-mud-and-hair-how-to-rebuild-a-home-in-gaza?traffic_source=rss already exists.
2026-04-03 19:01:16,277 - INFO - [Al Jazeera] Early skip: URL https://www.aljazeera.com/news/2026/4/3/over-100-us-legal-experts-condemn-strikes-on-iran-as-possible-war-crimes?traffic_source=rss already exists.
2026-04-03 19:01:16,278 - INFO - [Al Jazeera] Article: https://www.aljazeera.com/video/newsfeed/2026/4/3/artemis-ii-mission-fires-up-engines-in-next-step-of-moon-mission?traffic_source=rss
2026-04-03 19:01:16,278 - INFO - [Al Jazeera] Attempt 1/2: Trying with 'requests_browser' strategy...
2026-04-03 19:01:16,323 - WARNING - [Al Jazeera] FAILED with 'requests_browser' (content was too short: 66 words).
2026-04-03 19:01:17,164 - INFO - [Al Jazeera] Article: https://www.aljazeera.com/video/newsfeed/2026/4/3/artemis-ii-mission-fires-up-engines-in-next-step-of-moon-mission?traffic_source=rss
2026-04-03 19:01:17,164 - INFO - [Al Jazeera] Attempt 2/2: Trying with 'selenium_browser' strategy...
2026-04-03 19:01:17,226 - INFO - [Al Jazeera] Page content loaded.
2026-04-03 19:01:17,246 - WARNING - [Al Jazeera] FAILED with 'selenium_browser' (content was too short: 66 words).
2026-04-03 19:01:17,246 - ERROR - [Al Jazeera] All scrape strategies failed for https://www.aljazeera.com/video/newsfeed/2026/4/3/artemis-ii-mission-fires-up-engines-in-next-step-of-moon-mission?traffic_source=rss. Falling back to RSS description.
2026-04-03 19:01:17,246 - WARNING - SKIPPED (GLOBAL WORD LIMIT): Article 'Artemis II mission fires up engines in next step of moon mission' from Al Jazeera has only 17 words (Min: 90).
2026-04-03 19:01:18,576 - INFO - [Al Jazeera] (Thread) Finished. Attempting to shut down its Selenium driver.
2026-04-03 19:01:18,641 - INFO - [Al Jazeera] (Thread) driver.quit() successful.
2026-04-03 19:01:23,566 - INFO - >>> SUCCESSFULLY SAVED [ID: 47940] - Dharwad administration ties up with owners of 186 private borewells to ensure water supply during summer - The Hindu from The Hindu (270 words)
2026-04-03 19:01:24,560 - INFO - [The Hindu] Article: https://www.thehindu.com/news/national/karnataka/apaar-implementation-must-remain-voluntary-inclusive-kumar-naik/article70816194.ece
2026-04-03 19:01:24,560 - INFO - [The Hindu] Attempt 1/1: Trying with 'selenium_browser' strategy...
2026-04-03 19:01:25,394 - INFO - [The Hindu] Page content loaded.
2026-04-03 19:01:25,450 - INFO - [The Hindu] Success with 'selenium_browser'. Found content (419 words).
2026-04-03 19:01:48,065 - INFO - >>> SUCCESSFULLY SAVED [ID: 47941] - APAAR implementation must remain voluntary, inclusive: Kumar Naik - The Hindu from The Hindu (419 words)
2026-04-03 19:01:48,841 - INFO - [The Hindu] Article: https://www.thehindu.com/news/cities/bangalore/assault-and-robbery-case-cracked-one-arrested/article70820691.ece
2026-04-03 19:01:48,841 - INFO - [The Hindu] Attempt 1/1: Trying with 'selenium_browser' strategy...
2026-04-03 19:01:50,464 - INFO - [The Hindu] Page content loaded.
2026-04-03 19:01:50,542 - INFO - [The Hindu] Success with 'selenium_browser'. Found content (221 words).
2026-04-03 19:02:08,350 - CRITICAL - --- TIMEOUT: 1 scrape jobs did not complete in 300s. ---
2026-04-03 19:02:08,350 - ERROR - A thread has timed out and will be abandoned.
2026-04-03 19:02:08,350 - INFO - Shutting down thread pool (wait=False)...
2026-04-03 19:02:08,350 - INFO - Scraped: 1 Economic Times, 0 TechCrunch, 4 Al Jazeera, 2 The Dawn, 2 BBC, 3 The Guardian, 1 Times of India, 1 Timed_Out_Jobs articles. (Total saved: 13)
2026-04-03 19:02:08,350 - INFO - --- Scraping job finished ---
2026-04-03 19:02:08,350 - INFO - --- Scraper service stopped. ---
2026-04-03 19:02:08,350 - INFO - --- Main thread finished. Forcing process exit to kill zombie threads. ---
