2025-12-20 04:01:19,495 - INFO - Loading AI Semantic Model (all-MiniLM-L6-v2)...
2025-12-20 04:01:19,496 - INFO - Use pytorch device_name: cpu
2025-12-20 04:01:19,496 - INFO - Load pretrained SentenceTransformer: all-MiniLM-L6-v2
2025-12-20 04:01:20,960 - INFO - AI Model loaded successfully.
2025-12-20 04:01:20,960 - INFO - --- Scraper service started (CI Mode: Run Once) ---
2025-12-20 04:01:20,960 - INFO - --- Starting new scraping job (Parallel Mode) ---
2025-12-20 04:01:20,960 - INFO - Creating new robust session with 3 retries on 5xx/connection/read errors.
2025-12-20 04:01:20,961 - INFO - Proxy is DISABLED.
2025-12-20 04:01:20,961 - INFO - Starting scrape for BBC RSS feed: http://feeds.bbci.co.uk/news/world/rss.xml
2025-12-20 04:01:20,962 - INFO - [Times of India] (Thread) requires Selenium. Initializing driver...
2025-12-20 04:01:20,963 - INFO - Starting scrape for The Guardian RSS feed: https://www.theguardian.com/world/rss
2025-12-20 04:01:20,964 - INFO - [The Hindu] (Thread) requires Selenium. Initializing driver...
2025-12-20 04:01:20,965 - INFO - Submitted 4 jobs to thread pool. Waiting up to 300s for completion...
2025-12-20 04:01:21,085 - INFO - Found 45 articles in The Guardian RSS feed. Processing up to 30.
2025-12-20 04:01:21,085 - INFO - [The Guardian] Early skip: URL https://www.theguardian.com/society/2025/dec/19/hepatitis-b-vaccine-study-guinea-bissau-rfk already exists.
2025-12-20 04:01:21,215 - INFO - [The Guardian] Early skip: URL https://www.theguardian.com/global-development/2025/dec/19/colombian-mercenaries-sudan-rsf-us-sanctions-recruited-uk-registered-firms-investigation already exists.
2025-12-20 04:01:21,338 - INFO - Found 35 articles in BBC RSS feed. Processing up to 30.
2025-12-20 04:01:21,416 - INFO - [BBC] Early skip: URL https://www.bbc.com/news/articles/cp89p082y2xo?at_medium=RSS&at_campaign=rss already exists.
2025-12-20 04:01:21,602 - INFO - [The Guardian] Early skip: URL https://www.theguardian.com/global-development/2025/dec/18/morocco-genz212-protests-police-mass-arrests-beatings-detentions-rights already exists.
2025-12-20 04:01:21,841 - INFO - [BBC] Early skip: URL https://www.bbc.com/news/articles/c5y9ed5d1r4o?at_medium=RSS&at_campaign=rss already exists.
2025-12-20 04:01:22,128 - INFO - [The Guardian] Early skip: URL https://www.theguardian.com/world/2025/dec/16/five-key-moments-in-the-assault-on-the-rights-of-women-and-girls-in-2025 already exists.
2025-12-20 04:01:22,398 - INFO - [BBC] Early skip: URL https://www.bbc.com/news/articles/c5yq7zzw618o?at_medium=RSS&at_campaign=rss already exists.
2025-12-20 04:01:22,523 - INFO - [The Guardian] Early skip: URL https://www.theguardian.com/world/2025/dec/16/south-africa-russia-men-tricked-fighting-ukraine already exists.
2025-12-20 04:01:22,687 - INFO - [BBC] Early skip: URL https://www.bbc.com/news/articles/c3e025vyppeo?at_medium=RSS&at_campaign=rss already exists.
2025-12-20 04:01:22,856 - INFO - [The Guardian] Early skip: URL https://www.theguardian.com/us-news/2025/dec/19/trump-venezuela-war already exists.
2025-12-20 04:01:23,044 - INFO - [BBC] Early skip: URL https://www.bbc.com/news/articles/c8dy8r7lq0go?at_medium=RSS&at_campaign=rss already exists.
2025-12-20 04:01:23,310 - INFO - [BBC] Early skip: URL https://www.bbc.com/news/articles/cx251p7k23mo?at_medium=RSS&at_campaign=rss already exists.
2025-12-20 04:01:23,535 - INFO - [The Guardian] Early skip: URL https://www.theguardian.com/world/2025/dec/19/montreal-grocery-store-santas-elves-robbery already exists.
2025-12-20 04:01:23,769 - INFO - [BBC] Early skip: URL https://www.bbc.com/news/articles/cp84p722m3do?at_medium=RSS&at_campaign=rss already exists.
2025-12-20 04:01:23,976 - INFO - [The Guardian] Early skip: URL https://www.theguardian.com/world/2025/dec/19/colombia-eln-guerrilla-group-attack-military-base already exists.
2025-12-20 04:01:24,124 - INFO - [BBC] Early skip: URL https://www.bbc.com/news/articles/c5y9x4pj54eo?at_medium=RSS&at_campaign=rss already exists.
2025-12-20 04:01:24,336 - INFO - [The Guardian] Early skip: URL https://www.theguardian.com/world/2025/dec/19/i-cant-think-of-a-place-more-pristine-133000-hectares-of-chilean-patagonia-preserved-after-local-fundraising already exists.
2025-12-20 04:01:24,447 - INFO - [BBC] Early skip: URL https://www.bbc.com/news/articles/cp89p41gr06o?at_medium=RSS&at_campaign=rss already exists.
2025-12-20 04:01:24,685 - INFO - [The Guardian] Early skip: URL https://www.theguardian.com/world/2025/dec/18/brazilian-congress-passes-bill-cut-jair-bolsonaro-prison-term already exists.
2025-12-20 04:01:24,827 - INFO - [BBC] Early skip: URL https://www.bbc.com/news/articles/cpq4p535347o?at_medium=RSS&at_campaign=rss already exists.
2025-12-20 04:01:25,022 - INFO - [The Guardian] Early skip: URL https://www.theguardian.com/world/2025/dec/19/mass-stabbing-tapei already exists.
2025-12-20 04:01:25,184 - INFO - [BBC] Early skip: URL https://www.bbc.com/news/articles/cm21pxen1jno?at_medium=RSS&at_campaign=rss already exists.
2025-12-20 04:01:25,298 - INFO - [The Guardian] Early skip: URL https://www.theguardian.com/technology/2025/dec/19/uk-foreign-office-victim-cyber-attack-october- already exists.
2025-12-20 04:01:25,505 - INFO - [BBC] Early skip: URL https://www.bbc.com/news/articles/cn98pzr8x79o?at_medium=RSS&at_campaign=rss already exists.
2025-12-20 04:01:25,708 - INFO - [The Guardian] Early skip: URL https://www.theguardian.com/technology/2025/dec/18/tiktok-signs-deal-us-entity-sale already exists.
2025-12-20 04:01:26,005 - INFO - [BBC] Early skip: URL https://www.bbc.com/news/articles/c2k422e7ykvo?at_medium=RSS&at_campaign=rss already exists.
2025-12-20 04:01:26,123 - INFO - [The Guardian] Early skip: URL https://www.theguardian.com/world/2025/dec/19/south-korean-president-urges-public-health-cover-hair-loss already exists.
2025-12-20 04:01:26,327 - INFO - [BBC] Early skip: URL https://www.bbc.com/news/articles/c2462r82864o?at_medium=RSS&at_campaign=rss already exists.
2025-12-20 04:01:26,478 - INFO - [The Guardian] Early skip: URL https://www.theguardian.com/world/2025/dec/18/us-announces-more-than-10bn-of-arms-sales-to-taiwan already exists.
2025-12-20 04:01:26,652 - INFO - [BBC] Early skip: URL https://www.bbc.com/news/articles/c4gp4ze002mo?at_medium=RSS&at_campaign=rss already exists.
2025-12-20 04:01:26,813 - INFO - [The Guardian] Early skip: URL https://www.theguardian.com/australia-news/2025/dec/20/nsw-premier-announces-new-laws-banning-hate-speech-and-symbols-in-wake-of-bondi-beach-terror-attack already exists.
2025-12-20 04:01:27,005 - INFO - [BBC] Early skip: URL https://www.bbc.com/news/articles/cj69px875ewo?at_medium=RSS&at_campaign=rss already exists.
2025-12-20 04:01:27,297 - INFO - [The Guardian] Early skip: URL https://www.theguardian.com/news/ng-interactive/2025/dec/20/a-swim-for-unity-at-bondi-beach-the-scene-of-sydneys-darkest-day-but-on-land-tensions-fray already exists.
2025-12-20 04:01:27,477 - INFO - [BBC] Early skip: URL https://www.bbc.com/news/articles/ckgdpz0gp3jo?at_medium=RSS&at_campaign=rss already exists.
2025-12-20 04:01:27,618 - INFO - [The Guardian] Early skip: URL https://www.theguardian.com/science/2025/dec/19/when-attacks-unfold-what-makes-a-person-run-towards-danger already exists.
2025-12-20 04:01:27,778 - INFO - [BBC] Early skip: URL https://www.bbc.com/news/articles/cgexp1q8wn1o?at_medium=RSS&at_campaign=rss already exists.
2025-12-20 04:01:28,019 - INFO - [The Guardian] Early skip: URL https://www.theguardian.com/australia-news/2025/dec/20/some-will-take-their-own-lives-puberty-blocker-bans-in-queensland-and-nz-risk-extreme-harm-to-trans-youth-uk-expert-warns already exists.
2025-12-20 04:01:28,275 - INFO - [BBC] Early skip: URL https://www.bbc.com/news/articles/cn09p4kjj4wo?at_medium=RSS&at_campaign=rss already exists.
2025-12-20 04:01:28,430 - INFO - [The Guardian] Early skip: URL https://www.theguardian.com/australia-news/2025/dec/20/victoria-police-welfare-policy-detainees-tired-fair-trial already exists.
2025-12-20 04:01:28,535 - INFO - [BBC] Early skip: URL https://www.bbc.com/news/articles/cy842jdw98vo?at_medium=RSS&at_campaign=rss already exists.
2025-12-20 04:01:28,547 - INFO - Selenium driver initialized successfully.
2025-12-20 04:01:28,548 - INFO - Selenium driver initialized successfully.
2025-12-20 04:01:28,548 - INFO - Starting scrape for The Hindu RSS feed: https://www.thehindu.com/news/national/feeder/default.rss
2025-12-20 04:01:28,548 - INFO - Starting scrape for Times of India RSS feed: https://timesofindia.indiatimes.com/rssfeeds/296589292.cms
2025-12-20 04:01:28,724 - INFO - Found 100 articles in The Hindu RSS feed. Processing up to 30.
2025-12-20 04:01:28,795 - INFO - [The Guardian] Early skip: URL https://www.theguardian.com/world/live/2025/dec/19/ukraine-war-live-zelenskyy-european-union-agreement-90bn-loan-deal-kyiv already exists.
2025-12-20 04:01:28,820 - INFO - Found 20 articles in Times of India RSS feed. Processing up to 30.
2025-12-20 04:01:28,971 - INFO - [The Hindu] Article: https://www.thehindu.com/news/national/assam/8-elephants-killed-after-being-hit-by-sairang-new-delhi-rajdhani-exp-in-assams-hojai-district-official/article70418597.ece
2025-12-20 04:01:28,972 - INFO - [The Hindu] Attempt 1/1: Trying with 'selenium_browser' strategy...
2025-12-20 04:01:28,972 - INFO - [BBC] Early skip: URL https://www.bbc.com/news/articles/cj69px875ewo?at_medium=RSS&at_campaign=rss already exists.
2025-12-20 04:01:29,202 - INFO - [Times of India] Article: https://timesofindia.indiatimes.com/world/us/brown-university-shooting-how-a-reddit-post-helped-police-track-the-shooter/articleshow/126086882.cms
2025-12-20 04:01:29,202 - INFO - [Times of India] Attempt 1/1: Trying with 'selenium_browser' strategy...
2025-12-20 04:01:29,203 - INFO - [The Guardian] Early skip: URL https://www.theguardian.com/world/2025/dec/19/ukraine-attacks-russian-shadow-tanker-off-libyan-coast already exists.
2025-12-20 04:01:29,491 - INFO - [BBC] Early skip: URL https://www.bbc.com/news/articles/c4g94ywgxd6o?at_medium=RSS&at_campaign=rss already exists.
2025-12-20 04:01:29,662 - INFO - [BBC] Early skip: URL https://www.bbc.com/news/articles/c2epv08xwz7o?at_medium=RSS&at_campaign=rss already exists.
2025-12-20 04:01:29,870 - INFO - [The Guardian] Early skip: URL https://www.theguardian.com/world/2025/dec/19/eu-ukraine-loan-plan-b-frozen-russian-assets already exists.
2025-12-20 04:01:29,985 - INFO - [BBC] Early skip: URL https://www.bbc.com/news/articles/c5y27ekr26xo?at_medium=RSS&at_campaign=rss already exists.
2025-12-20 04:01:30,128 - INFO - [BBC] Early skip: URL https://www.bbc.com/news/articles/cedx6vn5202o?at_medium=RSS&at_campaign=rss already exists.
2025-12-20 04:01:30,314 - INFO - [The Guardian] Early skip: URL https://www.theguardian.com/world/2025/dec/19/ukraine-deal-latest-europe-leaders-loan-zelenskyy already exists.
2025-12-20 04:01:30,586 - INFO - [BBC] Early skip: URL https://www.bbc.com/news/articles/cwyp8erjp82o?at_medium=RSS&at_campaign=rss already exists.
2025-12-20 04:01:30,864 - INFO - [BBC] Early skip: URL https://www.bbc.com/news/articles/cqxql12317qo?at_medium=RSS&at_campaign=rss already exists.
2025-12-20 04:01:30,993 - INFO - [The Guardian] Early skip: URL https://www.theguardian.com/environment/2025/dec/19/weather-tracker-early-snowfall-new-york-storm-rips-down-lights-spain already exists.
2025-12-20 04:01:31,188 - INFO - [The Guardian] Early skip: URL https://www.theguardian.com/world/2025/dec/19/gaza-famine-hunger-food-shortages-winter-flooding-un already exists.
2025-12-20 04:01:31,476 - INFO - [BBC] Early skip: URL https://www.bbc.com/news/articles/cwypp1jwjz1o?at_medium=RSS&at_campaign=rss already exists.
2025-12-20 04:01:31,695 - INFO - [BBC] Early skip: URL https://www.bbc.com/news/articles/cze80j943zlo?at_medium=RSS&at_campaign=rss already exists.
2025-12-20 04:01:31,831 - INFO - [The Guardian] Early skip: URL https://www.theguardian.com/global-development/2025/dec/19/gaza-phd-student-manar-al-houbi-granted-access-to-uk-but-others-remain-stranded already exists.
2025-12-20 04:01:31,970 - INFO - [The Guardian] Early skip: URL https://www.theguardian.com/global-development/2025/dec/19/iranian-boxing-champion-mohammad-javad-vafaei-sani-risk-of-execution-retrial-request-rejected already exists.
2025-12-20 04:01:32,178 - INFO - [The Guardian] Early skip: URL https://www.theguardian.com/world/2025/dec/18/rainfall-iran-hormuz-island-red-beach already exists.
2025-12-20 04:01:32,400 - INFO - [The Guardian] Early skip: URL https://www.theguardian.com/world/2025/dec/18/saudi-backed-forces-yemen-border-separatists-stc already exists.
2025-12-20 04:01:32,571 - INFO - [BBC] Early skip: URL https://www.bbc.com/news/articles/c773mnpre07o?at_medium=RSS&at_campaign=rss already exists.
2025-12-20 04:01:33,477 - INFO - [The Hindu] Page content loaded.
2025-12-20 04:01:34,250 - INFO - [The Hindu] Success with 'selenium_browser'. Found content (148 words).
2025-12-20 04:02:03,746 - INFO - Saved article: 8 elephants killed after being hit by Sairang-New Delhi Rajdhani Exp in Assam's Hojai district: Official - The Hindu from The Hindu (148 words)
2025-12-20 04:02:04,727 - INFO - [The Hindu] Article: https://www.thehindu.com/news/national/west-bengal/in-kolkata-a-2026-calendar-that-promotes-not-a-business-but-a-struggle-for-survival/article70415758.ece
2025-12-20 04:02:04,727 - INFO - [The Hindu] Attempt 1/1: Trying with 'selenium_browser' strategy...
2025-12-20 04:02:07,382 - INFO - [The Hindu] Page content loaded.
2025-12-20 04:02:07,451 - INFO - [The Hindu] Success with 'selenium_browser'. Found content (479 words).
2025-12-20 04:02:24,095 - INFO - Saved article: In Kolkata, a 2026 calendar that promotes not a business but a struggle for survival - The Hindu from The Hindu (479 words)
2025-12-20 04:02:25,392 - INFO - [The Hindu] Early skip: URL https://www.thehindu.com/news/national/maharashtra/maharashtra-municipal-councils-nagar-panchayats-election-voting-begins/article70418569.ece already exists.
2025-12-20 04:02:25,624 - INFO - [The Hindu] Early skip: URL https://www.thehindu.com/news/national/odisha/rural-indebtedness-rising-due-to-unregulated-microfinance-institutions-brinda-karat/article70416201.ece already exists.
2025-12-20 04:02:25,894 - INFO - [The Hindu] Article: https://www.thehindu.com/news/national/tamil-nadu/srmist-signs-mou-with-niftem/article70416982.ece
2025-12-20 04:02:25,894 - INFO - [The Hindu] Attempt 1/1: Trying with 'selenium_browser' strategy...
2025-12-20 04:02:27,053 - INFO - [The Hindu] Page content loaded.
2025-12-20 04:02:27,097 - WARNING - [The Hindu] FAILED with 'selenium_browser' (content was too short: 87 words).
2025-12-20 04:02:27,097 - ERROR - [The Hindu] All scrape strategies failed for https://www.thehindu.com/news/national/tamil-nadu/srmist-signs-mou-with-niftem/article70416982.ece. Falling back to RSS description.
2025-12-20 04:02:27,098 - WARNING - SKIPPED (GLOBAL WORD LIMIT): Article ' SRMIST signs MoU with NIFTEM' from The Hindu has only 13 words (Min: 90).
2025-12-20 04:02:28,503 - INFO - [The Hindu] Early skip: URL https://www.thehindu.com/news/cities/kolkata/congress-cpim-leaders-in-bengal-say-risinginfiltrators-narrativeof-bjp-proved-wrongaftersirdraft-list/article70415703.ece already exists.
2025-12-20 04:02:28,639 - INFO - [The Hindu] Early skip: URL https://www.thehindu.com/education/rajasthan-high-court-refuses-to-order-immediate-student-union-elections/article70416083.ece already exists.
2025-12-20 04:02:28,831 - INFO - [The Hindu] Early skip: URL https://www.thehindu.com/news/national/govt-to-launch-nationwide-awareness-campaign-on-vb-g-ram-g-scheme/article70416592.ece already exists.
2025-12-20 04:02:29,028 - INFO - [The Hindu] Early skip: URL https://www.thehindu.com/news/cities/mumbai/leopard-spotted-in-thane-injuring-several-people/article70416834.ece already exists.
2025-12-20 04:02:29,306 - INFO - [The Hindu] Early skip: URL https://www.thehindu.com/news/national/tamil-nadu/official-to-be-suspended-over-delay-in-opening-gym-in-ward-62/article70417467.ece already exists.
2025-12-20 04:02:29,492 - INFO - [The Hindu] Early skip: URL https://www.thehindu.com/sci-tech/science/isro-to-launch-us-satellite-on-december-24/article70416470.ece already exists.
2025-12-20 04:02:29,618 - INFO - [The Hindu] Early skip: URL https://www.thehindu.com/news/national/kerala/cial-hands-over-7982-crore-dividend-to-kerala-govt/article70415548.ece already exists.
2025-12-20 04:02:29,852 - INFO - [The Hindu] Early skip: URL https://www.thehindu.com/news/cities/kolkata/around-4000-micro-observers-to-scrutinise-sir-hearing-process-in-west-bengal/article70416405.ece already exists.
2025-12-20 04:02:30,011 - INFO - [The Hindu] Early skip: URL https://www.thehindu.com/news/national/bjp-working-president-nitin-nabin-meets-pm-modi/article70417476.ece already exists.
2025-12-20 04:02:30,155 - INFO - [The Hindu] Early skip: URL https://www.thehindu.com/news/national/tamil-nadu/ai-training-programme-for-government-officials-to-be-launched/article70416928.ece already exists.
2025-12-20 04:02:30,299 - INFO - [The Hindu] Early skip: URL https://www.thehindu.com/news/national/karnataka/bengaluru-firm-deploys-ai-driven-climate-intelligence-system-in-its-coffee-plantations/article70416120.ece already exists.
2025-12-20 04:02:30,469 - INFO - [The Hindu] Early skip: URL https://www.thehindu.com/news/national/tamil-nadu/residents-welcome-incinerator-plant-closure-in-manali/article70417473.ece already exists.
2025-12-20 04:02:30,717 - INFO - [The Hindu] Early skip: URL https://www.thehindu.com/news/cities/Hyderabad/mmts-hyderabads-overlooked-lifeline-waiting-for-a-comeback/article70416072.ece already exists.
2025-12-20 04:02:30,836 - INFO - [The Hindu] Early skip: URL https://www.thehindu.com/news/national/karnataka/all-promises-implemented-except-the-one-made-to-dk-shivakumar/article70415896.ece already exists.
2025-12-20 04:02:30,952 - INFO - [The Hindu] Early skip: URL https://www.thehindu.com/news/cities/Hyderabad/200-year-old-st-john-church-in-secunderabad-gets-a-makeover/article70416464.ece already exists.
2025-12-20 04:02:31,183 - INFO - [The Hindu] Early skip: URL https://www.thehindu.com/news/cities/Hyderabad/a-stadium-full-of-books-and-an-inaugural-without-the-guest/article70416486.ece already exists.
2025-12-20 04:02:31,286 - INFO - [The Hindu] Early skip: URL https://www.thehindu.com/news/national/telangana/telangana-man-risks-life-to-help-the-injured-in-bondi-beach-attack/article70416220.ece already exists.
2025-12-20 04:02:31,463 - INFO - [The Hindu] Early skip: URL https://www.thehindu.com/news/national/govt-to-increase-reservation-for-agniveers-in-capfs-to-50/article70416721.ece already exists.
2025-12-20 04:02:31,704 - INFO - [The Hindu] Early skip: URL https://www.thehindu.com/news/national/tamil-nadu/kamal-haasan-seeks-clarification-over-road-map-for-ramping-up-indias-nuclear-power-generation/article70416068.ece already exists.
2025-12-20 04:02:31,910 - INFO - [The Hindu] Early skip: URL https://www.thehindu.com/news/national/karnataka/man-kicks-and-injures-five-year-old-boy-playing-on-road/article70415833.ece already exists.
2025-12-20 04:02:32,188 - INFO - [The Hindu] Early skip: URL https://www.thehindu.com/news/national/tamil-nadu/large-scale-deletions-reinforce-aiadmks-demand-for-sir-says-edappadi-palaniswami/article70416016.ece already exists.
2025-12-20 04:02:32,358 - INFO - [The Hindu] Early skip: URL https://www.thehindu.com/news/national/karnataka/kannada-cinema-roundtable-2025-a-call-for-consistency-originality-and-telling-rooted-stories/article70415753.ece already exists.
2025-12-20 04:02:32,640 - INFO - [The Hindu] Early skip: URL https://www.thehindu.com/news/national/karnataka/doctor-molested-while-walking-back-home-after-work-in-bengaluru/article70417277.ece already exists.
2025-12-20 04:02:32,929 - INFO - [The Hindu] Early skip: URL https://www.thehindu.com/news/national/andhra-pradesh/bio-based-innovations-key-to-tackling-climate-change-c-camp-chief/article70416863.ece already exists.
2025-12-20 04:02:33,107 - INFO - [The Hindu] Early skip: URL https://www.thehindu.com/news/national/kerala/court-grants-anticipatory-bail-to-congress-leaders-in-defamation-case-linked-to-rahul-mamkootathil/article70417293.ece already exists.
2025-12-20 04:02:33,286 - INFO - [The Hindu] (Thread) Finished. Attempting to shut down its Selenium driver.
2025-12-20 04:02:33,449 - INFO - [The Hindu] (Thread) driver.quit() successful.
2025-12-20 04:03:29,269 - ERROR - [Times of India] Request failed for strategy 'selenium_browser' on URL https://timesofindia.indiatimes.com/world/us/brown-university-shooting-how-a-reddit-post-helped-police-track-the-shooter/articleshow/126086882.cms: HTTPConnectionPool(host='localhost', port=42947): Read timed out. (read timeout=120)
2025-12-20 04:03:29,270 - ERROR - [Times of India] All scrape strategies failed for https://timesofindia.indiatimes.com/world/us/brown-university-shooting-how-a-reddit-post-helped-police-track-the-shooter/articleshow/126086882.cms. Falling back to RSS description.
2025-12-20 04:03:29,270 - WARNING - SKIPPED (GLOBAL WORD LIMIT): Article 'Brown University shooting: How a Reddit post helped police track the shooter' from Times of India has only 53 words (Min: 90).
2025-12-20 04:03:29,872 - INFO - [Times of India] Article: https://timesofindia.indiatimes.com/world/us/trump-kennedy-center-kerry-kennedy-vows-to-remove-presidents-name-maria-shriver-calls-it-not-dignified/articleshow/126086946.cms
2025-12-20 04:03:29,872 - INFO - [Times of India] Attempt 1/1: Trying with 'selenium_browser' strategy...
2025-12-20 04:05:29,973 - ERROR - [Times of India] Request failed for strategy 'selenium_browser' on URL https://timesofindia.indiatimes.com/world/us/trump-kennedy-center-kerry-kennedy-vows-to-remove-presidents-name-maria-shriver-calls-it-not-dignified/articleshow/126086946.cms: HTTPConnectionPool(host='localhost', port=42947): Read timed out. (read timeout=120)
2025-12-20 04:05:29,973 - ERROR - [Times of India] All scrape strategies failed for https://timesofindia.indiatimes.com/world/us/trump-kennedy-center-kerry-kennedy-vows-to-remove-presidents-name-maria-shriver-calls-it-not-dignified/articleshow/126086946.cms. Falling back to RSS description.
2025-12-20 04:05:29,973 - WARNING - SKIPPED (GLOBAL WORD LIMIT): Article 'Trump Kennedy Center: Kerry Kennedy vows to remove president’s name; Maria Shriver calls it ‘not dignified’' from Times of India has only 51 words (Min: 90).
2025-12-20 04:05:31,213 - INFO - [Times of India] Article: https://timesofindia.indiatimes.com/world/us/us-escalates-pressure-on-nicols-maduro-imposes-sanctions-on-family-members-who-are-they/articleshow/126087046.cms
2025-12-20 04:05:31,213 - INFO - [Times of India] Attempt 1/1: Trying with 'selenium_browser' strategy...
2025-12-20 04:06:20,965 - CRITICAL - --- TIMEOUT: 1 scrape jobs did not complete in 300s. ---
2025-12-20 04:06:20,965 - ERROR - A thread has timed out and will be abandoned.
2025-12-20 04:06:20,965 - INFO - Shutting down thread pool (wait=False)...
2025-12-20 04:06:20,965 - INFO - Scraped: 2 The Hindu, 0 The Guardian, 0 BBC, 1 Timed_Out_Jobs articles. (Total saved: 2)
2025-12-20 04:06:20,965 - INFO - --- Scraping job finished ---
2025-12-20 04:06:20,966 - INFO - --- Scraper service stopped and database connection closed. ---
2025-12-20 04:06:20,966 - INFO - --- Main thread finished. Forcing process exit to kill zombie threads. ---
