2026-01-02 22:23:13,251 - INFO - Loading AI Semantic Model (all-MiniLM-L6-v2)...
2026-01-02 22:23:13,251 - INFO - Use pytorch device_name: cpu
2026-01-02 22:23:13,252 - INFO - Load pretrained SentenceTransformer: all-MiniLM-L6-v2
2026-01-02 22:23:13,782 - INFO - AI Model loaded successfully.
2026-01-02 22:23:13,782 - INFO - --- Scraper service started (CI Mode: Run Once) ---
2026-01-02 22:23:13,782 - INFO - --- Starting new scraping job (Parallel Mode) ---
2026-01-02 22:23:13,782 - INFO - Creating new robust session with 3 retries on 5xx/connection/read errors.
2026-01-02 22:23:13,782 - INFO - Proxy is DISABLED.
2026-01-02 22:23:13,783 - INFO - Starting scrape for BBC RSS feed: http://feeds.bbci.co.uk/news/world/rss.xml
2026-01-02 22:23:13,784 - INFO - [Times of India] (Thread) requires Selenium. Initializing driver...
2026-01-02 22:23:13,784 - INFO - Starting scrape for The Guardian RSS feed: https://www.theguardian.com/world/rss
2026-01-02 22:23:13,785 - INFO - [The Hindu] (Thread) requires Selenium. Initializing driver...
2026-01-02 22:23:13,785 - INFO - Submitted 4 jobs to thread pool. Waiting up to 300s for completion...
2026-01-02 22:23:13,878 - INFO - Found 45 articles in The Guardian RSS feed. Processing up to 30.
2026-01-02 22:23:13,878 - INFO - [The Guardian] Early skip: URL https://www.theguardian.com/world/2026/jan/02/anthony-joshuas-driver-charged-with-dangerous-driving-after-fatal-crash-in-nigeria already exists.
2026-01-02 22:23:14,135 - INFO - [The Guardian] Early skip: URL https://www.theguardian.com/science/2026/jan/01/cremation-pyre-in-africa-thought-to-be-worlds-oldest-containing-adult-remains already exists.
2026-01-02 22:23:14,353 - INFO - Found 31 articles in BBC RSS feed. Processing up to 30.
2026-01-02 22:23:14,433 - INFO - [BBC] Early skip: URL https://www.bbc.com/news/articles/cq6v41jg9jzo?at_medium=RSS&at_campaign=rss already exists.
2026-01-02 22:23:14,564 - INFO - [The Guardian] Early skip: URL https://www.theguardian.com/global-development/2026/jan/01/us-aid-cuts-conditions-un-humanitarian-pledge-ocha already exists.
2026-01-02 22:23:14,717 - INFO - [BBC] Early skip: URL https://www.bbc.com/news/articles/c07xn220gdeo?at_medium=RSS&at_campaign=rss already exists.
2026-01-02 22:23:14,899 - INFO - [The Guardian] Early skip: URL https://www.theguardian.com/world/2025/dec/31/guinea-junta-chief-mamady-doumbouya-elected-president-after-opposition-boycott already exists.
2026-01-02 22:23:15,011 - INFO - [BBC] Early skip: URL https://www.bbc.com/news/articles/c0q4z33pnnyo?at_medium=RSS&at_campaign=rss already exists.
2026-01-02 22:23:15,177 - INFO - [The Guardian] Early skip: URL https://www.theguardian.com/world/2025/dec/30/saudi-arabia-uae-tension-future-yemen-boiling-point already exists.
2026-01-02 22:23:15,369 - INFO - [BBC] Early skip: URL https://www.bbc.com/news/articles/cx2k0101enyo?at_medium=RSS&at_campaign=rss already exists.
2026-01-02 22:23:15,535 - INFO - [The Guardian] Early skip: URL https://www.theguardian.com/world/2026/jan/02/venezuela-maduro-open-to-talks-drug-trafficking-maduro already exists.
2026-01-02 22:23:15,697 - INFO - [BBC] Early skip: URL https://www.bbc.com/news/articles/cjrz34qdr9no?at_medium=RSS&at_campaign=rss already exists.
2026-01-02 22:23:15,808 - INFO - [The Guardian] Early skip: URL https://www.theguardian.com/world/2025/dec/30/military-drone-strike-venezuela-trump-maduro already exists.
2026-01-02 22:23:16,062 - INFO - [BBC] Early skip: URL https://www.bbc.com/news/articles/c5y2jrdnnqyo?at_medium=RSS&at_campaign=rss already exists.
2026-01-02 22:23:16,263 - INFO - [The Guardian] Early skip: URL https://www.theguardian.com/world/2025/dec/29/brazil-ex-president-jair-bolsonaro-hiccups-treatment already exists.
2026-01-02 22:23:16,556 - INFO - [BBC] Early skip: URL https://www.bbc.com/news/articles/c70lw7w89epo?at_medium=RSS&at_campaign=rss already exists.
2026-01-02 22:23:16,854 - INFO - [The Guardian] Early skip: URL https://www.theguardian.com/world/2025/dec/29/mexico-train-derailment-oaxaca already exists.
2026-01-02 22:23:17,069 - INFO - [BBC] Early skip: URL https://www.bbc.com/news/articles/cew81lpqvzeo?at_medium=RSS&at_campaign=rss already exists.
2026-01-02 22:23:17,260 - INFO - [The Guardian] Early skip: URL https://www.theguardian.com/us-news/2025/dec/29/trump-venezuela-facility-strike already exists.
2026-01-02 22:23:17,365 - INFO - [BBC] Early skip: URL https://www.bbc.com/news/articles/cj9rjwpvmpzo?at_medium=RSS&at_campaign=rss already exists.
2026-01-02 22:23:17,656 - INFO - [The Guardian] Early skip: URL https://www.theguardian.com/world/2026/jan/02/kim-jong-un-daughter-ju-ae-north-korean-ruler-speculation already exists.
2026-01-02 22:23:17,786 - INFO - [BBC] Early skip: URL https://www.bbc.com/news/articles/clynvkwglx4o?at_medium=RSS&at_campaign=rss already exists.
2026-01-02 22:23:17,983 - INFO - [The Guardian] Early skip: URL https://www.theguardian.com/music/2026/jan/01/newjeans-member-danielle-sued-for-millions-after-bitter-feud-with-k-pop-record-label already exists.
2026-01-02 22:23:18,126 - INFO - [BBC] Early skip: URL https://www.bbc.com/news/articles/c9vxp4ng8d8o?at_medium=RSS&at_campaign=rss already exists.
2026-01-02 22:23:18,378 - INFO - [The Guardian] Early skip: URL https://www.theguardian.com/world/2025/dec/31/xi-jinping-vows-reunification-china-taiwan-new-years-eve-speech already exists.
2026-01-02 22:23:18,478 - INFO - [BBC] Early skip: URL https://www.bbc.com/news/articles/c701z7g0ppro?at_medium=RSS&at_campaign=rss already exists.
2026-01-02 22:23:18,725 - INFO - [The Guardian] Early skip: URL https://www.theguardian.com/business/2025/dec/31/china-forecast-to-have-sold-one-in-every-10-new-cars-in-uk-in-2025 already exists.
2026-01-02 22:23:18,993 - INFO - [BBC] Early skip: URL https://www.bbc.com/news/articles/clyg23lj057o?at_medium=RSS&at_campaign=rss already exists.
2026-01-02 22:23:19,279 - INFO - [The Guardian] Early skip: URL https://www.theguardian.com/world/2025/dec/31/female-lawmakers-in-japan-lobby-for-more-toilets-in-parliament already exists.
2026-01-02 22:23:19,494 - INFO - [BBC] Early skip: URL https://www.bbc.com/news/articles/c8e5lxd2gwgo?at_medium=RSS&at_campaign=rss already exists.
2026-01-02 22:23:19,626 - INFO - [The Guardian] Early skip: URL https://www.theguardian.com/australia-news/2026/jan/02/aboriginal-woman-death-in-custody-nothern-territory-tennant-creek-independent-investigation-ntwnfb already exists.
2026-01-02 22:23:19,818 - INFO - [BBC] Early skip: URL https://www.bbc.com/news/articles/c98jy990l37o?at_medium=RSS&at_campaign=rss already exists.
2026-01-02 22:23:20,041 - INFO - [The Guardian] Early skip: URL https://www.theguardian.com/world/2026/jan/02/personal-data-privacy-compliance-real-estate-agents already exists.
2026-01-02 22:23:20,195 - INFO - [BBC] Early skip: URL https://www.bbc.com/news/articles/ckgl2je05j0o?at_medium=RSS&at_campaign=rss already exists.
2026-01-02 22:23:20,345 - INFO - [The Guardian] Early skip: URL https://www.theguardian.com/environment/2026/jan/02/weather-tracker-cyclone-hayley-australia-spain-floods already exists.
2026-01-02 22:23:20,507 - INFO - [BBC] Early skip: URL https://www.bbc.com/news/articles/cddg7100ym2o?at_medium=RSS&at_campaign=rss already exists.
2026-01-02 22:23:20,804 - INFO - [BBC] Early skip: URL https://www.bbc.com/news/articles/clyw59v8978o?at_medium=RSS&at_campaign=rss already exists.
2026-01-02 22:23:21,009 - INFO - [The Guardian] Early skip: URL https://www.theguardian.com/australia-news/2026/jan/02/woman-charged-over-fatal-melbourne-house-fire-ntwnfb already exists.
2026-01-02 22:23:21,165 - INFO - [BBC] Early skip: URL https://www.bbc.com/news/articles/c20gjlpw9l3o?at_medium=RSS&at_campaign=rss already exists.
2026-01-02 22:23:21,397 - INFO - [The Guardian] Early skip: URL https://www.theguardian.com/australia-news/2026/jan/02/australia-2025-road-toll-deaths-fatalities-rise-nationwide already exists.
2026-01-02 22:23:21,601 - INFO - Selenium driver initialized successfully.
2026-01-02 22:23:21,601 - INFO - Selenium driver initialized successfully.
2026-01-02 22:23:21,602 - INFO - Starting scrape for The Hindu RSS feed: https://www.thehindu.com/news/national/feeder/default.rss
2026-01-02 22:23:21,602 - INFO - Starting scrape for Times of India RSS feed: https://timesofindia.indiatimes.com/rssfeeds/296589292.cms
2026-01-02 22:23:21,673 - INFO - [BBC] Early skip: URL https://www.bbc.com/news/articles/cx2drqwp2eyo?at_medium=RSS&at_campaign=rss already exists.
2026-01-02 22:23:21,781 - INFO - Found 100 articles in The Hindu RSS feed. Processing up to 30.
2026-01-02 22:23:21,783 - INFO - [The Guardian] Early skip: URL https://www.theguardian.com/world/2026/jan/02/teenage-girl-charlotte-niddam-educated-in-britain-among-the-missing-after-crans-montana-fire already exists.
2026-01-02 22:23:21,876 - INFO - Found 20 articles in Times of India RSS feed. Processing up to 30.
2026-01-02 22:23:22,082 - INFO - [The Hindu] Article: https://www.thehindu.com/news/national/andhra-pradesh/aviation-sector-to-take-wings-in-ap-as-bhogapuram-airport-all-set-for-flight-validation-test-on-january-4/article70462753.ece
2026-01-02 22:23:22,082 - INFO - [The Hindu] Attempt 1/1: Trying with 'selenium_browser' strategy...
2026-01-02 22:23:22,083 - INFO - [BBC] Early skip: URL https://www.bbc.com/news/articles/c9dvyyjyj18o?at_medium=RSS&at_campaign=rss already exists.
2026-01-02 22:23:22,270 - INFO - [Times of India] Article: https://timesofindia.indiatimes.com/world/us/dont-cry-about-anti-indian-racism-maga-ally-dinesh-dsouza-grilled-for-mocking-diversity-black-people-on-social-media/articleshow/126313024.cms
2026-01-02 22:23:22,270 - INFO - [Times of India] Attempt 1/1: Trying with 'selenium_browser' strategy...
2026-01-02 22:23:22,271 - INFO - [The Guardian] Early skip: URL https://www.theguardian.com/film/2026/jan/02/suspension-of-entry-into-the-us-paparazzi-and-wine-three-other-reasons-george-clooney-moved-to-france already exists.
2026-01-02 22:23:22,411 - INFO - [BBC] Early skip: URL https://www.bbc.com/news/articles/c4gvg46dy7vo?at_medium=RSS&at_campaign=rss already exists.
2026-01-02 22:23:22,660 - INFO - [The Guardian] Early skip: URL https://www.theguardian.com/world/live/2026/jan/02/switzerland-resort-fire-victim-named-video-bar-ceiling-fire-latest-news-live already exists.
2026-01-02 22:23:22,803 - INFO - [BBC] Early skip: URL https://www.bbc.com/news/articles/c98n8lrj7y6o?at_medium=RSS&at_campaign=rss already exists.
2026-01-02 22:23:23,056 - INFO - [The Guardian] Early skip: URL https://www.theguardian.com/world/2026/jan/02/swiss-ski-resort-fire-injured-life-threatening-condition already exists.
2026-01-02 22:23:23,345 - INFO - [BBC] Early skip: URL https://www.bbc.com/news/articles/c4gweww8rjro?at_medium=RSS&at_campaign=rss already exists.
2026-01-02 22:23:23,463 - INFO - [The Guardian] Early skip: URL https://www.theguardian.com/global/2026/jan/02/visual-guide-crans-montana-bar-fire-switzerland already exists.
2026-01-02 22:23:23,691 - INFO - [BBC] Early skip: URL https://www.bbc.com/news/articles/c050j896q2do?at_medium=RSS&at_campaign=rss already exists.
2026-01-02 22:23:23,865 - INFO - [BBC] Early skip: URL https://www.bbc.com/news/articles/c78v5dj3x39o?at_medium=RSS&at_campaign=rss already exists.
2026-01-02 22:23:24,101 - INFO - [The Guardian] Article: https://www.theguardian.com/media/2026/jan/02/bbc-settles-with-7-october-survivors-for-filming-home-without-permission
2026-01-02 22:23:24,101 - INFO - [The Guardian] Attempt 1/1: Trying with 'requests_browser' strategy...
2026-01-02 22:23:24,103 - INFO - [BBC] Early skip: URL https://www.bbc.com/news/articles/cwywv4ndwqxo?at_medium=RSS&at_campaign=rss already exists.
2026-01-02 22:23:24,149 - INFO - [The Guardian] Success with 'requests_browser'. Found content (347 words).
2026-01-02 22:23:24,401 - INFO - [BBC] Early skip: URL https://www.bbc.com/news/videos/ckgkn3v8mndo?at_medium=RSS&at_campaign=rss already exists.
2026-01-02 22:23:42,303 - ERROR - [Times of India] Request failed for strategy 'selenium_browser' on URL https://timesofindia.indiatimes.com/world/us/dont-cry-about-anti-indian-racism-maga-ally-dinesh-dsouza-grilled-for-mocking-diversity-black-people-on-social-media/articleshow/126313024.cms: Message: timeout: Timed out receiving message from renderer: 19.884
  (Session info: chrome=143.0.7499.109)
Stacktrace:
#0 0x55da0bad319a <unknown>
#1 0x55da0b550c4b <unknown>
#2 0x55da0b538cf3 <unknown>
#3 0x55da0b5389d6 <unknown>
#4 0x55da0b536897 <unknown>
#5 0x55da0b5371af <unknown>
#6 0x55da0b545970 <unknown>
#7 0x55da0b55f017 <unknown>
#8 0x55da0b5656cb <unknown>
#9 0x55da0b5378d8 <unknown>
#10 0x55da0b55edc3 <unknown>
#11 0x55da0b5edf60 <unknown>
#12 0x55da0b594c42 <unknown>
#13 0x55da0b5958f1 <unknown>
#14 0x55da0ba9bf39 <unknown>
#15 0x55da0ba9ee7d <unknown>
#16 0x55da0ba84c81 <unknown>
#17 0x55da0ba9fa5b <unknown>
#18 0x55da0ba6ba50 <unknown>
#19 0x55da0bac0aa8 <unknown>
#20 0x55da0bac0c79 <unknown>
#21 0x55da0bad24f3 <unknown>
#22 0x7fa5f169caa4 <unknown>
#23 0x7fa5f1729c6c <unknown>

2026-01-02 22:23:42,303 - ERROR - [Times of India] All scrape strategies failed for https://timesofindia.indiatimes.com/world/us/dont-cry-about-anti-indian-racism-maga-ally-dinesh-dsouza-grilled-for-mocking-diversity-black-people-on-social-media/articleshow/126313024.cms. Falling back to RSS description.
2026-01-02 22:23:42,303 - WARNING - SKIPPED (GLOBAL WORD LIMIT): Article ''Don’t cry about anti-Indian racism': MAGA ally Dinesh D'Souza grilled for mocking black people' from Times of India has only 3 words (Min: 90).
2026-01-02 22:23:49,694 - INFO - Saved article: BBC settles with 7 October survivors for filming home ‘without permission’ | BBC | The Guardian from The Guardian (347 words)
2026-01-02 22:23:49,695 - INFO - [BBC] Early skip: URL https://www.bbc.com/news/videos/cj6wew4958eo?at_medium=RSS&at_campaign=rss already exists.
2026-01-02 22:23:49,855 - INFO - [Times of India] Article: https://timesofindia.indiatimes.com/world/us/republican-slams-purdue-university-for-hiring-h-1b-foreign-national-for-professor-role-at-127500-can-no-american-teach-marketing-in-chicago/articleshow/126312877.cms
2026-01-02 22:23:49,856 - INFO - [Times of India] Attempt 1/1: Trying with 'selenium_browser' strategy...
2026-01-02 22:23:49,856 - INFO - [BBC] Early skip: URL https://www.bbc.com/news/videos/czjg9ge7vdeo?at_medium=RSS&at_campaign=rss already exists.
2026-01-02 22:23:50,534 - INFO - [The Guardian] Early skip: URL https://www.theguardian.com/world/2026/jan/02/saudi-warplanes-kill-uae-backed-yemeni-separatists already exists.
2026-01-02 22:23:50,644 - INFO - [The Guardian] Early skip: URL https://www.theguardian.com/us-news/2026/jan/02/israel-mamdani-antisemitism-ihra-definition already exists.
2026-01-02 22:23:50,747 - INFO - [The Guardian] Early skip: URL https://www.theguardian.com/world/2026/jan/02/iranian-officials-warn-trump-not-cross-red-line-threats-intervene-protests already exists.
2026-01-02 22:23:50,971 - INFO - [The Guardian] Early skip: URL https://www.theguardian.com/global-development/2026/jan/01/two-people-dead-iran-economic-crisis-protests-battlefield already exists.
2026-01-02 22:24:09,877 - ERROR - [Times of India] Request failed for strategy 'selenium_browser' on URL https://timesofindia.indiatimes.com/world/us/republican-slams-purdue-university-for-hiring-h-1b-foreign-national-for-professor-role-at-127500-can-no-american-teach-marketing-in-chicago/articleshow/126312877.cms: Message: timeout: Timed out receiving message from renderer: 19.964
  (Session info: chrome=143.0.7499.109)
Stacktrace:
#0 0x55da0bad319a <unknown>
#1 0x55da0b550c4b <unknown>
#2 0x55da0b538cf3 <unknown>
#3 0x55da0b5389d6 <unknown>
#4 0x55da0b536897 <unknown>
#5 0x55da0b5371af <unknown>
#6 0x55da0b545970 <unknown>
#7 0x55da0b55f017 <unknown>
#8 0x55da0b5656cb <unknown>
#9 0x55da0b5378d8 <unknown>
#10 0x55da0b55edc3 <unknown>
#11 0x55da0b5edf60 <unknown>
#12 0x55da0b594c42 <unknown>
#13 0x55da0b5958f1 <unknown>
#14 0x55da0ba9bf39 <unknown>
#15 0x55da0ba9ee7d <unknown>
#16 0x55da0ba84c81 <unknown>
#17 0x55da0ba9fa5b <unknown>
#18 0x55da0ba6ba50 <unknown>
#19 0x55da0bac0aa8 <unknown>
#20 0x55da0bac0c79 <unknown>
#21 0x55da0bad24f3 <unknown>
#22 0x7fa5f169caa4 <unknown>
#23 0x7fa5f1729c6c <unknown>

2026-01-02 22:24:09,877 - ERROR - [Times of India] All scrape strategies failed for https://timesofindia.indiatimes.com/world/us/republican-slams-purdue-university-for-hiring-h-1b-foreign-national-for-professor-role-at-127500-can-no-american-teach-marketing-in-chicago/articleshow/126312877.cms. Falling back to RSS description.
2026-01-02 22:24:09,877 - WARNING - SKIPPED (GLOBAL WORD LIMIT): Article 'Republican slams Purdue for hiring H-1B for professor role: 'Can no American teach in Chicago?'' from Times of India has only 3 words (Min: 90).
2026-01-02 22:24:11,180 - INFO - [Times of India] Early skip: URL https://timesofindia.indiatimes.com/world/middle-east/fly-over-makkah-red-sea-and-saudi-arabia-deserts-riyadh-seasons-most-hyped-new-attraction-flying-over-saudi-explained/articleshow/126312793.cms already exists.
2026-01-02 22:24:11,309 - INFO - [Times of India] Article: https://timesofindia.indiatimes.com/world/us/i-will-do-jihad-soon-how-isis-linked-christian-sturdivant-planned-new-years-eve-terrorist-attack-and-how-fbi-foiled-it/articleshow/126312338.cms
2026-01-02 22:24:11,309 - INFO - [Times of India] Attempt 1/1: Trying with 'selenium_browser' strategy...
2026-01-02 22:24:31,323 - ERROR - [Times of India] Request failed for strategy 'selenium_browser' on URL https://timesofindia.indiatimes.com/world/us/i-will-do-jihad-soon-how-isis-linked-christian-sturdivant-planned-new-years-eve-terrorist-attack-and-how-fbi-foiled-it/articleshow/126312338.cms: Message: timeout: Timed out receiving message from renderer: 19.964
  (Session info: chrome=143.0.7499.109)
Stacktrace:
#0 0x55da0bad319a <unknown>
#1 0x55da0b550c4b <unknown>
#2 0x55da0b538cf3 <unknown>
#3 0x55da0b5389d6 <unknown>
#4 0x55da0b536897 <unknown>
#5 0x55da0b5371af <unknown>
#6 0x55da0b545970 <unknown>
#7 0x55da0b55f017 <unknown>
#8 0x55da0b5656cb <unknown>
#9 0x55da0b5378d8 <unknown>
#10 0x55da0b55edc3 <unknown>
#11 0x55da0b5edf60 <unknown>
#12 0x55da0b594c42 <unknown>
#13 0x55da0b5958f1 <unknown>
#14 0x55da0ba9bf39 <unknown>
#15 0x55da0ba9ee7d <unknown>
#16 0x55da0ba84c81 <unknown>
#17 0x55da0ba9fa5b <unknown>
#18 0x55da0ba6ba50 <unknown>
#19 0x55da0bac0aa8 <unknown>
#20 0x55da0bac0c79 <unknown>
#21 0x55da0bad24f3 <unknown>
#22 0x7fa5f169caa4 <unknown>
#23 0x7fa5f1729c6c <unknown>

2026-01-02 22:24:31,323 - ERROR - [Times of India] All scrape strategies failed for https://timesofindia.indiatimes.com/world/us/i-will-do-jihad-soon-how-isis-linked-christian-sturdivant-planned-new-years-eve-terrorist-attack-and-how-fbi-foiled-it/articleshow/126312338.cms. Falling back to RSS description.
2026-01-02 22:24:31,323 - WARNING - SKIPPED (GLOBAL WORD LIMIT): Article '‘I will do jihad soon’: How Christian Sturdivant planned New Year’s Eve 'terrorist attack'' from Times of India has only 41 words (Min: 90).
2026-01-02 22:24:32,639 - INFO - [Times of India] Early skip: URL https://timesofindia.indiatimes.com/world/us-streamers/top-10-most-subscribed-youtube-channels-in-the-world/articleshow/126312771.cms already exists.
2026-01-02 22:24:32,894 - INFO - [Times of India] Early skip: URL https://timesofindia.indiatimes.com/world/middle-east/kapil-sharma-rings-in-2026-by-opening-kaps-cafe-in-dubai-and-it-feels-straight-out-of-his-netflix-show/articleshow/126312472.cms already exists.
2026-01-02 22:24:33,103 - INFO - [Times of India] Early skip: URL https://timesofindia.indiatimes.com/world/middle-east/dubai-turns-into-global-sports-arena-in-january-2026-8-exciting-events-to-check-out/articleshow/126310775.cms already exists.
2026-01-02 22:24:33,385 - INFO - [Times of India] Early skip: URL https://timesofindia.indiatimes.com/world/us/who-is-christian-sturdivant-isis-inspired-teen-captured-by-fbi-before-he-could-pull-off-a-terrorist-attack-in-north-carolina-on-new-years-eve/articleshow/126311946.cms already exists.
2026-01-02 22:24:33,557 - INFO - [Times of India] Early skip: URL https://timesofindia.indiatimes.com/world/us/lying-propagandists-elon-musk-accuses-legacy-media-of-targeting-him-over-nazi-salute-while-ignoring-zohran-mamdani/articleshow/126310616.cms already exists.
2026-01-02 22:24:33,701 - INFO - [Times of India] Early skip: URL https://timesofindia.indiatimes.com/world/us-streamers/what-really-happened-between-dan-crenshaw-and-shawn-ryan-congressman-accuses-podcaster-of-canceling-the-interview-at-last-minute/articleshow/126311175.cms already exists.
2026-01-02 22:24:33,966 - INFO - [Times of India] Early skip: URL https://timesofindia.indiatimes.com/world/middle-east/know-where-to-aim-iran-warns-trump-over-threat-violent-protests-rock-tehran/articleshow/126310526.cms already exists.
2026-01-02 22:24:34,180 - INFO - [Times of India] Early skip: URL https://timesofindia.indiatimes.com/world/pakistan/pakistan-polio-drive-in-merged-districts-falls-short-935000-children-missed/articleshow/126310703.cms already exists.
2026-01-02 22:24:34,317 - INFO - [Times of India] Early skip: URL https://timesofindia.indiatimes.com/world/us-streamers/did-nick-shirley-call-his-own-work-satire-journalist-caolan-robertson-raises-doubts-as-minnesota-daycare-video-spreads/articleshow/126310463.cms already exists.
2026-01-02 22:24:34,590 - INFO - [Times of India] Early skip: URL https://timesofindia.indiatimes.com/world/us/potential-terrorist-attack-fbi-says-it-thwarted-new-years-eve-plot-in-north-carolina-claims-suspect-inspired-by-isis/articleshow/126310031.cms already exists.
2026-01-02 22:24:34,735 - INFO - [Times of India] Early skip: URL https://timesofindia.indiatimes.com/world/us-streamers/charlie-kirk-killing-video-raises-new-questions-as-brian-harpole-footage-spreads-and-candace-owens-is-urged-to-respond/articleshow/126310038.cms already exists.
2026-01-02 22:24:34,919 - INFO - [Times of India] Early skip: URL https://timesofindia.indiatimes.com/world/us/us-travel-ban-on-39-countries-comes-into-effect-check-full-list-here/articleshow/126309558.cms already exists.
2026-01-02 22:24:35,080 - INFO - [Times of India] Early skip: URL https://timesofindia.indiatimes.com/world/us/zohran-mamdanis-wife-rama-duwaji-faces-heat-over-630-designer-boots-worn-at-the-swearing-in-ceremony/articleshow/126307687.cms already exists.
2026-01-02 22:24:35,239 - INFO - [Times of India] Early skip: URL https://timesofindia.indiatimes.com/world/middle-east/free-e-visas-zero-paperwork-trkiye-and-armenias-new-visa-easing-rules-explained/articleshow/126308799.cms already exists.
2026-01-02 22:24:35,447 - INFO - [Times of India] Early skip: URL https://timesofindia.indiatimes.com/world/middle-east/middle-east-budget-travel-salamair-launches-direct-muscat-to-damascus-flights-at-surprising-low-price/articleshow/126309267.cms already exists.
2026-01-02 22:24:35,599 - INFO - [Times of India] Early skip: URL https://timesofindia.indiatimes.com/world/europe/zelenskyy-names-ukraines-head-of-military-intelligence-as-his-new-chief-of-staff/articleshow/126309060.cms already exists.
2026-01-02 22:24:35,700 - INFO - [Times of India] (Thread) Finished. Attempting to shut down its Selenium driver.
2026-01-02 22:24:35,991 - INFO - [Times of India] (Thread) driver.quit() successful.
2026-01-02 22:25:22,180 - ERROR - [The Hindu] Request failed for strategy 'selenium_browser' on URL https://www.thehindu.com/news/national/andhra-pradesh/aviation-sector-to-take-wings-in-ap-as-bhogapuram-airport-all-set-for-flight-validation-test-on-january-4/article70462753.ece: HTTPConnectionPool(host='localhost', port=43279): Read timed out. (read timeout=120)
2026-01-02 22:25:22,180 - ERROR - [The Hindu] All scrape strategies failed for https://www.thehindu.com/news/national/andhra-pradesh/aviation-sector-to-take-wings-in-ap-as-bhogapuram-airport-all-set-for-flight-validation-test-on-january-4/article70462753.ece. Falling back to RSS description.
2026-01-02 22:25:22,180 - WARNING - SKIPPED (GLOBAL WORD LIMIT): Article 'Aviation sector to take wings in A.P. as Bhogapuram airport all set for flight validation test on January 4' from The Hindu has only 23 words (Min: 90).
2026-01-02 22:25:23,431 - INFO - [The Hindu] Article: https://www.thehindu.com/news/national/andhra-pradesh/distribution-of-pattadar-passbooks-with-state-emblem-begins-in-ap/article70464975.ece
2026-01-02 22:25:23,431 - INFO - [The Hindu] Attempt 1/1: Trying with 'selenium_browser' strategy...
2026-01-02 22:27:23,438 - ERROR - [The Hindu] Request failed for strategy 'selenium_browser' on URL https://www.thehindu.com/news/national/andhra-pradesh/distribution-of-pattadar-passbooks-with-state-emblem-begins-in-ap/article70464975.ece: HTTPConnectionPool(host='localhost', port=43279): Read timed out. (read timeout=120)
2026-01-02 22:27:23,438 - ERROR - [The Hindu] All scrape strategies failed for https://www.thehindu.com/news/national/andhra-pradesh/distribution-of-pattadar-passbooks-with-state-emblem-begins-in-ap/article70464975.ece. Falling back to RSS description.
2026-01-02 22:27:23,438 - WARNING - SKIPPED (GLOBAL WORD LIMIT): Article 'Distribution of pattadar passbooks with State Emblem begins in A.P.' from The Hindu has only 22 words (Min: 90).
2026-01-02 22:27:24,441 - INFO - [The Hindu] Early skip: URL https://www.thehindu.com/news/national/maharashtra/civic-polls-high-drama-as-bjp-workers-lock-candidate-inside-his-house-in-nagpur/article70465636.ece already exists.
2026-01-02 22:27:24,642 - INFO - [The Hindu] Early skip: URL https://www.thehindu.com/news/national/himachal-pradesh/natural-disasters-taking-heavy-toll-on-himachal-says-report-experts-seek-policy-changes/article70464082.ece already exists.
2026-01-02 22:27:24,844 - INFO - [The Hindu] Early skip: URL https://www.thehindu.com/news/national/haryana/haryana-bjp-government-extends-lado-lakshmi-yojana-to-more-women-with-riders-opposition-cries-foul/article70464536.ece already exists.
2026-01-02 22:27:24,998 - INFO - [The Hindu] Early skip: URL https://www.thehindu.com/news/national/bihar/nitish-kumar-seeks-union-government-help-for-better-upkeep-of-kumhrar-park-maintained-by-asi/article70464529.ece already exists.
2026-01-02 22:27:25,117 - INFO - [The Hindu] Early skip: URL https://www.thehindu.com/news/national/odisha/eow-of-odisha-police-arrest-financial-fraudster-accused-of-swindling-120-crore/article70464480.ece already exists.
2026-01-02 22:27:25,245 - INFO - [The Hindu] Early skip: URL https://www.thehindu.com/news/national/tamil-nadu/reduce-number-of-shops-on-marina-beach-hc-tells-corporation/article70465076.ece already exists.
2026-01-02 22:27:25,460 - INFO - [The Hindu] Early skip: URL https://www.thehindu.com/news/national/tamil-nadu/working-group-to-prepare-vision-document-2030-for-social-welfare/article70464315.ece already exists.
2026-01-02 22:27:25,681 - INFO - [The Hindu] Early skip: URL https://www.thehindu.com/news/national/tamil-nadu/tamil-culture-crucial-part-of-indias-broader-cultural-identity-vice-president/article70465176.ece already exists.
2026-01-02 22:27:25,886 - INFO - [The Hindu] Early skip: URL https://www.thehindu.com/news/national/kerala/safe-destination-project-on-the-cards-for-pathankayam-falls-in-kozhikode/article70463685.ece already exists.
2026-01-02 22:27:26,002 - INFO - [The Hindu] Early skip: URL https://www.thehindu.com/news/national/tamil-nadu/tn-dominates-third-tranche-of-ecms-in-jobs-investments/article70464925.ece already exists.
2026-01-02 22:27:26,244 - INFO - [The Hindu] Early skip: URL https://www.thehindu.com/news/national/telangana/indias-deep-dive-into-the-frozen-frontier/article70461345.ece already exists.
2026-01-02 22:27:26,428 - INFO - [The Hindu] Early skip: URL https://www.thehindu.com/news/national/kerala/two-staffers-injured-in-blast-at-old-age-home/article70465372.ece already exists.
2026-01-02 22:27:26,724 - INFO - [The Hindu] Early skip: URL https://www.thehindu.com/news/cities/Hyderabad/historic-bell-set-to-ring-again-at-172-year-old-church-in-secunderabad/article70463755.ece already exists.
2026-01-02 22:27:26,936 - INFO - [The Hindu] Article: https://www.thehindu.com/news/national/kerala/migrant-worker-falls-to-death-at-technopark/article70465358.ece
2026-01-02 22:27:26,936 - INFO - [The Hindu] Attempt 1/1: Trying with 'selenium_browser' strategy...
2026-01-02 22:28:13,786 - CRITICAL - --- TIMEOUT: 1 scrape jobs did not complete in 300s. ---
2026-01-02 22:28:13,786 - ERROR - A thread has timed out and will be abandoned.
2026-01-02 22:28:13,786 - INFO - Shutting down thread pool (wait=False)...
2026-01-02 22:28:13,786 - INFO - Scraped: 0 BBC, 1 The Guardian, 0 Times of India, 1 Timed_Out_Jobs articles. (Total saved: 1)
2026-01-02 22:28:13,786 - INFO - --- Scraping job finished ---
2026-01-02 22:28:13,787 - INFO - --- Scraper service stopped and database connection closed. ---
2026-01-02 22:28:13,787 - INFO - --- Main thread finished. Forcing process exit to kill zombie threads. ---
