2025-12-29 10:51:03,815 - INFO - Loading AI Semantic Model (all-MiniLM-L6-v2)...
2025-12-29 10:51:03,816 - INFO - Use pytorch device_name: cpu
2025-12-29 10:51:03,816 - INFO - Load pretrained SentenceTransformer: all-MiniLM-L6-v2
2025-12-29 10:51:04,233 - INFO - AI Model loaded successfully.
2025-12-29 10:51:04,234 - INFO - --- Scraper service started (CI Mode: Run Once) ---
2025-12-29 10:51:04,234 - INFO - --- Starting new scraping job (Parallel Mode) ---
2025-12-29 10:51:04,234 - INFO - Creating new robust session with 3 retries on 5xx/connection/read errors.
2025-12-29 10:51:04,234 - INFO - Proxy is DISABLED.
2025-12-29 10:51:04,234 - INFO - Starting scrape for BBC RSS feed: http://feeds.bbci.co.uk/news/world/rss.xml
2025-12-29 10:51:04,235 - INFO - [Times of India] (Thread) requires Selenium. Initializing driver...
2025-12-29 10:51:04,236 - INFO - Starting scrape for The Guardian RSS feed: https://www.theguardian.com/world/rss
2025-12-29 10:51:04,237 - INFO - [The Hindu] (Thread) requires Selenium. Initializing driver...
2025-12-29 10:51:04,237 - INFO - Submitted 4 jobs to thread pool. Waiting up to 300s for completion...
2025-12-29 10:51:04,396 - INFO - Found 45 articles in The Guardian RSS feed. Processing up to 30.
2025-12-29 10:51:04,396 - INFO - [The Guardian] Early skip: URL https://www.theguardian.com/world/2025/dec/28/central-african-republic-goes-to-polls-as-president-seeks-third-term already exists.
2025-12-29 10:51:04,484 - INFO - Found 34 articles in BBC RSS feed. Processing up to 30.
2025-12-29 10:51:04,619 - INFO - [BBC] Early skip: URL https://www.bbc.com/news/articles/c36z615y443o?at_medium=RSS&at_campaign=rss already exists.
2025-12-29 10:51:04,844 - INFO - [The Guardian] Early skip: URL https://www.theguardian.com/world/2025/dec/27/guinea-junta-leader-mamady-doumbouya-frontrunner-president-election already exists.
2025-12-29 10:51:04,949 - INFO - [BBC] Early skip: URL https://www.bbc.com/news/articles/cd74pxvrp10o?at_medium=RSS&at_campaign=rss already exists.
2025-12-29 10:51:05,109 - INFO - [The Guardian] Early skip: URL https://www.theguardian.com/world/2025/dec/26/israel-first-country-to-recognise-somaliland-sovereign-state already exists.
2025-12-29 10:51:05,273 - INFO - [BBC] Early skip: URL https://www.bbc.com/news/articles/c87l7xjp235o?at_medium=RSS&at_campaign=rss already exists.
2025-12-29 10:51:05,552 - INFO - [The Guardian] Early skip: URL https://www.theguardian.com/world/2025/dec/26/british-egyptian-activist-alaa-abd-el-fattah-arrives-in-uk-after-travel-ban-lifted already exists.
2025-12-29 10:51:05,765 - INFO - [BBC] Early skip: URL https://www.bbc.com/news/articles/cj4qp17e1lqo?at_medium=RSS&at_campaign=rss already exists.
2025-12-29 10:51:06,008 - INFO - [The Guardian] Early skip: URL https://www.theguardian.com/us-news/2025/dec/26/trump-supporters-nigeria-airstrikes already exists.
2025-12-29 10:51:06,300 - INFO - [BBC] Article: https://www.bbc.com/news/articles/c9w7wgrk01do?at_medium=RSS&at_campaign=rss
2025-12-29 10:51:06,300 - INFO - [BBC] Attempt 1/1: Trying with 'requests_browser' strategy...
2025-12-29 10:51:06,301 - INFO - [The Guardian] Early skip: URL https://www.theguardian.com/world/2025/dec/29/brazil-ex-president-jair-bolsonaro-hiccups-treatment already exists.
2025-12-29 10:51:06,497 - INFO - [The Guardian] Early skip: URL https://www.theguardian.com/world/2025/dec/26/venezuela-political-prisoner-release already exists.
2025-12-29 10:51:06,499 - INFO - [BBC] Success with 'requests_browser'. Found content (341 words).
2025-12-29 10:51:17,913 - INFO - Saved article: Thailand accuses Cambodia of breaking newly signed ceasefire from BBC (341 words)
2025-12-29 10:51:17,913 - INFO - [The Guardian] Early skip: URL https://www.theguardian.com/world/2025/dec/26/weather-tracker-deep-freeze-canada-us-records-warmest-christmas already exists.
2025-12-29 10:51:18,168 - INFO - [The Guardian] Early skip: URL https://www.theguardian.com/environment/2025/dec/25/they-are-scared-of-us-now-how-one-tropical-forest-turned-the-tide-on-loggers already exists.
2025-12-29 10:51:18,286 - INFO - [The Guardian] Early skip: URL https://www.theguardian.com/world/2025/dec/25/cape-froward-new-national-park-patagonia-chile already exists.
2025-12-29 10:51:18,465 - INFO - [The Guardian] Early skip: URL https://www.theguardian.com/world/2025/dec/29/boy-5-killed-after-arm-trapped-in-ski-resort-travelator-in-japan-hokkaido already exists.
2025-12-29 10:51:18,584 - INFO - [The Guardian] Early skip: URL https://www.theguardian.com/world/2025/dec/29/china-live-fire-military-drills-around-taiwan already exists.
2025-12-29 10:51:18,875 - INFO - [The Guardian] Early skip: URL https://www.theguardian.com/world/2025/dec/29/search-for-malaysia-airlines-flight-mh370-expected-to-resume already exists.
2025-12-29 10:51:19,023 - INFO - [The Guardian] Early skip: URL https://www.theguardian.com/world/2025/dec/28/myanmar-elections-voting-begins-under-junta-stranglehold-with-aung-san-suu-kyi-banned already exists.
2025-12-29 10:51:19,319 - INFO - [BBC] Early skip: URL https://www.bbc.com/news/articles/cx2g263v3kzo?at_medium=RSS&at_campaign=rss already exists.
2025-12-29 10:51:19,529 - INFO - [The Guardian] Early skip: URL https://www.theguardian.com/world/2025/dec/28/myanmar-is-going-to-the-polls-but-its-not-the-people-who-hold-the-power-its-china already exists.
2025-12-29 10:51:19,634 - INFO - [BBC] Early skip: URL https://www.bbc.com/news/articles/cly92pr8qryo?at_medium=RSS&at_campaign=rss already exists.
2025-12-29 10:51:19,860 - INFO - [The Guardian] Early skip: URL https://www.theguardian.com/australia-news/2025/dec/29/emma-johnston-university-melbourne-vice-chancellor-dies-aged-52 already exists.
2025-12-29 10:51:20,073 - INFO - [BBC] Early skip: URL https://www.bbc.com/news/articles/cx2328e70y7o?at_medium=RSS&at_campaign=rss already exists.
2025-12-29 10:51:20,215 - INFO - [The Guardian] Early skip: URL https://www.theguardian.com/australia-news/2025/dec/29/wounded-hero-ahmed-al-ahmed-speaks-of-saving-lives-at-bondi-beach-ntwnfb already exists.
2025-12-29 10:51:20,381 - INFO - [BBC] Early skip: URL https://www.bbc.com/news/articles/ce3z3w4wy0go?at_medium=RSS&at_campaign=rss already exists.
2025-12-29 10:51:20,588 - INFO - [The Guardian] Early skip: URL https://www.theguardian.com/australia-news/2025/dec/29/albanese-government-rejects-calls-bondi-royal-commission-ntwnfb already exists.
2025-12-29 10:51:20,778 - INFO - [BBC] Early skip: URL https://www.bbc.com/news/articles/cdj817m37rgo?at_medium=RSS&at_campaign=rss already exists.
2025-12-29 10:51:20,980 - INFO - [The Guardian] Early skip: URL https://www.theguardian.com/world/2025/dec/29/passengers-on-cruise-ship-that-ran-aground-off-png-to-be-flown-home-after-refloat-efforts-fail already exists.
2025-12-29 10:51:21,117 - INFO - [BBC] Early skip: URL https://www.bbc.com/news/articles/cy7vly6gm76o?at_medium=RSS&at_campaign=rss already exists.
2025-12-29 10:51:21,283 - INFO - [The Guardian] Early skip: URL https://www.theguardian.com/australia-news/2025/dec/29/woman-missing-outback-australia-search-renewed already exists.
2025-12-29 10:51:21,459 - INFO - [BBC] Early skip: URL https://www.bbc.com/news/videos/c05834pp6jno?at_medium=RSS&at_campaign=rss already exists.
2025-12-29 10:51:21,722 - INFO - [The Guardian] Early skip: URL https://www.theguardian.com/world/live/2025/dec/29/ukraine-war-russia-us-zelenskyy-trump-security-guarantees-latest-news-updates already exists.
2025-12-29 10:51:21,731 - INFO - Selenium driver initialized successfully.
2025-12-29 10:51:21,731 - INFO - Starting scrape for The Hindu RSS feed: https://www.thehindu.com/news/national/feeder/default.rss
2025-12-29 10:51:21,732 - INFO - Selenium driver initialized successfully.
2025-12-29 10:51:21,732 - INFO - Starting scrape for Times of India RSS feed: https://timesofindia.indiatimes.com/rssfeeds/296589292.cms
2025-12-29 10:51:21,827 - INFO - Found 20 articles in Times of India RSS feed. Processing up to 30.
2025-12-29 10:51:21,858 - INFO - Found 100 articles in The Hindu RSS feed. Processing up to 30.
2025-12-29 10:51:21,973 - INFO - [BBC] Early skip: URL https://www.bbc.com/news/articles/cp8966ew7y7o?at_medium=RSS&at_campaign=rss already exists.
2025-12-29 10:51:22,206 - INFO - [Times of India] Article: https://timesofindia.indiatimes.com/world/middle-east/saudi-arabia-suspends-umrah-company-after-pilgrims-arrive-without-promised-accommodation/articleshow/126213422.cms
2025-12-29 10:51:22,207 - INFO - [Times of India] Attempt 1/1: Trying with 'selenium_browser' strategy...
2025-12-29 10:51:22,208 - INFO - [The Hindu] Article: https://www.thehindu.com/news/national/kerala/one-year-old-dies-after-choking-on-stone-in-keralas-malappuram/article70449234.ece
2025-12-29 10:51:22,208 - INFO - [The Hindu] Attempt 1/1: Trying with 'selenium_browser' strategy...
2025-12-29 10:51:22,208 - INFO - [The Guardian] Early skip: URL https://www.theguardian.com/money/2025/dec/29/pensions-timebomb-europe-social-contract-becoming-unsustainable already exists.
2025-12-29 10:51:22,325 - INFO - [BBC] Early skip: URL https://www.bbc.com/news/articles/c3r7ge7937qo?at_medium=RSS&at_campaign=rss already exists.
2025-12-29 10:51:22,592 - INFO - [The Guardian] Early skip: URL https://www.theguardian.com/society/2025/dec/29/most-europeans-think-state-pensions-will-become-unaffordable-polling-shows already exists.
2025-12-29 10:51:22,837 - INFO - [BBC] Early skip: URL https://www.bbc.com/news/articles/cqxq59np394o?at_medium=RSS&at_campaign=rss already exists.
2025-12-29 10:51:23,103 - INFO - [The Guardian] Early skip: URL https://www.theguardian.com/world/2025/dec/28/trump-zelenskyy-talks-amid-heavy-russian-airstrikes-on-ukraine already exists.
2025-12-29 10:51:23,356 - INFO - [BBC] Early skip: URL https://www.bbc.com/news/articles/c3v1g227p4xo?at_medium=RSS&at_campaign=rss already exists.
2025-12-29 10:51:23,582 - INFO - [BBC] Early skip: URL https://www.bbc.com/news/articles/cd9z1k4g40jo?at_medium=RSS&at_campaign=rss already exists.
2025-12-29 10:51:23,840 - INFO - [The Guardian] Early skip: URL https://www.theguardian.com/world/live/2025/dec/28/ukraine-war-live-russia-zelenskyy-trump-meeting-florida-kyiv-latest-news-updates already exists.
2025-12-29 10:51:24,097 - INFO - [BBC] Early skip: URL https://www.bbc.com/news/articles/cde61jz5653o?at_medium=RSS&at_campaign=rss already exists.
2025-12-29 10:51:24,229 - INFO - [BBC] Early skip: URL https://www.bbc.com/news/articles/cpvd90k2zn4o?at_medium=RSS&at_campaign=rss already exists.
2025-12-29 10:51:24,341 - INFO - [BBC] Early skip: URL https://www.bbc.com/news/articles/cy7vr76l521o?at_medium=RSS&at_campaign=rss already exists.
2025-12-29 10:51:24,471 - INFO - [BBC] Early skip: URL https://www.bbc.com/news/articles/cdxw7593x9zo?at_medium=RSS&at_campaign=rss already exists.
2025-12-29 10:51:24,671 - INFO - [The Guardian] Early skip: URL https://www.theguardian.com/world/2025/dec/29/british-egyptian-rights-activist-alaa-abd-el-fattah-apologises-for-hurtful-tweets already exists.
2025-12-29 10:51:24,773 - INFO - [The Guardian] Early skip: URL https://www.theguardian.com/world/2025/dec/29/netanyahu-to-meet-trump-in-us-amid-fears-of-israeli-regional-offensives already exists.
2025-12-29 10:51:24,958 - INFO - [The Guardian] Early skip: URL https://www.theguardian.com/world/2025/dec/26/palestinian-man-kills-two-in-northern-israel-car-ramming-and-stabbing-attack-police-say already exists.
2025-12-29 10:51:25,082 - INFO - [BBC] Early skip: URL https://www.bbc.com/news/articles/c0je281pnwyo?at_medium=RSS&at_campaign=rss already exists.
2025-12-29 10:51:25,373 - INFO - [BBC] Early skip: URL https://www.bbc.com/news/articles/c888rzkd0dzo?at_medium=RSS&at_campaign=rss already exists.
2025-12-29 10:51:25,588 - INFO - [BBC] Early skip: URL https://www.bbc.com/news/articles/c20p78kp8pgo?at_medium=RSS&at_campaign=rss already exists.
2025-12-29 10:51:25,848 - INFO - [BBC] Early skip: URL https://www.bbc.com/news/articles/c4g6xgv1n41o?at_medium=RSS&at_campaign=rss already exists.
2025-12-29 10:51:26,064 - INFO - [BBC] Early skip: URL https://www.bbc.com/news/articles/cn987yqnee9o?at_medium=RSS&at_campaign=rss already exists.
2025-12-29 10:51:26,314 - INFO - [The Guardian] Early skip: URL https://www.theguardian.com/world/2025/dec/26/southern-separatists-on-rise-in-yemen-report-saudi-airstrikes-near-positions already exists.
2025-12-29 10:51:26,423 - INFO - [The Guardian] Early skip: URL https://www.theguardian.com/world/2025/dec/24/israel-condemned-approval-19-settlements-occupied-west-bank already exists.
2025-12-29 10:51:26,639 - INFO - [BBC] Early skip: URL https://www.bbc.com/news/articles/c93wjn1y72vo?at_medium=RSS&at_campaign=rss already exists.
2025-12-29 10:51:26,777 - INFO - [BBC] Early skip: URL https://www.bbc.com/news/articles/cy073xp2yj0o?at_medium=RSS&at_campaign=rss already exists.
2025-12-29 10:51:27,043 - INFO - [BBC] Early skip: URL https://www.bbc.com/news/articles/cpwk9grv290o?at_medium=RSS&at_campaign=rss already exists.
2025-12-29 10:51:27,233 - INFO - [BBC] Early skip: URL https://www.bbc.com/news/videos/crl9gpynrdno?at_medium=RSS&at_campaign=rss already exists.
2025-12-29 10:51:42,225 - ERROR - [The Hindu] Request failed for strategy 'selenium_browser' on URL https://www.thehindu.com/news/national/kerala/one-year-old-dies-after-choking-on-stone-in-keralas-malappuram/article70449234.ece: Message: timeout: Timed out receiving message from renderer: 19.876
  (Session info: chrome=143.0.7499.109)
Stacktrace:
#0 0x55a43644e19a <unknown>
#1 0x55a435ecbc4b <unknown>
#2 0x55a435eb3cf3 <unknown>
#3 0x55a435eb39d6 <unknown>
#4 0x55a435eb1897 <unknown>
#5 0x55a435eb21af <unknown>
#6 0x55a435ec0970 <unknown>
#7 0x55a435eda017 <unknown>
#8 0x55a435ee06cb <unknown>
#9 0x55a435eb28d8 <unknown>
#10 0x55a435ed9dc3 <unknown>
#11 0x55a435f68f60 <unknown>
#12 0x55a435f0fc42 <unknown>
#13 0x55a435f108f1 <unknown>
#14 0x55a436416f39 <unknown>
#15 0x55a436419e7d <unknown>
#16 0x55a4363ffc81 <unknown>
#17 0x55a43641aa5b <unknown>
#18 0x55a4363e6a50 <unknown>
#19 0x55a43643baa8 <unknown>
#20 0x55a43643bc79 <unknown>
#21 0x55a43644d4f3 <unknown>
#22 0x7f484b49caa4 <unknown>
#23 0x7f484b529c6c <unknown>

2025-12-29 10:51:42,225 - ERROR - [The Hindu] All scrape strategies failed for https://www.thehindu.com/news/national/kerala/one-year-old-dies-after-choking-on-stone-in-keralas-malappuram/article70449234.ece. Falling back to RSS description.
2025-12-29 10:51:42,225 - WARNING - SKIPPED (GLOBAL WORD LIMIT): Article 'One-year-old dies after choking on stone in Kerala’s Malappuram' from The Hindu has only 27 words (Min: 90).
2025-12-29 10:51:43,182 - INFO - [The Hindu] Early skip: URL https://www.thehindu.com/news/national/kerala/another-congress-office-vandalised-in-keralas-kannur/article70449198.ece already exists.
2025-12-29 10:51:43,418 - INFO - [The Hindu] Early skip: URL https://www.thehindu.com/sci-tech/energy-and-environment/welcome-sc-order-on-aravallis-formation-of-new-panel-to-study-issue-union-environment-minister/article70449174.ece already exists.
2025-12-29 10:51:43,655 - INFO - [The Hindu] Early skip: URL https://www.thehindu.com/news/national/telangana/11-telangana-districts-record-less-than-10c-tiryani-in-asifabad-coldest-at-61c/article70449007.ece already exists.
2025-12-29 10:51:43,853 - INFO - [The Hindu] Early skip: URL https://www.thehindu.com/news/national/tamil-nadu/nainar-nagenthran-slams-dmk-govt-over-womens-safety-after-alleged-sexual-assault-of-seven-year-old-girl/article70448901.ece already exists.
2025-12-29 10:51:44,017 - INFO - [The Hindu] Early skip: URL https://www.thehindu.com/news/national/lalit-modi-issues-apology-after-biggest-fugitives-of-india-remark-in-viral-video-with-vijay-mallya/article70449050.ece already exists.
2025-12-29 10:51:44,261 - INFO - [The Hindu] Early skip: URL https://www.thehindu.com/news/national/assam/shah-inaugurates-227-crore-redeveloped-birthplace-of-srimanta-sankardeva/article70449056.ece already exists.
2025-12-29 10:51:44,363 - INFO - [The Hindu] Early skip: URL https://www.thehindu.com/news/national/andhra-pradesh/government-urged-to-allocate-15-lakh-acres-available-lands-to-sc-families-in-andhra-pradesh/article70448962.ece already exists.
2025-12-29 10:51:44,573 - INFO - [The Hindu] Article: https://www.thehindu.com/shorts/watch-cold-and-foggy-spell-grips-north-india/article70449107.ece
2025-12-29 10:51:44,573 - INFO - [The Hindu] Attempt 1/1: Trying with 'selenium_browser' strategy...
2025-12-29 10:51:55,721 - WARNING - [The Hindu] Page timed out (10s). Proceeding anyway.
2025-12-29 10:51:56,028 - WARNING - [The Hindu] FAILED with 'selenium_browser' (content was too short: 47 words).
2025-12-29 10:51:56,029 - ERROR - [The Hindu] All scrape strategies failed for https://www.thehindu.com/shorts/watch-cold-and-foggy-spell-grips-north-india/article70449107.ece. Falling back to RSS description.
2025-12-29 10:51:56,029 - WARNING - SKIPPED (GLOBAL WORD LIMIT): Article 'Watch: Cold and foggy spell grips North India' from The Hindu has only 3 words (Min: 90).
2025-12-29 10:51:56,790 - INFO - [The Hindu] Early skip: URL https://www.thehindu.com/news/national/congress-welcomes-sc-decision-to-stay-100-metre-definition-of-aravallis/article70449071.ece already exists.
2025-12-29 10:51:57,055 - INFO - [The Hindu] Early skip: URL https://www.thehindu.com/news/national/tamil-nadu/turmeric-exports-from-erode-district-see-5-rise-thanks-to-sustained-global-demand/article70448906.ece already exists.
2025-12-29 10:51:57,272 - INFO - [The Hindu] Article: https://www.thehindu.com/news/national/kerala/malayalam-actor-jayasurya-appears-before-ed-in-fema-case-probe/article70449051.ece
2025-12-29 10:51:57,272 - INFO - [The Hindu] Attempt 1/1: Trying with 'selenium_browser' strategy...
2025-12-29 10:52:00,308 - INFO - [The Hindu] Page content loaded.
2025-12-29 10:52:00,412 - WARNING - [The Hindu] FAILED with 'selenium_browser' (content was too short: 79 words).
2025-12-29 10:52:00,412 - ERROR - [The Hindu] All scrape strategies failed for https://www.thehindu.com/news/national/kerala/malayalam-actor-jayasurya-appears-before-ed-in-fema-case-probe/article70449051.ece. Falling back to RSS description.
2025-12-29 10:52:00,412 - WARNING - SKIPPED (GLOBAL WORD LIMIT): Article 'Malayalam actor Jayasurya appears before ED in FEMA case probe' from The Hindu has only 26 words (Min: 90).
2025-12-29 10:52:01,127 - INFO - [The Hindu] Early skip: URL https://www.thehindu.com/news/cities/Vijayawada/skill-centre-to-be-set-up-at-kbn-college-within-three-months-mp-kesineni-sivanath/article70446186.ece already exists.
2025-12-29 10:52:01,258 - INFO - [The Hindu] Early skip: URL https://www.thehindu.com/news/national/maharashtra/aimim-announces-candidates-for-thane-vasai-virar-civic-polls/article70448981.ece already exists.
2025-12-29 10:52:01,447 - INFO - [The Hindu] Early skip: URL https://www.thehindu.com/sci-tech/technology/coinbase-ceo-says-ex-employee-arrested-in-india/article70448478.ece already exists.
2025-12-29 10:52:01,706 - INFO - [The Hindu] Early skip: URL https://www.thehindu.com/news/national/kerala/ldf-regains-pullur-periya-panchayat-in-keralas-kasaragod-after-tie-break-decided-by-lots/article70448778.ece already exists.
2025-12-29 10:52:01,983 - INFO - [The Hindu] Early skip: URL https://www.thehindu.com/news/cities/Hyderabad/lt-bags-order-related-to-hyderabad-greenfield-radial-road/article70448877.ece already exists.
2025-12-29 10:52:02,254 - INFO - [The Hindu] Early skip: URL https://www.thehindu.com/news/national/unnao-rape-survivor-welcomes-sc-order-staying-suspension-of-kuldeep-sengars-life-sentence/article70448956.ece already exists.
2025-12-29 10:52:02,416 - INFO - [The Hindu] Early skip: URL https://www.thehindu.com/news/national/intense-cold-sweeps-punjab-haryana-dense-fog-reduces-visibility-at-many-places/article70448852.ece already exists.
2025-12-29 10:52:02,549 - INFO - [The Hindu] Early skip: URL https://www.thehindu.com/news/national/tamil-nadu/four-juveniles-arrested-for-attacking-maharashtra-youth-in-tamil-nadus-tiruvallur/article70448813.ece already exists.
2025-12-29 10:52:02,712 - INFO - [The Hindu] Early skip: URL https://www.thehindu.com/news/national/assam/tezpur-university-unrest-stakeholders-stage-24-hr-hunger-strike-to-mark-100-days-of-protest/article70448894.ece already exists.
2025-12-29 10:52:02,906 - INFO - [The Hindu] Early skip: URL https://www.thehindu.com/news/national/pm-modi-to-meet-economists-ahead-of-2026-27-budget/article70448869.ece already exists.
2025-12-29 10:52:03,088 - INFO - [The Hindu] Early skip: URL https://www.thehindu.com/news/national/telangana/ktr-accuses-congress-government-of-deliberately-stalling-palamururanga-reddy-project/article70448830.ece already exists.
2025-12-29 10:52:03,197 - INFO - [The Hindu] Early skip: URL https://www.thehindu.com/news/national/kerala/kerala-local-body-polls-agali-panchayat-president-quits-after-congress-threatens-legal-action-over-election-with-ldf-support/article70448799.ece already exists.
2025-12-29 10:52:03,338 - INFO - [The Hindu] Early skip: URL https://www.thehindu.com/news/national/maharashtra/2025-a-year-of-landmarkacquittals-questioning-credibility-of-terror-convictionsin-india/article70440669.ece already exists.
2025-12-29 10:52:03,480 - INFO - [The Hindu] Early skip: URL https://www.thehindu.com/news/cities/mumbai/navi-mumbai-police-bust-illegal-overseas-recruitment-agency-seven-booked/article70448817.ece already exists.
2025-12-29 10:52:03,765 - INFO - [The Hindu] Early skip: URL https://www.thehindu.com/news/national/kerala/congress-councillor-sabarinadhan-echoes-bjps-sreelekha-demands-cpim-mla-vk-prasanth-to-vacate-office-in-kerala-capital/article70448807.ece already exists.
2025-12-29 10:52:03,891 - INFO - [The Hindu] Early skip: URL https://www.thehindu.com/news/cities/Hyderabad/five-member-gang-held-for-extortion-and-wrongful-restraint-in-tolichowki/article70447192.ece already exists.
2025-12-29 10:52:04,133 - INFO - [The Hindu] Early skip: URL https://www.thehindu.com/sci-tech/energy-and-environment/supreme-court-puts-its-november-expert-report-in-abeyance-in-aravalli-hills-case/article70448773.ece already exists.
2025-12-29 10:52:04,259 - INFO - [The Hindu] Early skip: URL https://www.thehindu.com/news/national/kerala/congress-office-vandalised-in-keralas-kannur-party-blames-cpim/article70448715.ece already exists.
2025-12-29 10:52:04,388 - INFO - [The Hindu] (Thread) Finished. Attempting to shut down its Selenium driver.
2025-12-29 10:52:04,567 - INFO - [The Hindu] (Thread) driver.quit() successful.
2025-12-29 10:53:22,307 - ERROR - [Times of India] Request failed for strategy 'selenium_browser' on URL https://timesofindia.indiatimes.com/world/middle-east/saudi-arabia-suspends-umrah-company-after-pilgrims-arrive-without-promised-accommodation/articleshow/126213422.cms: HTTPConnectionPool(host='localhost', port=33309): Read timed out. (read timeout=120)
2025-12-29 10:53:22,308 - ERROR - [Times of India] All scrape strategies failed for https://timesofindia.indiatimes.com/world/middle-east/saudi-arabia-suspends-umrah-company-after-pilgrims-arrive-without-promised-accommodation/articleshow/126213422.cms. Falling back to RSS description.
2025-12-29 10:53:22,308 - WARNING - SKIPPED (GLOBAL WORD LIMIT): Article 'Saudi Arabia suspends Umrah company after pilgrims arrive without promised accommodation' from Times of India has only 60 words (Min: 90).
2025-12-29 10:53:23,546 - INFO - [Times of India] Article: https://timesofindia.indiatimes.com/world/middle-east/watch-video-dubai-crown-prince-sheikh-hamdan-and-his-kids-enjoy-emirati-heritage-planting-at-ghamran-camp/articleshow/126227122.cms
2025-12-29 10:53:23,546 - INFO - [Times of India] Attempt 1/1: Trying with 'selenium_browser' strategy...
2025-12-29 10:55:23,647 - ERROR - [Times of India] Request failed for strategy 'selenium_browser' on URL https://timesofindia.indiatimes.com/world/middle-east/watch-video-dubai-crown-prince-sheikh-hamdan-and-his-kids-enjoy-emirati-heritage-planting-at-ghamran-camp/articleshow/126227122.cms: HTTPConnectionPool(host='localhost', port=33309): Read timed out. (read timeout=120)
2025-12-29 10:55:23,647 - ERROR - [Times of India] All scrape strategies failed for https://timesofindia.indiatimes.com/world/middle-east/watch-video-dubai-crown-prince-sheikh-hamdan-and-his-kids-enjoy-emirati-heritage-planting-at-ghamran-camp/articleshow/126227122.cms. Falling back to RSS description.
2025-12-29 10:55:23,647 - WARNING - SKIPPED (GLOBAL WORD LIMIT): Article 'Watch Video: Dubai Crown Prince Sheikh Hamdan and his kids enjoy Emirati heritage planting at Ghamran Camp' from Times of India has only 50 words (Min: 90).
2025-12-29 10:55:24,893 - INFO - [Times of India] Article: https://timesofindia.indiatimes.com/world/rest-of-world/watch-russia-shares-ai-video-of-world-leaders-receiving-christmas-gifts-from-putin-what-pm-modi-trump-got/articleshow/126225854.cms
2025-12-29 10:55:24,893 - INFO - [Times of India] Attempt 1/1: Trying with 'selenium_browser' strategy...
2025-12-29 10:56:04,237 - CRITICAL - --- TIMEOUT: 1 scrape jobs did not complete in 300s. ---
2025-12-29 10:56:04,238 - ERROR - A thread has timed out and will be abandoned.
2025-12-29 10:56:04,238 - INFO - Shutting down thread pool (wait=False)...
2025-12-29 10:56:04,238 - INFO - Scraped: 1 BBC, 0 The Guardian, 0 The Hindu, 1 Timed_Out_Jobs articles. (Total saved: 1)
2025-12-29 10:56:04,238 - INFO - --- Scraping job finished ---
2025-12-29 10:56:04,238 - INFO - --- Scraper service stopped and database connection closed. ---
2025-12-29 10:56:04,238 - INFO - --- Main thread finished. Forcing process exit to kill zombie threads. ---
