2026-04-01 19:09:06,560 - INFO - Loading AI Semantic Model (all-MiniLM-L6-v2)...
2026-04-01 19:09:06,560 - INFO - Use pytorch device_name: cpu
2026-04-01 19:09:06,560 - INFO - Load pretrained SentenceTransformer: all-MiniLM-L6-v2
2026-04-01 19:09:06,712 - INFO - HTTP Request: HEAD https://huggingface.co/sentence-transformers/all-MiniLM-L6-v2/resolve/main/modules.json "HTTP/1.1 307 Temporary Redirect"
2026-04-01 19:09:06,713 - WARNING - Warning: You are sending unauthenticated requests to the HF Hub. Please set a HF_TOKEN to enable higher rate limits and faster downloads.
2026-04-01 19:09:06,734 - INFO - HTTP Request: HEAD https://huggingface.co/api/resolve-cache/models/sentence-transformers/all-MiniLM-L6-v2/c9745ed1d9f207416be6d2e6f8de32d1f16199bf/modules.json "HTTP/1.1 200 OK"
2026-04-01 19:09:06,796 - INFO - HTTP Request: HEAD https://huggingface.co/sentence-transformers/all-MiniLM-L6-v2/resolve/main/config_sentence_transformers.json "HTTP/1.1 307 Temporary Redirect"
2026-04-01 19:09:06,817 - INFO - HTTP Request: HEAD https://huggingface.co/api/resolve-cache/models/sentence-transformers/all-MiniLM-L6-v2/c9745ed1d9f207416be6d2e6f8de32d1f16199bf/config_sentence_transformers.json "HTTP/1.1 200 OK"
2026-04-01 19:09:06,881 - INFO - HTTP Request: HEAD https://huggingface.co/sentence-transformers/all-MiniLM-L6-v2/resolve/main/config_sentence_transformers.json "HTTP/1.1 307 Temporary Redirect"
2026-04-01 19:09:06,902 - INFO - HTTP Request: HEAD https://huggingface.co/api/resolve-cache/models/sentence-transformers/all-MiniLM-L6-v2/c9745ed1d9f207416be6d2e6f8de32d1f16199bf/config_sentence_transformers.json "HTTP/1.1 200 OK"
2026-04-01 19:09:06,964 - INFO - HTTP Request: HEAD https://huggingface.co/sentence-transformers/all-MiniLM-L6-v2/resolve/main/README.md "HTTP/1.1 307 Temporary Redirect"
2026-04-01 19:09:06,985 - INFO - HTTP Request: HEAD https://huggingface.co/api/resolve-cache/models/sentence-transformers/all-MiniLM-L6-v2/c9745ed1d9f207416be6d2e6f8de32d1f16199bf/README.md "HTTP/1.1 200 OK"
2026-04-01 19:09:07,047 - INFO - HTTP Request: HEAD https://huggingface.co/sentence-transformers/all-MiniLM-L6-v2/resolve/main/modules.json "HTTP/1.1 307 Temporary Redirect"
2026-04-01 19:09:07,068 - INFO - HTTP Request: HEAD https://huggingface.co/api/resolve-cache/models/sentence-transformers/all-MiniLM-L6-v2/c9745ed1d9f207416be6d2e6f8de32d1f16199bf/modules.json "HTTP/1.1 200 OK"
2026-04-01 19:09:07,129 - INFO - HTTP Request: HEAD https://huggingface.co/sentence-transformers/all-MiniLM-L6-v2/resolve/main/sentence_bert_config.json "HTTP/1.1 307 Temporary Redirect"
2026-04-01 19:09:07,150 - INFO - HTTP Request: HEAD https://huggingface.co/api/resolve-cache/models/sentence-transformers/all-MiniLM-L6-v2/c9745ed1d9f207416be6d2e6f8de32d1f16199bf/sentence_bert_config.json "HTTP/1.1 200 OK"
2026-04-01 19:09:07,213 - INFO - HTTP Request: HEAD https://huggingface.co/sentence-transformers/all-MiniLM-L6-v2/resolve/main/adapter_config.json "HTTP/1.1 404 Not Found"
2026-04-01 19:09:07,273 - INFO - HTTP Request: HEAD https://huggingface.co/sentence-transformers/all-MiniLM-L6-v2/resolve/main/config.json "HTTP/1.1 307 Temporary Redirect"
2026-04-01 19:09:07,294 - INFO - HTTP Request: HEAD https://huggingface.co/api/resolve-cache/models/sentence-transformers/all-MiniLM-L6-v2/c9745ed1d9f207416be6d2e6f8de32d1f16199bf/config.json "HTTP/1.1 200 OK"
2026-04-01 19:09:07,412 - WARNING - [1mBertModel LOAD REPORT[0m from: sentence-transformers/all-MiniLM-L6-v2
Key                     | Status     |  | 
------------------------+------------+--+-
embeddings.position_ids | UNEXPECTED |  | 

Notes:
- UNEXPECTED:	can be ignored when loading from different task/architecture; not ok if you expect identical arch.
2026-04-01 19:09:07,473 - INFO - HTTP Request: HEAD https://huggingface.co/sentence-transformers/all-MiniLM-L6-v2/resolve/main/config.json "HTTP/1.1 307 Temporary Redirect"
2026-04-01 19:09:07,494 - INFO - HTTP Request: HEAD https://huggingface.co/api/resolve-cache/models/sentence-transformers/all-MiniLM-L6-v2/c9745ed1d9f207416be6d2e6f8de32d1f16199bf/config.json "HTTP/1.1 200 OK"
2026-04-01 19:09:07,558 - INFO - HTTP Request: HEAD https://huggingface.co/sentence-transformers/all-MiniLM-L6-v2/resolve/main/tokenizer_config.json "HTTP/1.1 307 Temporary Redirect"
2026-04-01 19:09:07,580 - INFO - HTTP Request: HEAD https://huggingface.co/api/resolve-cache/models/sentence-transformers/all-MiniLM-L6-v2/c9745ed1d9f207416be6d2e6f8de32d1f16199bf/tokenizer_config.json "HTTP/1.1 200 OK"
2026-04-01 19:09:07,650 - INFO - HTTP Request: GET https://huggingface.co/api/models/sentence-transformers/all-MiniLM-L6-v2/tree/main/additional_chat_templates?recursive=false&expand=false "HTTP/1.1 404 Not Found"
2026-04-01 19:09:07,718 - INFO - HTTP Request: GET https://huggingface.co/api/models/sentence-transformers/all-MiniLM-L6-v2/tree/main?recursive=true&expand=false "HTTP/1.1 200 OK"
2026-04-01 19:09:07,825 - INFO - HTTP Request: HEAD https://huggingface.co/sentence-transformers/all-MiniLM-L6-v2/resolve/main/1_Pooling/config.json "HTTP/1.1 307 Temporary Redirect"
2026-04-01 19:09:07,846 - INFO - HTTP Request: HEAD https://huggingface.co/api/resolve-cache/models/sentence-transformers/all-MiniLM-L6-v2/c9745ed1d9f207416be6d2e6f8de32d1f16199bf/1_Pooling%2Fconfig.json "HTTP/1.1 200 OK"
2026-04-01 19:09:07,915 - INFO - HTTP Request: GET https://huggingface.co/api/models/sentence-transformers/all-MiniLM-L6-v2 "HTTP/1.1 200 OK"
2026-04-01 19:09:07,919 - INFO - AI Model loaded successfully.
2026-04-01 19:09:07,919 - INFO - --- Scraper service started (CI Mode: Run Once) ---
2026-04-01 19:09:07,919 - INFO - --- Starting new scraping job (Parallel Mode) ---
2026-04-01 19:09:07,919 - INFO - Connecting to Google Sheets...
2026-04-01 19:09:11,317 - INFO - Connected to Sheet: News Scrapper AI / Sheet1
2026-04-01 19:09:11,317 - INFO - Fetching existing data to build cache...
2026-04-01 19:09:23,655 - INFO - Loaded 47187 rows from sheet.
2026-04-01 19:09:24,511 - INFO - Cache built: 47187 URLs. Current MAX_ID: 47288
2026-04-01 19:09:24,517 - INFO - Creating new robust session with 3 retries on 5xx/connection/read errors.
2026-04-01 19:09:24,517 - INFO - Proxy is DISABLED.
2026-04-01 19:09:24,517 - INFO - Starting scrape for BBC RSS feed: http://feeds.bbci.co.uk/news/world/rss.xml
2026-04-01 19:09:24,519 - INFO - [Times of India] (Thread) requires Selenium. Initializing driver...
2026-04-01 19:09:24,519 - INFO - Starting scrape for The Guardian RSS feed: https://www.theguardian.com/world/rss
2026-04-01 19:09:24,520 - INFO - [The Hindu] (Thread) requires Selenium. Initializing driver...
2026-04-01 19:09:24,520 - INFO - [The Dawn] (Thread) requires Selenium. Initializing driver...
2026-04-01 19:09:24,521 - INFO - [Al Jazeera] (Thread) requires Selenium. Initializing driver...
2026-04-01 19:09:24,521 - INFO - Starting scrape for TechCrunch RSS feed: https://techcrunch.com/feed/
2026-04-01 19:09:24,522 - INFO - [Economic Times] (Thread) requires Selenium. Initializing driver...
2026-04-01 19:09:24,523 - INFO - Submitted 8 jobs to thread pool. Waiting up to 420s for completion...
2026-04-01 19:09:24,700 - INFO - Found 0 articles in TechCrunch RSS feed. Processing until 30 new articles are saved.
2026-04-01 19:09:24,781 - INFO - Found 45 articles in The Guardian RSS feed. Processing until 30 new articles are saved.
2026-04-01 19:09:24,781 - INFO - [The Guardian] Early skip: URL https://www.theguardian.com/us-news/2026/mar/30/ilhan-omar-false-reports-somaliland already exists.
2026-04-01 19:09:24,782 - INFO - [The Guardian] Early skip: URL https://www.theguardian.com/football/2026/mar/30/congo-brazzaville-jean-guy-blaise-mayolas-fifa-interpol-arrest-warrant already exists.
2026-04-01 19:09:24,784 - INFO - [The Guardian] Early skip: URL https://www.theguardian.com/environment/2026/mar/30/weather-tracker-thunderstorms-uae-united-arab-emirates-saudi-arabia already exists.
2026-04-01 19:09:24,785 - INFO - [The Guardian] Early skip: URL https://www.theguardian.com/global-development/2026/mar/30/urgent-action-needed-to-prevent-surge-in-digital-violence-in-africa-experts-say already exists.
2026-04-01 19:09:24,786 - INFO - [The Guardian] Early skip: URL https://www.theguardian.com/world/2026/mar/29/graaff-reinet-robert-sobukwe-south-african-town-name-change-stirs-racial-tensions already exists.
2026-04-01 19:09:24,787 - INFO - [The Guardian] Early skip: URL https://www.theguardian.com/world/2026/apr/01/stephen-lewis-canadian-politician-and-social-activist-dies-aged-88 already exists.
2026-04-01 19:09:24,789 - INFO - [The Guardian] Early skip: URL https://www.theguardian.com/us-news/2026/mar/31/gulf-of-mexico-drilling-endangered-species already exists.
2026-04-01 19:09:24,790 - INFO - [The Guardian] Early skip: URL https://www.theguardian.com/world/2026/mar/31/bolivia-clown-protests-decree-school-holiday-parties already exists.
2026-04-01 19:09:24,791 - INFO - [The Guardian] Early skip: URL https://www.theguardian.com/world/2026/mar/30/deaths-in-gang-attack-haitian-farming-area-far-exceed-initial-estimate already exists.
2026-04-01 19:09:24,793 - INFO - [The Guardian] Early skip: URL https://www.theguardian.com/world/2026/mar/30/canada-avi-lewis-elected-new-democratic-party already exists.
2026-04-01 19:09:24,794 - INFO - [The Guardian] Article: https://www.theguardian.com/technology/2026/apr/01/system-malfunction-causes-robotaxis-to-stall-in-the-middle-of-the-road-in-china
2026-04-01 19:09:24,794 - INFO - [The Guardian] Attempt 1/1: Trying with 'requests_browser' strategy...
2026-04-01 19:09:24,926 - INFO - [The Guardian] Success with 'requests_browser'. Found content (397 words).
2026-04-01 19:09:25,382 - INFO - Found 36 articles in BBC RSS feed. Processing until 30 new articles are saved.
2026-04-01 19:09:25,382 - INFO - [BBC] Early skip: URL https://www.bbc.com/news/articles/c79je4vldq5o?at_medium=RSS&at_campaign=rss already exists.
2026-04-01 19:09:25,383 - INFO - [BBC] Early skip: URL https://www.bbc.com/news/articles/cvg07j6yeweo?at_medium=RSS&at_campaign=rss already exists.
2026-04-01 19:09:25,385 - INFO - [BBC] Early skip: URL https://www.bbc.com/news/articles/cx2wq13758no?at_medium=RSS&at_campaign=rss already exists.
2026-04-01 19:09:25,386 - INFO - [BBC] Early skip: URL https://www.bbc.com/news/articles/c78l7vyylgqo?at_medium=RSS&at_campaign=rss already exists.
2026-04-01 19:09:25,387 - INFO - [BBC] Early skip: URL https://www.bbc.com/news/articles/cvge91r9j80o?at_medium=RSS&at_campaign=rss already exists.
2026-04-01 19:09:25,389 - INFO - [BBC] Early skip: URL https://www.bbc.com/news/articles/cj943rmkkm4o?at_medium=RSS&at_campaign=rss already exists.
2026-04-01 19:09:25,390 - INFO - [BBC] Early skip: URL https://www.bbc.com/news/articles/cly6387xgqxo?at_medium=RSS&at_campaign=rss already exists.
2026-04-01 19:09:25,391 - INFO - [BBC] Early skip: URL https://www.bbc.com/news/articles/c74vqd8k3g1o?at_medium=RSS&at_campaign=rss already exists.
2026-04-01 19:09:25,392 - INFO - [BBC] Early skip: URL https://www.bbc.com/news/articles/c5y7x7qre0zo?at_medium=RSS&at_campaign=rss already exists.
2026-04-01 19:09:25,393 - INFO - [BBC] Early skip: URL https://www.bbc.com/news/articles/cx29e3wljj2o?at_medium=RSS&at_campaign=rss already exists.
2026-04-01 19:09:25,395 - INFO - [BBC] Early skip: URL https://www.bbc.com/news/articles/cx2e78yk09no?at_medium=RSS&at_campaign=rss already exists.
2026-04-01 19:09:25,396 - INFO - [BBC] Early skip: URL https://www.bbc.com/news/articles/cvg4nre8nl9o?at_medium=RSS&at_campaign=rss already exists.
2026-04-01 19:09:25,397 - INFO - [BBC] Early skip: URL https://www.bbc.com/news/articles/c86e1403793o?at_medium=RSS&at_campaign=rss already exists.
2026-04-01 19:09:25,398 - INFO - [BBC] Early skip: URL https://www.bbc.com/news/articles/cm296yv05eeo?at_medium=RSS&at_campaign=rss already exists.
2026-04-01 19:09:25,399 - INFO - [BBC] Early skip: URL https://www.bbc.com/news/articles/c77m16n6dm0o?at_medium=RSS&at_campaign=rss already exists.
2026-04-01 19:09:25,400 - INFO - [BBC] Early skip: URL https://www.bbc.com/news/articles/c5yled478zwo?at_medium=RSS&at_campaign=rss already exists.
2026-04-01 19:09:25,402 - INFO - [BBC] Early skip: URL https://www.bbc.com/news/articles/c0le03ne05ro?at_medium=RSS&at_campaign=rss already exists.
2026-04-01 19:09:25,403 - INFO - [BBC] Early skip: URL https://www.bbc.com/news/articles/c5yx8knpr5no?at_medium=RSS&at_campaign=rss already exists.
2026-04-01 19:09:25,404 - INFO - [BBC] Early skip: URL https://www.bbc.com/news/articles/cm296jzzl9yo?at_medium=RSS&at_campaign=rss already exists.
2026-04-01 19:09:25,405 - INFO - [BBC] Early skip: URL https://www.bbc.com/news/articles/c7056exw78xo?at_medium=RSS&at_campaign=rss already exists.
2026-04-01 19:09:25,407 - INFO - [BBC] Early skip: URL https://www.bbc.com/news/articles/ce9mvzpvr7xo?at_medium=RSS&at_campaign=rss already exists.
2026-04-01 19:09:25,408 - INFO - [BBC] Early skip: URL https://www.bbc.com/news/articles/cze0kz7gr84o?at_medium=RSS&at_campaign=rss already exists.
2026-04-01 19:09:25,409 - INFO - [BBC] Early skip: URL https://www.bbc.com/news/articles/cz0e1myvl2ko?at_medium=RSS&at_campaign=rss already exists.
2026-04-01 19:09:25,410 - INFO - [BBC] Early skip: URL https://www.bbc.com/news/articles/c7vqnpqrgy3o?at_medium=RSS&at_campaign=rss already exists.
2026-04-01 19:09:25,412 - INFO - [BBC] Early skip: URL https://www.bbc.com/news/articles/cvglv5v4yvpo?at_medium=RSS&at_campaign=rss already exists.
2026-04-01 19:09:25,413 - INFO - [BBC] Early skip: URL https://www.bbc.com/news/articles/c0kr8lrpekmo?at_medium=RSS&at_campaign=rss already exists.
2026-04-01 19:09:25,414 - INFO - [BBC] Early skip: URL https://www.bbc.com/news/articles/cdj7e11pw10o?at_medium=RSS&at_campaign=rss already exists.
2026-04-01 19:09:25,415 - INFO - [BBC] Early skip: URL https://www.bbc.com/news/articles/cy91vrzxn34o?at_medium=RSS&at_campaign=rss already exists.
2026-04-01 19:09:25,417 - INFO - [BBC] Early skip: URL https://www.bbc.com/news/articles/crm17m2gzl2o?at_medium=RSS&at_campaign=rss already exists.
2026-04-01 19:09:25,418 - INFO - [BBC] Early skip: URL https://www.bbc.com/news/articles/cq59wj31vl4o?at_medium=RSS&at_campaign=rss already exists.
2026-04-01 19:09:25,419 - INFO - [BBC] Early skip: URL https://www.bbc.com/news/articles/cd6wp6xenv0o?at_medium=RSS&at_campaign=rss already exists.
2026-04-01 19:09:25,420 - INFO - [BBC] Article: https://www.bbc.com/news/videos/c3w3d9lqg2xo?at_medium=RSS&at_campaign=rss
2026-04-01 19:09:25,420 - INFO - [BBC] Attempt 1/1: Trying with 'requests_browser' strategy...
2026-04-01 19:09:25,925 - WARNING - [BBC] FAILED with 'requests_browser' (content was too short: 79 words).
2026-04-01 19:09:25,925 - ERROR - [BBC] All scrape strategies failed for https://www.bbc.com/news/videos/c3w3d9lqg2xo?at_medium=RSS&at_campaign=rss. Falling back to RSS description.
2026-04-01 19:09:25,925 - WARNING - SKIPPED (GLOBAL WORD LIMIT): Article ''It's phenomenal!': Excitement in Florida ahead of Artemis launch' from BBC has only 18 words (Min: 90).
2026-04-01 19:09:26,896 - INFO - [BBC] Early skip: URL https://www.bbc.com/news/videos/cvgknq28nlko?at_medium=RSS&at_campaign=rss already exists.
2026-04-01 19:09:26,906 - INFO - [BBC] Article: https://www.bbc.com/news/videos/cjw8vqnlzxvo?at_medium=RSS&at_campaign=rss
2026-04-01 19:09:26,909 - INFO - [BBC] Attempt 1/1: Trying with 'requests_browser' strategy...
2026-04-01 19:09:27,141 - INFO - Selenium driver initialized successfully (Eager load strategy, 7s timeout).
2026-04-01 19:09:27,142 - INFO - Starting scrape for Al Jazeera RSS feed: https://www.aljazeera.com/xml/rss/all.xml
2026-04-01 19:09:27,179 - WARNING - [BBC] FAILED with 'requests_browser' (content was too short: 61 words).
2026-04-01 19:09:27,179 - ERROR - [BBC] All scrape strategies failed for https://www.bbc.com/news/videos/cjw8vqnlzxvo?at_medium=RSS&at_campaign=rss. Falling back to RSS description.
2026-04-01 19:09:27,180 - WARNING - SKIPPED (GLOBAL WORD LIMIT): Article 'How Australia’s seven-month-long manhunt came to an end' from BBC has only 21 words (Min: 90).
2026-04-01 19:09:27,225 - INFO - Selenium driver initialized successfully (Eager load strategy, 7s timeout).
2026-04-01 19:09:27,226 - INFO - Starting scrape for Economic Times RSS feed: https://economictimes.indiatimes.com/rssfeedsdefault.cms
2026-04-01 19:09:27,249 - INFO - Selenium driver initialized successfully (Eager load strategy, 7s timeout).
2026-04-01 19:09:27,249 - INFO - Starting scrape for The Hindu RSS feed: https://www.thehindu.com/news/national/feeder/default.rss
2026-04-01 19:09:27,289 - INFO - Selenium driver initialized successfully (Eager load strategy, 7s timeout).
2026-04-01 19:09:27,289 - INFO - Starting scrape for Times of India RSS feed: https://timesofindia.indiatimes.com/rssfeeds/296589292.cms
2026-04-01 19:09:27,313 - INFO - Selenium driver initialized successfully (Eager load strategy, 7s timeout).
2026-04-01 19:09:27,313 - INFO - Starting scrape for The Dawn RSS feed: https://www.dawn.com/feeds/home
2026-04-01 19:09:27,437 - INFO - Found 25 articles in Al Jazeera RSS feed. Processing until 30 new articles are saved.
2026-04-01 19:09:27,440 - INFO - [Al Jazeera] Article: https://www.aljazeera.com/video/the-take-2/2026/4/1/aje-onl-tt_irn_scholasticide_av_v3-010426?traffic_source=rss
2026-04-01 19:09:27,440 - INFO - [Al Jazeera] Attempt 1/2: Trying with 'requests_browser' strategy...
2026-04-01 19:09:27,501 - INFO - Found 60 articles in The Hindu RSS feed. Processing until 30 new articles are saved.
2026-04-01 19:09:27,501 - INFO - [The Hindu] Article: https://www.thehindu.com/news/national/asking-allies-to-contest-on-principal-partys-symbol-is-wrong-p-shanmugam/article70812714.ece
2026-04-01 19:09:27,501 - INFO - [The Hindu] Attempt 1/1: Trying with 'selenium_browser' strategy...
2026-04-01 19:09:27,543 - INFO - Found 20 articles in Times of India RSS feed. Processing until 30 new articles are saved.
2026-04-01 19:09:27,546 - INFO - [Times of India] Article: https://timesofindia.indiatimes.com/world/us/today-is-not-the-day-kristi-noems-husband-says-he-will-reveal-his-side-of-story-on-secret-life/articleshow/129961050.cms
2026-04-01 19:09:27,546 - INFO - [Times of India] Attempt 1/1: Trying with 'selenium_browser' strategy...
2026-04-01 19:09:27,555 - INFO - [Al Jazeera] Success with 'requests_browser'. Found content (153 words).
2026-04-01 19:09:27,606 - INFO - Found 76 articles in Economic Times RSS feed. Processing until 30 new articles are saved.
2026-04-01 19:09:27,607 - INFO - [Economic Times] Early skip: URL https://economictimes.indiatimes.com/markets/stocks/news/explained-why-global-brokerages-are-hitting-the-panic-button-on-india-fii-exodus-and-oil-shock-raising-alarms/articleshow/129943613.cms already exists.
2026-04-01 19:09:27,608 - INFO - [Economic Times] Early skip: URL https://economictimes.indiatimes.com/markets/commodities/news/oil-slides-over-3-as-middle-east-uncertainty-keeps-markets-on-edge/articleshow/129944323.cms already exists.
2026-04-01 19:09:27,609 - INFO - [Economic Times] Early skip: URL https://economictimes.indiatimes.com/markets/stocks/news/cochin-shipyard-shares-rally-15-add-rs-4700-crore-to-market-value-whats-behind-the-surge/articleshow/129944030.cms already exists.
2026-04-01 19:09:27,610 - INFO - [Economic Times] Early skip: URL https://economictimes.indiatimes.com/markets/stocks/news/fii-exodus-hits-record-rs-1-6-lakh-crore-in-fy26-despite-strong-dii-cushion/articleshow/129938801.cms already exists.
2026-04-01 19:09:27,612 - INFO - [Economic Times] Early skip: URL https://economictimes.indiatimes.com/markets/forex/forex-news/rupee-tops-asias-worst-performers-list-with-9-9-slide-in-fy26/articleshow/129938831.cms already exists.
2026-04-01 19:09:27,613 - INFO - [Economic Times] Early skip: URL https://economictimes.indiatimes.com/markets/stocks/news/home-bulls-just-waiting-for-the-bullets-to-stop-flying/articleshow/129938700.cms already exists.
2026-04-01 19:09:27,614 - INFO - [Economic Times] Early skip: URL https://economictimes.indiatimes.com/news/economy/foreign-trade/japan-to-create-special-cell-to-push-fdi-into-india/articleshow/129933023.cms already exists.
2026-04-01 19:09:27,615 - INFO - [Economic Times] Early skip: URL https://economictimes.indiatimes.com/news/india/finance-minister-nirmala-sitharaman-assures-fiscal-vigil-amid-oil-spike/articleshow/129853830.cms already exists.
2026-04-01 19:09:27,617 - INFO - [Economic Times] Early skip: URL https://economictimes.indiatimes.com/news/economy/foreign-trade/india-us-review-next-steps-in-trade-pact-talks/articleshow/129853750.cms already exists.
2026-04-01 19:09:27,618 - INFO - [Economic Times] Early skip: URL https://economictimes.indiatimes.com/news/economy/finance/india-may-face-credit-stress-if-gulf-conflict-drags-on-moodys/articleshow/129853510.cms already exists.
2026-04-01 19:09:27,619 - INFO - [Economic Times] Early skip: URL https://economictimes.indiatimes.com/news/economy/foreign-trade/india-gathers-data-to-counter-us-claims-of-excess-capacity/articleshow/129810831.cms already exists.
2026-04-01 19:09:27,620 - INFO - [Economic Times] Early skip: URL https://economictimes.indiatimes.com/news/economy/policy/inflation-target-held-at-4-for-next-five-years/articleshow/129810690.cms already exists.
2026-04-01 19:09:27,622 - INFO - [Economic Times] Early skip: URL https://economictimes.indiatimes.com/tech/technology/apple-faces-indian-engineers-bias-lawsuit/articleshow/81694292.cms already exists.
2026-04-01 19:09:27,623 - INFO - [Economic Times] Early skip: URL https://economictimes.indiatimes.com/news/defence/despite-transatlantic-love-fest-eu-charts-third-way-in-ties-with-us-and-china/articleshow/81467467.cms already exists.
2026-04-01 19:09:27,624 - INFO - [Economic Times] Early skip: URL https://economictimes.indiatimes.com/tech/tech-bytes/twitters-india-policy-head-to-step-down-will-transition-in-march/articleshow/80732868.cms already exists.
2026-04-01 19:09:27,625 - INFO - [Economic Times] Early skip: URL https://economictimes.indiatimes.com/tech/tech-and-gadgets/govt-may-keep-rs-7500-cr-outlay-for-it-hardware-manufacturing-under-pli-scheme/articleshow/80333429.cms already exists.
2026-04-01 19:09:27,627 - INFO - [Economic Times] Early skip: URL https://economictimes.indiatimes.com/tech/technology/indian-dating-apps-services-see-surge-of-paying-users-in-small-cities/articleshow/80063342.cms already exists.
2026-04-01 19:09:27,628 - INFO - [Economic Times] Article: https://economictimes.indiatimes.com/tech/technology/time-for-govt-cos-to-adopt-ai-deloitte-india/articleshow/79981215.cms
2026-04-01 19:09:27,628 - INFO - [Economic Times] Attempt 1/2: Trying with 'requests_browser' strategy...
2026-04-01 19:09:28,166 - ERROR - parsed tree length: 1, wrong data type or not valid HTML
2026-04-01 19:09:28,167 - ERROR - empty HTML tree: None
2026-04-01 19:09:28,167 - WARNING - discarding data: None
2026-04-01 19:09:28,167 - WARNING - [Economic Times] FAILED with 'requests_browser' (content was too short: 0 words).
2026-04-01 19:09:28,170 - INFO - [The Hindu] Page content loaded.
2026-04-01 19:09:28,239 - INFO - [The Hindu] Success with 'selenium_browser'. Found content (2940 words).
2026-04-01 19:09:28,477 - INFO - Found 28 articles in The Dawn RSS feed. Processing until 30 new articles are saved.
2026-04-01 19:09:28,478 - INFO - [The Dawn] Early skip: URL https://www.dawn.com/news/1987562/devoid-of-facts-info-ministry-rubbishes-claims-of-barbed-wire-being-removed-along-pak-afghan-border already exists.
2026-04-01 19:09:28,483 - INFO - [The Dawn] Article: https://www.dawn.com/news/1987575/us-supreme-court-justices-skeptical-of-trumps-order-to-restrict-birthright-citizenship
2026-04-01 19:09:28,483 - INFO - [The Dawn] Attempt 1/2: Trying with 'requests_browser' strategy...
2026-04-01 19:09:28,509 - ERROR - [The Dawn] Request failed for strategy 'requests_browser' on URL https://www.dawn.com/news/1987575/us-supreme-court-justices-skeptical-of-trumps-order-to-restrict-birthright-citizenship: 403 Client Error: Forbidden for url: https://www.dawn.com/news/1987575/us-supreme-court-justices-skeptical-of-trumps-order-to-restrict-birthright-citizenship
2026-04-01 19:09:28,518 - INFO - [BBC] Early skip: URL https://www.bbc.com/news/videos/ce354d73v2ko?at_medium=RSS&at_campaign=rss already exists.
2026-04-01 19:09:28,520 - INFO - [BBC] Article: https://www.bbc.com/news/videos/c4gx042nlezo?at_medium=RSS&at_campaign=rss
2026-04-01 19:09:28,520 - INFO - [BBC] Attempt 1/1: Trying with 'requests_browser' strategy...
2026-04-01 19:09:28,606 - WARNING - [BBC] FAILED with 'requests_browser' (content was too short: 88 words).
2026-04-01 19:09:28,606 - ERROR - [BBC] All scrape strategies failed for https://www.bbc.com/news/videos/c4gx042nlezo?at_medium=RSS&at_campaign=rss. Falling back to RSS description.
2026-04-01 19:09:28,606 - WARNING - SKIPPED (GLOBAL WORD LIMIT): Article 'Watch: Iconic global landmarks turn off lights for Earth Hour' from BBC has only 23 words (Min: 90).
2026-04-01 19:09:28,621 - INFO - [Times of India] Page content loaded.
2026-04-01 19:09:28,962 - INFO - [Times of India] Success with 'selenium_browser'. Found content (333 words).
2026-04-01 19:09:29,084 - INFO - [Economic Times] Article: https://economictimes.indiatimes.com/tech/technology/time-for-govt-cos-to-adopt-ai-deloitte-india/articleshow/79981215.cms
2026-04-01 19:09:29,084 - INFO - [Economic Times] Attempt 2/2: Trying with 'selenium_browser' strategy...
2026-04-01 19:09:29,190 - INFO - [The Dawn] Article: https://www.dawn.com/news/1987575/us-supreme-court-justices-skeptical-of-trumps-order-to-restrict-birthright-citizenship
2026-04-01 19:09:29,190 - INFO - [The Dawn] Attempt 2/2: Trying with 'selenium_browser' strategy...
2026-04-01 19:09:30,889 - INFO - [Economic Times] Page content loaded.
2026-04-01 19:09:31,508 - WARNING - [Economic Times] FAILED with 'selenium_browser' (content was too short: 74 words).
2026-04-01 19:09:31,508 - ERROR - [Economic Times] All scrape strategies failed for https://economictimes.indiatimes.com/tech/technology/time-for-govt-cos-to-adopt-ai-deloitte-india/articleshow/79981215.cms. Falling back to RSS description.
2026-04-01 19:09:31,508 - WARNING - SKIPPED (GLOBAL WORD LIMIT): Article 'Time for government, companies to adopt artificial intelligence: Deloitte India ' from Economic Times has only 49 words (Min: 90).
2026-04-01 19:09:32,380 - INFO - [The Dawn] Page content loaded.
2026-04-01 19:09:32,857 - INFO - [Economic Times] Early skip: URL https://economictimes.indiatimes.com/news/defence/boots-on-ground-may-not-be-needed-secretary-of-state-marco-rubio-on-iran-war/articleshow/129853253.cms already exists.
2026-04-01 19:09:32,858 - INFO - [Economic Times] Early skip: URL https://economictimes.indiatimes.com/news/international/world-news/whats-happening-with-iran-us-talks/articleshow/129827872.cms already exists.
2026-04-01 19:09:32,860 - INFO - [Economic Times] Early skip: URL https://economictimes.indiatimes.com/news/new-updates/as-asim-munir-pitches-peace-iran-blocks-pakistans-cargo-ship-at-strait-of-hormuz/articleshow/129796581.cms already exists.
2026-04-01 19:09:32,863 - INFO - [Economic Times] Early skip: URL https://economictimes.indiatimes.com/news/international/world-news/price-availability-does-a-new-gas-crisis-await-europe/articleshow/129707936.cms already exists.
2026-04-01 19:09:32,869 - INFO - [Economic Times] Early skip: URL https://economictimes.indiatimes.com/news/international/world-news/europeans-cautious-as-they-scramble-to-digest-major-us-israeli-attack-on-iran/articleshow/128885272.cms already exists.
2026-04-01 19:09:32,871 - INFO - [Economic Times] Early skip: URL https://economictimes.indiatimes.com/news/international/world-news/nepal-votes-on-march-5-focus-on-jobs-economy/articleshow/128862431.cms already exists.
2026-04-01 19:09:32,873 - INFO - [Economic Times] Early skip: URL https://economictimes.indiatimes.com/news/elections/assembly-elections/assam/done-deal-cm-himanta-biswa-sarma-on-nda-seat-sharing-for-assam-polls/articleshow/128678098.cms already exists.
2026-04-01 19:09:32,874 - INFO - [Economic Times] Early skip: URL https://economictimes.indiatimes.com/news/elections/assembly-elections/bihar/rare-intensive-revision-in-bihar-four-months-before-polls/articleshow/122167501.cms already exists.
2026-04-01 19:09:32,875 - INFO - [Economic Times] Early skip: URL https://economictimes.indiatimes.com/news/elections/assembly-elections/delhi/bjp-accuses-kejriwal-of-sending-voters-hoax-calls-to-mislead/articleshow/117579007.cms already exists.
2026-04-01 19:09:32,879 - INFO - [Economic Times] Early skip: URL https://economictimes.indiatimes.com/news/elections/lok-sabha/india/lok-sabha-election-2024-maharashtra-get-interesting-after-splits-in-shiv-sena-ncp/articleshow/108559788.cms already exists.
2026-04-01 19:09:32,881 - INFO - [Economic Times] Early skip: URL https://economictimes.indiatimes.com/news/elections/lok-sabha/india/modi-charisma-key-factor-in-bjps-bid-to-retain-all-26-seats-in-gujarat/articleshow/108550858.cms already exists.
2026-04-01 19:09:32,883 - INFO - [Economic Times] Early skip: URL https://economictimes.indiatimes.com/news/elections/lok-sabha/india/implementation-of-guarantees-decline-of-brs-favour-congress-in-telangana-bjp-aiming-for-better-show/articleshow/108548569.cms already exists.
2026-04-01 19:09:32,888 - INFO - [Economic Times] Early skip: URL https://economictimes.indiatimes.com/traders-bet-on-calendar-spread-as-nifty-moves-in-a-tight-range/articleshow/6302358.cms already exists.
2026-04-01 19:09:32,890 - INFO - [Economic Times] Early skip: URL https://economictimes.indiatimes.com/nifty-may-find-support-at-5300-level/articleshow/6296017.cms already exists.
2026-04-01 19:09:32,892 - INFO - [Economic Times] Early skip: URL https://economictimes.indiatimes.com/seven-out-of-top-10-asian-small-cap-funds-are-indian/articleshow/6295976.cms already exists.
2026-04-01 19:09:32,895 - INFO - [Economic Times] Early skip: URL https://economictimes.indiatimes.com/inflation-reflects-growth-dynamics-in-india-christopher-wood/articleshow/6274053.cms already exists.
2026-04-01 19:09:32,896 - INFO - [Economic Times] Early skip: URL https://economictimes.indiatimes.com/market-may-trade-in-a-range-but-fiis-seen-sold-on-india/articleshow/6277705.cms already exists.
2026-04-01 19:09:32,898 - INFO - [Economic Times] Early skip: URL https://economictimes.indiatimes.com/dont-bank-only-on-price-to-earning-ratio/articleshow/6278228.cms already exists.
2026-04-01 19:09:32,899 - INFO - [Economic Times] Early skip: URL https://economictimes.indiatimes.com/markets/stocks/recos/prabhudas-lilladher-has-a-reduce-rating-on-infosys/articleshow/3798718.cms already exists.
2026-04-01 19:09:32,901 - INFO - [Economic Times] Early skip: URL https://economictimes.indiatimes.com/markets/stocks/recos/fin-crisis-too-late-and-too-little-done-in-us/articleshow/3794549.cms already exists.
2026-04-01 19:09:32,903 - INFO - [Economic Times] Early skip: URL https://economictimes.indiatimes.com/markets/forex/weak-rupee-takes-its-toll-on-cos-with-huge-foreign-debt/articleshow/3546158.cms already exists.
2026-04-01 19:09:32,904 - INFO - [Economic Times] Early skip: URL https://economictimes.indiatimes.com/markets/stocks/recos/wait-for-more-signals-before-turning-positive/articleshow/3292640.cms already exists.
2026-04-01 19:09:32,906 - INFO - [Economic Times] Early skip: URL https://economictimes.indiatimes.com/news/company/corporate-trends/six-indian-cos-among-businessweeks-top-100-infotech-firms/articleshow/3189334.cms already exists.
2026-04-01 19:09:32,908 - INFO - [Economic Times] Early skip: URL https://economictimes.indiatimes.com/news/company/corporate-trends/indian-firms-slip-in-global-ranking-four-move-out-of-top-500/articleshow/3177077.cms already exists.
2026-04-01 19:09:32,910 - INFO - [Economic Times] Early skip: URL https://economictimes.indiatimes.com/markets/stocks/news/big-daddy-laps-up-cipla-after-q1-nos-beat-forecast/articleshow/6308646.cms already exists.
2026-04-01 19:09:32,913 - INFO - [Economic Times] Early skip: URL https://economictimes.indiatimes.com/markets/stocks/news/old-fox-has-dream-run-on-dalal-street/articleshow/6308631.cms already exists.
2026-04-01 19:09:32,916 - INFO - [Economic Times] Early skip: URL https://economictimes.indiatimes.com/markets/stocks/news/cairn-india-hits-record-high-on-bse-amid-stake-sale-talks/articleshow/6306679.cms already exists.
2026-04-01 19:09:32,917 - INFO - [Economic Times] Early skip: URL https://economictimes.indiatimes.com/markets/stocks/news/vedanta-plunges-5-59-per-cent-on-lse-amid-talks-to-buy-cairn-stake/articleshow/6306526.cms already exists.
2026-04-01 19:09:32,919 - INFO - [Economic Times] Early skip: URL https://economictimes.indiatimes.com/markets/stocks/news/sbi-shares-on-gaining-spree-hit-record-high/articleshow/6306241.cms already exists.
2026-04-01 19:09:32,922 - INFO - [Economic Times] Early skip: URL https://economictimes.indiatimes.com/fm-must-rethink/articleshow/5645094.cms already exists.
2026-04-01 19:09:32,923 - INFO - [Economic Times] Early skip: URL https://economictimes.indiatimes.com/amalgamate-banks/articleshow/5645086.cms already exists.
2026-04-01 19:09:32,925 - INFO - [Economic Times] Early skip: URL https://economictimes.indiatimes.com/managing-data/articleshow/5117958.cms already exists.
2026-04-01 19:09:32,927 - INFO - [Economic Times] Early skip: URL https://economictimes.indiatimes.com/right-technology/articleshow/5117957.cms already exists.
2026-04-01 19:09:32,929 - INFO - [Economic Times] Early skip: URL https://economictimes.indiatimes.com/et-search/articleshow/21646857.cms already exists.
2026-04-01 19:09:32,936 - INFO - [Economic Times] Early skip: URL https://economictimes.indiatimes.com/after-the-oscars-whats-next-for-silent-stars-of-the-artist/articleshow/12075465.cms already exists.
2026-04-01 19:09:32,939 - INFO - [Economic Times] Early skip: URL https://economictimes.indiatimes.com/delhi-world-book-fair-a-fair-like-no-other/articleshow/12028630.cms already exists.
2026-04-01 19:09:32,940 - INFO - [Economic Times] Early skip: URL https://economictimes.indiatimes.com/lk-advanis-gift-makes-its-way-to-state-department-exhibition-hall/articleshow/12017534.cms already exists.
2026-04-01 19:09:32,945 - INFO - [Economic Times] Early skip: URL https://economictimes.indiatimes.com/india-meteorological-department-to-use-dynamic-models-for-forecasts/articleshow/11983844.cms already exists.
2026-04-01 19:09:32,951 - INFO - [Economic Times] Early skip: URL https://economictimes.indiatimes.com/documents-reveal-contents-of-the-first-telegraph-message-between-india-england/articleshow/11976488.cms already exists.
2026-04-01 19:09:32,953 - INFO - [Economic Times] Early skip: URL https://economictimes.indiatimes.com/worried-amitabh-bachchan-fans-pray-to-lord-shiva-for-his-recovery/articleshow/11963187.cms already exists.
2026-04-01 19:09:32,956 - INFO - [Economic Times] Early skip: URL https://economictimes.indiatimes.com/opinion/interviews/every-decision-of-government-neednt-be-a-big-reform-anand-mahindra/articleshow/35919571.cms already exists.
2026-04-01 19:09:32,959 - INFO - [Economic Times] Early skip: URL https://economictimes.indiatimes.com/opinion/interviews/narendra-modi-has-his-eyes-set-on-boosting-business-joao-cravinho-eu-ambassador/articleshow/35973824.cms already exists.
2026-04-01 19:09:32,960 - INFO - [Economic Times] Early skip: URL https://economictimes.indiatimes.com/opinion/interviews/confidence-level-of-industry-improving-kv-kamath-icici-bank/articleshow/35945669.cms already exists.
2026-04-01 19:09:32,961 - INFO - [Economic Times] Early skip: URL https://economictimes.indiatimes.com/opinion/interviews/we-may-see-rapid-growth-over-the-next-few-years-raamdeo-agrawal/articleshow/35831378.cms already exists.
2026-04-01 19:09:32,963 - INFO - [Economic Times] Early skip: URL https://economictimes.indiatimes.com/opinion/interviews/our-commitment-for-press-freedom-and-autonomy-of-public-broadcast-is-absolute-prakash-javadekar/articleshow/35803396.cms already exists.
2026-04-01 19:09:32,965 - INFO - [Economic Times] Early skip: URL https://economictimes.indiatimes.com/opinion/interviews/there-is-a-leadership-vacuum-in-infosys-time-to-get-nandan-nilekani-back-mohandas-pai/articleshow/35716682.cms already exists.
2026-04-01 19:09:32,968 - INFO - [Economic Times] Early skip: URL https://economictimes.indiatimes.com/markets/stocks/news/oil-prices-to-hit-150-how-indian-stock-markets-may-react-as-iran-war-rages-on/articleshow/129587020.cms already exists.
2026-04-01 19:09:32,969 - INFO - [Economic Times] Early skip: URL https://economictimes.indiatimes.com/markets/us-stocks/news/why-a-7030-india-global-portfolio-makes-sense-in-a-changing-world-subho-moulik-decodes/articleshow/127604085.cms already exists.
2026-04-01 19:09:32,970 - INFO - [Economic Times] Early skip: URL https://economictimes.indiatimes.com/markets/expert-view/kaynes-shares-plunge-43-from-october-peak-is-a-tactical-rebound-on-the-cards-or-more-pain-ahead/articleshow/125815992.cms already exists.
2026-04-01 19:09:32,972 - INFO - [Economic Times] Early skip: URL https://economictimes.indiatimes.com/markets/stocks/news/warren-buffett-is-buying-michael-burry-is-shorting-the-ai-trade-splitting-wall-street/articleshow/125815521.cms already exists.
2026-04-01 19:09:32,981 - INFO - [Economic Times] Early skip: URL https://economictimes.indiatimes.com/markets/ipos/fpos/softbank-backed-acevector-files-updated-ipo-papers-targets-to-raise-rs-300-cr-via-fresh-issue/articleshow/125813493.cms already exists.
2026-04-01 19:09:32,987 - INFO - [Economic Times] Early skip: URL https://economictimes.indiatimes.com/markets/stocks/news/mcap-of-five-of-top-10-most-valued-firms-surges-rs-72285-cr-tcs-infosys-biggest-winners/articleshow/125813435.cms already exists.
2026-04-01 19:09:32,989 - INFO - [Economic Times] Early skip: URL https://economictimes.indiatimes.com/markets/stocks/news/alfa-laval-raises-delisting-price-to-rs-2850-a-share/articleshow/11437373.cms already exists.
2026-04-01 19:09:32,990 - INFO - [Economic Times] Early skip: URL https://economictimes.indiatimes.com/markets/stocks/news/db-realty-unitech-stocks-rose-after-top-executives-granted-bail-in-2g-scam/articleshow/10925114.cms already exists.
2026-04-01 19:09:32,992 - INFO - [Economic Times] Early skip: URL https://economictimes.indiatimes.com/markets/stocks/news/fitch-withdraws-reliance-capital-ratings/articleshow/10430814.cms already exists.
2026-04-01 19:09:32,994 - INFO - [Economic Times] Early skip: URL https://economictimes.indiatimes.com/markets/stocks/news/discoms-poor-financial-health-poses-risks-for-power-traders-fitch/articleshow/10430186.cms already exists.
2026-04-01 19:09:32,995 - INFO - [Economic Times] Early skip: URL https://economictimes.indiatimes.com/markets/stocks/news/cigarette-companies-price-hikes-with-higher-volumes-hold-promise/articleshow/9277179.cms already exists.
2026-04-01 19:09:32,996 - INFO - [Economic Times] Early skip: URL https://economictimes.indiatimes.com/markets/stocks/news/lovable-lingeries-dream-run-on-as-traders-lap-it-up/articleshow/8894615.cms already exists.
2026-04-01 19:09:32,998 - INFO - [Economic Times] (Thread) Finished. Attempting to shut down its Selenium driver.
2026-04-01 19:09:33,113 - INFO - [Economic Times] (Thread) driver.quit() successful.
2026-04-01 19:09:33,589 - INFO - [The Dawn] Success with 'selenium_browser'. Found content (967 words).
2026-04-01 19:10:10,165 - INFO - DEDUPLICATION: Found match (Score: 0.87). Linking to Cluster ID: f7082c47-0413-4d27-99aa-7dc6f931a312
2026-04-01 19:10:12,507 - INFO - >>> SUCCESSFULLY SAVED [ID: 47289] - ‘System malfunction’ causes robotaxis to stall in the middle of the road in China | Self-driving cars | The Guardian from The Guardian (397 words)
2026-04-01 19:10:13,829 - INFO - [The Guardian] Early skip: URL https://www.theguardian.com/world/2026/apr/01/iran-energy-crisis-asia-dirty-fuels-coal already exists.
2026-04-01 19:10:13,831 - INFO - [The Guardian] Early skip: URL https://www.theguardian.com/world/2026/apr/01/molly-border-collie-rescued-new-zealand already exists.
2026-04-01 19:10:13,833 - INFO - [The Guardian] Early skip: URL https://www.theguardian.com/world/2026/apr/01/japan-allows-divorced-couples-to-negotiate-joint-custody-of-children-for-first-time already exists.
2026-04-01 19:10:13,835 - INFO - [The Guardian] Early skip: URL https://www.theguardian.com/world/2026/mar/31/pakistan-china-propose-five-part-peace-plan-middle-east already exists.
2026-04-01 19:10:13,836 - INFO - [The Guardian] Early skip: URL https://www.theguardian.com/australia-news/2026/apr/01/nsw-corrections-allegedly-listened-phone-calls-illegally-ntwnfb already exists.
2026-04-01 19:10:13,839 - INFO - [The Guardian] Early skip: URL https://www.theguardian.com/australia-news/2026/apr/01/senior-queensland-judge-jim-henry-criticises-criminal-trial-delays already exists.
2026-04-01 19:10:13,840 - INFO - [The Guardian] Early skip: URL https://www.theguardian.com/australia-news/2026/apr/02/labor-claims-some-states-standing-in-the-way-of-getting-those-guns-off-our-streets-ntwnfb already exists.
2026-04-01 19:10:13,842 - INFO - [The Guardian] Early skip: URL https://www.theguardian.com/australia-news/2026/apr/01/chalmers-says-small-business-paying-the-price-for-middle-east-conflict-as-he-unveils-support-measures already exists.
2026-04-01 19:10:13,844 - INFO - [The Guardian] Early skip: URL https://www.theguardian.com/australia-news/live/2026/apr/01/australian-politics-live-cost-of-living-fuel-crisis-excise-inflation-anthony-albanese-jim-chalmers-budget-health-insurance-premiums-ntwnfb already exists.
2026-04-01 19:10:13,846 - INFO - [The Guardian] Article: https://www.theguardian.com/world/2026/apr/01/swedish-pm-offers-deal-that-could-see-far-right-allowed-into-government
2026-04-01 19:10:13,846 - INFO - [The Guardian] Attempt 1/1: Trying with 'requests_browser' strategy...
2026-04-01 19:10:14,038 - INFO - [The Guardian] Success with 'requests_browser'. Found content (588 words).
2026-04-01 19:10:33,953 - INFO - >>> SUCCESSFULLY SAVED [ID: 47290] - Why Iran says its universities are being targeted | News | Al Jazeera from Al Jazeera (153 words)
2026-04-01 19:10:34,790 - INFO - [Al Jazeera] Article: https://www.aljazeera.com/video/newsfeed/2026/4/1/iraq-coach-says-world-cup-can-help-change-perception-of-country?traffic_source=rss
2026-04-01 19:10:34,790 - INFO - [Al Jazeera] Attempt 1/2: Trying with 'requests_browser' strategy...
2026-04-01 19:10:34,874 - WARNING - [Al Jazeera] FAILED with 'requests_browser' (content was too short: 71 words).
2026-04-01 19:10:35,424 - INFO - [Al Jazeera] Article: https://www.aljazeera.com/video/newsfeed/2026/4/1/iraq-coach-says-world-cup-can-help-change-perception-of-country?traffic_source=rss
2026-04-01 19:10:35,424 - INFO - [Al Jazeera] Attempt 2/2: Trying with 'selenium_browser' strategy...
2026-04-01 19:10:36,802 - INFO - [Al Jazeera] Page content loaded.
2026-04-01 19:10:36,985 - WARNING - [Al Jazeera] FAILED with 'selenium_browser' (content was too short: 71 words).
2026-04-01 19:10:36,986 - ERROR - [Al Jazeera] All scrape strategies failed for https://www.aljazeera.com/video/newsfeed/2026/4/1/iraq-coach-says-world-cup-can-help-change-perception-of-country?traffic_source=rss. Falling back to RSS description.
2026-04-01 19:10:36,986 - WARNING - SKIPPED (GLOBAL WORD LIMIT): Article 'Iraq coach says World Cup can help ‘change perception’ of country' from Al Jazeera has only 17 words (Min: 90).
2026-04-01 19:10:38,404 - INFO - [Al Jazeera] Early skip: URL https://www.aljazeera.com/news/2026/4/1/iran-authorities-await-war-victory-as-supporters-mark-1979-anniversary?traffic_source=rss already exists.
2026-04-01 19:10:38,405 - INFO - [Al Jazeera] Early skip: URL https://www.aljazeera.com/news/2026/4/1/this-is-an-apartheid-regime-critics-decry-israels-new-death-penalty-law?traffic_source=rss already exists.
2026-04-01 19:10:38,407 - INFO - [Al Jazeera] Article: https://www.aljazeera.com/video/newsfeed/2026/4/1/iranian-officials-laugh-at-trumps-claim-iran-wants-a-ceasefire?traffic_source=rss
2026-04-01 19:10:38,407 - INFO - [Al Jazeera] Attempt 1/2: Trying with 'requests_browser' strategy...
2026-04-01 19:10:38,522 - WARNING - [Al Jazeera] FAILED with 'requests_browser' (content was too short: 70 words).
2026-04-01 19:10:39,442 - INFO - [Al Jazeera] Article: https://www.aljazeera.com/video/newsfeed/2026/4/1/iranian-officials-laugh-at-trumps-claim-iran-wants-a-ceasefire?traffic_source=rss
2026-04-01 19:10:39,442 - INFO - [Al Jazeera] Attempt 2/2: Trying with 'selenium_browser' strategy...
2026-04-01 19:10:40,378 - INFO - [Al Jazeera] Page content loaded.
2026-04-01 19:10:40,445 - WARNING - [Al Jazeera] FAILED with 'selenium_browser' (content was too short: 70 words).
2026-04-01 19:10:40,445 - ERROR - [Al Jazeera] All scrape strategies failed for https://www.aljazeera.com/video/newsfeed/2026/4/1/iranian-officials-laugh-at-trumps-claim-iran-wants-a-ceasefire?traffic_source=rss. Falling back to RSS description.
2026-04-01 19:10:40,445 - WARNING - SKIPPED (GLOBAL WORD LIMIT): Article 'Iranian officials ‘laugh’ at Trump’s claim Iran wants a ceasefire' from Al Jazeera has only 20 words (Min: 90).
2026-04-01 19:10:41,021 - INFO - [Al Jazeera] Article: https://www.aljazeera.com/video/newsfeed/2026/4/1/kenyas-tea-industry-suffers-crisis-caused-by-the-us-israeli-war-on-iran?traffic_source=rss
2026-04-01 19:10:41,021 - INFO - [Al Jazeera] Attempt 1/2: Trying with 'requests_browser' strategy...
2026-04-01 19:10:41,101 - WARNING - [Al Jazeera] FAILED with 'requests_browser' (content was too short: 65 words).
2026-04-01 19:10:41,927 - INFO - [Al Jazeera] Article: https://www.aljazeera.com/video/newsfeed/2026/4/1/kenyas-tea-industry-suffers-crisis-caused-by-the-us-israeli-war-on-iran?traffic_source=rss
2026-04-01 19:10:41,927 - INFO - [Al Jazeera] Attempt 2/2: Trying with 'selenium_browser' strategy...
2026-04-01 19:10:42,788 - INFO - [Al Jazeera] Page content loaded.
2026-04-01 19:10:42,860 - WARNING - [Al Jazeera] FAILED with 'selenium_browser' (content was too short: 65 words).
2026-04-01 19:10:42,860 - ERROR - [Al Jazeera] All scrape strategies failed for https://www.aljazeera.com/video/newsfeed/2026/4/1/kenyas-tea-industry-suffers-crisis-caused-by-the-us-israeli-war-on-iran?traffic_source=rss. Falling back to RSS description.
2026-04-01 19:10:42,861 - WARNING - SKIPPED (GLOBAL WORD LIMIT): Article 'Kenya’s tea industry suffers crisis caused by the US-Israeli war on Iran' from Al Jazeera has only 21 words (Min: 90).
2026-04-01 19:10:44,212 - INFO - [Al Jazeera] Early skip: URL https://www.aljazeera.com/news/2026/4/1/historys-biggest-census-why-indias-new-population-count-is-controversial?traffic_source=rss already exists.
2026-04-01 19:10:44,213 - INFO - [Al Jazeera] Early skip: URL https://www.aljazeera.com/news/2026/4/1/uk-to-host-meeting-of-35-countries-on-reopening-strait-of-hormuz?traffic_source=rss already exists.
2026-04-01 19:10:44,215 - INFO - [Al Jazeera] Early skip: URL https://www.aljazeera.com/video/counting-the-cost/2026/4/1/what-can-nations-do-to-make-up-for-the-ongoing-energy-shortfall?traffic_source=rss already exists.
2026-04-01 19:10:44,216 - INFO - [Al Jazeera] Early skip: URL https://www.aljazeera.com/news/2026/4/1/russia-to-continue-helping-cuba-after-first-oil-shipment-arrives-diplomat?traffic_source=rss already exists.
2026-04-01 19:10:44,217 - INFO - [Al Jazeera] Early skip: URL https://www.aljazeera.com/opinions/2026/4/1/mojtaba-khameneis-rumoured-injury-or-death-wont-change-irans-trajectory?traffic_source=rss already exists.
2026-04-01 19:10:44,218 - INFO - [Al Jazeera] Early skip: URL https://www.aljazeera.com/news/2026/4/1/iran-war-what-a-marine-expeditionary-unit-is-and-other-us-military-terms?traffic_source=rss already exists.
2026-04-01 19:10:44,220 - INFO - [Al Jazeera] Early skip: URL https://www.aljazeera.com/news/2026/4/1/iran-denies-trumps-claim-iranian-president-requested-ceasefire?traffic_source=rss already exists.
2026-04-01 19:10:44,221 - INFO - [Al Jazeera] Early skip: URL https://www.aljazeera.com/news/2026/4/1/ali-zafar-wins-defamation-case-against-meesha-shafi-why-it-matters?traffic_source=rss already exists.
2026-04-01 19:10:44,222 - INFO - [Al Jazeera] Early skip: URL https://www.aljazeera.com/video/counting-the-cost/2026/4/1/can-russia-help-fill-the-global-energy-gap?traffic_source=rss already exists.
2026-04-01 19:10:44,224 - INFO - [Al Jazeera] Early skip: URL https://www.aljazeera.com/news/2026/4/1/russia-claims-to-take-full-control-of-ukraines-luhansk-region?traffic_source=rss already exists.
2026-04-01 19:10:44,225 - INFO - [Al Jazeera] Article: https://www.aljazeera.com/video/newsfeed/2026/4/1/french-president-macron-visits-japan-to-discuss-the-energy-crisis?traffic_source=rss
2026-04-01 19:10:44,225 - INFO - [Al Jazeera] Attempt 1/2: Trying with 'requests_browser' strategy...
2026-04-01 19:10:44,306 - WARNING - [Al Jazeera] FAILED with 'requests_browser' (content was too short: 58 words).
2026-04-01 19:10:45,137 - INFO - [Al Jazeera] Article: https://www.aljazeera.com/video/newsfeed/2026/4/1/french-president-macron-visits-japan-to-discuss-the-energy-crisis?traffic_source=rss
2026-04-01 19:10:45,137 - INFO - [Al Jazeera] Attempt 2/2: Trying with 'selenium_browser' strategy...
2026-04-01 19:10:46,193 - INFO - [Al Jazeera] Page content loaded.
2026-04-01 19:10:46,262 - WARNING - [Al Jazeera] FAILED with 'selenium_browser' (content was too short: 58 words).
2026-04-01 19:10:46,262 - ERROR - [Al Jazeera] All scrape strategies failed for https://www.aljazeera.com/video/newsfeed/2026/4/1/french-president-macron-visits-japan-to-discuss-the-energy-crisis?traffic_source=rss. Falling back to RSS description.
2026-04-01 19:10:46,262 - WARNING - SKIPPED (GLOBAL WORD LIMIT): Article 'French President Macron visits Japan to discuss the energy crisis' from Al Jazeera has only 22 words (Min: 90).
2026-04-01 19:10:46,857 - INFO - [Al Jazeera] Article: https://www.aljazeera.com/video/newsfeed/2026/4/1/russia-imposing-ban-on-all-gasoline-exports-due-to-iran-war?traffic_source=rss
2026-04-01 19:10:46,857 - INFO - [Al Jazeera] Attempt 1/2: Trying with 'requests_browser' strategy...
2026-04-01 19:10:46,965 - WARNING - [Al Jazeera] FAILED with 'requests_browser' (content was too short: 68 words).
2026-04-01 19:10:47,918 - INFO - [Al Jazeera] Article: https://www.aljazeera.com/video/newsfeed/2026/4/1/russia-imposing-ban-on-all-gasoline-exports-due-to-iran-war?traffic_source=rss
2026-04-01 19:10:47,918 - INFO - [Al Jazeera] Attempt 2/2: Trying with 'selenium_browser' strategy...
2026-04-01 19:10:49,256 - INFO - [Al Jazeera] Page content loaded.
2026-04-01 19:10:49,356 - WARNING - [Al Jazeera] FAILED with 'selenium_browser' (content was too short: 68 words).
2026-04-01 19:10:49,359 - ERROR - [Al Jazeera] All scrape strategies failed for https://www.aljazeera.com/video/newsfeed/2026/4/1/russia-imposing-ban-on-all-gasoline-exports-due-to-iran-war?traffic_source=rss. Falling back to RSS description.
2026-04-01 19:10:49,359 - WARNING - SKIPPED (GLOBAL WORD LIMIT): Article 'Russia imposing ban on all gasoline exports due to Iran war' from Al Jazeera has only 11 words (Min: 90).
2026-04-01 19:10:50,166 - INFO - [Al Jazeera] Early skip: URL https://www.aljazeera.com/sports/2026/4/1/the-world-cup-curse-outcry-as-italy-miss-out-for-third-time-in-a-row?traffic_source=rss already exists.
2026-04-01 19:10:50,168 - INFO - [Al Jazeera] Article: https://www.aljazeera.com/video/newsfeed/2026/4/1/lebanon-faces-growing-displacement-crisis?traffic_source=rss
2026-04-01 19:10:50,168 - INFO - [Al Jazeera] Attempt 1/2: Trying with 'requests_browser' strategy...
2026-04-01 19:10:50,317 - WARNING - [Al Jazeera] FAILED with 'requests_browser' (content was too short: 65 words).
2026-04-01 19:10:51,009 - INFO - [Al Jazeera] Article: https://www.aljazeera.com/video/newsfeed/2026/4/1/lebanon-faces-growing-displacement-crisis?traffic_source=rss
2026-04-01 19:10:51,010 - INFO - [Al Jazeera] Attempt 2/2: Trying with 'selenium_browser' strategy...
2026-04-01 19:10:52,303 - INFO - [Al Jazeera] Page content loaded.
2026-04-01 19:10:52,384 - WARNING - [Al Jazeera] FAILED with 'selenium_browser' (content was too short: 65 words).
2026-04-01 19:10:52,384 - ERROR - [Al Jazeera] All scrape strategies failed for https://www.aljazeera.com/video/newsfeed/2026/4/1/lebanon-faces-growing-displacement-crisis?traffic_source=rss. Falling back to RSS description.
2026-04-01 19:10:52,385 - WARNING - SKIPPED (GLOBAL WORD LIMIT): Article 'Lebanon faces growing displacement crisis' from Al Jazeera has only 20 words (Min: 90).
2026-04-01 19:10:53,091 - INFO - [Al Jazeera] Early skip: URL https://www.aljazeera.com/news/2026/4/1/minerals-for-aid-are-new-us-health-deals-exploiting-african-countries?traffic_source=rss already exists.
2026-04-01 19:10:53,093 - INFO - [Al Jazeera] Early skip: URL https://www.aljazeera.com/features/2026/4/1/irans-minister-civilisational-identity-under-fire-in-unprecedented-war?traffic_source=rss already exists.
2026-04-01 19:10:53,094 - INFO - [Al Jazeera] Early skip: URL https://www.aljazeera.com/news/2026/4/1/pro-palestine-civil-leaders-convicted-for-breaching-protest-rules-in-london?traffic_source=rss already exists.
2026-04-01 19:10:53,099 - INFO - [Al Jazeera] Article: https://www.aljazeera.com/news/2026/4/1/how-are-nato-allies-pushing-back-against-trumps-iran-war-demands?traffic_source=rss
2026-04-01 19:10:53,099 - INFO - [Al Jazeera] Attempt 1/2: Trying with 'requests_browser' strategy...
2026-04-01 19:10:53,188 - INFO - [Al Jazeera] Success with 'requests_browser'. Found content (1144 words).
2026-04-01 19:10:58,188 - INFO - >>> SUCCESSFULLY SAVED [ID: 47291] - Asking allies to contest on principal party’s symbol is wrong: P. Shanmugam - The Hindu from The Hindu (2940 words)
2026-04-01 19:10:58,728 - INFO - [The Hindu] Article: https://www.thehindu.com/news/national/west-bengal/supreme-court-west-bengal-sir-hearing-cji-calcutta-high-court/article70810308.ece
2026-04-01 19:10:58,728 - INFO - [The Hindu] Attempt 1/1: Trying with 'selenium_browser' strategy...
2026-04-01 19:11:00,898 - INFO - [The Hindu] Page content loaded.
2026-04-01 19:11:01,051 - INFO - [The Hindu] Success with 'selenium_browser'. Found content (589 words).
2026-04-01 19:11:21,184 - INFO - >>> SUCCESSFULLY SAVED [ID: 47292] - 'Today is not the day': Kristi Noem's husband says he will reveal his side of story on 'secret life' - The Times of India from Times of India (333 words)
2026-04-01 19:11:21,703 - INFO - [Times of India] Article: https://timesofindia.indiatimes.com/etimes/trending/innocent-man-awarded-975000-after-being-mistakenly-held-in-psychiatric-hospital-for-years/articleshow/129959417.cms
2026-04-01 19:11:21,703 - INFO - [Times of India] Attempt 1/1: Trying with 'selenium_browser' strategy...
2026-04-01 19:11:31,684 - WARNING - [Times of India] Page explicit wait timed out (3s). Proceeding anyway.
2026-04-01 19:11:31,926 - INFO - [Times of India] Success with 'selenium_browser'. Found content (504 words).
2026-04-01 19:11:43,378 - INFO - DEDUPLICATION: Found match (Score: 0.88). Linking to Cluster ID: a75982ce-ec65-475c-a451-7e4b634d471e
2026-04-01 19:11:45,731 - INFO - >>> SUCCESSFULLY SAVED [ID: 47293] - US Supreme Court justices skeptical of Trump’s order to restrict birthright citizenship - World - DAWN.COM from The Dawn (967 words)
2026-04-01 19:11:47,118 - INFO - [The Dawn] Early skip: URL https://www.dawn.com/news/1987579/in-senate-panel-meeting-banks-and-telcos-trade-blame-for-overcharging-for-messaging-services already exists.
2026-04-01 19:11:47,119 - INFO - [The Dawn] Early skip: URL https://www.dawn.com/news/1987545/4-cops-among-9-injured-in-ied-blast-in-kps-lakki-marwat already exists.
2026-04-01 19:11:47,122 - INFO - [The Dawn] Article: https://www.dawn.com/news/1987580/bilawal-calls-on-fazl-at-his-residence-two-leaders-discuss-political-matters
2026-04-01 19:11:47,122 - INFO - [The Dawn] Attempt 1/2: Trying with 'requests_browser' strategy...
2026-04-01 19:11:47,245 - ERROR - [The Dawn] Request failed for strategy 'requests_browser' on URL https://www.dawn.com/news/1987580/bilawal-calls-on-fazl-at-his-residence-two-leaders-discuss-political-matters: 403 Client Error: Forbidden for url: https://www.dawn.com/news/1987580/bilawal-calls-on-fazl-at-his-residence-two-leaders-discuss-political-matters
2026-04-01 19:11:47,960 - INFO - [The Dawn] Article: https://www.dawn.com/news/1987580/bilawal-calls-on-fazl-at-his-residence-two-leaders-discuss-political-matters
2026-04-01 19:11:47,960 - INFO - [The Dawn] Attempt 2/2: Trying with 'selenium_browser' strategy...
2026-04-01 19:12:02,643 - WARNING - [The Dawn] Page get timed out (7s). Proceeding to grab partial source anyway.
2026-04-01 19:12:02,657 - INFO - [The Dawn] Page content loaded.
2026-04-01 19:12:02,721 - INFO - [The Dawn] Success with 'selenium_browser'. Found content (967 words).
2026-04-01 19:12:06,343 - INFO - >>> SUCCESSFULLY SAVED [ID: 47294] - Swedish PM offers deal that could see far-right allowed into government | Sweden | The Guardian from The Guardian (588 words)
2026-04-01 19:12:06,955 - INFO - [The Guardian] Early skip: URL https://www.theguardian.com/world/2026/apr/01/uk-needs-ambitious-new-eu-ties-amid-iran-war-starmer-says already exists.
2026-04-01 19:12:06,957 - INFO - [The Guardian] Early skip: URL https://www.theguardian.com/society/2026/apr/01/report-germany-cannabis-legalisation-fails-settle-debate already exists.
2026-04-01 19:12:06,958 - INFO - [The Guardian] Early skip: URL https://www.theguardian.com/uk-news/2026/apr/01/dead-missing-after-trying-to-cross-channel-to-uk already exists.
2026-04-01 19:12:06,960 - INFO - [The Guardian] Early skip: URL https://www.theguardian.com/world/2026/apr/01/italian-coastguard-recovers-bodies-from-inflatable-boat-off-island-of-lampedusa already exists.
2026-04-01 19:12:06,961 - INFO - [The Guardian] Early skip: URL https://www.theguardian.com/world/middle-east-live/live/2026/apr/01/iran-live-updates-trump-claims-war-will-end-rubio-nato-relationship already exists.
2026-04-01 19:12:06,963 - INFO - [The Guardian] Early skip: URL https://www.theguardian.com/world/2026/apr/01/uk-citizens-detained-uae-frustrated-government-intervention-iran-conflict already exists.
2026-04-01 19:12:06,964 - INFO - [The Guardian] Early skip: URL https://www.theguardian.com/world/2026/apr/01/iran-war-oil-prices-trump-crude-stock-markets-business-us-israel-middle-east already exists.
2026-04-01 19:12:06,965 - INFO - [The Guardian] Early skip: URL https://www.theguardian.com/uk-news/2026/apr/01/prominent-uk-pro-palestine-activists-guilty-of-breaching-protest-conditions already exists.
2026-04-01 19:12:06,966 - INFO - [The Guardian] Early skip: URL https://www.theguardian.com/world/2026/apr/01/shelly-kittleson-us-american-journalist-kidnapped-iraq already exists.
2026-04-01 19:12:06,968 - INFO - [The Guardian] Early skip: URL https://www.theguardian.com/world/2026/mar/28/kp-sharma-oli-nepal-arrested-alleged-role-protest-crackdown-ntwnfb already exists.
2026-04-01 19:12:06,969 - INFO - [The Guardian] Early skip: URL https://www.theguardian.com/world/2026/mar/26/nepal-pm-balendra-shah-rap already exists.
2026-04-01 19:12:06,970 - INFO - [The Guardian] Early skip: URL https://www.theguardian.com/world/2026/mar/24/taliban-us-academic-dennis-coyle already exists.
2026-04-01 19:12:06,971 - INFO - [The Guardian] Early skip: URL https://www.theguardian.com/world/2026/mar/24/iran-war-fuel-shortages-affecting-readers-worldwide already exists.
2026-04-01 19:12:06,973 - INFO - [The Guardian] Early skip: URL https://www.theguardian.com/world/2026/mar/21/kabul-hospital-strike-eid-pakistan-taliban-families-search-for-victims already exists.
2026-04-01 19:12:06,974 - INFO - [The Guardian] Early skip: URL https://www.theguardian.com/business/2026/apr/01/uk-food-inflation-iran-war-drives-up-energy-prices already exists.
2026-04-01 19:12:06,976 - INFO - [The Guardian] Article: https://www.theguardian.com/uk-news/2026/apr/01/cps-advising-uk-police-on-investigation-into-andrew-and-mandelson-links-to-epstein
2026-04-01 19:12:06,976 - INFO - [The Guardian] Attempt 1/1: Trying with 'requests_browser' strategy...
2026-04-01 19:12:07,180 - INFO - [The Guardian] Success with 'requests_browser'. Found content (526 words).
2026-04-01 19:12:26,283 - INFO - >>> SUCCESSFULLY SAVED [ID: 47295] - How are NATO allies pushing back against Trump’s Iran war demands? | News | Al Jazeera from Al Jazeera (1144 words)
2026-04-01 19:12:27,591 - INFO - [Al Jazeera] Article: https://www.aljazeera.com/video/newsfeed/2026/4/1/uk-pm-says-iran-war-will-impact-britains-future?traffic_source=rss
2026-04-01 19:12:27,591 - INFO - [Al Jazeera] Attempt 1/2: Trying with 'requests_browser' strategy...
2026-04-01 19:12:27,659 - WARNING - [Al Jazeera] FAILED with 'requests_browser' (content was too short: 71 words).
2026-04-01 19:12:28,517 - INFO - [Al Jazeera] Article: https://www.aljazeera.com/video/newsfeed/2026/4/1/uk-pm-says-iran-war-will-impact-britains-future?traffic_source=rss
2026-04-01 19:12:28,517 - INFO - [Al Jazeera] Attempt 2/2: Trying with 'selenium_browser' strategy...
2026-04-01 19:12:29,421 - INFO - [Al Jazeera] Page content loaded.
2026-04-01 19:12:29,498 - WARNING - [Al Jazeera] FAILED with 'selenium_browser' (content was too short: 71 words).
2026-04-01 19:12:29,499 - ERROR - [Al Jazeera] All scrape strategies failed for https://www.aljazeera.com/video/newsfeed/2026/4/1/uk-pm-says-iran-war-will-impact-britains-future?traffic_source=rss. Falling back to RSS description.
2026-04-01 19:12:29,499 - WARNING - SKIPPED (GLOBAL WORD LIMIT): Article 'UK PM says war on Iran will impact Britain’s future' from Al Jazeera has only 14 words (Min: 90).
2026-04-01 19:12:30,342 - INFO - [Al Jazeera] (Thread) Finished. Attempting to shut down its Selenium driver.
2026-04-01 19:12:30,431 - INFO - [Al Jazeera] (Thread) driver.quit() successful.
2026-04-01 19:12:46,605 - INFO - >>> SUCCESSFULLY SAVED [ID: 47296] - Exclusion from rolls doesn’t repeal voting rights forever, says Supreme Court - The Hindu from The Hindu (589 words)
2026-04-01 19:12:47,865 - INFO - [The Hindu] Article: https://www.thehindu.com/news/national/andhra-pradesh/cpim-demands-immediate-rollback-of-property-tax-hike-in-urban-areas/article70811900.ece
2026-04-01 19:12:47,865 - INFO - [The Hindu] Attempt 1/1: Trying with 'selenium_browser' strategy...
2026-04-01 19:12:48,801 - INFO - [The Hindu] Page content loaded.
2026-04-01 19:12:48,873 - INFO - [The Hindu] Success with 'selenium_browser'. Found content (380 words).
2026-04-01 19:13:08,687 - INFO - >>> SUCCESSFULLY SAVED [ID: 47297] - Innocent man awarded $975,000 after being mistakenly held in psychiatric hospital for years | - The Times of India from Times of India (504 words)
2026-04-01 19:13:09,373 - INFO - [Times of India] Early skip: URL https://timesofindia.indiatimes.com/world/us-streamers/mrbeast-2-billion-earnings-claim-by-agent00-sparks-debate-as-xqc-questions-massive-103-million-monthly-figure/articleshow/129958183.cms already exists.
2026-04-01 19:13:09,375 - INFO - [Times of India] Article: https://timesofindia.indiatimes.com/science/this-nuclear-battery-could-last-433-years-and-power-the-next-era-of-deep-space-exploration/articleshow/129958824.cms
2026-04-01 19:13:09,375 - INFO - [Times of India] Attempt 1/1: Trying with 'selenium_browser' strategy...
2026-04-01 19:13:10,368 - INFO - [Times of India] Page content loaded.
2026-04-01 19:13:10,549 - INFO - [Times of India] Success with 'selenium_browser'. Found content (625 words).
2026-04-01 19:13:28,493 - INFO - DEDUPLICATION: Found match (Score: 1.00). Linking to Cluster ID: a75982ce-ec65-475c-a451-7e4b634d471e
2026-04-01 19:13:30,758 - INFO - >>> SUCCESSFULLY SAVED [ID: 47298] - US Supreme Court justices skeptical of Trump’s order to restrict birthright citizenship - World - DAWN.COM from The Dawn (967 words)
2026-04-01 19:13:32,134 - INFO - [The Dawn] Early skip: URL https://www.dawn.com/news/1987538/historic-milestone-pakistan-norway-sign-carbon-market-deal-under-paris-agreement already exists.
2026-04-01 19:13:32,136 - INFO - [The Dawn] Early skip: URL https://www.dawn.com/news/1987564/swiss-government-eyes-dropping-purchase-of-us-patriot-air-defence-system already exists.
2026-04-01 19:13:32,137 - INFO - [The Dawn] Early skip: URL https://www.dawn.com/news/1987514/march-sees-35pc-decline-in-terrorism-fatalities-coinciding-with-operation-ghazab-lil-haq-picss already exists.
2026-04-01 19:13:32,138 - INFO - [The Dawn] Early skip: URL https://www.dawn.com/news/1987478/pakistan-afghanistan-officials-hold-meeting-in-chinas-urumqi-under-trilateral-mechanism already exists.
2026-04-01 19:13:32,140 - INFO - [The Dawn] Early skip: URL https://www.dawn.com/news/1987518/pm-shehbaz-says-pakistan-successfully-addressed-demand-supply-of-essential-goods-amid-regional-conflict already exists.
2026-04-01 19:13:32,142 - INFO - [The Dawn] Early skip: URL https://www.dawn.com/news/1987519/schools-in-punjab-to-remain-closed-on-fridays already exists.
2026-04-01 19:13:32,144 - INFO - [The Dawn] Early skip: URL https://www.dawn.com/news/1987540/sbp-says-teenagers-can-now-independently-own-operate-bank-accounts already exists.
2026-04-01 19:13:32,145 - INFO - [The Dawn] Early skip: URL https://www.dawn.com/news/1987457/trump-to-address-nation-at-9pm-est-outline-iran-war-endgame-as-washington-debates-next-phase already exists.
2026-04-01 19:13:32,147 - INFO - [The Dawn] Early skip: URL https://www.dawn.com/news/1987529/occupied-west-bank-on-strike-against-israeli-death-penalty-law already exists.
2026-04-01 19:13:32,148 - INFO - [The Dawn] Early skip: URL https://www.dawn.com/news/1987449/security-forces-kill-13-terrorists-in-2-separate-intelligence-based-operations-in-kp-ispr already exists.
2026-04-01 19:13:32,149 - INFO - [The Dawn] Early skip: URL https://www.dawn.com/news/1987576/war-diary-day-33-trump-keeps-everyone-guessing-ahead-of-address-to-nation already exists.
2026-04-01 19:13:32,150 - INFO - [The Dawn] Early skip: URL https://www.dawn.com/news/1987491/fcc-seeks-response-from-kp-cm-afridi-over-plans-to-form-imran-khan-release-force already exists.
2026-04-01 19:13:32,152 - INFO - [The Dawn] Early skip: URL https://www.dawn.com/news/1987504/spanish-police-open-probe-into-anti-muslim-chants-at-friendly-match-with-egypt already exists.
2026-04-01 19:13:32,153 - INFO - [The Dawn] Early skip: URL https://www.dawn.com/news/1987510/international-finance-corporation-briefs-aurangzeb-on-growing-portfolio-in-pakistan already exists.
2026-04-01 19:13:32,159 - INFO - [The Dawn] Article: https://www.dawn.com/news/1987554/i-always-knew-they-were-a-paper-tiger-could-war-on-iran-create-unbridgeable-rift-between-us-and-nato
2026-04-01 19:13:32,159 - INFO - [The Dawn] Attempt 1/2: Trying with 'requests_browser' strategy...
2026-04-01 19:13:32,290 - ERROR - [The Dawn] Request failed for strategy 'requests_browser' on URL https://www.dawn.com/news/1987554/i-always-knew-they-were-a-paper-tiger-could-war-on-iran-create-unbridgeable-rift-between-us-and-nato: 403 Client Error: Forbidden for url: https://www.dawn.com/news/1987554/i-always-knew-they-were-a-paper-tiger-could-war-on-iran-create-unbridgeable-rift-between-us-and-nato
2026-04-01 19:13:33,189 - INFO - [The Dawn] Article: https://www.dawn.com/news/1987554/i-always-knew-they-were-a-paper-tiger-could-war-on-iran-create-unbridgeable-rift-between-us-and-nato
2026-04-01 19:13:33,189 - INFO - [The Dawn] Attempt 2/2: Trying with 'selenium_browser' strategy...
2026-04-01 19:13:38,546 - INFO - [The Dawn] Page content loaded.
2026-04-01 19:13:38,837 - INFO - [The Dawn] Success with 'selenium_browser'. Found content (776 words).
2026-04-01 19:13:58,856 - INFO - >>> SUCCESSFULLY SAVED [ID: 47299] - CPS advising UK police on investigation into Andrew and Mandelson links to Epstein | UK news | The Guardian from The Guardian (526 words)
2026-04-01 19:13:59,638 - INFO - [The Guardian] Early skip: URL https://www.theguardian.com/business/2026/apr/01/uk-is-most-vulnerable-european-country-to-jet-fuel-shortages-ryanair-boss-says already exists.
2026-04-01 19:13:59,639 - INFO - [The Guardian] Early skip: URL https://www.theguardian.com/uk-news/2026/apr/01/police-disorder-arrests-clapham-london already exists.
2026-04-01 19:13:59,641 - INFO - [The Guardian] Early skip: URL https://www.theguardian.com/uk-news/2026/apr/01/gale-force-winds-expected-across-northern-uk-on-easter-weekend-met-office-warns already exists.
2026-04-01 19:13:59,643 - INFO - [The Guardian] Article: https://www.theguardian.com/science/live/2026/apr/01/artemis-ii-launch-nasa-orion-moon-trip-live-updates
2026-04-01 19:13:59,643 - INFO - [The Guardian] Attempt 1/1: Trying with 'requests_browser' strategy...
2026-04-01 19:13:59,957 - INFO - [The Guardian] Success with 'requests_browser'. Found content (1759 words).
2026-04-01 19:14:20,118 - INFO - >>> SUCCESSFULLY SAVED [ID: 47300] - CPI(M) demands immediate rollback of property tax hike in urban areas - The Hindu from The Hindu (380 words)
2026-04-01 19:14:21,335 - INFO - [The Hindu] Article: https://www.thehindu.com/news/national/andhra-pradesh/special-coaching-for-intermediate-students-targeting-iit-and-neet-ranks-says-minister-lokesh/article70812416.ece
2026-04-01 19:14:21,335 - INFO - [The Hindu] Attempt 1/1: Trying with 'selenium_browser' strategy...
2026-04-01 19:14:22,384 - INFO - [The Hindu] Page content loaded.
2026-04-01 19:14:22,434 - INFO - [The Hindu] Success with 'selenium_browser'. Found content (173 words).
2026-04-01 19:14:42,483 - INFO - >>> SUCCESSFULLY SAVED [ID: 47301] - THIS nuclear battery could last 433 years and power the next era of deep space exploration | - The Times of India from Times of India (625 words)
2026-04-01 19:14:43,317 - INFO - [Times of India] Early skip: URL https://timesofindia.indiatimes.com/world/us/perplexity-reacts-to-indian-origin-ceo-aravind-srinivas-ai-gaffe-layoffs-are-fine-as-people-hate-their-jobs/articleshow/129958778.cms already exists.
2026-04-01 19:14:43,319 - INFO - [Times of India] Article: https://timesofindia.indiatimes.com/world/us/my-grandfather-was-an-anchor-baby-donald-trumps-niece-says-best-case-against-birthright-citizenship-is-/articleshow/129957945.cms
2026-04-01 19:14:43,319 - INFO - [Times of India] Attempt 1/1: Trying with 'selenium_browser' strategy...
2026-04-01 19:14:45,993 - INFO - [Times of India] Page content loaded.
2026-04-01 19:14:46,174 - INFO - [Times of India] Success with 'selenium_browser'. Found content (267 words).
2026-04-01 19:15:04,570 - INFO - DEDUPLICATION: Found match (Score: 0.83). Linking to Cluster ID: dc06c7e2-3843-4f11-baf5-9a3793a18c88
2026-04-01 19:15:06,839 - INFO - >>> SUCCESSFULLY SAVED [ID: 47302] - ‘I always knew they were a paper tiger’: Could war on Iran create unbridgeable rift between US and Nato? - World - DAWN.COM from The Dawn (776 words)
2026-04-01 19:15:07,870 - INFO - [The Dawn] Early skip: URL https://www.dawn.com/news/1987453/renowned-peshawar-doctor-seriously-injured-in-gun-attack already exists.
2026-04-01 19:15:07,875 - INFO - [The Dawn] Article: https://www.dawn.com/news/1987473/psx-gains-over-6700-points-on-hopes-of-middle-east-de-escalation
2026-04-01 19:15:07,875 - INFO - [The Dawn] Attempt 1/2: Trying with 'requests_browser' strategy...
2026-04-01 19:15:08,043 - ERROR - [The Dawn] Request failed for strategy 'requests_browser' on URL https://www.dawn.com/news/1987473/psx-gains-over-6700-points-on-hopes-of-middle-east-de-escalation: 403 Client Error: Forbidden for url: https://www.dawn.com/news/1987473/psx-gains-over-6700-points-on-hopes-of-middle-east-de-escalation
2026-04-01 19:15:08,949 - INFO - [The Dawn] Article: https://www.dawn.com/news/1987473/psx-gains-over-6700-points-on-hopes-of-middle-east-de-escalation
2026-04-01 19:15:08,949 - INFO - [The Dawn] Attempt 2/2: Trying with 'selenium_browser' strategy...
2026-04-01 19:15:28,466 - WARNING - [The Dawn] Page get timed out (7s). Proceeding to grab partial source anyway.
2026-04-01 19:15:28,481 - INFO - [The Dawn] Page content loaded.
2026-04-01 19:15:28,565 - INFO - [The Dawn] Success with 'selenium_browser'. Found content (776 words).
2026-04-01 19:15:31,489 - INFO - >>> SUCCESSFULLY SAVED [ID: 47303] - Artemis II, Nasa’s first crewed lunar rocket in more than half a century, prepares for launch – watch and follow live | Space | The Guardian from The Guardian (1759 words)
2026-04-01 19:15:32,202 - INFO - [The Guardian] Early skip: URL https://www.theguardian.com/us-news/live/2026/apr/01/donald-trump-supreme-court-birthright-citizenship-case-us-politics-latest-news-updates already exists.
2026-04-01 19:15:32,204 - INFO - [The Guardian] Article: https://www.theguardian.com/us-news/2026/apr/01/protest-supreme-court-birthright-citizenship
2026-04-01 19:15:32,204 - INFO - [The Guardian] Attempt 1/1: Trying with 'requests_browser' strategy...
2026-04-01 19:15:32,292 - INFO - [The Guardian] Success with 'requests_browser'. Found content (788 words).
2026-04-01 19:15:53,482 - INFO - >>> SUCCESSFULLY SAVED [ID: 47304] - Special coaching for Intermediate students targeting IIT and NEET ranks, says Minister Lokesh - The Hindu from The Hindu (173 words)
2026-04-01 19:15:54,163 - INFO - [The Hindu] Early skip: URL https://www.thehindu.com/news/national/pm-modi-chairs-ccs-meet-to-review-west-asia-conflict-impact/article70812863.ece already exists.
2026-04-01 19:15:54,165 - INFO - [The Hindu] Article: https://www.thehindu.com/elections/kerala-assembly/kerala-assembly-polls-2026-there-was-no-young-candidate-on-ncps-final-list-to-challenge-my-candidature-in-elathur-ak-saseendran/article70810526.ece
2026-04-01 19:15:54,165 - INFO - [The Hindu] Attempt 1/1: Trying with 'selenium_browser' strategy...
2026-04-01 19:15:55,244 - INFO - [The Hindu] Page content loaded.
2026-04-01 19:15:55,298 - INFO - [The Hindu] Success with 'selenium_browser'. Found content (465 words).
2026-04-01 19:16:15,523 - INFO - >>> SUCCESSFULLY SAVED [ID: 47305] - 'My grandfather was an anchor baby': Donald Trump's niece says best case against birthright citizenship is... - The Times of India from Times of India (267 words)
2026-04-01 19:16:16,803 - INFO - [Times of India] Article: https://timesofindia.indiatimes.com/world/rest-of-world/buried-for-2500-years-giant-lost-structure-discovered-beneath-egypts-nile-delta/articleshow/129957192.cms
2026-04-01 19:16:16,803 - INFO - [Times of India] Attempt 1/1: Trying with 'selenium_browser' strategy...
2026-04-01 19:16:17,960 - INFO - [Times of India] Page content loaded.
2026-04-01 19:16:18,226 - INFO - [Times of India] Success with 'selenium_browser'. Found content (534 words).
2026-04-01 19:16:24,523 - CRITICAL - --- TIMEOUT: 4 scrape jobs did not complete in 300s. ---
2026-04-01 19:16:24,523 - ERROR - A thread has timed out and will be abandoned.
2026-04-01 19:16:24,523 - ERROR - A thread has timed out and will be abandoned.
2026-04-01 19:16:24,523 - ERROR - A thread has timed out and will be abandoned.
2026-04-01 19:16:24,523 - ERROR - A thread has timed out and will be abandoned.
2026-04-01 19:16:24,523 - INFO - Shutting down thread pool (wait=False)...
2026-04-01 19:16:24,523 - INFO - Scraped: 0 BBC, 2 Al Jazeera, 0 TechCrunch, 0 Economic Times, 4 Timed_Out_Jobs articles. (Total saved: 2)
2026-04-01 19:16:24,524 - INFO - --- Scraping job finished ---
2026-04-01 19:16:24,524 - INFO - --- Scraper service stopped. ---
2026-04-01 19:16:24,524 - INFO - --- Main thread finished. Forcing process exit to kill zombie threads. ---
