2026-04-04 13:04:27,789 - INFO - Loading AI Semantic Model (all-MiniLM-L6-v2)...
2026-04-04 13:04:27,790 - INFO - Use pytorch device_name: cpu
2026-04-04 13:04:27,790 - INFO - Load pretrained SentenceTransformer: all-MiniLM-L6-v2
2026-04-04 13:04:27,919 - INFO - HTTP Request: HEAD https://huggingface.co/sentence-transformers/all-MiniLM-L6-v2/resolve/main/modules.json "HTTP/1.1 307 Temporary Redirect"
2026-04-04 13:04:27,919 - WARNING - Warning: You are sending unauthenticated requests to the HF Hub. Please set a HF_TOKEN to enable higher rate limits and faster downloads.
2026-04-04 13:04:27,930 - INFO - HTTP Request: HEAD https://huggingface.co/api/resolve-cache/models/sentence-transformers/all-MiniLM-L6-v2/c9745ed1d9f207416be6d2e6f8de32d1f16199bf/modules.json "HTTP/1.1 200 OK"
2026-04-04 13:04:27,951 - INFO - HTTP Request: HEAD https://huggingface.co/sentence-transformers/all-MiniLM-L6-v2/resolve/main/config_sentence_transformers.json "HTTP/1.1 307 Temporary Redirect"
2026-04-04 13:04:27,960 - INFO - HTTP Request: HEAD https://huggingface.co/api/resolve-cache/models/sentence-transformers/all-MiniLM-L6-v2/c9745ed1d9f207416be6d2e6f8de32d1f16199bf/config_sentence_transformers.json "HTTP/1.1 200 OK"
2026-04-04 13:04:27,979 - INFO - HTTP Request: HEAD https://huggingface.co/sentence-transformers/all-MiniLM-L6-v2/resolve/main/config_sentence_transformers.json "HTTP/1.1 307 Temporary Redirect"
2026-04-04 13:04:27,989 - INFO - HTTP Request: HEAD https://huggingface.co/api/resolve-cache/models/sentence-transformers/all-MiniLM-L6-v2/c9745ed1d9f207416be6d2e6f8de32d1f16199bf/config_sentence_transformers.json "HTTP/1.1 200 OK"
2026-04-04 13:04:28,010 - INFO - HTTP Request: HEAD https://huggingface.co/sentence-transformers/all-MiniLM-L6-v2/resolve/main/README.md "HTTP/1.1 307 Temporary Redirect"
2026-04-04 13:04:28,020 - INFO - HTTP Request: HEAD https://huggingface.co/api/resolve-cache/models/sentence-transformers/all-MiniLM-L6-v2/c9745ed1d9f207416be6d2e6f8de32d1f16199bf/README.md "HTTP/1.1 200 OK"
2026-04-04 13:04:28,041 - INFO - HTTP Request: HEAD https://huggingface.co/sentence-transformers/all-MiniLM-L6-v2/resolve/main/modules.json "HTTP/1.1 307 Temporary Redirect"
2026-04-04 13:04:28,051 - INFO - HTTP Request: HEAD https://huggingface.co/api/resolve-cache/models/sentence-transformers/all-MiniLM-L6-v2/c9745ed1d9f207416be6d2e6f8de32d1f16199bf/modules.json "HTTP/1.1 200 OK"
2026-04-04 13:04:28,075 - INFO - HTTP Request: HEAD https://huggingface.co/sentence-transformers/all-MiniLM-L6-v2/resolve/main/sentence_bert_config.json "HTTP/1.1 307 Temporary Redirect"
2026-04-04 13:04:28,084 - INFO - HTTP Request: HEAD https://huggingface.co/api/resolve-cache/models/sentence-transformers/all-MiniLM-L6-v2/c9745ed1d9f207416be6d2e6f8de32d1f16199bf/sentence_bert_config.json "HTTP/1.1 200 OK"
2026-04-04 13:04:28,103 - INFO - HTTP Request: HEAD https://huggingface.co/sentence-transformers/all-MiniLM-L6-v2/resolve/main/adapter_config.json "HTTP/1.1 404 Not Found"
2026-04-04 13:04:28,123 - INFO - HTTP Request: HEAD https://huggingface.co/sentence-transformers/all-MiniLM-L6-v2/resolve/main/config.json "HTTP/1.1 307 Temporary Redirect"
2026-04-04 13:04:28,133 - INFO - HTTP Request: HEAD https://huggingface.co/api/resolve-cache/models/sentence-transformers/all-MiniLM-L6-v2/c9745ed1d9f207416be6d2e6f8de32d1f16199bf/config.json "HTTP/1.1 200 OK"
2026-04-04 13:04:28,390 - WARNING - [1mBertModel LOAD REPORT[0m from: sentence-transformers/all-MiniLM-L6-v2
Key                     | Status     |  | 
------------------------+------------+--+-
embeddings.position_ids | UNEXPECTED |  | 

Notes:
- UNEXPECTED:	can be ignored when loading from different task/architecture; not ok if you expect identical arch.
2026-04-04 13:04:28,411 - INFO - HTTP Request: HEAD https://huggingface.co/sentence-transformers/all-MiniLM-L6-v2/resolve/main/config.json "HTTP/1.1 307 Temporary Redirect"
2026-04-04 13:04:28,420 - INFO - HTTP Request: HEAD https://huggingface.co/api/resolve-cache/models/sentence-transformers/all-MiniLM-L6-v2/c9745ed1d9f207416be6d2e6f8de32d1f16199bf/config.json "HTTP/1.1 200 OK"
2026-04-04 13:04:28,465 - INFO - HTTP Request: HEAD https://huggingface.co/sentence-transformers/all-MiniLM-L6-v2/resolve/main/tokenizer_config.json "HTTP/1.1 307 Temporary Redirect"
2026-04-04 13:04:28,475 - INFO - HTTP Request: HEAD https://huggingface.co/api/resolve-cache/models/sentence-transformers/all-MiniLM-L6-v2/c9745ed1d9f207416be6d2e6f8de32d1f16199bf/tokenizer_config.json "HTTP/1.1 200 OK"
2026-04-04 13:04:28,500 - INFO - HTTP Request: GET https://huggingface.co/api/models/sentence-transformers/all-MiniLM-L6-v2/tree/main/additional_chat_templates?recursive=false&expand=false "HTTP/1.1 404 Not Found"
2026-04-04 13:04:28,529 - INFO - HTTP Request: GET https://huggingface.co/api/models/sentence-transformers/all-MiniLM-L6-v2/tree/main?recursive=true&expand=false "HTTP/1.1 200 OK"
2026-04-04 13:04:28,584 - INFO - HTTP Request: HEAD https://huggingface.co/sentence-transformers/all-MiniLM-L6-v2/resolve/main/1_Pooling/config.json "HTTP/1.1 307 Temporary Redirect"
2026-04-04 13:04:28,593 - INFO - HTTP Request: HEAD https://huggingface.co/api/resolve-cache/models/sentence-transformers/all-MiniLM-L6-v2/c9745ed1d9f207416be6d2e6f8de32d1f16199bf/1_Pooling%2Fconfig.json "HTTP/1.1 200 OK"
2026-04-04 13:04:28,618 - INFO - HTTP Request: GET https://huggingface.co/api/models/sentence-transformers/all-MiniLM-L6-v2 "HTTP/1.1 200 OK"
2026-04-04 13:04:28,622 - INFO - AI Model loaded successfully.
2026-04-04 13:04:28,622 - INFO - --- Scraper service started (CI Mode: Run Once) ---
2026-04-04 13:04:28,622 - INFO - --- Starting new scraping job (Parallel Mode) ---
2026-04-04 13:04:28,622 - INFO - Connecting to Google Sheets...
2026-04-04 13:04:32,085 - INFO - Connected to Sheet: News Scrapper AI / Sheet1
2026-04-04 13:04:32,085 - INFO - Fetching existing data to build cache...
2026-04-04 13:04:46,047 - INFO - Loaded 48062 rows from sheet.
2026-04-04 13:04:46,894 - INFO - Cache built: 48062 URLs. Current MAX_ID: 48163
2026-04-04 13:04:46,899 - INFO - Creating new robust session with 3 retries on 5xx/connection/read errors.
2026-04-04 13:04:46,899 - INFO - Proxy is DISABLED.
2026-04-04 13:04:46,900 - INFO - Starting scrape for BBC RSS feed: http://feeds.bbci.co.uk/news/world/rss.xml
2026-04-04 13:04:46,900 - INFO - [Times of India] (Thread) requires Selenium. Initializing driver...
2026-04-04 13:04:46,901 - INFO - Starting scrape for The Guardian RSS feed: https://www.theguardian.com/world/rss
2026-04-04 13:04:46,902 - INFO - [The Hindu] (Thread) requires Selenium. Initializing driver...
2026-04-04 13:04:46,903 - INFO - [The Dawn] (Thread) requires Selenium. Initializing driver...
2026-04-04 13:04:46,903 - INFO - [Al Jazeera] (Thread) requires Selenium. Initializing driver...
2026-04-04 13:04:46,904 - INFO - Starting scrape for TechCrunch RSS feed: https://techcrunch.com/feed/
2026-04-04 13:04:46,905 - INFO - [Economic Times] (Thread) requires Selenium. Initializing driver...
2026-04-04 13:04:46,905 - INFO - Submitted 8 jobs to thread pool. Waiting up to 420s for completion...
2026-04-04 13:04:47,058 - INFO - Found 33 articles in BBC RSS feed. Processing until 30 new articles are saved.
2026-04-04 13:04:47,058 - INFO - [BBC] Early skip: URL https://www.bbc.com/news/articles/c0le43jw8e9o?at_medium=RSS&at_campaign=rss already exists.
2026-04-04 13:04:47,061 - INFO - [BBC] Early skip: URL https://www.bbc.com/news/articles/ce8jzr423p9o?at_medium=RSS&at_campaign=rss already exists.
2026-04-04 13:04:47,062 - INFO - [BBC] Early skip: URL https://www.bbc.com/news/articles/czd7y1n3jyjo?at_medium=RSS&at_campaign=rss already exists.
2026-04-04 13:04:47,065 - INFO - [BBC] Early skip: URL https://www.bbc.com/news/articles/cew70wjvv9do?at_medium=RSS&at_campaign=rss already exists.
2026-04-04 13:04:47,067 - INFO - [BBC] Early skip: URL https://www.bbc.com/news/articles/c3dlpk0zzy1o?at_medium=RSS&at_campaign=rss already exists.
2026-04-04 13:04:47,068 - INFO - [BBC] Early skip: URL https://www.bbc.com/news/articles/ckgxyn3ljgjo?at_medium=RSS&at_campaign=rss already exists.
2026-04-04 13:04:47,070 - INFO - [BBC] Early skip: URL https://www.bbc.com/news/articles/cp84z5r4d32o?at_medium=RSS&at_campaign=rss already exists.
2026-04-04 13:04:47,072 - INFO - [BBC] Early skip: URL https://www.bbc.com/news/articles/cjd8275jrrko?at_medium=RSS&at_campaign=rss already exists.
2026-04-04 13:04:47,073 - INFO - [BBC] Early skip: URL https://www.bbc.com/news/articles/c937kezj03vo?at_medium=RSS&at_campaign=rss already exists.
2026-04-04 13:04:47,077 - INFO - [BBC] Early skip: URL https://www.bbc.com/news/articles/cwy3r3w4zl8o?at_medium=RSS&at_campaign=rss already exists.
2026-04-04 13:04:47,078 - INFO - [BBC] Early skip: URL https://www.bbc.com/news/articles/crr1q4kjvn2o?at_medium=RSS&at_campaign=rss already exists.
2026-04-04 13:04:47,080 - INFO - [BBC] Early skip: URL https://www.bbc.com/news/articles/c8ej43z8yw4o?at_medium=RSS&at_campaign=rss already exists.
2026-04-04 13:04:47,089 - INFO - [BBC] Early skip: URL https://www.bbc.com/news/articles/cwyjekvwww0o?at_medium=RSS&at_campaign=rss already exists.
2026-04-04 13:04:47,091 - INFO - [BBC] Early skip: URL https://www.bbc.com/news/articles/cly0zp1xgz3o?at_medium=RSS&at_campaign=rss already exists.
2026-04-04 13:04:47,095 - INFO - [BBC] Early skip: URL https://www.bbc.com/news/articles/cy51wzeq6g5o?at_medium=RSS&at_campaign=rss already exists.
2026-04-04 13:04:47,096 - INFO - Found 0 articles in TechCrunch RSS feed. Processing until 30 new articles are saved.
2026-04-04 13:04:47,096 - INFO - [BBC] Early skip: URL https://www.bbc.com/news/articles/cn8d63v058zo?at_medium=RSS&at_campaign=rss already exists.
2026-04-04 13:04:47,099 - INFO - [BBC] Early skip: URL https://www.bbc.com/news/articles/ce843ge47z4o?at_medium=RSS&at_campaign=rss already exists.
2026-04-04 13:04:47,104 - INFO - [BBC] Early skip: URL https://www.bbc.com/news/articles/c3ex59yy4j2o?at_medium=RSS&at_campaign=rss already exists.
2026-04-04 13:04:47,106 - INFO - [BBC] Early skip: URL https://www.bbc.com/news/articles/c4g8k8vq8gno?at_medium=RSS&at_campaign=rss already exists.
2026-04-04 13:04:47,107 - INFO - [BBC] Early skip: URL https://www.bbc.com/news/articles/cvg09dq4x5qo?at_medium=RSS&at_campaign=rss already exists.
2026-04-04 13:04:47,109 - INFO - [BBC] Early skip: URL https://www.bbc.com/news/articles/cj60k3x879ro?at_medium=RSS&at_campaign=rss already exists.
2026-04-04 13:04:47,110 - INFO - [BBC] Early skip: URL https://www.bbc.com/news/articles/clyggr00x5vo?at_medium=RSS&at_campaign=rss already exists.
2026-04-04 13:04:47,111 - INFO - [BBC] Early skip: URL https://www.bbc.com/news/articles/cg7358zzz0no?at_medium=RSS&at_campaign=rss already exists.
2026-04-04 13:04:47,113 - INFO - [BBC] Early skip: URL https://www.bbc.com/news/articles/c4gx8e1x5j3o?at_medium=RSS&at_campaign=rss already exists.
2026-04-04 13:04:47,114 - INFO - [BBC] Early skip: URL https://www.bbc.com/news/articles/cq8wzkyxyyyo?at_medium=RSS&at_campaign=rss already exists.
2026-04-04 13:04:47,115 - INFO - [BBC] Early skip: URL https://www.bbc.com/news/articles/cp86mrj40e2o?at_medium=RSS&at_campaign=rss already exists.
2026-04-04 13:04:47,124 - INFO - [BBC] Early skip: URL https://www.bbc.com/news/articles/c4g4e6z9960o?at_medium=RSS&at_campaign=rss already exists.
2026-04-04 13:04:47,127 - INFO - [BBC] Early skip: URL https://www.bbc.com/news/articles/cvg58ydn4jpo?at_medium=RSS&at_campaign=rss already exists.
2026-04-04 13:04:47,129 - INFO - [BBC] Early skip: URL https://www.bbc.com/news/articles/clye2e85dwjo?at_medium=RSS&at_campaign=rss already exists.
2026-04-04 13:04:47,131 - INFO - [BBC] Early skip: URL https://www.bbc.com/news/videos/c7vqlr5gqr0o?at_medium=RSS&at_campaign=rss already exists.
2026-04-04 13:04:47,132 - INFO - [BBC] Early skip: URL https://www.bbc.com/news/videos/cpqxn8zx8ydo?at_medium=RSS&at_campaign=rss already exists.
2026-04-04 13:04:47,136 - INFO - [BBC] Article: https://www.bbc.com/news/videos/crl10127elgo?at_medium=RSS&at_campaign=rss
2026-04-04 13:04:47,136 - INFO - [BBC] Attempt 1/1: Trying with 'requests_browser' strategy...
2026-04-04 13:04:47,269 - INFO - Found 45 articles in The Guardian RSS feed. Processing until 30 new articles are saved.
2026-04-04 13:04:47,269 - INFO - [The Guardian] Early skip: URL https://www.theguardian.com/world/2026/apr/03/people-burkina-faso-should-forget-about-democracy-military-ruler-ibrahim-traore already exists.
2026-04-04 13:04:47,271 - INFO - [The Guardian] Early skip: URL https://www.theguardian.com/us-news/2026/apr/02/uganda-receives-first-us-deportation-flight-under-third-country-agreement already exists.
2026-04-04 13:04:47,277 - INFO - [The Guardian] Early skip: URL https://www.theguardian.com/us-news/2026/mar/30/ilhan-omar-false-reports-somaliland already exists.
2026-04-04 13:04:47,278 - INFO - [The Guardian] Early skip: URL https://www.theguardian.com/football/2026/mar/30/congo-brazzaville-jean-guy-blaise-mayolas-fifa-interpol-arrest-warrant already exists.
2026-04-04 13:04:47,280 - INFO - [The Guardian] Early skip: URL https://www.theguardian.com/environment/2026/mar/30/weather-tracker-thunderstorms-uae-united-arab-emirates-saudi-arabia already exists.
2026-04-04 13:04:47,281 - INFO - [The Guardian] Early skip: URL https://www.theguardian.com/world/2026/apr/04/cuba-oil-tankers-trump-talks already exists.
2026-04-04 13:04:47,283 - INFO - [The Guardian] Early skip: URL https://www.theguardian.com/world/2026/apr/04/lima-football-stadium-pre-match-event-injured-dead already exists.
2026-04-04 13:04:47,284 - INFO - [The Guardian] Early skip: URL https://www.theguardian.com/world/2026/apr/03/cuba-to-release-pardon-prisoners-us-fuel-blockade already exists.
2026-04-04 13:04:47,285 - INFO - [The Guardian] Early skip: URL https://www.theguardian.com/world/2026/apr/03/canadian-ice-detention-mother-daughter-tania-warner-released already exists.
2026-04-04 13:04:47,287 - INFO - [The Guardian] Early skip: URL https://www.theguardian.com/world/2026/apr/02/maple-syrup-scam-quebec-canada already exists.
2026-04-04 13:04:47,288 - INFO - [The Guardian] Early skip: URL https://www.theguardian.com/world/2026/apr/03/asia-fuel-crisis-iran-war-ordinary-workers already exists.
2026-04-04 13:04:47,296 - INFO - [The Guardian] Early skip: URL https://www.theguardian.com/world/2026/apr/02/magnitude-78-earthquake-strikes-in-indonesia-sparking-tsunami-alert already exists.
2026-04-04 13:04:47,298 - INFO - [The Guardian] Early skip: URL https://www.theguardian.com/world/2026/apr/02/new-zealand-cook-islands-defense already exists.
2026-04-04 13:04:47,299 - INFO - [The Guardian] Early skip: URL https://www.theguardian.com/technology/2026/apr/01/system-malfunction-causes-robotaxis-to-stall-in-the-middle-of-the-road-in-china already exists.
2026-04-04 13:04:47,300 - INFO - [The Guardian] Early skip: URL https://www.theguardian.com/world/2026/apr/01/iran-energy-crisis-asia-dirty-fuels-coal already exists.
2026-04-04 13:04:47,301 - INFO - [The Guardian] Early skip: URL https://www.theguardian.com/australia-news/2026/apr/04/confidential-report-found-former-home-affairs-boss-michael-pezzullo-was-reckless-in-engagement-with-liberal-powerbroker already exists.
2026-04-04 13:04:47,303 - INFO - [The Guardian] Early skip: URL https://www.theguardian.com/global/2026/apr/04/dezi-freeman-investigation-arrests-victoria-police-porepunkah-ntwnfb already exists.
2026-04-04 13:04:47,305 - INFO - [The Guardian] Early skip: URL https://www.theguardian.com/environment/2026/apr/04/sydney-councils-fear-new-datacentres-could-cause-blackouts-block-housing-and-affect-locals-health already exists.
2026-04-04 13:04:47,309 - INFO - [The Guardian] Early skip: URL https://www.theguardian.com/australia-news/2026/apr/04/nine-charged-over-alleged-conspiracy-to-import-tonnes-of-cocaine-and-meth-australia-ntwnfb already exists.
2026-04-04 13:04:47,310 - INFO - [The Guardian] Early skip: URL https://www.theguardian.com/business/2026/apr/04/telstra-price-rises-changes-starter-plan already exists.
2026-04-04 13:04:47,312 - INFO - [The Guardian] Early skip: URL https://www.theguardian.com/world/2026/apr/04/young-people-hungary-general-election-polls-viktor-orban already exists.
2026-04-04 13:04:47,313 - INFO - [The Guardian] Early skip: URL https://www.theguardian.com/world/2026/apr/04/biometric-checks-stalled-again-for-cross-channel-travellers already exists.
2026-04-04 13:04:47,314 - INFO - [The Guardian] Early skip: URL https://www.theguardian.com/world/2026/apr/04/italian-council-buys-mussolini-villa-riccione-fascist-nostalgics already exists.
2026-04-04 13:04:47,323 - INFO - [The Guardian] Early skip: URL https://www.theguardian.com/world/2026/apr/04/fighting-robots-give-ukraine-hope-in-war-with-russia already exists.
2026-04-04 13:04:47,326 - INFO - [The Guardian] Early skip: URL https://www.theguardian.com/world/2026/apr/04/ukraine-war-briefing-russian-army-almost-no-territorial-gains-first-time-since-2023-analysis already exists.
2026-04-04 13:04:47,327 - INFO - [The Guardian] Early skip: URL https://www.theguardian.com/world/live/2026/apr/04/middle-east-crisis-live-us-iran-war-missing-pilot-downed-jet-israel-bombards-beirut already exists.
2026-04-04 13:04:47,328 - INFO - [The Guardian] Early skip: URL https://www.theguardian.com/world/2026/apr/04/lebanese-forced-to-bury-their-dead-twice-as-war-robs-them-of-final-goodbyes already exists.
2026-04-04 13:04:47,330 - INFO - [The Guardian] Early skip: URL https://www.theguardian.com/world/live/2026/apr/03/middle-east-crisis-live-trump-urges-iran-to-make-deal-after-bridge-strike already exists.
2026-04-04 13:04:47,331 - INFO - [The Guardian] Early skip: URL https://www.theguardian.com/world/2026/apr/03/us-fighter-jet-confirmed-shot-down-over-iran already exists.
2026-04-04 13:04:47,338 - INFO - [The Guardian] Early skip: URL https://www.theguardian.com/law/2026/apr/03/us-war-crimes-iran-civilian-infrastructure-international-law-school-strike already exists.
2026-04-04 13:04:47,340 - INFO - [The Guardian] Early skip: URL https://www.theguardian.com/world/2026/apr/04/india-fuel-crisis-fertiliser-shortage-farming already exists.
2026-04-04 13:04:47,341 - INFO - [The Guardian] Early skip: URL https://www.theguardian.com/world/2026/apr/03/mynanmar-junta-chief-min-aung-hlaing-profile already exists.
2026-04-04 13:04:47,343 - INFO - [The Guardian] Early skip: URL https://www.theguardian.com/world/2026/mar/28/kp-sharma-oli-nepal-arrested-alleged-role-protest-crackdown-ntwnfb already exists.
2026-04-04 13:04:47,344 - INFO - [The Guardian] Early skip: URL https://www.theguardian.com/world/2026/mar/26/nepal-pm-balendra-shah-rap already exists.
2026-04-04 13:04:47,345 - INFO - [The Guardian] Early skip: URL https://www.theguardian.com/world/2026/mar/24/taliban-us-academic-dennis-coyle already exists.
2026-04-04 13:04:47,347 - INFO - [The Guardian] Article: https://www.theguardian.com/cities/2026/apr/04/not-quite-greggs-tiktok-creators-put-londons-gentrified-bakeries-to-the-test
2026-04-04 13:04:47,347 - INFO - [The Guardian] Attempt 1/1: Trying with 'requests_browser' strategy...
2026-04-04 13:04:47,506 - INFO - [The Guardian] Success with 'requests_browser'. Found content (930 words).
2026-04-04 13:04:47,832 - WARNING - [BBC] FAILED with 'requests_browser' (content was too short: 82 words).
2026-04-04 13:04:47,832 - ERROR - [BBC] All scrape strategies failed for https://www.bbc.com/news/videos/crl10127elgo?at_medium=RSS&at_campaign=rss. Falling back to RSS description.
2026-04-04 13:04:47,832 - WARNING - SKIPPED (GLOBAL WORD LIMIT): Article 'Watch: Artemis II astronauts speak from space' from BBC has only 23 words (Min: 90).
2026-04-04 13:04:47,991 - INFO - Selenium driver initialized successfully (Eager load strategy, 7s timeout).
2026-04-04 13:04:47,991 - INFO - Starting scrape for Times of India RSS feed: https://timesofindia.indiatimes.com/rssfeeds/296589292.cms
2026-04-04 13:04:48,059 - INFO - Selenium driver initialized successfully (Eager load strategy, 7s timeout).
2026-04-04 13:04:48,059 - INFO - Starting scrape for Al Jazeera RSS feed: https://www.aljazeera.com/xml/rss/all.xml
2026-04-04 13:04:48,068 - INFO - Selenium driver initialized successfully (Eager load strategy, 7s timeout).
2026-04-04 13:04:48,068 - INFO - Starting scrape for Economic Times RSS feed: https://economictimes.indiatimes.com/rssfeedsdefault.cms
2026-04-04 13:04:48,149 - INFO - Selenium driver initialized successfully (Eager load strategy, 7s timeout).
2026-04-04 13:04:48,149 - INFO - Starting scrape for The Dawn RSS feed: https://www.dawn.com/feeds/home
2026-04-04 13:04:48,165 - INFO - Selenium driver initialized successfully (Eager load strategy, 7s timeout).
2026-04-04 13:04:48,165 - INFO - Starting scrape for The Hindu RSS feed: https://www.thehindu.com/news/national/feeder/default.rss
2026-04-04 13:04:48,209 - INFO - Found 20 articles in Times of India RSS feed. Processing until 30 new articles are saved.
2026-04-04 13:04:48,209 - INFO - [Times of India] Early skip: URL https://timesofindia.indiatimes.com/world/middle-east/us-israel-iran-war-news-live-updates-middle-east-crisis-conflict-latest-news-iran-drone-missile-attack-gulf-dubai-qatar-news-strait-of-hormuz-crude-oil-impact-donald-trump/liveblog/130011222.cms already exists.
2026-04-04 13:04:48,211 - INFO - [Times of India] Article: https://timesofindia.indiatimes.com/world/us/meet-rini-sampath-indian-born-candidate-becomes-first-south-asian-to-enter-washington-dc-mayoral-race/articleshow/130018977.cms
2026-04-04 13:04:48,211 - INFO - [Times of India] Attempt 1/1: Trying with 'selenium_browser' strategy...
2026-04-04 13:04:48,297 - INFO - Found 25 articles in Al Jazeera RSS feed. Processing until 30 new articles are saved.
2026-04-04 13:04:48,297 - INFO - [Al Jazeera] Article: https://www.aljazeera.com/news/2026/4/4/iaea-says-projectile-hits-near-irans-bushehr-nuclear-plant-killing-one?traffic_source=rss
2026-04-04 13:04:48,297 - INFO - [Al Jazeera] Attempt 1/2: Trying with 'requests_browser' strategy...
2026-04-04 13:04:48,338 - INFO - [Al Jazeera] Success with 'requests_browser'. Found content (537 words).
2026-04-04 13:04:48,379 - INFO - Found 60 articles in The Hindu RSS feed. Processing until 30 new articles are saved.
2026-04-04 13:04:48,380 - INFO - [The Hindu] Article: https://www.thehindu.com/elections/tamil-nadu-assembly/prime-minister-modi-holds-meeting-with-tn-bjp-leaders-regarding-election-related-work/article70823235.ece
2026-04-04 13:04:48,380 - INFO - [The Hindu] Attempt 1/1: Trying with 'selenium_browser' strategy...
2026-04-04 13:04:48,407 - INFO - Found 24 articles in The Dawn RSS feed. Processing until 30 new articles are saved.
2026-04-04 13:04:48,410 - INFO - [The Dawn] Article: https://www.dawn.com/news/1988544/never-refused-to-go-to-islamabad-iran-says-us-media-misrepresenting-its-position-on-peace-talks
2026-04-04 13:04:48,410 - INFO - [The Dawn] Attempt 1/2: Trying with 'requests_browser' strategy...
2026-04-04 13:04:48,426 - ERROR - [The Dawn] Request failed for strategy 'requests_browser' on URL https://www.dawn.com/news/1988544/never-refused-to-go-to-islamabad-iran-says-us-media-misrepresenting-its-position-on-peace-talks: 403 Client Error: Forbidden for url: https://www.dawn.com/news/1988544/never-refused-to-go-to-islamabad-iran-says-us-media-misrepresenting-its-position-on-peace-talks
2026-04-04 13:04:48,484 - INFO - Found 76 articles in Economic Times RSS feed. Processing until 30 new articles are saved.
2026-04-04 13:04:48,485 - INFO - [Economic Times] Article: https://economictimes.indiatimes.com/mf/analysis/top-5-midcap-mutual-funds-deliver-up-to-25-annualised-returns-in-3-years-invesco-india-mid-cap-leads/slideshow/130015774.cms
2026-04-04 13:04:48,485 - INFO - [Economic Times] Attempt 1/2: Trying with 'requests_browser' strategy...
2026-04-04 13:04:48,820 - INFO - [BBC] Early skip: URL https://www.bbc.com/news/videos/c747w0zejzmo?at_medium=RSS&at_campaign=rss already exists.
2026-04-04 13:04:49,044 - INFO - [The Dawn] Article: https://www.dawn.com/news/1988544/never-refused-to-go-to-islamabad-iran-says-us-media-misrepresenting-its-position-on-peace-talks
2026-04-04 13:04:49,044 - INFO - [The Dawn] Attempt 2/2: Trying with 'selenium_browser' strategy...
2026-04-04 13:04:49,082 - INFO - [Economic Times] Success with 'requests_browser'. Found content (188 words).
2026-04-04 13:04:49,151 - INFO - [The Hindu] Page content loaded.
2026-04-04 13:04:49,222 - INFO - [The Hindu] Success with 'selenium_browser'. Found content (375 words).
2026-04-04 13:04:49,579 - INFO - [Times of India] Page content loaded.
2026-04-04 13:04:49,846 - INFO - [Times of India] Success with 'selenium_browser'. Found content (371 words).
2026-04-04 13:04:51,294 - INFO - [The Dawn] Page content loaded.
2026-04-04 13:04:52,403 - INFO - [The Dawn] Success with 'selenium_browser'. Found content (517 words).
2026-04-04 13:05:31,886 - INFO - >>> SUCCESSFULLY SAVED [ID: 48164] - ‘Not quite Greggs’: TikTok creators put London’s ‘gentrified’ bakeries to the test | Gentrification | The Guardian from The Guardian (930 words)
2026-04-04 13:05:32,662 - INFO - [The Guardian] Early skip: URL https://www.theguardian.com/politics/2026/apr/04/trade-unions-bma-pay-talks-demands-doctors-strikes already exists.
2026-04-04 13:05:32,663 - INFO - [The Guardian] Early skip: URL https://www.theguardian.com/environment/2026/apr/04/new-north-sea-drilling-jackdaw-rosebank-uk-gas-imports already exists.
2026-04-04 13:05:32,665 - INFO - [The Guardian] Early skip: URL https://www.theguardian.com/lifeandstyle/2026/apr/04/reformer-pilates-boom-injuries already exists.
2026-04-04 13:05:32,666 - INFO - [The Guardian] Early skip: URL https://www.theguardian.com/uk-news/2026/apr/04/man-woman-arrested-barnsley-collision already exists.
2026-04-04 13:05:32,667 - INFO - [The Guardian] Early skip: URL https://www.theguardian.com/science/2026/apr/03/artemis-ii-astronauts-rocket-towards-the-moon-after-breaking-free-of-earths-orbit already exists.
2026-04-04 13:05:32,669 - INFO - [The Guardian] Article: https://www.theguardian.com/us-news/2026/apr/04/high-ocean-temperatures-california-marine-heatwave
2026-04-04 13:05:32,669 - INFO - [The Guardian] Attempt 1/1: Trying with 'requests_browser' strategy...
2026-04-04 13:05:32,750 - INFO - [The Guardian] Success with 'requests_browser'. Found content (654 words).
2026-04-04 13:05:50,733 - INFO - DEDUPLICATION: Found match (Score: 0.87). Linking to Cluster ID: 882aa0fb-8873-4ac2-8a4b-933decbccb53
2026-04-04 13:05:52,987 - INFO - >>> SUCCESSFULLY SAVED [ID: 48165] - Projectile hits near Iran’s Bushehr nuclear plant, killing one: IAEA | US-Israel war on Iran News | Al Jazeera from Al Jazeera (537 words)
2026-04-04 13:05:54,191 - INFO - [Al Jazeera] Article: https://www.aljazeera.com/video/the-listening-post/2026/4/4/israels-unchecked-war-machine?traffic_source=rss
2026-04-04 13:05:54,192 - INFO - [Al Jazeera] Attempt 1/2: Trying with 'requests_browser' strategy...
2026-04-04 13:05:54,233 - INFO - [Al Jazeera] Success with 'requests_browser'. Found content (204 words).
2026-04-04 13:06:14,497 - INFO - >>> SUCCESSFULLY SAVED [ID: 48166] - Top 5 midcap mutual funds deliver up to 25% annualised returns in 3 years; Invesco India Mid Cap leads - Midcap funds | The Economic Times from Economic Times (188 words)
2026-04-04 13:06:15,846 - INFO - [Economic Times] Article: https://economictimes.indiatimes.com/markets/stocks/news/8-stocks-surged-over-50-in-each-of-the-last-3-fiscal-years-rally-up-to-3100/slideshow/130016086.cms
2026-04-04 13:06:15,846 - INFO - [Economic Times] Attempt 1/2: Trying with 'requests_browser' strategy...
2026-04-04 13:06:16,257 - INFO - [Economic Times] Success with 'requests_browser'. Found content (329 words).
2026-04-04 13:06:38,274 - INFO - >>> SUCCESSFULLY SAVED [ID: 48167] - Prime Minister Modi holds meeting with T.N. BJP leaders regarding election-related work - The Hindu from The Hindu (375 words)
2026-04-04 13:06:38,805 - INFO - [The Hindu] Article: https://www.thehindu.com/news/national/follower-turned-whistleblower-of-arrested-nashik-godman-reveals-shocking-details/article70822888.ece
2026-04-04 13:06:38,806 - INFO - [The Hindu] Attempt 1/1: Trying with 'selenium_browser' strategy...
2026-04-04 13:06:40,350 - INFO - [The Hindu] Page content loaded.
2026-04-04 13:06:40,413 - INFO - [The Hindu] Success with 'selenium_browser'. Found content (879 words).
2026-04-04 13:07:01,434 - INFO - >>> SUCCESSFULLY SAVED [ID: 48168] - Meet Rini Sampath: Indian-born candidate becomes first South Asian to enter Washington DC mayoral race - The Times of India from Times of India (371 words)
2026-04-04 13:07:02,879 - INFO - [Times of India] Article: https://timesofindia.indiatimes.com/world/rest-of-world/indonesia-receives-bodies-of-peacekeepers-killed-in-lebanon/articleshow/130019648.cms
2026-04-04 13:07:02,879 - INFO - [Times of India] Attempt 1/1: Trying with 'selenium_browser' strategy...
2026-04-04 13:07:06,869 - INFO - [Times of India] Page content loaded.
2026-04-04 13:07:07,063 - INFO - [Times of India] Success with 'selenium_browser'. Found content (450 words).
2026-04-04 13:07:26,306 - INFO - >>> SUCCESSFULLY SAVED [ID: 48169] - ‘Never refused to go to Islamabad’: Iran says US media misrepresenting its position on peace talks - World - DAWN.COM from The Dawn (517 words)
2026-04-04 13:07:26,808 - INFO - [The Dawn] Early skip: URL https://www.dawn.com/news/1988527/khawaja-asif-warns-india-against-conducting-false-flag-operation already exists.
2026-04-04 13:07:26,809 - INFO - [The Dawn] Early skip: URL https://www.dawn.com/news/1988532/shahid-khaqan-urges-govt-to-deregulate-fuel-prices-promote-electric-vehicles already exists.
2026-04-04 13:07:26,811 - INFO - [The Dawn] Early skip: URL https://www.dawn.com/news/1988533/pakistan-navy-inducts-second-milgem-class-corvette-into-fleet already exists.
2026-04-04 13:07:26,812 - INFO - [The Dawn] Early skip: URL https://www.dawn.com/news/1988487/iran-us-race-to-find-crew-member-of-crashed-american-fighter-jet already exists.
2026-04-04 13:07:26,814 - INFO - [The Dawn] Article: https://www.dawn.com/news/1988549/like-falling-out-of-the-sky-canadian-astronaut-describes-phenomenal-artemis-journey
2026-04-04 13:07:26,814 - INFO - [The Dawn] Attempt 1/2: Trying with 'requests_browser' strategy...
2026-04-04 13:07:26,893 - ERROR - [The Dawn] Request failed for strategy 'requests_browser' on URL https://www.dawn.com/news/1988549/like-falling-out-of-the-sky-canadian-astronaut-describes-phenomenal-artemis-journey: 403 Client Error: Forbidden for url: https://www.dawn.com/news/1988549/like-falling-out-of-the-sky-canadian-astronaut-describes-phenomenal-artemis-journey
2026-04-04 13:07:27,827 - INFO - [The Dawn] Article: https://www.dawn.com/news/1988549/like-falling-out-of-the-sky-canadian-astronaut-describes-phenomenal-artemis-journey
2026-04-04 13:07:27,827 - INFO - [The Dawn] Attempt 2/2: Trying with 'selenium_browser' strategy...
2026-04-04 13:07:38,273 - WARNING - [The Dawn] Page get timed out (7s). Proceeding to grab partial source anyway.
2026-04-04 13:07:38,285 - INFO - [The Dawn] Page content loaded.
2026-04-04 13:07:38,381 - INFO - [The Dawn] Success with 'selenium_browser'. Found content (517 words).
2026-04-04 13:07:50,220 - INFO - >>> SUCCESSFULLY SAVED [ID: 48170] - Record high ocean temperatures off southern California raise fears of prolonged marine heatwave | US news | The Guardian from The Guardian (654 words)
2026-04-04 13:07:51,358 - INFO - [The Guardian] Article: https://www.theguardian.com/us-news/2026/apr/04/trump-naming-spree-presidents
2026-04-04 13:07:51,358 - INFO - [The Guardian] Attempt 1/1: Trying with 'requests_browser' strategy...
2026-04-04 13:07:51,443 - INFO - [The Guardian] Success with 'requests_browser'. Found content (1072 words).
2026-04-04 13:08:12,908 - INFO - >>> SUCCESSFULLY SAVED [ID: 48171] - Israel’s unchecked war machine | US-Israel war on Iran | Al Jazeera from Al Jazeera (204 words)
2026-04-04 13:08:13,573 - INFO - [Al Jazeera] Early skip: URL https://www.aljazeera.com/news/2026/4/4/1997?traffic_source=rss already exists.
2026-04-04 13:08:13,574 - INFO - [Al Jazeera] Early skip: URL https://www.aljazeera.com/sports/liveblog/2026/4/4/live-manchester-city-vs-liverpool-fa-cup-quarterfinal?traffic_source=rss already exists.
2026-04-04 13:08:13,575 - INFO - [Al Jazeera] Early skip: URL https://www.aljazeera.com/news/2026/4/4/iran-executes-suspected-members-of-dissident-group-amid-us-israel-war?traffic_source=rss already exists.
2026-04-04 13:08:13,576 - INFO - [Al Jazeera] Early skip: URL https://www.aljazeera.com/news/2026/4/4/afghanistan-earthquake-kills-eight-members-of-same-family?traffic_source=rss already exists.
2026-04-04 13:08:13,578 - INFO - [Al Jazeera] Article: https://www.aljazeera.com/video/newsfeed/2026/4/4/nasa-unveils-first-images-of-earth-from-artemis-ii?traffic_source=rss
2026-04-04 13:08:13,578 - INFO - [Al Jazeera] Attempt 1/2: Trying with 'requests_browser' strategy...
2026-04-04 13:08:13,614 - WARNING - [Al Jazeera] FAILED with 'requests_browser' (content was too short: 65 words).
2026-04-04 13:08:14,281 - INFO - [Al Jazeera] Article: https://www.aljazeera.com/video/newsfeed/2026/4/4/nasa-unveils-first-images-of-earth-from-artemis-ii?traffic_source=rss
2026-04-04 13:08:14,281 - INFO - [Al Jazeera] Attempt 2/2: Trying with 'selenium_browser' strategy...
2026-04-04 13:08:15,422 - INFO - [Al Jazeera] Page content loaded.
2026-04-04 13:08:15,579 - WARNING - [Al Jazeera] FAILED with 'selenium_browser' (content was too short: 65 words).
2026-04-04 13:08:15,579 - ERROR - [Al Jazeera] All scrape strategies failed for https://www.aljazeera.com/video/newsfeed/2026/4/4/nasa-unveils-first-images-of-earth-from-artemis-ii?traffic_source=rss. Falling back to RSS description.
2026-04-04 13:08:15,579 - WARNING - SKIPPED (GLOBAL WORD LIMIT): Article 'NASA unveils first images of Earth from Artemis II' from Al Jazeera has only 19 words (Min: 90).
2026-04-04 13:08:16,627 - INFO - [Al Jazeera] Early skip: URL https://www.aljazeera.com/news/2026/4/4/iran-war-what-is-happening-on-day-36-of-us-israeli-attacks?traffic_source=rss already exists.
2026-04-04 13:08:16,629 - INFO - [Al Jazeera] Article: https://www.aljazeera.com/video/newsfeed/2026/4/4/european-parliaments-rima-hassan-im-a-target-of-political?traffic_source=rss
2026-04-04 13:08:16,629 - INFO - [Al Jazeera] Attempt 1/2: Trying with 'requests_browser' strategy...
2026-04-04 13:08:16,679 - WARNING - [Al Jazeera] FAILED with 'requests_browser' (content was too short: 53 words).
2026-04-04 13:08:17,340 - INFO - [Al Jazeera] Article: https://www.aljazeera.com/video/newsfeed/2026/4/4/european-parliaments-rima-hassan-im-a-target-of-political?traffic_source=rss
2026-04-04 13:08:17,340 - INFO - [Al Jazeera] Attempt 2/2: Trying with 'selenium_browser' strategy...
2026-04-04 13:08:18,124 - INFO - [Al Jazeera] Page content loaded.
2026-04-04 13:08:18,240 - WARNING - [Al Jazeera] FAILED with 'selenium_browser' (content was too short: 57 words).
2026-04-04 13:08:18,240 - ERROR - [Al Jazeera] All scrape strategies failed for https://www.aljazeera.com/video/newsfeed/2026/4/4/european-parliaments-rima-hassan-im-a-target-of-political?traffic_source=rss. Falling back to RSS description.
2026-04-04 13:08:18,240 - WARNING - SKIPPED (GLOBAL WORD LIMIT): Article 'European Parliament’s Rima Hassan: I’m a target of ‘political harassment’' from Al Jazeera has only 13 words (Min: 90).
2026-04-04 13:08:18,837 - INFO - [Al Jazeera] Article: https://www.aljazeera.com/video/newsfeed/2026/4/4/iranian-missile-attack-hits-residential-areas-in-central-israel?traffic_source=rss
2026-04-04 13:08:18,838 - INFO - [Al Jazeera] Attempt 1/2: Trying with 'requests_browser' strategy...
2026-04-04 13:08:18,896 - WARNING - [Al Jazeera] FAILED with 'requests_browser' (content was too short: 54 words).
2026-04-04 13:08:19,813 - INFO - [Al Jazeera] Article: https://www.aljazeera.com/video/newsfeed/2026/4/4/iranian-missile-attack-hits-residential-areas-in-central-israel?traffic_source=rss
2026-04-04 13:08:19,813 - INFO - [Al Jazeera] Attempt 2/2: Trying with 'selenium_browser' strategy...
2026-04-04 13:08:20,460 - INFO - [Al Jazeera] Page content loaded.
2026-04-04 13:08:20,524 - WARNING - [Al Jazeera] FAILED with 'selenium_browser' (content was too short: 58 words).
2026-04-04 13:08:20,524 - ERROR - [Al Jazeera] All scrape strategies failed for https://www.aljazeera.com/video/newsfeed/2026/4/4/iranian-missile-attack-hits-residential-areas-in-central-israel?traffic_source=rss. Falling back to RSS description.
2026-04-04 13:08:20,524 - WARNING - SKIPPED (GLOBAL WORD LIMIT): Article 'Iranian missile attack hits residential areas in central Israel' from Al Jazeera has only 17 words (Min: 90).
2026-04-04 13:08:21,803 - INFO - [Al Jazeera] Article: https://www.aljazeera.com/video/newsfeed/2026/4/4/palestinian-christians-in-gaza-mark-good-friday?traffic_source=rss
2026-04-04 13:08:21,804 - INFO - [Al Jazeera] Attempt 1/2: Trying with 'requests_browser' strategy...
2026-04-04 13:08:21,900 - WARNING - [Al Jazeera] FAILED with 'requests_browser' (content was too short: 53 words).
2026-04-04 13:08:22,443 - INFO - [Al Jazeera] Article: https://www.aljazeera.com/video/newsfeed/2026/4/4/palestinian-christians-in-gaza-mark-good-friday?traffic_source=rss
2026-04-04 13:08:22,443 - INFO - [Al Jazeera] Attempt 2/2: Trying with 'selenium_browser' strategy...
2026-04-04 13:08:22,990 - INFO - [Al Jazeera] Page content loaded.
2026-04-04 13:08:23,114 - WARNING - [Al Jazeera] FAILED with 'selenium_browser' (content was too short: 57 words).
2026-04-04 13:08:23,114 - ERROR - [Al Jazeera] All scrape strategies failed for https://www.aljazeera.com/video/newsfeed/2026/4/4/palestinian-christians-in-gaza-mark-good-friday?traffic_source=rss. Falling back to RSS description.
2026-04-04 13:08:23,114 - WARNING - SKIPPED (GLOBAL WORD LIMIT): Article 'Palestinian Christians in Gaza mark Good Friday' from Al Jazeera has only 16 words (Min: 90).
2026-04-04 13:08:23,632 - INFO - [Al Jazeera] Early skip: URL https://www.aljazeera.com/sports/2026/4/4/atletico-madrid-vs-barcelona-la-liga-preview-teams-start-time-lineups?traffic_source=rss already exists.
2026-04-04 13:08:23,634 - INFO - [Al Jazeera] Early skip: URL https://www.aljazeera.com/news/liveblog/2026/4/4/iran-war-live-tehran-downs-2-us-warplanes-israel-bombs-lebanon-bridges?traffic_source=rss already exists.
2026-04-04 13:08:23,635 - INFO - [Al Jazeera] Article: https://www.aljazeera.com/video/newsfeed/2026/4/3/video-shows-the-moment-a-russian-drone-hit-an-apartment-in-ukraine?traffic_source=rss
2026-04-04 13:08:23,635 - INFO - [Al Jazeera] Attempt 1/2: Trying with 'requests_browser' strategy...
2026-04-04 13:08:23,683 - WARNING - [Al Jazeera] FAILED with 'requests_browser' (content was too short: 70 words).
2026-04-04 13:08:24,269 - INFO - [Al Jazeera] Article: https://www.aljazeera.com/video/newsfeed/2026/4/3/video-shows-the-moment-a-russian-drone-hit-an-apartment-in-ukraine?traffic_source=rss
2026-04-04 13:08:24,269 - INFO - [Al Jazeera] Attempt 2/2: Trying with 'selenium_browser' strategy...
2026-04-04 13:08:24,860 - INFO - [Al Jazeera] Page content loaded.
2026-04-04 13:08:24,919 - WARNING - [Al Jazeera] FAILED with 'selenium_browser' (content was too short: 74 words).
2026-04-04 13:08:24,919 - ERROR - [Al Jazeera] All scrape strategies failed for https://www.aljazeera.com/video/newsfeed/2026/4/3/video-shows-the-moment-a-russian-drone-hit-an-apartment-in-ukraine?traffic_source=rss. Falling back to RSS description.
2026-04-04 13:08:24,919 - WARNING - SKIPPED (GLOBAL WORD LIMIT): Article 'Video shows the moment a Russian drone hit an apartment in Ukraine' from Al Jazeera has only 17 words (Min: 90).
2026-04-04 13:08:26,346 - INFO - [Al Jazeera] Early skip: URL https://www.aljazeera.com/news/2026/4/3/lawyers-search-for-epstein-survivors-for-bank-of-america-72-5m-settlement?traffic_source=rss already exists.
2026-04-04 13:08:26,348 - INFO - [Al Jazeera] Article: https://www.aljazeera.com/video/newsfeed/2026/4/3/christians-in-lebanon-observe-good-friday-under-israeli-attacks?traffic_source=rss
2026-04-04 13:08:26,348 - INFO - [Al Jazeera] Attempt 1/2: Trying with 'requests_browser' strategy...
2026-04-04 13:08:26,381 - WARNING - [Al Jazeera] FAILED with 'requests_browser' (content was too short: 42 words).
2026-04-04 13:08:26,912 - INFO - [Al Jazeera] Article: https://www.aljazeera.com/video/newsfeed/2026/4/3/christians-in-lebanon-observe-good-friday-under-israeli-attacks?traffic_source=rss
2026-04-04 13:08:26,912 - INFO - [Al Jazeera] Attempt 2/2: Trying with 'selenium_browser' strategy...
2026-04-04 13:08:27,525 - INFO - [Al Jazeera] Page content loaded.
2026-04-04 13:08:27,578 - WARNING - [Al Jazeera] FAILED with 'selenium_browser' (content was too short: 46 words).
2026-04-04 13:08:27,578 - ERROR - [Al Jazeera] All scrape strategies failed for https://www.aljazeera.com/video/newsfeed/2026/4/3/christians-in-lebanon-observe-good-friday-under-israeli-attacks?traffic_source=rss. Falling back to RSS description.
2026-04-04 13:08:27,578 - WARNING - SKIPPED (GLOBAL WORD LIMIT): Article 'Christians in Lebanon observe Good Friday under Israeli attacks' from Al Jazeera has only 16 words (Min: 90).
2026-04-04 13:08:28,934 - INFO - [Al Jazeera] Early skip: URL https://www.aljazeera.com/video/inside-story/2026/4/3/will-force-be-used-to-reopen-strait-of-hormuz?traffic_source=rss already exists.
2026-04-04 13:08:28,936 - INFO - [Al Jazeera] Article: https://www.aljazeera.com/video/newsfeed/2026/4/3/cuba-releases-over-2000-prisoners-amid-mounting-us-pressure?traffic_source=rss
2026-04-04 13:08:28,936 - INFO - [Al Jazeera] Attempt 1/2: Trying with 'requests_browser' strategy...
2026-04-04 13:08:28,970 - WARNING - [Al Jazeera] FAILED with 'requests_browser' (content was too short: 63 words).
2026-04-04 13:08:29,639 - INFO - [Al Jazeera] Article: https://www.aljazeera.com/video/newsfeed/2026/4/3/cuba-releases-over-2000-prisoners-amid-mounting-us-pressure?traffic_source=rss
2026-04-04 13:08:29,639 - INFO - [Al Jazeera] Attempt 2/2: Trying with 'selenium_browser' strategy...
2026-04-04 13:08:30,018 - INFO - [Al Jazeera] Page content loaded.
2026-04-04 13:08:30,073 - WARNING - [Al Jazeera] FAILED with 'selenium_browser' (content was too short: 67 words).
2026-04-04 13:08:30,073 - ERROR - [Al Jazeera] All scrape strategies failed for https://www.aljazeera.com/video/newsfeed/2026/4/3/cuba-releases-over-2000-prisoners-amid-mounting-us-pressure?traffic_source=rss. Falling back to RSS description.
2026-04-04 13:08:30,073 - WARNING - SKIPPED (GLOBAL WORD LIMIT): Article 'Cuba releases over 2,000 prisoners amid mounting US pressure' from Al Jazeera has only 17 words (Min: 90).
2026-04-04 13:08:30,708 - INFO - [Al Jazeera] Article: https://www.aljazeera.com/video/newsfeed/2026/4/3/survivors-of-iran-bridge-attack-recall-terror-of-us-israeli-strike?traffic_source=rss
2026-04-04 13:08:30,708 - INFO - [Al Jazeera] Attempt 1/2: Trying with 'requests_browser' strategy...
2026-04-04 13:08:30,739 - WARNING - [Al Jazeera] FAILED with 'requests_browser' (content was too short: 66 words).
2026-04-04 13:08:31,255 - INFO - [Al Jazeera] Article: https://www.aljazeera.com/video/newsfeed/2026/4/3/survivors-of-iran-bridge-attack-recall-terror-of-us-israeli-strike?traffic_source=rss
2026-04-04 13:08:31,255 - INFO - [Al Jazeera] Attempt 2/2: Trying with 'selenium_browser' strategy...
2026-04-04 13:08:31,591 - INFO - [Al Jazeera] Page content loaded.
2026-04-04 13:08:31,634 - WARNING - [Al Jazeera] FAILED with 'selenium_browser' (content was too short: 70 words).
2026-04-04 13:08:31,634 - ERROR - [Al Jazeera] All scrape strategies failed for https://www.aljazeera.com/video/newsfeed/2026/4/3/survivors-of-iran-bridge-attack-recall-terror-of-us-israeli-strike?traffic_source=rss. Falling back to RSS description.
2026-04-04 13:08:31,634 - WARNING - SKIPPED (GLOBAL WORD LIMIT): Article 'Survivors of Iran bridge attack recall terror of US-Israeli strike' from Al Jazeera has only 19 words (Min: 90).
2026-04-04 13:08:32,284 - INFO - [Al Jazeera] Early skip: URL https://www.aljazeera.com/news/2026/4/3/nasa-releases-first-stunning-artemis-ii-photos-of-earth-from-moon-mission?traffic_source=rss already exists.
2026-04-04 13:08:32,288 - INFO - [Al Jazeera] Early skip: URL https://www.aljazeera.com/news/2026/4/3/two-dozen-democrat-led-states-sue-trump-over-mail-in-ballot-limits?traffic_source=rss already exists.
2026-04-04 13:08:32,289 - INFO - [Al Jazeera] Early skip: URL https://www.aljazeera.com/news/2026/4/3/us-judge-upholds-decision-to-toss-subpoenas-into-fed-chair-jerome-powell?traffic_source=rss already exists.
2026-04-04 13:08:32,291 - INFO - [Al Jazeera] Early skip: URL https://www.aljazeera.com/news/2026/4/3/more-than-20-attacks-on-iranian-healthcare-facilities-since-march-1-who?traffic_source=rss already exists.
2026-04-04 13:08:32,292 - INFO - [Al Jazeera] Article: https://www.aljazeera.com/video/newsfeed/2026/4/3/monks-hold-easter-prayers-in-deserted-old-city-of-jerusalem?traffic_source=rss
2026-04-04 13:08:32,292 - INFO - [Al Jazeera] Attempt 1/2: Trying with 'requests_browser' strategy...
2026-04-04 13:08:32,336 - WARNING - [Al Jazeera] FAILED with 'requests_browser' (content was too short: 72 words).
2026-04-04 13:08:33,233 - INFO - [Al Jazeera] Article: https://www.aljazeera.com/video/newsfeed/2026/4/3/monks-hold-easter-prayers-in-deserted-old-city-of-jerusalem?traffic_source=rss
2026-04-04 13:08:33,233 - INFO - [Al Jazeera] Attempt 2/2: Trying with 'selenium_browser' strategy...
2026-04-04 13:08:33,692 - INFO - [Al Jazeera] Page content loaded.
2026-04-04 13:08:33,787 - WARNING - [Al Jazeera] FAILED with 'selenium_browser' (content was too short: 76 words).
2026-04-04 13:08:33,787 - ERROR - [Al Jazeera] All scrape strategies failed for https://www.aljazeera.com/video/newsfeed/2026/4/3/monks-hold-easter-prayers-in-deserted-old-city-of-jerusalem?traffic_source=rss. Falling back to RSS description.
2026-04-04 13:08:33,787 - WARNING - SKIPPED (GLOBAL WORD LIMIT): Article 'Monks hold Easter prayers in deserted Old City of Jerusalem' from Al Jazeera has only 16 words (Min: 90).
2026-04-04 13:08:34,380 - INFO - [Al Jazeera] Early skip: URL https://www.aljazeera.com/news/2026/4/3/at-least-one-killed-at-uaes-habshan-gas-facility-after-intercepted-attack?traffic_source=rss already exists.
2026-04-04 13:08:34,382 - INFO - [Al Jazeera] (Thread) Finished. Attempting to shut down its Selenium driver.
2026-04-04 13:08:34,488 - INFO - [Al Jazeera] (Thread) driver.quit() successful.
2026-04-04 13:08:38,699 - INFO - >>> SUCCESSFULLY SAVED [ID: 48172] - 8 stocks surged over 50% in each of the last 3 fiscal years; rally up to 3,100% - Steady Winners | The Economic Times from Economic Times (329 words)
2026-04-04 13:08:39,720 - INFO - [Economic Times] Article: https://economictimes.indiatimes.com/markets/stocks/news/au-small-finance-bank-q4-business-update-deposits-up-23-at-rs-1-52-lakh-crore-advances-rise-25/articleshow/130016671.cms
2026-04-04 13:08:39,720 - INFO - [Economic Times] Attempt 1/2: Trying with 'requests_browser' strategy...
2026-04-04 13:08:40,032 - ERROR - parsed tree length: 1, wrong data type or not valid HTML
2026-04-04 13:08:40,033 - ERROR - empty HTML tree: None
2026-04-04 13:08:40,033 - WARNING - discarding data: None
2026-04-04 13:08:40,033 - WARNING - [Economic Times] FAILED with 'requests_browser' (content was too short: 0 words).
2026-04-04 13:08:40,640 - INFO - [Economic Times] Article: https://economictimes.indiatimes.com/markets/stocks/news/au-small-finance-bank-q4-business-update-deposits-up-23-at-rs-1-52-lakh-crore-advances-rise-25/articleshow/130016671.cms
2026-04-04 13:08:40,640 - INFO - [Economic Times] Attempt 2/2: Trying with 'selenium_browser' strategy...
2026-04-04 13:08:41,993 - INFO - [Economic Times] Page content loaded.
2026-04-04 13:08:42,402 - INFO - [Economic Times] Success with 'selenium_browser'. Found content (442 words).
2026-04-04 13:09:07,964 - INFO - >>> SUCCESSFULLY SAVED [ID: 48173] - Follower-turned-whistleblower of arrested Nashik godman reveals shocking details - The Hindu from The Hindu (879 words)
2026-04-04 13:09:08,467 - INFO - [The Hindu] Article: https://www.thehindu.com/news/national/tamil-nadu/digital-and-physical-infrastructure-with-skills-will-drive-indias-economic-growth/article70823246.ece
2026-04-04 13:09:08,468 - INFO - [The Hindu] Attempt 1/1: Trying with 'selenium_browser' strategy...
2026-04-04 13:09:09,531 - INFO - [The Hindu] Page content loaded.
2026-04-04 13:09:09,610 - INFO - [The Hindu] Success with 'selenium_browser'. Found content (181 words).
2026-04-04 13:09:32,861 - INFO - >>> SUCCESSFULLY SAVED [ID: 48174] - Indonesia receives bodies of peacekeepers killed in Lebanon - The Times of India from Times of India (450 words)
2026-04-04 13:09:34,087 - INFO - [Times of India] Early skip: URL https://timesofindia.indiatimes.com/world/us/donald-trump-mulls-big-cabinet-shake-up-as-iran-war-backlash-deepens-report/articleshow/130017506.cms already exists.
2026-04-04 13:09:34,089 - INFO - [Times of India] Early skip: URL https://timesofindia.indiatimes.com/world/middle-east/projectile-from-us-israeli-strike-hits-near-irans-only-functioning-nuclear-facility-in-bushehr/articleshow/130017170.cms already exists.
2026-04-04 13:09:34,090 - INFO - [Times of India] Early skip: URL https://timesofindia.indiatimes.com/world/europe/russia-attacks-ukraine-with-drones-5-killed-19-injured-as-strikes-hit-nikopol-market/articleshow/130016548.cms already exists.
2026-04-04 13:09:34,091 - INFO - [Times of India] Early skip: URL https://timesofindia.indiatimes.com/world/us/why-trumps-god-squad-decision-to-expand-oil-drilling-in-gulf-of-mexico-is-a-vote-for-a-whales-extinction/articleshow/130001897.cms already exists.
2026-04-04 13:09:34,092 - INFO - [Times of India] Early skip: URL https://timesofindia.indiatimes.com/world/pakistan/figment-of-imagination-pakistan-rejects-reports-of-failure-to-initiate-us-iran-talks/articleshow/130014984.cms already exists.
2026-04-04 13:09:34,093 - INFO - [Times of India] Early skip: URL https://timesofindia.indiatimes.com/world/middle-east/planning-hajj-2026-key-updates-visa-rules-nusuk-registration-and-important-deadlines-you-shouldnt-miss/articleshow/130014864.cms already exists.
2026-04-04 13:09:34,095 - INFO - [Times of India] Early skip: URL https://timesofindia.indiatimes.com/world/middle-east/saudi-arabia-travel-ban-new-ministry-rules-bring-up-to-sr30000-fine-5-year-ban-for-restricted-countries/articleshow/130014119.cms already exists.
2026-04-04 13:09:34,096 - INFO - [Times of India] Early skip: URL https://timesofindia.indiatimes.com/world/middle-east/debris-from-aerial-interception-strikes-building-in-dubais-marina/articleshow/130013127.cms already exists.
2026-04-04 13:09:34,097 - INFO - [Times of India] Early skip: URL https://timesofindia.indiatimes.com/world/rest-of-world/a-1000-year-old-structure-found-under-norways-sea-may-reveal-how-whales-were-once-trapped/articleshow/130013805.cms already exists.
2026-04-04 13:09:34,099 - INFO - [Times of India] Early skip: URL https://timesofindia.indiatimes.com/world/middle-east/i-thought-it-was-spam-indian-expat-wins-dh20-million-in-abu-dhabi-big-ticket-draw/articleshow/130013589.cms already exists.
2026-04-04 13:09:34,100 - INFO - [Times of India] Early skip: URL https://timesofindia.indiatimes.com/world/middle-east/iran-downs-f-15-a-10-jets-first-us-combat-aircraft-losses-in-over-20-years/articleshow/130012777.cms already exists.
2026-04-04 13:09:34,102 - INFO - [Times of India] Early skip: URL https://timesofindia.indiatimes.com/world/middle-east/how-to-survive-in-enemy-territory-after-jet-goes-downhigh-risk-journey-of-a-shot-down-pilot/articleshow/130013078.cms already exists.
2026-04-04 13:09:34,104 - INFO - [Times of India] Early skip: URL https://timesofindia.indiatimes.com/world/us-streamers/elizabeth-warren-questions-mrbeasts-teen-banking-app-over-crypto-concerns/articleshow/130008917.cms already exists.
2026-04-04 13:09:34,105 - INFO - [Times of India] Early skip: URL https://timesofindia.indiatimes.com/world/us-streamers/6ix9ine-walks-free-after-jail-term-adin-ross-livestream-resurfaces-online/articleshow/130009148.cms already exists.
2026-04-04 13:09:34,107 - INFO - [Times of India] Early skip: URL https://timesofindia.indiatimes.com/world/us-streamers/erika-kirk-finally-reacts-to-druski-viral-video-calls-the-growing-online-criticism-nothing-but-noise/articleshow/130009240.cms already exists.
2026-04-04 13:09:34,109 - INFO - [Times of India] Early skip: URL https://timesofindia.indiatimes.com/world/us-streamers/those-flirty-texts-perez-hilton-reacts-as-prince-harry-resurfaced-chats-with-journalist-raise-concerns-for-meghan-markle/articleshow/130011144.cms already exists.
2026-04-04 13:09:34,110 - INFO - [Times of India] Early skip: URL https://timesofindia.indiatimes.com/world/us-streamers/who-is-ryan-pownall-alissa-violets-boyfriend-as-youtubers-arrest-report-reveals-details-of-their-relationship-and-reported-fight/articleshow/130011170.cms already exists.
2026-04-04 13:09:34,111 - INFO - [Times of India] (Thread) Finished. Attempting to shut down its Selenium driver.
2026-04-04 13:09:34,264 - INFO - [Times of India] (Thread) driver.quit() successful.
2026-04-04 13:09:51,811 - INFO - DEDUPLICATION: Found match (Score: 1.00). Linking to Cluster ID: 787950a9-b20e-4e5e-ad2e-0fd0fe8d3e0a
2026-04-04 13:09:54,051 - INFO - >>> SUCCESSFULLY SAVED [ID: 48175] - ‘Never refused to go to Islamabad’: Iran says US media misrepresenting its position on peace talks - World - DAWN.COM from The Dawn (517 words)
2026-04-04 13:09:55,096 - INFO - [The Dawn] Early skip: URL https://www.dawn.com/news/1988520/noor-mukadam-case-sc-fixes-hearing-of-zahir-jaffers-review-plea-for-april-8 already exists.
2026-04-04 13:09:55,098 - INFO - [The Dawn] Early skip: URL https://www.dawn.com/news/1988514/ppp-demands-election-schedule-for-gilgit-baltistan-assembly-amid-months-long-delay-in-polls already exists.
2026-04-04 13:09:55,099 - INFO - [The Dawn] Early skip: URL https://www.dawn.com/news/1988493/artemis-astronauts-pass-half-way-point-on-way-to-moon already exists.
2026-04-04 13:09:55,100 - INFO - [The Dawn] Early skip: URL https://www.dawn.com/news/1988517/president-pm-pay-tribute-to-zulfikar-ali-bhutto-on-47th-death-anniversary already exists.
2026-04-04 13:09:55,102 - INFO - [The Dawn] Early skip: URL https://www.dawn.com/news/1988321/pakistan-to-return-35bn-uae-debt-before-month-end-official already exists.
2026-04-04 13:09:55,103 - INFO - [The Dawn] Early skip: URL https://www.dawn.com/news/1988380/petrol-price-drops-to-rs378-as-pm-cuts-levy-amid-backlash already exists.
2026-04-04 13:09:55,104 - INFO - [The Dawn] Early skip: URL https://www.dawn.com/news/1988294/silence-stonewalls-pakistan-led-us-iran-talks-initiative already exists.
2026-04-04 13:09:55,106 - INFO - [The Dawn] Early skip: URL https://www.dawn.com/news/1988421/karachi-other-sindh-cities-set-new-weather-records-for-april already exists.
2026-04-04 13:09:55,107 - INFO - [The Dawn] Early skip: URL https://www.dawn.com/news/1988354/scientists-find-evidence-for-theorised-gargantuan-star-explosions already exists.
2026-04-04 13:09:55,108 - INFO - [The Dawn] Early skip: URL https://www.dawn.com/news/1988384/unsc-divided-as-gulf-pushes-to-reopen-hormuz already exists.
2026-04-04 13:09:55,109 - INFO - [The Dawn] Early skip: URL https://www.dawn.com/news/1988382/transporters-raise-fares-by-30pc-as-subsidy-falls-short already exists.
2026-04-04 13:09:55,111 - INFO - [The Dawn] Early skip: URL https://www.dawn.com/news/1988387/four-ships-cross-hormuz-as-iran-says-it-is-drafting-protocol already exists.
2026-04-04 13:09:55,112 - INFO - [The Dawn] Early skip: URL https://www.dawn.com/news/1988511/rs20-million-fine-for-a-deleted-tweet-the-cost-of-irreverence already exists.
2026-04-04 13:09:55,113 - INFO - [The Dawn] Early skip: URL https://www.dawn.com/news/1988383/putin-erdogan-call-for-immediate-ceasefire-in-middle-east-war already exists.
2026-04-04 13:09:55,114 - INFO - [The Dawn] Early skip: URL https://www.dawn.com/news/1988290/irans-military-claims-shooting-down-second-us-jet-while-hunt-for-crew-of-downed-f-15-aircraft-continues already exists.
2026-04-04 13:09:55,116 - INFO - [The Dawn] Early skip: URL https://www.dawn.com/news/1988386/sharp-hike-in-fuel-prices-challenged-in-lahore-high-court already exists.
2026-04-04 13:09:55,117 - INFO - [The Dawn] Early skip: URL https://www.dawn.com/news/1988495/58-tortillas-five-hot-sauces-and-one-toilet-life-aboard-spacecraft-orion already exists.
2026-04-04 13:09:55,118 - INFO - [The Dawn] Early skip: URL https://www.dawn.com/news/1988267/provinces-take-the-lead-in-doling-out-fuel-subsidies-following-petrol-price-shock already exists.
2026-04-04 13:09:55,123 - INFO - [The Dawn] (Thread) Finished. Attempting to shut down its Selenium driver.
2026-04-04 13:09:55,317 - INFO - [The Dawn] (Thread) driver.quit() successful.
2026-04-04 13:10:14,326 - INFO - >>> SUCCESSFULLY SAVED [ID: 48176] - ‘Unconstrained’ Trump seems to be on a quest to name most everything after himself | Donald Trump | The Guardian from The Guardian (1072 words)
2026-04-04 13:10:15,309 - INFO - [The Guardian] Article: https://www.theguardian.com/us-news/2026/apr/04/buffalo-rohingya-refugee-death-homicide-border-agents
2026-04-04 13:10:15,309 - INFO - [The Guardian] Attempt 1/1: Trying with 'requests_browser' strategy...
2026-04-04 13:10:15,408 - INFO - [The Guardian] Success with 'requests_browser'. Found content (2939 words).
2026-04-04 13:10:35,238 - INFO - >>> SUCCESSFULLY SAVED [ID: 48177] - AU Small Finance Bank Q4 business update: Deposits up 23% YoY at Rs 1.52 lk cr, advances rise 25% - The Economic Times from Economic Times (442 words)
2026-04-04 13:10:35,987 - INFO - [Economic Times] Article: https://economictimes.indiatimes.com/markets/stocks/news/bandhan-bank-q4-business-update-advances-rise-to-rs-1-54-lakh-crore-deposits-up-10/articleshow/130016638.cms
2026-04-04 13:10:35,987 - INFO - [Economic Times] Attempt 1/2: Trying with 'requests_browser' strategy...
2026-04-04 13:10:36,407 - ERROR - parsed tree length: 1, wrong data type or not valid HTML
2026-04-04 13:10:36,408 - ERROR - empty HTML tree: None
2026-04-04 13:10:36,408 - WARNING - discarding data: None
2026-04-04 13:10:36,415 - WARNING - [Economic Times] FAILED with 'requests_browser' (content was too short: 0 words).
2026-04-04 13:10:37,411 - INFO - [Economic Times] Article: https://economictimes.indiatimes.com/markets/stocks/news/bandhan-bank-q4-business-update-advances-rise-to-rs-1-54-lakh-crore-deposits-up-10/articleshow/130016638.cms
2026-04-04 13:10:37,411 - INFO - [Economic Times] Attempt 2/2: Trying with 'selenium_browser' strategy...
2026-04-04 13:10:39,963 - INFO - [Economic Times] Page content loaded.
2026-04-04 13:10:40,186 - INFO - [Economic Times] Success with 'selenium_browser'. Found content (381 words).
2026-04-04 13:11:01,087 - INFO - >>> SUCCESSFULLY SAVED [ID: 48178] - ‘Digital and physical infrastructure with skills will drive India’s economic growth’ - The Hindu from The Hindu (181 words)
2026-04-04 13:11:01,946 - INFO - [The Hindu] Article: https://www.thehindu.com/news/national/andhra-pradesh/apcrda-initiates-process-to-rope-in-consultant-to-develop-governance-framework-for-amaravati/article70822782.ece
2026-04-04 13:11:01,947 - INFO - [The Hindu] Attempt 1/1: Trying with 'selenium_browser' strategy...
2026-04-04 13:11:02,676 - INFO - [The Hindu] Page content loaded.
2026-04-04 13:11:02,778 - INFO - [The Hindu] Success with 'selenium_browser'. Found content (306 words).
2026-04-04 13:11:24,064 - INFO - >>> SUCCESSFULLY SAVED [ID: 48179] - ‘It broke our home’: family demands answers after death of man abandoned by US border agents | New York | The Guardian from The Guardian (2939 words)
2026-04-04 13:11:24,801 - INFO - [The Guardian] Early skip: URL https://www.theguardian.com/us-news/2026/apr/04/covid-19-variant-ba32 already exists.
2026-04-04 13:11:45,161 - INFO - >>> SUCCESSFULLY SAVED [ID: 48180] - Bandhan Bank Q4 business update: Advances rise to Rs 1.54 lakh crore, deposits up 10% - The Economic Times from Economic Times (381 words)
2026-04-04 13:11:46,131 - INFO - [Economic Times] Article: https://economictimes.indiatimes.com/markets/stocks/news/hdfc-bank-q4-business-update-lender-reports-15-yoy-growth-in-deposits-advances-jump-12/articleshow/130015244.cms
2026-04-04 13:11:46,131 - INFO - [Economic Times] Attempt 1/2: Trying with 'requests_browser' strategy...
2026-04-04 13:11:46,454 - ERROR - parsed tree length: 1, wrong data type or not valid HTML
2026-04-04 13:11:46,454 - ERROR - empty HTML tree: None
2026-04-04 13:11:46,454 - WARNING - discarding data: None
2026-04-04 13:11:46,454 - WARNING - [Economic Times] FAILED with 'requests_browser' (content was too short: 0 words).
2026-04-04 13:11:46,905 - CRITICAL - --- TIMEOUT: 2 scrape jobs did not complete in 300s. ---
2026-04-04 13:11:46,905 - ERROR - A thread has timed out and will be abandoned.
2026-04-04 13:11:46,906 - ERROR - A thread has timed out and will be abandoned.
2026-04-04 13:11:46,906 - INFO - Shutting down thread pool (wait=False)...
2026-04-04 13:11:46,906 - INFO - Scraped: 2 The Dawn, 2 Times of India, 0 BBC, 2 Al Jazeera, 0 TechCrunch, 4 The Guardian, 2 Timed_Out_Jobs articles. (Total saved: 10)
2026-04-04 13:11:46,906 - INFO - --- Scraping job finished ---
2026-04-04 13:11:46,906 - INFO - --- Scraper service stopped. ---
2026-04-04 13:11:46,906 - INFO - --- Main thread finished. Forcing process exit to kill zombie threads. ---
