2026-05-04 19:46:00,852 - INFO - Loading AI Semantic Model (all-MiniLM-L6-v2)...
2026-05-04 19:46:00,853 - INFO - No device provided, using cpu
2026-05-04 19:46:00,974 - INFO - HTTP Request: HEAD https://huggingface.co/sentence-transformers/all-MiniLM-L6-v2/resolve/main/modules.json "HTTP/1.1 307 Temporary Redirect"
2026-05-04 19:46:00,975 - WARNING - Warning: You are sending unauthenticated requests to the HF Hub. Please set a HF_TOKEN to enable higher rate limits and faster downloads.
2026-05-04 19:46:00,981 - INFO - HTTP Request: HEAD https://huggingface.co/api/resolve-cache/models/sentence-transformers/all-MiniLM-L6-v2/c9745ed1d9f207416be6d2e6f8de32d1f16199bf/modules.json "HTTP/1.1 200 OK"
2026-05-04 19:46:00,999 - INFO - HTTP Request: HEAD https://huggingface.co/sentence-transformers/all-MiniLM-L6-v2/resolve/main/config_sentence_transformers.json "HTTP/1.1 307 Temporary Redirect"
2026-05-04 19:46:01,005 - INFO - HTTP Request: HEAD https://huggingface.co/api/resolve-cache/models/sentence-transformers/all-MiniLM-L6-v2/c9745ed1d9f207416be6d2e6f8de32d1f16199bf/config_sentence_transformers.json "HTTP/1.1 200 OK"
2026-05-04 19:46:01,006 - INFO - Loading SentenceTransformer model from sentence-transformers/all-MiniLM-L6-v2.
2026-05-04 19:46:01,020 - INFO - HTTP Request: HEAD https://huggingface.co/sentence-transformers/all-MiniLM-L6-v2/resolve/main/config_sentence_transformers.json "HTTP/1.1 307 Temporary Redirect"
2026-05-04 19:46:01,026 - INFO - HTTP Request: HEAD https://huggingface.co/api/resolve-cache/models/sentence-transformers/all-MiniLM-L6-v2/c9745ed1d9f207416be6d2e6f8de32d1f16199bf/config_sentence_transformers.json "HTTP/1.1 200 OK"
2026-05-04 19:46:01,049 - INFO - HTTP Request: HEAD https://huggingface.co/sentence-transformers/all-MiniLM-L6-v2/resolve/main/README.md "HTTP/1.1 307 Temporary Redirect"
2026-05-04 19:46:01,055 - INFO - HTTP Request: HEAD https://huggingface.co/api/resolve-cache/models/sentence-transformers/all-MiniLM-L6-v2/c9745ed1d9f207416be6d2e6f8de32d1f16199bf/README.md "HTTP/1.1 200 OK"
2026-05-04 19:46:01,071 - INFO - HTTP Request: HEAD https://huggingface.co/sentence-transformers/all-MiniLM-L6-v2/resolve/main/modules.json "HTTP/1.1 307 Temporary Redirect"
2026-05-04 19:46:01,077 - INFO - HTTP Request: HEAD https://huggingface.co/api/resolve-cache/models/sentence-transformers/all-MiniLM-L6-v2/c9745ed1d9f207416be6d2e6f8de32d1f16199bf/modules.json "HTTP/1.1 200 OK"
2026-05-04 19:46:01,102 - INFO - HTTP Request: HEAD https://huggingface.co/sentence-transformers/all-MiniLM-L6-v2/resolve/main/sentence_bert_config.json "HTTP/1.1 307 Temporary Redirect"
2026-05-04 19:46:01,109 - INFO - HTTP Request: HEAD https://huggingface.co/api/resolve-cache/models/sentence-transformers/all-MiniLM-L6-v2/c9745ed1d9f207416be6d2e6f8de32d1f16199bf/sentence_bert_config.json "HTTP/1.1 200 OK"
2026-05-04 19:46:01,130 - INFO - HTTP Request: HEAD https://huggingface.co/sentence-transformers/all-MiniLM-L6-v2/resolve/main/adapter_config.json "HTTP/1.1 404 Not Found"
2026-05-04 19:46:01,148 - INFO - HTTP Request: HEAD https://huggingface.co/sentence-transformers/all-MiniLM-L6-v2/resolve/main/config.json "HTTP/1.1 307 Temporary Redirect"
2026-05-04 19:46:01,154 - INFO - HTTP Request: HEAD https://huggingface.co/api/resolve-cache/models/sentence-transformers/all-MiniLM-L6-v2/c9745ed1d9f207416be6d2e6f8de32d1f16199bf/config.json "HTTP/1.1 200 OK"
2026-05-04 19:46:01,450 - INFO - HTTP Request: HEAD https://huggingface.co/sentence-transformers/all-MiniLM-L6-v2/resolve/main/processor_config.json "HTTP/1.1 404 Not Found"
2026-05-04 19:46:01,470 - INFO - HTTP Request: HEAD https://huggingface.co/sentence-transformers/all-MiniLM-L6-v2/resolve/main/preprocessor_config.json "HTTP/1.1 404 Not Found"
2026-05-04 19:46:01,490 - INFO - HTTP Request: HEAD https://huggingface.co/sentence-transformers/all-MiniLM-L6-v2/resolve/main/video_preprocessor_config.json "HTTP/1.1 404 Not Found"
2026-05-04 19:46:01,523 - INFO - HTTP Request: HEAD https://huggingface.co/sentence-transformers/all-MiniLM-L6-v2/resolve/main/preprocessor_config.json "HTTP/1.1 404 Not Found"
2026-05-04 19:46:01,540 - INFO - HTTP Request: HEAD https://huggingface.co/sentence-transformers/all-MiniLM-L6-v2/resolve/main/tokenizer_config.json "HTTP/1.1 307 Temporary Redirect"
2026-05-04 19:46:01,546 - INFO - HTTP Request: HEAD https://huggingface.co/api/resolve-cache/models/sentence-transformers/all-MiniLM-L6-v2/c9745ed1d9f207416be6d2e6f8de32d1f16199bf/tokenizer_config.json "HTTP/1.1 200 OK"
2026-05-04 19:46:01,574 - INFO - HTTP Request: HEAD https://huggingface.co/sentence-transformers/all-MiniLM-L6-v2/resolve/main/config.json "HTTP/1.1 307 Temporary Redirect"
2026-05-04 19:46:01,580 - INFO - HTTP Request: HEAD https://huggingface.co/api/resolve-cache/models/sentence-transformers/all-MiniLM-L6-v2/c9745ed1d9f207416be6d2e6f8de32d1f16199bf/config.json "HTTP/1.1 200 OK"
2026-05-04 19:46:01,598 - INFO - HTTP Request: HEAD https://huggingface.co/sentence-transformers/all-MiniLM-L6-v2/resolve/main/config.json "HTTP/1.1 307 Temporary Redirect"
2026-05-04 19:46:01,604 - INFO - HTTP Request: HEAD https://huggingface.co/api/resolve-cache/models/sentence-transformers/all-MiniLM-L6-v2/c9745ed1d9f207416be6d2e6f8de32d1f16199bf/config.json "HTTP/1.1 200 OK"
2026-05-04 19:46:01,624 - INFO - HTTP Request: HEAD https://huggingface.co/sentence-transformers/all-MiniLM-L6-v2/resolve/main/tokenizer_config.json "HTTP/1.1 307 Temporary Redirect"
2026-05-04 19:46:01,629 - INFO - HTTP Request: HEAD https://huggingface.co/api/resolve-cache/models/sentence-transformers/all-MiniLM-L6-v2/c9745ed1d9f207416be6d2e6f8de32d1f16199bf/tokenizer_config.json "HTTP/1.1 200 OK"
2026-05-04 19:46:01,654 - INFO - HTTP Request: GET https://huggingface.co/api/models/sentence-transformers/all-MiniLM-L6-v2/tree/main/additional_chat_templates?recursive=false&expand=false "HTTP/1.1 404 Not Found"
2026-05-04 19:46:01,676 - INFO - HTTP Request: GET https://huggingface.co/api/models/sentence-transformers/all-MiniLM-L6-v2/tree/main?recursive=true&expand=false "HTTP/1.1 200 OK"
2026-05-04 19:46:01,733 - INFO - HTTP Request: HEAD https://huggingface.co/sentence-transformers/all-MiniLM-L6-v2/resolve/main/1_Pooling/config.json "HTTP/1.1 307 Temporary Redirect"
2026-05-04 19:46:01,739 - INFO - HTTP Request: HEAD https://huggingface.co/api/resolve-cache/models/sentence-transformers/all-MiniLM-L6-v2/c9745ed1d9f207416be6d2e6f8de32d1f16199bf/1_Pooling%2Fconfig.json "HTTP/1.1 200 OK"
2026-05-04 19:46:01,761 - INFO - HTTP Request: GET https://huggingface.co/api/models/sentence-transformers/all-MiniLM-L6-v2 "HTTP/1.1 200 OK"
2026-05-04 19:46:01,765 - INFO - AI Model loaded successfully.
2026-05-04 19:46:01,765 - INFO - --- Scraper service started (CI Mode: Run Once) ---
2026-05-04 19:46:01,765 - INFO - --- Starting new scraping job (Parallel Mode) ---
2026-05-04 19:46:01,765 - INFO - Connecting to Google Sheets...
2026-05-04 19:46:04,935 - INFO - Connected to Sheet: News Scrapper AI / Sheet1
2026-05-04 19:46:04,935 - INFO - Fetching existing data to build cache...
2026-05-04 19:46:21,322 - INFO - Loaded 56500 rows from sheet.
2026-05-04 19:46:22,332 - INFO - Cache built: 56500 URLs. Current MAX_ID: 56602
2026-05-04 19:46:22,339 - INFO - Creating new robust session with 3 retries on 5xx/connection/read errors.
2026-05-04 19:46:22,339 - INFO - Proxy is DISABLED.
2026-05-04 19:46:22,340 - INFO - Starting scrape for BBC RSS feed: http://feeds.bbci.co.uk/news/world/rss.xml
2026-05-04 19:46:22,341 - INFO - [Times of India] (Thread) requires Selenium. Initializing driver...
2026-05-04 19:46:22,341 - INFO - Starting scrape for The Guardian RSS feed: https://www.theguardian.com/world/rss
2026-05-04 19:46:22,341 - INFO - [The Hindu] (Thread) requires Selenium. Initializing driver...
2026-05-04 19:46:22,343 - INFO - [The Dawn] (Thread) requires Selenium. Initializing driver...
2026-05-04 19:46:22,343 - INFO - [Al Jazeera] (Thread) requires Selenium. Initializing driver...
2026-05-04 19:46:22,343 - INFO - Starting scrape for TechCrunch RSS feed: https://techcrunch.com/feed/
2026-05-04 19:46:22,344 - INFO - [Economic Times] (Thread) requires Selenium. Initializing driver...
2026-05-04 19:46:22,345 - INFO - Submitted 8 jobs to thread pool. Waiting up to 420s for completion...
2026-05-04 19:46:22,611 - INFO - Found 0 articles in TechCrunch RSS feed. Processing until 30 new articles are saved.
2026-05-04 19:46:22,623 - INFO - Found 30 articles in BBC RSS feed. Processing until 30 new articles are saved.
2026-05-04 19:46:22,626 - INFO - [BBC] Early skip: URL https://www.bbc.com/news/articles/ckgpzgxgz58o?at_medium=RSS&at_campaign=rss already exists.
2026-05-04 19:46:22,627 - INFO - [BBC] Early skip: URL https://www.bbc.com/news/articles/cy0294829ndo?at_medium=RSS&at_campaign=rss already exists.
2026-05-04 19:46:22,629 - INFO - [BBC] Early skip: URL https://www.bbc.com/news/articles/cpvpnve1r24o?at_medium=RSS&at_campaign=rss already exists.
2026-05-04 19:46:22,630 - INFO - [BBC] Early skip: URL https://www.bbc.com/news/articles/cwy234llx3vo?at_medium=RSS&at_campaign=rss already exists.
2026-05-04 19:46:22,632 - INFO - [BBC] Early skip: URL https://www.bbc.com/news/articles/ce9p09e5vnro?at_medium=RSS&at_campaign=rss already exists.
2026-05-04 19:46:22,634 - INFO - [BBC] Early skip: URL https://www.bbc.com/news/articles/c5yrwny111xo?at_medium=RSS&at_campaign=rss already exists.
2026-05-04 19:46:22,636 - INFO - [BBC] Article: https://www.bbc.com/news/articles/c8r8jr7x8mlo?at_medium=RSS&at_campaign=rss
2026-05-04 19:46:22,636 - INFO - [BBC] Attempt 1/1: Trying with 'requests_browser' strategy...
2026-05-04 19:46:22,662 - INFO - Found 45 articles in The Guardian RSS feed. Processing until 30 new articles are saved.
2026-05-04 19:46:22,662 - INFO - [The Guardian] Early skip: URL https://www.theguardian.com/science/2026/may/04/cruise-ship-suspected-hantavirus-outbreak-blocked-docking-cape-verde already exists.
2026-05-04 19:46:22,663 - INFO - [The Guardian] Early skip: URL https://www.theguardian.com/business/2026/may/04/nigeria-refinery-dangote-uk-plan-jet-fuel-shortage-strait-of-hormuz already exists.
2026-05-04 19:46:22,664 - INFO - [The Guardian] Early skip: URL https://www.theguardian.com/global-development/2026/may/04/kenya-ai-healthcare-reforms-driving-up-costs-for-poor already exists.
2026-05-04 19:46:22,666 - INFO - [The Guardian] Early skip: URL https://www.theguardian.com/world/2026/may/03/three-passengers-dead-after-suspected-hantavirus-outbreak-on-cruise-ship already exists.
2026-05-04 19:46:22,667 - INFO - [The Guardian] Early skip: URL https://www.theguardian.com/us-news/2026/may/03/service-members-missing-military-exercises-morocco already exists.
2026-05-04 19:46:22,668 - INFO - [The Guardian] Early skip: URL https://www.theguardian.com/world/2026/may/03/canada-first-non-european-nation-epc-summit-mark-carney-allies-trump already exists.
2026-05-04 19:46:22,669 - INFO - [The Guardian] Early skip: URL https://www.theguardian.com/science/2026/may/02/germany-brazil-irritator-dinosaur-skull-restitution already exists.
2026-05-04 19:46:22,671 - INFO - [The Guardian] Early skip: URL https://www.theguardian.com/world/2026/may/02/cuba-trump-new-sanctions-economy already exists.
2026-05-04 19:46:22,672 - INFO - [The Guardian] Early skip: URL https://www.theguardian.com/us-news/2026/may/01/pope-former-undocumented-immigrant-bishop-west-virginia already exists.
2026-05-04 19:46:22,673 - INFO - [The Guardian] Early skip: URL https://www.theguardian.com/environment/2026/may/01/could-key-climate-talks-mark-ground-zero-in-global-push-to-ditch-fossil-fuels already exists.
2026-05-04 19:46:22,674 - INFO - [The Guardian] Early skip: URL https://www.theguardian.com/world/2026/may/04/japan-sees-largest-protest-in-support-of-pacifist-constitution-as-pm-takaichi-pushes-revisions already exists.
2026-05-04 19:46:22,676 - INFO - [The Guardian] Early skip: URL https://www.theguardian.com/world/2026/may/04/rare-comet-new-zealand already exists.
2026-05-04 19:46:22,677 - INFO - [The Guardian] Early skip: URL https://www.theguardian.com/environment/2026/may/01/weather-tracker-tornadoes-and-giant-hail-in-central-us already exists.
2026-05-04 19:46:22,678 - INFO - [The Guardian] Early skip: URL https://www.theguardian.com/world/2026/apr/30/jailed-hong-kong-pro-democracy-activist-jimmy-lai-wins-freedom-of-speech-award-in-germany already exists.
2026-05-04 19:46:22,680 - INFO - [The Guardian] Early skip: URL https://www.theguardian.com/world/2026/apr/30/christchurch-gunman-shooter-mosque-attacker-appeal-fails-ntwnfb already exists.
2026-05-04 19:46:22,682 - INFO - [The Guardian] Article: https://www.theguardian.com/australia-news/2026/may/04/victoria-state-budget-2026-surplus
2026-05-04 19:46:22,682 - INFO - [The Guardian] Attempt 1/1: Trying with 'requests_browser' strategy...
2026-05-04 19:46:22,977 - INFO - [The Guardian] Success with 'requests_browser'. Found content (609 words).
2026-05-04 19:46:23,047 - INFO - [BBC] Success with 'requests_browser'. Found content (423 words).
2026-05-04 19:46:23,593 - INFO - Selenium driver initialized successfully (Eager load strategy, 7s timeout).
2026-05-04 19:46:23,598 - INFO - Starting scrape for The Dawn RSS feed: https://www.dawn.com/feeds/home
2026-05-04 19:46:23,594 - INFO - Selenium driver initialized successfully (Eager load strategy, 7s timeout).
2026-05-04 19:46:23,600 - INFO - Starting scrape for The Hindu RSS feed: https://www.thehindu.com/news/national/feeder/default.rss
2026-05-04 19:46:23,632 - INFO - Selenium driver initialized successfully (Eager load strategy, 7s timeout).
2026-05-04 19:46:23,632 - INFO - Starting scrape for Al Jazeera RSS feed: https://www.aljazeera.com/xml/rss/all.xml
2026-05-04 19:46:23,641 - INFO - Selenium driver initialized successfully (Eager load strategy, 7s timeout).
2026-05-04 19:46:23,642 - INFO - Starting scrape for Times of India RSS feed: https://timesofindia.indiatimes.com/rssfeeds/296589292.cms
2026-05-04 19:46:23,677 - INFO - Selenium driver initialized successfully (Eager load strategy, 7s timeout).
2026-05-04 19:46:23,677 - INFO - Starting scrape for Economic Times RSS feed: https://economictimes.indiatimes.com/rssfeedsdefault.cms
2026-05-04 19:46:23,830 - INFO - Found 20 articles in Times of India RSS feed. Processing until 30 new articles are saved.
2026-05-04 19:46:23,831 - INFO - [Times of India] Article: https://timesofindia.indiatimes.com/world/us-streamers/viral-tiktok-doordash-driver-olivia-henderson-hit-with-felony-charges-pleads-not-guilty/articleshow/130810790.cms
2026-05-04 19:46:23,831 - INFO - [Times of India] Attempt 1/1: Trying with 'selenium_browser' strategy...
2026-05-04 19:46:23,873 - INFO - Found 27 articles in The Dawn RSS feed. Processing until 30 new articles are saved.
2026-05-04 19:46:23,873 - INFO - [The Dawn] Early skip: URL https://www.dawn.com/news/1997510/fujairah-oil-zone-hit-by-drone-attack-as-uae-says-it-intercepted-iranian-missiles already exists.
2026-05-04 19:46:23,882 - INFO - [The Dawn] Article: https://www.dawn.com/news/1997526/six-indian-nationals-among-sailors-rescued-by-navy-maritime-security-agency-in-arabian-sea-security-sources
2026-05-04 19:46:23,882 - INFO - [The Dawn] Attempt 1/2: Trying with 'requests_browser' strategy...
2026-05-04 19:46:23,904 - INFO - Found 25 articles in Al Jazeera RSS feed. Processing until 30 new articles are saved.
2026-05-04 19:46:23,905 - INFO - [Al Jazeera] Article: https://www.aljazeera.com/news/2026/5/4/gangland-wars-killing-dozens-of-bystanders-report-swedish-police?traffic_source=rss
2026-05-04 19:46:23,905 - INFO - [Al Jazeera] Attempt 1/2: Trying with 'requests_browser' strategy...
2026-05-04 19:46:23,938 - INFO - Found 60 articles in The Hindu RSS feed. Processing until 30 new articles are saved.
2026-05-04 19:46:23,938 - INFO - [The Hindu] Article: https://www.thehindu.com/opinion/op-ed/assams-mandate-of-assertion-and-polarisation/article70940316.ece
2026-05-04 19:46:23,938 - INFO - [The Hindu] Attempt 1/1: Trying with 'selenium_browser' strategy...
2026-05-04 19:46:23,976 - INFO - [Al Jazeera] Success with 'requests_browser'. Found content (387 words).
2026-05-04 19:46:24,013 - INFO - [The Dawn] Success with 'requests_browser'. Found content (211 words).
2026-05-04 19:46:24,102 - INFO - Found 76 articles in Economic Times RSS feed. Processing until 30 new articles are saved.
2026-05-04 19:46:24,102 - INFO - [Economic Times] Early skip: URL https://economictimes.indiatimes.com/markets/stocks/news/adani-ports-tata-motors-and-siemens-energy-witness-block-deal-action-on-monday/articleshow/130806797.cms already exists.
2026-05-04 19:46:24,103 - INFO - [Economic Times] Early skip: URL https://economictimes.indiatimes.com/markets/stocks/news/thalapathy-government-why-vijays-historic-rise-in-indias-industrial-powerhouse-state-matters-for-stock-market/articleshow/130798865.cms already exists.
2026-05-04 19:46:24,105 - INFO - [Economic Times] Early skip: URL https://economictimes.indiatimes.com/markets/stocks/earnings/tata-technologies-q4-results-cons-pat-rises-8-yoy-to-rs-204-crore-revenue-rises-22/articleshow/130801353.cms already exists.
2026-05-04 19:46:24,106 - INFO - [Economic Times] Article: https://economictimes.indiatimes.com/markets/stocks/earnings/csb-bank-q4-profit-rises-6-on-lower-provisions-growth-steady/articleshow/130801882.cms
2026-05-04 19:46:24,106 - INFO - [Economic Times] Attempt 1/2: Trying with 'requests_browser' strategy...
2026-05-04 19:46:24,429 - ERROR - parsed tree length: 1, wrong data type or not valid HTML
2026-05-04 19:46:24,430 - ERROR - empty HTML tree: None
2026-05-04 19:46:24,430 - WARNING - discarding data: None
2026-05-04 19:46:24,430 - WARNING - [Economic Times] FAILED with 'requests_browser' (content was too short: 0 words).
2026-05-04 19:46:24,571 - INFO - [The Hindu] Page content loaded.
2026-05-04 19:46:24,733 - INFO - [The Hindu] Success with 'selenium_browser'. Found content (156 words).
2026-05-04 19:46:25,043 - INFO - [Times of India] Page content loaded.
2026-05-04 19:46:25,141 - INFO - [Economic Times] Article: https://economictimes.indiatimes.com/markets/stocks/earnings/csb-bank-q4-profit-rises-6-on-lower-provisions-growth-steady/articleshow/130801882.cms
2026-05-04 19:46:25,142 - INFO - [Economic Times] Attempt 2/2: Trying with 'selenium_browser' strategy...
2026-05-04 19:46:25,310 - INFO - [Times of India] Success with 'selenium_browser'. Found content (348 words).
2026-05-04 19:46:27,067 - INFO - [Economic Times] Page content loaded.
2026-05-04 19:46:27,788 - INFO - [Economic Times] Success with 'selenium_browser'. Found content (418 words).
2026-05-04 19:46:54,797 - INFO - >>> SUCCESSFULLY SAVED [ID: 56603] - Victoria state budget 2026: state back in black forecasting two back-to-back surpluses | Victorian politics | The Guardian from The Guardian (609 words)
2026-05-04 19:46:56,211 - INFO - [The Guardian] Early skip: URL https://www.theguardian.com/australia-news/2026/may/05/australias-property-investor-borrowing-rises-at-fastest-rate-in-a-decade-despite-interest-rate-rises already exists.
2026-05-04 19:46:56,212 - INFO - [The Guardian] Early skip: URL https://www.theguardian.com/australia-news/2026/may/04/hecs-student-loan-humanities-students-australia-25-years already exists.
2026-05-04 19:46:56,214 - INFO - [The Guardian] Early skip: URL https://www.theguardian.com/australia-news/2026/may/04/albanese-gas-export-tax-asia-energy-trades-fuel-crisis already exists.
2026-05-04 19:46:56,215 - INFO - [The Guardian] Early skip: URL https://www.theguardian.com/australia-news/2026/may/05/nsw-to-criminalise-secret-gps-tracking-after-report-highlighting-number-of-devices-bought-by-dv-offenders already exists.
2026-05-04 19:46:56,216 - INFO - [The Guardian] Early skip: URL https://www.theguardian.com/world/2026/may/04/europe-must-face-up-to-tensions-with-trump-keir-starmer-says already exists.
2026-05-04 19:46:56,218 - INFO - [The Guardian] Early skip: URL https://www.theguardian.com/world/2026/may/04/car-runs-into-crowd-in-german-city-of-leipzig-with-fatalities-reported already exists.
2026-05-04 19:46:56,219 - INFO - [The Guardian] Early skip: URL https://www.theguardian.com/environment/2026/may/04/weather-tracker-greece-winds-turkey-rain-bangladesh-storms-central-europe-heat already exists.
2026-05-04 19:46:56,220 - INFO - [The Guardian] Early skip: URL https://www.theguardian.com/world/2026/may/04/austria-expels-three-russian-embassy-staff-vienna-suspicion-of-spying already exists.
2026-05-04 19:46:56,221 - INFO - [The Guardian] Early skip: URL https://www.theguardian.com/us-news/2026/may/04/marco-rubio-to-meet-pope-leo-after-trumps-broadside-against-pontiff already exists.
2026-05-04 19:46:56,223 - INFO - [The Guardian] Early skip: URL https://www.theguardian.com/world/2026/may/04/shipping-bosses-nervous-trump-plan-to-guide-vessels-strait-of-hormuz-iran already exists.
2026-05-04 19:46:56,224 - INFO - [The Guardian] Early skip: URL https://www.theguardian.com/world/live/2026/may/04/iran-war-live-updates-trump-hormuz-us-operation-tanker-strikes already exists.
2026-05-04 19:46:56,225 - INFO - [The Guardian] Article: https://www.theguardian.com/us-news/2026/may/04/project-freedom-marks-a-classic-trump-flip-from-warmonger-to-humanitarian
2026-05-04 19:46:56,225 - INFO - [The Guardian] Attempt 1/1: Trying with 'requests_browser' strategy...
2026-05-04 19:46:56,367 - INFO - [The Guardian] Success with 'requests_browser'. Found content (1165 words).
2026-05-04 19:47:07,482 - INFO - >>> SUCCESSFULLY SAVED [ID: 56604] - Assimi Goïta: Mali junta leader names himself defence minister after predecessor killed from BBC (423 words)
2026-05-04 19:47:08,174 - INFO - [BBC] Article: https://www.bbc.com/news/articles/cp8pn8py5gro?at_medium=RSS&at_campaign=rss
2026-05-04 19:47:08,175 - INFO - [BBC] Attempt 1/1: Trying with 'requests_browser' strategy...
2026-05-04 19:47:08,212 - INFO - [BBC] Success with 'requests_browser'. Found content (242 words).
2026-05-04 19:47:20,328 - INFO - >>> SUCCESSFULLY SAVED [ID: 56605] - Gangland wars killing dozens of bystanders, report Swedish police | Crime News | Al Jazeera from Al Jazeera (387 words)
2026-05-04 19:47:20,882 - INFO - [Al Jazeera] Article: https://www.aljazeera.com/video/newsfeed/2026/5/4/iran-us-clash-over-alleged-warship-attack-in-strait-of-hormuz?traffic_source=rss
2026-05-04 19:47:20,882 - INFO - [Al Jazeera] Attempt 1/2: Trying with 'requests_browser' strategy...
2026-05-04 19:47:20,924 - WARNING - [Al Jazeera] FAILED with 'requests_browser' (content was too short: 77 words).
2026-05-04 19:47:21,803 - INFO - [Al Jazeera] Article: https://www.aljazeera.com/video/newsfeed/2026/5/4/iran-us-clash-over-alleged-warship-attack-in-strait-of-hormuz?traffic_source=rss
2026-05-04 19:47:21,804 - INFO - [Al Jazeera] Attempt 2/2: Trying with 'selenium_browser' strategy...
2026-05-04 19:47:22,809 - INFO - [Al Jazeera] Page content loaded.
2026-05-04 19:47:23,003 - WARNING - [Al Jazeera] FAILED with 'selenium_browser' (content was too short: 77 words).
2026-05-04 19:47:23,004 - ERROR - [Al Jazeera] All scrape strategies failed for https://www.aljazeera.com/video/newsfeed/2026/5/4/iran-us-clash-over-alleged-warship-attack-in-strait-of-hormuz?traffic_source=rss. Falling back to RSS description.
2026-05-04 19:47:23,004 - WARNING - SKIPPED (GLOBAL WORD LIMIT): Article 'Iran-US clash over alleged warship attack in Strait of Hormuz' from Al Jazeera has only 21 words (Min: 90).
2026-05-04 19:47:23,663 - INFO - [Al Jazeera] Article: https://www.aljazeera.com/news/2026/5/4/zambia-delaying-us-deals-over-minerals-and-data-demands?traffic_source=rss
2026-05-04 19:47:23,664 - INFO - [Al Jazeera] Attempt 1/2: Trying with 'requests_browser' strategy...
2026-05-04 19:47:23,711 - INFO - [Al Jazeera] Success with 'requests_browser'. Found content (386 words).
2026-05-04 19:47:34,305 - INFO - >>> SUCCESSFULLY SAVED [ID: 56606] - Six Indian nationals among sailors rescued by navy, maritime security agency in Arabian Sea: security sources - Pakistan - DAWN.COM from The Dawn (211 words)
2026-05-04 19:47:35,470 - INFO - [The Dawn] Article: https://www.dawn.com/news/1997513/suicide-attack-foiled-on-army-check-post-in-south-waziristan-civilian-martyred-15-injured
2026-05-04 19:47:35,470 - INFO - [The Dawn] Attempt 1/2: Trying with 'requests_browser' strategy...
2026-05-04 19:47:35,534 - INFO - [The Dawn] Success with 'requests_browser'. Found content (399 words).
2026-05-04 19:47:47,033 - INFO - >>> SUCCESSFULLY SAVED [ID: 56607] - Assam’s mandate of assertion and polarisation - The Hindu from The Hindu (156 words)
2026-05-04 19:47:47,773 - INFO - [The Hindu] Article: https://www.thehindu.com/elections/west-bengal-assembly/west-bengal-election-results-split-in-muslim-votespaves-doom-for-trinamool-congress/article70939839.ece
2026-05-04 19:47:47,773 - INFO - [The Hindu] Attempt 1/1: Trying with 'selenium_browser' strategy...
2026-05-04 19:47:48,876 - INFO - [The Hindu] Page content loaded.
2026-05-04 19:47:49,084 - INFO - [The Hindu] Success with 'selenium_browser'. Found content (501 words).
2026-05-04 19:48:01,140 - INFO - >>> SUCCESSFULLY SAVED [ID: 56608] - Olivia Henderson: Viral TikTok DoorDash driver Olivia Henderson hit with felony charges, pleads not guilty - The Times of India from Times of India (348 words)
2026-05-04 19:48:02,243 - INFO - [Times of India] Article: https://timesofindia.indiatimes.com/world/rest-of-world/hidden-underground-city-built-by-ants-discovered-in-brazil-after-shocking-concrete-test/articleshow/130784246.cms
2026-05-04 19:48:02,243 - INFO - [Times of India] Attempt 1/1: Trying with 'selenium_browser' strategy...
2026-05-04 19:48:09,877 - WARNING - [Times of India] Page get timed out (7s). Proceeding to grab partial source anyway.
2026-05-04 19:48:09,927 - INFO - [Times of India] Page content loaded.
2026-05-04 19:48:10,158 - INFO - [Times of India] Success with 'selenium_browser'. Found content (348 words).
2026-05-04 19:48:18,863 - INFO - >>> SUCCESSFULLY SAVED [ID: 56609] - CSB Bank Q4 profit rises 6% on lower provisions, growth steady - The Economic Times from Economic Times (418 words)
2026-05-04 19:48:20,319 - INFO - [Economic Times] Article: https://economictimes.indiatimes.com/markets/stocks/earnings/tata-chemicals-q4-results-cons-loss-widens-yoy-to-rs-2132-crore-on-exceptional-items-revenue-drops-2/articleshow/130802414.cms
2026-05-04 19:48:20,319 - INFO - [Economic Times] Attempt 1/2: Trying with 'requests_browser' strategy...
2026-05-04 19:48:21,118 - ERROR - parsed tree length: 1, wrong data type or not valid HTML
2026-05-04 19:48:21,118 - ERROR - empty HTML tree: None
2026-05-04 19:48:21,118 - WARNING - discarding data: None
2026-05-04 19:48:21,119 - WARNING - [Economic Times] FAILED with 'requests_browser' (content was too short: 0 words).
2026-05-04 19:48:21,659 - INFO - [Economic Times] Article: https://economictimes.indiatimes.com/markets/stocks/earnings/tata-chemicals-q4-results-cons-loss-widens-yoy-to-rs-2132-crore-on-exceptional-items-revenue-drops-2/articleshow/130802414.cms
2026-05-04 19:48:21,660 - INFO - [Economic Times] Attempt 2/2: Trying with 'selenium_browser' strategy...
2026-05-04 19:48:24,669 - INFO - [Economic Times] Page content loaded.
2026-05-04 19:48:24,842 - INFO - [Economic Times] Success with 'selenium_browser'. Found content (517 words).
2026-05-04 19:48:35,154 - INFO - >>> SUCCESSFULLY SAVED [ID: 56610] - ‘Project Freedom’: a grand humanitarian gesture, or a fast track to more war? | Donald Trump | The Guardian from The Guardian (1165 words)
2026-05-04 19:48:35,834 - INFO - [The Guardian] Article: https://www.theguardian.com/world/2026/may/04/gaza-flotilla-britons-say-they-needed-hospital-care-after-israeli-forces-abuse
2026-05-04 19:48:35,834 - INFO - [The Guardian] Attempt 1/1: Trying with 'requests_browser' strategy...
2026-05-04 19:48:35,953 - INFO - [The Guardian] Success with 'requests_browser'. Found content (582 words).
2026-05-04 19:48:50,700 - INFO - >>> SUCCESSFULLY SAVED [ID: 56611] - Spain seizes record amount of cocaine in Atlantic Ocean, authorities say from BBC (242 words)
2026-05-04 19:48:51,340 - INFO - [BBC] Early skip: URL https://www.bbc.com/news/articles/ce8pdvp5x5ro?at_medium=RSS&at_campaign=rss already exists.
2026-05-04 19:48:51,341 - INFO - [BBC] Early skip: URL https://www.bbc.com/news/articles/c1m2rk209mzo?at_medium=RSS&at_campaign=rss already exists.
2026-05-04 19:48:51,343 - INFO - [BBC] Article: https://www.bbc.com/news/articles/cn0p8yled1do?at_medium=RSS&at_campaign=rss
2026-05-04 19:48:51,343 - INFO - [BBC] Attempt 1/1: Trying with 'requests_browser' strategy...
2026-05-04 19:48:51,443 - INFO - [BBC] Success with 'requests_browser'. Found content (520 words).
2026-05-04 19:49:04,440 - INFO - >>> SUCCESSFULLY SAVED [ID: 56612] - Zambia delaying US deals over minerals and data demands | News | Al Jazeera from Al Jazeera (386 words)
2026-05-04 19:49:05,410 - INFO - [Al Jazeera] Article: https://www.aljazeera.com/news/2026/5/4/tackling-methane-emissions-key-for-climate-change-and-energy-security-iea?traffic_source=rss
2026-05-04 19:49:05,411 - INFO - [Al Jazeera] Attempt 1/2: Trying with 'requests_browser' strategy...
2026-05-04 19:49:05,443 - INFO - [Al Jazeera] Success with 'requests_browser'. Found content (603 words).
2026-05-04 19:49:17,949 - INFO - >>> SUCCESSFULLY SAVED [ID: 56613] - Suicide attack foiled on army check post in South Waziristan; civilian martyred, 15 injured - Pakistan - DAWN.COM from The Dawn (399 words)
2026-05-04 19:49:19,012 - INFO - [The Dawn] Early skip: URL https://www.dawn.com/news/1997452/ihc-rules-buyers-of-apartments-at-one-constitution-avenue-have-no-ownership-rights already exists.
2026-05-04 19:49:19,014 - INFO - [The Dawn] Article: https://www.dawn.com/news/1997514/nab-recovers-80-acres-of-govt-land-illegally-allotted-to-bahria-town
2026-05-04 19:49:19,014 - INFO - [The Dawn] Attempt 1/2: Trying with 'requests_browser' strategy...
2026-05-04 19:49:19,089 - INFO - [The Dawn] Success with 'requests_browser'. Found content (218 words).
2026-05-04 19:49:33,788 - INFO - >>> SUCCESSFULLY SAVED [ID: 56614] - West Bengal election results: Split in Muslim votes spells doom for Trinamool Congress - The Hindu from The Hindu (501 words)
2026-05-04 19:49:34,379 - INFO - [The Hindu] Early skip: URL https://www.thehindu.com/elections/west-bengal-assembly/west-bengal-election-results-live-updates-may-4-2026/article70934929.ece already exists.
2026-05-04 19:49:34,381 - INFO - [The Hindu] Article: https://www.thehindu.com/data/west-bengal-assembly-elections-results-2026-tmc-bjp-rural-urban-mamata-banerjee/article70938097.ece
2026-05-04 19:49:34,381 - INFO - [The Hindu] Attempt 1/1: Trying with 'selenium_browser' strategy...
2026-05-04 19:49:41,518 - WARNING - [The Hindu] Page get timed out (7s). Proceeding to grab partial source anyway.
2026-05-04 19:49:41,539 - INFO - [The Hindu] Page content loaded.
2026-05-04 19:49:41,643 - INFO - [The Hindu] Success with 'selenium_browser'. Found content (501 words).
2026-05-04 19:49:44,278 - INFO - DEDUPLICATION: Found match (Score: 1.00). Linking to Cluster ID: 5bd06e47-925f-4127-9178-191f9e9fe1f7
2026-05-04 19:49:46,532 - INFO - >>> SUCCESSFULLY SAVED [ID: 56615] - Olivia Henderson: Viral TikTok DoorDash driver Olivia Henderson hit with felony charges, pleads not guilty - The Times of India from Times of India (348 words)
2026-05-04 19:49:47,882 - INFO - [Times of India] Article: https://timesofindia.indiatimes.com/world/us-streamers/xqc-ignites-online-storm-with-bold-gender-dynamics-take-on-female-police-officers-during-livestream/articleshow/130807801.cms
2026-05-04 19:49:47,882 - INFO - [Times of India] Attempt 1/1: Trying with 'selenium_browser' strategy...
2026-05-04 19:49:49,029 - INFO - [Times of India] Page content loaded.
2026-05-04 19:49:49,465 - INFO - [Times of India] Success with 'selenium_browser'. Found content (454 words).
2026-05-04 19:50:05,362 - INFO - >>> SUCCESSFULLY SAVED [ID: 56616] - Tata Chemicals Q4 results: Cons loss widens YoY to Rs 2,132 crore on exceptional items; revenue drops 2% - The Economic Times from Economic Times (517 words)
2026-05-04 19:50:06,658 - INFO - [Economic Times] Early skip: URL https://economictimes.indiatimes.com/markets/stocks/news/short-covering-fuels-april-rally-stock-specific-action-to-continue-in-may/articleshow/130742199.cms already exists.
2026-05-04 19:50:06,660 - INFO - [Economic Times] Early skip: URL https://economictimes.indiatimes.com/news/economy/policy/rbi-draft-for-upper-layer-non-banks-affects-cics-disproportionately-raises-compliances-costs/articleshow/130394099.cms already exists.
2026-05-04 19:50:06,661 - INFO - [Economic Times] Early skip: URL https://economictimes.indiatimes.com/news/economy/foreign-trade/exporters-seek-removal-of-cap-on-interest-subvention/articleshow/130341339.cms already exists.
2026-05-04 19:50:06,662 - INFO - [Economic Times] Early skip: URL https://economictimes.indiatimes.com/news/economy/indicators/macro-buffers-to-help-india-tide-over-gulf-crisis-world-bank/articleshow/130152815.cms already exists.
2026-05-04 19:50:06,664 - INFO - [Economic Times] Early skip: URL https://economictimes.indiatimes.com/news/economy/policy/rbi-holds-repo-rate-flags-supply-chain-risks-to-inflation-growth/articleshow/130123373.cms already exists.
2026-05-04 19:50:06,665 - INFO - [Economic Times] Early skip: URL https://economictimes.indiatimes.com/news/economy/policy/rbi-may-keep-rates-unchanged-focus-on-rupee-stability-and-bond-yields/articleshow/130045979.cms already exists.
2026-05-04 19:50:06,666 - INFO - [Economic Times] Early skip: URL https://economictimes.indiatimes.com/news/economy/foreign-trade/japan-to-create-special-cell-to-push-fdi-into-india/articleshow/129933023.cms already exists.
2026-05-04 19:50:06,667 - INFO - [Economic Times] Early skip: URL https://economictimes.indiatimes.com/tech/technology/apple-faces-indian-engineers-bias-lawsuit/articleshow/81694292.cms already exists.
2026-05-04 19:50:06,668 - INFO - [Economic Times] Early skip: URL https://economictimes.indiatimes.com/news/defence/despite-transatlantic-love-fest-eu-charts-third-way-in-ties-with-us-and-china/articleshow/81467467.cms already exists.
2026-05-04 19:50:06,669 - INFO - [Economic Times] Early skip: URL https://economictimes.indiatimes.com/tech/tech-bytes/twitters-india-policy-head-to-step-down-will-transition-in-march/articleshow/80732868.cms already exists.
2026-05-04 19:50:06,671 - INFO - [Economic Times] Early skip: URL https://economictimes.indiatimes.com/tech/tech-and-gadgets/govt-may-keep-rs-7500-cr-outlay-for-it-hardware-manufacturing-under-pli-scheme/articleshow/80333429.cms already exists.
2026-05-04 19:50:06,672 - INFO - [Economic Times] Early skip: URL https://economictimes.indiatimes.com/tech/technology/indian-dating-apps-services-see-surge-of-paying-users-in-small-cities/articleshow/80063342.cms already exists.
2026-05-04 19:50:06,673 - INFO - [Economic Times] Early skip: URL https://economictimes.indiatimes.com/tech/technology/time-for-govt-cos-to-adopt-ai-deloitte-india/articleshow/79981215.cms already exists.
2026-05-04 19:50:06,674 - INFO - [Economic Times] Early skip: URL https://economictimes.indiatimes.com/news/international/world-news/hezbollah-pays-steep-price-in-battle-to-reverse-its-fortunes/articleshow/130731149.cms already exists.
2026-05-04 19:50:06,676 - INFO - [Economic Times] Early skip: URL https://economictimes.indiatimes.com/news/international/global-trends/trump-jokes-us-navy-will-take-on-cuba-on-the-way-home-from-iran/articleshow/130712980.cms already exists.
2026-05-04 19:50:06,678 - INFO - [Economic Times] Early skip: URL https://economictimes.indiatimes.com/news/international/business/the-billion-barrel-hormuz-oil-shock-is-about-to-crash-demand/articleshow/130520926.cms already exists.
2026-05-04 19:50:06,679 - INFO - [Economic Times] Early skip: URL https://economictimes.indiatimes.com/news/international/world-news/iran-to-resume-international-flights-from-mashhad-airport-on-monday/articleshow/130377208.cms already exists.
2026-05-04 19:50:06,680 - INFO - [Economic Times] Early skip: URL https://economictimes.indiatimes.com/news/international/world-news/uk-police-examine-iran-links-to-arson-attacks-on-jewish-targets/articleshow/130377134.cms already exists.
2026-05-04 19:50:06,681 - INFO - [Economic Times] Early skip: URL https://economictimes.indiatimes.com/news/international/business/war-crisis-revives-stagflation-dangers-for-global-economy/articleshow/130376821.cms already exists.
2026-05-04 19:50:06,682 - INFO - [Economic Times] Early skip: URL https://economictimes.indiatimes.com/news/elections/assembly-elections/assam/done-deal-cm-himanta-biswa-sarma-on-nda-seat-sharing-for-assam-polls/articleshow/128678098.cms already exists.
2026-05-04 19:50:06,684 - INFO - [Economic Times] Early skip: URL https://economictimes.indiatimes.com/news/elections/assembly-elections/bihar/rare-intensive-revision-in-bihar-four-months-before-polls/articleshow/122167501.cms already exists.
2026-05-04 19:50:06,685 - INFO - [Economic Times] Early skip: URL https://economictimes.indiatimes.com/news/elections/assembly-elections/delhi/bjp-accuses-kejriwal-of-sending-voters-hoax-calls-to-mislead/articleshow/117579007.cms already exists.
2026-05-04 19:50:06,686 - INFO - [Economic Times] Early skip: URL https://economictimes.indiatimes.com/news/elections/lok-sabha/india/lok-sabha-election-2024-maharashtra-get-interesting-after-splits-in-shiv-sena-ncp/articleshow/108559788.cms already exists.
2026-05-04 19:50:06,687 - INFO - [Economic Times] Early skip: URL https://economictimes.indiatimes.com/news/elections/lok-sabha/india/modi-charisma-key-factor-in-bjps-bid-to-retain-all-26-seats-in-gujarat/articleshow/108550858.cms already exists.
2026-05-04 19:50:06,689 - INFO - [Economic Times] Early skip: URL https://economictimes.indiatimes.com/news/elections/lok-sabha/india/implementation-of-guarantees-decline-of-brs-favour-congress-in-telangana-bjp-aiming-for-better-show/articleshow/108548569.cms already exists.
2026-05-04 19:50:06,690 - INFO - [Economic Times] Early skip: URL https://economictimes.indiatimes.com/traders-bet-on-calendar-spread-as-nifty-moves-in-a-tight-range/articleshow/6302358.cms already exists.
2026-05-04 19:50:06,691 - INFO - [Economic Times] Early skip: URL https://economictimes.indiatimes.com/nifty-may-find-support-at-5300-level/articleshow/6296017.cms already exists.
2026-05-04 19:50:06,693 - INFO - [Economic Times] Early skip: URL https://economictimes.indiatimes.com/seven-out-of-top-10-asian-small-cap-funds-are-indian/articleshow/6295976.cms already exists.
2026-05-04 19:50:06,694 - INFO - [Economic Times] Early skip: URL https://economictimes.indiatimes.com/inflation-reflects-growth-dynamics-in-india-christopher-wood/articleshow/6274053.cms already exists.
2026-05-04 19:50:06,696 - INFO - [Economic Times] Early skip: URL https://economictimes.indiatimes.com/market-may-trade-in-a-range-but-fiis-seen-sold-on-india/articleshow/6277705.cms already exists.
2026-05-04 19:50:06,697 - INFO - [Economic Times] Early skip: URL https://economictimes.indiatimes.com/dont-bank-only-on-price-to-earning-ratio/articleshow/6278228.cms already exists.
2026-05-04 19:50:06,698 - INFO - [Economic Times] Early skip: URL https://economictimes.indiatimes.com/markets/stocks/recos/prabhudas-lilladher-has-a-reduce-rating-on-infosys/articleshow/3798718.cms already exists.
2026-05-04 19:50:06,699 - INFO - [Economic Times] Early skip: URL https://economictimes.indiatimes.com/markets/stocks/recos/fin-crisis-too-late-and-too-little-done-in-us/articleshow/3794549.cms already exists.
2026-05-04 19:50:06,701 - INFO - [Economic Times] Early skip: URL https://economictimes.indiatimes.com/markets/forex/weak-rupee-takes-its-toll-on-cos-with-huge-foreign-debt/articleshow/3546158.cms already exists.
2026-05-04 19:50:06,702 - INFO - [Economic Times] Early skip: URL https://economictimes.indiatimes.com/markets/stocks/recos/wait-for-more-signals-before-turning-positive/articleshow/3292640.cms already exists.
2026-05-04 19:50:06,703 - INFO - [Economic Times] Early skip: URL https://economictimes.indiatimes.com/news/company/corporate-trends/six-indian-cos-among-businessweeks-top-100-infotech-firms/articleshow/3189334.cms already exists.
2026-05-04 19:50:06,704 - INFO - [Economic Times] Early skip: URL https://economictimes.indiatimes.com/news/company/corporate-trends/indian-firms-slip-in-global-ranking-four-move-out-of-top-500/articleshow/3177077.cms already exists.
2026-05-04 19:50:06,706 - INFO - [Economic Times] Early skip: URL https://economictimes.indiatimes.com/markets/stocks/news/big-daddy-laps-up-cipla-after-q1-nos-beat-forecast/articleshow/6308646.cms already exists.
2026-05-04 19:50:06,707 - INFO - [Economic Times] Early skip: URL https://economictimes.indiatimes.com/markets/stocks/news/old-fox-has-dream-run-on-dalal-street/articleshow/6308631.cms already exists.
2026-05-04 19:50:06,709 - INFO - [Economic Times] Early skip: URL https://economictimes.indiatimes.com/markets/stocks/news/cairn-india-hits-record-high-on-bse-amid-stake-sale-talks/articleshow/6306679.cms already exists.
2026-05-04 19:50:06,711 - INFO - [Economic Times] Early skip: URL https://economictimes.indiatimes.com/markets/stocks/news/vedanta-plunges-5-59-per-cent-on-lse-amid-talks-to-buy-cairn-stake/articleshow/6306526.cms already exists.
2026-05-04 19:50:06,712 - INFO - [Economic Times] Early skip: URL https://economictimes.indiatimes.com/markets/stocks/news/sbi-shares-on-gaining-spree-hit-record-high/articleshow/6306241.cms already exists.
2026-05-04 19:50:06,713 - INFO - [Economic Times] Early skip: URL https://economictimes.indiatimes.com/fm-must-rethink/articleshow/5645094.cms already exists.
2026-05-04 19:50:06,715 - INFO - [Economic Times] Early skip: URL https://economictimes.indiatimes.com/amalgamate-banks/articleshow/5645086.cms already exists.
2026-05-04 19:50:06,716 - INFO - [Economic Times] Early skip: URL https://economictimes.indiatimes.com/managing-data/articleshow/5117958.cms already exists.
2026-05-04 19:50:06,717 - INFO - [Economic Times] Early skip: URL https://economictimes.indiatimes.com/right-technology/articleshow/5117957.cms already exists.
2026-05-04 19:50:06,718 - INFO - [Economic Times] Early skip: URL https://economictimes.indiatimes.com/et-search/articleshow/21646857.cms already exists.
2026-05-04 19:50:06,719 - INFO - [Economic Times] Early skip: URL https://economictimes.indiatimes.com/after-the-oscars-whats-next-for-silent-stars-of-the-artist/articleshow/12075465.cms already exists.
2026-05-04 19:50:06,721 - INFO - [Economic Times] Early skip: URL https://economictimes.indiatimes.com/delhi-world-book-fair-a-fair-like-no-other/articleshow/12028630.cms already exists.
2026-05-04 19:50:06,722 - INFO - [Economic Times] Early skip: URL https://economictimes.indiatimes.com/lk-advanis-gift-makes-its-way-to-state-department-exhibition-hall/articleshow/12017534.cms already exists.
2026-05-04 19:50:06,723 - INFO - [Economic Times] Early skip: URL https://economictimes.indiatimes.com/india-meteorological-department-to-use-dynamic-models-for-forecasts/articleshow/11983844.cms already exists.
2026-05-04 19:50:06,724 - INFO - [Economic Times] Early skip: URL https://economictimes.indiatimes.com/documents-reveal-contents-of-the-first-telegraph-message-between-india-england/articleshow/11976488.cms already exists.
2026-05-04 19:50:06,727 - INFO - [Economic Times] Early skip: URL https://economictimes.indiatimes.com/worried-amitabh-bachchan-fans-pray-to-lord-shiva-for-his-recovery/articleshow/11963187.cms already exists.
2026-05-04 19:50:06,728 - INFO - [Economic Times] Early skip: URL https://economictimes.indiatimes.com/opinion/interviews/every-decision-of-government-neednt-be-a-big-reform-anand-mahindra/articleshow/35919571.cms already exists.
2026-05-04 19:50:06,729 - INFO - [Economic Times] Early skip: URL https://economictimes.indiatimes.com/opinion/interviews/narendra-modi-has-his-eyes-set-on-boosting-business-joao-cravinho-eu-ambassador/articleshow/35973824.cms already exists.
2026-05-04 19:50:06,730 - INFO - [Economic Times] Early skip: URL https://economictimes.indiatimes.com/opinion/interviews/confidence-level-of-industry-improving-kv-kamath-icici-bank/articleshow/35945669.cms already exists.
2026-05-04 19:50:06,732 - INFO - [Economic Times] Early skip: URL https://economictimes.indiatimes.com/opinion/interviews/we-may-see-rapid-growth-over-the-next-few-years-raamdeo-agrawal/articleshow/35831378.cms already exists.
2026-05-04 19:50:06,733 - INFO - [Economic Times] Early skip: URL https://economictimes.indiatimes.com/opinion/interviews/our-commitment-for-press-freedom-and-autonomy-of-public-broadcast-is-absolute-prakash-javadekar/articleshow/35803396.cms already exists.
2026-05-04 19:50:06,734 - INFO - [Economic Times] Early skip: URL https://economictimes.indiatimes.com/opinion/interviews/there-is-a-leadership-vacuum-in-infosys-time-to-get-nandan-nilekani-back-mohandas-pai/articleshow/35716682.cms already exists.
2026-05-04 19:50:06,735 - INFO - [Economic Times] Early skip: URL https://economictimes.indiatimes.com/markets/stocks/news/oil-prices-to-hit-150-how-indian-stock-markets-may-react-as-iran-war-rages-on/articleshow/129587020.cms already exists.
2026-05-04 19:50:06,737 - INFO - [Economic Times] Early skip: URL https://economictimes.indiatimes.com/markets/us-stocks/news/why-a-7030-india-global-portfolio-makes-sense-in-a-changing-world-subho-moulik-decodes/articleshow/127604085.cms already exists.
2026-05-04 19:50:06,738 - INFO - [Economic Times] Early skip: URL https://economictimes.indiatimes.com/markets/expert-view/kaynes-shares-plunge-43-from-october-peak-is-a-tactical-rebound-on-the-cards-or-more-pain-ahead/articleshow/125815992.cms already exists.
2026-05-04 19:50:06,739 - INFO - [Economic Times] Early skip: URL https://economictimes.indiatimes.com/markets/stocks/news/warren-buffett-is-buying-michael-burry-is-shorting-the-ai-trade-splitting-wall-street/articleshow/125815521.cms already exists.
2026-05-04 19:50:06,740 - INFO - [Economic Times] Early skip: URL https://economictimes.indiatimes.com/markets/ipos/fpos/softbank-backed-acevector-files-updated-ipo-papers-targets-to-raise-rs-300-cr-via-fresh-issue/articleshow/125813493.cms already exists.
2026-05-04 19:50:06,742 - INFO - [Economic Times] Early skip: URL https://economictimes.indiatimes.com/markets/stocks/news/mcap-of-five-of-top-10-most-valued-firms-surges-rs-72285-cr-tcs-infosys-biggest-winners/articleshow/125813435.cms already exists.
2026-05-04 19:50:06,744 - INFO - [Economic Times] Early skip: URL https://economictimes.indiatimes.com/markets/stocks/news/alfa-laval-raises-delisting-price-to-rs-2850-a-share/articleshow/11437373.cms already exists.
2026-05-04 19:50:06,745 - INFO - [Economic Times] Early skip: URL https://economictimes.indiatimes.com/markets/stocks/news/db-realty-unitech-stocks-rose-after-top-executives-granted-bail-in-2g-scam/articleshow/10925114.cms already exists.
2026-05-04 19:50:06,746 - INFO - [Economic Times] Early skip: URL https://economictimes.indiatimes.com/markets/stocks/news/fitch-withdraws-reliance-capital-ratings/articleshow/10430814.cms already exists.
2026-05-04 19:50:06,747 - INFO - [Economic Times] Early skip: URL https://economictimes.indiatimes.com/markets/stocks/news/discoms-poor-financial-health-poses-risks-for-power-traders-fitch/articleshow/10430186.cms already exists.
2026-05-04 19:50:06,749 - INFO - [Economic Times] Early skip: URL https://economictimes.indiatimes.com/markets/stocks/news/cigarette-companies-price-hikes-with-higher-volumes-hold-promise/articleshow/9277179.cms already exists.
2026-05-04 19:50:06,750 - INFO - [Economic Times] Early skip: URL https://economictimes.indiatimes.com/markets/stocks/news/lovable-lingeries-dream-run-on-as-traders-lap-it-up/articleshow/8894615.cms already exists.
2026-05-04 19:50:06,751 - INFO - [Economic Times] (Thread) Finished. Attempting to shut down its Selenium driver.
2026-05-04 19:50:06,880 - INFO - [Economic Times] (Thread) driver.quit() successful.
2026-05-04 19:50:18,962 - INFO - >>> SUCCESSFULLY SAVED [ID: 56617] - British Gaza flotilla activists say they needed hospital care after Israeli forces’ abuse | Gaza flotilla | The Guardian from The Guardian (582 words)
2026-05-04 19:50:19,826 - INFO - [The Guardian] Article: https://www.theguardian.com/world/2026/may/04/iran-executes-men-january-anti-regime-protests
2026-05-04 19:50:19,826 - INFO - [The Guardian] Attempt 1/1: Trying with 'requests_browser' strategy...
2026-05-04 19:50:19,939 - INFO - [The Guardian] Success with 'requests_browser'. Found content (441 words).
2026-05-04 19:50:32,139 - INFO - >>> SUCCESSFULLY SAVED [ID: 56618] - GameStop makes $55.5bn takeover offer for eBay from BBC (520 words)
2026-05-04 19:50:33,012 - INFO - [BBC] Early skip: URL https://www.bbc.com/news/articles/c0q20xzwppdo?at_medium=RSS&at_campaign=rss already exists.
2026-05-04 19:50:33,013 - INFO - [BBC] Article: https://www.bbc.com/news/articles/czx2d54wwr4o?at_medium=RSS&at_campaign=rss
2026-05-04 19:50:33,013 - INFO - [BBC] Attempt 1/1: Trying with 'requests_browser' strategy...
2026-05-04 19:50:33,043 - INFO - [BBC] Success with 'requests_browser'. Found content (197 words).
2026-05-04 19:50:45,471 - INFO - >>> SUCCESSFULLY SAVED [ID: 56619] - Tackling methane emissions key for climate change and energy security: IEA | Climate Crisis News | Al Jazeera from Al Jazeera (603 words)
2026-05-04 19:50:46,787 - INFO - [Al Jazeera] Article: https://www.aljazeera.com/video/newsfeed/2026/5/4/car-ploughs-into-pedestrians-in-central-leipzig-germany?traffic_source=rss
2026-05-04 19:50:46,787 - INFO - [Al Jazeera] Attempt 1/2: Trying with 'requests_browser' strategy...
2026-05-04 19:50:46,817 - WARNING - [Al Jazeera] FAILED with 'requests_browser' (content was too short: 52 words).
2026-05-04 19:50:47,765 - INFO - [Al Jazeera] Article: https://www.aljazeera.com/video/newsfeed/2026/5/4/car-ploughs-into-pedestrians-in-central-leipzig-germany?traffic_source=rss
2026-05-04 19:50:47,765 - INFO - [Al Jazeera] Attempt 2/2: Trying with 'selenium_browser' strategy...
2026-05-04 19:50:48,505 - INFO - [Al Jazeera] Page content loaded.
2026-05-04 19:50:48,596 - WARNING - [Al Jazeera] FAILED with 'selenium_browser' (content was too short: 52 words).
2026-05-04 19:50:48,596 - ERROR - [Al Jazeera] All scrape strategies failed for https://www.aljazeera.com/video/newsfeed/2026/5/4/car-ploughs-into-pedestrians-in-central-leipzig-germany?traffic_source=rss. Falling back to RSS description.
2026-05-04 19:50:48,596 - WARNING - SKIPPED (GLOBAL WORD LIMIT): Article 'Car ploughs into pedestrians in central Leipzig, Germany' from Al Jazeera has only 18 words (Min: 90).
2026-05-04 19:50:49,319 - INFO - [Al Jazeera] Article: https://www.aljazeera.com/news/2026/5/4/car-ramming-kills-at-least-two-people-in-germany?traffic_source=rss
2026-05-04 19:50:49,320 - INFO - [Al Jazeera] Attempt 1/2: Trying with 'requests_browser' strategy...
2026-05-04 19:50:49,420 - INFO - [Al Jazeera] Success with 'requests_browser'. Found content (353 words).
2026-05-04 19:50:59,145 - INFO - >>> SUCCESSFULLY SAVED [ID: 56620] - NAB recovers 80 acres of govt land illegally allotted to Bahria Town - Pakistan - DAWN.COM from The Dawn (218 words)
2026-05-04 19:51:00,362 - INFO - [The Dawn] Article: https://www.dawn.com/news/1997519/support-among-american-jews-for-us-led-war-on-iran-declines-survey
2026-05-04 19:51:00,363 - INFO - [The Dawn] Attempt 1/2: Trying with 'requests_browser' strategy...
2026-05-04 19:51:00,415 - INFO - [The Dawn] Success with 'requests_browser'. Found content (577 words).
2026-05-04 19:51:10,521 - INFO - DEDUPLICATION: Found match (Score: 1.00). Linking to Cluster ID: af9693df-375a-4721-a01e-bfe97efb4cf7
2026-05-04 19:51:13,090 - INFO - >>> SUCCESSFULLY SAVED [ID: 56621] - West Bengal election results: Split in Muslim votes spells doom for Trinamool Congress - The Hindu from The Hindu (501 words)
2026-05-04 19:51:14,417 - INFO - [The Hindu] Early skip: URL https://www.thehindu.com/elections/tamil-nadu-assembly/tamil-nadu-assembly-election-results-live-updates-4-may-2026/article70934968.ece already exists.
2026-05-04 19:51:14,418 - INFO - [The Hindu] Article: https://www.thehindu.com/elections/assam-assembly/assam-election-results-2026-nda-alliance-victory-third-straight-term/article70939108.ece
2026-05-04 19:51:14,418 - INFO - [The Hindu] Attempt 1/1: Trying with 'selenium_browser' strategy...
2026-05-04 19:51:15,115 - INFO - [The Hindu] Page content loaded.
2026-05-04 19:51:15,257 - INFO - [The Hindu] Success with 'selenium_browser'. Found content (625 words).
2026-05-04 19:51:27,458 - INFO - >>> SUCCESSFULLY SAVED [ID: 56622] - xQc ignites online storm with bold gender dynamics take on female police officers during livestream - The Times of India from Times of India (454 words)
2026-05-04 19:51:28,452 - INFO - [Times of India] Article: https://timesofindia.indiatimes.com/world/uk/uk-weather-forecast-temperatures-to-fall-after-bank-holiday-warm-spell-across-regions/articleshow/130808768.cms
2026-05-04 19:51:28,452 - INFO - [Times of India] Attempt 1/1: Trying with 'selenium_browser' strategy...
2026-05-04 19:51:31,023 - INFO - [Times of India] Page content loaded.
2026-05-04 19:51:31,268 - INFO - [Times of India] Success with 'selenium_browser'. Found content (387 words).
2026-05-04 19:51:45,008 - INFO - >>> SUCCESSFULLY SAVED [ID: 56623] - Iran executes three men in relation to January anti-regime protests | Iran | The Guardian from The Guardian (441 words)
2026-05-04 19:51:46,008 - INFO - [The Guardian] Article: https://www.theguardian.com/world/2026/may/04/modis-bjp-party-win-election-west-bengal-first-time
2026-05-04 19:51:46,008 - INFO - [The Guardian] Attempt 1/1: Trying with 'requests_browser' strategy...
2026-05-04 19:51:46,119 - INFO - [The Guardian] Success with 'requests_browser'. Found content (798 words).
2026-05-04 19:52:00,110 - INFO - >>> SUCCESSFULLY SAVED [ID: 56624] - Colombia: Three dead after monster truck crashes into crowd from BBC (197 words)
2026-05-04 19:52:00,956 - INFO - [BBC] Early skip: URL https://www.bbc.com/news/articles/cgkp1124y3yo?at_medium=RSS&at_campaign=rss already exists.
2026-05-04 19:52:00,958 - INFO - [BBC] Early skip: URL https://www.bbc.com/sport/football/articles/cx216122kv1o?at_medium=RSS&at_campaign=rss already exists.
2026-05-04 19:52:00,961 - INFO - [BBC] Early skip: URL https://www.bbc.com/news/articles/c9wejdekpwyo?at_medium=RSS&at_campaign=rss already exists.
2026-05-04 19:52:00,962 - INFO - [BBC] Early skip: URL https://www.bbc.com/news/articles/cz92gk18xn4o?at_medium=RSS&at_campaign=rss already exists.
2026-05-04 19:52:00,963 - INFO - [BBC] Early skip: URL https://www.bbc.com/news/articles/c4g9l74wvd7o?at_medium=RSS&at_campaign=rss already exists.
2026-05-04 19:52:00,965 - INFO - [BBC] Early skip: URL https://www.bbc.com/news/articles/cdrm7gp5er3o?at_medium=RSS&at_campaign=rss already exists.
2026-05-04 19:52:00,966 - INFO - [BBC] Early skip: URL https://www.bbc.com/news/articles/c9qdz0p0x5qo?at_medium=RSS&at_campaign=rss already exists.
2026-05-04 19:52:00,967 - INFO - [BBC] Early skip: URL https://www.bbc.com/news/articles/cgepyv20vrpo?at_medium=RSS&at_campaign=rss already exists.
2026-05-04 19:52:00,968 - INFO - [BBC] Early skip: URL https://www.bbc.com/news/articles/c99lvggdy4jo?at_medium=RSS&at_campaign=rss already exists.
2026-05-04 19:52:00,970 - INFO - [BBC] Early skip: URL https://www.bbc.com/news/articles/cx2107kzyreo?at_medium=RSS&at_campaign=rss already exists.
2026-05-04 19:52:00,971 - INFO - [BBC] Early skip: URL https://www.bbc.com/news/articles/cd6w15vgp7lo?at_medium=RSS&at_campaign=rss already exists.
2026-05-04 19:52:00,973 - INFO - [BBC] Early skip: URL https://www.bbc.com/news/articles/ce9pz3grkjeo?at_medium=RSS&at_campaign=rss already exists.
2026-05-04 19:52:00,974 - INFO - [BBC] Early skip: URL https://www.bbc.com/news/articles/cp8pmnlejgro?at_medium=RSS&at_campaign=rss already exists.
2026-05-04 19:52:00,975 - INFO - [BBC] Article: https://www.bbc.com/news/videos/cr7pvgl9dpeo?at_medium=RSS&at_campaign=rss
2026-05-04 19:52:00,975 - INFO - [BBC] Attempt 1/1: Trying with 'requests_browser' strategy...
2026-05-04 19:52:01,053 - INFO - [BBC] Success with 'requests_browser'. Found content (94 words).
2026-05-04 19:52:14,193 - INFO - >>> SUCCESSFULLY SAVED [ID: 56625] - Car-ramming incident kills at least two people in Germany | News | Al Jazeera from Al Jazeera (353 words)
2026-05-04 19:52:15,104 - INFO - [Al Jazeera] Article: https://www.aljazeera.com/news/2026/5/4/us-supreme-court-temporarily-lifts-ban-on-abortion-pill-mail-delivery?traffic_source=rss
2026-05-04 19:52:15,105 - INFO - [Al Jazeera] Attempt 1/2: Trying with 'requests_browser' strategy...
2026-05-04 19:52:15,149 - INFO - [Al Jazeera] Success with 'requests_browser'. Found content (754 words).
2026-05-04 19:52:27,930 - INFO - >>> SUCCESSFULLY SAVED [ID: 56626] - Support among American Jews for US-led war on Iran declines: survey - World - DAWN.COM from The Dawn (577 words)
2026-05-04 19:52:28,453 - INFO - [The Dawn] Early skip: URL https://www.dawn.com/news/1997502/pakistan-has-sufficient-pol-reserves-till-third-week-of-june-says-petroleum-ministry already exists.
2026-05-04 19:52:28,455 - INFO - [The Dawn] Early skip: URL https://www.dawn.com/news/1997392/iranian-sailors-evacuated-to-pakistan-return-home-state-media-confirms already exists.
2026-05-04 19:52:28,456 - INFO - [The Dawn] Early skip: URL https://www.dawn.com/news/1997401/indias-modi-celebrates-record-win-in-opposition-held-west-bengal already exists.
2026-05-04 19:52:28,457 - INFO - [The Dawn] Early skip: URL https://www.dawn.com/news/1997473/psl-11s-highest-scorer-babar-azam-named-captain-of-the-editions-team-of-the-year already exists.
2026-05-04 19:52:28,458 - INFO - [The Dawn] Early skip: URL https://www.dawn.com/news/1997482/security-lapses-at-parliament-lodges-a-serious-threat-says-senate-deputy-chairman already exists.
2026-05-04 19:52:28,460 - INFO - [The Dawn] Early skip: URL https://www.dawn.com/news/1997497/mysterious-world-beyond-pluto-may-have-an-atmosphere-astronomers already exists.
2026-05-04 19:52:28,461 - INFO - [The Dawn] Early skip: URL https://www.dawn.com/news/1997461/hrcp-highlights-severe-contraction-of-civic-space-erosion-of-judicial-independence-in-2025 already exists.
2026-05-04 19:52:28,463 - INFO - [The Dawn] Article: https://www.dawn.com/news/1997494/pti-accuses-govt-of-unprecedented-economic-crisis-slams-claims-of-stability
2026-05-04 19:52:28,463 - INFO - [The Dawn] Attempt 1/2: Trying with 'requests_browser' strategy...
2026-05-04 19:52:28,769 - INFO - [The Dawn] Success with 'requests_browser'. Found content (446 words).
2026-05-04 19:52:41,921 - INFO - >>> SUCCESSFULLY SAVED [ID: 56627] - BJP-led NDA scores hat-trick in Assam - The Hindu from The Hindu (625 words)
2026-05-04 19:52:43,181 - INFO - [The Hindu] Article: https://www.thehindu.com/elections/tamil-nadu-assembly/tn-assembly-election-2026-dmks-periyakaruppan-loses-by-one-vote-in-tirupattur/article70940379.ece
2026-05-04 19:52:43,182 - INFO - [The Hindu] Attempt 1/1: Trying with 'selenium_browser' strategy...
2026-05-04 19:52:43,855 - INFO - [The Hindu] Page content loaded.
2026-05-04 19:52:43,990 - WARNING - [The Hindu] FAILED with 'selenium_browser' (content was too short: 83 words).
2026-05-04 19:52:43,990 - ERROR - [The Hindu] All scrape strategies failed for https://www.thehindu.com/elections/tamil-nadu-assembly/tn-assembly-election-2026-dmks-periyakaruppan-loses-by-one-vote-in-tirupattur/article70940379.ece. Falling back to RSS description.
2026-05-04 19:52:43,990 - WARNING - SKIPPED (GLOBAL WORD LIMIT): Article 'T.N. Assembly election 2026: DMK’s Periyakaruppan loses by one vote in Tirupattur' from The Hindu has only 15 words (Min: 90).
2026-05-04 19:52:45,030 - INFO - [The Hindu] Early skip: URL https://www.thehindu.com/news/national/kerala/p-rajeeve-fails-to-survive-anti-incumbency-wave-in-kalamassery/article70939304.ece already exists.
2026-05-04 19:52:45,032 - INFO - [The Hindu] Article: https://www.thehindu.com/elections/west-bengal-assembly/west-bengal-election-results-2026-trinamool-ousted-as-bjp-sweeps-west-bengal/article70939323.ece
2026-05-04 19:52:45,032 - INFO - [The Hindu] Attempt 1/1: Trying with 'selenium_browser' strategy...
2026-05-04 19:52:45,861 - INFO - [The Hindu] Page content loaded.
2026-05-04 19:52:45,939 - INFO - [The Hindu] Success with 'selenium_browser'. Found content (570 words).
2026-05-04 19:52:57,197 - INFO - >>> SUCCESSFULLY SAVED [ID: 56628] - UK weather forecast: Temperatures to fall after bank holiday warm spell across regions - The Times of India from Times of India (387 words)
2026-05-04 19:52:58,174 - INFO - [Times of India] Early skip: URL https://timesofindia.indiatimes.com/world/us/can-a-neighbor-hear-a-gunshot-chilling-forensic-details-emerge-in-murders-of-two-bangladeshi-students-in-us/articleshow/130807591.cms already exists.
2026-05-04 19:52:58,176 - INFO - [Times of India] Early skip: URL https://timesofindia.indiatimes.com/world/us-streamers/meto-komori-and-yuhi-chito-suspension-shocks-fans-as-vspo-hides-details-behind-contract-violation-claims/articleshow/130807524.cms already exists.
2026-05-04 19:52:58,177 - INFO - [Times of India] Early skip: URL https://timesofindia.indiatimes.com/world/uk/hantavirus-scare-all-you-need-to-know-about-atlantic-cruise-ship-outbreak-that-killed-3/articleshow/130807587.cms already exists.
2026-05-04 19:52:58,179 - INFO - [Times of India] Article: https://timesofindia.indiatimes.com/world/us/force-v-geography-trumps-project-freedom-meets-irans-residual-firepower/articleshow/130807410.cms
2026-05-04 19:52:58,179 - INFO - [Times of India] Attempt 1/1: Trying with 'selenium_browser' strategy...
2026-05-04 19:53:02,393 - INFO - [Times of India] Page content loaded.
2026-05-04 19:53:02,742 - INFO - [Times of India] Success with 'selenium_browser'. Found content (764 words).
2026-05-04 19:53:13,039 - INFO - >>> SUCCESSFULLY SAVED [ID: 56629] - Narendra Modi’s BJP wins election in West Bengal for the first time | India | The Guardian from The Guardian (798 words)
2026-05-04 19:53:13,644 - INFO - [The Guardian] Early skip: URL https://www.theguardian.com/world/2026/apr/30/india-man-body-corpse-dead-sister-bank already exists.
2026-05-04 19:53:13,645 - INFO - [The Guardian] Early skip: URL https://www.theguardian.com/global-development/2026/apr/29/humanitarian-corridor-strait-of-hormuz-iran-war-hits-vital-aid already exists.
2026-05-04 19:53:13,647 - INFO - [The Guardian] Early skip: URL https://www.theguardian.com/world/2026/apr/29/indian-billionaire-son-anant-ambani-offers-house-pablo-escobar-hippos already exists.
2026-05-04 19:53:13,648 - INFO - [The Guardian] Early skip: URL https://www.theguardian.com/world/2026/apr/28/sri-lanka-police-buddhist-monks-cannabis-kush-airport already exists.
2026-05-04 19:53:13,649 - INFO - [The Guardian] Article: https://www.theguardian.com/politics/2026/may/04/cabinet-ministers-warn-mutinous-mps-over-ousting-keir-starmer
2026-05-04 19:53:13,650 - INFO - [The Guardian] Attempt 1/1: Trying with 'requests_browser' strategy...
2026-05-04 19:53:13,876 - INFO - [The Guardian] Success with 'requests_browser'. Found content (733 words).
2026-05-04 19:53:22,345 - CRITICAL - --- TIMEOUT: 6 scrape jobs did not complete in 300s. ---
2026-05-04 19:53:22,345 - ERROR - A thread has timed out and will be abandoned.
2026-05-04 19:53:22,345 - ERROR - A thread has timed out and will be abandoned.
2026-05-04 19:53:22,345 - ERROR - A thread has timed out and will be abandoned.
2026-05-04 19:53:22,345 - ERROR - A thread has timed out and will be abandoned.
2026-05-04 19:53:22,345 - ERROR - A thread has timed out and will be abandoned.
2026-05-04 19:53:22,345 - ERROR - A thread has timed out and will be abandoned.
2026-05-04 19:53:22,345 - INFO - Shutting down thread pool (wait=False)...
2026-05-04 19:53:22,345 - INFO - Scraped: 0 TechCrunch, 2 Economic Times, 6 Timed_Out_Jobs articles. (Total saved: 2)
2026-05-04 19:53:22,346 - INFO - --- Scraping job finished ---
2026-05-04 19:53:22,346 - INFO - --- Scraper service stopped. ---
2026-05-04 19:53:22,346 - INFO - --- Main thread finished. Forcing process exit to kill zombie threads. ---
