2025-12-29 08:34:41,511 - INFO - Loading AI Semantic Model (all-MiniLM-L6-v2)...
2025-12-29 08:34:41,512 - INFO - Use pytorch device_name: cpu
2025-12-29 08:34:41,512 - INFO - Load pretrained SentenceTransformer: all-MiniLM-L6-v2
2025-12-29 08:34:42,031 - INFO - AI Model loaded successfully.
2025-12-29 08:34:42,032 - INFO - --- Scraper service started (CI Mode: Run Once) ---
2025-12-29 08:34:42,032 - INFO - --- Starting new scraping job (Parallel Mode) ---
2025-12-29 08:34:42,032 - INFO - Creating new robust session with 3 retries on 5xx/connection/read errors.
2025-12-29 08:34:42,032 - INFO - Proxy is DISABLED.
2025-12-29 08:34:42,032 - INFO - Starting scrape for BBC RSS feed: http://feeds.bbci.co.uk/news/world/rss.xml
2025-12-29 08:34:42,033 - INFO - [Times of India] (Thread) requires Selenium. Initializing driver...
2025-12-29 08:34:42,034 - INFO - Starting scrape for The Guardian RSS feed: https://www.theguardian.com/world/rss
2025-12-29 08:34:42,035 - INFO - [The Hindu] (Thread) requires Selenium. Initializing driver...
2025-12-29 08:34:42,035 - INFO - Submitted 4 jobs to thread pool. Waiting up to 300s for completion...
2025-12-29 08:34:42,213 - INFO - Found 33 articles in BBC RSS feed. Processing up to 30.
2025-12-29 08:34:42,214 - INFO - [BBC] Early skip: URL https://www.bbc.com/news/articles/c36z615y443o?at_medium=RSS&at_campaign=rss already exists.
2025-12-29 08:34:42,216 - INFO - Found 45 articles in The Guardian RSS feed. Processing up to 30.
2025-12-29 08:34:42,420 - INFO - [The Guardian] Early skip: URL https://www.theguardian.com/world/2025/dec/28/central-african-republic-goes-to-polls-as-president-seeks-third-term already exists.
2025-12-29 08:34:42,682 - INFO - [BBC] Early skip: URL https://www.bbc.com/news/articles/cd74pxvrp10o?at_medium=RSS&at_campaign=rss already exists.
2025-12-29 08:34:42,914 - INFO - [The Guardian] Early skip: URL https://www.theguardian.com/world/2025/dec/27/guinea-junta-leader-mamady-doumbouya-frontrunner-president-election already exists.
2025-12-29 08:34:43,191 - INFO - [BBC] Early skip: URL https://www.bbc.com/news/articles/c87l7xjp235o?at_medium=RSS&at_campaign=rss already exists.
2025-12-29 08:34:43,412 - INFO - [The Guardian] Early skip: URL https://www.theguardian.com/world/2025/dec/26/israel-first-country-to-recognise-somaliland-sovereign-state already exists.
2025-12-29 08:34:43,659 - INFO - [BBC] Early skip: URL https://www.bbc.com/news/articles/cj4qp17e1lqo?at_medium=RSS&at_campaign=rss already exists.
2025-12-29 08:34:43,907 - INFO - [The Guardian] Early skip: URL https://www.theguardian.com/world/2025/dec/26/british-egyptian-activist-alaa-abd-el-fattah-arrives-in-uk-after-travel-ban-lifted already exists.
2025-12-29 08:34:44,133 - INFO - [BBC] Early skip: URL https://www.bbc.com/news/articles/cx2328e70y7o?at_medium=RSS&at_campaign=rss already exists.
2025-12-29 08:34:44,347 - INFO - [BBC] Early skip: URL https://www.bbc.com/news/articles/cx2g263v3kzo?at_medium=RSS&at_campaign=rss already exists.
2025-12-29 08:34:44,469 - INFO - [The Guardian] Early skip: URL https://www.theguardian.com/us-news/2025/dec/26/trump-supporters-nigeria-airstrikes already exists.
2025-12-29 08:34:44,710 - INFO - [BBC] Early skip: URL https://www.bbc.com/news/articles/cly92pr8qryo?at_medium=RSS&at_campaign=rss already exists.
2025-12-29 08:34:44,948 - INFO - [The Guardian] Early skip: URL https://www.theguardian.com/world/2025/dec/29/brazil-ex-president-jair-bolsonaro-hiccups-treatment already exists.
2025-12-29 08:34:45,146 - INFO - [BBC] Early skip: URL https://www.bbc.com/news/articles/ce3z3w4wy0go?at_medium=RSS&at_campaign=rss already exists.
2025-12-29 08:34:45,442 - INFO - [The Guardian] Early skip: URL https://www.theguardian.com/world/2025/dec/26/venezuela-political-prisoner-release already exists.
2025-12-29 08:34:45,593 - INFO - [BBC] Early skip: URL https://www.bbc.com/news/articles/cdj817m37rgo?at_medium=RSS&at_campaign=rss already exists.
2025-12-29 08:34:45,878 - INFO - [The Guardian] Early skip: URL https://www.theguardian.com/world/2025/dec/26/weather-tracker-deep-freeze-canada-us-records-warmest-christmas already exists.
2025-12-29 08:34:45,981 - INFO - [BBC] Early skip: URL https://www.bbc.com/news/articles/cy7vly6gm76o?at_medium=RSS&at_campaign=rss already exists.
2025-12-29 08:34:46,152 - INFO - [The Guardian] Early skip: URL https://www.theguardian.com/environment/2025/dec/25/they-are-scared-of-us-now-how-one-tropical-forest-turned-the-tide-on-loggers already exists.
2025-12-29 08:34:46,337 - INFO - [BBC] Early skip: URL https://www.bbc.com/news/videos/c05834pp6jno?at_medium=RSS&at_campaign=rss already exists.
2025-12-29 08:34:46,490 - INFO - [The Guardian] Early skip: URL https://www.theguardian.com/world/2025/dec/25/cape-froward-new-national-park-patagonia-chile already exists.
2025-12-29 08:34:46,759 - INFO - [BBC] Early skip: URL https://www.bbc.com/news/articles/cp8966ew7y7o?at_medium=RSS&at_campaign=rss already exists.
2025-12-29 08:34:47,017 - INFO - [The Guardian] Article: https://www.theguardian.com/world/2025/dec/29/boy-5-killed-after-arm-trapped-in-ski-resort-travelator-in-japan-hokkaido
2025-12-29 08:34:47,018 - INFO - [The Guardian] Attempt 1/1: Trying with 'requests_browser' strategy...
2025-12-29 08:34:47,018 - INFO - [BBC] Early skip: URL https://www.bbc.com/news/articles/c3r7ge7937qo?at_medium=RSS&at_campaign=rss already exists.
2025-12-29 08:34:47,135 - INFO - [The Guardian] Success with 'requests_browser'. Found content (347 words).
2025-12-29 08:34:49,113 - INFO - Selenium driver initialized successfully.
2025-12-29 08:34:49,113 - INFO - Starting scrape for The Hindu RSS feed: https://www.thehindu.com/news/national/feeder/default.rss
2025-12-29 08:34:49,114 - INFO - Selenium driver initialized successfully.
2025-12-29 08:34:49,114 - INFO - Starting scrape for Times of India RSS feed: https://timesofindia.indiatimes.com/rssfeeds/296589292.cms
2025-12-29 08:34:49,211 - INFO - Found 20 articles in Times of India RSS feed. Processing up to 30.
2025-12-29 08:34:49,259 - INFO - Found 100 articles in The Hindu RSS feed. Processing up to 30.
2025-12-29 08:34:58,626 - INFO - Saved article: Boy, 5, killed after arm trapped in ski resort travelator in Japan | Japan | The Guardian from The Guardian (347 words)
2025-12-29 08:34:58,626 - INFO - [BBC] Early skip: URL https://www.bbc.com/news/articles/cqxq59np394o?at_medium=RSS&at_campaign=rss already exists.
2025-12-29 08:34:58,899 - INFO - [Times of India] Article: https://timesofindia.indiatimes.com/world/middle-east/watch-video-dubai-crown-prince-sheikh-hamdan-and-his-kids-enjoy-emirati-heritage-planting-at-ghamran-camp/articleshow/126227122.cms
2025-12-29 08:34:58,899 - INFO - [Times of India] Attempt 1/1: Trying with 'selenium_browser' strategy...
2025-12-29 08:34:58,899 - INFO - [The Hindu] Article: https://www.thehindu.com/news/national/telangana/ktr-accuses-congress-government-of-deliberately-stalling-palamururanga-reddy-project/article70448830.ece
2025-12-29 08:34:58,900 - INFO - [The Hindu] Attempt 1/1: Trying with 'selenium_browser' strategy...
2025-12-29 08:34:58,900 - INFO - [BBC] Early skip: URL https://www.bbc.com/news/articles/c3v1g227p4xo?at_medium=RSS&at_campaign=rss already exists.
2025-12-29 08:34:59,012 - INFO - [BBC] Early skip: URL https://www.bbc.com/news/articles/cd9z1k4g40jo?at_medium=RSS&at_campaign=rss already exists.
2025-12-29 08:34:59,175 - INFO - [BBC] Early skip: URL https://www.bbc.com/news/articles/cde61jz5653o?at_medium=RSS&at_campaign=rss already exists.
2025-12-29 08:34:59,288 - INFO - [BBC] Early skip: URL https://www.bbc.com/news/articles/cpvd90k2zn4o?at_medium=RSS&at_campaign=rss already exists.
2025-12-29 08:34:59,580 - INFO - [BBC] Article: https://www.bbc.com/news/articles/cy7vr76l521o?at_medium=RSS&at_campaign=rss
2025-12-29 08:34:59,581 - INFO - [BBC] Attempt 1/1: Trying with 'requests_browser' strategy...
2025-12-29 08:34:59,761 - INFO - [The Guardian] Early skip: URL https://www.theguardian.com/world/2025/dec/29/china-live-fire-military-drills-around-taiwan already exists.
2025-12-29 08:34:59,926 - INFO - [The Guardian] Early skip: URL https://www.theguardian.com/world/2025/dec/29/search-for-malaysia-airlines-flight-mh370-expected-to-resume already exists.
2025-12-29 08:34:59,958 - INFO - [BBC] Success with 'requests_browser'. Found content (1299 words).
2025-12-29 08:35:00,190 - INFO - [The Guardian] Early skip: URL https://www.theguardian.com/world/2025/dec/28/myanmar-elections-voting-begins-under-junta-stranglehold-with-aung-san-suu-kyi-banned already exists.
2025-12-29 08:35:04,817 - INFO - [The Hindu] Page content loaded.
2025-12-29 08:35:05,386 - INFO - [The Hindu] Success with 'selenium_browser'. Found content (311 words).
2025-12-29 08:35:28,399 - INFO - Saved article: US-Nigeria strikes: Living in fear of Lakurawa - the militant group Trump targeted from BBC (1299 words)
2025-12-29 08:35:28,400 - INFO - [The Guardian] Early skip: URL https://www.theguardian.com/world/2025/dec/28/myanmar-is-going-to-the-polls-but-its-not-the-people-who-hold-the-power-its-china already exists.
2025-12-29 08:35:42,110 - INFO - DEDUPLICATION: Found match (Score: 0.75). Linking to Cluster ID: a7b99031-cd64-442d-8d6c-6f3133ad28ba
2025-12-29 08:35:42,113 - INFO - Saved article: KTR accuses Congress government of deliberately stalling Palamuru–Ranga Reddy project - The Hindu from The Hindu (311 words)
2025-12-29 08:35:42,113 - INFO - [The Guardian] Early skip: URL https://www.theguardian.com/australia-news/2025/dec/29/emma-johnston-university-melbourne-vice-chancellor-dies-aged-52 already exists.
2025-12-29 08:35:42,232 - INFO - [BBC] Early skip: URL https://www.bbc.com/news/articles/cdxw7593x9zo?at_medium=RSS&at_campaign=rss already exists.
2025-12-29 08:35:42,460 - INFO - [The Guardian] Early skip: URL https://www.theguardian.com/australia-news/2025/dec/29/wounded-hero-ahmed-al-ahmed-speaks-of-saving-lives-at-bondi-beach-ntwnfb already exists.
2025-12-29 08:35:42,696 - INFO - [BBC] Early skip: URL https://www.bbc.com/news/articles/c0je281pnwyo?at_medium=RSS&at_campaign=rss already exists.
2025-12-29 08:35:42,917 - INFO - [The Guardian] Early skip: URL https://www.theguardian.com/australia-news/2025/dec/29/albanese-government-rejects-calls-bondi-royal-commission-ntwnfb already exists.
2025-12-29 08:35:43,086 - INFO - [BBC] Early skip: URL https://www.bbc.com/news/articles/c888rzkd0dzo?at_medium=RSS&at_campaign=rss already exists.
2025-12-29 08:35:43,212 - INFO - [The Guardian] Early skip: URL https://www.theguardian.com/world/2025/dec/29/passengers-on-cruise-ship-that-ran-aground-off-png-to-be-flown-home-after-refloat-efforts-fail already exists.
2025-12-29 08:35:43,317 - INFO - [BBC] Early skip: URL https://www.bbc.com/news/articles/c20p78kp8pgo?at_medium=RSS&at_campaign=rss already exists.
2025-12-29 08:35:43,481 - INFO - [The Guardian] Early skip: URL https://www.theguardian.com/australia-news/2025/dec/29/woman-missing-outback-australia-search-renewed already exists.
2025-12-29 08:35:43,586 - INFO - [BBC] Early skip: URL https://www.bbc.com/news/articles/c4g6xgv1n41o?at_medium=RSS&at_campaign=rss already exists.
2025-12-29 08:35:43,730 - INFO - [The Hindu] Article: https://www.thehindu.com/news/national/kerala/kerala-local-body-polls-agali-panchayat-president-quits-after-congress-threatens-legal-action-over-election-with-ldf-support/article70448799.ece
2025-12-29 08:35:43,730 - INFO - [The Hindu] Attempt 1/1: Trying with 'selenium_browser' strategy...
2025-12-29 08:35:43,731 - INFO - [The Guardian] Early skip: URL https://www.theguardian.com/world/2025/dec/28/trump-zelenskyy-talks-amid-heavy-russian-airstrikes-on-ukraine already exists.
2025-12-29 08:35:43,850 - INFO - [BBC] Early skip: URL https://www.bbc.com/news/articles/cn987yqnee9o?at_medium=RSS&at_campaign=rss already exists.
2025-12-29 08:35:44,074 - INFO - [The Guardian] Early skip: URL https://www.theguardian.com/world/live/2025/dec/28/ukraine-war-live-russia-zelenskyy-trump-meeting-florida-kyiv-latest-news-updates already exists.
2025-12-29 08:35:44,227 - INFO - [The Guardian] Early skip: URL https://www.theguardian.com/film/2025/dec/28/brigitte-bardot-french-screen-legend-and-animal-rights-activist-dies already exists.
2025-12-29 08:35:44,475 - INFO - [The Guardian] Early skip: URL https://www.theguardian.com/film/2025/dec/28/off-the-shoulder-tops-and-a-signature-hair-do-brigitte-bardot-style-legacy already exists.
2025-12-29 08:35:44,730 - INFO - [The Guardian] Early skip: URL https://www.theguardian.com/world/2025/dec/27/zelenskyy-to-meet-european-leaders-and-trump-for-ukraine-peace-talks-amid-fresh-strikes-on-kyiv already exists.
2025-12-29 08:35:44,881 - INFO - [BBC] Early skip: URL https://www.bbc.com/news/articles/c93wjn1y72vo?at_medium=RSS&at_campaign=rss already exists.
2025-12-29 08:35:45,038 - INFO - [The Guardian] Article: https://www.theguardian.com/world/2025/dec/29/british-egyptian-rights-activist-alaa-abd-el-fattah-apologises-for-hurtful-tweets
2025-12-29 08:35:45,038 - INFO - [The Guardian] Attempt 1/1: Trying with 'requests_browser' strategy...
2025-12-29 08:35:45,039 - INFO - [BBC] Early skip: URL https://www.bbc.com/news/articles/cy073xp2yj0o?at_medium=RSS&at_campaign=rss already exists.
2025-12-29 08:35:45,072 - INFO - [The Guardian] Success with 'requests_browser'. Found content (891 words).
2025-12-29 08:35:45,145 - INFO - [BBC] Early skip: URL https://www.bbc.com/news/articles/cpwk9grv290o?at_medium=RSS&at_campaign=rss already exists.
2025-12-29 08:35:46,791 - INFO - [The Hindu] Page content loaded.
2025-12-29 08:35:46,953 - INFO - [The Hindu] Success with 'selenium_browser'. Found content (250 words).
2025-12-29 08:35:59,668 - INFO - DEDUPLICATION: Found match (Score: 0.82). Linking to Cluster ID: ceba6a8e-c7cd-460a-910b-acb94c8c5c43
2025-12-29 08:35:59,672 - INFO - Saved article: British-Egyptian rights activist Alaa Abd el-Fattah apologises for ‘hurtful’ tweets | Egypt | The Guardian from The Guardian (891 words)
2025-12-29 08:35:59,672 - INFO - [BBC] Early skip: URL https://www.bbc.com/news/videos/crl9gpynrdno?at_medium=RSS&at_campaign=rss already exists.
2025-12-29 08:36:12,708 - INFO - DEDUPLICATION: Found match (Score: 0.88). Linking to Cluster ID: 5f737ace-4449-4c1a-9fdf-a1faba8602df
2025-12-29 08:36:12,710 - INFO - Saved article: Kerala local body polls: Agali panchayat president quits after Congress threatens legal action over election with LDF support - The Hindu from The Hindu (250 words)
2025-12-29 08:36:12,711 - INFO - [BBC] Article: https://www.bbc.com/news/videos/cz7n4px7e41o?at_medium=RSS&at_campaign=rss
2025-12-29 08:36:12,711 - INFO - [BBC] Attempt 1/1: Trying with 'requests_browser' strategy...
2025-12-29 08:36:12,712 - INFO - [The Guardian] Early skip: URL https://www.theguardian.com/world/2025/dec/29/netanyahu-to-meet-trump-in-us-amid-fears-of-israeli-regional-offensives already exists.
2025-12-29 08:36:12,766 - WARNING - [BBC] FAILED with 'requests_browser' (content was too short: 86 words).
2025-12-29 08:36:12,766 - ERROR - [BBC] All scrape strategies failed for https://www.bbc.com/news/videos/cz7n4px7e41o?at_medium=RSS&at_campaign=rss. Falling back to RSS description.
2025-12-29 08:36:12,766 - WARNING - SKIPPED (GLOBAL WORD LIMIT): Article 'Snow-capped Mount Etna erupts as skiers glide down slopes' from BBC has only 19 words (Min: 90).
2025-12-29 08:36:12,854 - INFO - [The Guardian] Early skip: URL https://www.theguardian.com/world/2025/dec/26/palestinian-man-kills-two-in-northern-israel-car-ramming-and-stabbing-attack-police-say already exists.
2025-12-29 08:36:13,020 - INFO - [The Guardian] Early skip: URL https://www.theguardian.com/world/2025/dec/26/southern-separatists-on-rise-in-yemen-report-saudi-airstrikes-near-positions already exists.
2025-12-29 08:36:13,291 - INFO - [The Guardian] Early skip: URL https://www.theguardian.com/world/2025/dec/24/israel-condemned-approval-19-settlements-occupied-west-bank already exists.
2025-12-29 08:36:13,895 - INFO - [The Hindu] Article: https://www.thehindu.com/news/national/maharashtra/2025-a-year-of-landmarkacquittals-questioning-credibility-of-terror-convictionsin-india/article70440669.ece
2025-12-29 08:36:13,895 - INFO - [The Hindu] Attempt 1/1: Trying with 'selenium_browser' strategy...
2025-12-29 08:36:14,939 - INFO - [The Hindu] Page content loaded.
2025-12-29 08:36:15,021 - INFO - [The Hindu] Success with 'selenium_browser'. Found content (831 words).
2025-12-29 08:36:27,459 - INFO - Saved article: 2025: a year of landmark acquittals questioning credibility of terror convictions in India - The Hindu from The Hindu (831 words)
2025-12-29 08:36:28,114 - INFO - [The Hindu] Article: https://www.thehindu.com/news/cities/mumbai/navi-mumbai-police-bust-illegal-overseas-recruitment-agency-seven-booked/article70448817.ece
2025-12-29 08:36:28,114 - INFO - [The Hindu] Attempt 1/1: Trying with 'selenium_browser' strategy...
2025-12-29 08:36:29,313 - INFO - [The Hindu] Page content loaded.
2025-12-29 08:36:29,367 - INFO - [The Hindu] Success with 'selenium_browser'. Found content (162 words).
2025-12-29 08:36:42,361 - INFO - Saved article: Navi Mumbai police bust illegal overseas recruitment agency; seven booked - The Hindu from The Hindu (162 words)
2025-12-29 08:36:43,219 - INFO - [The Hindu] Article: https://www.thehindu.com/news/national/kerala/congress-councillor-sabarinadhan-echoes-bjps-sreelekha-demands-cpim-mla-vk-prasanth-to-vacate-office-in-kerala-capital/article70448807.ece
2025-12-29 08:36:43,219 - INFO - [The Hindu] Attempt 1/1: Trying with 'selenium_browser' strategy...
2025-12-29 08:36:44,308 - INFO - [The Hindu] Page content loaded.
2025-12-29 08:36:44,503 - INFO - [The Hindu] Success with 'selenium_browser'. Found content (417 words).
2025-12-29 08:36:56,921 - INFO - DEDUPLICATION: Found match (Score: 0.86). Linking to Cluster ID: 824c9339-2942-422f-8972-b2a92b5b3b39
2025-12-29 08:36:56,923 - INFO - Saved article: Congress councillor Sabarinadhan echoes BJP’s Sreelekha, demands CPI(M) MLA V.K. Prasanth to vacate office in Kerala capital - The Hindu from The Hindu (417 words)
2025-12-29 08:36:58,267 - INFO - [The Hindu] Article: https://www.thehindu.com/news/cities/Hyderabad/five-member-gang-held-for-extortion-and-wrongful-restraint-in-tolichowki/article70447192.ece
2025-12-29 08:36:58,268 - INFO - [The Hindu] Attempt 1/1: Trying with 'selenium_browser' strategy...
2025-12-29 08:36:59,001 - ERROR - [Times of India] Request failed for strategy 'selenium_browser' on URL https://timesofindia.indiatimes.com/world/middle-east/watch-video-dubai-crown-prince-sheikh-hamdan-and-his-kids-enjoy-emirati-heritage-planting-at-ghamran-camp/articleshow/126227122.cms: HTTPConnectionPool(host='localhost', port=39455): Read timed out. (read timeout=120)
2025-12-29 08:36:59,001 - ERROR - [Times of India] All scrape strategies failed for https://timesofindia.indiatimes.com/world/middle-east/watch-video-dubai-crown-prince-sheikh-hamdan-and-his-kids-enjoy-emirati-heritage-planting-at-ghamran-camp/articleshow/126227122.cms. Falling back to RSS description.
2025-12-29 08:36:59,001 - WARNING - SKIPPED (GLOBAL WORD LIMIT): Article 'Watch Video: Dubai Crown Prince Sheikh Hamdan and his kids enjoy Emirati heritage planting at Ghamran Camp' from Times of India has only 50 words (Min: 90).
2025-12-29 08:36:59,131 - INFO - [The Hindu] Page content loaded.
2025-12-29 08:36:59,283 - INFO - [The Hindu] Success with 'selenium_browser'. Found content (274 words).
2025-12-29 08:37:12,377 - INFO - Saved article: Five-member gang held for extortion and wrongful restraint in Tolichowki - The Hindu from The Hindu (274 words)
2025-12-29 08:37:12,378 - INFO - [Times of India] Article: https://timesofindia.indiatimes.com/world/rest-of-world/watch-russia-shares-ai-video-of-world-leaders-receiving-christmas-gifts-from-putin-what-pm-modi-trump-got/articleshow/126225854.cms
2025-12-29 08:37:12,378 - INFO - [Times of India] Attempt 1/1: Trying with 'selenium_browser' strategy...
2025-12-29 08:37:12,895 - INFO - [The Hindu] Early skip: URL https://www.thehindu.com/sci-tech/energy-and-environment/supreme-court-puts-its-november-expert-report-in-abeyance-in-aravalli-hills-case/article70448773.ece already exists.
2025-12-29 08:37:13,017 - INFO - [The Hindu] Early skip: URL https://www.thehindu.com/news/national/kerala/congress-office-vandalised-in-keralas-kannur-party-blames-cpim/article70448715.ece already exists.
2025-12-29 08:37:13,126 - INFO - [The Hindu] Article: https://www.thehindu.com/shorts/watch-one-killed-in-tataernakulam-express-fire-vijayawada-drm/article70448765.ece
2025-12-29 08:37:13,126 - INFO - [The Hindu] Attempt 1/1: Trying with 'selenium_browser' strategy...
2025-12-29 08:37:24,071 - WARNING - [The Hindu] Page timed out (10s). Proceeding anyway.
2025-12-29 08:37:24,227 - WARNING - [The Hindu] FAILED with 'selenium_browser' (content was too short: 44 words).
2025-12-29 08:37:24,227 - ERROR - [The Hindu] All scrape strategies failed for https://www.thehindu.com/shorts/watch-one-killed-in-tataernakulam-express-fire-vijayawada-drm/article70448765.ece. Falling back to RSS description.
2025-12-29 08:37:24,227 - WARNING - SKIPPED (GLOBAL WORD LIMIT): Article 'Watch: One killed in Tata–Ernakulam Express fire: Vijayawada DRM' from The Hindu has only 3 words (Min: 90).
2025-12-29 08:37:25,264 - INFO - [The Hindu] Early skip: URL https://www.thehindu.com/news/national/insv-kaundinya-navy-vessel-voyage-india-to-oman-all-you-need-to-know/article70448690.ece already exists.
2025-12-29 08:37:25,506 - INFO - [The Hindu] Early skip: URL https://www.thehindu.com/news/national/sc-stays-unnao-rape-convict-sengars-suspension-of-life-sentence/article70448721.ece already exists.
2025-12-29 08:37:25,762 - INFO - [The Hindu] Early skip: URL https://www.thehindu.com/news/national/maharashtra/ncp-sp-ncp-join-hands-for-pune-civic-polls/article70448686.ece already exists.
2025-12-29 08:37:26,003 - INFO - [The Hindu] Early skip: URL https://www.thehindu.com/news/national/is-death-of-33-blos-okay-mp-kapil-sibal-takes-dig-at-government/article70448677.ece already exists.
2025-12-29 08:37:26,205 - INFO - [The Hindu] Early skip: URL https://www.thehindu.com/news/national/tripura-student-murder-tipra-party-wing-announces-10-lakh-reward-for-info-on-prime-accused/article70448619.ece already exists.
2025-12-29 08:37:26,348 - INFO - [The Hindu] Early skip: URL https://www.thehindu.com/news/national/telangana/telangana-assembly-winter-session-begins-kcr-attends/article70448636.ece already exists.
2025-12-29 08:37:26,616 - INFO - [The Hindu] Early skip: URL https://www.thehindu.com/news/national/kerala/two-youths-arrested-for-sexually-abusing-minor-at-rented-flat-in-keralas-kozhikode/article70448641.ece already exists.
2025-12-29 08:37:26,867 - INFO - [The Hindu] Early skip: URL https://www.thehindu.com/news/national/uttar-pradesh/adityanath-orders-closure-of-schools-across-uttar-pradesh-till-january-1-amid-cold-wave/article70448575.ece already exists.
2025-12-29 08:37:27,017 - INFO - [The Hindu] Early skip: URL https://www.thehindu.com/sci-tech/science/alaknanda-indian-astronomers-spot-implausibly-old-spiral-galaxy/article70443024.ece already exists.
2025-12-29 08:37:27,281 - INFO - [The Hindu] Early skip: URL https://www.thehindu.com/sci-tech/energy-and-environment/real-estate-development-opened-up-by-rajasthans-double-engine-govt-to-hurt-aravallis-more-congress/article70448580.ece already exists.
2025-12-29 08:37:27,489 - INFO - [The Hindu] Early skip: URL https://www.thehindu.com/news/national/kerala/case-registered-over-instagram-reel-showing-country-bomb-explosion-in-keralas-kannur/article70448492.ece already exists.
2025-12-29 08:37:27,695 - INFO - [The Hindu] Early skip: URL https://www.thehindu.com/news/national/tamil-nadu/tn-government-sets-new-fee-for-property-transfer-returns-and-leases/article70443323.ece already exists.
2025-12-29 08:37:27,854 - INFO - [The Hindu] Early skip: URL https://www.thehindu.com/news/national/unnao-rape-case-supreme-court-hearing-kuldeep-singh-sengar-live-updates-december-29-2025/article70448441.ece already exists.
2025-12-29 08:37:28,085 - INFO - [The Hindu] Early skip: URL https://www.thehindu.com/news/national/aravalli-hills-supreme-court-hearing-live-updates-december-29/article70448368.ece already exists.
2025-12-29 08:37:28,242 - INFO - [The Hindu] Article: https://www.thehindu.com/news/cities/Delhi/dense-fog-in-delhi-delays-flights-causing-schedule-disruptions-at-igi-airport/article70448397.ece
2025-12-29 08:37:28,243 - INFO - [The Hindu] Attempt 1/1: Trying with 'selenium_browser' strategy...
2025-12-29 08:37:28,812 - INFO - [The Hindu] Page content loaded.
2025-12-29 08:37:28,908 - INFO - [The Hindu] Success with 'selenium_browser'. Found content (167 words).
2025-12-29 08:37:42,549 - INFO - Saved article: Dense fog causes major flight delays at Delhi's IGI Airport - The Hindu from The Hindu (167 words)
2025-12-29 08:37:43,775 - INFO - [The Hindu] Article: https://www.thehindu.com/shorts/watch-fire-engulfs-two-coaches-of-tatanagarernakulam-express-in-andhra-pradesh/article70448376.ece
2025-12-29 08:37:43,775 - INFO - [The Hindu] Attempt 1/1: Trying with 'selenium_browser' strategy...
2025-12-29 08:37:54,833 - WARNING - [The Hindu] Page timed out (10s). Proceeding anyway.
2025-12-29 08:37:54,856 - WARNING - [The Hindu] FAILED with 'selenium_browser' (content was too short: 48 words).
2025-12-29 08:37:54,856 - ERROR - [The Hindu] All scrape strategies failed for https://www.thehindu.com/shorts/watch-fire-engulfs-two-coaches-of-tatanagarernakulam-express-in-andhra-pradesh/article70448376.ece. Falling back to RSS description.
2025-12-29 08:37:54,856 - WARNING - SKIPPED (GLOBAL WORD LIMIT): Article 'Watch: Fire engulfs two coaches of Tatanagar–Ernakulam Express in Andhra Pradesh' from The Hindu has only 3 words (Min: 90).
2025-12-29 08:37:55,827 - INFO - [The Hindu] Early skip: URL https://www.thehindu.com/news/national/chhattisgarh/ed-raid-chhattisgarh-bharatmala-project-december-29/article70448335.ece already exists.
2025-12-29 08:37:56,043 - INFO - [The Hindu] Early skip: URL https://www.thehindu.com/news/national/tripura/protests-erupt-in-tripura-over-murder-of-student-angel-chakma-in-uttarakhand/article70448284.ece already exists.
2025-12-29 08:37:56,184 - INFO - [The Hindu] Early skip: URL https://www.thehindu.com/news/national/andhra-pradesh/andhra-pradesh-train-fire-engulf-two-coaches-of-tatanagar-ernakulam-express-anakapalli/article70448263.ece already exists.
2025-12-29 08:37:56,398 - INFO - [The Hindu] Early skip: URL https://www.thehindu.com/news/cities/mumbai/ncp-releases-first-list-of-candidates-for-mumbai-polls/article70448245.ece already exists.
2025-12-29 08:37:56,660 - INFO - [The Hindu] Early skip: URL https://www.thehindu.com/society/history-and-culture/homo-opportunisticus-the-contingent-contested-evolution-of-caste/article70446575.ece already exists.
2025-12-29 08:37:56,867 - INFO - [The Hindu] (Thread) Finished. Attempting to shut down its Selenium driver.
2025-12-29 08:37:57,036 - INFO - [The Hindu] (Thread) driver.quit() successful.
2025-12-29 08:39:12,428 - ERROR - [Times of India] Request failed for strategy 'selenium_browser' on URL https://timesofindia.indiatimes.com/world/rest-of-world/watch-russia-shares-ai-video-of-world-leaders-receiving-christmas-gifts-from-putin-what-pm-modi-trump-got/articleshow/126225854.cms: HTTPConnectionPool(host='localhost', port=39455): Read timed out. (read timeout=120)
2025-12-29 08:39:12,428 - ERROR - [Times of India] All scrape strategies failed for https://timesofindia.indiatimes.com/world/rest-of-world/watch-russia-shares-ai-video-of-world-leaders-receiving-christmas-gifts-from-putin-what-pm-modi-trump-got/articleshow/126225854.cms. Falling back to RSS description.
2025-12-29 08:39:12,428 - WARNING - SKIPPED (GLOBAL WORD LIMIT): Article 'Watch: Russia shares AI video of world leaders receiving Christmas gifts from Putin — what PM Modi &amp; Trump got' from Times of India has only 3 words (Min: 90).
2025-12-29 08:39:13,901 - INFO - [Times of India] Early skip: URL https://timesofindia.indiatimes.com/world/middle-east/cristiano-ronaldo-named-best-middle-east-player-at-globe-soccer-awards-2025-in-dubai/articleshow/126225321.cms already exists.
2025-12-29 08:39:14,152 - INFO - [Times of India] Early skip: URL https://timesofindia.indiatimes.com/world/rest-of-world/lavish-gifts-from-jewellery-to-handbag-south-koreas-ex-president-yoon-suk-yeols-wife-accused-of-taking-bribes-over-200000/articleshow/126223433.cms already exists.
2025-12-29 08:39:14,435 - INFO - [Times of India] Early skip: URL https://timesofindia.indiatimes.com/world/middle-east/schengen-style-gcc-unified-tourist-visa-misses-2025-deadline-when-will-it-finally-launch/articleshow/126213710.cms already exists.
2025-12-29 08:39:14,711 - INFO - [Times of India] Early skip: URL https://timesofindia.indiatimes.com/world/rest-of-world/elderly-residents-trapped-indonesias-manado-retirement-home-catches-fire-16-killed/articleshow/126224134.cms already exists.
2025-12-29 08:39:14,985 - INFO - [Times of India] Early skip: URL https://timesofindia.indiatimes.com/world/rest-of-world/nuclear-readiness-north-korea-tests-2-long-range-cruise-missiles-kim-jong-un-calls-it-unlimited-sustained-development/articleshow/126222761.cms already exists.
2025-12-29 08:39:15,163 - INFO - [Times of India] Early skip: URL https://timesofindia.indiatimes.com/world/europe/worn-down-by-worry-parents-look-longingly-at-australias-social-media-ban/articleshow/126222946.cms already exists.
2025-12-29 08:39:15,317 - INFO - [Times of India] Early skip: URL https://timesofindia.indiatimes.com/world/south-asia/dhaka-bid-to-portray-isolated-acts-as-hindu-persecution/articleshow/126222878.cms already exists.
2025-12-29 08:39:15,508 - INFO - [Times of India] Early skip: URL https://timesofindia.indiatimes.com/world/europe/brigitte-bardot-an-icon-of-french-cinema-who-renounced-stardom-dies/articleshow/126222817.cms already exists.
2025-12-29 08:39:15,762 - INFO - [Times of India] Early skip: URL https://timesofindia.indiatimes.com/world/south-asia/bangladesh-division-in-students-led-ncp-over-alliance-with-jamaat-for-polls/articleshow/126222765.cms already exists.
2025-12-29 08:39:16,049 - INFO - [Times of India] Early skip: URL https://timesofindia.indiatimes.com/world/rest-of-world/sudanese-trek-through-mountains-to-escape-kordofan-fighting/articleshow/126223581.cms already exists.
2025-12-29 08:39:16,205 - INFO - [Times of India] Early skip: URL https://timesofindia.indiatimes.com/world/us-streamers/who-is-the-founder-of-faze-clan-origins-explored-amid-member-exits-contract-negotiations-and-creator-backlash/articleshow/126220016.cms already exists.
2025-12-29 08:39:16,424 - INFO - [Times of India] Early skip: URL https://timesofindia.indiatimes.com/world/us-streamers/why-shes-out-there-tim-dillon-highlights-public-confusion-over-erika-kirks-appearances-following-charlie-kirk-tragedy/articleshow/126220022.cms already exists.
2025-12-29 08:39:16,673 - INFO - [Times of India] Early skip: URL https://timesofindia.indiatimes.com/world/us-streamers/what-is-mrbeasts-minecraft-boys-vs-girls-video-controversy-allegations-of-fake-players-cheating-and-missing-details-explained/articleshow/126221917.cms already exists.
2025-12-29 08:39:16,942 - INFO - [Times of India] Early skip: URL https://timesofindia.indiatimes.com/world/us-streamers/what-happened-to-mike-the-real-tarzann-holston-influencer-shares-recovery-update-after-skydiving-accident/articleshow/126222171.cms already exists.
2025-12-29 08:39:17,117 - INFO - [Times of India] Early skip: URL https://timesofindia.indiatimes.com/world/us-streamers/doesnt-want-to-be-helped-influencer-walter-weekes-highlights-harsh-reality-after-failed-attempt-to-help-nickelodeon-child-actor-tylor-chase/articleshow/126222224.cms already exists.
2025-12-29 08:39:17,318 - INFO - [Times of India] Early skip: URL https://timesofindia.indiatimes.com/world/us-streamers/clavicular-sparks-fresh-controversy-after-twitch-debut-delivers-record-viewership-following-kick-ban/articleshow/126222289.cms already exists.
2025-12-29 08:39:17,497 - INFO - [Times of India] Early skip: URL https://timesofindia.indiatimes.com/world/uk/who-is-alaa-abd-el-fattah-and-why-is-keir-starmer-under-fire/articleshow/126222180.cms already exists.
2025-12-29 08:39:17,736 - INFO - [Times of India] Early skip: URL https://timesofindia.indiatimes.com/world/us/russia-wanted-ukraine-to-succeed-says-trump-after-meeting-zelenskyy-watch-his-reaction/articleshow/126221986.cms already exists.
2025-12-29 08:39:17,873 - INFO - [Times of India] (Thread) Finished. Attempting to shut down its Selenium driver.
2025-12-29 08:39:42,035 - CRITICAL - --- TIMEOUT: 1 scrape jobs did not complete in 300s. ---
2025-12-29 08:39:42,035 - ERROR - A thread has timed out and will be abandoned.
2025-12-29 08:39:42,035 - INFO - Shutting down thread pool (wait=False)...
2025-12-29 08:39:42,035 - INFO - Scraped: 1 BBC, 7 The Hindu, 2 The Guardian, 1 Timed_Out_Jobs articles. (Total saved: 10)
2025-12-29 08:39:42,035 - INFO - --- Scraping job finished ---
2025-12-29 08:39:42,036 - INFO - --- Scraper service stopped and database connection closed. ---
2025-12-29 08:39:42,036 - INFO - --- Main thread finished. Forcing process exit to kill zombie threads. ---
