2025-12-04 09:30:54,467 - INFO - Loading AI Semantic Model (all-MiniLM-L6-v2)...
2025-12-04 09:30:54,468 - INFO - Use pytorch device_name: cpu
2025-12-04 09:30:54,468 - INFO - Load pretrained SentenceTransformer: all-MiniLM-L6-v2
2025-12-04 09:30:55,013 - INFO - AI Model loaded successfully.
2025-12-04 09:30:55,013 - INFO - Initializing database connection at: news_articles.db
2025-12-04 09:30:55,013 - INFO - --- Scraper service started (CI Mode: Run Once) ---
2025-12-04 09:30:55,013 - INFO - --- Starting new scraping job (Parallel Mode) ---
2025-12-04 09:30:55,013 - INFO - Creating new robust session with 3 retries on 5xx/connection/read errors.
2025-12-04 09:30:55,013 - INFO - Proxy is DISABLED.
2025-12-04 09:30:55,014 - INFO - Starting scrape for BBC RSS feed: http://feeds.bbci.co.uk/news/world/rss.xml
2025-12-04 09:30:55,015 - INFO - [Times of India] (Thread) requires Selenium. Initializing driver...
2025-12-04 09:30:55,015 - INFO - Initializing headless Selenium Chrome driver (using SeleniumManager)...
2025-12-04 09:30:55,015 - INFO - Starting scrape for The Guardian RSS feed: https://www.theguardian.com/world/rss
2025-12-04 09:30:55,017 - INFO - [The Hindu] (Thread) requires Selenium. Initializing driver...
2025-12-04 09:30:55,017 - INFO - Initializing headless Selenium Chrome driver (using SeleniumManager)...
2025-12-04 09:30:55,017 - INFO - Submitted 4 jobs to thread pool. Waiting up to 300s for completion...
2025-12-04 09:30:55,134 - INFO - Found 45 articles in The Guardian RSS feed. Processing up to 20.
2025-12-04 09:30:55,135 - INFO - [The Guardian] Article: https://www.theguardian.com/world/2025/dec/04/us-eu-critical-minerals-project-drc-report-lobito-corridor
2025-12-04 09:30:55,135 - INFO - [The Guardian] Attempt 1/1: Trying with 'requests_browser' strategy...
2025-12-04 09:30:55,160 - INFO - Found 39 articles in BBC RSS feed. Processing up to 20.
2025-12-04 09:30:55,160 - INFO - [BBC] Article: https://www.bbc.com/news/articles/c4g5rrlve33o?at_medium=RSS&at_campaign=rss
2025-12-04 09:30:55,160 - INFO - [BBC] Attempt 1/1: Trying with 'requests_browser' strategy...
2025-12-04 09:30:55,351 - INFO - [The Guardian] Success with 'requests_browser'. Found content (765 words).
2025-12-04 09:30:55,505 - INFO - [BBC] Success with 'requests_browser'. Found content (744 words).
2025-12-04 09:31:03,404 - INFO - Selenium driver initialized successfully.
2025-12-04 09:31:03,404 - INFO - Starting scrape for The Hindu RSS feed: https://www.thehindu.com/news/national/feeder/default.rss
2025-12-04 09:31:03,405 - INFO - Selenium driver initialized successfully.
2025-12-04 09:31:03,405 - INFO - Starting scrape for Times of India RSS feed: https://timesofindia.indiatimes.com/rssfeeds/296589292.cms
2025-12-04 09:31:03,633 - INFO - Found 20 articles in Times of India RSS feed. Processing up to 20.
2025-12-04 09:31:03,634 - INFO - [Times of India] Article: https://timesofindia.indiatimes.com/world/us/shouldnt-be-next-president-halle-berry-blasts-gavin-newsom-over-menopause-bill-says-he-overlooks-women/articleshow/125761924.cms
2025-12-04 09:31:03,634 - INFO - [Times of India] Attempt 1/1: Trying with 'selenium_browser' strategy...
2025-12-04 09:31:03,659 - INFO - Found 100 articles in The Hindu RSS feed. Processing up to 20.
2025-12-04 09:31:03,660 - INFO - [The Hindu] Article: https://www.thehindu.com/news/national/kerala/kerala-mla-rahul-mamkoottathils-anticipatory-bail-in-rape-case-rejected-expelled-from-congress/article70357074.ece
2025-12-04 09:31:03,660 - INFO - [The Hindu] Attempt 1/1: Trying with 'selenium_browser' strategy...
2025-12-04 09:31:09,546 - INFO - [The Hindu] Page content loaded.
2025-12-04 09:31:09,920 - INFO - [The Hindu] Success with 'selenium_browser'. Found content (554 words).
2025-12-04 09:31:23,276 - INFO - Saved article: US and EU critical minerals project could displace thousands in DR Congo – report | Democratic Republic of the Congo | The Guardian from The Guardian
2025-12-04 09:31:23,277 - INFO - Duplicate article skipped: Previously unseen images of Jeffrey Epstein's island released from BBC
2025-12-04 09:31:24,229 - INFO - [BBC] Article: https://www.bbc.com/news/articles/c7731n5z6d3o?at_medium=RSS&at_campaign=rss
2025-12-04 09:31:24,230 - INFO - [BBC] Attempt 1/1: Trying with 'requests_browser' strategy...
2025-12-04 09:31:24,439 - INFO - [BBC] Success with 'requests_browser'. Found content (1105 words).
2025-12-04 09:31:24,517 - INFO - [The Guardian] Article: https://www.theguardian.com/global-development/2025/dec/04/aid-cuts-africa-uganda-stops-refugee-status-eritreans-somalis-ethiopians
2025-12-04 09:31:24,517 - INFO - [The Guardian] Attempt 1/1: Trying with 'requests_browser' strategy...
2025-12-04 09:31:24,715 - INFO - [The Guardian] Success with 'requests_browser'. Found content (587 words).
2025-12-04 09:31:42,190 - INFO - DEDUPLICATION: Found match (Score: 0.89). Linking to Cluster ID: b0249646-3784-478b-bc86-a92135dbec56
2025-12-04 09:31:42,193 - INFO - Saved article: Kerala MLA Rahul Mamkoottathil’s anticipatory bail in rape case rejected; expelled from Congress - The Hindu from The Hindu
2025-12-04 09:31:42,194 - INFO - Duplicate article skipped: Ukraine and US negotiators to meet in Florida after Moscow talks, White House says from BBC
2025-12-04 09:31:42,194 - INFO - Duplicate article skipped: Uganda stops granting refugee status for Eritreans, Somalis and Ethiopians | Global development | The Guardian from The Guardian
2025-12-04 09:31:42,766 - INFO - [The Hindu] Article: https://www.thehindu.com/education/schools/our-dreams-are-slipping-away-how-urban-evictions-are-derailing-childrens-education/article70356872.ece
2025-12-04 09:31:42,767 - INFO - [The Hindu] Attempt 1/1: Trying with 'selenium_browser' strategy...
2025-12-04 09:31:42,818 - INFO - [BBC] Article: https://www.bbc.com/news/articles/cj4q2vpggr9o?at_medium=RSS&at_campaign=rss
2025-12-04 09:31:42,818 - INFO - [BBC] Attempt 1/1: Trying with 'requests_browser' strategy...
2025-12-04 09:31:42,821 - INFO - [The Guardian] Article: https://www.theguardian.com/artanddesign/2025/dec/04/ibrahim-mahama-ghana-tops-artreview-power-list
2025-12-04 09:31:42,821 - INFO - [The Guardian] Attempt 1/1: Trying with 'requests_browser' strategy...
2025-12-04 09:31:42,871 - INFO - [The Guardian] Success with 'requests_browser'. Found content (604 words).
2025-12-04 09:31:42,909 - INFO - Duplicate article skipped: Ghana’s Ibrahim Mahama first African to top annual art power list | Art | The Guardian from The Guardian
2025-12-04 09:31:42,917 - INFO - [BBC] Success with 'requests_browser'. Found content (1433 words).
2025-12-04 09:31:42,960 - INFO - Duplicate article skipped: India-Russia: Why Putin and Modi are meeting in Delhi from BBC
2025-12-04 09:31:43,605 - INFO - [BBC] Article: https://www.bbc.com/news/articles/cp84y7jx2pzo?at_medium=RSS&at_campaign=rss
2025-12-04 09:31:43,605 - INFO - [BBC] Attempt 1/1: Trying with 'requests_browser' strategy...
2025-12-04 09:31:43,662 - INFO - [BBC] Success with 'requests_browser'. Found content (357 words).
2025-12-04 09:31:43,774 - INFO - Duplicate article skipped: South Korea: Government developing app showing real-time location of stalkers from BBC
2025-12-04 09:31:44,343 - INFO - [The Guardian] Article: https://www.theguardian.com/uk-news/2025/dec/03/british-troops-accused-of-human-rights-violations-environmental-destruction-and-sexual-abuse-in-kenya
2025-12-04 09:31:44,343 - INFO - [The Guardian] Attempt 1/1: Trying with 'requests_browser' strategy...
2025-12-04 09:31:44,406 - INFO - [The Guardian] Success with 'requests_browser'. Found content (772 words).
2025-12-04 09:31:44,466 - INFO - Duplicate article skipped: British troops accused of human rights violations and sexual abuse in Kenya | British army | The Guardian from The Guardian
2025-12-04 09:31:44,772 - INFO - [The Hindu] Page content loaded.
2025-12-04 09:31:44,958 - INFO - [The Hindu] Success with 'selenium_browser'. Found content (1507 words).
2025-12-04 09:31:45,026 - INFO - [BBC] Article: https://www.bbc.com/news/articles/cd6x2j4g3z7o?at_medium=RSS&at_campaign=rss
2025-12-04 09:31:45,026 - INFO - [BBC] Attempt 1/1: Trying with 'requests_browser' strategy...
2025-12-04 09:31:45,146 - INFO - [BBC] Success with 'requests_browser'. Found content (447 words).
2025-12-04 09:31:45,785 - INFO - [The Guardian] Article: https://www.theguardian.com/global-development/2025/dec/03/whistleblower-accuses-foreign-office-of-censoring-warning-of-sudan-genocide
2025-12-04 09:31:45,785 - INFO - [The Guardian] Attempt 1/1: Trying with 'requests_browser' strategy...
2025-12-04 09:31:45,946 - INFO - [The Guardian] Success with 'requests_browser'. Found content (1465 words).
2025-12-04 09:32:00,381 - INFO - Saved article: ‘Our dreams are slipping away’: How urban evictions are derailing children’s education - The Hindu from The Hindu
2025-12-04 09:32:00,381 - INFO - Duplicate article skipped: Israel receives coffin that Hamas says contains Gaza hostage's body from BBC
2025-12-04 09:32:00,381 - INFO - Duplicate article skipped: Whistleblower accuses Foreign Office of ‘censoring’ warning of Sudan genocide | Global development | The Guardian from The Guardian
2025-12-04 09:32:01,170 - INFO - [The Guardian] Article: https://www.theguardian.com/us-news/2025/dec/03/epstein-caribbean-island-new-photo-video-release
2025-12-04 09:32:01,170 - INFO - [The Guardian] Attempt 1/1: Trying with 'requests_browser' strategy...
2025-12-04 09:32:01,200 - INFO - [The Guardian] Success with 'requests_browser'. Found content (373 words).
2025-12-04 09:32:01,244 - INFO - Duplicate article skipped: House Democrats release new images of Epstein’s private Caribbean island | Jeffrey Epstein | The Guardian from The Guardian
2025-12-04 09:32:01,367 - INFO - [BBC] Article: https://www.bbc.com/news/articles/cdxekqryn1jo?at_medium=RSS&at_campaign=rss
2025-12-04 09:32:01,367 - INFO - [BBC] Attempt 1/1: Trying with 'requests_browser' strategy...
2025-12-04 09:32:01,405 - INFO - [BBC] Success with 'requests_browser'. Found content (720 words).
2025-12-04 09:32:01,444 - INFO - Duplicate article skipped: Meta starts kicking Australian children off Instagram and Facebook from BBC
2025-12-04 09:32:01,631 - INFO - [The Hindu] Article: https://www.thehindu.com/news/national/parliament-session-gaurav-gogoi-invokes-nitin-gadkaris-viral-video-flags-poor-quality-of-nh-37-union-minister-assures-action/article70356948.ece
2025-12-04 09:32:01,631 - INFO - [The Hindu] Attempt 1/1: Trying with 'selenium_browser' strategy...
2025-12-04 09:32:02,319 - INFO - [The Guardian] Article: https://www.theguardian.com/world/2025/dec/03/colombia-trump-warning-military-threat
2025-12-04 09:32:02,319 - INFO - [The Guardian] Attempt 1/1: Trying with 'requests_browser' strategy...
2025-12-04 09:32:02,353 - INFO - [The Guardian] Success with 'requests_browser'. Found content (612 words).
2025-12-04 09:32:02,457 - INFO - Duplicate article skipped: Colombia’s president warns Trump: ‘Do not wake the jaguar’ with threats of military strikes | Colombia | The Guardian from The Guardian
2025-12-04 09:32:02,780 - INFO - [BBC] Article: https://www.bbc.com/news/articles/c5y9843engko?at_medium=RSS&at_campaign=rss
2025-12-04 09:32:02,781 - INFO - [BBC] Attempt 1/1: Trying with 'requests_browser' strategy...
2025-12-04 09:32:02,870 - INFO - [The Hindu] Page content loaded.
2025-12-04 09:32:02,883 - INFO - [BBC] Success with 'requests_browser'. Found content (445 words).
2025-12-04 09:32:02,984 - INFO - Duplicate article skipped: Pritam Singh: Singapore court upholds opposition leader's conviction from BBC
2025-12-04 09:32:03,140 - INFO - [The Hindu] Success with 'selenium_browser'. Found content (307 words).
2025-12-04 09:32:03,337 - INFO - [The Guardian] Article: https://www.theguardian.com/us-news/live/2025/dec/02/donald-trump-pete-hegseth-boat-venezuela-maduro-tennessee-us-politics-live-news-updates
2025-12-04 09:32:03,337 - INFO - [The Guardian] Attempt 1/1: Trying with 'requests_browser' strategy...
2025-12-04 09:32:03,765 - INFO - [BBC] Article: https://www.bbc.com/news/articles/cjrjn88jqn4o?at_medium=RSS&at_campaign=rss
2025-12-04 09:32:03,765 - INFO - [BBC] Attempt 1/1: Trying with 'requests_browser' strategy...
2025-12-04 09:32:03,978 - INFO - [BBC] Success with 'requests_browser'. Found content (852 words).
2025-12-04 09:32:04,307 - INFO - [The Guardian] Success with 'requests_browser'. Found content (4155 words).
2025-12-04 09:32:18,345 - INFO - Saved article: Parliament Session: Gaurav Gogoi invokes Nitin Gadkari's viral video, flags ‘poor quality’ of NH-37; Union Minister assures action - The Hindu from The Hindu
2025-12-04 09:32:18,346 - INFO - Duplicate article skipped: Trump to host DR Congo's Félix Tshisekedi and Rwanda's Paul Kagame to sign peace deal from BBC
2025-12-04 09:32:18,346 - INFO - Duplicate article skipped: Pete Hegseth says he ‘didn’t stick around’ to watch second strike on alleged drug boat as Democrats slam administration over attacks – as it happened | Trump administration | The Guardian from The Guardian
2025-12-04 09:32:19,166 - INFO - [The Hindu] Article: https://www.thehindu.com/news/national/odisha/odisha-government-terminates-empanelment-of-it-firm-involved-in-recruitment-scam/article70356857.ece
2025-12-04 09:32:19,166 - INFO - [The Hindu] Attempt 1/1: Trying with 'selenium_browser' strategy...
2025-12-04 09:32:19,512 - INFO - [BBC] Article: https://www.bbc.com/news/articles/c8dy1613j2ro?at_medium=RSS&at_campaign=rss
2025-12-04 09:32:19,512 - INFO - [BBC] Attempt 1/1: Trying with 'requests_browser' strategy...
2025-12-04 09:32:19,556 - INFO - [BBC] Success with 'requests_browser'. Found content (877 words).
2025-12-04 09:32:19,646 - INFO - Duplicate article skipped: Minnesota's Somali community braces for immigration crackdown from BBC
2025-12-04 09:32:19,677 - INFO - [The Guardian] Article: https://www.theguardian.com/world/2025/dec/02/trump-intervention-honduras-presidential-vote-count-stalls-nasry-asfura
2025-12-04 09:32:19,677 - INFO - [The Guardian] Attempt 1/1: Trying with 'requests_browser' strategy...
2025-12-04 09:32:19,724 - INFO - [The Guardian] Success with 'requests_browser'. Found content (945 words).
2025-12-04 09:32:20,037 - INFO - Duplicate article skipped: Trump frees ex-Honduran president from prison as country awaits knife-edge election result | Honduras | The Guardian from The Guardian
2025-12-04 09:32:20,196 - INFO - [BBC] Article: https://www.bbc.com/news/articles/cqjg7w8z7dvo?at_medium=RSS&at_campaign=rss
2025-12-04 09:32:20,196 - INFO - [BBC] Attempt 1/1: Trying with 'requests_browser' strategy...
2025-12-04 09:32:20,245 - INFO - [BBC] Success with 'requests_browser'. Found content (387 words).
2025-12-04 09:32:20,307 - INFO - Duplicate article skipped: Court sides with Adidas in appeal over Kanye West collaboration from BBC
2025-12-04 09:32:21,316 - INFO - [The Guardian] Article: https://www.theguardian.com/us-news/2025/dec/02/pete-hegseth-franklin-the-turtle
2025-12-04 09:32:21,316 - INFO - [The Guardian] Attempt 1/1: Trying with 'requests_browser' strategy...
2025-12-04 09:32:21,384 - INFO - [The Guardian] Success with 'requests_browser'. Found content (438 words).
2025-12-04 09:32:21,434 - INFO - [The Hindu] Page content loaded.
2025-12-04 09:32:21,462 - INFO - Duplicate article skipped: Publisher condemns ‘violent’ use of Franklin the Turtle after Hegseth’s boat strike post | Pete Hegseth | The Guardian from The Guardian
2025-12-04 09:32:21,517 - INFO - [The Hindu] Success with 'selenium_browser'. Found content (219 words).
2025-12-04 09:32:21,734 - INFO - [BBC] Article: https://www.bbc.com/news/articles/cm2054rdv52o?at_medium=RSS&at_campaign=rss
2025-12-04 09:32:21,734 - INFO - [BBC] Attempt 1/1: Trying with 'requests_browser' strategy...
2025-12-04 09:32:21,793 - INFO - [BBC] Success with 'requests_browser'. Found content (1064 words).
2025-12-04 09:32:22,140 - INFO - [The Guardian] Article: https://www.theguardian.com/world/2025/dec/04/thailand-scam-cyberscam-crackdown-arrests-south-east-asia
2025-12-04 09:32:22,140 - INFO - [The Guardian] Attempt 1/1: Trying with 'requests_browser' strategy...
2025-12-04 09:32:22,182 - INFO - [The Guardian] Success with 'requests_browser'. Found content (575 words).
2025-12-04 09:32:35,198 - INFO - Saved article: Odisha Government terminates empanelment of IT firm ‘involved’ in recruitment scam - The Hindu from The Hindu
2025-12-04 09:32:35,199 - INFO - Duplicate article skipped: Hong Kong fire survivor: 'My heart breaks every time I'm called a hero' from BBC
2025-12-04 09:32:35,199 - INFO - Duplicate article skipped: Thailand seizes more than $300m in assets and issues 42 arrest warrants in cyberscam crackdown | Thailand | The Guardian from The Guardian
2025-12-04 09:32:35,861 - INFO - [The Guardian] Article: https://www.theguardian.com/news/2025/dec/04/hong-kong-fire-death-toll-protective-netting-remove
2025-12-04 09:32:35,861 - INFO - [The Guardian] Attempt 1/1: Trying with 'requests_browser' strategy...
2025-12-04 09:32:35,864 - INFO - [BBC] Article: https://www.bbc.com/news/articles/cnv21m0zpjmo?at_medium=RSS&at_campaign=rss
2025-12-04 09:32:35,864 - INFO - [BBC] Attempt 1/1: Trying with 'requests_browser' strategy...
2025-12-04 09:32:35,896 - INFO - [The Guardian] Success with 'requests_browser'. Found content (689 words).
2025-12-04 09:32:35,931 - INFO - Duplicate article skipped: Hong Kong warns ‘external forces’ working to exploit apartment fire, as death toll rises to 159 | Hong Kong apartment fires | The Guardian from The Guardian
2025-12-04 09:32:35,935 - INFO - [BBC] Success with 'requests_browser'. Found content (270 words).
2025-12-04 09:32:35,970 - INFO - Duplicate article skipped: Gaza: Five killed in Israeli air strikes on tents near Khan Younis, medics say from BBC
2025-12-04 09:32:36,205 - INFO - [The Hindu] Article: https://www.thehindu.com/news/cities/Hyderabad/indian-navy-band-to-perform-in-hyderabad-from-december-6-public-concert-in-kondapur/article70356829.ece
2025-12-04 09:32:36,205 - INFO - [The Hindu] Attempt 1/1: Trying with 'selenium_browser' strategy...
2025-12-04 09:32:36,996 - INFO - [The Guardian] Article: https://www.theguardian.com/world/2025/dec/03/eu-strategy-raw-materials-rare-earths-supply-chain-resourceeu
2025-12-04 09:32:36,996 - INFO - [The Guardian] Attempt 1/1: Trying with 'requests_browser' strategy...
2025-12-04 09:32:37,050 - INFO - [The Guardian] Success with 'requests_browser'. Found content (725 words).
2025-12-04 09:32:37,172 - INFO - Duplicate article skipped: EU looks at legally forcing industries to reduce purchases from China | Mining | The Guardian from The Guardian
2025-12-04 09:32:37,305 - INFO - [BBC] Article: https://www.bbc.com/news/articles/cpwk7xen544o?at_medium=RSS&at_campaign=rss
2025-12-04 09:32:37,306 - INFO - [BBC] Attempt 1/1: Trying with 'requests_browser' strategy...
2025-12-04 09:32:37,380 - INFO - [BBC] Success with 'requests_browser'. Found content (668 words).
2025-12-04 09:32:37,434 - INFO - Duplicate article skipped: Israel says Rafah crossing to open soon to let Gazans leave via Egypt from BBC
2025-12-04 09:32:37,680 - INFO - [The Guardian] Article: https://www.theguardian.com/business/2025/dec/03/hsbc-appoints-interim-chair-brendan-nelson-to-permanent-role
2025-12-04 09:32:37,680 - INFO - [The Guardian] Attempt 1/1: Trying with 'requests_browser' strategy...
2025-12-04 09:32:37,750 - INFO - [The Guardian] Success with 'requests_browser'. Found content (605 words).
2025-12-04 09:32:37,917 - INFO - Duplicate article skipped: HSBC appoints interim chair Brendan Nelson to permanent role | HSBC | The Guardian from The Guardian
2025-12-04 09:32:38,023 - INFO - [BBC] Article: https://www.bbc.com/news/articles/c2lvzrve5lqo?at_medium=RSS&at_campaign=rss
2025-12-04 09:32:38,023 - INFO - [BBC] Attempt 1/1: Trying with 'requests_browser' strategy...
2025-12-04 09:32:38,097 - INFO - [BBC] Success with 'requests_browser'. Found content (371 words).
2025-12-04 09:32:38,211 - INFO - Duplicate article skipped: Federica Mogherini: Former EU top diplomat accused in fraud investigation from BBC
2025-12-04 09:32:38,273 - INFO - [The Hindu] Page content loaded.
2025-12-04 09:32:38,468 - INFO - [The Hindu] Success with 'selenium_browser'. Found content (152 words).
2025-12-04 09:32:39,223 - INFO - [The Guardian] Article: https://www.theguardian.com/world/2025/dec/03/search-for-malaysia-airline-flight-mh370-to-resume-over-11-years-after-plane-went-missing
2025-12-04 09:32:39,223 - INFO - [The Guardian] Attempt 1/1: Trying with 'requests_browser' strategy...
2025-12-04 09:32:39,276 - INFO - [The Guardian] Success with 'requests_browser'. Found content (851 words).
2025-12-04 09:32:39,454 - INFO - [BBC] Article: https://www.bbc.com/news/articles/cy8jnxxm70jo?at_medium=RSS&at_campaign=rss
2025-12-04 09:32:39,454 - INFO - [BBC] Attempt 1/1: Trying with 'requests_browser' strategy...
2025-12-04 09:32:39,496 - INFO - [BBC] Success with 'requests_browser'. Found content (247 words).
2025-12-04 09:32:52,328 - INFO - Saved article: Indian Navy band to perform in Hyderabad from December 6; public concert in Kondapur - The Hindu from The Hindu
2025-12-04 09:32:52,328 - INFO - Duplicate article skipped: Malaysia Airlines flight MH370 search to resume 11 years after jet went missing | Malaysia Airlines flight MH370 | The Guardian from The Guardian
2025-12-04 09:32:52,328 - INFO - Duplicate article skipped: Drunk raccoon found passed out on liquor store floor after breaking in from BBC
2025-12-04 09:32:53,169 - INFO - [The Hindu] Article: https://www.thehindu.com/news/cities/Hyderabad/ktr-says-brs-will-scrap-hilt-policy-after-coming-to-power-suggests-land-parcels-to-be-used-for-it-parks-houses-for-poor-or-schools/article70356853.ece
2025-12-04 09:32:53,169 - INFO - [The Hindu] Attempt 1/1: Trying with 'selenium_browser' strategy...
2025-12-04 09:32:53,253 - INFO - [The Guardian] Article: https://www.theguardian.com/australia-news/2025/dec/04/ndis-participants-will-have-no-external-avenue-to-appeal-funding-amounts-under-new-system-senate-estimates-told
2025-12-04 09:32:53,253 - INFO - [The Guardian] Attempt 1/1: Trying with 'requests_browser' strategy...
2025-12-04 09:32:53,421 - INFO - [The Guardian] Success with 'requests_browser'. Found content (674 words).
2025-12-04 09:32:53,508 - INFO - Duplicate article skipped: Most NDIS participants will lose external avenue to appeal funding amounts under new system, Senate estimates told | National disability insurance scheme | The Guardian from The Guardian
2025-12-04 09:32:53,589 - INFO - [BBC] Article: https://www.bbc.com/news/articles/cvgq5dvygllo?at_medium=RSS&at_campaign=rss
2025-12-04 09:32:53,589 - INFO - [BBC] Attempt 1/1: Trying with 'requests_browser' strategy...
2025-12-04 09:32:53,636 - INFO - [BBC] Success with 'requests_browser'. Found content (1030 words).
2025-12-04 09:32:53,691 - INFO - Duplicate article skipped: Kenyan MPs accuse British soldiers from Batuk of sexual abuse in Laikipia from BBC
2025-12-04 09:32:54,189 - INFO - [The Guardian] Article: https://www.theguardian.com/australia-news/live/2025/dec/04/australia-news-live-senate-estimates-national-fiscal-outlook-labor-coalition-cost-of-living-victoria-public-service-cuts-ntwnfb
2025-12-04 09:32:54,189 - INFO - [The Guardian] Attempt 1/1: Trying with 'requests_browser' strategy...
2025-12-04 09:32:54,471 - INFO - [The Guardian] Success with 'requests_browser'. Found content (2715 words).
2025-12-04 09:32:54,731 - INFO - [BBC] Article: https://www.bbc.com/news/articles/c1m8g5x1xmko?at_medium=RSS&at_campaign=rss
2025-12-04 09:32:54,731 - INFO - [BBC] Attempt 1/1: Trying with 'requests_browser' strategy...
2025-12-04 09:32:54,869 - INFO - [BBC] Success with 'requests_browser'. Found content (308 words).
2025-12-04 09:32:54,940 - INFO - Duplicate article skipped: Marles says Labor ‘working through’ Trump administration’s Aukus review – as it happened | Australia news | The Guardian from The Guardian
2025-12-04 09:32:54,940 - INFO - Duplicate article skipped: Three French teens drown in freak car crash in swimming pool from BBC
2025-12-04 09:32:55,457 - INFO - [BBC] Article: https://www.bbc.com/news/articles/c62v9z7z1z2o?at_medium=RSS&at_campaign=rss
2025-12-04 09:32:55,457 - INFO - [BBC] Attempt 1/1: Trying with 'requests_browser' strategy...
2025-12-04 09:32:55,478 - INFO - [The Hindu] Page content loaded.
2025-12-04 09:32:55,504 - INFO - [BBC] Success with 'requests_browser'. Found content (485 words).
2025-12-04 09:32:55,551 - INFO - Duplicate article skipped: Henry Cuellar: Trump says he is pardoning Democratic congressman in bribery case from BBC
2025-12-04 09:32:55,581 - INFO - [The Hindu] Success with 'selenium_browser'. Found content (332 words).
2025-12-04 09:32:55,694 - INFO - [The Guardian] Article: https://www.theguardian.com/australia-news/2025/dec/04/giant-esky-australias-first-indoor-snow-resort-planned-for-western-sydney-gets-chinese-backing
2025-12-04 09:32:55,694 - INFO - [The Guardian] Attempt 1/1: Trying with 'requests_browser' strategy...
2025-12-04 09:32:55,768 - INFO - [The Guardian] Success with 'requests_browser'. Found content (353 words).
2025-12-04 09:32:56,551 - INFO - [BBC] Article: https://www.bbc.com/news/articles/c62lv79p0pdo?at_medium=RSS&at_campaign=rss
2025-12-04 09:32:56,551 - INFO - [BBC] Attempt 1/1: Trying with 'requests_browser' strategy...
2025-12-04 09:32:56,604 - INFO - [BBC] Success with 'requests_browser'. Found content (482 words).
2025-12-04 09:33:03,730 - ERROR - [Times of India] Request failed for strategy 'selenium_browser' on URL https://timesofindia.indiatimes.com/world/us/shouldnt-be-next-president-halle-berry-blasts-gavin-newsom-over-menopause-bill-says-he-overlooks-women/articleshow/125761924.cms: HTTPConnectionPool(host='localhost', port=39363): Read timed out. (read timeout=120)
2025-12-04 09:33:03,730 - ERROR - [Times of India] All scrape strategies failed for https://timesofindia.indiatimes.com/world/us/shouldnt-be-next-president-halle-berry-blasts-gavin-newsom-over-menopause-bill-says-he-overlooks-women/articleshow/125761924.cms. Falling back to RSS description.
2025-12-04 09:33:09,574 - INFO - DEDUPLICATION: Found match (Score: 0.71). Linking to Cluster ID: 4d6c62bb-0a45-49cc-ae5a-329d2a25732f
2025-12-04 09:33:09,576 - INFO - Saved article: KTR says BRS will scrap HILT policy after coming to power; suggests land parcels to be used for IT parks, houses for poor or schools - The Hindu from The Hindu
2025-12-04 09:33:09,576 - INFO - Duplicate article skipped: ‘Giant Esky’: Australia’s first indoor snow resort planned for western Sydney gets Chinese backing | Sydney | The Guardian from The Guardian
2025-12-04 09:33:09,576 - INFO - Duplicate article skipped: Hong Kong orders removal of scaffolding mesh after deadly blaze from BBC
2025-12-04 09:33:10,158 - INFO - [The Guardian] Article: https://www.theguardian.com/australia-news/2025/dec/04/sydney-drivers-stuck-in-busy-tunnel-for-up-to-four-hours-amid-fears-of-shockcrete-roof-collapse
2025-12-04 09:33:10,158 - INFO - [The Guardian] Attempt 1/1: Trying with 'requests_browser' strategy...
2025-12-04 09:33:10,213 - INFO - [The Guardian] Success with 'requests_browser'. Found content (579 words).
2025-12-04 09:33:10,784 - INFO - [BBC] Article: https://www.bbc.com/news/articles/cpq4e21nr5vo?at_medium=RSS&at_campaign=rss
2025-12-04 09:33:10,784 - INFO - [BBC] Attempt 1/1: Trying with 'requests_browser' strategy...
2025-12-04 09:33:10,831 - INFO - [BBC] Success with 'requests_browser'. Found content (438 words).
2025-12-04 09:33:10,846 - INFO - [The Hindu] Article: https://www.thehindu.com/news/national/jammu-and-kashmir/kashmir-valley-in-grip-of-cold-conditions-pulwama-coldest-place/article70356886.ece
2025-12-04 09:33:10,851 - INFO - [The Hindu] Attempt 1/1: Trying with 'selenium_browser' strategy...
2025-12-04 09:33:13,236 - INFO - [The Hindu] Page content loaded.
2025-12-04 09:33:13,613 - INFO - [The Hindu] Success with 'selenium_browser'. Found content (229 words).
2025-12-04 09:33:24,361 - INFO - Saved article: ‘Shouldn’t be next president’: Halle Berry blasts Gavin Newsom over menopause bill, says he overlooks women from Times of India
2025-12-04 09:33:24,361 - INFO - Duplicate article skipped: Sydney drivers stuck in busy tunnel for up to four hours amid fears of ‘shotcrete’ roof collapse | Sydney | The Guardian from The Guardian
2025-12-04 09:33:24,361 - INFO - Duplicate article skipped: What latest Ukraine talks reveal about Putin's state of mind from BBC
2025-12-04 09:33:24,361 - INFO - Duplicate article skipped: Kashmir valley in grip of cold conditions, Pulwama coldest place - The Hindu from The Hindu
2025-12-04 09:33:25,465 - INFO - [Times of India] Article: https://timesofindia.indiatimes.com/world/us/greatest-scandals-of-all-time-scott-bessent-rips-nyt-for-alleged-trumps-fake-health-report-publication-hits-back/articleshow/125756260.cms
2025-12-04 09:33:25,465 - INFO - [Times of India] Attempt 1/1: Trying with 'selenium_browser' strategy...
2025-12-04 09:33:25,701 - INFO - [The Guardian] Article: https://www.theguardian.com/australia-news/2025/dec/04/man-pleads-not-guilty-over-allegedly-projecting-pro-palestine-messages-on-sydney-opera-house-forecourt-ntwnfb
2025-12-04 09:33:25,701 - INFO - [The Guardian] Attempt 1/1: Trying with 'requests_browser' strategy...
2025-12-04 09:33:25,730 - INFO - [The Hindu] Article: https://www.thehindu.com/news/cities/mumbai/mumbais-worli-houses-40-of-indias-entire-ultra-luxury-apartment-market-report/article70356719.ece
2025-12-04 09:33:25,730 - INFO - [The Hindu] Attempt 1/1: Trying with 'selenium_browser' strategy...
2025-12-04 09:33:25,737 - INFO - [The Guardian] Success with 'requests_browser'. Found content (629 words).
2025-12-04 09:33:25,803 - INFO - Duplicate article skipped: Man pleads not guilty over allegedly projecting pro-Palestine messages on Sydney Opera House forecourt | New South Wales | The Guardian from The Guardian
2025-12-04 09:33:27,240 - INFO - [The Hindu] Page content loaded.
2025-12-04 09:33:27,314 - INFO - [The Hindu] Success with 'selenium_browser'. Found content (429 words).
2025-12-04 09:33:27,455 - INFO - Duplicate article skipped: Mumbai’s Worli houses 40% of India’s entire ultra-luxury apartment market: Report - The Hindu from The Hindu
2025-12-04 09:33:28,883 - INFO - [The Hindu] Article: https://www.thehindu.com/news/national/karnataka/bengaluru-couple-working-as-drug-mules-held-with-186-crore-worth-hydro-ganja/article70356845.ece
2025-12-04 09:33:28,883 - INFO - [The Hindu] Attempt 1/1: Trying with 'selenium_browser' strategy...
2025-12-04 09:33:30,433 - INFO - [The Hindu] Page content loaded.
2025-12-04 09:33:30,517 - INFO - [The Hindu] Success with 'selenium_browser'. Found content (340 words).
2025-12-04 09:33:30,611 - INFO - Duplicate article skipped: Bengaluru couple working as drug mules held with ₹18.6-crore worth hydro ganja - The Hindu from The Hindu
2025-12-04 09:33:31,712 - INFO - [The Hindu] Article: https://www.thehindu.com/news/national/kerala/kerala-forest-departments-camera-traps-stolen-in-vaniyapara-wildlife-monitoring-hit/article70356867.ece
2025-12-04 09:33:31,712 - INFO - [The Hindu] Attempt 1/1: Trying with 'selenium_browser' strategy...
2025-12-04 09:33:43,528 - INFO - [The Hindu] Page content loaded.
2025-12-04 09:33:43,623 - INFO - [The Hindu] Success with 'selenium_browser'. Found content (255 words).
2025-12-04 09:33:43,720 - INFO - Duplicate article skipped: Kerala Forest department’s camera traps stolen in Vaniyapara; wildlife monitoring hit - The Hindu from The Hindu
2025-12-04 09:33:45,151 - INFO - [The Hindu] Article: https://www.thehindu.com/news/national/indian-national-freed-by-houthis-after-nearly-5-month-detention/article70356841.ece
2025-12-04 09:33:45,151 - INFO - [The Hindu] Attempt 1/1: Trying with 'selenium_browser' strategy...
2025-12-04 09:34:26,907 - INFO - [The Hindu] Page content loaded.
2025-12-04 09:34:26,984 - INFO - [The Hindu] Success with 'selenium_browser'. Found content (124 words).
2025-12-04 09:34:27,246 - INFO - Duplicate article skipped: Indian national freed by Houthis after nearly 5-month detention - The Hindu from The Hindu
2025-12-04 09:34:28,385 - INFO - [The Hindu] Article: https://www.thehindu.com/news/national/kerala/nearly-40-indigo-flights-to-and-from-kochi-airport-delayed-or-cancelled/article70356840.ece
2025-12-04 09:34:28,385 - INFO - [The Hindu] Attempt 1/1: Trying with 'selenium_browser' strategy...
2025-12-04 09:34:30,117 - INFO - [The Hindu] Page content loaded.
2025-12-04 09:34:30,181 - INFO - [The Hindu] Success with 'selenium_browser'. Found content (189 words).
2025-12-04 09:34:30,239 - INFO - Duplicate article skipped: Nearly 40 Indigo flights to and from Kochi airport delayed or cancelled - The Hindu from The Hindu
2025-12-04 09:34:30,924 - INFO - [The Hindu] Article: https://www.thehindu.com/news/national/bihar/land-for-jobs-scam-delhi-court-defers-order-on-framing-charges-against-lalu-prasad-others/article70356756.ece
2025-12-04 09:34:30,924 - INFO - [The Hindu] Attempt 1/1: Trying with 'selenium_browser' strategy...
2025-12-04 09:34:47,275 - INFO - [The Hindu] Page content loaded.
2025-12-04 09:34:47,354 - INFO - [The Hindu] Success with 'selenium_browser'. Found content (215 words).
2025-12-04 09:34:47,421 - INFO - Duplicate article skipped: Land for jobs 'scam': Delhi court defers order on framing charges against Lalu Prasad, others - The Hindu from The Hindu
2025-12-04 09:34:48,128 - INFO - [The Hindu] Article: https://www.thehindu.com/news/national/jharkhand/jharkhand-ponzi-case-ed-raids-in-three-cities-in-uttar-pradesh/article70356769.ece
2025-12-04 09:34:48,128 - INFO - [The Hindu] Attempt 1/1: Trying with 'selenium_browser' strategy...
2025-12-04 09:35:14,659 - INFO - [The Hindu] Page content loaded.
2025-12-04 09:35:14,733 - INFO - [The Hindu] Success with 'selenium_browser'. Found content (148 words).
2025-12-04 09:35:14,804 - INFO - Duplicate article skipped: Jharkhand ponzi case: ED raids in three cities in Uttar Pradesh - The Hindu from The Hindu
2025-12-04 09:35:15,559 - INFO - [The Hindu] Article: https://www.thehindu.com/news/national/new-barrier-less-highway-toll-collection-system-across-india-within-one-year-union-minister-gadkari/article70356708.ece
2025-12-04 09:35:15,559 - INFO - [The Hindu] Attempt 1/1: Trying with 'selenium_browser' strategy...
2025-12-04 09:35:25,566 - ERROR - [Times of India] Request failed for strategy 'selenium_browser' on URL https://timesofindia.indiatimes.com/world/us/greatest-scandals-of-all-time-scott-bessent-rips-nyt-for-alleged-trumps-fake-health-report-publication-hits-back/articleshow/125756260.cms: HTTPConnectionPool(host='localhost', port=39363): Read timed out. (read timeout=120)
2025-12-04 09:35:25,566 - ERROR - [Times of India] All scrape strategies failed for https://timesofindia.indiatimes.com/world/us/greatest-scandals-of-all-time-scott-bessent-rips-nyt-for-alleged-trumps-fake-health-report-publication-hits-back/articleshow/125756260.cms. Falling back to RSS description.
2025-12-04 09:35:25,567 - INFO - Duplicate article skipped: ‘Greatest scandals of all time’: Scott Bessent rips NYT for alleged Trump’s ‘fake’ health report; publication hits back from Times of India
2025-12-04 09:35:26,810 - INFO - [Times of India] Article: https://timesofindia.indiatimes.com/world/us/still-in-fight-new-details-emerge-about-sept-2-caribbean-strike-survivors-were-continuing-drug-mission/articleshow/125760290.cms
2025-12-04 09:35:26,810 - INFO - [Times of India] Attempt 1/1: Trying with 'selenium_browser' strategy...
2025-12-04 09:35:36,919 - INFO - [The Hindu] Page content loaded.
2025-12-04 09:35:37,009 - INFO - [The Hindu] Success with 'selenium_browser'. Found content (211 words).
2025-12-04 09:35:37,077 - INFO - Duplicate article skipped: New barrier-less highway toll collection system across India within one year: Union Minister Gadkari - The Hindu from The Hindu
2025-12-04 09:35:38,248 - INFO - [The Hindu] Article: https://www.thehindu.com/news/national/assam/pm-on-two-day-visit-to-assam-from-dec-20-cm-himanta-reviews-preparations/article70356724.ece
2025-12-04 09:35:38,248 - INFO - [The Hindu] Attempt 1/1: Trying with 'selenium_browser' strategy...
2025-12-04 09:35:55,017 - CRITICAL - --- TIMEOUT: 2 scrape jobs did not complete in 300s. ---
2025-12-04 09:35:55,018 - ERROR - A thread has timed out and will be abandoned.
2025-12-04 09:35:55,018 - ERROR - A thread has timed out and will be abandoned.
2025-12-04 09:35:55,018 - INFO - Shutting down thread pool (wait=False)...
2025-12-04 09:35:55,018 - INFO - Scraped: 1 The Guardian, 0 BBC, 2 Timed_Out_Jobs articles. (Total saved: 1)
2025-12-04 09:35:55,018 - INFO - --- Scraping job finished ---
2025-12-04 09:35:55,018 - INFO - --- Scraper service stopped and database connection closed. ---
2025-12-04 09:35:55,018 - INFO - --- Main thread finished. Forcing process exit to kill zombie threads. ---
