2026-05-21 20:21:02,889 - INFO - Loading AI Semantic Model (all-MiniLM-L6-v2)...
2026-05-21 20:21:02,890 - INFO - No device provided, using cpu
2026-05-21 20:21:02,952 - INFO - HTTP Request: HEAD https://huggingface.co/sentence-transformers/all-MiniLM-L6-v2/resolve/main/modules.json "HTTP/1.1 307 Temporary Redirect"
2026-05-21 20:21:02,953 - WARNING - Warning: You are sending unauthenticated requests to the HF Hub. Please set a HF_TOKEN to enable higher rate limits and faster downloads.
2026-05-21 20:21:02,959 - INFO - HTTP Request: HEAD https://huggingface.co/api/resolve-cache/models/sentence-transformers/all-MiniLM-L6-v2/c9745ed1d9f207416be6d2e6f8de32d1f16199bf/modules.json "HTTP/1.1 200 OK"
2026-05-21 20:21:02,979 - INFO - HTTP Request: HEAD https://huggingface.co/sentence-transformers/all-MiniLM-L6-v2/resolve/main/config_sentence_transformers.json "HTTP/1.1 307 Temporary Redirect"
2026-05-21 20:21:02,985 - INFO - HTTP Request: HEAD https://huggingface.co/api/resolve-cache/models/sentence-transformers/all-MiniLM-L6-v2/c9745ed1d9f207416be6d2e6f8de32d1f16199bf/config_sentence_transformers.json "HTTP/1.1 200 OK"
2026-05-21 20:21:02,986 - INFO - Loading SentenceTransformer model from sentence-transformers/all-MiniLM-L6-v2.
2026-05-21 20:21:03,007 - INFO - HTTP Request: HEAD https://huggingface.co/sentence-transformers/all-MiniLM-L6-v2/resolve/main/config_sentence_transformers.json "HTTP/1.1 307 Temporary Redirect"
2026-05-21 20:21:03,013 - INFO - HTTP Request: HEAD https://huggingface.co/api/resolve-cache/models/sentence-transformers/all-MiniLM-L6-v2/c9745ed1d9f207416be6d2e6f8de32d1f16199bf/config_sentence_transformers.json "HTTP/1.1 200 OK"
2026-05-21 20:21:03,031 - INFO - HTTP Request: HEAD https://huggingface.co/sentence-transformers/all-MiniLM-L6-v2/resolve/main/README.md "HTTP/1.1 307 Temporary Redirect"
2026-05-21 20:21:03,041 - INFO - HTTP Request: HEAD https://huggingface.co/api/resolve-cache/models/sentence-transformers/all-MiniLM-L6-v2/c9745ed1d9f207416be6d2e6f8de32d1f16199bf/README.md "HTTP/1.1 200 OK"
2026-05-21 20:21:03,058 - INFO - HTTP Request: HEAD https://huggingface.co/sentence-transformers/all-MiniLM-L6-v2/resolve/main/modules.json "HTTP/1.1 307 Temporary Redirect"
2026-05-21 20:21:03,066 - INFO - HTTP Request: HEAD https://huggingface.co/api/resolve-cache/models/sentence-transformers/all-MiniLM-L6-v2/c9745ed1d9f207416be6d2e6f8de32d1f16199bf/modules.json "HTTP/1.1 200 OK"
2026-05-21 20:21:03,085 - INFO - HTTP Request: HEAD https://huggingface.co/sentence-transformers/all-MiniLM-L6-v2/resolve/main/sentence_bert_config.json "HTTP/1.1 307 Temporary Redirect"
2026-05-21 20:21:03,092 - INFO - HTTP Request: HEAD https://huggingface.co/api/resolve-cache/models/sentence-transformers/all-MiniLM-L6-v2/c9745ed1d9f207416be6d2e6f8de32d1f16199bf/sentence_bert_config.json "HTTP/1.1 200 OK"
2026-05-21 20:21:03,114 - INFO - HTTP Request: HEAD https://huggingface.co/sentence-transformers/all-MiniLM-L6-v2/resolve/main/adapter_config.json "HTTP/1.1 404 Not Found"
2026-05-21 20:21:03,131 - INFO - HTTP Request: HEAD https://huggingface.co/sentence-transformers/all-MiniLM-L6-v2/resolve/main/config.json "HTTP/1.1 307 Temporary Redirect"
2026-05-21 20:21:03,138 - INFO - HTTP Request: HEAD https://huggingface.co/api/resolve-cache/models/sentence-transformers/all-MiniLM-L6-v2/c9745ed1d9f207416be6d2e6f8de32d1f16199bf/config.json "HTTP/1.1 200 OK"
2026-05-21 20:21:03,279 - INFO - HTTP Request: HEAD https://huggingface.co/sentence-transformers/all-MiniLM-L6-v2/resolve/main/processor_config.json "HTTP/1.1 404 Not Found"
2026-05-21 20:21:03,297 - INFO - HTTP Request: HEAD https://huggingface.co/sentence-transformers/all-MiniLM-L6-v2/resolve/main/preprocessor_config.json "HTTP/1.1 404 Not Found"
2026-05-21 20:21:03,324 - INFO - HTTP Request: HEAD https://huggingface.co/sentence-transformers/all-MiniLM-L6-v2/resolve/main/video_preprocessor_config.json "HTTP/1.1 404 Not Found"
2026-05-21 20:21:03,346 - INFO - HTTP Request: HEAD https://huggingface.co/sentence-transformers/all-MiniLM-L6-v2/resolve/main/preprocessor_config.json "HTTP/1.1 404 Not Found"
2026-05-21 20:21:03,364 - INFO - HTTP Request: HEAD https://huggingface.co/sentence-transformers/all-MiniLM-L6-v2/resolve/main/tokenizer_config.json "HTTP/1.1 307 Temporary Redirect"
2026-05-21 20:21:03,371 - INFO - HTTP Request: HEAD https://huggingface.co/api/resolve-cache/models/sentence-transformers/all-MiniLM-L6-v2/c9745ed1d9f207416be6d2e6f8de32d1f16199bf/tokenizer_config.json "HTTP/1.1 200 OK"
2026-05-21 20:21:03,389 - INFO - HTTP Request: HEAD https://huggingface.co/sentence-transformers/all-MiniLM-L6-v2/resolve/main/config.json "HTTP/1.1 307 Temporary Redirect"
2026-05-21 20:21:03,396 - INFO - HTTP Request: HEAD https://huggingface.co/api/resolve-cache/models/sentence-transformers/all-MiniLM-L6-v2/c9745ed1d9f207416be6d2e6f8de32d1f16199bf/config.json "HTTP/1.1 200 OK"
2026-05-21 20:21:03,418 - INFO - HTTP Request: HEAD https://huggingface.co/sentence-transformers/all-MiniLM-L6-v2/resolve/main/config.json "HTTP/1.1 307 Temporary Redirect"
2026-05-21 20:21:03,425 - INFO - HTTP Request: HEAD https://huggingface.co/api/resolve-cache/models/sentence-transformers/all-MiniLM-L6-v2/c9745ed1d9f207416be6d2e6f8de32d1f16199bf/config.json "HTTP/1.1 200 OK"
2026-05-21 20:21:03,444 - INFO - HTTP Request: HEAD https://huggingface.co/sentence-transformers/all-MiniLM-L6-v2/resolve/main/tokenizer_config.json "HTTP/1.1 307 Temporary Redirect"
2026-05-21 20:21:03,452 - INFO - HTTP Request: HEAD https://huggingface.co/api/resolve-cache/models/sentence-transformers/all-MiniLM-L6-v2/c9745ed1d9f207416be6d2e6f8de32d1f16199bf/tokenizer_config.json "HTTP/1.1 200 OK"
2026-05-21 20:21:03,473 - INFO - HTTP Request: GET https://huggingface.co/api/models/sentence-transformers/all-MiniLM-L6-v2/tree/main/additional_chat_templates?recursive=false&expand=false "HTTP/1.1 404 Not Found"
2026-05-21 20:21:03,495 - INFO - HTTP Request: GET https://huggingface.co/api/models/sentence-transformers/all-MiniLM-L6-v2/tree/main?recursive=true&expand=false "HTTP/1.1 200 OK"
2026-05-21 20:21:03,549 - INFO - HTTP Request: HEAD https://huggingface.co/sentence-transformers/all-MiniLM-L6-v2/resolve/main/1_Pooling/config.json "HTTP/1.1 307 Temporary Redirect"
2026-05-21 20:21:03,557 - INFO - HTTP Request: HEAD https://huggingface.co/api/resolve-cache/models/sentence-transformers/all-MiniLM-L6-v2/c9745ed1d9f207416be6d2e6f8de32d1f16199bf/1_Pooling%2Fconfig.json "HTTP/1.1 200 OK"
2026-05-21 20:21:03,580 - INFO - HTTP Request: GET https://huggingface.co/api/models/sentence-transformers/all-MiniLM-L6-v2 "HTTP/1.1 200 OK"
2026-05-21 20:21:03,583 - INFO - AI Model loaded successfully.
2026-05-21 20:21:03,583 - INFO - --- Scraper service started (CI Mode: Run Once) ---
2026-05-21 20:21:03,583 - INFO - --- Starting new scraping job (Parallel Mode) ---
2026-05-21 20:21:03,583 - INFO - Connecting to Google Sheets...
2026-05-21 20:21:04,441 - INFO - Connected to Sheet: News Scrapper AI / Sheet1
2026-05-21 20:21:04,441 - INFO - Fetching existing data to build cache...
2026-05-21 20:21:26,256 - INFO - Loaded 60612 rows from sheet.
2026-05-21 20:21:27,356 - INFO - Cache built: 60612 URLs. Current MAX_ID: 60714
2026-05-21 20:21:27,362 - INFO - Creating new robust session with 3 retries on 5xx/connection/read errors.
2026-05-21 20:21:27,363 - INFO - Proxy is DISABLED.
2026-05-21 20:21:27,363 - INFO - Starting scrape for BBC RSS feed: http://feeds.bbci.co.uk/news/world/rss.xml
2026-05-21 20:21:27,363 - INFO - [Times of India] (Thread) requires Selenium. Initializing driver...
2026-05-21 20:21:27,364 - INFO - Starting scrape for The Guardian RSS feed: https://www.theguardian.com/world/rss
2026-05-21 20:21:27,366 - INFO - [The Hindu] (Thread) requires Selenium. Initializing driver...
2026-05-21 20:21:27,366 - INFO - [The Dawn] (Thread) requires Selenium. Initializing driver...
2026-05-21 20:21:27,367 - INFO - [Al Jazeera] (Thread) requires Selenium. Initializing driver...
2026-05-21 20:21:27,367 - INFO - Starting scrape for TechCrunch RSS feed: https://techcrunch.com/feed/
2026-05-21 20:21:27,369 - INFO - [Economic Times] (Thread) requires Selenium. Initializing driver...
2026-05-21 20:21:27,369 - INFO - Submitted 8 jobs to thread pool. Waiting up to 420s for completion...
2026-05-21 20:21:27,539 - INFO - Found 45 articles in The Guardian RSS feed. Processing until 30 new articles are saved.
2026-05-21 20:21:27,540 - INFO - [The Guardian] Early skip: URL https://www.theguardian.com/global-development/2026/may/21/ebola-us-ban-travellers-drc-uganda-south-sudan already exists.
2026-05-21 20:21:27,541 - INFO - [The Guardian] Early skip: URL https://www.theguardian.com/news/2026/may/21/macron-pressure-reparatory-justice-france-slave-trade-legacies-enslavement already exists.
2026-05-21 20:21:27,543 - INFO - [The Guardian] Early skip: URL https://www.theguardian.com/world/2026/may/21/ebola-outbreak-public-health already exists.
2026-05-21 20:21:27,544 - INFO - [The Guardian] Early skip: URL https://www.theguardian.com/world/2026/may/20/ebola-outbreak-us-doctor-germany already exists.
2026-05-21 20:21:27,545 - INFO - [The Guardian] Early skip: URL https://www.theguardian.com/us-news/2026/may/19/marco-rubio-who-ebola already exists.
2026-05-21 20:21:27,546 - INFO - [The Guardian] Early skip: URL https://www.theguardian.com/world/2026/may/21/cuba-us-attack-raul-castro-indictment already exists.
2026-05-21 20:21:27,548 - INFO - [The Guardian] Early skip: URL https://www.theguardian.com/news/2026/may/21/jamaica-parliament-language-english-patois already exists.
2026-05-21 20:21:27,549 - INFO - [The Guardian] Early skip: URL https://www.theguardian.com/world/2026/may/21/colombia-climate-crossroads-trumpism-casts-shadow-presidential-election already exists.
2026-05-21 20:21:27,551 - INFO - [The Guardian] Early skip: URL https://www.theguardian.com/world/2026/may/20/cuba-raul-castro-indictment already exists.
2026-05-21 20:21:27,553 - INFO - [The Guardian] Early skip: URL https://www.theguardian.com/world/2026/may/20/bolivia-protests-coup-paz-pereira already exists.
2026-05-21 20:21:27,559 - INFO - [The Guardian] Early skip: URL https://www.theguardian.com/world/2026/may/21/png-dead-fish-dying-new-ireland-province-fishing-warning-papua-new-guinea already exists.
2026-05-21 20:21:27,561 - INFO - [The Guardian] Article: https://www.theguardian.com/news/audio/2026/may/20/are-xi-and-putin-still-best-friends-the-latest
2026-05-21 20:21:27,562 - INFO - [The Guardian] Attempt 1/1: Trying with 'requests_browser' strategy...
2026-05-21 20:21:27,599 - INFO - Found 0 articles in TechCrunch RSS feed. Processing until 30 new articles are saved.
2026-05-21 20:21:27,739 - WARNING - [The Guardian] FAILED with 'requests_browser' (content was too short: 75 words).
2026-05-21 20:21:27,739 - ERROR - [The Guardian] All scrape strategies failed for https://www.theguardian.com/news/audio/2026/may/20/are-xi-and-putin-still-best-friends-the-latest. Falling back to RSS description.
2026-05-21 20:21:27,739 - WARNING - SKIPPED (GLOBAL WORD LIMIT): Article 'Are Xi and Putin still ‘best friends’? – The Latest' from The Guardian has only 62 words (Min: 90).
2026-05-21 20:21:27,812 - INFO - Found 40 articles in BBC RSS feed. Processing until 30 new articles are saved.
2026-05-21 20:21:27,812 - INFO - [BBC] Early skip: URL https://www.bbc.com/news/articles/cq5py64gvwzo?at_medium=RSS&at_campaign=rss already exists.
2026-05-21 20:21:27,813 - INFO - [BBC] Early skip: URL https://www.bbc.com/news/articles/c9d3v2d6p1eo?at_medium=RSS&at_campaign=rss already exists.
2026-05-21 20:21:27,815 - INFO - [BBC] Early skip: URL https://www.bbc.com/news/articles/clype0x7pkgo?at_medium=RSS&at_campaign=rss already exists.
2026-05-21 20:21:27,818 - INFO - [BBC] Article: https://www.bbc.com/news/articles/c9wex9v57ndo?at_medium=RSS&at_campaign=rss
2026-05-21 20:21:27,818 - INFO - [BBC] Attempt 1/1: Trying with 'requests_browser' strategy...
2026-05-21 20:21:28,001 - INFO - [BBC] Success with 'requests_browser'. Found content (212 words).
2026-05-21 20:21:28,948 - INFO - [The Guardian] Early skip: URL https://www.theguardian.com/australia-news/2026/may/21/indefensible-alleged-child-abuse-survivor-takes-on-albanese-government-over-25bn-nauru-deal already exists.
2026-05-21 20:21:28,949 - INFO - [The Guardian] Early skip: URL https://www.theguardian.com/world/2026/may/20/how-xi-jinping-china-welcomed-donald-trump-vladimir-putin already exists.
2026-05-21 20:21:28,950 - INFO - [The Guardian] Early skip: URL https://www.theguardian.com/world/2026/may/20/wellington-sewage-spill-moa-point-update-six-month-wait already exists.
2026-05-21 20:21:28,952 - INFO - [The Guardian] Article: https://www.theguardian.com/australia-news/2026/may/22/feral-horse-numbers-surge-in-kosciuszko-national-park-after-pause-in-aerial-culling-survey-shows
2026-05-21 20:21:28,952 - INFO - [The Guardian] Attempt 1/1: Trying with 'requests_browser' strategy...
2026-05-21 20:21:29,077 - INFO - [The Guardian] Success with 'requests_browser'. Found content (436 words).
2026-05-21 20:21:30,204 - INFO - Selenium driver initialized successfully (Eager load strategy, 7s timeout).
2026-05-21 20:21:30,204 - INFO - Starting scrape for The Dawn RSS feed: https://www.dawn.com/feeds/home
2026-05-21 20:21:30,216 - INFO - Selenium driver initialized successfully (Eager load strategy, 7s timeout).
2026-05-21 20:21:30,216 - INFO - Starting scrape for Al Jazeera RSS feed: https://www.aljazeera.com/xml/rss/all.xml
2026-05-21 20:21:30,241 - INFO - Selenium driver initialized successfully (Eager load strategy, 7s timeout).
2026-05-21 20:21:30,241 - INFO - Starting scrape for Times of India RSS feed: https://timesofindia.indiatimes.com/rssfeeds/296589292.cms
2026-05-21 20:21:30,342 - INFO - Selenium driver initialized successfully (Eager load strategy, 7s timeout).
2026-05-21 20:21:30,343 - INFO - Starting scrape for The Hindu RSS feed: https://www.thehindu.com/news/national/feeder/default.rss
2026-05-21 20:21:30,347 - INFO - Selenium driver initialized successfully (Eager load strategy, 7s timeout).
2026-05-21 20:21:30,347 - INFO - Starting scrape for Economic Times RSS feed: https://economictimes.indiatimes.com/rssfeedsdefault.cms
2026-05-21 20:21:30,379 - INFO - Found 20 articles in Times of India RSS feed. Processing until 30 new articles are saved.
2026-05-21 20:21:30,379 - INFO - [Times of India] Article: https://timesofindia.indiatimes.com/world/us-streamers/81-year-old-minecraft-streamer-grammacrackers-swatted-during-cancer-fundraiser-stream/articleshow/131251666.cms
2026-05-21 20:21:30,379 - INFO - [Times of India] Attempt 1/1: Trying with 'selenium_browser' strategy...
2026-05-21 20:21:30,387 - INFO - Found 25 articles in Al Jazeera RSS feed. Processing until 30 new articles are saved.
2026-05-21 20:21:30,388 - INFO - [Al Jazeera] Article: https://www.aljazeera.com/news/2026/5/21/us-sanctions-elected-hezbollah-mps-and-lebanese-security-officials?traffic_source=rss
2026-05-21 20:21:30,388 - INFO - [Al Jazeera] Attempt 1/2: Trying with 'requests_browser' strategy...
2026-05-21 20:21:30,448 - INFO - [Al Jazeera] Success with 'requests_browser'. Found content (802 words).
2026-05-21 20:21:30,450 - INFO - Found 27 articles in The Dawn RSS feed. Processing until 30 new articles are saved.
2026-05-21 20:21:30,458 - INFO - [The Dawn] Early skip: URL https://www.dawn.com/news/2002065/security-forces-kill-23-terrorists-in-multiple-khyber-pakhtunkhwa-ibos-ispr already exists.
2026-05-21 20:21:30,464 - INFO - [The Dawn] Early skip: URL https://www.dawn.com/news/2002044/pm-shehbaz-lauds-steadfast-pak-china-friendship-says-beijing-supported-islamabad-in-unwavering-fashion already exists.
2026-05-21 20:21:30,471 - INFO - [The Dawn] Early skip: URL https://www.dawn.com/news/2002072/educationist-who-fled-occupied-kashmir-fights-for-his-life-after-targeted-attack already exists.
2026-05-21 20:21:30,479 - INFO - [The Dawn] Article: https://www.dawn.com/news/2002064/sialkot-authorities-on-alert-as-india-opens-spillway-gates-of-dam-on-chenab-river
2026-05-21 20:21:30,479 - INFO - [The Dawn] Attempt 1/2: Trying with 'requests_browser' strategy...
2026-05-21 20:21:30,555 - INFO - [The Dawn] Success with 'requests_browser'. Found content (353 words).
2026-05-21 20:21:30,674 - INFO - Found 60 articles in The Hindu RSS feed. Processing until 30 new articles are saved.
2026-05-21 20:21:30,674 - INFO - [The Hindu] Article: https://www.thehindu.com/news/national/bangladesh-china-talks-underway-for-tarique-rahmans-first-foreign-visit/article71007910.ece
2026-05-21 20:21:30,675 - INFO - [The Hindu] Attempt 1/1: Trying with 'selenium_browser' strategy...
2026-05-21 20:21:30,829 - INFO - Found 76 articles in Economic Times RSS feed. Processing until 30 new articles are saved.
2026-05-21 20:21:30,831 - INFO - [Economic Times] Article: https://economictimes.indiatimes.com/markets/us-stocks/news/us-stocks-today-sp-500-rises-as-investors-focus-on-mideast-peace-hopes-as-oil-prices-dip/articleshow/131251779.cms
2026-05-21 20:21:30,831 - INFO - [Economic Times] Attempt 1/2: Trying with 'requests_browser' strategy...
2026-05-21 20:21:31,129 - ERROR - parsed tree length: 1, wrong data type or not valid HTML
2026-05-21 20:21:31,130 - ERROR - empty HTML tree: None
2026-05-21 20:21:31,130 - WARNING - discarding data: None
2026-05-21 20:21:31,130 - WARNING - [Economic Times] FAILED with 'requests_browser' (content was too short: 0 words).
2026-05-21 20:21:31,331 - INFO - [Times of India] Page content loaded.
2026-05-21 20:21:31,436 - INFO - [The Hindu] Page content loaded.
2026-05-21 20:21:31,644 - INFO - [Times of India] Success with 'selenium_browser'. Found content (394 words).
2026-05-21 20:21:31,673 - INFO - [The Hindu] Success with 'selenium_browser'. Found content (306 words).
2026-05-21 20:21:31,786 - INFO - [Economic Times] Article: https://economictimes.indiatimes.com/markets/us-stocks/news/us-stocks-today-sp-500-rises-as-investors-focus-on-mideast-peace-hopes-as-oil-prices-dip/articleshow/131251779.cms
2026-05-21 20:21:31,793 - INFO - [Economic Times] Attempt 2/2: Trying with 'selenium_browser' strategy...
2026-05-21 20:21:32,882 - INFO - [Economic Times] Page content loaded.
2026-05-21 20:21:33,222 - INFO - [Economic Times] Success with 'selenium_browser'. Found content (478 words).
2026-05-21 20:22:00,064 - INFO - >>> SUCCESSFULLY SAVED [ID: 60715] - Mother arrested after boys abandoned by road in Portugal from BBC (212 words)
2026-05-21 20:22:01,321 - INFO - [BBC] Early skip: URL https://www.bbc.com/news/articles/czd2qmdvmq6o?at_medium=RSS&at_campaign=rss already exists.
2026-05-21 20:22:01,322 - INFO - [BBC] Early skip: URL https://www.bbc.com/news/articles/cm2pj07dr7lo?at_medium=RSS&at_campaign=rss already exists.
2026-05-21 20:22:01,323 - INFO - [BBC] Early skip: URL https://www.bbc.com/news/articles/cx21g1pdm92o?at_medium=RSS&at_campaign=rss already exists.
2026-05-21 20:22:01,325 - INFO - [BBC] Early skip: URL https://www.bbc.com/news/articles/cj9prkzwr8vo?at_medium=RSS&at_campaign=rss already exists.
2026-05-21 20:22:01,326 - INFO - [BBC] Early skip: URL https://www.bbc.com/news/articles/c759x9pq3dpo?at_medium=RSS&at_campaign=rss already exists.
2026-05-21 20:22:01,327 - INFO - [BBC] Early skip: URL https://www.bbc.com/news/articles/c8d80856q2go?at_medium=RSS&at_campaign=rss already exists.
2026-05-21 20:22:01,329 - INFO - [BBC] Early skip: URL https://www.bbc.com/news/articles/cwy2g197dp8o?at_medium=RSS&at_campaign=rss already exists.
2026-05-21 20:22:01,330 - INFO - [BBC] Early skip: URL https://www.bbc.com/news/articles/cy82y34y101o?at_medium=RSS&at_campaign=rss already exists.
2026-05-21 20:22:01,331 - INFO - [BBC] Early skip: URL https://www.bbc.com/news/articles/c78qv3w4xzqo?at_medium=RSS&at_campaign=rss already exists.
2026-05-21 20:22:01,332 - INFO - [BBC] Early skip: URL https://www.bbc.com/news/articles/cn9pzjvly53o?at_medium=RSS&at_campaign=rss already exists.
2026-05-21 20:22:01,334 - INFO - [BBC] Early skip: URL https://www.bbc.com/news/articles/cwy2g09yvgmo?at_medium=RSS&at_campaign=rss already exists.
2026-05-21 20:22:01,335 - INFO - [BBC] Early skip: URL https://www.bbc.com/news/articles/cwy21541dz4o?at_medium=RSS&at_campaign=rss already exists.
2026-05-21 20:22:01,336 - INFO - [BBC] Early skip: URL https://www.bbc.com/news/articles/cjep1wx7w0ko?at_medium=RSS&at_campaign=rss already exists.
2026-05-21 20:22:01,337 - INFO - [BBC] Early skip: URL https://www.bbc.com/news/articles/c62xrkre9vzo?at_medium=RSS&at_campaign=rss already exists.
2026-05-21 20:22:01,339 - INFO - [BBC] Early skip: URL https://www.bbc.com/news/articles/ckgpy2ze3q1o?at_medium=RSS&at_campaign=rss already exists.
2026-05-21 20:22:01,340 - INFO - [BBC] Early skip: URL https://www.bbc.com/news/articles/c072x1kml44o?at_medium=RSS&at_campaign=rss already exists.
2026-05-21 20:22:01,341 - INFO - [BBC] Early skip: URL https://www.bbc.com/news/articles/c9d3vpqqqpeo?at_medium=RSS&at_campaign=rss already exists.
2026-05-21 20:22:01,342 - INFO - [BBC] Early skip: URL https://www.bbc.com/news/articles/cpdp6y37zn6o?at_medium=RSS&at_campaign=rss already exists.
2026-05-21 20:22:01,344 - INFO - [BBC] Early skip: URL https://www.bbc.com/news/articles/cvgzrgm0rgvo?at_medium=RSS&at_campaign=rss already exists.
2026-05-21 20:22:01,345 - INFO - [BBC] Early skip: URL https://www.bbc.com/news/articles/cze28ex3lexo?at_medium=RSS&at_campaign=rss already exists.
2026-05-21 20:22:01,346 - INFO - [BBC] Early skip: URL https://www.bbc.com/news/articles/cdjpn378mvvo?at_medium=RSS&at_campaign=rss already exists.
2026-05-21 20:22:01,347 - INFO - [BBC] Early skip: URL https://www.bbc.com/news/articles/c1k2lmmjvzxo?at_medium=RSS&at_campaign=rss already exists.
2026-05-21 20:22:01,349 - INFO - [BBC] Early skip: URL https://www.bbc.com/news/articles/c4g04qkqlk2o?at_medium=RSS&at_campaign=rss already exists.
2026-05-21 20:22:01,350 - INFO - [BBC] Early skip: URL https://www.bbc.com/news/articles/cz72p75zg4qo?at_medium=RSS&at_campaign=rss already exists.
2026-05-21 20:22:01,351 - INFO - [BBC] Early skip: URL https://www.bbc.com/news/articles/c8r8me3nlllo?at_medium=RSS&at_campaign=rss already exists.
2026-05-21 20:22:01,352 - INFO - [BBC] Early skip: URL https://www.bbc.com/news/articles/cdjpng88d2vo?at_medium=RSS&at_campaign=rss already exists.
2026-05-21 20:22:01,353 - INFO - [BBC] Early skip: URL https://www.bbc.com/news/articles/c0q25dwj807o?at_medium=RSS&at_campaign=rss already exists.
2026-05-21 20:22:01,354 - INFO - [BBC] Early skip: URL https://www.bbc.com/news/articles/cg4pnp0gdlko?at_medium=RSS&at_campaign=rss already exists.
2026-05-21 20:22:01,356 - INFO - [BBC] Early skip: URL https://www.bbc.com/news/articles/cy72v488g4go?at_medium=RSS&at_campaign=rss already exists.
2026-05-21 20:22:01,357 - INFO - [BBC] Early skip: URL https://www.bbc.com/news/articles/cz92j3n3jvvo?at_medium=RSS&at_campaign=rss already exists.
2026-05-21 20:22:01,358 - INFO - [BBC] Early skip: URL https://www.bbc.com/news/videos/cy529g5lnleo?at_medium=RSS&at_campaign=rss already exists.
2026-05-21 20:22:01,359 - INFO - [BBC] Early skip: URL https://www.bbc.com/news/videos/cj3pvglp3vzo?at_medium=RSS&at_campaign=rss already exists.
2026-05-21 20:22:01,361 - INFO - [BBC] Article: https://www.bbc.com/news/videos/crmplvm3vreo?at_medium=RSS&at_campaign=rss
2026-05-21 20:22:01,361 - INFO - [BBC] Attempt 1/1: Trying with 'requests_browser' strategy...
2026-05-21 20:22:01,433 - WARNING - [BBC] FAILED with 'requests_browser' (content was too short: 88 words).
2026-05-21 20:22:01,433 - ERROR - [BBC] All scrape strategies failed for https://www.bbc.com/news/videos/crmplvm3vreo?at_medium=RSS&at_campaign=rss. Falling back to RSS description.
2026-05-21 20:22:01,433 - WARNING - SKIPPED (GLOBAL WORD LIMIT): Article 'New video captures engine ripping off cargo plane in deadly Kentucky crash' from BBC has only 22 words (Min: 90).
2026-05-21 20:22:02,355 - INFO - [BBC] Early skip: URL https://www.bbc.com/news/videos/cx21y59q35wo?at_medium=RSS&at_campaign=rss already exists.
2026-05-21 20:22:02,357 - INFO - [BBC] Article: https://www.bbc.com/news/videos/ckgpxp9wlqpo?at_medium=RSS&at_campaign=rss
2026-05-21 20:22:02,357 - INFO - [BBC] Attempt 1/1: Trying with 'requests_browser' strategy...
2026-05-21 20:22:02,407 - INFO - [BBC] Success with 'requests_browser'. Found content (110 words).
2026-05-21 20:22:14,626 - INFO - >>> SUCCESSFULLY SAVED [ID: 60716] - Feral horse numbers surge in Kosciuszko national park after pause in aerial culling, survey shows | New South Wales | The Guardian from The Guardian (436 words)
2026-05-21 20:22:15,932 - INFO - [The Guardian] Early skip: URL https://www.theguardian.com/technology/2026/may/22/wisetech-redundancies-australia-omits-ai-from-emails-to-chinese-employees already exists.
2026-05-21 20:22:15,933 - INFO - [The Guardian] Early skip: URL https://www.theguardian.com/australia-news/2026/may/22/one-nation-australia-national-expansion-risks-dissolution-of-branches-pauline-hanson-ntwnfb already exists.
2026-05-21 20:22:15,935 - INFO - [The Guardian] Early skip: URL https://www.theguardian.com/australia-news/2026/may/22/australia-negative-gearing-capital-gains-tax-housing-community-groups-urge-mps already exists.
2026-05-21 20:22:15,936 - INFO - [The Guardian] Early skip: URL https://www.theguardian.com/australia-news/2026/may/21/pauline-hanson-announces-norway-inspired-gas-policy-as-she-decries-25-export-tax-as-economic-vandalism already exists.
2026-05-21 20:22:15,937 - INFO - [The Guardian] Article: https://www.theguardian.com/world/2026/may/21/greenland-trump-us-envoy-jeff-landry-visit
2026-05-21 20:22:15,937 - INFO - [The Guardian] Attempt 1/1: Trying with 'requests_browser' strategy...
2026-05-21 20:22:16,105 - INFO - [The Guardian] Success with 'requests_browser'. Found content (868 words).
2026-05-21 20:22:29,093 - INFO - >>> SUCCESSFULLY SAVED [ID: 60717] - US sanctions elected Hezbollah MPs and Lebanese security officials | Hezbollah News | Al Jazeera from Al Jazeera (802 words)
2026-05-21 20:22:30,411 - INFO - [Al Jazeera] Article: https://www.aljazeera.com/sports/2026/5/21/fans-create-ai-generated-team-songs-ahead-of-world-cup-2026?traffic_source=rss
2026-05-21 20:22:30,412 - INFO - [Al Jazeera] Attempt 1/2: Trying with 'requests_browser' strategy...
2026-05-21 20:22:30,446 - INFO - [Al Jazeera] Success with 'requests_browser'. Found content (765 words).
2026-05-21 20:22:43,666 - INFO - >>> SUCCESSFULLY SAVED [ID: 60718] - Sialkot authorities on alert as India opens spillway gates of dam on Chenab River - Pakistan - DAWN.COM from The Dawn (353 words)
2026-05-21 20:22:44,673 - INFO - [The Dawn] Early skip: URL https://www.dawn.com/news/2002030/israel-deports-all-foreign-gaza-flotilla-activists already exists.
2026-05-21 20:22:44,676 - INFO - [The Dawn] Article: https://www.dawn.com/news/2002063/patient-tests-hiv-positive-after-surgery-triggering-probe-at-multans-nishtar-hospital
2026-05-21 20:22:44,677 - INFO - [The Dawn] Attempt 1/2: Trying with 'requests_browser' strategy...
2026-05-21 20:22:44,721 - INFO - [The Dawn] Success with 'requests_browser'. Found content (466 words).
2026-05-21 20:22:58,628 - INFO - >>> SUCCESSFULLY SAVED [ID: 60719] - Grammacrackers: 81-year-old Minecraft streamer GrammaCrackers swatted during cancer fundraiser stream - The Times of India from Times of India (394 words)
2026-05-21 20:22:59,968 - INFO - [Times of India] Article: https://timesofindia.indiatimes.com/world/us/elon-musk-agrees-with-what-jeff-bezos-says-on-charity-if-i-do-my-job-right-/articleshow/131251481.cms
2026-05-21 20:22:59,968 - INFO - [Times of India] Attempt 1/1: Trying with 'selenium_browser' strategy...
2026-05-21 20:23:01,683 - INFO - [Times of India] Page content loaded.
2026-05-21 20:23:01,921 - INFO - [Times of India] Success with 'selenium_browser'. Found content (324 words).
2026-05-21 20:23:18,462 - INFO - >>> SUCCESSFULLY SAVED [ID: 60720] - Bangladesh-China talks underway for Tarique Rahman’s first foreign visit - The Hindu from The Hindu (306 words)
2026-05-21 20:23:19,083 - INFO - [The Hindu] Article: https://www.thehindu.com/news/national/kerala/periye-case-five-convicts-release-on-parole-home-minister-demands-report/article71006323.ece
2026-05-21 20:23:19,083 - INFO - [The Hindu] Attempt 1/1: Trying with 'selenium_browser' strategy...
2026-05-21 20:23:20,314 - INFO - [The Hindu] Page content loaded.
2026-05-21 20:23:20,464 - INFO - [The Hindu] Success with 'selenium_browser'. Found content (469 words).
2026-05-21 20:23:35,908 - INFO - >>> SUCCESSFULLY SAVED [ID: 60721] - US stocks today: S&P 500 rises on Mideast peace hopes as oil prices dip - The Economic Times from Economic Times (478 words)
2026-05-21 20:23:36,780 - INFO - [Economic Times] Early skip: URL https://economictimes.indiatimes.com/markets/stocks/news/paytm-block-deal-saif-partners-others-to-likely-sell-stake-worth-rs-963-crore-says-report/articleshow/131249317.cms already exists.
2026-05-21 20:23:36,781 - INFO - [Economic Times] Early skip: URL https://economictimes.indiatimes.com/markets/stocks/news/over-15-mf-schemes-cut-exposure-to-these-10-stocks-in-april-26-do-you-own-any/slideshow/131243942.cms already exists.
2026-05-21 20:23:36,782 - INFO - [Economic Times] Early skip: URL https://economictimes.indiatimes.com/markets/stocks/news/sebi-proposes-changes-to-pre-open-listing-session-of-ipos-for-better-price-discovery/articleshow/131247339.cms already exists.
2026-05-21 20:23:36,784 - INFO - [Economic Times] Early skip: URL https://economictimes.indiatimes.com/markets/stocks/earnings/honasa-consumer-q4-results-profit-more-than-doubles-to-rs-69-cr-co-declares-rs-3-dividend/articleshow/131247398.cms already exists.
2026-05-21 20:23:36,785 - INFO - [Economic Times] Early skip: URL https://economictimes.indiatimes.com/markets/stocks/news/lic-announces-11-bonus-issue-sets-may-29-as-record-date/articleshow/131247457.cms already exists.
2026-05-21 20:23:36,786 - INFO - [Economic Times] Early skip: URL https://economictimes.indiatimes.com/news/economy/indicators/india-needs-to-raise-rd-spending-to-2-pc-of-gdp-by-2035-to-boost-manufacturing-report/articleshow/131225768.cms already exists.
2026-05-21 20:23:36,787 - INFO - [Economic Times] Early skip: URL https://economictimes.indiatimes.com/news/economy/indicators/why-cea-anantha-nageswaran-says-india-is-facing-a-live-balance-of-payments-stress-test/articleshow/131221828.cms already exists.
2026-05-21 20:23:36,789 - INFO - [Economic Times] Early skip: URL https://economictimes.indiatimes.com/news/economy/policy/rbi-draft-for-upper-layer-non-banks-affects-cics-disproportionately-raises-compliances-costs/articleshow/130394099.cms already exists.
2026-05-21 20:23:36,791 - INFO - [Economic Times] Early skip: URL https://economictimes.indiatimes.com/news/economy/foreign-trade/exporters-seek-removal-of-cap-on-interest-subvention/articleshow/130341339.cms already exists.
2026-05-21 20:23:36,792 - INFO - [Economic Times] Early skip: URL https://economictimes.indiatimes.com/news/economy/indicators/macro-buffers-to-help-india-tide-over-gulf-crisis-world-bank/articleshow/130152815.cms already exists.
2026-05-21 20:23:36,793 - INFO - [Economic Times] Early skip: URL https://economictimes.indiatimes.com/news/economy/policy/rbi-holds-repo-rate-flags-supply-chain-risks-to-inflation-growth/articleshow/130123373.cms already exists.
2026-05-21 20:23:36,795 - INFO - [Economic Times] Early skip: URL https://economictimes.indiatimes.com/tech/technology/apple-faces-indian-engineers-bias-lawsuit/articleshow/81694292.cms already exists.
2026-05-21 20:23:36,796 - INFO - [Economic Times] Early skip: URL https://economictimes.indiatimes.com/news/defence/despite-transatlantic-love-fest-eu-charts-third-way-in-ties-with-us-and-china/articleshow/81467467.cms already exists.
2026-05-21 20:23:36,797 - INFO - [Economic Times] Early skip: URL https://economictimes.indiatimes.com/tech/tech-bytes/twitters-india-policy-head-to-step-down-will-transition-in-march/articleshow/80732868.cms already exists.
2026-05-21 20:23:36,798 - INFO - [Economic Times] Early skip: URL https://economictimes.indiatimes.com/tech/tech-and-gadgets/govt-may-keep-rs-7500-cr-outlay-for-it-hardware-manufacturing-under-pli-scheme/articleshow/80333429.cms already exists.
2026-05-21 20:23:36,799 - INFO - [Economic Times] Early skip: URL https://economictimes.indiatimes.com/tech/technology/indian-dating-apps-services-see-surge-of-paying-users-in-small-cities/articleshow/80063342.cms already exists.
2026-05-21 20:23:36,801 - INFO - [Economic Times] Early skip: URL https://economictimes.indiatimes.com/tech/technology/time-for-govt-cos-to-adopt-ai-deloitte-india/articleshow/79981215.cms already exists.
2026-05-21 20:23:36,802 - INFO - [Economic Times] Early skip: URL https://economictimes.indiatimes.com/news/new-updates/iran-fires-a-fresh-threat-after-oil-your-insta-reels-amazon-deliveries-whatsapp-chats-and-netflix-streams-could-be-the-next-target/articleshow/131165610.cms already exists.
2026-05-21 20:23:36,803 - INFO - [Economic Times] Early skip: URL https://economictimes.indiatimes.com/news/international/global-trends/how-china-may-have-made-lifelong-teetotaler-trump-sip-alcohol/articleshow/131112219.cms already exists.
2026-05-21 20:23:36,804 - INFO - [Economic Times] Early skip: URL https://economictimes.indiatimes.com/news/international/world-news/chinas-marriages-drop-to-decade-low-deepening-demographic-concerns/articleshow/131010156.cms already exists.
2026-05-21 20:23:36,807 - INFO - [Economic Times] Early skip: URL https://economictimes.indiatimes.com/news/international/world-news/us-iran-no-closer-to-ending-war-as-qatari-tanker-sails-toward-strait-of-hormuz/articleshow/130998526.cms already exists.
2026-05-21 20:23:36,808 - INFO - [Economic Times] Early skip: URL https://economictimes.indiatimes.com/news/international/global-trends/u-s-employers-added-a-surprising-115000-jobs-last-month-despite-the-economic-shock-from-iran-war/articleshow/130960476.cms already exists.
2026-05-21 20:23:36,809 - INFO - [Economic Times] Early skip: URL https://economictimes.indiatimes.com/news/international/business/imf-warns-of-inevitable-ai-powered-threats-to-world/articleshow/130920591.cms already exists.
2026-05-21 20:23:36,810 - INFO - [Economic Times] Early skip: URL https://economictimes.indiatimes.com/news/elections/assembly-elections/assam/done-deal-cm-himanta-biswa-sarma-on-nda-seat-sharing-for-assam-polls/articleshow/128678098.cms already exists.
2026-05-21 20:23:36,812 - INFO - [Economic Times] Early skip: URL https://economictimes.indiatimes.com/news/elections/assembly-elections/bihar/rare-intensive-revision-in-bihar-four-months-before-polls/articleshow/122167501.cms already exists.
2026-05-21 20:23:36,813 - INFO - [Economic Times] Early skip: URL https://economictimes.indiatimes.com/news/elections/assembly-elections/delhi/bjp-accuses-kejriwal-of-sending-voters-hoax-calls-to-mislead/articleshow/117579007.cms already exists.
2026-05-21 20:23:36,814 - INFO - [Economic Times] Early skip: URL https://economictimes.indiatimes.com/news/elections/lok-sabha/india/lok-sabha-election-2024-maharashtra-get-interesting-after-splits-in-shiv-sena-ncp/articleshow/108559788.cms already exists.
2026-05-21 20:23:36,815 - INFO - [Economic Times] Early skip: URL https://economictimes.indiatimes.com/news/elections/lok-sabha/india/modi-charisma-key-factor-in-bjps-bid-to-retain-all-26-seats-in-gujarat/articleshow/108550858.cms already exists.
2026-05-21 20:23:36,816 - INFO - [Economic Times] Early skip: URL https://economictimes.indiatimes.com/news/elections/lok-sabha/india/implementation-of-guarantees-decline-of-brs-favour-congress-in-telangana-bjp-aiming-for-better-show/articleshow/108548569.cms already exists.
2026-05-21 20:23:36,817 - INFO - [Economic Times] Early skip: URL https://economictimes.indiatimes.com/traders-bet-on-calendar-spread-as-nifty-moves-in-a-tight-range/articleshow/6302358.cms already exists.
2026-05-21 20:23:36,819 - INFO - [Economic Times] Early skip: URL https://economictimes.indiatimes.com/nifty-may-find-support-at-5300-level/articleshow/6296017.cms already exists.
2026-05-21 20:23:36,820 - INFO - [Economic Times] Early skip: URL https://economictimes.indiatimes.com/seven-out-of-top-10-asian-small-cap-funds-are-indian/articleshow/6295976.cms already exists.
2026-05-21 20:23:36,821 - INFO - [Economic Times] Early skip: URL https://economictimes.indiatimes.com/inflation-reflects-growth-dynamics-in-india-christopher-wood/articleshow/6274053.cms already exists.
2026-05-21 20:23:36,824 - INFO - [Economic Times] Early skip: URL https://economictimes.indiatimes.com/market-may-trade-in-a-range-but-fiis-seen-sold-on-india/articleshow/6277705.cms already exists.
2026-05-21 20:23:36,826 - INFO - [Economic Times] Early skip: URL https://economictimes.indiatimes.com/dont-bank-only-on-price-to-earning-ratio/articleshow/6278228.cms already exists.
2026-05-21 20:23:36,827 - INFO - [Economic Times] Early skip: URL https://economictimes.indiatimes.com/markets/stocks/recos/prabhudas-lilladher-has-a-reduce-rating-on-infosys/articleshow/3798718.cms already exists.
2026-05-21 20:23:36,828 - INFO - [Economic Times] Early skip: URL https://economictimes.indiatimes.com/markets/stocks/recos/fin-crisis-too-late-and-too-little-done-in-us/articleshow/3794549.cms already exists.
2026-05-21 20:23:36,829 - INFO - [Economic Times] Early skip: URL https://economictimes.indiatimes.com/markets/forex/weak-rupee-takes-its-toll-on-cos-with-huge-foreign-debt/articleshow/3546158.cms already exists.
2026-05-21 20:23:36,830 - INFO - [Economic Times] Early skip: URL https://economictimes.indiatimes.com/markets/stocks/recos/wait-for-more-signals-before-turning-positive/articleshow/3292640.cms already exists.
2026-05-21 20:23:36,832 - INFO - [Economic Times] Early skip: URL https://economictimes.indiatimes.com/news/company/corporate-trends/six-indian-cos-among-businessweeks-top-100-infotech-firms/articleshow/3189334.cms already exists.
2026-05-21 20:23:36,833 - INFO - [Economic Times] Early skip: URL https://economictimes.indiatimes.com/news/company/corporate-trends/indian-firms-slip-in-global-ranking-four-move-out-of-top-500/articleshow/3177077.cms already exists.
2026-05-21 20:23:36,834 - INFO - [Economic Times] Early skip: URL https://economictimes.indiatimes.com/markets/stocks/news/big-daddy-laps-up-cipla-after-q1-nos-beat-forecast/articleshow/6308646.cms already exists.
2026-05-21 20:23:36,835 - INFO - [Economic Times] Early skip: URL https://economictimes.indiatimes.com/markets/stocks/news/old-fox-has-dream-run-on-dalal-street/articleshow/6308631.cms already exists.
2026-05-21 20:23:36,836 - INFO - [Economic Times] Early skip: URL https://economictimes.indiatimes.com/markets/stocks/news/cairn-india-hits-record-high-on-bse-amid-stake-sale-talks/articleshow/6306679.cms already exists.
2026-05-21 20:23:36,837 - INFO - [Economic Times] Early skip: URL https://economictimes.indiatimes.com/markets/stocks/news/vedanta-plunges-5-59-per-cent-on-lse-amid-talks-to-buy-cairn-stake/articleshow/6306526.cms already exists.
2026-05-21 20:23:36,839 - INFO - [Economic Times] Early skip: URL https://economictimes.indiatimes.com/markets/stocks/news/sbi-shares-on-gaining-spree-hit-record-high/articleshow/6306241.cms already exists.
2026-05-21 20:23:36,840 - INFO - [Economic Times] Early skip: URL https://economictimes.indiatimes.com/fm-must-rethink/articleshow/5645094.cms already exists.
2026-05-21 20:23:36,842 - INFO - [Economic Times] Early skip: URL https://economictimes.indiatimes.com/amalgamate-banks/articleshow/5645086.cms already exists.
2026-05-21 20:23:36,843 - INFO - [Economic Times] Early skip: URL https://economictimes.indiatimes.com/managing-data/articleshow/5117958.cms already exists.
2026-05-21 20:23:36,844 - INFO - [Economic Times] Early skip: URL https://economictimes.indiatimes.com/right-technology/articleshow/5117957.cms already exists.
2026-05-21 20:23:36,845 - INFO - [Economic Times] Early skip: URL https://economictimes.indiatimes.com/et-search/articleshow/21646857.cms already exists.
2026-05-21 20:23:36,847 - INFO - [Economic Times] Early skip: URL https://economictimes.indiatimes.com/after-the-oscars-whats-next-for-silent-stars-of-the-artist/articleshow/12075465.cms already exists.
2026-05-21 20:23:36,848 - INFO - [Economic Times] Early skip: URL https://economictimes.indiatimes.com/delhi-world-book-fair-a-fair-like-no-other/articleshow/12028630.cms already exists.
2026-05-21 20:23:36,849 - INFO - [Economic Times] Early skip: URL https://economictimes.indiatimes.com/lk-advanis-gift-makes-its-way-to-state-department-exhibition-hall/articleshow/12017534.cms already exists.
2026-05-21 20:23:36,850 - INFO - [Economic Times] Early skip: URL https://economictimes.indiatimes.com/india-meteorological-department-to-use-dynamic-models-for-forecasts/articleshow/11983844.cms already exists.
2026-05-21 20:23:36,852 - INFO - [Economic Times] Early skip: URL https://economictimes.indiatimes.com/documents-reveal-contents-of-the-first-telegraph-message-between-india-england/articleshow/11976488.cms already exists.
2026-05-21 20:23:36,853 - INFO - [Economic Times] Early skip: URL https://economictimes.indiatimes.com/worried-amitabh-bachchan-fans-pray-to-lord-shiva-for-his-recovery/articleshow/11963187.cms already exists.
2026-05-21 20:23:36,854 - INFO - [Economic Times] Early skip: URL https://economictimes.indiatimes.com/opinion/interviews/every-decision-of-government-neednt-be-a-big-reform-anand-mahindra/articleshow/35919571.cms already exists.
2026-05-21 20:23:36,855 - INFO - [Economic Times] Early skip: URL https://economictimes.indiatimes.com/opinion/interviews/narendra-modi-has-his-eyes-set-on-boosting-business-joao-cravinho-eu-ambassador/articleshow/35973824.cms already exists.
2026-05-21 20:23:36,858 - INFO - [Economic Times] Early skip: URL https://economictimes.indiatimes.com/opinion/interviews/confidence-level-of-industry-improving-kv-kamath-icici-bank/articleshow/35945669.cms already exists.
2026-05-21 20:23:36,859 - INFO - [Economic Times] Early skip: URL https://economictimes.indiatimes.com/opinion/interviews/we-may-see-rapid-growth-over-the-next-few-years-raamdeo-agrawal/articleshow/35831378.cms already exists.
2026-05-21 20:23:36,860 - INFO - [Economic Times] Early skip: URL https://economictimes.indiatimes.com/opinion/interviews/our-commitment-for-press-freedom-and-autonomy-of-public-broadcast-is-absolute-prakash-javadekar/articleshow/35803396.cms already exists.
2026-05-21 20:23:36,862 - INFO - [Economic Times] Early skip: URL https://economictimes.indiatimes.com/opinion/interviews/there-is-a-leadership-vacuum-in-infosys-time-to-get-nandan-nilekani-back-mohandas-pai/articleshow/35716682.cms already exists.
2026-05-21 20:23:36,863 - INFO - [Economic Times] Early skip: URL https://economictimes.indiatimes.com/markets/stocks/news/fpis-pull-out-rs-27000-cr-in-may-2026-outflows-hit-rs-2-2-lakh-cr-mark/articleshow/131149440.cms already exists.
2026-05-21 20:23:36,864 - INFO - [Economic Times] Early skip: URL https://economictimes.indiatimes.com/markets/stocks/news/oil-prices-to-hit-150-how-indian-stock-markets-may-react-as-iran-war-rages-on/articleshow/129587020.cms already exists.
2026-05-21 20:23:36,865 - INFO - [Economic Times] Early skip: URL https://economictimes.indiatimes.com/markets/us-stocks/news/why-a-7030-india-global-portfolio-makes-sense-in-a-changing-world-subho-moulik-decodes/articleshow/127604085.cms already exists.
2026-05-21 20:23:36,866 - INFO - [Economic Times] Early skip: URL https://economictimes.indiatimes.com/markets/expert-view/kaynes-shares-plunge-43-from-october-peak-is-a-tactical-rebound-on-the-cards-or-more-pain-ahead/articleshow/125815992.cms already exists.
2026-05-21 20:23:36,867 - INFO - [Economic Times] Early skip: URL https://economictimes.indiatimes.com/markets/stocks/news/warren-buffett-is-buying-michael-burry-is-shorting-the-ai-trade-splitting-wall-street/articleshow/125815521.cms already exists.
2026-05-21 20:23:36,868 - INFO - [Economic Times] Early skip: URL https://economictimes.indiatimes.com/markets/ipos/fpos/softbank-backed-acevector-files-updated-ipo-papers-targets-to-raise-rs-300-cr-via-fresh-issue/articleshow/125813493.cms already exists.
2026-05-21 20:23:36,870 - INFO - [Economic Times] Early skip: URL https://economictimes.indiatimes.com/markets/stocks/news/alfa-laval-raises-delisting-price-to-rs-2850-a-share/articleshow/11437373.cms already exists.
2026-05-21 20:23:36,871 - INFO - [Economic Times] Early skip: URL https://economictimes.indiatimes.com/markets/stocks/news/db-realty-unitech-stocks-rose-after-top-executives-granted-bail-in-2g-scam/articleshow/10925114.cms already exists.
2026-05-21 20:23:36,872 - INFO - [Economic Times] Early skip: URL https://economictimes.indiatimes.com/markets/stocks/news/fitch-withdraws-reliance-capital-ratings/articleshow/10430814.cms already exists.
2026-05-21 20:23:36,874 - INFO - [Economic Times] Early skip: URL https://economictimes.indiatimes.com/markets/stocks/news/discoms-poor-financial-health-poses-risks-for-power-traders-fitch/articleshow/10430186.cms already exists.
2026-05-21 20:23:36,876 - INFO - [Economic Times] Early skip: URL https://economictimes.indiatimes.com/markets/stocks/news/cigarette-companies-price-hikes-with-higher-volumes-hold-promise/articleshow/9277179.cms already exists.
2026-05-21 20:23:36,877 - INFO - [Economic Times] Early skip: URL https://economictimes.indiatimes.com/markets/stocks/news/lovable-lingeries-dream-run-on-as-traders-lap-it-up/articleshow/8894615.cms already exists.
2026-05-21 20:23:36,878 - INFO - [Economic Times] (Thread) Finished. Attempting to shut down its Selenium driver.
2026-05-21 20:23:37,044 - INFO - [Economic Times] (Thread) driver.quit() successful.
2026-05-21 20:23:50,910 - INFO - >>> SUCCESSFULLY SAVED [ID: 60722] - Sacred hall housing Japan's 'eternal flame' destroyed by fire from BBC (110 words)
2026-05-21 20:23:51,650 - INFO - [BBC] Early skip: URL https://www.bbc.com/news/videos/clypmgl80z7o?at_medium=RSS&at_campaign=rss already exists.
2026-05-21 20:24:06,051 - INFO - >>> SUCCESSFULLY SAVED [ID: 60723] - Protests at new US consulate after Trump envoy says time for US ‘to put its footprint back’ on Greenland | Greenland | The Guardian from The Guardian (868 words)
2026-05-21 20:24:06,577 - INFO - [The Guardian] Early skip: URL https://www.theguardian.com/music/2026/may/21/police-stop-mick-jagger-party-stromboli-italy already exists.
2026-05-21 20:24:06,579 - INFO - [The Guardian] Early skip: URL https://www.theguardian.com/world/live/2026/may/21/czech-republic-petr-pavel-ukraine-baltics-drones-russia-nato-security-latest-news-updates already exists.
2026-05-21 20:24:06,580 - INFO - [The Guardian] Early skip: URL https://www.theguardian.com/world/2026/may/21/hungary-limit-prime-ministers-maximum-eight-year-terms-magyar-orban already exists.
2026-05-21 20:24:06,582 - INFO - [The Guardian] Article: https://www.theguardian.com/world/2026/may/21/air-france-airbus-guilty-corporate-manslaughter-2009-plane-crash
2026-05-21 20:24:06,582 - INFO - [The Guardian] Attempt 1/1: Trying with 'requests_browser' strategy...
2026-05-21 20:24:06,690 - INFO - [The Guardian] Success with 'requests_browser'. Found content (345 words).
2026-05-21 20:24:23,936 - INFO - >>> SUCCESSFULLY SAVED [ID: 60724] - Fans create AI-generated team songs ahead of World Cup | World Cup 2026 News | Al Jazeera from Al Jazeera (765 words)
2026-05-21 20:24:24,996 - INFO - [Al Jazeera] Article: https://www.aljazeera.com/gallery/2026/5/21/ebola-tensions-rise-as-treatment-center-torched-in-congos-ituri?traffic_source=rss
2026-05-21 20:24:24,996 - INFO - [Al Jazeera] Attempt 1/2: Trying with 'requests_browser' strategy...
2026-05-21 20:24:25,040 - INFO - [Al Jazeera] Success with 'requests_browser'. Found content (483 words).
2026-05-21 20:24:38,935 - INFO - >>> SUCCESSFULLY SAVED [ID: 60725] - Patient tests HIV-positive after surgery, triggering probe at Multan’s Nishtar Hospital - Pakistan - DAWN.COM from The Dawn (466 words)
2026-05-21 20:24:39,704 - INFO - [The Dawn] Early skip: URL https://www.dawn.com/news/2002038/quadcopter-attack-kills-two-schoolchildren-in-kps-bajaur already exists.
2026-05-21 20:24:39,705 - INFO - [The Dawn] Early skip: URL https://www.dawn.com/news/2002055/pia-wraps-up-haj-operations-transports-over-53000-pilgrims-spokesperson already exists.
2026-05-21 20:24:39,707 - INFO - [The Dawn] Early skip: URL https://www.dawn.com/news/2002047/seems-pti-will-now-have-to-resort-to-agitation-says-mna-after-party-leaders-yet-again-denied-meeting-with-imran already exists.
2026-05-21 20:24:39,708 - INFO - [The Dawn] Early skip: URL https://www.dawn.com/news/2002028/fight-against-terrorism-will-continue-with-full-national-resolve-asserts-cdf-munir already exists.
2026-05-21 20:24:39,709 - INFO - [The Dawn] Early skip: URL https://www.dawn.com/news/2002035/talibans-new-marriage-separation-decree-draws-un-criticism already exists.
2026-05-21 20:24:39,710 - INFO - [The Dawn] Early skip: URL https://www.dawn.com/news/2002017/at-breakfast-meeting-hosted-by-pm-aga-khan-expresses-desire-to-continue-cooperation-with-pakistan already exists.
2026-05-21 20:24:39,713 - INFO - [The Dawn] Article: https://www.dawn.com/news/2002026/hot-weather-on-the-cards-during-eid-as-pmd-predicts-heatwave-from-may-25-31
2026-05-21 20:24:39,713 - INFO - [The Dawn] Attempt 1/2: Trying with 'requests_browser' strategy...
2026-05-21 20:24:39,777 - INFO - [The Dawn] Success with 'requests_browser'. Found content (401 words).
2026-05-21 20:24:54,107 - INFO - >>> SUCCESSFULLY SAVED [ID: 60726] - Elon Musk agrees with what Jeff Bezos says on charity: 'If I do my job right...' - The Times of India from Times of India (324 words)
2026-05-21 20:24:54,990 - INFO - [Times of India] Article: https://timesofindia.indiatimes.com/science/quote-of-the-day-by-american-astronomer-carl-sagan-the-cosmos-is-within-us-we-are-made-of-star-stuff-we-are-a-way-for-the-cosmos-to-know-itself-/articleshow/131250238.cms
2026-05-21 20:24:54,990 - INFO - [Times of India] Attempt 1/1: Trying with 'selenium_browser' strategy...
2026-05-21 20:24:56,317 - INFO - [Times of India] Page content loaded.
2026-05-21 20:24:56,802 - INFO - [Times of India] Success with 'selenium_browser'. Found content (1276 words).
2026-05-21 20:25:11,317 - INFO - >>> SUCCESSFULLY SAVED [ID: 60727] - Chennithala seeks report on parole granted to Periye murder convicts - The Hindu from The Hindu (469 words)
2026-05-21 20:25:12,213 - INFO - [The Hindu] Article: https://www.thehindu.com/news/national/bihar/bihar-midday-meal-incident-hc-asks-whether-ngo-can-continue-providing-meals/article71007201.ece
2026-05-21 20:25:12,213 - INFO - [The Hindu] Attempt 1/1: Trying with 'selenium_browser' strategy...
2026-05-21 20:25:13,343 - INFO - [The Hindu] Page content loaded.
2026-05-21 20:25:13,467 - INFO - [The Hindu] Success with 'selenium_browser'. Found content (238 words).
2026-05-21 20:25:25,850 - INFO - DEDUPLICATION: Found match (Score: 0.86). Linking to Cluster ID: f611e8d6-5fd0-459b-949f-18ea8891fbb2
2026-05-21 20:25:28,190 - INFO - >>> SUCCESSFULLY SAVED [ID: 60728] - Air France and Airbus guilty of corporate manslaughter for 2009 plane crash | France | The Guardian from The Guardian (345 words)
2026-05-21 20:25:29,609 - INFO - [The Guardian] Article: https://www.theguardian.com/world/2026/may/21/uk-israel-video-itama-ben-gvir
2026-05-21 20:25:29,609 - INFO - [The Guardian] Attempt 1/1: Trying with 'requests_browser' strategy...
2026-05-21 20:25:29,693 - INFO - [The Guardian] Success with 'requests_browser'. Found content (959 words).
2026-05-21 20:25:43,391 - INFO - >>> SUCCESSFULLY SAVED [ID: 60729] - Ebola tensions rise as treatment centre torched in DR Congo’s Ituri | Ebola News | Al Jazeera from Al Jazeera (483 words)
2026-05-21 20:25:44,565 - INFO - [Al Jazeera] Article: https://www.aljazeera.com/news/2026/5/21/five-key-takeaways-from-democrats-autopsy-report-on-kamala-harriss-loss?traffic_source=rss
2026-05-21 20:25:44,565 - INFO - [Al Jazeera] Attempt 1/2: Trying with 'requests_browser' strategy...
2026-05-21 20:25:44,600 - INFO - [Al Jazeera] Success with 'requests_browser'. Found content (1349 words).
2026-05-21 20:25:58,434 - INFO - >>> SUCCESSFULLY SAVED [ID: 60730] - Hot weather on the cards during Eid as PMD predicts heatwave from May 25-31 - Pakistan - DAWN.COM from The Dawn (401 words)
2026-05-21 20:25:59,719 - INFO - [The Dawn] Article: https://www.dawn.com/news/2002075/qatar-based-british-pakistani-scientist-develops-ai-eye-scan-for-early-dementia-diagnosis
2026-05-21 20:25:59,719 - INFO - [The Dawn] Attempt 1/2: Trying with 'requests_browser' strategy...
2026-05-21 20:25:59,766 - INFO - [The Dawn] Success with 'requests_browser'. Found content (778 words).
2026-05-21 20:26:13,546 - INFO - >>> SUCCESSFULLY SAVED [ID: 60731] - Quote of the day by American astronomer Carl Sagan: “The cosmos is within us. We are made of star-stuff. We are a way for the cosmos to know itself.” | - The Times of India from Times of India (1276 words)
2026-05-21 20:26:14,430 - INFO - [Times of India] Article: https://timesofindia.indiatimes.com/science/quote-of-the-day-by-physicist-wolfgang-pauli-i-do-not-mind-if-you-think-slowly-but-i-do-object-when-you-publish-more-quickly-than-you-think-/articleshow/131250476.cms
2026-05-21 20:26:14,431 - INFO - [Times of India] Attempt 1/1: Trying with 'selenium_browser' strategy...
2026-05-21 20:26:15,303 - INFO - [Times of India] Page content loaded.
2026-05-21 20:26:15,730 - INFO - [Times of India] Success with 'selenium_browser'. Found content (1146 words).
2026-05-21 20:26:30,016 - INFO - >>> SUCCESSFULLY SAVED [ID: 60732] - Bihar midday meal incident: HC asks whether NGO can continue providing meals - The Hindu from The Hindu (238 words)
2026-05-21 20:26:31,183 - INFO - [The Hindu] Article: https://www.thehindu.com/news/national/tamil-nadu/three-children-among-seven-persons-rescued-from-brick-kiln-near-arakkonam/article71006907.ece
2026-05-21 20:26:31,183 - INFO - [The Hindu] Attempt 1/1: Trying with 'selenium_browser' strategy...
2026-05-21 20:26:32,308 - INFO - [The Hindu] Page content loaded.
2026-05-21 20:26:32,423 - INFO - [The Hindu] Success with 'selenium_browser'. Found content (300 words).
2026-05-21 20:26:44,743 - INFO - DEDUPLICATION: Found match (Score: 0.88). Linking to Cluster ID: 805c4ed4-f8e6-4205-a4c0-693a420d3bea
2026-05-21 20:26:47,087 - INFO - >>> SUCCESSFULLY SAVED [ID: 60733] - Israel deports foreign Gaza-bound flotilla activists after global outcry | Israel | The Guardian from The Guardian (959 words)
2026-05-21 20:26:48,265 - INFO - [The Guardian] Article: https://www.theguardian.com/world/2026/may/21/oil-markets-nearing-red-zone-as-holiday-season-nears-warns-iea-chief
2026-05-21 20:26:48,265 - INFO - [The Guardian] Attempt 1/1: Trying with 'requests_browser' strategy...
2026-05-21 20:26:48,353 - INFO - [The Guardian] Success with 'requests_browser'. Found content (858 words).
2026-05-21 20:27:02,749 - INFO - >>> SUCCESSFULLY SAVED [ID: 60734] - Five key takeaways from Democrats’ autopsy report on Kamala Harris’s loss | Kamala Harris News | Al Jazeera from Al Jazeera (1349 words)
2026-05-21 20:27:03,673 - INFO - [Al Jazeera] Article: https://www.aljazeera.com/news/2026/5/21/trump-shifts-between-diplomacy-and-threats-in-iran-standoff?traffic_source=rss
2026-05-21 20:27:03,673 - INFO - [Al Jazeera] Attempt 1/2: Trying with 'requests_browser' strategy...
2026-05-21 20:27:03,717 - INFO - [Al Jazeera] Success with 'requests_browser'. Found content (958 words).
2026-05-21 20:27:19,135 - INFO - >>> SUCCESSFULLY SAVED [ID: 60735] - Qatar-based British-Pakistani scientist develops AI eye scan for early dementia diagnosis - World - DAWN.COM from The Dawn (778 words)
2026-05-21 20:27:20,113 - INFO - [The Dawn] Early skip: URL https://www.dawn.com/news/2001998/fo-condemns-mistreatment-of-gaza-flotilla-activists-following-global-outcry-over-video-posted-by-israeli-minister already exists.
2026-05-21 20:27:20,114 - INFO - [The Dawn] Early skip: URL https://www.dawn.com/news/2002004/wanted-terrorist-ringleader-among-5-militants-killed-in-north-waziristan-operation-security-sources already exists.
2026-05-21 20:27:20,115 - INFO - [The Dawn] Early skip: URL https://www.dawn.com/news/2001939/imf-wraps-up-pakistan-visit-following-talks-with-authorities-on-reforms-budget already exists.
2026-05-21 20:27:20,118 - INFO - [The Dawn] Article: https://www.dawn.com/news/2002051/indias-cockroach-janta-party-goes-viral-spotlights-gen-z-worries
2026-05-21 20:27:20,118 - INFO - [The Dawn] Attempt 1/2: Trying with 'requests_browser' strategy...
2026-05-21 20:27:20,181 - INFO - [The Dawn] Success with 'requests_browser'. Found content (678 words).
2026-05-21 20:27:34,718 - INFO - >>> SUCCESSFULLY SAVED [ID: 60736] - Quote of the day by physicist Wolfgang Pauli: “I do not mind if you think slowly, but I do object when you publish more quickly than you think.” | - The Times of India from Times of India (1146 words)
2026-05-21 20:27:35,231 - INFO - [Times of India] Article: https://timesofindia.indiatimes.com/world/us-streamers/zohran-mamdani-enters-streamer-era-with-live-twitch-series-talk-with-the-people/articleshow/131251342.cms
2026-05-21 20:27:35,231 - INFO - [Times of India] Attempt 1/1: Trying with 'selenium_browser' strategy...
2026-05-21 20:27:36,377 - INFO - [Times of India] Page content loaded.
2026-05-21 20:27:36,751 - INFO - [Times of India] Success with 'selenium_browser'. Found content (356 words).
2026-05-21 20:27:51,851 - INFO - >>> SUCCESSFULLY SAVED [ID: 60737] - Three children among seven persons rescued from brick kiln near Arakkonam - The Hindu from The Hindu (300 words)
2026-05-21 20:27:52,881 - INFO - [The Hindu] Article: https://www.thehindu.com/news/national/take-forward-reforms-pm-tells-ministers/article71007783.ece
2026-05-21 20:27:52,881 - INFO - [The Hindu] Attempt 1/1: Trying with 'selenium_browser' strategy...
2026-05-21 20:27:53,973 - INFO - [The Hindu] Page content loaded.
2026-05-21 20:27:54,854 - INFO - [The Hindu] Success with 'selenium_browser'. Found content (98 words).
2026-05-21 20:28:10,701 - INFO - >>> SUCCESSFULLY SAVED [ID: 60738] - Oil markets nearing ‘red zone’ as Iran crisis continues, warns IEA chief | Iran | The Guardian from The Guardian (858 words)
2026-05-21 20:28:11,786 - INFO - [The Guardian] Article: https://www.theguardian.com/news/audio/2026/may/21/the-far-right-israeli-minister-taunting-detained-gaza-activists-the-latest
2026-05-21 20:28:11,786 - INFO - [The Guardian] Attempt 1/1: Trying with 'requests_browser' strategy...
2026-05-21 20:28:11,918 - INFO - [The Guardian] Success with 'requests_browser'. Found content (91 words).
2026-05-21 20:28:27,090 - INFO - >>> SUCCESSFULLY SAVED [ID: 60739] - Trump shifts between diplomacy and threats in Iran standoff | US-Israel war on Iran News | Al Jazeera from Al Jazeera (958 words)
2026-05-21 20:28:27,369 - CRITICAL - --- TIMEOUT: 5 scrape jobs did not complete in 300s. ---
2026-05-21 20:28:27,369 - ERROR - A thread has timed out and will be abandoned.
2026-05-21 20:28:27,369 - ERROR - A thread has timed out and will be abandoned.
2026-05-21 20:28:27,369 - ERROR - A thread has timed out and will be abandoned.
2026-05-21 20:28:27,369 - ERROR - A thread has timed out and will be abandoned.
2026-05-21 20:28:27,369 - ERROR - A thread has timed out and will be abandoned.
2026-05-21 20:28:27,369 - INFO - Shutting down thread pool (wait=False)...
2026-05-21 20:28:27,369 - INFO - Scraped: 1 Economic Times, 2 BBC, 0 TechCrunch, 5 Timed_Out_Jobs articles. (Total saved: 3)
2026-05-21 20:28:27,370 - INFO - --- Scraping job finished ---
2026-05-21 20:28:27,370 - INFO - --- Scraper service stopped. ---
2026-05-21 20:28:27,370 - INFO - --- Main thread finished. Forcing process exit to kill zombie threads. ---
