2025-12-19 20:45:47,055 - INFO - Loading AI Semantic Model (all-MiniLM-L6-v2)...
2025-12-19 20:45:47,055 - INFO - Use pytorch device_name: cpu
2025-12-19 20:45:47,055 - INFO - Load pretrained SentenceTransformer: all-MiniLM-L6-v2
2025-12-19 20:45:48,315 - INFO - AI Model loaded successfully.
2025-12-19 20:45:48,316 - INFO - --- Scraper service started (CI Mode: Run Once) ---
2025-12-19 20:45:48,316 - INFO - --- Starting new scraping job (Parallel Mode) ---
2025-12-19 20:45:48,316 - INFO - Creating new robust session with 3 retries on 5xx/connection/read errors.
2025-12-19 20:45:48,316 - INFO - Proxy is DISABLED.
2025-12-19 20:45:48,316 - INFO - Starting scrape for BBC RSS feed: http://feeds.bbci.co.uk/news/world/rss.xml
2025-12-19 20:45:48,317 - INFO - [Times of India] (Thread) requires Selenium. Initializing driver...
2025-12-19 20:45:48,318 - INFO - Starting scrape for The Guardian RSS feed: https://www.theguardian.com/world/rss
2025-12-19 20:45:48,319 - INFO - [The Hindu] (Thread) requires Selenium. Initializing driver...
2025-12-19 20:45:48,319 - INFO - Submitted 4 jobs to thread pool. Waiting up to 300s for completion...
2025-12-19 20:45:48,580 - INFO - Found 38 articles in BBC RSS feed. Processing up to 30.
2025-12-19 20:45:48,581 - INFO - [BBC] Early skip: URL https://www.bbc.com/news/articles/cp89p082y2xo?at_medium=RSS&at_campaign=rss already exists.
2025-12-19 20:45:48,599 - INFO - Found 45 articles in The Guardian RSS feed. Processing up to 30.
2025-12-19 20:45:48,839 - INFO - [The Guardian] Early skip: URL https://www.theguardian.com/society/2025/dec/19/hepatitis-b-vaccine-study-guinea-bissau-rfk already exists.
2025-12-19 20:45:48,987 - INFO - [BBC] Early skip: URL https://www.bbc.com/news/articles/c3e025vyppeo?at_medium=RSS&at_campaign=rss already exists.
2025-12-19 20:45:49,277 - INFO - [The Guardian] Early skip: URL https://www.theguardian.com/global-development/2025/dec/19/colombian-mercenaries-sudan-rsf-us-sanctions-recruited-uk-registered-firms-investigation already exists.
2025-12-19 20:45:49,430 - INFO - [BBC] Early skip: URL https://www.bbc.com/news/articles/cx251p7k23mo?at_medium=RSS&at_campaign=rss already exists.
2025-12-19 20:45:49,464 - INFO - Selenium driver initialized successfully.
2025-12-19 20:45:49,464 - INFO - Starting scrape for The Hindu RSS feed: https://www.thehindu.com/news/national/feeder/default.rss
2025-12-19 20:45:49,465 - INFO - Selenium driver initialized successfully.
2025-12-19 20:45:49,465 - INFO - Starting scrape for Times of India RSS feed: https://timesofindia.indiatimes.com/rssfeeds/296589292.cms
2025-12-19 20:45:49,560 - INFO - [The Guardian] Early skip: URL https://www.theguardian.com/global-development/2025/dec/18/morocco-genz212-protests-police-mass-arrests-beatings-detentions-rights already exists.
2025-12-19 20:45:49,665 - INFO - [BBC] Early skip: URL https://www.bbc.com/news/articles/cp84p722m3do?at_medium=RSS&at_campaign=rss already exists.
2025-12-19 20:45:49,706 - INFO - Found 20 articles in Times of India RSS feed. Processing up to 30.
2025-12-19 20:45:49,785 - INFO - [The Guardian] Early skip: URL https://www.theguardian.com/world/2025/dec/16/five-key-moments-in-the-assault-on-the-rights-of-women-and-girls-in-2025 already exists.
2025-12-19 20:45:49,905 - INFO - Found 100 articles in The Hindu RSS feed. Processing up to 30.
2025-12-19 20:45:50,000 - INFO - [The Guardian] Early skip: URL https://www.theguardian.com/world/2025/dec/16/south-africa-russia-men-tricked-fighting-ukraine already exists.
2025-12-19 20:45:50,261 - INFO - [BBC] Early skip: URL https://www.bbc.com/news/articles/c5y9x4pj54eo?at_medium=RSS&at_campaign=rss already exists.
2025-12-19 20:45:50,510 - INFO - [BBC] Early skip: URL https://www.bbc.com/news/articles/c2462r82864o?at_medium=RSS&at_campaign=rss already exists.
2025-12-19 20:45:50,649 - INFO - [Times of India] Article: https://timesofindia.indiatimes.com/world/rest-of-world/marry-me-journalist-proposes-to-girlfriend-at-putins-year-end-press-conference-she-says-yes/articleshow/126084302.cms
2025-12-19 20:45:50,649 - INFO - [Times of India] Attempt 1/1: Trying with 'selenium_browser' strategy...
2025-12-19 20:45:50,649 - INFO - [The Guardian] Early skip: URL https://www.theguardian.com/us-news/2025/dec/19/trump-venezuela-war already exists.
2025-12-19 20:45:50,830 - INFO - [The Hindu] Article: https://www.thehindu.com/sci-tech/science/isro-to-launch-us-satellite-on-december-24/article70416470.ece
2025-12-19 20:45:50,830 - INFO - [The Hindu] Attempt 1/1: Trying with 'selenium_browser' strategy...
2025-12-19 20:45:50,831 - INFO - [BBC] Early skip: URL https://www.bbc.com/news/articles/cp89p41gr06o?at_medium=RSS&at_campaign=rss already exists.
2025-12-19 20:45:51,059 - INFO - [BBC] Early skip: URL https://www.bbc.com/news/articles/cpq4p535347o?at_medium=RSS&at_campaign=rss already exists.
2025-12-19 20:45:51,281 - INFO - [BBC] Early skip: URL https://www.bbc.com/news/articles/cm21pxen1jno?at_medium=RSS&at_campaign=rss already exists.
2025-12-19 20:45:51,457 - INFO - [The Guardian] Early skip: URL https://www.theguardian.com/world/2025/dec/19/montreal-grocery-store-santas-elves-robbery already exists.
2025-12-19 20:45:51,630 - INFO - [The Guardian] Early skip: URL https://www.theguardian.com/world/2025/dec/19/colombia-eln-guerrilla-group-attack-military-base already exists.
2025-12-19 20:45:51,841 - INFO - [BBC] Early skip: URL https://www.bbc.com/news/articles/c4gp4ze002mo?at_medium=RSS&at_campaign=rss already exists.
2025-12-19 20:45:52,010 - INFO - [The Guardian] Early skip: URL https://www.theguardian.com/world/2025/dec/19/i-cant-think-of-a-place-more-pristine-133000-hectares-of-chilean-patagonia-preserved-after-local-fundraising already exists.
2025-12-19 20:45:52,184 - INFO - [BBC] Early skip: URL https://www.bbc.com/news/articles/cj69px875ewo?at_medium=RSS&at_campaign=rss already exists.
2025-12-19 20:45:52,286 - INFO - [BBC] Early skip: URL https://www.bbc.com/news/articles/ckgdpz0gp3jo?at_medium=RSS&at_campaign=rss already exists.
2025-12-19 20:45:52,389 - INFO - [The Guardian] Early skip: URL https://www.theguardian.com/world/2025/dec/18/brazilian-congress-passes-bill-cut-jair-bolsonaro-prison-term already exists.
2025-12-19 20:45:52,512 - INFO - [The Hindu] Page content loaded.
2025-12-19 20:45:52,601 - INFO - [The Hindu] Success with 'selenium_browser'. Found content (110 words).
2025-12-19 20:45:52,673 - INFO - [BBC] Early skip: URL https://www.bbc.com/news/articles/cgexp1q8wn1o?at_medium=RSS&at_campaign=rss already exists.
2025-12-19 20:45:52,936 - INFO - [The Guardian] Early skip: URL https://www.theguardian.com/world/2025/dec/19/mass-stabbing-tapei already exists.
2025-12-19 20:45:53,160 - INFO - [The Guardian] Early skip: URL https://www.theguardian.com/technology/2025/dec/19/uk-foreign-office-victim-cyber-attack-october- already exists.
2025-12-19 20:45:53,343 - INFO - [The Guardian] Early skip: URL https://www.theguardian.com/technology/2025/dec/18/tiktok-signs-deal-us-entity-sale already exists.
2025-12-19 20:46:02,503 - INFO - [Times of India] Page content loaded.
2025-12-19 20:46:11,985 - INFO - [Times of India] Success with 'selenium_browser'. Found content (319 words).
2025-12-19 20:46:15,229 - INFO - Saved article: ISRO to launch U.S. satellite on December 24 - The Hindu from The Hindu (110 words)
2025-12-19 20:46:15,230 - INFO - [BBC] Early skip: URL https://www.bbc.com/news/articles/cn09p4kjj4wo?at_medium=RSS&at_campaign=rss already exists.
2025-12-19 20:46:15,485 - INFO - [The Guardian] Early skip: URL https://www.theguardian.com/world/2025/dec/19/south-korean-president-urges-public-health-cover-hair-loss already exists.
2025-12-19 20:46:24,970 - INFO - Saved article: 'Marry me': Journalist proposes to girlfriend at Putin's year-end press conference; she says 'yes' - The Times of India from Times of India (319 words)
2025-12-19 20:46:24,970 - INFO - [BBC] Early skip: URL https://www.bbc.com/news/articles/c741r9ve3z7o?at_medium=RSS&at_campaign=rss already exists.
2025-12-19 20:46:25,136 - INFO - [The Guardian] Early skip: URL https://www.theguardian.com/world/2025/dec/18/us-announces-more-than-10bn-of-arms-sales-to-taiwan already exists.
2025-12-19 20:46:25,434 - INFO - [The Guardian] Early skip: URL https://www.theguardian.com/science/2025/dec/19/when-attacks-unfold-what-makes-a-person-run-towards-danger already exists.
2025-12-19 20:46:25,551 - INFO - [BBC] Early skip: URL https://www.bbc.com/news/articles/cy842jdw98vo?at_medium=RSS&at_campaign=rss already exists.
2025-12-19 20:46:25,792 - INFO - [The Hindu] Article: https://www.thehindu.com/news/national/kerala/cial-hands-over-7982-crore-dividend-to-kerala-govt/article70415548.ece
2025-12-19 20:46:25,792 - INFO - [The Hindu] Attempt 1/1: Trying with 'selenium_browser' strategy...
2025-12-19 20:46:25,793 - INFO - [The Guardian] Early skip: URL https://www.theguardian.com/australia-news/2025/dec/20/some-will-take-their-own-lives-puberty-blocker-bans-in-queensland-and-nz-risk-extreme-harm-to-trans-youth-uk-expert-warns already exists.
2025-12-19 20:46:25,899 - INFO - [BBC] Early skip: URL https://www.bbc.com/news/articles/cy472pygwljo?at_medium=RSS&at_campaign=rss already exists.
2025-12-19 20:46:26,025 - INFO - [The Guardian] Early skip: URL https://www.theguardian.com/australia-news/2025/dec/20/victoria-police-welfare-policy-detainees-tired-fair-trial already exists.
2025-12-19 20:46:26,217 - INFO - [Times of India] Article: https://timesofindia.indiatimes.com/world/us-streamers/woman-understander-has-logged-on-hasan-piker-roasts-asmongolds-white-women-take/articleshow/126084269.cms
2025-12-19 20:46:26,218 - INFO - [Times of India] Attempt 1/1: Trying with 'selenium_browser' strategy...
2025-12-19 20:46:26,218 - INFO - [BBC] Early skip: URL https://www.bbc.com/news/articles/cj69px875ewo?at_medium=RSS&at_campaign=rss already exists.
2025-12-19 20:46:26,512 - INFO - [The Guardian] Early skip: URL https://www.theguardian.com/australia-news/2025/dec/19/bom-christmas-day-weather-forecast-australia-extreme-heatwave already exists.
2025-12-19 20:46:26,693 - INFO - [The Guardian] Early skip: URL https://www.theguardian.com/australia-news/2025/dec/19/anthony-albanese-attends-sydney-synagogue-to-honour-memory-of-bondi-attack-victims already exists.
2025-12-19 20:46:26,900 - INFO - [The Guardian] Early skip: URL https://www.theguardian.com/world/live/2025/dec/19/ukraine-war-live-zelenskyy-european-union-agreement-90bn-loan-deal-kyiv already exists.
2025-12-19 20:46:27,190 - INFO - [BBC] Early skip: URL https://www.bbc.com/news/articles/c4g94ywgxd6o?at_medium=RSS&at_campaign=rss already exists.
2025-12-19 20:46:27,321 - INFO - [BBC] Early skip: URL https://www.bbc.com/news/articles/cg7vp937jyxo?at_medium=RSS&at_campaign=rss already exists.
2025-12-19 20:46:27,562 - INFO - [The Guardian] Early skip: URL https://www.theguardian.com/world/2025/dec/19/ukraine-attacks-russian-shadow-tanker-off-libyan-coast already exists.
2025-12-19 20:46:27,647 - INFO - [The Hindu] Page content loaded.
2025-12-19 20:46:27,809 - INFO - [The Guardian] Early skip: URL https://www.theguardian.com/world/2025/dec/19/eu-ukraine-loan-plan-b-frozen-russian-assets already exists.
2025-12-19 20:46:27,966 - INFO - [The Hindu] Success with 'selenium_browser'. Found content (151 words).
2025-12-19 20:46:28,082 - INFO - [The Guardian] Early skip: URL https://www.theguardian.com/world/2025/dec/19/ukraine-deal-latest-europe-leaders-loan-zelenskyy already exists.
2025-12-19 20:46:28,210 - INFO - [BBC] Early skip: URL https://www.bbc.com/news/articles/c8983vzg79go?at_medium=RSS&at_campaign=rss already exists.
2025-12-19 20:46:28,504 - INFO - [BBC] Early skip: URL https://www.bbc.com/news/articles/c93wxp2p05xo?at_medium=RSS&at_campaign=rss already exists.
2025-12-19 20:46:28,777 - INFO - [BBC] Early skip: URL https://www.bbc.com/news/articles/cp8z684r6vlo?at_medium=RSS&at_campaign=rss already exists.
2025-12-19 20:46:43,631 - INFO - Saved article: CIAL hands over ₹79.82 crore dividend to Kerala govt. - The Hindu from The Hindu (151 words)
2025-12-19 20:46:43,631 - INFO - [The Guardian] Early skip: URL https://www.theguardian.com/environment/2025/dec/19/weather-tracker-early-snowfall-new-york-storm-rips-down-lights-spain already exists.
2025-12-19 20:46:43,904 - INFO - [BBC] Early skip: URL https://www.bbc.com/news/articles/c2epv08xwz7o?at_medium=RSS&at_campaign=rss already exists.
2025-12-19 20:46:44,042 - INFO - [The Guardian] Early skip: URL https://www.theguardian.com/world/2025/dec/19/gaza-famine-hunger-food-shortages-winter-flooding-un already exists.
2025-12-19 20:46:44,281 - INFO - [BBC] Early skip: URL https://www.bbc.com/news/articles/cgmneem1e89o?at_medium=RSS&at_campaign=rss already exists.
2025-12-19 20:46:44,446 - INFO - [The Guardian] Early skip: URL https://www.theguardian.com/global-development/2025/dec/19/gaza-phd-student-manar-al-houbi-granted-access-to-uk-but-others-remain-stranded already exists.
2025-12-19 20:46:44,568 - INFO - [The Hindu] Early skip: URL https://www.thehindu.com/news/cities/kolkata/around-4000-micro-observers-to-scrutinise-sir-hearing-process-in-west-bengal/article70416405.ece already exists.
2025-12-19 20:46:44,761 - INFO - [BBC] Early skip: URL https://www.bbc.com/news/articles/cp9kv9lld38o?at_medium=RSS&at_campaign=rss already exists.
2025-12-19 20:46:44,925 - INFO - [The Guardian] Early skip: URL https://www.theguardian.com/global-development/2025/dec/19/iranian-boxing-champion-mohammad-javad-vafaei-sani-risk-of-execution-retrial-request-rejected already exists.
2025-12-19 20:46:45,197 - INFO - [The Hindu] Early skip: URL https://www.thehindu.com/news/national/bjp-working-president-nitin-nabin-meets-pm-modi/article70417476.ece already exists.
2025-12-19 20:46:45,353 - INFO - [BBC] Early skip: URL https://www.bbc.com/news/articles/cwypp1jwjz1o?at_medium=RSS&at_campaign=rss already exists.
2025-12-19 20:46:45,440 - WARNING - [Times of India] Page timed out (10s). Proceeding anyway.
2025-12-19 20:46:45,547 - INFO - [The Guardian] Early skip: URL https://www.theguardian.com/world/2025/dec/18/rainfall-iran-hormuz-island-red-beach already exists.
2025-12-19 20:46:45,720 - INFO - [Times of India] Success with 'selenium_browser'. Found content (429 words).
2025-12-19 20:46:45,853 - INFO - [The Hindu] Early skip: URL https://www.thehindu.com/news/national/tamil-nadu/ai-training-programme-for-government-officials-to-be-launched/article70416928.ece already exists.
2025-12-19 20:46:46,023 - INFO - [BBC] Early skip: URL https://www.bbc.com/news/articles/cqxql12317qo?at_medium=RSS&at_campaign=rss already exists.
2025-12-19 20:46:46,269 - INFO - [The Guardian] Early skip: URL https://www.theguardian.com/world/2025/dec/18/saudi-backed-forces-yemen-border-separatists-stc already exists.
2025-12-19 20:46:56,221 - INFO - Saved article: "Woman understander has logged on": Hasan Piker roasts Asmongold’s white women take - The Times of India from Times of India (429 words)
2025-12-19 20:46:56,222 - INFO - [The Hindu] Early skip: URL https://www.thehindu.com/news/national/karnataka/bengaluru-firm-deploys-ai-driven-climate-intelligence-system-in-its-coffee-plantations/article70416120.ece already exists.
2025-12-19 20:46:56,357 - INFO - [BBC] Early skip: URL https://www.bbc.com/news/articles/cx2e14z2j9jo?at_medium=RSS&at_campaign=rss already exists.
2025-12-19 20:46:56,518 - INFO - [The Hindu] Early skip: URL https://www.thehindu.com/news/national/tamil-nadu/residents-welcome-incinerator-plant-closure-in-manali/article70417473.ece already exists.
2025-12-19 20:46:56,691 - INFO - [BBC] Early skip: URL https://www.bbc.com/news/articles/c773mnpre07o?at_medium=RSS&at_campaign=rss already exists.
2025-12-19 20:46:56,921 - INFO - [The Hindu] Early skip: URL https://www.thehindu.com/news/cities/Hyderabad/mmts-hyderabads-overlooked-lifeline-waiting-for-a-comeback/article70416072.ece already exists.
2025-12-19 20:46:57,102 - INFO - [Times of India] Article: https://timesofindia.indiatimes.com/world/us/even-if-indians-pay-100000-deport-them-maga-influencer-says-no-economic-gain-from-h-1bs-can-justify-destroying-american-culture/articleshow/126083807.cms
2025-12-19 20:46:57,102 - INFO - [Times of India] Attempt 1/1: Trying with 'selenium_browser' strategy...
2025-12-19 20:46:57,103 - INFO - [The Hindu] Early skip: URL https://www.thehindu.com/news/national/karnataka/all-promises-implemented-except-the-one-made-to-dk-shivakumar/article70415896.ece already exists.
2025-12-19 20:46:57,292 - INFO - [The Hindu] Early skip: URL https://www.thehindu.com/news/cities/Hyderabad/200-year-old-st-john-church-in-secunderabad-gets-a-makeover/article70416464.ece already exists.
2025-12-19 20:46:57,431 - INFO - [The Hindu] Early skip: URL https://www.thehindu.com/news/cities/Hyderabad/a-stadium-full-of-books-and-an-inaugural-without-the-guest/article70416486.ece already exists.
2025-12-19 20:46:57,639 - INFO - [The Hindu] Early skip: URL https://www.thehindu.com/news/national/telangana/telangana-man-risks-life-to-help-the-injured-in-bondi-beach-attack/article70416220.ece already exists.
2025-12-19 20:46:57,844 - INFO - [Times of India] Page content loaded.
2025-12-19 20:46:57,901 - INFO - [The Hindu] Early skip: URL https://www.thehindu.com/news/national/govt-to-increase-reservation-for-agniveers-in-capfs-to-50/article70416721.ece already exists.
2025-12-19 20:46:58,057 - INFO - [Times of India] Success with 'selenium_browser'. Found content (291 words).
2025-12-19 20:46:58,102 - INFO - [The Hindu] Early skip: URL https://www.thehindu.com/news/national/tamil-nadu/kamal-haasan-seeks-clarification-over-road-map-for-ramping-up-indias-nuclear-power-generation/article70416068.ece already exists.
2025-12-19 20:46:58,364 - INFO - [The Hindu] Early skip: URL https://www.thehindu.com/news/national/karnataka/man-kicks-and-injures-five-year-old-boy-playing-on-road/article70415833.ece already exists.
2025-12-19 20:47:10,547 - INFO - Saved article: 'Even if Indians pay $100,000, deport them': MAGA influencer says no economic gain from H-1Bs can justify 'destroying' American culture - The Times of India from Times of India (291 words)
2025-12-19 20:47:10,547 - INFO - [The Hindu] Early skip: URL https://www.thehindu.com/news/national/tamil-nadu/large-scale-deletions-reinforce-aiadmks-demand-for-sir-says-edappadi-palaniswami/article70416016.ece already exists.
2025-12-19 20:47:10,769 - INFO - [The Hindu] Early skip: URL https://www.thehindu.com/news/national/karnataka/kannada-cinema-roundtable-2025-a-call-for-consistency-originality-and-telling-rooted-stories/article70415753.ece already exists.
2025-12-19 20:47:10,903 - INFO - [The Hindu] Early skip: URL https://www.thehindu.com/news/national/karnataka/doctor-molested-while-walking-back-home-after-work-in-bengaluru/article70417277.ece already exists.
2025-12-19 20:47:11,043 - INFO - [The Hindu] Early skip: URL https://www.thehindu.com/news/national/andhra-pradesh/bio-based-innovations-key-to-tackling-climate-change-c-camp-chief/article70416863.ece already exists.
2025-12-19 20:47:11,247 - INFO - [The Hindu] Early skip: URL https://www.thehindu.com/news/national/kerala/court-grants-anticipatory-bail-to-congress-leaders-in-defamation-case-linked-to-rahul-mamkootathil/article70417293.ece already exists.
2025-12-19 20:47:11,362 - INFO - [The Hindu] Early skip: URL https://www.thehindu.com/news/national/karnataka/state-government-aware-of-150-km-rule-for-second-airport-for-bengaluru-mb-patil/article70415619.ece already exists.
2025-12-19 20:47:11,518 - INFO - [The Hindu] Early skip: URL https://www.thehindu.com/news/national/andhra-pradesh/passport-mela-for-journalists-concludes/article70417003.ece already exists.
2025-12-19 20:47:11,799 - INFO - [Times of India] Early skip: URL https://timesofindia.indiatimes.com/world/us/fits-the-pattern-former-immigration-official-says-trump-could-permanently-end-green-card-program-as-lottery-stops/articleshow/126083935.cms already exists.
2025-12-19 20:47:12,017 - INFO - [The Hindu] Early skip: URL https://www.thehindu.com/news/national/karnataka/karnataka-high-court-quashes-invocation-of-kcoca-against-byrathi-basavaraj-but-rejects-his-plea-for-anticipatory-bail/article70416631.ece already exists.
2025-12-19 20:47:12,143 - INFO - [Times of India] Early skip: URL https://timesofindia.indiatimes.com/world/middle-east/24000-pakistanis-deported-from-saudi-arabia-6000-sent-back-from-dubai-over-begging-report/articleshow/126083404.cms already exists.
2025-12-19 20:47:12,353 - INFO - [The Hindu] Early skip: URL https://www.thehindu.com/news/national/karnataka/health-check-up-finds-577-lakh-govt-school-pu-students-in-karnataka-have-hypertension/article70416772.ece already exists.
2025-12-19 20:47:12,639 - INFO - [Times of India] Early skip: URL https://timesofindia.indiatimes.com/world/us-streamers/why-did-blue-archive-walk-back-its-streamer-deal-with-ironmouse-and-cdawgva-so-fast-heres-what-you-need-to-know/articleshow/126083107.cms already exists.
2025-12-19 20:47:12,747 - INFO - [The Hindu] Early skip: URL https://www.thehindu.com/news/national/karnataka/finance-minister-nirmala-sitharaman-on-a-three-day-visit-to-vijayanagara-starting-december-20/article70415907.ece already exists.
2025-12-19 20:47:12,942 - INFO - [The Hindu] Early skip: URL https://www.thehindu.com/news/national/andhra-pradesh/indonesia-keen-to-boost-trade-ties-with-andhra-pradesh-consul-general/article70417160.ece already exists.
2025-12-19 20:47:13,151 - INFO - [Times of India] Early skip: URL https://timesofindia.indiatimes.com/world/us/go-back-to-quotas-maga-congressman-wants-to-end-h-1b-visas-and-dismantle-1965-immigration-system/articleshow/126082459.cms already exists.
2025-12-19 20:47:13,383 - INFO - [The Hindu] Early skip: URL https://www.thehindu.com/news/national/telangana/honesty-integrity-are-non-negotiable-in-recruitment-president-murmu-tells-pscs/article70417049.ece already exists.
2025-12-19 20:47:13,579 - INFO - [Times of India] Early skip: URL https://timesofindia.indiatimes.com/world/us/grateful-to-pakistan-for-us-on-islamabads-offer-to-send-troops-to-gaza/articleshow/126082369.cms already exists.
2025-12-19 20:47:13,785 - INFO - [The Hindu] Early skip: URL https://www.thehindu.com/news/national/chhattisgarh/dsp-stabbed-by-couple-in-chhattisgarhs-dantewada-over-old-dispute/article70416937.ece already exists.
2025-12-19 20:47:14,080 - INFO - [Times of India] Early skip: URL https://timesofindia.indiatimes.com/world/us/doj-fails-to-release-full-epstein-files-within-30-days-democrats-accuse-trump-administration-of-breaking-the-law/articleshow/126081600.cms already exists.
2025-12-19 20:47:14,309 - INFO - [The Hindu] Early skip: URL https://www.thehindu.com/news/national/andhra-pradesh/upskilling-vital-to-thrive-in-tech-era-says-hcl-gm/article70417090.ece already exists.
2025-12-19 20:47:14,544 - INFO - [Times of India] Early skip: URL https://timesofindia.indiatimes.com/world/us/my-husbands-friend-erika-kirk-endorses-jd-vance-for-president-in-2028-ends-speculations/articleshow/126081656.cms already exists.
2025-12-19 20:47:14,802 - INFO - [The Hindu] Early skip: URL https://www.thehindu.com/news/national/haryana/haryana-assembly-no-confidence-motion-against-bjp-government-defeated-after-opposition-stages-walkout/article70417231.ece already exists.
2025-12-19 20:47:14,955 - INFO - [The Hindu] (Thread) Finished. Attempting to shut down its Selenium driver.
2025-12-19 20:47:14,956 - INFO - [Times of India] Early skip: URL https://timesofindia.indiatimes.com/world/us-streamers/erika-kirk-sparks-fresh-debate-at-amfest-2025-after-egypt-joke-tied-to-candace-owens-and-charlie-kirk-death-claims/articleshow/126081121.cms already exists.
2025-12-19 20:47:15,055 - INFO - [The Hindu] (Thread) driver.quit() successful.
2025-12-19 20:47:15,212 - INFO - [Times of India] Early skip: URL https://timesofindia.indiatimes.com/world/us/60-day-grace-period-more-valuable-than-ever-immigration-experts-advice-to-h-1b-visa-holders/articleshow/126080935.cms already exists.
2025-12-19 20:47:15,444 - INFO - [Times of India] Early skip: URL https://timesofindia.indiatimes.com/world/us-streamers/never-tip-if-you-dont-want-to-asmongold-blasts-tipping-culture-following-viral-confrontation-involving-wendy-ortizs-sister/articleshow/126080261.cms already exists.
2025-12-19 20:47:15,571 - INFO - [Times of India] Early skip: URL https://timesofindia.indiatimes.com/world/us/im-both-indian-and-white-nikki-haleys-son-says-in-online-rant-against-vivek-ramaswamy-crashing-out-at-christmas/articleshow/126079788.cms already exists.
2025-12-19 20:47:15,773 - INFO - [Times of India] Early skip: URL https://timesofindia.indiatimes.com/world/us/what-ties-shooter-claudio-manuel-neves-valente-to-both-brown-university-and-mit-jealousy-or-unresolved-anger/articleshow/126080000.cms already exists.
2025-12-19 20:47:16,053 - INFO - [Times of India] Early skip: URL https://timesofindia.indiatimes.com/world/us/horrible-amazon-bans-delivery-worker-after-doorbell-footage-revealed-he-stole-a-cat-from-california-home/articleshow/126079382.cms already exists.
2025-12-19 20:47:16,198 - INFO - [Times of India] Early skip: URL https://timesofindia.indiatimes.com/world/us/donald-trump-and-the-art-of-adding-your-name-next-to-kennedy/articleshow/126079374.cms already exists.
2025-12-19 20:47:16,348 - INFO - [Times of India] Early skip: URL https://timesofindia.indiatimes.com/world/rest-of-world/taiwan-eight-injured-in-smoke-grenade-knife-attacks-at-taipei-metro-stations-three-suffer-cardiac-arrest/articleshow/126078672.cms already exists.
2025-12-19 20:47:16,633 - INFO - [Times of India] Early skip: URL https://timesofindia.indiatimes.com/world/rest-of-world/8-indian-origin-people-among-20-arrested-in-canada-as-cops-bust-huge-auto-theft-gang-306-stolen-cars-recovered/articleshow/126078860.cms already exists.
2025-12-19 20:47:16,782 - INFO - [Times of India] Early skip: URL https://timesofindia.indiatimes.com/world/us/brown-university-shooting-how-a-single-reddit-post-helped-fbi-capture-gunman-claudio-manuel-neves-valente/articleshow/126078550.cms already exists.
2025-12-19 20:47:16,989 - INFO - [Times of India] (Thread) Finished. Attempting to shut down its Selenium driver.
2025-12-19 20:47:17,134 - INFO - [Times of India] (Thread) driver.quit() successful.
2025-12-19 20:47:17,134 - INFO - Shutting down thread pool (wait=False)...
2025-12-19 20:47:17,134 - INFO - Scraped: 0 BBC, 2 The Hindu, 3 Times of India, 0 The Guardian articles. (Total saved: 5)
2025-12-19 20:47:17,135 - INFO - --- Scraping job finished ---
2025-12-19 20:47:17,139 - INFO - --- Scraper service stopped and database connection closed. ---
2025-12-19 20:47:17,139 - INFO - --- Main thread finished. Forcing process exit to kill zombie threads. ---
