2025-12-29 07:48:38,012 - INFO - Loading AI Semantic Model (all-MiniLM-L6-v2)...
2025-12-29 07:48:38,013 - INFO - Use pytorch device_name: cpu
2025-12-29 07:48:38,013 - INFO - Load pretrained SentenceTransformer: all-MiniLM-L6-v2
2025-12-29 07:48:39,381 - INFO - AI Model loaded successfully.
2025-12-29 07:48:39,381 - INFO - --- Scraper service started (CI Mode: Run Once) ---
2025-12-29 07:48:39,381 - INFO - --- Starting new scraping job (Parallel Mode) ---
2025-12-29 07:48:39,381 - INFO - Creating new robust session with 3 retries on 5xx/connection/read errors.
2025-12-29 07:48:39,381 - INFO - Proxy is DISABLED.
2025-12-29 07:48:39,382 - INFO - Starting scrape for BBC RSS feed: http://feeds.bbci.co.uk/news/world/rss.xml
2025-12-29 07:48:39,383 - INFO - [Times of India] (Thread) requires Selenium. Initializing driver...
2025-12-29 07:48:39,384 - INFO - Starting scrape for The Guardian RSS feed: https://www.theguardian.com/world/rss
2025-12-29 07:48:39,385 - INFO - [The Hindu] (Thread) requires Selenium. Initializing driver...
2025-12-29 07:48:39,385 - INFO - Submitted 4 jobs to thread pool. Waiting up to 300s for completion...
2025-12-29 07:48:39,470 - INFO - Found 45 articles in The Guardian RSS feed. Processing up to 30.
2025-12-29 07:48:39,470 - INFO - [The Guardian] Early skip: URL https://www.theguardian.com/world/2025/dec/28/central-african-republic-goes-to-polls-as-president-seeks-third-term already exists.
2025-12-29 07:48:39,499 - INFO - Found 32 articles in BBC RSS feed. Processing up to 30.
2025-12-29 07:48:39,638 - INFO - [BBC] Early skip: URL https://www.bbc.com/news/articles/c36z615y443o?at_medium=RSS&at_campaign=rss already exists.
2025-12-29 07:48:39,882 - INFO - [The Guardian] Early skip: URL https://www.theguardian.com/world/2025/dec/27/guinea-junta-leader-mamady-doumbouya-frontrunner-president-election already exists.
2025-12-29 07:48:40,122 - INFO - [BBC] Early skip: URL https://www.bbc.com/news/articles/cd74pxvrp10o?at_medium=RSS&at_campaign=rss already exists.
2025-12-29 07:48:40,384 - INFO - [The Guardian] Early skip: URL https://www.theguardian.com/world/2025/dec/26/israel-first-country-to-recognise-somaliland-sovereign-state already exists.
2025-12-29 07:48:40,487 - INFO - [BBC] Early skip: URL https://www.bbc.com/news/articles/c87l7xjp235o?at_medium=RSS&at_campaign=rss already exists.
2025-12-29 07:48:40,720 - INFO - [The Guardian] Early skip: URL https://www.theguardian.com/world/2025/dec/26/british-egyptian-activist-alaa-abd-el-fattah-arrives-in-uk-after-travel-ban-lifted already exists.
2025-12-29 07:48:40,978 - INFO - [BBC] Early skip: URL https://www.bbc.com/news/articles/cj4qp17e1lqo?at_medium=RSS&at_campaign=rss already exists.
2025-12-29 07:48:41,253 - INFO - [The Guardian] Early skip: URL https://www.theguardian.com/us-news/2025/dec/26/trump-supporters-nigeria-airstrikes already exists.
2025-12-29 07:48:41,372 - INFO - [BBC] Early skip: URL https://www.bbc.com/news/articles/cx2328e70y7o?at_medium=RSS&at_campaign=rss already exists.
2025-12-29 07:48:41,489 - INFO - [The Guardian] Early skip: URL https://www.theguardian.com/world/2025/dec/29/brazil-ex-president-jair-bolsonaro-hiccups-treatment already exists.
2025-12-29 07:48:41,760 - INFO - [BBC] Early skip: URL https://www.bbc.com/news/articles/cx2g263v3kzo?at_medium=RSS&at_campaign=rss already exists.
2025-12-29 07:48:41,874 - INFO - [The Guardian] Early skip: URL https://www.theguardian.com/world/2025/dec/26/venezuela-political-prisoner-release already exists.
2025-12-29 07:48:42,161 - INFO - [BBC] Early skip: URL https://www.bbc.com/news/articles/cly92pr8qryo?at_medium=RSS&at_campaign=rss already exists.
2025-12-29 07:48:42,378 - INFO - [The Guardian] Early skip: URL https://www.theguardian.com/world/2025/dec/26/weather-tracker-deep-freeze-canada-us-records-warmest-christmas already exists.
2025-12-29 07:48:42,591 - INFO - [BBC] Early skip: URL https://www.bbc.com/news/articles/ce3z3w4wy0go?at_medium=RSS&at_campaign=rss already exists.
2025-12-29 07:48:42,801 - INFO - [The Guardian] Early skip: URL https://www.theguardian.com/environment/2025/dec/25/they-are-scared-of-us-now-how-one-tropical-forest-turned-the-tide-on-loggers already exists.
2025-12-29 07:48:43,049 - INFO - [BBC] Early skip: URL https://www.bbc.com/news/articles/cdj817m37rgo?at_medium=RSS&at_campaign=rss already exists.
2025-12-29 07:48:43,247 - INFO - [The Guardian] Early skip: URL https://www.theguardian.com/world/2025/dec/25/cape-froward-new-national-park-patagonia-chile already exists.
2025-12-29 07:48:43,476 - INFO - [BBC] Early skip: URL https://www.bbc.com/news/articles/cy7vly6gm76o?at_medium=RSS&at_campaign=rss already exists.
2025-12-29 07:48:43,616 - INFO - [The Guardian] Early skip: URL https://www.theguardian.com/world/2025/dec/29/china-live-fire-military-drills-around-taiwan already exists.
2025-12-29 07:48:43,792 - INFO - [BBC] Early skip: URL https://www.bbc.com/news/videos/c05834pp6jno?at_medium=RSS&at_campaign=rss already exists.
2025-12-29 07:48:44,027 - INFO - [The Guardian] Early skip: URL https://www.theguardian.com/world/2025/dec/29/search-for-malaysia-airlines-flight-mh370-expected-to-resume already exists.
2025-12-29 07:48:44,205 - INFO - [BBC] Early skip: URL https://www.bbc.com/news/articles/cp8966ew7y7o?at_medium=RSS&at_campaign=rss already exists.
2025-12-29 07:48:44,498 - INFO - [The Guardian] Early skip: URL https://www.theguardian.com/world/2025/dec/28/myanmar-elections-voting-begins-under-junta-stranglehold-with-aung-san-suu-kyi-banned already exists.
2025-12-29 07:48:44,691 - INFO - [BBC] Early skip: URL https://www.bbc.com/news/articles/c3r7ge7937qo?at_medium=RSS&at_campaign=rss already exists.
2025-12-29 07:48:44,826 - INFO - [The Guardian] Early skip: URL https://www.theguardian.com/world/2025/dec/28/myanmar-is-going-to-the-polls-but-its-not-the-people-who-hold-the-power-its-china already exists.
2025-12-29 07:48:45,064 - INFO - [BBC] Early skip: URL https://www.bbc.com/news/articles/cqxq59np394o?at_medium=RSS&at_campaign=rss already exists.
2025-12-29 07:48:45,238 - INFO - [The Guardian] Early skip: URL https://www.theguardian.com/world/2025/dec/27/thailand-and-cambodia-agree-immediate-ceasefire-after-weeks-of-deadly-border-clashes already exists.
2025-12-29 07:48:45,374 - INFO - [BBC] Early skip: URL https://www.bbc.com/news/articles/c3v1g227p4xo?at_medium=RSS&at_campaign=rss already exists.
2025-12-29 07:48:45,628 - INFO - [The Guardian] Early skip: URL https://www.theguardian.com/australia-news/2025/dec/29/wounded-hero-ahmed-al-ahmed-speaks-of-saving-lives-at-bondi-beach-ntwnfb already exists.
2025-12-29 07:48:45,736 - INFO - [BBC] Early skip: URL https://www.bbc.com/news/articles/cd9z1k4g40jo?at_medium=RSS&at_campaign=rss already exists.
2025-12-29 07:48:45,946 - INFO - [The Guardian] Early skip: URL https://www.theguardian.com/australia-news/2025/dec/29/emma-johnston-university-melbourne-vice-chancellor-dies-aged-52 already exists.
2025-12-29 07:48:46,177 - INFO - [BBC] Early skip: URL https://www.bbc.com/news/articles/cde61jz5653o?at_medium=RSS&at_campaign=rss already exists.
2025-12-29 07:48:46,373 - INFO - [The Guardian] Early skip: URL https://www.theguardian.com/australia-news/2025/dec/29/albanese-government-rejects-calls-bondi-royal-commission-ntwnfb already exists.
2025-12-29 07:48:46,487 - INFO - [BBC] Early skip: URL https://www.bbc.com/news/articles/cpvd90k2zn4o?at_medium=RSS&at_campaign=rss already exists.
2025-12-29 07:48:46,656 - INFO - [The Guardian] Early skip: URL https://www.theguardian.com/world/2025/dec/29/passengers-on-cruise-ship-that-ran-aground-off-png-to-be-flown-home-after-refloat-efforts-fail already exists.
2025-12-29 07:48:46,885 - INFO - [BBC] Early skip: URL https://www.bbc.com/news/articles/cdxw7593x9zo?at_medium=RSS&at_campaign=rss already exists.
2025-12-29 07:48:47,010 - INFO - [The Guardian] Early skip: URL https://www.theguardian.com/australia-news/2025/dec/29/woman-missing-outback-australia-search-renewed already exists.
2025-12-29 07:48:47,309 - INFO - [BBC] Early skip: URL https://www.bbc.com/news/articles/c0je281pnwyo?at_medium=RSS&at_campaign=rss already exists.
2025-12-29 07:48:47,446 - INFO - Selenium driver initialized successfully.
2025-12-29 07:48:47,446 - INFO - Starting scrape for The Hindu RSS feed: https://www.thehindu.com/news/national/feeder/default.rss
2025-12-29 07:48:47,447 - INFO - Selenium driver initialized successfully.
2025-12-29 07:48:47,447 - INFO - Starting scrape for Times of India RSS feed: https://timesofindia.indiatimes.com/rssfeeds/296589292.cms
2025-12-29 07:48:47,521 - INFO - Found 20 articles in Times of India RSS feed. Processing up to 30.
2025-12-29 07:48:47,538 - INFO - [The Guardian] Early skip: URL https://www.theguardian.com/world/live/2025/dec/28/ukraine-war-live-russia-zelenskyy-trump-meeting-florida-kyiv-latest-news-updates already exists.
2025-12-29 07:48:47,650 - INFO - [Times of India] Article: https://timesofindia.indiatimes.com/world/rest-of-world/watch-russia-shares-ai-video-of-world-leaders-receiving-christmas-gifts-from-putin-what-pm-modi-trump-got/articleshow/126225854.cms
2025-12-29 07:48:47,650 - INFO - [Times of India] Attempt 1/1: Trying with 'selenium_browser' strategy...
2025-12-29 07:48:47,651 - INFO - [BBC] Early skip: URL https://www.bbc.com/news/articles/c888rzkd0dzo?at_medium=RSS&at_campaign=rss already exists.
2025-12-29 07:48:47,922 - INFO - [The Guardian] Early skip: URL https://www.theguardian.com/film/2025/dec/28/brigitte-bardot-french-screen-legend-and-animal-rights-activist-dies already exists.
2025-12-29 07:48:48,035 - INFO - [BBC] Early skip: URL https://www.bbc.com/news/articles/c20p78kp8pgo?at_medium=RSS&at_campaign=rss already exists.
2025-12-29 07:48:48,186 - INFO - [The Guardian] Early skip: URL https://www.theguardian.com/film/2025/dec/28/off-the-shoulder-tops-and-a-signature-hair-do-brigitte-bardot-style-legacy already exists.
2025-12-29 07:48:48,331 - INFO - Found 100 articles in The Hindu RSS feed. Processing up to 30.
2025-12-29 07:48:48,405 - INFO - [BBC] Early skip: URL https://www.bbc.com/news/articles/c4g6xgv1n41o?at_medium=RSS&at_campaign=rss already exists.
2025-12-29 07:48:48,686 - INFO - [The Hindu] Article: https://www.thehindu.com/sci-tech/energy-and-environment/supreme-court-puts-its-november-expert-report-in-abeyance-in-aravalli-hills-case/article70448773.ece
2025-12-29 07:48:48,686 - INFO - [The Hindu] Attempt 1/1: Trying with 'selenium_browser' strategy...
2025-12-29 07:48:48,687 - INFO - [The Guardian] Early skip: URL https://www.theguardian.com/world/2025/dec/28/trump-zelenskyy-talks-amid-heavy-russian-airstrikes-on-ukraine already exists.
2025-12-29 07:48:48,814 - INFO - [BBC] Early skip: URL https://www.bbc.com/news/articles/cn987yqnee9o?at_medium=RSS&at_campaign=rss already exists.
2025-12-29 07:48:49,090 - INFO - [The Guardian] Early skip: URL https://www.theguardian.com/world/2025/dec/27/zelenskyy-to-meet-european-leaders-and-trump-for-ukraine-peace-talks-amid-fresh-strikes-on-kyiv already exists.
2025-12-29 07:48:49,298 - INFO - [The Guardian] Early skip: URL https://www.theguardian.com/world/2025/dec/29/netanyahu-to-meet-trump-in-us-amid-fears-of-israeli-regional-offensives already exists.
2025-12-29 07:48:49,525 - INFO - [BBC] Early skip: URL https://www.bbc.com/news/articles/c93wjn1y72vo?at_medium=RSS&at_campaign=rss already exists.
2025-12-29 07:48:49,811 - INFO - [BBC] Early skip: URL https://www.bbc.com/news/articles/cy073xp2yj0o?at_medium=RSS&at_campaign=rss already exists.
2025-12-29 07:48:50,022 - INFO - [BBC] Early skip: URL https://www.bbc.com/news/articles/cpwk9grv290o?at_medium=RSS&at_campaign=rss already exists.
2025-12-29 07:48:50,143 - INFO - [BBC] Early skip: URL https://www.bbc.com/news/videos/crl9gpynrdno?at_medium=RSS&at_campaign=rss already exists.
2025-12-29 07:48:50,376 - INFO - [The Guardian] Early skip: URL https://www.theguardian.com/world/2025/dec/26/palestinian-man-kills-two-in-northern-israel-car-ramming-and-stabbing-attack-police-say already exists.
2025-12-29 07:48:50,583 - INFO - [The Guardian] Early skip: URL https://www.theguardian.com/world/2025/dec/26/southern-separatists-on-rise-in-yemen-report-saudi-airstrikes-near-positions already exists.
2025-12-29 07:48:50,746 - INFO - [BBC] Article: https://www.bbc.com/news/videos/cz7n4px7e41o?at_medium=RSS&at_campaign=rss
2025-12-29 07:48:50,759 - INFO - [BBC] Attempt 1/1: Trying with 'requests_browser' strategy...
2025-12-29 07:48:50,746 - INFO - [The Guardian] Early skip: URL https://www.theguardian.com/world/2025/dec/24/israel-condemned-approval-19-settlements-occupied-west-bank already exists.
2025-12-29 07:48:51,010 - INFO - [The Guardian] Early skip: URL https://www.theguardian.com/world/2025/dec/24/israel-strikes-southern-lebanon-as-deadline-to-disarm-hezbollah-nears already exists.
2025-12-29 07:48:51,035 - WARNING - [BBC] FAILED with 'requests_browser' (content was too short: 86 words).
2025-12-29 07:48:51,035 - ERROR - [BBC] All scrape strategies failed for https://www.bbc.com/news/videos/cz7n4px7e41o?at_medium=RSS&at_campaign=rss. Falling back to RSS description.
2025-12-29 07:48:51,035 - WARNING - SKIPPED (GLOBAL WORD LIMIT): Article 'Snow-capped Mount Etna erupts as skiers glide down slopes' from BBC has only 19 words (Min: 90).
2025-12-29 07:48:51,674 - INFO - [BBC] Article: https://www.bbc.com/news/videos/cn4dexwzejeo?at_medium=RSS&at_campaign=rss
2025-12-29 07:48:51,674 - INFO - [BBC] Attempt 1/1: Trying with 'requests_browser' strategy...
2025-12-29 07:48:51,737 - WARNING - [BBC] FAILED with 'requests_browser' (content was too short: 59 words).
2025-12-29 07:48:51,737 - ERROR - [BBC] All scrape strategies failed for https://www.bbc.com/news/videos/cn4dexwzejeo?at_medium=RSS&at_campaign=rss. Falling back to RSS description.
2025-12-29 07:48:51,738 - WARNING - SKIPPED (GLOBAL WORD LIMIT): Article 'Watch: Meteor lights up sky over Japan's Mount Fuji' from BBC has only 14 words (Min: 90).
2025-12-29 07:48:53,883 - INFO - [The Hindu] Page content loaded.
2025-12-29 07:48:54,164 - INFO - [The Hindu] Success with 'selenium_browser'. Found content (245 words).
2025-12-29 07:49:12,810 - INFO - DEDUPLICATION: Found match (Score: 0.78). Linking to Cluster ID: 92644407-9805-451e-b8a0-aede42bec89e
2025-12-29 07:49:12,812 - INFO - Saved article: Supreme Court puts its November expert report in abeyance in Aravalli hills case - The Hindu from The Hindu (245 words)
2025-12-29 07:49:14,034 - INFO - [The Hindu] Article: https://www.thehindu.com/news/national/kerala/congress-office-vandalised-in-keralas-kannur-party-blames-cpim/article70448715.ece
2025-12-29 07:49:14,034 - INFO - [The Hindu] Attempt 1/1: Trying with 'selenium_browser' strategy...
2025-12-29 07:49:14,988 - INFO - [The Hindu] Page content loaded.
2025-12-29 07:49:15,066 - INFO - [The Hindu] Success with 'selenium_browser'. Found content (181 words).
2025-12-29 07:49:28,686 - INFO - Saved article: Congress office vandalised in Kerala’s Kannur; party blames CPI(M) - The Hindu from The Hindu (181 words)
2025-12-29 07:49:29,389 - INFO - [The Hindu] Article: https://www.thehindu.com/shorts/watch-one-killed-in-tataernakulam-express-fire-vijayawada-drm/article70448765.ece
2025-12-29 07:49:29,389 - INFO - [The Hindu] Attempt 1/1: Trying with 'selenium_browser' strategy...
2025-12-29 07:49:41,907 - WARNING - [The Hindu] Page timed out (10s). Proceeding anyway.
2025-12-29 07:49:42,070 - WARNING - [The Hindu] FAILED with 'selenium_browser' (content was too short: 44 words).
2025-12-29 07:49:42,070 - ERROR - [The Hindu] All scrape strategies failed for https://www.thehindu.com/shorts/watch-one-killed-in-tataernakulam-express-fire-vijayawada-drm/article70448765.ece. Falling back to RSS description.
2025-12-29 07:49:42,070 - WARNING - SKIPPED (GLOBAL WORD LIMIT): Article 'Watch: One killed in Tata–Ernakulam Express fire: Vijayawada DRM' from The Hindu has only 3 words (Min: 90).
2025-12-29 07:49:43,075 - INFO - [The Hindu] Early skip: URL https://www.thehindu.com/news/national/insv-kaundinya-navy-vessel-voyage-india-to-oman-all-you-need-to-know/article70448690.ece already exists.
2025-12-29 07:49:43,215 - INFO - [The Hindu] Article: https://www.thehindu.com/news/national/sc-stays-unnao-rape-convict-sengars-suspension-of-life-sentence/article70448721.ece
2025-12-29 07:49:43,215 - INFO - [The Hindu] Attempt 1/1: Trying with 'selenium_browser' strategy...
2025-12-29 07:49:43,855 - INFO - [The Hindu] Page content loaded.
2025-12-29 07:49:43,939 - INFO - [The Hindu] Success with 'selenium_browser'. Found content (180 words).
2025-12-29 07:49:57,642 - INFO - DEDUPLICATION: Found match (Score: 0.87). Linking to Cluster ID: e0388da9-e6e3-44eb-aea2-69fe8cce583d
2025-12-29 07:49:57,644 - INFO - Saved article: Supreme Court stays Unnao rape convict Sengar’s suspension of life sentence - The Hindu from The Hindu (180 words)
2025-12-29 07:49:58,384 - INFO - [The Hindu] Early skip: URL https://www.thehindu.com/news/national/maharashtra/ncp-sp-ncp-join-hands-for-pune-civic-polls/article70448686.ece already exists.
2025-12-29 07:49:58,582 - INFO - [The Hindu] Early skip: URL https://www.thehindu.com/news/national/is-death-of-33-blos-okay-mp-kapil-sibal-takes-dig-at-government/article70448677.ece already exists.
2025-12-29 07:49:58,711 - INFO - [The Hindu] Early skip: URL https://www.thehindu.com/news/national/tripura-student-murder-tipra-party-wing-announces-10-lakh-reward-for-info-on-prime-accused/article70448619.ece already exists.
2025-12-29 07:49:58,912 - INFO - [The Hindu] Early skip: URL https://www.thehindu.com/news/national/telangana/telangana-assembly-winter-session-begins-kcr-attends/article70448636.ece already exists.
2025-12-29 07:49:59,149 - INFO - [The Hindu] Early skip: URL https://www.thehindu.com/news/national/kerala/two-youths-arrested-for-sexually-abusing-minor-at-rented-flat-in-keralas-kozhikode/article70448641.ece already exists.
2025-12-29 07:49:59,427 - INFO - [The Hindu] Early skip: URL https://www.thehindu.com/news/national/uttar-pradesh/adityanath-orders-closure-of-schools-across-uttar-pradesh-till-january-1-amid-cold-wave/article70448575.ece already exists.
2025-12-29 07:49:59,676 - INFO - [The Hindu] Early skip: URL https://www.thehindu.com/sci-tech/science/alaknanda-indian-astronomers-spot-implausibly-old-spiral-galaxy/article70443024.ece already exists.
2025-12-29 07:49:59,865 - INFO - [The Hindu] Early skip: URL https://www.thehindu.com/sci-tech/energy-and-environment/real-estate-development-opened-up-by-rajasthans-double-engine-govt-to-hurt-aravallis-more-congress/article70448580.ece already exists.
2025-12-29 07:50:00,085 - INFO - [The Hindu] Early skip: URL https://www.thehindu.com/news/national/kerala/case-registered-over-instagram-reel-showing-country-bomb-explosion-in-keralas-kannur/article70448492.ece already exists.
2025-12-29 07:50:00,202 - INFO - [The Hindu] Early skip: URL https://www.thehindu.com/news/national/tamil-nadu/tn-government-sets-new-fee-for-property-transfer-returns-and-leases/article70443323.ece already exists.
2025-12-29 07:50:00,359 - INFO - [The Hindu] Early skip: URL https://www.thehindu.com/news/national/unnao-rape-case-supreme-court-hearing-kuldeep-singh-sengar-live-updates-december-29-2025/article70448441.ece already exists.
2025-12-29 07:50:00,591 - INFO - [The Hindu] Early skip: URL https://www.thehindu.com/news/national/aravalli-hills-supreme-court-hearing-live-updates-december-29/article70448368.ece already exists.
2025-12-29 07:50:00,789 - INFO - [The Hindu] Article: https://www.thehindu.com/shorts/watch-fire-engulfs-two-coaches-of-tatanagarernakulam-express-in-andhra-pradesh/article70448376.ece
2025-12-29 07:50:00,789 - INFO - [The Hindu] Attempt 1/1: Trying with 'selenium_browser' strategy...
2025-12-29 07:50:12,227 - WARNING - [The Hindu] Page timed out (10s). Proceeding anyway.
2025-12-29 07:50:12,249 - WARNING - [The Hindu] FAILED with 'selenium_browser' (content was too short: 48 words).
2025-12-29 07:50:12,250 - ERROR - [The Hindu] All scrape strategies failed for https://www.thehindu.com/shorts/watch-fire-engulfs-two-coaches-of-tatanagarernakulam-express-in-andhra-pradesh/article70448376.ece. Falling back to RSS description.
2025-12-29 07:50:12,250 - WARNING - SKIPPED (GLOBAL WORD LIMIT): Article 'Watch: Fire engulfs two coaches of Tatanagar–Ernakulam Express in Andhra Pradesh' from The Hindu has only 3 words (Min: 90).
2025-12-29 07:50:13,023 - INFO - [The Hindu] Early skip: URL https://www.thehindu.com/news/national/chhattisgarh/ed-raid-chhattisgarh-bharatmala-project-december-29/article70448335.ece already exists.
2025-12-29 07:50:13,246 - INFO - [The Hindu] Early skip: URL https://www.thehindu.com/news/national/tripura/protests-erupt-in-tripura-over-murder-of-student-angel-chakma-in-uttarakhand/article70448284.ece already exists.
2025-12-29 07:50:13,360 - INFO - [The Hindu] Early skip: URL https://www.thehindu.com/news/national/andhra-pradesh/andhra-pradesh-train-fire-engulf-two-coaches-of-tatanagar-ernakulam-express-anakapalli/article70448263.ece already exists.
2025-12-29 07:50:13,541 - INFO - [The Hindu] Early skip: URL https://www.thehindu.com/news/cities/mumbai/ncp-releases-first-list-of-candidates-for-mumbai-polls/article70448245.ece already exists.
2025-12-29 07:50:13,832 - INFO - [The Hindu] Early skip: URL https://www.thehindu.com/society/history-and-culture/homo-opportunisticus-the-contingent-contested-evolution-of-caste/article70446575.ece already exists.
2025-12-29 07:50:14,114 - INFO - [The Hindu] Early skip: URL https://www.thehindu.com/news/national/tamil-nadu/vice-president-to-arrive-in-puducherry-today/article70447150.ece already exists.
2025-12-29 07:50:14,348 - INFO - [The Hindu] Early skip: URL https://www.thehindu.com/news/national/bihar/spotlight-the-man-who-wore-an-ias-mask/article70445976.ece already exists.
2025-12-29 07:50:14,601 - INFO - [The Hindu] Early skip: URL https://www.thehindu.com/news/national/amit-shahs-arrival-in-guwahati-postponed-as-his-flight-cancelled-due-to-dense-fog/article70447403.ece already exists.
2025-12-29 07:50:14,789 - INFO - [The Hindu] Early skip: URL https://www.thehindu.com/news/national/uttar-pradesh/nearly-200-up-villagers-get-rabies-shots-after-consuming-curd-from-buffalo-that-died-after-dog-bite/article70447429.ece already exists.
2025-12-29 07:50:14,970 - INFO - [The Hindu] Early skip: URL https://www.thehindu.com/news/national/haryana/haryana-police-draws-up-an-expanded-crime-and-security-strategy-for-2026-with-a-focus-on-violent-offenders/article70446374.ece already exists.
2025-12-29 07:50:15,120 - INFO - [The Hindu] Early skip: URL https://www.thehindu.com/news/national/maharashtra/parivar-together-ajit-pawar-announces-ncp-ncp-sp-alliance-for-pimpri-chinchwad-civic-polls/article70447373.ece already exists.
2025-12-29 07:50:15,364 - INFO - [The Hindu] Early skip: URL https://www.thehindu.com/opinion/op-ed/tamil-nadu-needs-to-think-beyond-the-metro/article70445866.ece already exists.
2025-12-29 07:50:15,598 - INFO - [The Hindu] (Thread) Finished. Attempting to shut down its Selenium driver.
2025-12-29 07:50:15,718 - INFO - [The Hindu] (Thread) driver.quit() successful.
2025-12-29 07:50:47,660 - ERROR - [Times of India] Request failed for strategy 'selenium_browser' on URL https://timesofindia.indiatimes.com/world/rest-of-world/watch-russia-shares-ai-video-of-world-leaders-receiving-christmas-gifts-from-putin-what-pm-modi-trump-got/articleshow/126225854.cms: HTTPConnectionPool(host='localhost', port=45885): Read timed out. (read timeout=120)
2025-12-29 07:50:47,661 - ERROR - [Times of India] All scrape strategies failed for https://timesofindia.indiatimes.com/world/rest-of-world/watch-russia-shares-ai-video-of-world-leaders-receiving-christmas-gifts-from-putin-what-pm-modi-trump-got/articleshow/126225854.cms. Falling back to RSS description.
2025-12-29 07:50:47,661 - WARNING - SKIPPED (GLOBAL WORD LIMIT): Article 'Watch: Russia shares AI video of world leaders receiving Christmas gifts from Putin — what PM Modi &amp; Trump got' from Times of India has only 3 words (Min: 90).
2025-12-29 07:50:49,012 - INFO - [Times of India] Early skip: URL https://timesofindia.indiatimes.com/world/middle-east/cristiano-ronaldo-named-best-middle-east-player-at-globe-soccer-awards-2025-in-dubai/articleshow/126225321.cms already exists.
2025-12-29 07:50:49,231 - INFO - [Times of India] Early skip: URL https://timesofindia.indiatimes.com/world/rest-of-world/lavish-gifts-from-jewellery-to-handbag-south-koreas-ex-president-yoon-suk-yeols-wife-accused-of-taking-bribes-over-200000/articleshow/126223433.cms already exists.
2025-12-29 07:50:49,366 - INFO - [Times of India] Early skip: URL https://timesofindia.indiatimes.com/world/middle-east/schengen-style-gcc-unified-tourist-visa-misses-2025-deadline-when-will-it-finally-launch/articleshow/126213710.cms already exists.
2025-12-29 07:50:49,635 - INFO - [Times of India] Early skip: URL https://timesofindia.indiatimes.com/world/rest-of-world/elderly-residents-trapped-indonesias-manado-retirement-home-catches-fire-16-killed/articleshow/126224134.cms already exists.
2025-12-29 07:50:49,901 - INFO - [Times of India] Early skip: URL https://timesofindia.indiatimes.com/world/rest-of-world/nuclear-readiness-north-korea-tests-2-long-range-cruise-missiles-kim-jong-un-calls-it-unlimited-sustained-development/articleshow/126222761.cms already exists.
2025-12-29 07:50:50,200 - INFO - [Times of India] Early skip: URL https://timesofindia.indiatimes.com/world/europe/worn-down-by-worry-parents-look-longingly-at-australias-social-media-ban/articleshow/126222946.cms already exists.
2025-12-29 07:50:50,460 - INFO - [Times of India] Early skip: URL https://timesofindia.indiatimes.com/world/south-asia/dhaka-bid-to-portray-isolated-acts-as-hindu-persecution/articleshow/126222878.cms already exists.
2025-12-29 07:50:50,689 - INFO - [Times of India] Early skip: URL https://timesofindia.indiatimes.com/world/europe/brigitte-bardot-an-icon-of-french-cinema-who-renounced-stardom-dies/articleshow/126222817.cms already exists.
2025-12-29 07:50:50,882 - INFO - [Times of India] Early skip: URL https://timesofindia.indiatimes.com/world/south-asia/bangladesh-division-in-students-led-ncp-over-alliance-with-jamaat-for-polls/articleshow/126222765.cms already exists.
2025-12-29 07:50:51,066 - INFO - [Times of India] Early skip: URL https://timesofindia.indiatimes.com/world/rest-of-world/sudanese-trek-through-mountains-to-escape-kordofan-fighting/articleshow/126223581.cms already exists.
2025-12-29 07:50:51,345 - INFO - [Times of India] Early skip: URL https://timesofindia.indiatimes.com/world/us-streamers/who-is-the-founder-of-faze-clan-origins-explored-amid-member-exits-contract-negotiations-and-creator-backlash/articleshow/126220016.cms already exists.
2025-12-29 07:50:51,566 - INFO - [Times of India] Early skip: URL https://timesofindia.indiatimes.com/world/us-streamers/why-shes-out-there-tim-dillon-highlights-public-confusion-over-erika-kirks-appearances-following-charlie-kirk-tragedy/articleshow/126220022.cms already exists.
2025-12-29 07:50:51,857 - INFO - [Times of India] Early skip: URL https://timesofindia.indiatimes.com/world/us-streamers/what-is-mrbeasts-minecraft-boys-vs-girls-video-controversy-allegations-of-fake-players-cheating-and-missing-details-explained/articleshow/126221917.cms already exists.
2025-12-29 07:50:52,125 - INFO - [Times of India] Early skip: URL https://timesofindia.indiatimes.com/world/us-streamers/what-happened-to-mike-the-real-tarzann-holston-influencer-shares-recovery-update-after-skydiving-accident/articleshow/126222171.cms already exists.
2025-12-29 07:50:52,291 - INFO - [Times of India] Early skip: URL https://timesofindia.indiatimes.com/world/us-streamers/doesnt-want-to-be-helped-influencer-walter-weekes-highlights-harsh-reality-after-failed-attempt-to-help-nickelodeon-child-actor-tylor-chase/articleshow/126222224.cms already exists.
2025-12-29 07:50:52,467 - INFO - [Times of India] Early skip: URL https://timesofindia.indiatimes.com/world/us-streamers/clavicular-sparks-fresh-controversy-after-twitch-debut-delivers-record-viewership-following-kick-ban/articleshow/126222289.cms already exists.
2025-12-29 07:50:52,673 - INFO - [Times of India] Early skip: URL https://timesofindia.indiatimes.com/world/uk/who-is-alaa-abd-el-fattah-and-why-is-keir-starmer-under-fire/articleshow/126222180.cms already exists.
2025-12-29 07:50:52,775 - INFO - [Times of India] Early skip: URL https://timesofindia.indiatimes.com/world/us/russia-wanted-ukraine-to-succeed-says-trump-after-meeting-zelenskyy-watch-his-reaction/articleshow/126221986.cms already exists.
2025-12-29 07:50:52,952 - INFO - [Times of India] Early skip: URL https://timesofindia.indiatimes.com/world/us/why-karoline-leavitts-pregnancy-is-so-rare-in-american-and-world-politics/articleshow/126221992.cms already exists.
2025-12-29 07:50:53,220 - INFO - [Times of India] (Thread) Finished. Attempting to shut down its Selenium driver.
2025-12-29 07:52:53,321 - WARNING - Retrying (Retry(total=2, connect=None, read=None, redirect=None, status=None)) after connection broken by 'ReadTimeoutError("HTTPConnectionPool(host='localhost', port=45885): Read timed out. (read timeout=120)")': /session/0e847c2cbed26b7c08ec39e0f233dde2
2025-12-29 07:53:39,385 - CRITICAL - --- TIMEOUT: 1 scrape jobs did not complete in 300s. ---
2025-12-29 07:53:39,385 - ERROR - A thread has timed out and will be abandoned.
2025-12-29 07:53:39,385 - INFO - Shutting down thread pool (wait=False)...
2025-12-29 07:53:39,385 - INFO - Scraped: 3 The Hindu, 0 BBC, 0 The Guardian, 1 Timed_Out_Jobs articles. (Total saved: 3)
2025-12-29 07:53:39,385 - INFO - --- Scraping job finished ---
2025-12-29 07:53:39,386 - INFO - --- Scraper service stopped and database connection closed. ---
2025-12-29 07:53:39,386 - INFO - --- Main thread finished. Forcing process exit to kill zombie threads. ---
