2025-12-21 05:46:33,860 - INFO - Loading AI Semantic Model (all-MiniLM-L6-v2)...
2025-12-21 05:46:33,861 - INFO - Use pytorch device_name: cpu
2025-12-21 05:46:33,861 - INFO - Load pretrained SentenceTransformer: all-MiniLM-L6-v2
2025-12-21 05:46:35,133 - INFO - AI Model loaded successfully.
2025-12-21 05:46:35,134 - INFO - --- Scraper service started (CI Mode: Run Once) ---
2025-12-21 05:46:35,134 - INFO - --- Starting new scraping job (Parallel Mode) ---
2025-12-21 05:46:35,134 - INFO - Creating new robust session with 3 retries on 5xx/connection/read errors.
2025-12-21 05:46:35,134 - INFO - Proxy is DISABLED.
2025-12-21 05:46:35,134 - INFO - Starting scrape for BBC RSS feed: http://feeds.bbci.co.uk/news/world/rss.xml
2025-12-21 05:46:35,135 - INFO - [Times of India] (Thread) requires Selenium. Initializing driver...
2025-12-21 05:46:35,136 - INFO - Starting scrape for The Guardian RSS feed: https://www.theguardian.com/world/rss
2025-12-21 05:46:35,137 - INFO - [The Hindu] (Thread) requires Selenium. Initializing driver...
2025-12-21 05:46:35,137 - INFO - Submitted 4 jobs to thread pool. Waiting up to 300s for completion...
2025-12-21 05:46:35,336 - INFO - Found 45 articles in The Guardian RSS feed. Processing up to 30.
2025-12-21 05:46:35,336 - INFO - [The Guardian] Early skip: URL https://www.theguardian.com/society/2025/dec/19/hepatitis-b-vaccine-study-guinea-bissau-rfk already exists.
2025-12-21 05:46:35,538 - INFO - [The Guardian] Early skip: URL https://www.theguardian.com/global-development/2025/dec/19/colombian-mercenaries-sudan-rsf-us-sanctions-recruited-uk-registered-firms-investigation already exists.
2025-12-21 05:46:35,687 - INFO - Found 31 articles in BBC RSS feed. Processing up to 30.
2025-12-21 05:46:35,771 - INFO - [BBC] Early skip: URL https://www.bbc.com/news/articles/c0mpy1ynnzzo?at_medium=RSS&at_campaign=rss already exists.
2025-12-21 05:46:36,016 - INFO - [The Guardian] Early skip: URL https://www.theguardian.com/global-development/2025/dec/18/morocco-genz212-protests-police-mass-arrests-beatings-detentions-rights already exists.
2025-12-21 05:46:36,225 - INFO - [BBC] Early skip: URL https://www.bbc.com/news/articles/c14vy02847vo?at_medium=RSS&at_campaign=rss already exists.
2025-12-21 05:46:36,400 - INFO - [The Guardian] Early skip: URL https://www.theguardian.com/world/2025/dec/16/five-key-moments-in-the-assault-on-the-rights-of-women-and-girls-in-2025 already exists.
2025-12-21 05:46:36,526 - INFO - [BBC] Early skip: URL https://www.bbc.com/news/articles/c5ydzl0nwqeo?at_medium=RSS&at_campaign=rss already exists.
2025-12-21 05:46:36,760 - INFO - [The Guardian] Early skip: URL https://www.theguardian.com/world/2025/dec/16/south-africa-russia-men-tricked-fighting-ukraine already exists.
2025-12-21 05:46:37,000 - INFO - [BBC] Early skip: URL https://www.bbc.com/news/articles/c9qe2yln2nlo?at_medium=RSS&at_campaign=rss already exists.
2025-12-21 05:46:37,210 - INFO - [The Guardian] Early skip: URL https://www.theguardian.com/us-news/2025/dec/20/us-second-merchant-vessel-venezuela already exists.
2025-12-21 05:46:37,449 - INFO - [BBC] Early skip: URL https://www.bbc.com/news/articles/c62vx2pgl0eo?at_medium=RSS&at_campaign=rss already exists.
2025-12-21 05:46:37,601 - INFO - [The Guardian] Early skip: URL https://www.theguardian.com/us-news/2025/dec/19/trump-venezuela-war already exists.
2025-12-21 05:46:37,895 - INFO - [BBC] Early skip: URL https://www.bbc.com/news/articles/c5yq7zzw618o?at_medium=RSS&at_campaign=rss already exists.
2025-12-21 05:46:38,106 - INFO - [The Guardian] Early skip: URL https://www.theguardian.com/world/2025/dec/19/montreal-grocery-store-santas-elves-robbery already exists.
2025-12-21 05:46:38,235 - INFO - [BBC] Early skip: URL https://www.bbc.com/news/articles/c5y9z0g7lleo?at_medium=RSS&at_campaign=rss already exists.
2025-12-21 05:46:38,364 - INFO - [The Guardian] Early skip: URL https://www.theguardian.com/world/2025/dec/19/colombia-eln-guerrilla-group-attack-military-base already exists.
2025-12-21 05:46:38,473 - INFO - [BBC] Early skip: URL https://www.bbc.com/news/articles/c8r38ne1x2mo?at_medium=RSS&at_campaign=rss already exists.
2025-12-21 05:46:38,624 - INFO - [The Guardian] Early skip: URL https://www.theguardian.com/world/2025/dec/19/i-cant-think-of-a-place-more-pristine-133000-hectares-of-chilean-patagonia-preserved-after-local-fundraising already exists.
2025-12-21 05:46:38,839 - INFO - [BBC] Early skip: URL https://www.bbc.com/news/articles/cp89p082y2xo?at_medium=RSS&at_campaign=rss already exists.
2025-12-21 05:46:39,033 - INFO - [BBC] Early skip: URL https://www.bbc.com/news/articles/cx251p7k23mo?at_medium=RSS&at_campaign=rss already exists.
2025-12-21 05:46:39,305 - INFO - [The Guardian] Early skip: URL https://www.theguardian.com/world/2025/dec/19/mass-stabbing-tapei already exists.
2025-12-21 05:46:39,411 - INFO - [BBC] Early skip: URL https://www.bbc.com/news/articles/c8dy8r7lq0go?at_medium=RSS&at_campaign=rss already exists.
2025-12-21 05:46:39,588 - INFO - [The Guardian] Early skip: URL https://www.theguardian.com/technology/2025/dec/19/uk-foreign-office-victim-cyber-attack-october- already exists.
2025-12-21 05:46:39,857 - INFO - [BBC] Early skip: URL https://www.bbc.com/news/articles/cp89p41gr06o?at_medium=RSS&at_campaign=rss already exists.
2025-12-21 05:46:40,002 - INFO - [The Guardian] Early skip: URL https://www.theguardian.com/technology/2025/dec/18/tiktok-signs-deal-us-entity-sale already exists.
2025-12-21 05:46:40,261 - INFO - [BBC] Early skip: URL https://www.bbc.com/news/articles/cp84p722m3do?at_medium=RSS&at_campaign=rss already exists.
2025-12-21 05:46:40,451 - INFO - [The Guardian] Early skip: URL https://www.theguardian.com/world/2025/dec/19/south-korean-president-urges-public-health-cover-hair-loss already exists.
2025-12-21 05:46:40,568 - INFO - [BBC] Early skip: URL https://www.bbc.com/news/articles/c5y9x4pj54eo?at_medium=RSS&at_campaign=rss already exists.
2025-12-21 05:46:40,737 - INFO - [The Guardian] Early skip: URL https://www.theguardian.com/world/2025/dec/18/us-announces-more-than-10bn-of-arms-sales-to-taiwan already exists.
2025-12-21 05:46:40,866 - INFO - [BBC] Early skip: URL https://www.bbc.com/news/articles/c3e025vyppeo?at_medium=RSS&at_campaign=rss already exists.
2025-12-21 05:46:41,143 - INFO - [The Guardian] Early skip: URL https://www.theguardian.com/australia-news/live/2025/dec/21/bondi-beach-terror-attack-one-week-anniversary-day-of-reflection-reactions-sydney-vigil-memorial-nsw-protest-laws-police-powers-anthony-albanese-labor-sussan-ley-coalition-ntwnfb already exists.
2025-12-21 05:46:41,336 - INFO - [BBC] Early skip: URL https://www.bbc.com/news/articles/cpq4p535347o?at_medium=RSS&at_campaign=rss already exists.
2025-12-21 05:46:41,448 - INFO - [The Guardian] Early skip: URL https://www.theguardian.com/australia-news/2025/dec/21/albanese-announces-review-of-intelligence-and-policing-processes-in-lead-up-to-bondi-beach-attack-ntwnfb already exists.
2025-12-21 05:46:41,596 - INFO - [BBC] Early skip: URL https://www.bbc.com/news/articles/cm21pxen1jno?at_medium=RSS&at_campaign=rss already exists.
2025-12-21 05:46:41,730 - INFO - [The Guardian] Early skip: URL https://www.theguardian.com/australia-news/2025/dec/21/bom-christmas-weather-forecast-perth-brisbane-melbourne-sydney-adelaide-hobart-darwin-canberra already exists.
2025-12-21 05:46:41,921 - INFO - [BBC] Early skip: URL https://www.bbc.com/news/articles/c2462r82864o?at_medium=RSS&at_campaign=rss already exists.
2025-12-21 05:46:42,168 - INFO - [The Guardian] Early skip: URL https://www.theguardian.com/australia-news/2025/dec/21/gun-law-reform-after-port-arthur-national-forearms-register-ntwnfb already exists.
2025-12-21 05:46:42,414 - INFO - [BBC] Early skip: URL https://www.bbc.com/news/articles/ckgdpz0gp3jo?at_medium=RSS&at_campaign=rss already exists.
2025-12-21 05:46:42,579 - INFO - [The Guardian] Early skip: URL https://www.theguardian.com/australia-news/2025/dec/20/lithium-battery-fire-on-truck-shuts-down-hume-highway-in-nsw-due-to-health-risk already exists.
2025-12-21 05:46:42,609 - INFO - Selenium driver initialized successfully.
2025-12-21 05:46:42,609 - INFO - Starting scrape for The Hindu RSS feed: https://www.thehindu.com/news/national/feeder/default.rss
2025-12-21 05:46:42,610 - INFO - Selenium driver initialized successfully.
2025-12-21 05:46:42,610 - INFO - Starting scrape for Times of India RSS feed: https://timesofindia.indiatimes.com/rssfeeds/296589292.cms
2025-12-21 05:46:42,686 - INFO - Found 20 articles in Times of India RSS feed. Processing up to 30.
2025-12-21 05:46:42,872 - INFO - [BBC] Early skip: URL https://www.bbc.com/news/articles/c5yqr485d84o?at_medium=RSS&at_campaign=rss already exists.
2025-12-21 05:46:43,173 - INFO - [Times of India] Article: https://timesofindia.indiatimes.com/world/pakistan/prepare-for-street-movement-imran-khan-calls-for-nationwide-protests-after-17-years-sentence-claims-his-lawyers-were-not-heard-in-court/articleshow/126101430.cms
2025-12-21 05:46:43,173 - INFO - [Times of India] Attempt 1/1: Trying with 'selenium_browser' strategy...
2025-12-21 05:46:43,173 - INFO - [The Guardian] Early skip: URL https://www.theguardian.com/world/2025/dec/21/spain-ruling-party-regional-poll-extremadura-pedro-sanchez already exists.
2025-12-21 05:46:43,339 - INFO - [BBC] Early skip: URL https://www.bbc.com/news/articles/c4gp4v32z0lo?at_medium=RSS&at_campaign=rss already exists.
2025-12-21 05:46:43,491 - INFO - [The Guardian] Early skip: URL https://www.theguardian.com/politics/2025/dec/20/uk-aid-cuts-take-40-from-funds-to-counter-russian-threat-in-western-balkans already exists.
2025-12-21 05:46:43,523 - INFO - Found 100 articles in The Hindu RSS feed. Processing up to 30.
2025-12-21 05:46:43,703 - INFO - [BBC] Early skip: URL https://www.bbc.com/news/articles/c5y9ed5d1r4o?at_medium=RSS&at_campaign=rss already exists.
2025-12-21 05:46:43,930 - INFO - [The Hindu] Early skip: URL https://www.thehindu.com/news/national/jammu-and-kashmir/snow-rain-in-kashmir-chillai-kalan/article70422055.ece already exists.
2025-12-21 05:46:44,212 - INFO - [The Guardian] Early skip: URL https://www.theguardian.com/world/2025/dec/20/brussels-bike-ban-plan-for-pedestrian-zone-dangerous-and-absurd already exists.
2025-12-21 05:46:44,505 - INFO - [BBC] Early skip: URL https://www.bbc.com/news/articles/c5y27ekr26xo?at_medium=RSS&at_campaign=rss already exists.
2025-12-21 05:46:44,643 - INFO - [BBC] Early skip: URL https://www.bbc.com/news/articles/cedx6vn5202o?at_medium=RSS&at_campaign=rss already exists.
2025-12-21 05:46:44,787 - INFO - [The Guardian] Early skip: URL https://www.theguardian.com/world/live/2025/dec/19/ukraine-war-live-zelenskyy-european-union-agreement-90bn-loan-deal-kyiv already exists.
2025-12-21 05:46:44,969 - INFO - [The Hindu] Article: https://www.thehindu.com/videos/karnatakas-iconic-toy-towns-why-the-next-generation-walking-away/article70422047.ece
2025-12-21 05:46:44,969 - INFO - [The Hindu] Attempt 1/1: Trying with 'selenium_browser' strategy...
2025-12-21 05:46:44,970 - INFO - [BBC] Early skip: URL https://www.bbc.com/news/articles/cwyp8erjp82o?at_medium=RSS&at_campaign=rss already exists.
2025-12-21 05:46:45,237 - INFO - [BBC] Early skip: URL https://www.bbc.com/news/articles/cqxql12317qo?at_medium=RSS&at_campaign=rss already exists.
2025-12-21 05:46:45,405 - INFO - [BBC] Early skip: URL https://www.bbc.com/news/videos/cn7kpnjnmklo?at_medium=RSS&at_campaign=rss already exists.
2025-12-21 05:46:45,581 - INFO - [The Guardian] Early skip: URL https://www.theguardian.com/world/2025/dec/19/ukraine-attacks-russian-shadow-tanker-off-libyan-coast already exists.
2025-12-21 05:46:45,684 - INFO - [The Guardian] Early skip: URL https://www.theguardian.com/world/2025/dec/20/israeli-troops-kill-palestinians-sheltering-in-gaza-school-hospital-chiefs already exists.
2025-12-21 05:46:45,910 - INFO - [The Guardian] Early skip: URL https://www.theguardian.com/world/2025/dec/19/gaza-famine-hunger-food-shortages-winter-flooding-un already exists.
2025-12-21 05:46:46,187 - INFO - [The Guardian] Early skip: URL https://www.theguardian.com/global-development/2025/dec/19/gaza-phd-student-manar-al-houbi-granted-access-to-uk-but-others-remain-stranded already exists.
2025-12-21 05:46:46,420 - INFO - [BBC] Article: https://www.bbc.com/news/videos/cj01pdve7rpo?at_medium=RSS&at_campaign=rss
2025-12-21 05:46:46,421 - INFO - [BBC] Attempt 1/1: Trying with 'requests_browser' strategy...
2025-12-21 05:46:46,422 - INFO - [The Guardian] Early skip: URL https://www.theguardian.com/global-development/2025/dec/19/iranian-boxing-champion-mohammad-javad-vafaei-sani-risk-of-execution-retrial-request-rejected already exists.
2025-12-21 05:46:46,680 - INFO - [The Guardian] Early skip: URL https://www.theguardian.com/world/2025/dec/18/rainfall-iran-hormuz-island-red-beach already exists.
2025-12-21 05:46:47,369 - WARNING - [BBC] FAILED with 'requests_browser' (content was too short: 80 words).
2025-12-21 05:46:47,369 - ERROR - [BBC] All scrape strategies failed for https://www.bbc.com/news/videos/cj01pdve7rpo?at_medium=RSS&at_campaign=rss. Falling back to RSS description.
2025-12-21 05:46:47,370 - WARNING - SKIPPED (GLOBAL WORD LIMIT): Article 'Putin tells BBC Western leaders deceived Russia' from BBC has only 21 words (Min: 90).
2025-12-21 05:46:48,434 - INFO - [BBC] Early skip: URL https://www.bbc.com/news/videos/cly5p1vkm39o?at_medium=RSS&at_campaign=rss already exists.
2025-12-21 05:46:48,568 - INFO - [BBC] Article: https://www.bbc.com/news/videos/c5yje8pvg8jo?at_medium=RSS&at_campaign=rss
2025-12-21 05:46:48,741 - INFO - [BBC] Attempt 1/1: Trying with 'requests_browser' strategy...
2025-12-21 05:46:48,884 - WARNING - [BBC] FAILED with 'requests_browser' (content was too short: 74 words).
2025-12-21 05:46:48,884 - ERROR - [BBC] All scrape strategies failed for https://www.bbc.com/news/videos/c5yje8pvg8jo?at_medium=RSS&at_campaign=rss. Falling back to RSS description.
2025-12-21 05:46:48,884 - WARNING - SKIPPED (GLOBAL WORD LIMIT): Article 'What does TikTok's deal mean for America's users?' from BBC has only 21 words (Min: 90).
2025-12-21 05:46:56,776 - INFO - [The Hindu] Page content loaded.
2025-12-21 05:46:56,851 - WARNING - [The Hindu] FAILED with 'selenium_browser' (content was too short: 68 words).
2025-12-21 05:46:56,851 - ERROR - [The Hindu] All scrape strategies failed for https://www.thehindu.com/videos/karnatakas-iconic-toy-towns-why-the-next-generation-walking-away/article70422047.ece. Falling back to RSS description.
2025-12-21 05:46:56,852 - WARNING - SKIPPED (GLOBAL WORD LIMIT): Article 'Karnataka’s iconic toy towns: Why is the next generation walking away?' from The Hindu has only 33 words (Min: 90).
2025-12-21 05:46:57,676 - INFO - [The Hindu] Early skip: URL https://www.thehindu.com/news/national/maharashtra/maharashtra-civic-polls-counting-updated-december-21/article70422041.ece already exists.
2025-12-21 05:46:57,963 - INFO - [The Hindu] Early skip: URL https://www.thehindu.com/news/national/maharashtra/maharashtra-police-helps-in-rescue-of-7-persons-from-cyber-slavery-in-myanmars-notorious-kk-park/article70422003.ece already exists.
2025-12-21 05:46:58,220 - INFO - [The Hindu] Early skip: URL https://www.thehindu.com/news/national/pm-modi-assam-visit-second-day-pariksha-pe-charcha/article70422013.ece already exists.
2025-12-21 05:46:58,407 - INFO - [The Hindu] Early skip: URL https://www.thehindu.com/photos/in-frames-grounded-in-tradition-a-kashmiri-village-endures/article70421969.ece already exists.
2025-12-21 05:46:58,642 - INFO - [The Hindu] Early skip: URL https://www.thehindu.com/news/national/uttar-pradesh/up-ministers-flay-akhilesh-yadav-over-photographs-with-cough-syrup-case-accused/article70421934.ece already exists.
2025-12-21 05:46:58,814 - INFO - [The Hindu] Early skip: URL https://www.thehindu.com/news/national/tamil-nadu/destroy-ivory-stocks-only-after-taking-samples-for-dna-tests-madras-high-court-directs-tn-forest-department/article70419984.ece already exists.
2025-12-21 05:46:59,028 - INFO - [The Hindu] Early skip: URL https://www.thehindu.com/news/national/tamil-nadu/those-fuelling-religious-conflict-are-enemies-of-the-nation-says-vaiko/article70419077.ece already exists.
2025-12-21 05:46:59,153 - INFO - [The Hindu] Early skip: URL https://www.thehindu.com/news/national/odisha/8500-candidates-appearing-on-runway-of-airstrip-for-home-guard-job-in-odisha-gone-viral/article70420362.ece already exists.
2025-12-21 05:46:59,379 - INFO - [The Hindu] Early skip: URL https://www.thehindu.com/news/national/rajasthan/rajasthan-to-strengthen-arbitration-proceedings-in-state-litigation-with-new-policy/article70420042.ece already exists.
2025-12-21 05:46:59,651 - INFO - [The Hindu] Early skip: URL https://www.thehindu.com/news/national/uttar-pradesh/opposition-expresses-concern-as-key-posts-in-up-minorities-commission-remain-vacant/article70420040.ece already exists.
2025-12-21 05:46:59,839 - INFO - [The Hindu] Early skip: URL https://www.thehindu.com/news/national/uttar-pradesh/strict-action-against-those-cheating-people-in-the-name-of-overseas-employment-says-up-cm-yogi/article70419863.ece already exists.
2025-12-21 05:47:00,101 - INFO - [The Hindu] Early skip: URL https://www.thehindu.com/news/national/why-does-the-govt-want-to-replace-mgnrega-explained/article70420658.ece already exists.
2025-12-21 05:47:00,379 - INFO - [The Hindu] Early skip: URL https://www.thehindu.com/news/national/where-does-india-stand-on-child-marriage-explained/article70420642.ece already exists.
2025-12-21 05:47:00,647 - INFO - [The Hindu] Early skip: URL https://www.thehindu.com/sci-tech/science/will-new-act-aid-indias-nuclear-development-explained/article70420637.ece already exists.
2025-12-21 05:47:00,839 - INFO - [The Hindu] Early skip: URL https://www.thehindu.com/news/national/kerala/five-held-for-alleged-abduction-of-passenger-from-airport-premises/article70420516.ece already exists.
2025-12-21 05:47:01,007 - INFO - [The Hindu] Early skip: URL https://www.thehindu.com/news/national/kerala/pt-apartment-residents-stage-protest-over-stalled-works/article70420701.ece already exists.
2025-12-21 05:47:01,127 - INFO - [The Hindu] Early skip: URL https://www.thehindu.com/news/national/tamil-nadu/madras-high-court-requests-salim-ali-centre-for-ornithology-to-study-revitalisation-of-ukkadam-and-valankulam-lakes-in-coimbatore/article70420192.ece already exists.
2025-12-21 05:47:01,393 - INFO - [The Hindu] Early skip: URL https://www.thehindu.com/news/national/kerala/clear-vote-share-lead-in-ernakulam-district-panchayat-makes-udf-dominance-evident/article70420051.ece already exists.
2025-12-21 05:47:01,666 - INFO - [The Hindu] Early skip: URL https://www.thehindu.com/news/national/the-quiet-climb-to-the-helm/article70420610.ece already exists.
2025-12-21 05:47:01,789 - INFO - [The Hindu] Early skip: URL https://www.thehindu.com/news/cities/Madurai/dmk-will-be-with-you-to-win-your-voting-right-says-stalin/article70420594.ece already exists.
2025-12-21 05:47:02,032 - INFO - [The Hindu] Early skip: URL https://www.thehindu.com/news/national/tamil-nadu/over-half-of-elector-deletions-in-tn-concentrated-in-eight-districts-in-two-clusters/article70420290.ece already exists.
2025-12-21 05:47:02,207 - INFO - [The Hindu] Early skip: URL https://www.thehindu.com/news/national/karnataka/cag-flags-gaps-in-disaster-preparedness-in-state-hospitals/article70412138.ece already exists.
2025-12-21 05:47:02,379 - INFO - [The Hindu] Early skip: URL https://www.thehindu.com/news/national/kerala/sreenivasan-turned-thrikkarippur-into-a-theatre-hub/article70419421.ece already exists.
2025-12-21 05:47:02,612 - INFO - [The Hindu] Early skip: URL https://www.thehindu.com/news/national/karnataka/gba-introduces-qr-code-to-help-locate-nearest-pulse-polio-centre/article70420353.ece already exists.
2025-12-21 05:47:02,854 - INFO - [The Hindu] Early skip: URL https://www.thehindu.com/news/national/tamil-nadu/complaint-filed-against-nitish-kumar-in-vaniyambadi-over-hijab-controversy/article70419826.ece already exists.
2025-12-21 05:47:03,035 - INFO - [The Hindu] Early skip: URL https://www.thehindu.com/news/national/tamil-nadu/conference-on-radiology-held-at-cmc-in-vellore/article70419839.ece already exists.
2025-12-21 05:47:03,221 - INFO - [The Hindu] Early skip: URL https://www.thehindu.com/news/cities/Madurai/stalin-inaugurates-porunai-archaeological-museum/article70420449.ece already exists.
2025-12-21 05:47:03,517 - INFO - [The Hindu] Early skip: URL https://www.thehindu.com/news/national/tamil-nadu/government-teachers-house-burgled-in-jolarpet/article70419843.ece already exists.
2025-12-21 05:47:03,787 - INFO - [The Hindu] (Thread) Finished. Attempting to shut down its Selenium driver.
2025-12-21 05:47:03,868 - INFO - [The Hindu] (Thread) driver.quit() successful.
2025-12-21 05:48:43,274 - ERROR - [Times of India] Request failed for strategy 'selenium_browser' on URL https://timesofindia.indiatimes.com/world/pakistan/prepare-for-street-movement-imran-khan-calls-for-nationwide-protests-after-17-years-sentence-claims-his-lawyers-were-not-heard-in-court/articleshow/126101430.cms: HTTPConnectionPool(host='localhost', port=49209): Read timed out. (read timeout=120)
2025-12-21 05:48:43,274 - ERROR - [Times of India] All scrape strategies failed for https://timesofindia.indiatimes.com/world/pakistan/prepare-for-street-movement-imran-khan-calls-for-nationwide-protests-after-17-years-sentence-claims-his-lawyers-were-not-heard-in-court/articleshow/126101430.cms. Falling back to RSS description.
2025-12-21 05:48:43,274 - WARNING - SKIPPED (GLOBAL WORD LIMIT): Article '‘Prepare for street movement’: Imran Khan calls for protests after 17 yrs sentence' from Times of India has only 46 words (Min: 90).
2025-12-21 05:48:44,151 - INFO - [Times of India] Article: https://timesofindia.indiatimes.com/world/middle-east/saudi-arabia-riyadh-introduces-new-semester-and-annual-passes-for-unlimited-travel-from-jan-2026/articleshow/126101008.cms
2025-12-21 05:48:44,151 - INFO - [Times of India] Attempt 1/1: Trying with 'selenium_browser' strategy...
2025-12-21 05:50:44,189 - ERROR - [Times of India] Request failed for strategy 'selenium_browser' on URL https://timesofindia.indiatimes.com/world/middle-east/saudi-arabia-riyadh-introduces-new-semester-and-annual-passes-for-unlimited-travel-from-jan-2026/articleshow/126101008.cms: HTTPConnectionPool(host='localhost', port=49209): Read timed out. (read timeout=120)
2025-12-21 05:50:44,189 - ERROR - [Times of India] All scrape strategies failed for https://timesofindia.indiatimes.com/world/middle-east/saudi-arabia-riyadh-introduces-new-semester-and-annual-passes-for-unlimited-travel-from-jan-2026/articleshow/126101008.cms. Falling back to RSS description.
2025-12-21 05:50:44,189 - WARNING - SKIPPED (GLOBAL WORD LIMIT): Article 'Saudi Arabia: Riyadh introduces new semester and annual passes for unlimited travel from Jan 2026' from Times of India has only 55 words (Min: 90).
2025-12-21 05:50:45,587 - INFO - [Times of India] Article: https://timesofindia.indiatimes.com/world/us-streamers/what-really-happened-when-kick-streamer-clavicular-was-forced-to-the-ground-and-arrested-live-on-stream/articleshow/126100427.cms
2025-12-21 05:50:45,587 - INFO - [Times of India] Attempt 1/1: Trying with 'selenium_browser' strategy...
2025-12-21 05:51:35,137 - CRITICAL - --- TIMEOUT: 1 scrape jobs did not complete in 300s. ---
2025-12-21 05:51:35,137 - ERROR - A thread has timed out and will be abandoned.
2025-12-21 05:51:35,138 - INFO - Shutting down thread pool (wait=False)...
2025-12-21 05:51:35,138 - INFO - Scraped: 0 The Guardian, 0 BBC, 0 The Hindu, 1 Timed_Out_Jobs articles. (Total saved: 0)
2025-12-21 05:51:35,138 - INFO - --- Scraping job finished ---
2025-12-21 05:51:35,138 - INFO - --- Scraper service stopped and database connection closed. ---
2025-12-21 05:51:35,138 - INFO - --- Main thread finished. Forcing process exit to kill zombie threads. ---
