2025-12-24 23:21:32,583 - INFO - Loading AI Semantic Model (all-MiniLM-L6-v2)...
2025-12-24 23:21:32,584 - INFO - Use pytorch device_name: cpu
2025-12-24 23:21:32,584 - INFO - Load pretrained SentenceTransformer: all-MiniLM-L6-v2
2025-12-24 23:21:33,140 - INFO - AI Model loaded successfully.
2025-12-24 23:21:33,141 - INFO - --- Scraper service started (CI Mode: Run Once) ---
2025-12-24 23:21:33,141 - INFO - --- Starting new scraping job (Parallel Mode) ---
2025-12-24 23:21:33,141 - INFO - Creating new robust session with 3 retries on 5xx/connection/read errors.
2025-12-24 23:21:33,141 - INFO - Proxy is DISABLED.
2025-12-24 23:21:33,141 - INFO - Starting scrape for BBC RSS feed: http://feeds.bbci.co.uk/news/world/rss.xml
2025-12-24 23:21:33,142 - INFO - [Times of India] (Thread) requires Selenium. Initializing driver...
2025-12-24 23:21:33,143 - INFO - Starting scrape for The Guardian RSS feed: https://www.theguardian.com/world/rss
2025-12-24 23:21:33,144 - INFO - [The Hindu] (Thread) requires Selenium. Initializing driver...
2025-12-24 23:21:33,144 - INFO - Submitted 4 jobs to thread pool. Waiting up to 300s for completion...
2025-12-24 23:21:33,346 - INFO - Found 45 articles in The Guardian RSS feed. Processing up to 30.
2025-12-24 23:21:33,347 - INFO - [The Guardian] Early skip: URL https://www.theguardian.com/world/2025/dec/24/algeria-passes-law-declaring-french-colonisation-crime already exists.
2025-12-24 23:21:33,514 - INFO - Found 22 articles in BBC RSS feed. Processing up to 30.
2025-12-24 23:21:33,581 - INFO - [BBC] Early skip: URL https://www.bbc.com/news/articles/c9d9wg2pwl1o?at_medium=RSS&at_campaign=rss already exists.
2025-12-24 23:21:33,816 - INFO - [The Guardian] Early skip: URL https://www.theguardian.com/world/2025/dec/23/libyas-army-chief-dies-in-plane-crash-in-turkey already exists.
2025-12-24 23:21:34,018 - INFO - [BBC] Early skip: URL https://www.bbc.com/news/articles/czdgz84dn35o?at_medium=RSS&at_campaign=rss already exists.
2025-12-24 23:21:34,262 - INFO - [The Guardian] Early skip: URL https://www.theguardian.com/world/2025/dec/22/freed-nigerian-schoolchildren-set-to-be-reunited-with-families already exists.
2025-12-24 23:21:34,551 - INFO - [BBC] Early skip: URL https://www.bbc.com/news/articles/cyvgz1jn368o?at_medium=RSS&at_campaign=rss already exists.
2025-12-24 23:21:34,712 - INFO - [The Guardian] Early skip: URL https://www.theguardian.com/world/2025/dec/21/more-kidnapped-schoolchildren-freed-in-nigeria already exists.
2025-12-24 23:21:34,830 - INFO - [BBC] Early skip: URL https://www.bbc.com/news/articles/c14vdpyj1vjo?at_medium=RSS&at_campaign=rss already exists.
2025-12-24 23:21:35,046 - INFO - [The Guardian] Early skip: URL https://www.theguardian.com/uk-news/2025/dec/21/manchester-museum-uncover-hidden-histories-africa-hub already exists.
2025-12-24 23:21:35,312 - INFO - [BBC] Early skip: URL https://www.bbc.com/news/articles/c79x0x7v70go?at_medium=RSS&at_campaign=rss already exists.
2025-12-24 23:21:35,542 - INFO - [The Guardian] Early skip: URL https://www.theguardian.com/media/2025/dec/23/60-minutes-cecot-appears-online already exists.
2025-12-24 23:21:35,665 - INFO - [BBC] Early skip: URL https://www.bbc.com/news/articles/c75v0kwy017o?at_medium=RSS&at_campaign=rss already exists.
2025-12-24 23:21:35,794 - INFO - [The Guardian] Early skip: URL https://www.theguardian.com/world/2025/dec/23/brazil-jair-bolsonaro-eduardo-havaianas-television-ad-fernanda-torres already exists.
2025-12-24 23:21:36,062 - INFO - [BBC] Early skip: URL https://www.bbc.com/news/articles/cp39kngz008o?at_medium=RSS&at_campaign=rss already exists.
2025-12-24 23:21:36,266 - INFO - [The Guardian] Early skip: URL https://www.theguardian.com/world/2025/dec/23/canada-bill-refugees already exists.
2025-12-24 23:21:36,382 - INFO - [BBC] Early skip: URL https://www.bbc.com/news/articles/cz68z3wn1e3o?at_medium=RSS&at_campaign=rss already exists.
2025-12-24 23:21:36,522 - INFO - [The Guardian] Early skip: URL https://www.theguardian.com/us-news/2025/dec/23/us-trump-administration-signs-security-deals-across-latin-america already exists.
2025-12-24 23:21:36,642 - INFO - [BBC] Early skip: URL https://www.bbc.com/news/articles/c0je3v3en01o?at_medium=RSS&at_campaign=rss already exists.
2025-12-24 23:21:36,801 - INFO - [The Guardian] Early skip: URL https://www.theguardian.com/world/2025/dec/23/russia-china-support-venezuela-trump-pressure-maduro already exists.
2025-12-24 23:21:36,948 - INFO - [BBC] Early skip: URL https://www.bbc.com/news/articles/cd749gqgg11o?at_medium=RSS&at_campaign=rss already exists.
2025-12-24 23:21:37,195 - INFO - [The Guardian] Early skip: URL https://www.theguardian.com/world/2025/dec/24/thailand-and-cambodia-begin-talks-to-end-deadly-clashes-after-venue-row already exists.
2025-12-24 23:21:37,349 - INFO - [BBC] Early skip: URL https://www.bbc.com/news/articles/cyvgzyepdqno?at_medium=RSS&at_campaign=rss already exists.
2025-12-24 23:21:37,502 - INFO - [The Guardian] Early skip: URL https://www.theguardian.com/world/2025/dec/24/rare-footage-from-trial-of-chinese-general-who-defied-tiananmen-crackdown-order-leaked-online already exists.
2025-12-24 23:21:37,784 - INFO - [BBC] Early skip: URL https://www.bbc.com/news/articles/czxpz05yj5po?at_medium=RSS&at_campaign=rss already exists.
2025-12-24 23:21:38,001 - INFO - [The Guardian] Early skip: URL https://www.theguardian.com/world/2025/dec/23/christians-pastors-arrested-detained-china-crackdown-house-churches already exists.
2025-12-24 23:21:38,127 - INFO - [BBC] Early skip: URL https://www.bbc.com/news/articles/c5yj4yvx80do?at_medium=RSS&at_campaign=rss already exists.
2025-12-24 23:21:38,392 - INFO - [The Guardian] Early skip: URL https://www.theguardian.com/business/2025/dec/22/china-hits-eu-dairy-industry-with-tariffs already exists.
2025-12-24 23:21:38,662 - INFO - [BBC] Early skip: URL https://www.bbc.com/news/articles/clyd12d38jgo?at_medium=RSS&at_campaign=rss already exists.
2025-12-24 23:21:38,858 - INFO - [The Guardian] Early skip: URL https://www.theguardian.com/world/2025/dec/22/jeju-air-crash-independent-inquiry-south-korea already exists.
2025-12-24 23:21:39,146 - INFO - [BBC] Early skip: URL https://www.bbc.com/news/articles/cvg1361d32ro?at_medium=RSS&at_campaign=rss already exists.
2025-12-24 23:21:39,313 - INFO - [The Guardian] Early skip: URL https://www.theguardian.com/australia-news/2025/dec/24/perth-man-charged-with-racial-harassment-for-alleged-post-backing-bondi-attack-ntwnfb already exists.
2025-12-24 23:21:39,573 - INFO - [BBC] Early skip: URL https://www.bbc.com/news/articles/c4gekjjqn1ro?at_medium=RSS&at_campaign=rss already exists.
2025-12-24 23:21:39,825 - INFO - [The Guardian] Early skip: URL https://www.theguardian.com/australia-news/2025/dec/24/wounded-bondi-hero-ahmed-al-ahmed-recovering-well-and-may-soon-leave-hospital-ntwnfb already exists.
2025-12-24 23:21:39,997 - INFO - [BBC] Early skip: URL https://www.bbc.com/news/articles/cj69d8we98jo?at_medium=RSS&at_campaign=rss already exists.
2025-12-24 23:21:40,226 - INFO - [The Guardian] Early skip: URL https://www.theguardian.com/australia-news/2025/dec/25/australians-expected-to-spend-big-on-boxing-day-as-shoppers-warned-of-deceptive-sales-tricks already exists.
2025-12-24 23:21:40,372 - INFO - [BBC] Article: https://www.bbc.com/news/videos/c8dy3772m1lo?at_medium=RSS&at_campaign=rss
2025-12-24 23:21:40,372 - INFO - [BBC] Attempt 1/1: Trying with 'requests_browser' strategy...
2025-12-24 23:21:40,373 - INFO - [The Guardian] Early skip: URL https://www.theguardian.com/australia-news/live/2025/dec/24/nsw-gun-and-protest-laws-bondi-terror-attack-hate-crime-database-anthony-albanese-sussan-ley-chris-minns-labor-coalition-ntwnfb already exists.
2025-12-24 23:21:40,445 - INFO - Selenium driver initialized successfully.
2025-12-24 23:21:40,445 - INFO - Starting scrape for Times of India RSS feed: https://timesofindia.indiatimes.com/rssfeeds/296589292.cms
2025-12-24 23:21:40,446 - INFO - Selenium driver initialized successfully.
2025-12-24 23:21:40,446 - INFO - Starting scrape for The Hindu RSS feed: https://www.thehindu.com/news/national/feeder/default.rss
2025-12-24 23:21:40,573 - INFO - [The Guardian] Early skip: URL https://www.theguardian.com/australia-news/2025/dec/24/nsw-premier-police-commissioner-protest-ban-powers-bondi-shooting-terror-attack-ntwnfb already exists.
2025-12-24 23:21:40,601 - INFO - Found 20 articles in Times of India RSS feed. Processing up to 30.
2025-12-24 23:21:40,607 - INFO - Found 100 articles in The Hindu RSS feed. Processing up to 30.
2025-12-24 23:21:40,612 - WARNING - [BBC] FAILED with 'requests_browser' (content was too short: 59 words).
2025-12-24 23:21:40,612 - ERROR - [BBC] All scrape strategies failed for https://www.bbc.com/news/videos/c8dy3772m1lo?at_medium=RSS&at_campaign=rss. Falling back to RSS description.
2025-12-24 23:21:40,612 - WARNING - SKIPPED (GLOBAL WORD LIMIT): Article 'Ho Ho No! Santa pulled over for speeding in Ohio  ' from BBC has only 20 words (Min: 90).
2025-12-24 23:21:40,742 - INFO - [Times of India] Article: https://timesofindia.indiatimes.com/world/rest-of-world/dont-break-our-family-indian-origin-man-in-new-zealand-shocked-to-learn-his-5-year-old-autistic-child-could-be-deported/articleshow/126166480.cms
2025-12-24 23:21:40,742 - INFO - [Times of India] Attempt 1/1: Trying with 'selenium_browser' strategy...
2025-12-24 23:21:40,742 - INFO - [The Hindu] Article: https://www.thehindu.com/news/national/vaishnaw-credits-make-in-india-push-for-bengaluru-plant-after-rahul-gandhi-touts-karnataka-ecosystem/article70434140.ece
2025-12-24 23:21:40,742 - INFO - [The Hindu] Attempt 1/1: Trying with 'selenium_browser' strategy...
2025-12-24 23:21:40,743 - INFO - [The Guardian] Early skip: URL https://www.theguardian.com/world/2025/dec/24/pope-leo-christmas-message-kindness-strangers-poor already exists.
2025-12-24 23:21:40,930 - INFO - [The Guardian] Early skip: URL https://www.theguardian.com/world/2025/dec/24/three-killed-in-moscow-car-explosion-say-russian-authorities already exists.
2025-12-24 23:21:41,111 - INFO - [The Guardian] Early skip: URL https://www.theguardian.com/world/2025/dec/24/us-ukraine-edge-closer-joint-plan-end-war-moscow-response-uncertain already exists.
2025-12-24 23:21:41,328 - INFO - [BBC] Article: https://www.bbc.com/news/videos/clydk6vd4rzo?at_medium=RSS&at_campaign=rss
2025-12-24 23:21:41,328 - INFO - [BBC] Attempt 1/1: Trying with 'requests_browser' strategy...
2025-12-24 23:21:41,329 - INFO - [The Guardian] Early skip: URL https://www.theguardian.com/technology/2025/dec/24/macron-eu-condemn-us-visa-bans-row-censorship-escalates already exists.
2025-12-24 23:21:41,422 - WARNING - [BBC] FAILED with 'requests_browser' (content was too short: 73 words).
2025-12-24 23:21:41,422 - ERROR - [BBC] All scrape strategies failed for https://www.bbc.com/news/videos/clydk6vd4rzo?at_medium=RSS&at_campaign=rss. Falling back to RSS description.
2025-12-24 23:21:41,422 - WARNING - SKIPPED (GLOBAL WORD LIMIT): Article 'Watch: Huge fireball as tanker explodes on Italian motorway' from BBC has only 21 words (Min: 90).
2025-12-24 23:21:41,452 - INFO - [The Guardian] Early skip: URL https://www.theguardian.com/world/2025/dec/24/militia-leader-murky-death-stanislav-orlov-russia-kremlin-control already exists.
2025-12-24 23:21:41,672 - INFO - [The Guardian] Early skip: URL https://www.theguardian.com/world/2025/dec/24/israel-condemned-approval-19-settlements-occupied-west-bank already exists.
2025-12-24 23:21:41,887 - INFO - [The Guardian] Early skip: URL https://www.theguardian.com/world/2025/dec/24/israel-strikes-southern-lebanon-as-deadline-to-disarm-hezbollah-nears already exists.
2025-12-24 23:21:42,147 - INFO - [The Guardian] Early skip: URL https://www.theguardian.com/uk-news/2025/dec/22/families-of-palestine-action-hunger-strikers-seek-urgent-meeting-with-lammy already exists.
2025-12-24 23:21:42,415 - INFO - [The Guardian] Early skip: URL https://www.theguardian.com/world/2025/dec/21/israel-approves-new-jewish-settlements-occupied-west-bank already exists.
2025-12-24 23:21:42,556 - INFO - [The Guardian] Early skip: URL https://www.theguardian.com/world/2025/dec/20/israeli-troops-kill-palestinians-sheltering-in-gaza-school-hospital-chiefs already exists.
2025-12-24 23:21:42,776 - INFO - [BBC] Early skip: URL https://www.bbc.com/news/videos/c0edjv3jr3po?at_medium=RSS&at_campaign=rss already exists.
2025-12-24 23:21:43,031 - INFO - [BBC] Early skip: URL https://www.bbc.com/news/videos/ce3w4x2v0xko?at_medium=RSS&at_campaign=rss already exists.
2025-12-24 23:21:43,291 - INFO - [BBC] Early skip: URL https://www.bbc.com/news/videos/cwywe5zw384o?at_medium=RSS&at_campaign=rss already exists.
2025-12-24 23:21:44,428 - INFO - [The Hindu] Page content loaded.
2025-12-24 23:21:44,620 - INFO - [The Hindu] Success with 'selenium_browser'. Found content (306 words).
2025-12-24 23:21:52,546 - INFO - [Times of India] Page content loaded.
2025-12-24 23:21:53,239 - INFO - [Times of India] Success with 'selenium_browser'. Found content (381 words).
2025-12-24 23:22:03,825 - INFO - Saved article: Vaishnaw credits Make-in-India push for Bengaluru plant after Rahul Gandhi touts Karnataka ecosystem - The Hindu from The Hindu (306 words)
2025-12-24 23:22:15,880 - INFO - Saved article: Don't break our family: Indian-origin man in New Zealand shocked to learn his 5-year-old autistic child could be deported - The Times of India from Times of India (381 words)
2025-12-24 23:22:15,881 - INFO - [The Hindu] Article: https://www.thehindu.com/news/national/uttar-pradesh/bjps-lack-of-pro-growth-policies-make-trillion-dollar-economy-target-for-up-a-pipe-dream-says-samajwadi-party/article70434178.ece
2025-12-24 23:22:15,881 - INFO - [The Hindu] Attempt 1/1: Trying with 'selenium_browser' strategy...
2025-12-24 23:22:16,786 - INFO - [Times of India] Article: https://timesofindia.indiatimes.com/world/us/maga-in-lights-white-house-drops-christmas-video-watch/articleshow/126166362.cms
2025-12-24 23:22:16,786 - INFO - [Times of India] Attempt 1/1: Trying with 'selenium_browser' strategy...
2025-12-24 23:22:18,799 - INFO - [The Hindu] Page content loaded.
2025-12-24 23:22:18,960 - INFO - [The Hindu] Success with 'selenium_browser'. Found content (412 words).
2025-12-24 23:22:23,260 - INFO - [Times of India] Page content loaded.
2025-12-24 23:22:23,718 - WARNING - [Times of India] FAILED with 'selenium_browser' (content was too short: 80 words).
2025-12-24 23:22:23,718 - ERROR - [Times of India] All scrape strategies failed for https://timesofindia.indiatimes.com/world/us/maga-in-lights-white-house-drops-christmas-video-watch/articleshow/126166362.cms. Falling back to RSS description.
2025-12-24 23:22:23,718 - WARNING - SKIPPED (GLOBAL WORD LIMIT): Article '‘MAGA in Lights’: White House drops Christmas video — Watch' from Times of India has only 41 words (Min: 90).
2025-12-24 23:22:35,325 - INFO - Saved article: BJP’s lack of pro-growth policies make trillion-dollar economy target for U.P. a pipe dream, says Samajwadi Party - The Hindu from The Hindu (412 words)
2025-12-24 23:22:35,325 - INFO - [Times of India] Early skip: URL https://timesofindia.indiatimes.com/world/us-streamers/do-you-think-ill-ever-be-real-ai-vtuber-neuro-sama-questions-her-existence-in-viral-twitch-moment/articleshow/126166375.cms already exists.
2025-12-24 23:22:35,515 - INFO - [Times of India] Early skip: URL https://timesofindia.indiatimes.com/world/us/stop-ramaswamy-in-2026-to-stall-jd-vance-in-2028-what-nick-fuentes-latest-anti-india-rant-means/articleshow/126166321.cms already exists.
2025-12-24 23:22:35,652 - INFO - [Times of India] Early skip: URL https://timesofindia.indiatimes.com/world/us/boys-from-the-bronx-emails-show-ucla-professor-mark-tramo-standing-by-jeffery-epstein/articleshow/126166288.cms already exists.
2025-12-24 23:22:35,777 - INFO - [Times of India] Early skip: URL https://timesofindia.indiatimes.com/world/us-streamers/mrbeast-reacts-to-valkyrae-controversy-as-viral-clip-ignites-debate-over-women-and-having-children/articleshow/126166178.cms already exists.
2025-12-24 23:22:35,934 - INFO - [Times of India] Early skip: URL https://timesofindia.indiatimes.com/world/us/many-hindu-americans-ro-khanna-calls-out-nick-fuentes-anti-india-rhetoric-targeting-vivek-usha-vance/articleshow/126165186.cms already exists.
2025-12-24 23:22:36,129 - INFO - [Times of India] Early skip: URL https://timesofindia.indiatimes.com/world/us-streamers/they-are-making-antisemites-megyn-kelly-blames-ben-shapiro-and-bari-weiss-while-defending-tucker-carlson-publicly/articleshow/126165017.cms already exists.
2025-12-24 23:22:36,299 - INFO - [Times of India] Early skip: URL https://timesofindia.indiatimes.com/world/us/epstein-files-fallout-did-white-house-steps-in-to-control-doj-messaging-heres-what-we-know-about-report/articleshow/126164144.cms already exists.
2025-12-24 23:22:36,459 - INFO - [The Hindu] Early skip: URL https://www.thehindu.com/news/national/jharkhand/reports-show-hemant-soren-showed-confidence-in-social-security-and-welfare-schemes-in-2025/article70434355.ece already exists.
2025-12-24 23:22:36,753 - INFO - [Times of India] Early skip: URL https://timesofindia.indiatimes.com/world/us/amid-h-1b-row-and-vetting-delays-indian-applicant-reveals-sudden-visa-reversal-from-refused-to-approved/articleshow/126163611.cms already exists.
2025-12-24 23:22:36,924 - INFO - [The Hindu] Early skip: URL https://www.thehindu.com/news/national/maharashtra/actor-govinda-among-40-star-campaigners-for-municipal-corporation-polls-for-shiv-sena/article70434387.ece already exists.
2025-12-24 23:22:37,142 - INFO - [Times of India] Early skip: URL https://timesofindia.indiatimes.com/world/us/this-woman-ran-for-president-kamala-harriss-dating-advice-sparks-debate-online/articleshow/126162965.cms already exists.
2025-12-24 23:22:37,401 - INFO - [The Hindu] Early skip: URL https://www.thehindu.com/news/national/maharashtra/thackerays-reunion-battle-of-survival-marathi-pride-changed-demography-and-strong-opposition/article70434756.ece already exists.
2025-12-24 23:22:37,656 - INFO - [Times of India] Early skip: URL https://timesofindia.indiatimes.com/world/us/youre-an-anchor-baby-indian-american-influencer-priya-patel-faces-backlash-over-america-for-americans-demand/articleshow/126160149.cms already exists.
2025-12-24 23:22:37,857 - INFO - [The Hindu] Early skip: URL https://www.thehindu.com/news/national/yunus-keen-to-improve-ties-with-india-says-adviser/article70434370.ece already exists.
2025-12-24 23:22:38,068 - INFO - [Times of India] Early skip: URL https://timesofindia.indiatimes.com/world/us/what-is-winter-vomiting-bug-why-a-new-variant-is-driving-a-us-surge/articleshow/126162909.cms already exists.
2025-12-24 23:22:38,257 - INFO - [The Hindu] Early skip: URL https://www.thehindu.com/news/national/uttar-pradesh/multiple-issues-discussed-in-brahmin-mlas-get-together/article70434567.ece already exists.
2025-12-24 23:22:38,406 - INFO - [Times of India] Early skip: URL https://timesofindia.indiatimes.com/world/us/former-beauty-queen-gunned-down-in-her-1-6-million-home-in-arizona-farming-mogul-estranged-husband-arrested-month-after/articleshow/126163018.cms already exists.
2025-12-24 23:22:38,568 - INFO - [The Hindu] Early skip: URL https://www.thehindu.com/news/national/odisha/anu-garg-becomes-odishas-first-woman-chief-secretary/article70434585.ece already exists.
2025-12-24 23:22:38,782 - INFO - [Times of India] Early skip: URL https://timesofindia.indiatimes.com/world/us/who-is-anna-gorisch-indian-jewish-feminist-nazi-immigration-attorney-sparks-online-storm-with-ai-generated-image-amid-maga-backlash/articleshow/126161574.cms already exists.
2025-12-24 23:22:38,948 - INFO - [The Hindu] Early skip: URL https://www.thehindu.com/news/national/uttar-pradesh/uproar-as-hindu-group-allegedly-recited-hanuman-chalisa-outside-bareilly-church-before-christmas/article70435069.ece already exists.
2025-12-24 23:22:39,144 - INFO - [Times of India] Early skip: URL https://timesofindia.indiatimes.com/world/us/eating-rice-with-hands-speaking-hindi-is-that-america-nick-fuentes-launches-anti-india-christmas-rant/articleshow/126162421.cms already exists.
2025-12-24 23:22:39,374 - INFO - [The Hindu] Article: https://www.thehindu.com/news/national/former-vp-m-venkaiah-naidu-elected-president-of-atal-smriti-nyas-society/article70434785.ece
2025-12-24 23:22:39,374 - INFO - [The Hindu] Attempt 1/1: Trying with 'selenium_browser' strategy...
2025-12-24 23:22:39,374 - INFO - [Times of India] Early skip: URL https://timesofindia.indiatimes.com/world/south-asia/bangladesh-unrest-man-killed-as-crude-bomb-hurled-in-dhaka-deceased-identified/articleshow/126162716.cms already exists.
2025-12-24 23:22:39,604 - INFO - [Times of India] Early skip: URL https://timesofindia.indiatimes.com/world/us-streamers/that-was-her-n3ons-viral-irl-moment-sparks-speculation-after-alleged-kris-tyson-sighting/articleshow/126162516.cms already exists.
2025-12-24 23:22:39,726 - INFO - [Times of India] Early skip: URL https://timesofindia.indiatimes.com/world/us/new-h-1b-rules-wont-make-much-difference-if-100000-fee-remains-indian-origin-immigration-attorney-explains-why/articleshow/126162474.cms already exists.
2025-12-24 23:22:39,832 - INFO - [Times of India] Early skip: URL https://timesofindia.indiatimes.com/world/us/radical-activists-and-weaponized-ngos-us-denies-visas-to-eu-ex-commissioner-four-others-over-tech-rules-who-are-they/articleshow/126160513.cms already exists.
2025-12-24 23:22:40,035 - INFO - [Times of India] (Thread) Finished. Attempting to shut down its Selenium driver.
2025-12-24 23:22:40,323 - INFO - [Times of India] (Thread) driver.quit() successful.
2025-12-24 23:22:41,276 - INFO - [The Hindu] Page content loaded.
2025-12-24 23:22:41,337 - WARNING - [The Hindu] FAILED with 'selenium_browser' (content was too short: 76 words).
2025-12-24 23:22:41,338 - ERROR - [The Hindu] All scrape strategies failed for https://www.thehindu.com/news/national/former-vp-m-venkaiah-naidu-elected-president-of-atal-smriti-nyas-society/article70434785.ece. Falling back to RSS description.
2025-12-24 23:22:41,338 - WARNING - SKIPPED (GLOBAL WORD LIMIT): Article 'Former VP M. Venkaiah Naidu elected president of Atal Smriti Nyas Society' from The Hindu has only 3 words (Min: 90).
2025-12-24 23:22:42,104 - INFO - [The Hindu] Early skip: URL https://www.thehindu.com/news/national/kerala/pac-seeks-immediate-action-on-human-animal-conflict-situation/article70434836.ece already exists.
2025-12-24 23:22:42,388 - INFO - [The Hindu] Early skip: URL https://www.thehindu.com/news/national/kerala/iuml-to-get-one-year-term-for-deputy-mayors-post-in-kochi-corporation/article70434652.ece already exists.
2025-12-24 23:22:42,598 - INFO - [The Hindu] Early skip: URL https://www.thehindu.com/news/national/chhattisgarh/mixed-response-to-chhattisgarh-bandh-christmas-decorations-vandalised-in-raipur/article70434340.ece already exists.
2025-12-24 23:22:42,818 - INFO - [The Hindu] Early skip: URL https://www.thehindu.com/news/national/kerala/power-connection-to-hmt-restored-on-christmas-eve/article70433494.ece already exists.
2025-12-24 23:22:43,104 - INFO - [The Hindu] Early skip: URL https://www.thehindu.com/news/national/kerala/udf-remains-a-divided-house-in-perumbavoor-municipality/article70434558.ece already exists.
2025-12-24 23:22:43,288 - INFO - [The Hindu] Early skip: URL https://www.thehindu.com/news/national/kerala/ddma-temporarily-shuts-12-shops-at-mather-bazaar-in-kochi-for-flouting-safety-norms/article70434319.ece already exists.
2025-12-24 23:22:43,456 - INFO - [The Hindu] Early skip: URL https://www.thehindu.com/news/national/kerala/sargaalayaarts-andcrafts-festival-begins/article70434333.ece already exists.
2025-12-24 23:22:43,606 - INFO - [The Hindu] Early skip: URL https://www.thehindu.com/news/cities/Coimbatore/people-support-dmk-because-it-is-a-good-force-says-minister/article70433026.ece already exists.
2025-12-24 23:22:43,711 - INFO - [The Hindu] Early skip: URL https://www.thehindu.com/news/national/tamil-nadu/governor-ravi-stalin-extend-christmas-greetings-to-people/article70433427.ece already exists.
2025-12-24 23:22:43,860 - INFO - [The Hindu] Early skip: URL https://www.thehindu.com/news/national/tamil-nadu/following-talks-tn-to-regularise-services-of-1000-contract-nurses/article70434134.ece already exists.
2025-12-24 23:22:43,976 - INFO - [The Hindu] Early skip: URL https://www.thehindu.com/news/national/tamil-nadu/ec-to-conduct-special-camps-for-submitting-claims-and-objections/article70433855.ece already exists.
2025-12-24 23:22:44,208 - INFO - [The Hindu] Early skip: URL https://www.thehindu.com/news/national/tamil-nadu/ops-group-weighing-its-options-for-2026-assembly-poll/article70433965.ece already exists.
2025-12-24 23:22:44,347 - INFO - [The Hindu] Early skip: URL https://www.thehindu.com/opinion/op-ed/an-attack-on-progressive-cinema/article70434486.ece already exists.
2025-12-24 23:22:44,608 - INFO - [The Hindu] Early skip: URL https://www.thehindu.com/news/cities/chennai/light-to-moderate-rain-likely-in-parts-of-tn-till-december-28-says-rmc/article70433766.ece already exists.
2025-12-24 23:22:44,852 - INFO - [The Hindu] Early skip: URL https://www.thehindu.com/news/national/ed-arrests-key-accused-linked-to-illegal-call-centre-that-targeted-us-nationals/article70434453.ece already exists.
2025-12-24 23:22:44,959 - INFO - [The Hindu] Early skip: URL https://www.thehindu.com/news/national/tamil-nadu/thick-mist-in-vellore-and-nearby-districts-puts-motorists-on-arterial-stretches-at-risk/article70433919.ece already exists.
2025-12-24 23:22:45,135 - INFO - [The Hindu] Early skip: URL https://www.thehindu.com/news/national/tamil-nadu/consul-general-meets-vit-chancellor/article70433891.ece already exists.
2025-12-24 23:22:45,348 - INFO - [The Hindu] Early skip: URL https://www.thehindu.com/news/national/tamil-nadu/9-killed-as-government-bus-collides-with-suvs-at-ezhuthur-on-tiruchi-chennai-national-highway/article70434869.ece already exists.
2025-12-24 23:22:45,480 - INFO - [The Hindu] Early skip: URL https://www.thehindu.com/news/national/karnataka/govt-hasnt-procured-books-for-libraries-for-four-years-now-local-bodies-owe-department-52683-crore-collected-as-library-cess/article70429954.ece already exists.
2025-12-24 23:22:45,753 - INFO - [The Hindu] Early skip: URL https://www.thehindu.com/news/national/appeal-to-national-leaders-to-stop-former-bjp-mla-sengars-bail-unnao-rape-survivor/article70434656.ece already exists.
2025-12-24 23:22:45,910 - INFO - [The Hindu] (Thread) Finished. Attempting to shut down its Selenium driver.
2025-12-24 23:22:46,035 - INFO - [The Hindu] (Thread) driver.quit() successful.
2025-12-24 23:22:46,035 - INFO - Shutting down thread pool (wait=False)...
2025-12-24 23:22:46,035 - INFO - Scraped: 0 BBC, 1 Times of India, 0 The Guardian, 2 The Hindu articles. (Total saved: 3)
2025-12-24 23:22:46,035 - INFO - --- Scraping job finished ---
2025-12-24 23:22:46,042 - INFO - --- Scraper service stopped and database connection closed. ---
2025-12-24 23:22:46,042 - INFO - --- Main thread finished. Forcing process exit to kill zombie threads. ---
