2025-12-19 16:54:33,171 - INFO - Loading AI Semantic Model (all-MiniLM-L6-v2)...
2025-12-19 16:54:33,172 - INFO - Use pytorch device_name: cpu
2025-12-19 16:54:33,172 - INFO - Load pretrained SentenceTransformer: all-MiniLM-L6-v2
2025-12-19 16:54:33,961 - INFO - AI Model loaded successfully.
2025-12-19 16:54:33,961 - INFO - --- Scraper service started (CI Mode: Run Once) ---
2025-12-19 16:54:33,961 - INFO - --- Starting new scraping job (Parallel Mode) ---
2025-12-19 16:54:33,961 - INFO - Creating new robust session with 3 retries on 5xx/connection/read errors.
2025-12-19 16:54:33,962 - INFO - Proxy is DISABLED.
2025-12-19 16:54:33,962 - INFO - Starting scrape for BBC RSS feed: http://feeds.bbci.co.uk/news/world/rss.xml
2025-12-19 16:54:33,963 - INFO - [Times of India] (Thread) requires Selenium. Initializing driver...
2025-12-19 16:54:33,963 - INFO - Starting scrape for The Guardian RSS feed: https://www.theguardian.com/world/rss
2025-12-19 16:54:33,964 - INFO - [The Hindu] (Thread) requires Selenium. Initializing driver...
2025-12-19 16:54:33,965 - INFO - Submitted 4 jobs to thread pool. Waiting up to 300s for completion...
2025-12-19 16:54:34,163 - INFO - Found 34 articles in BBC RSS feed. Processing up to 30.
2025-12-19 16:54:34,164 - INFO - [BBC] Early skip: URL https://www.bbc.com/news/articles/cp89p082y2xo?at_medium=RSS&at_campaign=rss already exists.
2025-12-19 16:54:34,219 - INFO - Found 45 articles in The Guardian RSS feed. Processing up to 30.
2025-12-19 16:54:34,286 - INFO - [The Guardian] Article: https://www.theguardian.com/society/2025/dec/19/hepatitis-b-vaccine-study-guinea-bissau-rfk
2025-12-19 16:54:34,286 - INFO - [The Guardian] Attempt 1/1: Trying with 'requests_browser' strategy...
2025-12-19 16:54:34,288 - INFO - [BBC] Early skip: URL https://www.bbc.com/news/articles/c3e025vyppeo?at_medium=RSS&at_campaign=rss already exists.
2025-12-19 16:54:34,403 - INFO - [The Guardian] Success with 'requests_browser'. Found content (1565 words).
2025-12-19 16:54:35,597 - INFO - Selenium driver initialized successfully.
2025-12-19 16:54:35,597 - INFO - Starting scrape for The Hindu RSS feed: https://www.thehindu.com/news/national/feeder/default.rss
2025-12-19 16:54:35,603 - INFO - Selenium driver initialized successfully.
2025-12-19 16:54:35,603 - INFO - Starting scrape for Times of India RSS feed: https://timesofindia.indiatimes.com/rssfeeds/296589292.cms
2025-12-19 16:54:35,838 - INFO - Found 20 articles in Times of India RSS feed. Processing up to 30.
2025-12-19 16:54:36,743 - INFO - Found 100 articles in The Hindu RSS feed. Processing up to 30.
2025-12-19 16:54:47,234 - INFO - Saved article: US plan for $1.6m hepatitis B vaccine study in Africa called ‘highly unethical’ | Vaccines and immunisation | The Guardian from The Guardian (1565 words)
2025-12-19 16:54:47,235 - INFO - [BBC] Early skip: URL https://www.bbc.com/news/articles/ckg9plrkl8no?at_medium=RSS&at_campaign=rss already exists.
2025-12-19 16:54:47,384 - INFO - [Times of India] Article: https://timesofindia.indiatimes.com/world/us-streamers/never-tip-if-you-dont-want-to-asmongold-blasts-tipping-culture-following-viral-confrontation-involving-wendy-ortizs-sister/articleshow/126080261.cms
2025-12-19 16:54:47,384 - INFO - [Times of India] Attempt 1/1: Trying with 'selenium_browser' strategy...
2025-12-19 16:54:47,385 - INFO - [The Hindu] Article: https://www.thehindu.com/news/national/kerala/kerala-cm-pinarayi-vijayan-defends-iffk-against-censorship-and-centres-interference/article70416900.ece
2025-12-19 16:54:47,385 - INFO - [The Hindu] Attempt 1/1: Trying with 'selenium_browser' strategy...
2025-12-19 16:54:47,386 - INFO - [BBC] Early skip: URL https://www.bbc.com/news/articles/cx251p7k23mo?at_medium=RSS&at_campaign=rss already exists.
2025-12-19 16:54:47,604 - INFO - [BBC] Early skip: URL https://www.bbc.com/news/articles/c2462r82864o?at_medium=RSS&at_campaign=rss already exists.
2025-12-19 16:54:47,772 - INFO - [BBC] Early skip: URL https://www.bbc.com/news/articles/c4gp4ze002mo?at_medium=RSS&at_campaign=rss already exists.
2025-12-19 16:54:47,922 - INFO - [BBC] Early skip: URL https://www.bbc.com/news/articles/cn09p4kjj4wo?at_medium=RSS&at_campaign=rss already exists.
2025-12-19 16:54:48,267 - INFO - [BBC] Early skip: URL https://www.bbc.com/news/articles/cpq4p535347o?at_medium=RSS&at_campaign=rss already exists.
2025-12-19 16:54:48,424 - INFO - [BBC] Early skip: URL https://www.bbc.com/news/articles/ckgdpz0gp3jo?at_medium=RSS&at_campaign=rss already exists.
2025-12-19 16:54:48,584 - INFO - [BBC] Early skip: URL https://www.bbc.com/news/articles/cgexp1q8wn1o?at_medium=RSS&at_campaign=rss already exists.
2025-12-19 16:54:48,771 - INFO - [BBC] Early skip: URL https://www.bbc.com/news/articles/c741r9ve3z7o?at_medium=RSS&at_campaign=rss already exists.
2025-12-19 16:54:48,889 - INFO - [The Guardian] Early skip: URL https://www.theguardian.com/global-development/2025/dec/19/colombian-mercenaries-sudan-rsf-us-sanctions-recruited-uk-registered-firms-investigation already exists.
2025-12-19 16:54:49,134 - INFO - [The Guardian] Early skip: URL https://www.theguardian.com/global-development/2025/dec/18/morocco-genz212-protests-police-mass-arrests-beatings-detentions-rights already exists.
2025-12-19 16:54:49,303 - INFO - [The Guardian] Early skip: URL https://www.theguardian.com/world/2025/dec/16/five-key-moments-in-the-assault-on-the-rights-of-women-and-girls-in-2025 already exists.
2025-12-19 16:54:49,434 - INFO - [The Guardian] Early skip: URL https://www.theguardian.com/world/2025/dec/16/south-africa-russia-men-tricked-fighting-ukraine already exists.
2025-12-19 16:54:49,699 - INFO - [The Guardian] Early skip: URL https://www.theguardian.com/world/2025/dec/19/colombia-eln-guerrilla-group-attack-military-base already exists.
2025-12-19 16:54:49,853 - INFO - [BBC] Early skip: URL https://www.bbc.com/news/articles/cy842jdw98vo?at_medium=RSS&at_campaign=rss already exists.
2025-12-19 16:54:50,006 - INFO - [BBC] Early skip: URL https://www.bbc.com/news/articles/cy472pygwljo?at_medium=RSS&at_campaign=rss already exists.
2025-12-19 16:54:50,128 - INFO - [BBC] Early skip: URL https://www.bbc.com/news/articles/cj69px875ewo?at_medium=RSS&at_campaign=rss already exists.
2025-12-19 16:54:50,265 - INFO - [BBC] Early skip: URL https://www.bbc.com/news/articles/c4g94ywgxd6o?at_medium=RSS&at_campaign=rss already exists.
2025-12-19 16:54:50,552 - INFO - [The Guardian] Early skip: URL https://www.theguardian.com/world/2025/dec/19/i-cant-think-of-a-place-more-pristine-133000-hectares-of-chilean-patagonia-preserved-after-local-fundraising already exists.
2025-12-19 16:54:50,827 - INFO - [BBC] Early skip: URL https://www.bbc.com/news/articles/cg7vp937jyxo?at_medium=RSS&at_campaign=rss already exists.
2025-12-19 16:54:50,984 - INFO - [BBC] Early skip: URL https://www.bbc.com/news/articles/c8983vzg79go?at_medium=RSS&at_campaign=rss already exists.
2025-12-19 16:54:51,210 - INFO - [BBC] Early skip: URL https://www.bbc.com/news/articles/c93wxp2p05xo?at_medium=RSS&at_campaign=rss already exists.
2025-12-19 16:54:51,397 - INFO - [The Guardian] Early skip: URL https://www.theguardian.com/world/2025/dec/18/brazilian-congress-passes-bill-cut-jair-bolsonaro-prison-term already exists.
2025-12-19 16:54:51,620 - INFO - [The Guardian] Early skip: URL https://www.theguardian.com/world/2025/dec/18/canada-immigration-population-analysis already exists.
2025-12-19 16:54:51,832 - INFO - [BBC] Early skip: URL https://www.bbc.com/news/articles/cp8z684r6vlo?at_medium=RSS&at_campaign=rss already exists.
2025-12-19 16:54:52,042 - INFO - [The Guardian] Early skip: URL https://www.theguardian.com/us-news/2025/dec/17/military-strike-pacific-hegseth already exists.
2025-12-19 16:54:52,155 - INFO - [BBC] Early skip: URL https://www.bbc.com/news/articles/c2epv08xwz7o?at_medium=RSS&at_campaign=rss already exists.
2025-12-19 16:54:52,329 - INFO - [The Guardian] Article: https://www.theguardian.com/world/2025/dec/19/mass-stabbing-tapei
2025-12-19 16:54:52,329 - INFO - [The Guardian] Attempt 1/1: Trying with 'requests_browser' strategy...
2025-12-19 16:54:52,331 - INFO - [BBC] Early skip: URL https://www.bbc.com/news/articles/cgmneem1e89o?at_medium=RSS&at_campaign=rss already exists.
2025-12-19 16:54:52,370 - INFO - [The Guardian] Success with 'requests_browser'. Found content (685 words).
2025-12-19 16:54:52,496 - INFO - [BBC] Early skip: URL https://www.bbc.com/news/articles/cp9kv9lld38o?at_medium=RSS&at_campaign=rss already exists.
2025-12-19 16:54:52,623 - INFO - [BBC] Early skip: URL https://www.bbc.com/news/articles/ce86j7n6d3do?at_medium=RSS&at_campaign=rss already exists.
2025-12-19 16:54:52,921 - INFO - [BBC] Early skip: URL https://www.bbc.com/news/articles/cwypp1jwjz1o?at_medium=RSS&at_campaign=rss already exists.
2025-12-19 16:54:53,189 - INFO - [BBC] Early skip: URL https://www.bbc.com/news/articles/czxp998rd9ko?at_medium=RSS&at_campaign=rss already exists.
2025-12-19 16:54:53,339 - INFO - [BBC] Early skip: URL https://www.bbc.com/news/articles/c773mnpre07o?at_medium=RSS&at_campaign=rss already exists.
2025-12-19 16:54:54,686 - INFO - [The Hindu] Page content loaded.
2025-12-19 16:54:55,064 - INFO - [The Hindu] Success with 'selenium_browser'. Found content (488 words).
2025-12-19 16:55:16,140 - INFO - DEDUPLICATION: Found match (Score: 0.83). Linking to Cluster ID: 1f3ce7c1-f5ce-4778-84ac-94dfee813627
2025-12-19 16:55:16,142 - INFO - Saved article: At least four people killed in mass stabbing in Taipei | Taiwan | The Guardian from The Guardian (685 words)
2025-12-19 16:55:16,142 - INFO - [BBC] Early skip: URL https://www.bbc.com/news/articles/cze80j943zlo?at_medium=RSS&at_campaign=rss already exists.
2025-12-19 16:55:31,152 - INFO - Saved article: Kerala CM Pinarayi Vijayan defends IFFK against censorship and Centre’s interference - The Hindu from The Hindu (488 words)
2025-12-19 16:55:31,152 - INFO - [BBC] Early skip: URL https://www.bbc.com/news/articles/c1dz6wgn2w9o?at_medium=RSS&at_campaign=rss already exists.
2025-12-19 16:55:31,322 - INFO - [The Guardian] Early skip: URL https://www.theguardian.com/technology/2025/dec/19/uk-foreign-office-victim-cyber-attack-october- already exists.
2025-12-19 16:55:31,544 - INFO - [BBC] Early skip: URL https://www.bbc.com/news/articles/cgl66ez489po?at_medium=RSS&at_campaign=rss already exists.
2025-12-19 16:55:31,786 - INFO - [The Guardian] Early skip: URL https://www.theguardian.com/technology/2025/dec/18/tiktok-signs-deal-us-entity-sale already exists.
2025-12-19 16:55:31,997 - INFO - [BBC] Early skip: URL https://www.bbc.com/news/videos/cly5p1vkm39o?at_medium=RSS&at_campaign=rss already exists.
2025-12-19 16:55:32,272 - INFO - [The Guardian] Early skip: URL https://www.theguardian.com/world/2025/dec/19/south-korean-president-urges-public-health-cover-hair-loss already exists.
2025-12-19 16:55:32,406 - INFO - [The Guardian] Early skip: URL https://www.theguardian.com/world/2025/dec/18/us-announces-more-than-10bn-of-arms-sales-to-taiwan already exists.
2025-12-19 16:55:32,685 - INFO - [The Hindu] Article: https://www.thehindu.com/news/national/karnataka/leadership-tussle-escalates-as-cm-and-dycm-air-divergent-views-on-pact/article70416188.ece
2025-12-19 16:55:32,685 - INFO - [The Hindu] Attempt 1/1: Trying with 'selenium_browser' strategy...
2025-12-19 16:55:32,686 - INFO - [The Guardian] Early skip: URL https://www.theguardian.com/australia-news/2025/dec/20/some-will-take-their-own-lives-puberty-blocker-bans-in-queensland-and-nz-risk-extreme-harm-to-trans-youth-uk-expert-warns already exists.
2025-12-19 16:55:32,903 - INFO - [The Guardian] Early skip: URL https://www.theguardian.com/australia-news/2025/dec/20/victoria-police-welfare-policy-detainees-tired-fair-trial already exists.
2025-12-19 16:55:33,107 - INFO - [The Guardian] Early skip: URL https://www.theguardian.com/australia-news/2025/dec/19/bom-christmas-day-weather-forecast-australia-extreme-heatwave already exists.
2025-12-19 16:55:33,233 - INFO - [The Guardian] Early skip: URL https://www.theguardian.com/australia-news/2025/dec/19/anthony-albanese-attends-sydney-synagogue-to-honour-memory-of-bondi-attack-victims already exists.
2025-12-19 16:55:33,435 - INFO - [The Guardian] Early skip: URL https://www.theguardian.com/australia-news/2025/dec/19/alleged-bondi-beach-gunman-visited-firearms-shop-during-philippines-visit-local-police-say already exists.
2025-12-19 16:55:33,720 - INFO - [The Guardian] Early skip: URL https://www.theguardian.com/world/live/2025/dec/19/ukraine-war-live-zelenskyy-european-union-agreement-90bn-loan-deal-kyiv already exists.
2025-12-19 16:55:33,903 - INFO - [The Guardian] Early skip: URL https://www.theguardian.com/world/2025/dec/19/ukraine-attacks-russian-shadow-tanker-off-libyan-coast already exists.
2025-12-19 16:55:34,187 - INFO - [The Guardian] Early skip: URL https://www.theguardian.com/world/2025/dec/19/eu-ukraine-loan-plan-b-frozen-russian-assets already exists.
2025-12-19 16:55:34,340 - INFO - [The Guardian] Early skip: URL https://www.theguardian.com/world/2025/dec/19/ukraine-deal-latest-europe-leaders-loan-zelenskyy already exists.
2025-12-19 16:55:34,481 - INFO - [The Guardian] Early skip: URL https://www.theguardian.com/environment/2025/dec/19/weather-tracker-early-snowfall-new-york-storm-rips-down-lights-spain already exists.
2025-12-19 16:55:34,497 - INFO - [The Hindu] Page content loaded.
2025-12-19 16:55:34,559 - INFO - [The Hindu] Success with 'selenium_browser'. Found content (388 words).
2025-12-19 16:55:34,599 - INFO - [The Guardian] Early skip: URL https://www.theguardian.com/global-development/2025/dec/19/gaza-phd-student-manar-al-houbi-granted-access-to-uk-but-others-remain-stranded already exists.
2025-12-19 16:55:34,874 - INFO - [The Guardian] Early skip: URL https://www.theguardian.com/global-development/2025/dec/19/iranian-boxing-champion-mohammad-javad-vafaei-sani-risk-of-execution-retrial-request-rejected already exists.
2025-12-19 16:55:49,120 - INFO - DEDUPLICATION: Found match (Score: 0.77). Linking to Cluster ID: afb2d326-2d55-4e99-bd95-2b680763ce9b
2025-12-19 16:55:49,123 - INFO - Saved article: Leadership tussle escalates as CM and Dy.CM air divergent views on ‘pact’ - The Hindu from The Hindu (388 words)
2025-12-19 16:55:49,123 - INFO - [The Guardian] Early skip: URL https://www.theguardian.com/world/2025/dec/18/rainfall-iran-hormuz-island-red-beach already exists.
2025-12-19 16:55:49,234 - INFO - [The Guardian] Early skip: URL https://www.theguardian.com/world/2025/dec/18/saudi-backed-forces-yemen-border-separatists-stc already exists.
2025-12-19 16:55:49,420 - INFO - [The Guardian] Early skip: URL https://www.theguardian.com/us-news/2025/dec/17/peter-arnett-dead-vietnam-gulf-war already exists.
2025-12-19 16:55:50,270 - INFO - [The Hindu] Article: https://www.thehindu.com/news/cities/Hyderabad/hyderabad-police-chief-seeks-rbi-support-to-curb-mule-accounts-fuelling-cyber-fraud/article70417066.ece
2025-12-19 16:55:50,270 - INFO - [The Hindu] Attempt 1/1: Trying with 'selenium_browser' strategy...
2025-12-19 16:55:52,939 - INFO - [The Hindu] Page content loaded.
2025-12-19 16:55:53,160 - INFO - [The Hindu] Success with 'selenium_browser'. Found content (298 words).
2025-12-19 16:56:07,040 - INFO - Saved article: Hyderabad police chief seeks RBI support to curb mule accounts fuelling cyber fraud - The Hindu from The Hindu (298 words)
2025-12-19 16:56:08,278 - INFO - [The Hindu] Article: https://www.thehindu.com/news/national/corporations-have-a-fundamental-duty-to-protect-ecosystem-prevent-species-extinction-supreme-court/article70416803.ece
2025-12-19 16:56:08,279 - INFO - [The Hindu] Attempt 1/1: Trying with 'selenium_browser' strategy...
2025-12-19 16:56:20,153 - INFO - [The Hindu] Page content loaded.
2025-12-19 16:56:20,279 - INFO - [The Hindu] Success with 'selenium_browser'. Found content (515 words).
2025-12-19 16:56:33,874 - INFO - Saved article: Corporations have a fundamental duty to protect ecosystem, prevent species' extinction: Supreme Court - The Hindu from The Hindu (515 words)
2025-12-19 16:56:35,355 - INFO - [The Hindu] Article: https://www.thehindu.com/shorts/watch-om-birla-modi-host-tea-with-opposition-after-parliament-session/article70417087.ece
2025-12-19 16:56:35,355 - INFO - [The Hindu] Attempt 1/1: Trying with 'selenium_browser' strategy...
2025-12-19 16:56:46,786 - WARNING - [The Hindu] Page timed out (10s). Proceeding anyway.
2025-12-19 16:56:46,944 - WARNING - [The Hindu] FAILED with 'selenium_browser' (content was too short: 45 words).
2025-12-19 16:56:46,944 - ERROR - [The Hindu] All scrape strategies failed for https://www.thehindu.com/shorts/watch-om-birla-modi-host-tea-with-opposition-after-parliament-session/article70417087.ece. Falling back to RSS description.
2025-12-19 16:56:46,944 - WARNING - SKIPPED (GLOBAL WORD LIMIT): Article 'Watch: Om Birla, Modi host tea with opposition after Parliament session' from The Hindu has only 3 words (Min: 90).
2025-12-19 16:56:47,442 - ERROR - [Times of India] Request failed for strategy 'selenium_browser' on URL https://timesofindia.indiatimes.com/world/us-streamers/never-tip-if-you-dont-want-to-asmongold-blasts-tipping-culture-following-viral-confrontation-involving-wendy-ortizs-sister/articleshow/126080261.cms: HTTPConnectionPool(host='localhost', port=40513): Read timed out. (read timeout=120)
2025-12-19 16:56:47,442 - ERROR - [Times of India] All scrape strategies failed for https://timesofindia.indiatimes.com/world/us-streamers/never-tip-if-you-dont-want-to-asmongold-blasts-tipping-culture-following-viral-confrontation-involving-wendy-ortizs-sister/articleshow/126080261.cms. Falling back to RSS description.
2025-12-19 16:56:47,442 - WARNING - SKIPPED (GLOBAL WORD LIMIT): Article '“Never tip if you don't want to”: Asmongold blasts tipping culture following viral confrontation involving Wendy Ortiz’s sister' from Times of India has only 52 words (Min: 90).
2025-12-19 16:56:47,961 - INFO - [The Hindu] Early skip: URL https://www.thehindu.com/news/national/pm-modi-priyanka-gandhi-share-light-moment-at-speakers-tea/article70416619.ece already exists.
2025-12-19 16:56:48,245 - INFO - [The Hindu] Early skip: URL https://www.thehindu.com/news/national/telangana/panchayat-poll-verdict-against-congress-brs-says-bjp-president/article70416472.ece already exists.
2025-12-19 16:56:48,393 - INFO - [Times of India] Early skip: URL https://timesofindia.indiatimes.com/world/us/im-both-indian-and-white-nikki-haleys-son-says-in-online-rant-against-vivek-ramaswamy-crashing-out-at-christmas/articleshow/126079788.cms already exists.
2025-12-19 16:56:48,651 - INFO - [The Hindu] Early skip: URL https://www.thehindu.com/news/national/andhra-pradesh/students-should-become-guiding-lights-of-future-society-samariya/article70416578.ece already exists.
2025-12-19 16:56:48,863 - INFO - [Times of India] Early skip: URL https://timesofindia.indiatimes.com/world/us/what-ties-shooter-claudio-manuel-neves-valente-to-both-brown-university-and-mit-jealousy-or-unresolved-anger/articleshow/126080000.cms already exists.
2025-12-19 16:56:48,971 - INFO - [The Hindu] Early skip: URL https://www.thehindu.com/news/national/kerala/dcc-strikes-deal-with-rebel-winner-to-retain-thiruvambady-panchayat/article70415727.ece already exists.
2025-12-19 16:56:49,160 - INFO - [Times of India] Early skip: URL https://timesofindia.indiatimes.com/world/us/horrible-amazon-bans-delivery-worker-after-doorbell-footage-revealed-he-stole-a-cat-from-california-home/articleshow/126079382.cms already exists.
2025-12-19 16:56:49,381 - INFO - [The Hindu] Early skip: URL https://www.thehindu.com/news/national/west-bengal/west-bengal-bjp-flags-violence-in-bangladesh-trinamool-hits-back/article70416202.ece already exists.
2025-12-19 16:56:49,604 - INFO - [Times of India] Early skip: URL https://timesofindia.indiatimes.com/world/us/donald-trump-and-the-art-of-adding-your-name-next-to-kennedy/articleshow/126079374.cms already exists.
2025-12-19 16:56:49,860 - INFO - [The Hindu] Early skip: URL https://www.thehindu.com/news/national/bihar/rjd-accuses-jitan-ram-manjhi-of-winning-elections-by-vote-rigging/article70416023.ece already exists.
2025-12-19 16:56:50,026 - INFO - [Times of India] Early skip: URL https://timesofindia.indiatimes.com/world/rest-of-world/taiwan-eight-injured-in-smoke-grenade-knife-attacks-at-taipei-metro-stations-three-suffer-cardiac-arrest/articleshow/126078672.cms already exists.
2025-12-19 16:56:50,256 - INFO - [The Hindu] Early skip: URL https://www.thehindu.com/news/national/karnataka/ibm-to-skill-5-million-indians-in-ai-cybersecurity-quantum-computing-by-2030/article70415926.ece already exists.
2025-12-19 16:56:50,410 - INFO - [Times of India] Early skip: URL https://timesofindia.indiatimes.com/world/rest-of-world/8-indian-origin-people-among-20-arrested-in-canada-as-cops-bust-huge-auto-theft-gang-306-stolen-cars-recovered/articleshow/126078860.cms already exists.
2025-12-19 16:56:50,617 - INFO - [The Hindu] Early skip: URL https://www.thehindu.com/news/national/karnataka/both-houses-adjourned-sine-die/article70415732.ece already exists.
2025-12-19 16:56:50,754 - INFO - [Times of India] Early skip: URL https://timesofindia.indiatimes.com/world/us/brown-university-shooting-how-a-single-reddit-post-helped-fbi-capture-gunman-claudio-manuel-neves-valente/articleshow/126078550.cms already exists.
2025-12-19 16:56:51,016 - INFO - [The Hindu] Early skip: URL https://www.thehindu.com/news/national/karnataka/state-govt-has-taken-measures-to-stop-crimes-maintain-law-and-order-says-home-minister/article70416490.ece already exists.
2025-12-19 16:56:51,208 - INFO - [Times of India] Early skip: URL https://timesofindia.indiatimes.com/world/us/green-card-lottery-suspended-list-of-countries-to-be-affected-by-donald-trumps-new-immigration-rule/articleshow/126078187.cms already exists.
2025-12-19 16:56:51,365 - INFO - [The Hindu] Early skip: URL https://www.thehindu.com/news/national/karnataka/glanders-outbreak-bengaluru-bans-movement-of-horses-near-turf-club/article70415856.ece already exists.
2025-12-19 16:56:51,489 - INFO - [Times of India] Early skip: URL https://timesofindia.indiatimes.com/world/uk/only-2-christians-in-india-yet-they-british-tv-host-narinder-kaur-surprised-by-christmas-celebrations-in-new-delhi/articleshow/126077220.cms already exists.
2025-12-19 16:56:51,722 - INFO - [The Hindu] Early skip: URL https://www.thehindu.com/news/national/kerala/state-animal-welfare-board-pushes-for-stricter-stray-dog-vaccination-measures-in-kerala/article70416872.ece already exists.
2025-12-19 16:56:52,015 - INFO - [Times of India] Early skip: URL https://timesofindia.indiatimes.com/world/us/who-where-why-every-famous-person-linked-to-jeffrey-epstein/articleshow/126077295.cms already exists.
2025-12-19 16:56:52,315 - INFO - [The Hindu] Article: https://www.thehindu.com/news/national/karnataka/kkcci-delegation-meets-union-ministers-in-new-delhi-seeks-restoration-of-flight-services-in-kalaburagi/article70416315.ece
2025-12-19 16:56:52,315 - INFO - [The Hindu] Attempt 1/1: Trying with 'selenium_browser' strategy...
2025-12-19 16:56:52,316 - INFO - [Times of India] Early skip: URL https://timesofindia.indiatimes.com/world/us/indian-origin-man-dies-during-cricket-match-in-north-carolina-wife-on-h-4-visa-appeals-for-help/articleshow/126077278.cms already exists.
2025-12-19 16:56:52,528 - INFO - [Times of India] Early skip: URL https://timesofindia.indiatimes.com/world/middle-east/dubai-police-launch-online-vehicle-damage-certificates-how-to-claim-for-weather-related-damage/articleshow/126077155.cms already exists.
2025-12-19 16:56:52,775 - INFO - [Times of India] Early skip: URL https://timesofindia.indiatimes.com/world/middle-east/saudi-arabia-launches-first-electric-bus-network-in-mecca-to-ease-hajj-and-umrah-travel-in-2026/articleshow/126074758.cms already exists.
2025-12-19 16:56:52,990 - INFO - [Times of India] Early skip: URL https://timesofindia.indiatimes.com/world/middle-east/uae-dubaisharjah-ferry-services-temporarily-suspended-amid-adverse-weather/articleshow/126075567.cms already exists.
2025-12-19 16:56:53,100 - INFO - [Times of India] Early skip: URL https://timesofindia.indiatimes.com/world/us/manufacturing-consent-decoding-jeffrey-epsteins-friendship-with-noam-chomsky-after-release-of-new-photos/articleshow/126075530.cms already exists.
2025-12-19 16:56:53,291 - INFO - [The Hindu] Page content loaded.
2025-12-19 16:56:53,399 - INFO - [Times of India] Early skip: URL https://timesofindia.indiatimes.com/world/middle-east/saudi-arabia-offers-residential-land-in-riyadh-at-up-to-84-discount/articleshow/126074031.cms already exists.
2025-12-19 16:56:53,592 - INFO - [Times of India] Early skip: URL https://timesofindia.indiatimes.com/world/us/river-in-northern-alaska-turns-orange-due-to-rising-heavy-metal-pollution/articleshow/126073517.cms already exists.
2025-12-19 16:56:53,651 - INFO - [The Hindu] Success with 'selenium_browser'. Found content (434 words).
2025-12-19 16:56:53,758 - INFO - [Times of India] Early skip: URL https://timesofindia.indiatimes.com/business/international-business/us-immigration-crackdown-donald-trump-suspends-green-card-lottery-links-brownmit-shooting-suspect-to-programme/articleshow/126071957.cms already exists.
2025-12-19 16:57:07,417 - INFO - Saved article: KKCCI delegation meets Union Ministers in New Delhi; seeks restoration of flight services in Kalaburagi - The Hindu from The Hindu (434 words)
2025-12-19 16:57:07,417 - INFO - [Times of India] Early skip: URL https://timesofindia.indiatimes.com/world/us/brown-university-shooting-was-suspect-a-us-citizen-what-we-know-about-claudio-manuel-neves-valente/articleshow/126069831.cms already exists.
2025-12-19 16:57:07,581 - INFO - [Times of India] (Thread) Finished. Attempting to shut down its Selenium driver.
2025-12-19 16:57:08,402 - INFO - [The Hindu] Article: https://www.thehindu.com/news/national/karnataka/i-have-never-been-politically-weak-asserts-siddaramaiah/article70416164.ece
2025-12-19 16:57:08,402 - INFO - [The Hindu] Attempt 1/1: Trying with 'selenium_browser' strategy...
2025-12-19 16:57:09,416 - INFO - [The Hindu] Page content loaded.
2025-12-19 16:57:09,636 - INFO - [The Hindu] Success with 'selenium_browser'. Found content (496 words).
2025-12-19 16:57:23,658 - INFO - Saved article: I have never been politically weak, asserts Siddaramaiah - The Hindu from The Hindu (496 words)
2025-12-19 16:57:24,699 - INFO - [The Hindu] Article: https://www.thehindu.com/news/national/kerala/congress-stages-protest-in-ernakulam-by-singing-controversial-parody-song/article70416416.ece
2025-12-19 16:57:24,699 - INFO - [The Hindu] Attempt 1/1: Trying with 'selenium_browser' strategy...
2025-12-19 16:57:25,680 - INFO - [The Hindu] Page content loaded.
2025-12-19 16:57:25,729 - INFO - [The Hindu] Success with 'selenium_browser'. Found content (287 words).
2025-12-19 16:57:39,818 - INFO - DEDUPLICATION: Found match (Score: 0.71). Linking to Cluster ID: 62bf7425-de4b-404a-ac4f-b8971db29c20
2025-12-19 16:57:39,820 - INFO - Saved article: Congress stages protest in Ernakulam by singing controversial parody song - The Hindu from The Hindu (287 words)
2025-12-19 16:57:40,880 - INFO - [The Hindu] Article: https://www.thehindu.com/news/national/karnataka/cm-flags-off-81-arogya-sethu-mobile-health-units/article70415756.ece
2025-12-19 16:57:40,880 - INFO - [The Hindu] Attempt 1/1: Trying with 'selenium_browser' strategy...
2025-12-19 16:57:41,909 - INFO - [The Hindu] Page content loaded.
2025-12-19 16:57:41,952 - INFO - [The Hindu] Success with 'selenium_browser'. Found content (363 words).
2025-12-19 16:57:56,469 - INFO - Saved article: CM flags off 81 ‘Arogya Sethu’ mobile health units - The Hindu from The Hindu (363 words)
2025-12-19 16:57:57,148 - INFO - [The Hindu] Article: https://www.thehindu.com/news/national/karnataka/puppetry-festival-begins/article70416846.ece
2025-12-19 16:57:57,148 - INFO - [The Hindu] Attempt 1/1: Trying with 'selenium_browser' strategy...
2025-12-19 16:57:58,167 - INFO - [The Hindu] Page content loaded.
2025-12-19 16:57:58,238 - INFO - [The Hindu] Success with 'selenium_browser'. Found content (171 words).
2025-12-19 16:58:12,795 - INFO - Saved article: Puppetry Festival begins - The Hindu from The Hindu (171 words)
2025-12-19 16:58:13,672 - INFO - [The Hindu] Article: https://www.thehindu.com/news/national/kerala/hc-quashes-go-allowing-company-to-set-up-brewery-at-elappully/article70416815.ece
2025-12-19 16:58:13,672 - INFO - [The Hindu] Attempt 1/1: Trying with 'selenium_browser' strategy...
2025-12-19 16:58:14,834 - INFO - [The Hindu] Page content loaded.
2025-12-19 16:58:14,919 - INFO - [The Hindu] Success with 'selenium_browser'. Found content (322 words).
2025-12-19 16:58:29,553 - INFO - Saved article: HC quashes GO allowing company to set up brewery at Elappully - The Hindu from The Hindu (322 words)
2025-12-19 16:58:30,662 - INFO - [The Hindu] Article: https://www.thehindu.com/news/national/kerala/v-c-appointments-gain-momentum-after-governor-cm-talks-opposition-alleges-secret-understanding/article70416549.ece
2025-12-19 16:58:30,662 - INFO - [The Hindu] Attempt 1/1: Trying with 'selenium_browser' strategy...
2025-12-19 16:58:31,686 - INFO - [The Hindu] Page content loaded.
2025-12-19 16:58:31,737 - INFO - [The Hindu] Success with 'selenium_browser'. Found content (393 words).
2025-12-19 16:58:46,341 - INFO - Saved article: V-C appointments gain momentum after Governor-CM talks; Opposition alleges “secret understanding” - The Hindu from The Hindu (393 words)
2025-12-19 16:58:47,552 - INFO - [The Hindu] Article: https://www.thehindu.com/news/national/karnataka/jalahalli-and-kanteerava-underpasses-inch-towards-revival-will-the-momentum-sustain/article70416495.ece
2025-12-19 16:58:47,552 - INFO - [The Hindu] Attempt 1/1: Trying with 'selenium_browser' strategy...
2025-12-19 16:58:48,774 - INFO - [The Hindu] Page content loaded.
2025-12-19 16:58:48,999 - INFO - [The Hindu] Success with 'selenium_browser'. Found content (688 words).
2025-12-19 16:59:04,136 - INFO - Saved article: Jalahalli and Kanteerava underpasses inch towards revival, will the momentum sustain? - The Hindu from The Hindu (688 words)
2025-12-19 16:59:05,148 - INFO - [The Hindu] Article: https://www.thehindu.com/news/cities/Hyderabad/woman-falls-to-death-from-eighth-floor-while-attempting-to-move-to-neighbouring-balcony-in-kollur/article70416646.ece
2025-12-19 16:59:05,148 - INFO - [The Hindu] Attempt 1/1: Trying with 'selenium_browser' strategy...
2025-12-19 16:59:06,497 - INFO - [The Hindu] Page content loaded.
2025-12-19 16:59:06,647 - INFO - [The Hindu] Success with 'selenium_browser'. Found content (252 words).
2025-12-19 16:59:07,682 - WARNING - Retrying (Retry(total=2, connect=None, read=None, redirect=None, status=None)) after connection broken by 'ReadTimeoutError("HTTPConnectionPool(host='localhost', port=40513): Read timed out. (read timeout=120)")': /session/23b5cc516c5fd513703f71135b7c75bc
2025-12-19 16:59:21,262 - INFO - Saved article: Woman falls to death from eighth floor while attempting to move to neighbouring balcony in Kollur - The Hindu from The Hindu (252 words)
2025-12-19 16:59:21,910 - INFO - [The Hindu] Article: https://www.thehindu.com/news/national/kerala/woman-allegedly-slapped-by-cop-vows-to-continue-legal-fight/article70416587.ece
2025-12-19 16:59:21,911 - INFO - [The Hindu] Attempt 1/1: Trying with 'selenium_browser' strategy...
2025-12-19 16:59:23,159 - INFO - [The Hindu] Page content loaded.
2025-12-19 16:59:23,251 - INFO - [The Hindu] Success with 'selenium_browser'. Found content (349 words).
2025-12-19 16:59:33,965 - CRITICAL - --- TIMEOUT: 2 scrape jobs did not complete in 300s. ---
2025-12-19 16:59:33,965 - ERROR - A thread has timed out and will be abandoned.
2025-12-19 16:59:33,965 - ERROR - A thread has timed out and will be abandoned.
2025-12-19 16:59:33,965 - INFO - Shutting down thread pool (wait=False)...
2025-12-19 16:59:33,965 - INFO - Scraped: 2 The Guardian, 0 BBC, 2 Timed_Out_Jobs articles. (Total saved: 2)
2025-12-19 16:59:33,965 - INFO - --- Scraping job finished ---
2025-12-19 16:59:33,966 - INFO - --- Scraper service stopped and database connection closed. ---
2025-12-19 16:59:33,966 - INFO - --- Main thread finished. Forcing process exit to kill zombie threads. ---
