2026-03-19 08:50:55,799 - INFO - Loading AI Semantic Model (all-MiniLM-L6-v2)...
2026-03-19 08:50:55,799 - INFO - Use pytorch device_name: cpu
2026-03-19 08:50:55,799 - INFO - Load pretrained SentenceTransformer: all-MiniLM-L6-v2
2026-03-19 08:50:55,916 - INFO - HTTP Request: HEAD https://huggingface.co/sentence-transformers/all-MiniLM-L6-v2/resolve/main/modules.json "HTTP/1.1 307 Temporary Redirect"
2026-03-19 08:50:55,923 - INFO - HTTP Request: HEAD https://huggingface.co/api/resolve-cache/models/sentence-transformers/all-MiniLM-L6-v2/c9745ed1d9f207416be6d2e6f8de32d1f16199bf/modules.json "HTTP/1.1 200 OK"
2026-03-19 08:50:55,958 - INFO - HTTP Request: HEAD https://huggingface.co/sentence-transformers/all-MiniLM-L6-v2/resolve/main/config_sentence_transformers.json "HTTP/1.1 307 Temporary Redirect"
2026-03-19 08:50:55,964 - INFO - HTTP Request: HEAD https://huggingface.co/api/resolve-cache/models/sentence-transformers/all-MiniLM-L6-v2/c9745ed1d9f207416be6d2e6f8de32d1f16199bf/config_sentence_transformers.json "HTTP/1.1 200 OK"
2026-03-19 08:50:56,000 - INFO - HTTP Request: HEAD https://huggingface.co/sentence-transformers/all-MiniLM-L6-v2/resolve/main/config_sentence_transformers.json "HTTP/1.1 307 Temporary Redirect"
2026-03-19 08:50:56,000 - WARNING - Warning: You are sending unauthenticated requests to the HF Hub. Please set a HF_TOKEN to enable higher rate limits and faster downloads.
2026-03-19 08:50:56,006 - INFO - HTTP Request: HEAD https://huggingface.co/api/resolve-cache/models/sentence-transformers/all-MiniLM-L6-v2/c9745ed1d9f207416be6d2e6f8de32d1f16199bf/config_sentence_transformers.json "HTTP/1.1 200 OK"
2026-03-19 08:50:56,042 - INFO - HTTP Request: HEAD https://huggingface.co/sentence-transformers/all-MiniLM-L6-v2/resolve/main/README.md "HTTP/1.1 307 Temporary Redirect"
2026-03-19 08:50:56,049 - INFO - HTTP Request: HEAD https://huggingface.co/api/resolve-cache/models/sentence-transformers/all-MiniLM-L6-v2/c9745ed1d9f207416be6d2e6f8de32d1f16199bf/README.md "HTTP/1.1 200 OK"
2026-03-19 08:50:56,093 - INFO - HTTP Request: HEAD https://huggingface.co/sentence-transformers/all-MiniLM-L6-v2/resolve/main/modules.json "HTTP/1.1 307 Temporary Redirect"
2026-03-19 08:50:56,098 - INFO - HTTP Request: HEAD https://huggingface.co/api/resolve-cache/models/sentence-transformers/all-MiniLM-L6-v2/c9745ed1d9f207416be6d2e6f8de32d1f16199bf/modules.json "HTTP/1.1 200 OK"
2026-03-19 08:50:56,175 - INFO - HTTP Request: HEAD https://huggingface.co/sentence-transformers/all-MiniLM-L6-v2/resolve/main/sentence_bert_config.json "HTTP/1.1 307 Temporary Redirect"
2026-03-19 08:50:56,181 - INFO - HTTP Request: HEAD https://huggingface.co/api/resolve-cache/models/sentence-transformers/all-MiniLM-L6-v2/c9745ed1d9f207416be6d2e6f8de32d1f16199bf/sentence_bert_config.json "HTTP/1.1 200 OK"
2026-03-19 08:50:56,218 - INFO - HTTP Request: HEAD https://huggingface.co/sentence-transformers/all-MiniLM-L6-v2/resolve/main/adapter_config.json "HTTP/1.1 404 Not Found"
2026-03-19 08:50:56,254 - INFO - HTTP Request: HEAD https://huggingface.co/sentence-transformers/all-MiniLM-L6-v2/resolve/main/config.json "HTTP/1.1 307 Temporary Redirect"
2026-03-19 08:50:56,260 - INFO - HTTP Request: HEAD https://huggingface.co/api/resolve-cache/models/sentence-transformers/all-MiniLM-L6-v2/c9745ed1d9f207416be6d2e6f8de32d1f16199bf/config.json "HTTP/1.1 200 OK"
2026-03-19 08:50:56,362 - WARNING - [1mBertModel LOAD REPORT[0m from: sentence-transformers/all-MiniLM-L6-v2
Key                     | Status     |  | 
------------------------+------------+--+-
embeddings.position_ids | UNEXPECTED |  | 

[3mNotes:
- UNEXPECTED[3m	:can be ignored when loading from different task/architecture; not ok if you expect identical arch.[0m
2026-03-19 08:50:56,393 - INFO - HTTP Request: HEAD https://huggingface.co/sentence-transformers/all-MiniLM-L6-v2/resolve/main/config.json "HTTP/1.1 307 Temporary Redirect"
2026-03-19 08:50:56,399 - INFO - HTTP Request: HEAD https://huggingface.co/api/resolve-cache/models/sentence-transformers/all-MiniLM-L6-v2/c9745ed1d9f207416be6d2e6f8de32d1f16199bf/config.json "HTTP/1.1 200 OK"
2026-03-19 08:50:56,436 - INFO - HTTP Request: HEAD https://huggingface.co/sentence-transformers/all-MiniLM-L6-v2/resolve/main/tokenizer_config.json "HTTP/1.1 307 Temporary Redirect"
2026-03-19 08:50:56,442 - INFO - HTTP Request: HEAD https://huggingface.co/api/resolve-cache/models/sentence-transformers/all-MiniLM-L6-v2/c9745ed1d9f207416be6d2e6f8de32d1f16199bf/tokenizer_config.json "HTTP/1.1 200 OK"
2026-03-19 08:50:56,481 - INFO - HTTP Request: GET https://huggingface.co/api/models/sentence-transformers/all-MiniLM-L6-v2/tree/main/additional_chat_templates?recursive=false&expand=false "HTTP/1.1 404 Not Found"
2026-03-19 08:50:56,518 - INFO - HTTP Request: GET https://huggingface.co/api/models/sentence-transformers/all-MiniLM-L6-v2/tree/main?recursive=true&expand=false "HTTP/1.1 200 OK"
2026-03-19 08:50:56,610 - INFO - HTTP Request: HEAD https://huggingface.co/sentence-transformers/all-MiniLM-L6-v2/resolve/main/1_Pooling/config.json "HTTP/1.1 307 Temporary Redirect"
2026-03-19 08:50:56,616 - INFO - HTTP Request: HEAD https://huggingface.co/api/resolve-cache/models/sentence-transformers/all-MiniLM-L6-v2/c9745ed1d9f207416be6d2e6f8de32d1f16199bf/1_Pooling%2Fconfig.json "HTTP/1.1 200 OK"
2026-03-19 08:50:56,653 - INFO - HTTP Request: GET https://huggingface.co/api/models/sentence-transformers/all-MiniLM-L6-v2 "HTTP/1.1 200 OK"
2026-03-19 08:50:56,658 - INFO - AI Model loaded successfully.
2026-03-19 08:50:56,658 - INFO - --- Scraper service started (CI Mode: Run Once) ---
2026-03-19 08:50:56,658 - INFO - --- Starting new scraping job (Parallel Mode) ---
2026-03-19 08:50:56,658 - INFO - Connecting to Google Sheets...
2026-03-19 08:50:59,950 - INFO - Connected to Sheet: News Scrapper AI / Sheet1
2026-03-19 08:50:59,950 - INFO - Fetching existing data to build cache...
2026-03-19 08:51:13,664 - INFO - Loaded 42989 rows from sheet.
2026-03-19 08:51:14,442 - INFO - Cache built: 42989 URLs. Current MAX_ID: 43089
2026-03-19 08:51:14,448 - INFO - Creating new robust session with 3 retries on 5xx/connection/read errors.
2026-03-19 08:51:14,448 - INFO - Proxy is DISABLED.
2026-03-19 08:51:14,448 - INFO - Starting scrape for BBC RSS feed: http://feeds.bbci.co.uk/news/world/rss.xml
2026-03-19 08:51:14,452 - INFO - [Times of India] (Thread) requires Selenium. Initializing driver...
2026-03-19 08:51:14,452 - INFO - Starting scrape for The Guardian RSS feed: https://www.theguardian.com/world/rss
2026-03-19 08:51:14,453 - INFO - [The Hindu] (Thread) requires Selenium. Initializing driver...
2026-03-19 08:51:14,454 - INFO - [The Dawn] (Thread) requires Selenium. Initializing driver...
2026-03-19 08:51:14,454 - INFO - [Al Jazeera] (Thread) requires Selenium. Initializing driver...
2026-03-19 08:51:14,454 - INFO - Starting scrape for TechCrunch RSS feed: https://techcrunch.com/feed/
2026-03-19 08:51:14,455 - INFO - [Economic Times] (Thread) requires Selenium. Initializing driver...
2026-03-19 08:51:14,455 - INFO - Submitted 8 jobs to thread pool. Waiting up to 420s for completion...
2026-03-19 08:51:14,594 - INFO - Found 0 articles in TechCrunch RSS feed. Processing until 30 new articles are saved.
2026-03-19 08:51:14,701 - INFO - Found 21 articles in BBC RSS feed. Processing until 30 new articles are saved.
2026-03-19 08:51:14,701 - INFO - [BBC] Early skip: URL https://www.bbc.com/news/articles/c24de9e97vno?at_medium=RSS&at_campaign=rss already exists.
2026-03-19 08:51:14,706 - INFO - [BBC] Early skip: URL https://www.bbc.com/news/articles/c1d6dk569w6o?at_medium=RSS&at_campaign=rss already exists.
2026-03-19 08:51:14,709 - INFO - [BBC] Early skip: URL https://www.bbc.com/news/articles/c78x83lpgngo?at_medium=RSS&at_campaign=rss already exists.
2026-03-19 08:51:14,726 - INFO - [BBC] Article: https://www.bbc.com/news/articles/c15x5ejgyl3o?at_medium=RSS&at_campaign=rss
2026-03-19 08:51:14,726 - INFO - [BBC] Attempt 1/1: Trying with 'requests_browser' strategy...
2026-03-19 08:51:14,737 - INFO - Found 45 articles in The Guardian RSS feed. Processing until 30 new articles are saved.
2026-03-19 08:51:14,737 - INFO - [The Guardian] Early skip: URL https://www.theguardian.com/world/2026/mar/19/jihadist-violence-nigeria-drc-terrorism-index already exists.
2026-03-19 08:51:14,738 - INFO - [The Guardian] Early skip: URL https://www.theguardian.com/world/2026/mar/17/ex-belgian-diplomat-93-trial-1961-murder-patrice-lumumba already exists.
2026-03-19 08:51:14,740 - INFO - [The Guardian] Early skip: URL https://www.theguardian.com/world/2026/mar/17/bombings-north-eastern-nigeria-maiduguri already exists.
2026-03-19 08:51:14,741 - INFO - [The Guardian] Early skip: URL https://www.theguardian.com/world/2026/mar/17/connections-overlooked-how-british-companies-profited-slavery-brazil-after-abolition already exists.
2026-03-19 08:51:14,743 - INFO - [The Guardian] Early skip: URL https://www.theguardian.com/world/2026/mar/16/africa-particularly-vulnerable-iran-conflict-disrupts-supply-chains already exists.
2026-03-19 08:51:14,745 - INFO - [The Guardian] Early skip: URL https://www.theguardian.com/world/2026/mar/18/canada-in-push-for-joint-g7-and-middle-east-effort-to-de-escalating-iran-war already exists.
2026-03-19 08:51:14,746 - INFO - [The Guardian] Early skip: URL https://www.theguardian.com/uk-news/ng-interactive/2026/mar/18/farage-called-release-sean-diddy-combs-praised-effort-free-drug-trafficker already exists.
2026-03-19 08:51:14,747 - INFO - [The Guardian] Early skip: URL https://www.theguardian.com/world/2026/mar/18/canada-arctic-development-carney already exists.
2026-03-19 08:51:14,749 - INFO - [The Guardian] Early skip: URL https://www.theguardian.com/world/2026/mar/17/trumps-explicit-threats-spark-fear-and-loathing-for-struggling-cubans already exists.
2026-03-19 08:51:14,750 - INFO - [The Guardian] Early skip: URL https://www.theguardian.com/world/2026/mar/17/colombian-president-ecuador-bodies already exists.
2026-03-19 08:51:14,755 - INFO - [The Guardian] Early skip: URL https://www.theguardian.com/news/2026/mar/19/hong-kong-apartment-fires-hearings-to-begin-into-wang-fuk-blaze-that-killed-168-people already exists.
2026-03-19 08:51:14,757 - INFO - [The Guardian] Early skip: URL https://www.theguardian.com/music/2026/mar/19/bts-comeback-concert-seoul-terror-alert-level already exists.
2026-03-19 08:51:14,758 - INFO - [The Guardian] Early skip: URL https://www.theguardian.com/us-news/2026/mar/18/looking-for-leverage-china-keeps-close-eye-on-us-politics-after-summit-delay already exists.
2026-03-19 08:51:14,759 - INFO - [The Guardian] Early skip: URL https://www.theguardian.com/world/2026/mar/18/south-east-asia-nations-conserve-energy-oil-soaring-costs already exists.
2026-03-19 08:51:14,760 - INFO - [The Guardian] Early skip: URL https://www.theguardian.com/world/2026/mar/18/new-zealand-economy-global-oil-shocks already exists.
2026-03-19 08:51:14,762 - INFO - [The Guardian] Early skip: URL https://www.theguardian.com/australia-news/2026/mar/19/cape-york-residents-severe-tropical-cyclone-narelle-queensland already exists.
2026-03-19 08:51:14,763 - INFO - [The Guardian] Early skip: URL https://www.theguardian.com/australia-news/2026/mar/19/tropical-cyclone-narelle-qld-storm-tracker-path-tracking-map-bom already exists.
2026-03-19 08:51:14,764 - INFO - [The Guardian] Early skip: URL https://www.theguardian.com/australia-news/live/2026/mar/19/australia-news-live-jim-chalmers-tax-inflation-budget-cost-of-living-war-fuel-crisis-shortage-inflation-cyclone-narelle-queensland-ntwnfb already exists.
2026-03-19 08:51:14,765 - INFO - [The Guardian] Early skip: URL https://www.theguardian.com/australia-news/2026/mar/19/power-bills-on-australias-east-coast-expected-to-fall-by-up-to-10-from-july-bringing-welcome-relief already exists.
2026-03-19 08:51:14,767 - INFO - [The Guardian] Early skip: URL https://www.theguardian.com/australia-news/2026/mar/19/woman-who-was-sexually-abused-by-her-parents-for-14-years-says-she-was-devastated-by-the-australians-podcast already exists.
2026-03-19 08:51:14,768 - INFO - [The Guardian] Early skip: URL https://www.theguardian.com/world/2026/mar/19/leo-varadkar-lgbtq-rights-in-europe-face-chill-wind-from-east-and-west already exists.
2026-03-19 08:51:14,770 - INFO - [The Guardian] Article: https://www.theguardian.com/world/2026/mar/19/hungary-orban-ukraine-loan-veto-eu-summit-europe
2026-03-19 08:51:14,770 - INFO - [The Guardian] Attempt 1/1: Trying with 'requests_browser' strategy...
2026-03-19 08:51:14,873 - INFO - [The Guardian] Success with 'requests_browser'. Found content (938 words).
2026-03-19 08:51:15,034 - INFO - [BBC] Success with 'requests_browser'. Found content (432 words).
2026-03-19 08:51:16,564 - INFO - Selenium driver initialized successfully (Eager load strategy, 7s timeout).
2026-03-19 08:51:16,565 - INFO - Starting scrape for The Dawn RSS feed: https://www.dawn.com/feeds/home
2026-03-19 08:51:16,628 - INFO - Selenium driver initialized successfully (Eager load strategy, 7s timeout).
2026-03-19 08:51:16,629 - INFO - Starting scrape for Times of India RSS feed: https://timesofindia.indiatimes.com/rssfeeds/296589292.cms
2026-03-19 08:51:16,639 - INFO - Selenium driver initialized successfully (Eager load strategy, 7s timeout).
2026-03-19 08:51:16,640 - INFO - Starting scrape for Al Jazeera RSS feed: https://www.aljazeera.com/xml/rss/all.xml
2026-03-19 08:51:16,734 - INFO - Selenium driver initialized successfully (Eager load strategy, 7s timeout).
2026-03-19 08:51:16,734 - INFO - Starting scrape for The Hindu RSS feed: https://www.thehindu.com/news/national/feeder/default.rss
2026-03-19 08:51:16,785 - INFO - Selenium driver initialized successfully (Eager load strategy, 7s timeout).
2026-03-19 08:51:16,786 - INFO - Starting scrape for Economic Times RSS feed: https://economictimes.indiatimes.com/rssfeedsdefault.cms
2026-03-19 08:51:16,806 - INFO - Found 20 articles in Times of India RSS feed. Processing until 30 new articles are saved.
2026-03-19 08:51:16,806 - INFO - [Times of India] Article: https://timesofindia.indiatimes.com/world/china/china-to-invade-taiwan-beijing-says-us-should-stop-hyping-threat-theory/articleshow/129673957.cms
2026-03-19 08:51:16,806 - INFO - [Times of India] Attempt 1/1: Trying with 'selenium_browser' strategy...
2026-03-19 08:51:16,877 - INFO - Found 100 articles in The Hindu RSS feed. Processing until 30 new articles are saved.
2026-03-19 08:51:16,878 - INFO - [The Hindu] Article: https://www.thehindu.com/news/national/andhra-pradesh/junior-colleges-to-reopen-on-april-1-for-second-year-students-in-andhra-pradesh/article70760702.ece
2026-03-19 08:51:16,878 - INFO - [The Hindu] Attempt 1/1: Trying with 'selenium_browser' strategy...
2026-03-19 08:51:16,972 - INFO - Found 25 articles in Al Jazeera RSS feed. Processing until 30 new articles are saved.
2026-03-19 08:51:16,973 - INFO - [Al Jazeera] Article: https://www.aljazeera.com/economy/2026/3/19/iran-war-whats-the-jones-act-and-why-has-trump-suspended-it-for-60-days?traffic_source=rss
2026-03-19 08:51:16,973 - INFO - [Al Jazeera] Attempt 1/2: Trying with 'requests_browser' strategy...
2026-03-19 08:51:17,023 - INFO - [Al Jazeera] Success with 'requests_browser'. Found content (808 words).
2026-03-19 08:51:17,310 - INFO - Found 76 articles in Economic Times RSS feed. Processing until 30 new articles are saved.
2026-03-19 08:51:17,310 - INFO - [Economic Times] Article: https://economictimes.indiatimes.com/markets/commodities/news/brent-crude-spikes-above-115/bbl-after-attacks-on-mideast-energy-assets-multiply/articleshow/129674798.cms
2026-03-19 08:51:17,310 - INFO - [Economic Times] Attempt 1/2: Trying with 'requests_browser' strategy...
2026-03-19 08:51:17,385 - INFO - Found 26 articles in The Dawn RSS feed. Processing until 30 new articles are saved.
2026-03-19 08:51:17,385 - INFO - [The Dawn] Early skip: URL https://www.dawn.com/news/1983677/gabbards-missile-claim-not-grounded-in-strategic-reality-says-former-foreign-minister already exists.
2026-03-19 08:51:17,387 - INFO - [The Dawn] Early skip: URL https://www.dawn.com/news/1983558/pakistan-missiles-significant-threat-to-us-gabbard already exists.
2026-03-19 08:51:17,389 - INFO - [The Dawn] Early skip: URL https://www.dawn.com/news/1983659/cdf-munir-reiterates-pakistans-resolve-to-eliminate-terrorists-wherever-they-may-be already exists.
2026-03-19 08:51:17,390 - INFO - [The Dawn] Early skip: URL https://www.dawn.com/news/1983661/ministerial-meeting-calls-on-iran-to-immediately-and-unconditionally-halt-attacks-in-gulf already exists.
2026-03-19 08:51:17,393 - INFO - [The Dawn] Early skip: URL https://www.dawn.com/news/1983569/pakistan-halts-afghanistan-operation-for-eid-kabul-follows-suit already exists.
2026-03-19 08:51:17,394 - INFO - [The Dawn] Early skip: URL https://www.dawn.com/news/1983612/rupee-remains-stable-despite-regional-war-pressures already exists.
2026-03-19 08:51:17,395 - INFO - [The Dawn] Early skip: URL https://www.dawn.com/news/1983602/submerged-ruins-discovered-in-indus-delta already exists.
2026-03-19 08:51:17,397 - INFO - [The Dawn] Early skip: URL https://www.dawn.com/news/1983518/16-dead-several-injured-as-rain-with-strong-winds-lashes-karachi already exists.
2026-03-19 08:51:17,400 - INFO - [The Dawn] Article: https://www.dawn.com/news/1983570/medical-team-examines-imran-at-adiala-jail
2026-03-19 08:51:17,400 - INFO - [The Dawn] Attempt 1/2: Trying with 'requests_browser' strategy...
2026-03-19 08:51:17,564 - INFO - [The Dawn] Success with 'requests_browser'. Found content (476 words).
2026-03-19 08:51:17,631 - INFO - [Times of India] Page content loaded.
2026-03-19 08:51:17,632 - ERROR - parsed tree length: 1, wrong data type or not valid HTML
2026-03-19 08:51:17,639 - ERROR - empty HTML tree: None
2026-03-19 08:51:17,639 - WARNING - discarding data: None
2026-03-19 08:51:17,639 - WARNING - [Economic Times] FAILED with 'requests_browser' (content was too short: 0 words).
2026-03-19 08:51:17,939 - INFO - [The Hindu] Page content loaded.
2026-03-19 08:51:18,042 - INFO - [Times of India] Success with 'selenium_browser'. Found content (277 words).
2026-03-19 08:51:18,236 - INFO - [The Hindu] Success with 'selenium_browser'. Found content (407 words).
2026-03-19 08:51:18,636 - INFO - [Economic Times] Article: https://economictimes.indiatimes.com/markets/commodities/news/brent-crude-spikes-above-115/bbl-after-attacks-on-mideast-energy-assets-multiply/articleshow/129674798.cms
2026-03-19 08:51:18,637 - INFO - [Economic Times] Attempt 2/2: Trying with 'selenium_browser' strategy...
2026-03-19 08:51:20,800 - INFO - [Economic Times] Page content loaded.
2026-03-19 08:51:21,442 - INFO - [Economic Times] Success with 'selenium_browser'. Found content (499 words).
2026-03-19 08:52:09,989 - INFO - >>> SUCCESSFULLY SAVED [ID: 43090] - Hungary’s Orbán to face pressure over Ukraine loan veto at EU summit | European Union | The Guardian from The Guardian (938 words)
2026-03-19 08:52:10,612 - INFO - [The Guardian] Early skip: URL https://www.theguardian.com/politics/2026/mar/18/sadiq-khan-urges-labour-to-campaign-on-rejoining-eu-at-next-election already exists.
2026-03-19 08:52:10,613 - INFO - [The Guardian] Early skip: URL https://www.theguardian.com/environment/2026/mar/18/damaged-russian-tanker-carrying-natural-gas-floats-into-libyan-waters already exists.
2026-03-19 08:52:10,614 - INFO - [The Guardian] Early skip: URL https://www.theguardian.com/world/2026/mar/18/viktor-orban-hungary-parliamentary-election-eu-ukraine already exists.
2026-03-19 08:52:10,616 - INFO - [The Guardian] Article: https://www.theguardian.com/world/live/2026/mar/19/iran-war-live-updates-oil-prices-gas-field-strikes-pentagon-more-funds-trump-news
2026-03-19 08:52:10,616 - INFO - [The Guardian] Attempt 1/1: Trying with 'requests_browser' strategy...
2026-03-19 08:52:11,012 - INFO - [The Guardian] Success with 'requests_browser'. Found content (3304 words).
2026-03-19 08:52:36,352 - INFO - >>> SUCCESSFULLY SAVED [ID: 43091] - DR Congo and Rwanda agree to ease tensions after talks in US from BBC (432 words)
2026-03-19 08:52:36,956 - INFO - [BBC] Early skip: URL https://www.bbc.com/news/articles/cq575yp1lw6o?at_medium=RSS&at_campaign=rss already exists.
2026-03-19 08:52:36,957 - INFO - [BBC] Article: https://www.bbc.com/news/articles/cy57593gxe0o?at_medium=RSS&at_campaign=rss
2026-03-19 08:52:36,957 - INFO - [BBC] Attempt 1/1: Trying with 'requests_browser' strategy...
2026-03-19 08:52:37,020 - INFO - [BBC] Success with 'requests_browser'. Found content (705 words).
2026-03-19 08:53:03,249 - INFO - >>> SUCCESSFULLY SAVED [ID: 43092] - Iran war: What’s the Jones Act, and why has Trump suspended it for 60 days? | US-Israel war on Iran News | Al Jazeera from Al Jazeera (808 words)
2026-03-19 08:53:03,899 - INFO - [Al Jazeera] Article: https://www.aljazeera.com/news/2026/3/19/us-weighs-sending-thousands-of-troops-to-region-as-iran-war-rages-report?traffic_source=rss
2026-03-19 08:53:03,899 - INFO - [Al Jazeera] Attempt 1/2: Trying with 'requests_browser' strategy...
2026-03-19 08:53:03,932 - INFO - [Al Jazeera] Success with 'requests_browser'. Found content (677 words).
2026-03-19 08:53:32,624 - INFO - >>> SUCCESSFULLY SAVED [ID: 43093] - Medical team examines Imran at Adiala jail - Pakistan - DAWN.COM from The Dawn (476 words)
2026-03-19 08:53:33,272 - INFO - [The Dawn] Article: https://www.dawn.com/news/1983588/pakistan-to-face-india-in-hockey-world-cup-on-aug-19
2026-03-19 08:53:33,273 - INFO - [The Dawn] Attempt 1/2: Trying with 'requests_browser' strategy...
2026-03-19 08:53:33,848 - INFO - [The Dawn] Success with 'requests_browser'. Found content (201 words).
2026-03-19 08:53:58,539 - INFO - >>> SUCCESSFULLY SAVED [ID: 43094] - China to invade Taiwan? Beijing says 'US should stop hyping threat theory' - The Times of India from Times of India (277 words)
2026-03-19 08:53:59,214 - INFO - [Times of India] Article: https://timesofindia.indiatimes.com/world/rest-of-world/no-rivers-no-lakes-discover-how-bermuda-built-a-400yearold-water-system-that-still-functions/articleshow/129673789.cms
2026-03-19 08:53:59,214 - INFO - [Times of India] Attempt 1/1: Trying with 'selenium_browser' strategy...
2026-03-19 08:54:05,040 - INFO - [Times of India] Page content loaded.
2026-03-19 08:54:05,305 - INFO - [Times of India] Success with 'selenium_browser'. Found content (712 words).
2026-03-19 08:54:30,921 - INFO - >>> SUCCESSFULLY SAVED [ID: 43095] - Junior colleges to reopen on April 1 for second year students in Andhra Pradesh - The Hindu from The Hindu (407 words)
2026-03-19 08:54:32,051 - INFO - [The Hindu] Article: https://www.thehindu.com/news/national/supreme-court-seeks-fresh-hc-hearing-after-convict-flags-unfair-20-year-bail-and-reduced-prison-term/article70761024.ece
2026-03-19 08:54:32,051 - INFO - [The Hindu] Attempt 1/1: Trying with 'selenium_browser' strategy...
2026-03-19 08:54:33,974 - INFO - [The Hindu] Page content loaded.
2026-03-19 08:54:34,122 - INFO - [The Hindu] Success with 'selenium_browser'. Found content (697 words).
2026-03-19 08:54:59,502 - INFO - >>> SUCCESSFULLY SAVED [ID: 43096] - Brent crude spikes above $115/bbl after attacks on Mideast energy assets multiply - The Economic Times from Economic Times (499 words)
2026-03-19 08:55:00,938 - INFO - [Economic Times] Article: https://economictimes.indiatimes.com/markets/stocks/news/who-is-atanu-chakraborty-the-man-behind-hdfc-banks-rs-1-lakh-crore-market-cap-wipeout/articleshow/129673896.cms
2026-03-19 08:55:00,938 - INFO - [Economic Times] Attempt 1/2: Trying with 'requests_browser' strategy...
2026-03-19 08:55:01,256 - ERROR - parsed tree length: 1, wrong data type or not valid HTML
2026-03-19 08:55:01,256 - ERROR - empty HTML tree: None
2026-03-19 08:55:01,256 - WARNING - discarding data: None
2026-03-19 08:55:01,256 - WARNING - [Economic Times] FAILED with 'requests_browser' (content was too short: 0 words).
2026-03-19 08:55:02,018 - INFO - [Economic Times] Article: https://economictimes.indiatimes.com/markets/stocks/news/who-is-atanu-chakraborty-the-man-behind-hdfc-banks-rs-1-lakh-crore-market-cap-wipeout/articleshow/129673896.cms
2026-03-19 08:55:02,019 - INFO - [Economic Times] Attempt 2/2: Trying with 'selenium_browser' strategy...
2026-03-19 08:55:08,474 - INFO - [Economic Times] Page content loaded.
2026-03-19 08:55:09,349 - INFO - [Economic Times] Success with 'selenium_browser'. Found content (588 words).
2026-03-19 08:55:31,310 - INFO - >>> SUCCESSFULLY SAVED [ID: 43097] - Middle East crisis live: Trump threatens to ‘blow up’ entire South Pars gasfield if Iran strikes Qatar | US-Israel war on Iran | The Guardian from The Guardian (3304 words)
2026-03-19 08:55:32,276 - INFO - [The Guardian] Early skip: URL https://www.theguardian.com/world/live/2026/mar/18/iran-war-live-updates-oil-prices-hormuz-trump-larijani-key-leader-killed-israel-strikes already exists.
2026-03-19 08:55:32,277 - INFO - [The Guardian] Early skip: URL https://www.theguardian.com/world/2026/mar/18/iran-intelligence-minister-esmail-khatib-killed-israel-claims already exists.
2026-03-19 08:55:32,278 - INFO - [The Guardian] Early skip: URL https://www.theguardian.com/world/2026/mar/18/uk-says-it-remains-in-talks-over-escorting-ships-through-strait-of-hormuz already exists.
2026-03-19 08:55:32,280 - INFO - [The Guardian] Early skip: URL https://www.theguardian.com/world/2026/mar/18/us-and-israel-strategy-to-kill-irans-top-figures-may-prove-counterproductive already exists.
2026-03-19 08:55:32,281 - INFO - [The Guardian] Article: https://www.theguardian.com/world/2026/mar/19/india-liquefied-petroleum-gas-lpg-supply-chain-disruption-iran-conflict
2026-03-19 08:55:32,281 - INFO - [The Guardian] Attempt 1/1: Trying with 'requests_browser' strategy...
2026-03-19 08:55:32,330 - INFO - [The Guardian] Success with 'requests_browser'. Found content (1002 words).
2026-03-19 08:55:58,274 - INFO - >>> SUCCESSFULLY SAVED [ID: 43098] - Sony has removed 135,000 'deepfakes' of its artists' music from BBC (705 words)
2026-03-19 08:55:59,717 - INFO - [BBC] Early skip: URL https://www.bbc.com/news/articles/cy8g81k5xzgo?at_medium=RSS&at_campaign=rss already exists.
2026-03-19 08:55:59,718 - INFO - [BBC] Early skip: URL https://www.bbc.com/news/articles/cp8r8rggxmmo?at_medium=RSS&at_campaign=rss already exists.
2026-03-19 08:55:59,719 - INFO - [BBC] Early skip: URL https://www.bbc.com/news/articles/c20j01gqx1eo?at_medium=RSS&at_campaign=rss already exists.
2026-03-19 08:55:59,720 - INFO - [BBC] Early skip: URL https://www.bbc.com/news/articles/c0rjr28nxrwo?at_medium=RSS&at_campaign=rss already exists.
2026-03-19 08:55:59,722 - INFO - [BBC] Early skip: URL https://www.bbc.com/news/articles/c8d5d54glreo?at_medium=RSS&at_campaign=rss already exists.
2026-03-19 08:55:59,723 - INFO - [BBC] Early skip: URL https://www.bbc.com/news/articles/cn4g41n9j4lo?at_medium=RSS&at_campaign=rss already exists.
2026-03-19 08:55:59,724 - INFO - [BBC] Early skip: URL https://www.bbc.com/news/articles/cvg3gjx22j0o?at_medium=RSS&at_campaign=rss already exists.
2026-03-19 08:55:59,725 - INFO - [BBC] Early skip: URL https://www.bbc.com/news/articles/cyv9lzn0816o?at_medium=RSS&at_campaign=rss already exists.
2026-03-19 08:55:59,726 - INFO - [BBC] Early skip: URL https://www.bbc.com/news/articles/c2lrke1wjdyo?at_medium=RSS&at_campaign=rss already exists.
2026-03-19 08:55:59,728 - INFO - [BBC] Early skip: URL https://www.bbc.com/news/articles/cwy9yldgn7qo?at_medium=RSS&at_campaign=rss already exists.
2026-03-19 08:55:59,730 - INFO - [BBC] Early skip: URL https://www.bbc.com/news/articles/c17841zez8wo?at_medium=RSS&at_campaign=rss already exists.
2026-03-19 08:55:59,731 - INFO - [BBC] Early skip: URL https://www.bbc.com/news/videos/c07j7yr0p2no?at_medium=RSS&at_campaign=rss already exists.
2026-03-19 08:55:59,732 - INFO - [BBC] Early skip: URL https://www.bbc.com/news/videos/clygyg14zj2o?at_medium=RSS&at_campaign=rss already exists.
2026-03-19 08:55:59,733 - INFO - [BBC] Early skip: URL https://www.bbc.com/news/videos/cyv9v5dld42o?at_medium=RSS&at_campaign=rss already exists.
2026-03-19 08:55:59,735 - INFO - [BBC] Article: https://www.bbc.com/news/videos/c3wlw788glvo?at_medium=RSS&at_campaign=rss
2026-03-19 08:55:59,735 - INFO - [BBC] Attempt 1/1: Trying with 'requests_browser' strategy...
2026-03-19 08:55:59,792 - WARNING - [BBC] FAILED with 'requests_browser' (content was too short: 78 words).
2026-03-19 08:55:59,793 - ERROR - [BBC] All scrape strategies failed for https://www.bbc.com/news/videos/c3wlw788glvo?at_medium=RSS&at_campaign=rss. Falling back to RSS description.
2026-03-19 08:55:59,793 - WARNING - SKIPPED (GLOBAL WORD LIMIT): Article 'Venezuelans in Miami and Caracas celebrate historic WBC victory over USA' from BBC has only 17 words (Min: 90).
2026-03-19 08:56:24,579 - INFO - >>> SUCCESSFULLY SAVED [ID: 43099] - US weighs sending thousands of troops to region as Iran war rages: Report | US-Israel war on Iran News | Al Jazeera from Al Jazeera (677 words)
2026-03-19 08:56:25,539 - INFO - [Al Jazeera] Article: https://www.aljazeera.com/news/2026/3/19/wrap-iran-ratchets-up-pressure-on-gulf-states?traffic_source=rss
2026-03-19 08:56:25,539 - INFO - [Al Jazeera] Attempt 1/2: Trying with 'requests_browser' strategy...
2026-03-19 08:56:25,587 - INFO - [Al Jazeera] Success with 'requests_browser'. Found content (934 words).
2026-03-19 08:56:50,813 - INFO - >>> SUCCESSFULLY SAVED [ID: 43100] - Pakistan to face India in hockey World Cup on Aug 19 - Sport - DAWN.COM from The Dawn (201 words)
2026-03-19 08:56:51,866 - INFO - [The Dawn] Article: https://www.dawn.com/news/1983544/controversial-iranian-scientist-selected-for-nobel-prize-of-water
2026-03-19 08:56:51,867 - INFO - [The Dawn] Attempt 1/2: Trying with 'requests_browser' strategy...
2026-03-19 08:56:52,523 - INFO - [The Dawn] Success with 'requests_browser'. Found content (575 words).
2026-03-19 08:57:17,849 - INFO - >>> SUCCESSFULLY SAVED [ID: 43101] - No rivers, no lakes: Discover how Bermuda built a 400‑year‑old water system that still functions | World News - The Times of India from Times of India (712 words)
2026-03-19 08:57:18,964 - INFO - [Times of India] Article: https://timesofindia.indiatimes.com/world/middle-east/just-350m-away-projectile-strikes-near-bushehr-nuclear-reactor-iaea-flags-near-miss/articleshow/129673828.cms
2026-03-19 08:57:18,964 - INFO - [Times of India] Attempt 1/1: Trying with 'selenium_browser' strategy...
2026-03-19 08:57:22,866 - INFO - [Times of India] Page content loaded.
2026-03-19 08:57:23,273 - INFO - [Times of India] Success with 'selenium_browser'. Found content (729 words).
2026-03-19 08:57:48,829 - INFO - >>> SUCCESSFULLY SAVED [ID: 43102] - Supreme Court seeks fresh HC hearing after convict flags unfair 20-year bail and reduced prison term - The Hindu from The Hindu (697 words)
2026-03-19 08:57:50,030 - INFO - [The Hindu] Early skip: URL https://www.thehindu.com/news/national/guillotine-explained-lok-sabha-budget-session-parliament-demands-for-grants/article70760854.ece already exists.
2026-03-19 08:57:50,031 - INFO - [The Hindu] Early skip: URL https://www.thehindu.com/news/national/maharashtra/maharashtra-staff-unions-serve-strike-notice-for-april-21-over-pension-recruitment-issues/article70759051.ece already exists.
2026-03-19 08:57:50,033 - INFO - [The Hindu] Article: https://www.thehindu.com/elections/kerala-assembly/not-a-cm-probable-ideally-post-should-go-to-elected-mla-shashi-tharoor/article70760766.ece
2026-03-19 08:57:50,033 - INFO - [The Hindu] Attempt 1/1: Trying with 'selenium_browser' strategy...
2026-03-19 08:57:51,387 - INFO - [The Hindu] Page content loaded.
2026-03-19 08:57:51,537 - INFO - [The Hindu] Success with 'selenium_browser'. Found content (1140 words).
2026-03-19 08:58:14,456 - CRITICAL - --- TIMEOUT: 6 scrape jobs did not complete in 300s. ---
2026-03-19 08:58:14,457 - ERROR - A thread has timed out and will be abandoned.
2026-03-19 08:58:14,457 - ERROR - A thread has timed out and will be abandoned.
2026-03-19 08:58:14,457 - ERROR - A thread has timed out and will be abandoned.
2026-03-19 08:58:14,457 - ERROR - A thread has timed out and will be abandoned.
2026-03-19 08:58:14,457 - ERROR - A thread has timed out and will be abandoned.
2026-03-19 08:58:14,457 - ERROR - A thread has timed out and will be abandoned.
2026-03-19 08:58:14,457 - INFO - Shutting down thread pool (wait=False)...
2026-03-19 08:58:14,457 - INFO - Scraped: 2 BBC, 0 TechCrunch, 6 Timed_Out_Jobs articles. (Total saved: 2)
2026-03-19 08:58:14,457 - INFO - --- Scraping job finished ---
2026-03-19 08:58:14,457 - INFO - --- Scraper service stopped. ---
2026-03-19 08:58:14,457 - INFO - --- Main thread finished. Forcing process exit to kill zombie threads. ---
