2025-12-13 04:36:31,292 - INFO - Loading AI Semantic Model (all-MiniLM-L6-v2)...
2025-12-13 04:36:31,293 - INFO - Use pytorch device_name: cpu
2025-12-13 04:36:31,293 - INFO - Load pretrained SentenceTransformer: all-MiniLM-L6-v2
2025-12-13 04:36:32,739 - INFO - AI Model loaded successfully.
2025-12-13 04:36:32,740 - INFO - --- Scraper service started (CI Mode: Run Once) ---
2025-12-13 04:36:32,740 - INFO - --- Starting new scraping job (Parallel Mode) ---
2025-12-13 04:36:32,740 - INFO - Creating new robust session with 3 retries on 5xx/connection/read errors.
2025-12-13 04:36:32,740 - INFO - Proxy is DISABLED.
2025-12-13 04:36:32,740 - INFO - Starting scrape for BBC RSS feed: http://feeds.bbci.co.uk/news/world/rss.xml
2025-12-13 04:36:32,741 - INFO - [Times of India] (Thread) requires Selenium. Initializing driver...
2025-12-13 04:36:32,742 - INFO - Starting scrape for The Guardian RSS feed: https://www.theguardian.com/world/rss
2025-12-13 04:36:32,743 - INFO - [The Hindu] (Thread) requires Selenium. Initializing driver...
2025-12-13 04:36:32,743 - INFO - Submitted 4 jobs to thread pool. Waiting up to 300s for completion...
2025-12-13 04:36:32,833 - INFO - Found 45 articles in The Guardian RSS feed. Processing up to 30.
2025-12-13 04:36:32,833 - INFO - [The Guardian] Early skip: URL https://www.theguardian.com/world/2025/dec/13/us-accuses-rwanda-of-violating-peace-deal already exists.
2025-12-13 04:36:32,997 - INFO - Found 29 articles in BBC RSS feed. Processing up to 30.
2025-12-13 04:36:33,019 - INFO - [BBC] Early skip: URL https://www.bbc.com/news/articles/c98nnd01g91o?at_medium=RSS&at_campaign=rss already exists.
2025-12-13 04:36:33,160 - INFO - [The Guardian] Early skip: URL https://www.theguardian.com/us-news/2025/dec/12/trump-ends-temporary-legal-status-ethiopia already exists.
2025-12-13 04:36:33,424 - INFO - [BBC] Early skip: URL https://www.bbc.com/news/articles/crk777lj763o?at_medium=RSS&at_campaign=rss already exists.
2025-12-13 04:36:33,712 - INFO - [The Guardian] Early skip: URL https://www.theguardian.com/world/2025/dec/12/uk-sanctions-four-rsf-commanders-heinous-violence-against-sudan-civilians already exists.
2025-12-13 04:36:33,863 - INFO - [BBC] Early skip: URL https://www.bbc.com/news/articles/cd0kkyx3vvxo?at_medium=RSS&at_campaign=rss already exists.
2025-12-13 04:36:34,129 - INFO - [The Guardian] Early skip: URL https://www.theguardian.com/world/2025/dec/11/fate-of-11-nigerian-troops-unclear-after-unauthorised-plane-landing-in-burkina-faso already exists.
2025-12-13 04:36:34,236 - INFO - [BBC] Early skip: URL https://www.bbc.com/news/articles/cqlkk9qk7vyo?at_medium=RSS&at_campaign=rss already exists.
2025-12-13 04:36:34,511 - INFO - [The Guardian] Early skip: URL https://www.theguardian.com/world/2025/dec/10/burkina-faso-releases-nigerian-troops-unauthorised-emergency-landing already exists.
2025-12-13 04:36:34,770 - INFO - [BBC] Early skip: URL https://www.bbc.com/news/articles/c4gk34k9k23o?at_medium=RSS&at_campaign=rss already exists.
2025-12-13 04:36:35,045 - INFO - [BBC] Early skip: URL https://www.bbc.com/news/articles/c5y2271q20lo?at_medium=RSS&at_campaign=rss already exists.
2025-12-13 04:36:35,275 - INFO - [The Guardian] Early skip: URL https://www.theguardian.com/world/2025/dec/13/venezuela-oil-exports-reportedly-fall-sharply-after-us-seizure-of-tanker-skipper already exists.
2025-12-13 04:36:35,439 - INFO - [BBC] Early skip: URL https://www.bbc.com/news/articles/c5yjj2epvlro?at_medium=RSS&at_campaign=rss already exists.
2025-12-13 04:36:35,671 - INFO - [The Guardian] Early skip: URL https://www.theguardian.com/world/2025/dec/12/brazilian-judge-sanction-lifted-bolsonaro already exists.
2025-12-13 04:36:35,865 - INFO - [BBC] Early skip: URL https://www.bbc.com/news/articles/cvgrrnylzzyo?at_medium=RSS&at_campaign=rss already exists.
2025-12-13 04:36:35,970 - INFO - [The Guardian] Early skip: URL https://www.theguardian.com/world/2025/dec/12/colombia-eln-guerrilla-rebels-trump already exists.
2025-12-13 04:36:36,094 - INFO - [BBC] Early skip: URL https://www.bbc.com/news/articles/cly559exm87o?at_medium=RSS&at_campaign=rss already exists.
2025-12-13 04:36:36,199 - INFO - [The Guardian] Early skip: URL https://www.theguardian.com/world/2025/dec/12/canada-liberals-government-majority-conservative-michael-ma already exists.
2025-12-13 04:36:36,376 - INFO - [BBC] Early skip: URL https://www.bbc.com/news/articles/cm211xz0vl8o?at_medium=RSS&at_campaign=rss already exists.
2025-12-13 04:36:36,650 - INFO - [The Guardian] Early skip: URL https://www.theguardian.com/us-news/2025/dec/12/flood-water-rain-pacific-northwest-washington already exists.
2025-12-13 04:36:36,776 - INFO - [BBC] Early skip: URL https://www.bbc.com/news/articles/c1kpwmezkpdo?at_medium=RSS&at_campaign=rss already exists.
2025-12-13 04:36:36,878 - INFO - [The Guardian] Early skip: URL https://www.theguardian.com/world/2025/dec/12/thailand-and-cambodia-agree-to-restart-ceasefire-brokered-by-us-says-trump already exists.
2025-12-13 04:36:37,022 - INFO - [BBC] Early skip: URL https://www.bbc.com/news/articles/cly555k8de3o?at_medium=RSS&at_campaign=rss already exists.
2025-12-13 04:36:37,142 - INFO - [The Guardian] Early skip: URL https://www.theguardian.com/world/2025/dec/12/indonesia-floods-extinction-level-rare-orangutan-tapanuli already exists.
2025-12-13 04:36:37,279 - INFO - [BBC] Early skip: URL https://www.bbc.com/news/articles/czxgnqx1yplo?at_medium=RSS&at_campaign=rss already exists.
2025-12-13 04:36:37,432 - INFO - [The Guardian] Early skip: URL https://www.theguardian.com/world/2025/dec/12/south-korea-exam-chief-quits-after-complaints-english-test-was-too-hard already exists.
2025-12-13 04:36:37,644 - INFO - [BBC] Early skip: URL https://www.bbc.com/news/articles/c4g99kp897do?at_medium=RSS&at_campaign=rss already exists.
2025-12-13 04:36:37,911 - INFO - [The Guardian] Early skip: URL https://www.theguardian.com/technology/2025/dec/12/do-kwon-cryptocurrency-terraform-labs-co-founder-prison-fraud already exists.
2025-12-13 04:36:38,156 - INFO - [BBC] Early skip: URL https://www.bbc.com/news/videos/cjwyy65ne62o?at_medium=RSS&at_campaign=rss already exists.
2025-12-13 04:36:38,364 - INFO - [The Guardian] Early skip: URL https://www.theguardian.com/world/2025/dec/12/thailand-set-for-early-elections-cambodia-clashes already exists.
2025-12-13 04:36:38,630 - INFO - [BBC] Early skip: URL https://www.bbc.com/news/articles/c3w792x0ggyo?at_medium=RSS&at_campaign=rss already exists.
2025-12-13 04:36:38,873 - INFO - [The Guardian] Early skip: URL https://www.theguardian.com/australia-news/2025/dec/13/sydney-man-charged-with-threatening-to-kill-anika-wells-and-her-family-ntwnfb already exists.
2025-12-13 04:36:39,082 - INFO - [BBC] Early skip: URL https://www.bbc.com/news/articles/c0q5504vv0ko?at_medium=RSS&at_campaign=rss already exists.
2025-12-13 04:36:39,231 - INFO - [The Guardian] Early skip: URL https://www.theguardian.com/australia-news/2025/dec/13/bowen-says-turnbull-era-travel-expenses-rules-changed-to-simplify-them-despite-criticism-they-became-broader already exists.
2025-12-13 04:36:39,472 - INFO - [BBC] Early skip: URL https://www.bbc.com/news/articles/c93w90kqgv9o?at_medium=RSS&at_campaign=rss already exists.
2025-12-13 04:36:39,584 - INFO - [The Guardian] Early skip: URL https://www.theguardian.com/australia-news/2025/dec/13/regis-resources-mining-aboriginal-heritage-protection-claims already exists.
2025-12-13 04:36:39,758 - INFO - [BBC] Early skip: URL https://www.bbc.com/news/articles/cx2dp15zglxo?at_medium=RSS&at_campaign=rss already exists.
2025-12-13 04:36:39,935 - INFO - [The Guardian] Early skip: URL https://www.theguardian.com/australia-news/2025/dec/13/melbourne-west-gate-tunnel-opens-sunday already exists.
2025-12-13 04:36:40,051 - INFO - [BBC] Early skip: URL https://www.bbc.com/news/articles/czrkkm83znpo?at_medium=RSS&at_campaign=rss already exists.
2025-12-13 04:36:40,227 - INFO - [The Guardian] Early skip: URL https://www.theguardian.com/environment/2025/dec/13/home-batteries-subsidy-overhauled-with-72bn-injection-as-australians-rush-to-take-up-discount already exists.
2025-12-13 04:36:40,365 - INFO - [BBC] Early skip: URL https://www.bbc.com/news/articles/c075mr3190mo?at_medium=RSS&at_campaign=rss already exists.
2025-12-13 04:36:40,555 - INFO - [The Guardian] Early skip: URL https://www.theguardian.com/world/2025/dec/12/eu-to-freeze-210bn-in-russian-assets-indefinitely already exists.
2025-12-13 04:36:40,821 - INFO - Selenium driver initialized successfully.
2025-12-13 04:36:40,821 - INFO - Starting scrape for The Hindu RSS feed: https://www.thehindu.com/news/national/feeder/default.rss
2025-12-13 04:36:40,822 - INFO - Selenium driver initialized successfully.
2025-12-13 04:36:40,822 - INFO - Starting scrape for Times of India RSS feed: https://timesofindia.indiatimes.com/rssfeeds/296589292.cms
2025-12-13 04:36:40,823 - INFO - [BBC] Early skip: URL https://www.bbc.com/news/articles/c2lvplrxpe9o?at_medium=RSS&at_campaign=rss already exists.
2025-12-13 04:36:40,910 - INFO - Found 20 articles in Times of India RSS feed. Processing up to 30.
2025-12-13 04:36:40,916 - INFO - Found 100 articles in The Hindu RSS feed. Processing up to 30.
2025-12-13 04:36:40,967 - INFO - [The Guardian] Early skip: URL https://www.theguardian.com/world/live/2025/dec/12/von-der-leyen-trump-ukraine-belgium-russian-assets-starmer-latest-news-updates already exists.
2025-12-13 04:36:41,210 - INFO - [Times of India] Article: https://timesofindia.indiatimes.com/world/south-asia/karkis-interim-govt-gets-4-new-ministers/articleshow/125943957.cms
2025-12-13 04:36:41,210 - INFO - [Times of India] Attempt 1/1: Trying with 'selenium_browser' strategy...
2025-12-13 04:36:41,211 - INFO - [The Hindu] Article: https://www.thehindu.com/news/cities/Hyderabad/rahul-gandhi-to-meet-lionel-messi-in-hyderabad/article70391488.ece
2025-12-13 04:36:41,211 - INFO - [The Hindu] Attempt 1/1: Trying with 'selenium_browser' strategy...
2025-12-13 04:36:41,212 - INFO - [BBC] Early skip: URL https://www.bbc.com/news/articles/c4g990exxq4o?at_medium=RSS&at_campaign=rss already exists.
2025-12-13 04:36:41,447 - INFO - [The Guardian] Early skip: URL https://www.theguardian.com/world/2025/dec/12/giorgia-meloni-atreju-brothers-of-italy-far-right already exists.
2025-12-13 04:36:41,604 - INFO - [The Guardian] Early skip: URL https://www.theguardian.com/business/2025/dec/12/eu-2035-petrol-diesel-car-ban-mep-green-deal already exists.
2025-12-13 04:36:41,727 - INFO - [BBC] Article: https://www.bbc.com/news/videos/cy0ppq8yye4o?at_medium=RSS&at_campaign=rss
2025-12-13 04:36:41,727 - INFO - [BBC] Attempt 1/1: Trying with 'requests_browser' strategy...
2025-12-13 04:36:41,729 - INFO - [The Guardian] Early skip: URL https://www.theguardian.com/world/2025/dec/11/us-wants-ukraine-to-withdraw-from-donbas-and-create-free-economic-zone-says-zelenskyy already exists.
2025-12-13 04:36:41,904 - INFO - [The Guardian] Early skip: URL https://www.theguardian.com/world/2025/dec/12/nobel-peace-prize-laureate-narges-mohammadi-arrested-iran already exists.
2025-12-13 04:36:41,948 - WARNING - [BBC] FAILED with 'requests_browser' (content was too short: 72 words).
2025-12-13 04:36:41,948 - ERROR - [BBC] All scrape strategies failed for https://www.bbc.com/news/videos/cy0ppq8yye4o?at_medium=RSS&at_campaign=rss. Falling back to RSS description.
2025-12-13 04:36:41,948 - WARNING - SKIPPED (GLOBAL WORD LIMIT): Article ''It was little kids': Taylor Swift breaks down as she talks of Southport attack' from BBC has only 19 words (Min: 90).
2025-12-13 04:36:42,008 - INFO - [The Guardian] Early skip: URL https://www.theguardian.com/tv-and-radio/2025/dec/11/nemo-eurovision-winner-2024-hand-back-trophy-protest-israel-taking-part-2025 already exists.
2025-12-13 04:36:42,287 - INFO - [The Guardian] Early skip: URL https://www.theguardian.com/global-development/2025/dec/11/child-bride-spared-execution-iran-blood-money-goli-kouhkan already exists.
2025-12-13 04:36:42,396 - INFO - [The Guardian] Early skip: URL https://www.theguardian.com/world/2025/dec/10/countries-push-to-return-syrians-home-fall-of-assad already exists.
2025-12-13 04:36:42,595 - INFO - [The Guardian] Early skip: URL https://www.theguardian.com/world/2025/dec/09/children-gaza-hospitalised-acute-malnutrition-un-says already exists.
2025-12-13 04:36:43,437 - INFO - [BBC] Early skip: URL https://www.bbc.com/news/videos/ce91de8x9p1o?at_medium=RSS&at_campaign=rss already exists.
2025-12-13 04:36:43,628 - INFO - [BBC] Article: https://www.bbc.com/news/videos/c898197j8nyo?at_medium=RSS&at_campaign=rss
2025-12-13 04:36:43,628 - INFO - [BBC] Attempt 1/1: Trying with 'requests_browser' strategy...
2025-12-13 04:36:44,220 - WARNING - [BBC] FAILED with 'requests_browser' (content was too short: 73 words).
2025-12-13 04:36:44,220 - ERROR - [BBC] All scrape strategies failed for https://www.bbc.com/news/videos/c898197j8nyo?at_medium=RSS&at_campaign=rss. Falling back to RSS description.
2025-12-13 04:36:44,220 - WARNING - SKIPPED (GLOBAL WORD LIMIT): Article 'Watch: Canadians and Americans on a social media ban for everyone under 16' from BBC has only 24 words (Min: 90).
2025-12-13 04:36:45,413 - INFO - [BBC] Article: https://www.bbc.com/news/videos/c74x0430vggo?at_medium=RSS&at_campaign=rss
2025-12-13 04:36:45,414 - INFO - [BBC] Attempt 1/1: Trying with 'requests_browser' strategy...
2025-12-13 04:36:46,191 - WARNING - [BBC] FAILED with 'requests_browser' (content was too short: 79 words).
2025-12-13 04:36:46,191 - ERROR - [BBC] All scrape strategies failed for https://www.bbc.com/news/videos/c74x0430vggo?at_medium=RSS&at_campaign=rss. Falling back to RSS description.
2025-12-13 04:36:46,191 - WARNING - SKIPPED (GLOBAL WORD LIMIT): Article 'Watch: Moment hiker is rescued from quicksand in Utah' from BBC has only 24 words (Min: 90).
2025-12-13 04:36:47,084 - INFO - [BBC] Early skip: URL https://www.bbc.com/news/videos/ceq1000742go?at_medium=RSS&at_campaign=rss already exists.
2025-12-13 04:36:47,355 - INFO - [BBC] Article: https://www.bbc.com/news/videos/cx2ey15l4zro?at_medium=RSS&at_campaign=rss
2025-12-13 04:36:47,355 - INFO - [BBC] Attempt 1/1: Trying with 'requests_browser' strategy...
2025-12-13 04:36:48,076 - WARNING - [BBC] FAILED with 'requests_browser' (content was too short: 74 words).
2025-12-13 04:36:48,076 - ERROR - [BBC] All scrape strategies failed for https://www.bbc.com/news/videos/cx2ey15l4zro?at_medium=RSS&at_campaign=rss. Falling back to RSS description.
2025-12-13 04:36:48,076 - WARNING - SKIPPED (GLOBAL WORD LIMIT): Article 'Moment skydiver's parachute wraps around plane tail' from BBC has only 16 words (Min: 90).
2025-12-13 04:36:57,134 - INFO - [The Hindu] Page content loaded.
2025-12-13 04:36:57,302 - INFO - [The Hindu] Success with 'selenium_browser'. Found content (274 words).
2025-12-13 04:37:01,243 - ERROR - [Times of India] Request failed for strategy 'selenium_browser' on URL https://timesofindia.indiatimes.com/world/south-asia/karkis-interim-govt-gets-4-new-ministers/articleshow/125943957.cms: Message: timeout: Timed out receiving message from renderer: 19.936
  (Session info: chrome=143.0.7499.40)
Stacktrace:
#0 0x55e0d398716a <unknown>
#1 0x55e0d3404c4b <unknown>
#2 0x55e0d33eccf3 <unknown>
#3 0x55e0d33ec9d6 <unknown>
#4 0x55e0d33ea897 <unknown>
#5 0x55e0d33eb1af <unknown>
#6 0x55e0d33f9970 <unknown>
#7 0x55e0d3413017 <unknown>
#8 0x55e0d34196cb <unknown>
#9 0x55e0d33eb8d8 <unknown>
#10 0x55e0d3412dc3 <unknown>
#11 0x55e0d34a1f60 <unknown>
#12 0x55e0d3448c42 <unknown>
#13 0x55e0d34498f1 <unknown>
#14 0x55e0d394ff09 <unknown>
#15 0x55e0d3952e4d <unknown>
#16 0x55e0d3938c51 <unknown>
#17 0x55e0d3953a2b <unknown>
#18 0x55e0d391fa20 <unknown>
#19 0x55e0d3974a78 <unknown>
#20 0x55e0d3974c49 <unknown>
#21 0x55e0d39864c3 <unknown>
#22 0x7f9eb0e9caa4 <unknown>
#23 0x7f9eb0f29c6c <unknown>

2025-12-13 04:37:01,243 - ERROR - [Times of India] All scrape strategies failed for https://timesofindia.indiatimes.com/world/south-asia/karkis-interim-govt-gets-4-new-ministers/articleshow/125943957.cms. Falling back to RSS description.
2025-12-13 04:37:01,243 - WARNING - SKIPPED (GLOBAL WORD LIMIT): Article 'Karki’s interim govt gets 4 new ministers' from Times of India has only 3 words (Min: 90).
2025-12-13 04:37:12,154 - INFO - DEDUPLICATION: Found match (Score: 0.76). Linking to Cluster ID: 4b7278dd-c08c-49a3-b0d0-5f12fe0465d6
2025-12-13 04:37:12,158 - INFO - Saved article: Rahul Gandhi to meet Lionel Messi in Hyderabad - The Hindu from The Hindu (274 words)
2025-12-13 04:37:12,159 - INFO - [Times of India] Article: https://timesofindia.indiatimes.com/world/south-asia/anti-graft-protests-caused-loss-of-586m-says-nepal/articleshow/125943949.cms
2025-12-13 04:37:12,159 - INFO - [Times of India] Attempt 1/1: Trying with 'selenium_browser' strategy...
2025-12-13 04:37:12,947 - INFO - [Times of India] Page content loaded.
2025-12-13 04:37:13,105 - INFO - [Times of India] Success with 'selenium_browser'. Found content (137 words).
2025-12-13 04:37:31,138 - INFO - Saved article: Anti-graft protests caused loss of $586m, says Nepal - The Times of India from Times of India (137 words)
2025-12-13 04:37:31,138 - INFO - [The Hindu] Early skip: URL https://www.thehindu.com/news/cities/Delhi/unesco-meet-in-india-ends-on-saturday-china-to-play-host-to-ich-panel-session-next-year/article70391455.ece already exists.
2025-12-13 04:37:31,366 - INFO - [The Hindu] Early skip: URL https://www.thehindu.com/news/national/uttarakhand/ucc-anti-conversion-land-laws-in-dhami-government-booklet-on-completion-of-4-years/article70391461.ece already exists.
2025-12-13 04:37:31,648 - INFO - [The Hindu] Early skip: URL https://www.thehindu.com/news/national/maharashtra/14526-children-died-in-last-three-years-in-maharashtra-state-health-minister/article70388890.ece already exists.
2025-12-13 04:37:31,861 - INFO - [The Hindu] Early skip: URL https://www.thehindu.com/news/national/kerala/kerala-local-body-polls-2025-results-live-updates/article70391419.ece already exists.
2025-12-13 04:37:32,060 - INFO - [The Hindu] Early skip: URL https://www.thehindu.com/news/national/kerala/kerala-local-body-polls-2025-results/article70391414.ece already exists.
2025-12-13 04:37:32,213 - INFO - [The Hindu] Early skip: URL https://www.thehindu.com/news/national/jammu-and-kashmir/from-jama-masjid-pulpit-mirwaiz-seeks-end-to-practice-of-arresting-leaders-in-decades-old-cases/article70389053.ece already exists.
2025-12-13 04:37:32,336 - INFO - [The Hindu] Early skip: URL https://www.thehindu.com/news/national/jammu-and-kashmir/jk-l-g-hands-over-appointment-letters-to-kin-of-nowgam-blast-victims/article70389147.ece already exists.
2025-12-13 04:37:32,500 - INFO - [Times of India] Article: https://timesofindia.indiatimes.com/world/us/indian-origin-millionaire-arrested-in-us-vikram-beri-tried-setting-california-winery-on-fire-crashed-tesla-into-two-cars/articleshow/125943450.cms
2025-12-13 04:37:32,501 - INFO - [Times of India] Attempt 1/1: Trying with 'selenium_browser' strategy...
2025-12-13 04:37:32,501 - INFO - [The Hindu] Early skip: URL https://www.thehindu.com/news/national/punjab/bjp-leader-amarinder-singh-calls-bjp-rigid-praises-congresss-flexibility/article70389337.ece already exists.
2025-12-13 04:37:32,634 - INFO - [The Hindu] Early skip: URL https://www.thehindu.com/news/national/madhya-pradesh/mohan-yadav-says-elimination-of-maoism-his-biggest-feat-congress-rakes-up-farmer-issues-debt/article70389513.ece already exists.
2025-12-13 04:37:32,817 - INFO - [The Hindu] Early skip: URL https://www.thehindu.com/opinion/op-ed/goa-nightclub-fire-the-party-that-took-a-tragic-turn/article70389933.ece already exists.
2025-12-13 04:37:33,014 - INFO - [The Hindu] Early skip: URL https://www.thehindu.com/news/national/chhattisgarh/need-to-take-development-to-maoist-affected-areas-says-cm-sai/article70389879.ece already exists.
2025-12-13 04:37:33,201 - INFO - [The Hindu] Early skip: URL https://www.thehindu.com/news/national/very-optimistic-india-on-possibility-of-sealing-trade-deal-with-oman-during-pm-modis-visit/article70390362.ece already exists.
2025-12-13 04:37:33,467 - INFO - [The Hindu] Early skip: URL https://www.thehindu.com/news/national/west-bengal/kolkata-gears-up-for-messis-goat-india-tour/article70388734.ece already exists.
2025-12-13 04:37:33,697 - INFO - [The Hindu] Early skip: URL https://www.thehindu.com/news/national/rajasthan/70-of-poll-promises-fulfilled-in-two-years-says-rajasthan-cm/article70389426.ece already exists.
2025-12-13 04:37:33,879 - INFO - [The Hindu] Early skip: URL https://www.thehindu.com/news/national/maharashtra/central-funds-forjaljeevanmission-pending-since-oct-2024-maharashtra-minister-tells-assembly/article70389390.ece already exists.
2025-12-13 04:37:34,121 - INFO - [The Hindu] Early skip: URL https://www.thehindu.com/news/national/chhattisgarh/congress-to-boycott-first-day-of-chhattisgarh-assembly-session-lop-mahant/article70390192.ece already exists.
2025-12-13 04:37:34,279 - INFO - [The Hindu] Early skip: URL https://www.thehindu.com/news/national/tamil-nadu/around-10-mous-to-be-signed-at-uef-trade-summit-2025/article70389814.ece already exists.
2025-12-13 04:37:34,319 - INFO - [Times of India] Page content loaded.
2025-12-13 04:37:34,478 - INFO - [Times of India] Success with 'selenium_browser'. Found content (321 words).
2025-12-13 04:37:34,554 - INFO - [The Hindu] Early skip: URL https://www.thehindu.com/news/national/tamil-nadu/ramadoss-appeals-to-cm-to-conduct-caste-census/article70388874.ece already exists.
2025-12-13 04:37:55,294 - INFO - Saved article: Indian-origin millionaire arrested in US; Vikram Beri tried setting California winery on fire; crashed Tesla into two cars - The Times of India from Times of India (321 words)
2025-12-13 04:37:55,294 - INFO - [The Hindu] Early skip: URL https://www.thehindu.com/news/national/kerala/key-fronts-eagerly-await-electoral-outcomes-in-municipalities-across-ernakulam/article70388922.ece already exists.
2025-12-13 04:37:55,520 - INFO - [The Hindu] Early skip: URL https://www.thehindu.com/news/national/tamil-nadu/state-level-ncc-fest-at-dg-vaishnav-college-gets-underway/article70389662.ece already exists.
2025-12-13 04:37:55,768 - INFO - [The Hindu] Early skip: URL https://www.thehindu.com/news/national/tamil-nadu/1694-lakh-more-women-to-benefit-as-state-govt-expandskalaignar-magalir-urimai-thittam/article70389837.ece already exists.
2025-12-13 04:37:55,984 - INFO - [The Hindu] Early skip: URL https://www.thehindu.com/news/national/telangana/waqf-tribunal-grants-telangana-board-three-month-extension-for-umeed-portal/article70389608.ece already exists.
2025-12-13 04:37:56,215 - INFO - [Times of India] Article: https://timesofindia.indiatimes.com/world/us/land-strikes-next-trump-ramps-up-threats-against-venezuela-over-drug-trafficking-watch/articleshow/125943783.cms
2025-12-13 04:37:56,215 - INFO - [Times of India] Attempt 1/1: Trying with 'selenium_browser' strategy...
2025-12-13 04:37:56,216 - INFO - [The Hindu] Early skip: URL https://www.thehindu.com/news/national/tamil-nadu/madras-high-court-clears-decks-for-evicting-st-peters-matriculation-school-in-st-thomas-mount/article70389107.ece already exists.
2025-12-13 04:37:56,511 - INFO - [The Hindu] Early skip: URL https://www.thehindu.com/news/national/kerala/interplanetary-missions-crucial-for-nation-astronaut/article70390310.ece already exists.
2025-12-13 04:37:56,714 - INFO - [The Hindu] Early skip: URL https://www.thehindu.com/news/national/andhra-pradesh/three-die-as-truck-falls-into-canal-in-bapatla-district/article70389916.ece already exists.
2025-12-13 04:37:56,972 - INFO - [The Hindu] Early skip: URL https://www.thehindu.com/news/national/andhra-pradesh/ap-govt-mandates-two-e-waste-collection-drives-every-month/article70389298.ece already exists.
2025-12-13 04:37:57,125 - INFO - [The Hindu] Early skip: URL https://www.thehindu.com/news/national/kerala/all-roads-lead-to-aspinwall-house/article70390063.ece already exists.
2025-12-13 04:37:57,242 - INFO - [The Hindu] Early skip: URL https://www.thehindu.com/news/national/andhra-pradesh/us-based-ipseity-diagnostics-partners-with-vignan-university-to-advance-molecular-research-in-andhra-pradesh/article70389128.ece already exists.
2025-12-13 04:37:57,434 - INFO - [The Hindu] Early skip: URL https://www.thehindu.com/news/national/kerala/trial-court-concludes-that-prosecution-failed-to-prove-charges-against-actor-dileep-in-2017-actor-rape-case/article70390254.ece already exists.
2025-12-13 04:37:57,543 - INFO - [The Hindu] (Thread) Finished. Attempting to shut down its Selenium driver.
2025-12-13 04:37:57,943 - INFO - [The Hindu] (Thread) driver.quit() successful.
2025-12-13 04:37:58,783 - INFO - [Times of India] Page content loaded.
2025-12-13 04:37:58,932 - INFO - [Times of India] Success with 'selenium_browser'. Found content (244 words).
2025-12-13 04:38:14,570 - INFO - DEDUPLICATION: Found match (Score: 0.75). Linking to Cluster ID: e50419b8-19cf-42bc-9ff5-8e14bd2aa265
2025-12-13 04:38:14,573 - INFO - Saved article: Land strikes next? Trump ramps up threats against Venezuela over drug trafficking — watch - The Times of India from Times of India (244 words)
2025-12-13 04:38:15,238 - INFO - [Times of India] Article: https://timesofindia.indiatimes.com/world/us/us-gave-mexico-government-a-list-of-russian-spies-mexico-let-them-stay/articleshow/125943815.cms
2025-12-13 04:38:15,238 - INFO - [Times of India] Attempt 1/1: Trying with 'selenium_browser' strategy...
2025-12-13 04:38:16,330 - INFO - [Times of India] Page content loaded.
2025-12-13 04:38:16,607 - INFO - [Times of India] Success with 'selenium_browser'. Found content (450 words).
2025-12-13 04:38:31,655 - INFO - Saved article: US gave Mexico government a list of Russian spies. Mexico let them stay - The Times of India from Times of India (450 words)
2025-12-13 04:38:32,715 - INFO - [Times of India] Article: https://timesofindia.indiatimes.com/world/south-asia/khaleda-critical-on-ventilator-support/articleshow/125943697.cms
2025-12-13 04:38:32,715 - INFO - [Times of India] Attempt 1/1: Trying with 'selenium_browser' strategy...
2025-12-13 04:38:34,284 - INFO - [Times of India] Page content loaded.
2025-12-13 04:38:34,413 - INFO - [Times of India] Success with 'selenium_browser'. Found content (115 words).
2025-12-13 04:38:49,807 - INFO - Saved article: Khaleda critical, on ventilator support - The Times of India from Times of India (115 words)
2025-12-13 04:38:51,178 - INFO - [Times of India] Early skip: URL https://timesofindia.indiatimes.com/world/south-asia/yunus-wont-tolerate-any-violence-disrupting-polls/articleshow/125943635.cms already exists.
2025-12-13 04:38:51,459 - INFO - [Times of India] Early skip: URL https://timesofindia.indiatimes.com/world/us-streamers/meghan-markle-syndrome-candace-owens-challenges-erika-kirks-request-to-hide-charlie-kirks-grave-and-raises-fresh-questions/articleshow/125923328.cms already exists.
2025-12-13 04:38:51,594 - INFO - [Times of India] Early skip: URL https://timesofindia.indiatimes.com/world/us/hegseth-japans-def-minister-say-china-harming-regional-peace/articleshow/125943421.cms already exists.
2025-12-13 04:38:51,805 - INFO - [Times of India] Early skip: URL https://timesofindia.indiatimes.com/world/us-streamers/the-oscar-goes-to-erika-nick-fuentes-escalates-attacks-on-erika-kirk-and-candace-owens-as-tpusa-feud-spills-into-public-spectacle/articleshow/125942471.cms already exists.
2025-12-13 04:38:52,034 - INFO - [Times of India] Early skip: URL https://timesofindia.indiatimes.com/world/us-streamers/who-is-lisa-singh-florida-influencer-faces-arrest-after-minor-reports-uncomfortable-and-flirtatious-behavior/articleshow/125942912.cms already exists.
2025-12-13 04:38:52,198 - INFO - [Times of India] Early skip: URL https://timesofindia.indiatimes.com/world/us-streamers/candace-owens-war-with-tpusa-leadership-turns-personal-after-tyler-bowyers-divorce-jab/articleshow/125942692.cms already exists.
2025-12-13 04:38:52,393 - INFO - [Times of India] Early skip: URL https://timesofindia.indiatimes.com/world/us-streamers/high-school-outrage-erupts-after-twitch-streamer-films-explicit-game-show-inside-campus-gym-without-student-awareness/articleshow/125942448.cms already exists.
2025-12-13 04:38:52,688 - INFO - [Times of India] Early skip: URL https://timesofindia.indiatimes.com/world/us-streamers/what-happened-between-nick-fuentes-and-piers-morgan-on-uncensored-interview-full-controversy-explained/articleshow/125942511.cms already exists.
2025-12-13 04:38:52,875 - INFO - [Times of India] Early skip: URL https://timesofindia.indiatimes.com/world/us-streamers/peak-estrogen-candace-owens-blasts-tim-pool-over-washington-post-story-as-charlie-kirk-debate-heats-up/articleshow/125942429.cms already exists.
2025-12-13 04:38:53,132 - INFO - [Times of India] Early skip: URL https://timesofindia.indiatimes.com/world/us-streamers/nick-fuentes-faces-consequences-as-court-orders-community-service-after-pepper-spray-assault-on-58-year-old-woman-caught-on-video/articleshow/125940228.cms already exists.
2025-12-13 04:38:53,421 - INFO - [Times of India] Early skip: URL https://timesofindia.indiatimes.com/world/us-streamers/caseoh-reacts-on-stream-to-moistcr1tikal-winning-content-creator-of-the-year-2025/articleshow/125940128.cms already exists.
2025-12-13 04:38:53,656 - INFO - [Times of India] Early skip: URL https://timesofindia.indiatimes.com/business/international-business/jjs-talc-trouble-continues-johnson-johnson-ordered-to-pay-40-million-in-baby-powder-cancer-case/articleshow/125943232.cms already exists.
2025-12-13 04:38:53,830 - INFO - [Times of India] Early skip: URL https://timesofindia.indiatimes.com/world/us/thailand-and-cambodia-have-agreed-to-fresh-truce-trump/articleshow/125943289.cms already exists.
2025-12-13 04:38:54,112 - INFO - [Times of India] Early skip: URL https://timesofindia.indiatimes.com/world/us/denmark-intel-report-warns-of-us-military-threat-under-trump/articleshow/125943261.cms already exists.
2025-12-13 04:38:54,219 - INFO - [Times of India] (Thread) Finished. Attempting to shut down its Selenium driver.
2025-12-13 04:38:54,487 - INFO - [Times of India] (Thread) driver.quit() successful.
2025-12-13 04:38:54,488 - INFO - Shutting down thread pool (wait=False)...
2025-12-13 04:38:54,488 - INFO - Scraped: 0 The Guardian, 0 BBC, 5 Times of India, 1 The Hindu articles. (Total saved: 6)
2025-12-13 04:38:54,488 - INFO - --- Scraping job finished ---
2025-12-13 04:38:54,493 - INFO - --- Scraper service stopped and database connection closed. ---
2025-12-13 04:38:54,493 - INFO - --- Main thread finished. Forcing process exit to kill zombie threads. ---
