2026-04-18 05:11:14,418 - INFO - Loading AI Semantic Model (all-MiniLM-L6-v2)...
2026-04-18 05:11:14,419 - INFO - No device provided, using cpu
2026-04-18 05:11:14,497 - INFO - HTTP Request: HEAD https://huggingface.co/sentence-transformers/all-MiniLM-L6-v2/resolve/main/modules.json "HTTP/1.1 307 Temporary Redirect"
2026-04-18 05:11:14,506 - INFO - HTTP Request: HEAD https://huggingface.co/api/resolve-cache/models/sentence-transformers/all-MiniLM-L6-v2/c9745ed1d9f207416be6d2e6f8de32d1f16199bf/modules.json "HTTP/1.1 200 OK"
2026-04-18 05:11:14,536 - INFO - HTTP Request: HEAD https://huggingface.co/sentence-transformers/all-MiniLM-L6-v2/resolve/main/config_sentence_transformers.json "HTTP/1.1 307 Temporary Redirect"
2026-04-18 05:11:14,546 - INFO - HTTP Request: HEAD https://huggingface.co/api/resolve-cache/models/sentence-transformers/all-MiniLM-L6-v2/c9745ed1d9f207416be6d2e6f8de32d1f16199bf/config_sentence_transformers.json "HTTP/1.1 200 OK"
2026-04-18 05:11:14,547 - INFO - Loading SentenceTransformer model from sentence-transformers/all-MiniLM-L6-v2.
2026-04-18 05:11:14,564 - INFO - HTTP Request: HEAD https://huggingface.co/sentence-transformers/all-MiniLM-L6-v2/resolve/main/config_sentence_transformers.json "HTTP/1.1 307 Temporary Redirect"
2026-04-18 05:11:14,574 - INFO - HTTP Request: HEAD https://huggingface.co/api/resolve-cache/models/sentence-transformers/all-MiniLM-L6-v2/c9745ed1d9f207416be6d2e6f8de32d1f16199bf/config_sentence_transformers.json "HTTP/1.1 200 OK"
2026-04-18 05:11:14,593 - INFO - HTTP Request: HEAD https://huggingface.co/sentence-transformers/all-MiniLM-L6-v2/resolve/main/README.md "HTTP/1.1 307 Temporary Redirect"
2026-04-18 05:11:14,602 - INFO - HTTP Request: HEAD https://huggingface.co/api/resolve-cache/models/sentence-transformers/all-MiniLM-L6-v2/c9745ed1d9f207416be6d2e6f8de32d1f16199bf/README.md "HTTP/1.1 200 OK"
2026-04-18 05:11:14,624 - INFO - HTTP Request: HEAD https://huggingface.co/sentence-transformers/all-MiniLM-L6-v2/resolve/main/modules.json "HTTP/1.1 307 Temporary Redirect"
2026-04-18 05:11:14,624 - WARNING - Warning: You are sending unauthenticated requests to the HF Hub. Please set a HF_TOKEN to enable higher rate limits and faster downloads.
2026-04-18 05:11:14,633 - INFO - HTTP Request: HEAD https://huggingface.co/api/resolve-cache/models/sentence-transformers/all-MiniLM-L6-v2/c9745ed1d9f207416be6d2e6f8de32d1f16199bf/modules.json "HTTP/1.1 200 OK"
2026-04-18 05:11:14,653 - INFO - HTTP Request: HEAD https://huggingface.co/sentence-transformers/all-MiniLM-L6-v2/resolve/main/sentence_bert_config.json "HTTP/1.1 307 Temporary Redirect"
2026-04-18 05:11:14,663 - INFO - HTTP Request: HEAD https://huggingface.co/api/resolve-cache/models/sentence-transformers/all-MiniLM-L6-v2/c9745ed1d9f207416be6d2e6f8de32d1f16199bf/sentence_bert_config.json "HTTP/1.1 200 OK"
2026-04-18 05:11:14,685 - INFO - HTTP Request: HEAD https://huggingface.co/sentence-transformers/all-MiniLM-L6-v2/resolve/main/adapter_config.json "HTTP/1.1 404 Not Found"
2026-04-18 05:11:14,705 - INFO - HTTP Request: HEAD https://huggingface.co/sentence-transformers/all-MiniLM-L6-v2/resolve/main/config.json "HTTP/1.1 307 Temporary Redirect"
2026-04-18 05:11:14,714 - INFO - HTTP Request: HEAD https://huggingface.co/api/resolve-cache/models/sentence-transformers/all-MiniLM-L6-v2/c9745ed1d9f207416be6d2e6f8de32d1f16199bf/config.json "HTTP/1.1 200 OK"
2026-04-18 05:11:14,832 - WARNING - [1mBertModel LOAD REPORT[0m from: sentence-transformers/all-MiniLM-L6-v2
Key                     | Status     |  | 
------------------------+------------+--+-
embeddings.position_ids | UNEXPECTED |  | 

Notes:
- UNEXPECTED:	can be ignored when loading from different task/architecture; not ok if you expect identical arch.
2026-04-18 05:11:14,854 - INFO - HTTP Request: HEAD https://huggingface.co/sentence-transformers/all-MiniLM-L6-v2/resolve/main/processor_config.json "HTTP/1.1 404 Not Found"
2026-04-18 05:11:14,876 - INFO - HTTP Request: HEAD https://huggingface.co/sentence-transformers/all-MiniLM-L6-v2/resolve/main/preprocessor_config.json "HTTP/1.1 404 Not Found"
2026-04-18 05:11:14,900 - INFO - HTTP Request: HEAD https://huggingface.co/sentence-transformers/all-MiniLM-L6-v2/resolve/main/video_preprocessor_config.json "HTTP/1.1 404 Not Found"
2026-04-18 05:11:14,935 - INFO - HTTP Request: HEAD https://huggingface.co/sentence-transformers/all-MiniLM-L6-v2/resolve/main/preprocessor_config.json "HTTP/1.1 404 Not Found"
2026-04-18 05:11:14,958 - INFO - HTTP Request: HEAD https://huggingface.co/sentence-transformers/all-MiniLM-L6-v2/resolve/main/tokenizer_config.json "HTTP/1.1 307 Temporary Redirect"
2026-04-18 05:11:14,967 - INFO - HTTP Request: HEAD https://huggingface.co/api/resolve-cache/models/sentence-transformers/all-MiniLM-L6-v2/c9745ed1d9f207416be6d2e6f8de32d1f16199bf/tokenizer_config.json "HTTP/1.1 200 OK"
2026-04-18 05:11:14,984 - INFO - HTTP Request: HEAD https://huggingface.co/sentence-transformers/all-MiniLM-L6-v2/resolve/main/config.json "HTTP/1.1 307 Temporary Redirect"
2026-04-18 05:11:14,994 - INFO - HTTP Request: HEAD https://huggingface.co/api/resolve-cache/models/sentence-transformers/all-MiniLM-L6-v2/c9745ed1d9f207416be6d2e6f8de32d1f16199bf/config.json "HTTP/1.1 200 OK"
2026-04-18 05:11:15,016 - INFO - HTTP Request: HEAD https://huggingface.co/sentence-transformers/all-MiniLM-L6-v2/resolve/main/config.json "HTTP/1.1 307 Temporary Redirect"
2026-04-18 05:11:15,025 - INFO - HTTP Request: HEAD https://huggingface.co/api/resolve-cache/models/sentence-transformers/all-MiniLM-L6-v2/c9745ed1d9f207416be6d2e6f8de32d1f16199bf/config.json "HTTP/1.1 200 OK"
2026-04-18 05:11:15,051 - INFO - HTTP Request: HEAD https://huggingface.co/sentence-transformers/all-MiniLM-L6-v2/resolve/main/tokenizer_config.json "HTTP/1.1 307 Temporary Redirect"
2026-04-18 05:11:15,227 - INFO - HTTP Request: HEAD https://huggingface.co/api/resolve-cache/models/sentence-transformers/all-MiniLM-L6-v2/c9745ed1d9f207416be6d2e6f8de32d1f16199bf/tokenizer_config.json "HTTP/1.1 200 OK"
2026-04-18 05:11:15,261 - INFO - HTTP Request: GET https://huggingface.co/api/models/sentence-transformers/all-MiniLM-L6-v2/tree/main/additional_chat_templates?recursive=false&expand=false "HTTP/1.1 404 Not Found"
2026-04-18 05:11:15,286 - INFO - HTTP Request: GET https://huggingface.co/api/models/sentence-transformers/all-MiniLM-L6-v2/tree/main?recursive=true&expand=false "HTTP/1.1 200 OK"
2026-04-18 05:11:15,343 - INFO - HTTP Request: HEAD https://huggingface.co/sentence-transformers/all-MiniLM-L6-v2/resolve/main/1_Pooling/config.json "HTTP/1.1 307 Temporary Redirect"
2026-04-18 05:11:15,352 - INFO - HTTP Request: HEAD https://huggingface.co/api/resolve-cache/models/sentence-transformers/all-MiniLM-L6-v2/c9745ed1d9f207416be6d2e6f8de32d1f16199bf/1_Pooling%2Fconfig.json "HTTP/1.1 200 OK"
2026-04-18 05:11:15,376 - INFO - HTTP Request: GET https://huggingface.co/api/models/sentence-transformers/all-MiniLM-L6-v2 "HTTP/1.1 200 OK"
2026-04-18 05:11:15,379 - INFO - AI Model loaded successfully.
2026-04-18 05:11:15,379 - INFO - --- Scraper service started (CI Mode: Run Once) ---
2026-04-18 05:11:15,379 - INFO - --- Starting new scraping job (Parallel Mode) ---
2026-04-18 05:11:15,379 - INFO - Connecting to Google Sheets...
2026-04-18 05:11:18,462 - INFO - Connected to Sheet: News Scrapper AI / Sheet1
2026-04-18 05:11:18,462 - INFO - Fetching existing data to build cache...
2026-04-18 05:11:32,580 - INFO - Loaded 52025 rows from sheet.
2026-04-18 05:11:33,491 - INFO - Cache built: 52025 URLs. Current MAX_ID: 52127
2026-04-18 05:11:33,497 - INFO - Creating new robust session with 3 retries on 5xx/connection/read errors.
2026-04-18 05:11:33,497 - INFO - Proxy is DISABLED.
2026-04-18 05:11:33,497 - INFO - Starting scrape for BBC RSS feed: http://feeds.bbci.co.uk/news/world/rss.xml
2026-04-18 05:11:33,498 - INFO - [Times of India] (Thread) requires Selenium. Initializing driver...
2026-04-18 05:11:33,499 - INFO - Starting scrape for The Guardian RSS feed: https://www.theguardian.com/world/rss
2026-04-18 05:11:33,500 - INFO - [The Hindu] (Thread) requires Selenium. Initializing driver...
2026-04-18 05:11:33,500 - INFO - [The Dawn] (Thread) requires Selenium. Initializing driver...
2026-04-18 05:11:33,501 - INFO - [Al Jazeera] (Thread) requires Selenium. Initializing driver...
2026-04-18 05:11:33,501 - INFO - Starting scrape for TechCrunch RSS feed: https://techcrunch.com/feed/
2026-04-18 05:11:33,501 - INFO - [Economic Times] (Thread) requires Selenium. Initializing driver...
2026-04-18 05:11:33,502 - INFO - Submitted 8 jobs to thread pool. Waiting up to 420s for completion...
2026-04-18 05:11:33,669 - INFO - Found 0 articles in TechCrunch RSS feed. Processing until 30 new articles are saved.
2026-04-18 05:11:33,799 - INFO - Found 29 articles in BBC RSS feed. Processing until 30 new articles are saved.
2026-04-18 05:11:33,801 - INFO - [BBC] Early skip: URL https://www.bbc.com/news/articles/ckg045z73z1o?at_medium=RSS&at_campaign=rss already exists.
2026-04-18 05:11:33,802 - INFO - [BBC] Early skip: URL https://www.bbc.com/news/articles/crm10w4ynj1o?at_medium=RSS&at_campaign=rss already exists.
2026-04-18 05:11:33,804 - INFO - [BBC] Early skip: URL https://www.bbc.com/news/articles/czx95rl4ek5o?at_medium=RSS&at_campaign=rss already exists.
2026-04-18 05:11:33,808 - INFO - [BBC] Early skip: URL https://www.bbc.com/news/articles/cdj7kwn1d78o?at_medium=RSS&at_campaign=rss already exists.
2026-04-18 05:11:33,809 - INFO - [BBC] Early skip: URL https://www.bbc.com/news/articles/c4g4yl5dd4do?at_medium=RSS&at_campaign=rss already exists.
2026-04-18 05:11:33,810 - INFO - [BBC] Early skip: URL https://www.bbc.com/news/articles/cqxlp5pvr3wo?at_medium=RSS&at_campaign=rss already exists.
2026-04-18 05:11:33,814 - INFO - [BBC] Early skip: URL https://www.bbc.com/news/articles/crr185nx0n9o?at_medium=RSS&at_campaign=rss already exists.
2026-04-18 05:11:33,826 - INFO - [BBC] Early skip: URL https://www.bbc.com/news/articles/ce84j0j6622o?at_medium=RSS&at_campaign=rss already exists.
2026-04-18 05:11:33,836 - INFO - [BBC] Early skip: URL https://www.bbc.com/news/articles/cj94pkyr9mpo?at_medium=RSS&at_campaign=rss already exists.
2026-04-18 05:11:33,840 - INFO - [BBC] Early skip: URL https://www.bbc.com/news/articles/c20d22ev21wo?at_medium=RSS&at_campaign=rss already exists.
2026-04-18 05:11:33,841 - INFO - [BBC] Early skip: URL https://www.bbc.com/news/articles/cn08p8nzejko?at_medium=RSS&at_campaign=rss already exists.
2026-04-18 05:11:33,845 - INFO - [BBC] Early skip: URL https://www.bbc.com/news/articles/c624x4xgw6xo?at_medium=RSS&at_campaign=rss already exists.
2026-04-18 05:11:33,849 - INFO - [BBC] Early skip: URL https://www.bbc.com/news/articles/c2ev24yx4rmo?at_medium=RSS&at_campaign=rss already exists.
2026-04-18 05:11:33,852 - INFO - [BBC] Early skip: URL https://www.bbc.com/news/articles/c05d216rj85o?at_medium=RSS&at_campaign=rss already exists.
2026-04-18 05:11:33,863 - INFO - [BBC] Early skip: URL https://www.bbc.com/news/articles/cwyv24lx1r8o?at_medium=RSS&at_campaign=rss already exists.
2026-04-18 05:11:33,871 - INFO - [BBC] Early skip: URL https://www.bbc.com/news/articles/cvg0z3n5e5jo?at_medium=RSS&at_campaign=rss already exists.
2026-04-18 05:11:33,875 - INFO - [BBC] Early skip: URL https://www.bbc.com/news/articles/c2082pljyk1o?at_medium=RSS&at_campaign=rss already exists.
2026-04-18 05:11:33,888 - INFO - [BBC] Early skip: URL https://www.bbc.com/news/articles/cz9025d7jqzo?at_medium=RSS&at_campaign=rss already exists.
2026-04-18 05:11:33,890 - INFO - [BBC] Early skip: URL https://www.bbc.com/news/articles/cwy32277e58o?at_medium=RSS&at_campaign=rss already exists.
2026-04-18 05:11:33,891 - INFO - [BBC] Early skip: URL https://www.bbc.com/news/articles/cdxkd6rvk0do?at_medium=RSS&at_campaign=rss already exists.
2026-04-18 05:11:33,893 - INFO - [BBC] Early skip: URL https://www.bbc.com/news/articles/c9d4nnpw8w2o?at_medium=RSS&at_campaign=rss already exists.
2026-04-18 05:11:33,896 - INFO - [BBC] Early skip: URL https://www.bbc.com/news/articles/cwyk2xrkvnzo?at_medium=RSS&at_campaign=rss already exists.
2026-04-18 05:11:33,902 - INFO - [BBC] Early skip: URL https://www.bbc.com/news/articles/cwyv21q9y1go?at_medium=RSS&at_campaign=rss already exists.
2026-04-18 05:11:33,903 - INFO - [BBC] Early skip: URL https://www.bbc.com/news/videos/clyxp0kp5glo?at_medium=RSS&at_campaign=rss already exists.
2026-04-18 05:11:33,905 - INFO - [BBC] Early skip: URL https://www.bbc.com/news/videos/cnv893gn722o?at_medium=RSS&at_campaign=rss already exists.
2026-04-18 05:11:33,908 - INFO - [BBC] Article: https://www.bbc.com/news/videos/c70dvy2l701o?at_medium=RSS&at_campaign=rss
2026-04-18 05:11:33,908 - INFO - [BBC] Attempt 1/1: Trying with 'requests_browser' strategy...
2026-04-18 05:11:33,950 - INFO - Found 45 articles in The Guardian RSS feed. Processing until 30 new articles are saved.
2026-04-18 05:11:33,950 - INFO - [The Guardian] Early skip: URL https://www.theguardian.com/technology/2026/apr/17/kenyan-outsourcing-company-for-meta-sacks-workers already exists.
2026-04-18 05:11:33,957 - INFO - [The Guardian] Early skip: URL https://www.theguardian.com/environment/2026/apr/17/weather-tracker-hail-covers-parts-of-tunisia-and-algeria-like-snow already exists.
2026-04-18 05:11:33,958 - INFO - [The Guardian] Early skip: URL https://www.theguardian.com/world/2026/apr/16/south-africa-julius-malema-jail-term-rifle already exists.
2026-04-18 05:11:33,963 - INFO - [The Guardian] Early skip: URL https://www.theguardian.com/global-development/2026/apr/15/more-than-1bn-pledged-for-sudan-as-humanitarian-crisis-deepens already exists.
2026-04-18 05:11:33,965 - INFO - [The Guardian] Early skip: URL https://www.theguardian.com/world/2026/apr/15/ashly-robinson-death-influencer-zanzibar already exists.
2026-04-18 05:11:33,966 - INFO - [The Guardian] Early skip: URL https://www.theguardian.com/world/2026/apr/17/air-canada-suspending-flights-fuel-prices already exists.
2026-04-18 05:11:33,967 - INFO - [The Guardian] Early skip: URL https://www.theguardian.com/world/2026/apr/16/pedro-pascal-pedro-piscal-actor-spirit-brand-legal-battle-chile already exists.
2026-04-18 05:11:33,969 - INFO - [The Guardian] Early skip: URL https://www.theguardian.com/us-news/2026/apr/16/us-launches-fifth-strike-on-alleged-pacific-drug-boat-in-a-week-killing-three already exists.
2026-04-18 05:11:33,970 - INFO - [The Guardian] Early skip: URL https://www.theguardian.com/world/2026/apr/15/mexico-president-claudia-sheinbaum-donald-trump-ice-deaths already exists.
2026-04-18 05:11:33,971 - INFO - [The Guardian] Early skip: URL https://www.theguardian.com/world/2026/apr/14/mark-carney-canada-parliament-liberal already exists.
2026-04-18 05:11:33,973 - INFO - [The Guardian] Early skip: URL https://www.theguardian.com/world/2026/apr/18/inside-smoky-shelters-a-fast-paced-card-game-has-taken-off-in-solomon-islands already exists.
2026-04-18 05:11:33,974 - INFO - [The Guardian] Early skip: URL https://www.theguardian.com/world/2026/apr/17/south-korea-escaped-wolf-captured-returned-zoo-safely already exists.
2026-04-18 05:11:33,975 - INFO - [The Guardian] Early skip: URL https://www.theguardian.com/technology/2026/apr/17/japanese-over-70s-mobile-master-smartphones already exists.
2026-04-18 05:11:33,977 - INFO - [The Guardian] Early skip: URL https://www.theguardian.com/world/2026/apr/16/south-korea-solar-power-renewables-revolution already exists.
2026-04-18 05:11:33,978 - INFO - [The Guardian] Early skip: URL https://www.theguardian.com/world/2026/apr/15/sinlaku-typhoon-guam-mariana-islands already exists.
2026-04-18 05:11:33,982 - INFO - [The Guardian] Early skip: URL https://www.theguardian.com/australia-news/2026/apr/18/jacinta-allan-wants-voters-to-see-victorias-12-year-old-labor-government-as-new-and-united-can-she-cling-to-power already exists.
2026-04-18 05:11:33,983 - INFO - [The Guardian] Early skip: URL https://www.theguardian.com/australia-news/2026/apr/18/nsw-should-think-twice-before-banning-globalise-the-intifada-after-court-struck-down-anti-protest-law-legal-expert-says-ntwnfb already exists.
2026-04-18 05:11:33,985 - INFO - [The Guardian] Early skip: URL https://www.theguardian.com/australia-news/2026/apr/18/us-live-nation-and-ticketmaster-verdict-triggers-calls-for-australian-investigation-into-ticketing-rules already exists.
2026-04-18 05:11:33,987 - INFO - [The Guardian] Early skip: URL https://www.theguardian.com/australia-news/2026/apr/17/ben-roberts-smiths-comrades-say-he-ordered-them-to-execute-unarmed-civilians-court-documents-show-ntwnfb already exists.
2026-04-18 05:11:33,990 - INFO - [The Guardian] Early skip: URL https://www.theguardian.com/australia-news/2026/apr/17/ben-roberts-smith-brs-bail-decision-war-crimes-trial-ntwnfb already exists.
2026-04-18 05:11:33,993 - INFO - [The Guardian] Article: https://www.theguardian.com/world/2026/apr/18/romania-eu-measles-cases-vaccination-rates-collapse
2026-04-18 05:11:33,993 - INFO - [The Guardian] Attempt 1/1: Trying with 'requests_browser' strategy...
2026-04-18 05:11:34,147 - INFO - [The Guardian] Success with 'requests_browser'. Found content (1318 words).
2026-04-18 05:11:34,266 - WARNING - [BBC] FAILED with 'requests_browser' (content was too short: 71 words).
2026-04-18 05:11:34,266 - ERROR - [BBC] All scrape strategies failed for https://www.bbc.com/news/videos/c70dvy2l701o?at_medium=RSS&at_campaign=rss. Falling back to RSS description.
2026-04-18 05:11:34,267 - WARNING - SKIPPED (GLOBAL WORD LIMIT): Article 'Moment wolf on the run in South Korea is found' from BBC has only 18 words (Min: 90).
2026-04-18 05:11:35,272 - INFO - [BBC] Article: https://www.bbc.com/news/videos/cq6jpp2e5d6o?at_medium=RSS&at_campaign=rss
2026-04-18 05:11:35,272 - INFO - [BBC] Attempt 1/1: Trying with 'requests_browser' strategy...
2026-04-18 05:11:35,569 - INFO - Selenium driver initialized successfully (Eager load strategy, 7s timeout).
2026-04-18 05:11:35,571 - INFO - Starting scrape for Times of India RSS feed: https://timesofindia.indiatimes.com/rssfeeds/296589292.cms
2026-04-18 05:11:35,582 - INFO - Selenium driver initialized successfully (Eager load strategy, 7s timeout).
2026-04-18 05:11:35,583 - INFO - Starting scrape for Economic Times RSS feed: https://economictimes.indiatimes.com/rssfeedsdefault.cms
2026-04-18 05:11:35,585 - WARNING - [BBC] FAILED with 'requests_browser' (content was too short: 65 words).
2026-04-18 05:11:35,586 - ERROR - [BBC] All scrape strategies failed for https://www.bbc.com/news/videos/cq6jpp2e5d6o?at_medium=RSS&at_campaign=rss. Falling back to RSS description.
2026-04-18 05:11:35,586 - WARNING - SKIPPED (GLOBAL WORD LIMIT): Article 'Artemis commander tells BBC about 'powerful' moment crater named after his late wife' from BBC has only 24 words (Min: 90).
2026-04-18 05:11:35,626 - INFO - Selenium driver initialized successfully (Eager load strategy, 7s timeout).
2026-04-18 05:11:35,626 - INFO - Starting scrape for The Hindu RSS feed: https://www.thehindu.com/news/national/feeder/default.rss
2026-04-18 05:11:35,633 - INFO - Selenium driver initialized successfully (Eager load strategy, 7s timeout).
2026-04-18 05:11:35,640 - INFO - Starting scrape for Al Jazeera RSS feed: https://www.aljazeera.com/xml/rss/all.xml
2026-04-18 05:11:35,703 - INFO - Selenium driver initialized successfully (Eager load strategy, 7s timeout).
2026-04-18 05:11:35,703 - INFO - Starting scrape for The Dawn RSS feed: https://www.dawn.com/feeds/home
2026-04-18 05:11:35,781 - INFO - Found 20 articles in Times of India RSS feed. Processing until 30 new articles are saved.
2026-04-18 05:11:35,781 - INFO - [Times of India] Article: https://timesofindia.indiatimes.com/world/middle-east/uae-enforces-stricter-traffic-rules-with-fines-reaching-dh50000-and-licence-suspension-penalties/articleshow/130347128.cms
2026-04-18 05:11:35,781 - INFO - [Times of India] Attempt 1/1: Trying with 'selenium_browser' strategy...
2026-04-18 05:11:35,825 - INFO - Found 60 articles in The Hindu RSS feed. Processing until 30 new articles are saved.
2026-04-18 05:11:35,826 - INFO - [The Hindu] Article: https://www.thehindu.com/news/national/parliament-special-session-live-updates-women-reservation-law-delimitation-bill-constitutional-amendment-april-18/article70876416.ece
2026-04-18 05:11:35,826 - INFO - [The Hindu] Attempt 1/1: Trying with 'selenium_browser' strategy...
2026-04-18 05:11:35,867 - INFO - Found 25 articles in Al Jazeera RSS feed. Processing until 30 new articles are saved.
2026-04-18 05:11:35,868 - INFO - [Al Jazeera] Article: https://www.aljazeera.com/video/newsfeed/2026/4/18/al-noor-centre-a-lifeline-for-blind-children-in-gaza?traffic_source=rss
2026-04-18 05:11:35,868 - INFO - [Al Jazeera] Attempt 1/2: Trying with 'requests_browser' strategy...
2026-04-18 05:11:35,910 - WARNING - [Al Jazeera] FAILED with 'requests_browser' (content was too short: 60 words).
2026-04-18 05:11:35,932 - INFO - Found 29 articles in The Dawn RSS feed. Processing until 30 new articles are saved.
2026-04-18 05:11:35,933 - INFO - [The Dawn] Article: https://www.dawn.com/news/1992831/trump-says-us-blockade-of-iranian-ports-will-remain-if-no-deal-reached
2026-04-18 05:11:35,933 - INFO - [The Dawn] Attempt 1/2: Trying with 'requests_browser' strategy...
2026-04-18 05:11:35,944 - ERROR - [The Dawn] Request failed for strategy 'requests_browser' on URL https://www.dawn.com/news/1992831/trump-says-us-blockade-of-iranian-ports-will-remain-if-no-deal-reached: 403 Client Error: Forbidden for url: https://www.dawn.com/news/1992831/trump-says-us-blockade-of-iranian-ports-will-remain-if-no-deal-reached
2026-04-18 05:11:36,016 - INFO - Found 76 articles in Economic Times RSS feed. Processing until 30 new articles are saved.
2026-04-18 05:11:36,016 - INFO - [Economic Times] Article: https://economictimes.indiatimes.com/markets/expert-view/akshaya-tritiya-tapan-patel-on-why-you-shouldnt-let-the-recent-dip-in-gold-scare-you/articleshow/130346907.cms
2026-04-18 05:11:36,016 - INFO - [Economic Times] Attempt 1/2: Trying with 'requests_browser' strategy...
2026-04-18 05:11:36,334 - ERROR - parsed tree length: 1, wrong data type or not valid HTML
2026-04-18 05:11:36,335 - ERROR - empty HTML tree: None
2026-04-18 05:11:36,335 - WARNING - discarding data: None
2026-04-18 05:11:36,335 - WARNING - [Economic Times] FAILED with 'requests_browser' (content was too short: 0 words).
2026-04-18 05:11:36,482 - INFO - [The Hindu] Page content loaded.
2026-04-18 05:11:36,577 - INFO - [The Hindu] Success with 'selenium_browser'. Found content (181 words).
2026-04-18 05:11:36,577 - INFO - [Al Jazeera] Article: https://www.aljazeera.com/video/newsfeed/2026/4/18/al-noor-centre-a-lifeline-for-blind-children-in-gaza?traffic_source=rss
2026-04-18 05:11:36,587 - INFO - [Al Jazeera] Attempt 2/2: Trying with 'selenium_browser' strategy...
2026-04-18 05:11:36,749 - INFO - [The Dawn] Article: https://www.dawn.com/news/1992831/trump-says-us-blockade-of-iranian-ports-will-remain-if-no-deal-reached
2026-04-18 05:11:36,761 - INFO - [The Dawn] Attempt 2/2: Trying with 'selenium_browser' strategy...
2026-04-18 05:11:36,789 - INFO - [BBC] Article: https://www.bbc.com/news/videos/cp86pj0eppro?at_medium=RSS&at_campaign=rss
2026-04-18 05:11:36,789 - INFO - [BBC] Attempt 1/1: Trying with 'requests_browser' strategy...
2026-04-18 05:11:37,039 - WARNING - [BBC] FAILED with 'requests_browser' (content was too short: 88 words).
2026-04-18 05:11:37,040 - ERROR - [BBC] All scrape strategies failed for https://www.bbc.com/news/videos/cp86pj0eppro?at_medium=RSS&at_campaign=rss. Falling back to RSS description.
2026-04-18 05:11:37,040 - WARNING - SKIPPED (GLOBAL WORD LIMIT): Article 'Watch: Rising prices threaten Minnesota's meat raffles' from BBC has only 23 words (Min: 90).
2026-04-18 05:11:37,231 - INFO - [Times of India] Page content loaded.
2026-04-18 05:11:37,276 - INFO - [Economic Times] Article: https://economictimes.indiatimes.com/markets/expert-view/akshaya-tritiya-tapan-patel-on-why-you-shouldnt-let-the-recent-dip-in-gold-scare-you/articleshow/130346907.cms
2026-04-18 05:11:37,276 - INFO - [Economic Times] Attempt 2/2: Trying with 'selenium_browser' strategy...
2026-04-18 05:11:37,678 - INFO - [Times of India] Success with 'selenium_browser'. Found content (509 words).
2026-04-18 05:11:38,165 - INFO - [BBC] Early skip: URL https://www.bbc.com/news/videos/clyxpn98w55o?at_medium=RSS&at_campaign=rss already exists.
2026-04-18 05:11:40,607 - INFO - [Al Jazeera] Page content loaded.
2026-04-18 05:11:40,643 - INFO - [The Dawn] Page content loaded.
2026-04-18 05:11:41,112 - WARNING - [Al Jazeera] FAILED with 'selenium_browser' (content was too short: 60 words).
2026-04-18 05:11:41,112 - ERROR - [Al Jazeera] All scrape strategies failed for https://www.aljazeera.com/video/newsfeed/2026/4/18/al-noor-centre-a-lifeline-for-blind-children-in-gaza?traffic_source=rss. Falling back to RSS description.
2026-04-18 05:11:41,112 - WARNING - SKIPPED (GLOBAL WORD LIMIT): Article 'Al-Noor centre: A lifeline for blind children in Gaza' from Al Jazeera has only 15 words (Min: 90).
2026-04-18 05:11:41,843 - INFO - [Economic Times] Page content loaded.
2026-04-18 05:11:42,477 - INFO - [Al Jazeera] Article: https://www.aljazeera.com/video/newsfeed/2026/4/18/new-jersey-announces-150-transit-tickets-to-reach-the-world-cup?traffic_source=rss
2026-04-18 05:11:42,477 - INFO - [Al Jazeera] Attempt 1/2: Trying with 'requests_browser' strategy...
2026-04-18 05:11:42,679 - WARNING - [Al Jazeera] FAILED with 'requests_browser' (content was too short: 65 words).
2026-04-18 05:11:43,462 - INFO - [Al Jazeera] Article: https://www.aljazeera.com/video/newsfeed/2026/4/18/new-jersey-announces-150-transit-tickets-to-reach-the-world-cup?traffic_source=rss
2026-04-18 05:11:43,474 - INFO - [Al Jazeera] Attempt 2/2: Trying with 'selenium_browser' strategy...
2026-04-18 05:11:48,654 - INFO - [Economic Times] Success with 'selenium_browser'. Found content (877 words).
2026-04-18 05:11:49,564 - INFO - [Al Jazeera] Page content loaded.
2026-04-18 05:11:50,020 - INFO - [The Dawn] Success with 'selenium_browser'. Found content (311 words).
2026-04-18 05:11:50,161 - WARNING - [Al Jazeera] FAILED with 'selenium_browser' (content was too short: 69 words).
2026-04-18 05:11:50,161 - ERROR - [Al Jazeera] All scrape strategies failed for https://www.aljazeera.com/video/newsfeed/2026/4/18/new-jersey-announces-150-transit-tickets-to-reach-the-world-cup?traffic_source=rss. Falling back to RSS description.
2026-04-18 05:11:50,174 - WARNING - SKIPPED (GLOBAL WORD LIMIT): Article 'New Jersey announces $150 transit tickets to reach the World Cup' from Al Jazeera has only 19 words (Min: 90).
2026-04-18 05:11:50,748 - INFO - [Al Jazeera] Article: https://www.aljazeera.com/video/newsfeed/2026/4/18/lebanese-man-removes-israeli-flag-from-castle-in-southern-lebanon?traffic_source=rss
2026-04-18 05:11:50,748 - INFO - [Al Jazeera] Attempt 1/2: Trying with 'requests_browser' strategy...
2026-04-18 05:11:50,975 - WARNING - [Al Jazeera] FAILED with 'requests_browser' (content was too short: 65 words).
2026-04-18 05:11:51,852 - INFO - [Al Jazeera] Article: https://www.aljazeera.com/video/newsfeed/2026/4/18/lebanese-man-removes-israeli-flag-from-castle-in-southern-lebanon?traffic_source=rss
2026-04-18 05:11:51,852 - INFO - [Al Jazeera] Attempt 2/2: Trying with 'selenium_browser' strategy...
2026-04-18 05:11:55,983 - INFO - [Al Jazeera] Page content loaded.
2026-04-18 05:11:56,294 - WARNING - [Al Jazeera] FAILED with 'selenium_browser' (content was too short: 69 words).
2026-04-18 05:11:56,294 - ERROR - [Al Jazeera] All scrape strategies failed for https://www.aljazeera.com/video/newsfeed/2026/4/18/lebanese-man-removes-israeli-flag-from-castle-in-southern-lebanon?traffic_source=rss. Falling back to RSS description.
2026-04-18 05:11:56,294 - WARNING - SKIPPED (GLOBAL WORD LIMIT): Article 'Lebanese man removes Israeli flag from castle in southern Lebanon' from Al Jazeera has only 17 words (Min: 90).
2026-04-18 05:11:57,220 - INFO - [Al Jazeera] Article: https://www.aljazeera.com/video/newsfeed/2026/4/18/trump-thanks-gulf-states-for-their-tremendous-support?traffic_source=rss
2026-04-18 05:11:57,220 - INFO - [Al Jazeera] Attempt 1/2: Trying with 'requests_browser' strategy...
2026-04-18 05:11:57,438 - WARNING - [Al Jazeera] FAILED with 'requests_browser' (content was too short: 60 words).
2026-04-18 05:11:58,016 - INFO - [Al Jazeera] Article: https://www.aljazeera.com/video/newsfeed/2026/4/18/trump-thanks-gulf-states-for-their-tremendous-support?traffic_source=rss
2026-04-18 05:11:58,017 - INFO - [Al Jazeera] Attempt 2/2: Trying with 'selenium_browser' strategy...
2026-04-18 05:12:02,266 - INFO - [Al Jazeera] Page content loaded.
2026-04-18 05:12:02,751 - WARNING - [Al Jazeera] FAILED with 'selenium_browser' (content was too short: 64 words).
2026-04-18 05:12:02,752 - ERROR - [Al Jazeera] All scrape strategies failed for https://www.aljazeera.com/video/newsfeed/2026/4/18/trump-thanks-gulf-states-for-their-tremendous-support?traffic_source=rss. Falling back to RSS description.
2026-04-18 05:12:02,752 - WARNING - SKIPPED (GLOBAL WORD LIMIT): Article 'Trump thanks Gulf states for their ‘tremendous’ support' from Al Jazeera has only 22 words (Min: 90).
2026-04-18 05:12:03,747 - INFO - [Al Jazeera] Article: https://www.aljazeera.com/video/newsfeed/2026/4/18/un-aid-chief-warns-of-possible-full-scale-famine-in-south-sudan?traffic_source=rss
2026-04-18 05:12:03,748 - INFO - [Al Jazeera] Attempt 1/2: Trying with 'requests_browser' strategy...
2026-04-18 05:12:03,871 - WARNING - [Al Jazeera] FAILED with 'requests_browser' (content was too short: 61 words).
2026-04-18 05:12:04,830 - INFO - [Al Jazeera] Article: https://www.aljazeera.com/video/newsfeed/2026/4/18/un-aid-chief-warns-of-possible-full-scale-famine-in-south-sudan?traffic_source=rss
2026-04-18 05:12:04,830 - INFO - [Al Jazeera] Attempt 2/2: Trying with 'selenium_browser' strategy...
2026-04-18 05:12:07,803 - INFO - [Al Jazeera] Page content loaded.
2026-04-18 05:12:08,166 - WARNING - [Al Jazeera] FAILED with 'selenium_browser' (content was too short: 65 words).
2026-04-18 05:12:08,166 - ERROR - [Al Jazeera] All scrape strategies failed for https://www.aljazeera.com/video/newsfeed/2026/4/18/un-aid-chief-warns-of-possible-full-scale-famine-in-south-sudan?traffic_source=rss. Falling back to RSS description.
2026-04-18 05:12:08,166 - WARNING - SKIPPED (GLOBAL WORD LIMIT): Article 'UN aid chief warns of possible ‘full-scale famine’ in South Sudan' from Al Jazeera has only 19 words (Min: 90).
2026-04-18 05:12:08,882 - INFO - [Al Jazeera] Early skip: URL https://www.aljazeera.com/news/liveblog/2026/4/18/iran-war-live-tehran-says-president-trump-made-false-claims-amid-talks?traffic_source=rss already exists.
2026-04-18 05:12:08,887 - INFO - [Al Jazeera] Early skip: URL https://www.aljazeera.com/news/2026/4/17/pressure-mounts-on-perus-election-authorities-amid-presidential-race-delay?traffic_source=rss already exists.
2026-04-18 05:12:08,888 - INFO - [Al Jazeera] Early skip: URL https://www.aljazeera.com/news/2026/4/17/us-judge-blocks-justice-department-bid-to-seize-voter-data-in-rhode-island?traffic_source=rss already exists.
2026-04-18 05:12:08,891 - INFO - [Al Jazeera] Early skip: URL https://www.aljazeera.com/news/2026/4/17/trump-seeks-resolution-of-his-10bn-lawsuit-against-irs-spurring-concern?traffic_source=rss already exists.
2026-04-18 05:12:08,892 - INFO - [Al Jazeera] Article: https://www.aljazeera.com/video/newsfeed/2026/4/17/iran-rejects-trump-claim-on-deal-to-surrender-nuclear-material-stockpiles?traffic_source=rss
2026-04-18 05:12:08,893 - INFO - [Al Jazeera] Attempt 1/2: Trying with 'requests_browser' strategy...
2026-04-18 05:12:09,075 - WARNING - [Al Jazeera] FAILED with 'requests_browser' (content was too short: 72 words).
2026-04-18 05:12:10,065 - INFO - [Al Jazeera] Article: https://www.aljazeera.com/video/newsfeed/2026/4/17/iran-rejects-trump-claim-on-deal-to-surrender-nuclear-material-stockpiles?traffic_source=rss
2026-04-18 05:12:10,066 - INFO - [Al Jazeera] Attempt 2/2: Trying with 'selenium_browser' strategy...
2026-04-18 05:12:12,881 - INFO - [Al Jazeera] Page content loaded.
2026-04-18 05:12:13,197 - WARNING - [Al Jazeera] FAILED with 'selenium_browser' (content was too short: 76 words).
2026-04-18 05:12:13,197 - ERROR - [Al Jazeera] All scrape strategies failed for https://www.aljazeera.com/video/newsfeed/2026/4/17/iran-rejects-trump-claim-on-deal-to-surrender-nuclear-material-stockpiles?traffic_source=rss. Falling back to RSS description.
2026-04-18 05:12:13,197 - WARNING - SKIPPED (GLOBAL WORD LIMIT): Article 'Iran rejects Trump claim on deal to surrender nuclear material stockpiles' from Al Jazeera has only 19 words (Min: 90).
2026-04-18 05:12:14,443 - INFO - [Al Jazeera] Early skip: URL https://www.aljazeera.com/news/2026/4/17/lebanon-president-says-country-is-no-longer-a-pawn-amid-israel-ceasefire?traffic_source=rss already exists.
2026-04-18 05:12:14,448 - INFO - [Al Jazeera] Early skip: URL https://www.aljazeera.com/news/2026/4/17/starmer-rejects-calls-to-quit-as-pressure-mounts-over-mandelson-vetting?traffic_source=rss already exists.
2026-04-18 05:12:14,450 - INFO - [Al Jazeera] Early skip: URL https://www.aljazeera.com/video/inside-story/2026/4/17/will-the-ceasefire-in-lebanon-hold?traffic_source=rss already exists.
2026-04-18 05:12:14,453 - INFO - [Al Jazeera] Article: https://www.aljazeera.com/video/newsfeed/2026/4/17/displaced-family-reunited-with-grandfather-in-lebanons-tyre?traffic_source=rss
2026-04-18 05:12:14,453 - INFO - [Al Jazeera] Attempt 1/2: Trying with 'requests_browser' strategy...
2026-04-18 05:12:14,519 - WARNING - [Al Jazeera] FAILED with 'requests_browser' (content was too short: 65 words).
2026-04-18 05:12:15,374 - INFO - [Al Jazeera] Article: https://www.aljazeera.com/video/newsfeed/2026/4/17/displaced-family-reunited-with-grandfather-in-lebanons-tyre?traffic_source=rss
2026-04-18 05:12:15,374 - INFO - [Al Jazeera] Attempt 2/2: Trying with 'selenium_browser' strategy...
2026-04-18 05:12:18,186 - INFO - [Al Jazeera] Page content loaded.
2026-04-18 05:12:18,338 - WARNING - [Al Jazeera] FAILED with 'selenium_browser' (content was too short: 69 words).
2026-04-18 05:12:18,342 - ERROR - [Al Jazeera] All scrape strategies failed for https://www.aljazeera.com/video/newsfeed/2026/4/17/displaced-family-reunited-with-grandfather-in-lebanons-tyre?traffic_source=rss. Falling back to RSS description.
2026-04-18 05:12:18,343 - WARNING - SKIPPED (GLOBAL WORD LIMIT): Article 'Displaced family reunited with grandfather in Lebanon’s Tyre' from Al Jazeera has only 13 words (Min: 90).
2026-04-18 05:12:18,916 - INFO - [Al Jazeera] Early skip: URL https://www.aljazeera.com/sports/2026/4/17/world-cup-2026-fifa-chief-infantino-defends-pricing-and-tickets-in-us?traffic_source=rss already exists.
2026-04-18 05:12:18,918 - INFO - [Al Jazeera] Early skip: URL https://www.aljazeera.com/sports/2026/4/17/why-marie-louise-etas-appointment-should-be-the-norm-not-the-exception?traffic_source=rss already exists.
2026-04-18 05:12:18,920 - INFO - [Al Jazeera] Early skip: URL https://www.aljazeera.com/news/2026/4/17/un-warns-south-sudan-at-risk-of-full-scale-famine-as-fighting-intensifies?traffic_source=rss already exists.
2026-04-18 05:12:18,921 - INFO - [Al Jazeera] Early skip: URL https://www.aljazeera.com/news/2026/4/17/us-congress-temporarily-extends-controversial-surveillance-power-under-fisa?traffic_source=rss already exists.
2026-04-18 05:12:18,923 - INFO - [Al Jazeera] Early skip: URL https://www.aljazeera.com/news/2026/4/17/world-reacts-to-the-opening-of-the-strait-of-hormuz-amid-us-iran-conflict?traffic_source=rss already exists.
2026-04-18 05:12:18,925 - INFO - [Al Jazeera] Early skip: URL https://www.aljazeera.com/sports/2026/4/17/us-confirms-transit-fare-spike-to-150-for-world-cup-fans-in-new-jersey?traffic_source=rss already exists.
2026-04-18 05:12:18,927 - INFO - [Al Jazeera] Early skip: URL https://www.aljazeera.com/news/2026/4/17/scholar-rumeysa-ozturk-returns-to-turkiye-following-trump-deportation-push?traffic_source=rss already exists.
2026-04-18 05:12:18,929 - INFO - [Al Jazeera] Early skip: URL https://www.aljazeera.com/economy/2026/4/17/shipping-firms-seek-clarifications-before-crossing-hormuz?traffic_source=rss already exists.
2026-04-18 05:12:18,931 - INFO - [Al Jazeera] Early skip: URL https://www.aljazeera.com/news/2026/4/17/what-has-trump-said-ahead-of-possible-us-iran-talks-and-what-could-it-mean?traffic_source=rss already exists.
2026-04-18 05:12:18,933 - INFO - [Al Jazeera] Early skip: URL https://www.aljazeera.com/news/2026/4/17/fifteen-south-american-people-deported-from-the-us-arrive-in-dr-congo?traffic_source=rss already exists.
2026-04-18 05:12:18,934 - INFO - [Al Jazeera] Early skip: URL https://www.aljazeera.com/video/the-take-2/2026/4/17/aje-onl-tt_irn_kharg_av_v3-170426?traffic_source=rss already exists.
2026-04-18 05:12:18,935 - INFO - [Al Jazeera] (Thread) Finished. Attempting to shut down its Selenium driver.
2026-04-18 05:12:19,081 - INFO - [Al Jazeera] (Thread) driver.quit() successful.
2026-04-18 05:12:28,801 - INFO - >>> SUCCESSFULLY SAVED [ID: 52128] - ‘It’s a powder keg’: Romania leads EU measles cases as vaccination rates collapse | Romania | The Guardian from The Guardian (1318 words)
2026-04-18 05:12:29,497 - INFO - [The Guardian] Article: https://www.theguardian.com/world/2026/apr/18/ukraine-hungary-election-magyar-orban-europe
2026-04-18 05:12:29,497 - INFO - [The Guardian] Attempt 1/1: Trying with 'requests_browser' strategy...
2026-04-18 05:12:29,575 - INFO - [The Guardian] Success with 'requests_browser'. Found content (991 words).
2026-04-18 05:12:45,861 - INFO - DEDUPLICATION: Found match (Score: 0.88). Linking to Cluster ID: 513c3af9-9cf4-435d-bf51-ecde51e3747c
2026-04-18 05:12:48,132 - INFO - >>> SUCCESSFULLY SAVED [ID: 52129] - Parliament special sitting LIVE: Opposition hails Constitution Amendment Bill's defeat in Lok Sabha - The Hindu from The Hindu (181 words)
2026-04-18 05:12:49,268 - INFO - [The Hindu] Article: https://www.thehindu.com/news/national/naval-commanders-conference-concludes-home-secretary-stresses-coastal-security/article70874409.ece
2026-04-18 05:12:49,269 - INFO - [The Hindu] Attempt 1/1: Trying with 'selenium_browser' strategy...
2026-04-18 05:12:50,860 - INFO - [The Hindu] Page content loaded.
2026-04-18 05:12:50,940 - INFO - [The Hindu] Success with 'selenium_browser'. Found content (343 words).
2026-04-18 05:13:09,824 - INFO - >>> SUCCESSFULLY SAVED [ID: 52130] - Uae Traffic Rules: UAE enforces stricter traffic rules with fines reaching Dh50,000 and licence suspension penalties | World News - The Times of India from Times of India (509 words)
2026-04-18 05:13:10,380 - INFO - [Times of India] Article: https://timesofindia.indiatimes.com/world/rest-of-world/antarctica-has-no-cities-no-people-and-no-permanent-life-heres-why-humans-cant-stay-there-forever/articleshow/130346009.cms
2026-04-18 05:13:10,381 - INFO - [Times of India] Attempt 1/1: Trying with 'selenium_browser' strategy...
2026-04-18 05:13:13,427 - INFO - [Times of India] Page content loaded.
2026-04-18 05:13:13,611 - INFO - [Times of India] Success with 'selenium_browser'. Found content (575 words).
2026-04-18 05:13:31,567 - INFO - >>> SUCCESSFULLY SAVED [ID: 52131] - Akshaya Tritiya: Tapan Patel on why you shouldn't let the recent dip in gold scare you - The Economic Times from Economic Times (877 words)
2026-04-18 05:13:32,625 - INFO - [Economic Times] Article: https://economictimes.indiatimes.com/markets/stocks/news/au-small-finance-bank-icici-bank-top-picks-as-banking-sector-shows-resilience-siddhartha-khemka/articleshow/130346954.cms
2026-04-18 05:13:32,626 - INFO - [Economic Times] Attempt 1/2: Trying with 'requests_browser' strategy...
2026-04-18 05:13:32,943 - ERROR - parsed tree length: 1, wrong data type or not valid HTML
2026-04-18 05:13:32,944 - ERROR - empty HTML tree: None
2026-04-18 05:13:32,944 - WARNING - discarding data: None
2026-04-18 05:13:32,944 - WARNING - [Economic Times] FAILED with 'requests_browser' (content was too short: 0 words).
2026-04-18 05:13:33,789 - INFO - [Economic Times] Article: https://economictimes.indiatimes.com/markets/stocks/news/au-small-finance-bank-icici-bank-top-picks-as-banking-sector-shows-resilience-siddhartha-khemka/articleshow/130346954.cms
2026-04-18 05:13:33,789 - INFO - [Economic Times] Attempt 2/2: Trying with 'selenium_browser' strategy...
2026-04-18 05:13:49,715 - WARNING - [Economic Times] Page get timed out (7s). Proceeding to grab partial source anyway.
2026-04-18 05:13:49,726 - INFO - [Economic Times] Page content loaded.
2026-04-18 05:13:49,858 - INFO - [Economic Times] Success with 'selenium_browser'. Found content (877 words).
2026-04-18 05:13:56,266 - INFO - >>> SUCCESSFULLY SAVED [ID: 52132] - Trump says US blockade of Iranian ports will ‘remain’ if no deal reached - World - DAWN.COM from The Dawn (311 words)
2026-04-18 05:13:57,245 - INFO - [The Dawn] Early skip: URL https://www.dawn.com/news/1992816/hormuz-fully-open-but-us-keeps-iran-blockade-intact already exists.
2026-04-18 05:13:57,246 - INFO - [The Dawn] Early skip: URL https://www.dawn.com/news/1992761/pakistan-seeks-early-approval-of-next-imf-tranche already exists.
2026-04-18 05:13:57,251 - INFO - [The Dawn] Article: https://www.dawn.com/news/1992741/karachi-records-dramatic-increase-in-paediatric-hiv-cases
2026-04-18 05:13:57,252 - INFO - [The Dawn] Attempt 1/2: Trying with 'requests_browser' strategy...
2026-04-18 05:13:57,321 - ERROR - [The Dawn] Request failed for strategy 'requests_browser' on URL https://www.dawn.com/news/1992741/karachi-records-dramatic-increase-in-paediatric-hiv-cases: 403 Client Error: Forbidden for url: https://www.dawn.com/news/1992741/karachi-records-dramatic-increase-in-paediatric-hiv-cases
2026-04-18 05:13:58,298 - INFO - [The Dawn] Article: https://www.dawn.com/news/1992741/karachi-records-dramatic-increase-in-paediatric-hiv-cases
2026-04-18 05:13:58,298 - INFO - [The Dawn] Attempt 2/2: Trying with 'selenium_browser' strategy...
2026-04-18 05:14:05,942 - WARNING - [The Dawn] Page get timed out (7s). Proceeding to grab partial source anyway.
2026-04-18 05:14:05,961 - INFO - [The Dawn] Page content loaded.
2026-04-18 05:14:06,029 - INFO - [The Dawn] Success with 'selenium_browser'. Found content (311 words).
2026-04-18 05:14:16,355 - INFO - >>> SUCCESSFULLY SAVED [ID: 52133] - ‘A defeat for Putin’: Ukrainians hope Magyar’s victory will mark new era with Hungary | Ukraine | The Guardian from The Guardian (991 words)
2026-04-18 05:14:17,653 - INFO - [The Guardian] Early skip: URL https://www.theguardian.com/politics/2026/apr/17/half-britons-support-rejoining-eu-10-years-brexit-vote already exists.
2026-04-18 05:14:17,654 - INFO - [The Guardian] Early skip: URL https://www.theguardian.com/world/2026/apr/17/eu-officials-hungary-talks-peter-magyar-government already exists.
2026-04-18 05:14:17,656 - INFO - [The Guardian] Early skip: URL https://www.theguardian.com/technology/2026/apr/17/microsoft-us-tech-firms-lobbied-eu-secrecy-rules-datacentre-emissions already exists.
2026-04-18 05:14:17,657 - INFO - [The Guardian] Article: https://www.theguardian.com/news/2026/apr/18/six-great-reads-iran-social-media-memes-abandoned-department-store-cherry-blossoms
2026-04-18 05:14:17,657 - INFO - [The Guardian] Attempt 1/1: Trying with 'requests_browser' strategy...
2026-04-18 05:14:17,978 - INFO - [The Guardian] Success with 'requests_browser'. Found content (520 words).
2026-04-18 05:14:37,067 - INFO - >>> SUCCESSFULLY SAVED [ID: 52134] - Naval Commanders’ Conference concludes, Home Secretary stresses coastal security - The Hindu from The Hindu (343 words)
2026-04-18 05:14:38,029 - INFO - [The Hindu] Article: https://www.thehindu.com/news/national/maharashtra/heatwave-alert-in-maharashtra-till-april-20-akola-hottest-at-442c/article70873194.ece
2026-04-18 05:14:38,029 - INFO - [The Hindu] Attempt 1/1: Trying with 'selenium_browser' strategy...
2026-04-18 05:14:39,306 - INFO - [The Hindu] Page content loaded.
2026-04-18 05:14:39,456 - INFO - [The Hindu] Success with 'selenium_browser'. Found content (457 words).
2026-04-18 05:14:57,541 - INFO - >>> SUCCESSFULLY SAVED [ID: 52135] - Antarctica has no cities, no people, and no permanent life: Here’s why humans can’t stay there forever | World News - The Times of India from Times of India (575 words)
2026-04-18 05:14:58,452 - INFO - [Times of India] Early skip: URL https://timesofindia.indiatimes.com/sports/international-sports/wedding-paid-off-by-pokmon-cards-man-finds-ultra-rare-collection-in-attic-after-20-years-sells-for-huge-windfall/articleshow/130345498.cms already exists.
2026-04-18 05:14:58,454 - INFO - [Times of India] Early skip: URL https://timesofindia.indiatimes.com/world/us-streamers/perez-hilton-points-to-deeper-struggle-after-clavicular-shares-bloodied-face-following-overdose-livestream-incident/articleshow/130343053.cms already exists.
2026-04-18 05:14:58,455 - INFO - [Times of India] Early skip: URL https://timesofindia.indiatimes.com/world/us/florida-man-kills-dog-owner-while-trying-to-shoot-attacking-pet-animal-police-say/articleshow/130342956.cms already exists.
2026-04-18 05:14:58,456 - INFO - [Times of India] Early skip: URL https://timesofindia.indiatimes.com/world/us/coldplay-kiss-cam-scandal-executive-kristin-cabot-says-lead-singer-chris-martin-did-not-reach-out-to-her-nope-never-did/articleshow/130342919.cms already exists.
2026-04-18 05:14:58,457 - INFO - [Times of India] Early skip: URL https://timesofindia.indiatimes.com/sports/international-sports/its-messi-vs-ronaldo-all-over-again-icons-return-to-spanish-football-as-rival-club-owners-in-major-twist/articleshow/130342540.cms already exists.
2026-04-18 05:14:58,459 - INFO - [Times of India] Early skip: URL https://timesofindia.indiatimes.com/world/us-streamers/kick-streamer-clavicular-avoids-father-after-overdose-incident-as-miami-club-appearance-raises-serious-questions/articleshow/130342649.cms already exists.
2026-04-18 05:14:58,460 - INFO - [Times of India] Early skip: URL https://timesofindia.indiatimes.com/world/us-streamers/ice-spice-gets-slapped-by-fan-during-wild-mcdonalds-fight-in-los-angeles/articleshow/130342774.cms already exists.
2026-04-18 05:14:58,461 - INFO - [Times of India] Early skip: URL https://timesofindia.indiatimes.com/world/us/why-didnt-erika-kirk-attend-jd-vances-turning-point-usa-event-source-says-it-was-more-than-just-security-concerns/articleshow/130342441.cms already exists.
2026-04-18 05:14:58,462 - INFO - [Times of India] Early skip: URL https://timesofindia.indiatimes.com/world/uk/quote-of-the-day-by-queen-elizabeth-ii-its-worth-remembering-that-it-is-often-the-small-steps-not-the-giant-leaps-that-bring-about-the-most-lasting-change-/articleshow/130341382.cms already exists.
2026-04-18 05:14:58,463 - INFO - [Times of India] Early skip: URL https://timesofindia.indiatimes.com/world/uk/80-year-old-sikh-inspired-by-fauja-singh-to-run-london-marathon-for-first-time/articleshow/130341124.cms already exists.
2026-04-18 05:14:58,465 - INFO - [Times of India] Early skip: URL https://timesofindia.indiatimes.com/world/us-streamers/xqc-leaves-stream-abruptly-after-falling-sick-as-sidemen-charity-match-2026-plans-face-uncertainty/articleshow/130339483.cms already exists.
2026-04-18 05:14:58,466 - INFO - [Times of India] Early skip: URL https://timesofindia.indiatimes.com/world/uk/protests-erupt-after-epsom-church-assault-claim-police-find-no-proof/articleshow/130339954.cms already exists.
2026-04-18 05:14:58,467 - INFO - [Times of India] Early skip: URL https://timesofindia.indiatimes.com/world/us/chinese-researcher-on-j-1-visa-pleads-guilty-to-smuggling-e-coli-bacteria-into-us-disguised-as-womens-underwear/articleshow/130340088.cms already exists.
2026-04-18 05:14:58,469 - INFO - [Times of India] Early skip: URL https://timesofindia.indiatimes.com/world/us/no-money-is-changing-hands-trump-rejects-20-billion-iran-nuclear-dust-deal-claim/articleshow/130338291.cms already exists.
2026-04-18 05:14:58,470 - INFO - [Times of India] Early skip: URL https://timesofindia.indiatimes.com/world/us/row-over-anti-islam-us-influencer-granted-uk-visa-approval-calls-out-british-leaders-england-belongs-to-/articleshow/130337038.cms already exists.
2026-04-18 05:14:58,471 - INFO - [Times of India] Early skip: URL https://timesofindia.indiatimes.com/sports/international-sports/sunita-williams-to-run-130th-boston-marathon-returning-after-barefoot-teen-run-and-historic-space-marathon/articleshow/130336714.cms already exists.
2026-04-18 05:14:58,472 - INFO - [Times of India] Early skip: URL https://timesofindia.indiatimes.com/sports/international-sports/boston-marathon-2026-check-latest-expected-race-conditions-date-route-and-weather-forecast/articleshow/130335231.cms already exists.
2026-04-18 05:14:58,473 - INFO - [Times of India] Early skip: URL https://timesofindia.indiatimes.com/world/rest-of-world/indian-origin-politician-charishma-kaliyanda-in-australia-slams-liverpool-mayor-for-doxxing-her-address-completely-unacceptable/articleshow/130333421.cms already exists.
2026-04-18 05:14:58,474 - INFO - [Times of India] (Thread) Finished. Attempting to shut down its Selenium driver.
2026-04-18 05:14:58,659 - INFO - [Times of India] (Thread) driver.quit() successful.
2026-04-18 05:15:13,455 - INFO - DEDUPLICATION: Found match (Score: 1.00). Linking to Cluster ID: f32db382-1373-412e-90db-99fba0ec4393
2026-04-18 05:15:15,685 - INFO - >>> SUCCESSFULLY SAVED [ID: 52136] - Akshaya Tritiya: Tapan Patel on why you shouldn't let the recent dip in gold scare you - The Economic Times from Economic Times (877 words)
2026-04-18 05:15:16,848 - INFO - [Economic Times] Article: https://economictimes.indiatimes.com/markets/us-stocks/news/berkshire-ceo-abel-sold-stocks-managed-by-ex-portfolio-manager-combs-wsj-reports/articleshow/130346726.cms
2026-04-18 05:15:16,848 - INFO - [Economic Times] Attempt 1/2: Trying with 'requests_browser' strategy...
2026-04-18 05:15:17,155 - ERROR - parsed tree length: 1, wrong data type or not valid HTML
2026-04-18 05:15:17,155 - ERROR - empty HTML tree: None
2026-04-18 05:15:17,155 - WARNING - discarding data: None
2026-04-18 05:15:17,155 - WARNING - [Economic Times] FAILED with 'requests_browser' (content was too short: 0 words).
2026-04-18 05:15:17,782 - INFO - [Economic Times] Article: https://economictimes.indiatimes.com/markets/us-stocks/news/berkshire-ceo-abel-sold-stocks-managed-by-ex-portfolio-manager-combs-wsj-reports/articleshow/130346726.cms
2026-04-18 05:15:17,782 - INFO - [Economic Times] Attempt 2/2: Trying with 'selenium_browser' strategy...
2026-04-18 05:15:19,907 - INFO - [Economic Times] Page content loaded.
2026-04-18 05:15:20,177 - INFO - [Economic Times] Success with 'selenium_browser'. Found content (214 words).
2026-04-18 05:15:33,966 - INFO - DEDUPLICATION: Found match (Score: 1.00). Linking to Cluster ID: b85c2243-40de-4af0-ac0d-c84e3d2022ff
2026-04-18 05:15:36,174 - INFO - >>> SUCCESSFULLY SAVED [ID: 52137] - Trump says US blockade of Iranian ports will ‘remain’ if no deal reached - World - DAWN.COM from The Dawn (311 words)
2026-04-18 05:15:37,105 - INFO - [The Dawn] Early skip: URL https://www.dawn.com/news/1992815/diesel-price-cut-by-rs32-a-litre-petrol-unchanged already exists.
2026-04-18 05:15:37,107 - INFO - [The Dawn] Article: https://www.dawn.com/news/1992766/dollar-slips-below-rs279-after-3-years
2026-04-18 05:15:37,107 - INFO - [The Dawn] Attempt 1/2: Trying with 'requests_browser' strategy...
2026-04-18 05:15:37,172 - ERROR - [The Dawn] Request failed for strategy 'requests_browser' on URL https://www.dawn.com/news/1992766/dollar-slips-below-rs279-after-3-years: 403 Client Error: Forbidden for url: https://www.dawn.com/news/1992766/dollar-slips-below-rs279-after-3-years
2026-04-18 05:15:38,110 - INFO - [The Dawn] Article: https://www.dawn.com/news/1992766/dollar-slips-below-rs279-after-3-years
2026-04-18 05:15:38,110 - INFO - [The Dawn] Attempt 2/2: Trying with 'selenium_browser' strategy...
2026-04-18 05:15:39,846 - INFO - [The Dawn] Page content loaded.
2026-04-18 05:15:39,976 - INFO - [The Dawn] Success with 'selenium_browser'. Found content (267 words).
2026-04-18 05:15:56,894 - INFO - >>> SUCCESSFULLY SAVED [ID: 52138] - Six great reads: Iran’s social media memes, an abandoned department store and a 1,200-year-old record of cherry blossoms | Iran | The Guardian from The Guardian (520 words)
2026-04-18 05:15:58,221 - INFO - [The Guardian] Early skip: URL https://www.theguardian.com/world/2026/apr/17/strait-of-hormuz-now-open-to-commercial-vessels already exists.
2026-04-18 05:15:58,222 - INFO - [The Guardian] Early skip: URL https://www.theguardian.com/world/live/2026/apr/17/middle-east-crisis-live-news-israel-lebanon-ceasefire-iran-war-us-latest-updates already exists.
2026-04-18 05:15:58,224 - INFO - [The Guardian] Early skip: URL https://www.theguardian.com/world/2026/apr/17/donald-trump-iran-war-lebanon-ceasefire already exists.
2026-04-18 05:15:58,225 - INFO - [The Guardian] Early skip: URL https://www.theguardian.com/world/live/2026/apr/16/middle-east-crisis-live-iran-war-news-us-trump-ceasefire-deal-lebanon-israel-oil-sanctions-latest-updates already exists.
2026-04-18 05:15:58,226 - INFO - [The Guardian] Early skip: URL https://www.theguardian.com/world/2026/apr/17/india-narendra-modi-women-representation-delimitationl already exists.
2026-04-18 05:15:58,227 - INFO - [The Guardian] Early skip: URL https://www.theguardian.com/music/2026/apr/12/indian-singer-asha-bhosle-dies-aged-92 already exists.
2026-04-18 05:15:58,229 - INFO - [The Guardian] Early skip: URL https://www.theguardian.com/world/2026/apr/10/islamabad-pakistan-negotiations-iran-us already exists.
2026-04-18 05:15:58,230 - INFO - [The Guardian] Early skip: URL https://www.theguardian.com/world/2026/apr/09/israel-bombing-lebanon-us-iran-ceasefire-condemnation already exists.
2026-04-18 05:15:58,232 - INFO - [The Guardian] Early skip: URL https://www.theguardian.com/world/2026/apr/08/pakistan-us-israel-iran-ceasefire already exists.
2026-04-18 05:15:58,233 - INFO - [The Guardian] Early skip: URL https://www.theguardian.com/uk-news/2026/apr/17/police-say-no-evidence-of-offence-found-in-epsom-incident already exists.
2026-04-18 05:15:58,234 - INFO - [The Guardian] Early skip: URL https://www.theguardian.com/business/2026/apr/17/rachel-reeves-to-raise-windfall-tax-on-low-carbon-electricity-generators already exists.
2026-04-18 05:15:58,235 - INFO - [The Guardian] Early skip: URL https://www.theguardian.com/politics/2026/apr/17/keir-starmer-kept-in-dark-peter-mandelson-vetting-two-top-civil-servants already exists.
2026-04-18 05:15:58,237 - INFO - [The Guardian] Early skip: URL https://www.theguardian.com/news/audio/2026/apr/17/is-mandelson-vetting-scandal-the-final-straw-for-starmer-the-latest already exists.
2026-04-18 05:15:58,238 - INFO - [The Guardian] Early skip: URL https://www.theguardian.com/football/2026/apr/17/government-grant-wrexham-afc-ryan-reynolds-rob-mac already exists.
2026-04-18 05:15:58,240 - INFO - [The Guardian] Article: https://www.theguardian.com/news/ng-interactive/2026/apr/18/donald-trump-popularity-iran-christianity-economy
2026-04-18 05:15:58,240 - INFO - [The Guardian] Attempt 1/1: Trying with 'requests_browser' strategy...
2026-04-18 05:15:58,393 - INFO - [The Guardian] Success with 'requests_browser'. Found content (1769 words).
2026-04-18 05:16:15,446 - INFO - >>> SUCCESSFULLY SAVED [ID: 52139] - Heatwave alert in Maharashtra till April 20; Akola hottest at 44.2°C - The Hindu from The Hindu (457 words)
2026-04-18 05:16:16,865 - INFO - [The Hindu] Article: https://www.thehindu.com/news/national/karnataka/bmrcls-electrical-and-mechanical-staff-submit-representation-over-operational-and-administrative-concerns/article70874086.ece
2026-04-18 05:16:16,865 - INFO - [The Hindu] Attempt 1/1: Trying with 'selenium_browser' strategy...
2026-04-18 05:16:18,192 - INFO - [The Hindu] Page content loaded.
2026-04-18 05:16:20,452 - INFO - [The Hindu] Success with 'selenium_browser'. Found content (432 words).
2026-04-18 05:16:36,907 - INFO - >>> SUCCESSFULLY SAVED [ID: 52140] - Berkshire CEO Abel sold stocks managed by ex-portfolio manager Combs, WSJ reports - The Economic Times from Economic Times (214 words)
2026-04-18 05:16:38,009 - INFO - [Economic Times] Article: https://economictimes.indiatimes.com/markets/us-stocks/news/5-world-market-themes-for-the-week-ahead/articleshow/130346710.cms
2026-04-18 05:16:38,009 - INFO - [Economic Times] Attempt 1/2: Trying with 'requests_browser' strategy...
2026-04-18 05:16:38,299 - ERROR - parsed tree length: 1, wrong data type or not valid HTML
2026-04-18 05:16:38,299 - ERROR - empty HTML tree: None
2026-04-18 05:16:38,299 - WARNING - discarding data: None
2026-04-18 05:16:38,299 - WARNING - [Economic Times] FAILED with 'requests_browser' (content was too short: 0 words).
2026-04-18 05:16:39,154 - INFO - [Economic Times] Article: https://economictimes.indiatimes.com/markets/us-stocks/news/5-world-market-themes-for-the-week-ahead/articleshow/130346710.cms
2026-04-18 05:16:39,154 - INFO - [Economic Times] Attempt 2/2: Trying with 'selenium_browser' strategy...
2026-04-18 05:16:40,458 - INFO - [Economic Times] Page content loaded.
2026-04-18 05:16:40,776 - INFO - [Economic Times] Success with 'selenium_browser'. Found content (850 words).
2026-04-18 05:16:57,530 - INFO - >>> SUCCESSFULLY SAVED [ID: 52141] - Dollar slips below Rs279 after 3 years - Business - DAWN.COM from The Dawn (267 words)
2026-04-18 05:16:58,136 - INFO - [The Dawn] Article: https://www.dawn.com/news/1992758/pakistan-escorted-iran-negotiators-home-amid-israel-concerns
2026-04-18 05:16:58,136 - INFO - [The Dawn] Attempt 1/2: Trying with 'requests_browser' strategy...
2026-04-18 05:16:58,260 - ERROR - [The Dawn] Request failed for strategy 'requests_browser' on URL https://www.dawn.com/news/1992758/pakistan-escorted-iran-negotiators-home-amid-israel-concerns: 403 Client Error: Forbidden for url: https://www.dawn.com/news/1992758/pakistan-escorted-iran-negotiators-home-amid-israel-concerns
2026-04-18 05:16:59,122 - INFO - [The Dawn] Article: https://www.dawn.com/news/1992758/pakistan-escorted-iran-negotiators-home-amid-israel-concerns
2026-04-18 05:16:59,122 - INFO - [The Dawn] Attempt 2/2: Trying with 'selenium_browser' strategy...
2026-04-18 05:17:07,008 - INFO - [The Dawn] Page content loaded.
2026-04-18 05:17:07,285 - INFO - [The Dawn] Success with 'selenium_browser'. Found content (681 words).
2026-04-18 05:17:20,327 - INFO - >>> SUCCESSFULLY SAVED [ID: 52142] - Two weeks that pushed Trump to the edge. Is his presidency unravelling? | Donald Trump | The Guardian from The Guardian (1769 words)
2026-04-18 05:17:21,641 - INFO - [The Guardian] Early skip: URL https://www.theguardian.com/us-news/2026/apr/17/us-midwestern-states-severe-thunderstorms-warning already exists.
2026-04-18 05:17:21,643 - INFO - [The Guardian] Early skip: URL https://www.theguardian.com/us-news/live/2026/apr/17/house-congress-republicans-trump-administration-us-politics-news-live already exists.
2026-04-18 05:17:21,644 - INFO - [The Guardian] Early skip: URL https://www.theguardian.com/us-news/2026/apr/17/kansas-man-death-charles-adair already exists.
2026-04-18 05:17:21,646 - INFO - [The Guardian] Early skip: URL https://www.theguardian.com/us-news/2026/apr/17/nfl-reporter-rescues-man-dianna-russini already exists.
2026-04-18 05:17:39,936 - INFO - >>> SUCCESSFULLY SAVED [ID: 52143] - BMRCL managers spend more time in meetings than running Namma Metro in Bengaluru: E&M staff - The Hindu from The Hindu (432 words)
2026-04-18 05:17:40,510 - INFO - [The Hindu] Article: https://www.thehindu.com/news/national/karnataka/h5n1-virus-detected-in-hesaraghatta-poultry-centre-bengaluru-no-need-for-panic-says-dinesh-gundu-rao/article70873682.ece
2026-04-18 05:17:40,510 - INFO - [The Hindu] Attempt 1/1: Trying with 'selenium_browser' strategy...
2026-04-18 05:17:41,286 - INFO - [The Hindu] Page content loaded.
2026-04-18 05:17:41,348 - WARNING - [The Hindu] FAILED with 'selenium_browser' (content was too short: 79 words).
2026-04-18 05:17:41,349 - ERROR - [The Hindu] All scrape strategies failed for https://www.thehindu.com/news/national/karnataka/h5n1-virus-detected-in-hesaraghatta-poultry-centre-bengaluru-no-need-for-panic-says-dinesh-gundu-rao/article70873682.ece. Falling back to RSS description.
2026-04-18 05:17:41,349 - WARNING - SKIPPED (GLOBAL WORD LIMIT): Article 'H5N1 virus detected in Hesaraghatta poultry centre near Bengaluru; no need for panic, says Dinesh Gundu Rao' from The Hindu has only 34 words (Min: 90).
2026-04-18 05:17:42,175 - INFO - [The Hindu] Early skip: URL https://www.thehindu.com/news/national/karnataka/nimhans-meet-proposes-national-framework-for-digital-mental-health-tools/article70874336.ece already exists.
2026-04-18 05:17:42,179 - INFO - [The Hindu] Article: https://www.thehindu.com/news/national/telangana/paigah-palace-in-begumpet-gets-a-new-lease-of-life/article70873645.ece
2026-04-18 05:17:42,180 - INFO - [The Hindu] Attempt 1/1: Trying with 'selenium_browser' strategy...
2026-04-18 05:17:43,740 - INFO - [The Hindu] Page content loaded.
2026-04-18 05:17:49,121 - INFO - [The Hindu] Success with 'selenium_browser'. Found content (141 words).
2026-04-18 05:18:02,753 - INFO - >>> SUCCESSFULLY SAVED [ID: 52144] - 5 world market themes for the week ahead - The Economic Times from Economic Times (850 words)
2026-04-18 05:18:04,022 - INFO - [Economic Times] Article: https://economictimes.indiatimes.com/markets/us-stocks/news/wall-street-week-ahead-surging-record-high-us-stocks-to-wade-deeper-into-earnings-season/articleshow/130346693.cms
2026-04-18 05:18:04,022 - INFO - [Economic Times] Attempt 1/2: Trying with 'requests_browser' strategy...
2026-04-18 05:18:04,346 - ERROR - parsed tree length: 1, wrong data type or not valid HTML
2026-04-18 05:18:04,346 - ERROR - empty HTML tree: None
2026-04-18 05:18:04,346 - WARNING - discarding data: None
2026-04-18 05:18:04,346 - WARNING - [Economic Times] FAILED with 'requests_browser' (content was too short: 0 words).
2026-04-18 05:18:04,870 - INFO - [Economic Times] Article: https://economictimes.indiatimes.com/markets/us-stocks/news/wall-street-week-ahead-surging-record-high-us-stocks-to-wade-deeper-into-earnings-season/articleshow/130346693.cms
2026-04-18 05:18:04,870 - INFO - [Economic Times] Attempt 2/2: Trying with 'selenium_browser' strategy...
2026-04-18 05:18:06,495 - INFO - [Economic Times] Page content loaded.
2026-04-18 05:18:06,990 - INFO - [Economic Times] Success with 'selenium_browser'. Found content (807 words).
2026-04-18 05:18:21,477 - INFO - DEDUPLICATION: Found match (Score: 0.97). Linking to Cluster ID: 475edaf9-8edf-46bc-93da-d99b7b798d07
2026-04-18 05:18:23,739 - INFO - >>> SUCCESSFULLY SAVED [ID: 52145] - Pakistan escorted Iran negotiators home amid Israel concerns - World - DAWN.COM from The Dawn (681 words)
2026-04-18 05:18:24,250 - INFO - [The Dawn] Article: https://www.dawn.com/news/1992806/iom-says-13000-crossed-into-pakistan-from-iran-during-war
2026-04-18 05:18:24,250 - INFO - [The Dawn] Attempt 1/2: Trying with 'requests_browser' strategy...
2026-04-18 05:18:24,315 - ERROR - [The Dawn] Request failed for strategy 'requests_browser' on URL https://www.dawn.com/news/1992806/iom-says-13000-crossed-into-pakistan-from-iran-during-war: 403 Client Error: Forbidden for url: https://www.dawn.com/news/1992806/iom-says-13000-crossed-into-pakistan-from-iran-during-war
2026-04-18 05:18:24,941 - INFO - [The Dawn] Article: https://www.dawn.com/news/1992806/iom-says-13000-crossed-into-pakistan-from-iran-during-war
2026-04-18 05:18:24,941 - INFO - [The Dawn] Attempt 2/2: Trying with 'selenium_browser' strategy...
2026-04-18 05:18:31,818 - INFO - [The Dawn] Page content loaded.
2026-04-18 05:18:32,046 - INFO - [The Dawn] Success with 'selenium_browser'. Found content (678 words).
2026-04-18 05:18:33,504 - CRITICAL - --- TIMEOUT: 3 scrape jobs did not complete in 300s. ---
2026-04-18 05:18:33,504 - ERROR - A thread has timed out and will be abandoned.
2026-04-18 05:18:33,504 - ERROR - A thread has timed out and will be abandoned.
2026-04-18 05:18:33,504 - ERROR - A thread has timed out and will be abandoned.
2026-04-18 05:18:33,504 - INFO - Shutting down thread pool (wait=False)...
2026-04-18 05:18:33,504 - INFO - Scraped: 2 Times of India, 0 TechCrunch, 0 BBC, 4 The Guardian, 0 Al Jazeera, 3 Timed_Out_Jobs articles. (Total saved: 6)
2026-04-18 05:18:33,505 - INFO - --- Scraping job finished ---
2026-04-18 05:18:33,505 - INFO - --- Scraper service stopped. ---
2026-04-18 05:18:33,505 - INFO - --- Main thread finished. Forcing process exit to kill zombie threads. ---
