2026-05-22 05:47:03,677 - INFO - Loading AI Semantic Model (all-MiniLM-L6-v2)...
2026-05-22 05:47:03,678 - INFO - No device provided, using cpu
2026-05-22 05:47:03,741 - INFO - HTTP Request: HEAD https://huggingface.co/sentence-transformers/all-MiniLM-L6-v2/resolve/main/modules.json "HTTP/1.1 307 Temporary Redirect"
2026-05-22 05:47:03,742 - WARNING - Warning: You are sending unauthenticated requests to the HF Hub. Please set a HF_TOKEN to enable higher rate limits and faster downloads.
2026-05-22 05:47:03,747 - INFO - HTTP Request: HEAD https://huggingface.co/api/resolve-cache/models/sentence-transformers/all-MiniLM-L6-v2/c9745ed1d9f207416be6d2e6f8de32d1f16199bf/modules.json "HTTP/1.1 200 OK"
2026-05-22 05:47:03,762 - INFO - HTTP Request: HEAD https://huggingface.co/sentence-transformers/all-MiniLM-L6-v2/resolve/main/config_sentence_transformers.json "HTTP/1.1 307 Temporary Redirect"
2026-05-22 05:47:03,768 - INFO - HTTP Request: HEAD https://huggingface.co/api/resolve-cache/models/sentence-transformers/all-MiniLM-L6-v2/c9745ed1d9f207416be6d2e6f8de32d1f16199bf/config_sentence_transformers.json "HTTP/1.1 200 OK"
2026-05-22 05:47:03,769 - INFO - Loading SentenceTransformer model from sentence-transformers/all-MiniLM-L6-v2.
2026-05-22 05:47:03,784 - INFO - HTTP Request: HEAD https://huggingface.co/sentence-transformers/all-MiniLM-L6-v2/resolve/main/config_sentence_transformers.json "HTTP/1.1 307 Temporary Redirect"
2026-05-22 05:47:03,790 - INFO - HTTP Request: HEAD https://huggingface.co/api/resolve-cache/models/sentence-transformers/all-MiniLM-L6-v2/c9745ed1d9f207416be6d2e6f8de32d1f16199bf/config_sentence_transformers.json "HTTP/1.1 200 OK"
2026-05-22 05:47:03,805 - INFO - HTTP Request: HEAD https://huggingface.co/sentence-transformers/all-MiniLM-L6-v2/resolve/main/README.md "HTTP/1.1 307 Temporary Redirect"
2026-05-22 05:47:03,810 - INFO - HTTP Request: HEAD https://huggingface.co/api/resolve-cache/models/sentence-transformers/all-MiniLM-L6-v2/c9745ed1d9f207416be6d2e6f8de32d1f16199bf/README.md "HTTP/1.1 200 OK"
2026-05-22 05:47:03,825 - INFO - HTTP Request: HEAD https://huggingface.co/sentence-transformers/all-MiniLM-L6-v2/resolve/main/modules.json "HTTP/1.1 307 Temporary Redirect"
2026-05-22 05:47:03,830 - INFO - HTTP Request: HEAD https://huggingface.co/api/resolve-cache/models/sentence-transformers/all-MiniLM-L6-v2/c9745ed1d9f207416be6d2e6f8de32d1f16199bf/modules.json "HTTP/1.1 200 OK"
2026-05-22 05:47:03,845 - INFO - HTTP Request: HEAD https://huggingface.co/sentence-transformers/all-MiniLM-L6-v2/resolve/main/sentence_bert_config.json "HTTP/1.1 307 Temporary Redirect"
2026-05-22 05:47:03,850 - INFO - HTTP Request: HEAD https://huggingface.co/api/resolve-cache/models/sentence-transformers/all-MiniLM-L6-v2/c9745ed1d9f207416be6d2e6f8de32d1f16199bf/sentence_bert_config.json "HTTP/1.1 200 OK"
2026-05-22 05:47:03,865 - INFO - HTTP Request: HEAD https://huggingface.co/sentence-transformers/all-MiniLM-L6-v2/resolve/main/adapter_config.json "HTTP/1.1 404 Not Found"
2026-05-22 05:47:03,882 - INFO - HTTP Request: HEAD https://huggingface.co/sentence-transformers/all-MiniLM-L6-v2/resolve/main/config.json "HTTP/1.1 307 Temporary Redirect"
2026-05-22 05:47:03,887 - INFO - HTTP Request: HEAD https://huggingface.co/api/resolve-cache/models/sentence-transformers/all-MiniLM-L6-v2/c9745ed1d9f207416be6d2e6f8de32d1f16199bf/config.json "HTTP/1.1 200 OK"
2026-05-22 05:47:04,023 - INFO - HTTP Request: HEAD https://huggingface.co/sentence-transformers/all-MiniLM-L6-v2/resolve/main/processor_config.json "HTTP/1.1 404 Not Found"
2026-05-22 05:47:04,041 - INFO - HTTP Request: HEAD https://huggingface.co/sentence-transformers/all-MiniLM-L6-v2/resolve/main/preprocessor_config.json "HTTP/1.1 404 Not Found"
2026-05-22 05:47:04,062 - INFO - HTTP Request: HEAD https://huggingface.co/sentence-transformers/all-MiniLM-L6-v2/resolve/main/video_preprocessor_config.json "HTTP/1.1 404 Not Found"
2026-05-22 05:47:04,077 - INFO - HTTP Request: HEAD https://huggingface.co/sentence-transformers/all-MiniLM-L6-v2/resolve/main/preprocessor_config.json "HTTP/1.1 404 Not Found"
2026-05-22 05:47:04,096 - INFO - HTTP Request: HEAD https://huggingface.co/sentence-transformers/all-MiniLM-L6-v2/resolve/main/tokenizer_config.json "HTTP/1.1 307 Temporary Redirect"
2026-05-22 05:47:04,101 - INFO - HTTP Request: HEAD https://huggingface.co/api/resolve-cache/models/sentence-transformers/all-MiniLM-L6-v2/c9745ed1d9f207416be6d2e6f8de32d1f16199bf/tokenizer_config.json "HTTP/1.1 200 OK"
2026-05-22 05:47:04,120 - INFO - HTTP Request: HEAD https://huggingface.co/sentence-transformers/all-MiniLM-L6-v2/resolve/main/config.json "HTTP/1.1 307 Temporary Redirect"
2026-05-22 05:47:04,125 - INFO - HTTP Request: HEAD https://huggingface.co/api/resolve-cache/models/sentence-transformers/all-MiniLM-L6-v2/c9745ed1d9f207416be6d2e6f8de32d1f16199bf/config.json "HTTP/1.1 200 OK"
2026-05-22 05:47:04,142 - INFO - HTTP Request: HEAD https://huggingface.co/sentence-transformers/all-MiniLM-L6-v2/resolve/main/config.json "HTTP/1.1 307 Temporary Redirect"
2026-05-22 05:47:04,149 - INFO - HTTP Request: HEAD https://huggingface.co/api/resolve-cache/models/sentence-transformers/all-MiniLM-L6-v2/c9745ed1d9f207416be6d2e6f8de32d1f16199bf/config.json "HTTP/1.1 200 OK"
2026-05-22 05:47:04,166 - INFO - HTTP Request: HEAD https://huggingface.co/sentence-transformers/all-MiniLM-L6-v2/resolve/main/tokenizer_config.json "HTTP/1.1 307 Temporary Redirect"
2026-05-22 05:47:04,172 - INFO - HTTP Request: HEAD https://huggingface.co/api/resolve-cache/models/sentence-transformers/all-MiniLM-L6-v2/c9745ed1d9f207416be6d2e6f8de32d1f16199bf/tokenizer_config.json "HTTP/1.1 200 OK"
2026-05-22 05:47:04,190 - INFO - HTTP Request: GET https://huggingface.co/api/models/sentence-transformers/all-MiniLM-L6-v2/tree/main/additional_chat_templates?recursive=false&expand=false "HTTP/1.1 404 Not Found"
2026-05-22 05:47:04,214 - INFO - HTTP Request: GET https://huggingface.co/api/models/sentence-transformers/all-MiniLM-L6-v2/tree/main?recursive=true&expand=false "HTTP/1.1 200 OK"
2026-05-22 05:47:04,265 - INFO - HTTP Request: HEAD https://huggingface.co/sentence-transformers/all-MiniLM-L6-v2/resolve/main/1_Pooling/config.json "HTTP/1.1 307 Temporary Redirect"
2026-05-22 05:47:04,270 - INFO - HTTP Request: HEAD https://huggingface.co/api/resolve-cache/models/sentence-transformers/all-MiniLM-L6-v2/c9745ed1d9f207416be6d2e6f8de32d1f16199bf/1_Pooling%2Fconfig.json "HTTP/1.1 200 OK"
2026-05-22 05:47:04,290 - INFO - HTTP Request: GET https://huggingface.co/api/models/sentence-transformers/all-MiniLM-L6-v2 "HTTP/1.1 200 OK"
2026-05-22 05:47:04,293 - INFO - AI Model loaded successfully.
2026-05-22 05:47:04,293 - INFO - --- Scraper service started (CI Mode: Run Once) ---
2026-05-22 05:47:04,293 - INFO - --- Starting new scraping job (Parallel Mode) ---
2026-05-22 05:47:04,293 - INFO - Connecting to Google Sheets...
2026-05-22 05:47:08,085 - INFO - Connected to Sheet: News Scrapper AI / Sheet1
2026-05-22 05:47:08,085 - INFO - Fetching existing data to build cache...
2026-05-22 05:47:24,729 - INFO - Loaded 60721 rows from sheet.
2026-05-22 05:47:25,852 - INFO - Cache built: 60721 URLs. Current MAX_ID: 60823
2026-05-22 05:47:25,859 - INFO - Creating new robust session with 3 retries on 5xx/connection/read errors.
2026-05-22 05:47:25,859 - INFO - Proxy is DISABLED.
2026-05-22 05:47:25,859 - INFO - Starting scrape for BBC RSS feed: http://feeds.bbci.co.uk/news/world/rss.xml
2026-05-22 05:47:25,860 - INFO - [Times of India] (Thread) requires Selenium. Initializing driver...
2026-05-22 05:47:25,861 - INFO - Starting scrape for The Guardian RSS feed: https://www.theguardian.com/world/rss
2026-05-22 05:47:25,862 - INFO - [The Hindu] (Thread) requires Selenium. Initializing driver...
2026-05-22 05:47:25,862 - INFO - [The Dawn] (Thread) requires Selenium. Initializing driver...
2026-05-22 05:47:25,863 - INFO - [Al Jazeera] (Thread) requires Selenium. Initializing driver...
2026-05-22 05:47:25,863 - INFO - Starting scrape for TechCrunch RSS feed: https://techcrunch.com/feed/
2026-05-22 05:47:25,864 - INFO - [Economic Times] (Thread) requires Selenium. Initializing driver...
2026-05-22 05:47:25,865 - INFO - Submitted 8 jobs to thread pool. Waiting up to 420s for completion...
2026-05-22 05:47:26,032 - INFO - Found 0 articles in TechCrunch RSS feed. Processing until 30 new articles are saved.
2026-05-22 05:47:26,120 - INFO - Found 45 articles in The Guardian RSS feed. Processing until 30 new articles are saved.
2026-05-22 05:47:26,120 - INFO - [The Guardian] Early skip: URL https://www.theguardian.com/global-development/2026/may/21/ebola-us-ban-travellers-drc-uganda-south-sudan already exists.
2026-05-22 05:47:26,122 - INFO - [The Guardian] Early skip: URL https://www.theguardian.com/news/2026/may/21/macron-pressure-reparatory-justice-france-slave-trade-legacies-enslavement already exists.
2026-05-22 05:47:26,123 - INFO - [The Guardian] Early skip: URL https://www.theguardian.com/world/2026/may/21/ebola-outbreak-public-health already exists.
2026-05-22 05:47:26,124 - INFO - [The Guardian] Early skip: URL https://www.theguardian.com/world/2026/may/20/ebola-outbreak-us-doctor-germany already exists.
2026-05-22 05:47:26,126 - INFO - [The Guardian] Early skip: URL https://www.theguardian.com/us-news/2026/may/19/marco-rubio-who-ebola already exists.
2026-05-22 05:47:26,127 - INFO - [The Guardian] Early skip: URL https://www.theguardian.com/world/2026/may/21/cuba-us-attack-raul-castro-indictment already exists.
2026-05-22 05:47:26,128 - INFO - [The Guardian] Early skip: URL https://www.theguardian.com/news/2026/may/21/jamaica-parliament-language-english-patois already exists.
2026-05-22 05:47:26,130 - INFO - [The Guardian] Early skip: URL https://www.theguardian.com/world/2026/may/21/colombia-climate-crossroads-trumpism-casts-shadow-presidential-election already exists.
2026-05-22 05:47:26,136 - INFO - [The Guardian] Early skip: URL https://www.theguardian.com/world/2026/may/20/cuba-raul-castro-indictment already exists.
2026-05-22 05:47:26,137 - INFO - [The Guardian] Early skip: URL https://www.theguardian.com/world/2026/may/20/bolivia-protests-coup-paz-pereira already exists.
2026-05-22 05:47:26,139 - INFO - [The Guardian] Early skip: URL https://www.theguardian.com/world/2026/may/21/png-dead-fish-dying-new-ireland-province-fishing-warning-papua-new-guinea already exists.
2026-05-22 05:47:26,140 - INFO - [The Guardian] Article: https://www.theguardian.com/news/audio/2026/may/20/are-xi-and-putin-still-best-friends-the-latest
2026-05-22 05:47:26,141 - INFO - [The Guardian] Attempt 1/1: Trying with 'requests_browser' strategy...
2026-05-22 05:47:26,289 - WARNING - [The Guardian] FAILED with 'requests_browser' (content was too short: 75 words).
2026-05-22 05:47:26,289 - ERROR - [The Guardian] All scrape strategies failed for https://www.theguardian.com/news/audio/2026/may/20/are-xi-and-putin-still-best-friends-the-latest. Falling back to RSS description.
2026-05-22 05:47:26,290 - WARNING - SKIPPED (GLOBAL WORD LIMIT): Article 'Are Xi and Putin still ‘best friends’? – The Latest' from The Guardian has only 62 words (Min: 90).
2026-05-22 05:47:26,351 - INFO - Found 33 articles in BBC RSS feed. Processing until 30 new articles are saved.
2026-05-22 05:47:26,351 - INFO - [BBC] Early skip: URL https://www.bbc.com/news/articles/ckgpzwkn5jko?at_medium=RSS&at_campaign=rss already exists.
2026-05-22 05:47:26,352 - INFO - [BBC] Article: https://www.bbc.com/news/articles/ckgplwg3xk3o?at_medium=RSS&at_campaign=rss
2026-05-22 05:47:26,352 - INFO - [BBC] Attempt 1/1: Trying with 'requests_browser' strategy...
2026-05-22 05:47:26,671 - INFO - [BBC] Success with 'requests_browser'. Found content (1080 words).
2026-05-22 05:47:27,238 - INFO - [The Guardian] Early skip: URL https://www.theguardian.com/australia-news/2026/may/21/indefensible-alleged-child-abuse-survivor-takes-on-albanese-government-over-25bn-nauru-deal already exists.
2026-05-22 05:47:27,240 - INFO - [The Guardian] Early skip: URL https://www.theguardian.com/world/2026/may/20/how-xi-jinping-china-welcomed-donald-trump-vladimir-putin already exists.
2026-05-22 05:47:27,241 - INFO - [The Guardian] Early skip: URL https://www.theguardian.com/world/2026/may/20/wellington-sewage-spill-moa-point-update-six-month-wait already exists.
2026-05-22 05:47:27,242 - INFO - [The Guardian] Early skip: URL https://www.theguardian.com/australia-news/live/2026/may/22/australia-news-live-flotilla-sumud-israel-al-roj-camp-isis-budget-capital-gains-negative-gearing-jim-chalmers-anthony-albanese-angus-taylor-ntwnfb already exists.
2026-05-22 05:47:27,244 - INFO - [The Guardian] Article: https://www.theguardian.com/australia-news/2026/may/22/guzman-y-gomez-exits-us-after-succumbing-to-graveyard-for-australian-fast-food-chains
2026-05-22 05:47:27,245 - INFO - [The Guardian] Attempt 1/1: Trying with 'requests_browser' strategy...
2026-05-22 05:47:27,316 - INFO - [The Guardian] Success with 'requests_browser'. Found content (471 words).
2026-05-22 05:47:29,226 - INFO - Selenium driver initialized successfully (Eager load strategy, 7s timeout).
2026-05-22 05:47:29,226 - INFO - Starting scrape for The Dawn RSS feed: https://www.dawn.com/feeds/home
2026-05-22 05:47:29,243 - INFO - Selenium driver initialized successfully (Eager load strategy, 7s timeout).
2026-05-22 05:47:29,243 - INFO - Starting scrape for Economic Times RSS feed: https://economictimes.indiatimes.com/rssfeedsdefault.cms
2026-05-22 05:47:29,261 - INFO - Selenium driver initialized successfully (Eager load strategy, 7s timeout).
2026-05-22 05:47:29,262 - INFO - Starting scrape for The Hindu RSS feed: https://www.thehindu.com/news/national/feeder/default.rss
2026-05-22 05:47:29,274 - INFO - Selenium driver initialized successfully (Eager load strategy, 7s timeout).
2026-05-22 05:47:29,274 - INFO - Starting scrape for Times of India RSS feed: https://timesofindia.indiatimes.com/rssfeeds/296589292.cms
2026-05-22 05:47:29,313 - INFO - Selenium driver initialized successfully (Eager load strategy, 7s timeout).
2026-05-22 05:47:29,313 - INFO - Starting scrape for Al Jazeera RSS feed: https://www.aljazeera.com/xml/rss/all.xml
2026-05-22 05:47:29,393 - INFO - Found 20 articles in Times of India RSS feed. Processing until 30 new articles are saved.
2026-05-22 05:47:29,394 - INFO - [Times of India] Article: https://timesofindia.indiatimes.com/world/rest-of-world/most-advanced-countries-in-the-world-ranked-from-south-koreas-high-digital-adoption-to-denmarks-pharmaceutical-innovation/articleshow/131256329.cms
2026-05-22 05:47:29,394 - INFO - [Times of India] Attempt 1/1: Trying with 'selenium_browser' strategy...
2026-05-22 05:47:29,420 - INFO - Found 29 articles in The Dawn RSS feed. Processing until 30 new articles are saved.
2026-05-22 05:47:29,423 - INFO - [The Dawn] Article: https://www.dawn.com/news/2002124/uae-deportations-issue-referred-to-senate-panel
2026-05-22 05:47:29,424 - INFO - [The Dawn] Attempt 1/2: Trying with 'requests_browser' strategy...
2026-05-22 05:47:29,574 - INFO - Found 60 articles in The Hindu RSS feed. Processing until 30 new articles are saved.
2026-05-22 05:47:29,575 - INFO - [The Hindu] Article: https://www.thehindu.com/news/national/uttar-pradesh/focus-on-infrastructure-agricultural-productivity-developing-clusters-for-export-up-state-transformation-commission-ceo/article71007339.ece
2026-05-22 05:47:29,575 - INFO - [The Hindu] Attempt 1/1: Trying with 'selenium_browser' strategy...
2026-05-22 05:47:29,580 - INFO - [The Dawn] Success with 'requests_browser'. Found content (436 words).
2026-05-22 05:47:29,613 - INFO - Found 25 articles in Al Jazeera RSS feed. Processing until 30 new articles are saved.
2026-05-22 05:47:29,621 - INFO - [Al Jazeera] Article: https://www.aljazeera.com/video/newsfeed/2026/5/22/thousands-attend-funeral-prayers-for-san-diego-mosque-attack-victims?traffic_source=rss
2026-05-22 05:47:29,621 - INFO - [Al Jazeera] Attempt 1/2: Trying with 'requests_browser' strategy...
2026-05-22 05:47:29,718 - INFO - Found 76 articles in Economic Times RSS feed. Processing until 30 new articles are saved.
2026-05-22 05:47:29,719 - INFO - [Economic Times] Article: https://economictimes.indiatimes.com/markets/stocks/news/central-bank-of-india-ofs-govt-to-sell-up-to-8-stake-in-lender-check-key-details/articleshow/131255754.cms
2026-05-22 05:47:29,719 - INFO - [Economic Times] Attempt 1/2: Trying with 'requests_browser' strategy...
2026-05-22 05:47:29,723 - WARNING - [Al Jazeera] FAILED with 'requests_browser' (content was too short: 61 words).
2026-05-22 05:47:30,076 - ERROR - parsed tree length: 1, wrong data type or not valid HTML
2026-05-22 05:47:30,079 - ERROR - empty HTML tree: None
2026-05-22 05:47:30,079 - WARNING - discarding data: None
2026-05-22 05:47:30,079 - WARNING - [Economic Times] FAILED with 'requests_browser' (content was too short: 0 words).
2026-05-22 05:47:30,181 - INFO - [Times of India] Page content loaded.
2026-05-22 05:47:30,449 - INFO - [Al Jazeera] Article: https://www.aljazeera.com/video/newsfeed/2026/5/22/thousands-attend-funeral-prayers-for-san-diego-mosque-attack-victims?traffic_source=rss
2026-05-22 05:47:30,450 - INFO - [Al Jazeera] Attempt 2/2: Trying with 'selenium_browser' strategy...
2026-05-22 05:47:30,583 - INFO - [Times of India] Success with 'selenium_browser'. Found content (906 words).
2026-05-22 05:47:30,659 - INFO - [Economic Times] Article: https://economictimes.indiatimes.com/markets/stocks/news/central-bank-of-india-ofs-govt-to-sell-up-to-8-stake-in-lender-check-key-details/articleshow/131255754.cms
2026-05-22 05:47:30,666 - INFO - [Economic Times] Attempt 2/2: Trying with 'selenium_browser' strategy...
2026-05-22 05:47:30,754 - INFO - [The Hindu] Page content loaded.
2026-05-22 05:47:31,172 - INFO - [The Hindu] Success with 'selenium_browser'. Found content (473 words).
2026-05-22 05:47:32,089 - INFO - [Al Jazeera] Page content loaded.
2026-05-22 05:47:32,310 - WARNING - [Al Jazeera] FAILED with 'selenium_browser' (content was too short: 61 words).
2026-05-22 05:47:32,310 - ERROR - [Al Jazeera] All scrape strategies failed for https://www.aljazeera.com/video/newsfeed/2026/5/22/thousands-attend-funeral-prayers-for-san-diego-mosque-attack-victims?traffic_source=rss. Falling back to RSS description.
2026-05-22 05:47:32,310 - WARNING - SKIPPED (GLOBAL WORD LIMIT): Article 'Thousands attend funeral prayers for San Diego mosque attack victims' from Al Jazeera has only 19 words (Min: 90).
2026-05-22 05:47:32,391 - INFO - [Economic Times] Page content loaded.
2026-05-22 05:47:32,944 - INFO - [Economic Times] Success with 'selenium_browser'. Found content (458 words).
2026-05-22 05:47:33,971 - INFO - [Al Jazeera] Article: https://www.aljazeera.com/video/newsfeed/2026/5/22/turkish-opposition-leader-vows-to-stay-after-court-ousts-him?traffic_source=rss
2026-05-22 05:47:33,971 - INFO - [Al Jazeera] Attempt 1/2: Trying with 'requests_browser' strategy...
2026-05-22 05:47:34,010 - WARNING - [Al Jazeera] FAILED with 'requests_browser' (content was too short: 65 words).
2026-05-22 05:47:34,923 - INFO - [Al Jazeera] Article: https://www.aljazeera.com/video/newsfeed/2026/5/22/turkish-opposition-leader-vows-to-stay-after-court-ousts-him?traffic_source=rss
2026-05-22 05:47:34,923 - INFO - [Al Jazeera] Attempt 2/2: Trying with 'selenium_browser' strategy...
2026-05-22 05:47:38,989 - INFO - [Al Jazeera] Page content loaded.
2026-05-22 05:47:39,809 - WARNING - [Al Jazeera] FAILED with 'selenium_browser' (content was too short: 65 words).
2026-05-22 05:47:39,809 - ERROR - [Al Jazeera] All scrape strategies failed for https://www.aljazeera.com/video/newsfeed/2026/5/22/turkish-opposition-leader-vows-to-stay-after-court-ousts-him?traffic_source=rss. Falling back to RSS description.
2026-05-22 05:47:39,809 - WARNING - SKIPPED (GLOBAL WORD LIMIT): Article 'Turkish opposition leader vows to stay after court ousts him' from Al Jazeera has only 13 words (Min: 90).
2026-05-22 05:47:40,451 - INFO - [Al Jazeera] Article: https://www.aljazeera.com/news/2026/5/22/us-pausing-14bn-arms-sale-to-taiwan-due-to-iran-war-navy-chief-says?traffic_source=rss
2026-05-22 05:47:40,451 - INFO - [Al Jazeera] Attempt 1/2: Trying with 'requests_browser' strategy...
2026-05-22 05:47:40,652 - INFO - [Al Jazeera] Success with 'requests_browser'. Found content (577 words).
2026-05-22 05:48:19,040 - INFO - >>> SUCCESSFULLY SAVED [ID: 60824] - Three ways Cuba crisis could play out after US indictment of Raúl Castro from BBC (1080 words)
2026-05-22 05:48:19,544 - INFO - [BBC] Article: https://www.bbc.com/news/articles/cwy2gxvnq1zo?at_medium=RSS&at_campaign=rss
2026-05-22 05:48:19,544 - INFO - [BBC] Attempt 1/1: Trying with 'requests_browser' strategy...
2026-05-22 05:48:19,721 - INFO - [BBC] Success with 'requests_browser'. Found content (857 words).
2026-05-22 05:48:43,488 - INFO - >>> SUCCESSFULLY SAVED [ID: 60825] - Guzman y Gomez exits US after succumbing to ‘graveyard’ for Australian fast food chains | Business | The Guardian from The Guardian (471 words)
2026-05-22 05:48:44,487 - INFO - [The Guardian] Early skip: URL https://www.theguardian.com/australia-news/2026/may/22/last-australian-women-children-is-linked-islamic-state-leave-syria-ntwnfb already exists.
2026-05-22 05:48:44,490 - INFO - [The Guardian] Early skip: URL https://www.theguardian.com/australia-news/2026/may/22/labor-mps-expect-eventual-concessions-for-startups-after-backlash-to-cgt-changes already exists.
2026-05-22 05:48:44,492 - INFO - [The Guardian] Early skip: URL https://www.theguardian.com/australia-news/2026/may/22/feral-horse-numbers-surge-in-kosciuszko-national-park-after-pause-in-aerial-culling-survey-shows already exists.
2026-05-22 05:48:44,493 - INFO - [The Guardian] Early skip: URL https://www.theguardian.com/world/2026/may/21/greenland-trump-us-envoy-jeff-landry-visit already exists.
2026-05-22 05:48:44,494 - INFO - [The Guardian] Early skip: URL https://www.theguardian.com/music/2026/may/21/police-stop-mick-jagger-party-stromboli-italy already exists.
2026-05-22 05:48:44,496 - INFO - [The Guardian] Early skip: URL https://www.theguardian.com/world/live/2026/may/21/czech-republic-petr-pavel-ukraine-baltics-drones-russia-nato-security-latest-news-updates already exists.
2026-05-22 05:48:44,498 - INFO - [The Guardian] Early skip: URL https://www.theguardian.com/world/2026/may/21/hungary-limit-prime-ministers-maximum-eight-year-terms-magyar-orban already exists.
2026-05-22 05:48:44,499 - INFO - [The Guardian] Early skip: URL https://www.theguardian.com/world/2026/may/21/air-france-airbus-guilty-corporate-manslaughter-2009-plane-crash already exists.
2026-05-22 05:48:44,502 - INFO - [The Guardian] Article: https://www.theguardian.com/world/2026/may/22/friday-briefing-as-israels-coalition-collapses-can-its-prime-minister-hang-on-to-power
2026-05-22 05:48:44,502 - INFO - [The Guardian] Attempt 1/1: Trying with 'requests_browser' strategy...
2026-05-22 05:48:44,591 - INFO - [The Guardian] Success with 'requests_browser'. Found content (2772 words).
2026-05-22 05:48:59,811 - INFO - >>> SUCCESSFULLY SAVED [ID: 60826] - UAE deportations issue referred to Senate panel - Pakistan - DAWN.COM from The Dawn (436 words)
2026-05-22 05:49:01,080 - INFO - [The Dawn] Article: https://www.dawn.com/news/2002210/babar-naseem-recalled-as-pcb-announces-16-member-squad-for-australia-odis
2026-05-22 05:49:01,080 - INFO - [The Dawn] Attempt 1/2: Trying with 'requests_browser' strategy...
2026-05-22 05:49:01,128 - INFO - [The Dawn] Success with 'requests_browser'. Found content (275 words).
2026-05-22 05:49:20,334 - INFO - >>> SUCCESSFULLY SAVED [ID: 60827] - Most advanced countries in the world ranked: From South Korea’s high digital adoption to Denmark’s pharmaceutical innovation | World News - The Times of India from Times of India (906 words)
2026-05-22 05:49:21,263 - INFO - [Times of India] Article: https://timesofindia.indiatimes.com/world/rest-of-world/quote-of-the-day-by-greek-philosopher-epicurus-you-dont-develop-courage-by-being-happy-in-your-relationships-everyday-you-develop-it-by/articleshow/131255797.cms
2026-05-22 05:49:21,265 - INFO - [Times of India] Attempt 1/1: Trying with 'selenium_browser' strategy...
2026-05-22 05:49:25,552 - INFO - [Times of India] Page content loaded.
2026-05-22 05:49:26,023 - INFO - [Times of India] Success with 'selenium_browser'. Found content (1246 words).
2026-05-22 05:49:42,364 - INFO - >>> SUCCESSFULLY SAVED [ID: 60828] - Focus on infrastructure, agricultural productivity, developing clusters for export: U.P. State Transformation Commission CEO - The Hindu from The Hindu (473 words)
2026-05-22 05:49:43,730 - INFO - [The Hindu] Article: https://www.thehindu.com/news/national/kerala/congress-leader-thiruvanchoor-radhakrishnan-elected-kerala-speaker/article71009281.ece
2026-05-22 05:49:43,730 - INFO - [The Hindu] Attempt 1/1: Trying with 'selenium_browser' strategy...
2026-05-22 05:49:45,558 - INFO - [The Hindu] Page content loaded.
2026-05-22 05:49:45,673 - INFO - [The Hindu] Success with 'selenium_browser'. Found content (487 words).
2026-05-22 05:50:00,158 - INFO - >>> SUCCESSFULLY SAVED [ID: 60829] - Central Bank of India OFS: Govt to sell up to 8% stake in lender. Check key details - The Economic Times from Economic Times (458 words)
2026-05-22 05:50:01,597 - INFO - [Economic Times] Article: https://economictimes.indiatimes.com/markets/stocks/news/nykaa-shares-in-focus-after-q4-profit-surges-286-revenue-rises-28/articleshow/131255818.cms
2026-05-22 05:50:01,597 - INFO - [Economic Times] Attempt 1/2: Trying with 'requests_browser' strategy...
2026-05-22 05:50:01,872 - ERROR - parsed tree length: 1, wrong data type or not valid HTML
2026-05-22 05:50:01,872 - ERROR - empty HTML tree: None
2026-05-22 05:50:01,872 - WARNING - discarding data: None
2026-05-22 05:50:01,872 - WARNING - [Economic Times] FAILED with 'requests_browser' (content was too short: 0 words).
2026-05-22 05:50:02,867 - INFO - [Economic Times] Article: https://economictimes.indiatimes.com/markets/stocks/news/nykaa-shares-in-focus-after-q4-profit-surges-286-revenue-rises-28/articleshow/131255818.cms
2026-05-22 05:50:02,868 - INFO - [Economic Times] Attempt 2/2: Trying with 'selenium_browser' strategy...
2026-05-22 05:50:11,220 - INFO - [Economic Times] Page content loaded.
2026-05-22 05:50:11,523 - INFO - [Economic Times] Success with 'selenium_browser'. Found content (827 words).
2026-05-22 05:50:21,633 - INFO - >>> SUCCESSFULLY SAVED [ID: 60830] - US pausing $14bn arms sale to Taiwan due to Iran war, navy chief says | US-Israel war on Iran News | Al Jazeera from Al Jazeera (577 words)
2026-05-22 05:50:22,210 - INFO - [Al Jazeera] Article: https://www.aljazeera.com/economy/2026/5/22/malaysia-orders-tiktok-to-address-defamatory-content-about-king?traffic_source=rss
2026-05-22 05:50:22,211 - INFO - [Al Jazeera] Attempt 1/2: Trying with 'requests_browser' strategy...
2026-05-22 05:50:22,240 - INFO - [Al Jazeera] Success with 'requests_browser'. Found content (384 words).
2026-05-22 05:50:35,357 - INFO - DEDUPLICATION: Found match (Score: 0.88). Linking to Cluster ID: dbd1b9e9-5554-478b-be9f-4e40bf44d6a5
2026-05-22 05:50:37,568 - INFO - >>> SUCCESSFULLY SAVED [ID: 60831] - Greenlanders protest against Trump outside new US consulate in Nuuk from BBC (857 words)
2026-05-22 05:50:38,877 - INFO - [BBC] Early skip: URL https://www.bbc.com/news/articles/cp8p2g8yp8do?at_medium=RSS&at_campaign=rss already exists.
2026-05-22 05:50:38,879 - INFO - [BBC] Article: https://www.bbc.com/news/articles/cvgze8n5dxko?at_medium=RSS&at_campaign=rss
2026-05-22 05:50:38,879 - INFO - [BBC] Attempt 1/1: Trying with 'requests_browser' strategy...
2026-05-22 05:50:38,918 - INFO - [BBC] Success with 'requests_browser'. Found content (917 words).
2026-05-22 05:50:53,397 - INFO - >>> SUCCESSFULLY SAVED [ID: 60832] - Friday briefing: ​As Israel’s coalition collapses, can its prime minister hang on to power? | Israel | The Guardian from The Guardian (2772 words)
2026-05-22 05:50:54,451 - INFO - [The Guardian] Early skip: URL https://www.theguardian.com/world/2026/may/21/uk-israel-video-itama-ben-gvir already exists.
2026-05-22 05:50:54,452 - INFO - [The Guardian] Early skip: URL https://www.theguardian.com/world/2026/may/21/oil-markets-nearing-red-zone-as-holiday-season-nears-warns-iea-chief already exists.
2026-05-22 05:50:54,454 - INFO - [The Guardian] Early skip: URL https://www.theguardian.com/news/audio/2026/may/21/the-far-right-israeli-minister-taunting-detained-gaza-activists-the-latest already exists.
2026-05-22 05:50:54,455 - INFO - [The Guardian] Early skip: URL https://www.theguardian.com/world/2026/may/20/israeli-security-minister-itamar-ben-gvir-stirs-diplomatic-outrage-with-flotilla-activist-abuse-video already exists.
2026-05-22 05:50:54,457 - INFO - [The Guardian] Article: https://www.theguardian.com/global-development/2026/may/22/taliban-legitimising-child-forced-early-marriage-law-women-rights
2026-05-22 05:50:54,457 - INFO - [The Guardian] Attempt 1/1: Trying with 'requests_browser' strategy...
2026-05-22 05:50:54,588 - INFO - [The Guardian] Success with 'requests_browser'. Found content (552 words).
2026-05-22 05:51:09,109 - INFO - >>> SUCCESSFULLY SAVED [ID: 60833] - Babar, Naseem recalled as PCB announces 16-member squad for Australia ODIs - Sport - DAWN.COM from The Dawn (275 words)
2026-05-22 05:51:09,848 - INFO - [The Dawn] Article: https://www.dawn.com/news/2002129/us-hopeful-as-islamabad-tries-to-prevail-on-tehran
2026-05-22 05:51:09,848 - INFO - [The Dawn] Attempt 1/2: Trying with 'requests_browser' strategy...
2026-05-22 05:51:09,914 - INFO - [The Dawn] Success with 'requests_browser'. Found content (844 words).
2026-05-22 05:51:25,332 - INFO - >>> SUCCESSFULLY SAVED [ID: 60834] - Greek Philosopher Epicurus: Quote of the day by Greek philosopher Epicurus: “You don't develop courage by being happy in your relationships everyday. You develop it by…” | World News - The Times of India from Times of India (1246 words)
2026-05-22 05:51:26,586 - INFO - [Times of India] Article: https://timesofindia.indiatimes.com/world/us/if-i-do-attend-i-get-killed-donald-trump-says-he-has-a-thing-called-iran-stopping-him-from-attending-sons-wedding/articleshow/131255020.cms
2026-05-22 05:51:26,587 - INFO - [Times of India] Attempt 1/1: Trying with 'selenium_browser' strategy...
2026-05-22 05:51:27,760 - INFO - [Times of India] Page content loaded.
2026-05-22 05:51:28,146 - INFO - [Times of India] Success with 'selenium_browser'. Found content (343 words).
2026-05-22 05:51:42,700 - INFO - >>> SUCCESSFULLY SAVED [ID: 60835] - Congress leader Thiruvanchoor Radhakrishnan elected Kerala Speaker - The Hindu from The Hindu (487 words)
2026-05-22 05:51:43,946 - INFO - [The Hindu] Article: https://www.thehindu.com/news/national/what-else-does-us-have-in-store-for-indias-foreign-policy-asks-congress/article71009311.ece
2026-05-22 05:51:43,946 - INFO - [The Hindu] Attempt 1/1: Trying with 'selenium_browser' strategy...
2026-05-22 05:51:45,025 - INFO - [The Hindu] Page content loaded.
2026-05-22 05:51:48,164 - INFO - [The Hindu] Success with 'selenium_browser'. Found content (233 words).
2026-05-22 05:51:59,030 - INFO - DEDUPLICATION: Found match (Score: 0.90). Linking to Cluster ID: c5bffded-7057-4805-a33e-a9ee683d096b
2026-05-22 05:52:01,257 - INFO - >>> SUCCESSFULLY SAVED [ID: 60836] - Nykaa shares rally 4%, hit 52-week high after Q4. Here's what Goldman Sachs, Morgan Stanley are saying - The Economic Times from Economic Times (827 words)
2026-05-22 05:52:02,670 - INFO - [Economic Times] Article: https://economictimes.indiatimes.com/markets/stocks/news/lic-shares-jump-5-after-q4-results-first-ever-bonus-issue-heres-what-brokerages-say/articleshow/131256110.cms
2026-05-22 05:52:02,670 - INFO - [Economic Times] Attempt 1/2: Trying with 'requests_browser' strategy...
2026-05-22 05:52:02,960 - ERROR - parsed tree length: 1, wrong data type or not valid HTML
2026-05-22 05:52:02,960 - ERROR - empty HTML tree: None
2026-05-22 05:52:02,960 - WARNING - discarding data: None
2026-05-22 05:52:02,960 - WARNING - [Economic Times] FAILED with 'requests_browser' (content was too short: 0 words).
2026-05-22 05:52:03,602 - INFO - [Economic Times] Article: https://economictimes.indiatimes.com/markets/stocks/news/lic-shares-jump-5-after-q4-results-first-ever-bonus-issue-heres-what-brokerages-say/articleshow/131256110.cms
2026-05-22 05:52:03,602 - INFO - [Economic Times] Attempt 2/2: Trying with 'selenium_browser' strategy...
2026-05-22 05:52:05,858 - INFO - [Economic Times] Page content loaded.
2026-05-22 05:52:06,110 - INFO - [Economic Times] Success with 'selenium_browser'. Found content (647 words).
2026-05-22 05:52:21,731 - INFO - >>> SUCCESSFULLY SAVED [ID: 60837] - Malaysia orders TikTok to address ‘defamatory’ content about king | Social Media | Al Jazeera from Al Jazeera (384 words)
2026-05-22 05:52:23,086 - INFO - [Al Jazeera] Article: https://www.aljazeera.com/video/newsfeed/2026/5/22/caitriona-graham-recounts-violent-treatment-after-gaza-flotilla-raid?traffic_source=rss
2026-05-22 05:52:23,086 - INFO - [Al Jazeera] Attempt 1/2: Trying with 'requests_browser' strategy...
2026-05-22 05:52:23,116 - WARNING - [Al Jazeera] FAILED with 'requests_browser' (content was too short: 63 words).
2026-05-22 05:52:23,718 - INFO - [Al Jazeera] Article: https://www.aljazeera.com/video/newsfeed/2026/5/22/caitriona-graham-recounts-violent-treatment-after-gaza-flotilla-raid?traffic_source=rss
2026-05-22 05:52:23,718 - INFO - [Al Jazeera] Attempt 2/2: Trying with 'selenium_browser' strategy...
2026-05-22 05:52:24,428 - INFO - [Al Jazeera] Page content loaded.
2026-05-22 05:52:24,516 - WARNING - [Al Jazeera] FAILED with 'selenium_browser' (content was too short: 67 words).
2026-05-22 05:52:24,516 - ERROR - [Al Jazeera] All scrape strategies failed for https://www.aljazeera.com/video/newsfeed/2026/5/22/caitriona-graham-recounts-violent-treatment-after-gaza-flotilla-raid?traffic_source=rss. Falling back to RSS description.
2026-05-22 05:52:24,516 - WARNING - SKIPPED (GLOBAL WORD LIMIT): Article 'Caitriona Graham recounts violent treatment after Gaza flotilla raid' from Al Jazeera has only 11 words (Min: 90).
2026-05-22 05:52:25,411 - INFO - [Al Jazeera] Article: https://www.aljazeera.com/video/newsfeed/2026/5/22/greenlanders-protest-opening-of-new-us-consulate-in-nuuk?traffic_source=rss
2026-05-22 05:52:25,411 - INFO - [Al Jazeera] Attempt 1/2: Trying with 'requests_browser' strategy...
2026-05-22 05:52:25,445 - WARNING - [Al Jazeera] FAILED with 'requests_browser' (content was too short: 57 words).
2026-05-22 05:52:26,197 - INFO - [Al Jazeera] Article: https://www.aljazeera.com/video/newsfeed/2026/5/22/greenlanders-protest-opening-of-new-us-consulate-in-nuuk?traffic_source=rss
2026-05-22 05:52:26,197 - INFO - [Al Jazeera] Attempt 2/2: Trying with 'selenium_browser' strategy...
2026-05-22 05:52:26,865 - INFO - [Al Jazeera] Page content loaded.
2026-05-22 05:52:26,933 - WARNING - [Al Jazeera] FAILED with 'selenium_browser' (content was too short: 61 words).
2026-05-22 05:52:26,933 - ERROR - [Al Jazeera] All scrape strategies failed for https://www.aljazeera.com/video/newsfeed/2026/5/22/greenlanders-protest-opening-of-new-us-consulate-in-nuuk?traffic_source=rss. Falling back to RSS description.
2026-05-22 05:52:26,933 - WARNING - SKIPPED (GLOBAL WORD LIMIT): Article 'Greenlanders protest opening of new US consulate in Nuuk' from Al Jazeera has only 17 words (Min: 90).
2026-05-22 05:52:28,108 - INFO - [Al Jazeera] Article: https://www.aljazeera.com/news/2026/5/22/turkish-court-ousts-leader-of-main-opposition-party?traffic_source=rss
2026-05-22 05:52:28,108 - INFO - [Al Jazeera] Attempt 1/2: Trying with 'requests_browser' strategy...
2026-05-22 05:52:28,146 - INFO - [Al Jazeera] Success with 'requests_browser'. Found content (597 words).
2026-05-22 05:52:40,063 - INFO - >>> SUCCESSFULLY SAVED [ID: 60838] - Alberta to hold referendum on whether to remain in Canada from BBC (917 words)
2026-05-22 05:52:41,127 - INFO - [BBC] Article: https://www.bbc.com/news/articles/cedpz9669deo?at_medium=RSS&at_campaign=rss
2026-05-22 05:52:41,127 - INFO - [BBC] Attempt 1/1: Trying with 'requests_browser' strategy...
2026-05-22 05:52:41,169 - INFO - [BBC] Success with 'requests_browser'. Found content (480 words).
2026-05-22 05:52:57,325 - INFO - >>> SUCCESSFULLY SAVED [ID: 60839] - Taliban ‘legitimising child marriage’ with new edict, activists warn | Child marriage | The Guardian from The Guardian (552 words)
2026-05-22 05:52:58,771 - INFO - [The Guardian] Early skip: URL https://www.theguardian.com/world/2026/may/21/cockroach-janta-party-youth-anger-frustration-protest-india already exists.
2026-05-22 05:52:58,773 - INFO - [The Guardian] Early skip: URL https://www.theguardian.com/world/2026/may/21/record-climbers-summit-everest-from-nepalese-side-in-single-day already exists.
2026-05-22 05:52:58,774 - INFO - [The Guardian] Early skip: URL https://www.theguardian.com/us-news/2026/may/14/gautam-adani-billionaire-trump already exists.
2026-05-22 05:52:58,775 - INFO - [The Guardian] Early skip: URL https://www.theguardian.com/us-news/2026/may/08/trump-ally-roger-stone-condemned-for-providing-lobbying-services-to-myanmars-military-junta already exists.
2026-05-22 05:52:58,777 - INFO - [The Guardian] Article: https://www.theguardian.com/uk-news/2026/may/22/police-appeal-witnesses-andrew-mountbatten-windsor-investigation
2026-05-22 05:52:58,777 - INFO - [The Guardian] Attempt 1/1: Trying with 'requests_browser' strategy...
2026-05-22 05:52:58,896 - INFO - [The Guardian] Success with 'requests_browser'. Found content (826 words).
2026-05-22 05:53:14,853 - INFO - >>> SUCCESSFULLY SAVED [ID: 60840] - US ‘hopeful’ as Islamabad tries to prevail on Tehran - World - DAWN.COM from The Dawn (844 words)
2026-05-22 05:53:16,297 - INFO - [The Dawn] Article: https://www.dawn.com/news/2002127/dismissed-complaints-against-cjp-afridi-made-public
2026-05-22 05:53:16,297 - INFO - [The Dawn] Attempt 1/2: Trying with 'requests_browser' strategy...
2026-05-22 05:53:16,382 - INFO - [The Dawn] Success with 'requests_browser'. Found content (381 words).
2026-05-22 05:53:32,437 - INFO - >>> SUCCESSFULLY SAVED [ID: 60841] - Donald Trump: 'If I do attend, I get killed': Donald Trump says he 'has a thing called Iran' stopping him from attending son's wedding - The Times of India from Times of India (343 words)
2026-05-22 05:53:33,417 - INFO - [Times of India] Early skip: URL https://timesofindia.indiatimes.com/world/us-streamers/she-is-going-to-end-up-in-jail-again-asmongold-fires-back-after-nina-lin-blames-him-for-spending-night-in-jail-over-4-scissors/articleshow/131254289.cms already exists.
2026-05-22 05:53:33,420 - INFO - [Times of India] Early skip: URL https://timesofindia.indiatimes.com/world/us-streamers/who-is-maurice-shelmon-aka-ant-jefe-no-jumper-youtuber-and-podcaster-faces-felony-murder-charge-after-lapd-arrest/articleshow/131251971.cms already exists.
2026-05-22 05:53:33,422 - INFO - [Times of India] Early skip: URL https://timesofindia.indiatimes.com/world/us-streamers/judge-orders-chudthebuilder-to-wear-gps-monitor-and-restrict-social-media-use-if-released-on-bond/articleshow/131251913.cms already exists.
2026-05-22 05:53:33,423 - INFO - [Times of India] Early skip: URL https://timesofindia.indiatimes.com/world/us/at-least-3-fewer-indians-womans-post-on-meta-layoff-affecting-h-1b-visa-holder-with-wife-and-kid-in-seattle-draws-flak/articleshow/131251877.cms already exists.
2026-05-22 05:53:33,426 - INFO - [Times of India] Early skip: URL https://timesofindia.indiatimes.com/world/us/who-is-mohammed-omar-90-million-fraud-suspect-in-minnesota-who-jumped-from-balcony-to-evade-fbi-arrest/articleshow/131251789.cms already exists.
2026-05-22 05:53:33,427 - INFO - [Times of India] Early skip: URL https://timesofindia.indiatimes.com/world/us-streamers/81-year-old-minecraft-streamer-grammacrackers-swatted-during-cancer-fundraiser-stream/articleshow/131251666.cms already exists.
2026-05-22 05:53:33,429 - INFO - [Times of India] Early skip: URL https://timesofindia.indiatimes.com/world/us/elon-musk-agrees-with-what-jeff-bezos-says-on-charity-if-i-do-my-job-right-/articleshow/131251481.cms already exists.
2026-05-22 05:53:33,432 - INFO - [Times of India] Early skip: URL https://timesofindia.indiatimes.com/science/chinas-moon-base-plans-are-pushing-ahead-faster-than-nasas-lunar-ambitions/articleshow/131251150.cms already exists.
2026-05-22 05:53:33,435 - INFO - [Times of India] Early skip: URL https://timesofindia.indiatimes.com/science/quote-of-the-day-by-american-astronomer-carl-sagan-the-cosmos-is-within-us-we-are-made-of-star-stuff-we-are-a-way-for-the-cosmos-to-know-itself-/articleshow/131250238.cms already exists.
2026-05-22 05:53:33,436 - INFO - [Times of India] Early skip: URL https://timesofindia.indiatimes.com/science/quote-of-the-day-by-physicist-wolfgang-pauli-i-do-not-mind-if-you-think-slowly-but-i-do-object-when-you-publish-more-quickly-than-you-think-/articleshow/131250476.cms already exists.
2026-05-22 05:53:33,437 - INFO - [Times of India] Early skip: URL https://timesofindia.indiatimes.com/world/us-streamers/zohran-mamdani-enters-streamer-era-with-live-twitch-series-talk-with-the-people/articleshow/131251342.cms already exists.
2026-05-22 05:53:33,442 - INFO - [Times of India] Early skip: URL https://timesofindia.indiatimes.com/world/uk/air-france-and-airbus-held-guilty-over-deadly-2009-atlantic-flight-disaster/articleshow/131250427.cms already exists.
2026-05-22 05:53:33,443 - INFO - [Times of India] Early skip: URL https://timesofindia.indiatimes.com/world/us/how-kamala-sank-democrats-admit-2024-went-horribly-wrong-but-have-no-roadmap-for-2028/articleshow/131249870.cms already exists.
2026-05-22 05:53:33,444 - INFO - [Times of India] Early skip: URL https://timesofindia.indiatimes.com/world/us/meta-reached-out-to-interview-me-the-same-week-us-founder-asks-what-happened-to-employee-retention/articleshow/131249625.cms already exists.
2026-05-22 05:53:33,446 - INFO - [Times of India] Early skip: URL https://timesofindia.indiatimes.com/world/rest-of-world/only-30-people-live-in-this-spanish-village-which-offers-cheap-land-and-a-peaceful-life-in-the-hills-to-attract-new-residents/articleshow/131248269.cms already exists.
2026-05-22 05:53:33,449 - INFO - [Times of India] Early skip: URL https://timesofindia.indiatimes.com/world/us/boo-of-jobs-real-anger-about-artificial-intelligence-at-us-convocations/articleshow/131248921.cms already exists.
2026-05-22 05:53:33,450 - INFO - [Times of India] Early skip: URL https://timesofindia.indiatimes.com/world/us/i-am-from-india-but-none-of-my-firm-partners-is-indian-attorney-rahul-reddy-counters-hate-on-social-media/articleshow/131248800.cms already exists.
2026-05-22 05:53:33,451 - INFO - [Times of India] (Thread) Finished. Attempting to shut down its Selenium driver.
2026-05-22 05:53:33,781 - INFO - [Times of India] (Thread) driver.quit() successful.
2026-05-22 05:53:50,132 - INFO - >>> SUCCESSFULLY SAVED [ID: 60842] - What else does U.S. have in store for India’s foreign policy? asks Congress - The Hindu from The Hindu (233 words)
2026-05-22 05:53:51,003 - INFO - [The Hindu] Article: https://www.thehindu.com/news/national/tamil-nadu/with-vck-vanni-arasu-and-iuml-shahjahan-on-board-vijays-cabinet-in-tamil-nadu-now-has-35-ministers/article71009135.ece
2026-05-22 05:53:51,003 - INFO - [The Hindu] Attempt 1/1: Trying with 'selenium_browser' strategy...
2026-05-22 05:53:52,034 - INFO - [The Hindu] Page content loaded.
2026-05-22 05:53:52,642 - INFO - [The Hindu] Success with 'selenium_browser'. Found content (261 words).
2026-05-22 05:54:09,577 - INFO - >>> SUCCESSFULLY SAVED [ID: 60843] - LIC shares jump 5% after Q4 results, first-ever bonus issue. Here's what brokerages say - The Economic Times from Economic Times (647 words)
2026-05-22 05:54:10,817 - INFO - [Economic Times] Article: https://economictimes.indiatimes.com/markets/stocks/news/buyback-alert-5-stocks-turning-ex-record-dates-for-share-buybacks-in-may-check-details/share-buybacks/slideshow/131255240.cms
2026-05-22 05:54:10,817 - INFO - [Economic Times] Attempt 1/2: Trying with 'requests_browser' strategy...
2026-05-22 05:54:11,129 - INFO - [Economic Times] Success with 'requests_browser'. Found content (515 words).
2026-05-22 05:54:25,865 - CRITICAL - --- TIMEOUT: 6 scrape jobs did not complete in 300s. ---
2026-05-22 05:54:25,865 - ERROR - A thread has timed out and will be abandoned.
2026-05-22 05:54:25,865 - ERROR - A thread has timed out and will be abandoned.
2026-05-22 05:54:25,865 - ERROR - A thread has timed out and will be abandoned.
2026-05-22 05:54:25,865 - ERROR - A thread has timed out and will be abandoned.
2026-05-22 05:54:25,865 - ERROR - A thread has timed out and will be abandoned.
2026-05-22 05:54:25,865 - ERROR - A thread has timed out and will be abandoned.
2026-05-22 05:54:25,865 - INFO - Shutting down thread pool (wait=False)...
2026-05-22 05:54:25,865 - INFO - Scraped: 3 Times of India, 0 TechCrunch, 6 Timed_Out_Jobs articles. (Total saved: 3)
2026-05-22 05:54:25,866 - INFO - --- Scraping job finished ---
2026-05-22 05:54:25,866 - INFO - --- Scraper service stopped. ---
2026-05-22 05:54:25,866 - INFO - --- Main thread finished. Forcing process exit to kill zombie threads. ---
