2025-12-22 07:26:37,817 - INFO - Loading AI Semantic Model (all-MiniLM-L6-v2)...
2025-12-22 07:26:37,818 - INFO - Use pytorch device_name: cpu
2025-12-22 07:26:37,818 - INFO - Load pretrained SentenceTransformer: all-MiniLM-L6-v2
2025-12-22 07:26:38,577 - INFO - AI Model loaded successfully.
2025-12-22 07:26:38,577 - INFO - --- Scraper service started (CI Mode: Run Once) ---
2025-12-22 07:26:38,577 - INFO - --- Starting new scraping job (Parallel Mode) ---
2025-12-22 07:26:38,577 - INFO - Creating new robust session with 3 retries on 5xx/connection/read errors.
2025-12-22 07:26:38,577 - INFO - Proxy is DISABLED.
2025-12-22 07:26:38,578 - INFO - Starting scrape for BBC RSS feed: http://feeds.bbci.co.uk/news/world/rss.xml
2025-12-22 07:26:38,579 - INFO - [Times of India] (Thread) requires Selenium. Initializing driver...
2025-12-22 07:26:38,579 - INFO - Starting scrape for The Guardian RSS feed: https://www.theguardian.com/world/rss
2025-12-22 07:26:38,580 - INFO - [The Hindu] (Thread) requires Selenium. Initializing driver...
2025-12-22 07:26:38,580 - INFO - Submitted 4 jobs to thread pool. Waiting up to 300s for completion...
2025-12-22 07:26:38,808 - INFO - Found 45 articles in The Guardian RSS feed. Processing up to 30.
2025-12-22 07:26:38,808 - INFO - [The Guardian] Early skip: URL https://www.theguardian.com/world/2025/dec/21/more-kidnapped-schoolchildren-freed-in-nigeria already exists.
2025-12-22 07:26:38,877 - INFO - Found 26 articles in BBC RSS feed. Processing up to 30.
2025-12-22 07:26:38,955 - INFO - [BBC] Early skip: URL https://www.bbc.com/news/articles/ce86l95gx5po?at_medium=RSS&at_campaign=rss already exists.
2025-12-22 07:26:39,240 - INFO - [The Guardian] Early skip: URL https://www.theguardian.com/uk-news/2025/dec/21/manchester-museum-uncover-hidden-histories-africa-hub already exists.
2025-12-22 07:26:39,457 - INFO - [BBC] Early skip: URL https://www.bbc.com/news/articles/cn5lnzlvqg2o?at_medium=RSS&at_campaign=rss already exists.
2025-12-22 07:26:39,665 - INFO - [The Guardian] Early skip: URL https://www.theguardian.com/global-development/2025/dec/21/sweden-and-germany-slash-aid-budgets-to-focus-on-ukraine-and-defence-spending already exists.
2025-12-22 07:26:39,766 - INFO - [BBC] Early skip: URL https://www.bbc.com/news/articles/c99722j4lkgo?at_medium=RSS&at_campaign=rss already exists.
2025-12-22 07:26:39,872 - INFO - [The Guardian] Early skip: URL https://www.theguardian.com/society/2025/dec/19/hepatitis-b-vaccine-study-guinea-bissau-rfk already exists.
2025-12-22 07:26:40,115 - INFO - [BBC] Early skip: URL https://www.bbc.com/news/articles/cjrjpdz33vxo?at_medium=RSS&at_campaign=rss already exists.
2025-12-22 07:26:40,350 - INFO - [The Guardian] Early skip: URL https://www.theguardian.com/global-development/2025/dec/19/colombian-mercenaries-sudan-rsf-us-sanctions-recruited-uk-registered-firms-investigation already exists.
2025-12-22 07:26:40,549 - INFO - [BBC] Early skip: URL https://www.bbc.com/news/articles/c3d03943zg8o?at_medium=RSS&at_campaign=rss already exists.
2025-12-22 07:26:40,722 - INFO - [The Guardian] Early skip: URL https://www.theguardian.com/world/2025/dec/22/man-jailed-1335-years-el-salvador-sentences-ms-13-gang-members already exists.
2025-12-22 07:26:40,901 - INFO - [BBC] Early skip: URL https://www.bbc.com/news/articles/cn8eknv7zkyo?at_medium=RSS&at_campaign=rss already exists.
2025-12-22 07:26:41,050 - INFO - [The Guardian] Early skip: URL https://www.theguardian.com/us-news/2025/dec/20/us-second-merchant-vessel-venezuela already exists.
2025-12-22 07:26:41,236 - INFO - [BBC] Early skip: URL https://www.bbc.com/news/articles/cqjg18xe0wwo?at_medium=RSS&at_campaign=rss already exists.
2025-12-22 07:26:41,419 - INFO - [The Guardian] Early skip: URL https://www.theguardian.com/us-news/2025/dec/19/trump-venezuela-war already exists.
2025-12-22 07:26:41,705 - INFO - [BBC] Early skip: URL https://www.bbc.com/news/articles/c5ydej888n9o?at_medium=RSS&at_campaign=rss already exists.
2025-12-22 07:26:41,972 - INFO - [The Guardian] Early skip: URL https://www.theguardian.com/world/2025/dec/19/montreal-grocery-store-santas-elves-robbery already exists.
2025-12-22 07:26:42,201 - INFO - [BBC] Early skip: URL https://www.bbc.com/news/articles/cg5m49j14pyo?at_medium=RSS&at_campaign=rss already exists.
2025-12-22 07:26:42,444 - INFO - [The Guardian] Early skip: URL https://www.theguardian.com/world/2025/dec/19/colombia-eln-guerrilla-group-attack-military-base already exists.
2025-12-22 07:26:42,705 - INFO - [BBC] Early skip: URL https://www.bbc.com/news/articles/cm20ppy0rreo?at_medium=RSS&at_campaign=rss already exists.
2025-12-22 07:26:42,843 - INFO - [The Guardian] Article: https://www.theguardian.com/world/2025/dec/22/jeju-air-crash-independent-inquiry-south-korea
2025-12-22 07:26:42,843 - INFO - [The Guardian] Attempt 1/1: Trying with 'requests_browser' strategy...
2025-12-22 07:26:42,844 - INFO - [BBC] Early skip: URL https://www.bbc.com/news/articles/c79xyxdpzrxo?at_medium=RSS&at_campaign=rss already exists.
2025-12-22 07:26:42,953 - INFO - [BBC] Early skip: URL https://www.bbc.com/news/articles/c9qe2yln2nlo?at_medium=RSS&at_campaign=rss already exists.
2025-12-22 07:26:42,975 - INFO - [The Guardian] Success with 'requests_browser'. Found content (431 words).
2025-12-22 07:26:45,730 - INFO - Selenium driver initialized successfully.
2025-12-22 07:26:45,730 - INFO - Starting scrape for Times of India RSS feed: https://timesofindia.indiatimes.com/rssfeeds/296589292.cms
2025-12-22 07:26:45,731 - INFO - Selenium driver initialized successfully.
2025-12-22 07:26:45,731 - INFO - Starting scrape for The Hindu RSS feed: https://www.thehindu.com/news/national/feeder/default.rss
2025-12-22 07:26:45,913 - INFO - Found 20 articles in Times of India RSS feed. Processing up to 30.
2025-12-22 07:26:46,192 - INFO - Found 100 articles in The Hindu RSS feed. Processing up to 30.
2025-12-22 07:26:54,045 - INFO - Saved article: Jeju Air crash: South Korea sets up independent inquiry into disaster that killed 179 amid delays and acrimony | South Korea | The Guardian from The Guardian (431 words)
2025-12-22 07:26:54,045 - INFO - [BBC] Early skip: URL https://www.bbc.com/news/articles/c14vy02847vo?at_medium=RSS&at_campaign=rss already exists.
2025-12-22 07:26:54,171 - INFO - [Times of India] Early skip: URL https://timesofindia.indiatimes.com/world/middle-east/uae-students-launch-smartpocket-mobile-app-offering-student-savings-of-up-to-20-monthly/articleshow/126115751.cms already exists.
2025-12-22 07:26:54,440 - INFO - [The Hindu] Article: https://www.thehindu.com/news/national/cold-weather-persists-in-punjab-haryana-temperatures-stay-above-normal/article70425129.ece
2025-12-22 07:26:54,440 - INFO - [The Hindu] Attempt 1/1: Trying with 'selenium_browser' strategy...
2025-12-22 07:26:54,441 - INFO - [BBC] Early skip: URL https://www.bbc.com/news/articles/c8r38ne1x2mo?at_medium=RSS&at_campaign=rss already exists.
2025-12-22 07:26:54,671 - INFO - [Times of India] Early skip: URL https://timesofindia.indiatimes.com/world/middle-east/us-entertainment-giant-universal-studios-to-build-multibillion-dollar-theme-park-in-saudi-arabia/articleshow/126115557.cms already exists.
2025-12-22 07:26:54,795 - INFO - [The Guardian] Early skip: URL https://www.theguardian.com/world/2025/dec/22/new-zealand-christchurch-spoof-absurdist-road-signs already exists.
2025-12-22 07:26:55,038 - INFO - [BBC] Early skip: URL https://www.bbc.com/news/articles/c93nwrzgypqo?at_medium=RSS&at_campaign=rss already exists.
2025-12-22 07:26:55,221 - INFO - [Times of India] Early skip: URL https://timesofindia.indiatimes.com/world/middle-east/top-5-christmas-markets-across-the-uae-you-can-visit-this-season/articleshow/126115037.cms already exists.
2025-12-22 07:26:55,323 - INFO - [The Guardian] Early skip: URL https://www.theguardian.com/world/2025/dec/19/mass-stabbing-tapei already exists.
2025-12-22 07:26:55,484 - INFO - [BBC] Early skip: URL https://www.bbc.com/news/articles/c8dy5m56477o?at_medium=RSS&at_campaign=rss already exists.
2025-12-22 07:26:55,648 - INFO - [Times of India] Early skip: URL https://timesofindia.indiatimes.com/nri/church-scare-in-singapore-indian-origin-man-charged-over-threat-to-sit-for-psychiatric-test/articleshow/126114817.cms already exists.
2025-12-22 07:26:55,789 - INFO - [The Guardian] Early skip: URL https://www.theguardian.com/technology/2025/dec/19/uk-foreign-office-victim-cyber-attack-october- already exists.
2025-12-22 07:26:55,988 - INFO - [The Guardian] Early skip: URL https://www.theguardian.com/technology/2025/dec/18/tiktok-signs-deal-us-entity-sale already exists.
2025-12-22 07:26:56,284 - INFO - [Times of India] Early skip: URL https://timesofindia.indiatimes.com/world/europe/french-presidential-palace-robbery-from-saucepans-to-champagne-cups-silverware-worth-thousands-of-euros-stolen/articleshow/126113695.cms already exists.
2025-12-22 07:26:56,543 - INFO - [BBC] Early skip: URL https://www.bbc.com/news/articles/cx25dejn4n5o?at_medium=RSS&at_campaign=rss already exists.
2025-12-22 07:26:56,755 - INFO - [The Guardian] Early skip: URL https://www.theguardian.com/australia-news/live/2025/dec/22/australia-news-live-bondi-beach-terror-attack-chris-minns-nsw-gun-reforms-anthony-albanese-coalition-sussan-ley-antisemitism-royal-commission-ntwnfb already exists.
2025-12-22 07:26:56,870 - INFO - [Times of India] Early skip: URL https://timesofindia.indiatimes.com/world/us/newscum-trump-love-and-vance-support-how-nicki-minaj-went-full-maga-at-erika-kirks-turning-pointusas-americafest/articleshow/126113833.cms already exists.
2025-12-22 07:26:57,152 - INFO - [BBC] Early skip: URL https://www.bbc.com/news/articles/c5yqr485d84o?at_medium=RSS&at_campaign=rss already exists.
2025-12-22 07:26:57,401 - INFO - [The Guardian] Early skip: URL https://www.theguardian.com/australia-news/2025/dec/22/coalition-attacks-penny-wong-bondi-beach-shooting-terror-attack-sussan-ley-press-conference-ntwnfb already exists.
2025-12-22 07:26:57,617 - INFO - [Times of India] Early skip: URL https://timesofindia.indiatimes.com/world/middle-east/uae-weather-forecast-cloudy-skies-light-rain-and-fog-expected-in-coastal-and-western-areas/articleshow/126113912.cms already exists.
2025-12-22 07:26:57,747 - INFO - [BBC] Early skip: URL https://www.bbc.com/news/articles/c5ye91zxqv5o?at_medium=RSS&at_campaign=rss already exists.
2025-12-22 07:26:57,960 - INFO - [The Guardian] Early skip: URL https://www.theguardian.com/australia-news/2025/dec/22/victoria-police-boxing-day-test-protest-laws-bondi-terror-attack already exists.
2025-12-22 07:26:58,198 - INFO - [Times of India] Article: https://timesofindia.indiatimes.com/india/indonesia-bus-crash-driver-loses-control-hits-barrier-15-killed/articleshow/126113096.cms
2025-12-22 07:26:58,199 - INFO - [Times of India] Attempt 1/1: Trying with 'selenium_browser' strategy...
2025-12-22 07:26:58,216 - INFO - [BBC] Early skip: URL https://www.bbc.com/news/articles/c4gp4v32z0lo?at_medium=RSS&at_campaign=rss already exists.
2025-12-22 07:26:58,339 - INFO - [BBC] Early skip: URL https://www.bbc.com/news/articles/c5y9ed5d1r4o?at_medium=RSS&at_campaign=rss already exists.
2025-12-22 07:26:58,633 - INFO - [BBC] Early skip: URL https://www.bbc.com/news/videos/cn7kpnjnmklo?at_medium=RSS&at_campaign=rss already exists.
2025-12-22 07:26:58,928 - INFO - [The Guardian] Early skip: URL https://www.theguardian.com/australia-news/2025/dec/22/gas-reservation-policy-lower-energy-prices-east-coast-chris-bowen already exists.
2025-12-22 07:26:59,078 - INFO - [The Guardian] Early skip: URL https://www.theguardian.com/australia-news/2025/dec/22/gun-crackdown-reform-protest-laws-to-be-passed-nsw already exists.
2025-12-22 07:26:59,316 - INFO - [The Guardian] Early skip: URL https://www.theguardian.com/world/2025/dec/21/kremlin-russia-ukraine-war-end-changes-europe-miami-talks already exists.
2025-12-22 07:26:59,333 - INFO - [The Hindu] Page content loaded.
2025-12-22 07:26:59,398 - INFO - [The Hindu] Success with 'selenium_browser'. Found content (199 words).
2025-12-22 07:26:59,486 - INFO - [BBC] Article: https://www.bbc.com/news/videos/cj01pdve7rpo?at_medium=RSS&at_campaign=rss
2025-12-22 07:26:59,487 - INFO - [BBC] Attempt 1/1: Trying with 'requests_browser' strategy...
2025-12-22 07:26:59,489 - INFO - [The Guardian] Early skip: URL https://www.theguardian.com/world/2025/dec/21/elysee-palace-staff-member-accused-stealing-tableware already exists.
2025-12-22 07:26:59,725 - INFO - [The Guardian] Early skip: URL https://www.theguardian.com/politics/2025/dec/21/recovery-period-after-doctors-strikes-is-concern-for-nhs-says-streeting already exists.
2025-12-22 07:26:59,941 - INFO - [The Guardian] Early skip: URL https://www.theguardian.com/world/2025/dec/21/alarm-over-exploding-rise-in-use-of-sanctions-busting-shadow-fleet already exists.
2025-12-22 07:27:00,040 - WARNING - [BBC] FAILED with 'requests_browser' (content was too short: 80 words).
2025-12-22 07:27:00,040 - ERROR - [BBC] All scrape strategies failed for https://www.bbc.com/news/videos/cj01pdve7rpo?at_medium=RSS&at_campaign=rss. Falling back to RSS description.
2025-12-22 07:27:00,041 - WARNING - SKIPPED (GLOBAL WORD LIMIT): Article 'Putin tells BBC Western leaders deceived Russia' from BBC has only 21 words (Min: 90).
2025-12-22 07:27:00,079 - INFO - [The Guardian] Early skip: URL https://www.theguardian.com/business/2025/dec/21/uk-supermarkets-european-turkeys-avian-flu-hits-supply-christmas already exists.
2025-12-22 07:27:13,622 - INFO - [Times of India] Page content loaded.
2025-12-22 07:27:14,521 - WARNING - [Times of India] FAILED with 'selenium_browser' (content was too short: 80 words).
2025-12-22 07:27:14,521 - ERROR - [Times of India] All scrape strategies failed for https://timesofindia.indiatimes.com/india/indonesia-bus-crash-driver-loses-control-hits-barrier-15-killed/articleshow/126113096.cms. Falling back to RSS description.
2025-12-22 07:27:14,521 - WARNING - SKIPPED (GLOBAL WORD LIMIT): Article 'Indonesia bus crash: Driver loses control, hits barrier; 15 killed' from Times of India has only 51 words (Min: 90).
2025-12-22 07:27:23,429 - INFO - DEDUPLICATION: Found match (Score: 0.71). Linking to Cluster ID: b15b71a0-da10-4e31-a606-8c823ab20b69
2025-12-22 07:27:23,432 - INFO - Saved article: Cold weather persists in Punjab, Haryana; temperatures stay above normal - The Hindu from The Hindu (199 words)
2025-12-22 07:27:23,432 - INFO - [The Guardian] Early skip: URL https://www.theguardian.com/world/2025/dec/21/israel-approves-new-jewish-settlements-occupied-west-bank already exists.
2025-12-22 07:27:23,611 - INFO - [BBC] Early skip: URL https://www.bbc.com/news/videos/cly5p1vkm39o?at_medium=RSS&at_campaign=rss already exists.
2025-12-22 07:27:23,794 - INFO - [Times of India] Early skip: URL https://timesofindia.indiatimes.com/world/us/active-pursuit-of-dark-fleet-us-intensifies-venezuela-blockade-third-interception-attempt-in-two-weeks/articleshow/126113297.cms already exists.
2025-12-22 07:27:23,926 - INFO - [The Guardian] Early skip: URL https://www.theguardian.com/world/2025/dec/20/israeli-troops-kill-palestinians-sheltering-in-gaza-school-hospital-chiefs already exists.
2025-12-22 07:27:24,109 - INFO - [BBC] Article: https://www.bbc.com/news/videos/c5yje8pvg8jo?at_medium=RSS&at_campaign=rss
2025-12-22 07:27:24,110 - INFO - [BBC] Attempt 1/1: Trying with 'requests_browser' strategy...
2025-12-22 07:27:24,111 - INFO - [Times of India] Early skip: URL https://timesofindia.indiatimes.com/world/south-asia/india-sees-the-chaos-sheikh-hasina-on-reality-of-yunus-bangladesh-blames-interim-govt-for-not-protecting-minorities/articleshow/126112665.cms already exists.
2025-12-22 07:27:24,166 - WARNING - [BBC] FAILED with 'requests_browser' (content was too short: 74 words).
2025-12-22 07:27:24,166 - ERROR - [BBC] All scrape strategies failed for https://www.bbc.com/news/videos/c5yje8pvg8jo?at_medium=RSS&at_campaign=rss. Falling back to RSS description.
2025-12-22 07:27:24,166 - WARNING - SKIPPED (GLOBAL WORD LIMIT): Article 'What does TikTok's deal mean for America's users?' from BBC has only 21 words (Min: 90).
2025-12-22 07:27:24,382 - INFO - [The Guardian] Early skip: URL https://www.theguardian.com/world/2025/dec/19/gaza-famine-hunger-food-shortages-winter-flooding-un already exists.
2025-12-22 07:27:24,655 - INFO - [Times of India] Early skip: URL https://timesofindia.indiatimes.com/world/us-streamers/ishowspeed-unveils-ambitious-africa-livestream-tour-that-could-redefine-global-creator-travel-content/articleshow/126111925.cms already exists.
2025-12-22 07:27:24,814 - INFO - [The Guardian] Early skip: URL https://www.theguardian.com/global-development/2025/dec/19/gaza-phd-student-manar-al-houbi-granted-access-to-uk-but-others-remain-stranded already exists.
2025-12-22 07:27:24,994 - INFO - [Times of India] Early skip: URL https://timesofindia.indiatimes.com/world/us-streamers/maitreyi-ramakrishnan-explains-how-she-built-a-hate-free-twitch-space-while-turning-livestreaming-into-real-world-activism/articleshow/126111965.cms already exists.
2025-12-22 07:27:25,112 - INFO - [The Hindu] Article: https://www.thehindu.com/news/cities/Hyderabad/operation-sindoor-reinforced-integrated-command-across-tri-services-cisc-air-marshal-ashutosh-dixit/article70425046.ece
2025-12-22 07:27:25,112 - INFO - [The Hindu] Attempt 1/1: Trying with 'selenium_browser' strategy...
2025-12-22 07:27:25,113 - INFO - [The Guardian] Early skip: URL https://www.theguardian.com/global-development/2025/dec/19/iranian-boxing-champion-mohammad-javad-vafaei-sani-risk-of-execution-retrial-request-rejected already exists.
2025-12-22 07:27:25,336 - INFO - [Times of India] Early skip: URL https://timesofindia.indiatimes.com/world/us/trumps-son-in-law-jared-kushner-pitches-112bn-plan-to-turn-gaza-rubble-into-a-tech-hub/articleshow/126109928.cms already exists.
2025-12-22 07:27:25,439 - INFO - [BBC] Early skip: URL https://www.bbc.com/news/videos/cjdrpx4yjv5o?at_medium=RSS&at_campaign=rss already exists.
2025-12-22 07:27:25,571 - INFO - [Times of India] Early skip: URL https://timesofindia.indiatimes.com/world/us/trump-had-nothing-to-do-with-epstein-files-doj-defends-redacting-us-presidents-photo-then-republishes-it/articleshow/126109922.cms already exists.
2025-12-22 07:27:25,856 - INFO - [Times of India] Early skip: URL https://timesofindia.indiatimes.com/world/us/what-about-your-hindu-wife-usha-row-over-jd-vance-saying-us-will-always-be-a-christian-nation/articleshow/126109911.cms already exists.
2025-12-22 07:27:26,135 - INFO - [Times of India] Early skip: URL https://timesofindia.indiatimes.com/world/us/is-vivek-ramaswamy-an-anchor-baby-what-does-the-term-mean/articleshow/126109825.cms already exists.
2025-12-22 07:27:26,354 - INFO - [Times of India] Early skip: URL https://timesofindia.indiatimes.com/world/uk/uk-man-sentenced-to-5-years-in-jail-for-biting-off-a-guests-finger-at-best-friends-wedding/articleshow/126109643.cms already exists.
2025-12-22 07:27:26,594 - INFO - [Times of India] Early skip: URL https://timesofindia.indiatimes.com/world/us/meet-pranita-venkatesh-indian-origin-psychologist-who-just-became-san-carlos-youngest-mayor/articleshow/126109013.cms already exists.
2025-12-22 07:27:26,780 - INFO - [Times of India] Early skip: URL https://timesofindia.indiatimes.com/world/us/transgenderism-killed-charlie-kirk-maga-commentator-makes-shocking-claim-at-turning-point-usa-event/articleshow/126108083.cms already exists.
2025-12-22 07:27:26,933 - INFO - [Times of India] Early skip: URL https://timesofindia.indiatimes.com/world/us/top-10-us-states-with-the-highest-median-household-income-leading-states-key-industries-and-economic-insights/articleshow/126108021.cms already exists.
2025-12-22 07:27:27,153 - INFO - [Times of India] (Thread) Finished. Attempting to shut down its Selenium driver.
2025-12-22 07:27:27,429 - INFO - [Times of India] (Thread) driver.quit() successful.
2025-12-22 07:27:27,433 - INFO - [The Hindu] Page content loaded.
2025-12-22 07:27:27,514 - INFO - [The Hindu] Success with 'selenium_browser'. Found content (382 words).
2025-12-22 07:27:39,146 - INFO - Saved article: Operation Sindoor reinforced integrated command across tri-services: CISC Air Marshal Ashutosh Dixit - The Hindu from The Hindu (382 words)
2025-12-22 07:27:39,793 - INFO - [The Hindu] Article: https://www.thehindu.com/news/national/karnataka/rink-initiative-by-kle-ctie-at-the-mundhe-banni-startup-meetup/article70423328.ece
2025-12-22 07:27:39,793 - INFO - [The Hindu] Attempt 1/1: Trying with 'selenium_browser' strategy...
2025-12-22 07:27:40,641 - INFO - [The Hindu] Page content loaded.
2025-12-22 07:27:40,881 - INFO - [The Hindu] Success with 'selenium_browser'. Found content (355 words).
2025-12-22 07:27:52,699 - INFO - Saved article: RiNK Initiative by KLE CTIE at the Mundhe Banni Startup Meetup - The Hindu from The Hindu (355 words)
2025-12-22 07:27:53,473 - INFO - [The Hindu] Article: https://www.thehindu.com/news/national/maharashtra/grassroots-outreach-development-vision-helped-bjp-win-local-polls-chavan/article70425091.ece
2025-12-22 07:27:53,473 - INFO - [The Hindu] Attempt 1/1: Trying with 'selenium_browser' strategy...
2025-12-22 07:27:54,654 - INFO - [The Hindu] Page content loaded.
2025-12-22 07:27:54,706 - INFO - [The Hindu] Success with 'selenium_browser'. Found content (389 words).
2025-12-22 07:28:07,491 - INFO - DEDUPLICATION: Found match (Score: 0.81). Linking to Cluster ID: bfce508f-a65d-4688-a9a3-fc4f37a435ef
2025-12-22 07:28:07,493 - INFO - Saved article: Grassroots outreach, development vision helped BJP win local polls: Chavan - The Hindu from The Hindu (389 words)
2025-12-22 07:28:08,094 - INFO - [The Hindu] Article: https://www.thehindu.com/news/national/karnataka/26143-cr-compensation-credited-to-accounts-of-flood-hit-farmers-in-bidar/article70422993.ece
2025-12-22 07:28:08,094 - INFO - [The Hindu] Attempt 1/1: Trying with 'selenium_browser' strategy...
2025-12-22 07:28:09,051 - INFO - [The Hindu] Page content loaded.
2025-12-22 07:28:09,210 - INFO - [The Hindu] Success with 'selenium_browser'. Found content (355 words).
2025-12-22 07:28:21,079 - INFO - Saved article: ₹261.43 cr. compensation credited to accounts of flood-hit farmers in Bidar - The Hindu from The Hindu (355 words)
2025-12-22 07:28:21,611 - INFO - [The Hindu] Article: https://www.thehindu.com/news/national/priyank-kharge-claims-vb-g-ram-g-act-undermines-mgnregas-rights-based-framework/article70424997.ece
2025-12-22 07:28:21,611 - INFO - [The Hindu] Attempt 1/1: Trying with 'selenium_browser' strategy...
2025-12-22 07:28:22,494 - INFO - [The Hindu] Page content loaded.
2025-12-22 07:28:22,634 - INFO - [The Hindu] Success with 'selenium_browser'. Found content (498 words).
2025-12-22 07:28:35,388 - INFO - DEDUPLICATION: Found match (Score: 0.84). Linking to Cluster ID: f03e2764-a4a1-4c00-a701-6c8596144b81
2025-12-22 07:28:35,390 - INFO - Saved article: Priyank Kharge claims VB-G RAM G act undermines MGNREGA's rights-based framework - The Hindu from The Hindu (498 words)
2025-12-22 07:28:36,367 - INFO - [The Hindu] Article: https://www.thehindu.com/news/national/supreme-court-refuses-to-list-urgent-plea-against-pmo-offering-chadar-to-ajmer-sharif-dargah-on-dec-22/article70425005.ece
2025-12-22 07:28:36,367 - INFO - [The Hindu] Attempt 1/1: Trying with 'selenium_browser' strategy...
2025-12-22 07:28:37,779 - INFO - [The Hindu] Page content loaded.
2025-12-22 07:28:37,831 - INFO - [The Hindu] Success with 'selenium_browser'. Found content (516 words).
2025-12-22 07:28:49,374 - INFO - Saved article: Supreme Court refuses to list urgent plea against PMO offering chadar to Ajmer Sharif Dargah on Dec. 22 - The Hindu from The Hindu (516 words)
2025-12-22 07:28:50,293 - INFO - [The Hindu] Article: https://www.thehindu.com/news/national/karnataka/mla-urges-to-administer-polio-drops-to-eligible-children/article70422517.ece
2025-12-22 07:28:50,293 - INFO - [The Hindu] Attempt 1/1: Trying with 'selenium_browser' strategy...
2025-12-22 07:28:51,094 - INFO - [The Hindu] Page content loaded.
2025-12-22 07:28:51,134 - INFO - [The Hindu] Success with 'selenium_browser'. Found content (251 words).
2025-12-22 07:29:03,272 - INFO - DEDUPLICATION: Found match (Score: 0.78). Linking to Cluster ID: 990a0ee1-9472-4c16-982c-6281d5c54407
2025-12-22 07:29:03,274 - INFO - Saved article: MLA urges to administer polio drops to eligible children - The Hindu from The Hindu (251 words)
2025-12-22 07:29:03,928 - INFO - [The Hindu] Early skip: URL https://www.thehindu.com/news/national/india-new-zealand-fta-trade-deal-conclusion-pm-modi-pm-luxon-dec-22-2025/article70424999.ece already exists.
2025-12-22 07:29:04,066 - INFO - [The Hindu] Early skip: URL https://www.thehindu.com/news/national/telangana/108th-annual-conference-of-indian-economic-association-begins-at-osmania-university/article70423160.ece already exists.
2025-12-22 07:29:04,313 - INFO - [The Hindu] Early skip: URL https://www.thehindu.com/news/national/kerala/forensic-report-clears-actor-shine-tom-chacko-of-drug-use-charges/article70424996.ece already exists.
2025-12-22 07:29:04,415 - INFO - [The Hindu] Early skip: URL https://www.thehindu.com/news/national/telangana/five-held-for-gruesome-murder-of-man-victims-father-and-wife-among-arrested/article70423282.ece already exists.
2025-12-22 07:29:04,585 - INFO - [The Hindu] Early skip: URL https://www.thehindu.com/news/national/karnataka/pregnant-woman-killed-for-intercaste-marriage-husband-parents-too-injured/article70424980.ece already exists.
2025-12-22 07:29:04,785 - INFO - [The Hindu] Early skip: URL https://www.thehindu.com/news/national/manipur/petrol-pump-dealers-in-manipur-threaten-to-shut-operations-over-extortion-demands/article70424953.ece already exists.
2025-12-22 07:29:04,895 - INFO - [The Hindu] Early skip: URL https://www.thehindu.com/news/national/telangana/tollywood-pro-league-launched-in-hyderabad/article70423652.ece already exists.
2025-12-22 07:29:05,017 - INFO - [The Hindu] Early skip: URL https://www.thehindu.com/news/national/air-indias-mumbai-bound-b777-plane-returns-to-delhi-due-to-right-engine-issue/article70424950.ece already exists.
2025-12-22 07:29:05,118 - INFO - [The Hindu] Early skip: URL https://www.thehindu.com/news/national/karnataka/scientists-should-take-technology-to-farms-says-minister/article70423112.ece already exists.
2025-12-22 07:29:05,293 - INFO - [The Hindu] Early skip: URL https://www.thehindu.com/news/national/maharashtra/senior-citizen-duped-of-235-lakh-on-threat-of-digital-arrest-in-thane-district/article70424870.ece already exists.
2025-12-22 07:29:05,534 - INFO - [The Hindu] Early skip: URL https://www.thehindu.com/news/national/karnataka/ambedkar-built-the-constitution-based-on-buddhist-values-says-sc-judge/article70423221.ece already exists.
2025-12-22 07:29:05,769 - INFO - [The Hindu] Early skip: URL https://www.thehindu.com/news/national/kerala/wild-elephant-triggers-panic-at-ayyankunnu-in-keralas-kannur/article70424812.ece already exists.
2025-12-22 07:29:06,057 - INFO - [The Hindu] Early skip: URL https://www.thehindu.com/news/national/kerala/tiger-trapped-in-keralas-pathanamthitta-after-repeated-attacks-on-livestock/article70424730.ece already exists.
2025-12-22 07:29:06,352 - INFO - [The Hindu] Early skip: URL https://www.thehindu.com/news/national/resolving-differences-among-warring-groups-in-manipur-will-take-time-mohan-bhagwat/article70424694.ece already exists.
2025-12-22 07:29:06,458 - INFO - [The Hindu] Early skip: URL https://www.thehindu.com/news/national/madhya-pradesh/iaf-mi-17-helicopter-transports-pench-tigress-from-mps-sukatra-airstrip-to-rajasthan/article70424676.ece already exists.
2025-12-22 07:29:06,590 - INFO - [The Hindu] Early skip: URL https://www.thehindu.com/news/national/karnataka/what-is-the-aland-voter-fraud-case-explained/article70422585.ece already exists.
2025-12-22 07:29:06,738 - INFO - [The Hindu] Early skip: URL https://www.thehindu.com/data/tamil-nadu-sir-unusual-patterns-in-deleted-electors-list/article70424625.ece already exists.
2025-12-22 07:29:06,843 - INFO - [The Hindu] Early skip: URL https://www.thehindu.com/news/national/tamil-nadu/archaeologists-should-simplify-complex-technical-terms-of-findings-for-public-understanding-says-vedachalam/article70423493.ece already exists.
2025-12-22 07:29:06,957 - INFO - [The Hindu] Early skip: URL https://www.thehindu.com/news/national/tamil-nadu/state-highways-begins-second-phase-of-widening-of-tiruvannamalai-avalurpet-main-road/article70422796.ece already exists.
2025-12-22 07:29:07,221 - INFO - [The Hindu] Early skip: URL https://www.thehindu.com/news/national/tamil-nadu/four-arrested-over-500-kg-gutkha-seized-in-vellore-and-ranipet/article70422790.ece already exists.
2025-12-22 07:29:07,340 - INFO - [The Hindu] Early skip: URL https://www.thehindu.com/news/national/tamil-nadu/sp-flags-off-marathon-against-drugs-in-vellore/article70422784.ece already exists.
2025-12-22 07:29:07,574 - INFO - [The Hindu] Early skip: URL https://www.thehindu.com/news/national/tamil-nadu/thrivetn-2026-summit-to-be-held-in-chennai-on-january-24/article70423405.ece already exists.
2025-12-22 07:29:07,721 - INFO - [The Hindu] (Thread) Finished. Attempting to shut down its Selenium driver.
2025-12-22 07:29:07,902 - INFO - [The Hindu] (Thread) driver.quit() successful.
2025-12-22 07:29:07,902 - INFO - Shutting down thread pool (wait=False)...
2025-12-22 07:29:07,902 - INFO - Scraped: 0 BBC, 8 The Hindu, 1 The Guardian, 0 Times of India articles. (Total saved: 9)
2025-12-22 07:29:07,902 - INFO - --- Scraping job finished ---
2025-12-22 07:29:07,908 - INFO - --- Scraper service stopped and database connection closed. ---
2025-12-22 07:29:07,908 - INFO - --- Main thread finished. Forcing process exit to kill zombie threads. ---
