2026-05-25 17:47:05,397 - INFO - Loading AI Semantic Model (all-MiniLM-L6-v2)...
2026-05-25 17:47:05,397 - INFO - No device provided, using cpu
2026-05-25 17:47:05,490 - INFO - HTTP Request: HEAD https://huggingface.co/sentence-transformers/all-MiniLM-L6-v2/resolve/main/modules.json "HTTP/1.1 307 Temporary Redirect"
2026-05-25 17:47:05,491 - WARNING - Warning: You are sending unauthenticated requests to the HF Hub. Please set a HF_TOKEN to enable higher rate limits and faster downloads.
2026-05-25 17:47:05,500 - INFO - HTTP Request: HEAD https://huggingface.co/api/resolve-cache/models/sentence-transformers/all-MiniLM-L6-v2/c9745ed1d9f207416be6d2e6f8de32d1f16199bf/modules.json "HTTP/1.1 200 OK"
2026-05-25 17:47:05,521 - INFO - HTTP Request: HEAD https://huggingface.co/sentence-transformers/all-MiniLM-L6-v2/resolve/main/config_sentence_transformers.json "HTTP/1.1 307 Temporary Redirect"
2026-05-25 17:47:05,531 - INFO - HTTP Request: HEAD https://huggingface.co/api/resolve-cache/models/sentence-transformers/all-MiniLM-L6-v2/c9745ed1d9f207416be6d2e6f8de32d1f16199bf/config_sentence_transformers.json "HTTP/1.1 200 OK"
2026-05-25 17:47:05,532 - INFO - Loading SentenceTransformer model from sentence-transformers/all-MiniLM-L6-v2.
2026-05-25 17:47:05,551 - INFO - HTTP Request: HEAD https://huggingface.co/sentence-transformers/all-MiniLM-L6-v2/resolve/main/config_sentence_transformers.json "HTTP/1.1 307 Temporary Redirect"
2026-05-25 17:47:05,571 - INFO - HTTP Request: HEAD https://huggingface.co/api/resolve-cache/models/sentence-transformers/all-MiniLM-L6-v2/c9745ed1d9f207416be6d2e6f8de32d1f16199bf/config_sentence_transformers.json "HTTP/1.1 200 OK"
2026-05-25 17:47:05,591 - INFO - HTTP Request: HEAD https://huggingface.co/sentence-transformers/all-MiniLM-L6-v2/resolve/main/README.md "HTTP/1.1 307 Temporary Redirect"
2026-05-25 17:47:05,600 - INFO - HTTP Request: HEAD https://huggingface.co/api/resolve-cache/models/sentence-transformers/all-MiniLM-L6-v2/c9745ed1d9f207416be6d2e6f8de32d1f16199bf/README.md "HTTP/1.1 200 OK"
2026-05-25 17:47:05,621 - INFO - HTTP Request: HEAD https://huggingface.co/sentence-transformers/all-MiniLM-L6-v2/resolve/main/modules.json "HTTP/1.1 307 Temporary Redirect"
2026-05-25 17:47:05,630 - INFO - HTTP Request: HEAD https://huggingface.co/api/resolve-cache/models/sentence-transformers/all-MiniLM-L6-v2/c9745ed1d9f207416be6d2e6f8de32d1f16199bf/modules.json "HTTP/1.1 200 OK"
2026-05-25 17:47:05,650 - INFO - HTTP Request: HEAD https://huggingface.co/sentence-transformers/all-MiniLM-L6-v2/resolve/main/sentence_bert_config.json "HTTP/1.1 307 Temporary Redirect"
2026-05-25 17:47:05,659 - INFO - HTTP Request: HEAD https://huggingface.co/api/resolve-cache/models/sentence-transformers/all-MiniLM-L6-v2/c9745ed1d9f207416be6d2e6f8de32d1f16199bf/sentence_bert_config.json "HTTP/1.1 200 OK"
2026-05-25 17:47:05,680 - INFO - HTTP Request: HEAD https://huggingface.co/sentence-transformers/all-MiniLM-L6-v2/resolve/main/adapter_config.json "HTTP/1.1 404 Not Found"
2026-05-25 17:47:05,699 - INFO - HTTP Request: HEAD https://huggingface.co/sentence-transformers/all-MiniLM-L6-v2/resolve/main/config.json "HTTP/1.1 307 Temporary Redirect"
2026-05-25 17:47:05,709 - INFO - HTTP Request: HEAD https://huggingface.co/api/resolve-cache/models/sentence-transformers/all-MiniLM-L6-v2/c9745ed1d9f207416be6d2e6f8de32d1f16199bf/config.json "HTTP/1.1 200 OK"
2026-05-25 17:47:05,847 - INFO - HTTP Request: HEAD https://huggingface.co/sentence-transformers/all-MiniLM-L6-v2/resolve/main/processor_config.json "HTTP/1.1 404 Not Found"
2026-05-25 17:47:05,867 - INFO - HTTP Request: HEAD https://huggingface.co/sentence-transformers/all-MiniLM-L6-v2/resolve/main/preprocessor_config.json "HTTP/1.1 404 Not Found"
2026-05-25 17:47:05,888 - INFO - HTTP Request: HEAD https://huggingface.co/sentence-transformers/all-MiniLM-L6-v2/resolve/main/video_preprocessor_config.json "HTTP/1.1 404 Not Found"
2026-05-25 17:47:05,934 - INFO - HTTP Request: HEAD https://huggingface.co/sentence-transformers/all-MiniLM-L6-v2/resolve/main/preprocessor_config.json "HTTP/1.1 404 Not Found"
2026-05-25 17:47:05,956 - INFO - HTTP Request: HEAD https://huggingface.co/sentence-transformers/all-MiniLM-L6-v2/resolve/main/tokenizer_config.json "HTTP/1.1 307 Temporary Redirect"
2026-05-25 17:47:05,966 - INFO - HTTP Request: HEAD https://huggingface.co/api/resolve-cache/models/sentence-transformers/all-MiniLM-L6-v2/c9745ed1d9f207416be6d2e6f8de32d1f16199bf/tokenizer_config.json "HTTP/1.1 200 OK"
2026-05-25 17:47:05,984 - INFO - HTTP Request: HEAD https://huggingface.co/sentence-transformers/all-MiniLM-L6-v2/resolve/main/config.json "HTTP/1.1 307 Temporary Redirect"
2026-05-25 17:47:05,993 - INFO - HTTP Request: HEAD https://huggingface.co/api/resolve-cache/models/sentence-transformers/all-MiniLM-L6-v2/c9745ed1d9f207416be6d2e6f8de32d1f16199bf/config.json "HTTP/1.1 200 OK"
2026-05-25 17:47:06,013 - INFO - HTTP Request: HEAD https://huggingface.co/sentence-transformers/all-MiniLM-L6-v2/resolve/main/config.json "HTTP/1.1 307 Temporary Redirect"
2026-05-25 17:47:06,022 - INFO - HTTP Request: HEAD https://huggingface.co/api/resolve-cache/models/sentence-transformers/all-MiniLM-L6-v2/c9745ed1d9f207416be6d2e6f8de32d1f16199bf/config.json "HTTP/1.1 200 OK"
2026-05-25 17:47:06,044 - INFO - HTTP Request: HEAD https://huggingface.co/sentence-transformers/all-MiniLM-L6-v2/resolve/main/tokenizer_config.json "HTTP/1.1 307 Temporary Redirect"
2026-05-25 17:47:06,054 - INFO - HTTP Request: HEAD https://huggingface.co/api/resolve-cache/models/sentence-transformers/all-MiniLM-L6-v2/c9745ed1d9f207416be6d2e6f8de32d1f16199bf/tokenizer_config.json "HTTP/1.1 200 OK"
2026-05-25 17:47:06,076 - INFO - HTTP Request: GET https://huggingface.co/api/models/sentence-transformers/all-MiniLM-L6-v2/tree/main/additional_chat_templates?recursive=false&expand=false "HTTP/1.1 404 Not Found"
2026-05-25 17:47:06,101 - INFO - HTTP Request: GET https://huggingface.co/api/models/sentence-transformers/all-MiniLM-L6-v2/tree/main?recursive=true&expand=false "HTTP/1.1 200 OK"
2026-05-25 17:47:06,156 - INFO - HTTP Request: HEAD https://huggingface.co/sentence-transformers/all-MiniLM-L6-v2/resolve/main/1_Pooling/config.json "HTTP/1.1 307 Temporary Redirect"
2026-05-25 17:47:06,166 - INFO - HTTP Request: HEAD https://huggingface.co/api/resolve-cache/models/sentence-transformers/all-MiniLM-L6-v2/c9745ed1d9f207416be6d2e6f8de32d1f16199bf/1_Pooling%2Fconfig.json "HTTP/1.1 200 OK"
2026-05-25 17:47:06,188 - INFO - HTTP Request: GET https://huggingface.co/api/models/sentence-transformers/all-MiniLM-L6-v2 "HTTP/1.1 200 OK"
2026-05-25 17:47:06,192 - INFO - AI Model loaded successfully.
2026-05-25 17:47:06,192 - INFO - --- Scraper service started (CI Mode: Run Once) ---
2026-05-25 17:47:06,192 - INFO - --- Starting new scraping job (Parallel Mode) ---
2026-05-25 17:47:06,192 - INFO - Connecting to Google Sheets...
2026-05-25 17:47:08,752 - INFO - Connected to Sheet: News Scrapper AI / Sheet1
2026-05-25 17:47:08,752 - INFO - Fetching existing data to build cache...
2026-05-25 17:47:25,986 - INFO - Loaded 61562 rows from sheet.
2026-05-25 17:47:27,103 - INFO - Cache built: 61562 URLs. Current MAX_ID: 61664
2026-05-25 17:47:27,109 - INFO - Creating new robust session with 3 retries on 5xx/connection/read errors.
2026-05-25 17:47:27,109 - INFO - Proxy is DISABLED.
2026-05-25 17:47:27,109 - INFO - Starting scrape for BBC RSS feed: http://feeds.bbci.co.uk/news/world/rss.xml
2026-05-25 17:47:27,111 - INFO - [Times of India] (Thread) requires Selenium. Initializing driver...
2026-05-25 17:47:27,111 - INFO - Starting scrape for The Guardian RSS feed: https://www.theguardian.com/world/rss
2026-05-25 17:47:27,112 - INFO - [The Hindu] (Thread) requires Selenium. Initializing driver...
2026-05-25 17:47:27,113 - INFO - [The Dawn] (Thread) requires Selenium. Initializing driver...
2026-05-25 17:47:27,114 - INFO - [Al Jazeera] (Thread) requires Selenium. Initializing driver...
2026-05-25 17:47:27,114 - INFO - Starting scrape for TechCrunch RSS feed: https://techcrunch.com/feed/
2026-05-25 17:47:27,115 - INFO - [Economic Times] (Thread) requires Selenium. Initializing driver...
2026-05-25 17:47:27,115 - INFO - Submitted 8 jobs to thread pool. Waiting up to 420s for completion...
2026-05-25 17:47:27,230 - INFO - Found 0 articles in TechCrunch RSS feed. Processing until 30 new articles are saved.
2026-05-25 17:47:27,239 - INFO - Found 27 articles in BBC RSS feed. Processing until 30 new articles are saved.
2026-05-25 17:47:27,240 - INFO - [BBC] Early skip: URL https://www.bbc.com/news/articles/cglpp2yk336o?at_medium=RSS&at_campaign=rss already exists.
2026-05-25 17:47:27,241 - INFO - [BBC] Early skip: URL https://www.bbc.com/news/articles/c809m7g29r7o?at_medium=RSS&at_campaign=rss already exists.
2026-05-25 17:47:27,242 - INFO - [BBC] Article: https://www.bbc.com/news/articles/c1e22n55zn4o?at_medium=RSS&at_campaign=rss
2026-05-25 17:47:27,243 - INFO - [BBC] Attempt 1/1: Trying with 'requests_browser' strategy...
2026-05-25 17:47:27,469 - INFO - Found 45 articles in The Guardian RSS feed. Processing until 30 new articles are saved.
2026-05-25 17:47:27,470 - INFO - [The Guardian] Article: https://www.theguardian.com/world/2026/may/25/spread-of-ebola-in-drc-outpacing-response-efforts-warns-who
2026-05-25 17:47:27,470 - INFO - [The Guardian] Attempt 1/1: Trying with 'requests_browser' strategy...
2026-05-25 17:47:27,611 - INFO - [The Guardian] Success with 'requests_browser'. Found content (548 words).
2026-05-25 17:47:27,669 - INFO - [BBC] Success with 'requests_browser'. Found content (507 words).
2026-05-25 17:47:28,288 - INFO - Selenium driver initialized successfully (Eager load strategy, 7s timeout).
2026-05-25 17:47:28,288 - INFO - Starting scrape for Times of India RSS feed: https://timesofindia.indiatimes.com/rssfeeds/296589292.cms
2026-05-25 17:47:28,432 - INFO - Selenium driver initialized successfully (Eager load strategy, 7s timeout).
2026-05-25 17:47:28,439 - INFO - Starting scrape for The Hindu RSS feed: https://www.thehindu.com/news/national/feeder/default.rss
2026-05-25 17:47:28,437 - INFO - Selenium driver initialized successfully (Eager load strategy, 7s timeout).
2026-05-25 17:47:28,450 - INFO - Starting scrape for The Dawn RSS feed: https://www.dawn.com/feeds/home
2026-05-25 17:47:28,479 - INFO - Selenium driver initialized successfully (Eager load strategy, 7s timeout).
2026-05-25 17:47:28,479 - INFO - Starting scrape for Al Jazeera RSS feed: https://www.aljazeera.com/xml/rss/all.xml
2026-05-25 17:47:28,515 - INFO - Selenium driver initialized successfully (Eager load strategy, 7s timeout).
2026-05-25 17:47:28,515 - INFO - Starting scrape for Economic Times RSS feed: https://economictimes.indiatimes.com/rssfeedsdefault.cms
2026-05-25 17:47:28,526 - INFO - Found 20 articles in Times of India RSS feed. Processing until 30 new articles are saved.
2026-05-25 17:47:28,527 - INFO - [Times of India] Article: https://timesofindia.indiatimes.com/world/us/can-money-buy-happiness-bill-gates-offers-a-surprisingly-honest-answer/articleshow/131314544.cms
2026-05-25 17:47:28,527 - INFO - [Times of India] Attempt 1/1: Trying with 'selenium_browser' strategy...
2026-05-25 17:47:28,653 - INFO - Found 26 articles in The Dawn RSS feed. Processing until 30 new articles are saved.
2026-05-25 17:47:28,654 - INFO - [The Dawn] Early skip: URL https://www.dawn.com/news/2003043/trump-demands-widespread-sign-up-to-abraham-accords-as-part-of-iran-peace-deal already exists.
2026-05-25 17:47:28,655 - INFO - [The Dawn] Early skip: URL https://www.dawn.com/news/2002979/chinas-xi-hails-unbreakable-ties-praises-pakistans-role-in-iran-peace-efforts-as-he-meets-pm-shehbaz already exists.
2026-05-25 17:47:28,658 - INFO - [The Dawn] Article: https://www.dawn.com/news/2003056/opposition-may-quit-assemblies-if-govt-does-not-change-its-attitude-towards-imran-achakzai
2026-05-25 17:47:28,658 - INFO - [The Dawn] Attempt 1/2: Trying with 'requests_browser' strategy...
2026-05-25 17:47:28,756 - INFO - Found 60 articles in The Hindu RSS feed. Processing until 30 new articles are saved.
2026-05-25 17:47:28,756 - INFO - [The Hindu] Article: https://www.thehindu.com/news/national/karnataka/farmers-are-an-integral-part-of-alco-bev-industry-do-not-leave-them-behind-timmapur-urges-industry/article71022408.ece
2026-05-25 17:47:28,756 - INFO - [The Hindu] Attempt 1/1: Trying with 'selenium_browser' strategy...
2026-05-25 17:47:28,784 - INFO - Found 25 articles in Al Jazeera RSS feed. Processing until 30 new articles are saved.
2026-05-25 17:47:28,786 - INFO - [Al Jazeera] Article: https://www.aljazeera.com/gallery/2026/5/25/over-1-5-million-pilgrims-begin-hajj-amid-regional-tensions?traffic_source=rss
2026-05-25 17:47:28,787 - INFO - [Al Jazeera] Attempt 1/2: Trying with 'requests_browser' strategy...
2026-05-25 17:47:28,785 - INFO - [The Dawn] Success with 'requests_browser'. Found content (354 words).
2026-05-25 17:47:28,903 - INFO - [Al Jazeera] Success with 'requests_browser'. Found content (394 words).
2026-05-25 17:47:28,965 - INFO - Found 76 articles in Economic Times RSS feed. Processing until 30 new articles are saved.
2026-05-25 17:47:28,965 - INFO - [Economic Times] Early skip: URL https://economictimes.indiatimes.com/markets/stocks/news/hfcl-shares-soar-10-to-fresh-record-high-skyrocket-172-in-four-months-should-you-buy-or-wait/articleshow/131304808.cms already exists.
2026-05-25 17:47:28,968 - INFO - [Economic Times] Early skip: URL https://economictimes.indiatimes.com/mf/analysis/can-salary-linked-sips-transform-mutual-fund-investing-for-salaried-indians-experts-weigh-in/articleshow/131301833.cms already exists.
2026-05-25 17:47:28,969 - INFO - [Economic Times] Early skip: URL https://economictimes.indiatimes.com/markets/stocks/news/nykaa-vs-honasa-which-stock-should-you-buy-after-q4-earnings-heres-what-experts-say/articleshow/131299791.cms already exists.
2026-05-25 17:47:28,971 - INFO - [Economic Times] Early skip: URL https://economictimes.indiatimes.com/markets/stocks/news/wipros-rs-15000-crore-share-buyback-at-23-premium-should-you-buy-before-record-date/articleshow/131303050.cms already exists.
2026-05-25 17:47:28,972 - INFO - [Economic Times] Early skip: URL https://economictimes.indiatimes.com/markets/stocks/news/why-foreign-investors-are-exiting-nifty-giants-to-hunt-in-indias-small-and-midcap-market/articleshow/131300313.cms already exists.
2026-05-25 17:47:28,973 - INFO - [Economic Times] Early skip: URL https://economictimes.indiatimes.com/markets/stocks/news/melody-effect-wrong-parle-stock-hits-5-upper-circuit-for-4th-day-up-21-since-pm-modis-gift-for-meloni/articleshow/131303505.cms already exists.
2026-05-25 17:47:28,974 - INFO - [Economic Times] Early skip: URL https://economictimes.indiatimes.com/news/economy/policy/100-is-just-a-number-let-rupee-depreciate-or-reserves-will-bleed-out-16th-finance-commission-chief-arvind-panagariyas-advice-to-rbi/articleshow/131254920.cms already exists.
2026-05-25 17:47:28,976 - INFO - [Economic Times] Early skip: URL https://economictimes.indiatimes.com/news/economy/indicators/india-needs-to-raise-rd-spending-to-2-pc-of-gdp-by-2035-to-boost-manufacturing-report/articleshow/131225768.cms already exists.
2026-05-25 17:47:28,977 - INFO - [Economic Times] Early skip: URL https://economictimes.indiatimes.com/news/economy/indicators/why-cea-anantha-nageswaran-says-india-is-facing-a-live-balance-of-payments-stress-test/articleshow/131221828.cms already exists.
2026-05-25 17:47:28,978 - INFO - [Economic Times] Early skip: URL https://economictimes.indiatimes.com/news/economy/policy/rbi-draft-for-upper-layer-non-banks-affects-cics-disproportionately-raises-compliances-costs/articleshow/130394099.cms already exists.
2026-05-25 17:47:28,981 - INFO - [Economic Times] Early skip: URL https://economictimes.indiatimes.com/news/economy/foreign-trade/exporters-seek-removal-of-cap-on-interest-subvention/articleshow/130341339.cms already exists.
2026-05-25 17:47:28,982 - INFO - [Economic Times] Early skip: URL https://economictimes.indiatimes.com/news/economy/indicators/macro-buffers-to-help-india-tide-over-gulf-crisis-world-bank/articleshow/130152815.cms already exists.
2026-05-25 17:47:28,989 - INFO - [Economic Times] Early skip: URL https://economictimes.indiatimes.com/tech/technology/apple-faces-indian-engineers-bias-lawsuit/articleshow/81694292.cms already exists.
2026-05-25 17:47:28,991 - INFO - [Economic Times] Early skip: URL https://economictimes.indiatimes.com/news/defence/despite-transatlantic-love-fest-eu-charts-third-way-in-ties-with-us-and-china/articleshow/81467467.cms already exists.
2026-05-25 17:47:28,992 - INFO - [Economic Times] Early skip: URL https://economictimes.indiatimes.com/tech/tech-bytes/twitters-india-policy-head-to-step-down-will-transition-in-march/articleshow/80732868.cms already exists.
2026-05-25 17:47:28,993 - INFO - [Economic Times] Early skip: URL https://economictimes.indiatimes.com/tech/tech-and-gadgets/govt-may-keep-rs-7500-cr-outlay-for-it-hardware-manufacturing-under-pli-scheme/articleshow/80333429.cms already exists.
2026-05-25 17:47:28,994 - INFO - [Economic Times] Early skip: URL https://economictimes.indiatimes.com/tech/technology/indian-dating-apps-services-see-surge-of-paying-users-in-small-cities/articleshow/80063342.cms already exists.
2026-05-25 17:47:28,996 - INFO - [Economic Times] Early skip: URL https://economictimes.indiatimes.com/tech/technology/time-for-govt-cos-to-adopt-ai-deloitte-india/articleshow/79981215.cms already exists.
2026-05-25 17:47:28,997 - INFO - [Economic Times] Early skip: URL https://economictimes.indiatimes.com/news/defence/britains-navy-prepares-to-clear-mines-in-the-strait-of-hormuz-while-waiting-for-a-peace-deal/articleshow/131299042.cms already exists.
2026-05-25 17:47:28,998 - INFO - [Economic Times] Early skip: URL https://economictimes.indiatimes.com/trending/white-house-shooting-breaking-news-who-was-nasire-best-maryland-secret-service-donald-trump-security-breach/articleshow/131288029.cms already exists.
2026-05-25 17:47:29,000 - INFO - [Economic Times] Early skip: URL https://economictimes.indiatimes.com/news/international/world-news/dozens-feared-trapped-in-philippines-building-collapse/articleshow/131287983.cms already exists.
2026-05-25 17:47:29,002 - INFO - [Economic Times] Early skip: URL https://economictimes.indiatimes.com/news/international/world-news/chinese-president-xi-jinping-orders-rescue-efforts-after-shanxi-coal-mine-blast-kills-8-traps-38/articleshow/131271398.cms already exists.
2026-05-25 17:47:29,004 - INFO - [Economic Times] Early skip: URL https://economictimes.indiatimes.com/news/international/business/us-jury-finds-boeing-not-guilty-in-737-max-grounding-lawsuit/articleshow/131271047.cms already exists.
2026-05-25 17:47:29,005 - INFO - [Economic Times] Early skip: URL https://economictimes.indiatimes.com/news/defence/trump-to-deploy-5000-troops-to-poland-post-karol-nawrockis-election-as-president/articleshow/131254518.cms already exists.
2026-05-25 17:47:29,007 - INFO - [Economic Times] Early skip: URL https://economictimes.indiatimes.com/news/elections/assembly-elections/assam/done-deal-cm-himanta-biswa-sarma-on-nda-seat-sharing-for-assam-polls/articleshow/128678098.cms already exists.
2026-05-25 17:47:29,012 - INFO - [Economic Times] Early skip: URL https://economictimes.indiatimes.com/news/elections/assembly-elections/bihar/rare-intensive-revision-in-bihar-four-months-before-polls/articleshow/122167501.cms already exists.
2026-05-25 17:47:29,014 - INFO - [Economic Times] Early skip: URL https://economictimes.indiatimes.com/news/elections/assembly-elections/delhi/bjp-accuses-kejriwal-of-sending-voters-hoax-calls-to-mislead/articleshow/117579007.cms already exists.
2026-05-25 17:47:29,015 - INFO - [Economic Times] Early skip: URL https://economictimes.indiatimes.com/news/elections/lok-sabha/india/lok-sabha-election-2024-maharashtra-get-interesting-after-splits-in-shiv-sena-ncp/articleshow/108559788.cms already exists.
2026-05-25 17:47:29,016 - INFO - [Economic Times] Early skip: URL https://economictimes.indiatimes.com/news/elections/lok-sabha/india/modi-charisma-key-factor-in-bjps-bid-to-retain-all-26-seats-in-gujarat/articleshow/108550858.cms already exists.
2026-05-25 17:47:29,018 - INFO - [Economic Times] Early skip: URL https://economictimes.indiatimes.com/news/elections/lok-sabha/india/implementation-of-guarantees-decline-of-brs-favour-congress-in-telangana-bjp-aiming-for-better-show/articleshow/108548569.cms already exists.
2026-05-25 17:47:29,021 - INFO - [Economic Times] Early skip: URL https://economictimes.indiatimes.com/traders-bet-on-calendar-spread-as-nifty-moves-in-a-tight-range/articleshow/6302358.cms already exists.
2026-05-25 17:47:29,022 - INFO - [Economic Times] Early skip: URL https://economictimes.indiatimes.com/nifty-may-find-support-at-5300-level/articleshow/6296017.cms already exists.
2026-05-25 17:47:29,024 - INFO - [Economic Times] Early skip: URL https://economictimes.indiatimes.com/seven-out-of-top-10-asian-small-cap-funds-are-indian/articleshow/6295976.cms already exists.
2026-05-25 17:47:29,025 - INFO - [Economic Times] Early skip: URL https://economictimes.indiatimes.com/inflation-reflects-growth-dynamics-in-india-christopher-wood/articleshow/6274053.cms already exists.
2026-05-25 17:47:29,026 - INFO - [Economic Times] Early skip: URL https://economictimes.indiatimes.com/market-may-trade-in-a-range-but-fiis-seen-sold-on-india/articleshow/6277705.cms already exists.
2026-05-25 17:47:29,027 - INFO - [Economic Times] Early skip: URL https://economictimes.indiatimes.com/dont-bank-only-on-price-to-earning-ratio/articleshow/6278228.cms already exists.
2026-05-25 17:47:29,029 - INFO - [Economic Times] Early skip: URL https://economictimes.indiatimes.com/markets/stocks/recos/prabhudas-lilladher-has-a-reduce-rating-on-infosys/articleshow/3798718.cms already exists.
2026-05-25 17:47:29,030 - INFO - [Economic Times] Early skip: URL https://economictimes.indiatimes.com/markets/stocks/recos/fin-crisis-too-late-and-too-little-done-in-us/articleshow/3794549.cms already exists.
2026-05-25 17:47:29,031 - INFO - [Economic Times] Early skip: URL https://economictimes.indiatimes.com/markets/forex/weak-rupee-takes-its-toll-on-cos-with-huge-foreign-debt/articleshow/3546158.cms already exists.
2026-05-25 17:47:29,034 - INFO - [Economic Times] Early skip: URL https://economictimes.indiatimes.com/markets/stocks/recos/wait-for-more-signals-before-turning-positive/articleshow/3292640.cms already exists.
2026-05-25 17:47:29,036 - INFO - [Economic Times] Early skip: URL https://economictimes.indiatimes.com/news/company/corporate-trends/six-indian-cos-among-businessweeks-top-100-infotech-firms/articleshow/3189334.cms already exists.
2026-05-25 17:47:29,037 - INFO - [Economic Times] Early skip: URL https://economictimes.indiatimes.com/news/company/corporate-trends/indian-firms-slip-in-global-ranking-four-move-out-of-top-500/articleshow/3177077.cms already exists.
2026-05-25 17:47:29,039 - INFO - [Economic Times] Early skip: URL https://economictimes.indiatimes.com/markets/stocks/news/big-daddy-laps-up-cipla-after-q1-nos-beat-forecast/articleshow/6308646.cms already exists.
2026-05-25 17:47:29,040 - INFO - [Economic Times] Early skip: URL https://economictimes.indiatimes.com/markets/stocks/news/old-fox-has-dream-run-on-dalal-street/articleshow/6308631.cms already exists.
2026-05-25 17:47:29,041 - INFO - [Economic Times] Early skip: URL https://economictimes.indiatimes.com/markets/stocks/news/cairn-india-hits-record-high-on-bse-amid-stake-sale-talks/articleshow/6306679.cms already exists.
2026-05-25 17:47:29,043 - INFO - [Economic Times] Early skip: URL https://economictimes.indiatimes.com/markets/stocks/news/vedanta-plunges-5-59-per-cent-on-lse-amid-talks-to-buy-cairn-stake/articleshow/6306526.cms already exists.
2026-05-25 17:47:29,044 - INFO - [Economic Times] Early skip: URL https://economictimes.indiatimes.com/markets/stocks/news/sbi-shares-on-gaining-spree-hit-record-high/articleshow/6306241.cms already exists.
2026-05-25 17:47:29,045 - INFO - [Economic Times] Early skip: URL https://economictimes.indiatimes.com/fm-must-rethink/articleshow/5645094.cms already exists.
2026-05-25 17:47:29,046 - INFO - [Economic Times] Early skip: URL https://economictimes.indiatimes.com/amalgamate-banks/articleshow/5645086.cms already exists.
2026-05-25 17:47:29,048 - INFO - [Economic Times] Early skip: URL https://economictimes.indiatimes.com/managing-data/articleshow/5117958.cms already exists.
2026-05-25 17:47:29,049 - INFO - [Economic Times] Early skip: URL https://economictimes.indiatimes.com/right-technology/articleshow/5117957.cms already exists.
2026-05-25 17:47:29,051 - INFO - [Economic Times] Early skip: URL https://economictimes.indiatimes.com/et-search/articleshow/21646857.cms already exists.
2026-05-25 17:47:29,053 - INFO - [Economic Times] Early skip: URL https://economictimes.indiatimes.com/after-the-oscars-whats-next-for-silent-stars-of-the-artist/articleshow/12075465.cms already exists.
2026-05-25 17:47:29,054 - INFO - [Economic Times] Early skip: URL https://economictimes.indiatimes.com/delhi-world-book-fair-a-fair-like-no-other/articleshow/12028630.cms already exists.
2026-05-25 17:47:29,055 - INFO - [Economic Times] Early skip: URL https://economictimes.indiatimes.com/lk-advanis-gift-makes-its-way-to-state-department-exhibition-hall/articleshow/12017534.cms already exists.
2026-05-25 17:47:29,056 - INFO - [Economic Times] Early skip: URL https://economictimes.indiatimes.com/india-meteorological-department-to-use-dynamic-models-for-forecasts/articleshow/11983844.cms already exists.
2026-05-25 17:47:29,058 - INFO - [Economic Times] Early skip: URL https://economictimes.indiatimes.com/documents-reveal-contents-of-the-first-telegraph-message-between-india-england/articleshow/11976488.cms already exists.
2026-05-25 17:47:29,059 - INFO - [Economic Times] Early skip: URL https://economictimes.indiatimes.com/worried-amitabh-bachchan-fans-pray-to-lord-shiva-for-his-recovery/articleshow/11963187.cms already exists.
2026-05-25 17:47:29,060 - INFO - [Economic Times] Early skip: URL https://economictimes.indiatimes.com/opinion/interviews/every-decision-of-government-neednt-be-a-big-reform-anand-mahindra/articleshow/35919571.cms already exists.
2026-05-25 17:47:29,062 - INFO - [Economic Times] Early skip: URL https://economictimes.indiatimes.com/opinion/interviews/narendra-modi-has-his-eyes-set-on-boosting-business-joao-cravinho-eu-ambassador/articleshow/35973824.cms already exists.
2026-05-25 17:47:29,063 - INFO - [Economic Times] Early skip: URL https://economictimes.indiatimes.com/opinion/interviews/confidence-level-of-industry-improving-kv-kamath-icici-bank/articleshow/35945669.cms already exists.
2026-05-25 17:47:29,065 - INFO - [Economic Times] Early skip: URL https://economictimes.indiatimes.com/opinion/interviews/we-may-see-rapid-growth-over-the-next-few-years-raamdeo-agrawal/articleshow/35831378.cms already exists.
2026-05-25 17:47:29,067 - INFO - [Economic Times] Early skip: URL https://economictimes.indiatimes.com/opinion/interviews/our-commitment-for-press-freedom-and-autonomy-of-public-broadcast-is-absolute-prakash-javadekar/articleshow/35803396.cms already exists.
2026-05-25 17:47:29,068 - INFO - [Economic Times] Early skip: URL https://economictimes.indiatimes.com/opinion/interviews/there-is-a-leadership-vacuum-in-infosys-time-to-get-nandan-nilekani-back-mohandas-pai/articleshow/35716682.cms already exists.
2026-05-25 17:47:29,070 - INFO - [Economic Times] Early skip: URL https://economictimes.indiatimes.com/markets/stocks/news/fpis-pull-out-rs-27000-cr-in-may-2026-outflows-hit-rs-2-2-lakh-cr-mark/articleshow/131149440.cms already exists.
2026-05-25 17:47:29,071 - INFO - [Economic Times] Early skip: URL https://economictimes.indiatimes.com/markets/stocks/news/oil-prices-to-hit-150-how-indian-stock-markets-may-react-as-iran-war-rages-on/articleshow/129587020.cms already exists.
2026-05-25 17:47:29,073 - INFO - [Economic Times] Early skip: URL https://economictimes.indiatimes.com/markets/us-stocks/news/why-a-7030-india-global-portfolio-makes-sense-in-a-changing-world-subho-moulik-decodes/articleshow/127604085.cms already exists.
2026-05-25 17:47:29,074 - INFO - [Economic Times] Early skip: URL https://economictimes.indiatimes.com/markets/expert-view/kaynes-shares-plunge-43-from-october-peak-is-a-tactical-rebound-on-the-cards-or-more-pain-ahead/articleshow/125815992.cms already exists.
2026-05-25 17:47:29,075 - INFO - [Economic Times] Early skip: URL https://economictimes.indiatimes.com/markets/stocks/news/warren-buffett-is-buying-michael-burry-is-shorting-the-ai-trade-splitting-wall-street/articleshow/125815521.cms already exists.
2026-05-25 17:47:29,077 - INFO - [Economic Times] Early skip: URL https://economictimes.indiatimes.com/markets/ipos/fpos/softbank-backed-acevector-files-updated-ipo-papers-targets-to-raise-rs-300-cr-via-fresh-issue/articleshow/125813493.cms already exists.
2026-05-25 17:47:29,078 - INFO - [Economic Times] Early skip: URL https://economictimes.indiatimes.com/markets/stocks/news/alfa-laval-raises-delisting-price-to-rs-2850-a-share/articleshow/11437373.cms already exists.
2026-05-25 17:47:29,079 - INFO - [Economic Times] Early skip: URL https://economictimes.indiatimes.com/markets/stocks/news/db-realty-unitech-stocks-rose-after-top-executives-granted-bail-in-2g-scam/articleshow/10925114.cms already exists.
2026-05-25 17:47:29,081 - INFO - [Economic Times] Early skip: URL https://economictimes.indiatimes.com/markets/stocks/news/fitch-withdraws-reliance-capital-ratings/articleshow/10430814.cms already exists.
2026-05-25 17:47:29,082 - INFO - [Economic Times] Early skip: URL https://economictimes.indiatimes.com/markets/stocks/news/discoms-poor-financial-health-poses-risks-for-power-traders-fitch/articleshow/10430186.cms already exists.
2026-05-25 17:47:29,084 - INFO - [Economic Times] Early skip: URL https://economictimes.indiatimes.com/markets/stocks/news/cigarette-companies-price-hikes-with-higher-volumes-hold-promise/articleshow/9277179.cms already exists.
2026-05-25 17:47:29,087 - INFO - [Economic Times] Early skip: URL https://economictimes.indiatimes.com/markets/stocks/news/lovable-lingeries-dream-run-on-as-traders-lap-it-up/articleshow/8894615.cms already exists.
2026-05-25 17:47:29,088 - INFO - [Economic Times] (Thread) Finished. Attempting to shut down its Selenium driver.
2026-05-25 17:47:29,331 - INFO - [Economic Times] (Thread) driver.quit() successful.
2026-05-25 17:47:29,499 - INFO - [Times of India] Page content loaded.
2026-05-25 17:47:29,802 - INFO - [Times of India] Success with 'selenium_browser'. Found content (634 words).
2026-05-25 17:47:30,002 - INFO - [The Hindu] Page content loaded.
2026-05-25 17:47:30,095 - INFO - [The Hindu] Success with 'selenium_browser'. Found content (331 words).
2026-05-25 17:47:51,555 - INFO - DEDUPLICATION: Found match (Score: 0.86). Linking to Cluster ID: ac36aae6-ebca-4ec6-8489-217ac859d75c
2026-05-25 17:47:53,856 - INFO - >>> SUCCESSFULLY SAVED [ID: 61665] - Spread of Ebola in DRC ‘outpacing’ response efforts, warns WHO | Democratic Republic of the Congo | The Guardian from The Guardian (548 words)
2026-05-25 17:47:54,928 - INFO - [The Guardian] Early skip: URL https://www.theguardian.com/world/2026/may/25/same-sex-marriage-botswana-couple-court already exists.
2026-05-25 17:47:54,929 - INFO - [The Guardian] Early skip: URL https://www.theguardian.com/world/2026/may/24/suspected-ebola-cases-congo-health-workers-attacks already exists.
2026-05-25 17:47:54,930 - INFO - [The Guardian] Early skip: URL https://www.theguardian.com/global-development/2026/may/24/hunger-weapon-of-war-food-violence-surges already exists.
2026-05-25 17:47:54,932 - INFO - [The Guardian] Early skip: URL https://www.theguardian.com/world/2026/may/23/white-house-pauses-detainee-removal-drc-ebola already exists.
2026-05-25 17:47:54,933 - INFO - [The Guardian] Early skip: URL https://www.theguardian.com/world/2026/may/25/venezuela-inmates-occupy-prison-roof-protest-alleged-abuses already exists.
2026-05-25 17:47:54,934 - INFO - [The Guardian] Early skip: URL https://www.theguardian.com/world/2026/may/23/canadians-refugees-rejected-face-ice-detention already exists.
2026-05-25 17:47:54,935 - INFO - [The Guardian] Early skip: URL https://www.theguardian.com/us-news/2026/may/22/kilmar-abrego-garcia-case-dismissed already exists.
2026-05-25 17:47:54,936 - INFO - [The Guardian] Early skip: URL https://www.theguardian.com/world/2026/may/22/canada-mark-carney-alberta-secession already exists.
2026-05-25 17:47:54,938 - INFO - [The Guardian] Early skip: URL https://www.theguardian.com/us-news/2026/may/22/venezuelan-makeup-artist-cecot-spain-asylum already exists.
2026-05-25 17:47:54,939 - INFO - [The Guardian] Early skip: URL https://www.theguardian.com/world/2026/may/25/laos-flooded-cave-thai-rescuers already exists.
2026-05-25 17:47:54,940 - INFO - [The Guardian] Early skip: URL https://www.theguardian.com/world/2026/may/23/china-mine-explosion-shanxi-deaths-xi-jinping already exists.
2026-05-25 17:47:54,941 - INFO - [The Guardian] Early skip: URL https://www.theguardian.com/environment/2026/may/22/un-climate-crisis-vote-shows-political-momentum-growing-experts already exists.
2026-05-25 17:47:54,942 - INFO - [The Guardian] Early skip: URL https://www.theguardian.com/world/2026/may/22/us-arms-sales-taiwan-pause-iran-war-says-acting-navy-chief already exists.
2026-05-25 17:47:54,943 - INFO - [The Guardian] Early skip: URL https://www.theguardian.com/environment/2026/may/22/slow-moving-bands-heavy-rain-flooding-landslides-china already exists.
2026-05-25 17:47:54,944 - INFO - [The Guardian] Early skip: URL https://www.theguardian.com/australia-news/2026/may/26/teals-eye-party-structure-to-fill-liberal-vacuum-and-counter-one-nation already exists.
2026-05-25 17:47:54,946 - INFO - [The Guardian] Early skip: URL https://www.theguardian.com/australia-news/2026/may/26/stolen-generation-survivors-national-plan-ntwnfb already exists.
2026-05-25 17:47:54,947 - INFO - [The Guardian] Early skip: URL https://www.theguardian.com/world/2026/may/25/bhp-files-leak-mining-company-climate-action already exists.
2026-05-25 17:47:54,948 - INFO - [The Guardian] Early skip: URL https://www.theguardian.com/world/2026/may/25/bhp-diesel-trucks-pilbara-australia-mining-climate-pollution already exists.
2026-05-25 17:47:54,949 - INFO - [The Guardian] Early skip: URL https://www.theguardian.com/world/2026/may/25/bhp-mining-pilbara-iron-ore-plant-to-drastically-cut-emissions-scrapped already exists.
2026-05-25 17:47:54,951 - INFO - [The Guardian] Article: https://www.theguardian.com/uk-news/2026/may/25/uk-heat-may-temperature-record-weather
2026-05-25 17:47:54,951 - INFO - [The Guardian] Attempt 1/1: Trying with 'requests_browser' strategy...
2026-05-25 17:47:55,152 - INFO - [The Guardian] Success with 'requests_browser'. Found content (606 words).
2026-05-25 17:48:07,705 - INFO - >>> SUCCESSFULLY SAVED [ID: 61666] - Russia threatens more Kyiv strikes and tells foreign nationals to leave from BBC (507 words)
2026-05-25 17:48:09,074 - INFO - [BBC] Article: https://www.bbc.com/news/articles/c1l22pg12mpo?at_medium=RSS&at_campaign=rss
2026-05-25 17:48:09,074 - INFO - [BBC] Attempt 1/1: Trying with 'requests_browser' strategy...
2026-05-25 17:48:09,128 - INFO - [BBC] Success with 'requests_browser'. Found content (408 words).
2026-05-25 17:48:21,784 - INFO - >>> SUCCESSFULLY SAVED [ID: 61667] - Opposition may quit assemblies if govt does not change its attitude towards Imran: Achakzai - Pakistan - DAWN.COM from The Dawn (354 words)
2026-05-25 17:48:22,718 - INFO - [The Dawn] Early skip: URL https://www.dawn.com/news/2003045/margalla-hills-fire-brought-under-control-cooling-process-underway-district-admin already exists.
2026-05-25 17:48:22,719 - INFO - [The Dawn] Early skip: URL https://www.dawn.com/news/2003054/newly-married-couple-shot-dead-in-karachis-malir-area-police already exists.
2026-05-25 17:48:22,720 - INFO - [The Dawn] Early skip: URL https://www.dawn.com/news/2003033/prince-aga-khan-assures-kp-cm-sohail-afridi-of-investment-in-the-province already exists.
2026-05-25 17:48:22,721 - INFO - [The Dawn] Early skip: URL https://www.dawn.com/news/2003035/who-chief-says-suspected-ebola-deaths-at-220-and-epidemic-is-outpacing-us already exists.
2026-05-25 17:48:22,723 - INFO - [The Dawn] Early skip: URL https://www.dawn.com/news/2003026/militants-blow-up-govt-school-basic-health-unit-in-kps-tank already exists.
2026-05-25 17:48:22,724 - INFO - [The Dawn] Early skip: URL https://www.dawn.com/news/2003042/deputy-pm-dar-to-visit-new-york-from-may-26-28-for-un-meetings already exists.
2026-05-25 17:48:22,726 - INFO - [The Dawn] Article: https://www.dawn.com/news/2003023/founder-of-viral-indian-gen-z-account-alleges-crackdown-threats
2026-05-25 17:48:22,726 - INFO - [The Dawn] Attempt 1/2: Trying with 'requests_browser' strategy...
2026-05-25 17:48:22,771 - INFO - [The Dawn] Success with 'requests_browser'. Found content (470 words).
2026-05-25 17:48:36,038 - INFO - >>> SUCCESSFULLY SAVED [ID: 61668] - Over 1.5 million pilgrims begin Hajj amid regional tensions | Religion News | Al Jazeera from Al Jazeera (394 words)
2026-05-25 17:48:37,465 - INFO - [Al Jazeera] Article: https://www.aljazeera.com/video/newsfeed/2026/5/25/how-technology-is-shaping-hajj?traffic_source=rss
2026-05-25 17:48:37,465 - INFO - [Al Jazeera] Attempt 1/2: Trying with 'requests_browser' strategy...
2026-05-25 17:48:37,500 - WARNING - [Al Jazeera] FAILED with 'requests_browser' (content was too short: 53 words).
2026-05-25 17:48:38,039 - INFO - [Al Jazeera] Article: https://www.aljazeera.com/video/newsfeed/2026/5/25/how-technology-is-shaping-hajj?traffic_source=rss
2026-05-25 17:48:38,039 - INFO - [Al Jazeera] Attempt 2/2: Trying with 'selenium_browser' strategy...
2026-05-25 17:48:38,876 - INFO - [Al Jazeera] Page content loaded.
2026-05-25 17:48:39,038 - WARNING - [Al Jazeera] FAILED with 'selenium_browser' (content was too short: 53 words).
2026-05-25 17:48:39,038 - ERROR - [Al Jazeera] All scrape strategies failed for https://www.aljazeera.com/video/newsfeed/2026/5/25/how-technology-is-shaping-hajj?traffic_source=rss. Falling back to RSS description.
2026-05-25 17:48:39,039 - WARNING - SKIPPED (GLOBAL WORD LIMIT): Article 'How technology is shaping Hajj' from Al Jazeera has only 17 words (Min: 90).
2026-05-25 17:48:40,478 - INFO - [Al Jazeera] Article: https://www.aljazeera.com/news/2026/5/25/pope-says-ai-must-be-disarmed-to-prevent-domination-exclusion-and-death?traffic_source=rss
2026-05-25 17:48:40,479 - INFO - [Al Jazeera] Attempt 1/2: Trying with 'requests_browser' strategy...
2026-05-25 17:48:40,541 - INFO - [Al Jazeera] Success with 'requests_browser'. Found content (527 words).
2026-05-25 17:48:50,873 - INFO - >>> SUCCESSFULLY SAVED [ID: 61669] - Can money buy happiness? Bill Gates offers a surprisingly honest answer | World News - The Times of India from Times of India (634 words)
2026-05-25 17:48:52,293 - INFO - [Times of India] Article: https://timesofindia.indiatimes.com/world/us/the-abraham-accord-plus-trump-aims-for-grand-bargain-tying-islamic-world-including-iran-with-israel/articleshow/131314476.cms
2026-05-25 17:48:52,293 - INFO - [Times of India] Attempt 1/1: Trying with 'selenium_browser' strategy...
2026-05-25 17:48:53,988 - INFO - [Times of India] Page content loaded.
2026-05-25 17:48:54,240 - INFO - [Times of India] Success with 'selenium_browser'. Found content (858 words).
2026-05-25 17:49:06,960 - INFO - >>> SUCCESSFULLY SAVED [ID: 61670] - Farmers are an integral part of alco-bev industry, do not leave them behind: Timmapur urges industry - The Hindu from The Hindu (331 words)
2026-05-25 17:49:07,886 - INFO - [The Hindu] Article: https://www.thehindu.com/news/national/jammu-and-kashmir/over-200-tourists-stranded-in-gulmargs-high-altitude-cable-cars-rescued/article71022123.ece
2026-05-25 17:49:07,886 - INFO - [The Hindu] Attempt 1/1: Trying with 'selenium_browser' strategy...
2026-05-25 17:49:09,042 - INFO - [The Hindu] Page content loaded.
2026-05-25 17:49:09,138 - INFO - [The Hindu] Success with 'selenium_browser'. Found content (663 words).
2026-05-25 17:49:22,610 - INFO - >>> SUCCESSFULLY SAVED [ID: 61671] - UK records its hottest ever day in May as temperature hits 34.8C | UK weather | The Guardian from The Guardian (606 words)
2026-05-25 17:49:23,663 - INFO - [The Guardian] Early skip: URL https://www.theguardian.com/business/2026/may/25/oil-prices-fall-below-100-dollars-a-barrel-iran already exists.
2026-05-25 17:49:23,665 - INFO - [The Guardian] Article: https://www.theguardian.com/world/2026/may/25/far-right-elam-party-inspired-by-golden-dawn-makes-big-gains-in-cyprus-elections
2026-05-25 17:49:23,665 - INFO - [The Guardian] Attempt 1/1: Trying with 'requests_browser' strategy...
2026-05-25 17:49:23,791 - INFO - [The Guardian] Success with 'requests_browser'. Found content (734 words).
2026-05-25 17:49:38,638 - INFO - >>> SUCCESSFULLY SAVED [ID: 61672] - Nasire Best had previous run-ins with Secret Service, court documents show from BBC (408 words)
2026-05-25 17:49:40,003 - INFO - [BBC] Article: https://www.bbc.com/news/articles/clyppgvd3qzo?at_medium=RSS&at_campaign=rss
2026-05-25 17:49:40,004 - INFO - [BBC] Attempt 1/1: Trying with 'requests_browser' strategy...
2026-05-25 17:49:40,039 - INFO - [BBC] Success with 'requests_browser'. Found content (177 words).
2026-05-25 17:49:52,888 - INFO - >>> SUCCESSFULLY SAVED [ID: 61673] - Founder of viral Indian Gen Z account alleges crackdown, threats - World - DAWN.COM from The Dawn (470 words)
2026-05-25 17:49:53,465 - INFO - [The Dawn] Early skip: URL https://www.dawn.com/news/2003010/at-least-16-killed-7-injured-as-passenger-coach-collides-with-parked-bus-on-swat-motorway already exists.
2026-05-25 17:49:53,466 - INFO - [The Dawn] Early skip: URL https://www.dawn.com/news/2003008/iran-says-progress-on-many-issues-with-us-but-agreement-not-imminent already exists.
2026-05-25 17:49:53,468 - INFO - [The Dawn] Early skip: URL https://www.dawn.com/news/2003011/ihc-restrains-cda-from-dispossessing-residents-of-one-constitution-avenue already exists.
2026-05-25 17:49:53,470 - INFO - [The Dawn] Article: https://www.dawn.com/news/2002961/psx-opens-shortened-trading-week-on-bullish-note-kse-100-gains-4000-points-during-intraday-trade
2026-05-25 17:49:53,470 - INFO - [The Dawn] Attempt 1/2: Trying with 'requests_browser' strategy...
2026-05-25 17:49:53,526 - INFO - [The Dawn] Success with 'requests_browser'. Found content (258 words).
2026-05-25 17:50:07,064 - INFO - >>> SUCCESSFULLY SAVED [ID: 61674] - Pope says AI must be ‘disarmed’ to prevent domination, exclusion, and death | News | Al Jazeera from Al Jazeera (527 words)
2026-05-25 17:50:08,089 - INFO - [Al Jazeera] Article: https://www.aljazeera.com/video/newsfeed/2026/5/25/rescuers-search-for-survivors-after-hotel-collapse-in-philippines?traffic_source=rss
2026-05-25 17:50:08,089 - INFO - [Al Jazeera] Attempt 1/2: Trying with 'requests_browser' strategy...
2026-05-25 17:50:08,122 - WARNING - [Al Jazeera] FAILED with 'requests_browser' (content was too short: 61 words).
2026-05-25 17:50:08,709 - INFO - [Al Jazeera] Article: https://www.aljazeera.com/video/newsfeed/2026/5/25/rescuers-search-for-survivors-after-hotel-collapse-in-philippines?traffic_source=rss
2026-05-25 17:50:08,709 - INFO - [Al Jazeera] Attempt 2/2: Trying with 'selenium_browser' strategy...
2026-05-25 17:50:09,342 - INFO - [Al Jazeera] Page content loaded.
2026-05-25 17:50:09,425 - WARNING - [Al Jazeera] FAILED with 'selenium_browser' (content was too short: 61 words).
2026-05-25 17:50:09,425 - ERROR - [Al Jazeera] All scrape strategies failed for https://www.aljazeera.com/video/newsfeed/2026/5/25/rescuers-search-for-survivors-after-hotel-collapse-in-philippines?traffic_source=rss. Falling back to RSS description.
2026-05-25 17:50:09,425 - WARNING - SKIPPED (GLOBAL WORD LIMIT): Article 'Rescuers search for survivors after hotel collapse in Philippines' from Al Jazeera has only 9 words (Min: 90).
2026-05-25 17:50:10,378 - INFO - [Al Jazeera] Article: https://www.aljazeera.com/news/2026/5/25/russia-warns-foreigners-to-leave-kyiv-as-it-prepares-systematic-strikes?traffic_source=rss
2026-05-25 17:50:10,379 - INFO - [Al Jazeera] Attempt 1/2: Trying with 'requests_browser' strategy...
2026-05-25 17:50:10,429 - INFO - [Al Jazeera] Success with 'requests_browser'. Found content (629 words).
2026-05-25 17:50:19,339 - INFO - DEDUPLICATION: Found match (Score: 0.84). Linking to Cluster ID: 5d3e934f-afdb-4598-8b8f-13e977112629
2026-05-25 17:50:21,543 - INFO - >>> SUCCESSFULLY SAVED [ID: 61675] - The Abraham Accord plus: Trump aims for grand bargain tying Islamic world, including Iran, with Israel - The Times of India from Times of India (858 words)
2026-05-25 17:50:22,500 - INFO - [Times of India] Article: https://timesofindia.indiatimes.com/world/rest-of-world/for-brothers-major-international-gang-busted-in-canada-17-indians-charged-for-extortions-targeting-south-asians/articleshow/131313580.cms
2026-05-25 17:50:22,500 - INFO - [Times of India] Attempt 1/1: Trying with 'selenium_browser' strategy...
2026-05-25 17:50:23,728 - INFO - [Times of India] Page content loaded.
2026-05-25 17:50:24,069 - INFO - [Times of India] Success with 'selenium_browser'. Found content (369 words).
2026-05-25 17:50:36,948 - INFO - >>> SUCCESSFULLY SAVED [ID: 61676] - Over 300 tourists stranded in Gulmarg’s high-altitude cable cars rescued - The Hindu from The Hindu (663 words)
2026-05-25 17:50:38,149 - INFO - [The Hindu] Article: https://www.thehindu.com/news/national/jammu-and-kashmir/rape-murder-of-minor-girl-sparks-outrage-in-kashmir-one-arrested/article71022353.ece
2026-05-25 17:50:38,149 - INFO - [The Hindu] Attempt 1/1: Trying with 'selenium_browser' strategy...
2026-05-25 17:50:39,092 - INFO - [The Hindu] Page content loaded.
2026-05-25 17:50:39,219 - INFO - [The Hindu] Success with 'selenium_browser'. Found content (468 words).
2026-05-25 17:50:53,117 - INFO - >>> SUCCESSFULLY SAVED [ID: 61677] - Far-right Elam party inspired by Golden Dawn makes gains in Cyprus election | Cyprus | The Guardian from The Guardian (734 words)
2026-05-25 17:50:54,331 - INFO - [The Guardian] Early skip: URL https://www.theguardian.com/world/2026/may/25/trump-tower-georgia-tbilisi-land-part-owned-son-us-sanctions-leader already exists.
2026-05-25 17:50:54,332 - INFO - [The Guardian] Early skip: URL https://www.theguardian.com/world/2026/may/25/rare-rubens-notebook-sheet-goes-on-display-in-artists-home-city-of-antwerp already exists.
2026-05-25 17:50:54,334 - INFO - [The Guardian] Article: https://www.theguardian.com/world/live/2026/may/25/iran-war-news-middle-east-crisis-oil-price-us-tehran-peace-talks-deal-strait-hormuz
2026-05-25 17:50:54,334 - INFO - [The Guardian] Attempt 1/1: Trying with 'requests_browser' strategy...
2026-05-25 17:50:54,610 - INFO - [The Guardian] Success with 'requests_browser'. Found content (3250 words).
2026-05-25 17:51:08,107 - INFO - >>> SUCCESSFULLY SAVED [ID: 61678] - Three killed in Uganda after crashing into elephant from BBC (177 words)
2026-05-25 17:51:09,564 - INFO - [BBC] Article: https://www.bbc.com/news/articles/cm2ppv1r3xzo?at_medium=RSS&at_campaign=rss
2026-05-25 17:51:09,564 - INFO - [BBC] Attempt 1/1: Trying with 'requests_browser' strategy...
2026-05-25 17:51:09,608 - INFO - [BBC] Success with 'requests_browser'. Found content (521 words).
2026-05-25 17:51:20,832 - INFO - DEDUPLICATION: Found match (Score: 0.85). Linking to Cluster ID: ad83b4e7-16b7-4127-ad89-ab784a93ec12
2026-05-25 17:51:23,059 - INFO - >>> SUCCESSFULLY SAVED [ID: 61679] - PSX opens shortened trading week on bullish note; KSE-100 gains 4,000 points during intraday trade - Business - DAWN.COM from The Dawn (258 words)
2026-05-25 17:51:23,977 - INFO - [The Dawn] Article: https://www.dawn.com/news/2002962/travis-head-and-his-wife-suffer-online-abuse-after-cricketers-spat-with-indias-kohli-during-ipl-match
2026-05-25 17:51:23,977 - INFO - [The Dawn] Attempt 1/2: Trying with 'requests_browser' strategy...
2026-05-25 17:51:24,027 - INFO - [The Dawn] Success with 'requests_browser'. Found content (226 words).
2026-05-25 17:51:35,915 - INFO - DEDUPLICATION: Found match (Score: 0.87). Linking to Cluster ID: 62894c62-aa28-4263-a6f2-8a71c29904c4
2026-05-25 17:51:38,148 - INFO - >>> SUCCESSFULLY SAVED [ID: 61680] - Russia warns foreigners to leave Kyiv as it prepares ‘systematic strikes’ | Russia-Ukraine war News | Al Jazeera from Al Jazeera (629 words)
2026-05-25 17:51:38,745 - INFO - [Al Jazeera] Article: https://www.aljazeera.com/video/newsfeed/2026/5/25/nearly-300-tourists-rescued-after-cable-cars-halt-mid-air?traffic_source=rss
2026-05-25 17:51:38,745 - INFO - [Al Jazeera] Attempt 1/2: Trying with 'requests_browser' strategy...
2026-05-25 17:51:38,803 - WARNING - [Al Jazeera] FAILED with 'requests_browser' (content was too short: 54 words).
2026-05-25 17:51:39,437 - INFO - [Al Jazeera] Article: https://www.aljazeera.com/video/newsfeed/2026/5/25/nearly-300-tourists-rescued-after-cable-cars-halt-mid-air?traffic_source=rss
2026-05-25 17:51:39,437 - INFO - [Al Jazeera] Attempt 2/2: Trying with 'selenium_browser' strategy...
2026-05-25 17:51:40,052 - INFO - [Al Jazeera] Page content loaded.
2026-05-25 17:51:40,149 - WARNING - [Al Jazeera] FAILED with 'selenium_browser' (content was too short: 54 words).
2026-05-25 17:51:40,150 - ERROR - [Al Jazeera] All scrape strategies failed for https://www.aljazeera.com/video/newsfeed/2026/5/25/nearly-300-tourists-rescued-after-cable-cars-halt-mid-air?traffic_source=rss. Falling back to RSS description.
2026-05-25 17:51:40,150 - WARNING - SKIPPED (GLOBAL WORD LIMIT): Article 'Nearly 300 tourists rescued after cable cars halt mid-air' from Al Jazeera has only 15 words (Min: 90).
2026-05-25 17:51:40,973 - INFO - [Al Jazeera] Article: https://www.aljazeera.com/news/2026/5/25/train-bomb-in-pakistans-baloch-region-why-violence-is-on-the-rise?traffic_source=rss
2026-05-25 17:51:40,973 - INFO - [Al Jazeera] Attempt 1/2: Trying with 'requests_browser' strategy...
2026-05-25 17:51:41,033 - INFO - [Al Jazeera] Success with 'requests_browser'. Found content (1870 words).
2026-05-25 17:51:54,379 - INFO - >>> SUCCESSFULLY SAVED [ID: 61681] - 'For Brothers': Major international gang busted in Canada, 17 Indians charged for extortion targeting South Asians - The Times of India from Times of India (369 words)
2026-05-25 17:51:55,402 - INFO - [Times of India] Early skip: URL https://timesofindia.indiatimes.com/world/rest-of-world/10-pink-lakes-around-the-world-from-lake-hillier-to-pink-lake/articleshow/131312423.cms already exists.
2026-05-25 17:51:55,403 - INFO - [Times of India] Early skip: URL https://timesofindia.indiatimes.com/world/rest-of-world/whats-an-encyclical-from-workers-rights-to-ai-five-letters-from-popes-that-left-a-global-impact/articleshow/131312214.cms already exists.
2026-05-25 17:51:55,405 - INFO - [Times of India] Early skip: URL https://timesofindia.indiatimes.com/world/pakistan/17-killed-as-speeding-minibus-crashes-into-parked-bus-in-pakistans-khyber-pakhtunkhwa/articleshow/131312087.cms already exists.
2026-05-25 17:51:55,406 - INFO - [Times of India] Early skip: URL https://timesofindia.indiatimes.com/world/us/3-new-visa-pilots-in-us-consulate-in-kolkata-shorter-wait-times-for-those-who-/articleshow/131311910.cms already exists.
2026-05-25 17:51:55,408 - INFO - [Times of India] Early skip: URL https://timesofindia.indiatimes.com/india/attacks-on-congo-health-facilities-trigger-escape-of-ebola-patients-hamper-response-efforts/articleshow/131311510.cms already exists.
2026-05-25 17:51:55,409 - INFO - [Times of India] Early skip: URL https://timesofindia.indiatimes.com/world/us/you-are-not-welcome-row-erupts-after-laura-loomer-says-she-wants-to-visit-india-again-following-marco-rubios-trip/articleshow/131311240.cms already exists.
2026-05-25 17:51:55,410 - INFO - [Times of India] Early skip: URL https://timesofindia.indiatimes.com/world/rest-of-world/sukhpreet-singh-and-ramandeep-kaur-accused-of-hiding-newborns-remains-in-canada-mother-found-in-critical-condition/articleshow/131310523.cms already exists.
2026-05-25 17:51:55,412 - INFO - [Times of India] Article: https://timesofindia.indiatimes.com/world/rest-of-world/new-rules-for-new-zealand-visa-from-june-1-english-language-requirements-tightened-for-low-level-workers/articleshow/131310407.cms
2026-05-25 17:51:55,412 - INFO - [Times of India] Attempt 1/1: Trying with 'selenium_browser' strategy...
2026-05-25 17:51:56,353 - INFO - [Times of India] Page content loaded.
2026-05-25 17:51:56,724 - INFO - [Times of India] Success with 'selenium_browser'. Found content (457 words).
2026-05-25 17:52:10,986 - INFO - >>> SUCCESSFULLY SAVED [ID: 61682] - ‘Rape, murder’ of minor girl sparks outrage in Kashmir, one arrested - The Hindu from The Hindu (468 words)
2026-05-25 17:52:11,856 - INFO - [The Hindu] Article: https://www.thehindu.com/news/national/telangana/goods-carrier-driver-falls-asleep-at-wheel-dies-after-crashing-into-lorry-on-orr/article71022238.ece
2026-05-25 17:52:11,857 - INFO - [The Hindu] Attempt 1/1: Trying with 'selenium_browser' strategy...
2026-05-25 17:52:12,834 - INFO - [The Hindu] Page content loaded.
2026-05-25 17:52:12,977 - INFO - [The Hindu] Success with 'selenium_browser'. Found content (254 words).
2026-05-25 17:52:25,305 - INFO - DEDUPLICATION: Found match (Score: 0.84). Linking to Cluster ID: 5d3e934f-afdb-4598-8b8f-13e977112629
2026-05-25 17:52:27,517 - INFO - >>> SUCCESSFULLY SAVED [ID: 61683] - Middle East crisis live: Trump suggests countries in region should sign Abraham accords recognising Israel under any deal | US-Israel war on Iran | The Guardian from The Guardian (3250 words)
2026-05-25 17:52:28,903 - INFO - [The Guardian] Article: https://www.theguardian.com/world/2026/may/25/iran-denies-deal-us-imminent-israel-oman-strait-of-hormuz
2026-05-25 17:52:28,903 - INFO - [The Guardian] Attempt 1/1: Trying with 'requests_browser' strategy...
2026-05-25 17:52:28,992 - INFO - [The Guardian] Success with 'requests_browser'. Found content (1113 words).
2026-05-25 17:52:42,842 - INFO - >>> SUCCESSFULLY SAVED [ID: 61684] - Cambodia's former opposition leader receives royal pardon for 27-year sentence from BBC (521 words)
2026-05-25 17:52:43,431 - INFO - [BBC] Article: https://www.bbc.com/news/videos/ckgppxw9239o?at_medium=RSS&at_campaign=rss
2026-05-25 17:52:43,431 - INFO - [BBC] Attempt 1/1: Trying with 'requests_browser' strategy...
2026-05-25 17:52:43,503 - WARNING - [BBC] FAILED with 'requests_browser' (content was too short: 66 words).
2026-05-25 17:52:43,503 - ERROR - [BBC] All scrape strategies failed for https://www.bbc.com/news/videos/ckgppxw9239o?at_medium=RSS&at_campaign=rss. Falling back to RSS description.
2026-05-25 17:52:43,503 - WARNING - SKIPPED (GLOBAL WORD LIMIT): Article ''Blistering heat': Indians warned to stay indoors as temperatures soar' from BBC has only 23 words (Min: 90).
2026-05-25 17:52:44,491 - INFO - [BBC] Early skip: URL https://www.bbc.com/news/articles/cevpp983kmzo?at_medium=RSS&at_campaign=rss already exists.
2026-05-25 17:52:44,493 - INFO - [BBC] Early skip: URL https://www.bbc.com/news/articles/c893543gn20o?at_medium=RSS&at_campaign=rss already exists.
2026-05-25 17:52:44,494 - INFO - [BBC] Early skip: URL https://www.bbc.com/news/articles/c0l22wrx44po?at_medium=RSS&at_campaign=rss already exists.
2026-05-25 17:52:44,495 - INFO - [BBC] Early skip: URL https://www.bbc.com/news/articles/c87qwrqre83o?at_medium=RSS&at_campaign=rss already exists.
2026-05-25 17:52:44,496 - INFO - [BBC] Early skip: URL https://www.bbc.com/news/articles/c87qq07l1d8o?at_medium=RSS&at_campaign=rss already exists.
2026-05-25 17:52:44,497 - INFO - [BBC] Early skip: URL https://www.bbc.com/news/articles/cn7p87r56mgo?at_medium=RSS&at_campaign=rss already exists.
2026-05-25 17:52:44,499 - INFO - [BBC] Early skip: URL https://www.bbc.com/news/articles/cn9pq5l2d14o?at_medium=RSS&at_campaign=rss already exists.
2026-05-25 17:52:44,500 - INFO - [BBC] Early skip: URL https://www.bbc.com/news/articles/cm2pkd58xldo?at_medium=RSS&at_campaign=rss already exists.
2026-05-25 17:52:44,501 - INFO - [BBC] Early skip: URL https://www.bbc.com/news/articles/cgqpklv42jeo?at_medium=RSS&at_campaign=rss already exists.
2026-05-25 17:52:44,502 - INFO - [BBC] Early skip: URL https://www.bbc.com/news/articles/cy421wgr2mpo?at_medium=RSS&at_campaign=rss already exists.
2026-05-25 17:52:44,503 - INFO - [BBC] Early skip: URL https://www.bbc.com/news/articles/ce3pdw1z59do?at_medium=RSS&at_campaign=rss already exists.
2026-05-25 17:52:44,505 - INFO - [BBC] Early skip: URL https://www.bbc.com/news/articles/cx21g0828reo?at_medium=RSS&at_campaign=rss already exists.
2026-05-25 17:52:44,506 - INFO - [BBC] Early skip: URL https://www.bbc.com/news/articles/ce3pgn48wnqo?at_medium=RSS&at_campaign=rss already exists.
2026-05-25 17:52:44,507 - INFO - [BBC] Early skip: URL https://www.bbc.com/news/articles/cvgldqk4w95o?at_medium=RSS&at_campaign=rss already exists.
2026-05-25 17:52:44,508 - INFO - [BBC] Early skip: URL https://www.bbc.com/news/articles/cwy21x20q23o?at_medium=RSS&at_campaign=rss already exists.
2026-05-25 17:52:44,510 - INFO - [BBC] Early skip: URL https://www.bbc.com/news/articles/cvgz05jyrrpo?at_medium=RSS&at_campaign=rss already exists.
2026-05-25 17:52:44,511 - INFO - [BBC] Early skip: URL https://www.bbc.com/news/videos/cedpp9ldnl9o?at_medium=RSS&at_campaign=rss already exists.
2026-05-25 17:52:44,512 - INFO - [BBC] Early skip: URL https://www.bbc.com/news/videos/c809m33yjz7o?at_medium=RSS&at_campaign=rss already exists.
2026-05-25 17:52:44,513 - INFO - [BBC] Early skip: URL https://www.bbc.com/news/videos/c2l2rgeyjnwo?at_medium=RSS&at_campaign=rss already exists.
2026-05-25 17:52:44,515 - INFO - [BBC] Article: https://www.bbc.com/news/videos/c1728ypp15no?at_medium=RSS&at_campaign=rss
2026-05-25 17:52:44,515 - INFO - [BBC] Attempt 1/1: Trying with 'requests_browser' strategy...
2026-05-25 17:52:44,588 - WARNING - [BBC] FAILED with 'requests_browser' (content was too short: 89 words).
2026-05-25 17:52:44,588 - ERROR - [BBC] All scrape strategies failed for https://www.bbc.com/news/videos/c1728ypp15no?at_medium=RSS&at_campaign=rss. Falling back to RSS description.
2026-05-25 17:52:44,588 - WARNING - SKIPPED (GLOBAL WORD LIMIT): Article 'Moment SpaceX rocket explodes in the Indian Ocean after splashdown' from BBC has only 19 words (Min: 90).
2026-05-25 17:52:58,086 - INFO - >>> SUCCESSFULLY SAVED [ID: 61685] - Travis Head and his wife suffer online abuse after cricketer's spat with India's Kohli during IPL match - Sport - DAWN.COM from The Dawn (226 words)
2026-05-25 17:52:59,173 - INFO - [The Dawn] Early skip: URL https://www.dawn.com/news/2002985/haj-begins-as-middle-east-wars-trajectory-hangs-in-the-balance already exists.
2026-05-25 17:52:59,176 - INFO - [The Dawn] Article: https://www.dawn.com/news/2002999/india-orders-migrant-detention-centres-in-west-bengal-sparking-arbitrary-explusion-fears
2026-05-25 17:52:59,176 - INFO - [The Dawn] Attempt 1/2: Trying with 'requests_browser' strategy...
2026-05-25 17:52:59,226 - INFO - [The Dawn] Success with 'requests_browser'. Found content (348 words).
2026-05-25 17:53:13,468 - INFO - >>> SUCCESSFULLY SAVED [ID: 61686] - Train bomb in Pakistan’s Baloch region: Why violence is on the rise | Armed Groups News | Al Jazeera from Al Jazeera (1870 words)
2026-05-25 17:53:14,527 - INFO - [Al Jazeera] Article: https://www.aljazeera.com/video/newsfeed/2026/5/25/pope-leo-calls-for-disarming-of-artificial-intelligence?traffic_source=rss
2026-05-25 17:53:14,527 - INFO - [Al Jazeera] Attempt 1/2: Trying with 'requests_browser' strategy...
2026-05-25 17:53:14,563 - WARNING - [Al Jazeera] FAILED with 'requests_browser' (content was too short: 51 words).
2026-05-25 17:53:15,522 - INFO - [Al Jazeera] Article: https://www.aljazeera.com/video/newsfeed/2026/5/25/pope-leo-calls-for-disarming-of-artificial-intelligence?traffic_source=rss
2026-05-25 17:53:15,522 - INFO - [Al Jazeera] Attempt 2/2: Trying with 'selenium_browser' strategy...
2026-05-25 17:53:16,355 - INFO - [Al Jazeera] Page content loaded.
2026-05-25 17:53:16,417 - WARNING - [Al Jazeera] FAILED with 'selenium_browser' (content was too short: 51 words).
2026-05-25 17:53:16,417 - ERROR - [Al Jazeera] All scrape strategies failed for https://www.aljazeera.com/video/newsfeed/2026/5/25/pope-leo-calls-for-disarming-of-artificial-intelligence?traffic_source=rss. Falling back to RSS description.
2026-05-25 17:53:16,417 - WARNING - SKIPPED (GLOBAL WORD LIMIT): Article 'Pope Leo calls for ‘disarming’ of artificial intelligence' from Al Jazeera has only 15 words (Min: 90).
2026-05-25 17:53:17,503 - INFO - [Al Jazeera] Article: https://www.aljazeera.com/video/newsfeed/2026/5/25/trump-links-iran-negotiations-to-expansion-of-abraham-accords?traffic_source=rss
2026-05-25 17:53:17,504 - INFO - [Al Jazeera] Attempt 1/2: Trying with 'requests_browser' strategy...
2026-05-25 17:53:17,577 - WARNING - [Al Jazeera] FAILED with 'requests_browser' (content was too short: 66 words).
2026-05-25 17:53:18,173 - INFO - [Al Jazeera] Article: https://www.aljazeera.com/video/newsfeed/2026/5/25/trump-links-iran-negotiations-to-expansion-of-abraham-accords?traffic_source=rss
2026-05-25 17:53:18,173 - INFO - [Al Jazeera] Attempt 2/2: Trying with 'selenium_browser' strategy...
2026-05-25 17:53:18,826 - INFO - [Al Jazeera] Page content loaded.
2026-05-25 17:53:18,898 - WARNING - [Al Jazeera] FAILED with 'selenium_browser' (content was too short: 66 words).
2026-05-25 17:53:18,898 - ERROR - [Al Jazeera] All scrape strategies failed for https://www.aljazeera.com/video/newsfeed/2026/5/25/trump-links-iran-negotiations-to-expansion-of-abraham-accords?traffic_source=rss. Falling back to RSS description.
2026-05-25 17:53:18,898 - WARNING - SKIPPED (GLOBAL WORD LIMIT): Article 'Trump links Iran negotiations to expansion of Abraham Accords' from Al Jazeera has only 12 words (Min: 90).
2026-05-25 17:53:19,425 - INFO - [Al Jazeera] Early skip: URL https://www.aljazeera.com/news/2026/5/25/australian-gaza-aid-flotilla-activists-allege-abuse-after-israeli-abduction?traffic_source=rss already exists.
2026-05-25 17:53:19,427 - INFO - [Al Jazeera] Early skip: URL https://www.aljazeera.com/news/2026/5/25/who-chief-says-suspected-ebola-deaths-at-220-as-epidemic-outpacing-us?traffic_source=rss already exists.
2026-05-25 17:53:19,428 - INFO - [Al Jazeera] Article: https://www.aljazeera.com/video/newsfeed/2026/5/25/baloch-separatists-take-advantage-of-pakistans-entanglements?traffic_source=rss
2026-05-25 17:53:19,428 - INFO - [Al Jazeera] Attempt 1/2: Trying with 'requests_browser' strategy...
2026-05-25 17:53:19,500 - WARNING - [Al Jazeera] FAILED with 'requests_browser' (content was too short: 64 words).
2026-05-25 17:53:20,042 - INFO - [Al Jazeera] Article: https://www.aljazeera.com/video/newsfeed/2026/5/25/baloch-separatists-take-advantage-of-pakistans-entanglements?traffic_source=rss
2026-05-25 17:53:20,042 - INFO - [Al Jazeera] Attempt 2/2: Trying with 'selenium_browser' strategy...
2026-05-25 17:53:20,530 - INFO - [Al Jazeera] Page content loaded.
2026-05-25 17:53:20,607 - WARNING - [Al Jazeera] FAILED with 'selenium_browser' (content was too short: 64 words).
2026-05-25 17:53:20,608 - ERROR - [Al Jazeera] All scrape strategies failed for https://www.aljazeera.com/video/newsfeed/2026/5/25/baloch-separatists-take-advantage-of-pakistans-entanglements?traffic_source=rss. Falling back to RSS description.
2026-05-25 17:53:20,608 - WARNING - SKIPPED (GLOBAL WORD LIMIT): Article 'Baloch separatists ‘take advantage’ of Pakistan’s entanglements' from Al Jazeera has only 7 words (Min: 90).
2026-05-25 17:53:21,188 - INFO - [Al Jazeera] Article: https://www.aljazeera.com/video/newsfeed/2026/5/25/could-israel-sabotage-us-iran-deal?traffic_source=rss
2026-05-25 17:53:21,189 - INFO - [Al Jazeera] Attempt 1/2: Trying with 'requests_browser' strategy...
2026-05-25 17:53:21,272 - WARNING - [Al Jazeera] FAILED with 'requests_browser' (content was too short: 56 words).
2026-05-25 17:53:21,842 - INFO - [Al Jazeera] Article: https://www.aljazeera.com/video/newsfeed/2026/5/25/could-israel-sabotage-us-iran-deal?traffic_source=rss
2026-05-25 17:53:21,842 - INFO - [Al Jazeera] Attempt 2/2: Trying with 'selenium_browser' strategy...
2026-05-25 17:53:22,540 - INFO - [Al Jazeera] Page content loaded.
2026-05-25 17:53:22,625 - WARNING - [Al Jazeera] FAILED with 'selenium_browser' (content was too short: 56 words).
2026-05-25 17:53:22,625 - ERROR - [Al Jazeera] All scrape strategies failed for https://www.aljazeera.com/video/newsfeed/2026/5/25/could-israel-sabotage-us-iran-deal?traffic_source=rss. Falling back to RSS description.
2026-05-25 17:53:22,626 - WARNING - SKIPPED (GLOBAL WORD LIMIT): Article 'Could Israel sabotage US-Iran deal?' from Al Jazeera has only 23 words (Min: 90).
2026-05-25 17:53:24,024 - INFO - [Al Jazeera] Article: https://www.aljazeera.com/video/newsfeed/2026/5/25/iran-says-deal-with-us-not-imminent-despite-progress?traffic_source=rss
2026-05-25 17:53:24,024 - INFO - [Al Jazeera] Attempt 1/2: Trying with 'requests_browser' strategy...
2026-05-25 17:53:24,068 - WARNING - [Al Jazeera] FAILED with 'requests_browser' (content was too short: 61 words).
2026-05-25 17:53:24,959 - INFO - [Al Jazeera] Article: https://www.aljazeera.com/video/newsfeed/2026/5/25/iran-says-deal-with-us-not-imminent-despite-progress?traffic_source=rss
2026-05-25 17:53:24,959 - INFO - [Al Jazeera] Attempt 2/2: Trying with 'selenium_browser' strategy...
2026-05-25 17:53:25,744 - INFO - [Al Jazeera] Page content loaded.
2026-05-25 17:53:25,811 - WARNING - [Al Jazeera] FAILED with 'selenium_browser' (content was too short: 61 words).
2026-05-25 17:53:25,811 - ERROR - [Al Jazeera] All scrape strategies failed for https://www.aljazeera.com/video/newsfeed/2026/5/25/iran-says-deal-with-us-not-imminent-despite-progress?traffic_source=rss. Falling back to RSS description.
2026-05-25 17:53:25,812 - WARNING - SKIPPED (GLOBAL WORD LIMIT): Article 'Iran says deal with US ‘not imminent’ despite progress' from Al Jazeera has only 22 words (Min: 90).
2026-05-25 17:53:26,496 - INFO - [Al Jazeera] Early skip: URL https://www.aljazeera.com/news/2026/5/25/could-brazilian-oil-emerge-as-one-of-the-big-winners-of-the-iran-war?traffic_source=rss already exists.
2026-05-25 17:53:26,498 - INFO - [Al Jazeera] Early skip: URL https://www.aljazeera.com/sports/2026/5/25/what-are-the-biggest-fifa-world-cup-upsets-in-history?traffic_source=rss already exists.
2026-05-25 17:53:26,500 - INFO - [Al Jazeera] Article: https://www.aljazeera.com/video/newsfeed/2026/5/25/paraglider-survives-mid-air-collision-with-plane-over-austria?traffic_source=rss
2026-05-25 17:53:26,500 - INFO - [Al Jazeera] Attempt 1/2: Trying with 'requests_browser' strategy...
2026-05-25 17:53:26,559 - WARNING - [Al Jazeera] FAILED with 'requests_browser' (content was too short: 55 words).
2026-05-25 17:53:27,283 - INFO - [Al Jazeera] Article: https://www.aljazeera.com/video/newsfeed/2026/5/25/paraglider-survives-mid-air-collision-with-plane-over-austria?traffic_source=rss
2026-05-25 17:53:27,283 - INFO - [Al Jazeera] Attempt 2/2: Trying with 'selenium_browser' strategy...
2026-05-25 17:53:27,877 - INFO - [Al Jazeera] Page content loaded.
2026-05-25 17:53:27,954 - WARNING - [Al Jazeera] FAILED with 'selenium_browser' (content was too short: 55 words).
2026-05-25 17:53:27,955 - ERROR - [Al Jazeera] All scrape strategies failed for https://www.aljazeera.com/video/newsfeed/2026/5/25/paraglider-survives-mid-air-collision-with-plane-over-austria?traffic_source=rss. Falling back to RSS description.
2026-05-25 17:53:27,955 - WARNING - SKIPPED (GLOBAL WORD LIMIT): Article 'Paraglider survives mid-air collision with plane over Austria' from Al Jazeera has only 8 words (Min: 90).
2026-05-25 17:53:29,011 - INFO - [Al Jazeera] Early skip: URL https://www.aljazeera.com/sports/2026/5/25/yamal-in-spains-world-cup-squad-but-no-room-for-real-madrid-players?traffic_source=rss already exists.
2026-05-25 17:53:29,012 - INFO - [Al Jazeera] Early skip: URL https://www.aljazeera.com/opinions/2026/5/25/the-world-urgently-needs-a-us-iran-deal-now?traffic_source=rss already exists.
2026-05-25 17:53:29,013 - INFO - [Al Jazeera] Early skip: URL https://www.aljazeera.com/news/2026/5/25/chinas-xi-praises-unbreakable-pakistan-ties-as-sharif-visits-beijing?traffic_source=rss already exists.
2026-05-25 17:53:29,015 - INFO - [Al Jazeera] Early skip: URL https://www.aljazeera.com/news/2026/5/25/cattle-market-empties-as-fear-grips-eid-preparations-in-indias-west-bengal?traffic_source=rss already exists.
2026-05-25 17:53:29,016 - INFO - [Al Jazeera] Early skip: URL https://www.aljazeera.com/video/the-listening-post/2026/5/25/trumps-war-loop-escalate-retreat-repeat?traffic_source=rss already exists.
2026-05-25 17:53:29,017 - INFO - [Al Jazeera] Article: https://www.aljazeera.com/video/newsfeed/2026/5/25/surveillance-video-shows-moment-of-china-coal-mine-blast?traffic_source=rss
2026-05-25 17:53:29,017 - INFO - [Al Jazeera] Attempt 1/2: Trying with 'requests_browser' strategy...
2026-05-25 17:53:29,085 - WARNING - [Al Jazeera] FAILED with 'requests_browser' (content was too short: 61 words).
2026-05-25 17:53:29,924 - INFO - [Al Jazeera] Article: https://www.aljazeera.com/video/newsfeed/2026/5/25/surveillance-video-shows-moment-of-china-coal-mine-blast?traffic_source=rss
2026-05-25 17:53:29,924 - INFO - [Al Jazeera] Attempt 2/2: Trying with 'selenium_browser' strategy...
2026-05-25 17:53:30,634 - INFO - [Al Jazeera] Page content loaded.
2026-05-25 17:53:30,708 - WARNING - [Al Jazeera] FAILED with 'selenium_browser' (content was too short: 61 words).
2026-05-25 17:53:30,708 - ERROR - [Al Jazeera] All scrape strategies failed for https://www.aljazeera.com/video/newsfeed/2026/5/25/surveillance-video-shows-moment-of-china-coal-mine-blast?traffic_source=rss. Falling back to RSS description.
2026-05-25 17:53:30,708 - WARNING - SKIPPED (GLOBAL WORD LIMIT): Article 'Surveillance video shows moment of China coal mine blast' from Al Jazeera has only 18 words (Min: 90).
2026-05-25 17:53:30,997 - INFO - >>> SUCCESSFULLY SAVED [ID: 61687] - New rules for New Zealand visa from June 1: English language requirements tightened for low-level workers - The Times of India from Times of India (457 words)
2026-05-25 17:53:32,062 - INFO - [Al Jazeera] Early skip: URL https://www.aljazeera.com/news/2026/5/25/israel-kills-three-in-attacks-on-lebanon-issues-more-displacement-orders?traffic_source=rss already exists.
2026-05-25 17:53:32,063 - INFO - [Al Jazeera] Early skip: URL https://www.aljazeera.com/features/2026/5/25/whats-inside-the-kaaba-and-what-covers-it-the-story-of-the-kiswah?traffic_source=rss already exists.
2026-05-25 17:53:32,065 - INFO - [Al Jazeera] (Thread) Finished. Attempting to shut down its Selenium driver.
2026-05-25 17:53:32,155 - INFO - [Al Jazeera] (Thread) driver.quit() successful.
2026-05-25 17:53:32,219 - INFO - [Times of India] Article: https://timesofindia.indiatimes.com/world/uk/man-expelled-to-france-under-uk-asylum-arrangement-secretly-returns/articleshow/131310426.cms
2026-05-25 17:53:32,219 - INFO - [Times of India] Attempt 1/1: Trying with 'selenium_browser' strategy...
2026-05-25 17:53:33,347 - INFO - [Times of India] Page content loaded.
2026-05-25 17:53:33,533 - INFO - [Times of India] Success with 'selenium_browser'. Found content (738 words).
2026-05-25 17:53:48,768 - INFO - >>> SUCCESSFULLY SAVED [ID: 61688] - Goods carrier driver falls asleep at wheel, dies after crashing into lorry on ORR - The Hindu from The Hindu (254 words)
2026-05-25 17:53:50,094 - INFO - [The Hindu] Article: https://www.thehindu.com/news/national/andhra-pradesh/police-launch-cybercrime-prevention-training-for-constables-in-vijayawada/article71022173.ece
2026-05-25 17:53:50,094 - INFO - [The Hindu] Attempt 1/1: Trying with 'selenium_browser' strategy...
2026-05-25 17:53:51,019 - INFO - [The Hindu] Page content loaded.
2026-05-25 17:53:51,138 - INFO - [The Hindu] Success with 'selenium_browser'. Found content (90 words).
2026-05-25 17:54:05,613 - INFO - >>> SUCCESSFULLY SAVED [ID: 61689] - Iran denies deal with US is imminent despite some progress | US-Israel war on Iran | The Guardian from The Guardian (1113 words)
2026-05-25 17:54:06,579 - INFO - [The Guardian] Article: https://www.theguardian.com/world/2026/may/25/shock-iran-war-middle-east-rivals-trump-peace-deal
2026-05-25 17:54:06,579 - INFO - [The Guardian] Attempt 1/1: Trying with 'requests_browser' strategy...
2026-05-25 17:54:06,990 - INFO - [The Guardian] Success with 'requests_browser'. Found content (897 words).
2026-05-25 17:54:21,574 - INFO - >>> SUCCESSFULLY SAVED [ID: 61690] - India orders migrant detention centres in West Bengal, sparking arbitrary explusion fears - World - DAWN.COM from The Dawn (348 words)
2026-05-25 17:54:22,323 - INFO - [The Dawn] Early skip: URL https://www.dawn.com/news/2002887/pm-hopes-to-host-islamabad-talks-20-very-soon already exists.
2026-05-25 17:54:22,324 - INFO - [The Dawn] Early skip: URL https://www.dawn.com/news/2002882/govt-plans-wapda-security-force-for-water-projects already exists.
2026-05-25 17:54:22,327 - INFO - [The Dawn] Article: https://www.dawn.com/news/2003019/behold-the-qabza-mafia-of-karachi-skies
2026-05-25 17:54:22,328 - INFO - [The Dawn] Attempt 1/2: Trying with 'requests_browser' strategy...
2026-05-25 17:54:22,363 - INFO - [The Dawn] Success with 'requests_browser'. Found content (1466 words).
2026-05-25 17:54:27,116 - CRITICAL - --- TIMEOUT: 4 scrape jobs did not complete in 300s. ---
2026-05-25 17:54:27,116 - ERROR - A thread has timed out and will be abandoned.
2026-05-25 17:54:27,116 - ERROR - A thread has timed out and will be abandoned.
2026-05-25 17:54:27,116 - ERROR - A thread has timed out and will be abandoned.
2026-05-25 17:54:27,116 - ERROR - A thread has timed out and will be abandoned.
2026-05-25 17:54:27,116 - INFO - Shutting down thread pool (wait=False)...
2026-05-25 17:54:27,116 - INFO - Scraped: 4 Al Jazeera, 0 Economic Times, 4 BBC, 0 TechCrunch, 4 Timed_Out_Jobs articles. (Total saved: 8)
2026-05-25 17:54:27,117 - INFO - --- Scraping job finished ---
2026-05-25 17:54:27,117 - INFO - --- Scraper service stopped. ---
2026-05-25 17:54:27,117 - INFO - --- Main thread finished. Forcing process exit to kill zombie threads. ---
