2026-04-23 08:21:06,453 - INFO - Loading AI Semantic Model (all-MiniLM-L6-v2)...
2026-04-23 08:21:06,453 - INFO - No device provided, using cpu
2026-04-23 08:21:06,544 - INFO - HTTP Request: HEAD https://huggingface.co/sentence-transformers/all-MiniLM-L6-v2/resolve/main/modules.json "HTTP/1.1 307 Temporary Redirect"
2026-04-23 08:21:06,545 - WARNING - Warning: You are sending unauthenticated requests to the HF Hub. Please set a HF_TOKEN to enable higher rate limits and faster downloads.
2026-04-23 08:21:06,555 - INFO - HTTP Request: HEAD https://huggingface.co/api/resolve-cache/models/sentence-transformers/all-MiniLM-L6-v2/c9745ed1d9f207416be6d2e6f8de32d1f16199bf/modules.json "HTTP/1.1 200 OK"
2026-04-23 08:21:06,576 - INFO - HTTP Request: HEAD https://huggingface.co/sentence-transformers/all-MiniLM-L6-v2/resolve/main/config_sentence_transformers.json "HTTP/1.1 307 Temporary Redirect"
2026-04-23 08:21:06,585 - INFO - HTTP Request: HEAD https://huggingface.co/api/resolve-cache/models/sentence-transformers/all-MiniLM-L6-v2/c9745ed1d9f207416be6d2e6f8de32d1f16199bf/config_sentence_transformers.json "HTTP/1.1 200 OK"
2026-04-23 08:21:06,586 - INFO - Loading SentenceTransformer model from sentence-transformers/all-MiniLM-L6-v2.
2026-04-23 08:21:06,606 - INFO - HTTP Request: HEAD https://huggingface.co/sentence-transformers/all-MiniLM-L6-v2/resolve/main/config_sentence_transformers.json "HTTP/1.1 307 Temporary Redirect"
2026-04-23 08:21:06,616 - INFO - HTTP Request: HEAD https://huggingface.co/api/resolve-cache/models/sentence-transformers/all-MiniLM-L6-v2/c9745ed1d9f207416be6d2e6f8de32d1f16199bf/config_sentence_transformers.json "HTTP/1.1 200 OK"
2026-04-23 08:21:06,648 - INFO - HTTP Request: HEAD https://huggingface.co/sentence-transformers/all-MiniLM-L6-v2/resolve/main/README.md "HTTP/1.1 307 Temporary Redirect"
2026-04-23 08:21:06,657 - INFO - HTTP Request: HEAD https://huggingface.co/api/resolve-cache/models/sentence-transformers/all-MiniLM-L6-v2/c9745ed1d9f207416be6d2e6f8de32d1f16199bf/README.md "HTTP/1.1 200 OK"
2026-04-23 08:21:06,675 - INFO - HTTP Request: HEAD https://huggingface.co/sentence-transformers/all-MiniLM-L6-v2/resolve/main/modules.json "HTTP/1.1 307 Temporary Redirect"
2026-04-23 08:21:06,684 - INFO - HTTP Request: HEAD https://huggingface.co/api/resolve-cache/models/sentence-transformers/all-MiniLM-L6-v2/c9745ed1d9f207416be6d2e6f8de32d1f16199bf/modules.json "HTTP/1.1 200 OK"
2026-04-23 08:21:06,706 - INFO - HTTP Request: HEAD https://huggingface.co/sentence-transformers/all-MiniLM-L6-v2/resolve/main/sentence_bert_config.json "HTTP/1.1 307 Temporary Redirect"
2026-04-23 08:21:06,715 - INFO - HTTP Request: HEAD https://huggingface.co/api/resolve-cache/models/sentence-transformers/all-MiniLM-L6-v2/c9745ed1d9f207416be6d2e6f8de32d1f16199bf/sentence_bert_config.json "HTTP/1.1 200 OK"
2026-04-23 08:21:06,736 - INFO - HTTP Request: HEAD https://huggingface.co/sentence-transformers/all-MiniLM-L6-v2/resolve/main/adapter_config.json "HTTP/1.1 404 Not Found"
2026-04-23 08:21:06,771 - INFO - HTTP Request: HEAD https://huggingface.co/sentence-transformers/all-MiniLM-L6-v2/resolve/main/config.json "HTTP/1.1 307 Temporary Redirect"
2026-04-23 08:21:06,780 - INFO - HTTP Request: HEAD https://huggingface.co/api/resolve-cache/models/sentence-transformers/all-MiniLM-L6-v2/c9745ed1d9f207416be6d2e6f8de32d1f16199bf/config.json "HTTP/1.1 200 OK"
2026-04-23 08:21:06,923 - INFO - HTTP Request: HEAD https://huggingface.co/sentence-transformers/all-MiniLM-L6-v2/resolve/main/processor_config.json "HTTP/1.1 404 Not Found"
2026-04-23 08:21:06,943 - INFO - HTTP Request: HEAD https://huggingface.co/sentence-transformers/all-MiniLM-L6-v2/resolve/main/preprocessor_config.json "HTTP/1.1 404 Not Found"
2026-04-23 08:21:06,967 - INFO - HTTP Request: HEAD https://huggingface.co/sentence-transformers/all-MiniLM-L6-v2/resolve/main/video_preprocessor_config.json "HTTP/1.1 404 Not Found"
2026-04-23 08:21:06,989 - INFO - HTTP Request: HEAD https://huggingface.co/sentence-transformers/all-MiniLM-L6-v2/resolve/main/preprocessor_config.json "HTTP/1.1 404 Not Found"
2026-04-23 08:21:07,009 - INFO - HTTP Request: HEAD https://huggingface.co/sentence-transformers/all-MiniLM-L6-v2/resolve/main/tokenizer_config.json "HTTP/1.1 307 Temporary Redirect"
2026-04-23 08:21:07,018 - INFO - HTTP Request: HEAD https://huggingface.co/api/resolve-cache/models/sentence-transformers/all-MiniLM-L6-v2/c9745ed1d9f207416be6d2e6f8de32d1f16199bf/tokenizer_config.json "HTTP/1.1 200 OK"
2026-04-23 08:21:07,037 - INFO - HTTP Request: HEAD https://huggingface.co/sentence-transformers/all-MiniLM-L6-v2/resolve/main/config.json "HTTP/1.1 307 Temporary Redirect"
2026-04-23 08:21:07,046 - INFO - HTTP Request: HEAD https://huggingface.co/api/resolve-cache/models/sentence-transformers/all-MiniLM-L6-v2/c9745ed1d9f207416be6d2e6f8de32d1f16199bf/config.json "HTTP/1.1 200 OK"
2026-04-23 08:21:07,068 - INFO - HTTP Request: HEAD https://huggingface.co/sentence-transformers/all-MiniLM-L6-v2/resolve/main/config.json "HTTP/1.1 307 Temporary Redirect"
2026-04-23 08:21:07,078 - INFO - HTTP Request: HEAD https://huggingface.co/api/resolve-cache/models/sentence-transformers/all-MiniLM-L6-v2/c9745ed1d9f207416be6d2e6f8de32d1f16199bf/config.json "HTTP/1.1 200 OK"
2026-04-23 08:21:07,116 - INFO - HTTP Request: HEAD https://huggingface.co/sentence-transformers/all-MiniLM-L6-v2/resolve/main/tokenizer_config.json "HTTP/1.1 307 Temporary Redirect"
2026-04-23 08:21:07,125 - INFO - HTTP Request: HEAD https://huggingface.co/api/resolve-cache/models/sentence-transformers/all-MiniLM-L6-v2/c9745ed1d9f207416be6d2e6f8de32d1f16199bf/tokenizer_config.json "HTTP/1.1 200 OK"
2026-04-23 08:21:07,148 - INFO - HTTP Request: GET https://huggingface.co/api/models/sentence-transformers/all-MiniLM-L6-v2/tree/main/additional_chat_templates?recursive=false&expand=false "HTTP/1.1 404 Not Found"
2026-04-23 08:21:07,171 - INFO - HTTP Request: GET https://huggingface.co/api/models/sentence-transformers/all-MiniLM-L6-v2/tree/main?recursive=true&expand=false "HTTP/1.1 200 OK"
2026-04-23 08:21:07,225 - INFO - HTTP Request: HEAD https://huggingface.co/sentence-transformers/all-MiniLM-L6-v2/resolve/main/1_Pooling/config.json "HTTP/1.1 307 Temporary Redirect"
2026-04-23 08:21:07,234 - INFO - HTTP Request: HEAD https://huggingface.co/api/resolve-cache/models/sentence-transformers/all-MiniLM-L6-v2/c9745ed1d9f207416be6d2e6f8de32d1f16199bf/1_Pooling%2Fconfig.json "HTTP/1.1 200 OK"
2026-04-23 08:21:07,256 - INFO - HTTP Request: GET https://huggingface.co/api/models/sentence-transformers/all-MiniLM-L6-v2 "HTTP/1.1 200 OK"
2026-04-23 08:21:07,259 - INFO - AI Model loaded successfully.
2026-04-23 08:21:07,259 - INFO - --- Scraper service started (CI Mode: Run Once) ---
2026-04-23 08:21:07,259 - INFO - --- Starting new scraping job (Parallel Mode) ---
2026-04-23 08:21:07,259 - INFO - Connecting to Google Sheets...
2026-04-23 08:21:10,227 - INFO - Connected to Sheet: News Scrapper AI / Sheet1
2026-04-23 08:21:10,227 - INFO - Fetching existing data to build cache...
2026-04-23 08:21:25,104 - INFO - Loaded 53425 rows from sheet.
2026-04-23 08:21:26,069 - INFO - Cache built: 53425 URLs. Current MAX_ID: 53527
2026-04-23 08:21:26,076 - INFO - Creating new robust session with 3 retries on 5xx/connection/read errors.
2026-04-23 08:21:26,076 - INFO - Proxy is DISABLED.
2026-04-23 08:21:26,077 - INFO - Starting scrape for BBC RSS feed: http://feeds.bbci.co.uk/news/world/rss.xml
2026-04-23 08:21:26,077 - INFO - [Times of India] (Thread) requires Selenium. Initializing driver...
2026-04-23 08:21:26,078 - INFO - Starting scrape for The Guardian RSS feed: https://www.theguardian.com/world/rss
2026-04-23 08:21:26,079 - INFO - [The Hindu] (Thread) requires Selenium. Initializing driver...
2026-04-23 08:21:26,080 - INFO - [The Dawn] (Thread) requires Selenium. Initializing driver...
2026-04-23 08:21:26,080 - INFO - [Al Jazeera] (Thread) requires Selenium. Initializing driver...
2026-04-23 08:21:26,081 - INFO - Starting scrape for TechCrunch RSS feed: https://techcrunch.com/feed/
2026-04-23 08:21:26,082 - INFO - [Economic Times] (Thread) requires Selenium. Initializing driver...
2026-04-23 08:21:26,082 - INFO - Submitted 8 jobs to thread pool. Waiting up to 420s for completion...
2026-04-23 08:21:26,219 - INFO - Found 0 articles in TechCrunch RSS feed. Processing until 30 new articles are saved.
2026-04-23 08:21:26,522 - INFO - Found 45 articles in The Guardian RSS feed. Processing until 30 new articles are saved.
2026-04-23 08:21:26,522 - INFO - [The Guardian] Early skip: URL https://www.theguardian.com/uk-news/2026/apr/22/british-woman-died-in-ghana-trying-to-recoup-money-from-scammers-inquest-told already exists.
2026-04-23 08:21:26,523 - INFO - [The Guardian] Early skip: URL https://www.theguardian.com/global-development/2026/apr/22/climate-change-extreme-weather-heatwaves-floods-wildfires-threat-democracy-elections already exists.
2026-04-23 08:21:26,525 - INFO - [The Guardian] Early skip: URL https://www.theguardian.com/us-news/2026/apr/21/afghan-refugees-us-congo already exists.
2026-04-23 08:21:26,528 - INFO - [The Guardian] Early skip: URL https://www.theguardian.com/world/2026/apr/21/taiwan-president-blames-china-cancel-eswatini-revoke-flight already exists.
2026-04-23 08:21:26,529 - INFO - [The Guardian] Early skip: URL https://www.theguardian.com/film/2026/apr/20/charlize-theron-timothee-chalamet-ballet-comments already exists.
2026-04-23 08:21:26,531 - INFO - [The Guardian] Early skip: URL https://www.theguardian.com/news/2026/apr/23/billionaires-super-rich-global-wealth-gap-economy already exists.
2026-04-23 08:21:26,532 - INFO - [The Guardian] Early skip: URL https://www.theguardian.com/world/2026/apr/22/el-salvador-mass-trial-alleged-members-ms-13-gang already exists.
2026-04-23 08:21:26,533 - INFO - [The Guardian] Early skip: URL https://www.theguardian.com/world/2026/apr/21/mexico-drug-raid-cia-agents-embassy-investigation already exists.
2026-04-23 08:21:26,535 - INFO - [The Guardian] Early skip: URL https://www.theguardian.com/world/2026/apr/21/mark-carney-advisers-us-canada-economic-trade already exists.
2026-04-23 08:21:26,536 - INFO - [The Guardian] Early skip: URL https://www.theguardian.com/global-development/2026/apr/21/ecuador-us-boat-strike-survivors already exists.
2026-04-23 08:21:26,537 - INFO - [The Guardian] Early skip: URL https://www.theguardian.com/world/2026/apr/23/south-korea-air-force-selfie-crash-apology already exists.
2026-04-23 08:21:26,538 - INFO - [The Guardian] Early skip: URL https://www.theguardian.com/society/2026/apr/22/condom-prices-iran-war-cost-price-rise-karex already exists.
2026-04-23 08:21:26,540 - INFO - [The Guardian] Early skip: URL https://www.theguardian.com/australia-news/2026/apr/21/student-allegedly-jailed-china-after-pro-democracy-protests-australia already exists.
2026-04-23 08:21:26,542 - INFO - [The Guardian] Early skip: URL https://www.theguardian.com/world/2026/apr/21/timor-leste-parliament-questions-president-resort-scam-empire-links already exists.
2026-04-23 08:21:26,547 - INFO - [The Guardian] Early skip: URL https://www.theguardian.com/us-news/2026/apr/21/george-ariyoshi-former-hawaii-governor-dies already exists.
2026-04-23 08:21:26,548 - INFO - [The Guardian] Early skip: URL https://www.theguardian.com/australia-news/live/2026/apr/23/budget-cost-of-living-ndis-cuts-health-insurance-rebate-mark-butler-anthony-albanese-fuel-crisis-labor-coalition-ntwnfb already exists.
2026-04-23 08:21:26,551 - INFO - [The Guardian] Article: https://www.theguardian.com/australia-news/2026/apr/23/ben-roberts-smith-planned-to-leave-australia-and-researched-buying-wellness-business-in-spain-court-documents-show
2026-04-23 08:21:26,551 - INFO - [The Guardian] Attempt 1/1: Trying with 'requests_browser' strategy...
2026-04-23 08:21:26,667 - INFO - Found 37 articles in BBC RSS feed. Processing until 30 new articles are saved.
2026-04-23 08:21:26,667 - INFO - [BBC] Early skip: URL https://www.bbc.com/news/articles/cn0ep28drllo?at_medium=RSS&at_campaign=rss already exists.
2026-04-23 08:21:26,670 - INFO - [BBC] Early skip: URL https://www.bbc.com/news/articles/c5yvn036evlo?at_medium=RSS&at_campaign=rss already exists.
2026-04-23 08:21:26,671 - INFO - [BBC] Early skip: URL https://www.bbc.com/news/articles/ce9ml02g5k7o?at_medium=RSS&at_campaign=rss already exists.
2026-04-23 08:21:26,673 - INFO - [BBC] Article: https://www.bbc.com/news/articles/cr41yx7pxglo?at_medium=RSS&at_campaign=rss
2026-04-23 08:21:26,673 - INFO - [BBC] Attempt 1/1: Trying with 'requests_browser' strategy...
2026-04-23 08:21:26,732 - INFO - [The Guardian] Success with 'requests_browser'. Found content (855 words).
2026-04-23 08:21:27,558 - INFO - Selenium driver initialized successfully (Eager load strategy, 7s timeout).
2026-04-23 08:21:27,558 - INFO - Starting scrape for Al Jazeera RSS feed: https://www.aljazeera.com/xml/rss/all.xml
2026-04-23 08:21:27,563 - INFO - [BBC] Success with 'requests_browser'. Found content (880 words).
2026-04-23 08:21:27,577 - INFO - Selenium driver initialized successfully (Eager load strategy, 7s timeout).
2026-04-23 08:21:27,577 - INFO - Starting scrape for The Hindu RSS feed: https://www.thehindu.com/news/national/feeder/default.rss
2026-04-23 08:21:27,642 - INFO - Selenium driver initialized successfully (Eager load strategy, 7s timeout).
2026-04-23 08:21:27,642 - INFO - Starting scrape for The Dawn RSS feed: https://www.dawn.com/feeds/home
2026-04-23 08:21:27,650 - INFO - Selenium driver initialized successfully (Eager load strategy, 7s timeout).
2026-04-23 08:21:27,651 - INFO - Starting scrape for Times of India RSS feed: https://timesofindia.indiatimes.com/rssfeeds/296589292.cms
2026-04-23 08:21:27,705 - INFO - Selenium driver initialized successfully (Eager load strategy, 7s timeout).
2026-04-23 08:21:27,705 - INFO - Starting scrape for Economic Times RSS feed: https://economictimes.indiatimes.com/rssfeedsdefault.cms
2026-04-23 08:21:27,809 - INFO - Found 60 articles in The Hindu RSS feed. Processing until 30 new articles are saved.
2026-04-23 08:21:27,809 - INFO - [The Hindu] Article: https://www.thehindu.com/news/national/jammu-and-kashmir/ladakh-l-g-saxena-approves-major-tourism-reforms-to-ease-business-cut-compliance-burden/article70896227.ece
2026-04-23 08:21:27,810 - INFO - [The Hindu] Attempt 1/1: Trying with 'selenium_browser' strategy...
2026-04-23 08:21:27,855 - INFO - Found 25 articles in Al Jazeera RSS feed. Processing until 30 new articles are saved.
2026-04-23 08:21:27,856 - INFO - [Al Jazeera] Article: https://www.aljazeera.com/news/2026/4/23/israeli-strike-kills-five-in-gaza-including-three-children?traffic_source=rss
2026-04-23 08:21:27,857 - INFO - [Al Jazeera] Attempt 1/2: Trying with 'requests_browser' strategy...
2026-04-23 08:21:27,871 - INFO - Found 20 articles in Times of India RSS feed. Processing until 30 new articles are saved.
2026-04-23 08:21:27,871 - INFO - [Times of India] Article: https://timesofindia.indiatimes.com/world/middle-east/dubai-metro-gold-line-2026-dubai-ruler-sheikh-mohammed-unveils-dh34-billion-line-linking-business-bay-dubailand-and-jumeirah-golf-estates/articleshow/130460980.cms
2026-04-23 08:21:27,871 - INFO - [Times of India] Attempt 1/1: Trying with 'selenium_browser' strategy...
2026-04-23 08:21:27,903 - INFO - Found 27 articles in The Dawn RSS feed. Processing until 30 new articles are saved.
2026-04-23 08:21:27,903 - INFO - [The Dawn] Early skip: URL https://www.dawn.com/news/1994311/pakistan-seeks-three-spot-lng-cargoes-in-first-tender-since-dec-2023 already exists.
2026-04-23 08:21:27,908 - INFO - [The Dawn] Article: https://www.dawn.com/news/1994319/naqvi-us-envoy-discuss-diplomatic-efforts-for-holding-2nd-round-of-us-iran-talks-in-islamabad
2026-04-23 08:21:27,908 - INFO - [The Dawn] Attempt 1/2: Trying with 'requests_browser' strategy...
2026-04-23 08:21:27,928 - ERROR - [The Dawn] Request failed for strategy 'requests_browser' on URL https://www.dawn.com/news/1994319/naqvi-us-envoy-discuss-diplomatic-efforts-for-holding-2nd-round-of-us-iran-talks-in-islamabad: 403 Client Error: Forbidden for url: https://www.dawn.com/news/1994319/naqvi-us-envoy-discuss-diplomatic-efforts-for-holding-2nd-round-of-us-iran-talks-in-islamabad
2026-04-23 08:21:27,932 - INFO - [Al Jazeera] Success with 'requests_browser'. Found content (483 words).
2026-04-23 08:21:28,244 - INFO - Found 76 articles in Economic Times RSS feed. Processing until 30 new articles are saved.
2026-04-23 08:21:28,244 - INFO - [Economic Times] Early skip: URL https://economictimes.indiatimes.com/markets/stocks/earnings/upstream-oil-and-gas-producers-to-shine-in-q4-but-omcs-and-gas-distributors-face-profit-squeeze/articleshow/130454216.cms already exists.
2026-04-23 08:21:28,246 - INFO - [Economic Times] Early skip: URL https://economictimes.indiatimes.com/markets/stocks/news/it-takes-d-st-on-a-tumble-ai-fears-pop-up-on-hcl-q4-miss/articleshow/130454163.cms already exists.
2026-04-23 08:21:28,248 - INFO - [Economic Times] Early skip: URL https://economictimes.indiatimes.com/markets/stocks/news/private-banks-to-see-a-higher-rise-in-npas-than-public-peers-in-fy27/articleshow/130454311.cms already exists.
2026-04-23 08:21:28,250 - INFO - [Economic Times] Early skip: URL https://economictimes.indiatimes.com/markets/commodities/news/oil-price-today-april-23-crude-oil-prices-cross-100-again-as-iran-war-ceasefire-talks-show-no-progress-120-in-sight/articleshow/130454919.cms already exists.
2026-04-23 08:21:28,252 - INFO - [Economic Times] Article: https://economictimes.indiatimes.com/markets/stocks/news/negative-breakout-these-7-stocks-cross-below-their-200-dmas/downside-ahead/slideshow/130454887.cms
2026-04-23 08:21:28,252 - INFO - [Economic Times] Attempt 1/2: Trying with 'requests_browser' strategy...
2026-04-23 08:21:28,475 - INFO - [The Hindu] Page content loaded.
2026-04-23 08:21:28,568 - WARNING - [The Hindu] FAILED with 'selenium_browser' (content was too short: 79 words).
2026-04-23 08:21:28,568 - ERROR - [The Hindu] All scrape strategies failed for https://www.thehindu.com/news/national/jammu-and-kashmir/ladakh-l-g-saxena-approves-major-tourism-reforms-to-ease-business-cut-compliance-burden/article70896227.ece. Falling back to RSS description.
2026-04-23 08:21:28,568 - WARNING - SKIPPED (GLOBAL WORD LIMIT): Article 'Ladakh L-G Saxena approves major tourism reforms to ease business, cut compliance burden' from The Hindu has only 17 words (Min: 90).
2026-04-23 08:21:28,633 - INFO - [The Dawn] Article: https://www.dawn.com/news/1994319/naqvi-us-envoy-discuss-diplomatic-efforts-for-holding-2nd-round-of-us-iran-talks-in-islamabad
2026-04-23 08:21:28,633 - INFO - [The Dawn] Attempt 2/2: Trying with 'selenium_browser' strategy...
2026-04-23 08:21:28,657 - INFO - [Times of India] Page content loaded.
2026-04-23 08:21:29,043 - INFO - [Times of India] Success with 'selenium_browser'. Found content (583 words).
2026-04-23 08:21:29,274 - INFO - [The Hindu] Article: https://www.thehindu.com/news/cities/Mangalore/karnataka-sslc-exam-1-results-teachers-parents-encouraged-me-to-achieve-centum-says-udupi-student/article70896542.ece
2026-04-23 08:21:29,274 - INFO - [The Hindu] Attempt 1/1: Trying with 'selenium_browser' strategy...
2026-04-23 08:21:30,925 - INFO - [The Dawn] Page content loaded.
2026-04-23 08:21:31,368 - INFO - [The Hindu] Page content loaded.
2026-04-23 08:21:31,376 - WARNING - [Economic Times] FAILED with 'requests_browser' (content was too short: 71 words).
2026-04-23 08:21:31,592 - INFO - [The Dawn] Success with 'selenium_browser'. Found content (478 words).
2026-04-23 08:21:31,902 - WARNING - [The Hindu] FAILED with 'selenium_browser' (content was too short: 80 words).
2026-04-23 08:21:31,902 - ERROR - [The Hindu] All scrape strategies failed for https://www.thehindu.com/news/cities/Mangalore/karnataka-sslc-exam-1-results-teachers-parents-encouraged-me-to-achieve-centum-says-udupi-student/article70896542.ece. Falling back to RSS description.
2026-04-23 08:21:31,903 - WARNING - SKIPPED (GLOBAL WORD LIMIT): Article 'Karnataka SSLC exam-1 results: Teachers, parents encouraged me to achieve centum, says Udupi student' from The Hindu has only 32 words (Min: 90).
2026-04-23 08:21:32,172 - INFO - [Economic Times] Article: https://economictimes.indiatimes.com/markets/stocks/news/negative-breakout-these-7-stocks-cross-below-their-200-dmas/downside-ahead/slideshow/130454887.cms
2026-04-23 08:21:32,180 - INFO - [Economic Times] Attempt 2/2: Trying with 'selenium_browser' strategy...
2026-04-23 08:21:32,879 - INFO - [The Hindu] Article: https://www.thehindu.com/elections/west-bengal-assembly/ramlal-joins-poll-queue-elephants-early-morning-visit-adds-twist-to-bengal-polls/article70896222.ece
2026-04-23 08:21:32,879 - INFO - [The Hindu] Attempt 1/1: Trying with 'selenium_browser' strategy...
2026-04-23 08:21:39,985 - INFO - [Economic Times] Page content loaded.
2026-04-23 08:21:40,141 - WARNING - [The Hindu] Page get timed out (7s). Proceeding to grab partial source anyway.
2026-04-23 08:21:40,282 - INFO - [The Hindu] Page content loaded.
2026-04-23 08:21:40,649 - WARNING - [The Hindu] FAILED with 'selenium_browser' (content was too short: 53 words).
2026-04-23 08:21:40,649 - ERROR - [The Hindu] All scrape strategies failed for https://www.thehindu.com/elections/west-bengal-assembly/ramlal-joins-poll-queue-elephants-early-morning-visit-adds-twist-to-bengal-polls/article70896222.ece. Falling back to RSS description.
2026-04-23 08:21:40,649 - WARNING - SKIPPED (GLOBAL WORD LIMIT): Article '‘Ramlal’ joins poll queue: Elephant’s early morning visit adds twist to Bengal polls' from The Hindu has only 41 words (Min: 90).
2026-04-23 08:21:41,573 - INFO - [The Hindu] Article: https://www.thehindu.com/news/national/kerala/keralas-thrissur-pooram-to-go-fireworks-free-this-year-after-blast-famed-kudamattam-to-be-scaled-down/article70896486.ece
2026-04-23 08:21:41,573 - INFO - [The Hindu] Attempt 1/1: Trying with 'selenium_browser' strategy...
2026-04-23 08:21:43,073 - INFO - [The Hindu] Page content loaded.
2026-04-23 08:21:45,995 - INFO - [Economic Times] Success with 'selenium_browser'. Found content (117 words).
2026-04-23 08:21:53,397 - ERROR - [The Hindu] Request failed for strategy 'selenium_browser' on URL https://www.thehindu.com/news/national/kerala/keralas-thrissur-pooram-to-go-fireworks-free-this-year-after-blast-famed-kudamattam-to-be-scaled-down/article70896486.ece: Message: timeout: Timed out receiving message from renderer: 7.000
  (Session info: chrome=147.0.7727.117)
Stacktrace:
#0 0x55fcd183c79a <unknown>
#1 0x55fcd1238215 <unknown>
#2 0x55fcd121fabb <unknown>
#3 0x55fcd121f7a4 <unknown>
#4 0x55fcd121d4e1 <unknown>
#5 0x55fcd121de6f <unknown>
#6 0x55fcd122ce90 <unknown>
#7 0x55fcd1246c07 <unknown>
#8 0x55fcd124d73b <unknown>
#9 0x55fcd121e5bf <unknown>
#10 0x55fcd124699d <unknown>
#11 0x55fcd12d3693 <unknown>
#12 0x55fcd127e55f <unknown>
#13 0x55fcd127f321 <unknown>
#14 0x55fcd180006b <unknown>
#15 0x55fcd180301d <unknown>
#16 0x55fcd17ec718 <unknown>
#17 0x55fcd1803bb0 <unknown>
#18 0x55fcd17d3150 <unknown>
#19 0x55fcd18295e8 <unknown>
#20 0x55fcd18297b8 <unknown>
#21 0x55fcd183b1de <unknown>
#22 0x7f7ec0a9caa4 <unknown>
#23 0x7f7ec0b29c6c <unknown>

2026-04-23 08:21:53,403 - ERROR - [The Hindu] All scrape strategies failed for https://www.thehindu.com/news/national/kerala/keralas-thrissur-pooram-to-go-fireworks-free-this-year-after-blast-famed-kudamattam-to-be-scaled-down/article70896486.ece. Falling back to RSS description.
2026-04-23 08:21:53,403 - WARNING - SKIPPED (GLOBAL WORD LIMIT): Article 'Kerala’s Thrissur Pooram to go fireworks-free this year after blast; famed ‘Kudamattam’ to be scaled down' from The Hindu has only 18 words (Min: 90).
2026-04-23 08:21:54,066 - INFO - [The Hindu] Article: https://www.thehindu.com/news/national/rajasthan/delhi-woman-rape-and-murder-case-rajasthan-police-probing-rape-charge-against-accused-man/article70896527.ece
2026-04-23 08:21:54,066 - INFO - [The Hindu] Attempt 1/1: Trying with 'selenium_browser' strategy...
2026-04-23 08:21:55,140 - INFO - [The Hindu] Page content loaded.
2026-04-23 08:22:02,406 - ERROR - [The Hindu] Request failed for strategy 'selenium_browser' on URL https://www.thehindu.com/news/national/rajasthan/delhi-woman-rape-and-murder-case-rajasthan-police-probing-rape-charge-against-accused-man/article70896527.ece: Message: timeout: Timed out receiving message from renderer: 7.000
  (Session info: chrome=147.0.7727.117)
Stacktrace:
#0 0x55fcd183c79a <unknown>
#1 0x55fcd1238215 <unknown>
#2 0x55fcd121fabb <unknown>
#3 0x55fcd121f7a4 <unknown>
#4 0x55fcd121d4e1 <unknown>
#5 0x55fcd121de6f <unknown>
#6 0x55fcd122ce90 <unknown>
#7 0x55fcd1246c07 <unknown>
#8 0x55fcd124d73b <unknown>
#9 0x55fcd121e5bf <unknown>
#10 0x55fcd124699d <unknown>
#11 0x55fcd12d3ae4 <unknown>
#12 0x55fcd127e55f <unknown>
#13 0x55fcd127f321 <unknown>
#14 0x55fcd180006b <unknown>
#15 0x55fcd180301d <unknown>
#16 0x55fcd17ec718 <unknown>
#17 0x55fcd1803bb0 <unknown>
#18 0x55fcd17d3150 <unknown>
#19 0x55fcd18295e8 <unknown>
#20 0x55fcd18297b8 <unknown>
#21 0x55fcd183b1de <unknown>
#22 0x7f7ec0a9caa4 <unknown>
#23 0x7f7ec0b29c6c <unknown>

2026-04-23 08:22:02,407 - ERROR - [The Hindu] All scrape strategies failed for https://www.thehindu.com/news/national/rajasthan/delhi-woman-rape-and-murder-case-rajasthan-police-probing-rape-charge-against-accused-man/article70896527.ece. Falling back to RSS description.
2026-04-23 08:22:02,407 - WARNING - SKIPPED (GLOBAL WORD LIMIT): Article 'Delhi woman rape and murder case: Rajasthan police probing rape charge against accused man' from The Hindu has only 25 words (Min: 90).
2026-04-23 08:22:03,042 - INFO - [The Hindu] Early skip: URL https://www.thehindu.com/elections/west-bengal-assembly/west-bengal-assembly-elections-phase-1-voting-live-updates-23-april-2026/article70893822.ece already exists.
2026-04-23 08:22:03,044 - INFO - [The Hindu] Article: https://www.thehindu.com/news/national/maharashtra/bjp-to-contest-four-seats-in-upcoming-maharashtra-legislative-council-polls/article70896509.ece
2026-04-23 08:22:03,045 - INFO - [The Hindu] Attempt 1/1: Trying with 'selenium_browser' strategy...
2026-04-23 08:22:04,966 - INFO - [The Hindu] Page content loaded.
2026-04-23 08:22:11,558 - INFO - [The Hindu] Success with 'selenium_browser'. Found content (332 words).
2026-04-23 08:22:27,008 - INFO - >>> SUCCESSFULLY SAVED [ID: 53528] - Ben Roberts-Smith planned to leave Australia and researched buying wellness business in Spain, court documents show | Ben Roberts-Smith | The Guardian from The Guardian (855 words)
2026-04-23 08:22:28,097 - INFO - [The Guardian] Article: https://www.theguardian.com/books/2026/apr/23/david-malouf-australian-author-of-remembering-babylon-and-ransom-dies-aged-92
2026-04-23 08:22:28,097 - INFO - [The Guardian] Attempt 1/1: Trying with 'requests_browser' strategy...
2026-04-23 08:22:28,241 - INFO - [The Guardian] Success with 'requests_browser'. Found content (603 words).
2026-04-23 08:22:42,270 - INFO - DEDUPLICATION: Found match (Score: 0.92). Linking to Cluster ID: b3f9b57a-fff8-4567-9ba9-8fa6ae673752
2026-04-23 08:22:44,525 - INFO - >>> SUCCESSFULLY SAVED [ID: 53529] - Girl, 14, found in singer D4vd's car died of 'multiple injuries' from BBC (880 words)
2026-04-23 08:22:45,540 - INFO - [BBC] Article: https://www.bbc.com/news/articles/cdj7vgwwzgdo?at_medium=RSS&at_campaign=rss
2026-04-23 08:22:45,541 - INFO - [BBC] Attempt 1/1: Trying with 'requests_browser' strategy...
2026-04-23 08:22:45,609 - INFO - [BBC] Success with 'requests_browser'. Found content (351 words).
2026-04-23 08:23:01,761 - INFO - >>> SUCCESSFULLY SAVED [ID: 53530] - Israeli strike kills five in Gaza, including three children | Israel-Palestine conflict News | Al Jazeera from Al Jazeera (483 words)
2026-04-23 08:23:02,512 - INFO - [Al Jazeera] Article: https://www.aljazeera.com/news/2026/4/23/will-another-film-star-be-able-to-sway-the-election-in-indias-tamil-nadu?traffic_source=rss
2026-04-23 08:23:02,512 - INFO - [Al Jazeera] Attempt 1/2: Trying with 'requests_browser' strategy...
2026-04-23 08:23:02,569 - INFO - [Al Jazeera] Success with 'requests_browser'. Found content (2001 words).
2026-04-23 08:23:21,845 - INFO - >>> SUCCESSFULLY SAVED [ID: 53531] - Dubai Metro: Dubai Metro Gold Line 2026: Dubai Ruler Sheikh Mohammed unveils Dh34 billion line linking Business Bay, Dubailand and Jumeirah Golf Estates | World News - The Times of India from Times of India (583 words)
2026-04-23 08:23:23,206 - INFO - [Times of India] Article: https://timesofindia.indiatimes.com/world/rest-of-world/10-countries-in-the-world-without-any-rivers/photostory/130461012.cms
2026-04-23 08:23:23,206 - INFO - [Times of India] Attempt 1/1: Trying with 'selenium_browser' strategy...
2026-04-23 08:23:26,646 - INFO - [Times of India] Page content loaded.
2026-04-23 08:23:26,917 - INFO - [Times of India] Success with 'selenium_browser'. Found content (929 words).
2026-04-23 08:23:44,487 - INFO - >>> SUCCESSFULLY SAVED [ID: 53532] - Naqvi, US envoy discuss diplomatic efforts for holding 2nd round of US-Iran talks in Islamabad - Pakistan - DAWN.COM from The Dawn (478 words)
2026-04-23 08:23:45,709 - INFO - [The Dawn] Early skip: URL https://www.dawn.com/news/1994305/attock-refinery-operations-normalise-as-transport-links-restored already exists.
2026-04-23 08:23:45,713 - INFO - [The Dawn] Article: https://www.dawn.com/news/1994330/voting-underway-in-key-indian-states-of-west-bengal-tamil-nadu
2026-04-23 08:23:45,714 - INFO - [The Dawn] Attempt 1/2: Trying with 'requests_browser' strategy...
2026-04-23 08:23:45,780 - ERROR - [The Dawn] Request failed for strategy 'requests_browser' on URL https://www.dawn.com/news/1994330/voting-underway-in-key-indian-states-of-west-bengal-tamil-nadu: 403 Client Error: Forbidden for url: https://www.dawn.com/news/1994330/voting-underway-in-key-indian-states-of-west-bengal-tamil-nadu
2026-04-23 08:23:46,422 - INFO - [The Dawn] Article: https://www.dawn.com/news/1994330/voting-underway-in-key-indian-states-of-west-bengal-tamil-nadu
2026-04-23 08:23:46,423 - INFO - [The Dawn] Attempt 2/2: Trying with 'selenium_browser' strategy...
2026-04-23 08:23:53,405 - INFO - [The Dawn] Page content loaded.
2026-04-23 08:23:53,918 - INFO - [The Dawn] Success with 'selenium_browser'. Found content (348 words).
2026-04-23 08:24:10,568 - INFO - >>> SUCCESSFULLY SAVED [ID: 53533] - Negative Breakout: These 7 stocks cross below their 200 DMAs - Downside Ahead | The Economic Times from Economic Times (117 words)
2026-04-23 08:24:11,789 - INFO - [Economic Times] Article: https://economictimes.indiatimes.com/markets/expert-view/worst-of-market-uncertainty-likely-behind-us-trideep-bhattacharya/articleshow/130461355.cms
2026-04-23 08:24:11,790 - INFO - [Economic Times] Attempt 1/2: Trying with 'requests_browser' strategy...
2026-04-23 08:24:12,093 - ERROR - parsed tree length: 1, wrong data type or not valid HTML
2026-04-23 08:24:12,094 - ERROR - empty HTML tree: None
2026-04-23 08:24:12,094 - WARNING - discarding data: None
2026-04-23 08:24:12,094 - WARNING - [Economic Times] FAILED with 'requests_browser' (content was too short: 0 words).
2026-04-23 08:24:12,991 - INFO - [Economic Times] Article: https://economictimes.indiatimes.com/markets/expert-view/worst-of-market-uncertainty-likely-behind-us-trideep-bhattacharya/articleshow/130461355.cms
2026-04-23 08:24:12,991 - INFO - [Economic Times] Attempt 2/2: Trying with 'selenium_browser' strategy...
2026-04-23 08:24:19,579 - INFO - [Economic Times] Page content loaded.
2026-04-23 08:24:22,623 - INFO - [Economic Times] Success with 'selenium_browser'. Found content (1133 words).
2026-04-23 08:24:36,847 - INFO - >>> SUCCESSFULLY SAVED [ID: 53534] - BJP to contest four seats in upcoming Maharashtra Legislative Council polls - The Hindu from The Hindu (332 words)
2026-04-23 08:24:37,803 - INFO - [The Hindu] Early skip: URL https://www.thehindu.com/elections/tamil-nadu-assembly/tamil-nadu-assembly-election-2026-voting-live-updates-23-april-2026/article70894196.ece already exists.
2026-04-23 08:24:37,805 - INFO - [The Hindu] Article: https://www.thehindu.com/elections/west-bengal-assembly/congress-files-complaint-against-polling-violations-in-bharatpur-constituency/article70896523.ece
2026-04-23 08:24:37,805 - INFO - [The Hindu] Attempt 1/1: Trying with 'selenium_browser' strategy...
2026-04-23 08:24:38,923 - INFO - [The Hindu] Page content loaded.
2026-04-23 08:24:39,528 - INFO - [The Hindu] Success with 'selenium_browser'. Found content (183 words).
2026-04-23 08:24:59,121 - INFO - >>> SUCCESSFULLY SAVED [ID: 53535] - David Malouf, Australian author of Remembering Babylon and Ransom, dies aged 92 | Books | The Guardian from The Guardian (603 words)
2026-04-23 08:25:00,005 - INFO - [The Guardian] Early skip: URL https://www.theguardian.com/australia-news/2026/apr/23/judith-neilson-private-secretary-annalouise-spence-charged-fraud-ntwnfb already exists.
2026-04-23 08:25:00,007 - INFO - [The Guardian] Early skip: URL https://www.theguardian.com/australia-news/2026/apr/23/mark-butler-ndis-cuts-defence-spending already exists.
2026-04-23 08:25:00,008 - INFO - [The Guardian] Article: https://www.theguardian.com/uk-news/2026/apr/23/iran-low-level-hybrid-warfare-arson-attacks-uk-europe
2026-04-23 08:25:00,008 - INFO - [The Guardian] Attempt 1/1: Trying with 'requests_browser' strategy...
2026-04-23 08:25:00,089 - INFO - [The Guardian] Success with 'requests_browser'. Found content (1122 words).
2026-04-23 08:25:19,156 - INFO - >>> SUCCESSFULLY SAVED [ID: 53536] - Edgar Lungu: Zambia's government takes possession of ex-president body in repatriation row from BBC (351 words)
2026-04-23 08:25:20,143 - INFO - [BBC] Early skip: URL https://www.bbc.com/news/articles/c80m4822m1no?at_medium=RSS&at_campaign=rss already exists.
2026-04-23 08:25:20,146 - INFO - [BBC] Early skip: URL https://www.bbc.com/news/articles/c8x7kxjgq9xo?at_medium=RSS&at_campaign=rss already exists.
2026-04-23 08:25:20,149 - INFO - [BBC] Early skip: URL https://www.bbc.com/news/articles/cnv8l99r3yyo?at_medium=RSS&at_campaign=rss already exists.
2026-04-23 08:25:20,151 - INFO - [BBC] Early skip: URL https://www.bbc.com/news/articles/c0krlxg384eo?at_medium=RSS&at_campaign=rss already exists.
2026-04-23 08:25:20,152 - INFO - [BBC] Early skip: URL https://www.bbc.com/news/articles/cre1r4n5j5wo?at_medium=RSS&at_campaign=rss already exists.
2026-04-23 08:25:20,153 - INFO - [BBC] Early skip: URL https://www.bbc.com/news/articles/clyrkd022ejo?at_medium=RSS&at_campaign=rss already exists.
2026-04-23 08:25:20,155 - INFO - [BBC] Early skip: URL https://www.bbc.com/news/articles/czjwz8we1zzo?at_medium=RSS&at_campaign=rss already exists.
2026-04-23 08:25:20,156 - INFO - [BBC] Early skip: URL https://www.bbc.com/news/articles/crl16p72x7xo?at_medium=RSS&at_campaign=rss already exists.
2026-04-23 08:25:20,157 - INFO - [BBC] Early skip: URL https://www.bbc.com/news/articles/c15d888ww39o?at_medium=RSS&at_campaign=rss already exists.
2026-04-23 08:25:20,158 - INFO - [BBC] Early skip: URL https://www.bbc.com/news/articles/cn4vk13wgwwo?at_medium=RSS&at_campaign=rss already exists.
2026-04-23 08:25:20,160 - INFO - [BBC] Early skip: URL https://www.bbc.com/news/articles/cvg4yr90jr2o?at_medium=RSS&at_campaign=rss already exists.
2026-04-23 08:25:20,162 - INFO - [BBC] Early skip: URL https://www.bbc.com/news/articles/cwydzddp4j9o?at_medium=RSS&at_campaign=rss already exists.
2026-04-23 08:25:20,166 - INFO - [BBC] Early skip: URL https://www.bbc.com/news/articles/cvglyklz49jo?at_medium=RSS&at_campaign=rss already exists.
2026-04-23 08:25:20,167 - INFO - [BBC] Early skip: URL https://www.bbc.com/news/articles/c8dl3ez4mpno?at_medium=RSS&at_campaign=rss already exists.
2026-04-23 08:25:20,168 - INFO - [BBC] Early skip: URL https://www.bbc.com/news/articles/ce84e31376zo?at_medium=RSS&at_campaign=rss already exists.
2026-04-23 08:25:20,170 - INFO - [BBC] Early skip: URL https://www.bbc.com/news/articles/c895j8zgqe4o?at_medium=RSS&at_campaign=rss already exists.
2026-04-23 08:25:20,171 - INFO - [BBC] Early skip: URL https://www.bbc.com/news/articles/cew790ppn8jo?at_medium=RSS&at_campaign=rss already exists.
2026-04-23 08:25:20,172 - INFO - [BBC] Early skip: URL https://www.bbc.com/news/articles/crr1v4gzkvlo?at_medium=RSS&at_campaign=rss already exists.
2026-04-23 08:25:20,174 - INFO - [BBC] Early skip: URL https://www.bbc.com/news/articles/c1mkvjkg10no?at_medium=RSS&at_campaign=rss already exists.
2026-04-23 08:25:20,175 - INFO - [BBC] Early skip: URL https://www.bbc.com/news/articles/cd9v420y190o?at_medium=RSS&at_campaign=rss already exists.
2026-04-23 08:25:20,176 - INFO - [BBC] Early skip: URL https://www.bbc.com/news/articles/cddqvyr0yjro?at_medium=RSS&at_campaign=rss already exists.
2026-04-23 08:25:20,179 - INFO - [BBC] Article: https://www.bbc.com/news/articles/cql7p9rd3gyo?at_medium=RSS&at_campaign=rss
2026-04-23 08:25:20,179 - INFO - [BBC] Attempt 1/1: Trying with 'requests_browser' strategy...
2026-04-23 08:25:20,288 - INFO - [BBC] Success with 'requests_browser'. Found content (1141 words).
2026-04-23 08:25:37,756 - INFO - >>> SUCCESSFULLY SAVED [ID: 53537] - Will another film star be able to sway the election in India’s Tamil Nadu? | Elections News | Al Jazeera from Al Jazeera (2001 words)
2026-04-23 08:25:38,695 - INFO - [Al Jazeera] Article: https://www.aljazeera.com/video/newsfeed/2026/4/23/dozens-of-israeli-settlers-cross-into-syria-to-demand-settlement?traffic_source=rss
2026-04-23 08:25:38,695 - INFO - [Al Jazeera] Attempt 1/2: Trying with 'requests_browser' strategy...
2026-04-23 08:25:38,756 - WARNING - [Al Jazeera] FAILED with 'requests_browser' (content was too short: 56 words).
2026-04-23 08:25:39,419 - INFO - [Al Jazeera] Article: https://www.aljazeera.com/video/newsfeed/2026/4/23/dozens-of-israeli-settlers-cross-into-syria-to-demand-settlement?traffic_source=rss
2026-04-23 08:25:39,419 - INFO - [Al Jazeera] Attempt 2/2: Trying with 'selenium_browser' strategy...
2026-04-23 08:25:40,706 - INFO - [Al Jazeera] Page content loaded.
2026-04-23 08:25:40,850 - WARNING - [Al Jazeera] FAILED with 'selenium_browser' (content was too short: 56 words).
2026-04-23 08:25:40,850 - ERROR - [Al Jazeera] All scrape strategies failed for https://www.aljazeera.com/video/newsfeed/2026/4/23/dozens-of-israeli-settlers-cross-into-syria-to-demand-settlement?traffic_source=rss. Falling back to RSS description.
2026-04-23 08:25:40,850 - WARNING - SKIPPED (GLOBAL WORD LIMIT): Article 'Dozens of Israeli settlers cross into Syria to demand settlement' from Al Jazeera has only 18 words (Min: 90).
2026-04-23 08:25:41,991 - INFO - [Al Jazeera] Article: https://www.aljazeera.com/news/2026/4/23/iran-war-whats-happening-on-day-55-after-trump-extended-ceasefire?traffic_source=rss
2026-04-23 08:25:41,992 - INFO - [Al Jazeera] Attempt 1/2: Trying with 'requests_browser' strategy...
2026-04-23 08:25:42,111 - INFO - [Al Jazeera] Success with 'requests_browser'. Found content (543 words).
2026-04-23 08:25:58,900 - INFO - >>> SUCCESSFULLY SAVED [ID: 53538] - 10 countries in the world without any rivers from Times of India (929 words)
2026-04-23 08:25:59,661 - INFO - [Times of India] Article: https://timesofindia.indiatimes.com/world/middle-east/shut-up-trump-iran-mocks-us-president-with-ai-video-over-ceasefire-extension-on-pakistans-request/articleshow/130460081.cms
2026-04-23 08:25:59,661 - INFO - [Times of India] Attempt 1/1: Trying with 'selenium_browser' strategy...
2026-04-23 08:26:03,294 - INFO - [Times of India] Page content loaded.
2026-04-23 08:26:03,856 - INFO - [Times of India] Success with 'selenium_browser'. Found content (213 words).
2026-04-23 08:26:19,073 - INFO - DEDUPLICATION: Found match (Score: 0.84). Linking to Cluster ID: f8d4ea6d-b40a-4b28-9727-669ed119d8a4
2026-04-23 08:26:21,596 - INFO - >>> SUCCESSFULLY SAVED [ID: 53539] - Voting underway in key Indian states of West Bengal, Tamil Nadu - World - DAWN.COM from The Dawn (348 words)
2026-04-23 08:26:22,514 - INFO - [The Dawn] Early skip: URL https://www.dawn.com/news/1994261/israeli-airstrike-kills-journalist-in-south-lebanon-civil-defence already exists.
2026-04-23 08:26:22,516 - INFO - [The Dawn] Early skip: URL https://www.dawn.com/news/1994215/strict-security-triggers-food-fuel-shortages-in-twin-cities already exists.
2026-04-23 08:26:22,517 - INFO - [The Dawn] Early skip: URL https://www.dawn.com/news/1994216/us-optimistic-about-iran-talks-this-week already exists.
2026-04-23 08:26:22,519 - INFO - [The Dawn] Article: https://www.dawn.com/news/1994231/judicial-commission-of-pakistan-likely-to-recommend-transfer-of-five-ihc-judges
2026-04-23 08:26:22,519 - INFO - [The Dawn] Attempt 1/2: Trying with 'requests_browser' strategy...
2026-04-23 08:26:22,613 - ERROR - [The Dawn] Request failed for strategy 'requests_browser' on URL https://www.dawn.com/news/1994231/judicial-commission-of-pakistan-likely-to-recommend-transfer-of-five-ihc-judges: 403 Client Error: Forbidden for url: https://www.dawn.com/news/1994231/judicial-commission-of-pakistan-likely-to-recommend-transfer-of-five-ihc-judges
2026-04-23 08:26:23,145 - INFO - [The Dawn] Article: https://www.dawn.com/news/1994231/judicial-commission-of-pakistan-likely-to-recommend-transfer-of-five-ihc-judges
2026-04-23 08:26:23,146 - INFO - [The Dawn] Attempt 2/2: Trying with 'selenium_browser' strategy...
2026-04-23 08:26:45,264 - INFO - >>> SUCCESSFULLY SAVED [ID: 53540] - Worst of market uncertainty likely behind us: Trideep Bhattacharya - The Economic Times from Economic Times (1133 words)
2026-04-23 08:26:46,354 - INFO - [Economic Times] Early skip: URL https://economictimes.indiatimes.com/news/economy/policy/rbi-draft-for-upper-layer-non-banks-affects-cics-disproportionately-raises-compliances-costs/articleshow/130394099.cms already exists.
2026-04-23 08:26:46,356 - INFO - [Economic Times] Early skip: URL https://economictimes.indiatimes.com/news/economy/foreign-trade/exporters-seek-removal-of-cap-on-interest-subvention/articleshow/130341339.cms already exists.
2026-04-23 08:26:46,357 - INFO - [Economic Times] Early skip: URL https://economictimes.indiatimes.com/news/economy/indicators/macro-buffers-to-help-india-tide-over-gulf-crisis-world-bank/articleshow/130152815.cms already exists.
2026-04-23 08:26:46,358 - INFO - [Economic Times] Early skip: URL https://economictimes.indiatimes.com/news/economy/policy/rbi-holds-repo-rate-flags-supply-chain-risks-to-inflation-growth/articleshow/130123373.cms already exists.
2026-04-23 08:26:46,359 - INFO - [Economic Times] Early skip: URL https://economictimes.indiatimes.com/news/economy/policy/rbi-may-keep-rates-unchanged-focus-on-rupee-stability-and-bond-yields/articleshow/130045979.cms already exists.
2026-04-23 08:26:46,362 - INFO - [Economic Times] Early skip: URL https://economictimes.indiatimes.com/news/economy/foreign-trade/japan-to-create-special-cell-to-push-fdi-into-india/articleshow/129933023.cms already exists.
2026-04-23 08:26:46,363 - INFO - [Economic Times] Early skip: URL https://economictimes.indiatimes.com/tech/technology/apple-faces-indian-engineers-bias-lawsuit/articleshow/81694292.cms already exists.
2026-04-23 08:26:46,365 - INFO - [Economic Times] Early skip: URL https://economictimes.indiatimes.com/news/defence/despite-transatlantic-love-fest-eu-charts-third-way-in-ties-with-us-and-china/articleshow/81467467.cms already exists.
2026-04-23 08:26:46,366 - INFO - [Economic Times] Early skip: URL https://economictimes.indiatimes.com/tech/tech-bytes/twitters-india-policy-head-to-step-down-will-transition-in-march/articleshow/80732868.cms already exists.
2026-04-23 08:26:46,367 - INFO - [Economic Times] Early skip: URL https://economictimes.indiatimes.com/tech/tech-and-gadgets/govt-may-keep-rs-7500-cr-outlay-for-it-hardware-manufacturing-under-pli-scheme/articleshow/80333429.cms already exists.
2026-04-23 08:26:46,368 - INFO - [Economic Times] Early skip: URL https://economictimes.indiatimes.com/tech/technology/indian-dating-apps-services-see-surge-of-paying-users-in-small-cities/articleshow/80063342.cms already exists.
2026-04-23 08:26:46,370 - INFO - [Economic Times] Early skip: URL https://economictimes.indiatimes.com/tech/technology/time-for-govt-cos-to-adopt-ai-deloitte-india/articleshow/79981215.cms already exists.
2026-04-23 08:26:46,371 - INFO - [Economic Times] Early skip: URL https://economictimes.indiatimes.com/news/international/world-news/iran-to-resume-international-flights-from-mashhad-airport-on-monday/articleshow/130377208.cms already exists.
2026-04-23 08:26:46,372 - INFO - [Economic Times] Early skip: URL https://economictimes.indiatimes.com/news/international/world-news/uk-police-examine-iran-links-to-arson-attacks-on-jewish-targets/articleshow/130377134.cms already exists.
2026-04-23 08:26:46,373 - INFO - [Economic Times] Early skip: URL https://economictimes.indiatimes.com/news/international/business/war-crisis-revives-stagflation-dangers-for-global-economy/articleshow/130376821.cms already exists.
2026-04-23 08:26:46,374 - INFO - [Economic Times] Early skip: URL https://economictimes.indiatimes.com/news/international/world-news/iran-to-prioritise-strait-of-hormuz-passage-for-vessels-that-pay-fees/articleshow/130361163.cms already exists.
2026-04-23 08:26:46,376 - INFO - [Economic Times] Early skip: URL https://economictimes.indiatimes.com/news/international/world-news/chinas-expanding-surveillance-state-and-crackdowns-draw-global-scrutiny/articleshow/130189422.cms already exists.
2026-04-23 08:26:46,377 - INFO - [Economic Times] Early skip: URL https://economictimes.indiatimes.com/news/international/world-news/dragon-does-a-trump-china-made-efforts-to-stop-war/articleshow/130123473.cms already exists.
2026-04-23 08:26:46,378 - INFO - [Economic Times] Early skip: URL https://economictimes.indiatimes.com/news/elections/assembly-elections/assam/done-deal-cm-himanta-biswa-sarma-on-nda-seat-sharing-for-assam-polls/articleshow/128678098.cms already exists.
2026-04-23 08:26:46,380 - INFO - [Economic Times] Early skip: URL https://economictimes.indiatimes.com/news/elections/assembly-elections/bihar/rare-intensive-revision-in-bihar-four-months-before-polls/articleshow/122167501.cms already exists.
2026-04-23 08:26:46,381 - INFO - [Economic Times] Early skip: URL https://economictimes.indiatimes.com/news/elections/assembly-elections/delhi/bjp-accuses-kejriwal-of-sending-voters-hoax-calls-to-mislead/articleshow/117579007.cms already exists.
2026-04-23 08:26:46,382 - INFO - [Economic Times] Early skip: URL https://economictimes.indiatimes.com/news/elections/lok-sabha/india/lok-sabha-election-2024-maharashtra-get-interesting-after-splits-in-shiv-sena-ncp/articleshow/108559788.cms already exists.
2026-04-23 08:26:46,384 - INFO - [Economic Times] Early skip: URL https://economictimes.indiatimes.com/news/elections/lok-sabha/india/modi-charisma-key-factor-in-bjps-bid-to-retain-all-26-seats-in-gujarat/articleshow/108550858.cms already exists.
2026-04-23 08:26:46,385 - INFO - [Economic Times] Early skip: URL https://economictimes.indiatimes.com/news/elections/lok-sabha/india/implementation-of-guarantees-decline-of-brs-favour-congress-in-telangana-bjp-aiming-for-better-show/articleshow/108548569.cms already exists.
2026-04-23 08:26:46,386 - INFO - [Economic Times] Early skip: URL https://economictimes.indiatimes.com/traders-bet-on-calendar-spread-as-nifty-moves-in-a-tight-range/articleshow/6302358.cms already exists.
2026-04-23 08:26:46,387 - INFO - [Economic Times] Early skip: URL https://economictimes.indiatimes.com/nifty-may-find-support-at-5300-level/articleshow/6296017.cms already exists.
2026-04-23 08:26:46,389 - INFO - [Economic Times] Early skip: URL https://economictimes.indiatimes.com/seven-out-of-top-10-asian-small-cap-funds-are-indian/articleshow/6295976.cms already exists.
2026-04-23 08:26:46,390 - INFO - [Economic Times] Early skip: URL https://economictimes.indiatimes.com/inflation-reflects-growth-dynamics-in-india-christopher-wood/articleshow/6274053.cms already exists.
2026-04-23 08:26:46,392 - INFO - [Economic Times] Early skip: URL https://economictimes.indiatimes.com/market-may-trade-in-a-range-but-fiis-seen-sold-on-india/articleshow/6277705.cms already exists.
2026-04-23 08:26:46,395 - INFO - [Economic Times] Early skip: URL https://economictimes.indiatimes.com/dont-bank-only-on-price-to-earning-ratio/articleshow/6278228.cms already exists.
2026-04-23 08:26:46,396 - INFO - [Economic Times] Early skip: URL https://economictimes.indiatimes.com/markets/stocks/recos/prabhudas-lilladher-has-a-reduce-rating-on-infosys/articleshow/3798718.cms already exists.
2026-04-23 08:26:46,398 - INFO - [Economic Times] Early skip: URL https://economictimes.indiatimes.com/markets/stocks/recos/fin-crisis-too-late-and-too-little-done-in-us/articleshow/3794549.cms already exists.
2026-04-23 08:26:46,399 - INFO - [Economic Times] Early skip: URL https://economictimes.indiatimes.com/markets/forex/weak-rupee-takes-its-toll-on-cos-with-huge-foreign-debt/articleshow/3546158.cms already exists.
2026-04-23 08:26:46,400 - INFO - [Economic Times] Early skip: URL https://economictimes.indiatimes.com/markets/stocks/recos/wait-for-more-signals-before-turning-positive/articleshow/3292640.cms already exists.
2026-04-23 08:26:46,401 - INFO - [Economic Times] Early skip: URL https://economictimes.indiatimes.com/news/company/corporate-trends/six-indian-cos-among-businessweeks-top-100-infotech-firms/articleshow/3189334.cms already exists.
2026-04-23 08:26:46,403 - INFO - [Economic Times] Early skip: URL https://economictimes.indiatimes.com/news/company/corporate-trends/indian-firms-slip-in-global-ranking-four-move-out-of-top-500/articleshow/3177077.cms already exists.
2026-04-23 08:26:46,404 - INFO - [Economic Times] Early skip: URL https://economictimes.indiatimes.com/markets/stocks/news/big-daddy-laps-up-cipla-after-q1-nos-beat-forecast/articleshow/6308646.cms already exists.
2026-04-23 08:26:46,405 - INFO - [Economic Times] Early skip: URL https://economictimes.indiatimes.com/markets/stocks/news/old-fox-has-dream-run-on-dalal-street/articleshow/6308631.cms already exists.
2026-04-23 08:26:46,406 - INFO - [Economic Times] Early skip: URL https://economictimes.indiatimes.com/markets/stocks/news/cairn-india-hits-record-high-on-bse-amid-stake-sale-talks/articleshow/6306679.cms already exists.
2026-04-23 08:26:46,408 - INFO - [Economic Times] Early skip: URL https://economictimes.indiatimes.com/markets/stocks/news/vedanta-plunges-5-59-per-cent-on-lse-amid-talks-to-buy-cairn-stake/articleshow/6306526.cms already exists.
2026-04-23 08:26:46,409 - INFO - [Economic Times] Early skip: URL https://economictimes.indiatimes.com/markets/stocks/news/sbi-shares-on-gaining-spree-hit-record-high/articleshow/6306241.cms already exists.
2026-04-23 08:26:46,410 - INFO - [Economic Times] Early skip: URL https://economictimes.indiatimes.com/fm-must-rethink/articleshow/5645094.cms already exists.
2026-04-23 08:26:46,413 - INFO - [Economic Times] Early skip: URL https://economictimes.indiatimes.com/amalgamate-banks/articleshow/5645086.cms already exists.
2026-04-23 08:26:46,414 - INFO - [Economic Times] Early skip: URL https://economictimes.indiatimes.com/managing-data/articleshow/5117958.cms already exists.
2026-04-23 08:26:46,415 - INFO - [Economic Times] Early skip: URL https://economictimes.indiatimes.com/right-technology/articleshow/5117957.cms already exists.
2026-04-23 08:26:46,416 - INFO - [Economic Times] Early skip: URL https://economictimes.indiatimes.com/et-search/articleshow/21646857.cms already exists.
2026-04-23 08:26:46,418 - INFO - [Economic Times] Early skip: URL https://economictimes.indiatimes.com/after-the-oscars-whats-next-for-silent-stars-of-the-artist/articleshow/12075465.cms already exists.
2026-04-23 08:26:46,419 - INFO - [Economic Times] Early skip: URL https://economictimes.indiatimes.com/delhi-world-book-fair-a-fair-like-no-other/articleshow/12028630.cms already exists.
2026-04-23 08:26:46,420 - INFO - [Economic Times] Early skip: URL https://economictimes.indiatimes.com/lk-advanis-gift-makes-its-way-to-state-department-exhibition-hall/articleshow/12017534.cms already exists.
2026-04-23 08:26:46,422 - INFO - [Economic Times] Early skip: URL https://economictimes.indiatimes.com/india-meteorological-department-to-use-dynamic-models-for-forecasts/articleshow/11983844.cms already exists.
2026-04-23 08:26:46,426 - INFO - [Economic Times] Early skip: URL https://economictimes.indiatimes.com/documents-reveal-contents-of-the-first-telegraph-message-between-india-england/articleshow/11976488.cms already exists.
2026-04-23 08:26:46,427 - INFO - [Economic Times] Early skip: URL https://economictimes.indiatimes.com/worried-amitabh-bachchan-fans-pray-to-lord-shiva-for-his-recovery/articleshow/11963187.cms already exists.
2026-04-23 08:26:46,430 - INFO - [Economic Times] Early skip: URL https://economictimes.indiatimes.com/opinion/interviews/every-decision-of-government-neednt-be-a-big-reform-anand-mahindra/articleshow/35919571.cms already exists.
2026-04-23 08:26:46,431 - INFO - [Economic Times] Early skip: URL https://economictimes.indiatimes.com/opinion/interviews/narendra-modi-has-his-eyes-set-on-boosting-business-joao-cravinho-eu-ambassador/articleshow/35973824.cms already exists.
2026-04-23 08:26:46,433 - INFO - [Economic Times] Early skip: URL https://economictimes.indiatimes.com/opinion/interviews/confidence-level-of-industry-improving-kv-kamath-icici-bank/articleshow/35945669.cms already exists.
2026-04-23 08:26:46,434 - INFO - [Economic Times] Early skip: URL https://economictimes.indiatimes.com/opinion/interviews/we-may-see-rapid-growth-over-the-next-few-years-raamdeo-agrawal/articleshow/35831378.cms already exists.
2026-04-23 08:26:46,435 - INFO - [Economic Times] Early skip: URL https://economictimes.indiatimes.com/opinion/interviews/our-commitment-for-press-freedom-and-autonomy-of-public-broadcast-is-absolute-prakash-javadekar/articleshow/35803396.cms already exists.
2026-04-23 08:26:46,436 - INFO - [Economic Times] Early skip: URL https://economictimes.indiatimes.com/opinion/interviews/there-is-a-leadership-vacuum-in-infosys-time-to-get-nandan-nilekani-back-mohandas-pai/articleshow/35716682.cms already exists.
2026-04-23 08:26:46,438 - INFO - [Economic Times] Early skip: URL https://economictimes.indiatimes.com/markets/stocks/news/oil-prices-to-hit-150-how-indian-stock-markets-may-react-as-iran-war-rages-on/articleshow/129587020.cms already exists.
2026-04-23 08:26:46,439 - INFO - [Economic Times] Early skip: URL https://economictimes.indiatimes.com/markets/us-stocks/news/why-a-7030-india-global-portfolio-makes-sense-in-a-changing-world-subho-moulik-decodes/articleshow/127604085.cms already exists.
2026-04-23 08:26:46,440 - INFO - [Economic Times] Early skip: URL https://economictimes.indiatimes.com/markets/expert-view/kaynes-shares-plunge-43-from-october-peak-is-a-tactical-rebound-on-the-cards-or-more-pain-ahead/articleshow/125815992.cms already exists.
2026-04-23 08:26:46,442 - INFO - [Economic Times] Early skip: URL https://economictimes.indiatimes.com/markets/stocks/news/warren-buffett-is-buying-michael-burry-is-shorting-the-ai-trade-splitting-wall-street/articleshow/125815521.cms already exists.
2026-04-23 08:26:46,448 - INFO - [Economic Times] Early skip: URL https://economictimes.indiatimes.com/markets/ipos/fpos/softbank-backed-acevector-files-updated-ipo-papers-targets-to-raise-rs-300-cr-via-fresh-issue/articleshow/125813493.cms already exists.
2026-04-23 08:26:46,452 - INFO - [Economic Times] Early skip: URL https://economictimes.indiatimes.com/markets/stocks/news/mcap-of-five-of-top-10-most-valued-firms-surges-rs-72285-cr-tcs-infosys-biggest-winners/articleshow/125813435.cms already exists.
2026-04-23 08:26:46,455 - INFO - [Economic Times] Early skip: URL https://economictimes.indiatimes.com/markets/stocks/news/alfa-laval-raises-delisting-price-to-rs-2850-a-share/articleshow/11437373.cms already exists.
2026-04-23 08:26:46,457 - INFO - [Economic Times] Early skip: URL https://economictimes.indiatimes.com/markets/stocks/news/db-realty-unitech-stocks-rose-after-top-executives-granted-bail-in-2g-scam/articleshow/10925114.cms already exists.
2026-04-23 08:26:46,460 - INFO - [Economic Times] Early skip: URL https://economictimes.indiatimes.com/markets/stocks/news/fitch-withdraws-reliance-capital-ratings/articleshow/10430814.cms already exists.
2026-04-23 08:26:46,462 - INFO - [Economic Times] Early skip: URL https://economictimes.indiatimes.com/markets/stocks/news/discoms-poor-financial-health-poses-risks-for-power-traders-fitch/articleshow/10430186.cms already exists.
2026-04-23 08:26:46,464 - INFO - [Economic Times] Early skip: URL https://economictimes.indiatimes.com/markets/stocks/news/cigarette-companies-price-hikes-with-higher-volumes-hold-promise/articleshow/9277179.cms already exists.
2026-04-23 08:26:46,465 - INFO - [Economic Times] Early skip: URL https://economictimes.indiatimes.com/markets/stocks/news/lovable-lingeries-dream-run-on-as-traders-lap-it-up/articleshow/8894615.cms already exists.
2026-04-23 08:26:46,466 - INFO - [Economic Times] (Thread) Finished. Attempting to shut down its Selenium driver.
2026-04-23 08:26:46,731 - INFO - [Economic Times] (Thread) driver.quit() successful.
2026-04-23 08:27:06,349 - INFO - >>> SUCCESSFULLY SAVED [ID: 53541] - Congress files complaint against polling violations in Bharatpur constituency - The Hindu from The Hindu (183 words)
2026-04-23 08:27:07,054 - INFO - [The Hindu] Article: https://www.thehindu.com/news/national/telangana/why-are-telangana-rtc-employees-protesting-what-are-their-demands/article70896450.ece
2026-04-23 08:27:07,055 - INFO - [The Hindu] Attempt 1/1: Trying with 'selenium_browser' strategy...
2026-04-23 08:27:12,647 - WARNING - [The Dawn] Page get timed out (7s). Proceeding to grab partial source anyway.
2026-04-23 08:27:12,672 - INFO - [The Dawn] Page content loaded.
2026-04-23 08:27:12,943 - INFO - [The Dawn] Success with 'selenium_browser'. Found content (348 words).
2026-04-23 08:27:16,171 - INFO - [The Hindu] Page content loaded.
2026-04-23 08:27:17,181 - INFO - [The Hindu] Success with 'selenium_browser'. Found content (409 words).
2026-04-23 08:27:27,546 - INFO - >>> SUCCESSFULLY SAVED [ID: 53542] - Iran behind low-level ‘hybrid warfare’ attacks in UK and Europe, analysts say | UK security and counter-terrorism | The Guardian from The Guardian (1122 words)
2026-04-23 08:27:28,910 - INFO - [The Guardian] Article: https://www.theguardian.com/world/live/2026/apr/23/eu-ukraine-loan-russia-sanctions-zelenskyy-cyprus-latest-news-updates
2026-04-23 08:27:28,910 - INFO - [The Guardian] Attempt 1/1: Trying with 'requests_browser' strategy...
2026-04-23 08:27:29,008 - INFO - [The Guardian] Success with 'requests_browser'. Found content (948 words).
2026-04-23 08:27:45,319 - INFO - >>> SUCCESSFULLY SAVED [ID: 53543] - Nigeria EndSars protests: Police dragnet left this innocent man in prison for five years from BBC (1141 words)
2026-04-23 08:27:46,113 - INFO - [BBC] Early skip: URL https://www.bbc.com/news/articles/cre1r5gdq04o?at_medium=RSS&at_campaign=rss already exists.
2026-04-23 08:27:46,115 - INFO - [BBC] Early skip: URL https://www.bbc.com/news/articles/c0q9xq7knq2o?at_medium=RSS&at_campaign=rss already exists.
2026-04-23 08:27:46,116 - INFO - [BBC] Early skip: URL https://www.bbc.com/news/articles/crr1ln1575lo?at_medium=RSS&at_campaign=rss already exists.
2026-04-23 08:27:46,117 - INFO - [BBC] Early skip: URL https://www.bbc.com/news/articles/cz78zj74548o?at_medium=RSS&at_campaign=rss already exists.
2026-04-23 08:27:46,119 - INFO - [BBC] Early skip: URL https://www.bbc.com/news/articles/c8ej3wl130yo?at_medium=RSS&at_campaign=rss already exists.
2026-04-23 08:27:46,120 - INFO - [BBC] Early skip: URL https://www.bbc.com/news/articles/cn4vkye71ypo?at_medium=RSS&at_campaign=rss already exists.
2026-04-23 08:27:46,121 - INFO - [BBC] Article: https://www.bbc.com/news/videos/c15d1enqgl3o?at_medium=RSS&at_campaign=rss
2026-04-23 08:27:46,121 - INFO - [BBC] Attempt 1/1: Trying with 'requests_browser' strategy...
2026-04-23 08:27:46,236 - WARNING - [BBC] FAILED with 'requests_browser' (content was too short: 75 words).
2026-04-23 08:27:46,236 - ERROR - [BBC] All scrape strategies failed for https://www.bbc.com/news/videos/c15d1enqgl3o?at_medium=RSS&at_campaign=rss. Falling back to RSS description.
2026-04-23 08:27:46,237 - WARNING - SKIPPED (GLOBAL WORD LIMIT): Article 'Hot air balloon makes emergency landing in California backyard' from BBC has only 24 words (Min: 90).
2026-04-23 08:27:46,942 - INFO - [BBC] Article: https://www.bbc.com/news/videos/c9qd9335838o?at_medium=RSS&at_campaign=rss
2026-04-23 08:27:46,942 - INFO - [BBC] Attempt 1/1: Trying with 'requests_browser' strategy...
2026-04-23 08:27:47,009 - WARNING - [BBC] FAILED with 'requests_browser' (content was too short: 65 words).
2026-04-23 08:27:47,009 - ERROR - [BBC] All scrape strategies failed for https://www.bbc.com/news/videos/c9qd9335838o?at_medium=RSS&at_campaign=rss. Falling back to RSS description.
2026-04-23 08:27:47,009 - WARNING - SKIPPED (GLOBAL WORD LIMIT): Article 'Are insider traders making millions from the Iran war?' from BBC has only 16 words (Min: 90).
2026-04-23 08:27:47,985 - INFO - [BBC] Article: https://www.bbc.com/news/videos/cvg09900zx5o?at_medium=RSS&at_campaign=rss
2026-04-23 08:27:47,986 - INFO - [BBC] Attempt 1/1: Trying with 'requests_browser' strategy...
2026-04-23 08:27:48,061 - WARNING - [BBC] FAILED with 'requests_browser' (content was too short: 54 words).
2026-04-23 08:27:48,061 - ERROR - [BBC] All scrape strategies failed for https://www.bbc.com/news/videos/cvg09900zx5o?at_medium=RSS&at_campaign=rss. Falling back to RSS description.
2026-04-23 08:27:48,061 - WARNING - SKIPPED (GLOBAL WORD LIMIT): Article 'Victory slips away as marathon runner celebrates too soon' from BBC has only 25 words (Min: 90).
2026-04-23 08:27:48,692 - INFO - [BBC] Early skip: URL https://www.bbc.com/news/videos/c3w30l6qz49o?at_medium=RSS&at_campaign=rss already exists.
2026-04-23 08:28:01,167 - INFO - DEDUPLICATION: Found match (Score: 0.87). Linking to Cluster ID: add1a635-659e-42e4-bd06-0ca2ac9db04d
2026-04-23 08:28:03,414 - INFO - >>> SUCCESSFULLY SAVED [ID: 53544] - Iran war: What’s happening on day 55 after Trump extended ceasefire? | US-Israel war on Iran News | Al Jazeera from Al Jazeera (543 words)
2026-04-23 08:28:04,207 - INFO - [Al Jazeera] Article: https://www.aljazeera.com/video/newsfeed/2026/4/23/pope-leo-visits-prison-in-equatorial-guinea?traffic_source=rss
2026-04-23 08:28:04,207 - INFO - [Al Jazeera] Attempt 1/2: Trying with 'requests_browser' strategy...
2026-04-23 08:28:04,302 - WARNING - [Al Jazeera] FAILED with 'requests_browser' (content was too short: 54 words).
2026-04-23 08:28:04,937 - INFO - [Al Jazeera] Article: https://www.aljazeera.com/video/newsfeed/2026/4/23/pope-leo-visits-prison-in-equatorial-guinea?traffic_source=rss
2026-04-23 08:28:04,937 - INFO - [Al Jazeera] Attempt 2/2: Trying with 'selenium_browser' strategy...
2026-04-23 08:28:06,200 - INFO - [Al Jazeera] Page content loaded.
2026-04-23 08:28:06,285 - WARNING - [Al Jazeera] FAILED with 'selenium_browser' (content was too short: 54 words).
2026-04-23 08:28:06,285 - ERROR - [Al Jazeera] All scrape strategies failed for https://www.aljazeera.com/video/newsfeed/2026/4/23/pope-leo-visits-prison-in-equatorial-guinea?traffic_source=rss. Falling back to RSS description.
2026-04-23 08:28:06,285 - WARNING - SKIPPED (GLOBAL WORD LIMIT): Article 'Pope Leo visits prison in Equatorial Guinea' from Al Jazeera has only 17 words (Min: 90).
2026-04-23 08:28:06,886 - INFO - [Al Jazeera] Early skip: URL https://www.aljazeera.com/news/2026/4/23/democrats-up-in-virginia-but-us-voters-may-pay-price-for-redistricting-war?traffic_source=rss already exists.
2026-04-23 08:28:06,888 - INFO - [Al Jazeera] Early skip: URL https://www.aljazeera.com/news/2026/4/23/can-fish-hook-voters-in-indias-bengal-elections?traffic_source=rss already exists.
2026-04-23 08:28:06,892 - INFO - [Al Jazeera] Article: https://www.aljazeera.com/video/newsfeed/2026/4/23/protesters-stabbed-at-london-rally-against-war-on-iran?traffic_source=rss
2026-04-23 08:28:06,892 - INFO - [Al Jazeera] Attempt 1/2: Trying with 'requests_browser' strategy...
2026-04-23 08:28:06,955 - WARNING - [Al Jazeera] FAILED with 'requests_browser' (content was too short: 57 words).
2026-04-23 08:28:07,751 - INFO - [Al Jazeera] Article: https://www.aljazeera.com/video/newsfeed/2026/4/23/protesters-stabbed-at-london-rally-against-war-on-iran?traffic_source=rss
2026-04-23 08:28:07,751 - INFO - [Al Jazeera] Attempt 2/2: Trying with 'selenium_browser' strategy...
2026-04-23 08:28:08,730 - INFO - [Al Jazeera] Page content loaded.
2026-04-23 08:28:08,830 - WARNING - [Al Jazeera] FAILED with 'selenium_browser' (content was too short: 57 words).
2026-04-23 08:28:08,830 - ERROR - [Al Jazeera] All scrape strategies failed for https://www.aljazeera.com/video/newsfeed/2026/4/23/protesters-stabbed-at-london-rally-against-war-on-iran?traffic_source=rss. Falling back to RSS description.
2026-04-23 08:28:08,830 - WARNING - SKIPPED (GLOBAL WORD LIMIT): Article 'Protesters stabbed at London rally against war on Iran' from Al Jazeera has only 20 words (Min: 90).
2026-04-23 08:28:10,047 - INFO - [Al Jazeera] Article: https://www.aljazeera.com/video/newsfeed/2026/4/23/israel-kills-journalist-and-wounds-another-in-south-lebanon-targeted-attack?traffic_source=rss
2026-04-23 08:28:10,048 - INFO - [Al Jazeera] Attempt 1/2: Trying with 'requests_browser' strategy...
2026-04-23 08:28:10,118 - WARNING - [Al Jazeera] FAILED with 'requests_browser' (content was too short: 64 words).
2026-04-23 08:28:10,705 - INFO - [Al Jazeera] Article: https://www.aljazeera.com/video/newsfeed/2026/4/23/israel-kills-journalist-and-wounds-another-in-south-lebanon-targeted-attack?traffic_source=rss
2026-04-23 08:28:10,706 - INFO - [Al Jazeera] Attempt 2/2: Trying with 'selenium_browser' strategy...
2026-04-23 08:28:11,618 - INFO - [Al Jazeera] Page content loaded.
2026-04-23 08:28:11,716 - WARNING - [Al Jazeera] FAILED with 'selenium_browser' (content was too short: 64 words).
2026-04-23 08:28:11,716 - ERROR - [Al Jazeera] All scrape strategies failed for https://www.aljazeera.com/video/newsfeed/2026/4/23/israel-kills-journalist-and-wounds-another-in-south-lebanon-targeted-attack?traffic_source=rss. Falling back to RSS description.
2026-04-23 08:28:11,716 - WARNING - SKIPPED (GLOBAL WORD LIMIT): Article 'Israel kills journalist and wounds another in south Lebanon targeted attack' from Al Jazeera has only 17 words (Min: 90).
2026-04-23 08:28:12,537 - INFO - [Al Jazeera] Article: https://www.aljazeera.com/video/newsfeed/2026/4/23/ultra-orthodox-jews-burn-israeli-flags-to-protest-national-day?traffic_source=rss
2026-04-23 08:28:12,537 - INFO - [Al Jazeera] Attempt 1/2: Trying with 'requests_browser' strategy...
2026-04-23 08:28:12,731 - WARNING - [Al Jazeera] FAILED with 'requests_browser' (content was too short: 51 words).
2026-04-23 08:28:13,267 - INFO - [Al Jazeera] Article: https://www.aljazeera.com/video/newsfeed/2026/4/23/ultra-orthodox-jews-burn-israeli-flags-to-protest-national-day?traffic_source=rss
2026-04-23 08:28:13,267 - INFO - [Al Jazeera] Attempt 2/2: Trying with 'selenium_browser' strategy...
2026-04-23 08:28:14,168 - INFO - [Al Jazeera] Page content loaded.
2026-04-23 08:28:14,268 - WARNING - [Al Jazeera] FAILED with 'selenium_browser' (content was too short: 51 words).
2026-04-23 08:28:14,268 - ERROR - [Al Jazeera] All scrape strategies failed for https://www.aljazeera.com/video/newsfeed/2026/4/23/ultra-orthodox-jews-burn-israeli-flags-to-protest-national-day?traffic_source=rss. Falling back to RSS description.
2026-04-23 08:28:14,268 - WARNING - SKIPPED (GLOBAL WORD LIMIT): Article 'Ultra-Orthodox Jews burn Israeli flags to protest national day' from Al Jazeera has only 14 words (Min: 90).
2026-04-23 08:28:15,645 - INFO - [Al Jazeera] Article: https://www.aljazeera.com/video/newsfeed/2026/4/23/iran-releases-video-of-irgc-seizing-ship-in-the-strait-of-hormuz?traffic_source=rss
2026-04-23 08:28:15,645 - INFO - [Al Jazeera] Attempt 1/2: Trying with 'requests_browser' strategy...
2026-04-23 08:28:15,782 - WARNING - [Al Jazeera] FAILED with 'requests_browser' (content was too short: 61 words).
2026-04-23 08:28:16,594 - INFO - [Al Jazeera] Article: https://www.aljazeera.com/video/newsfeed/2026/4/23/iran-releases-video-of-irgc-seizing-ship-in-the-strait-of-hormuz?traffic_source=rss
2026-04-23 08:28:16,594 - INFO - [Al Jazeera] Attempt 2/2: Trying with 'selenium_browser' strategy...
2026-04-23 08:28:17,580 - INFO - [Al Jazeera] Page content loaded.
2026-04-23 08:28:17,679 - WARNING - [Al Jazeera] FAILED with 'selenium_browser' (content was too short: 61 words).
2026-04-23 08:28:17,679 - ERROR - [Al Jazeera] All scrape strategies failed for https://www.aljazeera.com/video/newsfeed/2026/4/23/iran-releases-video-of-irgc-seizing-ship-in-the-strait-of-hormuz?traffic_source=rss. Falling back to RSS description.
2026-04-23 08:28:17,679 - WARNING - SKIPPED (GLOBAL WORD LIMIT): Article 'Iran releases video of IRGC seizing ship in the Strait of Hormuz' from Al Jazeera has only 20 words (Min: 90).
2026-04-23 08:28:18,974 - INFO - [Al Jazeera] Early skip: URL https://www.aljazeera.com/news/liveblog/2026/4/23/iran-war-live-israel-kills-lebanese-journalist-tehran-us-talks-stalled?traffic_source=rss already exists.
2026-04-23 08:28:18,975 - INFO - [Al Jazeera] Early skip: URL https://www.aljazeera.com/news/2026/4/22/south-american-migrants-deported-to-drc-say-facing-pressure-to-return-home?traffic_source=rss already exists.
2026-04-23 08:28:18,976 - INFO - [Al Jazeera] Early skip: URL https://www.aljazeera.com/news/2026/4/22/top-ministers-quit-after-perus-president-postpones-f-16-fighter-jet-deal?traffic_source=rss already exists.
2026-04-23 08:28:18,978 - INFO - [Al Jazeera] Early skip: URL https://www.aljazeera.com/economy/2026/4/22/us-treasury-secretary-bessent-says-gulf-asian-allies-request-swap-lines?traffic_source=rss already exists.
2026-04-23 08:28:18,979 - INFO - [Al Jazeera] Early skip: URL https://www.aljazeera.com/news/2026/4/22/prediction-market-kalshi-docks-three-us-candidates-for-betting-on-own-races?traffic_source=rss already exists.
2026-04-23 08:28:18,980 - INFO - [Al Jazeera] Early skip: URL https://www.aljazeera.com/sports/2026/4/22/yamal-scores-then-limps-off-as-barcelona-beat-celta-to-restore-la-liga-lead?traffic_source=rss already exists.
2026-04-23 08:28:18,982 - INFO - [Al Jazeera] Early skip: URL https://www.aljazeera.com/sports/2026/4/22/man-city-topple-arsenal-at-premier-league-summit-with-win-at-burnley?traffic_source=rss already exists.
2026-04-23 08:28:18,983 - INFO - [Al Jazeera] Early skip: URL https://www.aljazeera.com/news/2026/4/22/turkiye-making-efforts-to-revive-russia-ukraine-talks-says-erdogan?traffic_source=rss already exists.
2026-04-23 08:28:18,985 - INFO - [Al Jazeera] Early skip: URL https://www.aljazeera.com/news/2026/4/22/pope-leo-urges-justice-reform-in-equatorial-guineas-prisons?traffic_source=rss already exists.
2026-04-23 08:28:18,986 - INFO - [Al Jazeera] Article: https://www.aljazeera.com/video/newsfeed/2026/4/22/israeli-forces-fire-tear-gas-at-funeral-of-palestinians-killed-by-settlers?traffic_source=rss
2026-04-23 08:28:18,986 - INFO - [Al Jazeera] Attempt 1/2: Trying with 'requests_browser' strategy...
2026-04-23 08:28:19,077 - WARNING - [Al Jazeera] FAILED with 'requests_browser' (content was too short: 54 words).
2026-04-23 08:28:19,716 - INFO - [Al Jazeera] Article: https://www.aljazeera.com/video/newsfeed/2026/4/22/israeli-forces-fire-tear-gas-at-funeral-of-palestinians-killed-by-settlers?traffic_source=rss
2026-04-23 08:28:19,716 - INFO - [Al Jazeera] Attempt 2/2: Trying with 'selenium_browser' strategy...
2026-04-23 08:28:20,609 - INFO - [Al Jazeera] Page content loaded.
2026-04-23 08:28:20,691 - WARNING - [Al Jazeera] FAILED with 'selenium_browser' (content was too short: 54 words).
2026-04-23 08:28:20,692 - ERROR - [Al Jazeera] All scrape strategies failed for https://www.aljazeera.com/video/newsfeed/2026/4/22/israeli-forces-fire-tear-gas-at-funeral-of-palestinians-killed-by-settlers?traffic_source=rss. Falling back to RSS description.
2026-04-23 08:28:20,692 - WARNING - SKIPPED (GLOBAL WORD LIMIT): Article 'Israeli forces fire tear gas at funeral of Palestinians killed by settlers' from Al Jazeera has only 19 words (Min: 90).
2026-04-23 08:28:21,976 - INFO - [Al Jazeera] Early skip: URL https://www.aljazeera.com/news/2026/4/22/trump-calls-for-republicans-to-unify-around-budget-reconciliation-push?traffic_source=rss already exists.
2026-04-23 08:28:21,978 - INFO - [Al Jazeera] Early skip: URL https://www.aljazeera.com/news/2026/4/22/us-suspect-accused-of-stealing-kristi-noems-purse-sentenced-to-three-years?traffic_source=rss already exists.
2026-04-23 08:28:21,979 - INFO - [Al Jazeera] Early skip: URL https://www.aljazeera.com/news/2026/4/22/trump-calls-virginia-election-rigged-after-redistricting-referendum?traffic_source=rss already exists.
2026-04-23 08:28:21,980 - INFO - [Al Jazeera] Early skip: URL https://www.aljazeera.com/features/2026/4/22/sexual-violence-in-the-west-bank-emerges-as-tool-to-intimidate-palestinians?traffic_source=rss already exists.
2026-04-23 08:28:21,982 - INFO - [Al Jazeera] (Thread) Finished. Attempting to shut down its Selenium driver.
2026-04-23 08:28:22,108 - INFO - [Al Jazeera] (Thread) driver.quit() successful.
2026-04-23 08:28:24,829 - INFO - >>> SUCCESSFULLY SAVED [ID: 53545] - 'Shut up Trump': Iran mocks US president with AI-video over ceasefire extension on 'Pakistan's request' - The Times of India from Times of India (213 words)
2026-04-23 08:28:25,649 - INFO - [Times of India] Article: https://timesofindia.indiatimes.com/world/uk/inside-the-devil-wears-prada-2-london-premiere-from-meryl-streep-to-anne-hathaway-red-carpet-looks-that-stole-the-show/articleshow/130460428.cms
2026-04-23 08:28:25,649 - INFO - [Times of India] Attempt 1/1: Trying with 'selenium_browser' strategy...
2026-04-23 08:28:26,082 - CRITICAL - --- TIMEOUT: 4 scrape jobs did not complete in 300s. ---
2026-04-23 08:28:26,082 - ERROR - A thread has timed out and will be abandoned.
2026-04-23 08:28:26,082 - ERROR - A thread has timed out and will be abandoned.
2026-04-23 08:28:26,083 - ERROR - A thread has timed out and will be abandoned.
2026-04-23 08:28:26,083 - ERROR - A thread has timed out and will be abandoned.
2026-04-23 08:28:26,083 - INFO - Shutting down thread pool (wait=False)...
2026-04-23 08:28:26,083 - INFO - Scraped: 2 Economic Times, 3 BBC, 0 TechCrunch, 3 Al Jazeera, 4 Timed_Out_Jobs articles. (Total saved: 8)
2026-04-23 08:28:26,083 - INFO - --- Scraping job finished ---
2026-04-23 08:28:26,083 - INFO - --- Scraper service stopped. ---
2026-04-23 08:28:26,084 - INFO - --- Main thread finished. Forcing process exit to kill zombie threads. ---
