2026-02-03 13:06:14,124 - INFO - Loading AI Semantic Model (all-MiniLM-L6-v2)...
2026-02-03 13:06:14,124 - INFO - Use pytorch device_name: cpu
2026-02-03 13:06:14,124 - INFO - Load pretrained SentenceTransformer: all-MiniLM-L6-v2
2026-02-03 13:06:14,226 - INFO - HTTP Request: HEAD https://huggingface.co/sentence-transformers/all-MiniLM-L6-v2/resolve/main/modules.json "HTTP/1.1 307 Temporary Redirect"
2026-02-03 13:06:14,231 - INFO - HTTP Request: HEAD https://huggingface.co/api/resolve-cache/models/sentence-transformers/all-MiniLM-L6-v2/c9745ed1d9f207416be6d2e6f8de32d1f16199bf/modules.json "HTTP/1.1 200 OK"
2026-02-03 13:06:14,268 - INFO - HTTP Request: HEAD https://huggingface.co/sentence-transformers/all-MiniLM-L6-v2/resolve/main/config_sentence_transformers.json "HTTP/1.1 307 Temporary Redirect"
2026-02-03 13:06:14,273 - INFO - HTTP Request: HEAD https://huggingface.co/api/resolve-cache/models/sentence-transformers/all-MiniLM-L6-v2/c9745ed1d9f207416be6d2e6f8de32d1f16199bf/config_sentence_transformers.json "HTTP/1.1 200 OK"
2026-02-03 13:06:14,304 - INFO - HTTP Request: HEAD https://huggingface.co/sentence-transformers/all-MiniLM-L6-v2/resolve/main/config_sentence_transformers.json "HTTP/1.1 307 Temporary Redirect"
2026-02-03 13:06:14,310 - INFO - HTTP Request: HEAD https://huggingface.co/api/resolve-cache/models/sentence-transformers/all-MiniLM-L6-v2/c9745ed1d9f207416be6d2e6f8de32d1f16199bf/config_sentence_transformers.json "HTTP/1.1 200 OK"
2026-02-03 13:06:14,343 - INFO - HTTP Request: HEAD https://huggingface.co/sentence-transformers/all-MiniLM-L6-v2/resolve/main/README.md "HTTP/1.1 307 Temporary Redirect"
2026-02-03 13:06:14,348 - INFO - HTTP Request: HEAD https://huggingface.co/api/resolve-cache/models/sentence-transformers/all-MiniLM-L6-v2/c9745ed1d9f207416be6d2e6f8de32d1f16199bf/README.md "HTTP/1.1 200 OK"
2026-02-03 13:06:14,380 - INFO - HTTP Request: HEAD https://huggingface.co/sentence-transformers/all-MiniLM-L6-v2/resolve/main/modules.json "HTTP/1.1 307 Temporary Redirect"
2026-02-03 13:06:14,386 - INFO - HTTP Request: HEAD https://huggingface.co/api/resolve-cache/models/sentence-transformers/all-MiniLM-L6-v2/c9745ed1d9f207416be6d2e6f8de32d1f16199bf/modules.json "HTTP/1.1 200 OK"
2026-02-03 13:06:14,417 - INFO - HTTP Request: HEAD https://huggingface.co/sentence-transformers/all-MiniLM-L6-v2/resolve/main/sentence_bert_config.json "HTTP/1.1 307 Temporary Redirect"
2026-02-03 13:06:14,422 - INFO - HTTP Request: HEAD https://huggingface.co/api/resolve-cache/models/sentence-transformers/all-MiniLM-L6-v2/c9745ed1d9f207416be6d2e6f8de32d1f16199bf/sentence_bert_config.json "HTTP/1.1 200 OK"
2026-02-03 13:06:14,470 - INFO - HTTP Request: HEAD https://huggingface.co/sentence-transformers/all-MiniLM-L6-v2/resolve/main/adapter_config.json "HTTP/1.1 404 Not Found"
2026-02-03 13:06:14,504 - INFO - HTTP Request: HEAD https://huggingface.co/sentence-transformers/all-MiniLM-L6-v2/resolve/main/config.json "HTTP/1.1 307 Temporary Redirect"
2026-02-03 13:06:14,510 - INFO - HTTP Request: HEAD https://huggingface.co/api/resolve-cache/models/sentence-transformers/all-MiniLM-L6-v2/c9745ed1d9f207416be6d2e6f8de32d1f16199bf/config.json "HTTP/1.1 200 OK"
2026-02-03 13:06:14,643 - WARNING - BertModel LOAD REPORT from: sentence-transformers/all-MiniLM-L6-v2
Key                     | Status     |  | 
------------------------+------------+--+-
embeddings.position_ids | UNEXPECTED |  | 

Notes:
- UNEXPECTED	:can be ignored when loading from different task/architecture; not ok if you expect identical arch.
2026-02-03 13:06:14,679 - INFO - HTTP Request: HEAD https://huggingface.co/sentence-transformers/all-MiniLM-L6-v2/resolve/main/config.json "HTTP/1.1 307 Temporary Redirect"
2026-02-03 13:06:14,684 - INFO - HTTP Request: HEAD https://huggingface.co/api/resolve-cache/models/sentence-transformers/all-MiniLM-L6-v2/c9745ed1d9f207416be6d2e6f8de32d1f16199bf/config.json "HTTP/1.1 200 OK"
2026-02-03 13:06:14,715 - INFO - HTTP Request: HEAD https://huggingface.co/sentence-transformers/all-MiniLM-L6-v2/resolve/main/tokenizer_config.json "HTTP/1.1 307 Temporary Redirect"
2026-02-03 13:06:14,721 - INFO - HTTP Request: HEAD https://huggingface.co/api/resolve-cache/models/sentence-transformers/all-MiniLM-L6-v2/c9745ed1d9f207416be6d2e6f8de32d1f16199bf/tokenizer_config.json "HTTP/1.1 200 OK"
2026-02-03 13:06:14,757 - INFO - HTTP Request: GET https://huggingface.co/api/models/sentence-transformers/all-MiniLM-L6-v2/tree/main/additional_chat_templates?recursive=false&expand=false "HTTP/1.1 404 Not Found"
2026-02-03 13:06:14,792 - INFO - HTTP Request: GET https://huggingface.co/api/models/sentence-transformers/all-MiniLM-L6-v2/tree/main?recursive=true&expand=false "HTTP/1.1 200 OK"
2026-02-03 13:06:14,877 - INFO - HTTP Request: HEAD https://huggingface.co/sentence-transformers/all-MiniLM-L6-v2/resolve/main/1_Pooling/config.json "HTTP/1.1 307 Temporary Redirect"
2026-02-03 13:06:14,883 - INFO - HTTP Request: HEAD https://huggingface.co/api/resolve-cache/models/sentence-transformers/all-MiniLM-L6-v2/c9745ed1d9f207416be6d2e6f8de32d1f16199bf/1_Pooling%2Fconfig.json "HTTP/1.1 200 OK"
2026-02-03 13:06:14,918 - INFO - HTTP Request: GET https://huggingface.co/api/models/sentence-transformers/all-MiniLM-L6-v2 "HTTP/1.1 200 OK"
2026-02-03 13:06:14,922 - INFO - AI Model loaded successfully.
2026-02-03 13:06:14,922 - INFO - --- Scraper service started (CI Mode: Run Once) ---
2026-02-03 13:06:14,923 - INFO - --- Starting new scraping job (Parallel Mode) ---
2026-02-03 13:06:14,923 - INFO - Creating new robust session with 3 retries on 5xx/connection/read errors.
2026-02-03 13:06:14,923 - INFO - Proxy is DISABLED.
2026-02-03 13:06:14,923 - INFO - Starting scrape for BBC RSS feed: http://feeds.bbci.co.uk/news/world/rss.xml
2026-02-03 13:06:14,923 - INFO - [Times of India] (Thread) requires Selenium. Initializing driver...
2026-02-03 13:06:14,924 - INFO - Starting scrape for The Guardian RSS feed: https://www.theguardian.com/world/rss
2026-02-03 13:06:14,926 - INFO - [The Hindu] (Thread) requires Selenium. Initializing driver...
2026-02-03 13:06:14,926 - INFO - Submitted 4 jobs to thread pool. Waiting up to 300s for completion...
2026-02-03 13:06:15,002 - INFO - Found 45 articles in The Guardian RSS feed. Processing up to 30.
2026-02-03 13:06:15,002 - INFO - [The Guardian] Early skip: URL https://www.theguardian.com/world/2026/feb/02/israel-agrees-to-limited-reopening-of-rafah-border-crossing-in-gaza already exists.
2026-02-03 13:06:15,130 - INFO - Found 30 articles in BBC RSS feed. Processing up to 30.
2026-02-03 13:06:15,216 - INFO - [BBC] Early skip: URL https://www.bbc.com/news/articles/c14r685mne4o?at_medium=RSS&at_campaign=rss already exists.
2026-02-03 13:06:15,382 - INFO - [The Guardian] Early skip: URL https://www.theguardian.com/environment/2026/feb/02/weather-tracker-cyclone-fytia-madagascar-floods already exists.
2026-02-03 13:06:15,656 - INFO - [BBC] Early skip: URL https://www.bbc.com/news/articles/ce3ex92557jo?at_medium=RSS&at_campaign=rss already exists.
2026-02-03 13:06:15,791 - INFO - [The Guardian] Early skip: URL https://www.theguardian.com/law/2026/feb/02/more-than-100000-civilians-killed-war-crimes-out-of-control-study already exists.
2026-02-03 13:06:15,949 - INFO - [The Guardian] Early skip: URL https://www.theguardian.com/world/2026/jan/30/more-than-200-killed-in-coltan-mine-collapse-in-eastern-drc-officials-say already exists.
2026-02-03 13:06:16,191 - INFO - [BBC] Early skip: URL https://www.bbc.com/news/articles/cpwng25114ro?at_medium=RSS&at_campaign=rss already exists.
2026-02-03 13:06:16,303 - INFO - [The Guardian] Early skip: URL https://www.theguardian.com/world/2026/jan/30/niger-airport-airbase-attack-islamic-state already exists.
2026-02-03 13:06:16,405 - INFO - Selenium driver initialized successfully.
2026-02-03 13:06:16,405 - INFO - Starting scrape for Times of India RSS feed: https://timesofindia.indiatimes.com/rssfeeds/296589292.cms
2026-02-03 13:06:16,406 - INFO - Selenium driver initialized successfully.
2026-02-03 13:06:16,406 - INFO - Starting scrape for The Hindu RSS feed: https://www.thehindu.com/news/national/feeder/default.rss
2026-02-03 13:06:16,427 - INFO - [BBC] Early skip: URL https://www.bbc.com/news/articles/ckgn8dnxjgwo?at_medium=RSS&at_campaign=rss already exists.
2026-02-03 13:06:16,628 - INFO - [The Guardian] Early skip: URL https://www.theguardian.com/world/2026/feb/02/claudia-sheinbaum-mexico-oil-cuba-trump already exists.
2026-02-03 13:06:16,683 - INFO - Found 20 articles in Times of India RSS feed. Processing up to 30.
2026-02-03 13:06:16,842 - INFO - [BBC] Early skip: URL https://www.bbc.com/news/articles/c4gw10mkz0yo?at_medium=RSS&at_campaign=rss already exists.
2026-02-03 13:06:16,982 - INFO - [Times of India] Article: https://timesofindia.indiatimes.com/world/us/green-card-holders-wont-get-sba-loans-in-us-from-march-1-what-this-new-rule-means-for-indians/articleshow/127886226.cms
2026-02-03 13:06:16,982 - INFO - [Times of India] Attempt 1/1: Trying with 'selenium_browser' strategy...
2026-02-03 13:06:16,983 - INFO - [The Guardian] Early skip: URL https://www.theguardian.com/us-news/2026/feb/02/rightwing-brazilian-influencer-junior-pena-arrested-by-ice already exists.
2026-02-03 13:06:17,256 - INFO - [BBC] Early skip: URL https://www.bbc.com/news/articles/c62v187kl1ro?at_medium=RSS&at_campaign=rss already exists.
2026-02-03 13:06:17,452 - INFO - [The Guardian] Early skip: URL https://www.theguardian.com/world/2026/feb/02/indigenous-views-trump-greenland-push-inuits-arctic already exists.
2026-02-03 13:06:17,504 - INFO - Found 100 articles in The Hindu RSS feed. Processing up to 30.
2026-02-03 13:06:17,558 - INFO - [BBC] Early skip: URL https://www.bbc.com/news/articles/cp37g5nxe3lo?at_medium=RSS&at_campaign=rss already exists.
2026-02-03 13:06:17,685 - INFO - [The Hindu] Article: https://www.thehindu.com/news/national/kerala/sreedharans-ponnani-office-meant-to-mislead-public-govindan/article70587369.ece
2026-02-03 13:06:17,685 - INFO - [The Hindu] Attempt 1/1: Trying with 'selenium_browser' strategy...
2026-02-03 13:06:17,686 - INFO - [The Guardian] Early skip: URL https://www.theguardian.com/world/2026/feb/02/laura-fernandez-wins-costa-rica-president-latin-america-rightwing already exists.
2026-02-03 13:06:17,966 - INFO - [The Guardian] Early skip: URL https://www.theguardian.com/artanddesign/2026/feb/02/lalo-de-almeida-photographer-journey-through-pantanal-wildfires-brazil already exists.
2026-02-03 13:06:18,185 - INFO - [The Guardian] Early skip: URL https://www.theguardian.com/environment/2026/feb/03/china-to-ban-hidden-car-door-handles-evs already exists.
2026-02-03 13:06:18,315 - INFO - [BBC] Early skip: URL https://www.bbc.com/news/articles/crkryely657o?at_medium=RSS&at_campaign=rss already exists.
2026-02-03 13:06:18,469 - INFO - [BBC] Early skip: URL https://www.bbc.com/news/articles/c8e5zwndddyo?at_medium=RSS&at_campaign=rss already exists.
2026-02-03 13:06:18,659 - INFO - [The Guardian] Early skip: URL https://www.theguardian.com/us-news/2026/feb/03/trump-critical-minerals-stockpile-project-vault already exists.
2026-02-03 13:06:18,934 - INFO - [The Guardian] Early skip: URL https://www.theguardian.com/business/2026/feb/01/us-uk-eu-australia-critical-minerals-rare-earths-g7-minimum-price already exists.
2026-02-03 13:06:19,045 - INFO - [BBC] Early skip: URL https://www.bbc.com/news/articles/c99kdjdj9l8o?at_medium=RSS&at_campaign=rss already exists.
2026-02-03 13:06:19,199 - INFO - [The Guardian] Early skip: URL https://www.theguardian.com/world/2026/feb/01/living-hell-of-north-koreas-paradise-on-earth-scheme-back-in-spotlight-in-japan already exists.
2026-02-03 13:06:19,399 - INFO - [BBC] Early skip: URL https://www.bbc.com/sport/football/articles/c2053zn21e1o?at_medium=RSS&at_campaign=rss already exists.
2026-02-03 13:06:19,540 - INFO - [The Guardian] Early skip: URL https://www.theguardian.com/world/2026/jan/31/starmer-hopes-his-china-trip-will-begin-the-thaw-after-recent-ice-age already exists.
2026-02-03 13:06:19,808 - INFO - [The Guardian] Early skip: URL https://www.theguardian.com/australia-news/2026/feb/03/a-hot-economy-rbas-rate-hike-justification-is-hard-to-swallow-for-australians-struggling-with-cost-of-living-crisis already exists.
2026-02-03 13:06:19,996 - INFO - [The Guardian] Early skip: URL https://www.theguardian.com/australia-news/2026/feb/03/boy-swims-four-hours-rescue-family-western-australia already exists.
2026-02-03 13:06:20,191 - INFO - [BBC] Early skip: URL https://www.bbc.com/news/articles/cwyw75ww9g9o?at_medium=RSS&at_campaign=rss already exists.
2026-02-03 13:06:20,419 - INFO - [BBC] Early skip: URL https://www.bbc.com/news/articles/c4g3v4pjwgjo?at_medium=RSS&at_campaign=rss already exists.
2026-02-03 13:06:20,545 - INFO - [BBC] Early skip: URL https://www.bbc.com/news/articles/cly94qe3yr0o?at_medium=RSS&at_campaign=rss already exists.
2026-02-03 13:06:20,749 - INFO - [The Guardian] Early skip: URL https://www.theguardian.com/australia-news/live/2026/feb/03/australia-politics-live-anthony-albanese-sussan-ley-labor-liberal-coalition-nationals-rba-interest-rates-decision-cost-of-living-leadership-spill-ntwnfb already exists.
2026-02-03 13:06:21,021 - INFO - [The Guardian] Early skip: URL https://www.theguardian.com/australia-news/2026/feb/03/palestine-action-group-march-isaac-herzog-ntwnfb already exists.
2026-02-03 13:06:21,283 - INFO - [The Guardian] Early skip: URL https://www.theguardian.com/world/2026/feb/03/australian-woman-died-japan-ski-lift-brooke-day-tributes already exists.
2026-02-03 13:06:21,447 - INFO - [The Guardian] Early skip: URL https://www.theguardian.com/world/live/2026/feb/03/russia-ukraine-europe-live-eu-us-military-plan-response-latest-news already exists.
2026-02-03 13:06:21,674 - INFO - [BBC] Early skip: URL https://www.bbc.com/news/articles/cwy8zqn9571o?at_medium=RSS&at_campaign=rss already exists.
2026-02-03 13:06:21,842 - INFO - [BBC] Early skip: URL https://www.bbc.com/news/articles/c98p02yg4jro?at_medium=RSS&at_campaign=rss already exists.
2026-02-03 13:06:22,064 - INFO - [BBC] Early skip: URL https://www.bbc.com/news/articles/ce3epxznyzzo?at_medium=RSS&at_campaign=rss already exists.
2026-02-03 13:06:22,177 - INFO - [BBC] Early skip: URL https://www.bbc.com/news/articles/cpwnlwj80p8o?at_medium=RSS&at_campaign=rss already exists.
2026-02-03 13:06:22,412 - INFO - [The Hindu] Page content loaded.
2026-02-03 13:06:22,471 - INFO - [BBC] Early skip: URL https://www.bbc.com/news/articles/c20g25w8j0xo?at_medium=RSS&at_campaign=rss already exists.
2026-02-03 13:06:22,596 - INFO - [The Hindu] Success with 'selenium_browser'. Found content (241 words).
2026-02-03 13:06:22,643 - INFO - [BBC] Early skip: URL https://www.bbc.com/news/articles/cj0n3j16p8lo?at_medium=RSS&at_campaign=rss already exists.
2026-02-03 13:06:23,547 - INFO - [BBC] Early skip: URL https://www.bbc.com/news/articles/cew8qzdxnnjo?at_medium=RSS&at_campaign=rss already exists.
2026-02-03 13:06:23,673 - INFO - [BBC] Early skip: URL https://www.bbc.com/news/articles/ckglwnrx437o?at_medium=RSS&at_campaign=rss already exists.
2026-02-03 13:06:23,822 - INFO - [The Guardian] Article: https://www.theguardian.com/technology/2026/feb/03/french-headquarters-elon-musk-x-raided-paris-cybercrime-unit
2026-02-03 13:06:23,823 - INFO - [The Guardian] Attempt 1/1: Trying with 'requests_browser' strategy...
2026-02-03 13:06:23,825 - INFO - [BBC] Early skip: URL https://www.bbc.com/news/articles/cy8p27vmyvmo?at_medium=RSS&at_campaign=rss already exists.
2026-02-03 13:06:23,997 - INFO - [The Guardian] Success with 'requests_browser'. Found content (360 words).
2026-02-03 13:06:37,027 - ERROR - [Times of India] Request failed for strategy 'selenium_browser' on URL https://timesofindia.indiatimes.com/world/us/green-card-holders-wont-get-sba-loans-in-us-from-march-1-what-this-new-rule-means-for-indians/articleshow/127886226.cms: Message: timeout: Timed out receiving message from renderer: 19.953
  (Session info: chrome=144.0.7559.96)
Stacktrace:
#0 0x5618fced7afa <unknown>
#1 0x5618fc8f160f <unknown>
#2 0x5618fc8d8d11 <unknown>
#3 0x5618fc8d8936 <unknown>
#4 0x5618fc8d644b <unknown>
#5 0x5618fc8d6dcf <unknown>
#6 0x5618fc8e62e0 <unknown>
#7 0x5618fc9002b7 <unknown>
#8 0x5618fc9074bb <unknown>
#9 0x5618fc8d7539 <unknown>
#10 0x5618fc90004c <unknown>
#11 0x5618fc98f9a3 <unknown>
#12 0x5618fc938842 <unknown>
#13 0x5618fc939631 <unknown>
#14 0x5618fce9d689 <unknown>
#15 0x5618fcea0581 <unknown>
#16 0x5618fce89ca9 <unknown>
#17 0x5618fcea113e <unknown>
#18 0x5618fce703a0 <unknown>
#19 0x5618fcec4fc8 <unknown>
#20 0x5618fcec519b <unknown>
#21 0x5618fced6e68 <unknown>
#22 0x7feaa049caa4 <unknown>
#23 0x7feaa0529c6c <unknown>

2026-02-03 13:06:37,028 - ERROR - [Times of India] All scrape strategies failed for https://timesofindia.indiatimes.com/world/us/green-card-holders-wont-get-sba-loans-in-us-from-march-1-what-this-new-rule-means-for-indians/articleshow/127886226.cms. Falling back to RSS description.
2026-02-03 13:06:37,028 - WARNING - SKIPPED (GLOBAL WORD LIMIT): Article 'Green Card holders won't get SBA loans in US from March 1: What this new rule means for Indians' from Times of India has only 3 words (Min: 90).
2026-02-03 13:06:46,483 - INFO - Saved article: Sreedharan’s Ponnani office meant to mislead public: Govindan - The Hindu from The Hindu (241 words)
2026-02-03 13:06:46,483 - INFO - [BBC] Early skip: URL https://www.bbc.com/news/videos/c1m7vmzynzvo?at_medium=RSS&at_campaign=rss already exists.
2026-02-03 13:07:00,285 - INFO - DEDUPLICATION: Found match (Score: 0.88). Linking to Cluster ID: 427eb0a7-94b3-4a7e-a280-d59e9e3790d0
2026-02-03 13:07:00,287 - INFO - Saved article: French headquarters of Elon Musk’s X raided by Paris cybercrime unit | X | The Guardian from The Guardian (360 words)
2026-02-03 13:07:00,288 - INFO - [Times of India] Article: https://timesofindia.indiatimes.com/world/us-streamers/mrbeast-mocks-elon-musks-spacex-and-xai-merger-announcement-with-a-cheeky-tweet-that-sends-x-into-a-frenzy/articleshow/127876699.cms
2026-02-03 13:07:00,288 - INFO - [Times of India] Attempt 1/1: Trying with 'selenium_browser' strategy...
2026-02-03 13:07:00,289 - INFO - [BBC] Article: https://www.bbc.com/news/videos/cd9e3nzzw3zo?at_medium=RSS&at_campaign=rss
2026-02-03 13:07:00,289 - INFO - [BBC] Attempt 1/1: Trying with 'requests_browser' strategy...
2026-02-03 13:07:00,291 - INFO - [The Hindu] Article: https://www.thehindu.com/news/national/kerala/idukki-on-high-alert-after-receiving-a-bomb-threat/article70587490.ece
2026-02-03 13:07:00,291 - INFO - [The Hindu] Attempt 1/1: Trying with 'selenium_browser' strategy...
2026-02-03 13:07:00,689 - WARNING - [BBC] FAILED with 'requests_browser' (content was too short: 80 words).
2026-02-03 13:07:00,691 - ERROR - [BBC] All scrape strategies failed for https://www.bbc.com/news/videos/cd9e3nzzw3zo?at_medium=RSS&at_campaign=rss. Falling back to RSS description.
2026-02-03 13:07:00,691 - WARNING - SKIPPED (GLOBAL WORD LIMIT): Article 'Watch: Why is no-one being prosecuted over the Epstein files?' from BBC has only 17 words (Min: 90).
2026-02-03 13:07:01,583 - INFO - [The Guardian] Early skip: URL https://www.theguardian.com/world/2026/feb/03/thousands-without-heating-ukraine-russia-winter-attacks-before-talks already exists.
2026-02-03 13:07:01,802 - INFO - [The Guardian] Early skip: URL https://www.theguardian.com/world/2026/feb/03/son-norway-crown-princess-rape-trial-begins-marius-borg-hoiby already exists.
2026-02-03 13:07:01,966 - INFO - [BBC] Article: https://www.bbc.com/news/videos/cgqed5qeqx4o?at_medium=RSS&at_campaign=rss
2026-02-03 13:07:01,967 - INFO - [BBC] Attempt 1/1: Trying with 'requests_browser' strategy...
2026-02-03 13:07:01,967 - INFO - [The Guardian] Early skip: URL https://www.theguardian.com/world/2026/feb/03/eu-uk-customs-union-rachel-reeves-valdis-dombrovskis already exists.
2026-02-03 13:07:02,097 - WARNING - [BBC] FAILED with 'requests_browser' (content was too short: 85 words).
2026-02-03 13:07:02,098 - ERROR - [BBC] All scrape strategies failed for https://www.bbc.com/news/videos/cgqed5qeqx4o?at_medium=RSS&at_campaign=rss. Falling back to RSS description.
2026-02-03 13:07:02,098 - WARNING - SKIPPED (GLOBAL WORD LIMIT): Article ''Pay and smile' - Rome visitors face Trevi Fountain charge' from BBC has only 24 words (Min: 90).
2026-02-03 13:07:02,216 - INFO - [The Guardian] Early skip: URL https://www.theguardian.com/world/2026/feb/02/iran-abbas-araghchi-talks-us-nuclear-deal already exists.
2026-02-03 13:07:02,500 - INFO - [The Guardian] Early skip: URL https://www.theguardian.com/world/2026/feb/03/music-and-dancing-signify-defiance-at-celebratory-funerals-of-irans-protesters already exists.
2026-02-03 13:07:02,648 - INFO - [The Guardian] Early skip: URL https://www.theguardian.com/world/live/2026/feb/02/rafah-border-egypt-gaza-israel-opens-crossing-latest-news-updates already exists.
2026-02-03 13:07:02,771 - INFO - [The Guardian] Early skip: URL https://www.theguardian.com/world/2026/jan/31/trump-hints-at-deal-with-iran-to-avoid-military-strikes already exists.
2026-02-03 13:07:03,056 - INFO - [The Guardian] Early skip: URL https://www.theguardian.com/world/2026/feb/01/preparations-begin-for-reopening-of-gaza-rafah-crossing-officials-say already exists.
2026-02-03 13:07:03,346 - INFO - [BBC] Article: https://www.bbc.com/news/videos/cvgdy0ze8eko?at_medium=RSS&at_campaign=rss
2026-02-03 13:07:03,346 - INFO - [BBC] Attempt 1/1: Trying with 'requests_browser' strategy...
2026-02-03 13:07:03,447 - WARNING - [BBC] FAILED with 'requests_browser' (content was too short: 86 words).
2026-02-03 13:07:03,448 - ERROR - [BBC] All scrape strategies failed for https://www.bbc.com/news/videos/cvgdy0ze8eko?at_medium=RSS&at_campaign=rss. Falling back to RSS description.
2026-02-03 13:07:03,448 - WARNING - SKIPPED (GLOBAL WORD LIMIT): Article 'Watch: Snake at train station scares Sydney commuters' from BBC has only 14 words (Min: 90).
2026-02-03 13:07:04,275 - INFO - [BBC] Early skip: URL https://www.bbc.com/news/videos/cly5l1yp72wo?at_medium=RSS&at_campaign=rss already exists.
2026-02-03 13:07:04,406 - INFO - [BBC] Early skip: URL https://www.bbc.com/news/videos/c5yvw9zq5q0o?at_medium=RSS&at_campaign=rss already exists.
2026-02-03 13:07:04,618 - INFO - [BBC] Early skip: URL https://www.bbc.com/news/videos/c0key218pm4o?at_medium=RSS&at_campaign=rss already exists.
2026-02-03 13:07:04,654 - INFO - [The Hindu] Page content loaded.
2026-02-03 13:07:04,740 - INFO - [The Hindu] Success with 'selenium_browser'. Found content (246 words).
2026-02-03 13:07:18,251 - INFO - [Times of India] Page content loaded.
2026-02-03 13:07:18,498 - INFO - [Times of India] Success with 'selenium_browser'. Found content (383 words).
2026-02-03 13:07:19,239 - INFO - Saved article: Idukki on high alert after receiving multiple bomb threats - The Hindu from The Hindu (246 words)
2026-02-03 13:07:31,804 - INFO - Saved article: MrBeast mocks Elon Musk’s SpaceX and xAI merger announcement with a cheeky tweet that sends X into a frenzy | World News - The Times of India from Times of India (383 words)
2026-02-03 13:07:31,804 - INFO - [The Hindu] Article: https://www.thehindu.com/news/national/karnataka/applications-invited-for-ksou-distance-education-courses/article70583291.ece
2026-02-03 13:07:31,804 - INFO - [The Hindu] Attempt 1/1: Trying with 'selenium_browser' strategy...
2026-02-03 13:07:32,491 - INFO - [Times of India] Article: https://timesofindia.indiatimes.com/world/us/hard-to-understand-indian-ceo-says-his-us-visa-for-an-investor-meeting-got-rejected-for-no-reason/articleshow/127884659.cms
2026-02-03 13:07:32,491 - INFO - [Times of India] Attempt 1/1: Trying with 'selenium_browser' strategy...
2026-02-03 13:07:32,701 - INFO - [The Hindu] Page content loaded.
2026-02-03 13:07:32,872 - INFO - [The Hindu] Success with 'selenium_browser'. Found content (122 words).
2026-02-03 13:07:34,977 - INFO - [Times of India] Page content loaded.
2026-02-03 13:07:35,257 - INFO - [Times of India] Success with 'selenium_browser'. Found content (328 words).
2026-02-03 13:07:47,863 - INFO - Saved article: Applications invited for KSOU distance education courses - The Hindu from The Hindu (122 words)
2026-02-03 13:07:59,756 - INFO - Saved article: 'Hard to understand': Indian CEO says his US visa for an investor meeting got rejected for no reason - The Times of India from Times of India (328 words)
2026-02-03 13:07:59,757 - INFO - [The Hindu] Article: https://www.thehindu.com/news/national/karnataka/aap-to-stage-protest-against-buda/article70582980.ece
2026-02-03 13:07:59,757 - INFO - [The Hindu] Attempt 1/1: Trying with 'selenium_browser' strategy...
2026-02-03 13:08:00,401 - INFO - [Times of India] Early skip: URL https://timesofindia.indiatimes.com/world/middle-east/dubai-authorities-reveal-two-key-locations-for-the-futuristic-dubai-loop/articleshow/127884538.cms already exists.
2026-02-03 13:08:00,674 - INFO - [Times of India] Early skip: URL https://timesofindia.indiatimes.com/world/middle-east/union-budget-2026-27-shakes-up-nri-money-what-indians-in-uae-must-do-now/articleshow/127882046.cms already exists.
2026-02-03 13:08:00,834 - INFO - [Times of India] Early skip: URL https://timesofindia.indiatimes.com/world/us-streamers/she-was-going-to-marry-charlie-laura-loomer-reignites-speculation-about-candace-owens-and-charlie-kirks-relationship/articleshow/127875266.cms already exists.
2026-02-03 13:08:00,920 - INFO - [The Hindu] Page content loaded.
2026-02-03 13:08:00,984 - INFO - [The Hindu] Success with 'selenium_browser'. Found content (144 words).
2026-02-03 13:08:01,012 - INFO - [Times of India] Early skip: URL https://timesofindia.indiatimes.com/world/middle-east/usa-expands-visa-curbs-to-39-countries-should-uae-residents-worry/articleshow/127883386.cms already exists.
2026-02-03 13:08:01,231 - INFO - [Times of India] Early skip: URL https://timesofindia.indiatimes.com/world/middle-east/indian-is-not-an-insult-uae-analyst-amjad-tahas-viral-response-schools-saudi-trolls-on-racism/articleshow/127882183.cms already exists.
2026-02-03 13:08:14,460 - INFO - Saved article: AAP to stage protest against BUDA - The Hindu from The Hindu (144 words)
2026-02-03 13:08:14,460 - INFO - [Times of India] Early skip: URL https://timesofindia.indiatimes.com/world/china/inside-chinas-gray-zone-activities-how-beijing-is-salami-slicing-its-way-to-influence/articleshow/127881139.cms already exists.
2026-02-03 13:08:14,620 - INFO - [Times of India] Early skip: URL https://timesofindia.indiatimes.com/world/middle-east/dubai-unveils-driverless-pod-routes-connecting-metro-stations-to-major-destinations/articleshow/127881936.cms already exists.
2026-02-03 13:08:14,765 - INFO - [Times of India] Early skip: URL https://timesofindia.indiatimes.com/world/europe/russia-fires-over-70-missiles-450-drones-at-ukraine-iconic-soviet-era-world-war-ii-memorial-damaged/articleshow/127880035.cms already exists.
2026-02-03 13:08:14,894 - INFO - [Times of India] Early skip: URL https://timesofindia.indiatimes.com/world/middle-east/bts-in-dubai-k-pop-fans-cant-keep-calm-as-rm-namjoon-jin-j-hope-suga-jimin-v-and-jungkook-spotted-flying-to-the-uae/articleshow/127878158.cms already exists.
2026-02-03 13:08:15,120 - INFO - [Times of India] Early skip: URL https://timesofindia.indiatimes.com/world/rest-of-world/top-10-countries-with-the-most-billionaires-in-2026-from-elon-musk-in-the-united-states-to-mukesh-ambani-in-india/articleshow/127880018.cms already exists.
2026-02-03 13:08:15,409 - INFO - [Times of India] Early skip: URL https://timesofindia.indiatimes.com/world/middle-east/shab-e-barat-2026-uae-fatwa-council-permits-haq-al-laila-celebration-during-mid-shaban-under-islamic-law/articleshow/127878389.cms already exists.
2026-02-03 13:08:15,690 - INFO - [The Hindu] Article: https://www.thehindu.com/news/national/centre-says-national-security-act-has-legal-provisions-for-fair-treatment-of-activist-sonam-wangchuk/article70587178.ece
2026-02-03 13:08:15,690 - INFO - [The Hindu] Attempt 1/1: Trying with 'selenium_browser' strategy...
2026-02-03 13:08:15,690 - INFO - [Times of India] Early skip: URL https://timesofindia.indiatimes.com/world/middle-east/uae-ramadan-2026-prayer-timings-and-full-fasting-schedule-for-the-entire-month-is-here/articleshow/127877805.cms already exists.
2026-02-03 13:08:15,840 - INFO - [Times of India] Early skip: URL https://timesofindia.indiatimes.com/world/uk/came-out-only-to-sell-new-book-internet-rejects-neil-gaimans-gaslighting-sexual-assault-denial-controversy-explained/articleshow/127876664.cms already exists.
2026-02-03 13:08:16,117 - INFO - [Times of India] Early skip: URL https://timesofindia.indiatimes.com/world/middle-east/uae-announces-prayer-timings-for-today-fajr-at-537am-maghrib-at-sunset/articleshow/127877346.cms already exists.
2026-02-03 13:08:16,399 - INFO - [Times of India] Early skip: URL https://timesofindia.indiatimes.com/tech-news/one-million-satellite-ai-data-centers-orbiting-the-earth-elon-musk-owned-spacexs-mind-blowing-plan-explained/articleshow/127875599.cms already exists.
2026-02-03 13:08:16,573 - INFO - [Times of India] Early skip: URL https://timesofindia.indiatimes.com/world/us-streamers/piers-morgan-reacts-strongly-as-candace-owens-podcast-sparks-outrage-over-erika-kirk-jokes-and-charlie-kirk-theories/articleshow/127873387.cms already exists.
2026-02-03 13:08:16,854 - INFO - [Times of India] Early skip: URL https://timesofindia.indiatimes.com/world/middle-east/dubai-rtas-premium-number-plate-auction-is-back-300-chances-to-own-a-coveted-plate/articleshow/127875241.cms already exists.
2026-02-03 13:08:16,936 - INFO - [The Hindu] Page content loaded.
2026-02-03 13:08:16,997 - INFO - [Times of India] (Thread) Finished. Attempting to shut down its Selenium driver.
2026-02-03 13:08:17,197 - INFO - [The Hindu] Success with 'selenium_browser'. Found content (440 words).
2026-02-03 13:08:17,281 - INFO - [Times of India] (Thread) driver.quit() successful.
2026-02-03 13:08:29,284 - INFO - Saved article: Centre says NSA affords it power to shift Wangchuk to Rajasthan; he was treated fairly - The Hindu from The Hindu (440 words)
2026-02-03 13:08:30,666 - INFO - [The Hindu] Article: https://www.thehindu.com/news/national/telangana/15-year-old-white-tiger-dies-of-illness-at-kakatiya-zoo/article70587330.ece
2026-02-03 13:08:30,666 - INFO - [The Hindu] Attempt 1/1: Trying with 'selenium_browser' strategy...
2026-02-03 13:08:31,837 - INFO - [The Hindu] Page content loaded.
2026-02-03 13:08:31,969 - INFO - [The Hindu] Success with 'selenium_browser'. Found content (191 words).
2026-02-03 13:08:43,968 - INFO - Saved article: 15-year-old white tiger dies of illness at Kakatiya zoo - The Hindu from The Hindu (191 words)
2026-02-03 13:08:45,279 - INFO - [The Hindu] Article: https://www.thehindu.com/business/Economy/india-us-trade-deal-nirmala-sitharaman-central-government/article70587326.ece
2026-02-03 13:08:45,279 - INFO - [The Hindu] Attempt 1/1: Trying with 'selenium_browser' strategy...
2026-02-03 13:08:46,176 - INFO - [The Hindu] Page content loaded.
2026-02-03 13:08:46,243 - INFO - [The Hindu] Success with 'selenium_browser'. Found content (135 words).
2026-02-03 13:08:58,774 - INFO - DEDUPLICATION: Found match (Score: 0.83). Linking to Cluster ID: 23d06879-74bc-4509-980e-9387c700d73c
2026-02-03 13:08:58,775 - INFO - Saved article: India’s exports to get further boost: Sitharaman on U.S. tariff cut announcement - The Hindu from The Hindu (135 words)
2026-02-03 13:08:59,982 - INFO - [The Hindu] Article: https://www.thehindu.com/news/national/assam/underground-rail-link-along-chickens-neck-corridor-will-ensure-secure-route-to-northeast-assam-cm-himanta-biswa-sarma/article70587041.ece
2026-02-03 13:08:59,982 - INFO - [The Hindu] Attempt 1/1: Trying with 'selenium_browser' strategy...
2026-02-03 13:09:01,192 - INFO - [The Hindu] Page content loaded.
2026-02-03 13:09:01,275 - INFO - [The Hindu] Success with 'selenium_browser'. Found content (386 words).
2026-02-03 13:09:13,775 - INFO - Saved article: Underground rail link along 'Chicken's Neck' corridor will ensure secure route to Northeast: Assam CM Himanta Biswa Sarma - The Hindu from The Hindu (386 words)
2026-02-03 13:09:15,088 - INFO - [The Hindu] Early skip: URL https://www.thehindu.com/news/national/jammu-and-kashmir/harassment-of-kashmiris-outside-jk-flagged-in-assembly/article70586812.ece already exists.
2026-02-03 13:09:15,347 - INFO - [The Hindu] Early skip: URL https://www.thehindu.com/news/national/7400-maoists-arrested-since-2019-lwe-violence-down-88-from-2010-government-tells-lok-sabha/article70587179.ece already exists.
2026-02-03 13:09:15,590 - INFO - [The Hindu] Early skip: URL https://www.thehindu.com/news/national/odisha/conservationists-and-researchers-say-mass-nesting-sites-should-be-kept-free-from-anthropogenic-pressure/article70587024.ece already exists.
2026-02-03 13:09:15,846 - INFO - [The Hindu] Early skip: URL https://www.thehindu.com/news/cities/Hyderabad/low-cost-flexible-biosensor-for-early-heart-attack-detection-developed-by-bitsrmit-univ/article70586906.ece already exists.
2026-02-03 13:09:16,078 - INFO - [The Hindu] Early skip: URL https://www.thehindu.com/news/national/andhra-pradesh/tirupati-laddu-shocking-details-cbi-charge-sheet/article70586120.ece already exists.
2026-02-03 13:09:16,217 - INFO - [The Hindu] Early skip: URL https://www.thehindu.com/news/national/telangana/app-based-gig-workers-including-auto-drivers-to-go-off-roads-on-february-7/article70587100.ece already exists.
2026-02-03 13:09:16,495 - INFO - [The Hindu] Early skip: URL https://www.thehindu.com/news/international/russia-has-not-received-any-message-from-india-about-stopping-oil-purchases-kremlin-spokesman/article70587081.ece already exists.
2026-02-03 13:09:16,630 - INFO - [The Hindu] Early skip: URL https://www.thehindu.com/news/national/ragul-gandhi-modi-india-us-trade-deal-bjp-congress-parliament-interests/article70587036.ece already exists.
2026-02-03 13:09:16,910 - INFO - [The Hindu] Early skip: URL https://www.thehindu.com/news/national/sir-victims-not-being-given-opportunity-to-defend-themselves-mamata-banerjee-in-delhi/article70587012.ece already exists.
2026-02-03 13:09:17,191 - INFO - [The Hindu] Early skip: URL https://www.thehindu.com/news/national/kerala/mes-kalladi-college-signs-mou-with-philippines-college/article70586920.ece already exists.
2026-02-03 13:09:17,318 - INFO - [The Hindu] Early skip: URL https://www.thehindu.com/news/national/economic-survey-calls-for-tackling-rising-digital-addiction-and-screen-related-mental-health-problems/article70565681.ece already exists.
2026-02-03 13:09:17,497 - INFO - [The Hindu] Early skip: URL https://www.thehindu.com/news/national/telangana/further-funds-under-apra-for-infra-development-in-telanganas-backward-districts-ruled-out-total-amount-released/article70586929.ece already exists.
2026-02-03 13:09:17,782 - INFO - [The Hindu] Article: https://www.thehindu.com/news/national/uttarakhand/uttarakhand-opens-83-himalayan-peaks-including-nanda-devi-for-mountaineering/article70586866.ece
2026-02-03 13:09:17,782 - INFO - [The Hindu] Attempt 1/1: Trying with 'selenium_browser' strategy...
2026-02-03 13:09:18,948 - INFO - [The Hindu] Page content loaded.
2026-02-03 13:09:19,044 - INFO - [The Hindu] Success with 'selenium_browser'. Found content (336 words).
2026-02-03 13:09:30,872 - INFO - Saved article: Uttarakhand opens 83 Himalayan peaks, including Nanda Devi, for mountaineering - The Hindu from The Hindu (336 words)
2026-02-03 13:09:31,682 - INFO - [The Hindu] Article: https://www.thehindu.com/news/national/rahul-gandhi-pm-modi-india-us-trade-deal-parliament/article70586974.ece
2026-02-03 13:09:31,682 - INFO - [The Hindu] Attempt 1/1: Trying with 'selenium_browser' strategy...
2026-02-03 13:09:32,928 - INFO - [The Hindu] Page content loaded.
2026-02-03 13:09:32,995 - INFO - [The Hindu] Success with 'selenium_browser'. Found content (518 words).
2026-02-03 13:09:44,713 - INFO - DEDUPLICATION: Found match (Score: 0.77). Linking to Cluster ID: 43d85a5e-728f-4a75-8f7b-1ad9bd7fed2d
2026-02-03 13:09:44,715 - INFO - Saved article: India-U.S. trade deal: Rahul Gandhi claims PM Modi ‘compromised’, too afraid to let LoP speak in Parliament - The Hindu from The Hindu (518 words)
2026-02-03 13:09:46,091 - INFO - [The Hindu] Article: https://www.thehindu.com/news/national/kerala/amid-uncertainty-kerala-gives-approval-for-first-phase-of-rrts-project/article70586868.ece
2026-02-03 13:09:46,091 - INFO - [The Hindu] Attempt 1/1: Trying with 'selenium_browser' strategy...
2026-02-03 13:09:47,831 - INFO - [The Hindu] Page content loaded.
2026-02-03 13:09:47,878 - INFO - [The Hindu] Success with 'selenium_browser'. Found content (484 words).
2026-02-03 13:09:59,153 - INFO - Saved article: Amid uncertainty, Kerala decides to move ahead with first phase of RRTS project - The Hindu from The Hindu (484 words)
2026-02-03 13:09:59,775 - INFO - [The Hindu] Early skip: URL https://www.thehindu.com/news/national/kerala/missing-man-found-dead-in-excavator-in-mavungal/article70586921.ece already exists.
2026-02-03 13:10:00,055 - INFO - [The Hindu] Early skip: URL https://www.thehindu.com/news/national/uttar-pradesh/up-emerging-as-the-first-choice-for-foreign-investors-cm-yogi-adityanath/article70586981.ece already exists.
2026-02-03 13:10:00,178 - INFO - [The Hindu] Early skip: URL https://www.thehindu.com/news/national/karnataka/gm-university-hosts-budget-2026-panel-discussion-in-davanagere/article70583876.ece already exists.
2026-02-03 13:10:00,460 - INFO - [The Hindu] Early skip: URL https://www.thehindu.com/news/national/tamil-nadu/empty-liquor-bottle-buy-back-scheme-to-be-implemented-through-private-agency-tn-minister-muthusamy/article70586357.ece already exists.
2026-02-03 13:10:00,692 - INFO - [The Hindu] Article: https://www.thehindu.com/news/national/eight-mps-from-lok-sabha-suspended-for-the-remainder-of-budget-session/article70586845.ece
2026-02-03 13:10:00,692 - INFO - [The Hindu] Attempt 1/1: Trying with 'selenium_browser' strategy...
2026-02-03 13:10:01,775 - INFO - [The Hindu] Page content loaded.
2026-02-03 13:10:02,598 - INFO - [The Hindu] Success with 'selenium_browser'. Found content (488 words).
2026-02-03 13:10:14,140 - INFO - DEDUPLICATION: Found match (Score: 0.95). Linking to Cluster ID: bc75c186-d8ef-43cf-81db-06a1074c9096
2026-02-03 13:10:14,141 - INFO - Saved article: Eight Congress MPs from Lok Sabha suspended for the remainder of Budget Parliament session - The Hindu from The Hindu (488 words)
2026-02-03 13:10:14,917 - INFO - [The Hindu] Early skip: URL https://www.thehindu.com/news/national/tamil-nadu/union-budget-a-huge-disappointment-to-tn-people-they-will-teach-a-lesson-in-assembly-polls-cm-stalin/article70586704.ece already exists.
2026-02-03 13:10:15,196 - INFO - [The Hindu] Early skip: URL https://www.thehindu.com/news/national/karnataka/police-to-introduce-locked-house-beat-system-in-belagavi/article70583930.ece already exists.
2026-02-03 13:10:15,456 - INFO - [The Hindu] (Thread) Finished. Attempting to shut down its Selenium driver.
2026-02-03 13:10:15,656 - INFO - [The Hindu] (Thread) driver.quit() successful.
2026-02-03 13:10:15,657 - INFO - Shutting down thread pool (wait=False)...
2026-02-03 13:10:15,657 - INFO - Scraped: 2 Times of India, 0 BBC, 1 The Guardian, 12 The Hindu articles. (Total saved: 15)
2026-02-03 13:10:15,657 - INFO - --- Scraping job finished ---
2026-02-03 13:10:15,664 - INFO - --- Scraper service stopped and database connection closed. ---
2026-02-03 13:10:15,664 - INFO - --- Main thread finished. Forcing process exit to kill zombie threads. ---
