2026-01-12 14:29:37,662 - INFO - Loading AI Semantic Model (all-MiniLM-L6-v2)...
2026-01-12 14:29:37,662 - INFO - Use pytorch device_name: cpu
2026-01-12 14:29:37,662 - INFO - Load pretrained SentenceTransformer: all-MiniLM-L6-v2
2026-01-12 14:29:38,888 - INFO - AI Model loaded successfully.
2026-01-12 14:29:38,888 - INFO - --- Scraper service started (CI Mode: Run Once) ---
2026-01-12 14:29:38,888 - INFO - --- Starting new scraping job (Parallel Mode) ---
2026-01-12 14:29:38,888 - INFO - Creating new robust session with 3 retries on 5xx/connection/read errors.
2026-01-12 14:29:38,889 - INFO - Proxy is DISABLED.
2026-01-12 14:29:38,889 - INFO - Starting scrape for BBC RSS feed: http://feeds.bbci.co.uk/news/world/rss.xml
2026-01-12 14:29:38,890 - INFO - [Times of India] (Thread) requires Selenium. Initializing driver...
2026-01-12 14:29:38,890 - INFO - Starting scrape for The Guardian RSS feed: https://www.theguardian.com/world/rss
2026-01-12 14:29:38,891 - INFO - [The Hindu] (Thread) requires Selenium. Initializing driver...
2026-01-12 14:29:38,891 - INFO - Submitted 4 jobs to thread pool. Waiting up to 300s for completion...
2026-01-12 14:29:39,126 - INFO - Found 45 articles in The Guardian RSS feed. Processing up to 30.
2026-01-12 14:29:39,127 - INFO - [The Guardian] Early skip: URL https://www.theguardian.com/global-development/2026/jan/09/the-gambia-female-genital-mutilation-fgm-supreme-court-case-overturn-ban already exists.
2026-01-12 14:29:39,233 - INFO - [The Guardian] Early skip: URL https://www.theguardian.com/world/2026/jan/08/questions-targeting-impact-us-airstrikes-in-nigeria already exists.
2026-01-12 14:29:39,515 - INFO - Found 35 articles in BBC RSS feed. Processing up to 30.
2026-01-12 14:29:39,533 - INFO - [BBC] Early skip: URL https://www.bbc.com/news/articles/czdqy3rmp78o?at_medium=RSS&at_campaign=rss already exists.
2026-01-12 14:29:39,714 - INFO - [BBC] Early skip: URL https://www.bbc.com/news/articles/cd0yldn0n7eo?at_medium=RSS&at_campaign=rss already exists.
2026-01-12 14:29:39,912 - INFO - [BBC] Early skip: URL https://www.bbc.com/news/articles/c801k7rkkd7o?at_medium=RSS&at_campaign=rss already exists.
2026-01-12 14:29:40,036 - INFO - [The Guardian] Early skip: URL https://www.theguardian.com/world/2026/jan/02/anthony-joshuas-driver-charged-with-dangerous-driving-after-fatal-crash-in-nigeria already exists.
2026-01-12 14:29:40,256 - INFO - [BBC] Article: https://www.bbc.com/news/articles/c1klvp4v8vjo?at_medium=RSS&at_campaign=rss
2026-01-12 14:29:40,256 - INFO - [BBC] Attempt 1/1: Trying with 'requests_browser' strategy...
2026-01-12 14:29:40,257 - INFO - [The Guardian] Early skip: URL https://www.theguardian.com/science/2026/jan/01/cremation-pyre-in-africa-thought-to-be-worlds-oldest-containing-adult-remains already exists.
2026-01-12 14:29:40,429 - INFO - [The Guardian] Early skip: URL https://www.theguardian.com/global-development/2026/jan/01/us-aid-cuts-conditions-un-humanitarian-pledge-ocha already exists.
2026-01-12 14:29:40,546 - INFO - [The Guardian] Early skip: URL https://www.theguardian.com/world/2026/jan/12/trump-latin-america-feud-colombia-gustavo-petro already exists.
2026-01-12 14:29:40,574 - INFO - [BBC] Success with 'requests_browser'. Found content (415 words).
2026-01-12 14:29:47,802 - INFO - Selenium driver initialized successfully.
2026-01-12 14:29:47,802 - INFO - Starting scrape for Times of India RSS feed: https://timesofindia.indiatimes.com/rssfeeds/296589292.cms
2026-01-12 14:29:47,804 - INFO - Selenium driver initialized successfully.
2026-01-12 14:29:47,804 - INFO - Starting scrape for The Hindu RSS feed: https://www.thehindu.com/news/national/feeder/default.rss
2026-01-12 14:29:48,065 - INFO - Found 100 articles in The Hindu RSS feed. Processing up to 30.
2026-01-12 14:29:48,106 - INFO - Found 20 articles in Times of India RSS feed. Processing up to 30.
2026-01-12 14:29:49,318 - INFO - Saved article: Custody extended for owner of Swiss deadly ski bar fire in Crans-Montana from BBC (415 words)
2026-01-12 14:29:49,318 - INFO - [The Guardian] Early skip: URL https://www.theguardian.com/us-news/2026/jan/12/us-oil-producers-global-supply-glut-venezuela already exists.
2026-01-12 14:29:49,574 - INFO - [The Guardian] Early skip: URL https://www.theguardian.com/world/2026/jan/12/carney-heads-to-beijing-as-trump-america-first-agenda-forces-canada-into-trade-rethink already exists.
2026-01-12 14:29:49,787 - INFO - [Times of India] Article: https://timesofindia.indiatimes.com/world/us/she-might-transition-my-son-elon-musk-seeks-custody-from-ashley-st-clair/articleshow/126486199.cms
2026-01-12 14:29:49,787 - INFO - [Times of India] Attempt 1/1: Trying with 'selenium_browser' strategy...
2026-01-12 14:29:49,788 - INFO - [The Hindu] Article: https://www.thehindu.com/news/national/andhra-pradesh/hurdles-cleared-for-akiveedu-digamarru-highway-expansion-tenders-in-february/article70501821.ece
2026-01-12 14:29:49,788 - INFO - [The Hindu] Attempt 1/1: Trying with 'selenium_browser' strategy...
2026-01-12 14:29:49,789 - INFO - [The Guardian] Early skip: URL https://www.theguardian.com/us-news/2026/jan/12/donald-trump-threatens-block-exxonmobil-venezuela already exists.
2026-01-12 14:29:50,060 - INFO - [The Guardian] Early skip: URL https://www.theguardian.com/us-news/2026/jan/11/trump-tells-cuba-to-make-a-deal-or-face-the-consequences already exists.
2026-01-12 14:29:50,202 - INFO - [The Guardian] Early skip: URL https://www.theguardian.com/technology/2026/jan/12/malaysia-blocks-elon-musk-grok-ai-fake-sexualised-images-indonesia-x-chatbot already exists.
2026-01-12 14:29:50,498 - INFO - [The Guardian] Early skip: URL https://www.theguardian.com/world/2026/jan/11/underground-church-early-rain-leaders-detained-china-crackdown already exists.
2026-01-12 14:29:50,617 - INFO - [BBC] Early skip: URL https://www.bbc.com/news/articles/c78e07m02jzo?at_medium=RSS&at_campaign=rss already exists.
2026-01-12 14:29:50,856 - INFO - [The Guardian] Early skip: URL https://www.theguardian.com/world/2026/jan/10/indonesia-blocks-musks-grok-chatbot-due-to-risk-of-pornographic-content already exists.
2026-01-12 14:29:51,072 - INFO - [BBC] Article: https://www.bbc.com/news/articles/c801kypkl3ko?at_medium=RSS&at_campaign=rss
2026-01-12 14:29:51,072 - INFO - [BBC] Attempt 1/1: Trying with 'requests_browser' strategy...
2026-01-12 14:29:51,074 - INFO - [The Guardian] Early skip: URL https://www.theguardian.com/world/2026/jan/08/alleged-scam-kingpin-chen-zhi-extradited-china-cambodia-arrest already exists.
2026-01-12 14:29:51,135 - INFO - [BBC] Success with 'requests_browser'. Found content (880 words).
2026-01-12 14:30:09,823 - ERROR - [The Hindu] Request failed for strategy 'selenium_browser' on URL https://www.thehindu.com/news/national/andhra-pradesh/hurdles-cleared-for-akiveedu-digamarru-highway-expansion-tenders-in-february/article70501821.ece: Message: timeout: Timed out receiving message from renderer: 18.848
  (Session info: chrome=143.0.7499.169)
Stacktrace:
#0 0x5612431a761a <unknown>
#1 0x561242c2420b <unknown>
#2 0x561242c0c2aa <unknown>
#3 0x561242c0bf8d <unknown>
#4 0x561242c09e47 <unknown>
#5 0x561242c0a75f <unknown>
#6 0x561242c18f20 <unknown>
#7 0x561242c325e7 <unknown>
#8 0x561242c38c9b <unknown>
#9 0x561242c0ae88 <unknown>
#10 0x561242c32356 <unknown>
#11 0x561242cc1580 <unknown>
#12 0x561242c68232 <unknown>
#13 0x561242c68ee1 <unknown>
#14 0x5612431703f9 <unknown>
#15 0x56124317334d <unknown>
#16 0x561243159122 <unknown>
#17 0x561243173f2b <unknown>
#18 0x56124313fc30 <unknown>
#19 0x561243194d78 <unknown>
#20 0x561243194f4c <unknown>
#21 0x5612431a6973 <unknown>
#22 0x7fb0f149caa4 <unknown>
#23 0x7fb0f1529c6c <unknown>

2026-01-12 14:30:09,823 - ERROR - [The Hindu] All scrape strategies failed for https://www.thehindu.com/news/national/andhra-pradesh/hurdles-cleared-for-akiveedu-digamarru-highway-expansion-tenders-in-february/article70501821.ece. Falling back to RSS description.
2026-01-12 14:30:09,823 - WARNING - SKIPPED (GLOBAL WORD LIMIT): Article 'Hurdles cleared for Akiveedu-Digamarru highway expansion, tenders in February' from The Hindu has only 3 words (Min: 90).
2026-01-12 14:30:12,082 - INFO - Saved article: Jailed Venezuelan politician's son criticises slow prisoner release from BBC (880 words)
2026-01-12 14:30:12,082 - INFO - [The Guardian] Early skip: URL https://www.theguardian.com/world/2026/jan/06/papua-new-guinea-internet-starlink-shut-down already exists.
2026-01-12 14:30:12,260 - INFO - [The Guardian] Article: https://www.theguardian.com/australia-news/2026/jan/12/australia-should-reconsider-alliance-with-fiercely-unpredictable-us-former-foreign-ministers-say
2026-01-12 14:30:12,260 - INFO - [The Guardian] Attempt 1/1: Trying with 'requests_browser' strategy...
2026-01-12 14:30:12,268 - INFO - [The Hindu] Article: https://www.thehindu.com/news/national/karnataka/ready-for-debate-on-g-ram-g-says-shobha-karandlaje/article70501618.ece
2026-01-12 14:30:12,268 - INFO - [The Hindu] Attempt 1/1: Trying with 'selenium_browser' strategy...
2026-01-12 14:30:12,450 - INFO - [The Guardian] Success with 'requests_browser'. Found content (604 words).
2026-01-12 14:30:14,150 - ERROR - [Times of India] Request failed for strategy 'selenium_browser' on URL https://timesofindia.indiatimes.com/world/us/she-might-transition-my-son-elon-musk-seeks-custody-from-ashley-st-clair/articleshow/126486199.cms: Message: timeout: Timed out receiving message from renderer: 19.467
  (Session info: chrome=143.0.7499.169)
Stacktrace:
#0 0x559906d7161a <unknown>
#1 0x5599067ee20b <unknown>
#2 0x5599067d62aa <unknown>
#3 0x5599067d5f8d <unknown>
#4 0x5599067d3e47 <unknown>
#5 0x5599067d475f <unknown>
#6 0x5599067e2f20 <unknown>
#7 0x5599067fc5e7 <unknown>
#8 0x559906802c9b <unknown>
#9 0x5599067d4e88 <unknown>
#10 0x5599067fc356 <unknown>
#11 0x55990688b580 <unknown>
#12 0x559906832232 <unknown>
#13 0x559906832ee1 <unknown>
#14 0x559906d3a3f9 <unknown>
#15 0x559906d3d34d <unknown>
#16 0x559906d23122 <unknown>
#17 0x559906d3df2b <unknown>
#18 0x559906d09c30 <unknown>
#19 0x559906d5ed78 <unknown>
#20 0x559906d5ef4c <unknown>
#21 0x559906d70973 <unknown>
#22 0x7f4d41e9caa4 <unknown>
#23 0x7f4d41f29c6c <unknown>

2026-01-12 14:30:14,150 - ERROR - [Times of India] All scrape strategies failed for https://timesofindia.indiatimes.com/world/us/she-might-transition-my-son-elon-musk-seeks-custody-from-ashley-st-clair/articleshow/126486199.cms. Falling back to RSS description.
2026-01-12 14:30:14,150 - WARNING - SKIPPED (GLOBAL WORD LIMIT): Article '‘She might transition my son’: Elon Musk seeks custody from Ashley St. Clair' from Times of India has only 47 words (Min: 90).
2026-01-12 14:30:24,472 - INFO - Saved article: Australia should reconsider alliance with ‘fiercely unpredictable’ US, former foreign ministers say | Australian foreign policy | The Guardian from The Guardian (604 words)
2026-01-12 14:30:24,472 - INFO - [BBC] Early skip: URL https://www.bbc.com/news/articles/cpqye2yygl4o?at_medium=RSS&at_campaign=rss already exists.
2026-01-12 14:30:24,655 - INFO - [Times of India] Article: https://timesofindia.indiatimes.com/world/us/dont-trust-the-hygiene-catholic-man-refuses-eucharist-from-indian-woman-in-us-says-being-holy-doesnt-matter/articleshow/126485779.cms
2026-01-12 14:30:24,655 - INFO - [Times of India] Attempt 1/1: Trying with 'selenium_browser' strategy...
2026-01-12 14:30:24,655 - INFO - [BBC] Early skip: URL https://www.bbc.com/news/articles/c74vnxlvl40o?at_medium=RSS&at_campaign=rss already exists.
2026-01-12 14:30:24,882 - INFO - [BBC] Article: https://www.bbc.com/news/articles/cly9n3r2p7zo?at_medium=RSS&at_campaign=rss
2026-01-12 14:30:24,882 - INFO - [BBC] Attempt 1/1: Trying with 'requests_browser' strategy...
2026-01-12 14:30:24,928 - INFO - [BBC] Success with 'requests_browser'. Found content (496 words).
2026-01-12 14:30:26,448 - INFO - [Times of India] Page content loaded.
2026-01-12 14:30:26,695 - INFO - [Times of India] Success with 'selenium_browser'. Found content (387 words).
2026-01-12 14:30:32,285 - ERROR - [The Hindu] Request failed for strategy 'selenium_browser' on URL https://www.thehindu.com/news/national/karnataka/ready-for-debate-on-g-ram-g-says-shobha-karandlaje/article70501618.ece: Message: timeout: Timed out receiving message from renderer: 19.933
  (Session info: chrome=143.0.7499.169)
Stacktrace:
#0 0x5612431a761a <unknown>
#1 0x561242c2420b <unknown>
#2 0x561242c0c2aa <unknown>
#3 0x561242c0bf8d <unknown>
#4 0x561242c09e47 <unknown>
#5 0x561242c0a75f <unknown>
#6 0x561242c18f20 <unknown>
#7 0x561242c325e7 <unknown>
#8 0x561242c38c9b <unknown>
#9 0x561242c0ae88 <unknown>
#10 0x561242c32356 <unknown>
#11 0x561242cc1580 <unknown>
#12 0x561242c68232 <unknown>
#13 0x561242c68ee1 <unknown>
#14 0x5612431703f9 <unknown>
#15 0x56124317334d <unknown>
#16 0x561243159122 <unknown>
#17 0x561243173f2b <unknown>
#18 0x56124313fc30 <unknown>
#19 0x561243194d78 <unknown>
#20 0x561243194f4c <unknown>
#21 0x5612431a6973 <unknown>
#22 0x7fb0f149caa4 <unknown>
#23 0x7fb0f1529c6c <unknown>

2026-01-12 14:30:32,285 - ERROR - [The Hindu] All scrape strategies failed for https://www.thehindu.com/news/national/karnataka/ready-for-debate-on-g-ram-g-says-shobha-karandlaje/article70501618.ece. Falling back to RSS description.
2026-01-12 14:30:32,285 - WARNING - SKIPPED (GLOBAL WORD LIMIT): Article 'Ready for debate on G RAM G, says Shobha Karandlaje' from The Hindu has only 23 words (Min: 90).
2026-01-12 14:30:38,208 - INFO - DEDUPLICATION: Found match (Score: 0.82). Linking to Cluster ID: 7d465f6f-f27c-4098-a89f-b2b4045ff1f1
2026-01-12 14:30:38,211 - INFO - Saved article: Hungary grants asylum to Polish ex-justice minister Zbigniew Ziobro from BBC (496 words)
2026-01-12 14:30:38,212 - INFO - [The Guardian] Article: https://www.theguardian.com/australia-news/2026/jan/12/pauline-hanson-barnaby-joyce-gina-rinehart-private-jet-flooded-parts-queensland
2026-01-12 14:30:38,212 - INFO - [The Guardian] Attempt 1/1: Trying with 'requests_browser' strategy...
2026-01-12 14:30:38,380 - INFO - [The Guardian] Success with 'requests_browser'. Found content (485 words).
2026-01-12 14:30:47,513 - INFO - Saved article: 'Don’t trust the hygiene’: Catholic man refuses Eucharist from Indian woman in US, says being 'holy' doesn’t matter - The Times of India from Times of India (387 words)
2026-01-12 14:30:47,514 - INFO - [The Hindu] Article: https://www.thehindu.com/news/national/karnataka/construction-workers-association-alleges-misuse-of-workers-welfare-fund-demands-assistance-for-health-benefit-and-scholarships-for-children/article70501090.ece
2026-01-12 14:30:47,514 - INFO - [The Hindu] Attempt 1/1: Trying with 'selenium_browser' strategy...
2026-01-12 14:30:50,226 - INFO - [The Hindu] Page content loaded.
2026-01-12 14:30:50,336 - INFO - [The Hindu] Success with 'selenium_browser'. Found content (291 words).
2026-01-12 14:30:58,127 - INFO - Saved article: Pauline Hanson and Barnaby Joyce use Gina Rinehart’s private jet to visit flooded parts of Queensland | Barnaby Joyce | The Guardian from The Guardian (485 words)
2026-01-12 14:30:58,127 - INFO - [BBC] Early skip: URL https://www.bbc.com/news/articles/c1klvp4v8vjo?at_medium=RSS&at_campaign=rss already exists.
2026-01-12 14:30:58,332 - INFO - [Times of India] Article: https://timesofindia.indiatimes.com/world/middle-east/dubais-palm-monorail-halts-service-indefinitely-5-best-alternative-routes-to-get-around-palm-jumeirah/articleshow/126484934.cms
2026-01-12 14:30:58,333 - INFO - [Times of India] Attempt 1/1: Trying with 'selenium_browser' strategy...
2026-01-12 14:31:00,679 - INFO - [Times of India] Page content loaded.
2026-01-12 14:31:00,912 - INFO - [Times of India] Success with 'selenium_browser'. Found content (1286 words).
2026-01-12 14:31:11,642 - INFO - Saved article: Construction workers’ association alleges misuse of workers’ welfare fund, demands assistance for health benefit and scholarships for children - The Hindu from The Hindu (291 words)
2026-01-12 14:31:11,642 - INFO - [BBC] Early skip: URL https://www.bbc.com/news/articles/c2e13mlr17go?at_medium=RSS&at_campaign=rss already exists.
2026-01-12 14:31:11,856 - INFO - [The Guardian] Article: https://www.theguardian.com/australia-news/2026/jan/12/quoting-religious-text-could-be-defence-against-new-hate-speech-laws-draft-bill-shows-ntwnfb
2026-01-12 14:31:11,856 - INFO - [The Guardian] Attempt 1/1: Trying with 'requests_browser' strategy...
2026-01-12 14:31:12,013 - INFO - [The Guardian] Success with 'requests_browser'. Found content (600 words).
2026-01-12 14:31:22,585 - INFO - Saved article: Dubai’s Palm Monorail halts service indefinitely: 5 best alternative routes to get around Palm Jumeirah - The Times of India from Times of India (1286 words)
2026-01-12 14:31:22,585 - INFO - [BBC] Early skip: URL https://www.bbc.com/news/articles/cp3zq7evw21o?at_medium=RSS&at_campaign=rss already exists.
2026-01-12 14:31:33,429 - INFO - DEDUPLICATION: Found match (Score: 0.74). Linking to Cluster ID: db2b51a3-a685-4fcb-9026-6752f6a38352
2026-01-12 14:31:33,431 - INFO - Saved article: Quoting religious text could be defence against Australia’s new hate speech laws, draft bill shows | Bondi beach terror attack | The Guardian from The Guardian (600 words)
2026-01-12 14:31:33,431 - INFO - [The Hindu] Article: https://www.thehindu.com/news/national/karnataka/bjp-fact-finding-committee-claims-kogilu-families-may-include-illegal-migrants/article70501636.ece
2026-01-12 14:31:33,432 - INFO - [The Hindu] Attempt 1/1: Trying with 'selenium_browser' strategy...
2026-01-12 14:31:33,432 - INFO - [BBC] Early skip: URL https://www.bbc.com/news/articles/c5y2gkydpp5o?at_medium=RSS&at_campaign=rss already exists.
2026-01-12 14:31:33,706 - INFO - [Times of India] Article: https://timesofindia.indiatimes.com/world/rest-of-world/avoid-all-travel-canada-issues-level-4-advisory-lists-countries-canadians-should-not-visit/articleshow/126485519.cms
2026-01-12 14:31:33,706 - INFO - [Times of India] Attempt 1/1: Trying with 'selenium_browser' strategy...
2026-01-12 14:31:33,706 - INFO - [BBC] Early skip: URL https://www.bbc.com/news/articles/cx2kv2gn62vo?at_medium=RSS&at_campaign=rss already exists.
2026-01-12 14:31:33,895 - INFO - [BBC] Early skip: URL https://www.bbc.com/news/articles/cpv7knz8e8mo?at_medium=RSS&at_campaign=rss already exists.
2026-01-12 14:31:34,072 - INFO - [BBC] Early skip: URL https://www.bbc.com/news/articles/cj9r3zl2ywyo?at_medium=RSS&at_campaign=rss already exists.
2026-01-12 14:31:34,108 - INFO - [The Hindu] Page content loaded.
2026-01-12 14:31:34,265 - INFO - [The Hindu] Success with 'selenium_browser'. Found content (334 words).
2026-01-12 14:31:34,376 - INFO - [BBC] Early skip: URL https://www.bbc.com/news/articles/c75xdg2p36lo?at_medium=RSS&at_campaign=rss already exists.
2026-01-12 14:31:38,558 - INFO - [Times of India] Page content loaded.
2026-01-12 14:31:38,963 - INFO - [Times of India] Success with 'selenium_browser'. Found content (452 words).
2026-01-12 14:31:47,252 - INFO - Saved article: BJP fact-finding committee claims Kogilu families may include illegal migrants - The Hindu from The Hindu (334 words)
2026-01-12 14:31:47,253 - INFO - [BBC] Early skip: URL https://www.bbc.com/news/articles/cly95x9qe4ko?at_medium=RSS&at_campaign=rss already exists.
2026-01-12 14:31:47,406 - INFO - [The Guardian] Early skip: URL https://www.theguardian.com/australia-news/2026/jan/12/banning-globalise-the-intifada-will-unduly-impact-muslim-australians-nsw-inquiry-in-wake-of-bondi-attack-told-ntwnfb already exists.
2026-01-12 14:31:57,182 - INFO - Saved article: 'Avoid all travel': Canada issues level-4 advisory, lists countries Canadians should not visit - The Times of India from Times of India (452 words)
2026-01-12 14:31:57,182 - INFO - [BBC] Early skip: URL https://www.bbc.com/news/articles/ckgn5g90lggo?at_medium=RSS&at_campaign=rss already exists.
2026-01-12 14:31:57,412 - INFO - [The Guardian] Early skip: URL https://www.theguardian.com/australia-news/2026/jan/12/amy-scott-bondi-junction-stabbing-hero-police-officer-cancer already exists.
2026-01-12 14:31:57,549 - INFO - [The Hindu] Article: https://www.thehindu.com/news/national/andhra-pradesh/sankranti-mahotsavams-commence-at-srisailam/article70501798.ece
2026-01-12 14:31:57,549 - INFO - [The Hindu] Attempt 1/1: Trying with 'selenium_browser' strategy...
2026-01-12 14:31:57,549 - INFO - [BBC] Early skip: URL https://www.bbc.com/news/articles/c4gr7nlx421o?at_medium=RSS&at_campaign=rss already exists.
2026-01-12 14:31:57,845 - INFO - [BBC] Early skip: URL https://www.bbc.com/news/articles/cly9597r4qpo?at_medium=RSS&at_campaign=rss already exists.
2026-01-12 14:31:58,092 - INFO - [The Guardian] Early skip: URL https://www.theguardian.com/world/live/2026/jan/12/greenland-denmark-us-donald-trump-ukraine-russia-europe-latest-news-updates already exists.
2026-01-12 14:31:58,208 - INFO - [Times of India] Article: https://timesofindia.indiatimes.com/world/uk/indian-origin-komal-shinde-accused-of-selling-uk-work-visas-to-illegal-migrants-for-12000-facebook-black-market-exposed/articleshow/126484242.cms
2026-01-12 14:31:58,208 - INFO - [Times of India] Attempt 1/1: Trying with 'selenium_browser' strategy...
2026-01-12 14:31:58,209 - INFO - [BBC] Early skip: URL https://www.bbc.com/news/articles/cx2p84xleg2o?at_medium=RSS&at_campaign=rss already exists.
2026-01-12 14:31:58,307 - INFO - [The Hindu] Page content loaded.
2026-01-12 14:31:58,356 - INFO - [The Hindu] Success with 'selenium_browser'. Found content (151 words).
2026-01-12 14:31:58,498 - INFO - [BBC] Early skip: URL https://www.bbc.com/news/articles/c0lx09e618yo?at_medium=RSS&at_campaign=rss already exists.
2026-01-12 14:31:59,132 - INFO - [Times of India] Page content loaded.
2026-01-12 14:31:59,543 - INFO - [Times of India] Success with 'selenium_browser'. Found content (493 words).
2026-01-12 14:32:11,071 - INFO - Saved article: Sankranti Mahotsavams commence at Srisailam - The Hindu from The Hindu (151 words)
2026-01-12 14:32:11,071 - INFO - [The Guardian] Early skip: URL https://www.theguardian.com/world/2026/jan/12/hungary-grants-asylum-to-former-polish-minister-zbigniew-ziobro-abuse-of-power-investigation already exists.
2026-01-12 14:32:11,286 - INFO - [BBC] Early skip: URL https://www.bbc.com/news/articles/cly95lpwl1ro?at_medium=RSS&at_campaign=rss already exists.
2026-01-12 14:32:21,244 - INFO - Saved article: Indian-origin Komal Shinde accused of selling UK work visas to illegal migrants for £12,000; Facebook black market exposed - The Times of India from Times of India (493 words)
2026-01-12 14:32:21,244 - INFO - [The Guardian] Early skip: URL https://www.theguardian.com/world/2026/jan/12/french-defamation-case-perils-autofiction-cecile-desprairies already exists.
2026-01-12 14:32:21,426 - INFO - [BBC] Article: https://www.bbc.com/news/articles/c3381r5nnn6o?at_medium=RSS&at_campaign=rss
2026-01-12 14:32:21,426 - INFO - [BBC] Attempt 1/1: Trying with 'requests_browser' strategy...
2026-01-12 14:32:21,427 - INFO - [The Hindu] Article: https://www.thehindu.com/news/national/andhra-pradesh/engineering-student-injured-after-falling-into-gorge-while-taking-selfie/article70501614.ece
2026-01-12 14:32:21,427 - INFO - [The Hindu] Attempt 1/1: Trying with 'selenium_browser' strategy...
2026-01-12 14:32:21,428 - INFO - [The Guardian] Early skip: URL https://www.theguardian.com/sport/2026/jan/11/avalanche-kills-british-skier-in-la-plagne-in-the-french-alps already exists.
2026-01-12 14:32:21,473 - INFO - [BBC] Success with 'requests_browser'. Found content (754 words).
2026-01-12 14:32:22,642 - INFO - [The Hindu] Page content loaded.
2026-01-12 14:32:22,883 - INFO - [The Hindu] Success with 'selenium_browser'. Found content (176 words).
2026-01-12 14:32:32,801 - INFO - Saved article: 'Are You Dead?': The viral Chinese app for young people living alone from BBC (754 words)
2026-01-12 14:32:32,801 - INFO - [The Guardian] Early skip: URL https://www.theguardian.com/business/2026/jan/11/3000-jobs-at-risk-unless-mod-signs-helicopter-order-sources-say already exists.
2026-01-12 14:32:32,946 - INFO - [Times of India] Article: https://timesofindia.indiatimes.com/world/us/indian-origin-gynecologist-found-guilty-of-medical-malpractice-in-us-inserted-same-device-into-patients-vagina-without-proper-disinfecting/articleshow/126484196.cms
2026-01-12 14:32:32,946 - INFO - [Times of India] Attempt 1/1: Trying with 'selenium_browser' strategy...
2026-01-12 14:32:34,398 - INFO - [Times of India] Page content loaded.
2026-01-12 14:32:34,620 - INFO - [Times of India] Success with 'selenium_browser'. Found content (383 words).
2026-01-12 14:32:45,074 - INFO - Saved article: Engineering student injured after falling into gorge while taking selfie - The Hindu from The Hindu (176 words)
2026-01-12 14:32:45,074 - INFO - [The Guardian] Early skip: URL https://www.theguardian.com/world/live/2026/jan/12/iran-protest-crackdown-us-donald-trump-latest-news-updates already exists.
2026-01-12 14:32:45,298 - INFO - [BBC] Early skip: URL https://www.bbc.com/news/articles/cr7jep39eg4o?at_medium=RSS&at_campaign=rss already exists.
2026-01-12 14:32:55,540 - INFO - Saved article: Indian-origin gynecologist found guilty of medical malpractice in US; used same device without disinfecting - The Times of India from Times of India (383 words)
2026-01-12 14:32:55,541 - INFO - [The Guardian] Early skip: URL https://www.theguardian.com/global-development/2026/jan/12/iran-protests-crackdown-toll-foreign-minister already exists.
2026-01-12 14:32:55,662 - INFO - [BBC] Early skip: URL https://www.bbc.com/news/articles/c623r47d67lo?at_medium=RSS&at_campaign=rss already exists.
2026-01-12 14:32:55,935 - INFO - [The Hindu] Article: https://www.thehindu.com/news/national/andhra-pradesh/completion-of-jhanjavati-project-in-2026-is-tdps-priority-says-parvatipuram-mla/article70501307.ece
2026-01-12 14:32:55,935 - INFO - [The Hindu] Attempt 1/1: Trying with 'selenium_browser' strategy...
2026-01-12 14:32:55,936 - INFO - [The Guardian] Early skip: URL https://www.theguardian.com/world/2026/jan/12/iran-protests-donald-trump-us-military-options already exists.
2026-01-12 14:32:56,102 - INFO - [The Guardian] Early skip: URL https://www.theguardian.com/world/2026/jan/11/iranian-student-rubina-aminian-killed-during-protests-shot-in-head-from-close-range already exists.
2026-01-12 14:32:56,317 - INFO - [BBC] Early skip: URL https://www.bbc.com/news/articles/cz7ndzw28v4o?at_medium=RSS&at_campaign=rss already exists.
2026-01-12 14:32:56,420 - INFO - [The Guardian] Early skip: URL https://www.theguardian.com/world/2026/jan/11/iran-protests-gather-momentum-demonstrators-protest-movement already exists.
2026-01-12 14:32:56,591 - INFO - [BBC] Early skip: URL https://www.bbc.com/news/articles/cj9rengvnp9o?at_medium=RSS&at_campaign=rss already exists.
2026-01-12 14:32:56,763 - INFO - [Times of India] Article: https://timesofindia.indiatimes.com/world/middle-east/uae-content-creators-can-now-sell-globally-on-amazon-under-new-foundry-agreement/articleshow/126482175.cms
2026-01-12 14:32:56,763 - INFO - [Times of India] Attempt 1/1: Trying with 'selenium_browser' strategy...
2026-01-12 14:32:56,764 - INFO - [BBC] Early skip: URL https://www.bbc.com/news/articles/c1dz0dz0zkvo?at_medium=RSS&at_campaign=rss already exists.
2026-01-12 14:32:56,782 - INFO - [The Hindu] Page content loaded.
2026-01-12 14:32:56,841 - INFO - [The Hindu] Success with 'selenium_browser'. Found content (174 words).
2026-01-12 14:32:59,064 - INFO - [Times of India] Page content loaded.
2026-01-12 14:32:59,767 - INFO - [Times of India] Success with 'selenium_browser'. Found content (1071 words).
2026-01-12 14:33:11,002 - INFO - Saved article: Completion of Jhanjavati project in 2026 is TDP’s priority, says Parvatipuram MLA - The Hindu from The Hindu (174 words)
2026-01-12 14:33:21,365 - INFO - Saved article: UAE content creators can now sell globally on Amazon under new Foundry agreement - The Times of India from Times of India (1071 words)
2026-01-12 14:33:21,365 - INFO - [The Hindu] Article: https://www.thehindu.com/news/national/karnataka/regional-imbalance-in-kalyana-karnataka-will-end-in-next-10-years-claims-chief-minister/article70501243.ece
2026-01-12 14:33:21,365 - INFO - [The Hindu] Attempt 1/1: Trying with 'selenium_browser' strategy...
2026-01-12 14:33:22,132 - INFO - [Times of India] Article: https://timesofindia.indiatimes.com/world/china/china-says-it-has-deal-with-eu-on-steps-to-resolve-their-dispute-over-ev-imports/articleshow/126481722.cms
2026-01-12 14:33:22,133 - INFO - [Times of India] Attempt 1/1: Trying with 'selenium_browser' strategy...
2026-01-12 14:33:22,245 - INFO - [The Hindu] Page content loaded.
2026-01-12 14:33:22,664 - INFO - [The Hindu] Success with 'selenium_browser'. Found content (533 words).
2026-01-12 14:33:27,123 - INFO - [Times of India] Page content loaded.
2026-01-12 14:33:27,372 - INFO - [Times of India] Success with 'selenium_browser'. Found content (147 words).
2026-01-12 14:33:35,041 - INFO - Saved article: Regional imbalance in Kalyana Karnataka will end in next 10 years, claims Chief Minister - The Hindu from The Hindu (533 words)
2026-01-12 14:33:44,389 - INFO - Saved article: China says it has deal with EU on steps to resolve their dispute over EV imports - The Times of India from Times of India (147 words)
2026-01-12 14:33:44,390 - INFO - [The Hindu] Article: https://www.thehindu.com/news/national/andhra-pradesh/vvit-university-students-organise-unity-walk-from-guntur-to-vijayawada/article70501809.ece
2026-01-12 14:33:44,390 - INFO - [The Hindu] Attempt 1/1: Trying with 'selenium_browser' strategy...
2026-01-12 14:33:45,168 - INFO - [The Hindu] Page content loaded.
2026-01-12 14:33:45,214 - INFO - [The Hindu] Success with 'selenium_browser'. Found content (182 words).
2026-01-12 14:33:55,951 - INFO - Saved article: VVIT University students organise unity walk from Guntur to Vijayawada - The Hindu from The Hindu (182 words)
2026-01-12 14:33:55,951 - INFO - [Times of India] Early skip: URL https://timesofindia.indiatimes.com/world/middle-east/omans-new-labour-ban-on-expats-in-200-professions-what-it-means-for-workers-tourists/articleshow/126480007.cms already exists.
2026-01-12 14:33:56,125 - INFO - [Times of India] Early skip: URL https://timesofindia.indiatimes.com/world/middle-east/a-rare-moment-for-gulf-skies-international-space-station-visible-over-qatar-for-6-minutes/articleshow/126478899.cms already exists.
2026-01-12 14:33:56,352 - INFO - [Times of India] Early skip: URL https://timesofindia.indiatimes.com/world/middle-east/oman-to-create-60000-jobs-to-boost-careers-in-2026-are-you-ready-to-apply/articleshow/126478326.cms already exists.
2026-01-12 14:33:56,602 - INFO - [Times of India] Early skip: URL https://timesofindia.indiatimes.com/world/middle-east/kuwait-extends-newborn-registration-window-to-120-days-for-civil-ids/articleshow/126478222.cms already exists.
2026-01-12 14:33:56,767 - INFO - [Times of India] Early skip: URL https://timesofindia.indiatimes.com/world/china/china-says-us-shouldnt-use-other-countries-as-pretext-to-pursue-its-interests-in-greenland/articleshow/126482008.cms already exists.
2026-01-12 14:33:56,913 - INFO - [The Hindu] Article: https://www.thehindu.com/news/national/congress-alleges-scam-in-pm-skill-scheme-seeks-thorough-probe/article70501854.ece
2026-01-12 14:33:56,913 - INFO - [The Hindu] Attempt 1/1: Trying with 'selenium_browser' strategy...
2026-01-12 14:33:56,914 - INFO - [Times of India] Early skip: URL https://timesofindia.indiatimes.com/world/middle-east/dubais-rta-opens-phase-i-of-hessa-street-4-lanes-new-cycling-routes-and-bridges-less-traffic-and-what-drivers-should-know/articleshow/126477152.cms already exists.
2026-01-12 14:33:57,039 - INFO - [Times of India] Early skip: URL https://timesofindia.indiatimes.com/world/middle-east/dubai-witnesses-record-breaking-gold-prices-as-24k-crosses-dh550/articleshow/126477491.cms already exists.
2026-01-12 14:33:57,215 - INFO - [Times of India] Early skip: URL https://timesofindia.indiatimes.com/world/middle-east/saudi-arabia-arrests-nearly-19000-illegal-residents-deporting-over-10000-in-one-week/articleshow/126477031.cms already exists.
2026-01-12 14:33:57,336 - INFO - [Times of India] Early skip: URL https://timesofindia.indiatimes.com/etimes/trending/owen-cooper-net-worth-how-rich-is-16-year-old-winner-of-golden-globe-emmy-critics-choice-award/articleshow/126476714.cms already exists.
2026-01-12 14:33:57,483 - INFO - [Times of India] Early skip: URL https://timesofindia.indiatimes.com/etimes/trending/russia-knew-damaging-secrets-about-hillary-clinton-under-barack-obama-tulsi-gabbards-clip-goes-viral-on-x/articleshow/126476071.cms already exists.
2026-01-12 14:33:57,596 - INFO - [Times of India] Early skip: URL https://timesofindia.indiatimes.com/etimes/trending/trumps-499-phone-scam-590000-buyers-left-empty-handed-as-cheap-temu-alternative-surfaces/articleshow/126475662.cms already exists.
2026-01-12 14:33:57,811 - INFO - [Times of India] Early skip: URL https://timesofindia.indiatimes.com/etimes/trending/keynesianism-for-beginners-why-is-elon-musk-calling-john-maynard-keynes-a-demon/articleshow/126475680.cms already exists.
2026-01-12 14:33:58,041 - INFO - [Times of India] (Thread) Finished. Attempting to shut down its Selenium driver.
2026-01-12 14:33:58,264 - INFO - [Times of India] (Thread) driver.quit() successful.
2026-01-12 14:33:58,880 - INFO - [The Hindu] Page content loaded.
2026-01-12 14:33:58,928 - INFO - [The Hindu] Success with 'selenium_browser'. Found content (356 words).
2026-01-12 14:34:09,232 - INFO - Saved article: Congress alleges scam in PM skill scheme, seeks thorough probe - The Hindu from The Hindu (356 words)
2026-01-12 14:34:09,890 - INFO - [The Hindu] Article: https://www.thehindu.com/news/national/andhra-pradesh/narmada-valley-fc-wins-inspire-cup-u-17-girls-tournament/article70501397.ece
2026-01-12 14:34:09,890 - INFO - [The Hindu] Attempt 1/1: Trying with 'selenium_browser' strategy...
2026-01-12 14:34:10,664 - INFO - [The Hindu] Page content loaded.
2026-01-12 14:34:10,709 - INFO - [The Hindu] Success with 'selenium_browser'. Found content (291 words).
2026-01-12 14:34:21,203 - INFO - Saved article: Narmada Valley FC wins Inspire Cup U-17 girls tournament - The Hindu from The Hindu (291 words)
2026-01-12 14:34:21,813 - INFO - [The Hindu] Article: https://www.thehindu.com/news/national/kerala/forest-dept-issues-warning-on-padayappa/article70501685.ece
2026-01-12 14:34:21,813 - INFO - [The Hindu] Attempt 1/1: Trying with 'selenium_browser' strategy...
2026-01-12 14:34:22,577 - INFO - [The Hindu] Page content loaded.
2026-01-12 14:34:22,614 - INFO - [The Hindu] Success with 'selenium_browser'. Found content (221 words).
2026-01-12 14:34:32,817 - INFO - Saved article: Forest dept. issues warning on Padayappa - The Hindu from The Hindu (221 words)
2026-01-12 14:34:34,011 - INFO - [The Hindu] Article: https://www.thehindu.com/news/national/karnataka/mysuru-silk-fab-handloom-and-saree-exhibition-cum-saleon-until-january-17/article70500409.ece
2026-01-12 14:34:34,011 - INFO - [The Hindu] Attempt 1/1: Trying with 'selenium_browser' strategy...
2026-01-12 14:34:34,966 - INFO - [The Hindu] Page content loaded.
2026-01-12 14:34:35,003 - INFO - [The Hindu] Success with 'selenium_browser'. Found content (311 words).
2026-01-12 14:34:38,892 - CRITICAL - --- TIMEOUT: 1 scrape jobs did not complete in 300s. ---
2026-01-12 14:34:38,892 - ERROR - A thread has timed out and will be abandoned.
2026-01-12 14:34:38,892 - INFO - Shutting down thread pool (wait=False)...
2026-01-12 14:34:38,892 - INFO - Scraped: 7 Times of India, 3 The Guardian, 4 BBC, 1 Timed_Out_Jobs articles. (Total saved: 14)
2026-01-12 14:34:38,892 - INFO - --- Scraping job finished ---
2026-01-12 14:34:38,893 - INFO - --- Scraper service stopped and database connection closed. ---
2026-01-12 14:34:38,893 - INFO - --- Main thread finished. Forcing process exit to kill zombie threads. ---
