2025-12-08 10:53:00,700 - INFO - Loading AI Semantic Model (all-MiniLM-L6-v2)...
2025-12-08 10:53:00,700 - INFO - Use pytorch device_name: cpu
2025-12-08 10:53:00,700 - INFO - Load pretrained SentenceTransformer: all-MiniLM-L6-v2
2025-12-08 10:53:01,465 - INFO - AI Model loaded successfully.
2025-12-08 10:53:01,466 - INFO - Initializing database connection at: news_articles.db
2025-12-08 10:53:01,466 - INFO - --- Scraper service started (CI Mode: Run Once) ---
2025-12-08 10:53:01,466 - INFO - --- Starting new scraping job (Parallel Mode) ---
2025-12-08 10:53:01,466 - INFO - Creating new robust session with 3 retries on 5xx/connection/read errors.
2025-12-08 10:53:01,466 - INFO - Proxy is DISABLED.
2025-12-08 10:53:01,466 - INFO - Starting scrape for BBC RSS feed: http://feeds.bbci.co.uk/news/world/rss.xml
2025-12-08 10:53:01,467 - INFO - [Times of India] (Thread) requires Selenium. Initializing driver...
2025-12-08 10:53:01,467 - INFO - Initializing headless Selenium Chrome driver (using SeleniumManager)...
2025-12-08 10:53:01,468 - INFO - Starting scrape for The Guardian RSS feed: https://www.theguardian.com/world/rss
2025-12-08 10:53:01,469 - INFO - [The Hindu] (Thread) requires Selenium. Initializing driver...
2025-12-08 10:53:01,469 - INFO - Initializing headless Selenium Chrome driver (using SeleniumManager)...
2025-12-08 10:53:01,469 - INFO - Submitted 4 jobs to thread pool. Waiting up to 300s for completion...
2025-12-08 10:53:01,649 - INFO - Found 37 articles in BBC RSS feed. Processing up to 20.
2025-12-08 10:53:01,650 - INFO - [BBC] Article: https://www.bbc.com/news/articles/c2k4z9nwz4yo?at_medium=RSS&at_campaign=rss
2025-12-08 10:53:01,650 - INFO - [BBC] Attempt 1/1: Trying with 'requests_browser' strategy...
2025-12-08 10:53:01,786 - INFO - Found 45 articles in The Guardian RSS feed. Processing up to 20.
2025-12-08 10:53:01,787 - INFO - [The Guardian] Article: https://www.theguardian.com/world/2025/dec/08/ancient-egyptian-pleasure-boat-found-archaeologists-alexandria-coast
2025-12-08 10:53:01,787 - INFO - [The Guardian] Attempt 1/1: Trying with 'requests_browser' strategy...
2025-12-08 10:53:01,821 - INFO - [The Guardian] Success with 'requests_browser'. Found content (764 words).
2025-12-08 10:53:01,858 - INFO - Duplicate article skipped: Ancient Egyptian pleasure boat found by archaeologists off Alexandria coast | Egypt | The Guardian from The Guardian
2025-12-08 10:53:02,052 - INFO - [BBC] Success with 'requests_browser'. Found content (936 words).
2025-12-08 10:53:02,088 - INFO - Duplicate article skipped: Zelensky due at Downing Street for high-level Ukraine talks from BBC
2025-12-08 10:53:02,726 - INFO - [BBC] Article: https://www.bbc.com/news/articles/cy7v53366ejo?at_medium=RSS&at_campaign=rss
2025-12-08 10:53:02,726 - INFO - [BBC] Attempt 1/1: Trying with 'requests_browser' strategy...
2025-12-08 10:53:02,810 - INFO - [BBC] Success with 'requests_browser'. Found content (2883 words).
2025-12-08 10:53:02,906 - INFO - Duplicate article skipped: Syria without Assad is lighter - but now there are new problems from BBC
2025-12-08 10:53:02,935 - INFO - Selenium driver initialized successfully.
2025-12-08 10:53:02,935 - INFO - Starting scrape for Times of India RSS feed: https://timesofindia.indiatimes.com/rssfeeds/296589292.cms
2025-12-08 10:53:02,938 - INFO - Selenium driver initialized successfully.
2025-12-08 10:53:02,938 - INFO - Starting scrape for The Hindu RSS feed: https://www.thehindu.com/news/national/feeder/default.rss
2025-12-08 10:53:03,118 - INFO - Found 100 articles in The Hindu RSS feed. Processing up to 20.
2025-12-08 10:53:03,118 - INFO - [The Hindu] Article: https://www.thehindu.com/news/national/karnataka/suitcase-culture-is-in-bjp-not-congress-says-karnataka-minister-dr-sharanprakash-patil/article70372040.ece
2025-12-08 10:53:03,118 - INFO - [The Hindu] Attempt 1/1: Trying with 'selenium_browser' strategy...
2025-12-08 10:53:03,132 - INFO - Found 20 articles in Times of India RSS feed. Processing up to 20.
2025-12-08 10:53:03,132 - INFO - [Times of India] Article: https://timesofindia.indiatimes.com/world/europe/hungarys-orban-woos-voters-with-cash-incentives-and-smears/articleshow/125832791.cms
2025-12-08 10:53:03,132 - INFO - [Times of India] Attempt 1/1: Trying with 'selenium_browser' strategy...
2025-12-08 10:53:03,287 - INFO - [The Guardian] Article: https://www.theguardian.com/world/2025/dec/07/release-secured-of-100-kidnapped-nigerian-schoolchildren-but-many-still-being-held
2025-12-08 10:53:03,287 - INFO - [The Guardian] Attempt 1/1: Trying with 'requests_browser' strategy...
2025-12-08 10:53:03,316 - INFO - [The Guardian] Success with 'requests_browser'. Found content (413 words).
2025-12-08 10:53:03,368 - INFO - Duplicate article skipped: Nigerian state secures release of 100 out of 265 kidnapped schoolchildren | Nigeria | The Guardian from The Guardian
2025-12-08 10:53:03,724 - INFO - [BBC] Article: https://www.bbc.com/news/articles/c2dzjk9d825o?at_medium=RSS&at_campaign=rss
2025-12-08 10:53:03,727 - INFO - [BBC] Attempt 1/1: Trying with 'requests_browser' strategy...
2025-12-08 10:53:03,876 - INFO - [BBC] Success with 'requests_browser'. Found content (305 words).
2025-12-08 10:53:03,916 - INFO - [The Guardian] Article: https://www.theguardian.com/world/2025/dec/07/troops-and-warplanes-deployed-in-benin-after-failed-coup-attempt
2025-12-08 10:53:03,916 - INFO - [The Guardian] Attempt 1/1: Trying with 'requests_browser' strategy...
2025-12-08 10:53:04,153 - INFO - Duplicate article skipped: Water leak in Louvre damages hundreds of books from BBC
2025-12-08 10:53:04,173 - INFO - [The Guardian] Success with 'requests_browser'. Found content (553 words).
2025-12-08 10:53:04,227 - INFO - Duplicate article skipped: Troops and warplanes deployed in Benin after ‘failed coup attempt’ | Benin | The Guardian from The Guardian
2025-12-08 10:53:04,906 - INFO - [The Guardian] Article: https://www.theguardian.com/world/2025/dec/06/gunmen-kill-pretoria-south-african-hostel
2025-12-08 10:53:04,906 - INFO - [The Guardian] Attempt 1/1: Trying with 'requests_browser' strategy...
2025-12-08 10:53:05,045 - INFO - [The Hindu] Page content loaded.
2025-12-08 10:53:05,062 - INFO - [The Guardian] Success with 'requests_browser'. Found content (285 words).
2025-12-08 10:53:05,188 - INFO - Duplicate article skipped: Gunmen kill at least 12 people including three-year-old in hostel in South Africa | South Africa | The Guardian from The Guardian
2025-12-08 10:53:05,490 - INFO - [The Hindu] Success with 'selenium_browser'. Found content (256 words).
2025-12-08 10:53:05,622 - INFO - [BBC] Article: https://www.bbc.com/news/articles/clydrywxwkro?at_medium=RSS&at_campaign=rss
2025-12-08 10:53:05,623 - INFO - [BBC] Attempt 1/1: Trying with 'requests_browser' strategy...
2025-12-08 10:53:05,893 - INFO - [BBC] Success with 'requests_browser'. Found content (344 words).
2025-12-08 10:53:05,904 - INFO - [The Guardian] Article: https://www.theguardian.com/world/2025/dec/05/people-flee-dr-congo-fighting-one-day-after-peace-deal-signed-in-washington
2025-12-08 10:53:05,939 - INFO - [The Guardian] Attempt 1/1: Trying with 'requests_browser' strategy...
2025-12-08 10:53:06,265 - INFO - [The Guardian] Success with 'requests_browser'. Found content (411 words).
2025-12-08 10:53:34,837 - INFO - Saved article: Suitcase culture is in BJP, not Congress, says Karnataka Minister Dr. Sharanprakash Patil - The Hindu from The Hindu
2025-12-08 10:53:34,838 - INFO - Duplicate article skipped: Son Heung-min: Woman who blackmailed Tottenham star gets four years' jail from BBC
2025-12-08 10:53:34,838 - INFO - Duplicate article skipped: People flee DR Congo fighting one day after peace deal signed in Washington | Democratic Republic of the Congo | The Guardian from The Guardian
2025-12-08 10:53:35,406 - INFO - [The Hindu] Article: https://www.thehindu.com/videos/false-story-created-against-me-has-finally-collapsed-dileep/article70372046.ece
2025-12-08 10:53:35,406 - INFO - [The Hindu] Attempt 1/1: Trying with 'selenium_browser' strategy...
2025-12-08 10:53:35,493 - INFO - [BBC] Article: https://www.bbc.com/news/articles/cvgjvg4ylwpo?at_medium=RSS&at_campaign=rss
2025-12-08 10:53:35,493 - INFO - [BBC] Attempt 1/1: Trying with 'requests_browser' strategy...
2025-12-08 10:53:35,496 - INFO - [The Guardian] Article: https://www.theguardian.com/us-news/2025/dec/08/ex-honduran-president-juan-orlando-hernandez-trump-pardon
2025-12-08 10:53:35,496 - INFO - [The Guardian] Attempt 1/1: Trying with 'requests_browser' strategy...
2025-12-08 10:53:35,620 - INFO - [BBC] Success with 'requests_browser'. Found content (522 words).
2025-12-08 10:53:35,662 - INFO - Duplicate article skipped: Niger state kidnap: Nigeria says it has secured release of 100 children from BBC
2025-12-08 10:53:35,671 - INFO - [The Guardian] Success with 'requests_browser'. Found content (753 words).
2025-12-08 10:53:35,709 - INFO - Duplicate article skipped: Ex-Honduran president thanks God – and Trump – for drug-trafficking pardon | Donald Trump | The Guardian from The Guardian
2025-12-08 10:53:36,507 - INFO - [BBC] Article: https://www.bbc.com/news/articles/c4g9lg7jvq7o?at_medium=RSS&at_campaign=rss
2025-12-08 10:53:36,507 - INFO - [BBC] Attempt 1/1: Trying with 'requests_browser' strategy...
2025-12-08 10:53:36,776 - INFO - [BBC] Success with 'requests_browser'. Found content (360 words).
2025-12-08 10:53:36,857 - INFO - Duplicate article skipped: Toyah Cordingley: Nurse found guilty of Australian beach murder from BBC
2025-12-08 10:53:36,857 - INFO - [The Guardian] Article: https://www.theguardian.com/world/2025/dec/06/magnitude-7-earthquake-alaska-canada
2025-12-08 10:53:36,857 - INFO - [The Guardian] Attempt 1/1: Trying with 'requests_browser' strategy...
2025-12-08 10:53:36,927 - INFO - [The Guardian] Success with 'requests_browser'. Found content (209 words).
2025-12-08 10:53:36,987 - INFO - Duplicate article skipped: Magnitude 7.0 earthquake strikes remote area near Alaska-Canada border | Earthquakes | The Guardian from The Guardian
2025-12-08 10:53:37,590 - INFO - [The Guardian] Article: https://www.theguardian.com/world/2025/dec/06/venezuela-oil-trump-maduro
2025-12-08 10:53:37,591 - INFO - [The Guardian] Attempt 1/1: Trying with 'requests_browser' strategy...
2025-12-08 10:53:37,623 - INFO - [The Guardian] Success with 'requests_browser'. Found content (863 words).
2025-12-08 10:53:37,681 - INFO - Duplicate article skipped: Maduro says the real reason for Trump’s Venezuela fixation is oil – is he right? | Venezuela | The Guardian from The Guardian
2025-12-08 10:53:38,224 - INFO - [BBC] Article: https://www.bbc.com/news/articles/c5yqe197ypno?at_medium=RSS&at_campaign=rss
2025-12-08 10:53:38,225 - INFO - [BBC] Attempt 1/1: Trying with 'requests_browser' strategy...
2025-12-08 10:53:38,282 - INFO - [BBC] Success with 'requests_browser'. Found content (414 words).
2025-12-08 10:53:38,356 - INFO - [The Guardian] Article: https://www.theguardian.com/us-news/2025/dec/05/us-airstrike-survivors-clung-to-boat-wreckage-for-an-hour-before-second-deadly-attack-video-shows
2025-12-08 10:53:38,356 - INFO - [The Guardian] Attempt 1/1: Trying with 'requests_browser' strategy...
2025-12-08 10:53:38,404 - INFO - Duplicate article skipped: China fighter jets lock radar on Japan planes as tensions rise from BBC
2025-12-08 10:53:38,475 - INFO - [The Guardian] Success with 'requests_browser'. Found content (1016 words).
2025-12-08 10:53:38,580 - INFO - Duplicate article skipped: US airstrike survivors clung to boat wreckage for an hour before second deadly attack, video shows | US military | The Guardian from The Guardian
2025-12-08 10:53:39,430 - INFO - [BBC] Article: https://www.bbc.com/news/articles/c62v7n9wzkyo?at_medium=RSS&at_campaign=rss
2025-12-08 10:53:39,430 - INFO - [BBC] Attempt 1/1: Trying with 'requests_browser' strategy...
2025-12-08 10:53:39,577 - INFO - [BBC] Success with 'requests_browser'. Found content (971 words).
2025-12-08 10:53:39,622 - INFO - [The Guardian] Article: https://www.theguardian.com/us-news/2025/dec/05/neo-nazi-base-leader-on-terrorism-arrest
2025-12-08 10:53:39,622 - INFO - [The Guardian] Attempt 1/1: Trying with 'requests_browser' strategy...
2025-12-08 10:53:39,675 - INFO - Duplicate article skipped: Benin coup thwarted by loyalist troops, President Talon tells nation from BBC
2025-12-08 10:53:39,696 - INFO - [The Guardian] Success with 'requests_browser'. Found content (1072 words).
2025-12-08 10:53:39,783 - INFO - [The Hindu] Page content loaded.
2025-12-08 10:53:39,787 - INFO - Duplicate article skipped: US leader of global neo-Nazi terrorist group signals retribution for arrests | Far right (US) | The Guardian from The Guardian
2025-12-08 10:53:39,978 - INFO - [The Hindu] Success with 'selenium_browser'. Found content (157 words).
2025-12-08 10:53:40,312 - INFO - [BBC] Article: https://www.bbc.com/news/articles/czj0m2evm40o?at_medium=RSS&at_campaign=rss
2025-12-08 10:53:40,312 - INFO - [BBC] Attempt 1/1: Trying with 'requests_browser' strategy...
2025-12-08 10:53:40,529 - INFO - [BBC] Success with 'requests_browser'. Found content (774 words).
2025-12-08 10:53:41,151 - INFO - [The Guardian] Article: https://www.theguardian.com/world/2025/dec/08/thailand-airstrikes-disputed-border-cambodia
2025-12-08 10:53:41,151 - INFO - [The Guardian] Attempt 1/1: Trying with 'requests_browser' strategy...
2025-12-08 10:53:41,291 - INFO - [The Guardian] Success with 'requests_browser'. Found content (683 words).
2025-12-08 10:53:53,681 - INFO - Saved article: False story created against me has finally collapsed: Dileep - The Hindu from The Hindu
2025-12-08 10:53:53,681 - INFO - Duplicate article skipped: Death of Venezuelan opposition figure in custody 'vile', US says from BBC
2025-12-08 10:53:53,681 - INFO - Duplicate article skipped: Thailand launches airstrikes along disputed border with Cambodia as tensions flare | Thailand | The Guardian from The Guardian
2025-12-08 10:53:54,290 - INFO - [The Guardian] Article: https://www.theguardian.com/world/2025/dec/08/hong-kong-election-low-turnout-discontent-apartment-fire
2025-12-08 10:53:54,290 - INFO - [The Guardian] Attempt 1/1: Trying with 'requests_browser' strategy...
2025-12-08 10:53:54,313 - INFO - [The Guardian] Success with 'requests_browser'. Found content (687 words).
2025-12-08 10:53:54,520 - INFO - Duplicate article skipped: Near-record low election turnout in Hong Kong amid discontent over apartment fire | Hong Kong | The Guardian from The Guardian
2025-12-08 10:53:54,851 - INFO - [The Hindu] Article: https://www.thehindu.com/news/national/andhra-pradesh/release-pending-381-crore-wage-arrears-immediately-ysrcp/article70371782.ece
2025-12-08 10:53:54,851 - INFO - [The Hindu] Attempt 1/1: Trying with 'selenium_browser' strategy...
2025-12-08 10:53:54,968 - INFO - [BBC] Article: https://www.bbc.com/news/articles/cpvd01g2kwwo?at_medium=RSS&at_campaign=rss
2025-12-08 10:53:54,969 - INFO - [BBC] Attempt 1/1: Trying with 'requests_browser' strategy...
2025-12-08 10:53:54,998 - INFO - [BBC] Success with 'requests_browser'. Found content (641 words).
2025-12-08 10:53:55,046 - INFO - Duplicate article skipped: New US security strategy aligns with Russia's vision, Moscow says from BBC
2025-12-08 10:53:55,434 - INFO - [The Hindu] Page content loaded.
2025-12-08 10:53:55,551 - INFO - [The Guardian] Article: https://www.theguardian.com/world/2025/dec/08/japan-china-radar-fighter-jets-claims
2025-12-08 10:53:55,552 - INFO - [The Guardian] Attempt 1/1: Trying with 'requests_browser' strategy...
2025-12-08 10:53:55,590 - INFO - [The Guardian] Success with 'requests_browser'. Found content (625 words).
2025-12-08 10:53:55,665 - INFO - Duplicate article skipped: Japan PM vows ‘resolute’ response after Chinese aircraft accused of locking radar on to Japanese fighter jets | Japan | The Guardian from The Guardian
2025-12-08 10:53:55,684 - INFO - [The Hindu] Success with 'selenium_browser'. Found content (278 words).
2025-12-08 10:53:56,041 - INFO - [BBC] Article: https://www.bbc.com/news/articles/cdj82d0nd4eo?at_medium=RSS&at_campaign=rss
2025-12-08 10:53:56,041 - INFO - [BBC] Attempt 1/1: Trying with 'requests_browser' strategy...
2025-12-08 10:53:56,213 - INFO - [BBC] Success with 'requests_browser'. Found content (598 words).
2025-12-08 10:53:56,630 - INFO - [The Guardian] Article: https://www.theguardian.com/world/2025/dec/08/katy-perry-justin-trudeau-instagram-relationship-official
2025-12-08 10:53:56,630 - INFO - [The Guardian] Attempt 1/1: Trying with 'requests_browser' strategy...
2025-12-08 10:53:56,657 - INFO - [The Guardian] Success with 'requests_browser'. Found content (346 words).
2025-12-08 10:54:11,504 - INFO - Saved article: Release pending ₹381 crore wage arrears immediately: YSRCP - The Hindu from The Hindu
2025-12-08 10:54:11,504 - INFO - Duplicate article skipped: India: Goa nightclub fire kills 25 staff and tourists from BBC
2025-12-08 10:54:11,504 - INFO - Duplicate article skipped: Katy Perry and Justin Trudeau make their relationship Instagram official | Justin Trudeau | The Guardian from The Guardian
2025-12-08 10:54:12,076 - INFO - [The Guardian] Article: https://www.theguardian.com/world/2025/dec/08/un-cerd-report-maori-rights-new-zealand
2025-12-08 10:54:12,076 - INFO - [The Guardian] Attempt 1/1: Trying with 'requests_browser' strategy...
2025-12-08 10:54:12,188 - INFO - [The Guardian] Success with 'requests_browser'. Found content (587 words).
2025-12-08 10:54:12,235 - INFO - Duplicate article skipped: UN report sounds alarm over Māori rights in New Zealand | New Zealand | The Guardian from The Guardian
2025-12-08 10:54:12,248 - INFO - [BBC] Article: https://www.bbc.com/news/articles/cz680jx511no?at_medium=RSS&at_campaign=rss
2025-12-08 10:54:12,248 - INFO - [BBC] Attempt 1/1: Trying with 'requests_browser' strategy...
2025-12-08 10:54:12,273 - INFO - [BBC] Success with 'requests_browser'. Found content (599 words).
2025-12-08 10:54:12,310 - INFO - Duplicate article skipped: Ukrainian city hit by 'massive' strike as peace talks in US conclude from BBC
2025-12-08 10:54:12,725 - INFO - [The Hindu] Article: https://www.thehindu.com/news/national/goa-nightclub-fire-owner-saurabh-luthra-expresses-grief-assures-management-support/article70371998.ece
2025-12-08 10:54:12,725 - INFO - [The Hindu] Attempt 1/1: Trying with 'selenium_browser' strategy...
2025-12-08 10:54:13,595 - INFO - [The Guardian] Article: https://www.theguardian.com/australia-news/2025/dec/08/labor-minister-don-farrell-claimed-9000-for-family-travel-during-sports-events-and-theatre-showings
2025-12-08 10:54:13,595 - INFO - [The Guardian] Attempt 1/1: Trying with 'requests_browser' strategy...
2025-12-08 10:54:13,633 - INFO - [The Guardian] Success with 'requests_browser'. Found content (900 words).
2025-12-08 10:54:13,690 - INFO - [BBC] Article: https://www.bbc.com/news/articles/c3r7plnwr0zo?at_medium=RSS&at_campaign=rss
2025-12-08 10:54:13,690 - INFO - [BBC] Attempt 1/1: Trying with 'requests_browser' strategy...
2025-12-08 10:54:13,691 - INFO - Duplicate article skipped: Labor minister Don Farrell claimed $9,000 for family travel during sports events and theatre showings | Australian politicians' expenses | The Guardian from The Guardian
2025-12-08 10:54:13,727 - INFO - [BBC] Success with 'requests_browser'. Found content (1001 words).
2025-12-08 10:54:13,782 - INFO - Duplicate article skipped: LegCo: Hong Kong votes in election as city mourns deadly fire from BBC
2025-12-08 10:54:13,895 - INFO - [The Hindu] Page content loaded.
2025-12-08 10:54:14,051 - INFO - [The Hindu] Success with 'selenium_browser'. Found content (333 words).
2025-12-08 10:54:14,772 - INFO - [BBC] Article: https://www.bbc.com/news/articles/c98nldr06l2o?at_medium=RSS&at_campaign=rss
2025-12-08 10:54:14,772 - INFO - [BBC] Attempt 1/1: Trying with 'requests_browser' strategy...
2025-12-08 10:54:14,877 - INFO - [BBC] Success with 'requests_browser'. Found content (410 words).
2025-12-08 10:54:14,909 - INFO - [The Guardian] Article: https://www.theguardian.com/australia-news/2025/dec/08/long-bay-jail-nsw-prison-watchdog-report
2025-12-08 10:54:14,909 - INFO - [The Guardian] Attempt 1/1: Trying with 'requests_browser' strategy...
2025-12-08 10:54:14,995 - INFO - [The Guardian] Success with 'requests_browser'. Found content (556 words).
2025-12-08 10:54:28,129 - INFO - DEDUPLICATION: Found match (Score: 0.79). Linking to Cluster ID: fc3bb326-f187-45a1-837d-99d6b818a742
2025-12-08 10:54:28,132 - INFO - Saved article: Goa nightclub fire: Owner Saurabh Luthra expresses grief, assures management support - The Hindu from The Hindu
2025-12-08 10:54:28,132 - INFO - Duplicate article skipped: Chernobyl radiation shield 'lost safety function' after drone strike, UN watchdog says from BBC
2025-12-08 10:54:28,132 - INFO - Duplicate article skipped: Prison watchdog urges closure of ‘unsafe’ parts of Long Bay prison | Prisons | The Guardian from The Guardian
2025-12-08 10:54:29,101 - INFO - [The Guardian] Article: https://www.theguardian.com/australia-news/2025/dec/08/pure-political-pork-labor-withdraws-power-bill-subsidies-as-treasurer-forecasts-difficult-budget-decisions
2025-12-08 10:54:29,101 - INFO - [The Guardian] Attempt 1/1: Trying with 'requests_browser' strategy...
2025-12-08 10:54:29,131 - INFO - [The Guardian] Success with 'requests_browser'. Found content (574 words).
2025-12-08 10:54:29,172 - INFO - [The Hindu] Article: https://www.thehindu.com/news/national/andhra-pradesh/ap-rera-instructs-urban-local-bodies-to-issue-building-occupancy-certificates-oc-only-to-those-registered-with-it/article70371923.ece
2025-12-08 10:54:29,177 - INFO - [The Hindu] Attempt 1/1: Trying with 'selenium_browser' strategy...
2025-12-08 10:54:29,180 - INFO - Duplicate article skipped: ‘Pure political pork’: government ends energy bill rebate as treasurer flags ‘difficult’ budget decisions | Energy | The Guardian from The Guardian
2025-12-08 10:54:29,227 - INFO - [BBC] Article: https://www.bbc.com/news/articles/crmd44yz7nmo?at_medium=RSS&at_campaign=rss
2025-12-08 10:54:29,228 - INFO - [BBC] Attempt 1/1: Trying with 'requests_browser' strategy...
2025-12-08 10:54:29,271 - INFO - [BBC] Success with 'requests_browser'. Found content (405 words).
2025-12-08 10:54:29,326 - INFO - Duplicate article skipped: Katy Perry posts photo with Justin Trudeau in Japan from BBC
2025-12-08 10:54:30,219 - INFO - [The Hindu] Page content loaded.
2025-12-08 10:54:30,347 - INFO - [The Hindu] Success with 'selenium_browser'. Found content (256 words).
2025-12-08 10:54:30,504 - INFO - [The Guardian] Article: https://www.theguardian.com/australia-news/2025/dec/08/anika-wells-claimed-more-than-8500-for-family-travel-to-melbourne-during-afl-grand-final-weekends-three-years-in-a-row
2025-12-08 10:54:30,504 - INFO - [The Guardian] Attempt 1/1: Trying with 'requests_browser' strategy...
2025-12-08 10:54:30,628 - INFO - [The Guardian] Success with 'requests_browser'. Found content (1018 words).
2025-12-08 10:54:30,663 - INFO - [BBC] Article: https://www.bbc.com/news/articles/cqjgydnwxrpo?at_medium=RSS&at_campaign=rss
2025-12-08 10:54:30,668 - INFO - [BBC] Attempt 1/1: Trying with 'requests_browser' strategy...
2025-12-08 10:54:30,756 - INFO - [BBC] Success with 'requests_browser'. Found content (393 words).
2025-12-08 10:54:43,865 - INFO - Saved article: A.P. RERA instructs urban local bodies to issue building occupancy certificates (OC) only to those registered with it - The Hindu from The Hindu
2025-12-08 10:54:43,865 - INFO - Duplicate article skipped: Anika Wells claimed more than $8,500 for family travel to Melbourne during AFL grand final weekends over three years | Australian politics | The Guardian from The Guardian
2025-12-08 10:54:43,866 - INFO - Duplicate article skipped: Death toll passes 900 after devastating Indonesia floods from BBC
2025-12-08 10:54:44,820 - INFO - [BBC] Article: https://www.bbc.com/news/articles/cwyw5vwrp9jo?at_medium=RSS&at_campaign=rss
2025-12-08 10:54:44,820 - INFO - [BBC] Attempt 1/1: Trying with 'requests_browser' strategy...
2025-12-08 10:54:44,845 - INFO - [BBC] Success with 'requests_browser'. Found content (543 words).
2025-12-08 10:54:44,881 - INFO - Duplicate article skipped: Trump criticises Henry Cuellar over not switching parties after pardon from BBC
2025-12-08 10:54:45,035 - INFO - [The Guardian] Article: https://www.theguardian.com/australia-news/live/2025/dec/08/australia-news-live-politics-coalition-housing-policy-liberal-labor-vic-nsw-qld-tasmania-weather-bushfires-economy-education-health-social-media-cost-of-living
2025-12-08 10:54:45,035 - INFO - [The Guardian] Attempt 1/1: Trying with 'requests_browser' strategy...
2025-12-08 10:54:45,332 - INFO - [The Hindu] Article: https://www.thehindu.com/news/national/rajasthan/narrow-escape-for-tourists-as-bus-catches-fire-during-safari-at-nahargarh-biological-park-in-jaipur/article70371948.ece
2025-12-08 10:54:45,338 - INFO - [The Hindu] Attempt 1/1: Trying with 'selenium_browser' strategy...
2025-12-08 10:54:45,364 - INFO - [The Guardian] Success with 'requests_browser'. Found content (2574 words).
2025-12-08 10:54:45,393 - INFO - [BBC] Article: https://www.bbc.com/news/articles/cr7l4n89lr1o?at_medium=RSS&at_campaign=rss
2025-12-08 10:54:45,398 - INFO - [BBC] Attempt 1/1: Trying with 'requests_browser' strategy...
2025-12-08 10:54:45,506 - INFO - Duplicate article skipped: Australians’ credit card debt at four-year high – as it happened | Australia news | The Guardian from The Guardian
2025-12-08 10:54:45,522 - INFO - [BBC] Success with 'requests_browser'. Found content (441 words).
2025-12-08 10:54:45,566 - INFO - Duplicate article skipped: National Park Service removes free entry on Martin Luther King Jr Day and Juneteenth from BBC
2025-12-08 10:54:46,295 - INFO - [BBC] Article: https://www.bbc.com/news/videos/czdg0598ry0o?at_medium=RSS&at_campaign=rss
2025-12-08 10:54:46,295 - INFO - [BBC] Attempt 1/1: Trying with 'requests_browser' strategy...
2025-12-08 10:54:46,339 - INFO - [BBC] Success with 'requests_browser'. Found content (202 words).
2025-12-08 10:54:46,376 - INFO - Duplicate article skipped: Olympic flame arrives in Rome ahead of Winter Olympics from BBC
2025-12-08 10:54:46,588 - INFO - [The Hindu] Page content loaded.
2025-12-08 10:54:46,660 - INFO - [The Hindu] Success with 'selenium_browser'. Found content (212 words).
2025-12-08 10:54:47,156 - INFO - [BBC] Article: https://www.bbc.com/news/articles/c3e0z97qn3eo?at_medium=RSS&at_campaign=rss
2025-12-08 10:54:47,156 - INFO - [BBC] Attempt 1/1: Trying with 'requests_browser' strategy...
2025-12-08 10:54:47,210 - INFO - [BBC] Success with 'requests_browser'. Found content (429 words).
2025-12-08 10:55:00,437 - INFO - Saved article: Narrow escape for tourists as bus catches fire during safari at Nahargarh biological park in Jaipur - The Hindu from The Hindu
2025-12-08 10:55:00,437 - INFO - Duplicate article skipped: Iran arrests marathon organisers over women not wearing hijab from BBC
2025-12-08 10:55:01,894 - INFO - [The Hindu] Article: https://www.thehindu.com/news/national/tamil-nadu/hrampce-department-can-inquire-into-maladministration-of-denominational-temples-too-rules-madras-high-court/article70371598.ece
2025-12-08 10:55:01,894 - INFO - [The Hindu] Attempt 1/1: Trying with 'selenium_browser' strategy...
2025-12-08 10:55:02,955 - INFO - [The Hindu] Page content loaded.
2025-12-08 10:55:03,049 - INFO - [The Hindu] Success with 'selenium_browser'. Found content (404 words).
2025-12-08 10:55:03,138 - INFO - Duplicate article skipped: HR&CE dept. can inquire into maladministration of denominational temples too, rules Madras High Court - The Hindu from The Hindu
2025-12-08 10:55:03,234 - ERROR - [Times of India] Request failed for strategy 'selenium_browser' on URL https://timesofindia.indiatimes.com/world/europe/hungarys-orban-woos-voters-with-cash-incentives-and-smears/articleshow/125832791.cms: HTTPConnectionPool(host='localhost', port=41713): Read timed out. (read timeout=120)
2025-12-08 10:55:03,234 - ERROR - [Times of India] All scrape strategies failed for https://timesofindia.indiatimes.com/world/europe/hungarys-orban-woos-voters-with-cash-incentives-and-smears/articleshow/125832791.cms. Falling back to RSS description.
2025-12-08 10:55:04,265 - INFO - [The Hindu] Article: https://www.thehindu.com/news/national/congress-hits-back-at-pm-modi-calls-him-master-distorian/article70371885.ece
2025-12-08 10:55:04,265 - INFO - [The Hindu] Attempt 1/1: Trying with 'selenium_browser' strategy...
2025-12-08 10:55:06,302 - INFO - [The Hindu] Page content loaded.
2025-12-08 10:55:06,394 - INFO - [The Hindu] Success with 'selenium_browser'. Found content (500 words).
2025-12-08 10:55:18,251 - INFO - Saved article: Hungary's Orban woos voters with cash incentives and smears from Times of India
2025-12-08 10:55:18,251 - INFO - Duplicate article skipped: Congress hits back at PM Modi, calls him 'master distorian' - The Hindu from The Hindu
2025-12-08 10:55:19,458 - INFO - [The Hindu] Article: https://www.thehindu.com/news/cities/Delhi/red-fort-blast-case-delhi-court-extends-nia-custody-of-three-doctors-preacher-by-four-days/article70371815.ece
2025-12-08 10:55:19,458 - INFO - [The Hindu] Attempt 1/1: Trying with 'selenium_browser' strategy...
2025-12-08 10:55:19,656 - INFO - [Times of India] Article: https://timesofindia.indiatimes.com/world/europe/germanys-wadephul-pushes-for-fair-trade-in-china/articleshow/125832365.cms
2025-12-08 10:55:19,656 - INFO - [Times of India] Attempt 1/1: Trying with 'selenium_browser' strategy...
2025-12-08 10:55:20,537 - INFO - [The Hindu] Page content loaded.
2025-12-08 10:55:20,659 - INFO - [The Hindu] Success with 'selenium_browser'. Found content (239 words).
2025-12-08 10:55:20,731 - INFO - Duplicate article skipped: Red Fort blast case: Delhi court extends NIA custody of three doctors, preacher by four days - The Hindu from The Hindu
2025-12-08 10:55:21,372 - INFO - [The Hindu] Article: https://www.thehindu.com/news/national/supreme-court-grants-bail-to-banned-jharkhand-groups-zonal-commander-in-extortion-terror-financing-case/article70371801.ece
2025-12-08 10:55:21,372 - INFO - [The Hindu] Attempt 1/1: Trying with 'selenium_browser' strategy...
2025-12-08 10:55:22,077 - INFO - [The Hindu] Page content loaded.
2025-12-08 10:55:22,222 - INFO - [The Hindu] Success with 'selenium_browser'. Found content (266 words).
2025-12-08 10:55:22,294 - INFO - Duplicate article skipped: Supreme Court grants bail to banned Jharkhand group's zonal commander in extortion, terror financing case - The Hindu from The Hindu
2025-12-08 10:55:23,389 - INFO - [The Hindu] Article: https://www.thehindu.com/news/national/karnataka/winter-session-begins-with-karnataka-assembly-paying-tributes-to-salumarada-thimmakka-sl-bhyrappa-hy-meti-and-others/article70371732.ece
2025-12-08 10:55:23,389 - INFO - [The Hindu] Attempt 1/1: Trying with 'selenium_browser' strategy...
2025-12-08 10:55:24,406 - INFO - [The Hindu] Page content loaded.
2025-12-08 10:55:24,565 - INFO - [The Hindu] Success with 'selenium_browser'. Found content (297 words).
2025-12-08 10:55:24,672 - INFO - Duplicate article skipped: Karnataka: Winter session begins by paying tributes to Saalumarada Thimmakka, S.L. Bhyrappa, Meti - The Hindu from The Hindu
2025-12-08 10:55:25,217 - INFO - [The Hindu] Article: https://www.thehindu.com/news/national/karnataka/protests-by-mes-and-krv-on-first-day-of-winter-session-in-belagavi-activists-detained/article70371716.ece
2025-12-08 10:55:25,217 - INFO - [The Hindu] Attempt 1/1: Trying with 'selenium_browser' strategy...
2025-12-08 10:55:26,139 - INFO - [The Hindu] Page content loaded.
2025-12-08 10:55:26,253 - INFO - [The Hindu] Success with 'selenium_browser'. Found content (325 words).
2025-12-08 10:55:26,339 - INFO - Duplicate article skipped: Protests by MES and KRV on first day of winter session in Belagavi, activists detained - The Hindu from The Hindu
2025-12-08 10:55:27,018 - INFO - [The Hindu] Article: https://www.thehindu.com/news/national/andhra-pradesh/andhra-minister-savitha-inspects-tribal-welfare-hostel/article70371527.ece
2025-12-08 10:55:27,018 - INFO - [The Hindu] Attempt 1/1: Trying with 'selenium_browser' strategy...
2025-12-08 10:55:29,654 - INFO - [The Hindu] Page content loaded.
2025-12-08 10:55:29,747 - INFO - [The Hindu] Success with 'selenium_browser'. Found content (188 words).
2025-12-08 10:55:29,823 - INFO - Duplicate article skipped: Andhra Minister Savitha inspects tribal welfare hostel - The Hindu from The Hindu
2025-12-08 10:55:30,834 - INFO - [The Hindu] Article: https://www.thehindu.com/news/national/ed-attaches-4190-cr-in-crypto-cases-declares-one-accused-as-fugitive-economic-offender/article70371773.ece
2025-12-08 10:55:30,834 - INFO - [The Hindu] Attempt 1/1: Trying with 'selenium_browser' strategy...
2025-12-08 10:55:31,469 - INFO - [The Hindu] Page content loaded.
2025-12-08 10:55:31,607 - INFO - [The Hindu] Success with 'selenium_browser'. Found content (244 words).
2025-12-08 10:55:31,687 - INFO - Duplicate article skipped: ED attaches ₹4,190 cr in crypto cases, declares one accused as Fugitive Economic Offender - The Hindu from The Hindu
2025-12-08 10:55:32,430 - INFO - [The Hindu] Article: https://www.thehindu.com/news/national/supreme-court-seeks-eds-response-on-journalists-bail-plea-in-money-laundering-case/article70371711.ece
2025-12-08 10:55:32,430 - INFO - [The Hindu] Attempt 1/1: Trying with 'selenium_browser' strategy...
2025-12-08 10:55:33,084 - INFO - [The Hindu] Page content loaded.
2025-12-08 10:55:33,185 - INFO - [The Hindu] Success with 'selenium_browser'. Found content (387 words).
2025-12-08 10:55:33,503 - INFO - Duplicate article skipped: Supreme Court seeks ED's response on journalist's bail plea in money laundering case - The Hindu from The Hindu
2025-12-08 10:55:34,193 - INFO - [The Hindu] Article: https://www.thehindu.com/news/national/andhra-pradesh/eleven-year-old-killed-by-apsrtc-bus-in-nellore-his-brother-injured/article70371335.ece
2025-12-08 10:55:34,193 - INFO - [The Hindu] Attempt 1/1: Trying with 'selenium_browser' strategy...
2025-12-08 10:55:35,021 - INFO - [The Hindu] Page content loaded.
2025-12-08 10:55:35,114 - INFO - [The Hindu] Success with 'selenium_browser'. Found content (195 words).
2025-12-08 10:55:35,208 - INFO - Duplicate article skipped: Eleven-year-old killed by APSRTC bus in Nellore, his brother injured - The Hindu from The Hindu
2025-12-08 10:55:36,595 - INFO - [The Hindu] Article: https://www.thehindu.com/news/national/tamil-nadu/dmk-will-form-government-again-with-support-of-over-25-crore-voters-mk-stalin/article70371709.ece
2025-12-08 10:55:36,595 - INFO - [The Hindu] Attempt 1/1: Trying with 'selenium_browser' strategy...
2025-12-08 10:55:37,414 - INFO - [The Hindu] Page content loaded.
2025-12-08 10:55:37,607 - INFO - [The Hindu] Success with 'selenium_browser'. Found content (481 words).
2025-12-08 10:55:37,692 - INFO - Duplicate article skipped: DMK will form government again with support of over 2.5 crore voters: M.K. Stalin - The Hindu from The Hindu
2025-12-08 10:55:39,017 - INFO - [The Hindu] Article: https://www.thehindu.com/news/national/kerala/kerala-actor-rape-case-vd-satheesan-says-verdict-a-relief-calls-for-stronger-systems-to-protect-women/article70371671.ece
2025-12-08 10:55:39,017 - INFO - [The Hindu] Attempt 1/1: Trying with 'selenium_browser' strategy...
2025-12-08 10:55:40,066 - INFO - [The Hindu] Page content loaded.
2025-12-08 10:55:40,226 - INFO - [The Hindu] Success with 'selenium_browser'. Found content (280 words).
2025-12-08 10:55:40,315 - INFO - Duplicate article skipped: Kerala actor rape case: V.D. Satheesan says verdict a ‘relief’, calls for stronger systems to protect women - The Hindu from The Hindu
2025-12-08 10:55:41,353 - INFO - [The Hindu] Article: https://www.thehindu.com/news/national/indigo-flight-disruptions-opposition-demands-statement-from-government/article70371675.ece
2025-12-08 10:55:41,353 - INFO - [The Hindu] Attempt 1/1: Trying with 'selenium_browser' strategy...
2025-12-08 10:55:42,226 - INFO - [The Hindu] Page content loaded.
2025-12-08 10:55:42,523 - INFO - [The Hindu] Success with 'selenium_browser'. Found content (811 words).
2025-12-08 10:55:42,616 - INFO - Duplicate article skipped: IndiGo flight disruptions: Opposition demands statement from government; Ram Mohan Naidu assures strict adherence to safety protocols - The Hindu from The Hindu
2025-12-08 10:55:43,620 - INFO - [The Hindu] Article: https://www.thehindu.com/news/national/andhra-pradesh/police-facilitate-shifting-of-womans-dead-body-to-her-native-place/article70371273.ece
2025-12-08 10:55:43,620 - INFO - [The Hindu] Attempt 1/1: Trying with 'selenium_browser' strategy...
2025-12-08 10:55:45,351 - INFO - [The Hindu] Page content loaded.
2025-12-08 10:55:45,505 - INFO - [The Hindu] Success with 'selenium_browser'. Found content (292 words).
2025-12-08 10:55:45,598 - INFO - Duplicate article skipped: Police facilitate shifting of woman’s dead body to her native place - The Hindu from The Hindu
2025-12-08 10:55:46,612 - INFO - [The Hindu] (Thread) Finished. Attempting to shut down its Selenium driver.
2025-12-08 10:55:46,854 - INFO - [The Hindu] (Thread) driver.quit() successful.
2025-12-08 10:57:19,729 - ERROR - [Times of India] Request failed for strategy 'selenium_browser' on URL https://timesofindia.indiatimes.com/world/europe/germanys-wadephul-pushes-for-fair-trade-in-china/articleshow/125832365.cms: HTTPConnectionPool(host='localhost', port=41713): Read timed out. (read timeout=120)
2025-12-08 10:57:19,730 - ERROR - [Times of India] All scrape strategies failed for https://timesofindia.indiatimes.com/world/europe/germanys-wadephul-pushes-for-fair-trade-in-china/articleshow/125832365.cms. Falling back to RSS description.
2025-12-08 10:57:31,818 - INFO - Saved article: Germany's Wadephul pushes for fair trade in China from Times of India
2025-12-08 10:57:33,291 - INFO - [Times of India] Article: https://timesofindia.indiatimes.com/world/rest-of-world/syria-leaked-material-details-atrocities-at-assad-prisons/articleshow/125832173.cms
2025-12-08 10:57:33,291 - INFO - [Times of India] Attempt 1/1: Trying with 'selenium_browser' strategy...
2025-12-08 10:58:01,469 - CRITICAL - --- TIMEOUT: 1 scrape jobs did not complete in 300s. ---
2025-12-08 10:58:01,470 - ERROR - A thread has timed out and will be abandoned.
2025-12-08 10:58:01,470 - INFO - Shutting down thread pool (wait=False)...
2025-12-08 10:58:01,470 - INFO - Scraped: 0 The Guardian, 0 BBC, 6 The Hindu, 1 Timed_Out_Jobs articles. (Total saved: 6)
2025-12-08 10:58:01,470 - INFO - --- Scraping job finished ---
2025-12-08 10:58:01,470 - INFO - --- Scraper service stopped and database connection closed. ---
2025-12-08 10:58:01,470 - INFO - --- Main thread finished. Forcing process exit to kill zombie threads. ---
