2026-01-14 05:52:15,686 - INFO - Loading AI Semantic Model (all-MiniLM-L6-v2)...
2026-01-14 05:52:15,687 - INFO - Use pytorch device_name: cpu
2026-01-14 05:52:15,687 - INFO - Load pretrained SentenceTransformer: all-MiniLM-L6-v2
2026-01-14 05:52:16,231 - INFO - AI Model loaded successfully.
2026-01-14 05:52:16,231 - INFO - --- Scraper service started (CI Mode: Run Once) ---
2026-01-14 05:52:16,231 - INFO - --- Starting new scraping job (Parallel Mode) ---
2026-01-14 05:52:16,231 - INFO - Creating new robust session with 3 retries on 5xx/connection/read errors.
2026-01-14 05:52:16,231 - INFO - Proxy is DISABLED.
2026-01-14 05:52:16,232 - INFO - Starting scrape for BBC RSS feed: http://feeds.bbci.co.uk/news/world/rss.xml
2026-01-14 05:52:16,233 - INFO - [Times of India] (Thread) requires Selenium. Initializing driver...
2026-01-14 05:52:16,233 - INFO - Starting scrape for The Guardian RSS feed: https://www.theguardian.com/world/rss
2026-01-14 05:52:16,234 - INFO - [The Hindu] (Thread) requires Selenium. Initializing driver...
2026-01-14 05:52:16,234 - INFO - Submitted 4 jobs to thread pool. Waiting up to 300s for completion...
2026-01-14 05:52:16,330 - INFO - Found 45 articles in The Guardian RSS feed. Processing up to 30.
2026-01-14 05:52:16,331 - INFO - [The Guardian] Early skip: URL https://www.theguardian.com/us-news/2026/jan/13/trump-administration-ends-tps-somalia already exists.
2026-01-14 05:52:16,520 - INFO - Found 40 articles in BBC RSS feed. Processing up to 30.
2026-01-14 05:52:16,590 - INFO - [BBC] Early skip: URL https://www.bbc.com/news/articles/cr57vmznmd9o?at_medium=RSS&at_campaign=rss already exists.
2026-01-14 05:52:16,761 - INFO - [The Guardian] Early skip: URL https://www.theguardian.com/business/2026/jan/13/developing-countries-poorer-world-bank-report already exists.
2026-01-14 05:52:17,056 - INFO - [BBC] Early skip: URL https://www.bbc.com/news/articles/cedwgn4pqv4o?at_medium=RSS&at_campaign=rss already exists.
2026-01-14 05:52:17,315 - INFO - [The Guardian] Early skip: URL https://www.theguardian.com/books/2026/jan/12/chimamanda-ngozi-adichie-accuses-lagos-hospital-negligence-son-death already exists.
2026-01-14 05:52:17,426 - INFO - [BBC] Early skip: URL https://www.bbc.com/news/articles/c4g3kw5ezepo?at_medium=RSS&at_campaign=rss already exists.
2026-01-14 05:52:17,589 - INFO - [The Guardian] Early skip: URL https://www.theguardian.com/global-development/2026/jan/09/the-gambia-female-genital-mutilation-fgm-supreme-court-case-overturn-ban already exists.
2026-01-14 05:52:17,874 - INFO - [BBC] Early skip: URL https://www.bbc.com/news/articles/c041dp0z95yo?at_medium=RSS&at_campaign=rss already exists.
2026-01-14 05:52:18,110 - INFO - [The Guardian] Early skip: URL https://www.theguardian.com/world/2026/jan/08/questions-targeting-impact-us-airstrikes-in-nigeria already exists.
2026-01-14 05:52:18,270 - INFO - [BBC] Early skip: URL https://www.bbc.com/news/articles/cj6w17ykd89o?at_medium=RSS&at_campaign=rss already exists.
2026-01-14 05:52:18,383 - INFO - [The Guardian] Early skip: URL https://www.theguardian.com/environment/2026/jan/12/us-plan-to-exploit-venezuelas-oil-could-eat-up-13-of-carbon-budget-to-keep-15c-limit already exists.
2026-01-14 05:52:18,626 - INFO - [BBC] Early skip: URL https://www.bbc.com/news/articles/cq6vyqq5r0do?at_medium=RSS&at_campaign=rss already exists.
2026-01-14 05:52:18,854 - INFO - [The Guardian] Early skip: URL https://www.theguardian.com/world/2026/jan/12/trump-latin-america-feud-colombia-gustavo-petro already exists.
2026-01-14 05:52:19,003 - INFO - [BBC] Early skip: URL https://www.bbc.com/news/articles/ce9yv4gmn9lo?at_medium=RSS&at_campaign=rss already exists.
2026-01-14 05:52:19,225 - INFO - [The Guardian] Early skip: URL https://www.theguardian.com/us-news/2026/jan/12/us-oil-producers-global-supply-glut-venezuela already exists.
2026-01-14 05:52:19,519 - INFO - [BBC] Early skip: URL https://www.bbc.com/news/articles/c5y320k72vyo?at_medium=RSS&at_campaign=rss already exists.
2026-01-14 05:52:19,697 - INFO - [The Guardian] Early skip: URL https://www.theguardian.com/world/2026/jan/12/carney-heads-to-beijing-as-trump-america-first-agenda-forces-canada-into-trade-rethink already exists.
2026-01-14 05:52:19,862 - INFO - [BBC] Early skip: URL https://www.bbc.com/news/articles/cz0p9ld5egjo?at_medium=RSS&at_campaign=rss already exists.
2026-01-14 05:52:19,973 - INFO - [The Guardian] Early skip: URL https://www.theguardian.com/us-news/2026/jan/12/donald-trump-threatens-block-exxonmobil-venezuela already exists.
2026-01-14 05:52:20,197 - INFO - [BBC] Early skip: URL https://www.bbc.com/news/articles/c79rqzv1e7ro?at_medium=RSS&at_campaign=rss already exists.
2026-01-14 05:52:20,326 - INFO - [The Guardian] Early skip: URL https://www.theguardian.com/world/2026/jan/13/south-korean-prosecutors-demand-death-penalty-for-former-president-yoon-suk-yeol already exists.
2026-01-14 05:52:20,554 - INFO - [BBC] Early skip: URL https://www.bbc.com/news/articles/cr578g7v082o?at_medium=RSS&at_campaign=rss already exists.
2026-01-14 05:52:20,815 - INFO - [The Guardian] Early skip: URL https://www.theguardian.com/music/2026/jan/14/bts-announces-return-with-new-world-tourm-includin-in-2026-and-2027 already exists.
2026-01-14 05:52:20,925 - INFO - [BBC] Early skip: URL https://www.bbc.com/news/articles/c62vnvx2x2po?at_medium=RSS&at_campaign=rss already exists.
2026-01-14 05:52:21,179 - INFO - [The Guardian] Early skip: URL https://www.theguardian.com/world/2026/jan/13/workers-at-chinese-factory-that-produces-labubu-toys-are-being-exploited-says-ngo already exists.
2026-01-14 05:52:21,367 - INFO - [BBC] Early skip: URL https://www.bbc.com/news/articles/c9wxg4e09jzo?at_medium=RSS&at_campaign=rss already exists.
2026-01-14 05:52:21,526 - INFO - [The Guardian] Early skip: URL https://www.theguardian.com/world/2026/jan/13/china-europe-pressure-block-taiwanese-politicians-visas already exists.
2026-01-14 05:52:21,669 - INFO - [BBC] Early skip: URL https://www.bbc.com/news/articles/c0mk80lyw09o?at_medium=RSS&at_campaign=rss already exists.
2026-01-14 05:52:21,838 - INFO - [The Guardian] Early skip: URL https://www.theguardian.com/business/2026/jan/13/coal-power-generation-falls-china-india-since-1970s already exists.
2026-01-14 05:52:21,978 - INFO - [BBC] Early skip: URL https://www.bbc.com/news/articles/c8j31728187o?at_medium=RSS&at_campaign=rss already exists.
2026-01-14 05:52:22,235 - INFO - [The Guardian] Article: https://www.theguardian.com/australia-news/2026/jan/14/craig-silveys-books-pulled-from-wa-and-victoria-curricula-after-child-exploitation-material-charges-ntwnfb
2026-01-14 05:52:22,235 - INFO - [The Guardian] Attempt 1/1: Trying with 'requests_browser' strategy...
2026-01-14 05:52:22,236 - INFO - [BBC] Early skip: URL https://www.bbc.com/news/articles/cvgnvqrxl0xo?at_medium=RSS&at_campaign=rss already exists.
2026-01-14 05:52:22,349 - INFO - [The Guardian] Success with 'requests_browser'. Found content (853 words).
2026-01-14 05:52:24,772 - INFO - Selenium driver initialized successfully.
2026-01-14 05:52:24,772 - INFO - Starting scrape for Times of India RSS feed: https://timesofindia.indiatimes.com/rssfeeds/296589292.cms
2026-01-14 05:52:24,774 - INFO - Selenium driver initialized successfully.
2026-01-14 05:52:24,774 - INFO - Starting scrape for The Hindu RSS feed: https://www.thehindu.com/news/national/feeder/default.rss
2026-01-14 05:52:24,901 - INFO - Found 20 articles in Times of India RSS feed. Processing up to 30.
2026-01-14 05:52:24,988 - INFO - Found 100 articles in The Hindu RSS feed. Processing up to 30.
2026-01-14 05:52:34,994 - INFO - DEDUPLICATION: Found match (Score: 0.72). Linking to Cluster ID: 75caa246-5caa-4156-8372-7656ca06862b
2026-01-14 05:52:34,996 - INFO - Saved article: Craig Silvey’s books pulled from WA and Victoria curricula after child exploitation material charges | Western Australia | The Guardian from The Guardian (853 words)
2026-01-14 05:52:34,997 - INFO - [BBC] Early skip: URL https://www.bbc.com/news/articles/cj9r3832j47o?at_medium=RSS&at_campaign=rss already exists.
2026-01-14 05:52:35,278 - INFO - [Times of India] Article: https://timesofindia.indiatimes.com/world/us/not-about-right-or-left-but-right-and-wrong-the-clintons-pen-defiant-letter-on-epstein-probe-refuse-to-testify/articleshow/126517969.cms
2026-01-14 05:52:35,278 - INFO - [Times of India] Attempt 1/1: Trying with 'selenium_browser' strategy...
2026-01-14 05:52:35,279 - INFO - [The Hindu] Article: https://www.thehindu.com/news/national/what-is-the-union-budget-of-india-2026-27-date-time-amp-key-details/article70507996.ece
2026-01-14 05:52:35,279 - INFO - [The Hindu] Attempt 1/1: Trying with 'selenium_browser' strategy...
2026-01-14 05:52:35,279 - INFO - [BBC] Early skip: URL https://www.bbc.com/news/articles/cr7jzpr95yvo?at_medium=RSS&at_campaign=rss already exists.
2026-01-14 05:52:35,476 - INFO - [BBC] Early skip: URL https://www.bbc.com/news/articles/cjrznw9e243o?at_medium=RSS&at_campaign=rss already exists.
2026-01-14 05:52:35,608 - INFO - [The Guardian] Early skip: URL https://www.theguardian.com/australia-news/live/2026/jan/14/adelaide-festival-writers-week-lousie-adler-politics-reaction-peter-malinauskas-victoria-bushfires-queensland-floods-anthony-albanese-labor-sussan-ley-coalition-ntwnfb already exists.
2026-01-14 05:52:35,728 - INFO - [BBC] Early skip: URL https://www.bbc.com/news/articles/c801kypkl3ko?at_medium=RSS&at_campaign=rss already exists.
2026-01-14 05:52:35,891 - INFO - [The Guardian] Early skip: URL https://www.theguardian.com/australia-news/2026/jan/14/kazem-hamad-linked-to-victoria-tobacco-wars-iraq-arrest-ntwnfb already exists.
2026-01-14 05:52:36,144 - INFO - [BBC] Early skip: URL https://www.bbc.com/news/articles/cpqye2yygl4o?at_medium=RSS&at_campaign=rss already exists.
2026-01-14 05:52:36,416 - INFO - [The Guardian] Early skip: URL https://www.theguardian.com/australia-news/2026/jan/14/randa-abdel-fattah-defamation-concerns-notice-peter-malinauskas-sa-premier already exists.
2026-01-14 05:52:36,564 - INFO - [BBC] Early skip: URL https://www.bbc.com/news/articles/c74vnxlvl40o?at_medium=RSS&at_campaign=rss already exists.
2026-01-14 05:52:36,796 - INFO - [The Guardian] Early skip: URL https://www.theguardian.com/australia-news/2026/jan/14/labor-considering-extending-new-hate-speech-protections-to-lgbtq-australians-and-religious-groups already exists.
2026-01-14 05:52:36,958 - INFO - [The Guardian] Early skip: URL https://www.theguardian.com/politics/2026/jan/13/dealing-with-post-brexit-paperwork-pure-hell-shipping-head-tells-mps already exists.
2026-01-14 05:52:37,164 - INFO - [BBC] Early skip: URL https://www.bbc.com/news/articles/c1klvp4v8vjo?at_medium=RSS&at_campaign=rss already exists.
2026-01-14 05:52:37,383 - INFO - [BBC] Early skip: URL https://www.bbc.com/news/articles/cly9n3r2p7zo?at_medium=RSS&at_campaign=rss already exists.
2026-01-14 05:52:37,644 - INFO - [The Guardian] Early skip: URL https://www.theguardian.com/media/2026/jan/13/peaky-blinders-makers-banijay-merger-talks-traitors-producers-all3media already exists.
2026-01-14 05:52:37,851 - INFO - [BBC] Early skip: URL https://www.bbc.com/news/articles/c78e07m02jzo?at_medium=RSS&at_campaign=rss already exists.
2026-01-14 05:52:38,024 - INFO - [BBC] Early skip: URL https://www.bbc.com/news/articles/cj9r3zl2ywyo?at_medium=RSS&at_campaign=rss already exists.
2026-01-14 05:52:38,260 - INFO - [The Guardian] Early skip: URL https://www.theguardian.com/world/live/2026/jan/13/zelenskyy-ukraine-russia-strikes-drones-energy-europe-live already exists.
2026-01-14 05:52:38,386 - INFO - [The Guardian] Early skip: URL https://www.theguardian.com/world/2026/jan/13/jd-vance-to-host-greenland-talks-at-white-house already exists.
2026-01-14 05:52:38,549 - INFO - [The Guardian] Early skip: URL https://www.theguardian.com/world/2026/jan/13/julio-iglesias-accused-of-sexual-assault-by-two-female-former-employees already exists.
2026-01-14 05:52:38,803 - INFO - [BBC] Early skip: URL https://www.bbc.com/news/articles/c75xdg2p36lo?at_medium=RSS&at_campaign=rss already exists.
2026-01-14 05:52:39,068 - INFO - [BBC] Early skip: URL https://www.bbc.com/news/articles/cvgp70ynx1po?at_medium=RSS&at_campaign=rss already exists.
2026-01-14 05:52:39,188 - INFO - [BBC] Early skip: URL https://www.bbc.com/news/articles/c3ve572edzqo?at_medium=RSS&at_campaign=rss already exists.
2026-01-14 05:52:39,326 - INFO - [The Guardian] Early skip: URL https://www.theguardian.com/world/live/2026/jan/14/iran-protests-live-updates-trump-us-action-death-toll-protester-executions-erfan-soltani already exists.
2026-01-14 05:52:39,542 - INFO - [The Guardian] Early skip: URL https://www.theguardian.com/world/2026/jan/14/iran-protests-what-we-know-so-far-about-the-the-spiralling-anti-government-protests already exists.
2026-01-14 05:52:39,701 - INFO - [The Guardian] Early skip: URL https://www.theguardian.com/world/2026/jan/14/gaza-storms-kill-palestinians-makeshift-camps already exists.
2026-01-14 05:52:39,745 - INFO - [The Hindu] Page content loaded.
2026-01-14 05:52:39,901 - INFO - [The Hindu] Success with 'selenium_browser'. Found content (388 words).
2026-01-14 05:52:39,924 - INFO - [The Guardian] Early skip: URL https://www.theguardian.com/world/live/2026/jan/13/iran-protest-crackdown-regime-crisis-us-donald-trump-tariffs-latest-updates already exists.
2026-01-14 05:52:40,158 - INFO - [The Guardian] Early skip: URL https://www.theguardian.com/world/2026/jan/13/keir-starmer-offered-place-on-trumps-gaza-peace-board already exists.
2026-01-14 05:53:05,580 - INFO - Saved article: When is Union Budget of India? Date, time & key details - The Hindu from The Hindu (388 words)
2026-01-14 05:53:05,580 - INFO - [BBC] Early skip: URL https://www.bbc.com/news/articles/cgm4jkwz2z8o?at_medium=RSS&at_campaign=rss already exists.
2026-01-14 05:53:06,918 - INFO - [The Hindu] Article: https://www.thehindu.com/news/national/kerala/rape-case-police-to-examine-kerala-mla-rahul-mamkootathils-phones-for-evidence-after-he-declines-to-share-passwords/article70508179.ece
2026-01-14 05:53:06,918 - INFO - [The Hindu] Attempt 1/1: Trying with 'selenium_browser' strategy...
2026-01-14 05:53:08,913 - INFO - [The Hindu] Page content loaded.
2026-01-14 05:53:09,085 - INFO - [The Hindu] Success with 'selenium_browser'. Found content (196 words).
2026-01-14 05:53:23,443 - INFO - DEDUPLICATION: Found match (Score: 0.71). Linking to Cluster ID: 36643c59-914f-4e3f-aaa8-270e6d2c34c5
2026-01-14 05:53:23,445 - INFO - Saved article: Rape case: Police to examine Kerala MLA Rahul Mamkootathil’s phones for evidence after he declines to share passwords - The Hindu from The Hindu (196 words)
2026-01-14 05:53:24,543 - INFO - [The Hindu] Article: https://www.thehindu.com/news/national/tamil-nadu/vulture-safe-zones-to-be-established-in-tn-forest-department-tells-madras-high-court/article70507959.ece
2026-01-14 05:53:24,543 - INFO - [The Hindu] Attempt 1/1: Trying with 'selenium_browser' strategy...
2026-01-14 05:53:25,426 - INFO - [The Hindu] Page content loaded.
2026-01-14 05:53:25,473 - INFO - [The Hindu] Success with 'selenium_browser'. Found content (509 words).
2026-01-14 05:53:40,030 - INFO - Saved article: Vulture Safe Zones to be established in T.N., Forest department tells Madras High Court - The Hindu from The Hindu (509 words)
2026-01-14 05:53:41,482 - INFO - [The Hindu] Early skip: URL https://www.thehindu.com/news/national/maharashtra/maharashtra-civic-polls-microphones-large-groups-barred-during-door-to-door-campaign/article70508167.ece already exists.
2026-01-14 05:53:41,742 - INFO - [The Hindu] Early skip: URL https://www.thehindu.com/news/cities/Delhi/fire-breaks-out-at-bjp-mp-ravi-shankar-prasads-residence-in-delhi/article70508214.ece already exists.
2026-01-14 05:53:41,910 - INFO - [The Hindu] Early skip: URL https://www.thehindu.com/news/national/pm-modi-extends-greetings-on-makar-sankranti-magh-bihu-and-pongal/article70508192.ece already exists.
2026-01-14 05:53:42,186 - INFO - [The Hindu] Early skip: URL https://www.thehindu.com/news/national/uttar-pradesh/four-missing-uttar-pradesh-tourists-safely-rescued-in-ladakh/article70508164.ece already exists.
2026-01-14 05:53:42,372 - INFO - [The Hindu] Early skip: URL https://www.thehindu.com/news/national/army-ready-to-induct-women-in-infantry-if-there-is-societal-acceptance-general-upendra-dwivedi/article70508089.ece already exists.
2026-01-14 05:53:42,492 - INFO - [The Hindu] Early skip: URL https://www.thehindu.com/news/national/karnataka/gba-chief-orders-action-against-illegal-buildings-in-bengaluru/article70506388.ece already exists.
2026-01-14 05:53:42,722 - INFO - [The Hindu] Early skip: URL https://www.thehindu.com/news/national/uttar-pradesh/sambhal-court-orders-fir-against-former-co-anuj-chaudhary-others-in-2024-violence-case/article70506900.ece already exists.
2026-01-14 05:53:42,862 - INFO - [The Hindu] Early skip: URL https://www.thehindu.com/news/national/haryana/former-minister-and-inld-leader-sampat-singh-accuses-haryana-govt-of-neglecting-the-education-sector-in-budgets-over-the-years/article70506132.ece already exists.
2026-01-14 05:53:43,161 - INFO - [The Hindu] Early skip: URL https://www.thehindu.com/news/cities/Hyderabad/at-dawn-over-hyderabad-two-hot-air-balloons-drift-to-shape-citys-tourism-plans/article70507947.ece already exists.
2026-01-14 05:53:43,364 - INFO - [The Hindu] Early skip: URL https://www.thehindu.com/news/national/are-indias-small-towns-being-increasingly-urbanised-explained/article70506747.ece already exists.
2026-01-14 05:53:43,477 - INFO - [The Hindu] Early skip: URL https://www.thehindu.com/news/national/madhya-pradesh/five-new-diarrhoea-cases-detected-in-indore-no-clarity-over-death-audit-report/article70507926.ece already exists.
2026-01-14 05:53:43,739 - INFO - [The Hindu] Early skip: URL https://www.thehindu.com/news/national/tamil-nadu/170-years-ago-a-debate-in-britain-parliament-on-torture-in-madras/article70505035.ece already exists.
2026-01-14 05:53:43,853 - INFO - [The Hindu] Early skip: URL https://www.thehindu.com/news/cities/chennai/a-plea-for-pachaiyappas-hall-in-chennai/article70501401.ece already exists.
2026-01-14 05:53:44,095 - INFO - [The Hindu] Early skip: URL https://www.thehindu.com/news/national/congress-leader-digvijaya-singh-vacating-rajya-sabha-seat-not-to-seek-third-term/article70507903.ece already exists.
2026-01-14 05:53:44,392 - INFO - [The Hindu] Early skip: URL https://www.thehindu.com/news/national/karnataka/bjp-to-stage-protests-in-various-cities-starting-from-ballari-on-january-17/article70506229.ece already exists.
2026-01-14 05:53:44,545 - INFO - [The Hindu] Early skip: URL https://www.thehindu.com/news/national/tamil-nadu/ram-setu-vs-sethusamudram-project-when-tamil-nadu-bjp-headquarters-was-attacked-by-dmk-cadres-in-2007/article70497542.ece already exists.
2026-01-14 05:53:44,719 - INFO - [The Hindu] Early skip: URL https://www.thehindu.com/news/national/bihar/bihar-cabinet-clears-decks-for-construction-of-indrapuri-reservoir-project/article70506166.ece already exists.
2026-01-14 05:53:44,997 - INFO - [The Hindu] Early skip: URL https://www.thehindu.com/news/national/karnataka/siddaramaiah-accuses-bjp-of-dismantling-mgnrega-says-party-has-allergy-to-mahatma-gandhi/article70506057.ece already exists.
2026-01-14 05:53:45,260 - INFO - [The Hindu] Early skip: URL https://www.thehindu.com/sci-tech/science/what-an-edible-insect-stall-revealed-about-acceptance-normal-food/article70504725.ece already exists.
2026-01-14 05:53:45,515 - INFO - [The Hindu] Early skip: URL https://www.thehindu.com/news/national/tamil-nadu/minister-flags-off-bus-services-at-new-terminus-in-tiruvannamalai/article70505508.ece already exists.
2026-01-14 05:53:45,715 - INFO - [The Hindu] Early skip: URL https://www.thehindu.com/news/national/west-bengal/wont-allow-assembly-polls-if-sir-is-obstructed-in-wb-says-state-bjp-president/article70506416.ece already exists.
2026-01-14 05:53:46,015 - INFO - [The Hindu] Early skip: URL https://www.thehindu.com/news/national/karnataka/rahul-gandhi-holds-discussions-with-siddaramaiah-shivakumar-separately-at-mysuru-airport/article70505956.ece already exists.
2026-01-14 05:53:46,195 - INFO - [The Hindu] Early skip: URL https://www.thehindu.com/news/national/odisha/from-ganja-to-gold-odisha-police-trace-10-crore-assets-from-two-persons-in-backward-district/article70506182.ece already exists.
2026-01-14 05:53:46,417 - INFO - [The Hindu] Early skip: URL https://www.thehindu.com/news/cities/bangalore/tesla-to-offer-a-fortnight-long-pop-up-in-bengaluru-starting-january-15/article70506121.ece already exists.
2026-01-14 05:53:46,553 - INFO - [The Hindu] Early skip: URL https://www.thehindu.com/news/national/ib-ministry-collaborates-with-netflix-for-project/article70505642.ece already exists.
2026-01-14 05:53:46,796 - INFO - [The Hindu] Early skip: URL https://www.thehindu.com/news/national/nitin-nabin-to-be-formally-elected-bjp-president-on-january-20/article70505904.ece already exists.
2026-01-14 05:53:47,014 - INFO - [The Hindu] Early skip: URL https://www.thehindu.com/news/national/jammu-and-kashmir/jk-muslim-bodies-express-concern-over-police-profiling-of-mosques/article70505884.ece already exists.
2026-01-14 05:53:47,252 - INFO - [The Hindu] (Thread) Finished. Attempting to shut down its Selenium driver.
2026-01-14 05:53:47,401 - INFO - [The Hindu] (Thread) driver.quit() successful.
2026-01-14 05:54:35,379 - ERROR - [Times of India] Request failed for strategy 'selenium_browser' on URL https://timesofindia.indiatimes.com/world/us/not-about-right-or-left-but-right-and-wrong-the-clintons-pen-defiant-letter-on-epstein-probe-refuse-to-testify/articleshow/126517969.cms: HTTPConnectionPool(host='localhost', port=38097): Read timed out. (read timeout=120)
2026-01-14 05:54:35,379 - ERROR - [Times of India] All scrape strategies failed for https://timesofindia.indiatimes.com/world/us/not-about-right-or-left-but-right-and-wrong-the-clintons-pen-defiant-letter-on-epstein-probe-refuse-to-testify/articleshow/126517969.cms. Falling back to RSS description.
2026-01-14 05:54:35,379 - WARNING - SKIPPED (GLOBAL WORD LIMIT): Article ''Not about Right or Left but Right and Wrong': The Clintons pen defiant letter on Epstein probe; refuse to testify' from Times of India has only 43 words (Min: 90).
2026-01-14 05:54:36,278 - INFO - [Times of India] Article: https://timesofindia.indiatimes.com/world/middle-east/worlds-safest-airline-for-2026-has-been-named-and-its-not-uaes-emirates/articleshow/126517766.cms
2026-01-14 05:54:36,278 - INFO - [Times of India] Attempt 1/1: Trying with 'selenium_browser' strategy...
2026-01-14 05:56:36,345 - ERROR - [Times of India] Request failed for strategy 'selenium_browser' on URL https://timesofindia.indiatimes.com/world/middle-east/worlds-safest-airline-for-2026-has-been-named-and-its-not-uaes-emirates/articleshow/126517766.cms: HTTPConnectionPool(host='localhost', port=38097): Read timed out. (read timeout=120)
2026-01-14 05:56:36,345 - ERROR - [Times of India] All scrape strategies failed for https://timesofindia.indiatimes.com/world/middle-east/worlds-safest-airline-for-2026-has-been-named-and-its-not-uaes-emirates/articleshow/126517766.cms. Falling back to RSS description.
2026-01-14 05:56:36,345 - WARNING - SKIPPED (GLOBAL WORD LIMIT): Article 'World’s safest airline for 2026 has been named and it’s not UAE’s Emirates' from Times of India has only 53 words (Min: 90).
2026-01-14 05:56:37,838 - INFO - [Times of India] Article: https://timesofindia.indiatimes.com/world/middle-east/saudi-arabia-weather-alert-temperatures-to-drop-3c-across-northern-and-central-regions-this-weekend/articleshow/126517838.cms
2026-01-14 05:56:37,838 - INFO - [Times of India] Attempt 1/1: Trying with 'selenium_browser' strategy...
2026-01-14 05:57:16,234 - CRITICAL - --- TIMEOUT: 1 scrape jobs did not complete in 300s. ---
2026-01-14 05:57:16,235 - ERROR - A thread has timed out and will be abandoned.
2026-01-14 05:57:16,235 - INFO - Shutting down thread pool (wait=False)...
2026-01-14 05:57:16,235 - INFO - Scraped: 0 BBC, 1 The Guardian, 3 The Hindu, 1 Timed_Out_Jobs articles. (Total saved: 4)
2026-01-14 05:57:16,235 - INFO - --- Scraping job finished ---
2026-01-14 05:57:16,235 - INFO - --- Scraper service stopped and database connection closed. ---
2026-01-14 05:57:16,235 - INFO - --- Main thread finished. Forcing process exit to kill zombie threads. ---
