2026-03-27 10:26:48,164 - INFO - Loading AI Semantic Model (all-MiniLM-L6-v2)...
2026-03-27 10:26:48,165 - INFO - Use pytorch device_name: cpu
2026-03-27 10:26:48,165 - INFO - Load pretrained SentenceTransformer: all-MiniLM-L6-v2
2026-03-27 10:26:48,285 - INFO - HTTP Request: HEAD https://huggingface.co/sentence-transformers/all-MiniLM-L6-v2/resolve/main/modules.json "HTTP/1.1 307 Temporary Redirect"
2026-03-27 10:26:48,306 - INFO - HTTP Request: HEAD https://huggingface.co/api/resolve-cache/models/sentence-transformers/all-MiniLM-L6-v2/c9745ed1d9f207416be6d2e6f8de32d1f16199bf/modules.json "HTTP/1.1 200 OK"
2026-03-27 10:26:48,368 - INFO - HTTP Request: HEAD https://huggingface.co/sentence-transformers/all-MiniLM-L6-v2/resolve/main/config_sentence_transformers.json "HTTP/1.1 307 Temporary Redirect"
2026-03-27 10:26:48,389 - INFO - HTTP Request: HEAD https://huggingface.co/api/resolve-cache/models/sentence-transformers/all-MiniLM-L6-v2/c9745ed1d9f207416be6d2e6f8de32d1f16199bf/config_sentence_transformers.json "HTTP/1.1 200 OK"
2026-03-27 10:26:48,449 - INFO - HTTP Request: HEAD https://huggingface.co/sentence-transformers/all-MiniLM-L6-v2/resolve/main/config_sentence_transformers.json "HTTP/1.1 307 Temporary Redirect"
2026-03-27 10:26:48,470 - INFO - HTTP Request: HEAD https://huggingface.co/api/resolve-cache/models/sentence-transformers/all-MiniLM-L6-v2/c9745ed1d9f207416be6d2e6f8de32d1f16199bf/config_sentence_transformers.json "HTTP/1.1 200 OK"
2026-03-27 10:26:48,529 - INFO - HTTP Request: HEAD https://huggingface.co/sentence-transformers/all-MiniLM-L6-v2/resolve/main/README.md "HTTP/1.1 307 Temporary Redirect"
2026-03-27 10:26:48,529 - WARNING - Warning: You are sending unauthenticated requests to the HF Hub. Please set a HF_TOKEN to enable higher rate limits and faster downloads.
2026-03-27 10:26:48,550 - INFO - HTTP Request: HEAD https://huggingface.co/api/resolve-cache/models/sentence-transformers/all-MiniLM-L6-v2/c9745ed1d9f207416be6d2e6f8de32d1f16199bf/README.md "HTTP/1.1 200 OK"
2026-03-27 10:26:48,612 - INFO - HTTP Request: HEAD https://huggingface.co/sentence-transformers/all-MiniLM-L6-v2/resolve/main/modules.json "HTTP/1.1 307 Temporary Redirect"
2026-03-27 10:26:48,633 - INFO - HTTP Request: HEAD https://huggingface.co/api/resolve-cache/models/sentence-transformers/all-MiniLM-L6-v2/c9745ed1d9f207416be6d2e6f8de32d1f16199bf/modules.json "HTTP/1.1 200 OK"
2026-03-27 10:26:48,691 - INFO - HTTP Request: HEAD https://huggingface.co/sentence-transformers/all-MiniLM-L6-v2/resolve/main/sentence_bert_config.json "HTTP/1.1 307 Temporary Redirect"
2026-03-27 10:26:48,712 - INFO - HTTP Request: HEAD https://huggingface.co/api/resolve-cache/models/sentence-transformers/all-MiniLM-L6-v2/c9745ed1d9f207416be6d2e6f8de32d1f16199bf/sentence_bert_config.json "HTTP/1.1 200 OK"
2026-03-27 10:26:48,794 - INFO - HTTP Request: HEAD https://huggingface.co/sentence-transformers/all-MiniLM-L6-v2/resolve/main/adapter_config.json "HTTP/1.1 404 Not Found"
2026-03-27 10:26:48,854 - INFO - HTTP Request: HEAD https://huggingface.co/sentence-transformers/all-MiniLM-L6-v2/resolve/main/config.json "HTTP/1.1 307 Temporary Redirect"
2026-03-27 10:26:48,876 - INFO - HTTP Request: HEAD https://huggingface.co/api/resolve-cache/models/sentence-transformers/all-MiniLM-L6-v2/c9745ed1d9f207416be6d2e6f8de32d1f16199bf/config.json "HTTP/1.1 200 OK"
2026-03-27 10:26:48,990 - WARNING - [1mBertModel LOAD REPORT[0m from: sentence-transformers/all-MiniLM-L6-v2
Key                     | Status     |  | 
------------------------+------------+--+-
embeddings.position_ids | UNEXPECTED |  | 

Notes:
- UNEXPECTED:	can be ignored when loading from different task/architecture; not ok if you expect identical arch.
2026-03-27 10:26:49,051 - INFO - HTTP Request: HEAD https://huggingface.co/sentence-transformers/all-MiniLM-L6-v2/resolve/main/config.json "HTTP/1.1 307 Temporary Redirect"
2026-03-27 10:26:49,071 - INFO - HTTP Request: HEAD https://huggingface.co/api/resolve-cache/models/sentence-transformers/all-MiniLM-L6-v2/c9745ed1d9f207416be6d2e6f8de32d1f16199bf/config.json "HTTP/1.1 200 OK"
2026-03-27 10:26:49,135 - INFO - HTTP Request: HEAD https://huggingface.co/sentence-transformers/all-MiniLM-L6-v2/resolve/main/tokenizer_config.json "HTTP/1.1 307 Temporary Redirect"
2026-03-27 10:26:49,156 - INFO - HTTP Request: HEAD https://huggingface.co/api/resolve-cache/models/sentence-transformers/all-MiniLM-L6-v2/c9745ed1d9f207416be6d2e6f8de32d1f16199bf/tokenizer_config.json "HTTP/1.1 200 OK"
2026-03-27 10:26:49,221 - INFO - HTTP Request: GET https://huggingface.co/api/models/sentence-transformers/all-MiniLM-L6-v2/tree/main/additional_chat_templates?recursive=false&expand=false "HTTP/1.1 404 Not Found"
2026-03-27 10:26:49,286 - INFO - HTTP Request: GET https://huggingface.co/api/models/sentence-transformers/all-MiniLM-L6-v2/tree/main?recursive=true&expand=false "HTTP/1.1 200 OK"
2026-03-27 10:26:49,381 - INFO - HTTP Request: HEAD https://huggingface.co/sentence-transformers/all-MiniLM-L6-v2/resolve/main/1_Pooling/config.json "HTTP/1.1 307 Temporary Redirect"
2026-03-27 10:26:49,402 - INFO - HTTP Request: HEAD https://huggingface.co/api/resolve-cache/models/sentence-transformers/all-MiniLM-L6-v2/c9745ed1d9f207416be6d2e6f8de32d1f16199bf/1_Pooling%2Fconfig.json "HTTP/1.1 200 OK"
2026-03-27 10:26:49,469 - INFO - HTTP Request: GET https://huggingface.co/api/models/sentence-transformers/all-MiniLM-L6-v2 "HTTP/1.1 200 OK"
2026-03-27 10:26:49,473 - INFO - AI Model loaded successfully.
2026-03-27 10:26:49,473 - INFO - --- Scraper service started (CI Mode: Run Once) ---
2026-03-27 10:26:49,473 - INFO - --- Starting new scraping job (Parallel Mode) ---
2026-03-27 10:26:49,473 - INFO - Connecting to Google Sheets...
2026-03-27 10:26:52,441 - INFO - Connected to Sheet: News Scrapper AI / Sheet1
2026-03-27 10:26:52,441 - INFO - Fetching existing data to build cache...
2026-03-27 10:27:05,717 - INFO - Loaded 45573 rows from sheet.
2026-03-27 10:27:06,519 - INFO - Cache built: 45573 URLs. Current MAX_ID: 45674
2026-03-27 10:27:06,524 - INFO - Creating new robust session with 3 retries on 5xx/connection/read errors.
2026-03-27 10:27:06,525 - INFO - Proxy is DISABLED.
2026-03-27 10:27:06,525 - INFO - Starting scrape for BBC RSS feed: http://feeds.bbci.co.uk/news/world/rss.xml
2026-03-27 10:27:06,526 - INFO - [Times of India] (Thread) requires Selenium. Initializing driver...
2026-03-27 10:27:06,527 - INFO - Starting scrape for The Guardian RSS feed: https://www.theguardian.com/world/rss
2026-03-27 10:27:06,528 - INFO - [The Hindu] (Thread) requires Selenium. Initializing driver...
2026-03-27 10:27:06,528 - INFO - [The Dawn] (Thread) requires Selenium. Initializing driver...
2026-03-27 10:27:06,529 - INFO - [Al Jazeera] (Thread) requires Selenium. Initializing driver...
2026-03-27 10:27:06,529 - INFO - Starting scrape for TechCrunch RSS feed: https://techcrunch.com/feed/
2026-03-27 10:27:06,531 - INFO - [Economic Times] (Thread) requires Selenium. Initializing driver...
2026-03-27 10:27:06,531 - INFO - Submitted 8 jobs to thread pool. Waiting up to 420s for completion...
2026-03-27 10:27:06,703 - INFO - Found 0 articles in TechCrunch RSS feed. Processing until 30 new articles are saved.
2026-03-27 10:27:06,857 - INFO - Found 45 articles in The Guardian RSS feed. Processing until 30 new articles are saved.
2026-03-27 10:27:06,857 - INFO - [The Guardian] Early skip: URL https://www.theguardian.com/artanddesign/2026/mar/27/african-guernica-dumile-feni-on-display-alongside-picasso already exists.
2026-03-27 10:27:06,859 - INFO - [The Guardian] Early skip: URL https://www.theguardian.com/news/2026/mar/26/nigeria-regional-superpower-uk-reparative-justice-trade-economic-ties already exists.
2026-03-27 10:27:06,860 - INFO - [The Guardian] Early skip: URL https://www.theguardian.com/world/2026/mar/26/sudan-drone-strikes-civilian-targets-north-darfur-market-north-kordofan-truck already exists.
2026-03-27 10:27:06,861 - INFO - [The Guardian] Early skip: URL https://www.theguardian.com/world/2026/mar/26/ukraine-war-briefing-zelenskyy-says-us-has-linked-security-guarantees-to-ceding-of-donbas already exists.
2026-03-27 10:27:06,862 - INFO - [The Guardian] Early skip: URL https://www.theguardian.com/news/2026/mar/25/un-votes-slave-trade-gravest-crime-against-humanity-reparatory-justice already exists.
2026-03-27 10:27:06,864 - INFO - [The Guardian] Early skip: URL https://www.theguardian.com/world/2026/mar/27/cuba-humanitarian-aid-boats-missing already exists.
2026-03-27 10:27:06,865 - INFO - [The Guardian] Early skip: URL https://www.theguardian.com/world/2026/mar/26/cecot-human-rights-petition already exists.
2026-03-27 10:27:06,866 - INFO - [The Guardian] Early skip: URL https://www.theguardian.com/us-news/2026/mar/26/trump-venezuela-statue already exists.
2026-03-27 10:27:06,868 - INFO - [The Guardian] Early skip: URL https://www.theguardian.com/world/2026/mar/26/nicolas-maduro-federal-court-narco-terrorism-case already exists.
2026-03-27 10:27:06,869 - INFO - [The Guardian] Early skip: URL https://www.theguardian.com/us-news/2026/mar/26/air-canada-apology-rousseau-lga-plane-crash already exists.
2026-03-27 10:27:06,872 - INFO - [The Guardian] Early skip: URL https://www.theguardian.com/world/2026/mar/27/australia-will-be-left-with-no-submarines-if-it-abandons-aukus-senior-defence-official-warns already exists.
2026-03-27 10:27:06,875 - INFO - [The Guardian] Early skip: URL https://www.theguardian.com/us-news/2026/mar/26/trump-xi-jinping-china-trip-rescheduled-may already exists.
2026-03-27 10:27:06,877 - INFO - [The Guardian] Early skip: URL https://www.theguardian.com/australia-news/2026/mar/25/australia-chinese-nationals-arriving-by-boat-indonesia-reports-surge already exists.
2026-03-27 10:27:06,878 - INFO - [The Guardian] Early skip: URL https://www.theguardian.com/world/2026/mar/25/china-hong-kong-dissidents-transnational-repression-report already exists.
2026-03-27 10:27:06,881 - INFO - [The Guardian] Early skip: URL https://www.theguardian.com/world/2026/mar/25/philippines-declares-national-energy-emergency-iran-war already exists.
2026-03-27 10:27:06,887 - INFO - [The Guardian] Article: https://www.theguardian.com/world/2026/mar/27/weather-tracker-cold-weather-sweeps-europe-cyclone-hits-australia
2026-03-27 10:27:06,887 - INFO - [The Guardian] Attempt 1/1: Trying with 'requests_browser' strategy...
2026-03-27 10:27:06,952 - INFO - Found 26 articles in BBC RSS feed. Processing until 30 new articles are saved.
2026-03-27 10:27:06,953 - INFO - [BBC] Article: https://www.bbc.com/news/articles/cn0w1qxzd4xo?at_medium=RSS&at_campaign=rss
2026-03-27 10:27:06,953 - INFO - [BBC] Attempt 1/1: Trying with 'requests_browser' strategy...
2026-03-27 10:27:07,109 - INFO - [The Guardian] Success with 'requests_browser'. Found content (432 words).
2026-03-27 10:27:07,322 - INFO - [BBC] Success with 'requests_browser'. Found content (1222 words).
2026-03-27 10:27:10,177 - INFO - Selenium driver initialized successfully (Eager load strategy, 7s timeout).
2026-03-27 10:27:10,177 - INFO - Starting scrape for The Hindu RSS feed: https://www.thehindu.com/news/national/feeder/default.rss
2026-03-27 10:27:10,183 - INFO - Selenium driver initialized successfully (Eager load strategy, 7s timeout).
2026-03-27 10:27:10,183 - INFO - Starting scrape for Times of India RSS feed: https://timesofindia.indiatimes.com/rssfeeds/296589292.cms
2026-03-27 10:27:10,199 - INFO - Selenium driver initialized successfully (Eager load strategy, 7s timeout).
2026-03-27 10:27:10,200 - INFO - Starting scrape for Al Jazeera RSS feed: https://www.aljazeera.com/xml/rss/all.xml
2026-03-27 10:27:10,202 - INFO - Selenium driver initialized successfully (Eager load strategy, 7s timeout).
2026-03-27 10:27:10,202 - INFO - Starting scrape for Economic Times RSS feed: https://economictimes.indiatimes.com/rssfeedsdefault.cms
2026-03-27 10:27:10,203 - INFO - Selenium driver initialized successfully (Eager load strategy, 7s timeout).
2026-03-27 10:27:10,203 - INFO - Starting scrape for The Dawn RSS feed: https://www.dawn.com/feeds/home
2026-03-27 10:27:10,434 - INFO - Found 25 articles in Al Jazeera RSS feed. Processing until 30 new articles are saved.
2026-03-27 10:27:10,434 - INFO - [Al Jazeera] Article: https://www.aljazeera.com/news/2026/3/27/wildlife-killed-reefs-damaged-in-active-gulf-of-mexico-oil-spill?traffic_source=rss
2026-03-27 10:27:10,435 - INFO - [Al Jazeera] Attempt 1/2: Trying with 'requests_browser' strategy...
2026-03-27 10:27:10,456 - INFO - Found 60 articles in The Hindu RSS feed. Processing until 30 new articles are saved.
2026-03-27 10:27:10,456 - INFO - [The Hindu] Article: https://www.thehindu.com/elections/assam-assembly/assam-candidate-has-37-bank-accounts-32-vehicles/article70780503.ece
2026-03-27 10:27:10,456 - INFO - [The Hindu] Attempt 1/1: Trying with 'selenium_browser' strategy...
2026-03-27 10:27:10,527 - INFO - [Al Jazeera] Success with 'requests_browser'. Found content (556 words).
2026-03-27 10:27:10,607 - INFO - Found 27 articles in The Dawn RSS feed. Processing until 30 new articles are saved.
2026-03-27 10:27:10,608 - INFO - [The Dawn] Early skip: URL https://www.dawn.com/news/1985864/ihc-to-hear-imran-bushras-pleas-seeking-suspension-of-sentences-in-ps190m-graft-case-on-march-31 already exists.
2026-03-27 10:27:10,609 - INFO - [The Dawn] Early skip: URL https://www.dawn.com/news/1985859/rain-thunderstorms-likely-in-karachi-other-parts-of-sindh-tomorrow-pmd already exists.
2026-03-27 10:27:10,611 - INFO - [The Dawn] Article: https://www.dawn.com/news/1985881/senate-chairman-approves-surrender-of-over-rs200m-to-national-exchequer-to-support-govts-austerity-drive
2026-03-27 10:27:10,611 - INFO - [The Dawn] Attempt 1/2: Trying with 'requests_browser' strategy...
2026-03-27 10:27:10,637 - ERROR - [The Dawn] Request failed for strategy 'requests_browser' on URL https://www.dawn.com/news/1985881/senate-chairman-approves-surrender-of-over-rs200m-to-national-exchequer-to-support-govts-austerity-drive: 403 Client Error: Forbidden for url: https://www.dawn.com/news/1985881/senate-chairman-approves-surrender-of-over-rs200m-to-national-exchequer-to-support-govts-austerity-drive
2026-03-27 10:27:10,652 - INFO - Found 20 articles in Times of India RSS feed. Processing until 30 new articles are saved.
2026-03-27 10:27:10,653 - INFO - [Times of India] Article: https://timesofindia.indiatimes.com/science/mars-rotation-is-speeding-up-at-an-unprecedented-rate-scientists-reveal-why/articleshow/129843500.cms
2026-03-27 10:27:10,653 - INFO - [Times of India] Attempt 1/1: Trying with 'selenium_browser' strategy...
2026-03-27 10:27:10,893 - INFO - Found 76 articles in Economic Times RSS feed. Processing until 30 new articles are saved.
2026-03-27 10:27:10,893 - INFO - [Economic Times] Article: https://economictimes.indiatimes.com/markets/stocks/news/glp-1-impact-jefferies-sees-these-3-stocks-as-winners-in-the-race-for-ozempic-wegovy-generics/articleshow/129842771.cms
2026-03-27 10:27:10,893 - INFO - [Economic Times] Attempt 1/2: Trying with 'requests_browser' strategy...
2026-03-27 10:27:11,137 - INFO - [The Hindu] Page content loaded.
2026-03-27 10:27:11,250 - INFO - [The Hindu] Success with 'selenium_browser'. Found content (404 words).
2026-03-27 10:27:11,580 - INFO - [The Dawn] Article: https://www.dawn.com/news/1985881/senate-chairman-approves-surrender-of-over-rs200m-to-national-exchequer-to-support-govts-austerity-drive
2026-03-27 10:27:11,580 - INFO - [The Dawn] Attempt 2/2: Trying with 'selenium_browser' strategy...
2026-03-27 10:27:11,597 - INFO - [Times of India] Page content loaded.
2026-03-27 10:27:11,710 - ERROR - parsed tree length: 1, wrong data type or not valid HTML
2026-03-27 10:27:11,714 - ERROR - empty HTML tree: None
2026-03-27 10:27:11,714 - WARNING - discarding data: None
2026-03-27 10:27:11,714 - WARNING - [Economic Times] FAILED with 'requests_browser' (content was too short: 0 words).
2026-03-27 10:27:12,009 - INFO - [Times of India] Success with 'selenium_browser'. Found content (691 words).
2026-03-27 10:27:12,376 - INFO - [Economic Times] Article: https://economictimes.indiatimes.com/markets/stocks/news/glp-1-impact-jefferies-sees-these-3-stocks-as-winners-in-the-race-for-ozempic-wegovy-generics/articleshow/129842771.cms
2026-03-27 10:27:12,376 - INFO - [Economic Times] Attempt 2/2: Trying with 'selenium_browser' strategy...
2026-03-27 10:27:15,143 - INFO - [The Dawn] Page content loaded.
2026-03-27 10:27:15,487 - INFO - [Economic Times] Page content loaded.
2026-03-27 10:27:15,586 - INFO - [The Dawn] Success with 'selenium_browser'. Found content (313 words).
2026-03-27 10:27:17,950 - INFO - [Economic Times] Success with 'selenium_browser'. Found content (663 words).
2026-03-27 10:27:56,241 - INFO - >>> SUCCESSFULLY SAVED [ID: 45675] - Weather tracker: cold weather sweeps Europe and cyclone hits Australia | Europe | The Guardian from The Guardian (432 words)
2026-03-27 10:27:57,294 - INFO - [The Guardian] Early skip: URL https://www.theguardian.com/australia-news/2026/mar/27/wild-autumn-weather-delivers-snow-storms-and-power-cuts-to-eastern-australia already exists.
2026-03-27 10:27:57,296 - INFO - [The Guardian] Early skip: URL https://www.theguardian.com/australia-news/live/2026/mar/27/tropical-cyclone-narelle-fuel-crisis-petrol-cost-of-living-inflation-iran-war-storm-anthony-albanese-angus-taylor-ntwnfb already exists.
2026-03-27 10:27:57,297 - INFO - [The Guardian] Early skip: URL https://www.theguardian.com/australia-news/2026/mar/27/isaac-herzog-protester-extreme-arrest-police-video-ntwnfb already exists.
2026-03-27 10:27:57,298 - INFO - [The Guardian] Early skip: URL https://www.theguardian.com/australia-news/2026/mar/27/australia-fuel-supply-petrol-diesel-prices already exists.
2026-03-27 10:27:57,299 - INFO - [The Guardian] Early skip: URL https://www.theguardian.com/society/2026/mar/26/spanish-woman-wins-legal-battle-to-end-her-life-under-euthanasia-law already exists.
2026-03-27 10:27:57,300 - INFO - [The Guardian] Early skip: URL https://www.theguardian.com/world/2026/mar/26/hungary-charges-journalist-szabolcs-panyi-following-claims-minister-was-in-touch-with-moscow already exists.
2026-03-27 10:27:57,302 - INFO - [The Guardian] Early skip: URL https://www.theguardian.com/world/2026/mar/26/meps-back-plans-for-return-hubs-raising-fears-of-human-rights-black-holes already exists.
2026-03-27 10:27:57,303 - INFO - [The Guardian] Early skip: URL https://www.theguardian.com/world/2026/mar/26/finnish-mp-paivi-rasanen-convicted-homosexuality-developmental-disorder already exists.
2026-03-27 10:27:57,304 - INFO - [The Guardian] Early skip: URL https://www.theguardian.com/technology/2026/mar/26/brussels-opens-investigation-into-snapchat-amid-concern-over-childrens-safety already exists.
2026-03-27 10:27:57,306 - INFO - [The Guardian] Early skip: URL https://www.theguardian.com/world/live/2026/mar/27/iran-war-live-updates-trump-negotiations-bombing-hormuz-energy-oil-prices-middle-east already exists.
2026-03-27 10:27:57,307 - INFO - [The Guardian] Early skip: URL https://www.theguardian.com/world/2026/mar/27/saudi-arabia-us-iran-attacks-mohammed-bin-salman already exists.
2026-03-27 10:27:57,308 - INFO - [The Guardian] Early skip: URL https://www.theguardian.com/world/2026/mar/26/donald-trump-urges-iran-end-war-or-face-assassinations already exists.
2026-03-27 10:27:57,309 - INFO - [The Guardian] Early skip: URL https://www.theguardian.com/world/live/2026/mar/26/iran-war-live-updates-trump-deal-us-military-strikes-israel-lebanon-hezbollah already exists.
2026-03-27 10:27:57,311 - INFO - [The Guardian] Early skip: URL https://www.theguardian.com/politics/2026/mar/26/donald-trump-uk-aircraft-carriers-toys-nato-keir-starmer-iran already exists.
2026-03-27 10:27:57,312 - INFO - [The Guardian] Early skip: URL https://www.theguardian.com/world/2026/mar/26/nepal-pm-balendra-shah-rap already exists.
2026-03-27 10:27:57,313 - INFO - [The Guardian] Early skip: URL https://www.theguardian.com/world/2026/mar/24/taliban-us-academic-dennis-coyle already exists.
2026-03-27 10:27:57,314 - INFO - [The Guardian] Early skip: URL https://www.theguardian.com/world/2026/mar/24/iran-war-fuel-shortages-affecting-readers-worldwide already exists.
2026-03-27 10:27:57,315 - INFO - [The Guardian] Early skip: URL https://www.theguardian.com/world/2026/mar/21/kabul-hospital-strike-eid-pakistan-taliban-families-search-for-victims already exists.
2026-03-27 10:27:57,317 - INFO - [The Guardian] Early skip: URL https://www.theguardian.com/environment/2026/mar/20/weather-tracker-unseasonal-storms-hit-parts-of-pakistan-and-india already exists.
2026-03-27 10:27:57,318 - INFO - [The Guardian] Early skip: URL https://www.theguardian.com/politics/live/2026/mar/27/starmer-says-iran-and-ukraine-wars-could-reshape-global-order-and-define-us-for-a-generation-uk-politics-live already exists.
2026-03-27 10:27:57,319 - INFO - [The Guardian] Early skip: URL https://www.theguardian.com/politics/2026/mar/27/billy-bragg-together-alliance-london-march-against-far-right already exists.
2026-03-27 10:27:57,321 - INFO - [The Guardian] Article: https://www.theguardian.com/business/2026/mar/27/five-firms-including-autotrader-and-just-eat-investigated-over-fake-review-failings
2026-03-27 10:27:57,321 - INFO - [The Guardian] Attempt 1/1: Trying with 'requests_browser' strategy...
2026-03-27 10:27:57,661 - INFO - [The Guardian] Success with 'requests_browser'. Found content (613 words).
2026-03-27 10:28:16,042 - INFO - >>> SUCCESSFULLY SAVED [ID: 45676] - Iran war: Inside Tehran as the civilian toll of US-Israeli strikes rises from BBC (1222 words)
2026-03-27 10:28:16,827 - INFO - [BBC] Article: https://www.bbc.com/news/articles/c1l9vz064nqo?at_medium=RSS&at_campaign=rss
2026-03-27 10:28:16,827 - INFO - [BBC] Attempt 1/1: Trying with 'requests_browser' strategy...
2026-03-27 10:28:16,897 - INFO - [BBC] Success with 'requests_browser'. Found content (298 words).
2026-03-27 10:28:35,271 - INFO - >>> SUCCESSFULLY SAVED [ID: 45677] - Wildlife killed, reefs damaged in ‘active’ Gulf of Mexico oil spill | Climate Crisis News | Al Jazeera from Al Jazeera (556 words)
2026-03-27 10:28:36,448 - INFO - [Al Jazeera] Article: https://www.aljazeera.com/news/2026/3/27/india-slashes-petrol-diesel-import-taxes-as-fuel-prices-remain-high?traffic_source=rss
2026-03-27 10:28:36,448 - INFO - [Al Jazeera] Attempt 1/2: Trying with 'requests_browser' strategy...
2026-03-27 10:28:36,516 - INFO - [Al Jazeera] Success with 'requests_browser'. Found content (400 words).
2026-03-27 10:28:54,662 - INFO - >>> SUCCESSFULLY SAVED [ID: 45678] - Assam candidate has 37 bank accounts, 32 vehicles - The Hindu from The Hindu (404 words)
2026-03-27 10:28:56,131 - INFO - [The Hindu] Article: https://www.thehindu.com/sci-tech/energy-and-environment/new-butterfly-species-recorded-in-arunachal-named-after-zubeen-garg/article70791708.ece
2026-03-27 10:28:56,131 - INFO - [The Hindu] Attempt 1/1: Trying with 'selenium_browser' strategy...
2026-03-27 10:28:58,448 - INFO - [The Hindu] Page content loaded.
2026-03-27 10:28:58,534 - INFO - [The Hindu] Success with 'selenium_browser'. Found content (325 words).
2026-03-27 10:29:23,262 - INFO - >>> SUCCESSFULLY SAVED [ID: 45679] - Mars’ rotation is speeding up at an unprecedented rate: Scientists reveal why | - The Times of India from Times of India (691 words)
2026-03-27 10:29:24,572 - INFO - [Times of India] Article: https://timesofindia.indiatimes.com/world/us/woman-allegedly-uses-ice-on-workers-just-before-roofing-job-finished-to-avoid-paying-10000-bill/articleshow/129842163.cms
2026-03-27 10:29:24,572 - INFO - [Times of India] Attempt 1/1: Trying with 'selenium_browser' strategy...
2026-03-27 10:29:28,612 - INFO - [Times of India] Page content loaded.
2026-03-27 10:29:28,864 - INFO - [Times of India] Success with 'selenium_browser'. Found content (813 words).
2026-03-27 10:29:48,056 - INFO - >>> SUCCESSFULLY SAVED [ID: 45680] - Senate chairman approves surrender of over Rs200m to national exchequer to support govt’s austerity drive - Pakistan - DAWN.COM from The Dawn (313 words)
2026-03-27 10:29:49,114 - INFO - [The Dawn] Article: https://www.dawn.com/news/1985880/ukraine-saudi-arabia-sign-air-defence-deal-senior-officials
2026-03-27 10:29:49,114 - INFO - [The Dawn] Attempt 1/2: Trying with 'requests_browser' strategy...
2026-03-27 10:29:49,259 - ERROR - [The Dawn] Request failed for strategy 'requests_browser' on URL https://www.dawn.com/news/1985880/ukraine-saudi-arabia-sign-air-defence-deal-senior-officials: 403 Client Error: Forbidden for url: https://www.dawn.com/news/1985880/ukraine-saudi-arabia-sign-air-defence-deal-senior-officials
2026-03-27 10:29:49,923 - INFO - [The Dawn] Article: https://www.dawn.com/news/1985880/ukraine-saudi-arabia-sign-air-defence-deal-senior-officials
2026-03-27 10:29:49,923 - INFO - [The Dawn] Attempt 2/2: Trying with 'selenium_browser' strategy...
2026-03-27 10:29:59,306 - WARNING - [The Dawn] Page get timed out (7s). Proceeding to grab partial source anyway.
2026-03-27 10:29:59,322 - INFO - [The Dawn] Page content loaded.
2026-03-27 10:29:59,498 - INFO - [The Dawn] Success with 'selenium_browser'. Found content (313 words).
2026-03-27 10:30:10,231 - INFO - >>> SUCCESSFULLY SAVED [ID: 45681] - GLP-1 impact: Jefferies sees these 3 stocks as winners in the race for Ozempic, Wegovy generics - The Economic Times from Economic Times (663 words)
2026-03-27 10:30:11,333 - INFO - [Economic Times] Early skip: URL https://economictimes.indiatimes.com/markets/stocks/news/18-bse-500-firms-outshine-fy25-metrics-in-just-9-months-finance-capex-plays-lead-surge/articleshow/129836484.cms already exists.
2026-03-27 10:30:11,334 - INFO - [Economic Times] Early skip: URL https://economictimes.indiatimes.com/markets/stocks/news/msmes-tap-working-capital-amid-rising-input-cost-pressures/articleshow/129836441.cms already exists.
2026-03-27 10:30:11,335 - INFO - [Economic Times] Early skip: URL https://economictimes.indiatimes.com/mf/analysis/amidst-sell-off-nifty-top-10-equal-weight-index-looks-like-a-good-bet/articleshow/129836537.cms already exists.
2026-03-27 10:30:11,337 - INFO - [Economic Times] Article: https://economictimes.indiatimes.com/markets/stocks/news/positive-breakout-these-14-stocks-cross-above-their-200-dmas/upside-ahead/slideshow/129837183.cms
2026-03-27 10:30:11,337 - INFO - [Economic Times] Attempt 1/2: Trying with 'requests_browser' strategy...
2026-03-27 10:30:11,849 - WARNING - [Economic Times] FAILED with 'requests_browser' (content was too short: 71 words).
2026-03-27 10:30:12,520 - INFO - [Economic Times] Article: https://economictimes.indiatimes.com/markets/stocks/news/positive-breakout-these-14-stocks-cross-above-their-200-dmas/upside-ahead/slideshow/129837183.cms
2026-03-27 10:30:12,520 - INFO - [Economic Times] Attempt 2/2: Trying with 'selenium_browser' strategy...
2026-03-27 10:30:17,821 - INFO - [Economic Times] Page content loaded.
2026-03-27 10:30:18,172 - WARNING - [Economic Times] FAILED with 'selenium_browser' (content was too short: 71 words).
2026-03-27 10:30:18,174 - ERROR - [Economic Times] All scrape strategies failed for https://economictimes.indiatimes.com/markets/stocks/news/positive-breakout-these-14-stocks-cross-above-their-200-dmas/upside-ahead/slideshow/129837183.cms. Falling back to RSS description.
2026-03-27 10:30:18,174 - WARNING - SKIPPED (GLOBAL WORD LIMIT): Article 'Positive Breakout: These 14 stocks cross above their 200 DMAs ' from Economic Times has only 71 words (Min: 90).
2026-03-27 10:30:18,799 - INFO - [Economic Times] Early skip: URL https://economictimes.indiatimes.com/markets/expert-view/valuations-now-attractive-says-sahil-kapoor-sees-opportunity-in-banks-and-it/articleshow/129842738.cms already exists.
2026-03-27 10:30:18,801 - INFO - [Economic Times] Early skip: URL https://economictimes.indiatimes.com/news/economy/foreign-trade/india-gathers-data-to-counter-us-claims-of-excess-capacity/articleshow/129810831.cms already exists.
2026-03-27 10:30:18,803 - INFO - [Economic Times] Early skip: URL https://economictimes.indiatimes.com/news/economy/policy/inflation-target-held-at-4-for-next-five-years/articleshow/129810690.cms already exists.
2026-03-27 10:30:18,806 - INFO - [Economic Times] Early skip: URL https://economictimes.indiatimes.com/news/economy/policy/finance-minister-nirmala-sitharaman-moves-bill-to-amend-ibc-speed-up-resolution/articleshow/129810621.cms already exists.
2026-03-27 10:30:18,808 - INFO - [Economic Times] Early skip: URL https://economictimes.indiatimes.com/news/economy/policy/lok-sabha-approves-finance-bill-tax-rules-eased/articleshow/129810524.cms already exists.
2026-03-27 10:30:18,809 - INFO - [Economic Times] Early skip: URL https://economictimes.indiatimes.com/news/economy/indicators/private-sector-growth-hits-3-5-year-low-in-march/articleshow/129785504.cms already exists.
2026-03-27 10:30:18,810 - INFO - [Economic Times] Early skip: URL https://economictimes.indiatimes.com/news/economy/indicators/consumption-hit-as-kitchens-feel-the-heat-of-lpg-shortage/articleshow/129760797.cms already exists.
2026-03-27 10:30:18,812 - INFO - [Economic Times] Early skip: URL https://economictimes.indiatimes.com/tech/technology/apple-faces-indian-engineers-bias-lawsuit/articleshow/81694292.cms already exists.
2026-03-27 10:30:18,815 - INFO - [Economic Times] Early skip: URL https://economictimes.indiatimes.com/news/defence/despite-transatlantic-love-fest-eu-charts-third-way-in-ties-with-us-and-china/articleshow/81467467.cms already exists.
2026-03-27 10:30:18,817 - INFO - [Economic Times] Early skip: URL https://economictimes.indiatimes.com/tech/tech-bytes/twitters-india-policy-head-to-step-down-will-transition-in-march/articleshow/80732868.cms already exists.
2026-03-27 10:30:18,823 - INFO - [Economic Times] Early skip: URL https://economictimes.indiatimes.com/tech/tech-and-gadgets/govt-may-keep-rs-7500-cr-outlay-for-it-hardware-manufacturing-under-pli-scheme/articleshow/80333429.cms already exists.
2026-03-27 10:30:18,825 - INFO - [Economic Times] Article: https://economictimes.indiatimes.com/tech/technology/indian-dating-apps-services-see-surge-of-paying-users-in-small-cities/articleshow/80063342.cms
2026-03-27 10:30:18,825 - INFO - [Economic Times] Attempt 1/2: Trying with 'requests_browser' strategy...
2026-03-27 10:30:19,724 - ERROR - parsed tree length: 1, wrong data type or not valid HTML
2026-03-27 10:30:19,724 - ERROR - empty HTML tree: None
2026-03-27 10:30:19,724 - WARNING - discarding data: None
2026-03-27 10:30:19,725 - WARNING - [Economic Times] FAILED with 'requests_browser' (content was too short: 0 words).
2026-03-27 10:30:20,446 - INFO - [Economic Times] Article: https://economictimes.indiatimes.com/tech/technology/indian-dating-apps-services-see-surge-of-paying-users-in-small-cities/articleshow/80063342.cms
2026-03-27 10:30:20,446 - INFO - [Economic Times] Attempt 2/2: Trying with 'selenium_browser' strategy...
2026-03-27 10:30:22,621 - INFO - [Economic Times] Page content loaded.
2026-03-27 10:30:22,770 - WARNING - [Economic Times] FAILED with 'selenium_browser' (content was too short: 84 words).
2026-03-27 10:30:22,771 - ERROR - [Economic Times] All scrape strategies failed for https://economictimes.indiatimes.com/tech/technology/indian-dating-apps-services-see-surge-of-paying-users-in-small-cities/articleshow/80063342.cms. Falling back to RSS description.
2026-03-27 10:30:22,771 - WARNING - SKIPPED (GLOBAL WORD LIMIT): Article 'Indian dating apps, services see surge of paying users in small cities ' from Economic Times has only 54 words (Min: 90).
2026-03-27 10:30:23,488 - INFO - [Economic Times] Article: https://economictimes.indiatimes.com/tech/technology/time-for-govt-cos-to-adopt-ai-deloitte-india/articleshow/79981215.cms
2026-03-27 10:30:23,488 - INFO - [Economic Times] Attempt 1/2: Trying with 'requests_browser' strategy...
2026-03-27 10:30:24,530 - ERROR - parsed tree length: 1, wrong data type or not valid HTML
2026-03-27 10:30:24,530 - ERROR - empty HTML tree: None
2026-03-27 10:30:24,530 - WARNING - discarding data: None
2026-03-27 10:30:24,530 - WARNING - [Economic Times] FAILED with 'requests_browser' (content was too short: 0 words).
2026-03-27 10:30:25,528 - INFO - [Economic Times] Article: https://economictimes.indiatimes.com/tech/technology/time-for-govt-cos-to-adopt-ai-deloitte-india/articleshow/79981215.cms
2026-03-27 10:30:25,528 - INFO - [Economic Times] Attempt 2/2: Trying with 'selenium_browser' strategy...
2026-03-27 10:30:27,313 - INFO - [Economic Times] Page content loaded.
2026-03-27 10:30:27,450 - WARNING - [Economic Times] FAILED with 'selenium_browser' (content was too short: 74 words).
2026-03-27 10:30:27,450 - ERROR - [Economic Times] All scrape strategies failed for https://economictimes.indiatimes.com/tech/technology/time-for-govt-cos-to-adopt-ai-deloitte-india/articleshow/79981215.cms. Falling back to RSS description.
2026-03-27 10:30:27,450 - WARNING - SKIPPED (GLOBAL WORD LIMIT): Article 'Time for government, companies to adopt artificial intelligence: Deloitte India ' from Economic Times has only 49 words (Min: 90).
2026-03-27 10:30:28,779 - INFO - [Economic Times] Early skip: URL https://economictimes.indiatimes.com/news/international/world-news/whats-happening-with-iran-us-talks/articleshow/129827872.cms already exists.
2026-03-27 10:30:28,781 - INFO - [Economic Times] Early skip: URL https://economictimes.indiatimes.com/news/new-updates/as-asim-munir-pitches-peace-iran-blocks-pakistans-cargo-ship-at-strait-of-hormuz/articleshow/129796581.cms already exists.
2026-03-27 10:30:28,782 - INFO - [Economic Times] Early skip: URL https://economictimes.indiatimes.com/news/international/world-news/price-availability-does-a-new-gas-crisis-await-europe/articleshow/129707936.cms already exists.
2026-03-27 10:30:28,784 - INFO - [Economic Times] Early skip: URL https://economictimes.indiatimes.com/news/international/world-news/europeans-cautious-as-they-scramble-to-digest-major-us-israeli-attack-on-iran/articleshow/128885272.cms already exists.
2026-03-27 10:30:28,787 - INFO - [Economic Times] Early skip: URL https://economictimes.indiatimes.com/news/international/world-news/nepal-votes-on-march-5-focus-on-jobs-economy/articleshow/128862431.cms already exists.
2026-03-27 10:30:28,789 - INFO - [Economic Times] Early skip: URL https://economictimes.indiatimes.com/news/international/world-news/bangladeshs-interests-come-first-says-bnp-chairman-and-pm-designate-tarique-rahman/articleshow/128346277.cms already exists.
2026-03-27 10:30:28,790 - INFO - [Economic Times] Early skip: URL https://economictimes.indiatimes.com/news/elections/assembly-elections/assam/done-deal-cm-himanta-biswa-sarma-on-nda-seat-sharing-for-assam-polls/articleshow/128678098.cms already exists.
2026-03-27 10:30:28,791 - INFO - [Economic Times] Early skip: URL https://economictimes.indiatimes.com/news/elections/assembly-elections/bihar/rare-intensive-revision-in-bihar-four-months-before-polls/articleshow/122167501.cms already exists.
2026-03-27 10:30:28,793 - INFO - [Economic Times] Early skip: URL https://economictimes.indiatimes.com/news/elections/assembly-elections/delhi/bjp-accuses-kejriwal-of-sending-voters-hoax-calls-to-mislead/articleshow/117579007.cms already exists.
2026-03-27 10:30:28,794 - INFO - [Economic Times] Early skip: URL https://economictimes.indiatimes.com/news/elections/lok-sabha/india/lok-sabha-election-2024-maharashtra-get-interesting-after-splits-in-shiv-sena-ncp/articleshow/108559788.cms already exists.
2026-03-27 10:30:28,795 - INFO - [Economic Times] Early skip: URL https://economictimes.indiatimes.com/news/elections/lok-sabha/india/modi-charisma-key-factor-in-bjps-bid-to-retain-all-26-seats-in-gujarat/articleshow/108550858.cms already exists.
2026-03-27 10:30:28,796 - INFO - [Economic Times] Early skip: URL https://economictimes.indiatimes.com/news/elections/lok-sabha/india/implementation-of-guarantees-decline-of-brs-favour-congress-in-telangana-bjp-aiming-for-better-show/articleshow/108548569.cms already exists.
2026-03-27 10:30:28,798 - INFO - [Economic Times] Early skip: URL https://economictimes.indiatimes.com/traders-bet-on-calendar-spread-as-nifty-moves-in-a-tight-range/articleshow/6302358.cms already exists.
2026-03-27 10:30:28,799 - INFO - [Economic Times] Early skip: URL https://economictimes.indiatimes.com/nifty-may-find-support-at-5300-level/articleshow/6296017.cms already exists.
2026-03-27 10:30:28,803 - INFO - [Economic Times] Early skip: URL https://economictimes.indiatimes.com/seven-out-of-top-10-asian-small-cap-funds-are-indian/articleshow/6295976.cms already exists.
2026-03-27 10:30:28,805 - INFO - [Economic Times] Early skip: URL https://economictimes.indiatimes.com/inflation-reflects-growth-dynamics-in-india-christopher-wood/articleshow/6274053.cms already exists.
2026-03-27 10:30:28,806 - INFO - [Economic Times] Early skip: URL https://economictimes.indiatimes.com/market-may-trade-in-a-range-but-fiis-seen-sold-on-india/articleshow/6277705.cms already exists.
2026-03-27 10:30:28,809 - INFO - [Economic Times] Early skip: URL https://economictimes.indiatimes.com/dont-bank-only-on-price-to-earning-ratio/articleshow/6278228.cms already exists.
2026-03-27 10:30:28,811 - INFO - [Economic Times] Early skip: URL https://economictimes.indiatimes.com/markets/stocks/recos/prabhudas-lilladher-has-a-reduce-rating-on-infosys/articleshow/3798718.cms already exists.
2026-03-27 10:30:28,812 - INFO - [Economic Times] Early skip: URL https://economictimes.indiatimes.com/markets/stocks/recos/fin-crisis-too-late-and-too-little-done-in-us/articleshow/3794549.cms already exists.
2026-03-27 10:30:28,813 - INFO - [Economic Times] Early skip: URL https://economictimes.indiatimes.com/markets/forex/weak-rupee-takes-its-toll-on-cos-with-huge-foreign-debt/articleshow/3546158.cms already exists.
2026-03-27 10:30:28,814 - INFO - [Economic Times] Early skip: URL https://economictimes.indiatimes.com/markets/stocks/recos/wait-for-more-signals-before-turning-positive/articleshow/3292640.cms already exists.
2026-03-27 10:30:28,817 - INFO - [Economic Times] Early skip: URL https://economictimes.indiatimes.com/news/company/corporate-trends/six-indian-cos-among-businessweeks-top-100-infotech-firms/articleshow/3189334.cms already exists.
2026-03-27 10:30:28,819 - INFO - [Economic Times] Early skip: URL https://economictimes.indiatimes.com/news/company/corporate-trends/indian-firms-slip-in-global-ranking-four-move-out-of-top-500/articleshow/3177077.cms already exists.
2026-03-27 10:30:28,820 - INFO - [Economic Times] Early skip: URL https://economictimes.indiatimes.com/markets/stocks/news/big-daddy-laps-up-cipla-after-q1-nos-beat-forecast/articleshow/6308646.cms already exists.
2026-03-27 10:30:28,821 - INFO - [Economic Times] Early skip: URL https://economictimes.indiatimes.com/markets/stocks/news/old-fox-has-dream-run-on-dalal-street/articleshow/6308631.cms already exists.
2026-03-27 10:30:28,822 - INFO - [Economic Times] Early skip: URL https://economictimes.indiatimes.com/markets/stocks/news/cairn-india-hits-record-high-on-bse-amid-stake-sale-talks/articleshow/6306679.cms already exists.
2026-03-27 10:30:28,824 - INFO - [Economic Times] Early skip: URL https://economictimes.indiatimes.com/markets/stocks/news/vedanta-plunges-5-59-per-cent-on-lse-amid-talks-to-buy-cairn-stake/articleshow/6306526.cms already exists.
2026-03-27 10:30:28,825 - INFO - [Economic Times] Early skip: URL https://economictimes.indiatimes.com/markets/stocks/news/sbi-shares-on-gaining-spree-hit-record-high/articleshow/6306241.cms already exists.
2026-03-27 10:30:28,827 - INFO - [Economic Times] Early skip: URL https://economictimes.indiatimes.com/fm-must-rethink/articleshow/5645094.cms already exists.
2026-03-27 10:30:28,829 - INFO - [Economic Times] Early skip: URL https://economictimes.indiatimes.com/amalgamate-banks/articleshow/5645086.cms already exists.
2026-03-27 10:30:28,830 - INFO - [Economic Times] Early skip: URL https://economictimes.indiatimes.com/managing-data/articleshow/5117958.cms already exists.
2026-03-27 10:30:28,831 - INFO - [Economic Times] Early skip: URL https://economictimes.indiatimes.com/right-technology/articleshow/5117957.cms already exists.
2026-03-27 10:30:28,832 - INFO - [Economic Times] Early skip: URL https://economictimes.indiatimes.com/et-search/articleshow/21646857.cms already exists.
2026-03-27 10:30:28,834 - INFO - [Economic Times] Early skip: URL https://economictimes.indiatimes.com/after-the-oscars-whats-next-for-silent-stars-of-the-artist/articleshow/12075465.cms already exists.
2026-03-27 10:30:28,836 - INFO - [Economic Times] Early skip: URL https://economictimes.indiatimes.com/delhi-world-book-fair-a-fair-like-no-other/articleshow/12028630.cms already exists.
2026-03-27 10:30:28,837 - INFO - [Economic Times] Early skip: URL https://economictimes.indiatimes.com/lk-advanis-gift-makes-its-way-to-state-department-exhibition-hall/articleshow/12017534.cms already exists.
2026-03-27 10:30:28,845 - INFO - [Economic Times] Early skip: URL https://economictimes.indiatimes.com/india-meteorological-department-to-use-dynamic-models-for-forecasts/articleshow/11983844.cms already exists.
2026-03-27 10:30:28,846 - INFO - [Economic Times] Early skip: URL https://economictimes.indiatimes.com/documents-reveal-contents-of-the-first-telegraph-message-between-india-england/articleshow/11976488.cms already exists.
2026-03-27 10:30:28,848 - INFO - [Economic Times] Early skip: URL https://economictimes.indiatimes.com/worried-amitabh-bachchan-fans-pray-to-lord-shiva-for-his-recovery/articleshow/11963187.cms already exists.
2026-03-27 10:30:28,849 - INFO - [Economic Times] Early skip: URL https://economictimes.indiatimes.com/opinion/interviews/every-decision-of-government-neednt-be-a-big-reform-anand-mahindra/articleshow/35919571.cms already exists.
2026-03-27 10:30:28,851 - INFO - [Economic Times] Early skip: URL https://economictimes.indiatimes.com/opinion/interviews/narendra-modi-has-his-eyes-set-on-boosting-business-joao-cravinho-eu-ambassador/articleshow/35973824.cms already exists.
2026-03-27 10:30:28,852 - INFO - [Economic Times] Early skip: URL https://economictimes.indiatimes.com/opinion/interviews/confidence-level-of-industry-improving-kv-kamath-icici-bank/articleshow/35945669.cms already exists.
2026-03-27 10:30:28,853 - INFO - [Economic Times] Early skip: URL https://economictimes.indiatimes.com/opinion/interviews/we-may-see-rapid-growth-over-the-next-few-years-raamdeo-agrawal/articleshow/35831378.cms already exists.
2026-03-27 10:30:28,855 - INFO - [Economic Times] Early skip: URL https://economictimes.indiatimes.com/opinion/interviews/our-commitment-for-press-freedom-and-autonomy-of-public-broadcast-is-absolute-prakash-javadekar/articleshow/35803396.cms already exists.
2026-03-27 10:30:28,857 - INFO - [Economic Times] Early skip: URL https://economictimes.indiatimes.com/opinion/interviews/there-is-a-leadership-vacuum-in-infosys-time-to-get-nandan-nilekani-back-mohandas-pai/articleshow/35716682.cms already exists.
2026-03-27 10:30:28,858 - INFO - [Economic Times] Early skip: URL https://economictimes.indiatimes.com/markets/stocks/news/oil-prices-to-hit-150-how-indian-stock-markets-may-react-as-iran-war-rages-on/articleshow/129587020.cms already exists.
2026-03-27 10:30:28,859 - INFO - [Economic Times] Early skip: URL https://economictimes.indiatimes.com/markets/us-stocks/news/why-a-7030-india-global-portfolio-makes-sense-in-a-changing-world-subho-moulik-decodes/articleshow/127604085.cms already exists.
2026-03-27 10:30:28,861 - INFO - [Economic Times] Early skip: URL https://economictimes.indiatimes.com/markets/expert-view/kaynes-shares-plunge-43-from-october-peak-is-a-tactical-rebound-on-the-cards-or-more-pain-ahead/articleshow/125815992.cms already exists.
2026-03-27 10:30:28,862 - INFO - [Economic Times] Early skip: URL https://economictimes.indiatimes.com/markets/stocks/news/warren-buffett-is-buying-michael-burry-is-shorting-the-ai-trade-splitting-wall-street/articleshow/125815521.cms already exists.
2026-03-27 10:30:28,863 - INFO - [Economic Times] Early skip: URL https://economictimes.indiatimes.com/markets/ipos/fpos/softbank-backed-acevector-files-updated-ipo-papers-targets-to-raise-rs-300-cr-via-fresh-issue/articleshow/125813493.cms already exists.
2026-03-27 10:30:28,864 - INFO - [Economic Times] Early skip: URL https://economictimes.indiatimes.com/markets/stocks/news/mcap-of-five-of-top-10-most-valued-firms-surges-rs-72285-cr-tcs-infosys-biggest-winners/articleshow/125813435.cms already exists.
2026-03-27 10:30:28,867 - INFO - [Economic Times] Early skip: URL https://economictimes.indiatimes.com/markets/stocks/news/alfa-laval-raises-delisting-price-to-rs-2850-a-share/articleshow/11437373.cms already exists.
2026-03-27 10:30:28,868 - INFO - [Economic Times] Early skip: URL https://economictimes.indiatimes.com/markets/stocks/news/db-realty-unitech-stocks-rose-after-top-executives-granted-bail-in-2g-scam/articleshow/10925114.cms already exists.
2026-03-27 10:30:28,869 - INFO - [Economic Times] Early skip: URL https://economictimes.indiatimes.com/markets/stocks/news/fitch-withdraws-reliance-capital-ratings/articleshow/10430814.cms already exists.
2026-03-27 10:30:28,870 - INFO - [Economic Times] Early skip: URL https://economictimes.indiatimes.com/markets/stocks/news/discoms-poor-financial-health-poses-risks-for-power-traders-fitch/articleshow/10430186.cms already exists.
2026-03-27 10:30:28,872 - INFO - [Economic Times] Early skip: URL https://economictimes.indiatimes.com/markets/stocks/news/cigarette-companies-price-hikes-with-higher-volumes-hold-promise/articleshow/9277179.cms already exists.
2026-03-27 10:30:28,873 - INFO - [Economic Times] Early skip: URL https://economictimes.indiatimes.com/markets/stocks/news/lovable-lingeries-dream-run-on-as-traders-lap-it-up/articleshow/8894615.cms already exists.
2026-03-27 10:30:28,876 - INFO - [Economic Times] (Thread) Finished. Attempting to shut down its Selenium driver.
2026-03-27 10:30:29,028 - INFO - [Economic Times] (Thread) driver.quit() successful.
2026-03-27 10:30:34,695 - INFO - >>> SUCCESSFULLY SAVED [ID: 45682] - Five firms including Autotrader and Just Eat investigated over fake review failings | Competition and Markets Authority | The Guardian from The Guardian (613 words)
2026-03-27 10:30:35,264 - INFO - [The Guardian] Early skip: URL https://www.theguardian.com/society/2026/mar/26/under-fives-should-have-at-most-hour-a-day-of-screen-time-under-new-uk-advice already exists.
2026-03-27 10:30:35,266 - INFO - [The Guardian] Early skip: URL https://www.theguardian.com/environment/2026/mar/27/beavers-dorset-dams-biodiversity-national-trust already exists.
2026-03-27 10:30:35,269 - INFO - [The Guardian] Article: https://www.theguardian.com/us-news/ng-interactive/2026/mar/27/faith-kates-models-dear-friend-jeffrey-epstein
2026-03-27 10:30:35,269 - INFO - [The Guardian] Attempt 1/1: Trying with 'requests_browser' strategy...
2026-03-27 10:30:35,479 - INFO - [The Guardian] Success with 'requests_browser'. Found content (2169 words).
2026-03-27 10:30:54,001 - INFO - >>> SUCCESSFULLY SAVED [ID: 45683] - Marco Rubio meets G7 counterparts in France amid Iran war from BBC (298 words)
2026-03-27 10:30:55,179 - INFO - [BBC] Early skip: URL https://www.bbc.com/news/articles/cg73znr1vj7o?at_medium=RSS&at_campaign=rss already exists.
2026-03-27 10:30:55,180 - INFO - [BBC] Early skip: URL https://www.bbc.com/news/articles/c8957dxjvkxo?at_medium=RSS&at_campaign=rss already exists.
2026-03-27 10:30:55,181 - INFO - [BBC] Early skip: URL https://www.bbc.com/news/articles/c895v335xkgo?at_medium=RSS&at_campaign=rss already exists.
2026-03-27 10:30:55,183 - INFO - [BBC] Early skip: URL https://www.bbc.com/news/articles/cz0el909yp3o?at_medium=RSS&at_campaign=rss already exists.
2026-03-27 10:30:55,184 - INFO - [BBC] Early skip: URL https://www.bbc.com/news/articles/c9wq5g5p174o?at_medium=RSS&at_campaign=rss already exists.
2026-03-27 10:30:55,185 - INFO - [BBC] Early skip: URL https://www.bbc.com/news/articles/cp84kw1y337o?at_medium=RSS&at_campaign=rss already exists.
2026-03-27 10:30:55,186 - INFO - [BBC] Early skip: URL https://www.bbc.com/news/articles/c80m5y428xpo?at_medium=RSS&at_campaign=rss already exists.
2026-03-27 10:30:55,188 - INFO - [BBC] Early skip: URL https://www.bbc.com/news/articles/c9vlmxwk2jmo?at_medium=RSS&at_campaign=rss already exists.
2026-03-27 10:30:55,190 - INFO - [BBC] Early skip: URL https://www.bbc.com/news/articles/c7vqdd23y0vo?at_medium=RSS&at_campaign=rss already exists.
2026-03-27 10:30:55,191 - INFO - [BBC] Article: https://www.bbc.com/news/articles/c4g8w9d3j0xo?at_medium=RSS&at_campaign=rss
2026-03-27 10:30:55,191 - INFO - [BBC] Attempt 1/1: Trying with 'requests_browser' strategy...
2026-03-27 10:30:55,255 - INFO - [BBC] Success with 'requests_browser'. Found content (645 words).
2026-03-27 10:31:13,447 - INFO - >>> SUCCESSFULLY SAVED [ID: 45684] - India lowers fuel taxes, says rumours of lockdown ‘completely false’ | US-Israel war on Iran News | Al Jazeera from Al Jazeera (400 words)
2026-03-27 10:31:14,282 - INFO - [Al Jazeera] Article: https://www.aljazeera.com/video/quotable/2026/3/27/war-on-iran-price-crisis-not-just-about-energy-says-analyst?traffic_source=rss
2026-03-27 10:31:14,282 - INFO - [Al Jazeera] Attempt 1/2: Trying with 'requests_browser' strategy...
2026-03-27 10:31:14,350 - INFO - [Al Jazeera] Success with 'requests_browser'. Found content (162 words).
2026-03-27 10:31:32,842 - INFO - >>> SUCCESSFULLY SAVED [ID: 45685] - New butterfly species recorded in Arunachal named after Zubeen Garg - The Hindu from The Hindu (325 words)
2026-03-27 10:31:33,959 - INFO - [The Hindu] Article: https://www.thehindu.com/news/national/andhra-pradesh/robots-drones-and-sprayers-available-for-farmers-ready-to-switch-to-modern-technology/article70791482.ece
2026-03-27 10:31:33,959 - INFO - [The Hindu] Attempt 1/1: Trying with 'selenium_browser' strategy...
2026-03-27 10:31:35,367 - INFO - [The Hindu] Page content loaded.
2026-03-27 10:31:35,450 - INFO - [The Hindu] Success with 'selenium_browser'. Found content (386 words).
2026-03-27 10:31:54,222 - INFO - >>> SUCCESSFULLY SAVED [ID: 45686] - Woman allegedly uses ICE on workers just before roofing job finished to avoid paying $10,000 bill | World News - The Times of India from Times of India (813 words)
2026-03-27 10:31:54,866 - INFO - [Times of India] Early skip: URL https://timesofindia.indiatimes.com/world/rest-of-world/top-10-countries-with-the-highest-water-quality-germany-uk-italy-and-other-top-ranked-nations-ranked-globally/articleshow/129843067.cms already exists.
2026-03-27 10:31:54,868 - INFO - [Times of India] Early skip: URL https://timesofindia.indiatimes.com/world/middle-east/uae-rain-commute-when-does-your-travel-time-count-as-paid-work-hours-in-the-emirates/articleshow/129841649.cms already exists.
2026-03-27 10:31:54,870 - INFO - [Times of India] Early skip: URL https://timesofindia.indiatimes.com/science/scientists-discover-a-hidden-ocean-700-kilometres-beneath-earth-that-may-be-bigger-than-all-oceans/articleshow/129841690.cms already exists.
2026-03-27 10:31:54,871 - INFO - [Times of India] Article: https://timesofindia.indiatimes.com/world/middle-east/dubai-gold-price-climbs-on-march-27-24k-at-around-dh624-per-gram-as-inflation-fears-drive-buying/articleshow/129842110.cms
2026-03-27 10:31:54,871 - INFO - [Times of India] Attempt 1/1: Trying with 'selenium_browser' strategy...
2026-03-27 10:31:57,185 - INFO - [Times of India] Page content loaded.
2026-03-27 10:31:57,344 - INFO - [Times of India] Success with 'selenium_browser'. Found content (528 words).
2026-03-27 10:32:12,917 - INFO - DEDUPLICATION: Found match (Score: 1.00). Linking to Cluster ID: b4707a9c-9273-4040-a324-cab042dbdc9f
2026-03-27 10:32:15,179 - INFO - >>> SUCCESSFULLY SAVED [ID: 45687] - Senate chairman approves surrender of over Rs200m to national exchequer to support govt’s austerity drive - Pakistan - DAWN.COM from The Dawn (313 words)
2026-03-27 10:32:15,818 - INFO - [The Dawn] Early skip: URL https://www.dawn.com/news/1985871/torrential-rain-lashes-large-parts-of-abu-dhabi-dubai-in-uae already exists.
2026-03-27 10:32:15,821 - INFO - [The Dawn] Article: https://www.dawn.com/news/1985873/mohsin-naqvi-discusses-counter-terrorism-and-security-cooperation-with-chinese-envoy-in-islamabad
2026-03-27 10:32:15,821 - INFO - [The Dawn] Attempt 1/2: Trying with 'requests_browser' strategy...
2026-03-27 10:32:16,001 - ERROR - [The Dawn] Request failed for strategy 'requests_browser' on URL https://www.dawn.com/news/1985873/mohsin-naqvi-discusses-counter-terrorism-and-security-cooperation-with-chinese-envoy-in-islamabad: 403 Client Error: Forbidden for url: https://www.dawn.com/news/1985873/mohsin-naqvi-discusses-counter-terrorism-and-security-cooperation-with-chinese-envoy-in-islamabad
2026-03-27 10:32:16,844 - INFO - [The Dawn] Article: https://www.dawn.com/news/1985873/mohsin-naqvi-discusses-counter-terrorism-and-security-cooperation-with-chinese-envoy-in-islamabad
2026-03-27 10:32:16,846 - INFO - [The Dawn] Attempt 2/2: Trying with 'selenium_browser' strategy...
2026-03-27 10:32:23,227 - INFO - [The Dawn] Page content loaded.
2026-03-27 10:32:23,413 - INFO - [The Dawn] Success with 'selenium_browser'. Found content (314 words).
2026-03-27 10:32:37,534 - INFO - >>> SUCCESSFULLY SAVED [ID: 45688] - Faith Kates: the woman who introduced models to ‘dear friend’ Jeffrey Epstein | Jeffrey Epstein | The Guardian from The Guardian (2169 words)
2026-03-27 10:32:38,594 - INFO - [The Guardian] Article: https://www.theguardian.com/us-news/2026/mar/27/us-senate-passes-funding-package-for-homeland-security-excludes-ice
2026-03-27 10:32:38,594 - INFO - [The Guardian] Attempt 1/1: Trying with 'requests_browser' strategy...
2026-03-27 10:32:38,665 - INFO - [The Guardian] Success with 'requests_browser'. Found content (307 words).
2026-03-27 10:32:56,500 - INFO - >>> SUCCESSFULLY SAVED [ID: 45689] - South Africa's President Cyril Ramaphosa downplays reports of French G7 snub amid US pressure claims from BBC (645 words)
2026-03-27 10:32:57,304 - INFO - [BBC] Article: https://www.bbc.com/news/articles/cvg4p02lvd0o?at_medium=RSS&at_campaign=rss
2026-03-27 10:32:57,304 - INFO - [BBC] Attempt 1/1: Trying with 'requests_browser' strategy...
2026-03-27 10:32:57,355 - INFO - [BBC] Success with 'requests_browser'. Found content (513 words).
2026-03-27 10:33:15,230 - INFO - >>> SUCCESSFULLY SAVED [ID: 45690] - War on Iran price crisis not just about energy, says analyst | US-Israel war on Iran | Al Jazeera from Al Jazeera (162 words)
2026-03-27 10:33:16,504 - INFO - [Al Jazeera] Article: https://www.aljazeera.com/video/newsfeed/2026/3/27/video-childrens-toys-found-in-rubble-of-us-israeli-strike-in-iran?traffic_source=rss
2026-03-27 10:33:16,504 - INFO - [Al Jazeera] Attempt 1/2: Trying with 'requests_browser' strategy...
2026-03-27 10:33:16,560 - WARNING - [Al Jazeera] FAILED with 'requests_browser' (content was too short: 57 words).
2026-03-27 10:33:17,538 - INFO - [Al Jazeera] Article: https://www.aljazeera.com/video/newsfeed/2026/3/27/video-childrens-toys-found-in-rubble-of-us-israeli-strike-in-iran?traffic_source=rss
2026-03-27 10:33:17,538 - INFO - [Al Jazeera] Attempt 2/2: Trying with 'selenium_browser' strategy...
2026-03-27 10:33:18,486 - INFO - [Al Jazeera] Page content loaded.
2026-03-27 10:33:18,680 - WARNING - [Al Jazeera] FAILED with 'selenium_browser' (content was too short: 57 words).
2026-03-27 10:33:18,680 - ERROR - [Al Jazeera] All scrape strategies failed for https://www.aljazeera.com/video/newsfeed/2026/3/27/video-childrens-toys-found-in-rubble-of-us-israeli-strike-in-iran?traffic_source=rss. Falling back to RSS description.
2026-03-27 10:33:18,680 - WARNING - SKIPPED (GLOBAL WORD LIMIT): Article 'Video: Children’s toys found in rubble of US-Israeli strike in Iran' from Al Jazeera has only 19 words (Min: 90).
2026-03-27 10:33:19,881 - INFO - [Al Jazeera] Early skip: URL https://www.aljazeera.com/news/2026/3/27/rescuers-search-for-survivors-of-us-israeli-strikes-on-irans-tehran-qom?traffic_source=rss already exists.
2026-03-27 10:33:19,882 - INFO - [Al Jazeera] Early skip: URL https://www.aljazeera.com/news/2026/3/27/how-extensive-is-russias-military-aid-to-iran?traffic_source=rss already exists.
2026-03-27 10:33:19,884 - INFO - [Al Jazeera] Article: https://www.aljazeera.com/features/2026/3/27/now-in-power-nepals-rapper-politician-balen-shah-faces-new-challenge?traffic_source=rss
2026-03-27 10:33:19,884 - INFO - [Al Jazeera] Attempt 1/2: Trying with 'requests_browser' strategy...
2026-03-27 10:33:20,166 - INFO - [Al Jazeera] Success with 'requests_browser'. Found content (1418 words).
2026-03-27 10:33:34,664 - INFO - >>> SUCCESSFULLY SAVED [ID: 45691] - Robots, drones and sprayers available for farmers ready to switch to modern technology - The Hindu from The Hindu (386 words)
2026-03-27 10:33:36,070 - INFO - [The Hindu] Article: https://www.thehindu.com/news/cities/Hyderabad/extra-lpg-fees-part-of-restaurant-food-bills-not-permitted-hyderabad-administration/article70791992.ece
2026-03-27 10:33:36,070 - INFO - [The Hindu] Attempt 1/1: Trying with 'selenium_browser' strategy...
2026-03-27 10:33:37,500 - INFO - [The Hindu] Page content loaded.
2026-03-27 10:33:37,642 - INFO - [The Hindu] Success with 'selenium_browser'. Found content (148 words).
2026-03-27 10:33:55,343 - INFO - >>> SUCCESSFULLY SAVED [ID: 45692] - Gold Price: Dubai gold price climbs on March 27: 24K at around Dh624 per gram as inflation fears drive buying | World News - The Times of India from Times of India (528 words)
2026-03-27 10:33:56,634 - INFO - [Times of India] Early skip: URL https://timesofindia.indiatimes.com/world/middle-east/dubai-international-airports-surprise-gifts-turn-goodbyes-emotional-whats-inside-the-viral-dxb-gift-pack/articleshow/129839303.cms already exists.
2026-03-27 10:33:56,636 - INFO - [Times of India] Early skip: URL https://timesofindia.indiatimes.com/world/middle-east/trump-extends-hormuz-deadline-even-as-strikes-continue-oil-prices-ease-whats-happening-in-us-israel-vs-iran-war/articleshow/129839061.cms already exists.
2026-03-27 10:33:56,637 - INFO - [Times of India] Early skip: URL https://timesofindia.indiatimes.com/science/brown-dwarfs-in-a-57-minute-death-spiral-may-ignite-into-a-new-star/articleshow/129824414.cms already exists.
2026-03-27 10:33:56,639 - INFO - [Times of India] Early skip: URL https://timesofindia.indiatimes.com/world/middle-east/cyclone-in-the-uae-ncm-finally-breaks-silence-on-viral-claims-as-thunderstorms-lash-emirates-overnight/articleshow/129838674.cms already exists.
2026-03-27 10:33:56,640 - INFO - [Times of India] Early skip: URL https://timesofindia.indiatimes.com/world/us/they-asked-for-7-i-gave-them-10-donald-trump-reveals-irans-big-present-to-us-as-hormuz-deadline-delayed/articleshow/129837757.cms already exists.
2026-03-27 10:33:56,644 - INFO - [Times of India] Early skip: URL https://timesofindia.indiatimes.com/world/rest-of-world/a-hidden-world-2-5-kilometre-down-how-an-underwater-drone-discovered-frances-deepest-shipwreck/articleshow/129831548.cms already exists.
2026-03-27 10:33:56,646 - INFO - [Times of India] Early skip: URL https://timesofindia.indiatimes.com/world/us-streamers/candace-owens-fires-back-at-laura-loomer-over-george-farmer-claim-as-viral-arrest-record-claim-sparks-intense-online-backlash/articleshow/129835507.cms already exists.
2026-03-27 10:33:56,647 - INFO - [Times of India] Early skip: URL https://timesofindia.indiatimes.com/world/us-streamers/ishowspeed-blushes-after-ex-vanessas-flirty-birthday-donation-goes-viral/articleshow/129833816.cms already exists.
2026-03-27 10:33:56,649 - INFO - [Times of India] Early skip: URL https://timesofindia.indiatimes.com/sports/international-sports/is-paula-badosa-retiring-at-28-injury-struggles-and-ranking-fall-outside-top-100-raise-concern-after-emotional-message/articleshow/129833808.cms already exists.
2026-03-27 10:33:56,650 - INFO - [Times of India] Early skip: URL https://timesofindia.indiatimes.com/world/us/silicon-valleys-ethan-agarwal-urges-trump-to-lift-ban-on-iranian-students-gets-called-out-as-moron/articleshow/129833767.cms already exists.
2026-03-27 10:33:56,651 - INFO - [Times of India] Early skip: URL https://timesofindia.indiatimes.com/world/us/green-card-3-things-not-to-do-after-you-become-a-lawful-permanent-resident-in-the-us/articleshow/129833653.cms already exists.
2026-03-27 10:33:56,652 - INFO - [Times of India] Early skip: URL https://timesofindia.indiatimes.com/world/rest-of-world/is-there-a-second-sphinx-under-giza-new-scans-spark-shocking-underground-megastructure-claims/articleshow/129833501.cms already exists.
2026-03-27 10:33:56,653 - INFO - [Times of India] Early skip: URL https://timesofindia.indiatimes.com/science/nasa-announces-nuclear-powered-mission-skyfall-helicopters-to-reach-mars-by-2028/articleshow/129828663.cms already exists.
2026-03-27 10:33:56,655 - INFO - [Times of India] Early skip: URL https://timesofindia.indiatimes.com/world/us-streamers/tectone-youtube-ban-leads-to-rumble-switch-streamer-quits-twitch-and-youtube/articleshow/129833581.cms already exists.
2026-03-27 10:33:56,656 - INFO - [Times of India] (Thread) Finished. Attempting to shut down its Selenium driver.
2026-03-27 10:33:56,849 - INFO - [Times of India] (Thread) driver.quit() successful.
2026-03-27 10:34:06,531 - CRITICAL - --- TIMEOUT: 5 scrape jobs did not complete in 300s. ---
2026-03-27 10:34:06,531 - ERROR - A thread has timed out and will be abandoned.
2026-03-27 10:34:06,531 - ERROR - A thread has timed out and will be abandoned.
2026-03-27 10:34:06,531 - ERROR - A thread has timed out and will be abandoned.
2026-03-27 10:34:06,531 - ERROR - A thread has timed out and will be abandoned.
2026-03-27 10:34:06,531 - ERROR - A thread has timed out and will be abandoned.
2026-03-27 10:34:06,531 - INFO - Shutting down thread pool (wait=False)...
2026-03-27 10:34:06,532 - INFO - Scraped: 1 Economic Times, 3 Times of India, 0 TechCrunch, 5 Timed_Out_Jobs articles. (Total saved: 4)
2026-03-27 10:34:06,532 - INFO - --- Scraping job finished ---
2026-03-27 10:34:06,532 - INFO - --- Scraper service stopped. ---
2026-03-27 10:34:06,532 - INFO - --- Main thread finished. Forcing process exit to kill zombie threads. ---
