2026-01-30 14:01:58,724 - INFO - Loading AI Semantic Model (all-MiniLM-L6-v2)...
2026-01-30 14:01:58,725 - INFO - Use pytorch device_name: cpu
2026-01-30 14:01:58,725 - INFO - Load pretrained SentenceTransformer: all-MiniLM-L6-v2
2026-01-30 14:01:58,841 - INFO - HTTP Request: HEAD https://huggingface.co/sentence-transformers/all-MiniLM-L6-v2/resolve/main/modules.json "HTTP/1.1 307 Temporary Redirect"
2026-01-30 14:01:58,860 - INFO - HTTP Request: HEAD https://huggingface.co/api/resolve-cache/models/sentence-transformers/all-MiniLM-L6-v2/c9745ed1d9f207416be6d2e6f8de32d1f16199bf/modules.json "HTTP/1.1 200 OK"
2026-01-30 14:01:58,905 - INFO - HTTP Request: HEAD https://huggingface.co/sentence-transformers/all-MiniLM-L6-v2/resolve/main/config_sentence_transformers.json "HTTP/1.1 307 Temporary Redirect"
2026-01-30 14:01:58,925 - INFO - HTTP Request: HEAD https://huggingface.co/api/resolve-cache/models/sentence-transformers/all-MiniLM-L6-v2/c9745ed1d9f207416be6d2e6f8de32d1f16199bf/config_sentence_transformers.json "HTTP/1.1 200 OK"
2026-01-30 14:01:58,954 - INFO - HTTP Request: HEAD https://huggingface.co/sentence-transformers/all-MiniLM-L6-v2/resolve/main/config_sentence_transformers.json "HTTP/1.1 307 Temporary Redirect"
2026-01-30 14:01:58,973 - INFO - HTTP Request: HEAD https://huggingface.co/api/resolve-cache/models/sentence-transformers/all-MiniLM-L6-v2/c9745ed1d9f207416be6d2e6f8de32d1f16199bf/config_sentence_transformers.json "HTTP/1.1 200 OK"
2026-01-30 14:01:59,007 - INFO - HTTP Request: HEAD https://huggingface.co/sentence-transformers/all-MiniLM-L6-v2/resolve/main/README.md "HTTP/1.1 307 Temporary Redirect"
2026-01-30 14:01:59,027 - INFO - HTTP Request: HEAD https://huggingface.co/api/resolve-cache/models/sentence-transformers/all-MiniLM-L6-v2/c9745ed1d9f207416be6d2e6f8de32d1f16199bf/README.md "HTTP/1.1 200 OK"
2026-01-30 14:01:59,061 - INFO - HTTP Request: HEAD https://huggingface.co/sentence-transformers/all-MiniLM-L6-v2/resolve/main/modules.json "HTTP/1.1 307 Temporary Redirect"
2026-01-30 14:01:59,083 - INFO - HTTP Request: HEAD https://huggingface.co/api/resolve-cache/models/sentence-transformers/all-MiniLM-L6-v2/c9745ed1d9f207416be6d2e6f8de32d1f16199bf/modules.json "HTTP/1.1 200 OK"
2026-01-30 14:01:59,113 - INFO - HTTP Request: HEAD https://huggingface.co/sentence-transformers/all-MiniLM-L6-v2/resolve/main/sentence_bert_config.json "HTTP/1.1 307 Temporary Redirect"
2026-01-30 14:01:59,113 - WARNING - Warning: You are sending unauthenticated requests to the HF Hub. Please set a HF_TOKEN to enable higher rate limits and faster downloads.
2026-01-30 14:01:59,132 - INFO - HTTP Request: HEAD https://huggingface.co/api/resolve-cache/models/sentence-transformers/all-MiniLM-L6-v2/c9745ed1d9f207416be6d2e6f8de32d1f16199bf/sentence_bert_config.json "HTTP/1.1 200 OK"
2026-01-30 14:01:59,167 - INFO - HTTP Request: HEAD https://huggingface.co/sentence-transformers/all-MiniLM-L6-v2/resolve/main/adapter_config.json "HTTP/1.1 404 Not Found"
2026-01-30 14:01:59,196 - INFO - HTTP Request: HEAD https://huggingface.co/sentence-transformers/all-MiniLM-L6-v2/resolve/main/config.json "HTTP/1.1 307 Temporary Redirect"
2026-01-30 14:01:59,216 - INFO - HTTP Request: HEAD https://huggingface.co/api/resolve-cache/models/sentence-transformers/all-MiniLM-L6-v2/c9745ed1d9f207416be6d2e6f8de32d1f16199bf/config.json "HTTP/1.1 200 OK"
2026-01-30 14:01:59,356 - WARNING - BertModel LOAD REPORT from: sentence-transformers/all-MiniLM-L6-v2
Key                     | Status     |  | 
------------------------+------------+--+-
embeddings.position_ids | UNEXPECTED |  | 

Notes:
- UNEXPECTED	:can be ignored when loading from different task/architecture; not ok if you expect identical arch.
2026-01-30 14:01:59,386 - INFO - HTTP Request: HEAD https://huggingface.co/sentence-transformers/all-MiniLM-L6-v2/resolve/main/config.json "HTTP/1.1 307 Temporary Redirect"
2026-01-30 14:01:59,405 - INFO - HTTP Request: HEAD https://huggingface.co/api/resolve-cache/models/sentence-transformers/all-MiniLM-L6-v2/c9745ed1d9f207416be6d2e6f8de32d1f16199bf/config.json "HTTP/1.1 200 OK"
2026-01-30 14:01:59,441 - INFO - HTTP Request: HEAD https://huggingface.co/sentence-transformers/all-MiniLM-L6-v2/resolve/main/tokenizer_config.json "HTTP/1.1 307 Temporary Redirect"
2026-01-30 14:01:59,461 - INFO - HTTP Request: HEAD https://huggingface.co/api/resolve-cache/models/sentence-transformers/all-MiniLM-L6-v2/c9745ed1d9f207416be6d2e6f8de32d1f16199bf/tokenizer_config.json "HTTP/1.1 200 OK"
2026-01-30 14:01:59,494 - INFO - HTTP Request: GET https://huggingface.co/api/models/sentence-transformers/all-MiniLM-L6-v2/tree/main/additional_chat_templates?recursive=false&expand=false "HTTP/1.1 404 Not Found"
2026-01-30 14:01:59,527 - INFO - HTTP Request: GET https://huggingface.co/api/models/sentence-transformers/all-MiniLM-L6-v2/tree/main?recursive=true&expand=false "HTTP/1.1 200 OK"
2026-01-30 14:01:59,611 - INFO - HTTP Request: HEAD https://huggingface.co/sentence-transformers/all-MiniLM-L6-v2/resolve/main/1_Pooling/config.json "HTTP/1.1 307 Temporary Redirect"
2026-01-30 14:01:59,630 - INFO - HTTP Request: HEAD https://huggingface.co/api/resolve-cache/models/sentence-transformers/all-MiniLM-L6-v2/c9745ed1d9f207416be6d2e6f8de32d1f16199bf/1_Pooling%2Fconfig.json "HTTP/1.1 200 OK"
2026-01-30 14:01:59,669 - INFO - HTTP Request: GET https://huggingface.co/api/models/sentence-transformers/all-MiniLM-L6-v2 "HTTP/1.1 200 OK"
2026-01-30 14:01:59,673 - INFO - AI Model loaded successfully.
2026-01-30 14:01:59,674 - INFO - --- Scraper service started (CI Mode: Run Once) ---
2026-01-30 14:01:59,674 - INFO - --- Starting new scraping job (Parallel Mode) ---
2026-01-30 14:01:59,674 - INFO - Creating new robust session with 3 retries on 5xx/connection/read errors.
2026-01-30 14:01:59,674 - INFO - Proxy is DISABLED.
2026-01-30 14:01:59,674 - INFO - Starting scrape for BBC RSS feed: http://feeds.bbci.co.uk/news/world/rss.xml
2026-01-30 14:01:59,675 - INFO - [Times of India] (Thread) requires Selenium. Initializing driver...
2026-01-30 14:01:59,675 - INFO - Starting scrape for The Guardian RSS feed: https://www.theguardian.com/world/rss
2026-01-30 14:01:59,677 - INFO - [The Hindu] (Thread) requires Selenium. Initializing driver...
2026-01-30 14:01:59,677 - INFO - Submitted 4 jobs to thread pool. Waiting up to 300s for completion...
2026-01-30 14:01:59,802 - INFO - Found 45 articles in The Guardian RSS feed. Processing up to 30.
2026-01-30 14:01:59,802 - INFO - [The Guardian] Early skip: URL https://www.theguardian.com/world/2026/jan/29/gunfire-blasts-heard-airport-niamey-niger-planes-hit-reports already exists.
2026-01-30 14:01:59,848 - INFO - Found 27 articles in BBC RSS feed. Processing up to 30.
2026-01-30 14:01:59,960 - INFO - [BBC] Early skip: URL https://www.bbc.com/news/articles/cz0pj0n0yk3o?at_medium=RSS&at_campaign=rss already exists.
2026-01-30 14:02:00,147 - INFO - [The Guardian] Early skip: URL https://www.theguardian.com/world/2026/jan/26/hundreds-feared-dead-after-attempting-to-cross-mediterranean-amid-cyclone-harry already exists.
2026-01-30 14:02:00,395 - INFO - [BBC] Early skip: URL https://www.bbc.com/news/articles/c394ymdpjwvo?at_medium=RSS&at_campaign=rss already exists.
2026-01-30 14:02:00,585 - INFO - [The Guardian] Early skip: URL https://www.theguardian.com/world/2026/jan/26/crocodile-warnings-floods-devastate-southern-africa already exists.
2026-01-30 14:02:00,698 - INFO - [BBC] Early skip: URL https://www.bbc.com/news/articles/c4g4yj92kwro?at_medium=RSS&at_campaign=rss already exists.
2026-01-30 14:02:00,868 - INFO - [The Guardian] Early skip: URL https://www.theguardian.com/world/2026/jan/23/guinea-bissau-hepatitis-b-vaccine-study already exists.
2026-01-30 14:02:01,002 - INFO - [BBC] Early skip: URL https://www.bbc.com/news/articles/c338ygzl7meo?at_medium=RSS&at_campaign=rss already exists.
2026-01-30 14:02:01,164 - INFO - [The Guardian] Early skip: URL https://www.theguardian.com/global-development/2026/jan/22/actionaid-rethink-child-sponsorship-decolonise-funding already exists.
2026-01-30 14:02:01,380 - INFO - [BBC] Early skip: URL https://www.bbc.com/news/articles/cevnlv9my1no?at_medium=RSS&at_campaign=rss already exists.
2026-01-30 14:02:01,630 - INFO - [The Guardian] Early skip: URL https://www.theguardian.com/world/2026/jan/30/venezuela-approves-bill-to-open-oil-sector-to-foreign-investment-after-us-pressure already exists.
2026-01-30 14:02:01,744 - INFO - [BBC] Early skip: URL https://www.bbc.com/news/articles/c23ryyrx40yo?at_medium=RSS&at_campaign=rss already exists.
2026-01-30 14:02:01,969 - INFO - [The Guardian] Early skip: URL https://www.theguardian.com/us-news/2026/jan/30/weather-tracker-winter-storms-cause-death-and-outages-across-eastern-north-america already exists.
2026-01-30 14:02:02,090 - INFO - [BBC] Article: https://www.bbc.com/news/articles/cg5gl8grv66o?at_medium=RSS&at_campaign=rss
2026-01-30 14:02:02,090 - INFO - [BBC] Attempt 1/1: Trying with 'requests_browser' strategy...
2026-01-30 14:02:02,091 - INFO - [The Guardian] Early skip: URL https://www.theguardian.com/us-news/2026/jan/29/trump-tariffs-cuba-oil already exists.
2026-01-30 14:02:02,217 - INFO - [The Guardian] Early skip: URL https://www.theguardian.com/world/2026/jan/29/trump-reopens-commercial-airspace-venezuela already exists.
2026-01-30 14:02:02,381 - INFO - [The Guardian] Early skip: URL https://www.theguardian.com/world/2026/jan/29/david-eby-alberta-separatism-treason already exists.
2026-01-30 14:02:02,387 - INFO - [BBC] Success with 'requests_browser'. Found content (363 words).
2026-01-30 14:02:08,366 - INFO - Selenium driver initialized successfully.
2026-01-30 14:02:08,367 - INFO - Selenium driver initialized successfully.
2026-01-30 14:02:08,367 - INFO - Starting scrape for Times of India RSS feed: https://timesofindia.indiatimes.com/rssfeeds/296589292.cms
2026-01-30 14:02:08,367 - INFO - Starting scrape for The Hindu RSS feed: https://www.thehindu.com/news/national/feeder/default.rss
2026-01-30 14:02:08,697 - INFO - Found 100 articles in The Hindu RSS feed. Processing up to 30.
2026-01-30 14:02:09,080 - INFO - Found 20 articles in Times of India RSS feed. Processing up to 30.
2026-01-30 14:02:15,048 - INFO - Saved article: Myanmar: 170 killed in air strikes during criticised election, UN says from BBC (363 words)
2026-01-30 14:02:15,048 - INFO - [The Guardian] Early skip: URL https://www.theguardian.com/politics/live/2026/jan/30/donald-trump-keir-starmer-china-uk-us-trade-deals-tariffs-latest-news already exists.
2026-01-30 14:02:15,205 - INFO - [The Hindu] Article: https://www.thehindu.com/news/national/karnataka/anke-gowdas-library-funds-sought-to-protect-rare-book-collections/article70570542.ece
2026-01-30 14:02:15,206 - INFO - [The Hindu] Attempt 1/1: Trying with 'selenium_browser' strategy...
2026-01-30 14:02:15,206 - INFO - [Times of India] Article: https://timesofindia.indiatimes.com/world/middle-east/saudi-arabia-ramadan-2026-moon-sighting-date-ksa-supreme-court-calls-on-muslims-to-sight-al-hijri-1447-crescent/articleshow/127801336.cms
2026-01-30 14:02:15,207 - INFO - [Times of India] Attempt 1/1: Trying with 'selenium_browser' strategy...
2026-01-30 14:02:15,207 - INFO - [The Guardian] Early skip: URL https://www.theguardian.com/world/2026/jan/30/trump-dangerous-uk-china-starmer-xi-jinping-beijing already exists.
2026-01-30 14:02:15,506 - INFO - [The Guardian] Early skip: URL https://www.theguardian.com/world/2026/jan/30/china-lifts-sanctions-british-mps-peers already exists.
2026-01-30 14:02:15,674 - INFO - [The Guardian] Early skip: URL https://www.theguardian.com/world/2026/jan/30/palau-pacific-country-blocks-trump-migrant-deal already exists.
2026-01-30 14:02:15,890 - INFO - [BBC] Early skip: URL https://www.bbc.com/news/articles/cvgn8ejljqwo?at_medium=RSS&at_campaign=rss already exists.
2026-01-30 14:02:16,088 - INFO - [BBC] Early skip: URL https://www.bbc.com/news/articles/czx1207757xo?at_medium=RSS&at_campaign=rss already exists.
2026-01-30 14:02:16,350 - INFO - [The Guardian] Early skip: URL https://www.theguardian.com/politics/2026/jan/29/keir-starmer-opens-door-to-uk-visit-by-xi-jinping-after-bilateral-talks already exists.
2026-01-30 14:02:16,569 - INFO - [BBC] Early skip: URL https://www.bbc.com/news/articles/c23ryxre907o?at_medium=RSS&at_campaign=rss already exists.
2026-01-30 14:02:16,773 - INFO - [BBC] Early skip: URL https://www.bbc.com/news/articles/c4g0y6yp2vno?at_medium=RSS&at_campaign=rss already exists.
2026-01-30 14:02:17,073 - INFO - [BBC] Early skip: URL https://www.bbc.com/news/articles/cdrenj55gdvo?at_medium=RSS&at_campaign=rss already exists.
2026-01-30 14:02:17,342 - INFO - [The Guardian] Early skip: URL https://www.theguardian.com/australia-news/2026/jan/30/four-people-including-two-children-found-dead-in-perth-in-suspected-murder-suicide already exists.
2026-01-30 14:02:17,462 - INFO - [The Guardian] Early skip: URL https://www.theguardian.com/australia-news/2026/jan/30/andrew-hastie-liberal-leadership-challenge-sussan-ley-angus-taylor-analysis already exists.
2026-01-30 14:02:17,615 - INFO - [BBC] Early skip: URL https://www.bbc.com/news/articles/cgjwxdz45ywo?at_medium=RSS&at_campaign=rss already exists.
2026-01-30 14:02:17,868 - INFO - [The Guardian] Early skip: URL https://www.theguardian.com/australia-news/live/2026/jan/30/national-cabinet-meeting-ndis-health-funding-gun-buyback-scheme-anthony-albanese-mark-butler-labor-coalition-sussan-ley-ntwnfb already exists.
2026-01-30 14:02:17,971 - INFO - [The Guardian] Early skip: URL https://www.theguardian.com/australia-news/2026/jan/30/andrew-hastie-rules-out-challenging-sussan-ley-liberal-leadership already exists.
2026-01-30 14:02:18,182 - INFO - [BBC] Early skip: URL https://www.bbc.com/news/articles/cn9zp0nyvxdo?at_medium=RSS&at_campaign=rss already exists.
2026-01-30 14:02:18,354 - INFO - [BBC] Early skip: URL https://www.bbc.com/news/articles/cvg1l8zgglpo?at_medium=RSS&at_campaign=rss already exists.
2026-01-30 14:02:18,516 - INFO - [BBC] Early skip: URL https://www.bbc.com/news/articles/cvgpd1x00exo?at_medium=RSS&at_campaign=rss already exists.
2026-01-30 14:02:18,762 - INFO - [The Guardian] Early skip: URL https://www.theguardian.com/australia-news/2026/jan/30/melbourne-professor-eric-descheemaeker-blak-activists-law-school-leaving-ntwnfb already exists.
2026-01-30 14:02:19,036 - INFO - [The Guardian] Early skip: URL https://www.theguardian.com/world/live/2026/jan/30/europe-ukraine-russia-eu-zelenskyy-latest-news-updates already exists.
2026-01-30 14:02:19,280 - INFO - [The Guardian] Early skip: URL https://www.theguardian.com/world/2026/jan/30/zelenskyy-cautious-russian-bombing-pause-extreme-cold-weather-ukraine already exists.
2026-01-30 14:02:19,534 - INFO - [BBC] Early skip: URL https://www.bbc.com/news/articles/cn9z497g4vvo?at_medium=RSS&at_campaign=rss already exists.
2026-01-30 14:02:19,693 - INFO - [BBC] Early skip: URL https://www.bbc.com/news/articles/cm2j04lk83zo?at_medium=RSS&at_campaign=rss already exists.
2026-01-30 14:02:19,837 - INFO - [The Hindu] Page content loaded.
2026-01-30 14:02:19,927 - INFO - [BBC] Early skip: URL https://www.bbc.com/news/articles/cd6wegndnjlo?at_medium=RSS&at_campaign=rss already exists.
2026-01-30 14:02:20,044 - INFO - [BBC] Early skip: URL https://www.bbc.com/news/articles/ckgnp8n40reo?at_medium=RSS&at_campaign=rss already exists.
2026-01-30 14:02:20,223 - INFO - [The Guardian] Early skip: URL https://www.theguardian.com/world/2026/jan/29/trump-claims-putin-agreed-to-halt-ukraine-energy-strikes-amid-extreme-cold already exists.
2026-01-30 14:02:20,471 - INFO - [The Guardian] Early skip: URL https://www.theguardian.com/world/2026/jan/29/greenland-nuuk-comedian-flag-stunt-mayor already exists.
2026-01-30 14:02:20,736 - INFO - [The Guardian] Early skip: URL https://www.theguardian.com/world/2026/jan/29/eu-formally-designates-iran-irgc-revolutionary-guards-terrorist-organisation already exists.
2026-01-30 14:02:20,916 - INFO - [The Guardian] Article: https://www.theguardian.com/world/2026/jan/30/what-would-us-attack-on-iran-achieve-trump-khamenei-analysis
2026-01-30 14:02:20,920 - INFO - [The Guardian] Attempt 1/1: Trying with 'requests_browser' strategy...
2026-01-30 14:02:20,934 - INFO - [BBC] Early skip: URL https://www.bbc.com/news/articles/cvgrzd76p4lo?at_medium=RSS&at_campaign=rss already exists.
2026-01-30 14:02:21,166 - INFO - [BBC] Early skip: URL https://www.bbc.com/news/videos/c3ve0xd451go?at_medium=RSS&at_campaign=rss already exists.
2026-01-30 14:02:21,278 - INFO - [The Hindu] Success with 'selenium_browser'. Found content (350 words).
2026-01-30 14:02:21,396 - INFO - [BBC] Early skip: URL https://www.bbc.com/news/videos/cvgnqgl57p2o?at_medium=RSS&at_campaign=rss already exists.
2026-01-30 14:02:21,517 - INFO - [The Guardian] Success with 'requests_browser'. Found content (980 words).
2026-01-30 14:02:21,686 - INFO - [BBC] Early skip: URL https://www.bbc.com/news/videos/c0key218pm4o?at_medium=RSS&at_campaign=rss already exists.
2026-01-30 14:02:21,877 - INFO - [BBC] Early skip: URL https://www.bbc.com/news/videos/cj9rgvdrr1ko?at_medium=RSS&at_campaign=rss already exists.
2026-01-30 14:02:22,054 - INFO - [BBC] Early skip: URL https://www.bbc.com/news/videos/cj6wgelw62do?at_medium=RSS&at_campaign=rss already exists.
2026-01-30 14:02:22,272 - INFO - [BBC] Early skip: URL https://www.bbc.com/news/videos/c04120yqdq5o?at_medium=RSS&at_campaign=rss already exists.
2026-01-30 14:02:35,259 - ERROR - [Times of India] Request failed for strategy 'selenium_browser' on URL https://timesofindia.indiatimes.com/world/middle-east/saudi-arabia-ramadan-2026-moon-sighting-date-ksa-supreme-court-calls-on-muslims-to-sight-al-hijri-1447-crescent/articleshow/127801336.cms: Message: timeout: Timed out receiving message from renderer: 19.691
  (Session info: chrome=144.0.7559.96)
Stacktrace:
#0 0x5637ee249afa <unknown>
#1 0x5637edc6360f <unknown>
#2 0x5637edc4ad11 <unknown>
#3 0x5637edc4a936 <unknown>
#4 0x5637edc4844b <unknown>
#5 0x5637edc48dcf <unknown>
#6 0x5637edc582e0 <unknown>
#7 0x5637edc722b7 <unknown>
#8 0x5637edc794bb <unknown>
#9 0x5637edc49539 <unknown>
#10 0x5637edc7204c <unknown>
#11 0x5637edd019a3 <unknown>
#12 0x5637edcaa842 <unknown>
#13 0x5637edcab631 <unknown>
#14 0x5637ee20f689 <unknown>
#15 0x5637ee212581 <unknown>
#16 0x5637ee1fbca9 <unknown>
#17 0x5637ee21313e <unknown>
#18 0x5637ee1e23a0 <unknown>
#19 0x5637ee236fc8 <unknown>
#20 0x5637ee23719b <unknown>
#21 0x5637ee248e68 <unknown>
#22 0x7f6ba909caa4 <unknown>
#23 0x7f6ba9129c6c <unknown>

2026-01-30 14:02:35,259 - ERROR - [Times of India] All scrape strategies failed for https://timesofindia.indiatimes.com/world/middle-east/saudi-arabia-ramadan-2026-moon-sighting-date-ksa-supreme-court-calls-on-muslims-to-sight-al-hijri-1447-crescent/articleshow/127801336.cms. Falling back to RSS description.
2026-01-30 14:02:35,259 - WARNING - SKIPPED (GLOBAL WORD LIMIT): Article 'Saudi Arabia Ramadan 2026 moon sighting date: KSA Supreme Court calls on Muslims to sight Al Hijri 1447 crescent' from Times of India has only 52 words (Min: 90).
2026-01-30 14:02:45,091 - INFO - Saved article: Anke Gowda’s library: Funds sought to protect rare book collections - The Hindu from The Hindu (350 words)
2026-01-30 14:02:59,470 - INFO - Saved article: Killing Khamenei? Hitting military sites? It is unclear what a US attack on Iran would achieve | Iran | The Guardian from The Guardian (980 words)
2026-01-30 14:02:59,471 - INFO - [Times of India] Article: https://timesofindia.indiatimes.com/world/us/don-lemon-arrested-in-connection-with-minnesota-church-protest/articleshow/127802666.cms
2026-01-30 14:02:59,471 - INFO - [Times of India] Attempt 1/1: Trying with 'selenium_browser' strategy...
2026-01-30 14:02:59,472 - INFO - [The Hindu] Article: https://www.thehindu.com/news/national/karnataka/karnatakas-connection-to-uttar-pradesh-legislative-assembly/article70570638.ece
2026-01-30 14:02:59,472 - INFO - [The Hindu] Attempt 1/1: Trying with 'selenium_browser' strategy...
2026-01-30 14:03:00,632 - INFO - [The Guardian] Early skip: URL https://www.theguardian.com/world/2026/jan/30/saudi-dissident-awarded-3m-damages-threatens-enforcement-action-if-he-is-not-paid already exists.
2026-01-30 14:03:00,913 - INFO - [The Guardian] Early skip: URL https://www.theguardian.com/world/2026/jan/30/settler-only-idf-units-functioning-as-vigilante-militias-in-west-bank already exists.
2026-01-30 14:03:01,106 - INFO - [The Guardian] Early skip: URL https://www.theguardian.com/us-news/2026/jan/30/donald-trump-iran-end-nuclear-programme-killing-protesters-face-us-military already exists.
2026-01-30 14:03:01,235 - INFO - [The Guardian] Early skip: URL https://www.theguardian.com/politics/2026/jan/29/britain-unlikely-assist-us-attack-iran-gulf-retaliated already exists.
2026-01-30 14:03:02,101 - INFO - [Times of India] Page content loaded.
2026-01-30 14:03:02,666 - INFO - [Times of India] Success with 'selenium_browser'. Found content (362 words).
2026-01-30 14:03:08,379 - INFO - [The Hindu] Page content loaded.
2026-01-30 14:03:08,502 - INFO - [The Hindu] Success with 'selenium_browser'. Found content (243 words).
2026-01-30 14:03:21,343 - INFO - Saved article: Don Lemon arrested while covering Grammy Awards, in connection with Minnesota church protest - The Times of India from Times of India (362 words)
2026-01-30 14:03:36,421 - INFO - Saved article: Karnataka’s connection to Uttar Pradesh Legislative Assembly - The Hindu from The Hindu (243 words)
2026-01-30 14:03:36,422 - INFO - [Times of India] Article: https://timesofindia.indiatimes.com/world/middle-east/uae-to-gift-memorial-monument-to-kuwait-to-honour-brothers-forever-bond/articleshow/127801204.cms
2026-01-30 14:03:36,422 - INFO - [Times of India] Attempt 1/1: Trying with 'selenium_browser' strategy...
2026-01-30 14:03:37,407 - INFO - [The Hindu] Article: https://www.thehindu.com/news/national/andhra-pradesh/seven-students-injured-after-lorry-hits-school-bus-in-chittoor-district/article70570141.ece
2026-01-30 14:03:37,407 - INFO - [The Hindu] Attempt 1/1: Trying with 'selenium_browser' strategy...
2026-01-30 14:03:38,807 - INFO - [The Hindu] Page content loaded.
2026-01-30 14:03:38,980 - INFO - [The Hindu] Success with 'selenium_browser'. Found content (173 words).
2026-01-30 14:03:41,538 - INFO - [Times of India] Page content loaded.
2026-01-30 14:03:41,954 - INFO - [Times of India] Success with 'selenium_browser'. Found content (277 words).
2026-01-30 14:03:58,227 - INFO - Saved article: Seven students injured after lorry hits school bus in Chittoor district - The Hindu from The Hindu (173 words)
2026-01-30 14:04:13,114 - INFO - Saved article: UAE to gift memorial monument to Kuwait to honour ‘Brothers Forever’ bond | World News - The Times of India from Times of India (277 words)
2026-01-30 14:04:13,115 - INFO - [The Hindu] Article: https://www.thehindu.com/news/national/telangana/ed-restores-attached-properties-worth-255-crore-to-pnb-in-ghanshyamdas-gems-case/article70570447.ece
2026-01-30 14:04:13,115 - INFO - [The Hindu] Attempt 1/1: Trying with 'selenium_browser' strategy...
2026-01-30 14:04:14,217 - INFO - [Times of India] Article: https://timesofindia.indiatimes.com/etimes/trending/uk-mother-of-two-blows-life-savings-and-left-homeless-after-giving-250000-to-hollywood-stars/articleshow/127798833.cms
2026-01-30 14:04:14,217 - INFO - [Times of India] Attempt 1/1: Trying with 'selenium_browser' strategy...
2026-01-30 14:04:15,859 - INFO - [The Hindu] Page content loaded.
2026-01-30 14:04:15,985 - INFO - [The Hindu] Success with 'selenium_browser'. Found content (376 words).
2026-01-30 14:04:26,630 - WARNING - [Times of India] Page timed out (10s). Proceeding anyway.
2026-01-30 14:04:26,782 - INFO - [Times of India] Success with 'selenium_browser'. Found content (881 words).
2026-01-30 14:04:31,803 - INFO - Saved article: ED restores attached properties worth ₹2.55 crore to PNB in Ghanshyamdas Gems case - The Hindu from The Hindu (376 words)
2026-01-30 14:04:45,490 - INFO - Saved article: UK mother of two blows life savings and left homeless after giving £250,000 to ‘Hollywood stars’ | - The Times of India from Times of India (881 words)
2026-01-30 14:04:45,491 - INFO - [The Hindu] Article: https://www.thehindu.com/news/national/kerala/diaspora-key-to-keralas-development-chief-minister/article70570597.ece
2026-01-30 14:04:45,491 - INFO - [The Hindu] Attempt 1/1: Trying with 'selenium_browser' strategy...
2026-01-30 14:04:46,141 - INFO - [Times of India] Article: https://timesofindia.indiatimes.com/world/us/55-million-scam-targeting-seniors-two-indian-jewelry-stores-raided-in-texas-victims-were-told-to-buy-gold-to-evade-arrest/articleshow/127800409.cms
2026-01-30 14:04:46,141 - INFO - [Times of India] Attempt 1/1: Trying with 'selenium_browser' strategy...
2026-01-30 14:04:46,978 - INFO - [The Hindu] Page content loaded.
2026-01-30 14:04:47,068 - INFO - [The Hindu] Success with 'selenium_browser'. Found content (434 words).
2026-01-30 14:04:47,265 - INFO - [Times of India] Page content loaded.
2026-01-30 14:04:47,771 - INFO - [Times of India] Success with 'selenium_browser'. Found content (347 words).
2026-01-30 14:05:05,102 - INFO - Saved article: Diaspora key to Kerala’s development: Chief Minister - The Hindu from The Hindu (434 words)
2026-01-30 14:05:19,779 - INFO - Saved article: $55 million scam targeting seniors: Two Indian jewelry stores raided in Texas, victims were told to buy gold to evade arrest - The Times of India from Times of India (347 words)
2026-01-30 14:05:19,779 - INFO - [The Hindu] Article: https://www.thehindu.com/news/national/tamil-nadu/man-arrested-on-charge-of-murdering-his-father-during-a-spat-over-money-to-buy-liquor-near-vedaranyam/article70570375.ece
2026-01-30 14:05:19,779 - INFO - [The Hindu] Attempt 1/1: Trying with 'selenium_browser' strategy...
2026-01-30 14:05:20,754 - INFO - [Times of India] Early skip: URL https://timesofindia.indiatimes.com/world/us-streamers/clavicular-reveals-how-kicks-creator-incentive-program-powered-his-massive-january-payout/articleshow/127790413.cms already exists.
2026-01-30 14:05:20,968 - INFO - [Times of India] Early skip: URL https://timesofindia.indiatimes.com/world/middle-east/dubai-metro-hours-extended-on-february-1-for-dubai-marathon-2026/articleshow/127797329.cms already exists.
2026-01-30 14:05:21,181 - INFO - [Times of India] Early skip: URL https://timesofindia.indiatimes.com/world/us-streamers/candace-owens-ignites-firestorm-after-leaking-private-zoom-call-held-days-after-charlie-kirks-death/articleshow/127790231.cms already exists.
2026-01-30 14:05:21,435 - INFO - [Times of India] Early skip: URL https://timesofindia.indiatimes.com/world/middle-east/india-will-decide-in-line-with-international-law-palestine-fm-on-gaza-peace-board-invitation-for-new-delhi/articleshow/127799716.cms already exists.
2026-01-30 14:05:21,590 - INFO - [Times of India] Early skip: URL https://timesofindia.indiatimes.com/world/us/very-dangerous-donald-trump-calls-out-britain-over-dealings-with-china-after-pm-starmer-met-xi-jinping/articleshow/127797678.cms already exists.
2026-01-30 14:05:21,805 - INFO - [Times of India] Early skip: URL https://timesofindia.indiatimes.com/world/rest-of-world/this-country-spent-40-years-in-isolation-and-built-thousands-of-secret-bunkers-revealing-a-hidden-past-you-wont-believe/articleshow/127798143.cms already exists.
2026-01-30 14:05:21,944 - INFO - [Times of India] Early skip: URL https://timesofindia.indiatimes.com/world/pakistan/legal-traps-jail-terms-seclusion-how-pakistan-has-perfected-the-art-of-silencing-dissent-imran-khan-asim-munir/articleshow/127797474.cms already exists.
2026-01-30 14:05:22,112 - INFO - [Times of India] Early skip: URL https://timesofindia.indiatimes.com/world/us/new-delhi-to-counter-china-us-panel-weighs-india-role-to-tilt-indo-pacific-power-balance/articleshow/127793084.cms already exists.
2026-01-30 14:05:22,223 - INFO - [Times of India] Early skip: URL https://timesofindia.indiatimes.com/world/middle-east/54-days-of-deals-saudi-arabia-launches-massive-nationwide-ramadan-sales-season/articleshow/127795815.cms already exists.
2026-01-30 14:05:22,406 - INFO - [The Hindu] Page content loaded.
2026-01-30 14:05:22,479 - INFO - [Times of India] Early skip: URL https://timesofindia.indiatimes.com/world/us/who-is-kevin-warsh-secret-white-house-meeting-with-trump-that-made-him-lead-federal-reserve-chair-race/articleshow/127794792.cms already exists.
2026-01-30 14:05:22,504 - INFO - [The Hindu] Success with 'selenium_browser'. Found content (120 words).
2026-01-30 14:05:38,098 - INFO - Saved article: Man arrested on charge of murdering his father during a spat over money to buy liquor near Vedaranyam - The Hindu from The Hindu (120 words)
2026-01-30 14:05:38,098 - INFO - [Times of India] Early skip: URL https://timesofindia.indiatimes.com/world/middle-east/qatar-driving-without-a-licence-could-lead-to-jail-heavy-fines-interior-ministry-warns/articleshow/127794233.cms already exists.
2026-01-30 14:05:38,270 - INFO - [Times of India] Early skip: URL https://timesofindia.indiatimes.com/world/rest-of-world/sex-outside-marriage-consuming-alcohol-indonesian-couple-caned-140-times-for-breaking-sharia-law/articleshow/127794184.cms already exists.
2026-01-30 14:05:38,474 - INFO - [Times of India] Early skip: URL https://timesofindia.indiatimes.com/world/us/black-carpet-75m-project-trump-by-her-side-inside-melania-trumps-documentary-premiere/articleshow/127791051.cms already exists.
2026-01-30 14:05:38,626 - INFO - [Times of India] Early skip: URL https://timesofindia.indiatimes.com/world/us/being-used-as-a-political-pawn-sydney-sweeney-accuses-trump-supporters-rejects-maga-barbie-label/articleshow/127792710.cms already exists.
2026-01-30 14:05:38,800 - INFO - [Times of India] Early skip: URL https://timesofindia.indiatimes.com/world/middle-east/5050-vision-meets-2035-goals-first-uaekuwait-womens-forum-opens-in-abu-dhabi/articleshow/127791807.cms already exists.
2026-01-30 14:05:39,050 - INFO - [Times of India] (Thread) Finished. Attempting to shut down its Selenium driver.
2026-01-30 14:05:39,419 - INFO - [Times of India] (Thread) driver.quit() successful.
2026-01-30 14:05:39,576 - INFO - [The Hindu] Article: https://www.thehindu.com/news/national/karnataka/over-10600-candidates-to-receive-degrees-at-ksou-convocation-on-january-31/article70570237.ece
2026-01-30 14:05:39,576 - INFO - [The Hindu] Attempt 1/1: Trying with 'selenium_browser' strategy...
2026-01-30 14:05:41,233 - INFO - [The Hindu] Page content loaded.
2026-01-30 14:05:41,292 - INFO - [The Hindu] Success with 'selenium_browser'. Found content (474 words).
2026-01-30 14:05:54,415 - INFO - Saved article: Over 10,600 candidates to receive degrees at KSOU convocation on January 31 - The Hindu from The Hindu (474 words)
2026-01-30 14:05:55,223 - INFO - [The Hindu] Article: https://www.thehindu.com/news/national/karnataka/yatnal-asks-congress-to-respond-to-contractors-doubling-commission-charge/article70570300.ece
2026-01-30 14:05:55,223 - INFO - [The Hindu] Attempt 1/1: Trying with 'selenium_browser' strategy...
2026-01-30 14:05:56,949 - INFO - [The Hindu] Page content loaded.
2026-01-30 14:05:57,001 - INFO - [The Hindu] Success with 'selenium_browser'. Found content (353 words).
2026-01-30 14:06:10,054 - INFO - Saved article: Yatnal asks Congress to respond to contractors’ ‘doubling commission’ charge - The Hindu from The Hindu (353 words)
2026-01-30 14:06:10,674 - INFO - [The Hindu] Article: https://www.thehindu.com/news/national/telangana/information-commission-completes-key-audit-submits-annual-reports/article70570569.ece
2026-01-30 14:06:10,674 - INFO - [The Hindu] Attempt 1/1: Trying with 'selenium_browser' strategy...
2026-01-30 14:06:11,551 - INFO - [The Hindu] Page content loaded.
2026-01-30 14:06:11,699 - INFO - [The Hindu] Success with 'selenium_browser'. Found content (362 words).
2026-01-30 14:06:26,411 - INFO - Saved article: Information Commission completes key audit, submits annual reports - The Hindu from The Hindu (362 words)
2026-01-30 14:06:27,498 - INFO - [The Hindu] Article: https://www.thehindu.com/news/national/andhra-pradesh/railway-gate-between-eluru-denduluru-to-be-closed-from-feb-3-to-6/article70569450.ece
2026-01-30 14:06:27,498 - INFO - [The Hindu] Attempt 1/1: Trying with 'selenium_browser' strategy...
2026-01-30 14:06:28,750 - INFO - [The Hindu] Page content loaded.
2026-01-30 14:06:28,863 - WARNING - [The Hindu] FAILED with 'selenium_browser' (content was too short: 70 words).
2026-01-30 14:06:28,863 - ERROR - [The Hindu] All scrape strategies failed for https://www.thehindu.com/news/national/andhra-pradesh/railway-gate-between-eluru-denduluru-to-be-closed-from-feb-3-to-6/article70569450.ece. Falling back to RSS description.
2026-01-30 14:06:28,864 - WARNING - SKIPPED (GLOBAL WORD LIMIT): Article 'Railway gate between Eluru-Denduluru to be closed from Feb. 3 to 6' from The Hindu has only 3 words (Min: 90).
2026-01-30 14:06:29,998 - INFO - [The Hindu] Article: https://www.thehindu.com/news/national/karnataka/city-police-issues-instructions-for-owners-of-factory-premises-in-mysuru/article70570484.ece
2026-01-30 14:06:29,998 - INFO - [The Hindu] Attempt 1/1: Trying with 'selenium_browser' strategy...
2026-01-30 14:06:31,230 - INFO - [The Hindu] Page content loaded.
2026-01-30 14:06:31,367 - INFO - [The Hindu] Success with 'selenium_browser'. Found content (331 words).
2026-01-30 14:06:45,476 - INFO - Saved article: City Police issues instructions for owners of factory premises in Mysuru - The Hindu from The Hindu (331 words)
2026-01-30 14:06:46,055 - INFO - [The Hindu] Article: https://www.thehindu.com/news/national/karnataka/groundnut-fetches-record-11099-per-quintal-at-yadgir-apmc-market/article70570344.ece
2026-01-30 14:06:46,055 - INFO - [The Hindu] Attempt 1/1: Trying with 'selenium_browser' strategy...
2026-01-30 14:06:58,597 - INFO - [The Hindu] Page content loaded.
2026-01-30 14:06:58,671 - INFO - [The Hindu] Success with 'selenium_browser'. Found content (354 words).
2026-01-30 14:06:59,678 - CRITICAL - --- TIMEOUT: 1 scrape jobs did not complete in 300s. ---
2026-01-30 14:06:59,678 - ERROR - A thread has timed out and will be abandoned.
2026-01-30 14:06:59,678 - INFO - Shutting down thread pool (wait=False)...
2026-01-30 14:06:59,678 - INFO - Scraped: 1 BBC, 4 Times of India, 1 The Guardian, 1 Timed_Out_Jobs articles. (Total saved: 6)
2026-01-30 14:06:59,678 - INFO - --- Scraping job finished ---
2026-01-30 14:06:59,678 - INFO - --- Scraper service stopped and database connection closed. ---
2026-01-30 14:06:59,679 - INFO - --- Main thread finished. Forcing process exit to kill zombie threads. ---
