2026-02-03 06:57:40,784 - INFO - Loading AI Semantic Model (all-MiniLM-L6-v2)...
2026-02-03 06:57:40,784 - INFO - Use pytorch device_name: cpu
2026-02-03 06:57:40,784 - INFO - Load pretrained SentenceTransformer: all-MiniLM-L6-v2
2026-02-03 06:57:40,916 - INFO - HTTP Request: HEAD https://huggingface.co/sentence-transformers/all-MiniLM-L6-v2/resolve/main/modules.json "HTTP/1.1 307 Temporary Redirect"
2026-02-03 06:57:40,917 - WARNING - Warning: You are sending unauthenticated requests to the HF Hub. Please set a HF_TOKEN to enable higher rate limits and faster downloads.
2026-02-03 06:57:40,921 - INFO - HTTP Request: HEAD https://huggingface.co/api/resolve-cache/models/sentence-transformers/all-MiniLM-L6-v2/c9745ed1d9f207416be6d2e6f8de32d1f16199bf/modules.json "HTTP/1.1 200 OK"
2026-02-03 06:57:41,010 - INFO - HTTP Request: HEAD https://huggingface.co/sentence-transformers/all-MiniLM-L6-v2/resolve/main/config_sentence_transformers.json "HTTP/1.1 307 Temporary Redirect"
2026-02-03 06:57:41,015 - INFO - HTTP Request: HEAD https://huggingface.co/api/resolve-cache/models/sentence-transformers/all-MiniLM-L6-v2/c9745ed1d9f207416be6d2e6f8de32d1f16199bf/config_sentence_transformers.json "HTTP/1.1 200 OK"
2026-02-03 06:57:41,103 - INFO - HTTP Request: HEAD https://huggingface.co/sentence-transformers/all-MiniLM-L6-v2/resolve/main/config_sentence_transformers.json "HTTP/1.1 307 Temporary Redirect"
2026-02-03 06:57:41,108 - INFO - HTTP Request: HEAD https://huggingface.co/api/resolve-cache/models/sentence-transformers/all-MiniLM-L6-v2/c9745ed1d9f207416be6d2e6f8de32d1f16199bf/config_sentence_transformers.json "HTTP/1.1 200 OK"
2026-02-03 06:57:41,200 - INFO - HTTP Request: HEAD https://huggingface.co/sentence-transformers/all-MiniLM-L6-v2/resolve/main/README.md "HTTP/1.1 307 Temporary Redirect"
2026-02-03 06:57:41,205 - INFO - HTTP Request: HEAD https://huggingface.co/api/resolve-cache/models/sentence-transformers/all-MiniLM-L6-v2/c9745ed1d9f207416be6d2e6f8de32d1f16199bf/README.md "HTTP/1.1 200 OK"
2026-02-03 06:57:41,293 - INFO - HTTP Request: HEAD https://huggingface.co/sentence-transformers/all-MiniLM-L6-v2/resolve/main/modules.json "HTTP/1.1 307 Temporary Redirect"
2026-02-03 06:57:41,297 - INFO - HTTP Request: HEAD https://huggingface.co/api/resolve-cache/models/sentence-transformers/all-MiniLM-L6-v2/c9745ed1d9f207416be6d2e6f8de32d1f16199bf/modules.json "HTTP/1.1 200 OK"
2026-02-03 06:57:41,386 - INFO - HTTP Request: HEAD https://huggingface.co/sentence-transformers/all-MiniLM-L6-v2/resolve/main/sentence_bert_config.json "HTTP/1.1 307 Temporary Redirect"
2026-02-03 06:57:41,390 - INFO - HTTP Request: HEAD https://huggingface.co/api/resolve-cache/models/sentence-transformers/all-MiniLM-L6-v2/c9745ed1d9f207416be6d2e6f8de32d1f16199bf/sentence_bert_config.json "HTTP/1.1 200 OK"
2026-02-03 06:57:41,484 - INFO - HTTP Request: HEAD https://huggingface.co/sentence-transformers/all-MiniLM-L6-v2/resolve/main/adapter_config.json "HTTP/1.1 404 Not Found"
2026-02-03 06:57:41,575 - INFO - HTTP Request: HEAD https://huggingface.co/sentence-transformers/all-MiniLM-L6-v2/resolve/main/config.json "HTTP/1.1 307 Temporary Redirect"
2026-02-03 06:57:41,580 - INFO - HTTP Request: HEAD https://huggingface.co/api/resolve-cache/models/sentence-transformers/all-MiniLM-L6-v2/c9745ed1d9f207416be6d2e6f8de32d1f16199bf/config.json "HTTP/1.1 200 OK"
2026-02-03 06:57:41,715 - WARNING - BertModel LOAD REPORT from: sentence-transformers/all-MiniLM-L6-v2
Key                     | Status     |  | 
------------------------+------------+--+-
embeddings.position_ids | UNEXPECTED |  | 

Notes:
- UNEXPECTED	:can be ignored when loading from different task/architecture; not ok if you expect identical arch.
2026-02-03 06:57:41,804 - INFO - HTTP Request: HEAD https://huggingface.co/sentence-transformers/all-MiniLM-L6-v2/resolve/main/config.json "HTTP/1.1 307 Temporary Redirect"
2026-02-03 06:57:41,809 - INFO - HTTP Request: HEAD https://huggingface.co/api/resolve-cache/models/sentence-transformers/all-MiniLM-L6-v2/c9745ed1d9f207416be6d2e6f8de32d1f16199bf/config.json "HTTP/1.1 200 OK"
2026-02-03 06:57:41,895 - INFO - HTTP Request: HEAD https://huggingface.co/sentence-transformers/all-MiniLM-L6-v2/resolve/main/tokenizer_config.json "HTTP/1.1 307 Temporary Redirect"
2026-02-03 06:57:41,899 - INFO - HTTP Request: HEAD https://huggingface.co/api/resolve-cache/models/sentence-transformers/all-MiniLM-L6-v2/c9745ed1d9f207416be6d2e6f8de32d1f16199bf/tokenizer_config.json "HTTP/1.1 200 OK"
2026-02-03 06:57:41,990 - INFO - HTTP Request: GET https://huggingface.co/api/models/sentence-transformers/all-MiniLM-L6-v2/tree/main/additional_chat_templates?recursive=false&expand=false "HTTP/1.1 404 Not Found"
2026-02-03 06:57:42,080 - INFO - HTTP Request: GET https://huggingface.co/api/models/sentence-transformers/all-MiniLM-L6-v2/tree/main?recursive=true&expand=false "HTTP/1.1 200 OK"
2026-02-03 06:57:42,223 - INFO - HTTP Request: HEAD https://huggingface.co/sentence-transformers/all-MiniLM-L6-v2/resolve/main/1_Pooling/config.json "HTTP/1.1 307 Temporary Redirect"
2026-02-03 06:57:42,228 - INFO - HTTP Request: HEAD https://huggingface.co/api/resolve-cache/models/sentence-transformers/all-MiniLM-L6-v2/c9745ed1d9f207416be6d2e6f8de32d1f16199bf/1_Pooling%2Fconfig.json "HTTP/1.1 200 OK"
2026-02-03 06:57:42,319 - INFO - HTTP Request: GET https://huggingface.co/api/models/sentence-transformers/all-MiniLM-L6-v2 "HTTP/1.1 200 OK"
2026-02-03 06:57:42,324 - INFO - AI Model loaded successfully.
2026-02-03 06:57:42,324 - INFO - --- Scraper service started (CI Mode: Run Once) ---
2026-02-03 06:57:42,324 - INFO - --- Starting new scraping job (Parallel Mode) ---
2026-02-03 06:57:42,324 - INFO - Creating new robust session with 3 retries on 5xx/connection/read errors.
2026-02-03 06:57:42,324 - INFO - Proxy is DISABLED.
2026-02-03 06:57:42,325 - INFO - Starting scrape for BBC RSS feed: http://feeds.bbci.co.uk/news/world/rss.xml
2026-02-03 06:57:42,325 - INFO - [Times of India] (Thread) requires Selenium. Initializing driver...
2026-02-03 06:57:42,325 - INFO - Starting scrape for The Guardian RSS feed: https://www.theguardian.com/world/rss
2026-02-03 06:57:42,326 - INFO - [The Hindu] (Thread) requires Selenium. Initializing driver...
2026-02-03 06:57:42,328 - INFO - Submitted 4 jobs to thread pool. Waiting up to 300s for completion...
2026-02-03 06:57:42,453 - INFO - Found 45 articles in The Guardian RSS feed. Processing up to 30.
2026-02-03 06:57:42,453 - INFO - [The Guardian] Early skip: URL https://www.theguardian.com/world/2026/feb/02/israel-agrees-to-limited-reopening-of-rafah-border-crossing-in-gaza already exists.
2026-02-03 06:57:42,610 - INFO - Found 31 articles in BBC RSS feed. Processing up to 30.
2026-02-03 06:57:42,684 - INFO - [BBC] Article: https://www.bbc.com/news/articles/c14r685mne4o?at_medium=RSS&at_campaign=rss
2026-02-03 06:57:42,684 - INFO - [BBC] Attempt 1/1: Trying with 'requests_browser' strategy...
2026-02-03 06:57:42,685 - INFO - [The Guardian] Early skip: URL https://www.theguardian.com/environment/2026/feb/02/weather-tracker-cyclone-fytia-madagascar-floods already exists.
2026-02-03 06:57:42,833 - INFO - [BBC] Success with 'requests_browser'. Found content (548 words).
2026-02-03 06:57:54,536 - INFO - Saved article: Bill and Hillary Clinton agree to testify on Epstein as vote looms to hold them in contempt of Congress from BBC (548 words)
2026-02-03 06:57:54,537 - INFO - [The Guardian] Early skip: URL https://www.theguardian.com/law/2026/feb/02/more-than-100000-civilians-killed-war-crimes-out-of-control-study already exists.
2026-02-03 06:57:54,692 - INFO - [The Guardian] Early skip: URL https://www.theguardian.com/world/2026/jan/30/more-than-200-killed-in-coltan-mine-collapse-in-eastern-drc-officials-say already exists.
2026-02-03 06:57:54,919 - INFO - [The Guardian] Early skip: URL https://www.theguardian.com/world/2026/jan/30/niger-airport-airbase-attack-islamic-state already exists.
2026-02-03 06:57:55,187 - INFO - [The Guardian] Early skip: URL https://www.theguardian.com/world/2026/feb/02/claudia-sheinbaum-mexico-oil-cuba-trump already exists.
2026-02-03 06:57:55,338 - INFO - [The Guardian] Early skip: URL https://www.theguardian.com/us-news/2026/feb/02/rightwing-brazilian-influencer-junior-pena-arrested-by-ice already exists.
2026-02-03 06:57:55,587 - INFO - [The Guardian] Early skip: URL https://www.theguardian.com/world/2026/feb/02/indigenous-views-trump-greenland-push-inuits-arctic already exists.
2026-02-03 06:57:55,843 - INFO - [The Guardian] Early skip: URL https://www.theguardian.com/world/2026/feb/02/laura-fernandez-wins-costa-rica-president-latin-america-rightwing already exists.
2026-02-03 06:57:56,080 - INFO - [BBC] Article: https://www.bbc.com/news/articles/ckgn8dnxjgwo?at_medium=RSS&at_campaign=rss
2026-02-03 06:57:56,080 - INFO - [BBC] Attempt 1/1: Trying with 'requests_browser' strategy...
2026-02-03 06:57:56,082 - INFO - [The Guardian] Early skip: URL https://www.theguardian.com/artanddesign/2026/feb/02/lalo-de-almeida-photographer-journey-through-pantanal-wildfires-brazil already exists.
2026-02-03 06:57:56,121 - INFO - [BBC] Success with 'requests_browser'. Found content (960 words).
2026-02-03 06:58:02,389 - INFO - Selenium driver initialized successfully.
2026-02-03 06:58:02,389 - INFO - Selenium driver initialized successfully.
2026-02-03 06:58:02,390 - INFO - Starting scrape for Times of India RSS feed: https://timesofindia.indiatimes.com/rssfeeds/296589292.cms
2026-02-03 06:58:02,390 - INFO - Starting scrape for The Hindu RSS feed: https://www.thehindu.com/news/national/feeder/default.rss
2026-02-03 06:58:02,487 - INFO - Found 20 articles in Times of India RSS feed. Processing up to 30.
2026-02-03 06:58:03,240 - INFO - Found 100 articles in The Hindu RSS feed. Processing up to 30.
2026-02-03 06:58:07,902 - INFO - DEDUPLICATION: Found match (Score: 0.88). Linking to Cluster ID: 48b81a70-a837-4db5-b6ed-0aeb8a7eba70
2026-02-03 06:58:07,904 - INFO - Saved article: Son of Norway's crown princess goes on trial in tense moment for royal family from BBC (960 words)
2026-02-03 06:58:07,904 - INFO - [The Guardian] Early skip: URL https://www.theguardian.com/environment/2026/feb/03/china-to-ban-hidden-car-door-handles-evs already exists.
2026-02-03 06:58:08,086 - INFO - [Times of India] Article: https://timesofindia.indiatimes.com/world/middle-east/uae-ramadan-2026-prayer-timings-and-full-fasting-schedule-for-the-entire-month-is-here/articleshow/127877805.cms
2026-02-03 06:58:08,086 - INFO - [Times of India] Attempt 1/1: Trying with 'selenium_browser' strategy...
2026-02-03 06:58:08,087 - INFO - [The Hindu] Article: https://www.thehindu.com/news/national/karnataka/delegation-demands-proper-maintenance-of-rn-shetty-stadium-in-dharwad/article70583361.ece
2026-02-03 06:58:08,087 - INFO - [The Hindu] Attempt 1/1: Trying with 'selenium_browser' strategy...
2026-02-03 06:58:08,087 - INFO - [The Guardian] Early skip: URL https://www.theguardian.com/us-news/2026/feb/03/trump-critical-minerals-stockpile-project-vault already exists.
2026-02-03 06:58:08,264 - INFO - [The Guardian] Early skip: URL https://www.theguardian.com/business/2026/feb/01/us-uk-eu-australia-critical-minerals-rare-earths-g7-minimum-price already exists.
2026-02-03 06:58:08,529 - INFO - [The Guardian] Early skip: URL https://www.theguardian.com/world/2026/feb/01/living-hell-of-north-koreas-paradise-on-earth-scheme-back-in-spotlight-in-japan already exists.
2026-02-03 06:58:08,774 - INFO - [The Guardian] Early skip: URL https://www.theguardian.com/world/2026/jan/31/starmer-hopes-his-china-trip-will-begin-the-thaw-after-recent-ice-age already exists.
2026-02-03 06:58:09,026 - INFO - [BBC] Article: https://www.bbc.com/news/articles/c62v187kl1ro?at_medium=RSS&at_campaign=rss
2026-02-03 06:58:09,026 - INFO - [BBC] Attempt 1/1: Trying with 'requests_browser' strategy...
2026-02-03 06:58:09,028 - INFO - [The Guardian] Early skip: URL https://www.theguardian.com/australia-news/live/2026/feb/03/australia-politics-live-anthony-albanese-sussan-ley-labor-liberal-coalition-nationals-rba-interest-rates-decision-cost-of-living-leadership-spill-ntwnfb already exists.
2026-02-03 06:58:09,077 - INFO - [BBC] Success with 'requests_browser'. Found content (1097 words).
2026-02-03 06:58:17,435 - INFO - [The Hindu] Page content loaded.
2026-02-03 06:58:18,412 - INFO - [The Hindu] Success with 'selenium_browser'. Found content (176 words).
2026-02-03 06:58:39,114 - ERROR - [Times of India] Request failed for strategy 'selenium_browser' on URL https://timesofindia.indiatimes.com/world/middle-east/uae-ramadan-2026-prayer-timings-and-full-fasting-schedule-for-the-entire-month-is-here/articleshow/127877805.cms: Message: timeout: Timed out receiving message from renderer: 19.799
  (Session info: chrome=144.0.7559.96)
Stacktrace:
#0 0x5556b0a12afa <unknown>
#1 0x5556b042c60f <unknown>
#2 0x5556b0413d11 <unknown>
#3 0x5556b0413936 <unknown>
#4 0x5556b041144b <unknown>
#5 0x5556b0411dcf <unknown>
#6 0x5556b04212e0 <unknown>
#7 0x5556b043b2b7 <unknown>
#8 0x5556b04424bb <unknown>
#9 0x5556b0412539 <unknown>
#10 0x5556b043b04c <unknown>
#11 0x5556b04ca9a3 <unknown>
#12 0x5556b0473842 <unknown>
#13 0x5556b0474631 <unknown>
#14 0x5556b09d8689 <unknown>
#15 0x5556b09db581 <unknown>
#16 0x5556b09c4ca9 <unknown>
#17 0x5556b09dc13e <unknown>
#18 0x5556b09ab3a0 <unknown>
#19 0x5556b09fffc8 <unknown>
#20 0x5556b0a0019b <unknown>
#21 0x5556b0a11e68 <unknown>
#22 0x7f676209caa4 <unknown>
#23 0x7f6762129c6c <unknown>

2026-02-03 06:58:39,114 - ERROR - [Times of India] All scrape strategies failed for https://timesofindia.indiatimes.com/world/middle-east/uae-ramadan-2026-prayer-timings-and-full-fasting-schedule-for-the-entire-month-is-here/articleshow/127877805.cms. Falling back to RSS description.
2026-02-03 06:58:39,114 - WARNING - SKIPPED (GLOBAL WORD LIMIT): Article 'UAE Ramadan 2026 prayer timings and full fasting schedule for the entire month is here' from Times of India has only 52 words (Min: 90).
2026-02-03 06:58:42,650 - INFO - Saved article: Petro to meet Trump at White House - after months of angry rhetoric from BBC (1097 words)
2026-02-03 06:58:42,650 - INFO - [The Guardian] Early skip: URL https://www.theguardian.com/australia-news/2026/feb/03/nationals-coalition-backbench already exists.
2026-02-03 06:58:55,455 - INFO - Saved article: Delegation demands proper maintenance of R.N. Shetty stadium in Dharwad - The Hindu from The Hindu (176 words)
2026-02-03 06:58:55,456 - INFO - [Times of India] Article: https://timesofindia.indiatimes.com/world/uk/came-out-only-to-sell-new-book-internet-rejects-neil-gaimans-gaslighting-sexual-assault-denial-controversy-explained/articleshow/127876664.cms
2026-02-03 06:58:55,456 - INFO - [Times of India] Attempt 1/1: Trying with 'selenium_browser' strategy...
2026-02-03 06:58:55,457 - INFO - [The Guardian] Early skip: URL https://www.theguardian.com/australia-news/2026/feb/03/boy-swims-four-hours-rescue-family-western-australia already exists.
2026-02-03 06:58:55,755 - INFO - [The Guardian] Early skip: URL https://www.theguardian.com/world/2026/feb/03/australian-woman-died-japan-ski-lift-brooke-day-tributes already exists.
2026-02-03 06:58:55,878 - INFO - [The Guardian] Early skip: URL https://www.theguardian.com/australia-news/2026/feb/03/green-and-golden-bell-frogs-return-act-wetlands-chytrid-fungal-disease already exists.
2026-02-03 06:58:56,008 - INFO - [The Guardian] Early skip: URL https://www.theguardian.com/world/2026/feb/02/france-passes-budget-after-wrangling-no-confidence-motions-sebastien-lecornu already exists.
2026-02-03 06:58:56,122 - INFO - [BBC] Article: https://www.bbc.com/news/articles/cwyw75ww9g9o?at_medium=RSS&at_campaign=rss
2026-02-03 06:58:56,123 - INFO - [BBC] Attempt 1/1: Trying with 'requests_browser' strategy...
2026-02-03 06:58:56,124 - INFO - [The Guardian] Early skip: URL https://www.theguardian.com/world/2026/feb/02/marius-borg-hoiby-son-of-norway-crown-princess-arrested-new-charges-before-rape-trial already exists.
2026-02-03 06:58:56,175 - INFO - [BBC] Success with 'requests_browser'. Found content (519 words).
2026-02-03 06:58:56,368 - INFO - [The Guardian] Early skip: URL https://www.theguardian.com/world/live/2026/feb/02/eu-us-foreign-policy-shift-security-defence-latest-news-updates already exists.
2026-02-03 06:58:56,488 - INFO - [Times of India] Page content loaded.
2026-02-03 06:58:56,578 - INFO - [Times of India] Success with 'selenium_browser'. Found content (321 words).
2026-02-03 06:59:12,029 - INFO - Saved article: Federal officers in Minneapolis to get body cameras 'effective immediately' from BBC (519 words)
2026-02-03 06:59:12,032 - INFO - [The Guardian] Early skip: URL https://www.theguardian.com/world/2026/feb/02/damning-eu-report-lays-bare-blocs-dangerous-dependence-on-critical-mineral-imports already exists.
2026-02-03 06:59:24,393 - INFO - Saved article: Neil Gaiman sexual assault controversy explained: Internet rejects bestselling author's 'gaslighting' denial, says came out only to sell new book - The Times of India from Times of India (321 words)
2026-02-03 06:59:24,393 - INFO - [The Hindu] Article: https://www.thehindu.com/news/national/andhra-pradesh/andhra-cm-chandrababu-naidu-to-visit-kurnool-district-on-february-7/article70586288.ece
2026-02-03 06:59:24,393 - INFO - [The Hindu] Attempt 1/1: Trying with 'selenium_browser' strategy...
2026-02-03 06:59:24,394 - INFO - [The Guardian] Early skip: URL https://www.theguardian.com/world/2026/feb/02/rome-trevi-fountain-fee-tourists already exists.
2026-02-03 06:59:24,615 - INFO - [BBC] Early skip: URL https://www.bbc.com/news/articles/c99kdjdj9l8o?at_medium=RSS&at_campaign=rss already exists.
2026-02-03 06:59:24,836 - INFO - [BBC] Early skip: URL https://www.bbc.com/news/articles/cly94qe3yr0o?at_medium=RSS&at_campaign=rss already exists.
2026-02-03 06:59:25,011 - INFO - [The Guardian] Early skip: URL https://www.theguardian.com/world/2026/feb/02/iran-abbas-araghchi-talks-us-nuclear-deal already exists.
2026-02-03 06:59:25,132 - INFO - [BBC] Early skip: URL https://www.bbc.com/news/articles/cp37g5nxe3lo?at_medium=RSS&at_campaign=rss already exists.
2026-02-03 06:59:25,391 - INFO - [The Guardian] Early skip: URL https://www.theguardian.com/world/2026/feb/03/music-and-dancing-signify-defiance-at-celebratory-funerals-of-irans-protesters already exists.
2026-02-03 06:59:25,559 - INFO - [BBC] Early skip: URL https://www.bbc.com/news/articles/c4g3v4pjwgjo?at_medium=RSS&at_campaign=rss already exists.
2026-02-03 06:59:25,722 - INFO - [BBC] Early skip: URL https://www.bbc.com/news/articles/cwy8zqn9571o?at_medium=RSS&at_campaign=rss already exists.
2026-02-03 06:59:25,998 - INFO - [The Guardian] Early skip: URL https://www.theguardian.com/world/live/2026/feb/02/rafah-border-egypt-gaza-israel-opens-crossing-latest-news-updates already exists.
2026-02-03 06:59:26,178 - INFO - [The Guardian] Early skip: URL https://www.theguardian.com/world/2026/jan/31/trump-hints-at-deal-with-iran-to-avoid-military-strikes already exists.
2026-02-03 06:59:26,429 - INFO - [BBC] Early skip: URL https://www.bbc.com/news/articles/c98p02yg4jro?at_medium=RSS&at_campaign=rss already exists.
2026-02-03 06:59:26,663 - INFO - [The Hindu] Page content loaded.
2026-02-03 06:59:26,680 - INFO - [Times of India] Article: https://timesofindia.indiatimes.com/world/middle-east/uae-announces-prayer-timings-for-today-fajr-at-537am-maghrib-at-sunset/articleshow/127877346.cms
2026-02-03 06:59:26,680 - INFO - [Times of India] Attempt 1/1: Trying with 'selenium_browser' strategy...
2026-02-03 06:59:26,680 - INFO - [The Guardian] Early skip: URL https://www.theguardian.com/world/2026/feb/01/preparations-begin-for-reopening-of-gaza-rafah-crossing-officials-say already exists.
2026-02-03 06:59:26,735 - INFO - [The Hindu] Success with 'selenium_browser'. Found content (113 words).
2026-02-03 06:59:26,975 - INFO - [BBC] Early skip: URL https://www.bbc.com/news/articles/c5yve1x9zv0o?at_medium=RSS&at_campaign=rss already exists.
2026-02-03 06:59:27,111 - INFO - [BBC] Early skip: URL https://www.bbc.com/news/articles/cx20zkkq54go?at_medium=RSS&at_campaign=rss already exists.
2026-02-03 06:59:27,215 - INFO - [BBC] Early skip: URL https://www.bbc.com/news/articles/c5yxn7kqww8o?at_medium=RSS&at_campaign=rss already exists.
2026-02-03 06:59:29,494 - INFO - [Times of India] Page content loaded.
2026-02-03 06:59:29,717 - INFO - [Times of India] Success with 'selenium_browser'. Found content (299 words).
2026-02-03 06:59:43,972 - INFO - Saved article: Andhra CM Chandrababu Naidu to visit Kurnool district on February 7 - The Hindu from The Hindu (113 words)
2026-02-03 06:59:43,973 - INFO - [BBC] Article: https://www.bbc.com/news/articles/cq6vnrye06po?at_medium=RSS&at_campaign=rss
2026-02-03 06:59:43,973 - INFO - [BBC] Attempt 1/1: Trying with 'requests_browser' strategy...
2026-02-03 06:59:44,050 - INFO - [BBC] Success with 'requests_browser'. Found content (584 words).
2026-02-03 06:59:55,965 - INFO - Saved article: UAE announces prayer timings for today: Fajr at 5:37am, Maghrib at sunset | World News - The Times of India from Times of India (299 words)
2026-02-03 07:00:08,028 - INFO - Saved article: Elon Musk's SpaceX confirms it is taking over xAI from BBC (584 words)
2026-02-03 07:00:08,029 - INFO - [The Hindu] Article: https://www.thehindu.com/news/national/jammu-and-kashmir/nia-raids-suspects-house-in-jammu-and-kashmirs-srinagar/article70586354.ece
2026-02-03 07:00:08,029 - INFO - [The Hindu] Attempt 1/1: Trying with 'selenium_browser' strategy...
2026-02-03 07:00:08,030 - INFO - [Times of India] Article: https://timesofindia.indiatimes.com/world/us/one-million-satellite-ai-data-centers-orbiting-the-earth-elon-musk-owned-spacexs-mind-blowing-plan-explained/articleshow/127875599.cms
2026-02-03 07:00:08,030 - INFO - [Times of India] Attempt 1/1: Trying with 'selenium_browser' strategy...
2026-02-03 07:00:09,435 - INFO - [BBC] Early skip: URL https://www.bbc.com/news/articles/cvgdyj5n3m6o?at_medium=RSS&at_campaign=rss already exists.
2026-02-03 07:00:09,698 - INFO - [BBC] Early skip: URL https://www.bbc.com/news/videos/cx20zqw7v9ko?at_medium=RSS&at_campaign=rss already exists.
2026-02-03 07:00:09,811 - INFO - [BBC] Early skip: URL https://www.bbc.com/news/articles/ce3epxznyzzo?at_medium=RSS&at_campaign=rss already exists.
2026-02-03 07:00:09,916 - INFO - [BBC] Early skip: URL https://www.bbc.com/news/articles/cpwnlwj80p8o?at_medium=RSS&at_campaign=rss already exists.
2026-02-03 07:00:09,961 - INFO - [Times of India] Page content loaded.
2026-02-03 07:00:10,180 - INFO - [BBC] Early skip: URL https://www.bbc.com/news/articles/c20g25w8j0xo?at_medium=RSS&at_campaign=rss already exists.
2026-02-03 07:00:10,331 - INFO - [Times of India] Success with 'selenium_browser'. Found content (265 words).
2026-02-03 07:00:10,473 - INFO - [BBC] Early skip: URL https://www.bbc.com/news/articles/cj0n3j16p8lo?at_medium=RSS&at_campaign=rss already exists.
2026-02-03 07:00:14,218 - INFO - [The Hindu] Page content loaded.
2026-02-03 07:00:14,520 - INFO - [The Hindu] Success with 'selenium_browser'. Found content (171 words).
2026-02-03 07:00:27,087 - INFO - Saved article: One million AI satellites to orbit Earth? SpaceX's mind-blowing plan of data centers in outer space explained - The Times of India from Times of India (265 words)
2026-02-03 07:00:27,087 - INFO - [BBC] Early skip: URL https://www.bbc.com/news/articles/cew8qzdxnnjo?at_medium=RSS&at_campaign=rss already exists.
2026-02-03 07:00:39,834 - INFO - Saved article: NIA raids suspect's house in Jammu and Kashmir's Srinagar - The Hindu from The Hindu (171 words)
2026-02-03 07:00:39,834 - INFO - [BBC] Early skip: URL https://www.bbc.com/news/articles/ckglwnrx437o?at_medium=RSS&at_campaign=rss already exists.
2026-02-03 07:00:39,969 - INFO - [Times of India] Early skip: URL https://timesofindia.indiatimes.com/world/us-streamers/piers-morgan-reacts-strongly-as-candace-owens-podcast-sparks-outrage-over-erika-kirk-jokes-and-charlie-kirk-theories/articleshow/127873387.cms already exists.
2026-02-03 07:00:40,145 - INFO - [BBC] Early skip: URL https://www.bbc.com/news/articles/cy8p27vmyvmo?at_medium=RSS&at_campaign=rss already exists.
2026-02-03 07:00:40,320 - INFO - [Times of India] Early skip: URL https://timesofindia.indiatimes.com/world/middle-east/dubai-rtas-premium-number-plate-auction-is-back-300-chances-to-own-a-coveted-plate/articleshow/127875241.cms already exists.
2026-02-03 07:00:40,495 - INFO - [BBC] Early skip: URL https://www.bbc.com/news/videos/c1m7vmzynzvo?at_medium=RSS&at_campaign=rss already exists.
2026-02-03 07:00:40,735 - INFO - [Times of India] Early skip: URL https://timesofindia.indiatimes.com/world/us/who-is-emily-austin-influencer-who-remained-seated-during-anti-ice-standing-ovation-at-grammys/articleshow/127874033.cms already exists.
2026-02-03 07:00:40,988 - INFO - [BBC] Article: https://www.bbc.com/news/videos/cd9e3nzzw3zo?at_medium=RSS&at_campaign=rss
2026-02-03 07:00:40,988 - INFO - [BBC] Attempt 1/1: Trying with 'requests_browser' strategy...
2026-02-03 07:00:40,989 - INFO - [The Hindu] Article: https://www.thehindu.com/news/national/india-usa-reached-a-trade-deal-timeline/article70586314.ece
2026-02-03 07:00:40,989 - INFO - [Times of India] Early skip: URL https://timesofindia.indiatimes.com/world/rest-of-world/canadian-nurse-lovedip-sandhu-pleads-guilty-to-55000-drug-fraud-admits-addiction-as-empty-syringes-vials-found-at-quebec-home/articleshow/127873869.cms already exists.
2026-02-03 07:00:40,989 - INFO - [The Hindu] Attempt 1/1: Trying with 'selenium_browser' strategy...
2026-02-03 07:00:41,067 - WARNING - [BBC] FAILED with 'requests_browser' (content was too short: 80 words).
2026-02-03 07:00:41,067 - ERROR - [BBC] All scrape strategies failed for https://www.bbc.com/news/videos/cd9e3nzzw3zo?at_medium=RSS&at_campaign=rss. Falling back to RSS description.
2026-02-03 07:00:41,067 - WARNING - SKIPPED (GLOBAL WORD LIMIT): Article 'Watch: Why is no-one being prosecuted over the Epstein files?' from BBC has only 17 words (Min: 90).
2026-02-03 07:00:41,239 - INFO - [Times of India] Early skip: URL https://timesofindia.indiatimes.com/world/south-asia/two-fidayeen-women-led-attacks-through-balochistan-targeting-govt-offices-banks/articleshow/127873853.cms already exists.
2026-02-03 07:00:41,468 - INFO - [Times of India] Early skip: URL https://timesofindia.indiatimes.com/world/middle-east/iran-arrests-an-oscar-nominated-screenwriter-for-criticising-khamenei-regime/articleshow/127873878.cms already exists.
2026-02-03 07:00:41,644 - INFO - [Times of India] Early skip: URL https://timesofindia.indiatimes.com/world/south-asia/sheikh-hasina-her-uk-lawmaker-niece-given-10-year-jail-in-graft-case/articleshow/127873907.cms already exists.
2026-02-03 07:00:41,825 - INFO - [Times of India] Early skip: URL https://timesofindia.indiatimes.com/world/us-streamers/nick-fuentes-shocked-as-kick-ends-partnership-just-days-after-approval/articleshow/127870903.cms already exists.
2026-02-03 07:00:42,056 - INFO - [Times of India] Early skip: URL https://timesofindia.indiatimes.com/world/us-streamers/khaby-lame-net-worth-inside-the-1-billion-rich-sparkle-holdings-deal-that-raised-billionaire-rumors-around-tiktok-star/articleshow/127870847.cms already exists.
2026-02-03 07:00:42,205 - INFO - [Times of India] Early skip: URL https://timesofindia.indiatimes.com/world/us/meet-jnior-pena-pro-trump-brazilian-influencer-who-said-only-crooks-get-deported-is-detained-by-ice/articleshow/127873537.cms already exists.
2026-02-03 07:00:42,358 - INFO - [Times of India] Early skip: URL https://timesofindia.indiatimes.com/world/us/florida-man-uses-iguanas-as-blankets-to-tackle-cold-in-bizarre-viral-video/articleshow/127873500.cms already exists.
2026-02-03 07:00:42,396 - INFO - [The Hindu] Page content loaded.
2026-02-03 07:00:42,537 - INFO - [The Hindu] Success with 'selenium_browser'. Found content (187 words).
2026-02-03 07:00:42,660 - INFO - [Times of India] Early skip: URL https://timesofindia.indiatimes.com/world/us/billie-eilish-roasted-on-social-media-after-stolen-land-remarks-at-grammys-return-your-14-million-la-mansion/articleshow/127873095.cms already exists.
2026-02-03 07:00:42,910 - INFO - [Times of India] Early skip: URL https://timesofindia.indiatimes.com/world/rest-of-world/at-90-dalai-lama-gets-grammy-for-audiobook-meditations/articleshow/127873326.cms already exists.
2026-02-03 07:00:43,186 - INFO - [Times of India] Early skip: URL https://timesofindia.indiatimes.com/world/us/minneapolis-school-where-ice-detained-5-year-old-receives-bomb-threat/articleshow/127870971.cms already exists.
2026-02-03 07:00:43,310 - INFO - [Times of India] Early skip: URL https://timesofindia.indiatimes.com/world/us/donald-trump-fumes-over-trevor-noahs-epstein-island-joke-at-the-grammys-sending-my-lawyers/articleshow/127862683.cms already exists.
2026-02-03 07:00:43,510 - INFO - [BBC] Early skip: URL https://www.bbc.com/news/videos/c1m7vmzynzvo?at_medium=RSS&at_campaign=rss already exists.
2026-02-03 07:00:56,328 - INFO - DEDUPLICATION: Found match (Score: 0.91). Linking to Cluster ID: 23d06879-74bc-4509-980e-9387c700d73c
2026-02-03 07:00:56,330 - INFO - Saved article: India-US trade talks timeline: Key moments that led to the deal - The Hindu from The Hindu (187 words)
2026-02-03 07:00:56,330 - INFO - [Times of India] Early skip: URL https://timesofindia.indiatimes.com/world/us/stanford-students-pretend-to-be-jains-to-escape-7944-mandatory-meal-plan/articleshow/127872443.cms already exists.
2026-02-03 07:00:56,607 - INFO - [Times of India] (Thread) Finished. Attempting to shut down its Selenium driver.
2026-02-03 07:00:56,608 - INFO - [BBC] Article: https://www.bbc.com/news/videos/cgqed5qeqx4o?at_medium=RSS&at_campaign=rss
2026-02-03 07:00:56,609 - INFO - [BBC] Attempt 1/1: Trying with 'requests_browser' strategy...
2026-02-03 07:00:56,795 - WARNING - [BBC] FAILED with 'requests_browser' (content was too short: 85 words).
2026-02-03 07:00:56,795 - ERROR - [BBC] All scrape strategies failed for https://www.bbc.com/news/videos/cgqed5qeqx4o?at_medium=RSS&at_campaign=rss. Falling back to RSS description.
2026-02-03 07:00:56,795 - WARNING - SKIPPED (GLOBAL WORD LIMIT): Article ''Pay and smile' - Rome visitors face Trevi Fountain charge' from BBC has only 24 words (Min: 90).
2026-02-03 07:00:56,939 - INFO - [Times of India] (Thread) driver.quit() successful.
2026-02-03 07:00:56,960 - INFO - [The Hindu] Article: https://www.thehindu.com/news/national/budget-announcement-on-harappan-site-in-haryanas-rakhigarhi-met-with-scepticism/article70586343.ece
2026-02-03 07:00:56,960 - INFO - [The Hindu] Attempt 1/1: Trying with 'selenium_browser' strategy...
2026-02-03 07:00:57,497 - INFO - [BBC] Article: https://www.bbc.com/news/videos/cvgdy0ze8eko?at_medium=RSS&at_campaign=rss
2026-02-03 07:00:57,497 - INFO - [BBC] Attempt 1/1: Trying with 'requests_browser' strategy...
2026-02-03 07:00:57,553 - WARNING - [BBC] FAILED with 'requests_browser' (content was too short: 86 words).
2026-02-03 07:00:57,553 - ERROR - [BBC] All scrape strategies failed for https://www.bbc.com/news/videos/cvgdy0ze8eko?at_medium=RSS&at_campaign=rss. Falling back to RSS description.
2026-02-03 07:00:57,553 - WARNING - SKIPPED (GLOBAL WORD LIMIT): Article 'Watch: Snake at train station scares Sydney commuters' from BBC has only 14 words (Min: 90).
2026-02-03 07:00:58,169 - INFO - [The Hindu] Page content loaded.
2026-02-03 07:00:58,176 - INFO - [BBC] Early skip: URL https://www.bbc.com/news/videos/cly5l1yp72wo?at_medium=RSS&at_campaign=rss already exists.
2026-02-03 07:00:58,307 - INFO - [BBC] Early skip: URL https://www.bbc.com/news/videos/c5yvw9zq5q0o?at_medium=RSS&at_campaign=rss already exists.
2026-02-03 07:00:58,399 - INFO - [The Hindu] Success with 'selenium_browser'. Found content (535 words).
2026-02-03 07:01:11,220 - INFO - Saved article: Budget announcement on Harappan site in Haryana’s Rakhigarhi met with scepticism - The Hindu from The Hindu (535 words)
2026-02-03 07:01:11,944 - INFO - [The Hindu] Article: https://www.thehindu.com/news/national/supreme-court-objects-to-whatsapp-metas-take-it-or-leave-it-privacy-policy/article70586358.ece
2026-02-03 07:01:11,944 - INFO - [The Hindu] Attempt 1/1: Trying with 'selenium_browser' strategy...
2026-02-03 07:01:13,327 - INFO - [The Hindu] Page content loaded.
2026-02-03 07:01:13,442 - INFO - [The Hindu] Success with 'selenium_browser'. Found content (135 words).
2026-02-03 07:01:25,688 - INFO - Saved article: Supreme Court objects to WhatsApp, Meta’s ‘take it or leave it’ privacy policy - The Hindu from The Hindu (135 words)
2026-02-03 07:01:27,132 - INFO - [The Hindu] Article: https://www.thehindu.com/news/cities/Hyderabad/free-cancer-screening-camp-at-nims-hyderabad-on-february-4/article70583244.ece
2026-02-03 07:01:27,132 - INFO - [The Hindu] Attempt 1/1: Trying with 'selenium_browser' strategy...
2026-02-03 07:01:28,104 - INFO - [The Hindu] Page content loaded.
2026-02-03 07:01:28,184 - INFO - [The Hindu] Success with 'selenium_browser'. Found content (99 words).
2026-02-03 07:01:41,178 - INFO - Saved article: Free cancer screening camp at NIMS Hyderabad on February 4 - The Hindu from The Hindu (99 words)
2026-02-03 07:01:42,017 - INFO - [The Hindu] Article: https://www.thehindu.com/news/national/tamil-nadu/tn-cm-stalin-dmk-ministers-pay-tributes-to-annadurai-on-his-57th-death-anniversary-february-3-2026/article70585944.ece
2026-02-03 07:01:42,017 - INFO - [The Hindu] Attempt 1/1: Trying with 'selenium_browser' strategy...
2026-02-03 07:01:43,468 - INFO - [The Hindu] Page content loaded.
2026-02-03 07:01:43,988 - INFO - [The Hindu] Success with 'selenium_browser'. Found content (94 words).
2026-02-03 07:01:55,850 - INFO - Saved article: T.N. CM Stalin, Ministers pay tributes to Annadurai on his 57th death anniversary - The Hindu from The Hindu (94 words)
2026-02-03 07:01:56,494 - INFO - [The Hindu] Article: https://www.thehindu.com/news/national/rahul-gandhi-om-birla-face-off-rule-349/article70586156.ece
2026-02-03 07:01:56,494 - INFO - [The Hindu] Attempt 1/1: Trying with 'selenium_browser' strategy...
2026-02-03 07:01:57,731 - INFO - [The Hindu] Page content loaded.
2026-02-03 07:01:57,833 - INFO - [The Hindu] Success with 'selenium_browser'. Found content (544 words).
2026-02-03 07:02:10,954 - INFO - Saved article: Rahul Gandhi-Om Birla face off: Rule 349 bars reading books, newspapers; but silent on published or unpublished texts, says expert - The Hindu from The Hindu (544 words)
2026-02-03 07:02:11,817 - INFO - [The Hindu] Article: https://www.thehindu.com/news/national/kerala/kerala-assembly-opposition-protest-over-sabarimala-gold-row-rocks-house-again-mlas-storm-speakers-dais/article70586245.ece
2026-02-03 07:02:11,818 - INFO - [The Hindu] Attempt 1/1: Trying with 'selenium_browser' strategy...
2026-02-03 07:02:14,235 - INFO - [The Hindu] Page content loaded.
2026-02-03 07:02:14,392 - INFO - [The Hindu] Success with 'selenium_browser'. Found content (431 words).
2026-02-03 07:02:27,065 - INFO - Saved article: Kerala Assembly: Opposition protest over Sabarimala gold row rocks House again; MLAs storm Speaker’s dais - The Hindu from The Hindu (431 words)
2026-02-03 07:02:27,989 - INFO - [The Hindu] Article: https://www.thehindu.com/news/national/karnataka/chief-superintendent-of-kalaburagi-central-prison-transferred-amid-inquiry/article70583790.ece
2026-02-03 07:02:27,990 - INFO - [The Hindu] Attempt 1/1: Trying with 'selenium_browser' strategy...
2026-02-03 07:02:29,257 - INFO - [The Hindu] Page content loaded.
2026-02-03 07:02:29,460 - INFO - [The Hindu] Success with 'selenium_browser'. Found content (156 words).
2026-02-03 07:02:42,056 - INFO - Saved article: Chief Superintendent of Kalaburagi Central Prison transferred amid inquiry - The Hindu from The Hindu (156 words)
2026-02-03 07:02:42,329 - CRITICAL - --- TIMEOUT: 1 scrape jobs did not complete in 300s. ---
2026-02-03 07:02:42,329 - ERROR - A thread has timed out and will be abandoned.
2026-02-03 07:02:42,329 - INFO - Shutting down thread pool (wait=False)...
2026-02-03 07:02:42,329 - INFO - Scraped: 5 BBC, 0 The Guardian, 3 Times of India, 1 Timed_Out_Jobs articles. (Total saved: 8)
2026-02-03 07:02:42,329 - INFO - --- Scraping job finished ---
2026-02-03 07:02:42,330 - INFO - --- Scraper service stopped and database connection closed. ---
2026-02-03 07:02:42,330 - INFO - --- Main thread finished. Forcing process exit to kill zombie threads. ---
