2026-03-29 20:38:28,593 - INFO - Loading AI Semantic Model (all-MiniLM-L6-v2)...
2026-03-29 20:38:28,593 - INFO - Use pytorch device_name: cpu
2026-03-29 20:38:28,593 - INFO - Load pretrained SentenceTransformer: all-MiniLM-L6-v2
2026-03-29 20:38:28,667 - INFO - HTTP Request: HEAD https://huggingface.co/sentence-transformers/all-MiniLM-L6-v2/resolve/main/modules.json "HTTP/1.1 307 Temporary Redirect"
2026-03-29 20:38:28,675 - INFO - HTTP Request: HEAD https://huggingface.co/api/resolve-cache/models/sentence-transformers/all-MiniLM-L6-v2/c9745ed1d9f207416be6d2e6f8de32d1f16199bf/modules.json "HTTP/1.1 200 OK"
2026-03-29 20:38:28,711 - INFO - HTTP Request: HEAD https://huggingface.co/sentence-transformers/all-MiniLM-L6-v2/resolve/main/config_sentence_transformers.json "HTTP/1.1 307 Temporary Redirect"
2026-03-29 20:38:28,712 - WARNING - Warning: You are sending unauthenticated requests to the HF Hub. Please set a HF_TOKEN to enable higher rate limits and faster downloads.
2026-03-29 20:38:28,718 - INFO - HTTP Request: HEAD https://huggingface.co/api/resolve-cache/models/sentence-transformers/all-MiniLM-L6-v2/c9745ed1d9f207416be6d2e6f8de32d1f16199bf/config_sentence_transformers.json "HTTP/1.1 200 OK"
2026-03-29 20:38:28,754 - INFO - HTTP Request: HEAD https://huggingface.co/sentence-transformers/all-MiniLM-L6-v2/resolve/main/config_sentence_transformers.json "HTTP/1.1 307 Temporary Redirect"
2026-03-29 20:38:28,760 - INFO - HTTP Request: HEAD https://huggingface.co/api/resolve-cache/models/sentence-transformers/all-MiniLM-L6-v2/c9745ed1d9f207416be6d2e6f8de32d1f16199bf/config_sentence_transformers.json "HTTP/1.1 200 OK"
2026-03-29 20:38:28,796 - INFO - HTTP Request: HEAD https://huggingface.co/sentence-transformers/all-MiniLM-L6-v2/resolve/main/README.md "HTTP/1.1 307 Temporary Redirect"
2026-03-29 20:38:28,803 - INFO - HTTP Request: HEAD https://huggingface.co/api/resolve-cache/models/sentence-transformers/all-MiniLM-L6-v2/c9745ed1d9f207416be6d2e6f8de32d1f16199bf/README.md "HTTP/1.1 200 OK"
2026-03-29 20:38:28,840 - INFO - HTTP Request: HEAD https://huggingface.co/sentence-transformers/all-MiniLM-L6-v2/resolve/main/modules.json "HTTP/1.1 307 Temporary Redirect"
2026-03-29 20:38:28,846 - INFO - HTTP Request: HEAD https://huggingface.co/api/resolve-cache/models/sentence-transformers/all-MiniLM-L6-v2/c9745ed1d9f207416be6d2e6f8de32d1f16199bf/modules.json "HTTP/1.1 200 OK"
2026-03-29 20:38:28,881 - INFO - HTTP Request: HEAD https://huggingface.co/sentence-transformers/all-MiniLM-L6-v2/resolve/main/sentence_bert_config.json "HTTP/1.1 307 Temporary Redirect"
2026-03-29 20:38:28,888 - INFO - HTTP Request: HEAD https://huggingface.co/api/resolve-cache/models/sentence-transformers/all-MiniLM-L6-v2/c9745ed1d9f207416be6d2e6f8de32d1f16199bf/sentence_bert_config.json "HTTP/1.1 200 OK"
2026-03-29 20:38:28,926 - INFO - HTTP Request: HEAD https://huggingface.co/sentence-transformers/all-MiniLM-L6-v2/resolve/main/adapter_config.json "HTTP/1.1 404 Not Found"
2026-03-29 20:38:28,963 - INFO - HTTP Request: HEAD https://huggingface.co/sentence-transformers/all-MiniLM-L6-v2/resolve/main/config.json "HTTP/1.1 307 Temporary Redirect"
2026-03-29 20:38:28,970 - INFO - HTTP Request: HEAD https://huggingface.co/api/resolve-cache/models/sentence-transformers/all-MiniLM-L6-v2/c9745ed1d9f207416be6d2e6f8de32d1f16199bf/config.json "HTTP/1.1 200 OK"
2026-03-29 20:38:29,090 - WARNING - [1mBertModel LOAD REPORT[0m from: sentence-transformers/all-MiniLM-L6-v2
Key                     | Status     |  | 
------------------------+------------+--+-
embeddings.position_ids | UNEXPECTED |  | 

Notes:
- UNEXPECTED:	can be ignored when loading from different task/architecture; not ok if you expect identical arch.
2026-03-29 20:38:29,127 - INFO - HTTP Request: HEAD https://huggingface.co/sentence-transformers/all-MiniLM-L6-v2/resolve/main/config.json "HTTP/1.1 307 Temporary Redirect"
2026-03-29 20:38:29,133 - INFO - HTTP Request: HEAD https://huggingface.co/api/resolve-cache/models/sentence-transformers/all-MiniLM-L6-v2/c9745ed1d9f207416be6d2e6f8de32d1f16199bf/config.json "HTTP/1.1 200 OK"
2026-03-29 20:38:29,169 - INFO - HTTP Request: HEAD https://huggingface.co/sentence-transformers/all-MiniLM-L6-v2/resolve/main/tokenizer_config.json "HTTP/1.1 307 Temporary Redirect"
2026-03-29 20:38:29,176 - INFO - HTTP Request: HEAD https://huggingface.co/api/resolve-cache/models/sentence-transformers/all-MiniLM-L6-v2/c9745ed1d9f207416be6d2e6f8de32d1f16199bf/tokenizer_config.json "HTTP/1.1 200 OK"
2026-03-29 20:38:29,220 - INFO - HTTP Request: GET https://huggingface.co/api/models/sentence-transformers/all-MiniLM-L6-v2/tree/main/additional_chat_templates?recursive=false&expand=false "HTTP/1.1 404 Not Found"
2026-03-29 20:38:29,262 - INFO - HTTP Request: GET https://huggingface.co/api/models/sentence-transformers/all-MiniLM-L6-v2/tree/main?recursive=true&expand=false "HTTP/1.1 200 OK"
2026-03-29 20:38:29,333 - INFO - HTTP Request: HEAD https://huggingface.co/sentence-transformers/all-MiniLM-L6-v2/resolve/main/1_Pooling/config.json "HTTP/1.1 307 Temporary Redirect"
2026-03-29 20:38:29,341 - INFO - HTTP Request: HEAD https://huggingface.co/api/resolve-cache/models/sentence-transformers/all-MiniLM-L6-v2/c9745ed1d9f207416be6d2e6f8de32d1f16199bf/1_Pooling%2Fconfig.json "HTTP/1.1 200 OK"
2026-03-29 20:38:29,383 - INFO - HTTP Request: GET https://huggingface.co/api/models/sentence-transformers/all-MiniLM-L6-v2 "HTTP/1.1 200 OK"
2026-03-29 20:38:29,387 - INFO - AI Model loaded successfully.
2026-03-29 20:38:29,387 - INFO - --- Scraper service started (CI Mode: Run Once) ---
2026-03-29 20:38:29,387 - INFO - --- Starting new scraping job (Parallel Mode) ---
2026-03-29 20:38:29,387 - INFO - Connecting to Google Sheets...
2026-03-29 20:38:30,157 - INFO - Connected to Sheet: News Scrapper AI / Sheet1
2026-03-29 20:38:30,157 - INFO - Fetching existing data to build cache...
2026-03-29 20:38:42,396 - INFO - Loaded 46387 rows from sheet.
2026-03-29 20:38:43,221 - INFO - Cache built: 46387 URLs. Current MAX_ID: 46488
2026-03-29 20:38:43,228 - INFO - Creating new robust session with 3 retries on 5xx/connection/read errors.
2026-03-29 20:38:43,228 - INFO - Proxy is DISABLED.
2026-03-29 20:38:43,228 - INFO - Starting scrape for BBC RSS feed: http://feeds.bbci.co.uk/news/world/rss.xml
2026-03-29 20:38:43,229 - INFO - [Times of India] (Thread) requires Selenium. Initializing driver...
2026-03-29 20:38:43,230 - INFO - Starting scrape for The Guardian RSS feed: https://www.theguardian.com/world/rss
2026-03-29 20:38:43,231 - INFO - [The Hindu] (Thread) requires Selenium. Initializing driver...
2026-03-29 20:38:43,231 - INFO - [The Dawn] (Thread) requires Selenium. Initializing driver...
2026-03-29 20:38:43,232 - INFO - [Al Jazeera] (Thread) requires Selenium. Initializing driver...
2026-03-29 20:38:43,232 - INFO - Starting scrape for TechCrunch RSS feed: https://techcrunch.com/feed/
2026-03-29 20:38:43,234 - INFO - [Economic Times] (Thread) requires Selenium. Initializing driver...
2026-03-29 20:38:43,234 - INFO - Submitted 8 jobs to thread pool. Waiting up to 420s for completion...
2026-03-29 20:38:43,499 - INFO - Found 0 articles in TechCrunch RSS feed. Processing until 30 new articles are saved.
2026-03-29 20:38:43,526 - INFO - Found 45 articles in The Guardian RSS feed. Processing until 30 new articles are saved.
2026-03-29 20:38:43,526 - INFO - [The Guardian] Early skip: URL https://www.theguardian.com/world/2026/mar/29/graaff-reinet-robert-sobukwe-south-african-town-name-change-stirs-racial-tensions already exists.
2026-03-29 20:38:43,527 - INFO - [The Guardian] Early skip: URL https://www.theguardian.com/news/2026/mar/27/un-slavery-ruling-african-union-reparations-slavery-analysis already exists.
2026-03-29 20:38:43,529 - INFO - [The Guardian] Early skip: URL https://www.theguardian.com/artanddesign/2026/mar/27/african-guernica-dumile-feni-on-display-alongside-picasso already exists.
2026-03-29 20:38:43,530 - INFO - [The Guardian] Early skip: URL https://www.theguardian.com/news/2026/mar/26/nigeria-regional-superpower-uk-reparative-justice-trade-economic-ties already exists.
2026-03-29 20:38:43,532 - INFO - [The Guardian] Early skip: URL https://www.theguardian.com/world/2026/mar/26/sudan-drone-strikes-civilian-targets-north-darfur-market-north-kordofan-truck already exists.
2026-03-29 20:38:43,537 - INFO - [The Guardian] Early skip: URL https://www.theguardian.com/us-news/2026/mar/28/us-embassy-mexico-outrage-ai-video-self-deportation already exists.
2026-03-29 20:38:43,538 - INFO - [The Guardian] Early skip: URL https://www.theguardian.com/environment/2026/mar/27/scientists-film-whale-giving-birth-other-whales-help-her already exists.
2026-03-29 20:38:43,540 - INFO - [The Guardian] Early skip: URL https://www.theguardian.com/world/2026/mar/27/cuba-aid-boats-missing-en-route-mexico-our-america-convoy already exists.
2026-03-29 20:38:43,543 - INFO - [The Guardian] Early skip: URL https://www.theguardian.com/world/2026/mar/27/cuba-humanitarian-aid-boats-missing already exists.
2026-03-29 20:38:43,544 - INFO - [The Guardian] Early skip: URL https://www.theguardian.com/world/2026/mar/26/cecot-human-rights-petition already exists.
2026-03-29 20:38:43,545 - INFO - [The Guardian] Early skip: URL https://www.theguardian.com/world/2026/mar/27/australia-will-be-left-with-no-submarines-if-it-abandons-aukus-senior-defence-official-warns already exists.
2026-03-29 20:38:43,547 - INFO - [The Guardian] Early skip: URL https://www.theguardian.com/us-news/2026/mar/26/trump-xi-jinping-china-trip-rescheduled-may already exists.
2026-03-29 20:38:43,548 - INFO - [The Guardian] Early skip: URL https://www.theguardian.com/australia-news/2026/mar/25/australia-chinese-nationals-arriving-by-boat-indonesia-reports-surge already exists.
2026-03-29 20:38:43,549 - INFO - [The Guardian] Early skip: URL https://www.theguardian.com/world/2026/mar/25/china-hong-kong-dissidents-transnational-repression-report already exists.
2026-03-29 20:38:43,550 - INFO - [The Guardian] Early skip: URL https://www.theguardian.com/world/2026/mar/25/philippines-declares-national-energy-emergency-iran-war already exists.
2026-03-29 20:38:43,553 - INFO - [The Guardian] Article: https://www.theguardian.com/australia-news/live/2026/mar/30/australia-politics-live-national-cabinet-fuel-prices-oil-crisis-labor-anthony-albanese-chris-bowen-coalition-angus-taylor-ntwnfb
2026-03-29 20:38:43,553 - INFO - [The Guardian] Attempt 1/1: Trying with 'requests_browser' strategy...
2026-03-29 20:38:43,707 - INFO - Found 49 articles in BBC RSS feed. Processing until 30 new articles are saved.
2026-03-29 20:38:43,708 - INFO - [BBC] Early skip: URL https://www.bbc.com/news/articles/c5y969pnxgvo?at_medium=RSS&at_campaign=rss already exists.
2026-03-29 20:38:43,709 - INFO - [BBC] Early skip: URL https://www.bbc.com/news/articles/cp86yrq5jy7o?at_medium=RSS&at_campaign=rss already exists.
2026-03-29 20:38:43,710 - INFO - [BBC] Early skip: URL https://www.bbc.com/news/articles/cgme1j70294o?at_medium=RSS&at_campaign=rss already exists.
2026-03-29 20:38:43,711 - INFO - [BBC] Early skip: URL https://www.bbc.com/news/articles/cd9v234j2v7o?at_medium=RSS&at_campaign=rss already exists.
2026-03-29 20:38:43,713 - INFO - [BBC] Article: https://www.bbc.com/news/articles/c3dlk93m7jyo?at_medium=RSS&at_campaign=rss
2026-03-29 20:38:43,713 - INFO - [BBC] Attempt 1/1: Trying with 'requests_browser' strategy...
2026-03-29 20:38:43,948 - INFO - [BBC] Success with 'requests_browser'. Found content (362 words).
2026-03-29 20:38:44,061 - INFO - [The Guardian] Success with 'requests_browser'. Found content (903 words).
2026-03-29 20:38:45,342 - INFO - Selenium driver initialized successfully (Eager load strategy, 7s timeout).
2026-03-29 20:38:45,342 - INFO - Starting scrape for Al Jazeera RSS feed: https://www.aljazeera.com/xml/rss/all.xml
2026-03-29 20:38:45,384 - INFO - Selenium driver initialized successfully (Eager load strategy, 7s timeout).
2026-03-29 20:38:45,386 - INFO - Starting scrape for The Hindu RSS feed: https://www.thehindu.com/news/national/feeder/default.rss
2026-03-29 20:38:45,407 - INFO - Selenium driver initialized successfully (Eager load strategy, 7s timeout).
2026-03-29 20:38:45,407 - INFO - Starting scrape for Economic Times RSS feed: https://economictimes.indiatimes.com/rssfeedsdefault.cms
2026-03-29 20:38:45,410 - INFO - Selenium driver initialized successfully (Eager load strategy, 7s timeout).
2026-03-29 20:38:45,410 - INFO - Starting scrape for Times of India RSS feed: https://timesofindia.indiatimes.com/rssfeeds/296589292.cms
2026-03-29 20:38:45,475 - INFO - Selenium driver initialized successfully (Eager load strategy, 7s timeout).
2026-03-29 20:38:45,475 - INFO - Starting scrape for The Dawn RSS feed: https://www.dawn.com/feeds/home
2026-03-29 20:38:45,557 - INFO - Found 20 articles in Times of India RSS feed. Processing until 30 new articles are saved.
2026-03-29 20:38:45,557 - INFO - [Times of India] Article: https://timesofindia.indiatimes.com/world/us/florida-man-stopped-by-police-after-drivers-report-missiles-mounted-on-truck-bomb-squad-dispatched/articleshow/129886631.cms
2026-03-29 20:38:45,557 - INFO - [Times of India] Attempt 1/1: Trying with 'selenium_browser' strategy...
2026-03-29 20:38:45,663 - INFO - Found 25 articles in Al Jazeera RSS feed. Processing until 30 new articles are saved.
2026-03-29 20:38:45,664 - INFO - [Al Jazeera] Article: https://www.aljazeera.com/video/newsfeed/2026/3/29/irgc-spokesperson-says-trump-only-understands-the-language-of?traffic_source=rss
2026-03-29 20:38:45,664 - INFO - [Al Jazeera] Attempt 1/2: Trying with 'requests_browser' strategy...
2026-03-29 20:38:45,705 - WARNING - [Al Jazeera] FAILED with 'requests_browser' (content was too short: 67 words).
2026-03-29 20:38:45,812 - INFO - Found 60 articles in The Hindu RSS feed. Processing until 30 new articles are saved.
2026-03-29 20:38:45,813 - INFO - [The Hindu] Article: https://www.thehindu.com/news/national/wtos-fisheries-pact-india-for-25-year-transition-period-stronger-disciplines-on-distant-water-industrial-fishing/article70800710.ece
2026-03-29 20:38:45,813 - INFO - [The Hindu] Attempt 1/1: Trying with 'selenium_browser' strategy...
2026-03-29 20:38:45,891 - INFO - Found 76 articles in Economic Times RSS feed. Processing until 30 new articles are saved.
2026-03-29 20:38:45,891 - INFO - [Economic Times] Early skip: URL https://economictimes.indiatimes.com/mf/analysis/mutual-fund-nfo-only-one-passive-fund-opens-for-subscription-this-week-check-dates-details/slideshow/129876506.cms already exists.
2026-03-29 20:38:45,893 - INFO - [Economic Times] Early skip: URL https://economictimes.indiatimes.com/markets/stocks/news/8-midcap-stocks-with-massive-upside-potential-of-up-to-75-do-you-own-any/slideshow/129876422.cms already exists.
2026-03-29 20:38:45,895 - INFO - [Economic Times] Early skip: URL https://economictimes.indiatimes.com/markets/stocks/news/market-trading-guide-buy-acme-solar-and-dalmia-bharat-on-monday-for-short-term-gains-up-to-16-heres-why/articleshow/129876087.cms already exists.
2026-03-29 20:38:45,896 - INFO - [Economic Times] Early skip: URL https://economictimes.indiatimes.com/markets/stocks/news/ahead-of-market-10-things-that-will-decide-stock-market-action-on-monday/articleshow/129879482.cms already exists.
2026-03-29 20:38:45,897 - INFO - [Economic Times] Early skip: URL https://economictimes.indiatimes.com/markets/us-stocks/news/us-stocks-markets-lucrative-bets-that-anticipated-trumps-policy-surprises-warrant-scrutiny-experts-say/articleshow/129878786.cms already exists.
2026-03-29 20:38:45,899 - INFO - [Economic Times] Early skip: URL https://economictimes.indiatimes.com/markets/stocks/news/jio-fin-services-expects-to-begin-life-general-insurance-biz-in-2026/articleshow/129877773.cms already exists.
2026-03-29 20:38:45,900 - INFO - [Economic Times] Early skip: URL https://economictimes.indiatimes.com/news/india/finance-minister-nirmala-sitharaman-assures-fiscal-vigil-amid-oil-spike/articleshow/129853830.cms already exists.
2026-03-29 20:38:45,902 - INFO - [Economic Times] Early skip: URL https://economictimes.indiatimes.com/news/economy/foreign-trade/india-us-review-next-steps-in-trade-pact-talks/articleshow/129853750.cms already exists.
2026-03-29 20:38:45,903 - INFO - [Economic Times] Early skip: URL https://economictimes.indiatimes.com/news/economy/finance/india-may-face-credit-stress-if-gulf-conflict-drags-on-moodys/articleshow/129853510.cms already exists.
2026-03-29 20:38:45,908 - INFO - [Economic Times] Early skip: URL https://economictimes.indiatimes.com/news/economy/foreign-trade/india-gathers-data-to-counter-us-claims-of-excess-capacity/articleshow/129810831.cms already exists.
2026-03-29 20:38:45,909 - INFO - [Economic Times] Early skip: URL https://economictimes.indiatimes.com/news/economy/policy/inflation-target-held-at-4-for-next-five-years/articleshow/129810690.cms already exists.
2026-03-29 20:38:45,910 - INFO - [Economic Times] Early skip: URL https://economictimes.indiatimes.com/news/economy/policy/finance-minister-nirmala-sitharaman-moves-bill-to-amend-ibc-speed-up-resolution/articleshow/129810621.cms already exists.
2026-03-29 20:38:45,911 - INFO - [Economic Times] Early skip: URL https://economictimes.indiatimes.com/tech/technology/apple-faces-indian-engineers-bias-lawsuit/articleshow/81694292.cms already exists.
2026-03-29 20:38:45,916 - INFO - [Economic Times] Early skip: URL https://economictimes.indiatimes.com/news/defence/despite-transatlantic-love-fest-eu-charts-third-way-in-ties-with-us-and-china/articleshow/81467467.cms already exists.
2026-03-29 20:38:45,920 - INFO - [Economic Times] Early skip: URL https://economictimes.indiatimes.com/tech/tech-bytes/twitters-india-policy-head-to-step-down-will-transition-in-march/articleshow/80732868.cms already exists.
2026-03-29 20:38:45,921 - INFO - [Economic Times] Early skip: URL https://economictimes.indiatimes.com/tech/tech-and-gadgets/govt-may-keep-rs-7500-cr-outlay-for-it-hardware-manufacturing-under-pli-scheme/articleshow/80333429.cms already exists.
2026-03-29 20:38:45,925 - INFO - [Economic Times] Early skip: URL https://economictimes.indiatimes.com/tech/technology/indian-dating-apps-services-see-surge-of-paying-users-in-small-cities/articleshow/80063342.cms already exists.
2026-03-29 20:38:45,929 - INFO - [Economic Times] Article: https://economictimes.indiatimes.com/tech/technology/time-for-govt-cos-to-adopt-ai-deloitte-india/articleshow/79981215.cms
2026-03-29 20:38:45,929 - INFO - [Economic Times] Attempt 1/2: Trying with 'requests_browser' strategy...
2026-03-29 20:38:46,338 - INFO - [The Hindu] Page content loaded.
2026-03-29 20:38:46,341 - INFO - Found 29 articles in The Dawn RSS feed. Processing until 30 new articles are saved.
2026-03-29 20:38:46,341 - INFO - [The Dawn] Early skip: URL https://www.dawn.com/news/1986541/iran-us-have-expressed-confidence-in-pakistan-to-facilitate-talks-will-be-honoured-to-host-dialogue-in-coming-days-fm-dar already exists.
2026-03-29 20:38:46,343 - INFO - [The Dawn] Early skip: URL https://www.dawn.com/news/1986574/pm-shehbaz-commends-kingdoms-remarkable-restraint-in-meeting-with-saudi-fm-assures-him-of-pakistans-full-support already exists.
2026-03-29 20:38:46,344 - INFO - [The Dawn] Early skip: URL https://www.dawn.com/news/1986585/pti-concerned-over-reports-about-bushra-bibis-health-demands-she-be-taken-to-hospital-for-diagnosis-treatment already exists.
2026-03-29 20:38:46,345 - INFO - [The Dawn] Early skip: URL https://www.dawn.com/news/1986590/in-letter-to-psl-ceo-police-detail-alleged-security-protocol-breach-by-lahore-qalandars-shaheen-afridi-sikandar-raza already exists.
2026-03-29 20:38:46,346 - INFO - [The Dawn] Early skip: URL https://www.dawn.com/news/1986556/info-ministry-refutes-reports-of-complete-lockdown-on-weekends-as-part-of-fuel-saving-measures already exists.
2026-03-29 20:38:46,348 - INFO - [The Dawn] Early skip: URL https://www.dawn.com/news/1986569/hrcp-civil-society-organisations-demand-immediate-halt-to-eviction-operations-in-islamabads-katchi-abadis already exists.
2026-03-29 20:38:46,349 - INFO - [The Dawn] Early skip: URL https://www.dawn.com/news/1986553/new-pia-owners-rattled-by-rising-jet-fuel-costs-worry-about-sustainability already exists.
2026-03-29 20:38:46,351 - INFO - [The Dawn] Early skip: URL https://www.dawn.com/news/1986542/first-pia-direct-flight-to-london-in-6-years-lands-at-heathrow-airport already exists.
2026-03-29 20:38:46,352 - INFO - [The Dawn] Early skip: URL https://www.dawn.com/news/1986532/drap-dismisses-reports-of-essential-medicine-price-hikes-amid-global-supply-chain-uncertainty already exists.
2026-03-29 20:38:46,353 - INFO - [The Dawn] Early skip: URL https://www.dawn.com/news/1986336/dpm-dar-says-iran-has-allowed-20-more-ships-under-pakistan-flag-to-cross-strait-of-hormuz already exists.
2026-03-29 20:38:46,354 - INFO - [The Dawn] Early skip: URL https://www.dawn.com/news/1986571/israel-police-prevent-jerusalems-latin-patriarch-from-entering-holy-sepulchre-on-palm-sunday already exists.
2026-03-29 20:38:46,357 - INFO - [The Dawn] Early skip: URL https://www.dawn.com/news/1986533/north-koreas-kim-jong-un-oversees-test-of-high-thrust-engine-state-media already exists.
2026-03-29 20:38:46,358 - INFO - [The Dawn] Early skip: URL https://www.dawn.com/news/1986472/petroleum-cargo-handling-rises-at-karachis-port-qasim-authority already exists.
2026-03-29 20:38:46,359 - INFO - [The Dawn] Early skip: URL https://www.dawn.com/news/1986387/gilgit-baltistan-tourism-bounces-back-despite-middle-east-war already exists.
2026-03-29 20:38:46,360 - INFO - [The Dawn] Early skip: URL https://www.dawn.com/news/1986568/war-diary-day-30-multifront-attrition-deepens-strategic-picture-getting-complicated-for-us-and-israel already exists.
2026-03-29 20:38:46,362 - INFO - [The Dawn] Early skip: URL https://www.dawn.com/news/1986377/pak-afghan-peace-jirga-to-meet-in-peshawar-on-tuesday already exists.
2026-03-29 20:38:46,366 - INFO - [The Dawn] Early skip: URL https://www.dawn.com/news/1986406/anger-over-iran-war-adds-fuel-to-anti-trump-rallies-in-us already exists.
2026-03-29 20:38:46,367 - INFO - [The Dawn] Early skip: URL https://www.dawn.com/news/1986566/in-us-supreme-court-fight-over-birthright-citizenship-1898-anti-immigrant-sentiment-echoes already exists.
2026-03-29 20:38:46,368 - INFO - [The Dawn] Early skip: URL https://www.dawn.com/news/1986477/exports-to-europe-stagnate-amid-challenges already exists.
2026-03-29 20:38:46,370 - INFO - [The Dawn] Early skip: URL https://www.dawn.com/news/1986561/jd-or-marco-iran-war-raises-2028-stakes-as-trump-weighs-vance-vs-rubio already exists.
2026-03-29 20:38:46,371 - INFO - [The Dawn] Early skip: URL https://www.dawn.com/news/1986404/umrah-visa-being-used-for-travel-to-europe-says-fia already exists.
2026-03-29 20:38:46,372 - INFO - [The Dawn] Early skip: URL https://www.dawn.com/news/1986416/zalmi-batters-spoil-rawalpindiz-debut-in-high-scoring-encounter already exists.
2026-03-29 20:38:46,374 - INFO - [The Dawn] Early skip: URL https://www.dawn.com/news/1986444/houthis-join-fray-by-firing-ballistic-missiles-at-israel already exists.
2026-03-29 20:38:46,375 - INFO - [The Dawn] Early skip: URL https://www.dawn.com/news/1986455/rabies-claims-another-life-in-karachi-as-calls-for-humane-dog-culling-mount already exists.
2026-03-29 20:38:46,376 - INFO - [The Dawn] Early skip: URL https://www.dawn.com/news/1986383/world-bank-to-provide-250m-for-kp-resilience-disaster-readiness already exists.
2026-03-29 20:38:46,377 - INFO - [The Dawn] Early skip: URL https://www.dawn.com/news/1986435/action-plan-unveiled-to-combat-drought already exists.
2026-03-29 20:38:46,379 - INFO - [The Dawn] Early skip: URL https://www.dawn.com/news/1986525/helplines-buzz-with-alerts-from-seafarers-trapped-in-middle-east-war already exists.
2026-03-29 20:38:46,380 - INFO - [The Dawn] Early skip: URL https://www.dawn.com/news/1986412/22-migrants-die-off-greece-after-six-days-at-sea already exists.
2026-03-29 20:38:46,382 - INFO - [The Dawn] Early skip: URL https://www.dawn.com/news/1986308/exercise-in-deflection-masquerading-as-concern-fo-rejects-indias-comments-on-pakistans-shia-community already exists.
2026-03-29 20:38:46,392 - INFO - [The Dawn] (Thread) Finished. Attempting to shut down its Selenium driver.
2026-03-29 20:38:46,399 - INFO - [The Hindu] Success with 'selenium_browser'. Found content (281 words).
2026-03-29 20:38:46,475 - INFO - [The Dawn] (Thread) driver.quit() successful.
2026-03-29 20:38:46,514 - ERROR - parsed tree length: 1, wrong data type or not valid HTML
2026-03-29 20:38:46,515 - ERROR - empty HTML tree: None
2026-03-29 20:38:46,515 - WARNING - discarding data: None
2026-03-29 20:38:46,515 - WARNING - [Economic Times] FAILED with 'requests_browser' (content was too short: 0 words).
2026-03-29 20:38:46,517 - INFO - [Times of India] Page content loaded.
2026-03-29 20:38:46,660 - INFO - [Al Jazeera] Article: https://www.aljazeera.com/video/newsfeed/2026/3/29/irgc-spokesperson-says-trump-only-understands-the-language-of?traffic_source=rss
2026-03-29 20:38:46,660 - INFO - [Al Jazeera] Attempt 2/2: Trying with 'selenium_browser' strategy...
2026-03-29 20:38:46,672 - INFO - [Times of India] Success with 'selenium_browser'. Found content (311 words).
2026-03-29 20:38:47,359 - INFO - [Economic Times] Article: https://economictimes.indiatimes.com/tech/technology/time-for-govt-cos-to-adopt-ai-deloitte-india/articleshow/79981215.cms
2026-03-29 20:38:47,359 - INFO - [Economic Times] Attempt 2/2: Trying with 'selenium_browser' strategy...
2026-03-29 20:38:49,294 - INFO - [Economic Times] Page content loaded.
2026-03-29 20:38:49,416 - INFO - [Al Jazeera] Page content loaded.
2026-03-29 20:38:49,856 - WARNING - [Economic Times] FAILED with 'selenium_browser' (content was too short: 74 words).
2026-03-29 20:38:49,856 - ERROR - [Economic Times] All scrape strategies failed for https://economictimes.indiatimes.com/tech/technology/time-for-govt-cos-to-adopt-ai-deloitte-india/articleshow/79981215.cms. Falling back to RSS description.
2026-03-29 20:38:49,858 - WARNING - SKIPPED (GLOBAL WORD LIMIT): Article 'Time for government, companies to adopt artificial intelligence: Deloitte India ' from Economic Times has only 49 words (Min: 90).
2026-03-29 20:38:49,895 - WARNING - [Al Jazeera] FAILED with 'selenium_browser' (content was too short: 67 words).
2026-03-29 20:38:49,902 - ERROR - [Al Jazeera] All scrape strategies failed for https://www.aljazeera.com/video/newsfeed/2026/3/29/irgc-spokesperson-says-trump-only-understands-the-language-of?traffic_source=rss. Falling back to RSS description.
2026-03-29 20:38:49,902 - WARNING - SKIPPED (GLOBAL WORD LIMIT): Article 'IRGC spokesperson says Trump ‘only understands the language of force’' from Al Jazeera has only 10 words (Min: 90).
2026-03-29 20:38:50,782 - INFO - [Economic Times] Early skip: URL https://economictimes.indiatimes.com/news/defence/boots-on-ground-may-not-be-needed-secretary-of-state-marco-rubio-on-iran-war/articleshow/129853253.cms already exists.
2026-03-29 20:38:50,784 - INFO - [Economic Times] Early skip: URL https://economictimes.indiatimes.com/news/international/world-news/whats-happening-with-iran-us-talks/articleshow/129827872.cms already exists.
2026-03-29 20:38:50,789 - INFO - [Economic Times] Early skip: URL https://economictimes.indiatimes.com/news/new-updates/as-asim-munir-pitches-peace-iran-blocks-pakistans-cargo-ship-at-strait-of-hormuz/articleshow/129796581.cms already exists.
2026-03-29 20:38:50,793 - INFO - [Economic Times] Early skip: URL https://economictimes.indiatimes.com/news/international/world-news/price-availability-does-a-new-gas-crisis-await-europe/articleshow/129707936.cms already exists.
2026-03-29 20:38:50,794 - INFO - [Economic Times] Early skip: URL https://economictimes.indiatimes.com/news/international/world-news/europeans-cautious-as-they-scramble-to-digest-major-us-israeli-attack-on-iran/articleshow/128885272.cms already exists.
2026-03-29 20:38:50,805 - INFO - [Economic Times] Early skip: URL https://economictimes.indiatimes.com/news/international/world-news/nepal-votes-on-march-5-focus-on-jobs-economy/articleshow/128862431.cms already exists.
2026-03-29 20:38:50,806 - INFO - [Economic Times] Early skip: URL https://economictimes.indiatimes.com/news/elections/assembly-elections/assam/done-deal-cm-himanta-biswa-sarma-on-nda-seat-sharing-for-assam-polls/articleshow/128678098.cms already exists.
2026-03-29 20:38:50,808 - INFO - [Economic Times] Early skip: URL https://economictimes.indiatimes.com/news/elections/assembly-elections/bihar/rare-intensive-revision-in-bihar-four-months-before-polls/articleshow/122167501.cms already exists.
2026-03-29 20:38:50,809 - INFO - [Economic Times] Early skip: URL https://economictimes.indiatimes.com/news/elections/assembly-elections/delhi/bjp-accuses-kejriwal-of-sending-voters-hoax-calls-to-mislead/articleshow/117579007.cms already exists.
2026-03-29 20:38:50,816 - INFO - [Economic Times] Early skip: URL https://economictimes.indiatimes.com/news/elections/lok-sabha/india/lok-sabha-election-2024-maharashtra-get-interesting-after-splits-in-shiv-sena-ncp/articleshow/108559788.cms already exists.
2026-03-29 20:38:50,818 - INFO - [Economic Times] Early skip: URL https://economictimes.indiatimes.com/news/elections/lok-sabha/india/modi-charisma-key-factor-in-bjps-bid-to-retain-all-26-seats-in-gujarat/articleshow/108550858.cms already exists.
2026-03-29 20:38:50,829 - INFO - [Economic Times] Early skip: URL https://economictimes.indiatimes.com/news/elections/lok-sabha/india/implementation-of-guarantees-decline-of-brs-favour-congress-in-telangana-bjp-aiming-for-better-show/articleshow/108548569.cms already exists.
2026-03-29 20:38:50,832 - INFO - [Economic Times] Early skip: URL https://economictimes.indiatimes.com/traders-bet-on-calendar-spread-as-nifty-moves-in-a-tight-range/articleshow/6302358.cms already exists.
2026-03-29 20:38:50,833 - INFO - [Economic Times] Early skip: URL https://economictimes.indiatimes.com/nifty-may-find-support-at-5300-level/articleshow/6296017.cms already exists.
2026-03-29 20:38:50,835 - INFO - [Economic Times] Early skip: URL https://economictimes.indiatimes.com/seven-out-of-top-10-asian-small-cap-funds-are-indian/articleshow/6295976.cms already exists.
2026-03-29 20:38:50,842 - INFO - [Economic Times] Early skip: URL https://economictimes.indiatimes.com/inflation-reflects-growth-dynamics-in-india-christopher-wood/articleshow/6274053.cms already exists.
2026-03-29 20:38:50,849 - INFO - [Economic Times] Early skip: URL https://economictimes.indiatimes.com/market-may-trade-in-a-range-but-fiis-seen-sold-on-india/articleshow/6277705.cms already exists.
2026-03-29 20:38:50,850 - INFO - [Economic Times] Early skip: URL https://economictimes.indiatimes.com/dont-bank-only-on-price-to-earning-ratio/articleshow/6278228.cms already exists.
2026-03-29 20:38:50,858 - INFO - [Economic Times] Early skip: URL https://economictimes.indiatimes.com/markets/stocks/recos/prabhudas-lilladher-has-a-reduce-rating-on-infosys/articleshow/3798718.cms already exists.
2026-03-29 20:38:50,861 - INFO - [Economic Times] Early skip: URL https://economictimes.indiatimes.com/markets/stocks/recos/fin-crisis-too-late-and-too-little-done-in-us/articleshow/3794549.cms already exists.
2026-03-29 20:38:50,864 - INFO - [Economic Times] Early skip: URL https://economictimes.indiatimes.com/markets/forex/weak-rupee-takes-its-toll-on-cos-with-huge-foreign-debt/articleshow/3546158.cms already exists.
2026-03-29 20:38:50,867 - INFO - [Economic Times] Early skip: URL https://economictimes.indiatimes.com/markets/stocks/recos/wait-for-more-signals-before-turning-positive/articleshow/3292640.cms already exists.
2026-03-29 20:38:50,870 - INFO - [Economic Times] Early skip: URL https://economictimes.indiatimes.com/news/company/corporate-trends/six-indian-cos-among-businessweeks-top-100-infotech-firms/articleshow/3189334.cms already exists.
2026-03-29 20:38:50,883 - INFO - [Economic Times] Early skip: URL https://economictimes.indiatimes.com/news/company/corporate-trends/indian-firms-slip-in-global-ranking-four-move-out-of-top-500/articleshow/3177077.cms already exists.
2026-03-29 20:38:50,892 - INFO - [Economic Times] Early skip: URL https://economictimes.indiatimes.com/markets/stocks/news/big-daddy-laps-up-cipla-after-q1-nos-beat-forecast/articleshow/6308646.cms already exists.
2026-03-29 20:38:50,899 - INFO - [Economic Times] Early skip: URL https://economictimes.indiatimes.com/markets/stocks/news/old-fox-has-dream-run-on-dalal-street/articleshow/6308631.cms already exists.
2026-03-29 20:38:50,902 - INFO - [Economic Times] Early skip: URL https://economictimes.indiatimes.com/markets/stocks/news/cairn-india-hits-record-high-on-bse-amid-stake-sale-talks/articleshow/6306679.cms already exists.
2026-03-29 20:38:50,911 - INFO - [Economic Times] Early skip: URL https://economictimes.indiatimes.com/markets/stocks/news/vedanta-plunges-5-59-per-cent-on-lse-amid-talks-to-buy-cairn-stake/articleshow/6306526.cms already exists.
2026-03-29 20:38:50,914 - INFO - [Economic Times] Early skip: URL https://economictimes.indiatimes.com/markets/stocks/news/sbi-shares-on-gaining-spree-hit-record-high/articleshow/6306241.cms already exists.
2026-03-29 20:38:50,917 - INFO - [Economic Times] Early skip: URL https://economictimes.indiatimes.com/fm-must-rethink/articleshow/5645094.cms already exists.
2026-03-29 20:38:50,918 - INFO - [Economic Times] Early skip: URL https://economictimes.indiatimes.com/amalgamate-banks/articleshow/5645086.cms already exists.
2026-03-29 20:38:50,922 - INFO - [Economic Times] Early skip: URL https://economictimes.indiatimes.com/managing-data/articleshow/5117958.cms already exists.
2026-03-29 20:38:50,924 - INFO - [Economic Times] Early skip: URL https://economictimes.indiatimes.com/right-technology/articleshow/5117957.cms already exists.
2026-03-29 20:38:50,929 - INFO - [Economic Times] Early skip: URL https://economictimes.indiatimes.com/et-search/articleshow/21646857.cms already exists.
2026-03-29 20:38:50,933 - INFO - [Economic Times] Early skip: URL https://economictimes.indiatimes.com/after-the-oscars-whats-next-for-silent-stars-of-the-artist/articleshow/12075465.cms already exists.
2026-03-29 20:38:50,934 - INFO - [Economic Times] Early skip: URL https://economictimes.indiatimes.com/delhi-world-book-fair-a-fair-like-no-other/articleshow/12028630.cms already exists.
2026-03-29 20:38:50,936 - INFO - [Economic Times] Early skip: URL https://economictimes.indiatimes.com/lk-advanis-gift-makes-its-way-to-state-department-exhibition-hall/articleshow/12017534.cms already exists.
2026-03-29 20:38:50,943 - INFO - [Economic Times] Early skip: URL https://economictimes.indiatimes.com/india-meteorological-department-to-use-dynamic-models-for-forecasts/articleshow/11983844.cms already exists.
2026-03-29 20:38:50,945 - INFO - [Economic Times] Early skip: URL https://economictimes.indiatimes.com/documents-reveal-contents-of-the-first-telegraph-message-between-india-england/articleshow/11976488.cms already exists.
2026-03-29 20:38:50,948 - INFO - [Economic Times] Early skip: URL https://economictimes.indiatimes.com/worried-amitabh-bachchan-fans-pray-to-lord-shiva-for-his-recovery/articleshow/11963187.cms already exists.
2026-03-29 20:38:50,953 - INFO - [Economic Times] Early skip: URL https://economictimes.indiatimes.com/opinion/interviews/every-decision-of-government-neednt-be-a-big-reform-anand-mahindra/articleshow/35919571.cms already exists.
2026-03-29 20:38:50,954 - INFO - [Economic Times] Early skip: URL https://economictimes.indiatimes.com/opinion/interviews/narendra-modi-has-his-eyes-set-on-boosting-business-joao-cravinho-eu-ambassador/articleshow/35973824.cms already exists.
2026-03-29 20:38:50,957 - INFO - [Economic Times] Early skip: URL https://economictimes.indiatimes.com/opinion/interviews/confidence-level-of-industry-improving-kv-kamath-icici-bank/articleshow/35945669.cms already exists.
2026-03-29 20:38:50,959 - INFO - [Economic Times] Early skip: URL https://economictimes.indiatimes.com/opinion/interviews/we-may-see-rapid-growth-over-the-next-few-years-raamdeo-agrawal/articleshow/35831378.cms already exists.
2026-03-29 20:38:50,960 - INFO - [Economic Times] Early skip: URL https://economictimes.indiatimes.com/opinion/interviews/our-commitment-for-press-freedom-and-autonomy-of-public-broadcast-is-absolute-prakash-javadekar/articleshow/35803396.cms already exists.
2026-03-29 20:38:50,962 - INFO - [Economic Times] Early skip: URL https://economictimes.indiatimes.com/opinion/interviews/there-is-a-leadership-vacuum-in-infosys-time-to-get-nandan-nilekani-back-mohandas-pai/articleshow/35716682.cms already exists.
2026-03-29 20:38:50,963 - INFO - [Economic Times] Early skip: URL https://economictimes.indiatimes.com/markets/stocks/news/oil-prices-to-hit-150-how-indian-stock-markets-may-react-as-iran-war-rages-on/articleshow/129587020.cms already exists.
2026-03-29 20:38:50,968 - INFO - [Economic Times] Early skip: URL https://economictimes.indiatimes.com/markets/us-stocks/news/why-a-7030-india-global-portfolio-makes-sense-in-a-changing-world-subho-moulik-decodes/articleshow/127604085.cms already exists.
2026-03-29 20:38:50,971 - INFO - [Economic Times] Early skip: URL https://economictimes.indiatimes.com/markets/expert-view/kaynes-shares-plunge-43-from-october-peak-is-a-tactical-rebound-on-the-cards-or-more-pain-ahead/articleshow/125815992.cms already exists.
2026-03-29 20:38:50,973 - INFO - [Economic Times] Early skip: URL https://economictimes.indiatimes.com/markets/stocks/news/warren-buffett-is-buying-michael-burry-is-shorting-the-ai-trade-splitting-wall-street/articleshow/125815521.cms already exists.
2026-03-29 20:38:50,975 - INFO - [Economic Times] Early skip: URL https://economictimes.indiatimes.com/markets/ipos/fpos/softbank-backed-acevector-files-updated-ipo-papers-targets-to-raise-rs-300-cr-via-fresh-issue/articleshow/125813493.cms already exists.
2026-03-29 20:38:50,976 - INFO - [Economic Times] Early skip: URL https://economictimes.indiatimes.com/markets/stocks/news/mcap-of-five-of-top-10-most-valued-firms-surges-rs-72285-cr-tcs-infosys-biggest-winners/articleshow/125813435.cms already exists.
2026-03-29 20:38:50,980 - INFO - [Economic Times] Early skip: URL https://economictimes.indiatimes.com/markets/stocks/news/alfa-laval-raises-delisting-price-to-rs-2850-a-share/articleshow/11437373.cms already exists.
2026-03-29 20:38:50,982 - INFO - [Economic Times] Early skip: URL https://economictimes.indiatimes.com/markets/stocks/news/db-realty-unitech-stocks-rose-after-top-executives-granted-bail-in-2g-scam/articleshow/10925114.cms already exists.
2026-03-29 20:38:50,984 - INFO - [Economic Times] Early skip: URL https://economictimes.indiatimes.com/markets/stocks/news/fitch-withdraws-reliance-capital-ratings/articleshow/10430814.cms already exists.
2026-03-29 20:38:50,986 - INFO - [Economic Times] Early skip: URL https://economictimes.indiatimes.com/markets/stocks/news/discoms-poor-financial-health-poses-risks-for-power-traders-fitch/articleshow/10430186.cms already exists.
2026-03-29 20:38:50,987 - INFO - [Economic Times] Early skip: URL https://economictimes.indiatimes.com/markets/stocks/news/cigarette-companies-price-hikes-with-higher-volumes-hold-promise/articleshow/9277179.cms already exists.
2026-03-29 20:38:50,990 - INFO - [Economic Times] Early skip: URL https://economictimes.indiatimes.com/markets/stocks/news/lovable-lingeries-dream-run-on-as-traders-lap-it-up/articleshow/8894615.cms already exists.
2026-03-29 20:38:50,995 - INFO - [Economic Times] (Thread) Finished. Attempting to shut down its Selenium driver.
2026-03-29 20:38:51,168 - INFO - [Al Jazeera] Article: https://www.aljazeera.com/video/newsfeed/2026/3/29/qatari-tv-station-hit-in-iran?traffic_source=rss
2026-03-29 20:38:51,168 - INFO - [Al Jazeera] Attempt 1/2: Trying with 'requests_browser' strategy...
2026-03-29 20:38:51,191 - INFO - [Economic Times] (Thread) driver.quit() successful.
2026-03-29 20:38:51,314 - WARNING - [Al Jazeera] FAILED with 'requests_browser' (content was too short: 75 words).
2026-03-29 20:38:52,043 - INFO - [Al Jazeera] Article: https://www.aljazeera.com/video/newsfeed/2026/3/29/qatari-tv-station-hit-in-iran?traffic_source=rss
2026-03-29 20:38:52,043 - INFO - [Al Jazeera] Attempt 2/2: Trying with 'selenium_browser' strategy...
2026-03-29 20:38:55,410 - INFO - [Al Jazeera] Page content loaded.
2026-03-29 20:38:55,818 - WARNING - [Al Jazeera] FAILED with 'selenium_browser' (content was too short: 47 words).
2026-03-29 20:38:55,818 - ERROR - [Al Jazeera] All scrape strategies failed for https://www.aljazeera.com/video/newsfeed/2026/3/29/qatari-tv-station-hit-in-iran?traffic_source=rss. Falling back to RSS description.
2026-03-29 20:38:55,818 - WARNING - SKIPPED (GLOBAL WORD LIMIT): Article 'Qatari TV station hit in Iran' from Al Jazeera has only 18 words (Min: 90).
2026-03-29 20:38:57,186 - INFO - [Al Jazeera] Article: https://www.aljazeera.com/gallery/2026/3/29/lebanons-catholics-observe-palm-sunday-under-looming-threat-of-war?traffic_source=rss
2026-03-29 20:38:57,186 - INFO - [Al Jazeera] Attempt 1/2: Trying with 'requests_browser' strategy...
2026-03-29 20:38:57,304 - INFO - [Al Jazeera] Success with 'requests_browser'. Found content (322 words).
2026-03-29 20:39:26,073 - INFO - >>> SUCCESSFULLY SAVED [ID: 46489] - Italy investigates Sephora and Benefit over marketing skincare to children from BBC (362 words)
2026-03-29 20:39:27,567 - INFO - [BBC] Early skip: URL https://www.bbc.com/news/articles/cvg0128z41eo?at_medium=RSS&at_campaign=rss already exists.
2026-03-29 20:39:27,568 - INFO - [BBC] Early skip: URL https://www.bbc.com/news/articles/cx2w8d1q70vo?at_medium=RSS&at_campaign=rss already exists.
2026-03-29 20:39:27,570 - INFO - [BBC] Early skip: URL https://www.bbc.com/news/articles/c2034ww6kqxo?at_medium=RSS&at_campaign=rss already exists.
2026-03-29 20:39:27,571 - INFO - [BBC] Early skip: URL https://www.bbc.com/news/articles/c937n0yxggeo?at_medium=RSS&at_campaign=rss already exists.
2026-03-29 20:39:27,572 - INFO - [BBC] Early skip: URL https://www.bbc.com/news/articles/czd74q2nqp0o?at_medium=RSS&at_campaign=rss already exists.
2026-03-29 20:39:27,573 - INFO - [BBC] Early skip: URL https://www.bbc.com/news/articles/cq8wy7g1gd1o?at_medium=RSS&at_campaign=rss already exists.
2026-03-29 20:39:27,575 - INFO - [BBC] Early skip: URL https://www.bbc.com/news/articles/c0rxz7ggv8go?at_medium=RSS&at_campaign=rss already exists.
2026-03-29 20:39:27,576 - INFO - [BBC] Early skip: URL https://www.bbc.com/news/articles/cnv8z1lvn8ro?at_medium=RSS&at_campaign=rss already exists.
2026-03-29 20:39:27,577 - INFO - [BBC] Early skip: URL https://www.bbc.com/news/articles/cn0wjgwvp2ko?at_medium=RSS&at_campaign=rss already exists.
2026-03-29 20:39:27,578 - INFO - [BBC] Early skip: URL https://www.bbc.com/news/articles/crr10v5p7lgo?at_medium=RSS&at_campaign=rss already exists.
2026-03-29 20:39:27,580 - INFO - [BBC] Early skip: URL https://www.bbc.com/news/articles/c62lx8ek9x9o?at_medium=RSS&at_campaign=rss already exists.
2026-03-29 20:39:27,581 - INFO - [BBC] Early skip: URL https://www.bbc.com/news/articles/cr513g72vqgo?at_medium=RSS&at_campaign=rss already exists.
2026-03-29 20:39:27,583 - INFO - [BBC] Early skip: URL https://www.bbc.com/news/articles/cgj052l1j2no?at_medium=RSS&at_campaign=rss already exists.
2026-03-29 20:39:27,584 - INFO - [BBC] Early skip: URL https://www.bbc.com/sport/golf/articles/cvg092kege7o?at_medium=RSS&at_campaign=rss already exists.
2026-03-29 20:39:27,585 - INFO - [BBC] Early skip: URL https://www.bbc.com/news/articles/c74vedxjq8zo?at_medium=RSS&at_campaign=rss already exists.
2026-03-29 20:39:27,587 - INFO - [BBC] Early skip: URL https://www.bbc.com/news/articles/clye4w10g22o?at_medium=RSS&at_campaign=rss already exists.
2026-03-29 20:39:27,588 - INFO - [BBC] Early skip: URL https://www.bbc.com/news/articles/cn89ry7y835o?at_medium=RSS&at_campaign=rss already exists.
2026-03-29 20:39:27,589 - INFO - [BBC] Early skip: URL https://www.bbc.com/news/articles/cvgl4yk7vgpo?at_medium=RSS&at_campaign=rss already exists.
2026-03-29 20:39:27,590 - INFO - [BBC] Early skip: URL https://www.bbc.com/news/articles/c1l9vz064nqo?at_medium=RSS&at_campaign=rss already exists.
2026-03-29 20:39:27,592 - INFO - [BBC] Early skip: URL https://www.bbc.com/news/articles/cwyv70de9exo?at_medium=RSS&at_campaign=rss already exists.
2026-03-29 20:39:27,593 - INFO - [BBC] Early skip: URL https://www.bbc.com/news/articles/c4g8w4xp97jo?at_medium=RSS&at_campaign=rss already exists.
2026-03-29 20:39:27,594 - INFO - [BBC] Early skip: URL https://www.bbc.com/news/articles/c1w40dy58vwo?at_medium=RSS&at_campaign=rss already exists.
2026-03-29 20:39:27,595 - INFO - [BBC] Early skip: URL https://www.bbc.com/news/articles/cg4g44zv37qo?at_medium=RSS&at_campaign=rss already exists.
2026-03-29 20:39:27,597 - INFO - [BBC] Early skip: URL https://www.bbc.com/news/articles/c9vlm4j47e2o?at_medium=RSS&at_campaign=rss already exists.
2026-03-29 20:39:27,598 - INFO - [BBC] Early skip: URL https://www.bbc.com/news/articles/ckgr35y26q7o?at_medium=RSS&at_campaign=rss already exists.
2026-03-29 20:39:27,600 - INFO - [BBC] Early skip: URL https://www.bbc.com/news/articles/cj0vj36yd12o?at_medium=RSS&at_campaign=rss already exists.
2026-03-29 20:39:27,602 - INFO - [BBC] Early skip: URL https://www.bbc.com/news/articles/cwyvd5z1xjno?at_medium=RSS&at_campaign=rss already exists.
2026-03-29 20:39:27,604 - INFO - [BBC] Early skip: URL https://www.bbc.com/news/articles/cjd8e4px12ro?at_medium=RSS&at_campaign=rss already exists.
2026-03-29 20:39:27,605 - INFO - [BBC] Early skip: URL https://www.bbc.com/news/articles/c0rxqng5pyno?at_medium=RSS&at_campaign=rss already exists.
2026-03-29 20:39:27,606 - INFO - [BBC] Early skip: URL https://www.bbc.com/news/articles/czjw37ne208o?at_medium=RSS&at_campaign=rss already exists.
2026-03-29 20:39:27,608 - INFO - [BBC] Early skip: URL https://www.bbc.com/news/articles/c05dlnd3635o?at_medium=RSS&at_campaign=rss already exists.
2026-03-29 20:39:27,609 - INFO - [BBC] Early skip: URL https://www.bbc.com/news/articles/c239n93ejm8o?at_medium=RSS&at_campaign=rss already exists.
2026-03-29 20:39:27,610 - INFO - [BBC] Early skip: URL https://www.bbc.com/news/articles/c86e3eglv2go?at_medium=RSS&at_campaign=rss already exists.
2026-03-29 20:39:27,611 - INFO - [BBC] Early skip: URL https://www.bbc.com/news/articles/c15dz7ql59yo?at_medium=RSS&at_campaign=rss already exists.
2026-03-29 20:39:27,613 - INFO - [BBC] Early skip: URL https://www.bbc.com/news/articles/c2evg2m3ye2o?at_medium=RSS&at_campaign=rss already exists.
2026-03-29 20:39:27,614 - INFO - [BBC] Early skip: URL https://www.bbc.com/news/articles/cn0w1qxzd4xo?at_medium=RSS&at_campaign=rss already exists.
2026-03-29 20:39:27,615 - INFO - [BBC] Early skip: URL https://www.bbc.com/news/articles/c3w384px52no?at_medium=RSS&at_campaign=rss already exists.
2026-03-29 20:39:27,616 - INFO - [BBC] Early skip: URL https://www.bbc.com/news/articles/cvge7r31989o?at_medium=RSS&at_campaign=rss already exists.
2026-03-29 20:39:27,618 - INFO - [BBC] Early skip: URL https://www.bbc.com/news/videos/ce354d73v2ko?at_medium=RSS&at_campaign=rss already exists.
2026-03-29 20:39:27,619 - INFO - [BBC] Article: https://www.bbc.com/news/videos/c4gx042nlezo?at_medium=RSS&at_campaign=rss
2026-03-29 20:39:27,619 - INFO - [BBC] Attempt 1/1: Trying with 'requests_browser' strategy...
2026-03-29 20:39:27,689 - WARNING - [BBC] FAILED with 'requests_browser' (content was too short: 88 words).
2026-03-29 20:39:27,690 - ERROR - [BBC] All scrape strategies failed for https://www.bbc.com/news/videos/c4gx042nlezo?at_medium=RSS&at_campaign=rss. Falling back to RSS description.
2026-03-29 20:39:27,690 - WARNING - SKIPPED (GLOBAL WORD LIMIT): Article 'Watch: Iconic global landmarks turn off lights for Earth Hour' from BBC has only 23 words (Min: 90).
2026-03-29 20:39:28,732 - INFO - [BBC] Article: https://www.bbc.com/news/videos/c8dl9n7gvdgo?at_medium=RSS&at_campaign=rss
2026-03-29 20:39:28,733 - INFO - [BBC] Attempt 1/1: Trying with 'requests_browser' strategy...
2026-03-29 20:39:28,792 - WARNING - [BBC] FAILED with 'requests_browser' (content was too short: 89 words).
2026-03-29 20:39:28,792 - ERROR - [BBC] All scrape strategies failed for https://www.bbc.com/news/videos/c8dl9n7gvdgo?at_medium=RSS&at_campaign=rss. Falling back to RSS description.
2026-03-29 20:39:28,793 - WARNING - SKIPPED (GLOBAL WORD LIMIT): Article 'Expectant mothers in Cuba struggle under fuel blockade' from BBC has only 20 words (Min: 90).
2026-03-29 20:39:29,651 - INFO - [BBC] Early skip: URL https://www.bbc.com/news/videos/clyr530yry5o?at_medium=RSS&at_campaign=rss already exists.
2026-03-29 20:39:29,652 - INFO - [BBC] Early skip: URL https://www.bbc.com/news/videos/cx24jk0z74yo?at_medium=RSS&at_campaign=rss already exists.
2026-03-29 20:39:29,653 - INFO - [BBC] Early skip: URL https://www.bbc.com/news/videos/czx9822w8vko?at_medium=RSS&at_campaign=rss already exists.
2026-03-29 20:39:47,561 - INFO - >>> SUCCESSFULLY SAVED [ID: 46490] - Australia politics live: Jim Chalmers says working from home ‘makes a lot of sense’ during fuel crisis but government will avoid Covid-style measures | Australia news | The Guardian from The Guardian (903 words)
2026-03-29 20:39:48,414 - INFO - [The Guardian] Article: https://www.theguardian.com/australia-news/2026/mar/30/farmers-plead-for-tax-breaks-diesel-guarantees-and-help-buying-fertiliser-as-national-cabinet-meets-on-fuel-crisis
2026-03-29 20:39:48,414 - INFO - [The Guardian] Attempt 1/1: Trying with 'requests_browser' strategy...
2026-03-29 20:39:48,830 - INFO - [The Guardian] Success with 'requests_browser'. Found content (678 words).
2026-03-29 20:40:08,494 - INFO - >>> SUCCESSFULLY SAVED [ID: 46491] - WTO’s fisheries pact: India for 25 year transition period, stronger disciplines on distant-water industrial fishing - The Hindu from The Hindu (281 words)
2026-03-29 20:40:09,990 - INFO - [The Hindu] Early skip: URL https://www.thehindu.com/elections/tamil-nadu-assembly/tamil-nadu-assembly-elections-2026-dmk-election-manifesto/article70799667.ece already exists.
2026-03-29 20:40:09,992 - INFO - [The Hindu] Article: https://www.thehindu.com/news/national/bengali-actor-rahul-arunoday-banerjee-drowns-in-sea/article70800707.ece
2026-03-29 20:40:09,992 - INFO - [The Hindu] Attempt 1/1: Trying with 'selenium_browser' strategy...
2026-03-29 20:40:11,813 - INFO - [The Hindu] Page content loaded.
2026-03-29 20:40:11,908 - INFO - [The Hindu] Success with 'selenium_browser'. Found content (455 words).
2026-03-29 20:40:33,505 - INFO - >>> SUCCESSFULLY SAVED [ID: 46492] - Florida man stopped by police after drivers report ‘missiles’ mounted on truck, bomb squad dispatched - The Times of India from Times of India (311 words)
2026-03-29 20:40:34,492 - INFO - [Times of India] Early skip: URL https://timesofindia.indiatimes.com/world/us/im-going-to-text-joe-jd-vance-fires-back-after-joe-rogan-slams-maga-supporters-as-unintelligent-and-dorks/articleshow/129886149.cms already exists.
2026-03-29 20:40:34,493 - INFO - [Times of India] Early skip: URL https://timesofindia.indiatimes.com/etimes/trending/how-ghost-taxi-drivers-in-china-tricked-customers-into-paying-without-rides/articleshow/129884105.cms already exists.
2026-03-29 20:40:34,494 - INFO - [Times of India] Early skip: URL https://timesofindia.indiatimes.com/world/rest-of-world/cyclone-narelle-turns-skies-blood-red-over-western-australia-in-rare-dust-storm-event-what-caused-the-eerie-crimson-glow-and-how-it-happened/articleshow/129885180.cms already exists.
2026-03-29 20:40:34,496 - INFO - [Times of India] Early skip: URL https://timesofindia.indiatimes.com/world/us/texas-oil-tycoon-ordered-to-pay-1-1-billion-after-thrashing-2-year-old-stepson-leaving-him-wheelchair-bound-for-life/articleshow/129883303.cms already exists.
2026-03-29 20:40:34,498 - INFO - [Times of India] Early skip: URL https://timesofindia.indiatimes.com/world/us/fbi-offers-new-25000-reward-for-missing-woman-28-years-after-disappearance-the-curious-case-of-amy-bradley/articleshow/129882423.cms already exists.
2026-03-29 20:40:34,499 - INFO - [Times of India] Early skip: URL https://timesofindia.indiatimes.com/world/pakistan/pakistan-deputy-pm-ishaq-dhar-falls-while-welcoming-egyptian-fm-to-middle-east-peace-talks-video-goes-viral/articleshow/129882475.cms already exists.
2026-03-29 20:40:34,501 - INFO - [Times of India] Early skip: URL https://timesofindia.indiatimes.com/world/us/we-are-not-a-kingdom-indian-american-author-padma-lakshmi-backs-no-kings-protests-against-trump-policies/articleshow/129882056.cms already exists.
2026-03-29 20:40:34,502 - INFO - [Times of India] Early skip: URL https://timesofindia.indiatimes.com/world/europe/palm-sunday-pope-leo-says-god-rejects-prayers-of-those-who-wage-war/articleshow/129880661.cms already exists.
2026-03-29 20:40:34,503 - INFO - [Times of India] Early skip: URL https://timesofindia.indiatimes.com/world/middle-east/middle-east-crisis-mediators-gather-in-pakistan-for-talks-on-ending-month-long-iran-war/articleshow/129881093.cms already exists.
2026-03-29 20:40:34,504 - INFO - [Times of India] Early skip: URL https://timesofindia.indiatimes.com/world/us/the-monkey-whisperer-florida-man-arrested-for-illegal-trading-of-exotic-animals-fined-60000/articleshow/129880457.cms already exists.
2026-03-29 20:40:34,506 - INFO - [Times of India] Early skip: URL https://timesofindia.indiatimes.com/world/us/women-need-to-shut-up-christian-nationalist-duo-spark-massive-outrage-with-shocking-viral-rant/articleshow/129880186.cms already exists.
2026-03-29 20:40:34,507 - INFO - [Times of India] Early skip: URL https://timesofindia.indiatimes.com/world/us-streamers/clavicular-storms-out-of-andrew-callaghan-interview-after-tense-exchange-over-looksmaxxing/articleshow/129876351.cms already exists.
2026-03-29 20:40:34,508 - INFO - [Times of India] Early skip: URL https://timesofindia.indiatimes.com/world/us-streamers/release-the-video-candace-owens-questions-missing-video-of-charlie-kirks-alleged-remarks-about-erika-kirk/articleshow/129874483.cms already exists.
2026-03-29 20:40:34,509 - INFO - [Times of India] Early skip: URL https://timesofindia.indiatimes.com/world/us/costcos-are-90-indian-maga-attacks-indian-shoppers-at-stores-with-videos-and-invasion-claims/articleshow/129878255.cms already exists.
2026-03-29 20:40:34,510 - INFO - [Times of India] Early skip: URL https://timesofindia.indiatimes.com/world/middle-east/al-baha-goes-dark-saudi-city-observes-green-hour-to-cut-carbon-emissions/articleshow/129879170.cms already exists.
2026-03-29 20:40:34,512 - INFO - [Times of India] Early skip: URL https://timesofindia.indiatimes.com/defence/international/3-billion-toll-us-counts-losses-in-aircraft-drones-defence-systems/articleshow/129878775.cms already exists.
2026-03-29 20:40:34,513 - INFO - [Times of India] Early skip: URL https://timesofindia.indiatimes.com/world/middle-east/kharg-island-full-scale-invasion-or-special-ops-inside-pentagon-plan-for-us-boots-in-iran-iran-war-us-iran-war-news-israel-iran-ground-invasion/articleshow/129874970.cms already exists.
2026-03-29 20:40:34,514 - INFO - [Times of India] Early skip: URL https://timesofindia.indiatimes.com/world/south-asia/after-nepal-ex-pm-oli-former-minister-deepak-khadka-arrested-in-gen-z-protests/articleshow/129877253.cms already exists.
2026-03-29 20:40:34,516 - INFO - [Times of India] Early skip: URL https://timesofindia.indiatimes.com/world/middle-east/oman-government-takes-over-salamair-airlines-to-operate-separately/articleshow/129876838.cms already exists.
2026-03-29 20:40:34,517 - INFO - [Times of India] (Thread) Finished. Attempting to shut down its Selenium driver.
2026-03-29 20:40:34,815 - INFO - [Times of India] (Thread) driver.quit() successful.
2026-03-29 20:40:54,828 - INFO - >>> SUCCESSFULLY SAVED [ID: 46493] - Lebanon’s Catholics observe Palm Sunday under looming threat of war | Israel attacks Lebanon News | Al Jazeera from Al Jazeera (322 words)
2026-03-29 20:40:55,650 - INFO - [Al Jazeera] Early skip: URL https://www.aljazeera.com/news/2026/3/29/rsf-attack-on-sudans-south-kordofan-kills-at-least-14-including-children?traffic_source=rss already exists.
2026-03-29 20:40:55,652 - INFO - [Al Jazeera] Early skip: URL https://www.aljazeera.com/video/talk-to-al-jazeera/2026/3/29/cuba-is-not-alone-deputy-fm-says-as-us-threats-grow?traffic_source=rss already exists.
2026-03-29 20:40:55,653 - INFO - [Al Jazeera] Early skip: URL https://www.aljazeera.com/news/2026/3/29/republican-mace-says-congress-must-approve-any-us-troop-deployment-to-iran?traffic_source=rss already exists.
2026-03-29 20:40:55,654 - INFO - [Al Jazeera] Early skip: URL https://www.aljazeera.com/news/2026/3/29/zelenskyy-arrives-in-jordan-to-bolster-security-ties?traffic_source=rss already exists.
2026-03-29 20:40:55,655 - INFO - [Al Jazeera] Early skip: URL https://www.aljazeera.com/news/2026/3/29/netanyahu-announces-expansion-of-security-buffer-zone-in-south-lebanon?traffic_source=rss already exists.
2026-03-29 20:40:55,657 - INFO - [Al Jazeera] Article: https://www.aljazeera.com/video/newsfeed/2026/3/29/we-can-insure-the-ship-but-we-cannot-insure-a-human-life?traffic_source=rss
2026-03-29 20:40:55,657 - INFO - [Al Jazeera] Attempt 1/2: Trying with 'requests_browser' strategy...
2026-03-29 20:40:55,711 - WARNING - [Al Jazeera] FAILED with 'requests_browser' (content was too short: 66 words).
2026-03-29 20:40:56,692 - INFO - [Al Jazeera] Article: https://www.aljazeera.com/video/newsfeed/2026/3/29/we-can-insure-the-ship-but-we-cannot-insure-a-human-life?traffic_source=rss
2026-03-29 20:40:56,692 - INFO - [Al Jazeera] Attempt 2/2: Trying with 'selenium_browser' strategy...
2026-03-29 20:40:57,489 - INFO - [Al Jazeera] Page content loaded.
2026-03-29 20:40:57,570 - WARNING - [Al Jazeera] FAILED with 'selenium_browser' (content was too short: 70 words).
2026-03-29 20:40:57,570 - ERROR - [Al Jazeera] All scrape strategies failed for https://www.aljazeera.com/video/newsfeed/2026/3/29/we-can-insure-the-ship-but-we-cannot-insure-a-human-life?traffic_source=rss. Falling back to RSS description.
2026-03-29 20:40:57,570 - WARNING - SKIPPED (GLOBAL WORD LIMIT): Article '‘We can insure the ship, but we cannot insure a human life.’' from Al Jazeera has only 16 words (Min: 90).
2026-03-29 20:40:58,129 - INFO - [Al Jazeera] Article: https://www.aljazeera.com/video/newsfeed/2026/3/29/houthis-open-new-front-against-israel-is-red-sea-shipping-at-risk?traffic_source=rss
2026-03-29 20:40:58,129 - INFO - [Al Jazeera] Attempt 1/2: Trying with 'requests_browser' strategy...
2026-03-29 20:40:58,191 - WARNING - [Al Jazeera] FAILED with 'requests_browser' (content was too short: 68 words).
2026-03-29 20:40:59,106 - INFO - [Al Jazeera] Article: https://www.aljazeera.com/video/newsfeed/2026/3/29/houthis-open-new-front-against-israel-is-red-sea-shipping-at-risk?traffic_source=rss
2026-03-29 20:40:59,106 - INFO - [Al Jazeera] Attempt 2/2: Trying with 'selenium_browser' strategy...
2026-03-29 20:40:59,973 - INFO - [Al Jazeera] Page content loaded.
2026-03-29 20:41:00,035 - WARNING - [Al Jazeera] FAILED with 'selenium_browser' (content was too short: 72 words).
2026-03-29 20:41:00,035 - ERROR - [Al Jazeera] All scrape strategies failed for https://www.aljazeera.com/video/newsfeed/2026/3/29/houthis-open-new-front-against-israel-is-red-sea-shipping-at-risk?traffic_source=rss. Falling back to RSS description.
2026-03-29 20:41:00,035 - WARNING - SKIPPED (GLOBAL WORD LIMIT): Article 'Houthis open new front against Israel, is Red Sea shipping at risk?' from Al Jazeera has only 20 words (Min: 90).
2026-03-29 20:41:00,604 - INFO - [Al Jazeera] Article: https://www.aljazeera.com/video/newsfeed/2026/3/29/iran-hits-industrial-zone-in-southern-israel?traffic_source=rss
2026-03-29 20:41:00,604 - INFO - [Al Jazeera] Attempt 1/2: Trying with 'requests_browser' strategy...
2026-03-29 20:41:00,646 - WARNING - [Al Jazeera] FAILED with 'requests_browser' (content was too short: 41 words).
2026-03-29 20:41:01,234 - INFO - [Al Jazeera] Article: https://www.aljazeera.com/video/newsfeed/2026/3/29/iran-hits-industrial-zone-in-southern-israel?traffic_source=rss
2026-03-29 20:41:01,234 - INFO - [Al Jazeera] Attempt 2/2: Trying with 'selenium_browser' strategy...
2026-03-29 20:41:01,899 - INFO - [Al Jazeera] Page content loaded.
2026-03-29 20:41:01,990 - WARNING - [Al Jazeera] FAILED with 'selenium_browser' (content was too short: 45 words).
2026-03-29 20:41:01,990 - ERROR - [Al Jazeera] All scrape strategies failed for https://www.aljazeera.com/video/newsfeed/2026/3/29/iran-hits-industrial-zone-in-southern-israel?traffic_source=rss. Falling back to RSS description.
2026-03-29 20:41:01,990 - WARNING - SKIPPED (GLOBAL WORD LIMIT): Article 'Iran hits industrial zone in southern Israel' from Al Jazeera has only 16 words (Min: 90).
2026-03-29 20:41:03,182 - INFO - [Al Jazeera] Early skip: URL https://www.aljazeera.com/news/2026/3/29/israeli-police-block-catholic-cardinal-from-holy-sepulchre-on-palm-sunday?traffic_source=rss already exists.
2026-03-29 20:41:03,183 - INFO - [Al Jazeera] Article: https://www.aljazeera.com/video/newsfeed/2026/3/29/funeral-held-for-lebanese-journalists-killed-in-israeli-strike?traffic_source=rss
2026-03-29 20:41:03,184 - INFO - [Al Jazeera] Attempt 1/2: Trying with 'requests_browser' strategy...
2026-03-29 20:41:03,237 - WARNING - [Al Jazeera] FAILED with 'requests_browser' (content was too short: 69 words).
2026-03-29 20:41:04,075 - INFO - [Al Jazeera] Article: https://www.aljazeera.com/video/newsfeed/2026/3/29/funeral-held-for-lebanese-journalists-killed-in-israeli-strike?traffic_source=rss
2026-03-29 20:41:04,075 - INFO - [Al Jazeera] Attempt 2/2: Trying with 'selenium_browser' strategy...
2026-03-29 20:41:04,759 - INFO - [Al Jazeera] Page content loaded.
2026-03-29 20:41:04,841 - WARNING - [Al Jazeera] FAILED with 'selenium_browser' (content was too short: 73 words).
2026-03-29 20:41:04,841 - ERROR - [Al Jazeera] All scrape strategies failed for https://www.aljazeera.com/video/newsfeed/2026/3/29/funeral-held-for-lebanese-journalists-killed-in-israeli-strike?traffic_source=rss. Falling back to RSS description.
2026-03-29 20:41:04,841 - WARNING - SKIPPED (GLOBAL WORD LIMIT): Article 'Funeral held for Lebanese journalists killed in Israeli strike' from Al Jazeera has only 16 words (Min: 90).
2026-03-29 20:41:05,769 - INFO - [Al Jazeera] Early skip: URL https://www.aljazeera.com/news/2026/3/29/houthis-open-new-front-in-iran-war-will-yemeni-group-block-bab-al-mandeb?traffic_source=rss already exists.
2026-03-29 20:41:05,770 - INFO - [Al Jazeera] Early skip: URL https://www.aljazeera.com/news/2026/3/29/african-football-chief-will-respect-cas-decision-on-afcon-final-row?traffic_source=rss already exists.
2026-03-29 20:41:05,772 - INFO - [Al Jazeera] Article: https://www.aljazeera.com/video/digital-dilemma/2026/3/29/how-the-us-memeifies-its-war-on?traffic_source=rss
2026-03-29 20:41:05,772 - INFO - [Al Jazeera] Attempt 1/2: Trying with 'requests_browser' strategy...
2026-03-29 20:41:05,852 - WARNING - [Al Jazeera] FAILED with 'requests_browser' (content was too short: 82 words).
2026-03-29 20:41:06,748 - INFO - [Al Jazeera] Article: https://www.aljazeera.com/video/digital-dilemma/2026/3/29/how-the-us-memeifies-its-war-on?traffic_source=rss
2026-03-29 20:41:06,748 - INFO - [Al Jazeera] Attempt 2/2: Trying with 'selenium_browser' strategy...
2026-03-29 20:41:07,561 - INFO - [Al Jazeera] Page content loaded.
2026-03-29 20:41:07,619 - WARNING - [Al Jazeera] FAILED with 'selenium_browser' (content was too short: 49 words).
2026-03-29 20:41:07,619 - ERROR - [Al Jazeera] All scrape strategies failed for https://www.aljazeera.com/video/digital-dilemma/2026/3/29/how-the-us-memeifies-its-war-on?traffic_source=rss. Falling back to RSS description.
2026-03-29 20:41:07,619 - WARNING - SKIPPED (GLOBAL WORD LIMIT): Article 'How the US memeifies its war on Iran' from Al Jazeera has only 11 words (Min: 90).
2026-03-29 20:41:08,965 - INFO - [Al Jazeera] Early skip: URL https://www.aljazeera.com/news/2026/3/29/pakistan-maintains-delicate-balancing-act-as-it-hosts-iran-talks?traffic_source=rss already exists.
2026-03-29 20:41:08,966 - INFO - [Al Jazeera] Early skip: URL https://www.aljazeera.com/features/longform/2026/3/29/nowhere-is-really-safe-iranian-dissidents-grapple-with-us-war-in-iran?traffic_source=rss already exists.
2026-03-29 20:41:08,967 - INFO - [Al Jazeera] Early skip: URL https://www.aljazeera.com/sports/2026/3/29/israeli-footballers-role-in-assault-on-southern-lebanon-sparks-outrage?traffic_source=rss already exists.
2026-03-29 20:41:08,969 - INFO - [Al Jazeera] Early skip: URL https://www.aljazeera.com/news/2026/3/29/iran-hits-us-awacs-air-tankers-what-else-has-it-targeted-in-past-month?traffic_source=rss already exists.
2026-03-29 20:41:08,970 - INFO - [Al Jazeera] Article: https://www.aljazeera.com/video/newsfeed/2026/3/29/lebanese-family-launches-mobile-aid-initiative-for-displaced?traffic_source=rss
2026-03-29 20:41:08,970 - INFO - [Al Jazeera] Attempt 1/2: Trying with 'requests_browser' strategy...
2026-03-29 20:41:09,097 - WARNING - [Al Jazeera] FAILED with 'requests_browser' (content was too short: 40 words).
2026-03-29 20:41:09,868 - INFO - [Al Jazeera] Article: https://www.aljazeera.com/video/newsfeed/2026/3/29/lebanese-family-launches-mobile-aid-initiative-for-displaced?traffic_source=rss
2026-03-29 20:41:09,868 - INFO - [Al Jazeera] Attempt 2/2: Trying with 'selenium_browser' strategy...
2026-03-29 20:41:10,642 - INFO - [Al Jazeera] Page content loaded.
2026-03-29 20:41:10,716 - WARNING - [Al Jazeera] FAILED with 'selenium_browser' (content was too short: 44 words).
2026-03-29 20:41:10,716 - ERROR - [Al Jazeera] All scrape strategies failed for https://www.aljazeera.com/video/newsfeed/2026/3/29/lebanese-family-launches-mobile-aid-initiative-for-displaced?traffic_source=rss. Falling back to RSS description.
2026-03-29 20:41:10,717 - WARNING - SKIPPED (GLOBAL WORD LIMIT): Article 'Lebanese family launches mobile aid initiative for displaced' from Al Jazeera has only 19 words (Min: 90).
2026-03-29 20:41:11,486 - INFO - [Al Jazeera] Early skip: URL https://www.aljazeera.com/opinions/2026/3/29/icc-states-should-not-ignore-judicial-experts-conclusions-in-khans-case?traffic_source=rss already exists.
2026-03-29 20:41:11,487 - INFO - [Al Jazeera] Early skip: URL https://www.aljazeera.com/opinions/2026/3/29/the-us-israeli-war-on-humanity?traffic_source=rss already exists.
2026-03-29 20:41:11,488 - INFO - [Al Jazeera] Early skip: URL https://www.aljazeera.com/news/2026/3/29/pakistan-hosts-four-nation-bid-to-encourage-us-iran-towards-diplomacy?traffic_source=rss already exists.
2026-03-29 20:41:11,490 - INFO - [Al Jazeera] Article: https://www.aljazeera.com/video/newsfeed/2026/3/29/we-will-see-a-new-government-in-venezuela-in-cuba-and-in?traffic_source=rss
2026-03-29 20:41:11,490 - INFO - [Al Jazeera] Attempt 1/2: Trying with 'requests_browser' strategy...
2026-03-29 20:41:11,554 - WARNING - [Al Jazeera] FAILED with 'requests_browser' (content was too short: 50 words).
2026-03-29 20:41:12,128 - INFO - [Al Jazeera] Article: https://www.aljazeera.com/video/newsfeed/2026/3/29/we-will-see-a-new-government-in-venezuela-in-cuba-and-in?traffic_source=rss
2026-03-29 20:41:12,129 - INFO - [Al Jazeera] Attempt 2/2: Trying with 'selenium_browser' strategy...
2026-03-29 20:41:12,833 - INFO - [Al Jazeera] Page content loaded.
2026-03-29 20:41:12,908 - WARNING - [Al Jazeera] FAILED with 'selenium_browser' (content was too short: 54 words).
2026-03-29 20:41:12,908 - ERROR - [Al Jazeera] All scrape strategies failed for https://www.aljazeera.com/video/newsfeed/2026/3/29/we-will-see-a-new-government-in-venezuela-in-cuba-and-in?traffic_source=rss. Falling back to RSS description.
2026-03-29 20:41:12,908 - WARNING - SKIPPED (GLOBAL WORD LIMIT): Article '‘We will see a new government in Venezuela, in Cuba and in Iran’' from Al Jazeera has only 19 words (Min: 90).
2026-03-29 20:41:13,543 - INFO - [Al Jazeera] (Thread) Finished. Attempting to shut down its Selenium driver.
2026-03-29 20:41:13,622 - INFO - [Al Jazeera] (Thread) driver.quit() successful.
2026-03-29 20:41:16,896 - INFO - >>> SUCCESSFULLY SAVED [ID: 46494] - Farmers plead for tax breaks, diesel guarantees and help buying fertiliser as national cabinet meets on fuel crisis | Energy | The Guardian from The Guardian (678 words)
2026-03-29 20:41:17,821 - INFO - [The Guardian] Early skip: URL https://www.theguardian.com/australia-news/2026/mar/29/exmouth-isolated-and-inundated-in-wake-of-cyclone-narelle-as-chevron-works-to-restart-stalled-gas-plants already exists.
2026-03-29 20:41:17,823 - INFO - [The Guardian] Early skip: URL https://www.theguardian.com/australia-news/2026/mar/29/victorian-liberal-party-moira-deeming-preselection already exists.
2026-03-29 20:41:17,824 - INFO - [The Guardian] Early skip: URL https://www.theguardian.com/australia-news/2026/mar/29/victoria-free-public-transport-april-petrol-prices already exists.
2026-03-29 20:41:17,825 - INFO - [The Guardian] Early skip: URL https://www.theguardian.com/world/2026/mar/29/hope-running-low-for-humpback-whale-stranded-off-german-coast already exists.
2026-03-29 20:41:17,826 - INFO - [The Guardian] Early skip: URL https://www.theguardian.com/world/2026/mar/28/kitkat-stolen-italy-f1-bar already exists.
2026-03-29 20:41:17,828 - INFO - [The Guardian] Early skip: URL https://www.theguardian.com/world/2026/mar/28/22-people-die-after-six-days-adrift-in-boat-attempting-to-reach-europe-from-libya already exists.
2026-03-29 20:41:17,829 - INFO - [The Guardian] Early skip: URL https://www.theguardian.com/world/2026/mar/28/paris-police-foil-attempted-bomb-attack-bank-of-america already exists.
2026-03-29 20:41:17,830 - INFO - [The Guardian] Early skip: URL https://www.theguardian.com/world/2026/mar/28/young-voters-italy-referendum-giorgia-meloni already exists.
2026-03-29 20:41:17,831 - INFO - [The Guardian] Early skip: URL https://www.theguardian.com/world/live/2026/mar/29/middle-east-crisis-live-explosions-tehran-yemen-houthis-iran-war-updates-trump-us-israel-strikes-lebanon already exists.
2026-03-29 20:41:17,833 - INFO - [The Guardian] Early skip: URL https://www.theguardian.com/world/2026/mar/29/what-the-houthis-entry-into-the-iran-war-means-for-the-conflict-and-the-wider-region already exists.
2026-03-29 20:41:17,834 - INFO - [The Guardian] Early skip: URL https://www.theguardian.com/world/2026/mar/29/iran-accuses-us-plotting-ground-assault-publicly-seeking-talks already exists.
2026-03-29 20:41:17,835 - INFO - [The Guardian] Early skip: URL https://www.theguardian.com/world/2026/mar/28/lebanon-condemns-blatant-war-crime-israel-kills-three-journalists already exists.
2026-03-29 20:41:17,836 - INFO - [The Guardian] Early skip: URL https://www.theguardian.com/world/2026/mar/29/exhausted-palestinians-struggle-ceasefire-gaza-iran-israel-us-war-humanitarian-crisis already exists.
2026-03-29 20:41:17,837 - INFO - [The Guardian] Early skip: URL https://www.theguardian.com/world/2026/mar/28/kp-sharma-oli-nepal-arrested-alleged-role-protest-crackdown-ntwnfb already exists.
2026-03-29 20:41:17,838 - INFO - [The Guardian] Early skip: URL https://www.theguardian.com/world/2026/mar/26/nepal-pm-balendra-shah-rap already exists.
2026-03-29 20:41:17,840 - INFO - [The Guardian] Early skip: URL https://www.theguardian.com/world/2026/mar/24/taliban-us-academic-dennis-coyle already exists.
2026-03-29 20:41:17,841 - INFO - [The Guardian] Early skip: URL https://www.theguardian.com/world/2026/mar/24/iran-war-fuel-shortages-affecting-readers-worldwide already exists.
2026-03-29 20:41:17,842 - INFO - [The Guardian] Early skip: URL https://www.theguardian.com/world/2026/mar/21/kabul-hospital-strike-eid-pakistan-taliban-families-search-for-victims already exists.
2026-03-29 20:41:17,843 - INFO - [The Guardian] Early skip: URL https://www.theguardian.com/fashion/2026/mar/29/erin-oconnor-says-instagram-removed-pregnancy-photo-nudity-breach already exists.
2026-03-29 20:41:17,845 - INFO - [The Guardian] Early skip: URL https://www.theguardian.com/society/2026/mar/29/nhs-restructure-danger-wes-streeting-revive-service already exists.
2026-03-29 20:41:17,846 - INFO - [The Guardian] Early skip: URL https://www.theguardian.com/society/2026/mar/29/nhs-miss-targets-wait-times-performance-england-wes-streeting already exists.
2026-03-29 20:41:17,847 - INFO - [The Guardian] Early skip: URL https://www.theguardian.com/uk-news/2026/mar/29/man-arrested-in-derby-after-car-hits-multiple-pedestrians-with-some-seriously-injured already exists.
2026-03-29 20:41:17,848 - INFO - [The Guardian] Early skip: URL https://www.theguardian.com/business/2026/mar/29/one-in-five-uk-hospitality-businesses-fear-collapse-costs-surge already exists.
2026-03-29 20:41:17,850 - INFO - [The Guardian] Early skip: URL https://www.theguardian.com/us-news/2026/mar/29/dhs-longest-partial-government-shutdown already exists.
2026-03-29 20:41:17,851 - INFO - [The Guardian] Article: https://www.theguardian.com/us-news/2026/mar/29/cory-booker-democratic-party
2026-03-29 20:41:17,851 - INFO - [The Guardian] Attempt 1/1: Trying with 'requests_browser' strategy...
2026-03-29 20:41:17,916 - INFO - [The Guardian] Success with 'requests_browser'. Found content (566 words).
2026-03-29 20:41:37,052 - INFO - >>> SUCCESSFULLY SAVED [ID: 46495] - Bengali actor Rahul Arunoday Banerjee drowns in sea - The Hindu from The Hindu (455 words)
2026-03-29 20:41:37,900 - INFO - [The Hindu] Early skip: URL https://www.thehindu.com/elections/tamil-nadu-assembly/tvk-chief-vijay-to-contest-from-perambur-tiruchi-east-constituencies-making-electoral-debut-in-tn-assembly-election-2026/article70798908.ece already exists.
2026-03-29 20:41:37,902 - INFO - [The Hindu] Article: https://www.thehindu.com/news/national/assam/tea-body-seeks-clarity-on-assam-land-transfer-policy-for-plantation-workers/article70800268.ece
2026-03-29 20:41:37,902 - INFO - [The Hindu] Attempt 1/1: Trying with 'selenium_browser' strategy...
2026-03-29 20:41:38,676 - INFO - [The Hindu] Page content loaded.
2026-03-29 20:41:38,749 - INFO - [The Hindu] Success with 'selenium_browser'. Found content (396 words).
2026-03-29 20:41:59,231 - INFO - >>> SUCCESSFULLY SAVED [ID: 46496] - Cory Booker says Democrats have ‘failed this moment’ and calls for new leaders | Democrats | The Guardian from The Guardian (566 words)
2026-03-29 20:42:00,326 - INFO - [The Guardian] Early skip: URL https://www.theguardian.com/us-news/2026/mar/29/los-angeles-no-kings-protest-police-arrests already exists.
2026-03-29 20:42:00,327 - INFO - [The Guardian] Early skip: URL https://www.theguardian.com/world/2026/mar/29/pentagon-ground-operations-iran-report already exists.
2026-03-29 20:42:00,328 - INFO - [The Guardian] Early skip: URL https://www.theguardian.com/us-news/2026/mar/29/mars-college-california-campus already exists.
2026-03-29 20:42:19,215 - INFO - >>> SUCCESSFULLY SAVED [ID: 46497] - Tea body seeks clarity on Assam land transfer policy for plantation workers - The Hindu from The Hindu (396 words)
2026-03-29 20:42:20,402 - INFO - [The Hindu] Article: https://www.thehindu.com/news/national/kerala/firewood-shortage-looms-as-demand-spikes-amid-lpg-crisis/article70800006.ece
2026-03-29 20:42:20,402 - INFO - [The Hindu] Attempt 1/1: Trying with 'selenium_browser' strategy...
2026-03-29 20:42:21,062 - INFO - [The Hindu] Page content loaded.
2026-03-29 20:42:21,128 - INFO - [The Hindu] Success with 'selenium_browser'. Found content (266 words).
2026-03-29 20:42:44,728 - INFO - >>> SUCCESSFULLY SAVED [ID: 46498] - Firewood shortage looms as demand spikes amid LPG crisis - The Hindu from The Hindu (266 words)
2026-03-29 20:42:45,388 - INFO - [The Hindu] Article: https://www.thehindu.com/opinion/op-ed/a-sidetracked-railway-in-visakhapatnam/article70800480.ece
2026-03-29 20:42:45,388 - INFO - [The Hindu] Attempt 1/1: Trying with 'selenium_browser' strategy...
2026-03-29 20:42:46,127 - INFO - [The Hindu] Page content loaded.
2026-03-29 20:42:46,198 - INFO - [The Hindu] Success with 'selenium_browser'. Found content (711 words).
2026-03-29 20:43:09,902 - INFO - >>> SUCCESSFULLY SAVED [ID: 46499] - A sidetracked railway in Visakhapatnam - The Hindu from The Hindu (711 words)
2026-03-29 20:43:11,235 - INFO - [The Hindu] Early skip: URL https://www.thehindu.com/news/national/tamil-nadu/tamil-nadu-assembly-election-aiadmk-takes-the-lions-share-of-advantageous-seats/article70799895.ece already exists.
2026-03-29 20:43:11,236 - INFO - [The Hindu] Early skip: URL https://www.thehindu.com/news/national/karnataka/karnataka-information-commission-orders-probe-after-dead-man-appears-in-mysuru-land-records/article70799540.ece already exists.
2026-03-29 20:43:11,237 - INFO - [The Hindu] Early skip: URL https://www.thehindu.com/news/national/tamil-nadu/tambaram-dmk-mla-sr-rajas-supporters-protest-denial-of-poll-ticket/article70799807.ece already exists.
2026-03-29 20:43:11,238 - INFO - [The Hindu] Early skip: URL https://www.thehindu.com/news/national/karnataka/bengaluru-metro-ridership-doubles-as-ipl-ticketmetro-integration-draws-over-22000-commuters/article70800461.ece already exists.
2026-03-29 20:43:11,240 - INFO - [The Hindu] Early skip: URL https://www.thehindu.com/elections/tamil-nadu-assembly/vijay-follows-in-the-footseteps-of-tamil-nadu-politicians-with-a-penchant-for-dual-contests/article70799773.ece already exists.
2026-03-29 20:43:11,241 - INFO - [The Hindu] Early skip: URL https://www.thehindu.com/news/national/karnataka/over-60-fall-ill-after-consuming-prasada-in-bengaluru-rural/article70800266.ece already exists.
2026-03-29 20:43:11,242 - INFO - [The Hindu] Early skip: URL https://www.thehindu.com/news/national/karnataka/cab-driver-accused-of-insulting-kannada-language-complaint-filed-at-girinagar-police-station/article70799278.ece already exists.
2026-03-29 20:43:11,243 - INFO - [The Hindu] Early skip: URL https://www.thehindu.com/news/national/karnataka/bangalore-university-turns-to-social-media-to-boost-enrolment-in-degree-courses/article70799600.ece already exists.
2026-03-29 20:43:11,245 - INFO - [The Hindu] Early skip: URL https://www.thehindu.com/news/cities/bangalore/per-capita-spending-varies-by-25-times-across-bengaluru-corporations-report/article70800159.ece already exists.
2026-03-29 20:43:11,246 - INFO - [The Hindu] Early skip: URL https://www.thehindu.com/elections/tamil-nadu-assembly/tn-assembly-election-thirumavalavan-to-enter-the-fray-in-kattumannarkovil/article70800315.ece already exists.
2026-03-29 20:43:11,247 - INFO - [The Hindu] Early skip: URL https://www.thehindu.com/news/national/karnataka/bypolls-in-karnataka-different-stories-emerge-from-the-bagalkot-battleground/article70799604.ece already exists.
2026-03-29 20:43:11,248 - INFO - [The Hindu] Early skip: URL https://www.thehindu.com/news/national/karnataka/mann-ki-baat-prime-minister-narendra-modi-hails-bengaluru-based-education-institute-for-popularising-science-education/article70799039.ece already exists.
2026-03-29 20:43:11,249 - INFO - [The Hindu] Early skip: URL https://www.thehindu.com/news/cities/bangalore/bengaluru-metros-purple-line-services/article70798630.ece already exists.
2026-03-29 20:43:11,250 - INFO - [The Hindu] Early skip: URL https://www.thehindu.com/elections/tamil-nadu-assembly/how-close-contests-impacted-victory-margins-in-past-assembly-elections-in-tamil-nadu/article70799290.ece already exists.
2026-03-29 20:43:11,252 - INFO - [The Hindu] Early skip: URL https://www.thehindu.com/elections/tamil-nadu-assembly/mg-ramachandran-mgr-tamil-nadu-charismatic-leader-who-won-his-first-and-last-elections-from-hospital-beds/article70799248.ece already exists.
2026-03-29 20:43:11,253 - INFO - [The Hindu] Article: https://www.thehindu.com/news/cities/chennai/title-of-natya-kalasarathy-conferred-on-priyadarsini-govind/article70800279.ece
2026-03-29 20:43:11,253 - INFO - [The Hindu] Attempt 1/1: Trying with 'selenium_browser' strategy...
2026-03-29 20:43:12,404 - INFO - [The Hindu] Page content loaded.
2026-03-29 20:43:12,543 - INFO - [The Hindu] Success with 'selenium_browser'. Found content (203 words).
2026-03-29 20:43:35,967 - INFO - >>> SUCCESSFULLY SAVED [ID: 46500] - Title of Natya Kalasarathy conferred on Priyadarsini Govind - The Hindu from The Hindu (203 words)
2026-03-29 20:43:37,461 - INFO - [The Hindu] Early skip: URL https://www.thehindu.com/elections/tamil-nadu-assembly/former-mp-among-21-candidates-announced-by-sasikalas-party/article70800597.ece already exists.
2026-03-29 20:43:37,462 - INFO - [The Hindu] Early skip: URL https://www.thehindu.com/elections/kerala-assembly/kerala-assembly-elections-2026-poll-promises-may-hit-the-coffers-hard/article70799420.ece already exists.
2026-03-29 20:43:37,464 - INFO - [The Hindu] Early skip: URL https://www.thehindu.com/news/national/promises-delivered-and-undelivered-during-5-years-of-dmk-government/article70800551.ece already exists.
2026-03-29 20:43:37,465 - INFO - [The Hindu] Early skip: URL https://www.thehindu.com/elections/kerala-assembly/a-double-engine-govt-will-de-risk-people-from-political-conflicts-that-hurt-their-development-rajeev-chandrasekhar/article70799213.ece already exists.
2026-03-29 20:43:37,466 - INFO - [The Hindu] Early skip: URL https://www.thehindu.com/elections/tamil-nadu-assembly/former-aiadmk-functionaries-join-tvk-fielded-in-tirupattur-and-cheyyar-assembly-seats/article70799081.ece already exists.
2026-03-29 20:43:37,467 - INFO - [The Hindu] Early skip: URL https://www.thehindu.com/elections/kerala-assembly/kerala-assembly-elections-2026-green-button-campaign-picks-up-pace-in-kerala/article70796531.ece already exists.
2026-03-29 20:43:37,468 - INFO - [The Hindu] Early skip: URL https://www.thehindu.com/news/national/karnataka/protest-against-kps-magnet-scheme-in-kodagu/article70799882.ece already exists.
2026-03-29 20:43:37,470 - INFO - [The Hindu] Early skip: URL https://www.thehindu.com/news/national/karnataka/person-found-dead-at-his-farm-near-holehonnur/article70799170.ece already exists.
2026-03-29 20:43:37,471 - INFO - [The Hindu] Early skip: URL https://www.thehindu.com/news/national/report-highlights-steps-taken-to-mitigate-risks-posed-by-offshore-virtual-asset-service-providers/article70799962.ece already exists.
2026-03-29 20:43:37,473 - INFO - [The Hindu] Article: https://www.thehindu.com/news/national/karnataka/bird-watching-programme-held-at-kukkarahalli-lake/article70800118.ece
2026-03-29 20:43:37,473 - INFO - [The Hindu] Attempt 1/1: Trying with 'selenium_browser' strategy...
2026-03-29 20:43:38,269 - INFO - [The Hindu] Page content loaded.
2026-03-29 20:43:38,336 - WARNING - [The Hindu] FAILED with 'selenium_browser' (content was too short: 85 words).
2026-03-29 20:43:38,336 - ERROR - [The Hindu] All scrape strategies failed for https://www.thehindu.com/news/national/karnataka/bird-watching-programme-held-at-kukkarahalli-lake/article70800118.ece. Falling back to RSS description.
2026-03-29 20:43:38,336 - WARNING - SKIPPED (GLOBAL WORD LIMIT): Article 'Bird watching programme held at Kukkarahalli Lake' from The Hindu has only 3 words (Min: 90).
2026-03-29 20:43:39,066 - INFO - [The Hindu] Early skip: URL https://www.thehindu.com/news/national/karnataka/hotels-in-rural-areas-of-shivamogga-badly-hit-due-to-disruption-in-supply-of-commercial-lpg/article70799143.ece already exists.
2026-03-29 20:43:39,067 - INFO - [The Hindu] Early skip: URL https://www.thehindu.com/news/national/karnataka/association-asks-hoteliers-to-submit-applications-to-authorised-omc-dealers-for-commercial-lpg/article70800041.ece already exists.
2026-03-29 20:43:39,068 - INFO - [The Hindu] Early skip: URL https://www.thehindu.com/news/national/andhra-pradesh/advanced-equipment-commissioned-at-sri-sathya-sai-hospital-in-puttaparthi/article70799772.ece already exists.
2026-03-29 20:43:39,070 - INFO - [The Hindu] Early skip: URL https://www.thehindu.com/news/national/telangana/global-experts-iit-delhi-working-on-rehab-and-revival-of-kaleshwaram-barrages/article70800483.ece already exists.
2026-03-29 20:43:39,071 - INFO - [The Hindu] Early skip: URL https://www.thehindu.com/elections/tamil-nadu-assembly/tn-assembly-election-tvk-promises-free-education-loans-unemployment-allowance-and-incentives-for-firms-that-employ-tamil-workers/article70799780.ece already exists.
2026-03-29 20:43:39,072 - INFO - [The Hindu] Early skip: URL https://www.thehindu.com/news/national/karnataka/student-dies-in-road-accident-in-hassan/article70799209.ece already exists.
2026-03-29 20:43:39,073 - INFO - [The Hindu] Early skip: URL https://www.thehindu.com/news/national/karnataka/government-to-fill-up-8000-vacant-posts-in-police-department-this-year-siddaramaiah/article70799005.ece already exists.
2026-03-29 20:43:39,075 - INFO - [The Hindu] Early skip: URL https://www.thehindu.com/news/national/karnataka/127-out-of-327-newly-inducted-police-sub-inspectors-are-engineering-graduates/article70799479.ece already exists.
2026-03-29 20:43:39,076 - INFO - [The Hindu] Early skip: URL https://www.thehindu.com/elections/assam-assembly/amit-shah-says-curbing-infiltration-not-enough-every-illegal-immigrant-must-be-deported-from-assam/article70799150.ece already exists.
2026-03-29 20:43:39,077 - INFO - [The Hindu] Early skip: URL https://www.thehindu.com/news/national/karnataka/anil-kumar-thippannavar-bags-multiple-honours-at-trainee-police-sub-inspectors-passing-out-ceremony/article70799688.ece already exists.
2026-03-29 20:43:39,078 - INFO - [The Hindu] Article: https://www.thehindu.com/news/national/india-us-ties-ambassador-gor-outlines-win-win-economic-growth-highlights-security-cooperation-as-core-strategic-pillar/article70799536.ece
2026-03-29 20:43:39,079 - INFO - [The Hindu] Attempt 1/1: Trying with 'selenium_browser' strategy...
2026-03-29 20:43:39,252 - INFO - [The Hindu] Page content loaded.
2026-03-29 20:43:39,316 - INFO - [The Hindu] Success with 'selenium_browser'. Found content (697 words).
2026-03-29 20:44:02,591 - INFO - >>> SUCCESSFULLY SAVED [ID: 46501] - India-US ties: Ambassador Gor outlines ‘win-win’ economic growth, highlights security cooperation as core strategic pillar - The Hindu from The Hindu (697 words)
2026-03-29 20:44:03,453 - INFO - [The Hindu] Article: https://www.thehindu.com/news/national/karnataka/rain-disrupts-life-in-three-districts/article70799350.ece
2026-03-29 20:44:03,453 - INFO - [The Hindu] Attempt 1/1: Trying with 'selenium_browser' strategy...
2026-03-29 20:44:04,050 - INFO - [The Hindu] Page content loaded.
2026-03-29 20:44:04,116 - INFO - [The Hindu] Success with 'selenium_browser'. Found content (305 words).
2026-03-29 20:44:27,967 - INFO - >>> SUCCESSFULLY SAVED [ID: 46502] - Rain disrupts life in three districts - The Hindu from The Hindu (305 words)
2026-03-29 20:44:29,289 - INFO - [The Hindu] Article: https://www.thehindu.com/news/national/andhra-pradesh/christians-celebrate-palm-sunday-with-processions-and-prayers-in-vijayawada/article70800130.ece
2026-03-29 20:44:29,289 - INFO - [The Hindu] Attempt 1/1: Trying with 'selenium_browser' strategy...
2026-03-29 20:44:30,017 - INFO - [The Hindu] Page content loaded.
2026-03-29 20:44:30,069 - INFO - [The Hindu] Success with 'selenium_browser'. Found content (299 words).
2026-03-29 20:44:53,617 - INFO - >>> SUCCESSFULLY SAVED [ID: 46503] - Christians celebrate Palm Sunday with processions and prayers in Vijayawada - The Hindu from The Hindu (299 words)
2026-03-29 20:44:54,561 - INFO - [The Hindu] Article: https://www.thehindu.com/news/national/odisha/bjd-mp-quits-house-panel-protesting-disparaging-remarks-against-biju-patnaik/article70800066.ece
2026-03-29 20:44:54,561 - INFO - [The Hindu] Attempt 1/1: Trying with 'selenium_browser' strategy...
2026-03-29 20:44:55,234 - INFO - [The Hindu] Page content loaded.
2026-03-29 20:44:55,307 - INFO - [The Hindu] Success with 'selenium_browser'. Found content (440 words).
2026-03-29 20:45:19,002 - INFO - >>> SUCCESSFULLY SAVED [ID: 46504] - BJD MP quits House panel protesting disparaging remarks against Biju Patnaik - The Hindu from The Hindu (440 words)
2026-03-29 20:45:19,987 - INFO - [The Hindu] Article: https://www.thehindu.com/news/national/karnataka/shivamogga-police-to-be-alert-on-traffic-rule-violators/article70799425.ece
2026-03-29 20:45:19,987 - INFO - [The Hindu] Attempt 1/1: Trying with 'selenium_browser' strategy...
2026-03-29 20:45:20,661 - INFO - [The Hindu] Page content loaded.
2026-03-29 20:45:20,729 - INFO - [The Hindu] Success with 'selenium_browser'. Found content (167 words).
2026-03-29 20:45:43,234 - CRITICAL - --- TIMEOUT: 1 scrape jobs did not complete in 300s. ---
2026-03-29 20:45:43,235 - ERROR - A thread has timed out and will be abandoned.
2026-03-29 20:45:43,235 - INFO - Shutting down thread pool (wait=False)...
2026-03-29 20:45:43,235 - INFO - Scraped: 1 Times of India, 1 BBC, 0 TechCrunch, 0 The Dawn, 1 Al Jazeera, 0 Economic Times, 3 The Guardian, 1 Timed_Out_Jobs articles. (Total saved: 6)
2026-03-29 20:45:43,235 - INFO - --- Scraping job finished ---
2026-03-29 20:45:43,235 - INFO - --- Scraper service stopped. ---
2026-03-29 20:45:43,235 - INFO - --- Main thread finished. Forcing process exit to kill zombie threads. ---
