2025-12-23 04:57:49,849 - INFO - Loading AI Semantic Model (all-MiniLM-L6-v2)...
2025-12-23 04:57:49,850 - INFO - Use pytorch device_name: cpu
2025-12-23 04:57:49,850 - INFO - Load pretrained SentenceTransformer: all-MiniLM-L6-v2
2025-12-23 04:57:50,376 - INFO - AI Model loaded successfully.
2025-12-23 04:57:50,376 - INFO - --- Scraper service started (CI Mode: Run Once) ---
2025-12-23 04:57:50,376 - INFO - --- Starting new scraping job (Parallel Mode) ---
2025-12-23 04:57:50,376 - INFO - Creating new robust session with 3 retries on 5xx/connection/read errors.
2025-12-23 04:57:50,377 - INFO - Proxy is DISABLED.
2025-12-23 04:57:50,377 - INFO - Starting scrape for BBC RSS feed: http://feeds.bbci.co.uk/news/world/rss.xml
2025-12-23 04:57:50,378 - INFO - [Times of India] (Thread) requires Selenium. Initializing driver...
2025-12-23 04:57:50,378 - INFO - Starting scrape for The Guardian RSS feed: https://www.theguardian.com/world/rss
2025-12-23 04:57:50,379 - INFO - [The Hindu] (Thread) requires Selenium. Initializing driver...
2025-12-23 04:57:50,380 - INFO - Submitted 4 jobs to thread pool. Waiting up to 300s for completion...
2025-12-23 04:57:50,507 - INFO - Found 36 articles in BBC RSS feed. Processing up to 30.
2025-12-23 04:57:50,507 - INFO - [BBC] Early skip: URL https://www.bbc.com/news/articles/ckgmd132ge4o?at_medium=RSS&at_campaign=rss already exists.
2025-12-23 04:57:50,513 - INFO - Found 45 articles in The Guardian RSS feed. Processing up to 30.
2025-12-23 04:57:50,645 - INFO - [The Guardian] Early skip: URL https://www.theguardian.com/world/2025/dec/22/freed-nigerian-schoolchildren-set-to-be-reunited-with-families already exists.
2025-12-23 04:57:50,797 - INFO - [BBC] Early skip: URL https://www.bbc.com/news/articles/ce86le5dyxyo?at_medium=RSS&at_campaign=rss already exists.
2025-12-23 04:57:51,021 - INFO - [The Guardian] Early skip: URL https://www.theguardian.com/world/2025/dec/21/more-kidnapped-schoolchildren-freed-in-nigeria already exists.
2025-12-23 04:57:51,192 - INFO - [BBC] Early skip: URL https://www.bbc.com/news/articles/cdxe8yqlvgzo?at_medium=RSS&at_campaign=rss already exists.
2025-12-23 04:57:51,414 - INFO - [The Guardian] Early skip: URL https://www.theguardian.com/uk-news/2025/dec/21/manchester-museum-uncover-hidden-histories-africa-hub already exists.
2025-12-23 04:57:51,629 - INFO - [BBC] Early skip: URL https://www.bbc.com/news/articles/cz7ndpq42y0o?at_medium=RSS&at_campaign=rss already exists.
2025-12-23 04:57:51,762 - INFO - [The Guardian] Early skip: URL https://www.theguardian.com/global-development/2025/dec/21/sweden-and-germany-slash-aid-budgets-to-focus-on-ukraine-and-defence-spending already exists.
2025-12-23 04:57:51,920 - INFO - [BBC] Early skip: URL https://www.bbc.com/news/articles/c99722j4lkgo?at_medium=RSS&at_campaign=rss already exists.
2025-12-23 04:57:52,161 - INFO - [The Guardian] Early skip: URL https://www.theguardian.com/world/2025/dec/21/gunmen-johannesburg-township-in-south-africas-second-mass-shooting-within-weeks already exists.
2025-12-23 04:57:52,408 - INFO - [BBC] Early skip: URL https://www.bbc.com/news/articles/c2084n1pyvdo?at_medium=RSS&at_campaign=rss already exists.
2025-12-23 04:57:52,600 - INFO - [The Guardian] Early skip: URL https://www.theguardian.com/world/2025/dec/23/russia-china-support-venezuela-trump-pressure-maduro already exists.
2025-12-23 04:57:52,782 - INFO - [BBC] Early skip: URL https://www.bbc.com/news/articles/c2084nq2npjo?at_medium=RSS&at_campaign=rss already exists.
2025-12-23 04:57:53,075 - INFO - [BBC] Early skip: URL https://www.bbc.com/news/articles/cx25rled0ylo?at_medium=RSS&at_campaign=rss already exists.
2025-12-23 04:57:53,251 - INFO - [The Guardian] Early skip: URL https://www.theguardian.com/world/2025/dec/23/former-blackrock-executive-mark-wiseman-named-as-canadas-next-ambassador-to-us already exists.
2025-12-23 04:57:53,534 - INFO - [BBC] Early skip: URL https://www.bbc.com/news/articles/cx2dmj7p8y2o?at_medium=RSS&at_campaign=rss already exists.
2025-12-23 04:57:53,791 - INFO - [The Guardian] Early skip: URL https://www.theguardian.com/media/2025/dec/22/cbs-pulls-60-minutes-segment-el-salvador-prison already exists.
2025-12-23 04:57:54,005 - INFO - [BBC] Early skip: URL https://www.bbc.com/news/articles/c8jwn9wznx1o?at_medium=RSS&at_campaign=rss already exists.
2025-12-23 04:57:54,243 - INFO - [The Guardian] Early skip: URL https://www.theguardian.com/world/2025/dec/22/ecuador-guayaquil-four-military-sentenced already exists.
2025-12-23 04:57:54,449 - INFO - [BBC] Early skip: URL https://www.bbc.com/news/articles/cx237k4rr04o?at_medium=RSS&at_campaign=rss already exists.
2025-12-23 04:57:54,709 - INFO - [The Guardian] Early skip: URL https://www.theguardian.com/media/2025/dec/22/cbs-news-delays-60-minutes-segment-featuring-investigation-into-cecot-megaprison already exists.
2025-12-23 04:57:54,866 - INFO - [BBC] Early skip: URL https://www.bbc.com/news/articles/cz0n51p00jmo?at_medium=RSS&at_campaign=rss already exists.
2025-12-23 04:57:55,002 - INFO - [The Guardian] Early skip: URL https://www.theguardian.com/world/2025/dec/23/christians-pastors-arrested-detained-china-crackdown-house-churches already exists.
2025-12-23 04:57:55,262 - INFO - [BBC] Early skip: URL https://www.bbc.com/news/articles/c5ydej888n9o?at_medium=RSS&at_campaign=rss already exists.
2025-12-23 04:57:55,531 - INFO - [The Guardian] Early skip: URL https://www.theguardian.com/business/2025/dec/22/china-hits-eu-dairy-industry-with-tariffs already exists.
2025-12-23 04:57:55,642 - INFO - [BBC] Early skip: URL https://www.bbc.com/news/articles/cd74ldr2zryo?at_medium=RSS&at_campaign=rss already exists.
2025-12-23 04:57:55,837 - INFO - [The Guardian] Early skip: URL https://www.theguardian.com/world/2025/dec/22/jeju-air-crash-independent-inquiry-south-korea already exists.
2025-12-23 04:57:55,985 - INFO - [BBC] Early skip: URL https://www.bbc.com/news/articles/ce86l95gx5po?at_medium=RSS&at_campaign=rss already exists.
2025-12-23 04:57:56,169 - INFO - [The Guardian] Early skip: URL https://www.theguardian.com/world/2025/dec/22/new-zealand-christchurch-spoof-absurdist-road-signs already exists.
2025-12-23 04:57:56,455 - INFO - [BBC] Early skip: URL https://www.bbc.com/news/articles/c5y2veyg1pno?at_medium=RSS&at_campaign=rss already exists.
2025-12-23 04:57:56,718 - INFO - [The Guardian] Early skip: URL https://www.theguardian.com/environment/2025/dec/21/takahe-chick-rare-born-new-zealand already exists.
2025-12-23 04:57:57,005 - INFO - [BBC] Early skip: URL https://www.bbc.com/news/articles/cdd5j9jdvy9o?at_medium=RSS&at_campaign=rss already exists.
2025-12-23 04:57:57,224 - INFO - [The Guardian] Early skip: URL https://www.theguardian.com/australia-news/live/2025/dec/23/bondi-terror-attacks-response-nsw-law-changes-gun-law-reform-protest-restrictions-chris-minns-anthony-albanese-labr-sussan-ley-coalition-ntwnfb already exists.
2025-12-23 04:57:57,437 - INFO - [BBC] Early skip: URL https://www.bbc.com/news/articles/cj9ydj7y0vvo?at_medium=RSS&at_campaign=rss already exists.
2025-12-23 04:57:57,725 - INFO - Selenium driver initialized successfully.
2025-12-23 04:57:57,725 - INFO - Starting scrape for Times of India RSS feed: https://timesofindia.indiatimes.com/rssfeeds/296589292.cms
2025-12-23 04:57:57,726 - INFO - Selenium driver initialized successfully.
2025-12-23 04:57:57,726 - INFO - Starting scrape for The Hindu RSS feed: https://www.thehindu.com/news/national/feeder/default.rss
2025-12-23 04:57:57,729 - INFO - [The Guardian] Article: https://www.theguardian.com/australia-news/2025/dec/23/australian-neo-nazi-refused-bail-a-second-time-over-alleged-threatening-messages-targeting-allegra-spender-ntwnfb
2025-12-23 04:57:57,729 - INFO - [The Guardian] Attempt 1/1: Trying with 'requests_browser' strategy...
2025-12-23 04:57:57,730 - INFO - [BBC] Early skip: URL https://www.bbc.com/news/articles/cn5lnzlvqg2o?at_medium=RSS&at_campaign=rss already exists.
2025-12-23 04:57:57,836 - INFO - [The Guardian] Success with 'requests_browser'. Found content (440 words).
2025-12-23 04:57:57,881 - INFO - Found 20 articles in Times of India RSS feed. Processing up to 30.
2025-12-23 04:57:57,898 - INFO - Found 100 articles in The Hindu RSS feed. Processing up to 30.
2025-12-23 04:58:10,604 - INFO - Saved article: Australian neo-Nazi refused bail a second time over alleged threatening messages targeting Allegra Spender | Far right | The Guardian from The Guardian (440 words)
2025-12-23 04:58:10,604 - INFO - [Times of India] Article: https://timesofindia.indiatimes.com/world/us/hes-gotta-watch-himself-trump-threatens-colombian-president-over-cocaine-trafficking-in-us-video/articleshow/126132897.cms
2025-12-23 04:58:10,604 - INFO - [Times of India] Attempt 1/1: Trying with 'selenium_browser' strategy...
2025-12-23 04:58:10,605 - INFO - [The Hindu] Article: https://www.thehindu.com/news/national/tamil-nadu/switch-over-to-reading-from-addiction-to-reels-and-shorts-says-cm-stalin/article70428435.ece
2025-12-23 04:58:10,605 - INFO - [The Hindu] Attempt 1/1: Trying with 'selenium_browser' strategy...
2025-12-23 04:58:10,606 - INFO - [BBC] Early skip: URL https://www.bbc.com/news/articles/c3d03943zg8o?at_medium=RSS&at_campaign=rss already exists.
2025-12-23 04:58:10,870 - INFO - [BBC] Early skip: URL https://www.bbc.com/news/articles/cqjg18xe0wwo?at_medium=RSS&at_campaign=rss already exists.
2025-12-23 04:58:11,116 - INFO - [BBC] Early skip: URL https://www.bbc.com/news/articles/cg5m49j14pyo?at_medium=RSS&at_campaign=rss already exists.
2025-12-23 04:58:11,297 - INFO - [BBC] Early skip: URL https://www.bbc.com/news/articles/cm20ppy0rreo?at_medium=RSS&at_campaign=rss already exists.
2025-12-23 04:58:11,528 - INFO - [BBC] Early skip: URL https://www.bbc.com/news/articles/cy95w0x9889o?at_medium=RSS&at_campaign=rss already exists.
2025-12-23 04:58:11,673 - INFO - [BBC] Early skip: URL https://www.bbc.com/news/articles/cx2gk56pd5eo?at_medium=RSS&at_campaign=rss already exists.
2025-12-23 04:58:11,878 - INFO - [BBC] Early skip: URL https://www.bbc.com/news/articles/c1lr980vvjpo?at_medium=RSS&at_campaign=rss already exists.
2025-12-23 04:58:12,035 - INFO - [BBC] Early skip: URL https://www.bbc.com/news/articles/cp8zd176516o?at_medium=RSS&at_campaign=rss already exists.
2025-12-23 04:58:12,156 - INFO - [BBC] Early skip: URL https://www.bbc.com/news/articles/cjrjpdz33vxo?at_medium=RSS&at_campaign=rss already exists.
2025-12-23 04:58:12,259 - INFO - [BBC] Early skip: URL https://www.bbc.com/news/articles/c93nwrzgypqo?at_medium=RSS&at_campaign=rss already exists.
2025-12-23 04:58:12,392 - INFO - [BBC] Early skip: URL https://www.bbc.com/news/articles/c8dy5m56477o?at_medium=RSS&at_campaign=rss already exists.
2025-12-23 04:58:12,558 - INFO - [The Guardian] Article: https://www.theguardian.com/australia-news/2025/dec/23/sydney-council-seeks-to-shut-down-islamic-centre-linked-to-controversial-preacher-wisam-haddad-ntwnfb
2025-12-23 04:58:12,559 - INFO - [The Guardian] Attempt 1/1: Trying with 'requests_browser' strategy...
2025-12-23 04:58:12,674 - INFO - [The Guardian] Success with 'requests_browser'. Found content (604 words).
2025-12-23 04:58:16,020 - INFO - [The Hindu] Page content loaded.
2025-12-23 04:58:16,231 - INFO - [The Hindu] Success with 'selenium_browser'. Found content (251 words).
2025-12-23 04:58:42,204 - INFO - Saved article: Sydney council seeks to shut down Islamic centre linked to controversial preacher Wisam Haddad | Bondi beach terror attack | The Guardian from The Guardian (604 words)
2025-12-23 04:58:56,818 - INFO - Saved article: Switch over to reading from addiction to reels and shorts, says CM Stalin - The Hindu from The Hindu (251 words)
2025-12-23 04:58:56,819 - INFO - [The Guardian] Early skip: URL https://www.theguardian.com/australia-news/2025/dec/23/government-mp-expenses-travel-entitlements-families-wound-back-albanese already exists.
2025-12-23 04:58:56,962 - INFO - [The Guardian] Early skip: URL https://www.theguardian.com/australia-news/2025/dec/23/activist-groups-to-challenge-nsw-protest-laws-on-right-to-free-speech-grounds-ntwnfb already exists.
2025-12-23 04:58:57,168 - INFO - [The Guardian] Early skip: URL https://www.theguardian.com/politics/2025/dec/22/keir-starmer-told-closer-eu-trade-ties-strategic-necessity-for-uk-firms already exists.
2025-12-23 04:58:57,406 - INFO - [The Guardian] Early skip: URL https://www.theguardian.com/world/2025/dec/22/russian-general-fanil-sarvarov-killed-car-bomb-moscow-investigators-say already exists.
2025-12-23 04:58:57,675 - INFO - [The Hindu] Article: https://www.thehindu.com/news/national/manipur/two-cadres-of-proscribed-outfit-held-in-manipur/article70428398.ece
2025-12-23 04:58:57,675 - INFO - [The Hindu] Attempt 1/1: Trying with 'selenium_browser' strategy...
2025-12-23 04:58:57,676 - INFO - [The Guardian] Early skip: URL https://www.theguardian.com/politics/2025/dec/22/labour-calls-rejoin-eu-customs-union-harder-starmer-resist already exists.
2025-12-23 04:58:57,899 - INFO - [The Guardian] Early skip: URL https://www.theguardian.com/world/2025/dec/22/frances-national-post-office-hit-by-suspected-cyberattack already exists.
2025-12-23 04:58:58,106 - INFO - [The Guardian] Early skip: URL https://www.theguardian.com/world/2025/dec/22/portugals-far-right-chega-party-ordered-to-take-down-posters-targeting-roma-people already exists.
2025-12-23 04:58:58,341 - INFO - [The Guardian] Early skip: URL https://www.theguardian.com/uk-news/2025/dec/22/families-of-palestine-action-hunger-strikers-seek-urgent-meeting-with-lammy already exists.
2025-12-23 04:58:58,485 - INFO - [The Guardian] Early skip: URL https://www.theguardian.com/world/2025/dec/21/israel-approves-new-jewish-settlements-occupied-west-bank already exists.
2025-12-23 04:58:58,774 - INFO - [The Guardian] Early skip: URL https://www.theguardian.com/world/2025/dec/20/israeli-troops-kill-palestinians-sheltering-in-gaza-school-hospital-chiefs already exists.
2025-12-23 04:58:59,065 - INFO - [The Guardian] Early skip: URL https://www.theguardian.com/world/2025/dec/19/gaza-famine-hunger-food-shortages-winter-flooding-un already exists.
2025-12-23 04:58:59,265 - INFO - [The Guardian] Early skip: URL https://www.theguardian.com/global-development/2025/dec/19/gaza-phd-student-manar-al-houbi-granted-access-to-uk-but-others-remain-stranded already exists.
2025-12-23 04:59:01,697 - INFO - [The Hindu] Page content loaded.
2025-12-23 04:59:01,797 - INFO - [The Hindu] Success with 'selenium_browser'. Found content (185 words).
2025-12-23 04:59:15,829 - INFO - Saved article: Two cadres of proscribed outfit held in Manipur - The Hindu from The Hindu (185 words)
2025-12-23 04:59:17,293 - INFO - [The Hindu] Article: https://www.thehindu.com/news/cities/Delhi/delhiites-wake-up-to-hazardous-air-aqi-crosses-400-at-27-stations-several-others-slip-to-severe-plus-range/article70428404.ece
2025-12-23 04:59:17,293 - INFO - [The Hindu] Attempt 1/1: Trying with 'selenium_browser' strategy...
2025-12-23 04:59:18,183 - INFO - [The Hindu] Page content loaded.
2025-12-23 04:59:18,242 - INFO - [The Hindu] Success with 'selenium_browser'. Found content (297 words).
2025-12-23 04:59:32,884 - INFO - Saved article: Delhiites wake up to hazardous air, AQI crosses 400 at 27 stations; several others slip to ‘severe plus’ range - The Hindu from The Hindu (297 words)
2025-12-23 04:59:33,505 - INFO - [The Hindu] Early skip: URL https://www.thehindu.com/news/national/kerala/four-of-family-found-dead-in-keralas-kannur-family-feud-over-child-custody-cited-as-cause/article70428317.ece already exists.
2025-12-23 04:59:33,743 - INFO - [The Hindu] Early skip: URL https://www.thehindu.com/news/national/on-the-right-to-a-healthy-environment/article70425821.ece already exists.
2025-12-23 04:59:33,932 - INFO - [The Hindu] Early skip: URL https://www.thehindu.com/news/national/bjp-proposing-elimination-of-indian-constitution-rahul-gandhi-in-berlin/article70428308.ece already exists.
2025-12-23 04:59:34,039 - INFO - [The Hindu] Early skip: URL https://www.thehindu.com/news/national/tamil-nadu/institutional-mechanisms-dont-work-any-more-need-to-convert-electorate-to-honest-people-judge-zak-yacoob/article70427175.ece already exists.
2025-12-23 04:59:34,267 - INFO - [The Hindu] Early skip: URL https://www.thehindu.com/news/national/uttarakhand/haridwar-hotel-cancel-christmas-event-after-protest-by-hindu-groups/article70427146.ece already exists.
2025-12-23 04:59:34,565 - INFO - [The Hindu] Early skip: URL https://www.thehindu.com/news/national/maharashtra/shiv-sena-ubt-and-mns-to-announce-alliance-in-two-days/article70426579.ece already exists.
2025-12-23 04:59:34,800 - INFO - [The Hindu] Early skip: URL https://www.thehindu.com/news/national/haryana/haryana-assembly-amends-private-universities-law-to-tighten-its-grip-over-the-institutes/article70427231.ece already exists.
2025-12-23 04:59:34,943 - INFO - [The Hindu] Early skip: URL https://www.thehindu.com/news/national/west-bengal/bjp-is-pushing-country-towardsits-endby-removing-gandhijis-name-from-mgnrega-mamata-on-vb-g-ram-g-bill/article70426477.ece already exists.
2025-12-23 04:59:35,222 - INFO - [The Hindu] Early skip: URL https://www.thehindu.com/news/national/agustawestland-court-reserves-order-on-christian-michels-plea-seeking-release-in-cbi-case/article70426910.ece already exists.
2025-12-23 04:59:35,437 - INFO - [The Hindu] Early skip: URL https://www.thehindu.com/news/national/bangladesh-high-commission-stops-visa-services-citing-security-situation/article70427161.ece already exists.
2025-12-23 04:59:35,562 - INFO - [The Hindu] Early skip: URL https://www.thehindu.com/news/cities/Delhi/must-learn-hindi-to-work-in-delhi-bjp-councillor-tells-football-coach-from-africa/article70427389.ece already exists.
2025-12-23 04:59:35,852 - INFO - [The Hindu] Early skip: URL https://www.thehindu.com/news/cities/Hyderabad/axiado-corporation-raises-100-million-to-hire-more-in-india/article70426218.ece already exists.
2025-12-23 04:59:36,110 - INFO - [The Hindu] Early skip: URL https://www.thehindu.com/news/cities/Hyderabad/motilal-oswal-alternates-invests-72-million-in-hyderabad-medical-devices-maker-sensa-core/article70426043.ece already exists.
2025-12-23 04:59:36,261 - INFO - [The Hindu] Early skip: URL https://www.thehindu.com/news/national/tamil-nadu/sc-constituencies-in-tamil-nadu-see-lower-reduction-in-electorate-size-due-to-special-intensive-revision/article70426642.ece already exists.
2025-12-23 04:59:36,533 - INFO - [The Hindu] Early skip: URL https://www.thehindu.com/news/cities/Hyderabad/telangana-govt-announces-one-time-90-interest-waiver-on-ghmc-property-tax-arrears/article70426850.ece already exists.
2025-12-23 04:59:36,740 - INFO - [The Hindu] Early skip: URL https://www.thehindu.com/opinion/op-ed/himachal-pradesh-needs-a-financial-boost/article70425669.ece already exists.
2025-12-23 04:59:36,979 - INFO - [The Hindu] Early skip: URL https://www.thehindu.com/news/national/west-bengal/will-not-let-wb-become-bangladesh-says-bjp-leader-and-actor-mithun-chakraborty/article70427081.ece already exists.
2025-12-23 04:59:37,141 - INFO - [The Hindu] Early skip: URL https://www.thehindu.com/news/cities/Madurai/as-tension-eases-police-allow-devotees-to-climb-the-hillock-at-thirupparankundram/article70426994.ece already exists.
2025-12-23 04:59:37,300 - INFO - [The Hindu] Early skip: URL https://www.thehindu.com/news/national/kerala/congress-core-committee-yet-to-reach-consensus-on-mayoral-candidate-in-kochi-corporation/article70427383.ece already exists.
2025-12-23 04:59:37,521 - INFO - [The Hindu] Early skip: URL https://www.thehindu.com/news/national/andhra-pradesh/govt-committed-to-welfare-of-christians-says-ap-cm-naidu/article70427204.ece already exists.
2025-12-23 04:59:37,680 - INFO - [The Hindu] Early skip: URL https://www.thehindu.com/news/national/andhra-pradesh/fetal-anomalies-scanning-unit-set-up-in-7-secondary-hospitals-in-state/article70427145.ece already exists.
2025-12-23 04:59:37,828 - INFO - [The Hindu] Early skip: URL https://www.thehindu.com/news/national/kerala/5th-edition-of-beypore-water-fest-to-give-prominence-to-local-talent/article70426589.ece already exists.
2025-12-23 04:59:38,106 - INFO - [The Hindu] Early skip: URL https://www.thehindu.com/news/national/kerala/two-tanks-within-kochi-corporation-limits-need-urgent-intervention-says-kwa/article70423528.ece already exists.
2025-12-23 04:59:38,301 - INFO - [The Hindu] Early skip: URL https://www.thehindu.com/business/cbi-banks-hold-meet-to-fast-track-fraud-investigations/article70426045.ece already exists.
2025-12-23 04:59:38,493 - INFO - [The Hindu] Early skip: URL https://www.thehindu.com/news/national/telangana/ugandan-national-deported-from-hyderabad-for-illegal-stay-and-suspected-drug-trafficking-links/article70426083.ece already exists.
2025-12-23 04:59:38,737 - INFO - [The Hindu] Early skip: URL https://www.thehindu.com/news/national/jammu-and-kashmir/kishtwar-shutdown-after-bjp-calls-for-street-protests-over-attacks-on-hindus-in-bangladesh/article70426932.ece already exists.
2025-12-23 04:59:38,989 - INFO - [The Hindu] Early skip: URL https://www.thehindu.com/news/national/telangana/cirdapreeds-launch-international-rural-innovation-challenge-2026/article70427302.ece already exists.
2025-12-23 04:59:39,282 - INFO - [The Hindu] (Thread) Finished. Attempting to shut down its Selenium driver.
2025-12-23 04:59:39,448 - INFO - [The Hindu] (Thread) driver.quit() successful.
2025-12-23 05:00:10,661 - ERROR - [Times of India] Request failed for strategy 'selenium_browser' on URL https://timesofindia.indiatimes.com/world/us/hes-gotta-watch-himself-trump-threatens-colombian-president-over-cocaine-trafficking-in-us-video/articleshow/126132897.cms: HTTPConnectionPool(host='localhost', port=50677): Read timed out. (read timeout=120)
2025-12-23 05:00:10,661 - ERROR - [Times of India] All scrape strategies failed for https://timesofindia.indiatimes.com/world/us/hes-gotta-watch-himself-trump-threatens-colombian-president-over-cocaine-trafficking-in-us-video/articleshow/126132897.cms. Falling back to RSS description.
2025-12-23 05:00:10,661 - WARNING - SKIPPED (GLOBAL WORD LIMIT): Article ''He's gotta watch himself': Trump threatens Colombian President over cocaine trafficking in US - video' from Times of India has only 56 words (Min: 90).
2025-12-23 05:00:11,977 - INFO - [Times of India] Article: https://timesofindia.indiatimes.com/business/india-business/india-china-ties-chinese-embassy-rolls-out-online-visa-portal-cuts-paperwork-in-person-visits/articleshow/126131544.cms
2025-12-23 05:00:11,977 - INFO - [Times of India] Attempt 1/1: Trying with 'selenium_browser' strategy...
2025-12-23 05:02:11,989 - ERROR - [Times of India] Request failed for strategy 'selenium_browser' on URL https://timesofindia.indiatimes.com/business/india-business/india-china-ties-chinese-embassy-rolls-out-online-visa-portal-cuts-paperwork-in-person-visits/articleshow/126131544.cms: HTTPConnectionPool(host='localhost', port=50677): Read timed out. (read timeout=120)
2025-12-23 05:02:11,990 - ERROR - [Times of India] All scrape strategies failed for https://timesofindia.indiatimes.com/business/india-business/india-china-ties-chinese-embassy-rolls-out-online-visa-portal-cuts-paperwork-in-person-visits/articleshow/126131544.cms. Falling back to RSS description.
2025-12-23 05:02:11,990 - WARNING - SKIPPED (GLOBAL WORD LIMIT): Article 'India-China ties: Chinese embassy rolls out online visa portal; cuts paperwork, in-person visits' from Times of India has only 52 words (Min: 90).
2025-12-23 05:02:12,661 - INFO - [Times of India] Early skip: URL https://timesofindia.indiatimes.com/world/us/restrictions-on-semiautomatic-firearms-trump-administration-sues-washington-dc-over-gun-laws-cites-second-amendment-violations/articleshow/126131915.cms already exists.
2025-12-23 05:02:12,819 - INFO - [Times of India] Early skip: URL https://timesofindia.indiatimes.com/world/us/100-times-more-powerful-trump-announces-plan-for-new-navy-battleship-whats-the-objective/articleshow/126131858.cms already exists.
2025-12-23 05:02:13,046 - INFO - [Times of India] Early skip: URL https://timesofindia.indiatimes.com/world/us/galveston-bay-plane-crash-mexican-navy-plane-carrying-burn-patient-goes-down-2-year-old-among-5-killed/articleshow/126131872.cms already exists.
2025-12-23 05:02:13,314 - INFO - [Times of India] Early skip: URL https://timesofindia.indiatimes.com/world/us/everybody-was-friendly-with-this-guy-trump-reacts-to-release-of-epstein-files-what-he-said/articleshow/126131829.cms already exists.
2025-12-23 05:02:13,514 - INFO - [Times of India] Early skip: URL https://timesofindia.indiatimes.com/world/us-streamers/mizkif-permanently-banned-on-kick-heres-the-truth-behind-the-rumors/articleshow/126128733.cms already exists.
2025-12-23 05:02:13,740 - INFO - [Times of India] Early skip: URL https://timesofindia.indiatimes.com/world/us-streamers/candace-owens-shares-shocking-fresh-witness-claim-about-erika-kirk-meeting-security-before-charlie-kirk-death/articleshow/126100414.cms already exists.
2025-12-23 05:02:13,864 - INFO - [Times of India] Early skip: URL https://timesofindia.indiatimes.com/world/us-streamers/why-did-lamarr-wilson-commit-suicide-inside-the-heartbreaking-loss-of-the-tech-youtuber-who-inspired-millions/articleshow/126100450.cms already exists.
2025-12-23 05:02:14,015 - INFO - [Times of India] Early skip: URL https://timesofindia.indiatimes.com/world/us-streamers/mara-jos-caldern-cause-of-death-tragic-details-surrounding-the-young-colombian-influencers-untimely-death/articleshow/126131041.cms already exists.
2025-12-23 05:02:14,233 - INFO - [Times of India] Early skip: URL https://timesofindia.indiatimes.com/world/us-streamers/i-pray-for-her-erika-kirk-breaks-silence-on-candace-owens-meeting-and-says-she-is-done-with-the-noise/articleshow/126131074.cms already exists.
2025-12-23 05:02:14,438 - INFO - [Times of India] Article: https://timesofindia.indiatimes.com/world/us-streamers/what-grieving-wife-looks-like-this-erika-kirk-draws-fierce-online-backlash-after-making-a-pointed-joke-about-candace-owens/articleshow/126131095.cms
2025-12-23 05:02:14,438 - INFO - [Times of India] Attempt 1/1: Trying with 'selenium_browser' strategy...
2025-12-23 05:02:50,381 - CRITICAL - --- TIMEOUT: 1 scrape jobs did not complete in 300s. ---
2025-12-23 05:02:50,381 - ERROR - A thread has timed out and will be abandoned.
2025-12-23 05:02:50,381 - INFO - Shutting down thread pool (wait=False)...
2025-12-23 05:02:50,381 - INFO - Scraped: 3 The Hindu, 0 BBC, 2 The Guardian, 1 Timed_Out_Jobs articles. (Total saved: 5)
2025-12-23 05:02:50,381 - INFO - --- Scraping job finished ---
2025-12-23 05:02:50,381 - INFO - --- Scraper service stopped and database connection closed. ---
2025-12-23 05:02:50,381 - INFO - --- Main thread finished. Forcing process exit to kill zombie threads. ---
