2026-01-13 23:43:36,582 - INFO - Loading AI Semantic Model (all-MiniLM-L6-v2)...
2026-01-13 23:43:36,583 - INFO - Use pytorch device_name: cpu
2026-01-13 23:43:36,583 - INFO - Load pretrained SentenceTransformer: all-MiniLM-L6-v2
2026-01-13 23:43:37,806 - INFO - AI Model loaded successfully.
2026-01-13 23:43:37,806 - INFO - --- Scraper service started (CI Mode: Run Once) ---
2026-01-13 23:43:37,806 - INFO - --- Starting new scraping job (Parallel Mode) ---
2026-01-13 23:43:37,806 - INFO - Creating new robust session with 3 retries on 5xx/connection/read errors.
2026-01-13 23:43:37,806 - INFO - Proxy is DISABLED.
2026-01-13 23:43:37,807 - INFO - Starting scrape for BBC RSS feed: http://feeds.bbci.co.uk/news/world/rss.xml
2026-01-13 23:43:37,808 - INFO - [Times of India] (Thread) requires Selenium. Initializing driver...
2026-01-13 23:43:37,808 - INFO - Starting scrape for The Guardian RSS feed: https://www.theguardian.com/world/rss
2026-01-13 23:43:37,809 - INFO - [The Hindu] (Thread) requires Selenium. Initializing driver...
2026-01-13 23:43:37,809 - INFO - Submitted 4 jobs to thread pool. Waiting up to 300s for completion...
2026-01-13 23:43:37,985 - INFO - Found 45 articles in The Guardian RSS feed. Processing up to 30.
2026-01-13 23:43:37,985 - INFO - [The Guardian] Early skip: URL https://www.theguardian.com/us-news/2026/jan/13/trump-administration-ends-tps-somalia already exists.
2026-01-13 23:43:38,054 - INFO - Found 40 articles in BBC RSS feed. Processing up to 30.
2026-01-13 23:43:38,108 - INFO - [BBC] Early skip: URL https://www.bbc.com/news/articles/cr57vmznmd9o?at_medium=RSS&at_campaign=rss already exists.
2026-01-13 23:43:38,393 - INFO - [The Guardian] Early skip: URL https://www.theguardian.com/business/2026/jan/13/developing-countries-poorer-world-bank-report already exists.
2026-01-13 23:43:38,541 - INFO - [BBC] Early skip: URL https://www.bbc.com/news/articles/cedwgn4pqv4o?at_medium=RSS&at_campaign=rss already exists.
2026-01-13 23:43:38,720 - INFO - [The Guardian] Early skip: URL https://www.theguardian.com/books/2026/jan/12/chimamanda-ngozi-adichie-accuses-lagos-hospital-negligence-son-death already exists.
2026-01-13 23:43:38,878 - INFO - [BBC] Early skip: URL https://www.bbc.com/news/articles/c4g3kw5ezepo?at_medium=RSS&at_campaign=rss already exists.
2026-01-13 23:43:39,010 - INFO - [The Guardian] Early skip: URL https://www.theguardian.com/global-development/2026/jan/09/the-gambia-female-genital-mutilation-fgm-supreme-court-case-overturn-ban already exists.
2026-01-13 23:43:39,187 - INFO - [BBC] Early skip: URL https://www.bbc.com/news/articles/c041dp0z95yo?at_medium=RSS&at_campaign=rss already exists.
2026-01-13 23:43:39,479 - INFO - [The Guardian] Early skip: URL https://www.theguardian.com/world/2026/jan/08/questions-targeting-impact-us-airstrikes-in-nigeria already exists.
2026-01-13 23:43:39,695 - INFO - [BBC] Early skip: URL https://www.bbc.com/news/articles/cj6w17ykd89o?at_medium=RSS&at_campaign=rss already exists.
2026-01-13 23:43:39,980 - INFO - [The Guardian] Early skip: URL https://www.theguardian.com/environment/2026/jan/12/us-plan-to-exploit-venezuelas-oil-could-eat-up-13-of-carbon-budget-to-keep-15c-limit already exists.
2026-01-13 23:43:40,153 - INFO - [BBC] Early skip: URL https://www.bbc.com/news/articles/cq6vyqq5r0do?at_medium=RSS&at_campaign=rss already exists.
2026-01-13 23:43:40,310 - INFO - [The Guardian] Early skip: URL https://www.theguardian.com/world/2026/jan/12/trump-latin-america-feud-colombia-gustavo-petro already exists.
2026-01-13 23:43:40,602 - INFO - [BBC] Early skip: URL https://www.bbc.com/news/articles/ce9yv4gmn9lo?at_medium=RSS&at_campaign=rss already exists.
2026-01-13 23:43:40,831 - INFO - [The Guardian] Early skip: URL https://www.theguardian.com/us-news/2026/jan/12/us-oil-producers-global-supply-glut-venezuela already exists.
2026-01-13 23:43:41,007 - INFO - [BBC] Early skip: URL https://www.bbc.com/news/articles/c5y320k72vyo?at_medium=RSS&at_campaign=rss already exists.
2026-01-13 23:43:41,268 - INFO - [The Guardian] Early skip: URL https://www.theguardian.com/world/2026/jan/12/carney-heads-to-beijing-as-trump-america-first-agenda-forces-canada-into-trade-rethink already exists.
2026-01-13 23:43:41,490 - INFO - [BBC] Early skip: URL https://www.bbc.com/news/articles/cz0p9ld5egjo?at_medium=RSS&at_campaign=rss already exists.
2026-01-13 23:43:41,712 - INFO - [The Guardian] Early skip: URL https://www.theguardian.com/us-news/2026/jan/12/donald-trump-threatens-block-exxonmobil-venezuela already exists.
2026-01-13 23:43:41,978 - INFO - [BBC] Early skip: URL https://www.bbc.com/news/articles/c79rqzv1e7ro?at_medium=RSS&at_campaign=rss already exists.
2026-01-13 23:43:42,272 - INFO - [The Guardian] Early skip: URL https://www.theguardian.com/world/2026/jan/13/south-korean-prosecutors-demand-death-penalty-for-former-president-yoon-suk-yeol already exists.
2026-01-13 23:43:42,435 - INFO - [BBC] Early skip: URL https://www.bbc.com/news/articles/cr578g7v082o?at_medium=RSS&at_campaign=rss already exists.
2026-01-13 23:43:42,735 - INFO - [The Guardian] Early skip: URL https://www.theguardian.com/world/2026/jan/13/workers-at-chinese-factory-that-produces-labubu-toys-are-being-exploited-says-ngo already exists.
2026-01-13 23:43:42,986 - INFO - [BBC] Early skip: URL https://www.bbc.com/news/articles/c62vnvx2x2po?at_medium=RSS&at_campaign=rss already exists.
2026-01-13 23:43:43,181 - INFO - [The Guardian] Early skip: URL https://www.theguardian.com/world/2026/jan/13/china-europe-pressure-block-taiwanese-politicians-visas already exists.
2026-01-13 23:43:43,307 - INFO - [BBC] Early skip: URL https://www.bbc.com/news/articles/c9wxg4e09jzo?at_medium=RSS&at_campaign=rss already exists.
2026-01-13 23:43:43,603 - INFO - [The Guardian] Early skip: URL https://www.theguardian.com/business/2026/jan/13/coal-power-generation-falls-china-india-since-1970s already exists.
2026-01-13 23:43:43,859 - INFO - [BBC] Early skip: URL https://www.bbc.com/news/articles/c0mk80lyw09o?at_medium=RSS&at_campaign=rss already exists.
2026-01-13 23:43:44,134 - INFO - [The Guardian] Early skip: URL https://www.theguardian.com/technology/2026/jan/12/malaysia-blocks-elon-musk-grok-ai-fake-sexualised-images-indonesia-x-chatbot already exists.
2026-01-13 23:43:44,422 - INFO - [BBC] Early skip: URL https://www.bbc.com/news/articles/c8j31728187o?at_medium=RSS&at_campaign=rss already exists.
2026-01-13 23:43:44,648 - INFO - [The Guardian] Early skip: URL https://www.theguardian.com/australia-news/live/2026/jan/14/adelaide-festival-writers-week-lousie-adler-politics-reaction-peter-malinauskas-victoria-bushfires-queensland-floods-anthony-albanese-labor-sussan-ley-coalition-ntwnfb already exists.
2026-01-13 23:43:44,777 - INFO - [BBC] Early skip: URL https://www.bbc.com/news/articles/cvgnvqrxl0xo?at_medium=RSS&at_campaign=rss already exists.
2026-01-13 23:43:45,017 - INFO - [The Guardian] Early skip: URL https://www.theguardian.com/environment/2026/jan/13/threatened-species-habitat-destruction-australia-15-year-high already exists.
2026-01-13 23:43:45,222 - INFO - [BBC] Early skip: URL https://www.bbc.com/news/articles/cj9r3832j47o?at_medium=RSS&at_campaign=rss already exists.
2026-01-13 23:43:45,335 - INFO - [The Guardian] Early skip: URL https://www.theguardian.com/australia-news/2026/jan/13/nsw-government-capital-gains-tax-discount-negative-gearing-australia-housing-affordability already exists.
2026-01-13 23:43:45,469 - INFO - [BBC] Early skip: URL https://www.bbc.com/news/articles/cr7jzpr95yvo?at_medium=RSS&at_campaign=rss already exists.
2026-01-13 23:43:45,716 - INFO - [The Guardian] Early skip: URL https://www.theguardian.com/australia-news/2026/jan/13/grok-x-anthony-albanese-australia-politicians-condemn-post-platform already exists.
2026-01-13 23:43:45,929 - INFO - [BBC] Early skip: URL https://www.bbc.com/news/articles/cjrznw9e243o?at_medium=RSS&at_campaign=rss already exists.
2026-01-13 23:43:46,209 - INFO - [The Guardian] Early skip: URL https://www.theguardian.com/australia-news/2026/jan/13/australian-author-craig-silvey-charged-child-exploitation-ntwnfb already exists.
2026-01-13 23:43:46,439 - INFO - [BBC] Early skip: URL https://www.bbc.com/news/articles/c801kypkl3ko?at_medium=RSS&at_campaign=rss already exists.
2026-01-13 23:43:46,697 - INFO - [The Guardian] Early skip: URL https://www.theguardian.com/politics/2026/jan/13/dealing-with-post-brexit-paperwork-pure-hell-shipping-head-tells-mps already exists.
2026-01-13 23:43:46,891 - INFO - [BBC] Early skip: URL https://www.bbc.com/news/articles/cpqye2yygl4o?at_medium=RSS&at_campaign=rss already exists.
2026-01-13 23:43:46,997 - INFO - [The Guardian] Early skip: URL https://www.theguardian.com/media/2026/jan/13/peaky-blinders-makers-banijay-merger-talks-traitors-producers-all3media already exists.
2026-01-13 23:43:47,237 - INFO - [BBC] Early skip: URL https://www.bbc.com/news/articles/c74vnxlvl40o?at_medium=RSS&at_campaign=rss already exists.
2026-01-13 23:43:47,366 - INFO - [The Guardian] Early skip: URL https://www.theguardian.com/world/live/2026/jan/13/zelenskyy-ukraine-russia-strikes-drones-energy-europe-live already exists.
2026-01-13 23:43:47,538 - INFO - [BBC] Early skip: URL https://www.bbc.com/news/articles/c1klvp4v8vjo?at_medium=RSS&at_campaign=rss already exists.
2026-01-13 23:43:47,691 - INFO - [The Guardian] Early skip: URL https://www.theguardian.com/world/2026/jan/13/jd-vance-to-host-greenland-talks-at-white-house already exists.
2026-01-13 23:43:47,898 - INFO - [BBC] Early skip: URL https://www.bbc.com/news/articles/cly9n3r2p7zo?at_medium=RSS&at_campaign=rss already exists.
2026-01-13 23:43:48,058 - INFO - [The Guardian] Early skip: URL https://www.theguardian.com/world/2026/jan/13/julio-iglesias-accused-of-sexual-assault-by-two-female-former-employees already exists.
2026-01-13 23:43:48,264 - INFO - [BBC] Early skip: URL https://www.bbc.com/news/articles/c78e07m02jzo?at_medium=RSS&at_campaign=rss already exists.
2026-01-13 23:43:48,493 - INFO - [The Guardian] Early skip: URL https://www.theguardian.com/world/live/2026/jan/13/iran-protest-crackdown-regime-crisis-us-donald-trump-tariffs-latest-updates already exists.
2026-01-13 23:43:48,628 - INFO - [BBC] Early skip: URL https://www.bbc.com/news/articles/cj9r3zl2ywyo?at_medium=RSS&at_campaign=rss already exists.
2026-01-13 23:43:48,715 - INFO - Selenium driver initialized successfully.
2026-01-13 23:43:48,715 - INFO - Starting scrape for The Hindu RSS feed: https://www.thehindu.com/news/national/feeder/default.rss
2026-01-13 23:43:48,717 - INFO - Selenium driver initialized successfully.
2026-01-13 23:43:48,717 - INFO - Starting scrape for Times of India RSS feed: https://timesofindia.indiatimes.com/rssfeeds/296589292.cms
2026-01-13 23:43:48,728 - INFO - [The Guardian] Early skip: URL https://www.theguardian.com/world/2026/jan/13/keir-starmer-offered-place-on-trumps-gaza-peace-board already exists.
2026-01-13 23:43:48,858 - INFO - [BBC] Early skip: URL https://www.bbc.com/news/articles/c75xdg2p36lo?at_medium=RSS&at_campaign=rss already exists.
2026-01-13 23:43:48,911 - INFO - Found 100 articles in The Hindu RSS feed. Processing up to 30.
2026-01-13 23:43:48,988 - INFO - [The Guardian] Early skip: URL https://www.theguardian.com/global-development/2026/jan/13/hundreds-of-gunshot-eye-injuries-found-in-one-iranian-hospital-amid-brutal-crackdown-on-protests already exists.
2026-01-13 23:43:49,095 - INFO - [The Hindu] Article: https://www.thehindu.com/news/national/tamil-nadu/minister-flags-off-bus-services-at-new-terminus-in-tiruvannamalai/article70505508.ece
2026-01-13 23:43:49,096 - INFO - [The Hindu] Attempt 1/1: Trying with 'selenium_browser' strategy...
2026-01-13 23:43:49,096 - INFO - [BBC] Early skip: URL https://www.bbc.com/news/articles/cvgp70ynx1po?at_medium=RSS&at_campaign=rss already exists.
2026-01-13 23:43:49,324 - INFO - [The Guardian] Early skip: URL https://www.theguardian.com/world/2026/jan/13/trump-promises-iran-help-tells-iranians-keep-protesting already exists.
2026-01-13 23:43:49,360 - INFO - Found 20 articles in Times of India RSS feed. Processing up to 30.
2026-01-13 23:43:49,426 - INFO - [BBC] Early skip: URL https://www.bbc.com/news/articles/c3ve572edzqo?at_medium=RSS&at_campaign=rss already exists.
2026-01-13 23:43:49,628 - INFO - [Times of India] Article: https://timesofindia.indiatimes.com/world/us/trump-hurls-abuse-and-shows-middle-finger-to-ford-worker-who-shouted-pedophile-protector/articleshow/126515136.cms
2026-01-13 23:43:49,628 - INFO - [Times of India] Attempt 1/1: Trying with 'selenium_browser' strategy...
2026-01-13 23:43:49,629 - INFO - [The Guardian] Early skip: URL https://www.theguardian.com/world/2026/jan/13/why-trump-options-are-limited-when-it-comes-to-using-force-against-iran already exists.
2026-01-13 23:43:49,761 - INFO - [BBC] Early skip: URL https://www.bbc.com/news/articles/cgm4jkwz2z8o?at_medium=RSS&at_campaign=rss already exists.
2026-01-13 23:43:57,352 - INFO - [The Hindu] Page content loaded.
2026-01-13 23:43:57,503 - INFO - [The Hindu] Success with 'selenium_browser'. Found content (337 words).
2026-01-13 23:44:09,694 - ERROR - [Times of India] Request failed for strategy 'selenium_browser' on URL https://timesofindia.indiatimes.com/world/us/trump-hurls-abuse-and-shows-middle-finger-to-ford-worker-who-shouted-pedophile-protector/articleshow/126515136.cms: Message: timeout: Timed out receiving message from renderer: 19.880
  (Session info: chrome=143.0.7499.169)
Stacktrace:
#0 0x55924174a61a <unknown>
#1 0x5592411c720b <unknown>
#2 0x5592411af2aa <unknown>
#3 0x5592411aef8d <unknown>
#4 0x5592411ace47 <unknown>
#5 0x5592411ad75f <unknown>
#6 0x5592411bbf20 <unknown>
#7 0x5592411d55e7 <unknown>
#8 0x5592411dbc9b <unknown>
#9 0x5592411ade88 <unknown>
#10 0x5592411d5356 <unknown>
#11 0x559241264580 <unknown>
#12 0x55924120b232 <unknown>
#13 0x55924120bee1 <unknown>
#14 0x5592417133f9 <unknown>
#15 0x55924171634d <unknown>
#16 0x5592416fc122 <unknown>
#17 0x559241716f2b <unknown>
#18 0x5592416e2c30 <unknown>
#19 0x559241737d78 <unknown>
#20 0x559241737f4c <unknown>
#21 0x559241749973 <unknown>
#22 0x7f4fcbe9caa4 <unknown>
#23 0x7f4fcbf29c6c <unknown>

2026-01-13 23:44:09,694 - ERROR - [Times of India] All scrape strategies failed for https://timesofindia.indiatimes.com/world/us/trump-hurls-abuse-and-shows-middle-finger-to-ford-worker-who-shouted-pedophile-protector/articleshow/126515136.cms. Falling back to RSS description.
2026-01-13 23:44:09,695 - WARNING - SKIPPED (GLOBAL WORD LIMIT): Article 'Trump hurls abuse and shows middle finger to Ford worker who shouted ‘pedophile protector’' from Times of India has only 53 words (Min: 90).
2026-01-13 23:44:10,707 - INFO - Saved article: Minister flags off bus services at new terminus in Tiruvannamalai - The Hindu from The Hindu (337 words)
2026-01-13 23:44:10,820 - INFO - [Times of India] Early skip: URL https://timesofindia.indiatimes.com/world/us/im-alone-in-the-dark-trumps-dramatic-fundraising-email-triggers-online-criticism/articleshow/126512927.cms already exists.
2026-01-13 23:44:10,972 - INFO - [Times of India] Early skip: URL https://timesofindia.indiatimes.com/world/us-streamers/nick-fuentes-says-he-wants-to-take-over-kick-and-asks-adin-ross-for-help/articleshow/126512912.cms already exists.
2026-01-13 23:44:11,139 - INFO - [Times of India] Early skip: URL https://timesofindia.indiatimes.com/world/uk/executed-two-teenagers-double-murderer-awarded-7500-as-taxpayers-foot-six-figure-legal-bill/articleshow/126510503.cms already exists.
2026-01-13 23:44:11,419 - INFO - [Times of India] Early skip: URL https://timesofindia.indiatimes.com/world/us/zohran-mamdani-and-donald-trump-sending-friendly-texts-to-each-other-claims-report-subject-unknown/articleshow/126512900.cms already exists.
2026-01-13 23:44:11,686 - INFO - [The Hindu] Article: https://www.thehindu.com/news/national/west-bengal/wont-allow-assembly-polls-if-sir-is-obstructed-in-wb-says-state-bjp-president/article70506416.ece
2026-01-13 23:44:11,686 - INFO - [The Hindu] Attempt 1/1: Trying with 'selenium_browser' strategy...
2026-01-13 23:44:11,687 - INFO - [Times of India] Early skip: URL https://timesofindia.indiatimes.com/world/us/either-go-to-jail-or-get-deported-wild-story-of-indian-techies-humiliation-in-us-until-he-boarded-plane-goes-viral/articleshow/126512869.cms already exists.
2026-01-13 23:44:11,889 - INFO - [Times of India] Article: https://timesofindia.indiatimes.com/world/us-streamers/popular-hunting-youtuber-ryan-lampers-faces-felony-charges-over-alleged-illegal-kills/articleshow/126512863.cms
2026-01-13 23:44:11,890 - INFO - [Times of India] Attempt 1/1: Trying with 'selenium_browser' strategy...
2026-01-13 23:44:12,953 - INFO - [The Hindu] Page content loaded.
2026-01-13 23:44:13,128 - INFO - [The Hindu] Success with 'selenium_browser'. Found content (361 words).
2026-01-13 23:44:27,029 - INFO - Saved article: Won’t allow Assembly polls if SIR is obstructed in WB, says State BJP president - The Hindu from The Hindu (361 words)
2026-01-13 23:44:27,771 - INFO - [The Hindu] Early skip: URL https://www.thehindu.com/news/national/karnataka/rahul-gandhi-holds-discussions-with-siddaramaiah-shivakumar-separately-at-mysuru-airport/article70505956.ece already exists.
2026-01-13 23:44:27,887 - INFO - [The Hindu] Early skip: URL https://www.thehindu.com/news/national/odisha/from-ganja-to-gold-odisha-police-trace-10-crore-assets-from-two-persons-in-backward-district/article70506182.ece already exists.
2026-01-13 23:44:28,033 - INFO - [The Hindu] Early skip: URL https://www.thehindu.com/news/cities/bangalore/tesla-to-offer-a-fortnight-long-pop-up-in-bengaluru-starting-january-15/article70506121.ece already exists.
2026-01-13 23:44:28,333 - INFO - [The Hindu] Early skip: URL https://www.thehindu.com/news/national/ib-ministry-collaborates-with-netflix-for-project/article70505642.ece already exists.
2026-01-13 23:44:28,613 - INFO - [The Hindu] Early skip: URL https://www.thehindu.com/news/national/nitin-nabin-to-be-formally-elected-bjp-president-on-january-20/article70505904.ece already exists.
2026-01-13 23:44:28,762 - INFO - [The Hindu] Early skip: URL https://www.thehindu.com/news/national/jammu-and-kashmir/jk-muslim-bodies-express-concern-over-police-profiling-of-mosques/article70505884.ece already exists.
2026-01-13 23:44:28,973 - INFO - [The Hindu] Early skip: URL https://www.thehindu.com/news/national/mizoram/governors-rule-in-mizoram-tribal-council-extended-for-6-months/article70505571.ece already exists.
2026-01-13 23:44:29,173 - INFO - [The Hindu] Early skip: URL https://www.thehindu.com/news/national/kerala/kerala-high-court-admits-pil-challenging-survey/article70506501.ece already exists.
2026-01-13 23:44:29,344 - INFO - [The Hindu] Early skip: URL https://www.thehindu.com/news/national/jharkhand/aditya-sahu-set-to-take-over-as-jharkhand-bjp-president/article70506657.ece already exists.
2026-01-13 23:44:29,458 - INFO - [The Hindu] Early skip: URL https://www.thehindu.com/news/national/dri-seizes-record-270-kg-mephedrone-busts-multi-state-narcotics-syndicate/article70506614.ece already exists.
2026-01-13 23:44:29,727 - INFO - [The Hindu] Early skip: URL https://www.thehindu.com/news/national/tamil-nadu/pongal-festival-unites-all-tamils-in-the-world-vit-chancellor/article70505486.ece already exists.
2026-01-13 23:44:29,838 - INFO - [The Hindu] Early skip: URL https://www.thehindu.com/news/national/tamil-nadu/ammk-denies-reports-of-its-leader-dhinakaran-being-under-pressure-on-alliance/article70505522.ece already exists.
2026-01-13 23:44:30,122 - INFO - [The Hindu] Early skip: URL https://www.thehindu.com/news/national/karnataka/nirmala-sitharaman-sanctions-5-crore-for-mysuru-planetarium/article70504377.ece already exists.
2026-01-13 23:44:30,255 - INFO - [The Hindu] Early skip: URL https://www.thehindu.com/news/cities/chennai/tn-to-get-30-aadha-seva-kendras-by-september/article70506620.ece already exists.
2026-01-13 23:44:30,439 - INFO - [The Hindu] Early skip: URL https://www.thehindu.com/news/national/tamil-nadu/prime-minister-modi-to-address-public-meeting-in-city-on-jan-23/article70505203.ece already exists.
2026-01-13 23:44:30,601 - INFO - [The Hindu] Early skip: URL https://www.thehindu.com/news/national/uttarakhand/uttarakhand-seeksiafshelp-as-forest-fire-rages-in-valley-of-flowers-for-the-fifth-day/article70505591.ece already exists.
2026-01-13 23:44:30,813 - INFO - [The Hindu] Early skip: URL https://www.thehindu.com/news/cities/Coimbatore/fighting-to-develop-an-india-where-people-are-kind-to-each-other-says-rahul-gandhi-in-gudalur/article70506066.ece already exists.
2026-01-13 23:44:30,998 - INFO - [The Hindu] Early skip: URL https://www.thehindu.com/opinion/op-ed/the-udfs-ray-of-hope-in-an-uphill-battle/article70505402.ece already exists.
2026-01-13 23:44:31,273 - INFO - [The Hindu] Early skip: URL https://www.thehindu.com/news/national/maharashtra/we-are-firmly-with-nda-no-question-of-ncp-reunification-praful-patel/article70506920.ece already exists.
2026-01-13 23:44:31,428 - INFO - [The Hindu] Early skip: URL https://www.thehindu.com/opinion/editorial/language-of-harmony-on-the-malayalam-language-bill/article70505903.ece already exists.
2026-01-13 23:44:31,679 - INFO - [The Hindu] Early skip: URL https://www.thehindu.com/news/national/maharashtra/mumbai-set-for-high-stakes-battle-as-campaigning-for-29-civic-body-elections-ends/article70505503.ece already exists.
2026-01-13 23:44:31,814 - INFO - [The Hindu] Early skip: URL https://www.thehindu.com/news/national/karnataka/kpcc-committee-seeks-public-views-on-student-elections-in-universities-of-karnataka/article70506173.ece already exists.
2026-01-13 23:44:31,987 - INFO - [The Hindu] Early skip: URL https://www.thehindu.com/sci-tech/health/tamil-nadu-close-to-eradicating-malaria-as-33-districts-report-nil-indigenous-cases/article70505560.ece already exists.
2026-01-13 23:44:32,243 - INFO - [The Hindu] Early skip: URL https://www.thehindu.com/news/national/kerala/communalism-taking-deep-roots-rather-than-weakening-sunil-p-ilayidom/article70506636.ece already exists.
2026-01-13 23:44:32,415 - INFO - [The Hindu] Early skip: URL https://www.thehindu.com/news/national/social-equality-can-be-achieved-only-if-a-judges-child-and-that-of-a-vendor-sit-together-in-school-supreme-court-judgment/article70506585.ece already exists.
2026-01-13 23:44:32,702 - INFO - [The Hindu] Early skip: URL https://www.thehindu.com/news/national/andhra-pradesh/court-allows-closure-of-apssdc-case-against-naidu/article70506550.ece already exists.
2026-01-13 23:44:32,904 - INFO - [The Hindu] Early skip: URL https://www.thehindu.com/news/national/karnataka/a-window-into-tejaswis-writing-and-life-beyond-it/article70506197.ece already exists.
2026-01-13 23:44:33,092 - INFO - [The Hindu] Early skip: URL https://www.thehindu.com/news/national/kerala/aidwa-state-meet-begins/article70506700.ece already exists.
2026-01-13 23:44:33,349 - INFO - [The Hindu] (Thread) Finished. Attempting to shut down its Selenium driver.
2026-01-13 23:44:33,445 - INFO - [The Hindu] (Thread) driver.quit() successful.
2026-01-13 23:46:23,278 - ERROR - [Times of India] Request failed for strategy 'selenium_browser' on URL https://timesofindia.indiatimes.com/world/us-streamers/popular-hunting-youtuber-ryan-lampers-faces-felony-charges-over-alleged-illegal-kills/articleshow/126512863.cms: HTTPConnectionPool(host='localhost', port=41869): Read timed out. (read timeout=120)
2026-01-13 23:46:23,279 - ERROR - [Times of India] All scrape strategies failed for https://timesofindia.indiatimes.com/world/us-streamers/popular-hunting-youtuber-ryan-lampers-faces-felony-charges-over-alleged-illegal-kills/articleshow/126512863.cms. Falling back to RSS description.
2026-01-13 23:46:23,279 - WARNING - SKIPPED (GLOBAL WORD LIMIT): Article 'Popular hunting YouTuber Ryan Lampers faces felony charges over alleged illegal kills' from Times of India has only 52 words (Min: 90).
2026-01-13 23:46:24,682 - INFO - [Times of India] Article: https://timesofindia.indiatimes.com/world/us-streamers/kai-cenat-streaming-retirement-rumors-go-viral-after-yourrages-comment/articleshow/126512734.cms
2026-01-13 23:46:24,682 - INFO - [Times of India] Attempt 1/1: Trying with 'selenium_browser' strategy...
2026-01-13 23:48:24,783 - ERROR - [Times of India] Request failed for strategy 'selenium_browser' on URL https://timesofindia.indiatimes.com/world/us-streamers/kai-cenat-streaming-retirement-rumors-go-viral-after-yourrages-comment/articleshow/126512734.cms: HTTPConnectionPool(host='localhost', port=41869): Read timed out. (read timeout=120)
2026-01-13 23:48:24,783 - ERROR - [Times of India] All scrape strategies failed for https://timesofindia.indiatimes.com/world/us-streamers/kai-cenat-streaming-retirement-rumors-go-viral-after-yourrages-comment/articleshow/126512734.cms. Falling back to RSS description.
2026-01-13 23:48:24,783 - WARNING - SKIPPED (GLOBAL WORD LIMIT): Article 'Kai Cenat streaming retirement rumors go viral after YourRAGE’s comment' from Times of India has only 51 words (Min: 90).
2026-01-13 23:48:25,858 - INFO - [Times of India] Article: https://timesofindia.indiatimes.com/world/us/what-is-the-dilbert-principle-elon-musk-says-still-cant-believe-scott-adams-has-died/articleshow/126512758.cms
2026-01-13 23:48:25,858 - INFO - [Times of India] Attempt 1/1: Trying with 'selenium_browser' strategy...
2026-01-13 23:48:37,809 - CRITICAL - --- TIMEOUT: 1 scrape jobs did not complete in 300s. ---
2026-01-13 23:48:37,810 - ERROR - A thread has timed out and will be abandoned.
2026-01-13 23:48:37,810 - INFO - Shutting down thread pool (wait=False)...
2026-01-13 23:48:37,810 - INFO - Scraped: 0 The Guardian, 2 The Hindu, 0 BBC, 1 Timed_Out_Jobs articles. (Total saved: 2)
2026-01-13 23:48:37,810 - INFO - --- Scraping job finished ---
2026-01-13 23:48:37,810 - INFO - --- Scraper service stopped and database connection closed. ---
2026-01-13 23:48:37,810 - INFO - --- Main thread finished. Forcing process exit to kill zombie threads. ---
