2025-11-28 03:15:55,967 - INFO - Loading AI Semantic Model (all-MiniLM-L6-v2)...
2025-11-28 03:15:55,968 - INFO - Use pytorch device_name: cpu
2025-11-28 03:15:55,968 - INFO - Load pretrained SentenceTransformer: all-MiniLM-L6-v2
2025-11-28 03:15:56,528 - INFO - AI Model loaded successfully.
2025-11-28 03:15:56,528 - INFO - Initializing database connection at: news_articles.db
2025-11-28 03:15:56,528 - INFO - --- Scraper service started (CI Mode: Run Once) ---
2025-11-28 03:15:56,529 - INFO - --- Starting new scraping job (Parallel Mode) ---
2025-11-28 03:15:56,529 - INFO - Creating new robust session with 3 retries on 5xx/connection/read errors.
2025-11-28 03:15:56,529 - INFO - Proxy is DISABLED.
2025-11-28 03:15:56,529 - INFO - Starting scrape for BBC RSS feed: http://feeds.bbci.co.uk/news/world/rss.xml
2025-11-28 03:15:56,530 - INFO - [Times of India] (Thread) requires Selenium. Initializing driver...
2025-11-28 03:15:56,531 - INFO - Initializing headless Selenium Chrome driver (using SeleniumManager)...
2025-11-28 03:15:56,531 - INFO - Starting scrape for The Guardian RSS feed: https://www.theguardian.com/world/rss
2025-11-28 03:15:56,533 - INFO - [The Hindu] (Thread) requires Selenium. Initializing driver...
2025-11-28 03:15:56,533 - INFO - Initializing headless Selenium Chrome driver (using SeleniumManager)...
2025-11-28 03:15:56,533 - INFO - Submitted 4 jobs to thread pool. Waiting up to 300s for completion...
2025-11-28 03:15:56,639 - INFO - Found 45 articles in The Guardian RSS feed. Processing up to 20.
2025-11-28 03:15:56,639 - INFO - [The Guardian] Article: https://www.theguardian.com/world/2025/nov/26/guinea-bissau-officers-take-total-control-close-borders-amid-election-chaos
2025-11-28 03:15:56,639 - INFO - [The Guardian] Attempt 1/1: Trying with 'requests_browser' strategy...
2025-11-28 03:15:56,669 - INFO - [The Guardian] Success with 'requests_browser'. Found content (412 words).
2025-11-28 03:15:56,707 - INFO - Duplicate article skipped: Guinea-Bissau military takes ‘total control’ amid election chaos | Guinea-Bissau | The Guardian from The Guardian
2025-11-28 03:15:56,787 - INFO - Found 33 articles in BBC RSS feed. Processing up to 20.
2025-11-28 03:15:56,787 - INFO - [BBC] Article: https://www.bbc.com/news/articles/c62n3enz9klo?at_medium=RSS&at_campaign=rss
2025-11-28 03:15:56,787 - INFO - [BBC] Attempt 1/1: Trying with 'requests_browser' strategy...
2025-11-28 03:15:57,521 - INFO - [BBC] Success with 'requests_browser'. Found content (727 words).
2025-11-28 03:15:57,571 - INFO - Duplicate article skipped: Hong Kong: Firefighters search for missing in tower blocks fire from BBC
2025-11-28 03:15:58,097 - INFO - [BBC] Article: https://www.bbc.com/news/videos/c3w7e2p48l7o?at_medium=RSS&at_campaign=rss
2025-11-28 03:15:58,097 - INFO - [BBC] Attempt 1/1: Trying with 'requests_browser' strategy...
2025-11-28 03:15:58,158 - INFO - [The Guardian] Article: https://www.theguardian.com/world/2025/nov/25/nigerian-schoolgirls-rescued-after-mass-abduction-in-kebbi
2025-11-28 03:15:58,158 - INFO - [The Guardian] Attempt 1/1: Trying with 'requests_browser' strategy...
2025-11-28 03:15:58,164 - INFO - [BBC] Success with 'requests_browser'. Found content (148 words).
2025-11-28 03:15:58,208 - INFO - Duplicate article skipped: Video shows speed fire spreads in Hong Kong tower block from BBC
2025-11-28 03:15:58,229 - INFO - [The Guardian] Success with 'requests_browser'. Found content (515 words).
2025-11-28 03:15:58,275 - INFO - Duplicate article skipped: Nigerian schoolgirls rescued after mass abduction in Kebbi | Nigeria | The Guardian from The Guardian
2025-11-28 03:15:58,826 - INFO - [BBC] Article: https://www.bbc.com/news/articles/cp84nl57v0lo?at_medium=RSS&at_campaign=rss
2025-11-28 03:15:58,827 - INFO - [BBC] Attempt 1/1: Trying with 'requests_browser' strategy...
2025-11-28 03:15:58,852 - INFO - [The Guardian] Article: https://www.theguardian.com/world/2025/nov/25/jacob-zuma-daughter-accused-tricking-men-fighting-for-russia-in-ukraine
2025-11-28 03:15:58,852 - INFO - [The Guardian] Attempt 1/1: Trying with 'requests_browser' strategy...
2025-11-28 03:15:58,887 - INFO - [The Guardian] Success with 'requests_browser'. Found content (656 words).
2025-11-28 03:15:58,934 - INFO - Duplicate article skipped: Jacob Zuma’s daughter accused of tricking men into fighting for Russia in Ukraine | South Africa | The Guardian from The Guardian
2025-11-28 03:15:58,952 - INFO - [BBC] Success with 'requests_browser'. Found content (751 words).
2025-11-28 03:15:58,990 - INFO - Duplicate article skipped: Putin doubles down on demands for Ukrainian territory ahead of talks with US from BBC
2025-11-28 03:16:00,198 - INFO - [The Guardian] Article: https://www.theguardian.com/uk-news/2025/nov/24/uk-rejects-nigerian-request-to-deport-former-politican-ike-ekweremadu-jailed-for-organ-trafficking
2025-11-28 03:16:00,198 - INFO - [The Guardian] Attempt 1/1: Trying with 'requests_browser' strategy...
2025-11-28 03:16:00,225 - INFO - [The Guardian] Success with 'requests_browser'. Found content (545 words).
2025-11-28 03:16:00,390 - INFO - [BBC] Article: https://www.bbc.com/news/articles/c0edw348pewo?at_medium=RSS&at_campaign=rss
2025-11-28 03:16:00,395 - INFO - [BBC] Attempt 1/1: Trying with 'requests_browser' strategy...
2025-11-28 03:16:00,402 - INFO - Duplicate article skipped: UK rejects Nigerian request to deport former politican jailed for organ trafficking | UK news | The Guardian from The Guardian
2025-11-28 03:16:00,514 - INFO - [BBC] Success with 'requests_browser'. Found content (495 words).
2025-11-28 03:16:00,549 - INFO - Duplicate article skipped: US-Palestinian teen freed after nine months in Israeli jail from BBC
2025-11-28 03:16:01,199 - INFO - [BBC] Article: https://www.bbc.com/news/articles/cgex957qg97o?at_medium=RSS&at_campaign=rss
2025-11-28 03:16:01,199 - INFO - [BBC] Attempt 1/1: Trying with 'requests_browser' strategy...
2025-11-28 03:16:01,204 - INFO - [The Guardian] Article: https://www.theguardian.com/world/2025/nov/24/ethiopian-volcano-hayli-gubbi-erupts-first-time-12000-years
2025-11-28 03:16:01,204 - INFO - [The Guardian] Attempt 1/1: Trying with 'requests_browser' strategy...
2025-11-28 03:16:01,229 - INFO - [The Guardian] Success with 'requests_browser'. Found content (306 words).
2025-11-28 03:16:01,261 - INFO - Duplicate article skipped: Ethiopian volcano erupts for first time in 12,000 years | Ethiopia | The Guardian from The Guardian
2025-11-28 03:16:01,370 - INFO - [BBC] Success with 'requests_browser'. Found content (779 words).
2025-11-28 03:16:01,408 - INFO - Duplicate article skipped: US suspends immigration requests for Afghans after National Guard shooting from BBC
2025-11-28 03:16:02,273 - INFO - [BBC] Article: https://www.bbc.com/news/articles/c0edw7g7z79o?at_medium=RSS&at_campaign=rss
2025-11-28 03:16:02,273 - INFO - [BBC] Attempt 1/1: Trying with 'requests_browser' strategy...
2025-11-28 03:16:02,323 - INFO - [BBC] Success with 'requests_browser'. Found content (1054 words).
2025-11-28 03:16:02,360 - INFO - Duplicate article skipped: France brings back limited military service with 3,000 volunteers next year from BBC
2025-11-28 03:16:02,476 - INFO - [The Guardian] Article: https://www.theguardian.com/world/2025/nov/27/mark-carney-alberta-oil-pipeline-deal-canada-first-nations
2025-11-28 03:16:02,476 - INFO - [The Guardian] Attempt 1/1: Trying with 'requests_browser' strategy...
2025-11-28 03:16:02,505 - INFO - [The Guardian] Success with 'requests_browser'. Found content (723 words).
2025-11-28 03:16:02,553 - INFO - Duplicate article skipped: Canada minister resigns from cabinet over Carney’s controversial oil pipeline deal | Canada | The Guardian from The Guardian
2025-11-28 03:16:03,792 - INFO - [BBC] Article: https://www.bbc.com/news/articles/cd0keyern0do?at_medium=RSS&at_campaign=rss
2025-11-28 03:16:03,793 - INFO - [BBC] Attempt 1/1: Trying with 'requests_browser' strategy...
2025-11-28 03:16:03,833 - INFO - [BBC] Success with 'requests_browser'. Found content (511 words).
2025-11-28 03:16:03,870 - INFO - Duplicate article skipped: Venezuela bans six major airlines after tensions with US escalate from BBC
2025-11-28 03:16:03,937 - INFO - [The Guardian] Article: https://www.theguardian.com/world/2025/nov/27/perus-ousted-president-of-the-poor-gets-11-year-sentence-for-rebellion
2025-11-28 03:16:03,937 - INFO - [The Guardian] Attempt 1/1: Trying with 'requests_browser' strategy...
2025-11-28 03:16:03,963 - INFO - [The Guardian] Success with 'requests_browser'. Found content (346 words).
2025-11-28 03:16:03,999 - INFO - Duplicate article skipped: Peru’s ousted ‘president of the poor’ gets 11-year sentence for rebellion | Peru | The Guardian from The Guardian
2025-11-28 03:16:04,367 - INFO - Selenium driver initialized successfully.
2025-11-28 03:16:04,367 - INFO - Starting scrape for The Hindu RSS feed: https://www.thehindu.com/news/national/feeder/default.rss
2025-11-28 03:16:04,368 - INFO - Selenium driver initialized successfully.
2025-11-28 03:16:04,368 - INFO - Starting scrape for Times of India RSS feed: https://timesofindia.indiatimes.com/rssfeeds/296589292.cms
2025-11-28 03:16:04,477 - INFO - Found 100 articles in The Hindu RSS feed. Processing up to 20.
2025-11-28 03:16:04,478 - INFO - [The Hindu] Article: https://www.thehindu.com/news/national/tamil-nadu/madras-high-court-modifies-stalkers-death-sentence-to-life-imprisonment/article70331773.ece
2025-11-28 03:16:04,478 - INFO - [The Hindu] Attempt 1/1: Trying with 'selenium_browser' strategy...
2025-11-28 03:16:04,542 - INFO - Found 20 articles in Times of India RSS feed. Processing up to 20.
2025-11-28 03:16:04,543 - INFO - [Times of India] Article: https://timesofindia.indiatimes.com/world/us/free-countries-allow-homophobia-tucker-carlson-challenges-piers-morgan-on-uk-free-speech-dares-him-to-use-gay-slur/articleshow/125627473.cms
2025-11-28 03:16:04,543 - INFO - [Times of India] Attempt 1/1: Trying with 'selenium_browser' strategy...
2025-11-28 03:16:04,769 - INFO - [The Guardian] Article: https://www.theguardian.com/world/2025/nov/27/venezuela-bans-six-leading-airlines-as-tensions-with-us-escalate
2025-11-28 03:16:04,769 - INFO - [The Guardian] Attempt 1/1: Trying with 'requests_browser' strategy...
2025-11-28 03:16:04,809 - INFO - [The Guardian] Success with 'requests_browser'. Found content (371 words).
2025-11-28 03:16:04,859 - INFO - Duplicate article skipped: Venezuela bans six international airlines as tensions with US escalate | Venezuela | The Guardian from The Guardian
2025-11-28 03:16:05,178 - INFO - [BBC] Article: https://www.bbc.com/news/articles/cewj1e1yk2vo?at_medium=RSS&at_campaign=rss
2025-11-28 03:16:05,178 - INFO - [BBC] Attempt 1/1: Trying with 'requests_browser' strategy...
2025-11-28 03:16:05,232 - INFO - [BBC] Success with 'requests_browser'. Found content (1118 words).
2025-11-28 03:16:05,278 - INFO - Duplicate article skipped: Fracking transforms an Argentine town but what about the nation? from BBC
2025-11-28 03:16:05,459 - INFO - [The Guardian] Article: https://www.theguardian.com/us-news/2025/nov/27/peru-band-of-holes-mystery
2025-11-28 03:16:05,459 - INFO - [The Guardian] Attempt 1/1: Trying with 'requests_browser' strategy...
2025-11-28 03:16:05,508 - INFO - [The Guardian] Success with 'requests_browser'. Found content (563 words).
2025-11-28 03:16:05,555 - INFO - Duplicate article skipped: Florida professor may have solved mystery of Peru’s Band of Holes | US news | The Guardian from The Guardian
2025-11-28 03:16:06,672 - INFO - [BBC] Article: https://www.bbc.com/news/articles/cdd560nvqqdo?at_medium=RSS&at_campaign=rss
2025-11-28 03:16:06,672 - INFO - [BBC] Attempt 1/1: Trying with 'requests_browser' strategy...
2025-11-28 03:16:06,820 - INFO - [The Guardian] Article: https://www.theguardian.com/world/2025/nov/27/miss-universe-co-owners-arrest-warrants
2025-11-28 03:16:06,823 - INFO - [The Guardian] Attempt 1/1: Trying with 'requests_browser' strategy...
2025-11-28 03:16:06,952 - INFO - [The Guardian] Success with 'requests_browser'. Found content (459 words).
2025-11-28 03:16:07,001 - INFO - [BBC] Success with 'requests_browser'. Found content (1894 words).
2025-11-28 03:16:07,187 - INFO - Duplicate article skipped: Arrest warrants issued for Miss Universe co-owners in latest twist in pageant saga | Mexico | The Guardian from The Guardian
2025-11-28 03:16:07,199 - INFO - Duplicate article skipped: Year after ceasefire, peace eludes south Lebanon as Israeli strikes continue from BBC
2025-11-28 03:16:07,692 - INFO - [The Guardian] Article: https://www.theguardian.com/world/2025/nov/28/china-civil-service-exam-age-limit-changed
2025-11-28 03:16:07,692 - INFO - [The Guardian] Attempt 1/1: Trying with 'requests_browser' strategy...
2025-11-28 03:16:07,834 - INFO - [The Guardian] Success with 'requests_browser'. Found content (763 words).
2025-11-28 03:16:07,965 - INFO - [BBC] Article: https://www.bbc.com/news/articles/cy5g3076lqzo?at_medium=RSS&at_campaign=rss
2025-11-28 03:16:07,965 - INFO - [BBC] Attempt 1/1: Trying with 'requests_browser' strategy...
2025-11-28 03:16:08,111 - INFO - [BBC] Success with 'requests_browser'. Found content (736 words).
2025-11-28 03:16:18,299 - INFO - [Times of India] Page content loaded.
2025-11-28 03:16:19,433 - INFO - [Times of India] Success with 'selenium_browser'. Found content (342 words).
2025-11-28 03:16:35,098 - INFO - Saved article: Millions in China cram for civil service exam and the hope of a job for life | China | The Guardian from The Guardian
2025-11-28 03:16:35,098 - INFO - Duplicate article skipped: Pope Leo visits Turkey and warns humanity at stake from high level of conflict from BBC
2025-11-28 03:16:36,440 - INFO - [The Guardian] Article: https://www.theguardian.com/world/2025/nov/28/flash-flooding-sumatra-death-toll-rises
2025-11-28 03:16:36,440 - INFO - [The Guardian] Attempt 1/1: Trying with 'requests_browser' strategy...
2025-11-28 03:16:36,467 - INFO - [BBC] Article: https://www.bbc.com/news/articles/cvg164nvj77o?at_medium=RSS&at_campaign=rss
2025-11-28 03:16:36,467 - INFO - [BBC] Attempt 1/1: Trying with 'requests_browser' strategy...
2025-11-28 03:16:36,495 - INFO - [The Guardian] Success with 'requests_browser'. Found content (785 words).
2025-11-28 03:16:36,586 - INFO - [BBC] Success with 'requests_browser'. Found content (820 words).
2025-11-28 03:16:52,122 - INFO - Saved article: ‘Free countries allow homophobia’: Tucker Carlson challenges Piers Morgan on UK free speech; dares him to use gay slur - The Times of India from Times of India
2025-11-28 03:16:52,122 - INFO - Duplicate article skipped: Flash flooding in Sumatra kills 69 as rescue crews search rivers for survivors | Indonesia | The Guardian from The Guardian
2025-11-28 03:16:52,122 - INFO - Duplicate article skipped: Guinea-Bissau army general named president a day after apparent coup from BBC
2025-11-28 03:16:52,686 - INFO - [Times of India] Article: https://timesofindia.indiatimes.com/world/rest-of-world/pope-signals-interfaith-push-in-his-turkiye-visit/articleshow/125627383.cms
2025-11-28 03:16:52,686 - INFO - [Times of India] Attempt 1/1: Trying with 'selenium_browser' strategy...
2025-11-28 03:16:52,862 - INFO - [The Guardian] Article: https://www.theguardian.com/news/2025/nov/27/hong-kong-fire-tai-po-police-blame-construction-company
2025-11-28 03:16:52,862 - INFO - [The Guardian] Attempt 1/1: Trying with 'requests_browser' strategy...
2025-11-28 03:16:52,899 - INFO - [The Guardian] Success with 'requests_browser'. Found content (975 words).
2025-11-28 03:16:52,947 - INFO - Duplicate article skipped: Hong Kong police say unsafe scaffolding and foam may have spread fire that killed at least 94 | Hong Kong apartment fires | The Guardian from The Guardian
2025-11-28 03:16:53,321 - INFO - [BBC] Article: https://www.bbc.com/news/articles/cq8dq47j5y8o?at_medium=RSS&at_campaign=rss
2025-11-28 03:16:53,321 - INFO - [BBC] Attempt 1/1: Trying with 'requests_browser' strategy...
2025-11-28 03:16:53,373 - INFO - [BBC] Success with 'requests_browser'. Found content (595 words).
2025-11-28 03:16:53,419 - INFO - Duplicate article skipped: South Africa's Cyril Ramaphosa hits back after Donald Trump says US won't invite it for G20 summit from BBC
2025-11-28 03:16:53,493 - INFO - [The Guardian] Article: https://www.theguardian.com/world/live/2025/nov/27/hong-kong-fire-arrests-dead-killed-hundreds-missing-housing-complex-blaze
2025-11-28 03:16:53,493 - INFO - [The Guardian] Attempt 1/1: Trying with 'requests_browser' strategy...
2025-11-28 03:16:53,812 - INFO - [The Guardian] Success with 'requests_browser'. Found content (1149 words).
2025-11-28 03:16:53,963 - INFO - Duplicate article skipped: Hong Kong fire: death toll rises to 83 as rescue crews search for survivors in still-burning towers – as it happened | Hong Kong | The Guardian from The Guardian
2025-11-28 03:16:54,371 - INFO - [Times of India] Page content loaded.
2025-11-28 03:16:54,625 - WARNING - [Times of India] FAILED with 'selenium_browser' (content was too short: 77 words).
2025-11-28 03:16:54,625 - ERROR - [Times of India] All scrape strategies failed for https://timesofindia.indiatimes.com/world/rest-of-world/pope-signals-interfaith-push-in-his-turkiye-visit/articleshow/125627383.cms. Falling back to RSS description.
2025-11-28 03:16:54,708 - INFO - [The Guardian] Article: https://www.theguardian.com/world/2025/nov/27/anger-hong-kong-apartment-complex-fires-deaths
2025-11-28 03:16:54,708 - INFO - [The Guardian] Attempt 1/1: Trying with 'requests_browser' strategy...
2025-11-28 03:16:54,778 - INFO - [The Guardian] Success with 'requests_browser'. Found content (765 words).
2025-11-28 03:16:54,902 - INFO - [BBC] Article: https://www.bbc.com/news/articles/cdxwzwe507ko?at_medium=RSS&at_campaign=rss
2025-11-28 03:16:54,903 - INFO - [BBC] Attempt 1/1: Trying with 'requests_browser' strategy...
2025-11-28 03:16:54,977 - INFO - [BBC] Success with 'requests_browser'. Found content (442 words).
2025-11-28 03:17:13,967 - INFO - Saved article: Pope signals interfaith push in his Turkiye visit from Times of India
2025-11-28 03:17:13,967 - INFO - Duplicate article skipped: Anger swelling in Hong Kong over deadliest fire in more than 70 years | Hong Kong | The Guardian from The Guardian
2025-11-28 03:17:13,967 - INFO - Duplicate article skipped: Malawi police investigate theft of four German Shepherds from Kamuzu Palace from BBC
2025-11-28 03:17:14,528 - INFO - [The Guardian] Article: https://www.theguardian.com/australia-news/live/2025/nov/28/australia-news-live-storms-hail-queensland-environment-laws-anthony-albanese-labor-greens-sussan-ley-coalition-ntwnfb
2025-11-28 03:17:14,528 - INFO - [The Guardian] Attempt 1/1: Trying with 'requests_browser' strategy...
2025-11-28 03:17:14,617 - INFO - [The Guardian] Success with 'requests_browser'. Found content (1891 words).
2025-11-28 03:17:14,715 - INFO - Duplicate article skipped: Australia news live: brumby law change ‘puts science above politics’; two arrests after fatal daylight shooting in Sydney | Australia news | The Guardian from The Guardian
2025-11-28 03:17:14,985 - INFO - [BBC] Article: https://www.bbc.com/news/articles/cly0jjv2lg1o?at_medium=RSS&at_campaign=rss
2025-11-28 03:17:14,985 - INFO - [BBC] Attempt 1/1: Trying with 'requests_browser' strategy...
2025-11-28 03:17:15,037 - INFO - [BBC] Success with 'requests_browser'. Found content (1341 words).
2025-11-28 03:17:15,079 - INFO - Duplicate article skipped: Russia Ukraine war: Where peace stands after frantic diplomacy from BBC
2025-11-28 03:17:15,269 - INFO - [Times of India] Article: https://timesofindia.indiatimes.com/world/south-asia/hasina-gets-21-yr-jail-term-in-land-scam/articleshow/125627452.cms
2025-11-28 03:17:15,269 - INFO - [Times of India] Attempt 1/1: Trying with 'selenium_browser' strategy...
2025-11-28 03:17:15,385 - INFO - [The Guardian] Article: https://www.theguardian.com/environment/2025/nov/28/bull-shark-killed-swiss-tourist-nsw-unlikely-attack-again
2025-11-28 03:17:15,385 - INFO - [The Guardian] Attempt 1/1: Trying with 'requests_browser' strategy...
2025-11-28 03:17:15,494 - INFO - [The Guardian] Success with 'requests_browser'. Found content (814 words).
2025-11-28 03:17:16,374 - INFO - [BBC] Article: https://www.bbc.com/news/articles/c0edww3qgq2o?at_medium=RSS&at_campaign=rss
2025-11-28 03:17:16,374 - INFO - [BBC] Attempt 1/1: Trying with 'requests_browser' strategy...
2025-11-28 03:17:16,601 - INFO - [BBC] Success with 'requests_browser'. Found content (652 words).
2025-11-28 03:17:18,319 - INFO - [Times of India] Page content loaded.
2025-11-28 03:17:18,564 - INFO - [Times of India] Success with 'selenium_browser'. Found content (139 words).
2025-11-28 03:17:39,339 - INFO - DEDUPLICATION: Found match (Score: 0.89). Linking to Cluster ID: 09508a79-d53b-4635-ad91-535eae11ea1b
2025-11-28 03:17:39,341 - INFO - Saved article: Bull shark that killed Swiss tourist on NSW beach unlikely to lash out again, experts say | Sharks | The Guardian from The Guardian
2025-11-28 03:17:39,341 - INFO - Duplicate article skipped: Guinea-Bissau coup: Soldiers seize power and detain President Umaro Sissoco Embaló from BBC
2025-11-28 03:17:40,359 - INFO - [The Guardian] Article: https://www.theguardian.com/world/2025/nov/28/palestinian-australian-assaulted-abused-sydney-train-not-hate-speech-ntwnfb
2025-11-28 03:17:40,359 - INFO - [The Guardian] Attempt 1/1: Trying with 'requests_browser' strategy...
2025-11-28 03:17:40,412 - INFO - [BBC] Article: https://www.bbc.com/news/articles/c3r7xr94ln8o?at_medium=RSS&at_campaign=rss
2025-11-28 03:17:40,412 - INFO - [BBC] Attempt 1/1: Trying with 'requests_browser' strategy...
2025-11-28 03:17:40,497 - INFO - [BBC] Success with 'requests_browser'. Found content (724 words).
2025-11-28 03:17:40,619 - INFO - [The Guardian] Success with 'requests_browser'. Found content (1194 words).
2025-11-28 03:17:56,612 - INFO - Saved article: Hasina gets 21-yr jail term in land scam - The Times of India from Times of India
2025-11-28 03:17:56,612 - INFO - Duplicate article skipped: Trump defends Witkoff after leak appears to show envoy coaching Russias from BBC
2025-11-28 03:17:57,704 - INFO - [Times of India] Article: https://timesofindia.indiatimes.com/world/us/are-you-a-stupid-person-trump-slams-reporter-questioning-him-over-white-house-shooting-watch/articleshow/125627144.cms
2025-11-28 03:17:57,704 - INFO - [Times of India] Attempt 1/1: Trying with 'selenium_browser' strategy...
2025-11-28 03:17:58,081 - INFO - [BBC] Article: https://www.bbc.com/news/articles/c74x55epn34o?at_medium=RSS&at_campaign=rss
2025-11-28 03:17:58,081 - INFO - [BBC] Attempt 1/1: Trying with 'requests_browser' strategy...
2025-11-28 03:17:58,138 - INFO - [BBC] Success with 'requests_browser'. Found content (303 words).
2025-11-28 03:18:01,329 - INFO - [Times of India] Page content loaded.
2025-11-28 03:18:01,602 - INFO - [Times of India] Success with 'selenium_browser'. Found content (322 words).
2025-11-28 03:18:04,578 - ERROR - [The Hindu] Request failed for strategy 'selenium_browser' on URL https://www.thehindu.com/news/national/tamil-nadu/madras-high-court-modifies-stalkers-death-sentence-to-life-imprisonment/article70331773.ece: HTTPConnectionPool(host='localhost', port=40053): Read timed out. (read timeout=120)
2025-11-28 03:18:04,579 - ERROR - [The Hindu] All scrape strategies failed for https://www.thehindu.com/news/national/tamil-nadu/madras-high-court-modifies-stalkers-death-sentence-to-life-imprisonment/article70331773.ece. Falling back to RSS description.
2025-11-28 03:18:15,301 - INFO - Saved article: Palestinian Australian assaulted and abused on Sydney train ‘shocked’ police charged assailant with assault but not hate speech | Race | The Guardian from The Guardian
2025-11-28 03:18:15,301 - INFO - Duplicate article skipped: Nicolas Sarkozy illegal campaign financing conviction upheld from BBC
2025-11-28 03:18:16,756 - INFO - [The Guardian] Article: https://www.theguardian.com/australia-news/2025/nov/28/jai-wright-police-officer-guilty-causing-indigenous-teenager-death-ntwnfb
2025-11-28 03:18:16,756 - INFO - [The Guardian] Attempt 1/1: Trying with 'requests_browser' strategy...
2025-11-28 03:18:16,777 - INFO - [BBC] Article: https://www.bbc.com/news/articles/c9d9l7w1g8yo?at_medium=RSS&at_campaign=rss
2025-11-28 03:18:16,777 - INFO - [BBC] Attempt 1/1: Trying with 'requests_browser' strategy...
2025-11-28 03:18:16,842 - INFO - [BBC] Success with 'requests_browser'. Found content (420 words).
2025-11-28 03:18:16,940 - INFO - [The Guardian] Success with 'requests_browser'. Found content (417 words).
2025-11-28 03:18:31,616 - INFO - Saved article: 'Are you a stupid person?': Trump slams reporter questioning him over White House shooting – watch - The Times of India from Times of India
2025-11-28 03:18:32,272 - INFO - [Times of India] Article: https://timesofindia.indiatimes.com/world/us-streamers/what-happened-to-tiktok-star-tini-youngers-baby-arya-in-her-twin-pregnancy-just-days-before-birth/articleshow/125626918.cms
2025-11-28 03:18:32,272 - INFO - [Times of India] Attempt 1/1: Trying with 'selenium_browser' strategy...
2025-11-28 03:18:34,669 - INFO - [Times of India] Page content loaded.
2025-11-28 03:18:34,890 - INFO - [Times of India] Success with 'selenium_browser'. Found content (433 words).
2025-11-28 03:18:51,385 - INFO - Saved article: Madras High Court modifies stalker’s death sentence to life imprisonment from The Hindu
2025-11-28 03:18:51,385 - INFO - Duplicate article skipped: Australia social media ban: Teens challenge law before High Court from BBC
2025-11-28 03:18:51,385 - INFO - Duplicate article skipped: Police sergeant found guilty of causing death of 16-year-old Indigenous teenager Jai Wright | Australian police and policing | The Guardian from The Guardian
2025-11-28 03:18:51,385 - INFO - Duplicate article skipped: What happened to TikTok star Tini Younger’s baby Arya in her twin pregnancy just days before birth? - The Times of India from Times of India
2025-11-28 03:18:51,941 - INFO - [The Hindu] Article: https://www.thehindu.com/news/national/telangana/election-notice-to-first-phase-of-telangana-gp-elections-2025-issued/article70331779.ece
2025-11-28 03:18:51,941 - INFO - [The Hindu] Attempt 1/1: Trying with 'selenium_browser' strategy...
2025-11-28 03:18:52,431 - INFO - [The Guardian] Article: https://www.theguardian.com/australia-news/2025/nov/28/former-townsville-mayor-troy-thompson-found-to-have-misled-voters-about-cancer-diagnosis-and-military-history
2025-11-28 03:18:52,431 - INFO - [The Guardian] Attempt 1/1: Trying with 'requests_browser' strategy...
2025-11-28 03:18:52,473 - INFO - [The Guardian] Success with 'requests_browser'. Found content (669 words).
2025-11-28 03:18:52,509 - INFO - Duplicate article skipped: Former Townsville mayor Troy Thompson found to have misled voters about cancer diagnosis and military history | Queensland politics | The Guardian from The Guardian
2025-11-28 03:18:52,706 - INFO - [BBC] Article: https://www.bbc.com/news/articles/cr4drle9k12o?at_medium=RSS&at_campaign=rss
2025-11-28 03:18:52,706 - INFO - [BBC] Attempt 1/1: Trying with 'requests_browser' strategy...
2025-11-28 03:18:52,718 - INFO - [Times of India] Article: https://timesofindia.indiatimes.com/world/us-streamers/nick-fuentes-demands-evidence-as-candace-owens-links-emmanuel-macron-and-charlie-kirk-death-to-assassination-plot/articleshow/125626670.cms
2025-11-28 03:18:52,718 - INFO - [Times of India] Attempt 1/1: Trying with 'selenium_browser' strategy...
2025-11-28 03:18:52,761 - INFO - [BBC] Success with 'requests_browser'. Found content (493 words).
2025-11-28 03:18:52,815 - INFO - Duplicate article skipped: Chicago man accused of setting train passenger on fire had 72 prior arrests from BBC
2025-11-28 03:18:53,929 - INFO - [BBC] Article: https://www.bbc.com/news/articles/c1dzp050yn2o?at_medium=RSS&at_campaign=rss
2025-11-28 03:18:53,929 - INFO - [BBC] Attempt 1/1: Trying with 'requests_browser' strategy...
2025-11-28 03:18:54,528 - INFO - [Times of India] Page content loaded.
2025-11-28 03:18:54,668 - INFO - [BBC] Success with 'requests_browser'. Found content (1232 words).
2025-11-28 03:18:54,743 - INFO - Duplicate article skipped: Italian parliament unanimously votes to make femicide a crime from BBC
2025-11-28 03:18:54,764 - INFO - [Times of India] Success with 'selenium_browser'. Found content (416 words).
2025-11-28 03:18:54,873 - INFO - Duplicate article skipped: Nick Fuentes demands evidence as Candace Owens links Emmanuel Macron and Charlie Kirk death to assassination plot - The Times of India from Times of India
2025-11-28 03:18:56,344 - INFO - [Times of India] Article: https://timesofindia.indiatimes.com/world/us-streamers/ray-j-banned-on-twitch-and-arrested-after-livestream-shows-gun-moment-with-princess-love/articleshow/125625046.cms
2025-11-28 03:18:56,344 - INFO - [Times of India] Attempt 1/1: Trying with 'selenium_browser' strategy...
2025-11-28 03:18:57,332 - INFO - [Times of India] Page content loaded.
2025-11-28 03:18:57,468 - INFO - [Times of India] Success with 'selenium_browser'. Found content (469 words).
2025-11-28 03:18:57,536 - INFO - Duplicate article skipped: Ray J banned on Twitch and arrested after livestream shows gun moment with Princess Love - The Times of India from Times of India
2025-11-28 03:18:58,246 - INFO - [Times of India] Article: https://timesofindia.indiatimes.com/world/us-streamers/did-marquay-the-goat-die-by-accident-new-details-point-to-something-troubling-before-tiktok-star-marquay-collins-passed/articleshow/125624471.cms
2025-11-28 03:18:58,247 - INFO - [Times of India] Attempt 1/1: Trying with 'selenium_browser' strategy...
2025-11-28 03:18:59,387 - INFO - [Times of India] Page content loaded.
2025-11-28 03:18:59,507 - INFO - [Times of India] Success with 'selenium_browser'. Found content (461 words).
2025-11-28 03:18:59,570 - INFO - Duplicate article skipped: Did Marquay The Goat die by accident? New details point to something troubling before TikTok star Marquay Collins passed - The Times of India from Times of India
2025-11-28 03:19:00,847 - INFO - [Times of India] Article: https://timesofindia.indiatimes.com/world/europe/russia-ukraine-war-putin-says-us-plan-could-form-basis-of-ceasefire-deal-threatens-military-action-if-kyiv-doesnt-pull-back/articleshow/125626659.cms
2025-11-28 03:19:00,848 - INFO - [Times of India] Attempt 1/1: Trying with 'selenium_browser' strategy...
2025-11-28 03:19:02,614 - INFO - [Times of India] Page content loaded.
2025-11-28 03:19:02,913 - INFO - [Times of India] Success with 'selenium_browser'. Found content (364 words).
2025-11-28 03:19:02,982 - INFO - Duplicate article skipped: Russia-Ukraine war: Putin says US plan ‘could form basis’ of ceasefire deal; threatens military action if Kyiv doesn't pull back - The Times of India from Times of India
2025-11-28 03:19:03,584 - INFO - [Times of India] Article: https://timesofindia.indiatimes.com/world/us/national-guard-troop-shot-near-white-house-dies-second-victim-critical-trump-says/articleshow/125626691.cms
2025-11-28 03:19:03,584 - INFO - [Times of India] Attempt 1/1: Trying with 'selenium_browser' strategy...
2025-11-28 03:19:04,570 - INFO - [Times of India] Page content loaded.
2025-11-28 03:19:04,700 - INFO - [Times of India] Success with 'selenium_browser'. Found content (301 words).
2025-11-28 03:19:04,779 - INFO - Duplicate article skipped: Shooting near White House: One National Guard member dead, another critically injured, Trump says - The Times of India from Times of India
2025-11-28 03:19:05,402 - INFO - [Times of India] Article: https://timesofindia.indiatimes.com/world/us-streamers/why-some-long-time-youtube-channels-are-disappearing-without-warning/articleshow/125624158.cms
2025-11-28 03:19:05,402 - INFO - [Times of India] Attempt 1/1: Trying with 'selenium_browser' strategy...
2025-11-28 03:19:07,350 - INFO - [Times of India] Page content loaded.
2025-11-28 03:19:07,566 - INFO - [Times of India] Success with 'selenium_browser'. Found content (436 words).
2025-11-28 03:19:07,624 - INFO - Duplicate article skipped: Why some long-time YouTube channels are disappearing without warning - The Times of India from Times of India
2025-11-28 03:19:09,040 - INFO - [Times of India] Article: https://timesofindia.indiatimes.com/sports/international-sports/who-is-fuzzy-zoeller-famous-two-time-major-champion-golfer-dies-at-74-after-masters-history/articleshow/125624118.cms
2025-11-28 03:19:09,040 - INFO - [Times of India] Attempt 1/1: Trying with 'selenium_browser' strategy...
2025-11-28 03:19:10,696 - INFO - [Times of India] Page content loaded.
2025-11-28 03:19:10,943 - INFO - [Times of India] Success with 'selenium_browser'. Found content (425 words).
2025-11-28 03:19:10,989 - INFO - Duplicate article skipped: Who was Fuzzy Zoeller? Famous two-time major champion golfer dies at 74 after Masters history | International Sports News - The Times of India from Times of India
2025-11-28 03:19:11,495 - INFO - [Times of India] Article: https://timesofindia.indiatimes.com/world/us/you-have-criminal-record-indian-origin-sikh-man-stopped-from-entering-canada-from-us-interaction-goes-viral/articleshow/125624001.cms
2025-11-28 03:19:11,495 - INFO - [Times of India] Attempt 1/1: Trying with 'selenium_browser' strategy...
2025-11-28 03:19:13,643 - INFO - [Times of India] Page content loaded.
2025-11-28 03:19:13,856 - INFO - [Times of India] Success with 'selenium_browser'. Found content (339 words).
2025-11-28 03:19:13,928 - INFO - Duplicate article skipped: 'You have criminal record': Indian-origin Sikh man stopped from entering Canada from US, interaction goes viral - The Times of India from Times of India
2025-11-28 03:19:14,641 - INFO - [Times of India] Article: https://timesofindia.indiatimes.com/world/us/watch-zohran-mamdani-does-the-iconic-shah-rukh-khan-pose-while-guessing-bollywood-songs-with-mehdi-hasan/articleshow/125623177.cms
2025-11-28 03:19:14,641 - INFO - [Times of India] Attempt 1/1: Trying with 'selenium_browser' strategy...
2025-11-28 03:19:15,956 - INFO - [Times of India] Page content loaded.
2025-11-28 03:19:16,099 - INFO - [Times of India] Success with 'selenium_browser'. Found content (352 words).
2025-11-28 03:19:16,160 - INFO - Duplicate article skipped: Watch: Zohran Mamdani does the iconic Shah Rukh Khan pose while guessing Bollywood songs with Mehdi Hasan - The Times of India from Times of India
2025-11-28 03:19:17,114 - INFO - [Times of India] Article: https://timesofindia.indiatimes.com/world/us/you-miss-all-the-signs-when-kash-patel-on-how-trump-admin-granted-asylum-to-shooter-rahmanullah-lakanwal/articleshow/125623150.cms
2025-11-28 03:19:17,114 - INFO - [Times of India] Attempt 1/1: Trying with 'selenium_browser' strategy...
2025-11-28 03:19:18,318 - INFO - [Times of India] Page content loaded.
2025-11-28 03:19:18,474 - INFO - [Times of India] Success with 'selenium_browser'. Found content (372 words).
2025-11-28 03:19:18,808 - INFO - Duplicate article skipped: 'You miss all the signs when...': Kash Patel on how Trump admin granted asylum to shooter Rahmanullah Lakanwal - The Times of India from Times of India
2025-11-28 03:19:19,327 - INFO - [Times of India] Article: https://timesofindia.indiatimes.com/world/us-streamers/hasan-pikar-calls-out-asmongold-for-hasan-is-finished-video-over-china-trip-clips/articleshow/125623329.cms
2025-11-28 03:19:19,327 - INFO - [Times of India] Attempt 1/1: Trying with 'selenium_browser' strategy...
2025-11-28 03:19:20,909 - INFO - [Times of India] Page content loaded.
2025-11-28 03:19:21,146 - INFO - [Times of India] Success with 'selenium_browser'. Found content (428 words).
2025-11-28 03:19:21,201 - INFO - Duplicate article skipped: Hasan Pikar calls out Asmongold for ‘Hasan is finished’ video over China trip clips - The Times of India from Times of India
2025-11-28 03:19:21,746 - INFO - [Times of India] Article: https://timesofindia.indiatimes.com/world/us/how-rahmanullah-lakanwal-made-it-from-afghanistan-to-us-before-white-house-shooting-inside-operation-allies-welcome/articleshow/125622030.cms
2025-11-28 03:19:21,746 - INFO - [Times of India] Attempt 1/1: Trying with 'selenium_browser' strategy...
2025-11-28 03:19:23,584 - INFO - [Times of India] Page content loaded.
2025-11-28 03:19:23,800 - INFO - [Times of India] Success with 'selenium_browser'. Found content (585 words).
2025-11-28 03:19:23,868 - INFO - Duplicate article skipped: How Rahmanullah Lakanwal made it from Afghanistan to US before White House shooting — Inside Operation Allies Welcome - The Times of India from Times of India
2025-11-28 03:19:24,562 - INFO - [Times of India] Article: https://timesofindia.indiatimes.com/world/uk/canadian-company-buys-uks-most-iconic-indian-restaurants-including-veeraswamy-and-chutney-mary/articleshow/125621572.cms
2025-11-28 03:19:24,562 - INFO - [Times of India] Attempt 1/1: Trying with 'selenium_browser' strategy...
2025-11-28 03:19:27,240 - INFO - [Times of India] Page content loaded.
2025-11-28 03:19:27,349 - INFO - [Times of India] Success with 'selenium_browser'. Found content (404 words).
2025-11-28 03:19:27,429 - INFO - Duplicate article skipped: Canadian company buys UK’s most iconic Indian restaurants, including Veeraswamy and Chutney Mary - The Times of India from Times of India
2025-11-28 03:19:28,085 - INFO - [Times of India] Article: https://timesofindia.indiatimes.com/world/us/us-ceo-backs-h-1b-says-100000-fee-will-hurt-economy-immigrant-workers-have-different-skill-sets/articleshow/125621078.cms
2025-11-28 03:19:28,085 - INFO - [Times of India] Attempt 1/1: Trying with 'selenium_browser' strategy...
2025-11-28 03:19:30,115 - INFO - [Times of India] Page content loaded.
2025-11-28 03:19:30,331 - INFO - [Times of India] Success with 'selenium_browser'. Found content (405 words).
2025-11-28 03:19:30,396 - INFO - Duplicate article skipped: US CEO backs H-1B, says $100,000 fee will hurt economy: 'Immigrant workers have different skill sets' - The Times of India from Times of India
2025-11-28 03:19:31,028 - INFO - [Times of India] Article: https://timesofindia.indiatimes.com/world/us/who-is-joy-reid-tv-host-who-said-jd-vance-will-leave-brown-hindu-wife-usha-for-white-queen-erika-kirk/articleshow/125619706.cms
2025-11-28 03:19:31,029 - INFO - [Times of India] Attempt 1/1: Trying with 'selenium_browser' strategy...
2025-11-28 03:19:32,645 - INFO - [Times of India] Page content loaded.
2025-11-28 03:19:32,836 - INFO - [Times of India] Success with 'selenium_browser'. Found content (300 words).
2025-11-28 03:19:32,945 - INFO - Duplicate article skipped: Who is Joy Reid? TV host who said JD Vance will leave ‘brown Hindu wife’ Usha for ‘white queen’ Erika Kirk - The Times of India from Times of India
2025-11-28 03:19:34,297 - INFO - [Times of India] (Thread) Finished. Attempting to shut down its Selenium driver.
2025-11-28 03:19:34,634 - INFO - [Times of India] (Thread) driver.quit() successful.
2025-11-28 03:20:51,992 - ERROR - [The Hindu] Request failed for strategy 'selenium_browser' on URL https://www.thehindu.com/news/national/telangana/election-notice-to-first-phase-of-telangana-gp-elections-2025-issued/article70331779.ece: HTTPConnectionPool(host='localhost', port=40053): Read timed out. (read timeout=120)
2025-11-28 03:20:51,992 - ERROR - [The Hindu] All scrape strategies failed for https://www.thehindu.com/news/national/telangana/election-notice-to-first-phase-of-telangana-gp-elections-2025-issued/article70331779.ece. Falling back to RSS description.
2025-11-28 03:20:56,534 - CRITICAL - --- TIMEOUT: 1 scrape jobs did not complete in 300s. ---
2025-11-28 03:20:56,534 - ERROR - A thread has timed out and will be abandoned.
2025-11-28 03:20:56,534 - INFO - Shutting down thread pool (wait=False)...
2025-11-28 03:20:56,534 - INFO - Scraped: 4 Times of India, 3 The Guardian, 0 BBC, 1 Timed_Out_Jobs articles. (Total saved: 7)
2025-11-28 03:20:56,534 - INFO - --- Scraping job finished ---
2025-11-28 03:20:56,534 - INFO - --- Scraper service stopped and database connection closed. ---
2025-11-28 03:20:56,534 - INFO - --- Main thread finished. Forcing process exit to kill zombie threads. ---
