2026-05-29 01:33:08,928 - INFO - Loading AI Semantic Model (all-MiniLM-L6-v2)...
2026-05-29 01:33:08,929 - INFO - No device provided, using cpu
2026-05-29 01:33:09,002 - INFO - HTTP Request: HEAD https://huggingface.co/sentence-transformers/all-MiniLM-L6-v2/resolve/main/modules.json "HTTP/1.1 307 Temporary Redirect"
2026-05-29 01:33:09,002 - WARNING - Warning: You are sending unauthenticated requests to the HF Hub. Please set a HF_TOKEN to enable higher rate limits and faster downloads.
2026-05-29 01:33:09,007 - INFO - HTTP Request: HEAD https://huggingface.co/api/resolve-cache/models/sentence-transformers/all-MiniLM-L6-v2/c9745ed1d9f207416be6d2e6f8de32d1f16199bf/modules.json "HTTP/1.1 200 OK"
2026-05-29 01:33:09,023 - INFO - HTTP Request: HEAD https://huggingface.co/sentence-transformers/all-MiniLM-L6-v2/resolve/main/config_sentence_transformers.json "HTTP/1.1 307 Temporary Redirect"
2026-05-29 01:33:09,030 - INFO - HTTP Request: HEAD https://huggingface.co/api/resolve-cache/models/sentence-transformers/all-MiniLM-L6-v2/c9745ed1d9f207416be6d2e6f8de32d1f16199bf/config_sentence_transformers.json "HTTP/1.1 200 OK"
2026-05-29 01:33:09,030 - INFO - Loading SentenceTransformer model from sentence-transformers/all-MiniLM-L6-v2.
2026-05-29 01:33:09,047 - INFO - HTTP Request: HEAD https://huggingface.co/sentence-transformers/all-MiniLM-L6-v2/resolve/main/config_sentence_transformers.json "HTTP/1.1 307 Temporary Redirect"
2026-05-29 01:33:09,052 - INFO - HTTP Request: HEAD https://huggingface.co/api/resolve-cache/models/sentence-transformers/all-MiniLM-L6-v2/c9745ed1d9f207416be6d2e6f8de32d1f16199bf/config_sentence_transformers.json "HTTP/1.1 200 OK"
2026-05-29 01:33:09,071 - INFO - HTTP Request: HEAD https://huggingface.co/sentence-transformers/all-MiniLM-L6-v2/resolve/main/README.md "HTTP/1.1 307 Temporary Redirect"
2026-05-29 01:33:09,077 - INFO - HTTP Request: HEAD https://huggingface.co/api/resolve-cache/models/sentence-transformers/all-MiniLM-L6-v2/c9745ed1d9f207416be6d2e6f8de32d1f16199bf/README.md "HTTP/1.1 200 OK"
2026-05-29 01:33:09,093 - INFO - HTTP Request: HEAD https://huggingface.co/sentence-transformers/all-MiniLM-L6-v2/resolve/main/modules.json "HTTP/1.1 307 Temporary Redirect"
2026-05-29 01:33:09,099 - INFO - HTTP Request: HEAD https://huggingface.co/api/resolve-cache/models/sentence-transformers/all-MiniLM-L6-v2/c9745ed1d9f207416be6d2e6f8de32d1f16199bf/modules.json "HTTP/1.1 200 OK"
2026-05-29 01:33:09,114 - INFO - HTTP Request: HEAD https://huggingface.co/sentence-transformers/all-MiniLM-L6-v2/resolve/main/sentence_bert_config.json "HTTP/1.1 307 Temporary Redirect"
2026-05-29 01:33:09,120 - INFO - HTTP Request: HEAD https://huggingface.co/api/resolve-cache/models/sentence-transformers/all-MiniLM-L6-v2/c9745ed1d9f207416be6d2e6f8de32d1f16199bf/sentence_bert_config.json "HTTP/1.1 200 OK"
2026-05-29 01:33:09,143 - INFO - HTTP Request: HEAD https://huggingface.co/sentence-transformers/all-MiniLM-L6-v2/resolve/main/adapter_config.json "HTTP/1.1 404 Not Found"
2026-05-29 01:33:09,164 - INFO - HTTP Request: HEAD https://huggingface.co/sentence-transformers/all-MiniLM-L6-v2/resolve/main/config.json "HTTP/1.1 307 Temporary Redirect"
2026-05-29 01:33:09,170 - INFO - HTTP Request: HEAD https://huggingface.co/api/resolve-cache/models/sentence-transformers/all-MiniLM-L6-v2/c9745ed1d9f207416be6d2e6f8de32d1f16199bf/config.json "HTTP/1.1 200 OK"
2026-05-29 01:33:09,313 - INFO - HTTP Request: HEAD https://huggingface.co/sentence-transformers/all-MiniLM-L6-v2/resolve/main/processor_config.json "HTTP/1.1 404 Not Found"
2026-05-29 01:33:09,330 - INFO - HTTP Request: HEAD https://huggingface.co/sentence-transformers/all-MiniLM-L6-v2/resolve/main/preprocessor_config.json "HTTP/1.1 404 Not Found"
2026-05-29 01:33:09,350 - INFO - HTTP Request: HEAD https://huggingface.co/sentence-transformers/all-MiniLM-L6-v2/resolve/main/video_preprocessor_config.json "HTTP/1.1 404 Not Found"
2026-05-29 01:33:09,369 - INFO - HTTP Request: HEAD https://huggingface.co/sentence-transformers/all-MiniLM-L6-v2/resolve/main/preprocessor_config.json "HTTP/1.1 404 Not Found"
2026-05-29 01:33:09,385 - INFO - HTTP Request: HEAD https://huggingface.co/sentence-transformers/all-MiniLM-L6-v2/resolve/main/tokenizer_config.json "HTTP/1.1 307 Temporary Redirect"
2026-05-29 01:33:09,392 - INFO - HTTP Request: HEAD https://huggingface.co/api/resolve-cache/models/sentence-transformers/all-MiniLM-L6-v2/c9745ed1d9f207416be6d2e6f8de32d1f16199bf/tokenizer_config.json "HTTP/1.1 200 OK"
2026-05-29 01:33:09,409 - INFO - HTTP Request: HEAD https://huggingface.co/sentence-transformers/all-MiniLM-L6-v2/resolve/main/config.json "HTTP/1.1 307 Temporary Redirect"
2026-05-29 01:33:09,415 - INFO - HTTP Request: HEAD https://huggingface.co/api/resolve-cache/models/sentence-transformers/all-MiniLM-L6-v2/c9745ed1d9f207416be6d2e6f8de32d1f16199bf/config.json "HTTP/1.1 200 OK"
2026-05-29 01:33:09,431 - INFO - HTTP Request: HEAD https://huggingface.co/sentence-transformers/all-MiniLM-L6-v2/resolve/main/config.json "HTTP/1.1 307 Temporary Redirect"
2026-05-29 01:33:09,437 - INFO - HTTP Request: HEAD https://huggingface.co/api/resolve-cache/models/sentence-transformers/all-MiniLM-L6-v2/c9745ed1d9f207416be6d2e6f8de32d1f16199bf/config.json "HTTP/1.1 200 OK"
2026-05-29 01:33:09,460 - INFO - HTTP Request: HEAD https://huggingface.co/sentence-transformers/all-MiniLM-L6-v2/resolve/main/tokenizer_config.json "HTTP/1.1 307 Temporary Redirect"
2026-05-29 01:33:09,466 - INFO - HTTP Request: HEAD https://huggingface.co/api/resolve-cache/models/sentence-transformers/all-MiniLM-L6-v2/c9745ed1d9f207416be6d2e6f8de32d1f16199bf/tokenizer_config.json "HTTP/1.1 200 OK"
2026-05-29 01:33:09,486 - INFO - HTTP Request: GET https://huggingface.co/api/models/sentence-transformers/all-MiniLM-L6-v2/tree/main/additional_chat_templates?recursive=false&expand=false "HTTP/1.1 404 Not Found"
2026-05-29 01:33:09,505 - INFO - HTTP Request: GET https://huggingface.co/api/models/sentence-transformers/all-MiniLM-L6-v2/tree/main?recursive=true&expand=false "HTTP/1.1 200 OK"
2026-05-29 01:33:09,558 - INFO - HTTP Request: HEAD https://huggingface.co/sentence-transformers/all-MiniLM-L6-v2/resolve/main/1_Pooling/config.json "HTTP/1.1 307 Temporary Redirect"
2026-05-29 01:33:09,564 - INFO - HTTP Request: HEAD https://huggingface.co/api/resolve-cache/models/sentence-transformers/all-MiniLM-L6-v2/c9745ed1d9f207416be6d2e6f8de32d1f16199bf/1_Pooling%2Fconfig.json "HTTP/1.1 200 OK"
2026-05-29 01:33:09,631 - INFO - HTTP Request: GET https://huggingface.co/api/models/sentence-transformers/all-MiniLM-L6-v2 "HTTP/1.1 200 OK"
2026-05-29 01:33:09,636 - INFO - AI Model loaded successfully.
2026-05-29 01:33:09,636 - INFO - --- Scraper service started (CI Mode: Run Once) ---
2026-05-29 01:33:09,636 - INFO - --- Starting new scraping job (Parallel Mode) ---
2026-05-29 01:33:09,636 - INFO - Connecting to Google Sheets...
2026-05-29 01:33:13,400 - INFO - Connected to Sheet: News Scrapper AI / Sheet1
2026-05-29 01:33:13,400 - INFO - Fetching existing data to build cache...
2026-05-29 01:33:34,238 - INFO - Loaded 62298 rows from sheet.
2026-05-29 01:33:35,377 - INFO - Cache built: 62298 URLs. Current MAX_ID: 62400
2026-05-29 01:33:35,383 - INFO - Creating new robust session with 3 retries on 5xx/connection/read errors.
2026-05-29 01:33:35,383 - INFO - Proxy is DISABLED.
2026-05-29 01:33:35,384 - INFO - Starting scrape for BBC RSS feed: http://feeds.bbci.co.uk/news/world/rss.xml
2026-05-29 01:33:35,384 - INFO - [Times of India] (Thread) requires Selenium. Initializing driver...
2026-05-29 01:33:35,384 - INFO - Starting scrape for The Guardian RSS feed: https://www.theguardian.com/world/rss
2026-05-29 01:33:35,386 - INFO - [The Hindu] (Thread) requires Selenium. Initializing driver...
2026-05-29 01:33:35,387 - INFO - [The Dawn] (Thread) requires Selenium. Initializing driver...
2026-05-29 01:33:35,387 - INFO - [Al Jazeera] (Thread) requires Selenium. Initializing driver...
2026-05-29 01:33:35,388 - INFO - Starting scrape for TechCrunch RSS feed: https://techcrunch.com/feed/
2026-05-29 01:33:35,389 - INFO - [Economic Times] (Thread) requires Selenium. Initializing driver...
2026-05-29 01:33:35,389 - INFO - Submitted 8 jobs to thread pool. Waiting up to 420s for completion...
2026-05-29 01:33:35,579 - INFO - Found 0 articles in TechCrunch RSS feed. Processing until 30 new articles are saved.
2026-05-29 01:33:35,646 - INFO - Found 33 articles in BBC RSS feed. Processing until 30 new articles are saved.
2026-05-29 01:33:35,646 - INFO - [BBC] Early skip: URL https://www.bbc.com/news/articles/c87qng40wz9o?at_medium=RSS&at_campaign=rss already exists.
2026-05-29 01:33:35,649 - INFO - [BBC] Early skip: URL https://www.bbc.com/news/articles/cze29764067o?at_medium=RSS&at_campaign=rss already exists.
2026-05-29 01:33:35,651 - INFO - [BBC] Early skip: URL https://www.bbc.com/news/articles/cn9p40en4ngo?at_medium=RSS&at_campaign=rss already exists.
2026-05-29 01:33:35,653 - INFO - [BBC] Article: https://www.bbc.com/news/articles/c0r2ydlvk41o?at_medium=RSS&at_campaign=rss
2026-05-29 01:33:35,653 - INFO - [BBC] Attempt 1/1: Trying with 'requests_browser' strategy...
2026-05-29 01:33:35,684 - INFO - Found 45 articles in The Guardian RSS feed. Processing until 30 new articles are saved.
2026-05-29 01:33:35,685 - INFO - [The Guardian] Early skip: URL https://www.theguardian.com/world/2026/may/28/dormitory-fire-at-kenya-school-students-utumishi-girls-academy-gilgil already exists.
2026-05-29 01:33:35,688 - INFO - [The Guardian] Early skip: URL https://www.theguardian.com/us-news/2026/may/27/trump-administration-ebola-quarantine-kenya already exists.
2026-05-29 01:33:35,690 - INFO - [The Guardian] Early skip: URL https://www.theguardian.com/world/2026/may/27/who-chief-tedros-calls-for-drc-ceasefire-ebola already exists.
2026-05-29 01:33:35,691 - INFO - [The Guardian] Early skip: URL https://www.theguardian.com/world/2026/may/25/spread-of-ebola-in-drc-outpacing-response-efforts-warns-who already exists.
2026-05-29 01:33:35,692 - INFO - [The Guardian] Early skip: URL https://www.theguardian.com/world/2026/may/25/same-sex-marriage-botswana-couple-court already exists.
2026-05-29 01:33:35,694 - INFO - [The Guardian] Early skip: URL https://www.theguardian.com/world/2026/may/28/guatemala-us-military-drug-trafficking already exists.
2026-05-29 01:33:35,695 - INFO - [The Guardian] Early skip: URL https://www.theguardian.com/world/2026/may/28/clashes-between-armed-groups-in-colombia-kill-at-least-52 already exists.
2026-05-29 01:33:35,696 - INFO - [The Guardian] Early skip: URL https://www.theguardian.com/world/2026/may/28/mark-carney-trade-partnership-canada-america already exists.
2026-05-29 01:33:35,697 - INFO - [The Guardian] Early skip: URL https://www.theguardian.com/world/2026/may/28/andrew-frederick-uk-family-fcdo-grenada-death already exists.
2026-05-29 01:33:35,699 - INFO - [The Guardian] Early skip: URL https://www.theguardian.com/world/2026/may/28/argentina-european-self-image-racist-incidents-brazil already exists.
2026-05-29 01:33:35,700 - INFO - [The Guardian] Early skip: URL https://www.theguardian.com/world/2026/may/28/eu-discuss-restrictions-chinese-imports-fears-overreliance already exists.
2026-05-29 01:33:35,702 - INFO - [The Guardian] Early skip: URL https://www.theguardian.com/technology/2026/may/28/image-of-thai-police-in-sparkly-dresses-with-handcuffed-suspect-turns-out-to-be-ai-fake already exists.
2026-05-29 01:33:35,703 - INFO - [The Guardian] Early skip: URL https://www.theguardian.com/world/2026/may/28/eu-fines-temu-sale-illegal-dangerous-products already exists.
2026-05-29 01:33:35,704 - INFO - [The Guardian] Early skip: URL https://www.theguardian.com/film/2026/may/28/cynthia-erivo-ariana-grande-red-carpet-incident-racism already exists.
2026-05-29 01:33:35,705 - INFO - [The Guardian] Early skip: URL https://www.theguardian.com/world/2026/may/28/chinese-workers-apply-mongolian-farmer-hiring-shepherd-job-advert already exists.
2026-05-29 01:33:35,707 - INFO - [The Guardian] Early skip: URL https://www.theguardian.com/australia-news/live/2026/may/29/australia-news-live-senate-estimates-capital-gains-tax-anthony-albanese-angus-taylor-housing-weather-floods-ntwnfb already exists.
2026-05-29 01:33:35,709 - INFO - [The Guardian] Early skip: URL https://www.theguardian.com/australia-news/2026/may/28/tony-abbott-to-step-down-from-advance-role-when-elected-liberal-party-federal-president already exists.
2026-05-29 01:33:35,710 - INFO - [The Guardian] Early skip: URL https://www.theguardian.com/media/2026/may/28/uk-social-media-crackdown-british-minister-visits-australia already exists.
2026-05-29 01:33:35,711 - INFO - [The Guardian] Early skip: URL https://www.theguardian.com/australia-news/2026/may/28/pauline-hanson-barnaby-joyce-one-nation-bill-taxpayers-flights-private-events-gina-rinehart-ntwnfb already exists.
2026-05-29 01:33:35,715 - INFO - [The Guardian] Early skip: URL https://www.theguardian.com/australia-news/2026/may/28/victorian-greyhound-trainer-avoids-ban-despite-dog-being-found-with-cocaine-in-system-ntwnfb already exists.
2026-05-29 01:33:35,717 - INFO - [The Guardian] Early skip: URL https://www.theguardian.com/business/2026/may/28/burberry-boss-joshua-schulman-could-earn-up-to-122m-new-bonus-scheme already exists.
2026-05-29 01:33:35,718 - INFO - [The Guardian] Early skip: URL https://www.theguardian.com/world/live/2026/may/28/europe-russia-ukraine-talks-heatwave-kaja-kallas-putin-latest-news-updates already exists.
2026-05-29 01:33:35,719 - INFO - [The Guardian] Early skip: URL https://www.theguardian.com/politics/2026/may/28/brexit-red-tape-food-exports-scrapped-uk-eu-reset-deal already exists.
2026-05-29 01:33:35,720 - INFO - [The Guardian] Early skip: URL https://www.theguardian.com/technology/2026/may/28/irish-datacentres-household-bills-electricity already exists.
2026-05-29 01:33:35,722 - INFO - [The Guardian] Early skip: URL https://www.theguardian.com/world/2026/may/28/feeding-the-future-of-france-rollout-of-1-meals-an-attempt-to-help-struggling-students already exists.
2026-05-29 01:33:35,723 - INFO - [The Guardian] Early skip: URL https://www.theguardian.com/world/live/2026/may/28/middle-east-crisis-trump-us-iran-war-lebanon-israel-strikes-latest-news-live already exists.
2026-05-29 01:33:35,724 - INFO - [The Guardian] Early skip: URL https://www.theguardian.com/world/2026/may/28/donald-trump-shares-draft-iran-peace-agreement-with-israel-and-other-allies already exists.
2026-05-29 01:33:35,725 - INFO - [The Guardian] Early skip: URL https://www.theguardian.com/environment/2026/may/29/global-heating-hajj-muslim-pilgrimage-saudi-arabia-dangerous already exists.
2026-05-29 01:33:35,729 - INFO - [The Guardian] Early skip: URL https://www.theguardian.com/world/2026/may/28/netanyahu-orders-israeli-army-seize-70-gaza-strip-violating-ceasefire-deal already exists.
2026-05-29 01:33:35,730 - INFO - [The Guardian] Early skip: URL https://www.theguardian.com/culture/2026/may/28/british-museum-postpones-jewish-culture-month-lecture-over-protest-fears already exists.
2026-05-29 01:33:35,731 - INFO - [The Guardian] Early skip: URL https://www.theguardian.com/world/2026/may/28/blond-bangladeshi-buffalo-nicknamed-donald-trump-saved-from-eid-sacrifice already exists.
2026-05-29 01:33:35,732 - INFO - [The Guardian] Early skip: URL https://www.theguardian.com/environment/2026/may/26/india-pfas-production-forever-chemicals-protests-italian-factory already exists.
2026-05-29 01:33:35,733 - INFO - [The Guardian] Early skip: URL https://www.theguardian.com/world/2026/may/25/starmer-urged-to-intervene-in-rigged-indian-prosecution-of-british-human-rights-activist already exists.
2026-05-29 01:33:35,735 - INFO - [The Guardian] Early skip: URL https://www.theguardian.com/world/2026/may/24/suicide-bombing-near-railway-track-in-pakistan-quetta already exists.
2026-05-29 01:33:35,736 - INFO - [The Guardian] Early skip: URL https://www.theguardian.com/world/2026/may/23/iran-hosts-pakistani-delegation-diplomacy-to-avert-new-us-strikes already exists.
2026-05-29 01:33:35,737 - INFO - [The Guardian] Early skip: URL https://www.theguardian.com/uk-news/2026/may/29/afghan-president-voiced-concern-over-civilians-killed-by-sas-troops-inquiry-told already exists.
2026-05-29 01:33:35,738 - INFO - [The Guardian] Early skip: URL https://www.theguardian.com/politics/2026/may/28/sturgeon-says-she-was-deceived-misled-and-betrayed-by-ex-husband-murrell already exists.
2026-05-29 01:33:35,740 - INFO - [The Guardian] Article: https://www.theguardian.com/society/2026/may/28/young-people-struggle-to-find-work-milburn-report
2026-05-29 01:33:35,740 - INFO - [The Guardian] Attempt 1/1: Trying with 'requests_browser' strategy...
2026-05-29 01:33:35,866 - INFO - [The Guardian] Success with 'requests_browser'. Found content (1137 words).
2026-05-29 01:33:36,313 - INFO - [BBC] Success with 'requests_browser'. Found content (1477 words).
2026-05-29 01:33:36,624 - INFO - Selenium driver initialized successfully (Eager load strategy, 7s timeout).
2026-05-29 01:33:36,624 - INFO - Starting scrape for The Hindu RSS feed: https://www.thehindu.com/news/national/feeder/default.rss
2026-05-29 01:33:36,640 - INFO - Selenium driver initialized successfully (Eager load strategy, 7s timeout).
2026-05-29 01:33:36,645 - INFO - Starting scrape for The Dawn RSS feed: https://www.dawn.com/feeds/home
2026-05-29 01:33:36,756 - INFO - Selenium driver initialized successfully (Eager load strategy, 7s timeout).
2026-05-29 01:33:36,756 - INFO - Starting scrape for Economic Times RSS feed: https://economictimes.indiatimes.com/rssfeedsdefault.cms
2026-05-29 01:33:36,762 - INFO - Selenium driver initialized successfully (Eager load strategy, 7s timeout).
2026-05-29 01:33:36,762 - INFO - Starting scrape for Al Jazeera RSS feed: https://www.aljazeera.com/xml/rss/all.xml
2026-05-29 01:33:36,765 - INFO - Selenium driver initialized successfully (Eager load strategy, 7s timeout).
2026-05-29 01:33:36,765 - INFO - Starting scrape for Times of India RSS feed: https://timesofindia.indiatimes.com/rssfeeds/296589292.cms
2026-05-29 01:33:36,868 - INFO - Found 60 articles in The Hindu RSS feed. Processing until 30 new articles are saved.
2026-05-29 01:33:36,869 - INFO - [The Hindu] Article: https://www.thehindu.com/news/national/gujarat/gujarats-banni-grasslands-a-heap-of-broken-images-where-the-sun-beats/article71032681.ece
2026-05-29 01:33:36,869 - INFO - [The Hindu] Attempt 1/1: Trying with 'selenium_browser' strategy...
2026-05-29 01:33:36,927 - INFO - Found 29 articles in The Dawn RSS feed. Processing until 30 new articles are saved.
2026-05-29 01:33:36,927 - INFO - [The Dawn] Early skip: URL https://www.dawn.com/news/2003525/us-strikes-iran-drawing-retaliatory-attack-on-american-base-after-trump-dismisses-report-of-hormuz-deal already exists.
2026-05-29 01:33:36,931 - INFO - [The Dawn] Early skip: URL https://www.dawn.com/news/2003563/dar-to-meet-rubio-in-washington-tomorrow-fo already exists.
2026-05-29 01:33:36,933 - INFO - [The Dawn] Early skip: URL https://www.dawn.com/news/2003567/pakistan-china-agree-to-deepen-military-cooperation-chinese-defense-ministry already exists.
2026-05-29 01:33:36,934 - INFO - [The Dawn] Early skip: URL https://www.dawn.com/news/2003580/trumps-face-could-appear-on-us-250-bill already exists.
2026-05-29 01:33:36,935 - INFO - [The Dawn] Early skip: URL https://www.dawn.com/news/2003561/dar-invites-overseas-pakistanis-in-us-to-honour-their-roots-and-invest-in-the-country already exists.
2026-05-29 01:33:36,936 - INFO - [The Dawn] Early skip: URL https://www.dawn.com/news/2003568/dadu-sets-new-maximum-temperature-record-as-mercury-climbs-to-515c already exists.
2026-05-29 01:33:36,938 - INFO - [The Dawn] Early skip: URL https://www.dawn.com/news/2003578/nccia-punjab-arrests-11-for-anti-state-propaganda-and-inciting-unrest-online already exists.
2026-05-29 01:33:36,939 - INFO - [The Dawn] Early skip: URL https://www.dawn.com/news/2003538/cm-maryam-underwent-major-surgery-at-lahore-hospital-punjab-minister already exists.
2026-05-29 01:33:36,941 - INFO - [The Dawn] Early skip: URL https://www.dawn.com/news/2003552/pentagon-says-us-military-personnel-reportedly-being-targeted-using-location-data already exists.
2026-05-29 01:33:36,942 - INFO - [The Dawn] Early skip: URL https://www.dawn.com/news/2003574/n-korea-not-keen-to-engage-with-the-us-or-s-korea-singapore-fm already exists.
2026-05-29 01:33:36,943 - INFO - [The Dawn] Early skip: URL https://www.dawn.com/news/2003518/pm-shehbaz-says-youm-i-takbeer-symbolises-pakistans-strength-sovereignty-and-national-unity already exists.
2026-05-29 01:33:36,944 - INFO - [The Dawn] Early skip: URL https://www.dawn.com/news/2003536/global-temperatures-likely-to-remain-at-record-levels-in-2026-2030-un already exists.
2026-05-29 01:33:36,946 - INFO - [The Dawn] Early skip: URL https://www.dawn.com/news/2003523/oil-prices-bounce-higher-after-new-us-strikes-on-iran already exists.
2026-05-29 01:33:36,947 - INFO - [The Dawn] Early skip: URL https://www.dawn.com/news/2003599/indias-gen-z-cockroach-janta-party-channels-youth-anger-but-faces-offline-hurdles already exists.
2026-05-29 01:33:36,948 - INFO - [The Dawn] Early skip: URL https://www.dawn.com/news/2003528/200-personnel-from-federal-constabularys-diplomatic-protection-unit-to-receive-training-in-saudi-arabia already exists.
2026-05-29 01:33:36,949 - INFO - [The Dawn] Early skip: URL https://www.dawn.com/news/2003430/development-work-in-islamabads-e-12-sector-finally-comes-under-the-radar already exists.
2026-05-29 01:33:36,950 - INFO - [The Dawn] Early skip: URL https://www.dawn.com/news/2003428/justice-babar-sattar-decides-to-retain-official-residence-in-islamabad already exists.
2026-05-29 01:33:36,952 - INFO - [The Dawn] Early skip: URL https://www.dawn.com/news/2003321/international-day-of-markhor-passes-unnoticed-in-chitral already exists.
2026-05-29 01:33:36,958 - INFO - [The Dawn] Early skip: URL https://www.dawn.com/news/2003351/health-experts-caution-against-eating-meat-immediately-after-sacrifice already exists.
2026-05-29 01:33:36,963 - INFO - [The Dawn] Early skip: URL https://www.dawn.com/news/2003504/viral-fame-spares-donald-trump-buffalo-from-eid-sacrifice-in-bangladesh already exists.
2026-05-29 01:33:36,969 - INFO - [The Dawn] Early skip: URL https://www.dawn.com/news/2003497/us-iran-peace-deal-could-benefit-entire-region-pm-tells-pezeshkian-in-eid-call already exists.
2026-05-29 01:33:36,971 - INFO - [The Dawn] Early skip: URL https://www.dawn.com/news/2003490/trump-cabinet-looks-forward-to-progress-on-iran-deal-in-coming-hours-days already exists.
2026-05-29 01:33:36,973 - INFO - [The Dawn] Early skip: URL https://www.dawn.com/news/2003486/trump-board-of-peaces-official-gaza-fund-is-empty already exists.
2026-05-29 01:33:36,976 - INFO - [The Dawn] Early skip: URL https://www.dawn.com/news/2003481/india-seeks-proposals-for-5th-generation-combat-jets-ani already exists.
2026-05-29 01:33:36,978 - INFO - Found 20 articles in Times of India RSS feed. Processing until 30 new articles are saved.
2026-05-29 01:33:36,978 - INFO - [The Dawn] Early skip: URL https://www.dawn.com/news/2003477/pm-shehbaz-extends-eid-greetings-to-armed-forces-chiefs-pays-tribute-to-on-duty-personnel already exists.
2026-05-29 01:33:36,978 - INFO - [Times of India] Article: https://timesofindia.indiatimes.com/world/us-streamers/im-done-with-the-abuse-qtcinderella-threatens-legal-action-against-hate-farming-clip-accounts-after-emotional-return-online/articleshow/131379511.cms
2026-05-29 01:33:36,981 - INFO - Found 25 articles in Al Jazeera RSS feed. Processing until 30 new articles are saved.
2026-05-29 01:33:36,981 - INFO - [Times of India] Attempt 1/1: Trying with 'selenium_browser' strategy...
2026-05-29 01:33:36,981 - INFO - [Al Jazeera] Article: https://www.aljazeera.com/news/2026/5/29/us-to-designate-two-brazilian-gangs-as-terrorist-organisations?traffic_source=rss
2026-05-29 01:33:36,982 - INFO - [Al Jazeera] Attempt 1/2: Trying with 'requests_browser' strategy...
2026-05-29 01:33:36,983 - INFO - [The Dawn] Early skip: URL https://www.dawn.com/news/2003500/india-orders-demolition-drive-along-pakistan-border already exists.
2026-05-29 01:33:36,984 - INFO - [The Dawn] Early skip: URL https://www.dawn.com/news/2003499/zelensky-asked-trump-for-air-defence-munitions-afp already exists.
2026-05-29 01:33:36,986 - INFO - [The Dawn] Early skip: URL https://www.dawn.com/news/2003468/cdf-munir-spends-eidul-azha-with-frontline-troops-in-zhob-says-brutal-acts-cannot-weaken-nations-resolve already exists.
2026-05-29 01:33:36,987 - INFO - [The Dawn] Early skip: URL https://www.dawn.com/news/2003461/haj-pilgrims-stone-the-devil-in-final-ritual already exists.
2026-05-29 01:33:36,988 - INFO - [The Dawn] (Thread) Finished. Attempting to shut down its Selenium driver.
2026-05-29 01:33:37,044 - INFO - [Al Jazeera] Success with 'requests_browser'. Found content (839 words).
2026-05-29 01:33:37,075 - INFO - [The Dawn] (Thread) driver.quit() successful.
2026-05-29 01:33:37,170 - INFO - Found 76 articles in Economic Times RSS feed. Processing until 30 new articles are saved.
2026-05-29 01:33:37,179 - INFO - [Economic Times] Article: https://economictimes.indiatimes.com/markets/us-stocks/news/why-investors-are-ready-to-play-in-global-equity-league/articleshow/131379611.cms
2026-05-29 01:33:37,179 - INFO - [Economic Times] Attempt 1/2: Trying with 'requests_browser' strategy...
2026-05-29 01:33:37,473 - ERROR - parsed tree length: 1, wrong data type or not valid HTML
2026-05-29 01:33:37,473 - ERROR - empty HTML tree: None
2026-05-29 01:33:37,473 - WARNING - discarding data: None
2026-05-29 01:33:37,473 - WARNING - [Economic Times] FAILED with 'requests_browser' (content was too short: 0 words).
2026-05-29 01:33:37,565 - INFO - [The Hindu] Page content loaded.
2026-05-29 01:33:37,730 - INFO - [The Hindu] Success with 'selenium_browser'. Found content (2126 words).
2026-05-29 01:33:37,870 - INFO - [Times of India] Page content loaded.
2026-05-29 01:33:38,174 - INFO - [Times of India] Success with 'selenium_browser'. Found content (429 words).
2026-05-29 01:33:38,446 - INFO - [Economic Times] Article: https://economictimes.indiatimes.com/markets/us-stocks/news/why-investors-are-ready-to-play-in-global-equity-league/articleshow/131379611.cms
2026-05-29 01:33:38,446 - INFO - [Economic Times] Attempt 2/2: Trying with 'selenium_browser' strategy...
2026-05-29 01:33:39,843 - INFO - [Economic Times] Page content loaded.
2026-05-29 01:33:40,295 - INFO - [Economic Times] Success with 'selenium_browser'. Found content (961 words).
2026-05-29 01:34:07,647 - INFO - >>> SUCCESSFULLY SAVED [ID: 62401] - ‘Hundreds of job applications’: young people on their struggle to find work | Unemployment | The Guardian from The Guardian (1137 words)
2026-05-29 01:34:08,168 - INFO - [The Guardian] Article: https://www.theguardian.com/business/2026/may/28/uk-risks-125bn-hit-youth-unemployment-landmark-report-alan-milburn-neets
2026-05-29 01:34:08,168 - INFO - [The Guardian] Attempt 1/1: Trying with 'requests_browser' strategy...
2026-05-29 01:34:08,276 - INFO - [The Guardian] Success with 'requests_browser'. Found content (1096 words).
2026-05-29 01:34:21,744 - INFO - >>> SUCCESSFULLY SAVED [ID: 62402] - Learning from Ukraine, Hezbollah is now using fibre-optic drones to hit Israel from BBC (1477 words)
2026-05-29 01:34:22,491 - INFO - [BBC] Early skip: URL https://www.bbc.com/news/articles/cgrp7y05l9do?at_medium=RSS&at_campaign=rss already exists.
2026-05-29 01:34:22,493 - INFO - [BBC] Early skip: URL https://www.bbc.com/news/articles/ceqpd4gqgveo?at_medium=RSS&at_campaign=rss already exists.
2026-05-29 01:34:22,494 - INFO - [BBC] Early skip: URL https://www.bbc.com/news/articles/c3v2yv5207xo?at_medium=RSS&at_campaign=rss already exists.
2026-05-29 01:34:22,495 - INFO - [BBC] Early skip: URL https://www.bbc.com/news/articles/cgqpjwdv7xeo?at_medium=RSS&at_campaign=rss already exists.
2026-05-29 01:34:22,496 - INFO - [BBC] Early skip: URL https://www.bbc.com/news/articles/cddpllqv49qo?at_medium=RSS&at_campaign=rss already exists.
2026-05-29 01:34:22,497 - INFO - [BBC] Early skip: URL https://www.bbc.com/news/articles/cx21kkxq81po?at_medium=RSS&at_campaign=rss already exists.
2026-05-29 01:34:22,499 - INFO - [BBC] Early skip: URL https://www.bbc.com/news/articles/c99l270vy3no?at_medium=RSS&at_campaign=rss already exists.
2026-05-29 01:34:22,500 - INFO - [BBC] Early skip: URL https://www.bbc.com/news/articles/c87q2w0w0jvo?at_medium=RSS&at_campaign=rss already exists.
2026-05-29 01:34:22,501 - INFO - [BBC] Early skip: URL https://www.bbc.com/news/articles/c1k2ydn1rz8o?at_medium=RSS&at_campaign=rss already exists.
2026-05-29 01:34:22,504 - INFO - [BBC] Early skip: URL https://www.bbc.com/news/articles/c3w2yl3p97qo?at_medium=RSS&at_campaign=rss already exists.
2026-05-29 01:34:22,506 - INFO - [BBC] Early skip: URL https://www.bbc.com/news/articles/c052yv259jvo?at_medium=RSS&at_campaign=rss already exists.
2026-05-29 01:34:22,507 - INFO - [BBC] Early skip: URL https://www.bbc.com/news/articles/clyp77jd407o?at_medium=RSS&at_campaign=rss already exists.
2026-05-29 01:34:22,508 - INFO - [BBC] Early skip: URL https://www.bbc.com/news/articles/cjepvx151gqo?at_medium=RSS&at_campaign=rss already exists.
2026-05-29 01:34:22,509 - INFO - [BBC] Early skip: URL https://www.bbc.com/news/articles/cdxpdex062yo?at_medium=RSS&at_campaign=rss already exists.
2026-05-29 01:34:22,510 - INFO - [BBC] Early skip: URL https://www.bbc.com/news/articles/crkpvxrxgp6o?at_medium=RSS&at_campaign=rss already exists.
2026-05-29 01:34:22,512 - INFO - [BBC] Early skip: URL https://www.bbc.com/news/articles/cjwppj1yn7go?at_medium=RSS&at_campaign=rss already exists.
2026-05-29 01:34:22,513 - INFO - [BBC] Early skip: URL https://www.bbc.com/news/articles/cp3p62xddq4o?at_medium=RSS&at_campaign=rss already exists.
2026-05-29 01:34:22,514 - INFO - [BBC] Early skip: URL https://www.bbc.com/news/articles/cx21dr3lekpo?at_medium=RSS&at_campaign=rss already exists.
2026-05-29 01:34:22,515 - INFO - [BBC] Early skip: URL https://www.bbc.com/news/articles/cj9ppm94xw9o?at_medium=RSS&at_campaign=rss already exists.
2026-05-29 01:34:22,516 - INFO - [BBC] Early skip: URL https://www.bbc.com/news/articles/c4g4yd8q0j7o?at_medium=RSS&at_campaign=rss already exists.
2026-05-29 01:34:22,518 - INFO - [BBC] Early skip: URL https://www.bbc.com/news/videos/cpvp30gpd0ko?at_medium=RSS&at_campaign=rss already exists.
2026-05-29 01:34:22,520 - INFO - [BBC] Early skip: URL https://www.bbc.com/news/articles/cjwppxwxpg1o?at_medium=RSS&at_campaign=rss already exists.
2026-05-29 01:34:22,521 - INFO - [BBC] Early skip: URL https://www.bbc.com/news/articles/cj6p0wrkpj8o?at_medium=RSS&at_campaign=rss already exists.
2026-05-29 01:34:22,523 - INFO - [BBC] Early skip: URL https://www.bbc.com/news/articles/c363xd6p1gxo?at_medium=RSS&at_campaign=rss already exists.
2026-05-29 01:34:22,524 - INFO - [BBC] Early skip: URL https://www.bbc.com/news/articles/ce8pjg6jp38o?at_medium=RSS&at_campaign=rss already exists.
2026-05-29 01:34:22,526 - INFO - [BBC] Article: https://www.bbc.com/news/videos/cx21k1dkygno?at_medium=RSS&at_campaign=rss
2026-05-29 01:34:22,526 - INFO - [BBC] Attempt 1/1: Trying with 'requests_browser' strategy...
2026-05-29 01:34:22,597 - WARNING - [BBC] FAILED with 'requests_browser' (content was too short: 62 words).
2026-05-29 01:34:22,597 - ERROR - [BBC] All scrape strategies failed for https://www.bbc.com/news/videos/cx21k1dkygno?at_medium=RSS&at_campaign=rss. Falling back to RSS description.
2026-05-29 01:34:22,597 - WARNING - SKIPPED (GLOBAL WORD LIMIT): Article 'How did this novel about food win a Booker Prize this year?' from BBC has only 15 words (Min: 90).
2026-05-29 01:34:23,337 - INFO - [BBC] Early skip: URL https://www.bbc.com/news/videos/ckgp8mrj5ggo?at_medium=RSS&at_campaign=rss already exists.
2026-05-29 01:34:23,338 - INFO - [BBC] Article: https://www.bbc.com/news/videos/cewpqy948ero?at_medium=RSS&at_campaign=rss
2026-05-29 01:34:23,339 - INFO - [BBC] Attempt 1/1: Trying with 'requests_browser' strategy...
2026-05-29 01:34:23,402 - WARNING - [BBC] FAILED with 'requests_browser' (content was too short: 89 words).
2026-05-29 01:34:23,402 - ERROR - [BBC] All scrape strategies failed for https://www.bbc.com/news/videos/cewpqy948ero?at_medium=RSS&at_campaign=rss. Falling back to RSS description.
2026-05-29 01:34:23,402 - WARNING - SKIPPED (GLOBAL WORD LIMIT): Article 'Watch: Moment rescuers find five people trapped in Laos cave' from BBC has only 19 words (Min: 90).
2026-05-29 01:34:24,173 - INFO - [BBC] Article: https://www.bbc.com/news/videos/cz7253q4g4jo?at_medium=RSS&at_campaign=rss
2026-05-29 01:34:24,173 - INFO - [BBC] Attempt 1/1: Trying with 'requests_browser' strategy...
2026-05-29 01:34:24,231 - WARNING - [BBC] FAILED with 'requests_browser' (content was too short: 88 words).
2026-05-29 01:34:24,232 - ERROR - [BBC] All scrape strategies failed for https://www.bbc.com/news/videos/cz7253q4g4jo?at_medium=RSS&at_campaign=rss. Falling back to RSS description.
2026-05-29 01:34:24,232 - WARNING - SKIPPED (GLOBAL WORD LIMIT): Article 'Watch: UFC arena construction begins at White House ahead of fight' from BBC has only 22 words (Min: 90).
2026-05-29 01:34:35,589 - INFO - >>> SUCCESSFULLY SAVED [ID: 62403] - US to designate two Brazilian gangs as ‘terrorist’ organisations | Donald Trump News | Al Jazeera from Al Jazeera (839 words)
2026-05-29 01:34:36,582 - INFO - [Al Jazeera] Article: https://www.aljazeera.com/news/liveblog/2026/5/29/iran-war-live-tehran-trump-yet-to-comment-on-60-day-truce-extension-plan?traffic_source=rss
2026-05-29 01:34:36,583 - INFO - [Al Jazeera] Attempt 1/2: Trying with 'requests_browser' strategy...
2026-05-29 01:34:36,679 - INFO - [Al Jazeera] Success with 'requests_browser'. Found content (139 words).
2026-05-29 01:34:49,760 - INFO - >>> SUCCESSFULLY SAVED [ID: 62404] - Gujarat’s Banni grasslands: A heap of broken images, where the sun beats - The Hindu from The Hindu (2126 words)
2026-05-29 01:34:51,039 - INFO - [The Hindu] Article: https://www.thehindu.com/news/national/indian-air-force-likely-to-oversee-transport-of-neet-ug-papers/article71034345.ece
2026-05-29 01:34:51,039 - INFO - [The Hindu] Attempt 1/1: Trying with 'selenium_browser' strategy...
2026-05-29 01:34:52,650 - INFO - [The Hindu] Page content loaded.
2026-05-29 01:34:52,849 - INFO - [The Hindu] Success with 'selenium_browser'. Found content (263 words).
2026-05-29 01:35:05,424 - INFO - >>> SUCCESSFULLY SAVED [ID: 62405] - "I'm done with the abuse": QTCinderella threatens legal action against “hate farming” clip accounts after emotional return online - The Times of India from Times of India (429 words)
2026-05-29 01:35:06,558 - INFO - [Times of India] Article: https://timesofindia.indiatimes.com/world/us-streamers/attacking-erika-is-attacking-charlie-candace-owens-drags-charlie-kirks-old-support-into-escalating-online-firestorm/articleshow/131379499.cms
2026-05-29 01:35:06,559 - INFO - [Times of India] Attempt 1/1: Trying with 'selenium_browser' strategy...
2026-05-29 01:35:08,080 - INFO - [Times of India] Page content loaded.
2026-05-29 01:35:08,364 - INFO - [Times of India] Success with 'selenium_browser'. Found content (457 words).
2026-05-29 01:35:23,307 - INFO - >>> SUCCESSFULLY SAVED [ID: 62406] - Why investors are ready to play in global equity league - The Economic Times from Economic Times (961 words)
2026-05-29 01:35:23,888 - INFO - [Economic Times] Article: https://economictimes.indiatimes.com/markets/stocks/news/ace-investors-take-a-hit-on-portfolios-in-march-quarter/articleshow/131379683.cms
2026-05-29 01:35:23,889 - INFO - [Economic Times] Attempt 1/2: Trying with 'requests_browser' strategy...
2026-05-29 01:35:24,190 - ERROR - parsed tree length: 1, wrong data type or not valid HTML
2026-05-29 01:35:24,190 - ERROR - empty HTML tree: None
2026-05-29 01:35:24,190 - WARNING - discarding data: None
2026-05-29 01:35:24,190 - WARNING - [Economic Times] FAILED with 'requests_browser' (content was too short: 0 words).
2026-05-29 01:35:24,853 - INFO - [Economic Times] Article: https://economictimes.indiatimes.com/markets/stocks/news/ace-investors-take-a-hit-on-portfolios-in-march-quarter/articleshow/131379683.cms
2026-05-29 01:35:24,853 - INFO - [Economic Times] Attempt 2/2: Trying with 'selenium_browser' strategy...
2026-05-29 01:35:27,455 - INFO - [Economic Times] Page content loaded.
2026-05-29 01:35:27,667 - INFO - [Economic Times] Success with 'selenium_browser'. Found content (164 words).
2026-05-29 01:35:46,408 - INFO - >>> SUCCESSFULLY SAVED [ID: 62407] - Labour poised for fresh welfare changes after scale of youth jobs crisis revealed | UK unemployment and employment statistics | The Guardian from The Guardian (1096 words)
2026-05-29 01:35:47,085 - INFO - [The Guardian] Article: https://www.theguardian.com/politics/2026/may/28/enfield-council-withdraws-from-governments-new-towns-programme
2026-05-29 01:35:47,086 - INFO - [The Guardian] Attempt 1/1: Trying with 'requests_browser' strategy...
2026-05-29 01:35:47,222 - INFO - [The Guardian] Success with 'requests_browser'. Found content (588 words).
2026-05-29 01:35:59,993 - INFO - DEDUPLICATION: Found match (Score: 0.84). Linking to Cluster ID: 2c020537-421b-4c6e-ab70-55b2ff80c51a
2026-05-29 01:36:02,238 - INFO - >>> SUCCESSFULLY SAVED [ID: 62408] - Iran war live: Tehran, Trump yet to comment on 60-day truce extension plan | US-Israel war on Iran News | Al Jazeera from Al Jazeera (139 words)
2026-05-29 01:36:03,002 - INFO - [Al Jazeera] Article: https://www.aljazeera.com/video/newsfeed/2026/5/28/netanyahu-orders-israeli-army-to-seize-70-percent-of-gaza?traffic_source=rss
2026-05-29 01:36:03,002 - INFO - [Al Jazeera] Attempt 1/2: Trying with 'requests_browser' strategy...
2026-05-29 01:36:03,042 - WARNING - [Al Jazeera] FAILED with 'requests_browser' (content was too short: 67 words).
2026-05-29 01:36:03,798 - INFO - [Al Jazeera] Article: https://www.aljazeera.com/video/newsfeed/2026/5/28/netanyahu-orders-israeli-army-to-seize-70-percent-of-gaza?traffic_source=rss
2026-05-29 01:36:03,799 - INFO - [Al Jazeera] Attempt 2/2: Trying with 'selenium_browser' strategy...
2026-05-29 01:36:04,688 - INFO - [Al Jazeera] Page content loaded.
2026-05-29 01:36:04,909 - WARNING - [Al Jazeera] FAILED with 'selenium_browser' (content was too short: 67 words).
2026-05-29 01:36:04,910 - ERROR - [Al Jazeera] All scrape strategies failed for https://www.aljazeera.com/video/newsfeed/2026/5/28/netanyahu-orders-israeli-army-to-seize-70-percent-of-gaza?traffic_source=rss. Falling back to RSS description.
2026-05-29 01:36:04,910 - WARNING - SKIPPED (GLOBAL WORD LIMIT): Article 'Netanyahu orders Israeli army to seize 70 percent of Gaza' from Al Jazeera has only 19 words (Min: 90).
2026-05-29 01:36:06,401 - INFO - [Al Jazeera] Article: https://www.aljazeera.com/sports/2026/5/28/iran-ambassador-hits-out-at-country-to-the-north-in-us-world-cup-visa-row?traffic_source=rss
2026-05-29 01:36:06,401 - INFO - [Al Jazeera] Attempt 1/2: Trying with 'requests_browser' strategy...
2026-05-29 01:36:06,522 - INFO - [Al Jazeera] Success with 'requests_browser'. Found content (358 words).
2026-05-29 01:36:20,971 - INFO - >>> SUCCESSFULLY SAVED [ID: 62409] - Indian Air Force likely to oversee transport of NEET-UG re-test papers - The Hindu from The Hindu (263 words)
2026-05-29 01:36:21,777 - INFO - [The Hindu] Article: https://www.thehindu.com/news/national/telangana/a-heat-crisis-in-telangana-that-burns-beyond-the-thermometer/article71034808.ece
2026-05-29 01:36:21,778 - INFO - [The Hindu] Attempt 1/1: Trying with 'selenium_browser' strategy...
2026-05-29 01:36:23,628 - INFO - [The Hindu] Page content loaded.
2026-05-29 01:36:23,854 - INFO - [The Hindu] Success with 'selenium_browser'. Found content (96 words).
2026-05-29 01:36:43,557 - INFO - >>> SUCCESSFULLY SAVED [ID: 62410] - "Attacking Erika IS attacking Charlie": Candace Owens drags Charlie Kirk’s old support into escalating online firestorm - The Times of India from Times of India (457 words)
2026-05-29 01:36:44,116 - INFO - [Times of India] Early skip: URL https://timesofindia.indiatimes.com/world/europe/21-year-old-austrian-man-sentenced-to-15-years-for-planning-isis-inspired-terror-attack-at-taylor-swift-concert/articleshow/131377699.cms already exists.
2026-05-29 01:36:44,117 - INFO - [Times of India] Early skip: URL https://timesofindia.indiatimes.com/world/us/sorry-pal-this-is-how-rest-of-the-world-travels-american-journalist-shows-chaos-at-lisbon-airport-due-to-new-eu-travel-rules/articleshow/131377687.cms already exists.
2026-05-29 01:36:44,119 - INFO - [Times of India] Early skip: URL https://timesofindia.indiatimes.com/world/us-streamers/why-streamer-clavicular-suddenly-tried-removing-dababy-from-his-miami-club-mid-performance/articleshow/131377677.cms already exists.
2026-05-29 01:36:44,120 - INFO - [Times of India] Early skip: URL https://timesofindia.indiatimes.com/world/us/farmers-sudden-death-left-1400-acres-unharvested-then-75-neighbours-arrived-and-harvested-everything-for-his-family/articleshow/131377617.cms already exists.
2026-05-29 01:36:44,121 - INFO - [Times of India] Early skip: URL https://timesofindia.indiatimes.com/world/rest-of-world/reinforcing-stereotypes-row-over-indian-tourists-doing-garba-on-vietnam-airport-tarmac-in-viral-video/articleshow/131377458.cms already exists.
2026-05-29 01:36:44,122 - INFO - [Times of India] Early skip: URL https://timesofindia.indiatimes.com/world/us/indian-origin-founder-in-canada-says-people-talk-about-h-1b-as-if-indians-randomly-woke-up-one-day-booked-flights-started-taking-us-jobs/articleshow/131377409.cms already exists.
2026-05-29 01:36:44,123 - INFO - [Times of India] Early skip: URL https://timesofindia.indiatimes.com/world/us-streamers/streamer-d4vd-becomes-center-of-alleged-1-2m-insider-betting-scandal-involving-a-google-engineer/articleshow/131377440.cms already exists.
2026-05-29 01:36:44,125 - INFO - [Times of India] Early skip: URL https://timesofindia.indiatimes.com/world/us/google-engineer-arrested-after-turning-1000-bet-on-jailed-singer-d4vd-into-1-2-million-released-on-2-25-million-bond/articleshow/131376524.cms already exists.
2026-05-29 01:36:44,126 - INFO - [Times of India] Article: https://timesofindia.indiatimes.com/world/europe/act-of-terror-man-stabs-3-at-swiss-train-station-arrested/articleshow/131379495.cms
2026-05-29 01:36:44,126 - INFO - [Times of India] Attempt 1/1: Trying with 'selenium_browser' strategy...
2026-05-29 01:36:45,588 - INFO - [Times of India] Page content loaded.
2026-05-29 01:36:45,799 - INFO - [Times of India] Success with 'selenium_browser'. Found content (116 words).
2026-05-29 01:37:00,020 - INFO - >>> SUCCESSFULLY SAVED [ID: 62411] - Ace investors take a hit on portfolios in March quarter - The Economic Times from Economic Times (164 words)
2026-05-29 01:37:01,408 - INFO - [Economic Times] Article: https://economictimes.indiatimes.com/markets/stocks/news/listed-banks-earned-a-record-profit-of-4-lakh-crore-in-fy26/articleshow/131379569.cms
2026-05-29 01:37:01,408 - INFO - [Economic Times] Attempt 1/2: Trying with 'requests_browser' strategy...
2026-05-29 01:37:01,766 - ERROR - parsed tree length: 1, wrong data type or not valid HTML
2026-05-29 01:37:01,766 - ERROR - empty HTML tree: None
2026-05-29 01:37:01,766 - WARNING - discarding data: None
2026-05-29 01:37:01,766 - WARNING - [Economic Times] FAILED with 'requests_browser' (content was too short: 0 words).
2026-05-29 01:37:02,556 - INFO - [Economic Times] Article: https://economictimes.indiatimes.com/markets/stocks/news/listed-banks-earned-a-record-profit-of-4-lakh-crore-in-fy26/articleshow/131379569.cms
2026-05-29 01:37:02,556 - INFO - [Economic Times] Attempt 2/2: Trying with 'selenium_browser' strategy...
2026-05-29 01:37:07,461 - INFO - [Economic Times] Page content loaded.
2026-05-29 01:37:08,971 - INFO - [Economic Times] Success with 'selenium_browser'. Found content (421 words).
2026-05-29 01:37:21,351 - INFO - >>> SUCCESSFULLY SAVED [ID: 62412] - Enfield council withdraws from government’s new towns programme | Politics | The Guardian from The Guardian (588 words)
2026-05-29 01:37:21,943 - INFO - [The Guardian] Article: https://www.theguardian.com/us-news/live/2026/may/28/donald-trump-wsj-epstein-us-politics-latest-news-updates
2026-05-29 01:37:21,943 - INFO - [The Guardian] Attempt 1/1: Trying with 'requests_browser' strategy...
2026-05-29 01:37:22,598 - INFO - [The Guardian] Success with 'requests_browser'. Found content (2939 words).
2026-05-29 01:37:37,001 - INFO - >>> SUCCESSFULLY SAVED [ID: 62413] - Iran ambassador hits out at ‘country to the north’ in US World Cup visa row | World Cup 2026 News | Al Jazeera from Al Jazeera (358 words)
2026-05-29 01:37:38,327 - INFO - [Al Jazeera] Early skip: URL https://www.aljazeera.com/gallery/2026/5/28/tense-protests-erupt-outside-delaney-hall-immigrant-detention-centre-in-us?traffic_source=rss already exists.
2026-05-29 01:37:38,328 - INFO - [Al Jazeera] Early skip: URL https://www.aljazeera.com/sports/2026/5/28/psg-vs-arsenal-champions-league-final-teams-start-time-lineups?traffic_source=rss already exists.
2026-05-29 01:37:38,330 - INFO - [Al Jazeera] Article: https://www.aljazeera.com/video/newsfeed/2026/5/28/indians-celebrate-eid-al-adha-amid-prayer-restrictions?traffic_source=rss
2026-05-29 01:37:38,330 - INFO - [Al Jazeera] Attempt 1/2: Trying with 'requests_browser' strategy...
2026-05-29 01:37:38,413 - WARNING - [Al Jazeera] FAILED with 'requests_browser' (content was too short: 47 words).
2026-05-29 01:37:39,389 - INFO - [Al Jazeera] Article: https://www.aljazeera.com/video/newsfeed/2026/5/28/indians-celebrate-eid-al-adha-amid-prayer-restrictions?traffic_source=rss
2026-05-29 01:37:39,389 - INFO - [Al Jazeera] Attempt 2/2: Trying with 'selenium_browser' strategy...
2026-05-29 01:37:40,236 - INFO - [Al Jazeera] Page content loaded.
2026-05-29 01:37:40,330 - WARNING - [Al Jazeera] FAILED with 'selenium_browser' (content was too short: 47 words).
2026-05-29 01:37:40,330 - ERROR - [Al Jazeera] All scrape strategies failed for https://www.aljazeera.com/video/newsfeed/2026/5/28/indians-celebrate-eid-al-adha-amid-prayer-restrictions?traffic_source=rss. Falling back to RSS description.
2026-05-29 01:37:40,331 - WARNING - SKIPPED (GLOBAL WORD LIMIT): Article 'Indians celebrate Eid al-Adha amid prayer restrictions' from Al Jazeera has only 7 words (Min: 90).
2026-05-29 01:37:41,498 - INFO - [Al Jazeera] Early skip: URL https://www.aljazeera.com/sports/2026/5/28/ireland-and-qatar-halted-twice-by-protests-against-upcoming-israel-fixture?traffic_source=rss already exists.
2026-05-29 01:37:41,504 - INFO - [Al Jazeera] Early skip: URL https://www.aljazeera.com/economy/2026/5/28/colombias-first-left-wing-govt-has-reduced-poverty-but-has-pile-of-debt?traffic_source=rss already exists.
2026-05-29 01:37:41,505 - INFO - [Al Jazeera] Early skip: URL https://www.aljazeera.com/news/2026/5/28/guatemala-denies-agreeing-to-us-strikes-against-drug-traffickers?traffic_source=rss already exists.
2026-05-29 01:37:41,507 - INFO - [Al Jazeera] Article: https://www.aljazeera.com/video/newsfeed/2026/5/28/defiant-lebanese-families-refuse-to-leave-tyre-after-homes-bombed?traffic_source=rss
2026-05-29 01:37:41,508 - INFO - [Al Jazeera] Attempt 1/2: Trying with 'requests_browser' strategy...
2026-05-29 01:37:41,633 - WARNING - [Al Jazeera] FAILED with 'requests_browser' (content was too short: 68 words).
2026-05-29 01:37:42,546 - INFO - [Al Jazeera] Article: https://www.aljazeera.com/video/newsfeed/2026/5/28/defiant-lebanese-families-refuse-to-leave-tyre-after-homes-bombed?traffic_source=rss
2026-05-29 01:37:42,547 - INFO - [Al Jazeera] Attempt 2/2: Trying with 'selenium_browser' strategy...
2026-05-29 01:37:43,439 - INFO - [Al Jazeera] Page content loaded.
2026-05-29 01:37:43,534 - WARNING - [Al Jazeera] FAILED with 'selenium_browser' (content was too short: 68 words).
2026-05-29 01:37:43,534 - ERROR - [Al Jazeera] All scrape strategies failed for https://www.aljazeera.com/video/newsfeed/2026/5/28/defiant-lebanese-families-refuse-to-leave-tyre-after-homes-bombed?traffic_source=rss. Falling back to RSS description.
2026-05-29 01:37:43,534 - WARNING - SKIPPED (GLOBAL WORD LIMIT): Article 'Defiant Lebanese families refuse to leave Tyre after homes bombed' from Al Jazeera has only 21 words (Min: 90).
2026-05-29 01:37:44,947 - INFO - [Al Jazeera] Early skip: URL https://www.aljazeera.com/news/2026/5/28/us-judge-rejects-immediate-block-on-trumps-mail-in-voting-executive-order?traffic_source=rss already exists.
2026-05-29 01:37:44,949 - INFO - [Al Jazeera] Article: https://www.aljazeera.com/video/newsfeed/2026/5/28/europe-hit-by-record-breaking-heatwave?traffic_source=rss
2026-05-29 01:37:44,949 - INFO - [Al Jazeera] Attempt 1/2: Trying with 'requests_browser' strategy...
2026-05-29 01:37:45,004 - WARNING - [Al Jazeera] FAILED with 'requests_browser' (content was too short: 56 words).
2026-05-29 01:37:45,949 - INFO - [Al Jazeera] Article: https://www.aljazeera.com/video/newsfeed/2026/5/28/europe-hit-by-record-breaking-heatwave?traffic_source=rss
2026-05-29 01:37:45,949 - INFO - [Al Jazeera] Attempt 2/2: Trying with 'selenium_browser' strategy...
2026-05-29 01:37:46,545 - INFO - [Al Jazeera] Page content loaded.
2026-05-29 01:37:46,631 - WARNING - [Al Jazeera] FAILED with 'selenium_browser' (content was too short: 56 words).
2026-05-29 01:37:46,631 - ERROR - [Al Jazeera] All scrape strategies failed for https://www.aljazeera.com/video/newsfeed/2026/5/28/europe-hit-by-record-breaking-heatwave?traffic_source=rss. Falling back to RSS description.
2026-05-29 01:37:46,632 - WARNING - SKIPPED (GLOBAL WORD LIMIT): Article 'Europe hit by record-breaking heatwave' from Al Jazeera has only 16 words (Min: 90).
2026-05-29 01:37:47,857 - INFO - [Al Jazeera] Article: https://www.aljazeera.com/video/newsfeed/2026/5/28/demands-grow-for-closure-of-us-detention-centre-over-inhumane-conditions?traffic_source=rss
2026-05-29 01:37:47,857 - INFO - [Al Jazeera] Attempt 1/2: Trying with 'requests_browser' strategy...
2026-05-29 01:37:47,888 - WARNING - [Al Jazeera] FAILED with 'requests_browser' (content was too short: 66 words).
2026-05-29 01:37:48,646 - INFO - [Al Jazeera] Article: https://www.aljazeera.com/video/newsfeed/2026/5/28/demands-grow-for-closure-of-us-detention-centre-over-inhumane-conditions?traffic_source=rss
2026-05-29 01:37:48,647 - INFO - [Al Jazeera] Attempt 2/2: Trying with 'selenium_browser' strategy...
2026-05-29 01:37:49,157 - INFO - [Al Jazeera] Page content loaded.
2026-05-29 01:37:49,271 - WARNING - [Al Jazeera] FAILED with 'selenium_browser' (content was too short: 66 words).
2026-05-29 01:37:49,272 - ERROR - [Al Jazeera] All scrape strategies failed for https://www.aljazeera.com/video/newsfeed/2026/5/28/demands-grow-for-closure-of-us-detention-centre-over-inhumane-conditions?traffic_source=rss. Falling back to RSS description.
2026-05-29 01:37:49,272 - WARNING - SKIPPED (GLOBAL WORD LIMIT): Article 'Demands grow for closure of US detention centre over inhumane conditions' from Al Jazeera has only 18 words (Min: 90).
2026-05-29 01:37:50,491 - INFO - [Al Jazeera] Early skip: URL https://www.aljazeera.com/news/2026/5/28/eu-imposes-sanctions-on-extremist-israeli-settlers-in-occupied-west-bank?traffic_source=rss already exists.
2026-05-29 01:37:50,493 - INFO - [Al Jazeera] Early skip: URL https://www.aljazeera.com/news/2026/5/28/trump-administration-sues-states-for-denying-ice-agents-undercover-plates?traffic_source=rss already exists.
2026-05-29 01:37:50,494 - INFO - [Al Jazeera] Early skip: URL https://www.aljazeera.com/news/2026/5/28/three-wounded-in-swiss-train-station-stabbing-labelled-act-of-terror?traffic_source=rss already exists.
2026-05-29 01:37:50,497 - INFO - [Al Jazeera] Early skip: URL https://www.aljazeera.com/video/inside-story/2026/5/28/whats-behind-south-africas-anti-migrant-protests?traffic_source=rss already exists.
2026-05-29 01:37:50,498 - INFO - [Al Jazeera] Early skip: URL https://www.aljazeera.com/news/2026/5/28/israels-netanyahu-directs-army-to-seize-70-percent-of-gaza-strip?traffic_source=rss already exists.
2026-05-29 01:37:50,500 - INFO - [Al Jazeera] Early skip: URL https://www.aljazeera.com/news/2026/5/28/us-weapon-stockpile-rebuilding-to-take-years-post-iran-war-says-report?traffic_source=rss already exists.
2026-05-29 01:37:50,501 - INFO - [Al Jazeera] Article: https://www.aljazeera.com/video/newsfeed/2026/5/28/us-iran-reach-mou-on-60-day-truce-trumps-approval-pending?traffic_source=rss
2026-05-29 01:37:50,501 - INFO - [Al Jazeera] Attempt 1/2: Trying with 'requests_browser' strategy...
2026-05-29 01:37:50,533 - WARNING - [Al Jazeera] FAILED with 'requests_browser' (content was too short: 54 words).
2026-05-29 01:37:51,045 - INFO - [Al Jazeera] Article: https://www.aljazeera.com/video/newsfeed/2026/5/28/us-iran-reach-mou-on-60-day-truce-trumps-approval-pending?traffic_source=rss
2026-05-29 01:37:51,045 - INFO - [Al Jazeera] Attempt 2/2: Trying with 'selenium_browser' strategy...
2026-05-29 01:37:51,669 - INFO - [Al Jazeera] Page content loaded.
2026-05-29 01:37:51,769 - WARNING - [Al Jazeera] FAILED with 'selenium_browser' (content was too short: 54 words).
2026-05-29 01:37:51,770 - ERROR - [Al Jazeera] All scrape strategies failed for https://www.aljazeera.com/video/newsfeed/2026/5/28/us-iran-reach-mou-on-60-day-truce-trumps-approval-pending?traffic_source=rss. Falling back to RSS description.
2026-05-29 01:37:51,770 - WARNING - SKIPPED (GLOBAL WORD LIMIT): Article 'US, Iran reach MoU on 60-day truce, Trump’s approval pending' from Al Jazeera has only 16 words (Min: 90).
2026-05-29 01:37:52,979 - INFO - [Al Jazeera] Early skip: URL https://www.aljazeera.com/news/2026/5/28/us-and-iran-reach-tentative-deal-for-60-day-truce-extension-officials-say?traffic_source=rss already exists.
2026-05-29 01:37:52,980 - INFO - [Al Jazeera] Early skip: URL https://www.aljazeera.com/economy/2026/5/28/cnn-sues-perplexity-alleging-unlawful-distribution-of-copyrighted-content?traffic_source=rss already exists.
2026-05-29 01:37:52,982 - INFO - [Al Jazeera] Article: https://www.aljazeera.com/video/newsfeed/2026/5/28/how-war-changed-eid-in-lebanon?traffic_source=rss
2026-05-29 01:37:52,982 - INFO - [Al Jazeera] Attempt 1/2: Trying with 'requests_browser' strategy...
2026-05-29 01:37:53,021 - WARNING - [Al Jazeera] FAILED with 'requests_browser' (content was too short: 63 words).
2026-05-29 01:37:53,670 - INFO - [Al Jazeera] Article: https://www.aljazeera.com/video/newsfeed/2026/5/28/how-war-changed-eid-in-lebanon?traffic_source=rss
2026-05-29 01:37:53,670 - INFO - [Al Jazeera] Attempt 2/2: Trying with 'selenium_browser' strategy...
2026-05-29 01:37:54,279 - INFO - [Al Jazeera] Page content loaded.
2026-05-29 01:37:54,359 - WARNING - [Al Jazeera] FAILED with 'selenium_browser' (content was too short: 63 words).
2026-05-29 01:37:54,359 - ERROR - [Al Jazeera] All scrape strategies failed for https://www.aljazeera.com/video/newsfeed/2026/5/28/how-war-changed-eid-in-lebanon?traffic_source=rss. Falling back to RSS description.
2026-05-29 01:37:54,359 - WARNING - SKIPPED (GLOBAL WORD LIMIT): Article 'How War Changed Eid in Lebanon' from Al Jazeera has only 19 words (Min: 90).
2026-05-29 01:37:55,231 - INFO - [Al Jazeera] Early skip: URL https://www.aljazeera.com/news/2026/5/28/un-adds-israel-to-blacklist-for-sexual-violence-in-war-zones?traffic_source=rss already exists.
2026-05-29 01:37:55,232 - INFO - [Al Jazeera] (Thread) Finished. Attempting to shut down its Selenium driver.
2026-05-29 01:37:55,405 - INFO - [Al Jazeera] (Thread) driver.quit() successful.
2026-05-29 01:37:55,615 - INFO - >>> SUCCESSFULLY SAVED [ID: 62414] - A heat crisis in Telangana that burns beyond the thermometer - The Hindu from The Hindu (96 words)
2026-05-29 01:37:56,732 - INFO - [The Hindu] Article: https://www.thehindu.com/news/national/andhra-pradesh/child-trafficking-gangs-on-prowl-target-poverty-stricken-women-in-andhra/article71034553.ece
2026-05-29 01:37:56,732 - INFO - [The Hindu] Attempt 1/1: Trying with 'selenium_browser' strategy...
2026-05-29 01:37:57,881 - INFO - [The Hindu] Page content loaded.
2026-05-29 01:37:58,399 - INFO - [The Hindu] Success with 'selenium_browser'. Found content (135 words).
2026-05-29 01:38:12,070 - INFO - >>> SUCCESSFULLY SAVED [ID: 62415] - 'Act of terror': Man stabs 3 at Swiss train station, arrested - The Times of India from Times of India (116 words)
2026-05-29 01:38:13,491 - INFO - [Times of India] Early skip: URL https://timesofindia.indiatimes.com/science/quote-of-the-day-by-canadian-american-psychologist-albert-bandura-where-everyone-is-responsible-no-one-is-really-responsible/articleshow/131376518.cms already exists.
2026-05-29 01:38:13,493 - INFO - [Times of India] Early skip: URL https://timesofindia.indiatimes.com/science/oldest-evidence-of-human-cremation-discovered-burned-100000-year-old-homo-sapiens-bones-found-in-ethiopias-afar-rift/articleshow/131374954.cms already exists.
2026-05-29 01:38:13,494 - INFO - [Times of India] Early skip: URL https://timesofindia.indiatimes.com/science/nasa-to-reveal-artemis-iii-crew-as-moon-mission-preparations-gather-pace/articleshow/131370817.cms already exists.
2026-05-29 01:38:13,497 - INFO - [Times of India] Early skip: URL https://timesofindia.indiatimes.com/science/the-blood-running-through-your-veins-has-a-700-million-year-old-story-and-scientists-just-worked-out-how-it-begins/articleshow/131369637.cms already exists.
2026-05-29 01:38:13,499 - INFO - [Times of India] Early skip: URL https://timesofindia.indiatimes.com/science/meet-parveen-shaikh-and-barkha-subba-the-indian-conservationists-who-won-the-green-oscars-for-saving-endangered-species/articleshow/131365561.cms already exists.
2026-05-29 01:38:13,500 - INFO - [Times of India] Early skip: URL https://timesofindia.indiatimes.com/world/us/indians-fill-out-every-form-without-blinking-ceo-says-americans-are-not-lazy-they-have-low-tolerance-for-meaningless-paperwork/articleshow/131375029.cms already exists.
2026-05-29 01:38:13,502 - INFO - [Times of India] Early skip: URL https://timesofindia.indiatimes.com/world/us/shut-up-you-ugly-white-house-adviser-stephen-miller-insulted-by-democrats-katie-miller-responds/articleshow/131373897.cms already exists.
2026-05-29 01:38:13,503 - INFO - [Times of India] Early skip: URL https://timesofindia.indiatimes.com/world/uk/buffalo-township-man-accused-of-damaging-family-home-with-excavator-during-dispute/articleshow/131374005.cms already exists.
2026-05-29 01:38:13,506 - INFO - [Times of India] Early skip: URL https://timesofindia.indiatimes.com/world/us/nepali-woman-who-disappeared-in-virginia-in-2024-new-forensic-evidence-found-in-mamta-kafle-bhatt-case/articleshow/131373736.cms already exists.
2026-05-29 01:38:13,508 - INFO - [Times of India] (Thread) Finished. Attempting to shut down its Selenium driver.
2026-05-29 01:38:13,773 - INFO - [Times of India] (Thread) driver.quit() successful.
2026-05-29 01:38:27,446 - INFO - >>> SUCCESSFULLY SAVED [ID: 62416] - Listed banks earned a record profit of ₹4 lakh crore in FY26 - The Economic Times from Economic Times (421 words)
2026-05-29 01:38:28,223 - INFO - [Economic Times] Article: https://economictimes.indiatimes.com/markets/us-stocks/news/global-market-today-asian-stocks-rise-on-us-iran-truce-deal-oil-drops/articleshow/131379717.cms
2026-05-29 01:38:28,223 - INFO - [Economic Times] Attempt 1/2: Trying with 'requests_browser' strategy...
2026-05-29 01:38:28,560 - ERROR - parsed tree length: 1, wrong data type or not valid HTML
2026-05-29 01:38:28,560 - ERROR - empty HTML tree: None
2026-05-29 01:38:28,560 - WARNING - discarding data: None
2026-05-29 01:38:28,560 - WARNING - [Economic Times] FAILED with 'requests_browser' (content was too short: 0 words).
2026-05-29 01:38:29,252 - INFO - [Economic Times] Article: https://economictimes.indiatimes.com/markets/us-stocks/news/global-market-today-asian-stocks-rise-on-us-iran-truce-deal-oil-drops/articleshow/131379717.cms
2026-05-29 01:38:29,252 - INFO - [Economic Times] Attempt 2/2: Trying with 'selenium_browser' strategy...
2026-05-29 01:38:32,231 - INFO - [Economic Times] Page content loaded.
2026-05-29 01:38:32,469 - INFO - [Economic Times] Success with 'selenium_browser'. Found content (588 words).
2026-05-29 01:38:43,837 - INFO - >>> SUCCESSFULLY SAVED [ID: 62417] - JD Vance says Trump ‘pushing forward’ with Golden Dome as he addresses Air Force Academy – US politics live | US politics | The Guardian from The Guardian (2939 words)
2026-05-29 01:38:45,303 - INFO - [The Guardian] Article: https://www.theguardian.com/us-news/2026/may/28/california-los-gatos-party-mom-sentenced
2026-05-29 01:38:45,303 - INFO - [The Guardian] Attempt 1/1: Trying with 'requests_browser' strategy...
2026-05-29 01:38:45,409 - INFO - [The Guardian] Success with 'requests_browser'. Found content (357 words).
2026-05-29 01:38:58,475 - INFO - >>> SUCCESSFULLY SAVED [ID: 62418] - Child trafficking gangs on prowl, target poverty-stricken women in Andhra - The Hindu from The Hindu (135 words)
2026-05-29 01:38:59,577 - INFO - [The Hindu] Article: https://www.thehindu.com/news/cities/bangalore/a-work-live-play-township-vs-farmers/article71027751.ece
2026-05-29 01:38:59,577 - INFO - [The Hindu] Attempt 1/1: Trying with 'selenium_browser' strategy...
2026-05-29 01:39:00,485 - INFO - [The Hindu] Page content loaded.
2026-05-29 01:39:00,577 - INFO - [The Hindu] Success with 'selenium_browser'. Found content (114 words).
2026-05-29 01:39:14,205 - INFO - >>> SUCCESSFULLY SAVED [ID: 62419] - Global Market Today: Asian stocks rise on US-Iran truce deal, oil drops - The Economic Times from Economic Times (588 words)
2026-05-29 01:39:15,002 - INFO - [Economic Times] Article: https://economictimes.indiatimes.com/markets/stocks/news/coal-india-ofs-gets-good-demand-amid-green-energy-risks/articleshow/131379631.cms
2026-05-29 01:39:15,002 - INFO - [Economic Times] Attempt 1/2: Trying with 'requests_browser' strategy...
2026-05-29 01:39:15,599 - ERROR - parsed tree length: 1, wrong data type or not valid HTML
2026-05-29 01:39:15,599 - ERROR - empty HTML tree: None
2026-05-29 01:39:15,599 - WARNING - discarding data: None
2026-05-29 01:39:15,600 - WARNING - [Economic Times] FAILED with 'requests_browser' (content was too short: 0 words).
2026-05-29 01:39:16,557 - INFO - [Economic Times] Article: https://economictimes.indiatimes.com/markets/stocks/news/coal-india-ofs-gets-good-demand-amid-green-energy-risks/articleshow/131379631.cms
2026-05-29 01:39:16,557 - INFO - [Economic Times] Attempt 2/2: Trying with 'selenium_browser' strategy...
2026-05-29 01:39:17,582 - INFO - [Economic Times] Page content loaded.
2026-05-29 01:39:17,818 - INFO - [Economic Times] Success with 'selenium_browser'. Found content (316 words).
2026-05-29 01:39:29,962 - INFO - >>> SUCCESSFULLY SAVED [ID: 62420] - California’s ‘Los Gatos party mom’ sentenced to 35 years in prison | US crime | The Guardian from The Guardian (357 words)
2026-05-29 01:39:31,058 - INFO - [The Guardian] Article: https://www.theguardian.com/us-news/2026/may/28/ice-protesters-conspiracy-charges
2026-05-29 01:39:31,058 - INFO - [The Guardian] Attempt 1/1: Trying with 'requests_browser' strategy...
2026-05-29 01:39:31,189 - INFO - [The Guardian] Success with 'requests_browser'. Found content (761 words).
2026-05-29 01:39:44,867 - INFO - >>> SUCCESSFULLY SAVED [ID: 62421] - A ‘Work-Live-Play’ township vs. farmers - The Hindu from The Hindu (114 words)
2026-05-29 01:39:45,934 - INFO - [The Hindu] Article: https://www.thehindu.com/news/national/right-to-trauma-care-of-citizens-integral-part-of-right-to-life-supreme-court/article71035736.ece
2026-05-29 01:39:45,934 - INFO - [The Hindu] Attempt 1/1: Trying with 'selenium_browser' strategy...
2026-05-29 01:39:46,943 - INFO - [The Hindu] Page content loaded.
2026-05-29 01:39:49,141 - INFO - [The Hindu] Success with 'selenium_browser'. Found content (592 words).
2026-05-29 01:40:01,437 - INFO - >>> SUCCESSFULLY SAVED [ID: 62422] - Coal India OFS gets good demand amid green energy risks - The Economic Times from Economic Times (316 words)
2026-05-29 01:40:02,360 - INFO - [Economic Times] Article: https://economictimes.indiatimes.com/markets/expert-view/karur-vysya-has-a-four-pronged-plan-to-move-up-to-the-next-level-b-ramesh-babu-md-ceo/articleshow/131379655.cms
2026-05-29 01:40:02,360 - INFO - [Economic Times] Attempt 1/2: Trying with 'requests_browser' strategy...
2026-05-29 01:40:02,721 - ERROR - parsed tree length: 1, wrong data type or not valid HTML
2026-05-29 01:40:02,721 - ERROR - empty HTML tree: None
2026-05-29 01:40:02,721 - WARNING - discarding data: None
2026-05-29 01:40:02,721 - WARNING - [Economic Times] FAILED with 'requests_browser' (content was too short: 0 words).
2026-05-29 01:40:03,225 - INFO - [Economic Times] Article: https://economictimes.indiatimes.com/markets/expert-view/karur-vysya-has-a-four-pronged-plan-to-move-up-to-the-next-level-b-ramesh-babu-md-ceo/articleshow/131379655.cms
2026-05-29 01:40:03,225 - INFO - [Economic Times] Attempt 2/2: Trying with 'selenium_browser' strategy...
2026-05-29 01:40:04,403 - INFO - [Economic Times] Page content loaded.
2026-05-29 01:40:04,670 - INFO - [Economic Times] Success with 'selenium_browser'. Found content (1194 words).
2026-05-29 01:40:17,384 - INFO - >>> SUCCESSFULLY SAVED [ID: 62423] - Federal jury finds army veteran and two other ICE protesters guilty of conspiracy | Trump administration | The Guardian from The Guardian (761 words)
2026-05-29 01:40:18,317 - INFO - [The Guardian] Article: https://www.theguardian.com/us-news/2026/may/28/trump-concert-series-musicians-drop-out
2026-05-29 01:40:18,317 - INFO - [The Guardian] Attempt 1/1: Trying with 'requests_browser' strategy...
2026-05-29 01:40:18,535 - INFO - [The Guardian] Success with 'requests_browser'. Found content (750 words).
2026-05-29 01:40:32,569 - INFO - >>> SUCCESSFULLY SAVED [ID: 62424] - Right to trauma care of citizens integral part of right to life: Supreme Court - The Hindu from The Hindu (592 words)
2026-05-29 01:40:33,159 - INFO - [The Hindu] Article: https://www.thehindu.com/videos/watch-karnataka-cm-change-siddaramaiah-resigns-whats-next-above-the-fold-28052026/article71034380.ece
2026-05-29 01:40:33,160 - INFO - [The Hindu] Attempt 1/1: Trying with 'selenium_browser' strategy...
2026-05-29 01:40:33,797 - INFO - [The Hindu] Page content loaded.
2026-05-29 01:40:33,999 - INFO - [The Hindu] Success with 'selenium_browser'. Found content (188 words).
2026-05-29 01:40:35,389 - CRITICAL - --- TIMEOUT: 3 scrape jobs did not complete in 300s. ---
2026-05-29 01:40:35,390 - ERROR - A thread has timed out and will be abandoned.
2026-05-29 01:40:35,390 - ERROR - A thread has timed out and will be abandoned.
2026-05-29 01:40:35,390 - ERROR - A thread has timed out and will be abandoned.
2026-05-29 01:40:35,390 - INFO - Shutting down thread pool (wait=False)...
2026-05-29 01:40:35,390 - INFO - Scraped: 0 The Dawn, 0 TechCrunch, 3 Times of India, 1 BBC, 3 Al Jazeera, 3 Timed_Out_Jobs articles. (Total saved: 7)
2026-05-29 01:40:35,390 - INFO - --- Scraping job finished ---
2026-05-29 01:40:35,390 - INFO - --- Scraper service stopped. ---
2026-05-29 01:40:35,390 - INFO - --- Main thread finished. Forcing process exit to kill zombie threads. ---
