2026-01-19 03:54:25,862 - INFO - Loading AI Semantic Model (all-MiniLM-L6-v2)...
2026-01-19 03:54:25,863 - INFO - Use pytorch device_name: cpu
2026-01-19 03:54:25,863 - INFO - Load pretrained SentenceTransformer: all-MiniLM-L6-v2
2026-01-19 03:54:27,331 - INFO - AI Model loaded successfully.
2026-01-19 03:54:27,332 - INFO - --- Scraper service started (CI Mode: Run Once) ---
2026-01-19 03:54:27,332 - INFO - --- Starting new scraping job (Parallel Mode) ---
2026-01-19 03:54:27,332 - INFO - Creating new robust session with 3 retries on 5xx/connection/read errors.
2026-01-19 03:54:27,332 - INFO - Proxy is DISABLED.
2026-01-19 03:54:27,332 - INFO - Starting scrape for BBC RSS feed: http://feeds.bbci.co.uk/news/world/rss.xml
2026-01-19 03:54:27,333 - INFO - [Times of India] (Thread) requires Selenium. Initializing driver...
2026-01-19 03:54:27,334 - INFO - Starting scrape for The Guardian RSS feed: https://www.theguardian.com/world/rss
2026-01-19 03:54:27,335 - INFO - [The Hindu] (Thread) requires Selenium. Initializing driver...
2026-01-19 03:54:27,335 - INFO - Submitted 4 jobs to thread pool. Waiting up to 300s for completion...
2026-01-19 03:54:27,559 - INFO - Found 32 articles in BBC RSS feed. Processing up to 30.
2026-01-19 03:54:27,562 - INFO - [BBC] Early skip: URL https://www.bbc.com/news/articles/cedw6ylpynyo?at_medium=RSS&at_campaign=rss already exists.
2026-01-19 03:54:27,571 - INFO - Found 45 articles in The Guardian RSS feed. Processing up to 30.
2026-01-19 03:54:27,797 - INFO - [The Guardian] Early skip: URL https://www.theguardian.com/global-development/2026/jan/19/brazen-political-influence-rich-laid-bare-wealth-billionaires-inequality-poverty-instability-oxfam already exists.
2026-01-19 03:54:28,030 - INFO - [BBC] Early skip: URL https://www.bbc.com/news/articles/ceqz0llpnyqo?at_medium=RSS&at_campaign=rss already exists.
2026-01-19 03:54:28,180 - INFO - [The Guardian] Early skip: URL https://www.theguardian.com/world/2026/jan/18/ugandas-president-calls-opponents-terrorists-in-victory-speech already exists.
2026-01-19 03:54:28,370 - INFO - [BBC] Early skip: URL https://www.bbc.com/news/articles/c4gwk37ewvwo?at_medium=RSS&at_campaign=rss already exists.
2026-01-19 03:54:28,568 - INFO - [The Guardian] Early skip: URL https://www.theguardian.com/world/2026/jan/17/yoweri-museveni-wins-ugandan-election-as-opponent-condemns-fake-result already exists.
2026-01-19 03:54:28,739 - INFO - [BBC] Early skip: URL https://www.bbc.com/news/articles/cd0y453yd90o?at_medium=RSS&at_campaign=rss already exists.
2026-01-19 03:54:28,936 - INFO - [BBC] Early skip: URL https://www.bbc.com/news/articles/c5y2pg28lgjo?at_medium=RSS&at_campaign=rss already exists.
2026-01-19 03:54:29,217 - INFO - [The Guardian] Early skip: URL https://www.theguardian.com/uk-news/2026/jan/17/afcon-little-morocco-london-confidence-high already exists.
2026-01-19 03:54:29,369 - INFO - [BBC] Early skip: URL https://www.bbc.com/news/articles/cz7ypw4rjrzo?at_medium=RSS&at_campaign=rss already exists.
2026-01-19 03:54:29,526 - INFO - [The Guardian] Early skip: URL https://www.theguardian.com/environment/2026/jan/17/twin-baby-mountain-gorilla-virunga-drc-survival-conservation-aoe already exists.
2026-01-19 03:54:29,669 - INFO - [BBC] Early skip: URL https://www.bbc.com/news/articles/c74v0pxg2nvo?at_medium=RSS&at_campaign=rss already exists.
2026-01-19 03:54:29,940 - INFO - [The Guardian] Early skip: URL https://www.theguardian.com/world/2026/jan/18/chile-president-declares-state-of-catastrophe-as-wildfires-kill already exists.
2026-01-19 03:54:30,200 - INFO - [BBC] Early skip: URL https://www.bbc.com/news/articles/cg5gegrdq3go?at_medium=RSS&at_campaign=rss already exists.
2026-01-19 03:54:30,488 - INFO - [The Guardian] Early skip: URL https://www.theguardian.com/us-news/2026/jan/16/trump-administration-mistake-college-student-detained already exists.
2026-01-19 03:54:30,660 - INFO - [BBC] Early skip: URL https://www.bbc.com/news/articles/c150pg5dvp2o?at_medium=RSS&at_campaign=rss already exists.
2026-01-19 03:54:30,863 - INFO - [The Guardian] Early skip: URL https://www.theguardian.com/world/2026/jan/16/cia-chief-visits-maduro-successor-as-machado-vows-to-become-venezuelas-president already exists.
2026-01-19 03:54:31,009 - INFO - [BBC] Early skip: URL https://www.bbc.com/news/articles/c620nq38y6po?at_medium=RSS&at_campaign=rss already exists.
2026-01-19 03:54:31,250 - INFO - [The Guardian] Early skip: URL https://www.theguardian.com/world/2026/jan/16/brazil-jair-bolsonaro-reduce-sentence-reading-books already exists.
2026-01-19 03:54:31,415 - INFO - [BBC] Early skip: URL https://www.bbc.com/news/articles/c3r1v7gqdp8o?at_medium=RSS&at_campaign=rss already exists.
2026-01-19 03:54:31,685 - INFO - [The Guardian] Early skip: URL https://www.theguardian.com/world/2026/jan/16/china-canada-partnership-new-global-realities-carney-xi-jinping already exists.
2026-01-19 03:54:31,943 - INFO - [BBC] Early skip: URL https://www.bbc.com/news/articles/cly148lvyevo?at_medium=RSS&at_campaign=rss already exists.
2026-01-19 03:54:32,124 - INFO - [The Guardian] Article: https://www.theguardian.com/world/2026/jan/19/japan-nuclear-plant-restart-kashiwazaki-kariwa-fukushima
2026-01-19 03:54:32,124 - INFO - [The Guardian] Attempt 1/1: Trying with 'requests_browser' strategy...
2026-01-19 03:54:32,125 - INFO - [BBC] Early skip: URL https://www.bbc.com/news/articles/czejykzg77po?at_medium=RSS&at_campaign=rss already exists.
2026-01-19 03:54:32,162 - INFO - [The Guardian] Success with 'requests_browser'. Found content (1092 words).
2026-01-19 03:54:32,265 - INFO - [BBC] Early skip: URL https://www.bbc.com/news/articles/c5y5le7yl7po?at_medium=RSS&at_campaign=rss already exists.
2026-01-19 03:54:36,113 - INFO - Selenium driver initialized successfully.
2026-01-19 03:54:36,113 - INFO - Starting scrape for Times of India RSS feed: https://timesofindia.indiatimes.com/rssfeeds/296589292.cms
2026-01-19 03:54:36,115 - INFO - Selenium driver initialized successfully.
2026-01-19 03:54:36,115 - INFO - Starting scrape for The Hindu RSS feed: https://www.thehindu.com/news/national/feeder/default.rss
2026-01-19 03:54:36,494 - INFO - Found 20 articles in Times of India RSS feed. Processing up to 30.
2026-01-19 03:54:36,989 - INFO - Found 100 articles in The Hindu RSS feed. Processing up to 30.
2026-01-19 03:54:42,760 - INFO - Saved article: 15 years after Fukushima, Japan prepares to restart the world’s biggest nuclear plant | Japan | The Guardian from The Guardian (1092 words)
2026-01-19 03:54:42,760 - INFO - [BBC] Early skip: URL https://www.bbc.com/news/articles/c2lgxxrxd52o?at_medium=RSS&at_campaign=rss already exists.
2026-01-19 03:54:42,861 - INFO - [Times of India] Article: https://timesofindia.indiatimes.com/world/us-streamers/he-cheated-with-a-man-tiktok-star-desmond-scotts-bar-moment-ignites-claims-of-staged-performance-amid-gay-affair-rumours/articleshow/126637553.cms
2026-01-19 03:54:42,861 - INFO - [Times of India] Attempt 1/1: Trying with 'selenium_browser' strategy...
2026-01-19 03:54:42,862 - INFO - [The Hindu] Article: https://www.thehindu.com/news/national/the-return-of-division-talk-in-jk-and-why-its-dangerous/article70524154.ece
2026-01-19 03:54:42,862 - INFO - [The Hindu] Attempt 1/1: Trying with 'selenium_browser' strategy...
2026-01-19 03:54:42,863 - INFO - [BBC] Early skip: URL https://www.bbc.com/news/articles/ckglee733wno?at_medium=RSS&at_campaign=rss already exists.
2026-01-19 03:54:43,116 - INFO - [BBC] Early skip: URL https://www.bbc.com/news/articles/c74vdgkw1kzo?at_medium=RSS&at_campaign=rss already exists.
2026-01-19 03:54:43,232 - INFO - [BBC] Early skip: URL https://www.bbc.com/news/articles/czejwl2z80lo?at_medium=RSS&at_campaign=rss already exists.
2026-01-19 03:54:43,358 - INFO - [BBC] Early skip: URL https://www.bbc.com/news/articles/c87r41j4n4jo?at_medium=RSS&at_campaign=rss already exists.
2026-01-19 03:54:43,570 - INFO - [BBC] Early skip: URL https://www.bbc.com/news/articles/cx2gjdx241wo?at_medium=RSS&at_campaign=rss already exists.
2026-01-19 03:54:43,845 - INFO - [BBC] Early skip: URL https://www.bbc.com/news/articles/cx2w9q28xjxo?at_medium=RSS&at_campaign=rss already exists.
2026-01-19 03:54:44,134 - INFO - [BBC] Early skip: URL https://www.bbc.com/news/articles/c0q48d71ke8o?at_medium=RSS&at_campaign=rss already exists.
2026-01-19 03:54:44,419 - INFO - [BBC] Early skip: URL https://www.bbc.com/news/articles/cpqy5q1eeywo?at_medium=RSS&at_campaign=rss already exists.
2026-01-19 03:54:44,573 - INFO - [BBC] Early skip: URL https://www.bbc.com/news/articles/c78vw30p1d2o?at_medium=RSS&at_campaign=rss already exists.
2026-01-19 03:54:44,840 - INFO - [The Hindu] Page content loaded.
2026-01-19 03:54:44,868 - INFO - [BBC] Early skip: URL https://www.bbc.com/news/articles/crmlvym2e3eo?at_medium=RSS&at_campaign=rss already exists.
2026-01-19 03:54:45,015 - INFO - [The Hindu] Success with 'selenium_browser'. Found content (2519 words).
2026-01-19 03:54:45,099 - INFO - [BBC] Early skip: URL https://www.bbc.com/news/articles/cx20qj1pwrwo?at_medium=RSS&at_campaign=rss already exists.
2026-01-19 03:54:45,232 - INFO - [BBC] Early skip: URL https://www.bbc.com/news/articles/c07xvv9r422o?at_medium=RSS&at_campaign=rss already exists.
2026-01-19 03:54:45,388 - INFO - [BBC] Article: https://www.bbc.com/news/videos/cy054r4l953o?at_medium=RSS&at_campaign=rss
2026-01-19 03:54:45,388 - INFO - [BBC] Attempt 1/1: Trying with 'requests_browser' strategy...
2026-01-19 03:54:45,393 - INFO - [The Guardian] Early skip: URL https://www.theguardian.com/world/2026/jan/18/chinese-mega-embassy-london-british-spies-mi5-analysis already exists.
2026-01-19 03:54:45,691 - INFO - [The Guardian] Early skip: URL https://www.theguardian.com/world/2026/jan/16/south-korea-sentences-ex-president-yoon-suk-yeol-five-years-first-martial-law-verdict already exists.
2026-01-19 03:54:45,879 - INFO - [The Guardian] Early skip: URL https://www.theguardian.com/us-news/2026/jan/15/us-taiwan-tariff-deal already exists.
2026-01-19 03:54:46,032 - WARNING - [BBC] FAILED with 'requests_browser' (content was too short: 84 words).
2026-01-19 03:54:46,032 - ERROR - [BBC] All scrape strategies failed for https://www.bbc.com/news/videos/cy054r4l953o?at_medium=RSS&at_campaign=rss. Falling back to RSS description.
2026-01-19 03:54:46,033 - WARNING - SKIPPED (GLOBAL WORD LIMIT): Article 'Man swims in flooded Sydney golf course after heavy rain' from BBC has only 21 words (Min: 90).
2026-01-19 03:55:07,902 - ERROR - [Times of India] Request failed for strategy 'selenium_browser' on URL https://timesofindia.indiatimes.com/world/us-streamers/he-cheated-with-a-man-tiktok-star-desmond-scotts-bar-moment-ignites-claims-of-staged-performance-amid-gay-affair-rumours/articleshow/126637553.cms: Message: timeout: Timed out receiving message from renderer: 19.620
  (Session info: chrome=143.0.7499.192)
Stacktrace:
#0 0x56243711740a <unknown>
#1 0x562436b4b76b <unknown>
#2 0x562436b3380a <unknown>
#3 0x562436b334ed <unknown>
#4 0x562436b313a7 <unknown>
#5 0x562436b31cbf <unknown>
#6 0x562436b40480 <unknown>
#7 0x562436b59b47 <unknown>
#8 0x562436b601fb <unknown>
#9 0x562436b323e8 <unknown>
#10 0x562436b598f8 <unknown>
#11 0x562436be8ad8 <unknown>
#12 0x562436b8f7b2 <unknown>
#13 0x562436b90461 <unknown>
#14 0x5624370dfdf9 <unknown>
#15 0x5624370e2d5d <unknown>
#16 0x5624370c8b41 <unknown>
#17 0x5624370e393b <unknown>
#18 0x5624370af870 <unknown>
#19 0x562437104828 <unknown>
#20 0x5624371049fc <unknown>
#21 0x562437116763 <unknown>
#22 0x7f6ddb09caa4 <unknown>
#23 0x7f6ddb129c6c <unknown>

2026-01-19 03:55:07,902 - ERROR - [Times of India] All scrape strategies failed for https://timesofindia.indiatimes.com/world/us-streamers/he-cheated-with-a-man-tiktok-star-desmond-scotts-bar-moment-ignites-claims-of-staged-performance-amid-gay-affair-rumours/articleshow/126637553.cms. Falling back to RSS description.
2026-01-19 03:55:07,902 - WARNING - SKIPPED (GLOBAL WORD LIMIT): Article '“He cheated with a man”: TikTok star Desmond Scott’s bar moment ignites claims of staged performance amid gay affair rumours' from Times of India has only 60 words (Min: 90).
2026-01-19 03:55:13,922 - INFO - Saved article: The return of division talk in J&K and why it’s dangerous - The Hindu from The Hindu (2519 words)
2026-01-19 03:55:13,923 - INFO - [The Guardian] Early skip: URL https://www.theguardian.com/world/2026/jan/14/thailand-train-crane-accident-deaths already exists.
2026-01-19 03:55:14,079 - INFO - [BBC] Early skip: URL https://www.bbc.com/news/videos/cwy8l21312do?at_medium=RSS&at_campaign=rss already exists.
2026-01-19 03:55:14,259 - INFO - [Times of India] Article: https://timesofindia.indiatimes.com/world/us-streamers/are-plaqueboymax-and-keke-palmer-dating-wyd-music-video-and-flirty-twitch-date-fuel-online-speculation/articleshow/126664678.cms
2026-01-19 03:55:14,259 - INFO - [Times of India] Attempt 1/1: Trying with 'selenium_browser' strategy...
2026-01-19 03:55:14,260 - INFO - [The Guardian] Early skip: URL https://www.theguardian.com/australia-news/live/2026/jan/19/federal-parliament-returns-gun-control-measures-hate-speech-laws-anthony-albanese-labor-sussan-ley-coalition-greens-trump-board-for-peace-ntwnfb already exists.
2026-01-19 03:55:14,549 - INFO - [BBC] Article: https://www.bbc.com/news/videos/cd9ey81441jo?at_medium=RSS&at_campaign=rss
2026-01-19 03:55:14,549 - INFO - [BBC] Attempt 1/1: Trying with 'requests_browser' strategy...
2026-01-19 03:55:14,552 - INFO - [The Guardian] Early skip: URL https://www.theguardian.com/australia-news/2026/jan/19/bondi-terror-attack-footbridge-painted-yellow-parents-victim-matilda-ntwnfb already exists.
2026-01-19 03:55:14,667 - WARNING - [BBC] FAILED with 'requests_browser' (content was too short: 52 words).
2026-01-19 03:55:14,667 - ERROR - [BBC] All scrape strategies failed for https://www.bbc.com/news/videos/cd9ey81441jo?at_medium=RSS&at_campaign=rss. Falling back to RSS description.
2026-01-19 03:55:14,667 - WARNING - SKIPPED (GLOBAL WORD LIMIT): Article 'Why is there so much international interest in Greenland?' from BBC has only 26 words (Min: 90).
2026-01-19 03:55:14,762 - INFO - [The Hindu] Article: https://www.thehindu.com/news/national/how-should-india-tackle-child-trafficking-explained/article70523068.ece
2026-01-19 03:55:14,762 - INFO - [The Hindu] Attempt 1/1: Trying with 'selenium_browser' strategy...
2026-01-19 03:55:14,763 - INFO - [The Guardian] Early skip: URL https://www.theguardian.com/australia-news/2026/jan/19/sydney-shark-attack-boy-nielsen-park-water-conditions already exists.
2026-01-19 03:55:14,893 - INFO - [The Guardian] Early skip: URL https://www.theguardian.com/australia-news/2026/jan/19/australian-billionaires-increased-their-wealth-by-almost-600000-a-day-on-average-over-last-year-report-shows already exists.
2026-01-19 03:55:15,090 - INFO - [The Guardian] Early skip: URL https://www.theguardian.com/australia-news/2026/jan/18/peter-malinauskas-adelaide-writers-week-letter-randa-abdel-fattah-ntwnfb already exists.
2026-01-19 03:55:15,350 - INFO - [The Guardian] Early skip: URL https://www.theguardian.com/world/2026/jan/19/portugal-presidential-election-socialist-party-seguro already exists.
2026-01-19 03:55:15,566 - INFO - [The Guardian] Early skip: URL https://www.theguardian.com/world/2026/jan/18/high-speed-train-crash-in-adamuz-cordoba-southern-spain already exists.
2026-01-19 03:55:15,677 - INFO - [The Guardian] Early skip: URL https://www.theguardian.com/world/2026/jan/18/tariffs-nato-allies-keir-starmer-donald-trump-greenland-crisis-call already exists.
2026-01-19 03:55:15,814 - INFO - [The Guardian] Early skip: URL https://www.theguardian.com/world/2026/jan/18/europe-diplomats-crisis-talks-trump-tariffs-greenland already exists.
2026-01-19 03:55:16,064 - INFO - [The Guardian] Early skip: URL https://www.theguardian.com/world/2026/jan/18/western-alliance-hangs-in-balance-as-europe-stiffens-itself-against-trumps-threats already exists.
2026-01-19 03:55:16,362 - INFO - [The Guardian] Article: https://www.theguardian.com/world/2026/jan/19/syria-declares-victory-ceasefire-kurdish-led-force
2026-01-19 03:55:16,362 - INFO - [The Guardian] Attempt 1/1: Trying with 'requests_browser' strategy...
2026-01-19 03:55:16,483 - INFO - [The Guardian] Success with 'requests_browser'. Found content (637 words).
2026-01-19 03:55:22,156 - INFO - [The Hindu] Page content loaded.
2026-01-19 03:55:22,258 - INFO - [The Hindu] Success with 'selenium_browser'. Found content (811 words).
2026-01-19 03:55:32,306 - INFO - DEDUPLICATION: Found match (Score: 0.86). Linking to Cluster ID: 1e1d936f-7c5d-4ed4-bf9d-23678e7e83fd
2026-01-19 03:55:32,311 - INFO - Saved article: Syria president claims ‘victory for all’ as ceasefire with Kurdish-led force announced | Syria | The Guardian from The Guardian (637 words)
2026-01-19 03:55:34,281 - ERROR - [Times of India] Request failed for strategy 'selenium_browser' on URL https://timesofindia.indiatimes.com/world/us-streamers/are-plaqueboymax-and-keke-palmer-dating-wyd-music-video-and-flirty-twitch-date-fuel-online-speculation/articleshow/126664678.cms: Message: timeout: Timed out receiving message from renderer: 19.890
  (Session info: chrome=143.0.7499.192)
Stacktrace:
#0 0x56243711740a <unknown>
#1 0x562436b4b76b <unknown>
#2 0x562436b3380a <unknown>
#3 0x562436b334ed <unknown>
#4 0x562436b313a7 <unknown>
#5 0x562436b31cbf <unknown>
#6 0x562436b40480 <unknown>
#7 0x562436b59b47 <unknown>
#8 0x562436b601fb <unknown>
#9 0x562436b323e8 <unknown>
#10 0x562436b598f8 <unknown>
#11 0x562436be8ad8 <unknown>
#12 0x562436b8f7b2 <unknown>
#13 0x562436b90461 <unknown>
#14 0x5624370dfdf9 <unknown>
#15 0x5624370e2d5d <unknown>
#16 0x5624370c8b41 <unknown>
#17 0x5624370e393b <unknown>
#18 0x5624370af870 <unknown>
#19 0x562437104828 <unknown>
#20 0x5624371049fc <unknown>
#21 0x562437116763 <unknown>
#22 0x7f6ddb09caa4 <unknown>
#23 0x7f6ddb129c6c <unknown>

2026-01-19 03:55:34,281 - ERROR - [Times of India] All scrape strategies failed for https://timesofindia.indiatimes.com/world/us-streamers/are-plaqueboymax-and-keke-palmer-dating-wyd-music-video-and-flirty-twitch-date-fuel-online-speculation/articleshow/126664678.cms. Falling back to RSS description.
2026-01-19 03:55:34,282 - WARNING - SKIPPED (GLOBAL WORD LIMIT): Article 'Are PlaqueBoyMax and Keke Palmer dating? WYD music video and flirty Twitch date fuel online speculation' from Times of India has only 52 words (Min: 90).
2026-01-19 03:55:43,392 - INFO - Saved article: How should India tackle child trafficking? | Explained - The Hindu from The Hindu (811 words)
2026-01-19 03:55:43,393 - INFO - [The Guardian] Early skip: URL https://www.theguardian.com/world/2026/jan/18/iran-warns-world-that-any-attack-on-ayatollah-ali-khamenei-would-be-declaration-of-war already exists.
2026-01-19 03:55:43,657 - INFO - [The Guardian] Early skip: URL https://www.theguardian.com/world/2026/jan/18/israel-far-right-ministers-reject-us-backed-postwar-gaza-panel already exists.
2026-01-19 03:55:43,860 - INFO - [Times of India] Article: https://timesofindia.indiatimes.com/world/us-streamers/tiktok-star-desmond-scott-begins-a-new-chapter-by-unpacking-his-kitchen-after-kristy-scott-divorce-filing/articleshow/126664314.cms
2026-01-19 03:55:43,860 - INFO - [Times of India] Attempt 1/1: Trying with 'selenium_browser' strategy...
2026-01-19 03:55:43,860 - INFO - [The Guardian] Early skip: URL https://www.theguardian.com/world/2026/jan/18/syrian-army-surges-into-kurdish-held-towns-in-betrayal-shattering-hopes-of-accord already exists.
2026-01-19 03:55:44,104 - INFO - [The Guardian] Early skip: URL https://www.theguardian.com/world/2026/jan/18/why-protesters-iran-feel-betrayed-donald-trump already exists.
2026-01-19 03:55:44,852 - INFO - [Times of India] Page content loaded.
2026-01-19 03:55:44,890 - INFO - [The Hindu] Article: https://www.thehindu.com/news/national/uttar-pradesh/when-rescue-workers-fumbled-delivery-agent-entered-water-filled-pit-to-help-greater-noida-techie/article70524103.ece
2026-01-19 03:55:44,890 - INFO - [The Hindu] Attempt 1/1: Trying with 'selenium_browser' strategy...
2026-01-19 03:55:45,211 - INFO - [Times of India] Success with 'selenium_browser'. Found content (466 words).
2026-01-19 03:55:54,687 - INFO - [The Hindu] Page content loaded.
2026-01-19 03:55:54,856 - INFO - [The Hindu] Success with 'selenium_browser'. Found content (528 words).
2026-01-19 03:56:01,010 - INFO - Saved article: TikTok star Desmond Scott begins a new chapter by unpacking his kitchen after Kristy Scott divorce filing - The Times of India from Times of India (466 words)
2026-01-19 03:56:12,553 - INFO - DEDUPLICATION: Found match (Score: 0.72). Linking to Cluster ID: 883804df-7be8-40f4-9c44-84309baf8a10
2026-01-19 03:56:12,557 - INFO - Saved article: When rescue workers fumbled, delivery agent entered water-filled pit to help Greater Noida techie - The Hindu from The Hindu (528 words)
2026-01-19 03:56:12,557 - INFO - [Times of India] Article: https://timesofindia.indiatimes.com/world/us-streamers/viral-video-shows-kick-streamer-conner-mistaken-for-law-enforcement-during-street-encounter/articleshow/126661813.cms
2026-01-19 03:56:12,557 - INFO - [Times of India] Attempt 1/1: Trying with 'selenium_browser' strategy...
2026-01-19 03:56:14,048 - INFO - [The Hindu] Article: https://www.thehindu.com/news/cities/Hyderabad/plea-to-upgrade-neredmet-railway-station/article70521929.ece
2026-01-19 03:56:14,048 - INFO - [The Hindu] Attempt 1/1: Trying with 'selenium_browser' strategy...
2026-01-19 03:56:15,517 - INFO - [The Hindu] Page content loaded.
2026-01-19 03:56:15,706 - INFO - [The Hindu] Success with 'selenium_browser'. Found content (225 words).
2026-01-19 03:56:24,447 - WARNING - [Times of India] Page timed out (10s). Proceeding anyway.
2026-01-19 03:56:24,741 - INFO - [Times of India] Success with 'selenium_browser'. Found content (388 words).
2026-01-19 03:56:32,244 - INFO - Saved article: Plea to upgrade Neredmet railway station - The Hindu from The Hindu (225 words)
2026-01-19 03:56:43,682 - INFO - Saved article: Viral video shows Kick streamer Conner mistaken for law enforcement during street encounter - The Times of India from Times of India (388 words)
2026-01-19 03:56:43,682 - INFO - [The Hindu] Early skip: URL https://www.thehindu.com/news/national/manipur/kuki-groups-demand-justice-for-woman-who-died-2-years-after-being-gang-raped-in-manipur-violence/article70524086.ece already exists.
2026-01-19 03:56:43,947 - INFO - [The Hindu] Early skip: URL https://www.thehindu.com/news/national/kerala/shipbuilding-yard-to-come-up-at-ponnani-port-under-ppp-model/article70522398.ece already exists.
2026-01-19 03:56:44,208 - INFO - [The Hindu] Early skip: URL https://www.thehindu.com/news/cities/chennai/temperatures-drop-as-dry-weather-prevails-over-tn/article70522505.ece already exists.
2026-01-19 03:56:44,339 - INFO - [The Hindu] Article: https://www.thehindu.com/news/cities/chennai/stone-idols-recovered-from-cooum-river/article70522601.ece
2026-01-19 03:56:44,340 - INFO - [The Hindu] Attempt 1/1: Trying with 'selenium_browser' strategy...
2026-01-19 03:56:44,799 - INFO - [Times of India] Article: https://timesofindia.indiatimes.com/world/rest-of-world/forget-security-guards-an-australian-town-is-using-classical-music-to-stop-people-hanging-around/articleshow/126664429.cms
2026-01-19 03:56:44,799 - INFO - [Times of India] Attempt 1/1: Trying with 'selenium_browser' strategy...
2026-01-19 03:56:46,329 - INFO - [The Hindu] Page content loaded.
2026-01-19 03:56:46,583 - WARNING - [The Hindu] FAILED with 'selenium_browser' (content was too short: 89 words).
2026-01-19 03:56:46,583 - ERROR - [The Hindu] All scrape strategies failed for https://www.thehindu.com/news/cities/chennai/stone-idols-recovered-from-cooum-river/article70522601.ece. Falling back to RSS description.
2026-01-19 03:56:46,583 - WARNING - SKIPPED (GLOBAL WORD LIMIT): Article 'Stone idols recovered from Cooum river' from The Hindu has only 16 words (Min: 90).
2026-01-19 03:56:48,019 - INFO - [The Hindu] Early skip: URL https://www.thehindu.com/news/national/tamil-nadu/aicc-appoints-presidents-for-district-units-in-tn/article70523173.ece already exists.
2026-01-19 03:56:48,230 - INFO - [The Hindu] Early skip: URL https://www.thehindu.com/news/national/tamil-nadu/tn-is-at-suboptimal-pace-of-growth-says-governor-rn-ravi/article70523060.ece already exists.
2026-01-19 03:56:48,374 - INFO - [The Hindu] Early skip: URL https://www.thehindu.com/news/cities/mumbai/mumbai-will-get-mahayuti-mayor-eknath-shinde-people-chose-development-over-emotional-issues/article70523397.ece already exists.
2026-01-19 03:56:48,654 - INFO - [The Hindu] Early skip: URL https://www.thehindu.com/news/international/navarro-renews-attack-on-delhi-asks-why-americans-paying-for-ai-in-india/article70523391.ece already exists.
2026-01-19 03:56:48,893 - INFO - [The Hindu] Early skip: URL https://www.thehindu.com/news/national/from-back-office-to-cutting-edge-india-emerges-as-hub-for-gccs/article70522005.ece already exists.
2026-01-19 03:56:48,999 - INFO - [The Hindu] Early skip: URL https://www.thehindu.com/news/national/jharkhand/9-killed-80-injured-after-bus-carrying-marriage-party-overturns-in-jharkhands-latehar/article70523229.ece already exists.
2026-01-19 03:56:49,170 - INFO - [Times of India] Page content loaded.
2026-01-19 03:56:49,236 - INFO - [The Hindu] Early skip: URL https://www.thehindu.com/news/national/uae-president-to-visit-india-as-trump-peace-plan-for-gaza-takes-shape/article70523134.ece already exists.
2026-01-19 03:56:49,371 - INFO - [The Hindu] Early skip: URL https://www.thehindu.com/news/national/advocates-cannot-seek-information-under-rti-act-for-clients-cases-cic/article70522616.ece already exists.
2026-01-19 03:56:49,454 - INFO - [Times of India] Success with 'selenium_browser'. Found content (267 words).
2026-01-19 03:57:01,389 - INFO - Saved article: Forget security guards, an Australian town is using classical music to stop people hanging around | World News - The Times of India from Times of India (267 words)
2026-01-19 03:57:01,389 - INFO - [The Hindu] Early skip: URL https://www.thehindu.com/news/national/kerala/clamour-for-two-parallel-bridges-to-goshree-islands-gets-louder/article70522778.ece already exists.
2026-01-19 03:57:01,606 - INFO - [The Hindu] Early skip: URL https://www.thehindu.com/news/national/tamil-nadu/three-persons-arrested-in-ranipet-for-possession-of-country-made-explosives/article70522130.ece already exists.
2026-01-19 03:57:01,726 - INFO - [The Hindu] Early skip: URL https://www.thehindu.com/opinion/op-ed/a-municipal-corporation-a-trifurcation/article70522446.ece already exists.
2026-01-19 03:57:01,971 - INFO - [The Hindu] Early skip: URL https://www.thehindu.com/news/national/tamil-nadu/burglars-decamp-with-20-sovereigns-of-gold-jewellery-in-tirupattur/article70522124.ece already exists.
2026-01-19 03:57:02,248 - INFO - [The Hindu] Early skip: URL https://www.thehindu.com/news/national/kerala/tourist-bus-gutted-near-kothamangalam-none-injured/article70523168.ece already exists.
2026-01-19 03:57:02,508 - INFO - [Times of India] Early skip: URL https://timesofindia.indiatimes.com/world/rest-of-world/villagers-drank-sinkhole-water-as-a-miracle-cure-until-officials-found-dangerous-bacteria/articleshow/126663770.cms already exists.
2026-01-19 03:57:02,610 - INFO - [The Hindu] Early skip: URL https://www.thehindu.com/news/national/telangana/cabinet-green-signal-for-february-municipal-polls-2787-crore-for-metro-expansion/article70523189.ece already exists.
2026-01-19 03:57:02,813 - INFO - [Times of India] Early skip: URL https://timesofindia.indiatimes.com/world/us-streamers/who-is-jayda-cheaves-influencer-sparks-buzz-after-appearing-to-confirm-lil-baby-and-ari-fletcher-rumors/articleshow/126661668.cms already exists.
2026-01-19 03:57:03,069 - INFO - [The Hindu] Early skip: URL https://www.thehindu.com/news/national/punjab/bringing-back-akali-dal-to-power-would-drag-punjab-into-dark-era-cm-mann/article70522562.ece already exists.
2026-01-19 03:57:03,277 - INFO - [Times of India] Early skip: URL https://timesofindia.indiatimes.com/etimes/trending/packed-with-indians-japanese-youtuber-ikechan-stirs-row-with-racist-air-india-comment/articleshow/126661504.cms already exists.
2026-01-19 03:57:03,381 - INFO - [The Hindu] Early skip: URL https://www.thehindu.com/news/national/kerala/kerala-sir-deadline-for-filing-claims-and-objections-extended-up-to-january-30/article70523133.ece already exists.
2026-01-19 03:57:03,578 - INFO - [Times of India] Early skip: URL https://timesofindia.indiatimes.com/world/us-streamers/we-dont-need-approval-nick-fuentes-sparks-backlash-after-saying-clavicular-represents-what-young-men-need/articleshow/126637630.cms already exists.
2026-01-19 03:57:03,758 - INFO - [The Hindu] Early skip: URL https://www.thehindu.com/news/national/telangana/chief-minister-announces-kumbh-mela-like-arrangements-for-sammakka-saralamma-jatara/article70523157.ece already exists.
2026-01-19 03:57:03,907 - INFO - [Times of India] Early skip: URL https://timesofindia.indiatimes.com/world/us-streamers/ishowspeed-reveals-himself-as-afcon-final-mascot-during-morocco-vs-senegal/articleshow/126661303.cms already exists.
2026-01-19 03:57:04,201 - INFO - [The Hindu] Early skip: URL https://www.thehindu.com/news/national/kerala/kerala-kalolsavam-2026-kannur-crowned-champions-at-state-school-arts-festival/article70522915.ece already exists.
2026-01-19 03:57:04,303 - INFO - [Times of India] Early skip: URL https://timesofindia.indiatimes.com/world/us-streamers/adin-ross-net-worth-timeline-2016-to-2026-from-small-twitch-streams-to-a-24-million-fortune/articleshow/126661535.cms already exists.
2026-01-19 03:57:04,404 - INFO - [The Hindu] Article: https://www.thehindu.com/news/national/andhra-pradesh/15-hurt-in-lorry-bus-collision-near-kadiri/article70523150.ece
2026-01-19 03:57:04,404 - INFO - [The Hindu] Attempt 1/1: Trying with 'selenium_browser' strategy...
2026-01-19 03:57:04,405 - INFO - [Times of India] Early skip: URL https://timesofindia.indiatimes.com/web-series/news/english/dont-kill-our-protesters-thats-our-thing-snls-dark-jokes-on-minneapolis-and-iran/articleshow/126661445.cms already exists.
2026-01-19 03:57:04,544 - INFO - [Times of India] Early skip: URL https://timesofindia.indiatimes.com/world/us/who-is-fatemeh-ardeshir-larijani-iranian-leaders-daughter-faces-immigration-review-as-over-40000-people-sign-petition-against-her-living-in-us/articleshow/126659380.cms already exists.
2026-01-19 03:57:04,730 - INFO - [Times of India] Early skip: URL https://timesofindia.indiatimes.com/entertainment/english/hollywood/stranger-things-gets-sequels-spin-offs-and-episode-9-conformity-gate-in-new-snl-sketch/articleshow/126645567.cms already exists.
2026-01-19 03:57:04,976 - INFO - [Times of India] Early skip: URL https://timesofindia.indiatimes.com/world/us/row-over-shri-thanedar-remaining-seated-during-trumps-address-honouring-families-of-victims-killed-by-illegal-immigrants-very-cowardly/articleshow/126651480.cms already exists.
2026-01-19 03:57:05,184 - INFO - [Times of India] Early skip: URL https://timesofindia.indiatimes.com/world/us/karenesque-lara-trumps-viral-dance-sparks-cringe-and-brutal-takes-on-her-music-career/articleshow/126651414.cms already exists.
2026-01-19 03:57:05,328 - INFO - [Times of India] Early skip: URL https://timesofindia.indiatimes.com/world/rest-of-world/chile-wildfire-at-least-15-killed-in-south-state-of-emergency-declared/articleshow/126650666.cms already exists.
2026-01-19 03:57:05,561 - INFO - [Times of India] Early skip: URL https://timesofindia.indiatimes.com/world/pakistan/middle-east-trump-invited-pm-shehbaz-sharif-to-join-gaza-board-of-peace-says-pakistan/articleshow/126644879.cms already exists.
2026-01-19 03:57:05,598 - INFO - [The Hindu] Page content loaded.
2026-01-19 03:57:05,669 - WARNING - [The Hindu] FAILED with 'selenium_browser' (content was too short: 80 words).
2026-01-19 03:57:05,669 - ERROR - [The Hindu] All scrape strategies failed for https://www.thehindu.com/news/national/andhra-pradesh/15-hurt-in-lorry-bus-collision-near-kadiri/article70523150.ece. Falling back to RSS description.
2026-01-19 03:57:05,669 - WARNING - SKIPPED (GLOBAL WORD LIMIT): Article '15 hurt in lorry-bus collision near Kadiri' from The Hindu has only 3 words (Min: 90).
2026-01-19 03:57:05,859 - INFO - [Times of India] Early skip: URL https://timesofindia.indiatimes.com/world/us/watch-andrew-tate-nick-fuentes-and-others-caught-dancing-to-heil-hitler-netizens-shout-sinister/articleshow/126648049.cms already exists.
2026-01-19 03:57:06,157 - INFO - [Times of India] Early skip: URL https://timesofindia.indiatimes.com/world/rest-of-world/australia-is-not-your-dumping-ground-queensland-man-shames-third-world-man-for-throwing-garbage-in-bush-in-viral-video/articleshow/126647623.cms already exists.
2026-01-19 03:57:06,373 - INFO - [Times of India] (Thread) Finished. Attempting to shut down its Selenium driver.
2026-01-19 03:57:06,643 - INFO - [The Hindu] Early skip: URL https://www.thehindu.com/news/national/kerala/former-district-judge-cat-member-am-sivadas-passes-away/article70522747.ece already exists.
2026-01-19 03:57:06,723 - INFO - [Times of India] (Thread) driver.quit() successful.
2026-01-19 03:57:06,786 - INFO - [The Hindu] Early skip: URL https://www.thehindu.com/news/national/karnataka/karnataka-housing-minister-invites-randeep-singh-surjewala-for-hubballi-housing-allotment-event/article70522224.ece already exists.
2026-01-19 03:57:07,013 - INFO - [The Hindu] Early skip: URL https://www.thehindu.com/news/national/karnataka/bjp-takes-a-dig-at-karnataka-deputy-chief-minister-for-skipping-wef/article70522800.ece already exists.
2026-01-19 03:57:07,158 - INFO - [The Hindu] (Thread) Finished. Attempting to shut down its Selenium driver.
2026-01-19 03:57:07,356 - INFO - [The Hindu] (Thread) driver.quit() successful.
2026-01-19 03:57:07,357 - INFO - Shutting down thread pool (wait=False)...
2026-01-19 03:57:07,357 - INFO - Scraped: 4 The Hindu, 0 BBC, 3 Times of India, 2 The Guardian articles. (Total saved: 9)
2026-01-19 03:57:07,357 - INFO - --- Scraping job finished ---
2026-01-19 03:57:07,366 - INFO - --- Scraper service stopped and database connection closed. ---
2026-01-19 03:57:07,366 - INFO - --- Main thread finished. Forcing process exit to kill zombie threads. ---
