2025-12-07 09:23:53,567 - INFO - Loading AI Semantic Model (all-MiniLM-L6-v2)...
2025-12-07 09:23:53,567 - INFO - Use pytorch device_name: cpu
2025-12-07 09:23:53,567 - INFO - Load pretrained SentenceTransformer: all-MiniLM-L6-v2
2025-12-07 09:23:53,984 - INFO - AI Model loaded successfully.
2025-12-07 09:23:53,984 - INFO - Initializing database connection at: news_articles.db
2025-12-07 09:23:53,984 - INFO - --- Scraper service started (CI Mode: Run Once) ---
2025-12-07 09:23:53,984 - INFO - --- Starting new scraping job (Parallel Mode) ---
2025-12-07 09:23:53,984 - INFO - Creating new robust session with 3 retries on 5xx/connection/read errors.
2025-12-07 09:23:53,984 - INFO - Proxy is DISABLED.
2025-12-07 09:23:53,985 - INFO - Starting scrape for BBC RSS feed: http://feeds.bbci.co.uk/news/world/rss.xml
2025-12-07 09:23:53,985 - INFO - [Times of India] (Thread) requires Selenium. Initializing driver...
2025-12-07 09:23:53,986 - INFO - Initializing headless Selenium Chrome driver (using SeleniumManager)...
2025-12-07 09:23:53,986 - INFO - Starting scrape for The Guardian RSS feed: https://www.theguardian.com/world/rss
2025-12-07 09:23:53,987 - INFO - [The Hindu] (Thread) requires Selenium. Initializing driver...
2025-12-07 09:23:53,987 - INFO - Initializing headless Selenium Chrome driver (using SeleniumManager)...
2025-12-07 09:23:53,988 - INFO - Submitted 4 jobs to thread pool. Waiting up to 300s for completion...
2025-12-07 09:23:54,072 - INFO - Found 45 articles in The Guardian RSS feed. Processing up to 20.
2025-12-07 09:23:54,073 - INFO - [The Guardian] Article: https://www.theguardian.com/world/2025/dec/06/gunmen-kill-pretoria-south-african-hostel
2025-12-07 09:23:54,073 - INFO - [The Guardian] Attempt 1/1: Trying with 'requests_browser' strategy...
2025-12-07 09:23:54,077 - INFO - Found 30 articles in BBC RSS feed. Processing up to 20.
2025-12-07 09:23:54,077 - INFO - [BBC] Article: https://www.bbc.com/news/articles/cdj82d0nd4eo?at_medium=RSS&at_campaign=rss
2025-12-07 09:23:54,077 - INFO - [BBC] Attempt 1/1: Trying with 'requests_browser' strategy...
2025-12-07 09:23:54,096 - INFO - [The Guardian] Success with 'requests_browser'. Found content (285 words).
2025-12-07 09:23:54,130 - INFO - Duplicate article skipped: Gunmen kill at least 12 people including three-year-old in hostel in South Africa | South Africa | The Guardian from The Guardian
2025-12-07 09:23:54,280 - INFO - [BBC] Success with 'requests_browser'. Found content (620 words).
2025-12-07 09:23:54,312 - INFO - Duplicate article skipped: India: Staff and tourists among 25 killed in Goa nightclub fire from BBC
2025-12-07 09:23:55,089 - INFO - [BBC] Article: https://www.bbc.com/news/articles/cz680jx511no?at_medium=RSS&at_campaign=rss
2025-12-07 09:23:55,089 - INFO - [BBC] Attempt 1/1: Trying with 'requests_browser' strategy...
2025-12-07 09:23:55,130 - INFO - [BBC] Success with 'requests_browser'. Found content (596 words).
2025-12-07 09:23:55,167 - INFO - Duplicate article skipped: Ukrainian city hit by 'massive' strike as peace talks in US conclude from BBC
2025-12-07 09:23:55,425 - INFO - [The Guardian] Article: https://www.theguardian.com/world/2025/dec/05/people-flee-dr-congo-fighting-one-day-after-peace-deal-signed-in-washington
2025-12-07 09:23:55,425 - INFO - [The Guardian] Attempt 1/1: Trying with 'requests_browser' strategy...
2025-12-07 09:23:55,432 - INFO - Selenium driver initialized successfully.
2025-12-07 09:23:55,432 - INFO - Starting scrape for The Hindu RSS feed: https://www.thehindu.com/news/national/feeder/default.rss
2025-12-07 09:23:55,433 - INFO - Selenium driver initialized successfully.
2025-12-07 09:23:55,433 - INFO - Starting scrape for Times of India RSS feed: https://timesofindia.indiatimes.com/rssfeeds/296589292.cms
2025-12-07 09:23:55,457 - INFO - [The Guardian] Success with 'requests_browser'. Found content (411 words).
2025-12-07 09:23:55,503 - INFO - Duplicate article skipped: People flee DR Congo fighting one day after peace deal signed in Washington | Democratic Republic of the Congo | The Guardian from The Guardian
2025-12-07 09:23:55,522 - INFO - Found 20 articles in Times of India RSS feed. Processing up to 20.
2025-12-07 09:23:55,522 - INFO - [Times of India] Article: https://timesofindia.indiatimes.com/world/middle-east/uae-aims-to-produce-60-trillion-ai-tokens-what-are-ai-tokens-and-why-they-matter/articleshow/125814739.cms
2025-12-07 09:23:55,522 - INFO - [Times of India] Attempt 1/1: Trying with 'selenium_browser' strategy...
2025-12-07 09:23:55,612 - INFO - Found 100 articles in The Hindu RSS feed. Processing up to 20.
2025-12-07 09:23:55,612 - INFO - [The Hindu] Article: https://www.thehindu.com/news/cities/bangalore/head-constable-accused-of-stealing-cash-suspended-after-fir-filed-against-him/article70368140.ece
2025-12-07 09:23:55,612 - INFO - [The Hindu] Attempt 1/1: Trying with 'selenium_browser' strategy...
2025-12-07 09:23:56,225 - INFO - [BBC] Article: https://www.bbc.com/news/articles/cqjgydnwxrpo?at_medium=RSS&at_campaign=rss
2025-12-07 09:23:56,225 - INFO - [BBC] Attempt 1/1: Trying with 'requests_browser' strategy...
2025-12-07 09:23:56,269 - INFO - [BBC] Success with 'requests_browser'. Found content (393 words).
2025-12-07 09:23:56,327 - INFO - Duplicate article skipped: Death toll passes 900 after devastating Indonesia floods from BBC
2025-12-07 09:23:56,461 - INFO - [The Guardian] Article: https://www.theguardian.com/global-development/2025/dec/05/rsf-massacres-sudanese-city-el-fasher-slaughterhouse-satellite-images
2025-12-07 09:23:56,461 - INFO - [The Guardian] Attempt 1/1: Trying with 'requests_browser' strategy...
2025-12-07 09:23:56,835 - INFO - [The Guardian] Success with 'requests_browser'. Found content (684 words).
2025-12-07 09:23:56,988 - INFO - Duplicate article skipped: RSF massacres left Sudanese city ‘a slaughterhouse’, satellite images show | Global development | The Guardian from The Guardian
2025-12-07 09:23:57,312 - INFO - [BBC] Article: https://www.bbc.com/news/articles/c3r7plnwr0zo?at_medium=RSS&at_campaign=rss
2025-12-07 09:23:57,312 - INFO - [BBC] Attempt 1/1: Trying with 'requests_browser' strategy...
2025-12-07 09:23:57,427 - INFO - [BBC] Success with 'requests_browser'. Found content (946 words).
2025-12-07 09:23:57,512 - INFO - Duplicate article skipped: LegCo: Hong Kong votes in election as city mourns deadly fire from BBC
2025-12-07 09:23:57,925 - INFO - [The Guardian] Article: https://www.theguardian.com/environment/2025/dec/05/african-penguins-starve-to-death-south-africa-sardine-population-aoe
2025-12-07 09:23:57,925 - INFO - [The Guardian] Attempt 1/1: Trying with 'requests_browser' strategy...
2025-12-07 09:23:57,971 - INFO - [The Guardian] Success with 'requests_browser'. Found content (530 words).
2025-12-07 09:23:58,096 - INFO - Duplicate article skipped: 60,000 African penguins starved to death after sardine numbers collapsed – study | Birds | The Guardian from The Guardian
2025-12-07 09:23:58,467 - INFO - [BBC] Article: https://www.bbc.com/news/articles/c62v7n9wzkyo?at_medium=RSS&at_campaign=rss
2025-12-07 09:23:58,467 - INFO - [BBC] Attempt 1/1: Trying with 'requests_browser' strategy...
2025-12-07 09:23:58,573 - INFO - [BBC] Success with 'requests_browser'. Found content (130 words).
2025-12-07 09:23:58,673 - INFO - [The Guardian] Article: https://www.theguardian.com/world/2025/dec/05/us-sanctions-sudan-army-rsf-ceasefire
2025-12-07 09:23:58,681 - INFO - [The Guardian] Attempt 1/1: Trying with 'requests_browser' strategy...
2025-12-07 09:23:59,008 - INFO - [The Guardian] Success with 'requests_browser'. Found content (849 words).
2025-12-07 09:23:59,434 - INFO - [The Hindu] Page content loaded.
2025-12-07 09:23:59,615 - INFO - [The Hindu] Success with 'selenium_browser'. Found content (145 words).
2025-12-07 09:24:08,091 - INFO - [Times of India] Page content loaded.
2025-12-07 09:24:09,128 - INFO - [Times of India] Success with 'selenium_browser'. Found content (846 words).
2025-12-07 09:24:22,905 - INFO - Saved article: Benin coup announced: Soldiers say they have ousted President Talon from power from BBC
2025-12-07 09:24:22,905 - INFO - Duplicate article skipped: US considers wider sanctions on Sudanese army and RSF as ceasefire efforts falter | Sudan | The Guardian from The Guardian
2025-12-07 09:24:22,906 - INFO - Duplicate article skipped: Head Constable accused of stealing cash suspended after FIR filed against him - The Hindu from The Hindu
2025-12-07 09:24:22,906 - INFO - Duplicate article skipped: UAE aims to produce 60 trillion AI tokens: What are AI tokens and why they matter | World News - The Times of India from Times of India
2025-12-07 09:24:23,682 - INFO - [The Guardian] Article: https://www.theguardian.com/world/2025/dec/06/venezuela-oil-trump-maduro
2025-12-07 09:24:23,682 - INFO - [The Guardian] Attempt 1/1: Trying with 'requests_browser' strategy...
2025-12-07 09:24:23,705 - INFO - [The Guardian] Success with 'requests_browser'. Found content (863 words).
2025-12-07 09:24:23,741 - INFO - Duplicate article skipped: Maduro says the real reason for Trump’s Venezuela fixation is oil – is he right? | Venezuela | The Guardian from The Guardian
2025-12-07 09:24:23,834 - INFO - [Times of India] Article: https://timesofindia.indiatimes.com/world/middle-east/saudi-arabia-ministry-of-hajj-rolls-out-new-nusk-card-rules-for-domestic-and-international-pilgrims/articleshow/125814525.cms
2025-12-07 09:24:23,835 - INFO - [Times of India] Attempt 1/1: Trying with 'selenium_browser' strategy...
2025-12-07 09:24:23,846 - INFO - [BBC] Article: https://www.bbc.com/news/articles/cr7l4n89lr1o?at_medium=RSS&at_campaign=rss
2025-12-07 09:24:23,846 - INFO - [BBC] Attempt 1/1: Trying with 'requests_browser' strategy...
2025-12-07 09:24:23,872 - INFO - [BBC] Success with 'requests_browser'. Found content (441 words).
2025-12-07 09:24:23,915 - INFO - Duplicate article skipped: National Park Service removes free entry on Martin Luther King Jr Day and Juneteenth from BBC
2025-12-07 09:24:24,250 - INFO - [The Hindu] Article: https://www.thehindu.com/news/national/kerala/court-to-deliver-verdict-in-actor-dileep-rape-case-on-december-8/article70368394.ece
2025-12-07 09:24:24,251 - INFO - [The Hindu] Attempt 1/1: Trying with 'selenium_browser' strategy...
2025-12-07 09:24:24,265 - INFO - [The Guardian] Article: https://www.theguardian.com/us-news/2025/dec/05/us-airstrike-survivors-clung-to-boat-wreckage-for-an-hour-before-second-deadly-attack-video-shows
2025-12-07 09:24:24,266 - INFO - [The Guardian] Attempt 1/1: Trying with 'requests_browser' strategy...
2025-12-07 09:24:24,322 - INFO - [The Guardian] Success with 'requests_browser'. Found content (1016 words).
2025-12-07 09:24:24,397 - INFO - Duplicate article skipped: US airstrike survivors clung to boat wreckage for an hour before second deadly attack, video shows | US military | The Guardian from The Guardian
2025-12-07 09:24:24,702 - INFO - [BBC] Article: https://www.bbc.com/news/videos/cr4de0x2xqvo?at_medium=RSS&at_campaign=rss
2025-12-07 09:24:24,702 - INFO - [BBC] Attempt 1/1: Trying with 'requests_browser' strategy...
2025-12-07 09:24:24,748 - INFO - [Times of India] Page content loaded.
2025-12-07 09:24:24,772 - INFO - [BBC] Success with 'requests_browser'. Found content (92 words).
2025-12-07 09:24:24,853 - INFO - Duplicate article skipped: Australia wildfire rips through homes from BBC
2025-12-07 09:24:24,963 - INFO - [Times of India] Success with 'selenium_browser'. Found content (308 words).
2025-12-07 09:24:25,123 - INFO - Duplicate article skipped: Saudi Arabia: Ministry of Hajj rolls out new Nusk Card rules for domestic and international pilgrims | World News - The Times of India from Times of India
2025-12-07 09:24:25,826 - INFO - [The Guardian] Article: https://www.theguardian.com/us-news/2025/dec/05/neo-nazi-base-leader-on-terrorism-arrest
2025-12-07 09:24:25,826 - INFO - [The Guardian] Attempt 1/1: Trying with 'requests_browser' strategy...
2025-12-07 09:24:25,841 - INFO - [BBC] Article: https://www.bbc.com/news/articles/c2em8wpkzkxo?at_medium=RSS&at_campaign=rss
2025-12-07 09:24:25,841 - INFO - [BBC] Attempt 1/1: Trying with 'requests_browser' strategy...
2025-12-07 09:24:25,962 - INFO - [Times of India] Article: https://timesofindia.indiatimes.com/world/us/pipe-bomb-suspect-nabbed-but-trump-officials-stay-silent-on-capitol-riot-violence/articleshow/125812833.cms
2025-12-07 09:24:25,965 - INFO - [Times of India] Attempt 1/1: Trying with 'selenium_browser' strategy...
2025-12-07 09:24:25,974 - INFO - [The Guardian] Success with 'requests_browser'. Found content (1072 words).
2025-12-07 09:24:26,019 - INFO - [BBC] Success with 'requests_browser'. Found content (1027 words).
2025-12-07 09:24:26,186 - INFO - Duplicate article skipped: US leader of global neo-Nazi terrorist group signals retribution for arrests | Far right (US) | The Guardian from The Guardian
2025-12-07 09:24:26,201 - INFO - Duplicate article skipped: MF Husain: New Doha museum Lawh Wa Qalam celebrates Indian art legend from BBC
2025-12-07 09:24:26,756 - INFO - [The Guardian] Article: https://www.theguardian.com/politics/audio/2025/dec/05/donald-trump-about-to-invade-venezuela-podcast
2025-12-07 09:24:26,756 - INFO - [The Guardian] Attempt 1/1: Trying with 'requests_browser' strategy...
2025-12-07 09:24:26,922 - WARNING - [The Guardian] FAILED with 'requests_browser' (content was too short: 72 words).
2025-12-07 09:24:26,923 - ERROR - [The Guardian] All scrape strategies failed for https://www.theguardian.com/politics/audio/2025/dec/05/donald-trump-about-to-invade-venezuela-podcast. Falling back to RSS description.
2025-12-07 09:24:26,923 - INFO - Duplicate article skipped: “This is war”: Is Trump about to invade Venezuela? – podcast from The Guardian
2025-12-07 09:24:27,098 - INFO - [The Hindu] Page content loaded.
2025-12-07 09:24:27,220 - INFO - [BBC] Article: https://www.bbc.com/news/articles/c3e0z97qn3eo?at_medium=RSS&at_campaign=rss
2025-12-07 09:24:27,220 - INFO - [BBC] Attempt 1/1: Trying with 'requests_browser' strategy...
2025-12-07 09:24:27,315 - INFO - [The Hindu] Success with 'selenium_browser'. Found content (546 words).
2025-12-07 09:24:27,665 - INFO - [BBC] Success with 'requests_browser'. Found content (429 words).
2025-12-07 09:24:27,670 - INFO - Duplicate article skipped: Court to deliver verdict in actor Dileep rape case on December 8 - The Hindu from The Hindu
2025-12-07 09:24:27,681 - INFO - [Times of India] Page content loaded.
2025-12-07 09:24:27,719 - INFO - Duplicate article skipped: Iran arrests marathon organisers over women not wearing hijab from BBC
2025-12-07 09:24:27,789 - INFO - [Times of India] Success with 'selenium_browser'. Found content (742 words).
2025-12-07 09:24:27,866 - INFO - Duplicate article skipped: Pipe bomb suspect nabbed, but Trump officials stay silent on Capitol riot violence - The Times of India from Times of India
2025-12-07 09:24:28,169 - INFO - [The Guardian] Article: https://www.theguardian.com/us-news/2025/dec/04/pentagon-boat-strike-pacific
2025-12-07 09:24:28,169 - INFO - [The Guardian] Attempt 1/1: Trying with 'requests_browser' strategy...
2025-12-07 09:24:28,239 - INFO - [The Guardian] Success with 'requests_browser'. Found content (637 words).
2025-12-07 09:24:28,316 - INFO - [The Hindu] Article: https://www.thehindu.com/news/cities/Mangalore/tender-process-initiated-for-mechanisation-management-of-berths-at-fishing-ports-in-mangaluru-malpe-karwar-union-minister/article70368385.ece
2025-12-07 09:24:28,316 - INFO - [The Hindu] Attempt 1/1: Trying with 'selenium_browser' strategy...
2025-12-07 09:24:28,436 - INFO - Duplicate article skipped: Pentagon announces it has killed four men in another boat strike in Pacific | US military | The Guardian from The Guardian
2025-12-07 09:24:29,065 - INFO - [Times of India] Article: https://timesofindia.indiatimes.com/world/us/chernobyl-shield-damaged-in-drone-strike-iaea-flags-loss-of-confinement-capability-ukraine-blames-russia/articleshow/125812742.cms
2025-12-07 09:24:29,066 - INFO - [Times of India] Attempt 1/1: Trying with 'selenium_browser' strategy...
2025-12-07 09:24:29,155 - INFO - [BBC] Article: https://www.bbc.com/news/videos/czdg0598ry0o?at_medium=RSS&at_campaign=rss
2025-12-07 09:24:29,156 - INFO - [BBC] Attempt 1/1: Trying with 'requests_browser' strategy...
2025-12-07 09:24:29,275 - INFO - [The Guardian] Article: https://www.theguardian.com/world/2025/dec/07/hostile-powers-spying-universities-canada-former-security-chief
2025-12-07 09:24:29,275 - INFO - [The Guardian] Attempt 1/1: Trying with 'requests_browser' strategy...
2025-12-07 09:24:29,315 - INFO - [The Guardian] Success with 'requests_browser'. Found content (836 words).
2025-12-07 09:24:30,000 - INFO - [BBC] Success with 'requests_browser'. Found content (202 words).
2025-12-07 09:24:32,005 - INFO - [The Hindu] Page content loaded.
2025-12-07 09:24:32,261 - INFO - [The Hindu] Success with 'selenium_browser'. Found content (315 words).
2025-12-07 09:24:36,417 - INFO - [Times of India] Page content loaded.
2025-12-07 09:24:36,671 - INFO - [Times of India] Success with 'selenium_browser'. Found content (336 words).
2025-12-07 09:24:45,671 - INFO - Saved article: Hostile powers sending spies to west’s universities, says former security chief | Espionage | The Guardian from The Guardian
2025-12-07 09:24:45,671 - INFO - Duplicate article skipped: Olympic flame arrives in Rome ahead of Winter Olympics from BBC
2025-12-07 09:24:45,671 - INFO - Duplicate article skipped: Tender process initiated for mechanisation, management of berths at fishing ports in Mangaluru, Malpe, Karwar: Union Minister - The Hindu from The Hindu
2025-12-07 09:24:45,671 - INFO - Duplicate article skipped: Chernobyl shield damaged: Ukraine blames Russia for loss of confinement capability - The Times of India from Times of India
2025-12-07 09:24:46,489 - INFO - [BBC] Article: https://www.bbc.com/news/articles/c0q5lejppeno?at_medium=RSS&at_campaign=rss
2025-12-07 09:24:46,489 - INFO - [BBC] Attempt 1/1: Trying with 'requests_browser' strategy...
2025-12-07 09:24:46,596 - INFO - [BBC] Success with 'requests_browser'. Found content (386 words).
2025-12-07 09:24:46,610 - INFO - [The Guardian] Article: https://www.theguardian.com/news/2025/dec/06/dont-say-we-didnt-warn-you-beijing-summons-journalists-in-hong-kong-after-fire
2025-12-07 09:24:46,610 - INFO - [The Guardian] Attempt 1/1: Trying with 'requests_browser' strategy...
2025-12-07 09:24:46,636 - INFO - Duplicate article skipped: National Guardsman 'slowly healing' after being shot in Washington DC from BBC
2025-12-07 09:24:46,655 - INFO - [The Guardian] Success with 'requests_browser'. Found content (383 words).
2025-12-07 09:24:46,694 - INFO - Duplicate article skipped: ‘Don’t say we didn’t warn you’: Hong Kong foreign media told not to cause trouble after fire | Hong Kong apartment fires | The Guardian from The Guardian
2025-12-07 09:24:46,866 - INFO - [The Hindu] Article: https://www.thehindu.com/news/cities/Visakhapatnam/indigo-to-operate-11-flights-cancel-10-from-vizag-airport-on-december-7/article70368397.ece
2025-12-07 09:24:46,866 - INFO - [The Hindu] Attempt 1/1: Trying with 'selenium_browser' strategy...
2025-12-07 09:24:46,919 - INFO - [Times of India] Article: https://timesofindia.indiatimes.com/world/us/us-coast-guard-snipes-drug-boat-from-chopper-seizes-20000-pounds-of-cocaine-watch/articleshow/125812166.cms
2025-12-07 09:24:46,919 - INFO - [Times of India] Attempt 1/1: Trying with 'selenium_browser' strategy...
2025-12-07 09:24:47,745 - INFO - [BBC] Article: https://www.bbc.com/news/articles/cn09zp87pz8o?at_medium=RSS&at_campaign=rss
2025-12-07 09:24:47,745 - INFO - [BBC] Attempt 1/1: Trying with 'requests_browser' strategy...
2025-12-07 09:24:47,846 - INFO - [The Guardian] Article: https://www.theguardian.com/stage/2025/dec/05/jeremy-o-harris-arrested-japan
2025-12-07 09:24:47,846 - INFO - [The Guardian] Attempt 1/1: Trying with 'requests_browser' strategy...
2025-12-07 09:24:47,887 - INFO - [The Guardian] Success with 'requests_browser'. Found content (336 words).
2025-12-07 09:24:47,958 - INFO - Duplicate article skipped: Playwright Jeremy O Harris arrested in Japan for alleged drug smuggling | Jeremy O Harris | The Guardian from The Guardian
2025-12-07 09:24:47,992 - INFO - [BBC] Success with 'requests_browser'. Found content (431 words).
2025-12-07 09:24:48,041 - INFO - [Times of India] Page content loaded.
2025-12-07 09:24:48,085 - INFO - Duplicate article skipped: New clashes break out between Pakistan and Afghanistan from BBC
2025-12-07 09:24:48,189 - INFO - [Times of India] Success with 'selenium_browser'. Found content (422 words).
2025-12-07 09:24:48,307 - INFO - Duplicate article skipped: US coast guard snipes drug boat from chopper; seizes 20,000 pounds of cocaine - watch - The Times of India from Times of India
2025-12-07 09:24:48,525 - INFO - [The Guardian] Article: https://www.theguardian.com/world/2025/dec/05/police-say-recovered-faberge-pendant-after-new-zealand-man-allegedly-swallowed-it
2025-12-07 09:24:48,525 - INFO - [The Guardian] Attempt 1/1: Trying with 'requests_browser' strategy...
2025-12-07 09:24:48,615 - INFO - [The Guardian] Success with 'requests_browser'. Found content (341 words).
2025-12-07 09:24:48,701 - INFO - [The Hindu] Page content loaded.
2025-12-07 09:24:48,706 - INFO - Duplicate article skipped: Patient police say they have recovered Fabergé pendant from man accused of swallowing it | New Zealand | The Guardian from The Guardian
2025-12-07 09:24:48,814 - INFO - [The Hindu] Success with 'selenium_browser'. Found content (194 words).
2025-12-07 09:24:48,912 - INFO - [BBC] Article: https://www.bbc.com/news/articles/cwyvkrkl2jlo?at_medium=RSS&at_campaign=rss
2025-12-07 09:24:48,912 - INFO - [BBC] Attempt 1/1: Trying with 'requests_browser' strategy...
2025-12-07 09:24:48,986 - INFO - Duplicate article skipped: IndiGo to operate 11 flights, cancel 10 from Vizag Airport on December 7 - The Hindu from The Hindu
2025-12-07 09:24:49,121 - INFO - [BBC] Success with 'requests_browser'. Found content (275 words).
2025-12-07 09:24:49,209 - INFO - Duplicate article skipped: At least 11 killed in South Africa mass shooting from BBC
2025-12-07 09:24:49,513 - INFO - [Times of India] Article: https://timesofindia.indiatimes.com/world/us/we-will-sink-you-hegseth-defends-alleged-drug-boat-strikes-says-trump-can-take-action-as-he-sees-fit/articleshow/125812358.cms
2025-12-07 09:24:49,513 - INFO - [Times of India] Attempt 1/1: Trying with 'selenium_browser' strategy...
2025-12-07 09:24:49,797 - INFO - [The Hindu] Article: https://www.thehindu.com/news/national/parliamentary-panel-to-summmon-airline-executives-regulator-over-flight-disruptions/article70368446.ece
2025-12-07 09:24:49,797 - INFO - [The Hindu] Attempt 1/1: Trying with 'selenium_browser' strategy...
2025-12-07 09:24:49,891 - INFO - [The Guardian] Article: https://www.theguardian.com/world/2025/dec/05/baby-fur-seal-wanders-into-bar-in-new-zealand
2025-12-07 09:24:49,891 - INFO - [The Guardian] Attempt 1/1: Trying with 'requests_browser' strategy...
2025-12-07 09:24:49,928 - INFO - [The Guardian] Success with 'requests_browser'. Found content (425 words).
2025-12-07 09:24:50,011 - INFO - Duplicate article skipped: Baby fur seal wanders into a bar in New Zealand | New Zealand | The Guardian from The Guardian
2025-12-07 09:24:50,441 - INFO - [BBC] Article: https://www.bbc.com/news/articles/cpd61d0jl6no?at_medium=RSS&at_campaign=rss
2025-12-07 09:24:50,441 - INFO - [BBC] Attempt 1/1: Trying with 'requests_browser' strategy...
2025-12-07 09:24:50,485 - INFO - [BBC] Success with 'requests_browser'. Found content (341 words).
2025-12-07 09:24:50,552 - INFO - Duplicate article skipped: Deadly attack on kindergarten reported in Sudan from BBC
2025-12-07 09:24:50,932 - INFO - [The Hindu] Page content loaded.
2025-12-07 09:24:51,027 - INFO - [The Hindu] Success with 'selenium_browser'. Found content (315 words).
2025-12-07 09:24:51,327 - INFO - [The Guardian] Article: https://www.theguardian.com/australia-news/2025/dec/07/disaster-declared-as-nsw-firefighters-continue-to-battle-20-uncontained-bushfires
2025-12-07 09:24:51,328 - INFO - [Times of India] Page content loaded.
2025-12-07 09:24:51,337 - INFO - [The Guardian] Attempt 1/1: Trying with 'requests_browser' strategy...
2025-12-07 09:24:51,359 - INFO - Duplicate article skipped: Parliamentary panel to summmon airline executives, regulator over flight disruptions - The Hindu from The Hindu
2025-12-07 09:24:51,390 - INFO - [The Guardian] Success with 'requests_browser'. Found content (654 words).
2025-12-07 09:24:51,464 - INFO - Duplicate article skipped: Albanese warns of ‘difficult’ bushfire season ahead as cooler conditions bring relief to disaster-ravaged NSW | Australia weather | The Guardian from The Guardian
2025-12-07 09:24:51,514 - INFO - [Times of India] Success with 'selenium_browser'. Found content (375 words).
2025-12-07 09:24:51,588 - INFO - Duplicate article skipped: ‘We will sink you’: Hegseth defends alleged drug-boat strikes, says Trump can take ‘action as he sees fit’ - The Times of India from Times of India
2025-12-07 09:24:51,817 - INFO - [BBC] Article: https://www.bbc.com/news/articles/c4g9e34yzvgo?at_medium=RSS&at_campaign=rss
2025-12-07 09:24:51,817 - INFO - [BBC] Attempt 1/1: Trying with 'requests_browser' strategy...
2025-12-07 09:24:51,910 - INFO - [BBC] Success with 'requests_browser'. Found content (687 words).
2025-12-07 09:24:52,305 - INFO - [The Hindu] Article: https://www.thehindu.com/news/national/tripura/any-kind-of-threat-or-intimidation-to-individual-or-party-will-not-be-tolerated-tripura-cm-manik-saha/article70368326.ece
2025-12-07 09:24:52,305 - INFO - [The Hindu] Attempt 1/1: Trying with 'selenium_browser' strategy...
2025-12-07 09:24:52,546 - INFO - [Times of India] Article: https://timesofindia.indiatimes.com/world/us/reporter-hits-back-kaitlan-collins-responds-to-trumps-rant-calling-her-stupid-nasty/articleshow/125813552.cms
2025-12-07 09:24:52,546 - INFO - [Times of India] Attempt 1/1: Trying with 'selenium_browser' strategy...
2025-12-07 09:24:52,614 - INFO - [The Guardian] Article: https://www.theguardian.com/australia-news/live/2025/dec/07/australia-news-live-nsw-bushfire-central-coast-upper-hunter-chris-minns-anthony-albanese-anika-wells-social-media-ban-syria-refugees-tasmania-dolphin-sands-labor-coalition-ntwnfb
2025-12-07 09:24:52,614 - INFO - [The Guardian] Attempt 1/1: Trying with 'requests_browser' strategy...
2025-12-07 09:24:53,140 - INFO - [The Guardian] Success with 'requests_browser'. Found content (3581 words).
2025-12-07 09:24:56,741 - INFO - [Times of India] Page content loaded.
2025-12-07 09:24:57,404 - INFO - [The Hindu] Page content loaded.
2025-12-07 09:24:57,528 - INFO - [Times of India] Success with 'selenium_browser'. Found content (301 words).
2025-12-07 09:24:57,796 - INFO - [The Hindu] Success with 'selenium_browser'. Found content (363 words).
2025-12-07 09:25:10,400 - INFO - Saved article: Japan is facing a dementia crisis – can technology help? from BBC
2025-12-07 09:25:10,400 - INFO - Duplicate article skipped: NSW Central Coast ‘not out of the woods yet’ as bushfire conditions ease – as it happened | Australia news | The Guardian from The Guardian
2025-12-07 09:25:11,023 - INFO - [The Guardian] Article: https://www.theguardian.com/australia-news/2025/dec/07/albanese-defends-decision-to-sign-off-on-100000-us-trip-for-anika-wells-and-staff
2025-12-07 09:25:11,024 - INFO - [The Guardian] Attempt 1/1: Trying with 'requests_browser' strategy...
2025-12-07 09:25:11,073 - INFO - [The Guardian] Success with 'requests_browser'. Found content (719 words).
2025-12-07 09:25:11,574 - INFO - [BBC] Article: https://www.bbc.com/news/articles/crk7xgzj8y8o?at_medium=RSS&at_campaign=rss
2025-12-07 09:25:11,575 - INFO - [BBC] Attempt 1/1: Trying with 'requests_browser' strategy...
2025-12-07 09:25:11,631 - INFO - [BBC] Success with 'requests_browser'. Found content (2194 words).
2025-12-07 09:25:22,325 - INFO - Saved article: Reporter hits back: Kaitlan Collins responds to Trump’s rant calling her ‘stupid, nasty’ - The Times of India from Times of India
2025-12-07 09:25:22,325 - INFO - Duplicate article skipped: Any kind of threat or intimidation to individual or party will not be tolerated: Tripura CM Manik Saha - The Hindu from The Hindu
2025-12-07 09:25:22,325 - INFO - Duplicate article skipped: Albanese defends decision to sign off on $100,000 US trip for Anika Wells and staff | Australian politics | The Guardian from The Guardian
2025-12-07 09:25:22,326 - INFO - Duplicate article skipped: Social media ban: Can you ban kids from social media? Australia is about to try from BBC
2025-12-07 09:25:22,990 - INFO - [Times of India] Article: https://timesofindia.indiatimes.com/world/us/18-million-under-winter-alerts-heavy-snow-subzero-cold-sweep-us/articleshow/125812456.cms
2025-12-07 09:25:22,990 - INFO - [Times of India] Attempt 1/1: Trying with 'selenium_browser' strategy...
2025-12-07 09:25:23,125 - INFO - [The Hindu] Article: https://www.thehindu.com/news/national/indigo-flight-cancellations-crisis-management/article70368347.ece
2025-12-07 09:25:23,126 - INFO - [The Hindu] Attempt 1/1: Trying with 'selenium_browser' strategy...
2025-12-07 09:25:23,543 - INFO - [The Guardian] Article: https://www.theguardian.com/australia-news/2025/dec/07/australia-government-no-plans-repatriate-citizens-syria-us-warning
2025-12-07 09:25:23,543 - INFO - [The Guardian] Attempt 1/1: Trying with 'requests_browser' strategy...
2025-12-07 09:25:23,622 - INFO - [The Guardian] Success with 'requests_browser'. Found content (1116 words).
2025-12-07 09:25:23,702 - INFO - [BBC] Article: https://www.bbc.com/news/articles/ce86z84e947o?at_medium=RSS&at_campaign=rss
2025-12-07 09:25:23,703 - INFO - [BBC] Attempt 1/1: Trying with 'requests_browser' strategy...
2025-12-07 09:25:23,723 - INFO - Duplicate article skipped: Australia refuses to repatriate citizens from Syrian camps despite US warning leaving them there ‘compounds risk to all of us’ | Australian foreign policy | The Guardian from The Guardian
2025-12-07 09:25:24,398 - INFO - [Times of India] Page content loaded.
2025-12-07 09:25:24,486 - INFO - [The Guardian] Article: https://www.theguardian.com/australia-news/2025/dec/06/wayne-swan-warns-labor-not-to-speak-to-australians-in-highly-stylised-political-way
2025-12-07 09:25:24,486 - INFO - [The Guardian] Attempt 1/1: Trying with 'requests_browser' strategy...
2025-12-07 09:25:24,682 - INFO - [The Guardian] Success with 'requests_browser'. Found content (638 words).
2025-12-07 09:25:24,874 - INFO - [Times of India] Success with 'selenium_browser'. Found content (285 words).
2025-12-07 09:25:24,932 - INFO - Duplicate article skipped: Wayne Swan warns Labor not to speak to Australians in ‘highly stylised political way’ | Labor party | The Guardian from The Guardian
2025-12-07 09:25:25,061 - INFO - [BBC] Success with 'requests_browser'. Found content (897 words).
2025-12-07 09:25:25,142 - INFO - Duplicate article skipped: 18 million under winter alerts: Heavy snow, subzero cold sweep US - The Times of India from Times of India
2025-12-07 09:25:25,202 - INFO - Duplicate article skipped: Bethlehem Christmas tree lights up for first time since start of Gaza war from BBC
2025-12-07 09:25:25,564 - INFO - [The Hindu] Page content loaded.
2025-12-07 09:25:25,783 - INFO - [The Hindu] Success with 'selenium_browser'. Found content (255 words).
2025-12-07 09:25:25,960 - INFO - [Times of India] Article: https://timesofindia.indiatimes.com/world/us/national-park-fee-no-more-free-entry-on-mlk-day-juneteenth-replaced-by-trumps-birthday/articleshow/125813082.cms
2025-12-07 09:25:25,960 - INFO - [Times of India] Attempt 1/1: Trying with 'selenium_browser' strategy...
2025-12-07 09:25:26,029 - INFO - Duplicate article skipped: IndiGo board’s crisis management group regularly monitoring situation: Airline - The Hindu from The Hindu
2025-12-07 09:25:26,200 - INFO - [BBC] Article: https://www.bbc.com/weather/articles/c4g4ey8zxnzo?at_medium=RSS&at_campaign=rss
2025-12-07 09:25:26,200 - INFO - [BBC] Attempt 1/1: Trying with 'requests_browser' strategy...
2025-12-07 09:25:26,346 - INFO - [BBC] Success with 'requests_browser'. Found content (757 words).
2025-12-07 09:25:27,268 - INFO - [The Hindu] Article: https://www.thehindu.com/news/national/telangana/procedural-lapses-dent-telangana-assembly-credibility-says-brs-mla-harish-rao-in-open-letter-to-speaker/article70368351.ece
2025-12-07 09:25:27,268 - INFO - [The Hindu] Attempt 1/1: Trying with 'selenium_browser' strategy...
2025-12-07 09:25:29,241 - INFO - [The Hindu] Page content loaded.
2025-12-07 09:25:29,603 - INFO - [The Hindu] Success with 'selenium_browser'. Found content (264 words).
2025-12-07 09:25:32,370 - INFO - [Times of India] Page content loaded.
2025-12-07 09:25:32,535 - INFO - [Times of India] Success with 'selenium_browser'. Found content (316 words).
2025-12-07 09:25:43,171 - INFO - Saved article: How solar storms that cause the Northern Lights have the power to wreak havoc on Earth - BBC Weather from BBC
2025-12-07 09:25:43,171 - INFO - Duplicate article skipped: Procedural lapses dent Telangana Assembly credibility, says BRS MLA Harish Rao in open letter to Speaker - The Hindu from The Hindu
2025-12-07 09:25:43,172 - INFO - Duplicate article skipped: National park fee: No more free entry on MLK Day, Juneteenth; replaced by Trump's birthday - The Times of India from Times of India
2025-12-07 09:25:43,772 - INFO - [BBC] Article: https://www.bbc.com/news/articles/c0qlgx275jqo?at_medium=RSS&at_campaign=rss
2025-12-07 09:25:43,773 - INFO - [BBC] Attempt 1/1: Trying with 'requests_browser' strategy...
2025-12-07 09:25:43,945 - INFO - [Times of India] Article: https://timesofindia.indiatimes.com/world/us/trump-renews-filibuster-fight-gop-senators-push-back-in-election-year-thune-faces-leadership-test/articleshow/125812614.cms
2025-12-07 09:25:43,946 - INFO - [Times of India] Attempt 1/1: Trying with 'selenium_browser' strategy...
2025-12-07 09:25:44,176 - INFO - [BBC] Success with 'requests_browser'. Found content (227 words).
2025-12-07 09:25:44,215 - INFO - Duplicate article skipped: Frank Gehry's most iconic work - in pictures from BBC
2025-12-07 09:25:44,429 - INFO - [The Hindu] Article: https://www.thehindu.com/sci-tech/health/who-b-school-study-shows-how-digitally-unified-insurance-systems-can-transform-indias-healthcare/article70368325.ece
2025-12-07 09:25:44,429 - INFO - [The Hindu] Attempt 1/1: Trying with 'selenium_browser' strategy...
2025-12-07 09:25:44,721 - INFO - [BBC] Article: https://www.bbc.com/news/articles/cd0k2r2jpg4o?at_medium=RSS&at_campaign=rss
2025-12-07 09:25:44,721 - INFO - [BBC] Attempt 1/1: Trying with 'requests_browser' strategy...
2025-12-07 09:25:45,141 - INFO - [BBC] Success with 'requests_browser'. Found content (1288 words).
2025-12-07 09:25:45,208 - INFO - Duplicate article skipped: Migration to Europe: Single women face sexual violence from BBC
2025-12-07 09:25:46,217 - INFO - [Times of India] Page content loaded.
2025-12-07 09:25:46,498 - INFO - [Times of India] Success with 'selenium_browser'. Found content (587 words).
2025-12-07 09:25:46,659 - INFO - Duplicate article skipped: Trump renews filibuster fight: GOP Senators push back in election year; Thune faces leadership test - The Times of India from Times of India
2025-12-07 09:25:46,660 - INFO - [The Hindu] Page content loaded.
2025-12-07 09:25:46,721 - INFO - [The Hindu] Success with 'selenium_browser'. Found content (445 words).
2025-12-07 09:25:46,807 - INFO - Duplicate article skipped: WHO, B-school study shows how digitally unified insurance systems can transform India's healthcare - The Hindu from The Hindu
2025-12-07 09:25:47,400 - INFO - [Times of India] Article: https://timesofindia.indiatimes.com/technology/tech-news/why-the-economists-word-of-the-year-slop-is-the-perfect-choice-for-2025/articleshow/125813777.cms
2025-12-07 09:25:47,400 - INFO - [Times of India] Attempt 1/1: Trying with 'selenium_browser' strategy...
2025-12-07 09:25:47,543 - INFO - [The Hindu] Article: https://www.thehindu.com/news/national/cheetah-cub-dies-after-being-hit-by-unidentified-vehicle-in-gwalior/article70368333.ece
2025-12-07 09:25:47,543 - INFO - [The Hindu] Attempt 1/1: Trying with 'selenium_browser' strategy...
2025-12-07 09:25:49,409 - INFO - [The Hindu] Page content loaded.
2025-12-07 09:25:49,487 - INFO - [The Hindu] Success with 'selenium_browser'. Found content (258 words).
2025-12-07 09:25:49,555 - INFO - Duplicate article skipped: Cheetah cub dies after being hit by unidentified vehicle in Gwalior - The Hindu from The Hindu
2025-12-07 09:25:49,683 - INFO - [Times of India] Page content loaded.
2025-12-07 09:25:49,805 - INFO - [Times of India] Success with 'selenium_browser'. Found content (1053 words).
2025-12-07 09:25:49,862 - INFO - Duplicate article skipped: Why The Economist's word of the year 'Slop' is the perfect choice for 2025 | - The Times of India from Times of India
2025-12-07 09:25:50,508 - INFO - [Times of India] Article: https://timesofindia.indiatimes.com/world/china/watch-december-blizzard-in-china-goes-viral-for-snow-globe-streets-and-whirling-powder/articleshow/125813322.cms
2025-12-07 09:25:50,508 - INFO - [Times of India] Attempt 1/1: Trying with 'selenium_browser' strategy...
2025-12-07 09:25:50,778 - INFO - [The Hindu] Article: https://www.thehindu.com/news/national/indigo-flight-cancellations-on-december-7-2025/article70368322.ece
2025-12-07 09:25:50,779 - INFO - [The Hindu] Attempt 1/1: Trying with 'selenium_browser' strategy...
2025-12-07 09:25:51,641 - INFO - [Times of India] Page content loaded.
2025-12-07 09:25:51,811 - INFO - [Times of India] Success with 'selenium_browser'. Found content (362 words).
2025-12-07 09:25:51,873 - INFO - Duplicate article skipped: Watch: December blizzard in China goes viral for snow-globe streets and whirling powder - The Times of India from Times of India
2025-12-07 09:25:51,995 - INFO - [The Hindu] Page content loaded.
2025-12-07 09:25:52,054 - INFO - [The Hindu] Success with 'selenium_browser'. Found content (588 words).
2025-12-07 09:25:52,130 - INFO - Duplicate article skipped: IndiGo cancels over 220 flights at Mumbai, Delhi airports - The Hindu from The Hindu
2025-12-07 09:25:52,579 - INFO - [Times of India] Article: https://timesofindia.indiatimes.com/world/us/reviewing-it-right-now-hegseth-noncommittal-on-releasing-video-of-sept-2-strike-that-killed-survivors-on-alleged-drug-boat/articleshow/125812912.cms
2025-12-07 09:25:52,579 - INFO - [Times of India] Attempt 1/1: Trying with 'selenium_browser' strategy...
2025-12-07 09:25:53,021 - INFO - [The Hindu] Article: https://www.thehindu.com/news/national/tamil-nadu/tamil-nadu-government-frames-rules-for-sale-exchange-lease-and-mortgage-of-temple-lands/article70368097.ece
2025-12-07 09:25:53,022 - INFO - [The Hindu] Attempt 1/1: Trying with 'selenium_browser' strategy...
2025-12-07 09:25:54,000 - INFO - [Times of India] Page content loaded.
2025-12-07 09:25:54,166 - INFO - [Times of India] Success with 'selenium_browser'. Found content (513 words).
2025-12-07 09:25:54,259 - INFO - Duplicate article skipped: ‘Reviewing it’: Hegseth on releasing video of Caribbean strike; survivors died on alleged drug boat - The Times of India from Times of India
2025-12-07 09:25:55,427 - INFO - [The Hindu] Page content loaded.
2025-12-07 09:25:55,500 - INFO - [The Hindu] Success with 'selenium_browser'. Found content (848 words).
2025-12-07 09:25:55,584 - INFO - Duplicate article skipped: Tamil Nadu Government frames rules for sale, exchange, lease and mortgage of temple lands - The Hindu from The Hindu
2025-12-07 09:25:55,733 - INFO - [Times of India] Article: https://timesofindia.indiatimes.com/world/middle-east/saudi-new-5-year-resident-id-to-cut-65-million-office-visits-and-boost-digital-services/articleshow/125814065.cms
2025-12-07 09:25:55,733 - INFO - [Times of India] Attempt 1/1: Trying with 'selenium_browser' strategy...
2025-12-07 09:25:56,545 - INFO - [Times of India] Page content loaded.
2025-12-07 09:25:56,664 - INFO - [Times of India] Success with 'selenium_browser'. Found content (516 words).
2025-12-07 09:25:56,951 - INFO - [The Hindu] Article: https://www.thehindu.com/news/national/tamil-nadu/land-acquisition-delays-hamper-execution-of-railway-projects-in-tamil-nadu-union-minister-vaishnaw/article70368219.ece
2025-12-07 09:25:56,954 - INFO - [The Hindu] Attempt 1/1: Trying with 'selenium_browser' strategy...
2025-12-07 09:25:59,658 - INFO - [The Hindu] Page content loaded.
2025-12-07 09:25:59,775 - INFO - [The Hindu] Success with 'selenium_browser'. Found content (454 words).
2025-12-07 09:26:11,047 - INFO - Saved article: Saudi new 5-year Resident ID to cut 65 million office visits and boost digital services | World News - The Times of India from Times of India
2025-12-07 09:26:11,047 - INFO - Duplicate article skipped: Land acquisition delays hamper execution of railway projects in Tamil Nadu: Union Minister Vaishnaw - The Hindu from The Hindu
2025-12-07 09:26:11,698 - INFO - [The Hindu] Article: https://www.thehindu.com/news/cities/Hyderabad/childhood-friend-grieves-hyderabad-student-who-died-in-us-fire/article70368254.ece
2025-12-07 09:26:11,698 - INFO - [The Hindu] Attempt 1/1: Trying with 'selenium_browser' strategy...
2025-12-07 09:26:12,299 - INFO - [Times of India] Article: https://timesofindia.indiatimes.com/world/middle-east/saudi-citizens-warned-as-deadly-marburg-virus-outbreak-hits-southern-ethiopia/articleshow/125813888.cms
2025-12-07 09:26:12,300 - INFO - [Times of India] Attempt 1/1: Trying with 'selenium_browser' strategy...
2025-12-07 09:26:12,639 - INFO - [The Hindu] Page content loaded.
2025-12-07 09:26:13,438 - INFO - [The Hindu] Success with 'selenium_browser'. Found content (740 words).
2025-12-07 09:26:13,518 - INFO - Duplicate article skipped: ‘We were going to speak on Christmas… now I’m left with regret’: childhood friend grieves Hyderabad student who died in U.S. fire - The Hindu from The Hindu
2025-12-07 09:26:13,956 - INFO - [Times of India] Page content loaded.
2025-12-07 09:26:14,086 - INFO - [Times of India] Success with 'selenium_browser'. Found content (347 words).
2025-12-07 09:26:14,168 - INFO - Duplicate article skipped: Saudi citizens warned as deadly Marburg Virus outbreak hits Southern Ethiopia | World News - The Times of India from Times of India
2025-12-07 09:26:14,798 - INFO - [The Hindu] Article: https://www.thehindu.com/news/national/pm-modi-to-initiate-debate-on-vande-mataram-in-lok-sabha-on-december-8/article70368248.ece
2025-12-07 09:26:14,798 - INFO - [The Hindu] Attempt 1/1: Trying with 'selenium_browser' strategy...
2025-12-07 09:26:14,846 - INFO - [Times of India] Article: https://timesofindia.indiatimes.com/world/middle-east/saudi-arabia-military-recruitment-2025-ministry-opens-roles-for-men-and-women-apply-by-dec-7/articleshow/125813701.cms
2025-12-07 09:26:14,846 - INFO - [Times of India] Attempt 1/1: Trying with 'selenium_browser' strategy...
2025-12-07 09:26:16,036 - INFO - [The Hindu] Page content loaded.
2025-12-07 09:26:16,115 - INFO - [The Hindu] Success with 'selenium_browser'. Found content (335 words).
2025-12-07 09:26:16,222 - INFO - Duplicate article skipped: PM Modi to initiate debate on Vande Mataram in Lok Sabha on December 8 - The Hindu from The Hindu
2025-12-07 09:26:16,746 - INFO - [Times of India] Page content loaded.
2025-12-07 09:26:16,775 - INFO - [The Hindu] Article: https://www.thehindu.com/news/cities/kolkata/bhagavad-gita-recital-kolkata-panch-lakkho-konthe-gita-path-brigade-parade-ground/article70368178.ece
2025-12-07 09:26:16,775 - INFO - [The Hindu] Attempt 1/1: Trying with 'selenium_browser' strategy...
2025-12-07 09:26:17,009 - INFO - [Times of India] Success with 'selenium_browser'. Found content (535 words).
2025-12-07 09:26:17,104 - INFO - Duplicate article skipped: Saudi Arabia Military recruitment 2025: Ministry opens roles for men and women — apply by dec 7 | World News - The Times of India from Times of India
2025-12-07 09:26:17,701 - INFO - [Times of India] Article: https://timesofindia.indiatimes.com/world/middle-east/uae-influencer-khalid-al-ameri-confirms-relationship-with-indian-actress-sunaina-yella-in-birthday-selfie/articleshow/125813317.cms
2025-12-07 09:26:17,701 - INFO - [Times of India] Attempt 1/1: Trying with 'selenium_browser' strategy...
2025-12-07 09:26:18,267 - INFO - [The Hindu] Page content loaded.
2025-12-07 09:26:18,328 - INFO - [The Hindu] Success with 'selenium_browser'. Found content (331 words).
2025-12-07 09:26:18,422 - INFO - Duplicate article skipped: Thousands of devotees from across Bengal, other States arrive in Kolkata for mega Gita recital - The Hindu from The Hindu
2025-12-07 09:26:18,979 - INFO - [The Hindu] Article: https://www.thehindu.com/news/national/kerala/kerala-local-body-polls-candidates-make-final-pitch-to-voters-as-open-campaigning-for-phase-1-draws-to-a-close-on-dec-7/article70368249.ece
2025-12-07 09:26:18,980 - INFO - [The Hindu] Attempt 1/1: Trying with 'selenium_browser' strategy...
2025-12-07 09:26:19,984 - INFO - [Times of India] Page content loaded.
2025-12-07 09:26:20,225 - INFO - [Times of India] Success with 'selenium_browser'. Found content (677 words).
2025-12-07 09:26:20,292 - INFO - Duplicate article skipped: UAE influencer Khalid Al Ameri confirms relationship with Indian actress Sunaina Yella in birthday selfie | World News - The Times of India from Times of India
2025-12-07 09:26:21,259 - INFO - [The Hindu] Page content loaded.
2025-12-07 09:26:21,341 - INFO - [The Hindu] Success with 'selenium_browser'. Found content (483 words).
2025-12-07 09:26:21,498 - INFO - Duplicate article skipped: Kerala local body polls: Candidates make final pitch to voters as open campaigning for Phase 1 draws to a close on Dec. 7 - The Hindu from The Hindu
2025-12-07 09:26:21,602 - INFO - [Times of India] Article: https://timesofindia.indiatimes.com/world/us/i-want-my-husband-home-green-card-holder-allan-dabrio-marrero-misses-mail-detained-by-ice/articleshow/125812459.cms
2025-12-07 09:26:21,602 - INFO - [Times of India] Attempt 1/1: Trying with 'selenium_browser' strategy...
2025-12-07 09:26:22,543 - INFO - [The Hindu] Article: https://www.thehindu.com/news/national/bihar/act-against-paper-leaks-illegal-mining-bihar-deputy-cm-samrat-choudhary/article70365679.ece
2025-12-07 09:26:22,544 - INFO - [The Hindu] Attempt 1/1: Trying with 'selenium_browser' strategy...
2025-12-07 09:26:22,565 - INFO - [Times of India] Page content loaded.
2025-12-07 09:26:22,909 - INFO - [Times of India] Success with 'selenium_browser'. Found content (533 words).
2025-12-07 09:26:22,995 - INFO - Duplicate article skipped: ‘I want my husband home’: Green card holder ​Allan Dabrio Marrero misses mail; detained by ICE - The Times of India from Times of India
2025-12-07 09:26:23,529 - INFO - [Times of India] Article: https://timesofindia.indiatimes.com/world/us-streamers/tim-pool-reports-shooting-at-his-house-as-podcast-stirs-storm-over-erika-kirk-divorce-and-charlie-kirk-gay-talk/articleshow/125810153.cms
2025-12-07 09:26:23,529 - INFO - [Times of India] Attempt 1/1: Trying with 'selenium_browser' strategy...
2025-12-07 09:26:24,560 - INFO - [The Hindu] Page content loaded.
2025-12-07 09:26:24,727 - INFO - [The Hindu] Success with 'selenium_browser'. Found content (169 words).
2025-12-07 09:26:24,890 - INFO - Duplicate article skipped: Act against paper leaks, illegal mining: Bihar Deputy CM Samrat Choudhary - The Hindu from The Hindu
2025-12-07 09:26:25,452 - INFO - [Times of India] Page content loaded.
2025-12-07 09:26:25,596 - INFO - [Times of India] Success with 'selenium_browser'. Found content (408 words).
2025-12-07 09:26:26,141 - INFO - [The Hindu] Article: https://www.thehindu.com/news/national/assam/protesters-vow-to-keep-tezpur-university-shut-until-formal-steps-taken-to-remove-v-c/article70368199.ece
2025-12-07 09:26:26,141 - INFO - [The Hindu] Attempt 1/1: Trying with 'selenium_browser' strategy...
2025-12-07 09:26:28,999 - INFO - [The Hindu] Page content loaded.
2025-12-07 09:26:29,235 - INFO - [The Hindu] Success with 'selenium_browser'. Found content (860 words).
2025-12-07 09:26:39,749 - INFO - Saved article: Tim Pool reports shooting at his house as podcast stirs storm over Erika Kirk divorce and Charlie Kirk gay talk - The Times of India from Times of India
2025-12-07 09:26:39,749 - INFO - Duplicate article skipped: Protesters vow to keep Tezpur University shut until formal steps taken to remove V-C - The Hindu from The Hindu
2025-12-07 09:26:40,279 - INFO - [Times of India] Article: https://timesofindia.indiatimes.com/world/us-streamers/why-did-john-cena-warn-ishowspeed-against-switching-careers-even-after-praising-his-wwe-potential/articleshow/125812227.cms
2025-12-07 09:26:40,279 - INFO - [Times of India] Attempt 1/1: Trying with 'selenium_browser' strategy...
2025-12-07 09:26:40,708 - INFO - [The Hindu] Article: https://www.thehindu.com/news/national/goa/goa-nightclub-fire-magisterial-probe-ordered-fir-lodged-against-owner-gm/article70368168.ece
2025-12-07 09:26:40,708 - INFO - [The Hindu] Attempt 1/1: Trying with 'selenium_browser' strategy...
2025-12-07 09:26:41,725 - INFO - [The Hindu] Page content loaded.
2025-12-07 09:26:41,847 - INFO - [The Hindu] Success with 'selenium_browser'. Found content (253 words).
2025-12-07 09:26:42,542 - INFO - Duplicate article skipped: Goa nightclub fire: Magisterial probe ordered; FIR lodged against owner, GM - The Hindu from The Hindu
2025-12-07 09:26:42,727 - INFO - [Times of India] Page content loaded.
2025-12-07 09:26:42,875 - INFO - [Times of India] Success with 'selenium_browser'. Found content (388 words).
2025-12-07 09:26:43,943 - INFO - [The Hindu] (Thread) Finished. Attempting to shut down its Selenium driver.
2025-12-07 09:26:44,419 - INFO - [The Hindu] (Thread) driver.quit() successful.
2025-12-07 09:26:55,809 - INFO - Saved article: Why did John Cena warn IShowSpeed against switching careers even after praising his WWE potential? - The Times of India from Times of India
2025-12-07 09:26:56,670 - INFO - [Times of India] (Thread) Finished. Attempting to shut down its Selenium driver.
2025-12-07 09:26:56,947 - INFO - [Times of India] (Thread) driver.quit() successful.
2025-12-07 09:26:56,947 - INFO - Shutting down thread pool (wait=False)...
2025-12-07 09:26:56,947 - INFO - Scraped: 0 The Hindu, 1 The Guardian, 4 Times of India, 3 BBC articles. (Total saved: 8)
2025-12-07 09:26:56,949 - INFO - --- Scraping job finished ---
2025-12-07 09:26:56,969 - INFO - --- Scraper service stopped and database connection closed. ---
2025-12-07 09:26:56,970 - INFO - --- Main thread finished. Forcing process exit to kill zombie threads. ---
