2026-05-13 23:08:23,719 - INFO - Loading AI Semantic Model (all-MiniLM-L6-v2)...
2026-05-13 23:08:23,720 - INFO - No device provided, using cpu
2026-05-13 23:08:23,834 - INFO - HTTP Request: HEAD https://huggingface.co/sentence-transformers/all-MiniLM-L6-v2/resolve/main/modules.json "HTTP/1.1 307 Temporary Redirect"
2026-05-13 23:08:23,834 - WARNING - Warning: You are sending unauthenticated requests to the HF Hub. Please set a HF_TOKEN to enable higher rate limits and faster downloads.
2026-05-13 23:08:23,839 - INFO - HTTP Request: HEAD https://huggingface.co/api/resolve-cache/models/sentence-transformers/all-MiniLM-L6-v2/c9745ed1d9f207416be6d2e6f8de32d1f16199bf/modules.json "HTTP/1.1 200 OK"
2026-05-13 23:08:23,913 - INFO - HTTP Request: HEAD https://huggingface.co/sentence-transformers/all-MiniLM-L6-v2/resolve/main/config_sentence_transformers.json "HTTP/1.1 307 Temporary Redirect"
2026-05-13 23:08:23,919 - INFO - HTTP Request: HEAD https://huggingface.co/api/resolve-cache/models/sentence-transformers/all-MiniLM-L6-v2/c9745ed1d9f207416be6d2e6f8de32d1f16199bf/config_sentence_transformers.json "HTTP/1.1 200 OK"
2026-05-13 23:08:23,919 - INFO - Loading SentenceTransformer model from sentence-transformers/all-MiniLM-L6-v2.
2026-05-13 23:08:23,995 - INFO - HTTP Request: HEAD https://huggingface.co/sentence-transformers/all-MiniLM-L6-v2/resolve/main/config_sentence_transformers.json "HTTP/1.1 307 Temporary Redirect"
2026-05-13 23:08:23,999 - INFO - HTTP Request: HEAD https://huggingface.co/api/resolve-cache/models/sentence-transformers/all-MiniLM-L6-v2/c9745ed1d9f207416be6d2e6f8de32d1f16199bf/config_sentence_transformers.json "HTTP/1.1 200 OK"
2026-05-13 23:08:24,072 - INFO - HTTP Request: HEAD https://huggingface.co/sentence-transformers/all-MiniLM-L6-v2/resolve/main/README.md "HTTP/1.1 307 Temporary Redirect"
2026-05-13 23:08:24,077 - INFO - HTTP Request: HEAD https://huggingface.co/api/resolve-cache/models/sentence-transformers/all-MiniLM-L6-v2/c9745ed1d9f207416be6d2e6f8de32d1f16199bf/README.md "HTTP/1.1 200 OK"
2026-05-13 23:08:24,152 - INFO - HTTP Request: HEAD https://huggingface.co/sentence-transformers/all-MiniLM-L6-v2/resolve/main/modules.json "HTTP/1.1 307 Temporary Redirect"
2026-05-13 23:08:24,156 - INFO - HTTP Request: HEAD https://huggingface.co/api/resolve-cache/models/sentence-transformers/all-MiniLM-L6-v2/c9745ed1d9f207416be6d2e6f8de32d1f16199bf/modules.json "HTTP/1.1 200 OK"
2026-05-13 23:08:24,233 - INFO - HTTP Request: HEAD https://huggingface.co/sentence-transformers/all-MiniLM-L6-v2/resolve/main/sentence_bert_config.json "HTTP/1.1 307 Temporary Redirect"
2026-05-13 23:08:24,238 - INFO - HTTP Request: HEAD https://huggingface.co/api/resolve-cache/models/sentence-transformers/all-MiniLM-L6-v2/c9745ed1d9f207416be6d2e6f8de32d1f16199bf/sentence_bert_config.json "HTTP/1.1 200 OK"
2026-05-13 23:08:24,315 - INFO - HTTP Request: HEAD https://huggingface.co/sentence-transformers/all-MiniLM-L6-v2/resolve/main/adapter_config.json "HTTP/1.1 404 Not Found"
2026-05-13 23:08:24,389 - INFO - HTTP Request: HEAD https://huggingface.co/sentence-transformers/all-MiniLM-L6-v2/resolve/main/config.json "HTTP/1.1 307 Temporary Redirect"
2026-05-13 23:08:24,394 - INFO - HTTP Request: HEAD https://huggingface.co/api/resolve-cache/models/sentence-transformers/all-MiniLM-L6-v2/c9745ed1d9f207416be6d2e6f8de32d1f16199bf/config.json "HTTP/1.1 200 OK"
2026-05-13 23:08:24,600 - INFO - HTTP Request: HEAD https://huggingface.co/sentence-transformers/all-MiniLM-L6-v2/resolve/main/processor_config.json "HTTP/1.1 404 Not Found"
2026-05-13 23:08:24,678 - INFO - HTTP Request: HEAD https://huggingface.co/sentence-transformers/all-MiniLM-L6-v2/resolve/main/preprocessor_config.json "HTTP/1.1 404 Not Found"
2026-05-13 23:08:24,754 - INFO - HTTP Request: HEAD https://huggingface.co/sentence-transformers/all-MiniLM-L6-v2/resolve/main/video_preprocessor_config.json "HTTP/1.1 404 Not Found"
2026-05-13 23:08:24,830 - INFO - HTTP Request: HEAD https://huggingface.co/sentence-transformers/all-MiniLM-L6-v2/resolve/main/preprocessor_config.json "HTTP/1.1 404 Not Found"
2026-05-13 23:08:24,910 - INFO - HTTP Request: HEAD https://huggingface.co/sentence-transformers/all-MiniLM-L6-v2/resolve/main/tokenizer_config.json "HTTP/1.1 307 Temporary Redirect"
2026-05-13 23:08:24,915 - INFO - HTTP Request: HEAD https://huggingface.co/api/resolve-cache/models/sentence-transformers/all-MiniLM-L6-v2/c9745ed1d9f207416be6d2e6f8de32d1f16199bf/tokenizer_config.json "HTTP/1.1 200 OK"
2026-05-13 23:08:24,989 - INFO - HTTP Request: HEAD https://huggingface.co/sentence-transformers/all-MiniLM-L6-v2/resolve/main/config.json "HTTP/1.1 307 Temporary Redirect"
2026-05-13 23:08:24,994 - INFO - HTTP Request: HEAD https://huggingface.co/api/resolve-cache/models/sentence-transformers/all-MiniLM-L6-v2/c9745ed1d9f207416be6d2e6f8de32d1f16199bf/config.json "HTTP/1.1 200 OK"
2026-05-13 23:08:25,067 - INFO - HTTP Request: HEAD https://huggingface.co/sentence-transformers/all-MiniLM-L6-v2/resolve/main/config.json "HTTP/1.1 307 Temporary Redirect"
2026-05-13 23:08:25,072 - INFO - HTTP Request: HEAD https://huggingface.co/api/resolve-cache/models/sentence-transformers/all-MiniLM-L6-v2/c9745ed1d9f207416be6d2e6f8de32d1f16199bf/config.json "HTTP/1.1 200 OK"
2026-05-13 23:08:25,147 - INFO - HTTP Request: HEAD https://huggingface.co/sentence-transformers/all-MiniLM-L6-v2/resolve/main/tokenizer_config.json "HTTP/1.1 307 Temporary Redirect"
2026-05-13 23:08:25,152 - INFO - HTTP Request: HEAD https://huggingface.co/api/resolve-cache/models/sentence-transformers/all-MiniLM-L6-v2/c9745ed1d9f207416be6d2e6f8de32d1f16199bf/tokenizer_config.json "HTTP/1.1 200 OK"
2026-05-13 23:08:25,231 - INFO - HTTP Request: GET https://huggingface.co/api/models/sentence-transformers/all-MiniLM-L6-v2/tree/main/additional_chat_templates?recursive=false&expand=false "HTTP/1.1 404 Not Found"
2026-05-13 23:08:25,310 - INFO - HTTP Request: GET https://huggingface.co/api/models/sentence-transformers/all-MiniLM-L6-v2/tree/main?recursive=true&expand=false "HTTP/1.1 200 OK"
2026-05-13 23:08:25,420 - INFO - HTTP Request: HEAD https://huggingface.co/sentence-transformers/all-MiniLM-L6-v2/resolve/main/1_Pooling/config.json "HTTP/1.1 307 Temporary Redirect"
2026-05-13 23:08:25,425 - INFO - HTTP Request: HEAD https://huggingface.co/api/resolve-cache/models/sentence-transformers/all-MiniLM-L6-v2/c9745ed1d9f207416be6d2e6f8de32d1f16199bf/1_Pooling%2Fconfig.json "HTTP/1.1 200 OK"
2026-05-13 23:08:25,504 - INFO - HTTP Request: GET https://huggingface.co/api/models/sentence-transformers/all-MiniLM-L6-v2 "HTTP/1.1 200 OK"
2026-05-13 23:08:25,507 - INFO - AI Model loaded successfully.
2026-05-13 23:08:25,507 - INFO - --- Scraper service started (CI Mode: Run Once) ---
2026-05-13 23:08:25,508 - INFO - --- Starting new scraping job (Parallel Mode) ---
2026-05-13 23:08:25,508 - INFO - Connecting to Google Sheets...
2026-05-13 23:08:26,899 - INFO - Connected to Sheet: News Scrapper AI / Sheet1
2026-05-13 23:08:26,899 - INFO - Fetching existing data to build cache...
2026-05-13 23:08:49,052 - INFO - Loaded 58813 rows from sheet.
2026-05-13 23:08:50,087 - INFO - Cache built: 58813 URLs. Current MAX_ID: 58915
2026-05-13 23:08:50,095 - INFO - Creating new robust session with 3 retries on 5xx/connection/read errors.
2026-05-13 23:08:50,095 - INFO - Proxy is DISABLED.
2026-05-13 23:08:50,096 - INFO - Starting scrape for BBC RSS feed: http://feeds.bbci.co.uk/news/world/rss.xml
2026-05-13 23:08:50,097 - INFO - [Times of India] (Thread) requires Selenium. Initializing driver...
2026-05-13 23:08:50,097 - INFO - Starting scrape for The Guardian RSS feed: https://www.theguardian.com/world/rss
2026-05-13 23:08:50,098 - INFO - [The Hindu] (Thread) requires Selenium. Initializing driver...
2026-05-13 23:08:50,099 - INFO - [The Dawn] (Thread) requires Selenium. Initializing driver...
2026-05-13 23:08:50,099 - INFO - [Al Jazeera] (Thread) requires Selenium. Initializing driver...
2026-05-13 23:08:50,100 - INFO - Starting scrape for TechCrunch RSS feed: https://techcrunch.com/feed/
2026-05-13 23:08:50,101 - INFO - [Economic Times] (Thread) requires Selenium. Initializing driver...
2026-05-13 23:08:50,101 - INFO - Submitted 8 jobs to thread pool. Waiting up to 420s for completion...
2026-05-13 23:08:50,272 - INFO - Found 0 articles in TechCrunch RSS feed. Processing until 30 new articles are saved.
2026-05-13 23:08:50,312 - INFO - Found 43 articles in BBC RSS feed. Processing until 30 new articles are saved.
2026-05-13 23:08:50,312 - INFO - [BBC] Early skip: URL https://www.bbc.com/news/articles/c1w28qw1e0xo?at_medium=RSS&at_campaign=rss already exists.
2026-05-13 23:08:50,313 - INFO - [BBC] Early skip: URL https://www.bbc.com/news/articles/cedpvnq7wn1o?at_medium=RSS&at_campaign=rss already exists.
2026-05-13 23:08:50,315 - INFO - [BBC] Early skip: URL https://www.bbc.com/news/articles/c1j2n008k5lo?at_medium=RSS&at_campaign=rss already exists.
2026-05-13 23:08:50,316 - INFO - [BBC] Early skip: URL https://www.bbc.com/news/articles/cx21p7k70reo?at_medium=RSS&at_campaign=rss already exists.
2026-05-13 23:08:50,317 - INFO - [BBC] Early skip: URL https://www.bbc.com/news/articles/cyv2n7l1z14o?at_medium=RSS&at_campaign=rss already exists.
2026-05-13 23:08:50,319 - INFO - [BBC] Early skip: URL https://www.bbc.com/news/articles/cnvp730yd52o?at_medium=RSS&at_campaign=rss already exists.
2026-05-13 23:08:50,320 - INFO - [BBC] Early skip: URL https://www.bbc.com/news/articles/c1k2zekj8y9o?at_medium=RSS&at_campaign=rss already exists.
2026-05-13 23:08:50,321 - INFO - [BBC] Early skip: URL https://www.bbc.com/news/articles/clypr378l2wo?at_medium=RSS&at_campaign=rss already exists.
2026-05-13 23:08:50,323 - INFO - [BBC] Early skip: URL https://www.bbc.com/news/articles/ce3pj85depzo?at_medium=RSS&at_campaign=rss already exists.
2026-05-13 23:08:50,327 - INFO - [BBC] Early skip: URL https://www.bbc.com/news/articles/crmp428zylko?at_medium=RSS&at_campaign=rss already exists.
2026-05-13 23:08:50,333 - INFO - [BBC] Early skip: URL https://www.bbc.com/news/articles/cn5pe4yel1ko?at_medium=RSS&at_campaign=rss already exists.
2026-05-13 23:08:50,335 - INFO - [BBC] Early skip: URL https://www.bbc.com/news/articles/c3w2np14g92o?at_medium=RSS&at_campaign=rss already exists.
2026-05-13 23:08:50,336 - INFO - [BBC] Early skip: URL https://www.bbc.com/news/articles/c74d1j2ew0yo?at_medium=RSS&at_campaign=rss already exists.
2026-05-13 23:08:50,339 - INFO - [BBC] Early skip: URL https://www.bbc.com/news/articles/cwy2011dl4xo?at_medium=RSS&at_campaign=rss already exists.
2026-05-13 23:08:50,347 - INFO - [BBC] Early skip: URL https://www.bbc.com/news/articles/cedpv17gqqzo?at_medium=RSS&at_campaign=rss already exists.
2026-05-13 23:08:50,351 - INFO - [BBC] Early skip: URL https://www.bbc.com/news/articles/c775vvz0kydo?at_medium=RSS&at_campaign=rss already exists.
2026-05-13 23:08:50,354 - INFO - [BBC] Early skip: URL https://www.bbc.com/news/articles/clyp8rdldk1o?at_medium=RSS&at_campaign=rss already exists.
2026-05-13 23:08:50,357 - INFO - [BBC] Early skip: URL https://www.bbc.com/news/articles/cqxp27j1xyjo?at_medium=RSS&at_campaign=rss already exists.
2026-05-13 23:08:50,367 - INFO - [BBC] Early skip: URL https://www.bbc.com/news/articles/cx21j3xl72zo?at_medium=RSS&at_campaign=rss already exists.
2026-05-13 23:08:50,368 - INFO - [BBC] Early skip: URL https://www.bbc.com/news/articles/c4g48kj40lwo?at_medium=RSS&at_campaign=rss already exists.
2026-05-13 23:08:50,370 - INFO - [BBC] Early skip: URL https://www.bbc.com/news/articles/cx213vnvxvwo?at_medium=RSS&at_campaign=rss already exists.
2026-05-13 23:08:50,372 - INFO - [BBC] Early skip: URL https://www.bbc.com/news/articles/cqjpqynj1nlo?at_medium=RSS&at_campaign=rss already exists.
2026-05-13 23:08:50,378 - INFO - [BBC] Early skip: URL https://www.bbc.com/news/articles/cm2py6l78dxo?at_medium=RSS&at_campaign=rss already exists.
2026-05-13 23:08:50,379 - INFO - [BBC] Early skip: URL https://www.bbc.com/news/articles/cd7p88j84j3o?at_medium=RSS&at_campaign=rss already exists.
2026-05-13 23:08:50,380 - INFO - [BBC] Early skip: URL https://www.bbc.com/news/articles/ce8p7vngmp3o?at_medium=RSS&at_campaign=rss already exists.
2026-05-13 23:08:50,382 - INFO - [BBC] Early skip: URL https://www.bbc.com/news/articles/cz623qjqjd6o?at_medium=RSS&at_campaign=rss already exists.
2026-05-13 23:08:50,383 - INFO - [BBC] Early skip: URL https://www.bbc.com/news/articles/cn0pwy944pwo?at_medium=RSS&at_campaign=rss already exists.
2026-05-13 23:08:50,384 - INFO - [BBC] Early skip: URL https://www.bbc.com/news/articles/c3rz75rgn8zo?at_medium=RSS&at_campaign=rss already exists.
2026-05-13 23:08:50,386 - INFO - [BBC] Early skip: URL https://www.bbc.com/news/articles/cgkpgm6vk48o?at_medium=RSS&at_campaign=rss already exists.
2026-05-13 23:08:50,387 - INFO - [BBC] Early skip: URL https://www.bbc.com/news/articles/cx21ej471g2o?at_medium=RSS&at_campaign=rss already exists.
2026-05-13 23:08:50,388 - INFO - [BBC] Early skip: URL https://www.bbc.com/news/articles/c99l17m2ep9o?at_medium=RSS&at_campaign=rss already exists.
2026-05-13 23:08:50,389 - INFO - [BBC] Early skip: URL https://www.bbc.com/news/articles/crrpd1pvgkzo?at_medium=RSS&at_campaign=rss already exists.
2026-05-13 23:08:50,391 - INFO - [BBC] Early skip: URL https://www.bbc.com/news/articles/cj9pem481rwo?at_medium=RSS&at_campaign=rss already exists.
2026-05-13 23:08:50,392 - INFO - [BBC] Early skip: URL https://www.bbc.com/news/articles/cqxp4959nwro?at_medium=RSS&at_campaign=rss already exists.
2026-05-13 23:08:50,393 - INFO - [BBC] Early skip: URL https://www.bbc.com/weather/articles/ce9p8m9xz13o?at_medium=RSS&at_campaign=rss already exists.
2026-05-13 23:08:50,395 - INFO - [BBC] Early skip: URL https://www.bbc.com/news/articles/cre13zeql51o?at_medium=RSS&at_campaign=rss already exists.
2026-05-13 23:08:50,396 - INFO - [BBC] Early skip: URL https://www.bbc.com/news/articles/cedplx04ew0o?at_medium=RSS&at_campaign=rss already exists.
2026-05-13 23:08:50,397 - INFO - [BBC] Early skip: URL https://www.bbc.com/news/videos/cp8pm97yde3o?at_medium=RSS&at_campaign=rss already exists.
2026-05-13 23:08:50,399 - INFO - Found 45 articles in The Guardian RSS feed. Processing until 30 new articles are saved.
2026-05-13 23:08:50,399 - INFO - [BBC] Early skip: URL https://www.bbc.com/news/videos/czx2wd20evyo?at_medium=RSS&at_campaign=rss already exists.
2026-05-13 23:08:50,400 - INFO - [The Guardian] Early skip: URL https://www.theguardian.com/world/2026/may/13/concern-gabon-social-media-clampdown-human-rights already exists.
2026-05-13 23:08:50,401 - INFO - [BBC] Early skip: URL https://www.bbc.com/news/videos/cgqp3xq7959o?at_medium=RSS&at_campaign=rss already exists.
2026-05-13 23:08:50,401 - INFO - [The Guardian] Early skip: URL https://www.theguardian.com/world/2026/may/12/internal-displacements-violence-conflict-record-high-2025 already exists.
2026-05-13 23:08:50,402 - INFO - [BBC] Early skip: URL https://www.bbc.com/news/videos/clypw107dqzo?at_medium=RSS&at_campaign=rss already exists.
2026-05-13 23:08:50,402 - INFO - [The Guardian] Early skip: URL https://www.theguardian.com/world/2026/may/12/gaborone-gold-rush-botswana-sprinting-athletics already exists.
2026-05-13 23:08:50,405 - INFO - [BBC] Article: https://www.bbc.com/news/videos/c2429dq0j4mo?at_medium=RSS&at_campaign=rss
2026-05-13 23:08:50,406 - INFO - [BBC] Attempt 1/1: Trying with 'requests_browser' strategy...
2026-05-13 23:08:50,407 - INFO - [The Guardian] Early skip: URL https://www.theguardian.com/environment/2026/may/11/weather-tracker-us-mexico-heatwave-floods-south-africa already exists.
2026-05-13 23:08:50,409 - INFO - [The Guardian] Early skip: URL https://www.theguardian.com/us-news/2026/may/10/missing-soldier-body-recovered-morocco already exists.
2026-05-13 23:08:50,410 - INFO - [The Guardian] Early skip: URL https://www.theguardian.com/world/2026/may/13/cartel-corruption-claims-push-us-mexico-relations-to-breaking-point already exists.
2026-05-13 23:08:50,411 - INFO - [The Guardian] Early skip: URL https://www.theguardian.com/tv-and-radio/2026/may/13/les-simpson-quebecois-show-returns already exists.
2026-05-13 23:08:50,412 - INFO - [The Guardian] Early skip: URL https://www.theguardian.com/us-news/2026/may/13/man-arrested-rock-singer-death-1993 already exists.
2026-05-13 23:08:50,414 - INFO - [The Guardian] Early skip: URL https://www.theguardian.com/us-news/2026/may/13/trump-cuba-takeover-guantanamo-bay-migrants already exists.
2026-05-13 23:08:50,416 - INFO - [The Guardian] Early skip: URL https://www.theguardian.com/world/2026/may/13/the-bahamas-reelects-progressive-liberal-party-philip-davis-as-prime-minister already exists.
2026-05-13 23:08:50,417 - INFO - [The Guardian] Early skip: URL https://www.theguardian.com/world/2026/may/13/china-court-awards-compensation-sacked-worker-replaced-by-ai already exists.
2026-05-13 23:08:50,418 - INFO - [The Guardian] Early skip: URL https://www.theguardian.com/world/2026/may/13/gunshots-philippines-senate-senator-ronald-dela-rosa already exists.
2026-05-13 23:08:50,423 - INFO - [The Guardian] Early skip: URL https://www.theguardian.com/world/2026/may/13/trump-visit-beijing-china-scepticism-security already exists.
2026-05-13 23:08:50,430 - INFO - [The Guardian] Early skip: URL https://www.theguardian.com/world/2026/may/13/1mdb-financier-jho-low-seeks-pardon-from-donald-trump already exists.
2026-05-13 23:08:50,432 - INFO - [The Guardian] Early skip: URL https://www.theguardian.com/technology/2026/may/13/nvidia-jensen-huang-joins-trump-as-tech-dominates-china-trip already exists.
2026-05-13 23:08:50,433 - INFO - [The Guardian] Early skip: URL https://www.theguardian.com/australia-news/live/2026/may/14/budget-reply-angus-taylor-anthony-albanese-jim-chalmers-tax-reform-property-investment-negative-gearing-capital-gains-housing-ntwnfb already exists.
2026-05-13 23:08:50,434 - INFO - [The Guardian] Early skip: URL https://www.theguardian.com/news/2026/may/14/palestinian-peak-body-refused-leave-appear-at-royal-commission-antisemitism-social-cohesion-ntwnfb already exists.
2026-05-13 23:08:50,439 - INFO - [The Guardian] Early skip: URL https://www.theguardian.com/australia-news/2026/may/14/man-dies-long-bay-sydney-prison-watchdog-wanted-shut already exists.
2026-05-13 23:08:50,444 - INFO - [The Guardian] Early skip: URL https://www.theguardian.com/australia-news/2026/may/14/has-labor-killed-rentvesting-housing-australia-capital-gains-tax-negative-gearing-reform already exists.
2026-05-13 23:08:50,447 - INFO - [The Guardian] Early skip: URL https://www.theguardian.com/australia-news/2026/may/13/why-budget-rhetoric-wont-match-reality-for-many-younger-australians already exists.
2026-05-13 23:08:50,448 - INFO - [The Guardian] Early skip: URL https://www.theguardian.com/food/2026/may/13/milka-maker-milked-shoppers-over-size-of-chocolate-bars-german-court-rules already exists.
2026-05-13 23:08:50,450 - INFO - [The Guardian] Early skip: URL https://www.theguardian.com/politics/2026/may/13/eu-proposal-cross-border-europe-train-bookings already exists.
2026-05-13 23:08:50,451 - INFO - [The Guardian] Early skip: URL https://www.theguardian.com/world/live/2026/may/13/ukraine-russia-war-sergei-lavrov-mark-rutte-bucharest-europe-latest-news-updates already exists.
2026-05-13 23:08:50,454 - INFO - [The Guardian] Early skip: URL https://www.theguardian.com/world/2026/may/13/magnus-walrus-scotland-norway already exists.
2026-05-13 23:08:50,457 - INFO - [The Guardian] Early skip: URL https://www.theguardian.com/world/2026/may/13/russia-targets-ukraine-with-more-than-200-drones-in-daytime-assault already exists.
2026-05-13 23:08:50,459 - INFO - [The Guardian] Article: https://www.theguardian.com/world/2026/may/13/israels-ruling-coalition-proposes-early-elections-amid-ultra-orthodox-anger-at-netanyahu
2026-05-13 23:08:50,459 - INFO - [The Guardian] Attempt 1/1: Trying with 'requests_browser' strategy...
2026-05-13 23:08:50,602 - INFO - [The Guardian] Success with 'requests_browser'. Found content (616 words).
2026-05-13 23:08:51,041 - WARNING - [BBC] FAILED with 'requests_browser' (content was too short: 53 words).
2026-05-13 23:08:51,042 - ERROR - [BBC] All scrape strategies failed for https://www.bbc.com/news/videos/c2429dq0j4mo?at_medium=RSS&at_campaign=rss. Falling back to RSS description.
2026-05-13 23:08:51,042 - WARNING - SKIPPED (GLOBAL WORD LIMIT): Article 'BBC speaks with civilians inside Iran struggling with impact of war' from BBC has only 24 words (Min: 90).
2026-05-13 23:08:51,286 - INFO - Selenium driver initialized successfully (Eager load strategy, 7s timeout).
2026-05-13 23:08:51,286 - INFO - Starting scrape for Times of India RSS feed: https://timesofindia.indiatimes.com/rssfeeds/296589292.cms
2026-05-13 23:08:51,383 - INFO - Selenium driver initialized successfully (Eager load strategy, 7s timeout).
2026-05-13 23:08:51,383 - INFO - Starting scrape for Economic Times RSS feed: https://economictimes.indiatimes.com/rssfeedsdefault.cms
2026-05-13 23:08:51,397 - INFO - Selenium driver initialized successfully (Eager load strategy, 7s timeout).
2026-05-13 23:08:51,397 - INFO - Starting scrape for The Dawn RSS feed: https://www.dawn.com/feeds/home
2026-05-13 23:08:51,402 - INFO - Selenium driver initialized successfully (Eager load strategy, 7s timeout).
2026-05-13 23:08:51,402 - INFO - Starting scrape for Al Jazeera RSS feed: https://www.aljazeera.com/xml/rss/all.xml
2026-05-13 23:08:51,461 - INFO - Selenium driver initialized successfully (Eager load strategy, 7s timeout).
2026-05-13 23:08:51,461 - INFO - Starting scrape for The Hindu RSS feed: https://www.thehindu.com/news/national/feeder/default.rss
2026-05-13 23:08:51,521 - INFO - Found 20 articles in Times of India RSS feed. Processing until 30 new articles are saved.
2026-05-13 23:08:51,522 - INFO - [Times of India] Article: https://timesofindia.indiatimes.com/world/rest-of-world/by-day-a-priest-by-night-a-wrestler-meet-the-mexican-hero-who-raised-money-for-an-orphanage-by-fighting-in-wrestling-rings/articleshow/131077904.cms
2026-05-13 23:08:51,522 - INFO - [Times of India] Attempt 1/1: Trying with 'selenium_browser' strategy...
2026-05-13 23:08:51,607 - INFO - Found 25 articles in Al Jazeera RSS feed. Processing until 30 new articles are saved.
2026-05-13 23:08:51,608 - INFO - [Al Jazeera] Article: https://www.aljazeera.com/sports/2026/5/13/man-city-beat-palace-to-close-the-gap-to-arsenal-to-two-with-two-to-play?traffic_source=rss
2026-05-13 23:08:51,608 - INFO - [Al Jazeera] Attempt 1/2: Trying with 'requests_browser' strategy...
2026-05-13 23:08:51,647 - INFO - Found 27 articles in The Dawn RSS feed. Processing until 30 new articles are saved.
2026-05-13 23:08:51,647 - INFO - [The Dawn] Early skip: URL https://www.dawn.com/news/1999982/major-among-five-soldiers-martyred-during-operation-in-balochistans-barkhan-ispr already exists.
2026-05-13 23:08:51,649 - INFO - [The Dawn] Early skip: URL https://www.dawn.com/news/1999895/trump-arrives-in-beijing-for-high-stakes-meeting-with-chinese-president-xi already exists.
2026-05-13 23:08:51,650 - INFO - [The Dawn] Early skip: URL https://www.dawn.com/news/1999979/pti-defends-mna-iqbal-afridis-son-over-asylum-move-assails-govts-oppression already exists.
2026-05-13 23:08:51,651 - INFO - [The Dawn] Early skip: URL https://www.dawn.com/news/1999971/ihc0513 already exists.
2026-05-13 23:08:51,653 - INFO - [The Dawn] Early skip: URL https://www.dawn.com/news/1999980/no-indication-andes-strain-of-hantavirus-has-mutated-eu-agency already exists.
2026-05-13 23:08:51,654 - INFO - [The Dawn] Early skip: URL https://www.dawn.com/news/1999962/cambridge-confirms-leak-of-as-level-mathematics-paper-postpones-upcoming-exam-as-precautionary-step already exists.
2026-05-13 23:08:51,655 - INFO - [The Dawn] Early skip: URL https://www.dawn.com/news/1999931/pm-shehbaz-to-undertake-official-three-day-china-visit-dpm-dar already exists.
2026-05-13 23:08:51,656 - INFO - [The Dawn] Early skip: URL https://www.dawn.com/news/1999930/flydubai-suspends-flights-to-islamabad-lahore-peshawar-till-oct-due-to-operational-issues already exists.
2026-05-13 23:08:51,658 - INFO - [The Dawn] Early skip: URL https://www.dawn.com/news/1999927/punjab-cm-office-denies-rti-requests-seeking-details-of-maryams-tours-and-vehicles-luxury-jet-acquired-by-govt already exists.
2026-05-13 23:08:51,659 - INFO - [The Dawn] Early skip: URL https://www.dawn.com/news/1999970/pakistan-who-launch-prime-ministers-hepatitis-c-elimination-programme already exists.
2026-05-13 23:08:51,660 - INFO - [The Dawn] Early skip: URL https://www.dawn.com/news/1999950/heavy-rain-hailstorm-lash-lahore-inundating-low-lying-areas already exists.
2026-05-13 23:08:51,662 - INFO - [The Dawn] Early skip: URL https://www.dawn.com/news/1999965/reform-uk-talking-to-watchdog-over-7-million-gift-to-leader-farage already exists.
2026-05-13 23:08:51,663 - INFO - [The Dawn] Early skip: URL https://www.dawn.com/news/1999951/ecp-warns-of-hearing-if-prerequisites-for-islamabad-local-govt-polls-not-met already exists.
2026-05-13 23:08:51,666 - INFO - Found 60 articles in The Hindu RSS feed. Processing until 30 new articles are saved.
2026-05-13 23:08:51,667 - INFO - [The Hindu] Article: https://www.thehindu.com/news/national/jammu-and-kashmir/kashmir-mla-boycotts-l-gs-drug-campaign-after-demolition-drive-in-his-constituency/article70975369.ece
2026-05-13 23:08:51,667 - INFO - [The Dawn] Early skip: URL https://www.dawn.com/news/1999933/modest-gains-in-gdp-per-capita-income-indicate-recovery-in-output-government-says already exists.
2026-05-13 23:08:51,667 - INFO - [The Hindu] Attempt 1/1: Trying with 'selenium_browser' strategy...
2026-05-13 23:08:51,668 - INFO - [The Dawn] Early skip: URL https://www.dawn.com/news/1999928/khawaja-asif-says-kp-now-on-same-page-as-centre-in-fight-against-terrorism already exists.
2026-05-13 23:08:51,669 - INFO - [The Dawn] Early skip: URL https://www.dawn.com/news/1999908/finance-minister-discusses-budget-preparations-with-visiting-imf-mission already exists.
2026-05-13 23:08:51,671 - INFO - [The Dawn] Early skip: URL https://www.dawn.com/news/1999911/indian-arrogance-shot-down-alongside-planes-during-last-years-military-conflict-tarar-says already exists.
2026-05-13 23:08:51,673 - INFO - [The Dawn] Early skip: URL https://www.dawn.com/news/1999906/karachi-police-get-3-day-physical-remand-of-alleged-cocaine-queenpin-anmol-alias-pinky already exists.
2026-05-13 23:08:51,674 - INFO - [The Dawn] Early skip: URL https://www.dawn.com/news/1999907/president-zardari-approves-sitara-i-shujaat-for-citizen-who-sacrified-his-life-while-averting-suicide-attack already exists.
2026-05-13 23:08:51,677 - INFO - [The Dawn] Early skip: URL https://www.dawn.com/news/1999914/putin-hails-russias-test-launch-of-new-sarmat-nuclear-missile-calls-it-most-powerful already exists.
2026-05-13 23:08:51,678 - INFO - [The Dawn] Early skip: URL https://www.dawn.com/news/1999909/naqvi-says-land-grabbing-mafia-illegal-constructions-to-be-completely-eradicated-from-islamabad already exists.
2026-05-13 23:08:51,680 - INFO - [The Dawn] Early skip: URL https://www.dawn.com/news/1999948/dont-mention-the-war-tucson-prepares-to-welcome-team-iran-for-world-cup already exists.
2026-05-13 23:08:51,682 - INFO - [The Dawn] Early skip: URL https://www.dawn.com/news/1999886/sbp-says-it-has-received-13bn-tranche-from-imf already exists.
2026-05-13 23:08:51,684 - INFO - [The Dawn] Early skip: URL https://www.dawn.com/news/1999923/modi-cuts-motorcade-size-to-save-fuel-amid-mounting-economic-pressure already exists.
2026-05-13 23:08:51,685 - INFO - [The Dawn] Early skip: URL https://www.dawn.com/news/1999898/us-to-impose-visa-curbs-on-13-people-linked-to-indian-firm-over-prescription-pills-laced-with-fentanyl already exists.
2026-05-13 23:08:51,686 - INFO - [The Dawn] Early skip: URL https://www.dawn.com/news/1999803/fuel-levy-yields-lowest-fiscal-deficit-in-nearly-three-decades already exists.
2026-05-13 23:08:51,688 - INFO - [The Dawn] Early skip: URL https://www.dawn.com/news/1999889/india-hikes-gold-silver-duties-to-protect-sliding-rupee already exists.
2026-05-13 23:08:51,689 - INFO - [The Dawn] (Thread) Finished. Attempting to shut down its Selenium driver.
2026-05-13 23:08:51,766 - INFO - [The Dawn] (Thread) driver.quit() successful.
2026-05-13 23:08:51,902 - INFO - Found 76 articles in Economic Times RSS feed. Processing until 30 new articles are saved.
2026-05-13 23:08:51,902 - INFO - [Economic Times] Early skip: URL https://economictimes.indiatimes.com/markets/us-stocks/news/us-stocks-today-sp-500-nasdaq-boosted-by-chips-to-record-closing-highs-hot-inflation-report-kills-rate-cut-hopes/articleshow/131076710.cms already exists.
2026-05-13 23:08:51,905 - INFO - [Economic Times] Early skip: URL https://economictimes.indiatimes.com/markets/stocks/news/a-short-squeeze-or-sentiment-rally-heres-why-sail-shares-surged-14-toda/articleshow/131063516.cms already exists.
2026-05-13 23:08:51,907 - INFO - [Economic Times] Early skip: URL https://economictimes.indiatimes.com/markets/stocks/earnings/pfc-q4-results-profit-rises-24-to-rs-6325-crore-as-interest-income-grows/articleshow/131060912.cms already exists.
2026-05-13 23:08:51,908 - INFO - [Economic Times] Early skip: URL https://economictimes.indiatimes.com/markets/stocks/news/manappuram-finance-iifl-finance-other-stocks-rally-up-to-11-as-gold-prices-soar-after-import-duty-hike/articleshow/131060298.cms already exists.
2026-05-13 23:08:51,923 - INFO - [Economic Times] Early skip: URL https://economictimes.indiatimes.com/markets/stocks/news/sbi-shares-extend-fall-to-20-from-peak-after-q4-nims-contraction-rattles-investors-whats-ahead-for-investors/articleshow/131055513.cms already exists.
2026-05-13 23:08:51,926 - INFO - [Economic Times] Early skip: URL https://economictimes.indiatimes.com/markets/forex/forex-news/rupee-sinks-past-95-73-per-us-dollar-to-hit-lifetime-low-as-persistent-outflows-wipe-comfort-from-gold-duty-hike/articleshow/131059422.cms already exists.
2026-05-13 23:08:51,927 - INFO - [Economic Times] Early skip: URL https://economictimes.indiatimes.com/news/economy/policy/rbi-draft-for-upper-layer-non-banks-affects-cics-disproportionately-raises-compliances-costs/articleshow/130394099.cms already exists.
2026-05-13 23:08:51,928 - INFO - [Economic Times] Early skip: URL https://economictimes.indiatimes.com/news/economy/foreign-trade/exporters-seek-removal-of-cap-on-interest-subvention/articleshow/130341339.cms already exists.
2026-05-13 23:08:51,933 - INFO - [Economic Times] Early skip: URL https://economictimes.indiatimes.com/news/economy/indicators/macro-buffers-to-help-india-tide-over-gulf-crisis-world-bank/articleshow/130152815.cms already exists.
2026-05-13 23:08:51,935 - INFO - [Economic Times] Early skip: URL https://economictimes.indiatimes.com/news/economy/policy/rbi-holds-repo-rate-flags-supply-chain-risks-to-inflation-growth/articleshow/130123373.cms already exists.
2026-05-13 23:08:51,936 - INFO - [Economic Times] Early skip: URL https://economictimes.indiatimes.com/news/economy/policy/rbi-may-keep-rates-unchanged-focus-on-rupee-stability-and-bond-yields/articleshow/130045979.cms already exists.
2026-05-13 23:08:51,938 - INFO - [Economic Times] Early skip: URL https://economictimes.indiatimes.com/news/economy/foreign-trade/japan-to-create-special-cell-to-push-fdi-into-india/articleshow/129933023.cms already exists.
2026-05-13 23:08:51,940 - INFO - [Economic Times] Early skip: URL https://economictimes.indiatimes.com/tech/technology/apple-faces-indian-engineers-bias-lawsuit/articleshow/81694292.cms already exists.
2026-05-13 23:08:51,941 - INFO - [Economic Times] Early skip: URL https://economictimes.indiatimes.com/news/defence/despite-transatlantic-love-fest-eu-charts-third-way-in-ties-with-us-and-china/articleshow/81467467.cms already exists.
2026-05-13 23:08:51,948 - INFO - [Economic Times] Early skip: URL https://economictimes.indiatimes.com/tech/tech-bytes/twitters-india-policy-head-to-step-down-will-transition-in-march/articleshow/80732868.cms already exists.
2026-05-13 23:08:51,951 - INFO - [Economic Times] Early skip: URL https://economictimes.indiatimes.com/tech/tech-and-gadgets/govt-may-keep-rs-7500-cr-outlay-for-it-hardware-manufacturing-under-pli-scheme/articleshow/80333429.cms already exists.
2026-05-13 23:08:51,952 - INFO - [Economic Times] Early skip: URL https://economictimes.indiatimes.com/tech/technology/indian-dating-apps-services-see-surge-of-paying-users-in-small-cities/articleshow/80063342.cms already exists.
2026-05-13 23:08:51,953 - INFO - [Economic Times] Early skip: URL https://economictimes.indiatimes.com/tech/technology/time-for-govt-cos-to-adopt-ai-deloitte-india/articleshow/79981215.cms already exists.
2026-05-13 23:08:51,955 - INFO - [Economic Times] Early skip: URL https://economictimes.indiatimes.com/news/international/world-news/chinas-marriages-drop-to-decade-low-deepening-demographic-concerns/articleshow/131010156.cms already exists.
2026-05-13 23:08:51,956 - INFO - [Economic Times] Early skip: URL https://economictimes.indiatimes.com/news/international/world-news/us-iran-no-closer-to-ending-war-as-qatari-tanker-sails-toward-strait-of-hormuz/articleshow/130998526.cms already exists.
2026-05-13 23:08:51,958 - INFO - [Al Jazeera] Success with 'requests_browser'. Found content (625 words).
2026-05-13 23:08:51,959 - INFO - [Economic Times] Early skip: URL https://economictimes.indiatimes.com/news/international/global-trends/u-s-employers-added-a-surprising-115000-jobs-last-month-despite-the-economic-shock-from-iran-war/articleshow/130960476.cms already exists.
2026-05-13 23:08:51,986 - INFO - [Economic Times] Early skip: URL https://economictimes.indiatimes.com/news/international/business/imf-warns-of-inevitable-ai-powered-threats-to-world/articleshow/130920591.cms already exists.
2026-05-13 23:08:51,997 - INFO - [Economic Times] Early skip: URL https://economictimes.indiatimes.com/news/international/business/diageo-springs-a-surprise-sales-climb-on-africa-latin-america/articleshow/130866925.cms already exists.
2026-05-13 23:08:51,999 - INFO - [Economic Times] Early skip: URL https://economictimes.indiatimes.com/news/international/world-news/hezbollah-pays-steep-price-in-battle-to-reverse-its-fortunes/articleshow/130731149.cms already exists.
2026-05-13 23:08:52,005 - INFO - [Economic Times] Early skip: URL https://economictimes.indiatimes.com/news/elections/assembly-elections/assam/done-deal-cm-himanta-biswa-sarma-on-nda-seat-sharing-for-assam-polls/articleshow/128678098.cms already exists.
2026-05-13 23:08:52,018 - INFO - [Economic Times] Early skip: URL https://economictimes.indiatimes.com/news/elections/assembly-elections/bihar/rare-intensive-revision-in-bihar-four-months-before-polls/articleshow/122167501.cms already exists.
2026-05-13 23:08:52,028 - INFO - [Economic Times] Early skip: URL https://economictimes.indiatimes.com/news/elections/assembly-elections/delhi/bjp-accuses-kejriwal-of-sending-voters-hoax-calls-to-mislead/articleshow/117579007.cms already exists.
2026-05-13 23:08:52,034 - INFO - [Economic Times] Early skip: URL https://economictimes.indiatimes.com/news/elections/lok-sabha/india/lok-sabha-election-2024-maharashtra-get-interesting-after-splits-in-shiv-sena-ncp/articleshow/108559788.cms already exists.
2026-05-13 23:08:52,041 - INFO - [Economic Times] Early skip: URL https://economictimes.indiatimes.com/news/elections/lok-sabha/india/modi-charisma-key-factor-in-bjps-bid-to-retain-all-26-seats-in-gujarat/articleshow/108550858.cms already exists.
2026-05-13 23:08:52,051 - INFO - [Economic Times] Early skip: URL https://economictimes.indiatimes.com/news/elections/lok-sabha/india/implementation-of-guarantees-decline-of-brs-favour-congress-in-telangana-bjp-aiming-for-better-show/articleshow/108548569.cms already exists.
2026-05-13 23:08:52,058 - INFO - [Economic Times] Early skip: URL https://economictimes.indiatimes.com/traders-bet-on-calendar-spread-as-nifty-moves-in-a-tight-range/articleshow/6302358.cms already exists.
2026-05-13 23:08:52,060 - INFO - [Economic Times] Early skip: URL https://economictimes.indiatimes.com/nifty-may-find-support-at-5300-level/articleshow/6296017.cms already exists.
2026-05-13 23:08:52,062 - INFO - [Economic Times] Early skip: URL https://economictimes.indiatimes.com/seven-out-of-top-10-asian-small-cap-funds-are-indian/articleshow/6295976.cms already exists.
2026-05-13 23:08:52,064 - INFO - [Economic Times] Early skip: URL https://economictimes.indiatimes.com/inflation-reflects-growth-dynamics-in-india-christopher-wood/articleshow/6274053.cms already exists.
2026-05-13 23:08:52,066 - INFO - [Economic Times] Early skip: URL https://economictimes.indiatimes.com/market-may-trade-in-a-range-but-fiis-seen-sold-on-india/articleshow/6277705.cms already exists.
2026-05-13 23:08:52,068 - INFO - [Economic Times] Early skip: URL https://economictimes.indiatimes.com/dont-bank-only-on-price-to-earning-ratio/articleshow/6278228.cms already exists.
2026-05-13 23:08:52,070 - INFO - [Economic Times] Early skip: URL https://economictimes.indiatimes.com/markets/stocks/recos/prabhudas-lilladher-has-a-reduce-rating-on-infosys/articleshow/3798718.cms already exists.
2026-05-13 23:08:52,072 - INFO - [Economic Times] Early skip: URL https://economictimes.indiatimes.com/markets/stocks/recos/fin-crisis-too-late-and-too-little-done-in-us/articleshow/3794549.cms already exists.
2026-05-13 23:08:52,073 - INFO - [Economic Times] Early skip: URL https://economictimes.indiatimes.com/markets/forex/weak-rupee-takes-its-toll-on-cos-with-huge-foreign-debt/articleshow/3546158.cms already exists.
2026-05-13 23:08:52,075 - INFO - [Economic Times] Early skip: URL https://economictimes.indiatimes.com/markets/stocks/recos/wait-for-more-signals-before-turning-positive/articleshow/3292640.cms already exists.
2026-05-13 23:08:52,077 - INFO - [Economic Times] Early skip: URL https://economictimes.indiatimes.com/news/company/corporate-trends/six-indian-cos-among-businessweeks-top-100-infotech-firms/articleshow/3189334.cms already exists.
2026-05-13 23:08:52,079 - INFO - [Economic Times] Early skip: URL https://economictimes.indiatimes.com/news/company/corporate-trends/indian-firms-slip-in-global-ranking-four-move-out-of-top-500/articleshow/3177077.cms already exists.
2026-05-13 23:08:52,080 - INFO - [Economic Times] Early skip: URL https://economictimes.indiatimes.com/markets/stocks/news/big-daddy-laps-up-cipla-after-q1-nos-beat-forecast/articleshow/6308646.cms already exists.
2026-05-13 23:08:52,082 - INFO - [Economic Times] Early skip: URL https://economictimes.indiatimes.com/markets/stocks/news/old-fox-has-dream-run-on-dalal-street/articleshow/6308631.cms already exists.
2026-05-13 23:08:52,084 - INFO - [Economic Times] Early skip: URL https://economictimes.indiatimes.com/markets/stocks/news/cairn-india-hits-record-high-on-bse-amid-stake-sale-talks/articleshow/6306679.cms already exists.
2026-05-13 23:08:52,085 - INFO - [Economic Times] Early skip: URL https://economictimes.indiatimes.com/markets/stocks/news/vedanta-plunges-5-59-per-cent-on-lse-amid-talks-to-buy-cairn-stake/articleshow/6306526.cms already exists.
2026-05-13 23:08:52,086 - INFO - [Economic Times] Early skip: URL https://economictimes.indiatimes.com/markets/stocks/news/sbi-shares-on-gaining-spree-hit-record-high/articleshow/6306241.cms already exists.
2026-05-13 23:08:52,088 - INFO - [Economic Times] Early skip: URL https://economictimes.indiatimes.com/fm-must-rethink/articleshow/5645094.cms already exists.
2026-05-13 23:08:52,090 - INFO - [Economic Times] Early skip: URL https://economictimes.indiatimes.com/amalgamate-banks/articleshow/5645086.cms already exists.
2026-05-13 23:08:52,092 - INFO - [Economic Times] Early skip: URL https://economictimes.indiatimes.com/managing-data/articleshow/5117958.cms already exists.
2026-05-13 23:08:52,094 - INFO - [Economic Times] Early skip: URL https://economictimes.indiatimes.com/right-technology/articleshow/5117957.cms already exists.
2026-05-13 23:08:52,095 - INFO - [Economic Times] Early skip: URL https://economictimes.indiatimes.com/et-search/articleshow/21646857.cms already exists.
2026-05-13 23:08:52,096 - INFO - [Economic Times] Early skip: URL https://economictimes.indiatimes.com/after-the-oscars-whats-next-for-silent-stars-of-the-artist/articleshow/12075465.cms already exists.
2026-05-13 23:08:52,098 - INFO - [Economic Times] Early skip: URL https://economictimes.indiatimes.com/delhi-world-book-fair-a-fair-like-no-other/articleshow/12028630.cms already exists.
2026-05-13 23:08:52,100 - INFO - [Economic Times] Early skip: URL https://economictimes.indiatimes.com/lk-advanis-gift-makes-its-way-to-state-department-exhibition-hall/articleshow/12017534.cms already exists.
2026-05-13 23:08:52,102 - INFO - [Economic Times] Early skip: URL https://economictimes.indiatimes.com/india-meteorological-department-to-use-dynamic-models-for-forecasts/articleshow/11983844.cms already exists.
2026-05-13 23:08:52,103 - INFO - [Economic Times] Early skip: URL https://economictimes.indiatimes.com/documents-reveal-contents-of-the-first-telegraph-message-between-india-england/articleshow/11976488.cms already exists.
2026-05-13 23:08:52,104 - INFO - [Economic Times] Early skip: URL https://economictimes.indiatimes.com/worried-amitabh-bachchan-fans-pray-to-lord-shiva-for-his-recovery/articleshow/11963187.cms already exists.
2026-05-13 23:08:52,107 - INFO - [Economic Times] Early skip: URL https://economictimes.indiatimes.com/opinion/interviews/every-decision-of-government-neednt-be-a-big-reform-anand-mahindra/articleshow/35919571.cms already exists.
2026-05-13 23:08:52,108 - INFO - [Economic Times] Early skip: URL https://economictimes.indiatimes.com/opinion/interviews/narendra-modi-has-his-eyes-set-on-boosting-business-joao-cravinho-eu-ambassador/articleshow/35973824.cms already exists.
2026-05-13 23:08:52,109 - INFO - [Economic Times] Early skip: URL https://economictimes.indiatimes.com/opinion/interviews/confidence-level-of-industry-improving-kv-kamath-icici-bank/articleshow/35945669.cms already exists.
2026-05-13 23:08:52,112 - INFO - [Economic Times] Early skip: URL https://economictimes.indiatimes.com/opinion/interviews/we-may-see-rapid-growth-over-the-next-few-years-raamdeo-agrawal/articleshow/35831378.cms already exists.
2026-05-13 23:08:52,114 - INFO - [Economic Times] Early skip: URL https://economictimes.indiatimes.com/opinion/interviews/our-commitment-for-press-freedom-and-autonomy-of-public-broadcast-is-absolute-prakash-javadekar/articleshow/35803396.cms already exists.
2026-05-13 23:08:52,115 - INFO - [Economic Times] Early skip: URL https://economictimes.indiatimes.com/opinion/interviews/there-is-a-leadership-vacuum-in-infosys-time-to-get-nandan-nilekani-back-mohandas-pai/articleshow/35716682.cms already exists.
2026-05-13 23:08:52,116 - INFO - [Economic Times] Early skip: URL https://economictimes.indiatimes.com/markets/stocks/news/oil-prices-to-hit-150-how-indian-stock-markets-may-react-as-iran-war-rages-on/articleshow/129587020.cms already exists.
2026-05-13 23:08:52,118 - INFO - [Economic Times] Early skip: URL https://economictimes.indiatimes.com/markets/us-stocks/news/why-a-7030-india-global-portfolio-makes-sense-in-a-changing-world-subho-moulik-decodes/articleshow/127604085.cms already exists.
2026-05-13 23:08:52,119 - INFO - [Economic Times] Early skip: URL https://economictimes.indiatimes.com/markets/expert-view/kaynes-shares-plunge-43-from-october-peak-is-a-tactical-rebound-on-the-cards-or-more-pain-ahead/articleshow/125815992.cms already exists.
2026-05-13 23:08:52,123 - INFO - [Economic Times] Early skip: URL https://economictimes.indiatimes.com/markets/stocks/news/warren-buffett-is-buying-michael-burry-is-shorting-the-ai-trade-splitting-wall-street/articleshow/125815521.cms already exists.
2026-05-13 23:08:52,124 - INFO - [Economic Times] Early skip: URL https://economictimes.indiatimes.com/markets/ipos/fpos/softbank-backed-acevector-files-updated-ipo-papers-targets-to-raise-rs-300-cr-via-fresh-issue/articleshow/125813493.cms already exists.
2026-05-13 23:08:52,125 - INFO - [Economic Times] Early skip: URL https://economictimes.indiatimes.com/markets/stocks/news/mcap-of-five-of-top-10-most-valued-firms-surges-rs-72285-cr-tcs-infosys-biggest-winners/articleshow/125813435.cms already exists.
2026-05-13 23:08:52,127 - INFO - [Economic Times] Early skip: URL https://economictimes.indiatimes.com/markets/stocks/news/alfa-laval-raises-delisting-price-to-rs-2850-a-share/articleshow/11437373.cms already exists.
2026-05-13 23:08:52,128 - INFO - [Economic Times] Early skip: URL https://economictimes.indiatimes.com/markets/stocks/news/db-realty-unitech-stocks-rose-after-top-executives-granted-bail-in-2g-scam/articleshow/10925114.cms already exists.
2026-05-13 23:08:52,129 - INFO - [Economic Times] Early skip: URL https://economictimes.indiatimes.com/markets/stocks/news/fitch-withdraws-reliance-capital-ratings/articleshow/10430814.cms already exists.
2026-05-13 23:08:52,130 - INFO - [Economic Times] Early skip: URL https://economictimes.indiatimes.com/markets/stocks/news/discoms-poor-financial-health-poses-risks-for-power-traders-fitch/articleshow/10430186.cms already exists.
2026-05-13 23:08:52,132 - INFO - [Economic Times] Early skip: URL https://economictimes.indiatimes.com/markets/stocks/news/cigarette-companies-price-hikes-with-higher-volumes-hold-promise/articleshow/9277179.cms already exists.
2026-05-13 23:08:52,133 - INFO - [Economic Times] Early skip: URL https://economictimes.indiatimes.com/markets/stocks/news/lovable-lingeries-dream-run-on-as-traders-lap-it-up/articleshow/8894615.cms already exists.
2026-05-13 23:08:52,134 - INFO - [Economic Times] (Thread) Finished. Attempting to shut down its Selenium driver.
2026-05-13 23:08:52,200 - INFO - [Economic Times] (Thread) driver.quit() successful.
2026-05-13 23:08:52,335 - INFO - [BBC] Early skip: URL https://www.bbc.com/news/videos/ckgp541p5ndo?at_medium=RSS&at_campaign=rss already exists.
2026-05-13 23:08:52,509 - INFO - [Times of India] Page content loaded.
2026-05-13 23:08:52,743 - INFO - [Times of India] Success with 'selenium_browser'. Found content (962 words).
2026-05-13 23:08:54,428 - INFO - [The Hindu] Page content loaded.
2026-05-13 23:08:54,869 - INFO - [The Hindu] Success with 'selenium_browser'. Found content (615 words).
2026-05-13 23:09:22,171 - INFO - >>> SUCCESSFULLY SAVED [ID: 58916] - Israel’s ruling coalition proposes early elections amid ultra-Orthodox anger at Netanyahu | Israel | The Guardian from The Guardian (616 words)
2026-05-13 23:09:23,417 - INFO - [The Guardian] Early skip: URL https://www.theguardian.com/world/2026/may/13/family-british-couple-jailed-iran-lost-contact already exists.
2026-05-13 23:09:23,419 - INFO - [The Guardian] Early skip: URL https://www.theguardian.com/world/2026/may/13/benjamin-netanyahu-made-secret-trip-to-uae-at-height-of-the-iran-war already exists.
2026-05-13 23:09:23,420 - INFO - [The Guardian] Early skip: URL https://www.theguardian.com/world/live/2026/may/12/middle-east-crisis-us-iran-israel-donald-trump-ceasefire-peace-plan-latest-news-updates already exists.
2026-05-13 23:09:23,421 - INFO - [The Guardian] Early skip: URL https://www.theguardian.com/world/2026/may/12/uae-secret-attack-iran-risks-gulf-states-regional-conflict already exists.
2026-05-13 23:09:23,422 - INFO - [The Guardian] Early skip: URL https://www.theguardian.com/us-news/2026/may/08/trump-ally-roger-stone-condemned-for-providing-lobbying-services-to-myanmars-military-junta already exists.
2026-05-13 23:09:23,424 - INFO - [The Guardian] Early skip: URL https://www.theguardian.com/world/2026/may/07/tensions-high-west-bengal-bjp-aide-shot-dead-election-violence already exists.
2026-05-13 23:09:23,425 - INFO - [The Guardian] Early skip: URL https://www.theguardian.com/world/2026/may/06/west-bengal-chief-minister-mamata-banerjee-refuses-to-resign-election-narendra-modi-india already exists.
2026-05-13 23:09:23,426 - INFO - [The Guardian] Early skip: URL https://www.theguardian.com/world/2026/may/04/modis-bjp-party-win-election-west-bengal-first-time already exists.
2026-05-13 23:09:23,427 - INFO - [The Guardian] Early skip: URL https://www.theguardian.com/world/2026/apr/30/india-man-body-corpse-dead-sister-bank already exists.
2026-05-13 23:09:23,429 - INFO - [The Guardian] Early skip: URL https://www.theguardian.com/politics/2026/may/13/starmer-sets-out-changes-to-education-health-and-courts-in-kings-speech already exists.
2026-05-13 23:09:23,430 - INFO - [The Guardian] Article: https://www.theguardian.com/uk-news/2026/may/13/valdo-calocane-brother-inquiry-mental-ill-health
2026-05-13 23:09:23,430 - INFO - [The Guardian] Attempt 1/1: Trying with 'requests_browser' strategy...
2026-05-13 23:09:23,503 - INFO - [The Guardian] Success with 'requests_browser'. Found content (655 words).
2026-05-13 23:09:36,515 - INFO - >>> SUCCESSFULLY SAVED [ID: 58917] - Man City beat Palace to close gap with Arsenal to 2, with two games to play | Football News | Al Jazeera from Al Jazeera (625 words)
2026-05-13 23:09:37,707 - INFO - [Al Jazeera] Article: https://www.aljazeera.com/news/2026/5/13/trump-taps-david-venturella-former-private-prison-executive-to-lead-ice?traffic_source=rss
2026-05-13 23:09:37,707 - INFO - [Al Jazeera] Attempt 1/2: Trying with 'requests_browser' strategy...
2026-05-13 23:09:37,742 - INFO - [Al Jazeera] Success with 'requests_browser'. Found content (477 words).
2026-05-13 23:09:49,829 - INFO - >>> SUCCESSFULLY SAVED [ID: 58918] - By day a priest, by night a wrestler: Meet the Mexican hero who raised money for an orphanage by fighting in wrestling rings | World News - The Times of India from Times of India (962 words)
2026-05-13 23:09:51,280 - INFO - [Times of India] Early skip: URL https://timesofindia.indiatimes.com/world/europe/a-platonic-relationship-book-claims-french-president-emmanuel-macron-exchanged-private-messages-with-iranian-actress-golshifteh-farahani/articleshow/131077258.cms already exists.
2026-05-13 23:09:51,281 - INFO - [Times of India] Early skip: URL https://timesofindia.indiatimes.com/world/europe/did-emmanuel-macron-get-slapped-by-his-wife-brigitte-new-book-claims-french-president-once-called-iranian-actress-very-pretty/articleshow/131076490.cms already exists.
2026-05-13 23:09:51,283 - INFO - [Times of India] Early skip: URL https://timesofindia.indiatimes.com/world/us/harshkumar-patel-seeks-to-quash-conviction-in-case-linked-to-indian-familys-freezing-deaths-at-uscanada-border/articleshow/131076337.cms already exists.
2026-05-13 23:09:51,285 - INFO - [Times of India] Early skip: URL https://timesofindia.indiatimes.com/world/rest-of-world/switzerlands-summer-hack-people-swim-through-a-river-to-get-home-from-work/articleshow/131075903.cms already exists.
2026-05-13 23:09:51,287 - INFO - [Times of India] Early skip: URL https://timesofindia.indiatimes.com/world/us-streamers/johnny-somali-appeal-takes-new-turn-after-second-petition-filed-against-streamer/articleshow/131076230.cms already exists.
2026-05-13 23:09:51,288 - INFO - [Times of India] Early skip: URL https://timesofindia.indiatimes.com/world/rest-of-world/27-year-old-indian-man-killed-in-rare-bear-attack-in-canada-last-fatal-incident-reported-6-years-ago/articleshow/131075680.cms already exists.
2026-05-13 23:09:51,289 - INFO - [Times of India] Early skip: URL https://timesofindia.indiatimes.com/science/nasa-confirms-school-bus-sized-asteroid-2026-jh2-to-pass-very-close-to-earth/articleshow/131066565.cms already exists.
2026-05-13 23:09:51,291 - INFO - [Times of India] Early skip: URL https://timesofindia.indiatimes.com/world/rest-of-world/the-ancient-city-of-troy-was-rebuilt-over-itself-for-more-than-4000-years/articleshow/131069770.cms already exists.
2026-05-13 23:09:51,292 - INFO - [Times of India] Early skip: URL https://timesofindia.indiatimes.com/science/nasa-used-this-town-to-train-moon-astronauts-the-german-town-built-inside-a-meteor-crater-filled-with-diamonds/articleshow/131070457.cms already exists.
2026-05-13 23:09:51,293 - INFO - [Times of India] Early skip: URL https://timesofindia.indiatimes.com/science/forest-secrets-lost-medieval-town-missing-for-600-years-finally-found-beneath-a-forest-in-poland/articleshow/131071505.cms already exists.
2026-05-13 23:09:51,295 - INFO - [Times of India] Early skip: URL https://timesofindia.indiatimes.com/world/us/regulation-on-h-1b-is-industry-experts-weigh-in-as-us-plans-higher-wage-rules-for-foreign-workers/articleshow/131073700.cms already exists.
2026-05-13 23:09:51,297 - INFO - [Times of India] Early skip: URL https://timesofindia.indiatimes.com/world/uk/quote-of-the-day-by-david-lloyd-george-dont-be-afraid-to-take-a-big-step-if-one-is-indicated-you-cant-cross-a-chasm-in-two-small-jumps-/articleshow/131073355.cms already exists.
2026-05-13 23:09:51,298 - INFO - [Times of India] Early skip: URL https://timesofindia.indiatimes.com/world/us/opt-faces-fresh-political-heat-in-us-amid-fraud-allegations-intl-students-will-face-the-brunt/articleshow/131072195.cms already exists.
2026-05-13 23:09:51,301 - INFO - [Times of India] Article: https://timesofindia.indiatimes.com/world/uk/man-arrested-on-suspicion-of-rape-after-woman-alleges-assault-near-church-in-maidstone/articleshow/131072045.cms
2026-05-13 23:09:51,301 - INFO - [Times of India] Attempt 1/1: Trying with 'selenium_browser' strategy...
2026-05-13 23:09:54,788 - INFO - [Times of India] Page content loaded.
2026-05-13 23:09:55,035 - INFO - [Times of India] Success with 'selenium_browser'. Found content (296 words).
2026-05-13 23:10:06,385 - INFO - >>> SUCCESSFULLY SAVED [ID: 58919] - Kashmir MLA ‘boycotts’ L-G’s drug campaign after demolition drive in his constituency - The Hindu from The Hindu (615 words)
2026-05-13 23:10:07,203 - INFO - [The Hindu] Article: https://www.thehindu.com/news/national/assam/assam-ships-first-legal-agarwood-chips-to-west-asia/article70975329.ece
2026-05-13 23:10:07,203 - INFO - [The Hindu] Attempt 1/1: Trying with 'selenium_browser' strategy...
2026-05-13 23:10:10,340 - INFO - [The Hindu] Page content loaded.
2026-05-13 23:10:12,311 - INFO - [The Hindu] Success with 'selenium_browser'. Found content (415 words).
2026-05-13 23:10:22,314 - INFO - >>> SUCCESSFULLY SAVED [ID: 58920] - Valdo Calocane brother tells inquiry he felt powerless over killer’s mental ill health | Nottingham | The Guardian from The Guardian (655 words)
2026-05-13 23:10:22,901 - INFO - [The Guardian] Article: https://www.theguardian.com/politics/2026/may/13/wes-streeting-prepares-to-launch-leadership-challenge-against-keir-starmer
2026-05-13 23:10:22,901 - INFO - [The Guardian] Attempt 1/1: Trying with 'requests_browser' strategy...
2026-05-13 23:10:22,982 - INFO - [The Guardian] Success with 'requests_browser'. Found content (1075 words).
2026-05-13 23:10:36,166 - INFO - >>> SUCCESSFULLY SAVED [ID: 58921] - Trump taps David Venturella, former private prison executive, to lead ICE | Donald Trump News | Al Jazeera from Al Jazeera (477 words)
2026-05-13 23:10:37,438 - INFO - [Al Jazeera] Article: https://www.aljazeera.com/video/newsfeed/2026/5/13/funeral-held-for-two-lebanese-paramedics-killed-in-israeli-attack?traffic_source=rss
2026-05-13 23:10:37,438 - INFO - [Al Jazeera] Attempt 1/2: Trying with 'requests_browser' strategy...
2026-05-13 23:10:37,471 - WARNING - [Al Jazeera] FAILED with 'requests_browser' (content was too short: 61 words).
2026-05-13 23:10:38,176 - INFO - [Al Jazeera] Article: https://www.aljazeera.com/video/newsfeed/2026/5/13/funeral-held-for-two-lebanese-paramedics-killed-in-israeli-attack?traffic_source=rss
2026-05-13 23:10:38,176 - INFO - [Al Jazeera] Attempt 2/2: Trying with 'selenium_browser' strategy...
2026-05-13 23:10:39,582 - INFO - [Al Jazeera] Page content loaded.
2026-05-13 23:10:39,751 - WARNING - [Al Jazeera] FAILED with 'selenium_browser' (content was too short: 61 words).
2026-05-13 23:10:39,751 - ERROR - [Al Jazeera] All scrape strategies failed for https://www.aljazeera.com/video/newsfeed/2026/5/13/funeral-held-for-two-lebanese-paramedics-killed-in-israeli-attack?traffic_source=rss. Falling back to RSS description.
2026-05-13 23:10:39,751 - WARNING - SKIPPED (GLOBAL WORD LIMIT): Article 'Funeral held for two Lebanese paramedics killed in Israeli attack' from Al Jazeera has only 16 words (Min: 90).
2026-05-13 23:10:40,528 - INFO - [Al Jazeera] Early skip: URL https://www.aljazeera.com/economy/2026/5/13/as-trump-readies-to-meet-xi-experts-say-he-is-desperate-for-a-win?traffic_source=rss already exists.
2026-05-13 23:10:40,530 - INFO - [Al Jazeera] Early skip: URL https://www.aljazeera.com/news/2026/5/13/philip-davis-and-progressive-liberal-party-win-general-election-in-bahamas?traffic_source=rss already exists.
2026-05-13 23:10:40,531 - INFO - [Al Jazeera] Early skip: URL https://www.aljazeera.com/news/2026/5/13/why-louisiana-paused-its-us-house-primary-election-amid-redistricting-push?traffic_source=rss already exists.
2026-05-13 23:10:40,533 - INFO - [Al Jazeera] Article: https://www.aljazeera.com/video/newsfeed/2026/5/13/crowds-gather-in-tehran-to-send-off-irans-world-cup-team?traffic_source=rss
2026-05-13 23:10:40,533 - INFO - [Al Jazeera] Attempt 1/2: Trying with 'requests_browser' strategy...
2026-05-13 23:10:40,973 - WARNING - [Al Jazeera] FAILED with 'requests_browser' (content was too short: 71 words).
2026-05-13 23:10:41,883 - INFO - [Al Jazeera] Article: https://www.aljazeera.com/video/newsfeed/2026/5/13/crowds-gather-in-tehran-to-send-off-irans-world-cup-team?traffic_source=rss
2026-05-13 23:10:41,883 - INFO - [Al Jazeera] Attempt 2/2: Trying with 'selenium_browser' strategy...
2026-05-13 23:10:42,636 - INFO - [Al Jazeera] Page content loaded.
2026-05-13 23:10:42,707 - WARNING - [Al Jazeera] FAILED with 'selenium_browser' (content was too short: 71 words).
2026-05-13 23:10:42,708 - ERROR - [Al Jazeera] All scrape strategies failed for https://www.aljazeera.com/video/newsfeed/2026/5/13/crowds-gather-in-tehran-to-send-off-irans-world-cup-team?traffic_source=rss. Falling back to RSS description.
2026-05-13 23:10:42,708 - WARNING - SKIPPED (GLOBAL WORD LIMIT): Article 'Crowds gather in Tehran to send off Iran’s World Cup team' from Al Jazeera has only 16 words (Min: 90).
2026-05-13 23:10:43,463 - INFO - [Al Jazeera] Early skip: URL https://www.aljazeera.com/sports/2026/5/13/us-waives-visa-bonds-of-up-to-15000-for-fifa-world-cup-ticket-holders?traffic_source=rss already exists.
2026-05-13 23:10:43,465 - INFO - [Al Jazeera] Article: https://www.aljazeera.com/video/newsfeed/2026/5/13/five-things-you-may-not-know-about-us-china-ties?traffic_source=rss
2026-05-13 23:10:43,465 - INFO - [Al Jazeera] Attempt 1/2: Trying with 'requests_browser' strategy...
2026-05-13 23:10:43,817 - WARNING - [Al Jazeera] FAILED with 'requests_browser' (content was too short: 54 words).
2026-05-13 23:10:44,609 - INFO - [Al Jazeera] Article: https://www.aljazeera.com/video/newsfeed/2026/5/13/five-things-you-may-not-know-about-us-china-ties?traffic_source=rss
2026-05-13 23:10:44,610 - INFO - [Al Jazeera] Attempt 2/2: Trying with 'selenium_browser' strategy...
2026-05-13 23:10:45,740 - INFO - [Al Jazeera] Page content loaded.
2026-05-13 23:10:45,817 - WARNING - [Al Jazeera] FAILED with 'selenium_browser' (content was too short: 54 words).
2026-05-13 23:10:45,818 - ERROR - [Al Jazeera] All scrape strategies failed for https://www.aljazeera.com/video/newsfeed/2026/5/13/five-things-you-may-not-know-about-us-china-ties?traffic_source=rss. Falling back to RSS description.
2026-05-13 23:10:45,818 - WARNING - SKIPPED (GLOBAL WORD LIMIT): Article 'Five things you may not know about US-China ties' from Al Jazeera has only 18 words (Min: 90).
2026-05-13 23:10:46,606 - INFO - [Al Jazeera] Early skip: URL https://www.aljazeera.com/news/2026/5/13/three-republicans-break-ranks-but-senate-fails-to-curb-trumps-war-powers?traffic_source=rss already exists.
2026-05-13 23:10:46,608 - INFO - [Al Jazeera] Article: https://www.aljazeera.com/video/newsfeed/2026/5/13/russia-unleashes-massive-drone-barrage-on-ukraine-killing-six?traffic_source=rss
2026-05-13 23:10:46,608 - INFO - [Al Jazeera] Attempt 1/2: Trying with 'requests_browser' strategy...
2026-05-13 23:10:46,647 - WARNING - [Al Jazeera] FAILED with 'requests_browser' (content was too short: 63 words).
2026-05-13 23:10:47,149 - INFO - [Al Jazeera] Article: https://www.aljazeera.com/video/newsfeed/2026/5/13/russia-unleashes-massive-drone-barrage-on-ukraine-killing-six?traffic_source=rss
2026-05-13 23:10:47,149 - INFO - [Al Jazeera] Attempt 2/2: Trying with 'selenium_browser' strategy...
2026-05-13 23:10:47,785 - INFO - [Al Jazeera] Page content loaded.
2026-05-13 23:10:47,892 - WARNING - [Al Jazeera] FAILED with 'selenium_browser' (content was too short: 63 words).
2026-05-13 23:10:47,892 - ERROR - [Al Jazeera] All scrape strategies failed for https://www.aljazeera.com/video/newsfeed/2026/5/13/russia-unleashes-massive-drone-barrage-on-ukraine-killing-six?traffic_source=rss. Falling back to RSS description.
2026-05-13 23:10:47,892 - WARNING - SKIPPED (GLOBAL WORD LIMIT): Article 'Russia unleashes massive drone barrage on Ukraine killing six' from Al Jazeera has only 15 words (Min: 90).
2026-05-13 23:10:49,049 - INFO - [Al Jazeera] Article: https://www.aljazeera.com/video/newsfeed/2026/5/13/new-eye-scan-detects-diseases-years-before-symptoms-appear?traffic_source=rss
2026-05-13 23:10:49,050 - INFO - [Al Jazeera] Attempt 1/2: Trying with 'requests_browser' strategy...
2026-05-13 23:10:49,843 - WARNING - [Al Jazeera] FAILED with 'requests_browser' (content was too short: 62 words).
2026-05-13 23:10:50,501 - INFO - [Al Jazeera] Article: https://www.aljazeera.com/video/newsfeed/2026/5/13/new-eye-scan-detects-diseases-years-before-symptoms-appear?traffic_source=rss
2026-05-13 23:10:50,501 - INFO - [Al Jazeera] Attempt 2/2: Trying with 'selenium_browser' strategy...
2026-05-13 23:10:51,072 - INFO - [Al Jazeera] Page content loaded.
2026-05-13 23:10:51,129 - WARNING - [Al Jazeera] FAILED with 'selenium_browser' (content was too short: 62 words).
2026-05-13 23:10:51,129 - ERROR - [Al Jazeera] All scrape strategies failed for https://www.aljazeera.com/video/newsfeed/2026/5/13/new-eye-scan-detects-diseases-years-before-symptoms-appear?traffic_source=rss. Falling back to RSS description.
2026-05-13 23:10:51,129 - WARNING - SKIPPED (GLOBAL WORD LIMIT): Article 'New eye scan detects diseases years before symptoms appear' from Al Jazeera has only 15 words (Min: 90).
2026-05-13 23:10:51,789 - INFO - [Al Jazeera] Early skip: URL https://www.aljazeera.com/video/inside-story/2026/5/13/will-the-boycott-of-eurovision-have-any-impact?traffic_source=rss already exists.
2026-05-13 23:10:51,791 - INFO - [Al Jazeera] Early skip: URL https://www.aljazeera.com/news/2026/5/13/board-of-peaces-mladenov-says-gaza-ceasefire-hinges-on-hamas-disarmament?traffic_source=rss already exists.
2026-05-13 23:10:51,793 - INFO - [Al Jazeera] Early skip: URL https://www.aljazeera.com/news/2026/5/13/netanyahu-visited-uae-in-secret-during-us-israel-war-on-iran-office-says?traffic_source=rss already exists.
2026-05-13 23:10:51,795 - INFO - [Al Jazeera] Early skip: URL https://www.aljazeera.com/features/2026/5/13/theres-an-app-for-that-gazas-developers-use-tech-to-solve-war-problems?traffic_source=rss already exists.
2026-05-13 23:10:51,799 - INFO - [Al Jazeera] Early skip: URL https://www.aljazeera.com/news/2026/5/13/mexicos-claudia-sheinbaum-denies-reports-of-cia-operations-against-cartels?traffic_source=rss already exists.
2026-05-13 23:10:51,800 - INFO - [Al Jazeera] Early skip: URL https://www.aljazeera.com/economy/2026/5/13/kevin-warsh-confirmed-as-new-us-federal-reserve-chair-amid-controversy?traffic_source=rss already exists.
2026-05-13 23:10:51,802 - INFO - [Al Jazeera] Article: https://www.aljazeera.com/video/the-take-2/2026/5/13/aje-onl-tt_usa_israelcadavers_v4-130526?traffic_source=rss
2026-05-13 23:10:51,802 - INFO - [Al Jazeera] Attempt 1/2: Trying with 'requests_browser' strategy...
2026-05-13 23:10:51,902 - INFO - [Al Jazeera] Success with 'requests_browser'. Found content (139 words).
2026-05-13 23:10:52,195 - INFO - >>> SUCCESSFULLY SAVED [ID: 58922] - Man arrested on suspicion of rape after woman alleges assault near church in Maidstone - The Times of India from Times of India (296 words)
2026-05-13 23:10:53,350 - INFO - [Times of India] Article: https://timesofindia.indiatimes.com/world/us/alien-smuggling-and-child-sexual-abuse-material-iranian-national-pleads-guilty-in-new-york-court-to-two-serious-federal-crimes/articleshow/131070142.cms
2026-05-13 23:10:53,350 - INFO - [Times of India] Attempt 1/1: Trying with 'selenium_browser' strategy...
2026-05-13 23:10:54,155 - INFO - [Times of India] Page content loaded.
2026-05-13 23:10:54,493 - INFO - [Times of India] Success with 'selenium_browser'. Found content (342 words).
2026-05-13 23:11:08,303 - INFO - >>> SUCCESSFULLY SAVED [ID: 58923] - Assam ships first legal agarwood chips to West Asia - The Hindu from The Hindu (415 words)
2026-05-13 23:11:08,993 - INFO - [The Hindu] Article: https://www.thehindu.com/news/national/tamil-nadu/how-the-anti-defection-law-is-going-to-operate-in-the-aiadmk-case/article70975597.ece
2026-05-13 23:11:08,993 - INFO - [The Hindu] Attempt 1/1: Trying with 'selenium_browser' strategy...
2026-05-13 23:11:11,097 - INFO - [The Hindu] Page content loaded.
2026-05-13 23:11:13,414 - INFO - [The Hindu] Success with 'selenium_browser'. Found content (170 words).
2026-05-13 23:11:24,358 - INFO - >>> SUCCESSFULLY SAVED [ID: 58924] - Wes Streeting prepares to launch leadership challenge against Keir Starmer | Wes Streeting | The Guardian from The Guardian (1075 words)
2026-05-13 23:11:25,397 - INFO - [The Guardian] Article: https://www.theguardian.com/politics/2026/may/13/wes-streeting-labour-leadership-bid-no-10-starmer-thursday
2026-05-13 23:11:25,397 - INFO - [The Guardian] Attempt 1/1: Trying with 'requests_browser' strategy...
2026-05-13 23:11:25,477 - INFO - [The Guardian] Success with 'requests_browser'. Found content (1147 words).
2026-05-13 23:11:38,469 - INFO - >>> SUCCESSFULLY SAVED [ID: 58925] - How US donor bodies were sold for Israeli military training | News | Al Jazeera from Al Jazeera (139 words)
2026-05-13 23:11:39,682 - INFO - [Al Jazeera] Article: https://www.aljazeera.com/news/2026/5/13/us-senator-cassidys-vote-to-convict-trump-looms-over-louisiana-primary?traffic_source=rss
2026-05-13 23:11:39,682 - INFO - [Al Jazeera] Attempt 1/2: Trying with 'requests_browser' strategy...
2026-05-13 23:11:39,728 - INFO - [Al Jazeera] Success with 'requests_browser'. Found content (880 words).
2026-05-13 23:11:52,564 - INFO - >>> SUCCESSFULLY SAVED [ID: 58926] - Alien smuggling and child sexual abuse material: Iranian national pleads guilty in New York court to two serious federal crimes - The Times of India from Times of India (342 words)
2026-05-13 23:11:53,657 - INFO - [Times of India] Early skip: URL https://timesofindia.indiatimes.com/world/us/immigration-lawyer-defends-h1-b-visas-says-indias-robust-education-system-gives-workers-edge-over-americans/articleshow/131068219.cms already exists.
2026-05-13 23:11:53,659 - INFO - [Times of India] Article: https://timesofindia.indiatimes.com/world/rest-of-world/top-10-countries-with-the-most-gold-in-2026-usa-tops-china-and-india-lead-the-global-rankings/articleshow/131068777.cms
2026-05-13 23:11:53,659 - INFO - [Times of India] Attempt 1/1: Trying with 'selenium_browser' strategy...
2026-05-13 23:11:54,598 - INFO - [Times of India] Page content loaded.
2026-05-13 23:11:54,820 - INFO - [Times of India] Success with 'selenium_browser'. Found content (1017 words).
2026-05-13 23:12:08,325 - INFO - >>> SUCCESSFULLY SAVED [ID: 58927] - How the anti-defection law is going to operate in the AIADMK case? - The Hindu from The Hindu (170 words)
2026-05-13 23:12:09,018 - INFO - [The Hindu] Article: https://www.thehindu.com/news/national/madhya-pradesh/three-held-security-beefed-up-in-bhopal-as-muslim-community-protests-assault-on-man-over-love-jihad/article70975453.ece
2026-05-13 23:12:09,018 - INFO - [The Hindu] Attempt 1/1: Trying with 'selenium_browser' strategy...
2026-05-13 23:12:13,645 - INFO - [The Hindu] Page content loaded.
2026-05-13 23:12:13,769 - INFO - [The Hindu] Success with 'selenium_browser'. Found content (506 words).
2026-05-13 23:12:23,982 - INFO - >>> SUCCESSFULLY SAVED [ID: 58928] - Wes Streeting: PM-in-waiting or ‘this generation’s David Miliband’? | Labour party leadership | The Guardian from The Guardian (1147 words)
2026-05-13 23:12:24,524 - INFO - [The Guardian] Article: https://www.theguardian.com/uk-news/2026/may/13/south-london-community-choir-pioneering-scholarship-choral-programme-st-john-the-divine-kennington
2026-05-13 23:12:24,524 - INFO - [The Guardian] Attempt 1/1: Trying with 'requests_browser' strategy...
2026-05-13 23:12:24,631 - INFO - [The Guardian] Success with 'requests_browser'. Found content (760 words).
2026-05-13 23:12:38,953 - INFO - >>> SUCCESSFULLY SAVED [ID: 58929] - US Senator Cassidy’s vote to convict Trump looms over Louisiana primary | US Midterm Elections 2026 News | Al Jazeera from Al Jazeera (880 words)
2026-05-13 23:12:40,319 - INFO - [Al Jazeera] Article: https://www.aljazeera.com/news/2026/5/13/drug-overdose-deaths-drop-in-united-states-for-third-year-in-a-row?traffic_source=rss
2026-05-13 23:12:40,319 - INFO - [Al Jazeera] Attempt 1/2: Trying with 'requests_browser' strategy...
2026-05-13 23:12:40,362 - INFO - [Al Jazeera] Success with 'requests_browser'. Found content (501 words).
2026-05-13 23:12:53,538 - INFO - >>> SUCCESSFULLY SAVED [ID: 58930] - Top 10 countries with the most gold in 2026: USA tops, China and India lead the global rankings | World News - The Times of India from Times of India (1017 words)
2026-05-13 23:12:54,417 - INFO - [Times of India] Early skip: URL https://timesofindia.indiatimes.com/world/us/don-tzu-vs-philosopher-king-xi-decoding-the-worldviews-of-donald-trump-and-xi-jinping/articleshow/131068164.cms already exists.
2026-05-13 23:12:54,419 - INFO - [Times of India] Early skip: URL https://timesofindia.indiatimes.com/world/uk/london-man-shot-outside-fathers-restaurant-after-family-refuses-to-pay-1-lakh-to-turkish-gang/articleshow/131068601.cms already exists.
2026-05-13 23:12:54,421 - INFO - [Times of India] (Thread) Finished. Attempting to shut down its Selenium driver.
2026-05-13 23:12:54,547 - INFO - [Times of India] (Thread) driver.quit() successful.
2026-05-13 23:13:07,803 - INFO - >>> SUCCESSFULLY SAVED [ID: 58931] - Three held; security beefed up in Bhopal as Muslim community protests assault on man over ‘love jihad’ - The Hindu from The Hindu (506 words)
2026-05-13 23:13:08,606 - INFO - [The Hindu] Article: https://www.thehindu.com/news/national/odisha/odisha-cm-reduces-number-of-vehicles-in-his-convoy-by-half/article70974940.ece
2026-05-13 23:13:08,606 - INFO - [The Hindu] Attempt 1/1: Trying with 'selenium_browser' strategy...
2026-05-13 23:13:13,763 - INFO - [The Hindu] Page content loaded.
2026-05-13 23:13:13,918 - INFO - [The Hindu] Success with 'selenium_browser'. Found content (160 words).
2026-05-13 23:13:23,161 - INFO - >>> SUCCESSFULLY SAVED [ID: 58932] - The south London community where ‘pioneering’ scholarship choristers are made | London | The Guardian from The Guardian (760 words)
2026-05-13 23:13:24,597 - INFO - [The Guardian] Article: https://www.theguardian.com/us-news/2026/may/13/howard-lutnick-jeffrey-epstein-interview-transcript
2026-05-13 23:13:24,598 - INFO - [The Guardian] Attempt 1/1: Trying with 'requests_browser' strategy...
2026-05-13 23:13:24,777 - INFO - [The Guardian] Success with 'requests_browser'. Found content (1106 words).
2026-05-13 23:13:37,419 - INFO - >>> SUCCESSFULLY SAVED [ID: 58933] - Drug overdose deaths drop in United States for third year in a row | Drugs News | Al Jazeera from Al Jazeera (501 words)
2026-05-13 23:13:38,489 - INFO - [Al Jazeera] Early skip: URL https://www.aljazeera.com/economy/2026/5/13/can-macrons-kenya-visit-revive-french-influence-in-africa?traffic_source=rss already exists.
2026-05-13 23:13:38,491 - INFO - [Al Jazeera] Early skip: URL https://www.aljazeera.com/news/2026/5/13/south-carolina-court-tosses-murder-conviction-in-alex-murdaugh-case?traffic_source=rss already exists.
2026-05-13 23:13:38,493 - INFO - [Al Jazeera] Article: https://www.aljazeera.com/video/newsfeed/2026/5/13/pro-palestine-chants-disrupt-israel-eurovision-performance?traffic_source=rss
2026-05-13 23:13:38,493 - INFO - [Al Jazeera] Attempt 1/2: Trying with 'requests_browser' strategy...
2026-05-13 23:13:38,528 - WARNING - [Al Jazeera] FAILED with 'requests_browser' (content was too short: 48 words).
2026-05-13 23:13:39,195 - INFO - [Al Jazeera] Article: https://www.aljazeera.com/video/newsfeed/2026/5/13/pro-palestine-chants-disrupt-israel-eurovision-performance?traffic_source=rss
2026-05-13 23:13:39,195 - INFO - [Al Jazeera] Attempt 2/2: Trying with 'selenium_browser' strategy...
2026-05-13 23:13:39,710 - INFO - [Al Jazeera] Page content loaded.
2026-05-13 23:13:39,765 - WARNING - [Al Jazeera] FAILED with 'selenium_browser' (content was too short: 48 words).
2026-05-13 23:13:39,766 - ERROR - [Al Jazeera] All scrape strategies failed for https://www.aljazeera.com/video/newsfeed/2026/5/13/pro-palestine-chants-disrupt-israel-eurovision-performance?traffic_source=rss. Falling back to RSS description.
2026-05-13 23:13:39,766 - WARNING - SKIPPED (GLOBAL WORD LIMIT): Article 'Pro-Palestine chants disrupt Israel Eurovision performance' from Al Jazeera has only 13 words (Min: 90).
2026-05-13 23:13:40,731 - INFO - [Al Jazeera] Early skip: URL https://www.aljazeera.com/news/2026/5/13/trump-xi-summit-chinas-help-in-iran-may-require-us-concessions?traffic_source=rss already exists.
2026-05-13 23:13:40,733 - INFO - [Al Jazeera] (Thread) Finished. Attempting to shut down its Selenium driver.
2026-05-13 23:13:40,821 - INFO - [Al Jazeera] (Thread) driver.quit() successful.
2026-05-13 23:13:52,040 - INFO - >>> SUCCESSFULLY SAVED [ID: 58934] - Odisha CM reduces number of vehicles in his convoy by half - The Hindu from The Hindu (160 words)
2026-05-13 23:13:52,923 - INFO - [The Hindu] Early skip: URL https://www.thehindu.com/news/national/uttar-pradesh/bjp-congress-attack-sp-over-party-spokespersons-remark-on-brahmins-fir-registered/article70975047.ece already exists.
2026-05-13 23:13:52,925 - INFO - [The Hindu] Early skip: URL https://www.thehindu.com/news/national/jammu-and-kashmir/two-locals-including-teacher-held-for-providing-logistic-support-to-saifullah-terror-group-in-kishtwar/article70975431.ece already exists.
2026-05-13 23:13:52,926 - INFO - [The Hindu] Early skip: URL https://www.thehindu.com/news/national/maharashtra/ats-questions-57-in-maharashtra-over-alleged-gangster-network-links/article70975441.ece already exists.
2026-05-13 23:13:52,927 - INFO - [The Hindu] Early skip: URL https://www.thehindu.com/sci-tech/energy-and-environment/nicobarese-oppose-proposal-for-three-wildlife-sanctuaries/article70973890.ece already exists.
2026-05-13 23:13:52,928 - INFO - [The Hindu] Early skip: URL https://www.thehindu.com/news/national/west-bengal/west-bengal-cm-gives-sanction-to-cbi-to-prosecute-officials-in-several-scams/article70975234.ece already exists.
2026-05-13 23:13:52,930 - INFO - [The Hindu] Early skip: URL https://www.thehindu.com/opinion/op-ed/tvk-vijay-tamizhaga-vettri-kazhagam-tamil-nadu-elections-cinematic-politics-crisis-of-purpose/article70956218.ece already exists.
2026-05-13 23:13:52,931 - INFO - [The Hindu] Early skip: URL https://www.thehindu.com/news/national/tamil-nadu/annakili50-the-extraordinary-journey-of-maestro-ilaiyaraaja/article70975382.ece already exists.
2026-05-13 23:13:52,932 - INFO - [The Hindu] Early skip: URL https://www.thehindu.com/news/national/tamil-nadu/udhayachandran-to-assume-office-as-cmd-of-tniicl/article70974360.ece already exists.
2026-05-13 23:13:52,933 - INFO - [The Hindu] Early skip: URL https://www.thehindu.com/news/cities/Kochi/good-show-by-ernakulam-schools-in-class-12-exams/article70974990.ece already exists.
2026-05-13 23:13:52,935 - INFO - [The Hindu] Early skip: URL https://www.thehindu.com/news/national/kerala/gcda-contests-government-order-allotting-land-adjoining-kaloor-stadium-to-college/article70975006.ece already exists.
2026-05-13 23:13:52,936 - INFO - [The Hindu] Article: https://www.thehindu.com/news/national/kerala/taluk-emergency-centres-for-disaster-management-to-be-activated-by-may-20/article70975249.ece
2026-05-13 23:13:52,936 - INFO - [The Hindu] Attempt 1/1: Trying with 'selenium_browser' strategy...
2026-05-13 23:13:54,793 - INFO - [The Hindu] Page content loaded.
2026-05-13 23:13:54,910 - INFO - [The Hindu] Success with 'selenium_browser'. Found content (323 words).
2026-05-13 23:14:07,904 - INFO - >>> SUCCESSFULLY SAVED [ID: 58935] - Howard Lutnick said he had three ‘inconsequential’ meetings with Epstein | Trump administration | The Guardian from The Guardian (1106 words)
2026-05-13 23:14:09,005 - INFO - [The Guardian] Article: https://www.theguardian.com/us-news/2026/may/13/influencer-detained-tennessee-alleged-confrontation-gunfire
2026-05-13 23:14:09,005 - INFO - [The Guardian] Attempt 1/1: Trying with 'requests_browser' strategy...
2026-05-13 23:14:09,209 - INFO - [The Guardian] Success with 'requests_browser'. Found content (309 words).
2026-05-13 23:14:22,266 - INFO - >>> SUCCESSFULLY SAVED [ID: 58936] - 24x7 control rooms for disaster management to be set up in Ernakulam - The Hindu from The Hindu (323 words)
2026-05-13 23:14:23,618 - INFO - [The Hindu] Article: https://www.thehindu.com/news/national/tamil-nadu/scrap-neet-based-admissions-allow-states-to-fill-up-medical-seats-vijay-appeals-to-centre/article70974418.ece
2026-05-13 23:14:23,618 - INFO - [The Hindu] Attempt 1/1: Trying with 'selenium_browser' strategy...
2026-05-13 23:14:29,851 - INFO - [The Hindu] Page content loaded.
2026-05-13 23:14:29,966 - INFO - [The Hindu] Success with 'selenium_browser'. Found content (304 words).
2026-05-13 23:14:38,072 - INFO - >>> SUCCESSFULLY SAVED [ID: 58937] - Influencer detained in Tennessee over alleged confrontation involving gunfire | Tennessee | The Guardian from The Guardian (309 words)
2026-05-13 23:14:38,869 - INFO - [The Guardian] Article: https://www.theguardian.com/us-news/2026/may/13/jd-vance-anti-fraud-medicare-medicaid
2026-05-13 23:14:38,869 - INFO - [The Guardian] Attempt 1/1: Trying with 'requests_browser' strategy...
2026-05-13 23:14:38,941 - INFO - [The Guardian] Success with 'requests_browser'. Found content (979 words).
2026-05-13 23:14:53,530 - INFO - >>> SUCCESSFULLY SAVED [ID: 58938] - Scrap NEET-based admissions, allow States to fill up medical seats, Vijay appeals to Centre - The Hindu from The Hindu (304 words)
2026-05-13 23:14:54,383 - INFO - [The Hindu] Article: https://www.thehindu.com/news/national/tamil-nadu/vijay-narayan-earns-rare-distinction-of-being-advocate-general-under-two-different-governments/article70975506.ece
2026-05-13 23:14:54,389 - INFO - [The Hindu] Attempt 1/1: Trying with 'selenium_browser' strategy...
2026-05-13 23:14:57,375 - INFO - [The Hindu] Page content loaded.
2026-05-13 23:14:57,534 - INFO - [The Hindu] Success with 'selenium_browser'. Found content (362 words).
2026-05-13 23:15:08,465 - INFO - >>> SUCCESSFULLY SAVED [ID: 58939] - JD Vance threatens health funding to states that don’t comply with White House anti-fraud effort | US healthcare | The Guardian from The Guardian (979 words)
2026-05-13 23:15:09,135 - INFO - [The Guardian] Article: https://www.theguardian.com/us-news/2026/may/13/stacey-abrams-redistricting-voter-maps-republicans-voting-rights-act
2026-05-13 23:15:09,136 - INFO - [The Guardian] Attempt 1/1: Trying with 'requests_browser' strategy...
2026-05-13 23:15:09,205 - INFO - [The Guardian] Success with 'requests_browser'. Found content (682 words).
2026-05-13 23:15:23,155 - INFO - >>> SUCCESSFULLY SAVED [ID: 58940] - Vijay Narayan earns rare distinction of being Advocate General under two different governments - The Hindu from The Hindu (362 words)
2026-05-13 23:15:24,104 - INFO - [The Hindu] Article: https://www.thehindu.com/news/national/tamil-nadu/nominations-invited-for-cavinkare-mma-awards/article70974514.ece
2026-05-13 23:15:24,104 - INFO - [The Hindu] Attempt 1/1: Trying with 'selenium_browser' strategy...
2026-05-13 23:15:25,750 - INFO - [The Hindu] Page content loaded.
2026-05-13 23:15:26,361 - INFO - [The Hindu] Success with 'selenium_browser'. Found content (128 words).
2026-05-13 23:15:39,242 - INFO - >>> SUCCESSFULLY SAVED [ID: 58941] - Republican redistricting effort is ‘evil incarnate’, Stacey Abrams tells new Guardian podcast | Stacey Abrams | The Guardian from The Guardian (682 words)
2026-05-13 23:15:40,725 - INFO - [The Guardian] Article: https://www.theguardian.com/us-news/2026/may/13/utah-woman-husband-death-murder-sentence
2026-05-13 23:15:40,725 - INFO - [The Guardian] Attempt 1/1: Trying with 'requests_browser' strategy...
2026-05-13 23:15:40,775 - INFO - [The Guardian] Success with 'requests_browser'. Found content (551 words).
2026-05-13 23:15:50,101 - CRITICAL - --- TIMEOUT: 2 scrape jobs did not complete in 300s. ---
2026-05-13 23:15:50,102 - ERROR - A thread has timed out and will be abandoned.
2026-05-13 23:15:50,102 - ERROR - A thread has timed out and will be abandoned.
2026-05-13 23:15:50,102 - INFO - Shutting down thread pool (wait=False)...
2026-05-13 23:15:50,102 - INFO - Scraped: 0 Economic Times, 0 TechCrunch, 0 The Dawn, 4 Times of India, 0 BBC, 5 Al Jazeera, 2 Timed_Out_Jobs articles. (Total saved: 9)
2026-05-13 23:15:50,102 - INFO - --- Scraping job finished ---
2026-05-13 23:15:50,102 - INFO - --- Scraper service stopped. ---
2026-05-13 23:15:50,102 - INFO - --- Main thread finished. Forcing process exit to kill zombie threads. ---
