2025-12-18 20:44:12,357 - INFO - Loading AI Semantic Model (all-MiniLM-L6-v2)...
2025-12-18 20:44:12,358 - INFO - Use pytorch device_name: cpu
2025-12-18 20:44:12,358 - INFO - Load pretrained SentenceTransformer: all-MiniLM-L6-v2
2025-12-18 20:44:12,907 - INFO - AI Model loaded successfully.
2025-12-18 20:44:12,907 - INFO - --- Scraper service started (CI Mode: Run Once) ---
2025-12-18 20:44:12,907 - INFO - --- Starting new scraping job (Parallel Mode) ---
2025-12-18 20:44:12,907 - INFO - Creating new robust session with 3 retries on 5xx/connection/read errors.
2025-12-18 20:44:12,908 - INFO - Proxy is DISABLED.
2025-12-18 20:44:12,908 - INFO - Starting scrape for BBC RSS feed: http://feeds.bbci.co.uk/news/world/rss.xml
2025-12-18 20:44:12,909 - INFO - [Times of India] (Thread) requires Selenium. Initializing driver...
2025-12-18 20:44:12,909 - INFO - Starting scrape for The Guardian RSS feed: https://www.theguardian.com/world/rss
2025-12-18 20:44:12,910 - INFO - [The Hindu] (Thread) requires Selenium. Initializing driver...
2025-12-18 20:44:12,911 - INFO - Submitted 4 jobs to thread pool. Waiting up to 300s for completion...
2025-12-18 20:44:13,004 - INFO - Found 45 articles in The Guardian RSS feed. Processing up to 30.
2025-12-18 20:44:13,004 - INFO - [The Guardian] Early skip: URL https://www.theguardian.com/global-development/2025/dec/18/morocco-genz212-protests-police-mass-arrests-beatings-detentions-rights already exists.
2025-12-18 20:44:13,218 - INFO - [The Guardian] Early skip: URL https://www.theguardian.com/world/2025/dec/16/five-key-moments-in-the-assault-on-the-rights-of-women-and-girls-in-2025 already exists.
2025-12-18 20:44:13,379 - INFO - [The Guardian] Early skip: URL https://www.theguardian.com/world/2025/dec/16/south-africa-russia-men-tricked-fighting-ukraine already exists.
2025-12-18 20:44:13,458 - INFO - Found 32 articles in BBC RSS feed. Processing up to 30.
2025-12-18 20:44:13,535 - INFO - [BBC] Early skip: URL https://www.bbc.com/news/articles/c9vjlj1ezpgo?at_medium=RSS&at_campaign=rss already exists.
2025-12-18 20:44:13,674 - INFO - [The Guardian] Early skip: URL https://www.theguardian.com/world/2025/dec/16/libya-national-museum-reopens already exists.
2025-12-18 20:44:13,830 - INFO - [BBC] Early skip: URL https://www.bbc.com/news/articles/c2epv08xwz7o?at_medium=RSS&at_campaign=rss already exists.
2025-12-18 20:44:13,941 - INFO - [The Guardian] Early skip: URL https://www.theguardian.com/education/2025/dec/14/ghana-students-uk-universities-face-deportion-funding-crisis already exists.
2025-12-18 20:44:14,167 - INFO - [BBC] Early skip: URL https://www.bbc.com/news/articles/cp8z684r6vlo?at_medium=RSS&at_campaign=rss already exists.
2025-12-18 20:44:14,344 - INFO - [The Guardian] Early skip: URL https://www.theguardian.com/world/2025/dec/18/brazilian-congress-passes-bill-cut-jair-bolsonaro-prison-term already exists.
2025-12-18 20:44:14,614 - INFO - [BBC] Early skip: URL https://www.bbc.com/news/articles/cg7vp937jyxo?at_medium=RSS&at_campaign=rss already exists.
2025-12-18 20:44:14,902 - INFO - [The Guardian] Early skip: URL https://www.theguardian.com/world/2025/dec/18/canada-immigration-population-analysis already exists.
2025-12-18 20:44:15,031 - INFO - [BBC] Early skip: URL https://www.bbc.com/news/articles/cgmneem1e89o?at_medium=RSS&at_campaign=rss already exists.
2025-12-18 20:44:15,164 - INFO - [The Guardian] Early skip: URL https://www.theguardian.com/us-news/2025/dec/17/military-strike-pacific-hegseth already exists.
2025-12-18 20:44:15,448 - INFO - [BBC] Early skip: URL https://www.bbc.com/news/articles/c93wxp2p05xo?at_medium=RSS&at_campaign=rss already exists.
2025-12-18 20:44:15,608 - INFO - [The Guardian] Early skip: URL https://www.theguardian.com/world/2025/dec/17/canada-population-drop-international-students already exists.
2025-12-18 20:44:15,810 - INFO - [BBC] Early skip: URL https://www.bbc.com/news/articles/cp9kv9lld38o?at_medium=RSS&at_campaign=rss already exists.
2025-12-18 20:44:16,027 - INFO - [The Guardian] Early skip: URL https://www.theguardian.com/world/2025/dec/17/canada-polar-bear-adopts-new-cub already exists.
2025-12-18 20:44:16,271 - INFO - [The Guardian] Early skip: URL https://www.theguardian.com/world/2025/dec/18/us-announces-more-than-10bn-of-arms-sales-to-taiwan already exists.
2025-12-18 20:44:16,558 - INFO - [BBC] Early skip: URL https://www.bbc.com/news/articles/ce86j7n6d3do?at_medium=RSS&at_campaign=rss already exists.
2025-12-18 20:44:16,736 - INFO - [The Guardian] Early skip: URL https://www.theguardian.com/environment/2025/dec/18/smart-bins-measuring-food-waste-south-korea already exists.
2025-12-18 20:44:16,975 - INFO - [BBC] Early skip: URL https://www.bbc.com/news/articles/c74xvp00wj3o?at_medium=RSS&at_campaign=rss already exists.
2025-12-18 20:44:17,103 - INFO - [The Guardian] Early skip: URL https://www.theguardian.com/world/2025/dec/18/china-to-raise-tax-condoms-boost-birth-rate already exists.
2025-12-18 20:44:17,255 - INFO - [BBC] Early skip: URL https://www.bbc.com/news/articles/c8e9j84008jo?at_medium=RSS&at_campaign=rss already exists.
2025-12-18 20:44:17,419 - INFO - [The Guardian] Early skip: URL https://www.theguardian.com/australia-news/2025/dec/17/bondi-terror-suspects-spent-whole-philippines-visit-in-city-and-rarely-left-hotel-staff-and-police-say already exists.
2025-12-18 20:44:17,581 - INFO - [BBC] Early skip: URL https://www.bbc.com/news/articles/czxgrl4937yo?at_medium=RSS&at_campaign=rss already exists.
2025-12-18 20:44:17,804 - INFO - [The Guardian] Early skip: URL https://www.theguardian.com/world/2025/dec/16/trump-urges-xi-jinping-to-free-hk-pro-democracy-media-tycoon-jimmy-lai already exists.
2025-12-18 20:44:18,055 - INFO - [BBC] Early skip: URL https://www.bbc.com/news/articles/cx239pp7gl7o?at_medium=RSS&at_campaign=rss already exists.
2025-12-18 20:44:18,304 - INFO - [The Guardian] Early skip: URL https://www.theguardian.com/australia-news/live/2025/dec/19/australia-news-live-bondi-terror-attack-latest-updates-antisemitism-liverpool-suspects-victims-funeral-hate-speech-preachers-ntwnfb already exists.
2025-12-18 20:44:18,439 - INFO - [BBC] Early skip: URL https://www.bbc.com/news/articles/cvgj0p5yl92o?at_medium=RSS&at_campaign=rss already exists.
2025-12-18 20:44:18,568 - INFO - [The Guardian] Early skip: URL https://www.theguardian.com/australia-news/2025/dec/19/social-media-companies-allowed-antisemitic-hate-to-flow-unchecked-australias-race-discrimination-commissioner-says-ntwnfb already exists.
2025-12-18 20:44:18,784 - INFO - [BBC] Early skip: URL https://www.bbc.com/news/articles/c74xvp00wj3o?at_medium=RSS&at_campaign=rss already exists.
2025-12-18 20:44:18,965 - INFO - [The Guardian] Early skip: URL https://www.theguardian.com/australia-news/2025/dec/18/peak-jewish-body-anthony-albanese-antisemitism-hate-speech-bondi-beach-terror-attack-ntwnfb already exists.
2025-12-18 20:44:19,233 - INFO - [The Guardian] Early skip: URL https://www.theguardian.com/australia-news/2025/dec/18/former-townsville-mayor-troy-thompson-epilepsy-claim-electromagnetic-pulse-bracelet-ntwnfb already exists.
2025-12-18 20:44:19,473 - INFO - [BBC] Early skip: URL https://www.bbc.com/news/articles/c4gej5ezyypo?at_medium=RSS&at_campaign=rss already exists.
2025-12-18 20:44:19,683 - INFO - [The Guardian] Early skip: URL https://www.theguardian.com/australia-news/2025/dec/18/police-detain-seven-men-in-sydney-over-fear-of-violent-act-being-planned already exists.
2025-12-18 20:44:19,900 - INFO - [BBC] Early skip: URL https://www.bbc.com/sport/football/articles/cwyvdrkd9j7o?at_medium=RSS&at_campaign=rss already exists.
2025-12-18 20:44:20,134 - INFO - [The Guardian] Early skip: URL https://www.theguardian.com/world/2025/dec/18/denmark-says-russia-was-behind-two-destructive-and-disruptive-cyber-attacks already exists.
2025-12-18 20:44:20,295 - INFO - [BBC] Early skip: URL https://www.bbc.com/news/articles/c865exedy24o?at_medium=RSS&at_campaign=rss already exists.
2025-12-18 20:44:20,503 - INFO - [The Guardian] Early skip: URL https://www.theguardian.com/world/live/2025/dec/18/eu-frozen-russian-assets-ukraine-war-europe-latest-news-updates already exists.
2025-12-18 20:44:20,797 - INFO - [BBC] Early skip: URL https://www.bbc.com/news/articles/cx2e6r10rdeo?at_medium=RSS&at_campaign=rss already exists.
2025-12-18 20:44:21,045 - INFO - [The Guardian] Early skip: URL https://www.theguardian.com/world/2025/dec/18/eu-leaders-summit-funding-deal-for-ukraine already exists.
2025-12-18 20:44:21,197 - INFO - [BBC] Early skip: URL https://www.bbc.com/news/articles/cx2p4vw595jo?at_medium=RSS&at_campaign=rss already exists.
2025-12-18 20:44:21,373 - INFO - [The Guardian] Early skip: URL https://www.theguardian.com/world/2025/dec/18/denmark-ghetto-law-parallel-societies-may-be-unlawful-eu already exists.
2025-12-18 20:44:21,539 - INFO - [BBC] Early skip: URL https://www.bbc.com/news/articles/c1kpr0dg130o?at_medium=RSS&at_campaign=rss already exists.
2025-12-18 20:44:21,708 - INFO - [The Guardian] Early skip: URL https://www.theguardian.com/film/2025/dec/18/why-isnt-everyone-talking-about-domhnall-gleeson-irish-actor-wins-first-hollywood-award already exists.
2025-12-18 20:44:21,855 - INFO - Selenium driver initialized successfully.
2025-12-18 20:44:21,855 - INFO - Starting scrape for The Hindu RSS feed: https://www.thehindu.com/news/national/feeder/default.rss
2025-12-18 20:44:21,856 - INFO - Selenium driver initialized successfully.
2025-12-18 20:44:21,856 - INFO - Starting scrape for Times of India RSS feed: https://timesofindia.indiatimes.com/rssfeeds/296589292.cms
2025-12-18 20:44:21,945 - INFO - [BBC] Early skip: URL https://www.bbc.com/news/articles/c2468q3y75vo?at_medium=RSS&at_campaign=rss already exists.
2025-12-18 20:44:21,966 - INFO - Found 100 articles in The Hindu RSS feed. Processing up to 30.
2025-12-18 20:44:22,043 - INFO - Found 20 articles in Times of India RSS feed. Processing up to 30.
2025-12-18 20:44:22,073 - INFO - [The Guardian] Early skip: URL https://www.theguardian.com/world/2025/dec/18/rainfall-iran-hormuz-island-red-beach already exists.
2025-12-18 20:44:22,266 - INFO - [The Hindu] Early skip: URL https://www.thehindu.com/news/national/karnataka/two-wheelers-autorickshaws-continue-to-flout-ban-on-bengalurumysuru-highway-commuters-raise-safety-concerns/article70412282.ece already exists.
2025-12-18 20:44:22,489 - INFO - [Times of India] Article: https://timesofindia.indiatimes.com/world/us/greg-biffles-plane-crashes-as-he-was-flying-to-florida-with-family-to-meet-friend-we-are-devastated/articleshow/126064511.cms
2025-12-18 20:44:22,489 - INFO - [Times of India] Attempt 1/1: Trying with 'selenium_browser' strategy...
2025-12-18 20:44:22,490 - INFO - [BBC] Early skip: URL https://www.bbc.com/news/articles/c98nm1ry38jo?at_medium=RSS&at_campaign=rss already exists.
2025-12-18 20:44:22,650 - INFO - [The Guardian] Early skip: URL https://www.theguardian.com/world/2025/dec/18/saudi-backed-forces-yemen-border-separatists-stc already exists.
2025-12-18 20:44:22,855 - INFO - [The Guardian] Early skip: URL https://www.theguardian.com/us-news/2025/dec/17/peter-arnett-dead-vietnam-gulf-war already exists.
2025-12-18 20:44:23,000 - INFO - [BBC] Early skip: URL https://www.bbc.com/news/articles/czxp998rd9ko?at_medium=RSS&at_campaign=rss already exists.
2025-12-18 20:44:23,202 - INFO - [The Hindu] Article: https://www.thehindu.com/news/national/tamil-nadu/palaniswami-says-his-partys-alliance-is-only-for-electoral-success/article70412865.ece
2025-12-18 20:44:23,202 - INFO - [The Hindu] Attempt 1/1: Trying with 'selenium_browser' strategy...
2025-12-18 20:44:23,203 - INFO - [The Guardian] Early skip: URL https://www.theguardian.com/world/2025/dec/16/victims-iran-crackdown-criminal-complaint-officials already exists.
2025-12-18 20:44:23,496 - INFO - [The Guardian] Early skip: URL https://www.theguardian.com/world/2025/dec/16/syria-ahmed-al-ahmed-who-disarmed-bondi-shooter-lauded-in-home-town already exists.
2025-12-18 20:44:23,797 - INFO - [BBC] Early skip: URL https://www.bbc.com/news/articles/c1dz6wgn2w9o?at_medium=RSS&at_campaign=rss already exists.
2025-12-18 20:44:23,916 - INFO - [BBC] Early skip: URL https://www.bbc.com/news/articles/cgl66ez489po?at_medium=RSS&at_campaign=rss already exists.
2025-12-18 20:44:24,192 - INFO - [BBC] Early skip: URL https://www.bbc.com/news/articles/c4g562vz34ro?at_medium=RSS&at_campaign=rss already exists.
2025-12-18 20:44:24,335 - INFO - [BBC] Early skip: URL https://www.bbc.com/news/articles/cyvg17y24jmo?at_medium=RSS&at_campaign=rss already exists.
2025-12-18 20:44:24,626 - INFO - [BBC] Early skip: URL https://www.bbc.com/news/articles/cvgr488vlmmo?at_medium=RSS&at_campaign=rss already exists.
2025-12-18 20:44:24,785 - INFO - [BBC] Early skip: URL https://www.bbc.com/news/videos/clyx60v23g6o?at_medium=RSS&at_campaign=rss already exists.
2025-12-18 20:44:25,045 - INFO - [BBC] Article: https://www.bbc.com/news/videos/c5yjvx4vp5do?at_medium=RSS&at_campaign=rss
2025-12-18 20:44:25,046 - INFO - [BBC] Attempt 1/1: Trying with 'requests_browser' strategy...
2025-12-18 20:44:25,550 - WARNING - [BBC] FAILED with 'requests_browser' (content was too short: 77 words).
2025-12-18 20:44:25,551 - ERROR - [BBC] All scrape strategies failed for https://www.bbc.com/news/videos/c5yjvx4vp5do?at_medium=RSS&at_campaign=rss. Falling back to RSS description.
2025-12-18 20:44:25,551 - WARNING - SKIPPED (GLOBAL WORD LIMIT): Article 'Mourners pay tribute to Rabbi Schlanger during funeral' from BBC has only 17 words (Min: 90).
2025-12-18 20:44:28,494 - INFO - [The Hindu] Page content loaded.
2025-12-18 20:44:28,879 - INFO - [The Hindu] Success with 'selenium_browser'. Found content (194 words).
2025-12-18 20:44:45,818 - ERROR - [Times of India] Request failed for strategy 'selenium_browser' on URL https://timesofindia.indiatimes.com/world/us/greg-biffles-plane-crashes-as-he-was-flying-to-florida-with-family-to-meet-friend-we-are-devastated/articleshow/126064511.cms: Message: timeout: Timed out receiving message from renderer: 19.706
  (Session info: chrome=143.0.7499.109)
Stacktrace:
#0 0x56142932619a <unknown>
#1 0x561428da3c4b <unknown>
#2 0x561428d8bcf3 <unknown>
#3 0x561428d8b9d6 <unknown>
#4 0x561428d89897 <unknown>
#5 0x561428d8a1af <unknown>
#6 0x561428d98970 <unknown>
#7 0x561428db2017 <unknown>
#8 0x561428db86cb <unknown>
#9 0x561428d8a8d8 <unknown>
#10 0x561428db1dc3 <unknown>
#11 0x561428e40f60 <unknown>
#12 0x561428de7c42 <unknown>
#13 0x561428de88f1 <unknown>
#14 0x5614292eef39 <unknown>
#15 0x5614292f1e7d <unknown>
#16 0x5614292d7c81 <unknown>
#17 0x5614292f2a5b <unknown>
#18 0x5614292bea50 <unknown>
#19 0x561429313aa8 <unknown>
#20 0x561429313c79 <unknown>
#21 0x5614293254f3 <unknown>
#22 0x7ff34c09caa4 <unknown>
#23 0x7ff34c129c6c <unknown>

2025-12-18 20:44:45,818 - ERROR - [Times of India] All scrape strategies failed for https://timesofindia.indiatimes.com/world/us/greg-biffles-plane-crashes-as-he-was-flying-to-florida-with-family-to-meet-friend-we-are-devastated/articleshow/126064511.cms. Falling back to RSS description.
2025-12-18 20:44:45,818 - WARNING - SKIPPED (GLOBAL WORD LIMIT): Article 'Greg Biffle's plane crashes as he was flying to Florida with family to meet friend: Devastated' from Times of India has only 3 words (Min: 90).
2025-12-18 20:44:55,975 - INFO - Saved article: Palaniswami says his party’s alliance is only for electoral success - The Hindu from The Hindu (194 words)
2025-12-18 20:44:55,976 - INFO - [Times of India] Early skip: URL https://timesofindia.indiatimes.com/world/us-streamers/mike-liaory-accident-goes-viral-after-kick-stream-shows-red-light-crash-in-los-angeles-traffic/articleshow/126064487.cms already exists.
2025-12-18 20:44:56,223 - INFO - [Times of India] Early skip: URL https://timesofindia.indiatimes.com/world/us-streamers/aint-no-way-nina-lin-addresses-twitch-permaban-rumors-after-viral-target-stream/articleshow/126064457.cms already exists.
2025-12-18 20:44:56,442 - INFO - [Times of India] Early skip: URL https://timesofindia.indiatimes.com/world/us/what-happened-to-greg-biffles-cessna-550-shortly-after-it-took-off-from-ncs-statesville-airport/articleshow/126063387.cms already exists.
2025-12-18 20:44:56,729 - INFO - [Times of India] Early skip: URL https://timesofindia.indiatimes.com/world/us/befriending-others-for-status-katie-millers-mean-girls-past-resurfaces-as-classmates-speak-out/articleshow/126063194.cms already exists.
2025-12-18 20:44:57,003 - INFO - [Times of India] Early skip: URL https://timesofindia.indiatimes.com/world/south-asia/bangladesh-who-was-sharif-osman-hadi-key-figure-in-sheikh-hasina-ouster/articleshow/126062393.cms already exists.
2025-12-18 20:44:57,291 - INFO - [Times of India] Early skip: URL https://timesofindia.indiatimes.com/world/us/were-greg-biffle-family-on-board-when-cessna-c550-jet-crashed-in-north-carolina-heres-what-we-know-so-far/articleshow/126062755.cms already exists.
2025-12-18 20:44:57,482 - INFO - [The Hindu] Early skip: URL https://www.thehindu.com/news/national/tamil-nadu/cm-stalin-inaugurates-new-projects-in-kolathur/article70412284.ece already exists.
2025-12-18 20:44:57,745 - INFO - [Times of India] Early skip: URL https://timesofindia.indiatimes.com/world/us/first-american-pope-appoints-bishop-ronald-hicks-as-new-yorks-next-archbishop/articleshow/126061479.cms already exists.
2025-12-18 20:44:58,029 - INFO - [The Hindu] Early skip: URL https://www.thehindu.com/news/national/tamil-nadu/finding-resolution-to-tariff-issues-with-us-the-only-way-to-address-exchange-rate-issues-c-rangarajan/article70411802.ece already exists.
2025-12-18 20:44:58,204 - INFO - [Times of India] Early skip: URL https://timesofindia.indiatimes.com/world/south-asia/bangladesh-youth-leader-sharif-osman-hadi-dies-in-singapore-succumbed-to-injuries-after-assassination-attempt/articleshow/126062375.cms already exists.
2025-12-18 20:44:58,445 - INFO - [The Hindu] Early skip: URL https://www.thehindu.com/news/cities/kolkata/temporary-relief-for-sacked-bengal-teachers-after-sc-order-on-extension-of-recruitment-deadline/article70412017.ece already exists.
2025-12-18 20:44:58,581 - INFO - [Times of India] Early skip: URL https://timesofindia.indiatimes.com/world/us/potential-risk-immigration-attorney-says-working-remotely-from-india-over-visa-appointment-delay-can-raise-questions-when-you-re-enter/articleshow/126061794.cms already exists.
2025-12-18 20:44:58,724 - INFO - [The Hindu] Early skip: URL https://www.thehindu.com/news/national/punjab/punjab-farmers-stage-protests-against-bill/article70412012.ece already exists.
2025-12-18 20:44:58,924 - INFO - [Times of India] Early skip: URL https://timesofindia.indiatimes.com/world/us/two-haitian-immigrants-charged-in-7-million-snap-fraud-scheme/articleshow/126061494.cms already exists.
2025-12-18 20:44:59,161 - INFO - [The Hindu] Early skip: URL https://www.thehindu.com/news/national/punjab/aapcredits-governance-for-punjab-rural-poll-victoryoppn-alleges-power-abuse/article70412322.ece already exists.
2025-12-18 20:44:59,325 - INFO - [Times of India] Early skip: URL https://timesofindia.indiatimes.com/world/us/burn-in-the-usa-trump-admin-to-speed-up-denaturalization/articleshow/126060779.cms already exists.
2025-12-18 20:44:59,608 - INFO - [The Hindu] Early skip: URL https://www.thehindu.com/news/cities/chennai/more-land-being-acquired-to-construct-flyovers-on-cth-road/article70412873.ece already exists.
2025-12-18 20:44:59,794 - INFO - [Times of India] Early skip: URL https://timesofindia.indiatimes.com/world/us/absolutely-trump-says-he-would-denaturalize-100-200-people-per-month-in-2026-if-/articleshow/126060401.cms already exists.
2025-12-18 20:44:59,994 - INFO - [Times of India] Early skip: URL https://timesofindia.indiatimes.com/world/us-streamers/completely-ignorant-inside-the-ball-and-gun-gamer-debate-and-why-the-black-hokage-is-critical-of-the-modern-gaming-culture-at-large/articleshow/126060274.cms already exists.
2025-12-18 20:45:00,218 - INFO - [The Hindu] Early skip: URL https://www.thehindu.com/news/national/andhra-pradesh/drone-tech-lab-opened-at-vikrama-simhapuri-university/article70412456.ece already exists.
2025-12-18 20:45:00,335 - INFO - [Times of India] Early skip: URL https://timesofindia.indiatimes.com/world/us/indian-origin-techie-at-centre-of-anti-india-hate-hackathon-says-he-has-landed-his-dream-job-at-xai/articleshow/126060233.cms already exists.
2025-12-18 20:45:00,496 - INFO - [The Hindu] Early skip: URL https://www.thehindu.com/news/cities/Hyderabad/cyberabad-police-sports-meet-ends-on-high-note-celebrating-fitness-unity-and-service/article70412579.ece already exists.
2025-12-18 20:45:00,731 - INFO - [Times of India] Early skip: URL https://timesofindia.indiatimes.com/world/us/this-guy-fled-india-shri-thanedar-under-fire-for-pushing-h-1b-agenda-at-bipartisan-hearing/articleshow/126060135.cms already exists.
2025-12-18 20:45:01,032 - INFO - [The Hindu] Early skip: URL https://www.thehindu.com/news/national/uttar-pradesh/sar-tan-se-juda-slogan-is-a-challenge-to-the-authority-of-law-as-well-as-sovereignty-of-india-says-allahabad-high-court/article70413070.ece already exists.
2025-12-18 20:45:01,227 - INFO - [The Hindu] Article: https://www.thehindu.com/news/national/andhra-pradesh/spurious-liquor-case-bail-rejected-to-former-minister-jogi-ramesh-three-others/article70413101.ece
2025-12-18 20:45:01,227 - INFO - [The Hindu] Attempt 1/1: Trying with 'selenium_browser' strategy...
2025-12-18 20:45:01,228 - INFO - [Times of India] Early skip: URL https://timesofindia.indiatimes.com/world/us-streamers/why-did-cdawgva-fire-shots-at-solluminati-youtuber-faces-major-backlash-after-his-viral-comments-on-ironmouse/articleshow/126059769.cms already exists.
2025-12-18 20:45:01,498 - INFO - [Times of India] Early skip: URL https://timesofindia.indiatimes.com/world/us/aoc-says-she-would-stomp-jd-vance-in-2028-presidential-race-as-poll-shows-her-narrowly-ahead/articleshow/126059390.cms already exists.
2025-12-18 20:45:01,760 - INFO - [Times of India] Early skip: URL https://timesofindia.indiatimes.com/world/us/bill-clinton-took-epstein-ghislaine-to-moroccan-kings-2002-wedding-as-his-plus-twos-claims-report/articleshow/126059286.cms already exists.
2025-12-18 20:45:01,990 - INFO - [Times of India] Early skip: URL https://timesofindia.indiatimes.com/world/us/sleepy-joe-divisive-obama-donald-trump-turns-presidential-hall-of-fame-display-into-permament-reply-thread/articleshow/126059162.cms already exists.
2025-12-18 20:45:02,279 - INFO - [Times of India] (Thread) Finished. Attempting to shut down its Selenium driver.
2025-12-18 20:45:02,646 - INFO - [Times of India] (Thread) driver.quit() successful.
2025-12-18 20:45:03,918 - INFO - [The Hindu] Page content loaded.
2025-12-18 20:45:03,966 - WARNING - [The Hindu] FAILED with 'selenium_browser' (content was too short: 85 words).
2025-12-18 20:45:03,966 - ERROR - [The Hindu] All scrape strategies failed for https://www.thehindu.com/news/national/andhra-pradesh/spurious-liquor-case-bail-rejected-to-former-minister-jogi-ramesh-three-others/article70413101.ece. Falling back to RSS description.
2025-12-18 20:45:03,967 - WARNING - SKIPPED (GLOBAL WORD LIMIT): Article 'Spurious liquor case: bail rejected to former Minister Jogi Ramesh, three others' from The Hindu has only 3 words (Min: 90).
2025-12-18 20:45:04,926 - INFO - [The Hindu] Article: https://www.thehindu.com/news/national/kerala/kerala-hc-judge-to-be-sikkim-cj/article70412917.ece
2025-12-18 20:45:04,926 - INFO - [The Hindu] Attempt 1/1: Trying with 'selenium_browser' strategy...
2025-12-18 20:45:06,340 - INFO - [The Hindu] Page content loaded.
2025-12-18 20:45:06,503 - WARNING - [The Hindu] FAILED with 'selenium_browser' (content was too short: 57 words).
2025-12-18 20:45:06,503 - ERROR - [The Hindu] All scrape strategies failed for https://www.thehindu.com/news/national/kerala/kerala-hc-judge-to-be-sikkim-cj/article70412917.ece. Falling back to RSS description.
2025-12-18 20:45:06,504 - WARNING - SKIPPED (GLOBAL WORD LIMIT): Article 'Kerala HC judge to be Sikkim CJ' from The Hindu has only 3 words (Min: 90).
2025-12-18 20:45:07,082 - INFO - [The Hindu] Early skip: URL https://www.thehindu.com/news/national/kerala/indian-cultural-congress-2025-in-kochi-from-december-19/article70412880.ece already exists.
2025-12-18 20:45:07,298 - INFO - [The Hindu] Early skip: URL https://www.thehindu.com/entertainment/music/samji-arattupuzhas-new-song-captures-the-nostalgia-of-kerala-church-band-music/article70409952.ece already exists.
2025-12-18 20:45:07,466 - INFO - [The Hindu] Early skip: URL https://www.thehindu.com/news/national/tamil-nadu/ec-to-publish-integrated-draft-electoral-roll-for-tamil-nadu-on-december-19/article70412104.ece already exists.
2025-12-18 20:45:07,738 - INFO - [The Hindu] Early skip: URL https://www.thehindu.com/news/national/tamil-nadu/stalin-writes-to-modi-conveying-tamil-nadus-objections-to-vb-g-ram-g-bill/article70412079.ece already exists.
2025-12-18 20:45:07,846 - INFO - [The Hindu] Early skip: URL https://www.thehindu.com/news/national/kerala/nobel-laureate-delivers-eminent-scholar-lecture-at-cusat/article70412571.ece already exists.
2025-12-18 20:45:07,977 - INFO - [The Hindu] Early skip: URL https://www.thehindu.com/news/national/tamil-nadu/tn-inks-mou-with-schneider-electric-for-projects-worth-718-crore/article70412296.ece already exists.
2025-12-18 20:45:08,259 - INFO - [The Hindu] Early skip: URL https://www.thehindu.com/news/national/kerala/digitisation-of-sir-forms-completed-in-kozhikode/article70412974.ece already exists.
2025-12-18 20:45:08,391 - INFO - [The Hindu] Early skip: URL https://www.thehindu.com/news/national/kerala/activists-demand-removal-of-soil-dumped-in-kottooli-wetlands/article70412007.ece already exists.
2025-12-18 20:45:08,498 - INFO - [The Hindu] Early skip: URL https://www.thehindu.com/news/national/karnataka/seven-booked-for-extortion-assault-in-byadarahalli/article70412550.ece already exists.
2025-12-18 20:45:08,780 - INFO - [The Hindu] Early skip: URL https://www.thehindu.com/news/national/karnataka/karnataka-cabinet-clears-project-for-processing-construction-waste-in-bengaluru-slew-of-nk-projects/article70412991.ece already exists.
2025-12-18 20:45:09,049 - INFO - [The Hindu] Early skip: URL https://www.thehindu.com/news/national/operation-sindoor-highlighted-indias-decisive-air-power-says-rajnath-singh/article70412126.ece already exists.
2025-12-18 20:45:09,310 - INFO - [The Hindu] Early skip: URL https://www.thehindu.com/news/cities/Hyderabad/rbi-governor-urges-idrbt-to-shape-strategy-to-mitigate-minimise-digital-frauds/article70412797.ece already exists.
2025-12-18 20:45:09,514 - INFO - [The Hindu] Early skip: URL https://www.thehindu.com/news/national/telangana/ghmc-acts-tough-suspends-two-bill-collectors/article70412612.ece already exists.
2025-12-18 20:45:09,755 - INFO - [The Hindu] Early skip: URL https://www.thehindu.com/entertainment/art/ram-sutar-the-statue-man-of-india-passes-away/article70413057.ece already exists.
2025-12-18 20:45:09,975 - INFO - [The Hindu] Early skip: URL https://www.thehindu.com/news/national/kerala/screenings-of-6-films-cancelled-at-iffk-pookutty-says-academy-decided-to-give-in/article70413059.ece already exists.
2025-12-18 20:45:10,120 - INFO - [The Hindu] Early skip: URL https://www.thehindu.com/news/national/kerala/kochi-mayor-will-not-be-chosen-based-on-caste-or-religious-equations-says-satheesan/article70412568.ece already exists.
2025-12-18 20:45:10,310 - INFO - [The Hindu] Early skip: URL https://www.thehindu.com/news/national/karnataka/karnataka-hc-sets-aside-decision-to-discontinue-jan-aushadhi-kendras-on-government-hospital-premises/article70412018.ece already exists.
2025-12-18 20:45:10,521 - INFO - [The Hindu] (Thread) Finished. Attempting to shut down its Selenium driver.
2025-12-18 20:45:10,662 - INFO - [The Hindu] (Thread) driver.quit() successful.
2025-12-18 20:45:10,662 - INFO - Shutting down thread pool (wait=False)...
2025-12-18 20:45:10,662 - INFO - Scraped: 0 Times of India, 1 The Hindu, 0 BBC, 0 The Guardian articles. (Total saved: 1)
2025-12-18 20:45:10,663 - INFO - --- Scraping job finished ---
2025-12-18 20:45:10,668 - INFO - --- Scraper service stopped and database connection closed. ---
2025-12-18 20:45:10,668 - INFO - --- Main thread finished. Forcing process exit to kill zombie threads. ---
