2025-12-15 17:26:56,936 - INFO - Loading AI Semantic Model (all-MiniLM-L6-v2)...
2025-12-15 17:26:56,937 - INFO - Use pytorch device_name: cpu
2025-12-15 17:26:56,937 - INFO - Load pretrained SentenceTransformer: all-MiniLM-L6-v2
2025-12-15 17:26:58,224 - INFO - AI Model loaded successfully.
2025-12-15 17:26:58,224 - INFO - --- Scraper service started (CI Mode: Run Once) ---
2025-12-15 17:26:58,224 - INFO - --- Starting new scraping job (Parallel Mode) ---
2025-12-15 17:26:58,224 - INFO - Creating new robust session with 3 retries on 5xx/connection/read errors.
2025-12-15 17:26:58,224 - INFO - Proxy is DISABLED.
2025-12-15 17:26:58,224 - INFO - Starting scrape for BBC RSS feed: http://feeds.bbci.co.uk/news/world/rss.xml
2025-12-15 17:26:58,225 - INFO - [Times of India] (Thread) requires Selenium. Initializing driver...
2025-12-15 17:26:58,226 - INFO - Starting scrape for The Guardian RSS feed: https://www.theguardian.com/world/rss
2025-12-15 17:26:58,227 - INFO - [The Hindu] (Thread) requires Selenium. Initializing driver...
2025-12-15 17:26:58,227 - INFO - Submitted 4 jobs to thread pool. Waiting up to 300s for completion...
2025-12-15 17:26:58,317 - INFO - Found 40 articles in BBC RSS feed. Processing up to 30.
2025-12-15 17:26:58,318 - INFO - [BBC] Early skip: URL https://www.bbc.com/news/articles/ckgz15d5718o?at_medium=RSS&at_campaign=rss already exists.
2025-12-15 17:26:58,364 - INFO - Found 45 articles in The Guardian RSS feed. Processing up to 30.
2025-12-15 17:26:58,476 - INFO - [The Guardian] Early skip: URL https://www.theguardian.com/education/2025/dec/14/ghana-students-uk-universities-face-deportion-funding-crisis already exists.
2025-12-15 17:26:58,616 - INFO - [BBC] Early skip: URL https://www.bbc.com/news/articles/cjrjq2v7l3po?at_medium=RSS&at_campaign=rss already exists.
2025-12-15 17:26:58,902 - INFO - [The Guardian] Early skip: URL https://www.theguardian.com/science/2025/dec/15/little-foot-hominin-fossil-may-be-new-species-of-human-ancestor already exists.
2025-12-15 17:26:59,094 - INFO - [BBC] Early skip: URL https://www.bbc.com/news/articles/cp844kjj37vo?at_medium=RSS&at_campaign=rss already exists.
2025-12-15 17:26:59,315 - INFO - [The Guardian] Early skip: URL https://www.theguardian.com/world/2025/dec/13/drone-strike-on-un-facility-in-war-torn-sudan-leaves-six-peacekeepers-dead already exists.
2025-12-15 17:26:59,501 - INFO - [BBC] Early skip: URL https://www.bbc.com/news/articles/cjwyzlly6eno?at_medium=RSS&at_campaign=rss already exists.
2025-12-15 17:26:59,771 - INFO - [The Guardian] Early skip: URL https://www.theguardian.com/world/2025/dec/13/us-accuses-rwanda-of-violating-peace-deal already exists.
2025-12-15 17:26:59,941 - INFO - [BBC] Early skip: URL https://www.bbc.com/news/articles/cdxwg94v4veo?at_medium=RSS&at_campaign=rss already exists.
2025-12-15 17:27:00,224 - INFO - [The Guardian] Early skip: URL https://www.theguardian.com/us-news/2025/dec/12/trump-ends-temporary-legal-status-ethiopia already exists.
2025-12-15 17:27:00,483 - INFO - [BBC] Early skip: URL https://www.bbc.com/news/articles/c0kde07lvvro?at_medium=RSS&at_campaign=rss already exists.
2025-12-15 17:27:00,701 - INFO - [The Guardian] Early skip: URL https://www.theguardian.com/world/2025/dec/15/maria-corina-machado-venezuela-norway already exists.
2025-12-15 17:27:00,905 - INFO - [BBC] Early skip: URL https://www.bbc.com/news/articles/ckg9ll6jpl0o?at_medium=RSS&at_campaign=rss already exists.
2025-12-15 17:27:01,086 - INFO - [The Guardian] Early skip: URL https://www.theguardian.com/world/2025/dec/15/jose-antonio-kast-wins-election-chile-president already exists.
2025-12-15 17:27:01,261 - INFO - [BBC] Early skip: URL https://www.bbc.com/news/articles/cvg1r89m6g7o?at_medium=RSS&at_campaign=rss already exists.
2025-12-15 17:27:01,362 - INFO - [The Guardian] Early skip: URL https://www.theguardian.com/us-news/2025/dec/14/jetblue-pilot-avoids-midair-collision-air-force-venezuela already exists.
2025-12-15 17:27:01,585 - INFO - [BBC] Early skip: URL https://www.bbc.com/news/articles/c2dz7r708dxo?at_medium=RSS&at_campaign=rss already exists.
2025-12-15 17:27:01,767 - INFO - [The Guardian] Early skip: URL https://www.theguardian.com/world/2025/dec/14/chile-presidential-election already exists.
2025-12-15 17:27:02,014 - INFO - [BBC] Early skip: URL https://www.bbc.com/news/articles/cx2dklj3rxvo?at_medium=RSS&at_campaign=rss already exists.
2025-12-15 17:27:02,208 - INFO - [The Guardian] Early skip: URL https://www.theguardian.com/world/2025/dec/13/venezuela-oil-exports-reportedly-fall-sharply-after-us-seizure-of-tanker-skipper already exists.
2025-12-15 17:27:02,490 - INFO - [BBC] Early skip: URL https://www.bbc.com/news/videos/cy4xgxm2848o?at_medium=RSS&at_campaign=rss already exists.
2025-12-15 17:27:02,761 - INFO - [The Guardian] Early skip: URL https://www.theguardian.com/world/2025/dec/15/uk-condemns-hong-kongs-politically-motivated-targeting-of-jimmy-lai-after-conviction already exists.
2025-12-15 17:27:02,952 - INFO - [BBC] Early skip: URL https://www.bbc.com/news/articles/c9d9vpxjp2go?at_medium=RSS&at_campaign=rss already exists.
2025-12-15 17:27:03,170 - INFO - [The Guardian] Early skip: URL https://www.theguardian.com/world/2025/dec/15/jimmy-lai-verdict-hong-kong-judges-national-security-charges already exists.
2025-12-15 17:27:03,316 - INFO - [BBC] Early skip: URL https://www.bbc.com/news/articles/c4g66nll48do?at_medium=RSS&at_campaign=rss already exists.
2025-12-15 17:27:03,584 - INFO - [The Guardian] Early skip: URL https://www.theguardian.com/world/live/2025/dec/15/jimmy-lai-verdict-hong-kong-court-national-security-charges-live already exists.
2025-12-15 17:27:03,711 - INFO - [BBC] Early skip: URL https://www.bbc.com/news/articles/c0l9954yr9ko?at_medium=RSS&at_campaign=rss already exists.
2025-12-15 17:27:03,873 - INFO - [The Guardian] Early skip: URL https://www.theguardian.com/world/2025/dec/14/hong-kong-opposition-democratic-party-disbands-chinese-pressure already exists.
2025-12-15 17:27:04,037 - INFO - [BBC] Early skip: URL https://www.bbc.com/news/articles/cd0kkyx3vvxo?at_medium=RSS&at_campaign=rss already exists.
2025-12-15 17:27:04,233 - INFO - [BBC] Early skip: URL https://www.bbc.com/news/articles/crk777lj763o?at_medium=RSS&at_campaign=rss already exists.
2025-12-15 17:27:04,460 - INFO - [The Guardian] Early skip: URL https://www.theguardian.com/world/2025/dec/12/thailand-and-cambodia-agree-to-restart-ceasefire-brokered-by-us-says-trump already exists.
2025-12-15 17:27:04,641 - INFO - [BBC] Early skip: URL https://www.bbc.com/news/articles/c5y2271q20lo?at_medium=RSS&at_campaign=rss already exists.
2025-12-15 17:27:04,780 - INFO - [The Guardian] Early skip: URL https://www.theguardian.com/australia-news/2025/dec/15/australian-pm-rejects-netanyahu-linking-palestine-recognition-bondi-beach-attack already exists.
2025-12-15 17:27:04,944 - INFO - [BBC] Early skip: URL https://www.bbc.com/news/articles/c4ge4q8gypzo?at_medium=RSS&at_campaign=rss already exists.
2025-12-15 17:27:05,182 - INFO - [The Guardian] Early skip: URL https://www.theguardian.com/australia-news/2025/dec/15/four-killed-after-minivan-crashes-into-a-tree-in-northern-victoria already exists.
2025-12-15 17:27:05,466 - INFO - [BBC] Early skip: URL https://www.bbc.com/news/articles/cqlkk9qk7vyo?at_medium=RSS&at_campaign=rss already exists.
2025-12-15 17:27:05,699 - INFO - [The Guardian] Early skip: URL https://www.theguardian.com/australia-news/2025/dec/15/pakistani-man-living-in-australia-describes-nightmare-of-being-labelled-as-bondi-attacker already exists.
2025-12-15 17:27:05,990 - INFO - [BBC] Early skip: URL https://www.bbc.com/news/articles/c5yjj2epvlro?at_medium=RSS&at_campaign=rss already exists.
2025-12-15 17:27:06,137 - INFO - [The Guardian] Early skip: URL https://www.theguardian.com/australia-news/2025/dec/15/bondi-beach-terror-attack-father-son-duo-alleged-behind-shooting-licensed-firearms-ntwnfb already exists.
2025-12-15 17:27:06,257 - INFO - [BBC] Early skip: URL https://www.bbc.com/news/articles/cly559exm87o?at_medium=RSS&at_campaign=rss already exists.
2025-12-15 17:27:06,430 - INFO - [The Guardian] Early skip: URL https://www.theguardian.com/australia-news/2025/dec/15/sydneys-suburbs-have-a-frightening-concentration-of-gun-ownership-data-shows already exists.
2025-12-15 17:27:06,647 - INFO - [BBC] Early skip: URL https://www.bbc.com/news/articles/c20gl66r0wno?at_medium=RSS&at_campaign=rss already exists.
2025-12-15 17:27:06,769 - INFO - [The Guardian] Early skip: URL https://www.theguardian.com/world/live/2025/dec/15/ukraine-us-russia-berlin-nato-eu-russian-funds-steve-witkoff-volodymyr-zelenskyy-vladimir-putin-europe-live-news already exists.
2025-12-15 17:27:06,871 - INFO - Selenium driver initialized successfully.
2025-12-15 17:27:06,871 - INFO - Starting scrape for Times of India RSS feed: https://timesofindia.indiatimes.com/rssfeeds/296589292.cms
2025-12-15 17:27:06,872 - INFO - Selenium driver initialized successfully.
2025-12-15 17:27:06,872 - INFO - Starting scrape for The Hindu RSS feed: https://www.thehindu.com/news/national/feeder/default.rss
2025-12-15 17:27:06,960 - INFO - Found 20 articles in Times of India RSS feed. Processing up to 30.
2025-12-15 17:27:07,042 - INFO - [BBC] Early skip: URL https://www.bbc.com/news/articles/c8655gn84ego?at_medium=RSS&at_campaign=rss already exists.
2025-12-15 17:27:07,296 - INFO - [Times of India] Article: https://timesofindia.indiatimes.com/world/us/rob-reiners-son-nick-arrested-on-suspicion-of-homicide-source-says-father-and-son-argued-at-party-before-deaths/articleshow/125986770.cms
2025-12-15 17:27:07,296 - INFO - [Times of India] Attempt 1/1: Trying with 'selenium_browser' strategy...
2025-12-15 17:27:07,297 - INFO - [The Guardian] Early skip: URL https://www.theguardian.com/environment/2025/dec/15/alpine-glaciers-rate-extinction-climate-crisis already exists.
2025-12-15 17:27:07,426 - INFO - [BBC] Early skip: URL https://www.bbc.com/news/articles/clyzzxggl7go?at_medium=RSS&at_campaign=rss already exists.
2025-12-15 17:27:07,594 - INFO - [The Guardian] Early skip: URL https://www.theguardian.com/world/2025/dec/15/member-far-right-afd-party-charged-nazi-salute-reichstag-germany already exists.
2025-12-15 17:27:07,713 - INFO - Found 100 articles in The Hindu RSS feed. Processing up to 30.
2025-12-15 17:27:07,813 - INFO - [BBC] Early skip: URL https://www.bbc.com/news/articles/ckg9l1j9wxno?at_medium=RSS&at_campaign=rss already exists.
2025-12-15 17:27:08,003 - INFO - [The Hindu] Article: https://www.thehindu.com/news/national/karnataka/watch-senior-congress-leader-shamanur-shivashankarappa-passes-away/article70400368.ece
2025-12-15 17:27:08,003 - INFO - [The Hindu] Attempt 1/1: Trying with 'selenium_browser' strategy...
2025-12-15 17:27:08,004 - INFO - [The Guardian] Early skip: URL https://www.theguardian.com/environment/2025/dec/15/eu-trucking-industry-zero-emissions-targets-electric-trucks already exists.
2025-12-15 17:27:08,124 - INFO - [BBC] Early skip: URL https://www.bbc.com/news/articles/c0q5309k1y5o?at_medium=RSS&at_campaign=rss already exists.
2025-12-15 17:27:08,297 - INFO - [The Guardian] Early skip: URL https://www.theguardian.com/world/2025/dec/15/ukraine-talks-european-leaders-meet-berlin-starmer-macron-zelenskyy-merz-us-witkoff already exists.
2025-12-15 17:27:08,582 - INFO - [BBC] Early skip: URL https://www.bbc.com/news/articles/c8dyy47qy82o?at_medium=RSS&at_campaign=rss already exists.
2025-12-15 17:27:08,820 - INFO - [The Guardian] Early skip: URL https://www.theguardian.com/world/2025/dec/13/israel-says-its-military-killed-hamas-commander-raed-saed-in-gaza-city-strike already exists.
2025-12-15 17:27:09,055 - INFO - [The Guardian] Early skip: URL https://www.theguardian.com/world/2025/dec/13/new-israeli-barrier-slice-through-precious-west-bank-farmland already exists.
2025-12-15 17:27:09,292 - INFO - [BBC] Early skip: URL https://www.bbc.com/news/articles/cj38rj0y6k5o?at_medium=RSS&at_campaign=rss already exists.
2025-12-15 17:27:09,525 - INFO - [BBC] Early skip: URL https://www.bbc.com/news/articles/c4gk34k9k23o?at_medium=RSS&at_campaign=rss already exists.
2025-12-15 17:27:09,777 - INFO - [BBC] Early skip: URL https://www.bbc.com/news/articles/cx2dp15zglxo?at_medium=RSS&at_campaign=rss already exists.
2025-12-15 17:27:10,047 - INFO - [The Guardian] Early skip: URL https://www.theguardian.com/world/2025/dec/12/nobel-peace-prize-laureate-narges-mohammadi-arrested-iran already exists.
2025-12-15 17:27:10,279 - INFO - [The Guardian] Early skip: URL https://www.theguardian.com/tv-and-radio/2025/dec/11/nemo-eurovision-winner-2024-hand-back-trophy-protest-israel-taking-part-2025 already exists.
2025-12-15 17:27:10,477 - INFO - [The Guardian] Early skip: URL https://www.theguardian.com/global-development/2025/dec/11/child-bride-spared-execution-iran-blood-money-goli-kouhkan already exists.
2025-12-15 17:27:20,007 - INFO - [The Hindu] Page content loaded.
2025-12-15 17:27:20,175 - WARNING - [The Hindu] FAILED with 'selenium_browser' (content was too short: 80 words).
2025-12-15 17:27:20,176 - ERROR - [The Hindu] All scrape strategies failed for https://www.thehindu.com/news/national/karnataka/watch-senior-congress-leader-shamanur-shivashankarappa-passes-away/article70400368.ece. Falling back to RSS description.
2025-12-15 17:27:20,176 - WARNING - SKIPPED (GLOBAL WORD LIMIT): Article 'Watch: Senior Congress Leader Shamanur Shivashankarappa Passes Away' from The Hindu has only 24 words (Min: 90).
2025-12-15 17:27:21,335 - INFO - [The Hindu] Article: https://www.thehindu.com/news/national/manipur/manipur-bjp-legislators-delhi-meeting-a-crash-course-for-students-congress/article70399763.ece
2025-12-15 17:27:21,335 - INFO - [The Hindu] Attempt 1/1: Trying with 'selenium_browser' strategy...
2025-12-15 17:27:22,199 - INFO - [The Hindu] Page content loaded.
2025-12-15 17:27:22,418 - INFO - [The Hindu] Success with 'selenium_browser'. Found content (326 words).
2025-12-15 17:27:27,447 - ERROR - [Times of India] Request failed for strategy 'selenium_browser' on URL https://timesofindia.indiatimes.com/world/us/rob-reiners-son-nick-arrested-on-suspicion-of-homicide-source-says-father-and-son-argued-at-party-before-deaths/articleshow/125986770.cms: Message: timeout: Timed out receiving message from renderer: 19.670
  (Session info: chrome=143.0.7499.40)
Stacktrace:
#0 0x563c40b5e16a <unknown>
#1 0x563c405dbc4b <unknown>
#2 0x563c405c3cf3 <unknown>
#3 0x563c405c39d6 <unknown>
#4 0x563c405c1897 <unknown>
#5 0x563c405c21af <unknown>
#6 0x563c405d0970 <unknown>
#7 0x563c405ea017 <unknown>
#8 0x563c405f06cb <unknown>
#9 0x563c405c28d8 <unknown>
#10 0x563c405e9dc3 <unknown>
#11 0x563c40678f60 <unknown>
#12 0x563c4061fc42 <unknown>
#13 0x563c406208f1 <unknown>
#14 0x563c40b26f09 <unknown>
#15 0x563c40b29e4d <unknown>
#16 0x563c40b0fc51 <unknown>
#17 0x563c40b2aa2b <unknown>
#18 0x563c40af6a20 <unknown>
#19 0x563c40b4ba78 <unknown>
#20 0x563c40b4bc49 <unknown>
#21 0x563c40b5d4c3 <unknown>
#22 0x7ff02dc9caa4 <unknown>
#23 0x7ff02dd29c6c <unknown>

2025-12-15 17:27:27,447 - ERROR - [Times of India] All scrape strategies failed for https://timesofindia.indiatimes.com/world/us/rob-reiners-son-nick-arrested-on-suspicion-of-homicide-source-says-father-and-son-argued-at-party-before-deaths/articleshow/125986770.cms. Falling back to RSS description.
2025-12-15 17:27:27,448 - WARNING - SKIPPED (GLOBAL WORD LIMIT): Article 'Rob Reiner’s son Nick arrested on suspicion of homicide; source says father and son argued at party before deaths' from Times of India has only 3 words (Min: 90).
2025-12-15 17:27:39,320 - INFO - Saved article: Manipur BJP legislators’ Delhi meeting a crash course for students: Congress - The Hindu from The Hindu (326 words)
2025-12-15 17:27:39,320 - INFO - [Times of India] Article: https://timesofindia.indiatimes.com/world/us/going-to-die-in-canada-indian-origin-jasmeet-singh-charged-in-us-for-cross-border-threats-linked-to-lawrence-bishnoi-gang/articleshow/125986031.cms
2025-12-15 17:27:39,320 - INFO - [Times of India] Attempt 1/1: Trying with 'selenium_browser' strategy...
2025-12-15 17:27:40,432 - INFO - [The Hindu] Article: https://www.thehindu.com/news/national/shanti-bill-spurs-private-sector-to-make-run-nuclear-plants/article70400021.ece
2025-12-15 17:27:40,432 - INFO - [The Hindu] Attempt 1/1: Trying with 'selenium_browser' strategy...
2025-12-15 17:27:42,488 - INFO - [The Hindu] Page content loaded.
2025-12-15 17:27:42,815 - INFO - [The Hindu] Success with 'selenium_browser'. Found content (1124 words).
2025-12-15 17:27:56,602 - INFO - Saved article: SHANTI Bill spurs private sector to make, run nuclear plants - The Hindu from The Hindu (1124 words)
2025-12-15 17:27:57,676 - INFO - [The Hindu] Article: https://www.thehindu.com/news/national/kerala/62-year-old-loses-214-crore-in-alleged-cyber-fraud/article70400212.ece
2025-12-15 17:27:57,676 - INFO - [The Hindu] Attempt 1/1: Trying with 'selenium_browser' strategy...
2025-12-15 17:27:58,520 - INFO - [The Hindu] Page content loaded.
2025-12-15 17:27:58,610 - INFO - [The Hindu] Success with 'selenium_browser'. Found content (120 words).
2025-12-15 17:27:59,380 - ERROR - [Times of India] Request failed for strategy 'selenium_browser' on URL https://timesofindia.indiatimes.com/world/us/going-to-die-in-canada-indian-origin-jasmeet-singh-charged-in-us-for-cross-border-threats-linked-to-lawrence-bishnoi-gang/articleshow/125986031.cms: Message: timeout: Timed out receiving message from renderer: 19.953
  (Session info: chrome=143.0.7499.40)
Stacktrace:
#0 0x563c40b5e16a <unknown>
#1 0x563c405dbc4b <unknown>
#2 0x563c405c3cf3 <unknown>
#3 0x563c405c39d6 <unknown>
#4 0x563c405c1897 <unknown>
#5 0x563c405c21af <unknown>
#6 0x563c405d0970 <unknown>
#7 0x563c405ea017 <unknown>
#8 0x563c405f06cb <unknown>
#9 0x563c405c28d8 <unknown>
#10 0x563c405e9dc3 <unknown>
#11 0x563c40678f60 <unknown>
#12 0x563c4061fc42 <unknown>
#13 0x563c406208f1 <unknown>
#14 0x563c40b26f09 <unknown>
#15 0x563c40b29e4d <unknown>
#16 0x563c40b0fc51 <unknown>
#17 0x563c40b2aa2b <unknown>
#18 0x563c40af6a20 <unknown>
#19 0x563c40b4ba78 <unknown>
#20 0x563c40b4bc49 <unknown>
#21 0x563c40b5d4c3 <unknown>
#22 0x7ff02dc9caa4 <unknown>
#23 0x7ff02dd29c6c <unknown>

2025-12-15 17:27:59,381 - ERROR - [Times of India] All scrape strategies failed for https://timesofindia.indiatimes.com/world/us/going-to-die-in-canada-indian-origin-jasmeet-singh-charged-in-us-for-cross-border-threats-linked-to-lawrence-bishnoi-gang/articleshow/125986031.cms. Falling back to RSS description.
2025-12-15 17:27:59,381 - WARNING - SKIPPED (GLOBAL WORD LIMIT): Article ''Going to die in Canada': Indian-origin Jasmeet Singh charged in US for cross-border threats linked to Lawrence Bishnoi gang' from Times of India has only 3 words (Min: 90).
2025-12-15 17:28:11,092 - INFO - Saved article: 62-year-old loses ₹2.14 crore in alleged cyber fraud - The Hindu from The Hindu (120 words)
2025-12-15 17:28:11,093 - INFO - [Times of India] Article: https://timesofindia.indiatimes.com/etimes/trending/if-youre-on-an-h1-b-visa-indian-origin-jyoti-bansal-explains-how-he-made-billions-of-dollars-from-scratch/articleshow/125985780.cms
2025-12-15 17:28:11,093 - INFO - [Times of India] Attempt 1/1: Trying with 'selenium_browser' strategy...
2025-12-15 17:28:12,047 - INFO - [Times of India] Page content loaded.
2025-12-15 17:28:12,169 - INFO - [Times of India] Success with 'selenium_browser'. Found content (508 words).
2025-12-15 17:28:25,336 - INFO - Saved article: ‘If you’re on an H1-B visa…’: Indian-origin Jyoti Bansal explains how he made billions of dollars from scratch | - The Times of India from Times of India (508 words)
2025-12-15 17:28:25,337 - INFO - [The Hindu] Article: https://www.thehindu.com/videos/watch-lionel-messi-ends-goat-india-tour-with-grand-delhi-finale/article70400327.ece
2025-12-15 17:28:25,337 - INFO - [The Hindu] Attempt 1/1: Trying with 'selenium_browser' strategy...
2025-12-15 17:28:26,567 - INFO - [The Hindu] Page content loaded.
2025-12-15 17:28:26,621 - INFO - [The Hindu] Success with 'selenium_browser'. Found content (139 words).
2025-12-15 17:28:26,657 - INFO - [Times of India] Article: https://timesofindia.indiatimes.com/world/us/incurable-affliction-trump-claims-rob-reiner-killing-linked-to-trump-derangement-syndrome-calls-him-struggling-actor/articleshow/125985896.cms
2025-12-15 17:28:26,663 - INFO - [Times of India] Attempt 1/1: Trying with 'selenium_browser' strategy...
2025-12-15 17:28:29,555 - INFO - [Times of India] Page content loaded.
2025-12-15 17:28:29,752 - INFO - [Times of India] Success with 'selenium_browser'. Found content (441 words).
2025-12-15 17:28:42,858 - INFO - Saved article: Watch: Lionel Messi ends G.O.A.T. India Tour with grand Delhi finale - The Hindu from The Hindu (139 words)
2025-12-15 17:28:55,635 - INFO - Saved article: ‘Incurable affliction’: Trump claims Rob Reiner killing linked to ‘Trump derangement syndrome’, calls him ‘struggling’ actor - The Times of India from Times of India (441 words)
2025-12-15 17:28:55,635 - INFO - [The Hindu] Article: https://www.thehindu.com/news/national/centre-defends-sir-says-the-process-is-based-on-constitutional-framework/article70400222.ece
2025-12-15 17:28:55,635 - INFO - [The Hindu] Attempt 1/1: Trying with 'selenium_browser' strategy...
2025-12-15 17:28:56,278 - INFO - [Times of India] Article: https://timesofindia.indiatimes.com/etimes/trending/shocking-new-evidence-suggests-ancient-egypts-timeline-may-be-off-by-nearly-a-century/articleshow/125983556.cms
2025-12-15 17:28:56,278 - INFO - [Times of India] Attempt 1/1: Trying with 'selenium_browser' strategy...
2025-12-15 17:28:56,789 - INFO - [The Hindu] Page content loaded.
2025-12-15 17:28:57,051 - INFO - [The Hindu] Success with 'selenium_browser'. Found content (666 words).
2025-12-15 17:28:58,379 - INFO - [Times of India] Page content loaded.
2025-12-15 17:28:58,552 - INFO - [Times of India] Success with 'selenium_browser'. Found content (993 words).
2025-12-15 17:29:10,462 - INFO - Saved article: Centre defends SIR, says the process is based on constitutional framework - The Hindu from The Hindu (666 words)
2025-12-15 17:29:21,547 - INFO - Saved article: Shocking new evidence suggests ancient Egypt’s timeline may be off by nearly a century | - The Times of India from Times of India (993 words)
2025-12-15 17:29:21,548 - INFO - [The Hindu] Article: https://www.thehindu.com/news/national/pm-modi-arrives-in-jordan-says-his-visit-will-boost-bilateral-linkages/article70400159.ece
2025-12-15 17:29:21,548 - INFO - [The Hindu] Attempt 1/1: Trying with 'selenium_browser' strategy...
2025-12-15 17:29:22,370 - INFO - [The Hindu] Page content loaded.
2025-12-15 17:29:22,451 - INFO - [The Hindu] Success with 'selenium_browser'. Found content (1034 words).
2025-12-15 17:29:35,157 - INFO - DEDUPLICATION: Found match (Score: 0.86). Linking to Cluster ID: ba29e50a-d142-4c64-8b8b-174acceec06e
2025-12-15 17:29:35,159 - INFO - Saved article: PM Modi and Jordan’s King discuss bilateral ties, exchange perspectives on regional and global issues - The Hindu from The Hindu (1034 words)
2025-12-15 17:29:35,160 - INFO - [Times of India] Article: https://timesofindia.indiatimes.com/world/us/donald-trump-stirs-row-after-calling-rob-reiner-tortured-and-struggling-star-after-death-utterly-disgraceful/articleshow/125984966.cms
2025-12-15 17:29:35,160 - INFO - [Times of India] Attempt 1/1: Trying with 'selenium_browser' strategy...
2025-12-15 17:29:36,156 - INFO - [The Hindu] Article: https://www.thehindu.com/news/national/kerala/two-held-on-charge-of-robbing-us-citizen-of-cash-gold-in-kochi-hotel/article70400093.ece
2025-12-15 17:29:36,156 - INFO - [The Hindu] Attempt 1/1: Trying with 'selenium_browser' strategy...
2025-12-15 17:29:37,272 - INFO - [Times of India] Page content loaded.
2025-12-15 17:29:37,417 - INFO - [Times of India] Success with 'selenium_browser'. Found content (377 words).
2025-12-15 17:29:37,580 - INFO - [The Hindu] Page content loaded.
2025-12-15 17:29:37,752 - INFO - [The Hindu] Success with 'selenium_browser'. Found content (118 words).
2025-12-15 17:29:51,482 - INFO - DEDUPLICATION: Found match (Score: 0.79). Linking to Cluster ID: 9981641d-43da-48d3-9e5e-2a05456b56dd
2025-12-15 17:29:51,483 - INFO - Saved article: Donald Trump stirs row after calling Rob Reiner 'tortured and struggling star' after death: 'Utterly disgraceful' - The Times of India from Times of India (377 words)
2025-12-15 17:30:03,006 - INFO - Saved article: Two held on charge of robbing US citizen of cash, gold in Kochi hotel - The Hindu from The Hindu (118 words)
2025-12-15 17:30:03,007 - INFO - [Times of India] Article: https://timesofindia.indiatimes.com/world/us-streamers/you-just-dont-know-arc-raiders-clash-between-ninja-and-nadeshot-turns-personal-before-cooler-heads-prevail-on-stream/articleshow/125984500.cms
2025-12-15 17:30:03,007 - INFO - [Times of India] Attempt 1/1: Trying with 'selenium_browser' strategy...
2025-12-15 17:30:04,133 - INFO - [Times of India] Page content loaded.
2025-12-15 17:30:04,164 - INFO - [The Hindu] Article: https://www.thehindu.com/news/national/kerala/prisoner-allegedly-assaults-official-in-kannur-jail/article70399879.ece
2025-12-15 17:30:04,165 - INFO - [The Hindu] Attempt 1/1: Trying with 'selenium_browser' strategy...
2025-12-15 17:30:04,307 - INFO - [Times of India] Success with 'selenium_browser'. Found content (419 words).
2025-12-15 17:30:06,035 - INFO - [The Hindu] Page content loaded.
2025-12-15 17:30:06,205 - INFO - [The Hindu] Success with 'selenium_browser'. Found content (95 words).
2025-12-15 17:30:18,712 - INFO - Saved article: “You just don’t know”: Arc Raiders clash between Ninja and Nadeshot turns personal before cooler heads prevail on stream - The Times of India from Times of India (419 words)
2025-12-15 17:30:30,239 - INFO - Saved article: Prisoner allegedly assaults official in Kannur jail - The Hindu from The Hindu (95 words)
2025-12-15 17:30:30,239 - INFO - [Times of India] Early skip: URL https://timesofindia.indiatimes.com/world/rest-of-world/if-you-want-peace-pig-heads-dumped-in-a-muslim-cemetery-in-australia-after-15-killed-in-bondi-beach-shooting/articleshow/125984577.cms already exists.
2025-12-15 17:30:30,425 - INFO - [Times of India] Early skip: URL https://timesofindia.indiatimes.com/world/us/rob-reiner-and-wife-found-with-throats-slit-daughter-tells-police-family-member-should-be-a-suspect/articleshow/125984288.cms already exists.
2025-12-15 17:30:30,594 - INFO - [Times of India] Early skip: URL https://timesofindia.indiatimes.com/world/us-streamers/fortnite-star-turner-tfue-tenney-breaks-his-twitch-silence-after-a-year-with-an-unexpected-confession/articleshow/125983318.cms already exists.
2025-12-15 17:30:30,754 - INFO - [Times of India] Early skip: URL https://timesofindia.indiatimes.com/world/us/djokovic-deported-terrorist-welcomed-trump-jr-attacks-australia-over-bondi-beach-shooting/articleshow/125983617.cms already exists.
2025-12-15 17:30:31,031 - INFO - [Times of India] Early skip: URL https://timesofindia.indiatimes.com/business/international-business/trumps-tariffs-pushing-india-away-congresswoman-pramila-jayapal-warns-us-may-lose-trade-ally-to-russia-and-china/articleshow/125982593.cms already exists.
2025-12-15 17:30:31,264 - INFO - [Times of India] Early skip: URL https://timesofindia.indiatimes.com/world/rest-of-world/my-son-is-a-hero-bondi-saviour-ahmed-al-ahmeds-father-speaks-up-says-he-doesnt-discriminate-people-by-race/articleshow/125983125.cms already exists.
2025-12-15 17:30:31,456 - INFO - [The Hindu] Article: https://www.thehindu.com/news/national/west-bengal/calcutta-hc-to-hear-pils-on-violence-at-messi-event-five-spectators-held/article70399688.ece
2025-12-15 17:30:31,456 - INFO - [The Hindu] Attempt 1/1: Trying with 'selenium_browser' strategy...
2025-12-15 17:30:31,457 - INFO - [Times of India] Early skip: URL https://timesofindia.indiatimes.com/etimes/trending/after-us-nuclear-targets-aired-on-state-tv-russia-names-23-uk-defence-targets/articleshow/125972167.cms already exists.
2025-12-15 17:30:31,577 - INFO - [Times of India] Early skip: URL https://timesofindia.indiatimes.com/world/us-streamers/why-did-rakai-leak-cameron-cuffems-phone-number-streamer-faces-heavy-backlash-after-showing-contact-details-on-livestream/articleshow/125979017.cms already exists.
2025-12-15 17:30:31,825 - INFO - [Times of India] Early skip: URL https://timesofindia.indiatimes.com/world/us/nightmare-indian-origin-woman-in-long-beach-bubbly-kaur-detained-by-ice-from-green-card-interview-living-in-us-since-1994/articleshow/125981958.cms already exists.
2025-12-15 17:30:32,112 - INFO - [Times of India] Early skip: URL https://timesofindia.indiatimes.com/world/us/american-citizenship-shouldnt-be-on-sale-author-slams-trumps-1million-gold-card-scheme-sean-duffy-responds/articleshow/125981416.cms already exists.
2025-12-15 17:30:32,214 - INFO - [Times of India] Early skip: URL https://timesofindia.indiatimes.com/world/us/god-only-created-men-and-women-oklahoma-student-given-zero-for-essay-on-gender-sparks-backlash/articleshow/125981056.cms already exists.
2025-12-15 17:30:32,375 - INFO - [The Hindu] Page content loaded.
2025-12-15 17:30:32,419 - INFO - [Times of India] Early skip: URL https://timesofindia.indiatimes.com/world/us/have-you-been-following-the-news-redditor-shares-visa-interview-experience-at-chennai-consulate-as-social-media-vetting-begins/articleshow/125980403.cms already exists.
2025-12-15 17:30:32,477 - INFO - [The Hindu] Success with 'selenium_browser'. Found content (506 words).
2025-12-15 17:30:32,537 - INFO - [Times of India] Early skip: URL https://timesofindia.indiatimes.com/world/rest-of-world/hero-of-bondi-beach-who-disarmed-gunman-naveed-akram-raises-over-1-million-in-donations/articleshow/125979567.cms already exists.
2025-12-15 17:30:32,759 - INFO - [Times of India] (Thread) Finished. Attempting to shut down its Selenium driver.
2025-12-15 17:30:33,081 - INFO - [Times of India] (Thread) driver.quit() successful.
2025-12-15 17:30:44,070 - INFO - Saved article: Calcutta HC to hear PILs on violence at Messi event; five spectators held - The Hindu from The Hindu (506 words)
2025-12-15 17:30:45,253 - INFO - [The Hindu] Article: https://www.thehindu.com/shorts/watch-lack-of-snowfall-leaves-tourists-disappointed-in-kashmir/article70400294.ece
2025-12-15 17:30:45,253 - INFO - [The Hindu] Attempt 1/1: Trying with 'selenium_browser' strategy...
2025-12-15 17:30:56,157 - WARNING - [The Hindu] Page timed out (10s). Proceeding anyway.
2025-12-15 17:30:56,311 - WARNING - [The Hindu] FAILED with 'selenium_browser' (content was too short: 47 words).
2025-12-15 17:30:56,312 - ERROR - [The Hindu] All scrape strategies failed for https://www.thehindu.com/shorts/watch-lack-of-snowfall-leaves-tourists-disappointed-in-kashmir/article70400294.ece. Falling back to RSS description.
2025-12-15 17:30:56,312 - WARNING - SKIPPED (GLOBAL WORD LIMIT): Article 'Watch: Lack of snowfall leaves tourists disappointed in Kashmir' from The Hindu has only 3 words (Min: 90).
2025-12-15 17:30:57,651 - INFO - [The Hindu] Article: https://www.thehindu.com/news/national/kerala/ldf-udf-begin-post-poll-deliberations-in-kozhikode/article70399858.ece
2025-12-15 17:30:57,651 - INFO - [The Hindu] Attempt 1/1: Trying with 'selenium_browser' strategy...
2025-12-15 17:30:58,223 - INFO - [The Hindu] Page content loaded.
2025-12-15 17:30:58,310 - INFO - [The Hindu] Success with 'selenium_browser'. Found content (480 words).
2025-12-15 17:31:10,283 - INFO - DEDUPLICATION: Found match (Score: 0.74). Linking to Cluster ID: 5f872f54-257d-48c3-afd6-43be88910ac1
2025-12-15 17:31:10,285 - INFO - Saved article: LDF, UDF begin post-poll deliberations in Kozhikode - The Hindu from The Hindu (480 words)
2025-12-15 17:31:11,765 - INFO - [The Hindu] Article: https://www.thehindu.com/news/national/government-proposes-to-send-vbsa-bill-to-jpc/article70399969.ece
2025-12-15 17:31:11,765 - INFO - [The Hindu] Attempt 1/1: Trying with 'selenium_browser' strategy...
2025-12-15 17:31:12,700 - INFO - [The Hindu] Page content loaded.
2025-12-15 17:31:12,776 - INFO - [The Hindu] Success with 'selenium_browser'. Found content (915 words).
2025-12-15 17:31:24,227 - INFO - Saved article: Government proposes to send VBSA Bill to JPC - The Hindu from The Hindu (915 words)
2025-12-15 17:31:25,389 - INFO - [The Hindu] Article: https://www.thehindu.com/news/national/kerala/good-communists-voted-for-udf-says-satheesan/article70399686.ece
2025-12-15 17:31:25,389 - INFO - [The Hindu] Attempt 1/1: Trying with 'selenium_browser' strategy...
2025-12-15 17:31:26,232 - INFO - [The Hindu] Page content loaded.
2025-12-15 17:31:26,287 - INFO - [The Hindu] Success with 'selenium_browser'. Found content (336 words).
2025-12-15 17:31:37,861 - INFO - DEDUPLICATION: Found match (Score: 0.79). Linking to Cluster ID: 5f872f54-257d-48c3-afd6-43be88910ac1
2025-12-15 17:31:37,863 - INFO - Saved article: Good communists voted for UDF, says Satheesan - The Hindu from The Hindu (336 words)
2025-12-15 17:31:38,733 - INFO - [The Hindu] Article: https://www.thehindu.com/news/national/kerala/man-collapses-after-being-hit-by-theyyam-shield-during-temple-festival-in-neeleswaram/article70399723.ece
2025-12-15 17:31:38,734 - INFO - [The Hindu] Attempt 1/1: Trying with 'selenium_browser' strategy...
2025-12-15 17:31:39,699 - INFO - [The Hindu] Page content loaded.
2025-12-15 17:31:39,767 - INFO - [The Hindu] Success with 'selenium_browser'. Found content (98 words).
2025-12-15 17:31:51,897 - INFO - Saved article: Man collapses after being hit by Theyyam shield during temple festival in Neeleswaram - The Hindu from The Hindu (98 words)
2025-12-15 17:31:52,743 - INFO - [The Hindu] Article: https://www.thehindu.com/news/national/kerala/kerala-judicial-officers-association-seeks-contempt-of-court-proceedings-against-those-who-scandalised-judge/article70400137.ece
2025-12-15 17:31:52,743 - INFO - [The Hindu] Attempt 1/1: Trying with 'selenium_browser' strategy...
2025-12-15 17:31:53,693 - INFO - [The Hindu] Page content loaded.
2025-12-15 17:31:53,737 - INFO - [The Hindu] Success with 'selenium_browser'. Found content (333 words).
2025-12-15 17:31:58,227 - CRITICAL - --- TIMEOUT: 1 scrape jobs did not complete in 300s. ---
2025-12-15 17:31:58,228 - ERROR - A thread has timed out and will be abandoned.
2025-12-15 17:31:58,228 - INFO - Shutting down thread pool (wait=False)...
2025-12-15 17:31:58,228 - INFO - Scraped: 0 The Guardian, 5 Times of India, 0 BBC, 1 Timed_Out_Jobs articles. (Total saved: 5)
2025-12-15 17:31:58,228 - INFO - --- Scraping job finished ---
2025-12-15 17:31:58,228 - INFO - --- Scraper service stopped and database connection closed. ---
2025-12-15 17:31:58,228 - INFO - --- Main thread finished. Forcing process exit to kill zombie threads. ---
