2025-12-20 18:50:13,369 - INFO - Loading AI Semantic Model (all-MiniLM-L6-v2)...
2025-12-20 18:50:13,370 - INFO - Use pytorch device_name: cpu
2025-12-20 18:50:13,370 - INFO - Load pretrained SentenceTransformer: all-MiniLM-L6-v2
2025-12-20 18:50:14,871 - INFO - AI Model loaded successfully.
2025-12-20 18:50:14,872 - INFO - --- Scraper service started (CI Mode: Run Once) ---
2025-12-20 18:50:14,872 - INFO - --- Starting new scraping job (Parallel Mode) ---
2025-12-20 18:50:14,872 - INFO - Creating new robust session with 3 retries on 5xx/connection/read errors.
2025-12-20 18:50:14,872 - INFO - Proxy is DISABLED.
2025-12-20 18:50:14,872 - INFO - Starting scrape for BBC RSS feed: http://feeds.bbci.co.uk/news/world/rss.xml
2025-12-20 18:50:14,873 - INFO - [Times of India] (Thread) requires Selenium. Initializing driver...
2025-12-20 18:50:14,874 - INFO - Starting scrape for The Guardian RSS feed: https://www.theguardian.com/world/rss
2025-12-20 18:50:14,875 - INFO - [The Hindu] (Thread) requires Selenium. Initializing driver...
2025-12-20 18:50:14,875 - INFO - Submitted 4 jobs to thread pool. Waiting up to 300s for completion...
2025-12-20 18:50:15,048 - INFO - Found 45 articles in The Guardian RSS feed. Processing up to 30.
2025-12-20 18:50:15,048 - INFO - [The Guardian] Early skip: URL https://www.theguardian.com/society/2025/dec/19/hepatitis-b-vaccine-study-guinea-bissau-rfk already exists.
2025-12-20 18:50:15,341 - INFO - [The Guardian] Early skip: URL https://www.theguardian.com/global-development/2025/dec/19/colombian-mercenaries-sudan-rsf-us-sanctions-recruited-uk-registered-firms-investigation already exists.
2025-12-20 18:50:15,387 - INFO - Found 38 articles in BBC RSS feed. Processing up to 30.
2025-12-20 18:50:15,559 - INFO - [BBC] Early skip: URL https://www.bbc.com/news/articles/c5yq7zzw618o?at_medium=RSS&at_campaign=rss already exists.
2025-12-20 18:50:15,771 - INFO - [The Guardian] Early skip: URL https://www.theguardian.com/global-development/2025/dec/18/morocco-genz212-protests-police-mass-arrests-beatings-detentions-rights already exists.
2025-12-20 18:50:16,018 - INFO - [BBC] Early skip: URL https://www.bbc.com/news/articles/c62vx2pgl0eo?at_medium=RSS&at_campaign=rss already exists.
2025-12-20 18:50:16,250 - INFO - [The Guardian] Early skip: URL https://www.theguardian.com/world/2025/dec/16/five-key-moments-in-the-assault-on-the-rights-of-women-and-girls-in-2025 already exists.
2025-12-20 18:50:16,478 - INFO - [BBC] Early skip: URL https://www.bbc.com/news/articles/cp89p082y2xo?at_medium=RSS&at_campaign=rss already exists.
2025-12-20 18:50:16,771 - INFO - [The Guardian] Early skip: URL https://www.theguardian.com/world/2025/dec/16/south-africa-russia-men-tricked-fighting-ukraine already exists.
2025-12-20 18:50:16,894 - INFO - [BBC] Early skip: URL https://www.bbc.com/news/articles/c5y9ed5d1r4o?at_medium=RSS&at_campaign=rss already exists.
2025-12-20 18:50:17,180 - INFO - [The Guardian] Early skip: URL https://www.theguardian.com/us-news/2025/dec/19/trump-venezuela-war already exists.
2025-12-20 18:50:17,323 - INFO - [BBC] Early skip: URL https://www.bbc.com/news/articles/c14v23vppz8o?at_medium=RSS&at_campaign=rss already exists.
2025-12-20 18:50:17,451 - INFO - [The Guardian] Early skip: URL https://www.theguardian.com/world/2025/dec/19/montreal-grocery-store-santas-elves-robbery already exists.
2025-12-20 18:50:17,708 - INFO - [BBC] Early skip: URL https://www.bbc.com/news/articles/cx251p7k23mo?at_medium=RSS&at_campaign=rss already exists.
2025-12-20 18:50:17,849 - INFO - [The Guardian] Early skip: URL https://www.theguardian.com/world/2025/dec/19/colombia-eln-guerrilla-group-attack-military-base already exists.
2025-12-20 18:50:18,031 - INFO - [BBC] Early skip: URL https://www.bbc.com/news/articles/c8dy8r7lq0go?at_medium=RSS&at_campaign=rss already exists.
2025-12-20 18:50:18,314 - INFO - [The Guardian] Early skip: URL https://www.theguardian.com/world/2025/dec/19/i-cant-think-of-a-place-more-pristine-133000-hectares-of-chilean-patagonia-preserved-after-local-fundraising already exists.
2025-12-20 18:50:18,578 - INFO - [BBC] Early skip: URL https://www.bbc.com/news/articles/c8r38ne1x2mo?at_medium=RSS&at_campaign=rss already exists.
2025-12-20 18:50:18,830 - INFO - [The Guardian] Early skip: URL https://www.theguardian.com/world/2025/dec/18/brazilian-congress-passes-bill-cut-jair-bolsonaro-prison-term already exists.
2025-12-20 18:50:19,035 - INFO - [BBC] Early skip: URL https://www.bbc.com/news/articles/cp89p41gr06o?at_medium=RSS&at_campaign=rss already exists.
2025-12-20 18:50:19,187 - INFO - [The Guardian] Early skip: URL https://www.theguardian.com/world/2025/dec/19/mass-stabbing-tapei already exists.
2025-12-20 18:50:19,303 - INFO - [BBC] Early skip: URL https://www.bbc.com/news/articles/cp84p722m3do?at_medium=RSS&at_campaign=rss already exists.
2025-12-20 18:50:19,518 - INFO - [The Guardian] Early skip: URL https://www.theguardian.com/technology/2025/dec/19/uk-foreign-office-victim-cyber-attack-october- already exists.
2025-12-20 18:50:19,754 - INFO - [BBC] Early skip: URL https://www.bbc.com/news/articles/c5y9x4pj54eo?at_medium=RSS&at_campaign=rss already exists.
2025-12-20 18:50:19,879 - INFO - [The Guardian] Early skip: URL https://www.theguardian.com/technology/2025/dec/18/tiktok-signs-deal-us-entity-sale already exists.
2025-12-20 18:50:20,150 - INFO - [BBC] Early skip: URL https://www.bbc.com/news/articles/c3e025vyppeo?at_medium=RSS&at_campaign=rss already exists.
2025-12-20 18:50:20,360 - INFO - [The Guardian] Early skip: URL https://www.theguardian.com/world/2025/dec/19/south-korean-president-urges-public-health-cover-hair-loss already exists.
2025-12-20 18:50:20,600 - INFO - [BBC] Early skip: URL https://www.bbc.com/news/articles/cpq4p535347o?at_medium=RSS&at_campaign=rss already exists.
2025-12-20 18:50:20,704 - INFO - [The Guardian] Early skip: URL https://www.theguardian.com/world/2025/dec/18/us-announces-more-than-10bn-of-arms-sales-to-taiwan already exists.
2025-12-20 18:50:20,945 - INFO - [BBC] Early skip: URL https://www.bbc.com/news/articles/cm21pxen1jno?at_medium=RSS&at_campaign=rss already exists.
2025-12-20 18:50:21,197 - INFO - [The Guardian] Early skip: URL https://www.theguardian.com/australia-news/2025/dec/20/lithium-battery-fire-on-truck-shuts-down-hume-highway-in-nsw-due-to-health-risk already exists.
2025-12-20 18:50:21,423 - INFO - [BBC] Early skip: URL https://www.bbc.com/news/articles/cn98pzr8x79o?at_medium=RSS&at_campaign=rss already exists.
2025-12-20 18:50:21,598 - INFO - [The Guardian] Early skip: URL https://www.theguardian.com/australia-news/2025/dec/20/nsw-premier-announces-new-laws-banning-hate-speech-and-symbols-in-wake-of-bondi-beach-terror-attack already exists.
2025-12-20 18:50:21,842 - INFO - [BBC] Early skip: URL https://www.bbc.com/news/articles/c2k422e7ykvo?at_medium=RSS&at_campaign=rss already exists.
2025-12-20 18:50:22,084 - INFO - [The Guardian] Early skip: URL https://www.theguardian.com/news/ng-interactive/2025/dec/20/a-swim-for-unity-at-bondi-beach-the-scene-of-sydneys-darkest-day-but-on-land-tensions-fray already exists.
2025-12-20 18:50:22,250 - INFO - [BBC] Early skip: URL https://www.bbc.com/news/articles/c2462r82864o?at_medium=RSS&at_campaign=rss already exists.
2025-12-20 18:50:22,383 - INFO - [The Guardian] Early skip: URL https://www.theguardian.com/science/2025/dec/19/when-attacks-unfold-what-makes-a-person-run-towards-danger already exists.
2025-12-20 18:50:22,522 - INFO - [BBC] Early skip: URL https://www.bbc.com/news/articles/c4gp4ze002mo?at_medium=RSS&at_campaign=rss already exists.
2025-12-20 18:50:22,561 - INFO - Selenium driver initialized successfully.
2025-12-20 18:50:22,561 - INFO - Starting scrape for The Hindu RSS feed: https://www.thehindu.com/news/national/feeder/default.rss
2025-12-20 18:50:22,562 - INFO - Selenium driver initialized successfully.
2025-12-20 18:50:22,562 - INFO - Starting scrape for Times of India RSS feed: https://timesofindia.indiatimes.com/rssfeeds/296589292.cms
2025-12-20 18:50:22,782 - INFO - Found 20 articles in Times of India RSS feed. Processing up to 30.
2025-12-20 18:50:22,818 - INFO - [The Guardian] Early skip: URL https://www.theguardian.com/australia-news/2025/dec/20/some-will-take-their-own-lives-puberty-blocker-bans-in-queensland-and-nz-risk-extreme-harm-to-trans-youth-uk-expert-warns already exists.
2025-12-20 18:50:22,942 - INFO - [Times of India] Article: https://timesofindia.indiatimes.com/world/rest-of-world/gave-money-because-i-loved-indian-national-gagandeep-pejatta-with-intellectual-disability-alleges-1-million-exploitation-by-canadian-family-real-estate-broker/articleshow/126096300.cms
2025-12-20 18:50:22,942 - INFO - [Times of India] Attempt 1/1: Trying with 'selenium_browser' strategy...
2025-12-20 18:50:22,943 - INFO - [BBC] Early skip: URL https://www.bbc.com/news/articles/cj69px875ewo?at_medium=RSS&at_campaign=rss already exists.
2025-12-20 18:50:23,093 - INFO - [The Guardian] Early skip: URL https://www.theguardian.com/politics/2025/dec/20/uk-aid-cuts-take-40-from-funds-to-counter-russian-threat-in-western-balkans already exists.
2025-12-20 18:50:23,350 - INFO - [BBC] Early skip: URL https://www.bbc.com/news/articles/ckgdpz0gp3jo?at_medium=RSS&at_campaign=rss already exists.
2025-12-20 18:50:23,461 - INFO - Found 100 articles in The Hindu RSS feed. Processing up to 30.
2025-12-20 18:50:23,535 - INFO - [The Guardian] Early skip: URL https://www.theguardian.com/world/2025/dec/20/brussels-bike-ban-plan-for-pedestrian-zone-dangerous-and-absurd already exists.
2025-12-20 18:50:23,725 - INFO - [The Hindu] Article: https://www.thehindu.com/news/national/kerala/sreenivasan-turned-thrikkarippur-into-a-theatre-hub/article70419421.ece
2025-12-20 18:50:23,726 - INFO - [The Hindu] Attempt 1/1: Trying with 'selenium_browser' strategy...
2025-12-20 18:50:23,727 - INFO - [BBC] Early skip: URL https://www.bbc.com/news/articles/cgexp1q8wn1o?at_medium=RSS&at_campaign=rss already exists.
2025-12-20 18:50:23,869 - INFO - [The Guardian] Early skip: URL https://www.theguardian.com/world/live/2025/dec/19/ukraine-war-live-zelenskyy-european-union-agreement-90bn-loan-deal-kyiv already exists.
2025-12-20 18:50:24,014 - INFO - [BBC] Early skip: URL https://www.bbc.com/news/articles/cn09p4kjj4wo?at_medium=RSS&at_campaign=rss already exists.
2025-12-20 18:50:24,136 - INFO - [The Guardian] Early skip: URL https://www.theguardian.com/world/2025/dec/19/ukraine-attacks-russian-shadow-tanker-off-libyan-coast already exists.
2025-12-20 18:50:24,394 - INFO - [The Guardian] Early skip: URL https://www.theguardian.com/world/2025/dec/19/eu-ukraine-loan-plan-b-frozen-russian-assets already exists.
2025-12-20 18:50:24,544 - INFO - [BBC] Early skip: URL https://www.bbc.com/news/articles/cy842jdw98vo?at_medium=RSS&at_campaign=rss already exists.
2025-12-20 18:50:24,790 - INFO - [BBC] Early skip: URL https://www.bbc.com/news/articles/cj69px875ewo?at_medium=RSS&at_campaign=rss already exists.
2025-12-20 18:50:25,077 - INFO - [The Guardian] Early skip: URL https://www.theguardian.com/world/2025/dec/20/israeli-troops-kill-palestinians-sheltering-in-gaza-school-hospital-chiefs already exists.
2025-12-20 18:50:25,297 - INFO - [The Guardian] Early skip: URL https://www.theguardian.com/world/2025/dec/19/gaza-famine-hunger-food-shortages-winter-flooding-un already exists.
2025-12-20 18:50:25,582 - INFO - [BBC] Early skip: URL https://www.bbc.com/news/articles/c4g94ywgxd6o?at_medium=RSS&at_campaign=rss already exists.
2025-12-20 18:50:25,869 - INFO - [BBC] Early skip: URL https://www.bbc.com/news/articles/c2epv08xwz7o?at_medium=RSS&at_campaign=rss already exists.
2025-12-20 18:50:26,081 - INFO - [BBC] Early skip: URL https://www.bbc.com/news/articles/c5y27ekr26xo?at_medium=RSS&at_campaign=rss already exists.
2025-12-20 18:50:26,383 - INFO - [BBC] Early skip: URL https://www.bbc.com/news/articles/cedx6vn5202o?at_medium=RSS&at_campaign=rss already exists.
2025-12-20 18:50:26,579 - INFO - [The Guardian] Early skip: URL https://www.theguardian.com/global-development/2025/dec/19/gaza-phd-student-manar-al-houbi-granted-access-to-uk-but-others-remain-stranded already exists.
2025-12-20 18:50:26,984 - INFO - [BBC] Early skip: URL https://www.bbc.com/news/articles/cwyp8erjp82o?at_medium=RSS&at_campaign=rss already exists.
2025-12-20 18:50:27,289 - INFO - [BBC] Early skip: URL https://www.bbc.com/news/articles/cqxql12317qo?at_medium=RSS&at_campaign=rss already exists.
2025-12-20 18:50:27,531 - INFO - [The Guardian] Early skip: URL https://www.theguardian.com/global-development/2025/dec/19/iranian-boxing-champion-mohammad-javad-vafaei-sani-risk-of-execution-retrial-request-rejected already exists.
2025-12-20 18:50:27,671 - INFO - [The Guardian] Early skip: URL https://www.theguardian.com/world/2025/dec/18/rainfall-iran-hormuz-island-red-beach already exists.
2025-12-20 18:50:31,882 - INFO - [The Hindu] Page content loaded.
2025-12-20 18:50:32,108 - INFO - [The Hindu] Success with 'selenium_browser'. Found content (364 words).
2025-12-20 18:50:43,025 - ERROR - [Times of India] Request failed for strategy 'selenium_browser' on URL https://timesofindia.indiatimes.com/world/rest-of-world/gave-money-because-i-loved-indian-national-gagandeep-pejatta-with-intellectual-disability-alleges-1-million-exploitation-by-canadian-family-real-estate-broker/articleshow/126096300.cms: Message: timeout: Timed out receiving message from renderer: 19.764
  (Session info: chrome=143.0.7499.109)
Stacktrace:
#0 0x55631029b19a <unknown>
#1 0x55630fd18c4b <unknown>
#2 0x55630fd00cf3 <unknown>
#3 0x55630fd009d6 <unknown>
#4 0x55630fcfe897 <unknown>
#5 0x55630fcff1af <unknown>
#6 0x55630fd0d970 <unknown>
#7 0x55630fd27017 <unknown>
#8 0x55630fd2d6cb <unknown>
#9 0x55630fcff8d8 <unknown>
#10 0x55630fd26dc3 <unknown>
#11 0x55630fdb5f60 <unknown>
#12 0x55630fd5cc42 <unknown>
#13 0x55630fd5d8f1 <unknown>
#14 0x556310263f39 <unknown>
#15 0x556310266e7d <unknown>
#16 0x55631024cc81 <unknown>
#17 0x556310267a5b <unknown>
#18 0x556310233a50 <unknown>
#19 0x556310288aa8 <unknown>
#20 0x556310288c79 <unknown>
#21 0x55631029a4f3 <unknown>
#22 0x7fad2ee9caa4 <unknown>
#23 0x7fad2ef29c6c <unknown>

2025-12-20 18:50:43,025 - ERROR - [Times of India] All scrape strategies failed for https://timesofindia.indiatimes.com/world/rest-of-world/gave-money-because-i-loved-indian-national-gagandeep-pejatta-with-intellectual-disability-alleges-1-million-exploitation-by-canadian-family-real-estate-broker/articleshow/126096300.cms. Falling back to RSS description.
2025-12-20 18:50:43,025 - WARNING - SKIPPED (GLOBAL WORD LIMIT): Article '‘Gave money because I loved…’: Indian national Gagandeep Pejatta with 'intellectual disability' alleges $1 million exploitation by Canadian family, real estate broker' from Times of India has only 3 words (Min: 90).
2025-12-20 18:50:51,300 - INFO - DEDUPLICATION: Found match (Score: 0.72). Linking to Cluster ID: 25ac0739-fa27-480c-9360-bfe3d7f6fe7e
2025-12-20 18:50:51,303 - INFO - Saved article: Sreenivasan turned Thrikkarippur into a theatre hub - The Hindu from The Hindu (364 words)
2025-12-20 18:50:51,303 - INFO - [Times of India] Article: https://timesofindia.indiatimes.com/world/us/epstein-files-opened-woman-reported-jeffreys-interest-in-child-pornography-to-fbi-in-1996-recalled-seeing-trump-at-ny-office/articleshow/126096016.cms
2025-12-20 18:50:51,303 - INFO - [Times of India] Attempt 1/1: Trying with 'selenium_browser' strategy...
2025-12-20 18:50:52,167 - INFO - [The Hindu] Article: https://www.thehindu.com/news/national/karnataka/gba-introduces-qr-code-to-help-locate-nearest-pulse-polio-centre/article70420353.ece
2025-12-20 18:50:52,167 - INFO - [The Hindu] Attempt 1/1: Trying with 'selenium_browser' strategy...
2025-12-20 18:50:53,251 - INFO - [Times of India] Page content loaded.
2025-12-20 18:50:53,580 - INFO - [Times of India] Success with 'selenium_browser'. Found content (438 words).
2025-12-20 18:50:54,398 - INFO - [The Hindu] Page content loaded.
2025-12-20 18:50:54,592 - INFO - [The Hindu] Success with 'selenium_browser'. Found content (122 words).
2025-12-20 18:51:09,227 - INFO - DEDUPLICATION: Found match (Score: 0.85). Linking to Cluster ID: 5f1c1c47-e266-4642-bc75-096dc4702885
2025-12-20 18:51:09,229 - INFO - Saved article: Epstein files opened: Woman reported Jeffrey's interest in 'child pornography' to FBI in 1996; recalled seeing Trump at NY office - The Times of India from Times of India (438 words)
2025-12-20 18:51:20,929 - INFO - Saved article: GBA introduces QR-code to help locate nearest Pulse Polio centre - The Hindu from The Hindu (122 words)
2025-12-20 18:51:20,930 - INFO - [Times of India] Article: https://timesofindia.indiatimes.com/world/rest-of-world/how-canadas-indian-act-tax-rules-are-confusing-shoppers-indigenous-people-should-be-proud-to-get-tax-exemption/articleshow/126095589.cms
2025-12-20 18:51:20,930 - INFO - [Times of India] Attempt 1/1: Trying with 'selenium_browser' strategy...
2025-12-20 18:51:21,531 - INFO - [The Hindu] Article: https://www.thehindu.com/news/national/tamil-nadu/complaint-filed-against-nitish-kumar-in-vaniyambadi-over-hijab-controversy/article70419826.ece
2025-12-20 18:51:21,531 - INFO - [The Hindu] Attempt 1/1: Trying with 'selenium_browser' strategy...
2025-12-20 18:51:22,817 - INFO - [Times of India] Page content loaded.
2025-12-20 18:51:22,913 - INFO - [The Hindu] Page content loaded.
2025-12-20 18:51:22,951 - INFO - [Times of India] Success with 'selenium_browser'. Found content (365 words).
2025-12-20 18:51:23,182 - INFO - [The Hindu] Success with 'selenium_browser'. Found content (305 words).
2025-12-20 18:51:37,864 - INFO - Saved article: How Canada’s Indian Act tax rules are confusing shoppers: 'Indigenous people should be proud to get tax exemption' - The Times of India from Times of India (365 words)
2025-12-20 18:51:49,725 - INFO - Saved article: Complaint filed against Nitish Kumar in Vaniyambadi over hijab controversy - The Hindu from The Hindu (305 words)
2025-12-20 18:51:49,726 - INFO - [Times of India] Article: https://timesofindia.indiatimes.com/world/rest-of-world/request-accepted-egypt-lifts-travel-ban-on-activist-alaa-abdel-fattah-played-key-role-in-2011-uprising/articleshow/126095771.cms
2025-12-20 18:51:49,726 - INFO - [Times of India] Attempt 1/1: Trying with 'selenium_browser' strategy...
2025-12-20 18:51:51,164 - INFO - [The Hindu] Article: https://www.thehindu.com/news/national/tamil-nadu/conference-on-radiology-held-at-cmc-in-vellore/article70419839.ece
2025-12-20 18:51:51,165 - INFO - [The Hindu] Attempt 1/1: Trying with 'selenium_browser' strategy...
2025-12-20 18:51:51,909 - INFO - [The Hindu] Page content loaded.
2025-12-20 18:51:52,036 - INFO - [The Hindu] Success with 'selenium_browser'. Found content (241 words).
2025-12-20 18:52:01,383 - WARNING - [Times of India] Page timed out (10s). Proceeding anyway.
2025-12-20 18:52:01,734 - INFO - [Times of India] Success with 'selenium_browser'. Found content (259 words).
2025-12-20 18:52:08,586 - INFO - Saved article: Conference on radiology held at CMC in Vellore - The Hindu from The Hindu (241 words)
2025-12-20 18:52:21,320 - INFO - Saved article: Request accepted: Egypt lifts travel ban on activist Alaa Abdel Fattah; played key role in 2011 uprising - The Times of India from Times of India (259 words)
2025-12-20 18:52:21,320 - INFO - [The Hindu] Early skip: URL https://www.thehindu.com/news/national/tamil-nadu/government-teachers-house-burgled-in-jolarpet/article70419843.ece already exists.
2025-12-20 18:52:21,460 - INFO - [The Hindu] Early skip: URL https://www.thehindu.com/news/national/tamil-nadu/stalin-to-inaugurate-dedicated-police-station-for-arunachaleswarar-temple-on-dec-27/article70419986.ece already exists.
2025-12-20 18:52:21,694 - INFO - [The Hindu] Early skip: URL https://www.thehindu.com/news/national/kerala/kswdc-offers-entrepreneurship-guidance-to-marginalised-communities-in-state/article70420782.ece already exists.
2025-12-20 18:52:21,993 - INFO - [The Hindu] Early skip: URL https://www.thehindu.com/news/national/house-panel-seeks-reports-from-dgca-other-aviation-stakeholders-on-recent-flight-crisis/article70420555.ece already exists.
2025-12-20 18:52:22,215 - INFO - [The Hindu] Early skip: URL https://www.thehindu.com/news/national/karnataka/focus-on-origin-quality-for-better-global-standing-piyush-goyal-urges-coffee-community/article70419515.ece already exists.
2025-12-20 18:52:22,482 - INFO - [Times of India] Early skip: URL https://timesofindia.indiatimes.com/world/us-streamers/absolutely-disgusting-asmongold-backs-tylil-james-amid-assault-allegations-and-escalating-online-fallout-with-jourdin-pauline/articleshow/126095051.cms already exists.
2025-12-20 18:52:22,594 - INFO - [The Hindu] Early skip: URL https://www.thehindu.com/news/national/karnataka/bengaluru-rural-mp-bats-for-national-sandalwood-board-to-aid-growers/article70419975.ece already exists.
2025-12-20 18:52:22,784 - INFO - [Times of India] Early skip: URL https://timesofindia.indiatimes.com/world/us/how-russiagate-ruined-cambridge-scholar-svetlana-lokhovas-life/articleshow/126095252.cms already exists.
2025-12-20 18:52:22,890 - INFO - [The Hindu] Early skip: URL https://www.thehindu.com/news/national/karnataka/cid-begins-search-for-bjp-mla-byrathi-basavaraj-in-murder-case/article70420562.ece already exists.
2025-12-20 18:52:23,090 - INFO - [Times of India] Early skip: URL https://timesofindia.indiatimes.com/world/us/disturbing-epstein-files-photo-of-former-prince-andrew-was-taken-inside-the-royal-familys-most-treasured-room/articleshow/126094637.cms already exists.
2025-12-20 18:52:23,365 - INFO - [The Hindu] Early skip: URL https://www.thehindu.com/news/national/cbi-arrests-lt-col-with-department-of-defence-productions-on-graft-charge/article70420656.ece already exists.
2025-12-20 18:52:23,511 - INFO - [Times of India] Early skip: URL https://timesofindia.indiatimes.com/world/rest-of-world/this-is-new-zealand-not-india-christian-group-performing-haka-confronts-sikh-parade-in-auckland-video/articleshow/126094759.cms already exists.
2025-12-20 18:52:23,634 - INFO - [The Hindu] Early skip: URL https://www.thehindu.com/news/national/maharashtra/why-congress-walks-out-of-mva-in-mumbai-and-how-it-reshapes-the-civic-contest/article70420484.ece already exists.
2025-12-20 18:52:23,891 - INFO - [Times of India] Early skip: URL https://timesofindia.indiatimes.com/world/us/bangladeshi-national-zahid-hasan-indicted-for-running-three-fake-id-websites-earned-2-9-million-faces-up-to-125-years/articleshow/126094333.cms already exists.
2025-12-20 18:52:24,057 - INFO - [The Hindu] Early skip: URL https://www.thehindu.com/news/national/kerala/singapore-tourist-held-for-filming-inside-padmanabhaswamy-temple-using-camera-fitted-glasses/article70420537.ece already exists.
2025-12-20 18:52:24,177 - INFO - [Times of India] Early skip: URL https://timesofindia.indiatimes.com/world/pakistan/no-embargo-pakistan-refutes-visit-restrictions-on-imran-khans-sons-promises-visa-approval/articleshow/126094598.cms already exists.
2025-12-20 18:52:24,286 - INFO - [The Hindu] Early skip: URL https://www.thehindu.com/news/national/cji-to-hold-special-vacation-sitting-on-december-22-to-hear-urgent-cases/article70420367.ece already exists.
2025-12-20 18:52:24,552 - INFO - [Times of India] Early skip: URL https://timesofindia.indiatimes.com/world/middle-east/hit-isis-in-southern-syria-jordan-confirms-participation-in-op-hawkeye-strike-over-70-sites-targeted/articleshow/126094493.cms already exists.
2025-12-20 18:52:24,758 - INFO - [The Hindu] Early skip: URL https://www.thehindu.com/news/national/quota-for-ex-agniveers-in-capf-will-not-impact-existing-matrix-says-govt-official/article70419830.ece already exists.
2025-12-20 18:52:24,927 - INFO - [Times of India] Early skip: URL https://timesofindia.indiatimes.com/world/us-streamers/who-is-short-mouth-sun-korean-mukbang-streamer-quits-streaming-after-admitting-illegal-injection-treatment/articleshow/126094432.cms already exists.
2025-12-20 18:52:25,166 - INFO - [The Hindu] Early skip: URL https://www.thehindu.com/news/national/maharashtra/claims-of-fake-votes-fraud-mar-local-body-polls-in-maharashtra/article70420429.ece already exists.
2025-12-20 18:52:25,409 - INFO - [Times of India] Early skip: URL https://timesofindia.indiatimes.com/world/us/indian-running-cover-for-a-jew-internet-reacts-to-vivek-ramaswamy-defending-democratic-rival-amy-acton/articleshow/126094142.cms already exists.
2025-12-20 18:52:25,537 - INFO - [The Hindu] Early skip: URL https://www.thehindu.com/news/national/centre-plans-vande-mataram-themed-republic-day-fete-eu-leaders-invited-as-chief-guests/article70419872.ece already exists.
2025-12-20 18:52:25,742 - INFO - [The Hindu] Early skip: URL https://www.thehindu.com/news/national/west-bengal/west-bengal-government-renames-states-job-guarantee-scheme-as-mahatma-shree-to-honour-mahatma-gandhi/article70420366.ece already exists.
2025-12-20 18:52:25,907 - INFO - [Times of India] Early skip: URL https://timesofindia.indiatimes.com/world/us-streamers/cashnasty-and-amp-chrisnxtdoor-banned-from-twitch-after-adidas-sponsored-nba-creator-cast-stream/articleshow/126093948.cms already exists.
2025-12-20 18:52:26,122 - INFO - [The Hindu] Early skip: URL https://www.thehindu.com/news/national/karnataka/technical-fault-disrupts-yellow-line-metro-services/article70420440.ece already exists.
2025-12-20 18:52:26,246 - INFO - [Times of India] Early skip: URL https://timesofindia.indiatimes.com/world/us/ending-visa-lottery-is-not-about-racism-republican-senator-clarifies-crackdown-on-dei-immigration-is-for-securing-the-nation/articleshow/126093636.cms already exists.
2025-12-20 18:52:26,475 - INFO - [The Hindu] Early skip: URL https://www.thehindu.com/news/national/telangana/law-against-hate-speech-soon-revanth-reddy/article70420559.ece already exists.
2025-12-20 18:52:26,727 - INFO - [Times of India] Early skip: URL https://timesofindia.indiatimes.com/world/us/no-place-in-gop-vivek-ramaswamy-rejects-heritage-american-label-slams-anti-indian-hate/articleshow/126089639.cms already exists.
2025-12-20 18:52:26,979 - INFO - [The Hindu] Early skip: URL https://www.thehindu.com/news/national/jammu-and-kashmir/where-centre-helps-will-thank-them-omar-abdullah/article70420165.ece already exists.
2025-12-20 18:52:27,132 - INFO - [Times of India] Early skip: URL https://timesofindia.indiatimes.com/world/us/trump-praises-indian-origin-ai-adviser-sriram-krishnan-for-leading-us-ai-race-against-china/articleshow/126093561.cms already exists.
2025-12-20 18:52:27,356 - INFO - [The Hindu] Early skip: URL https://www.thehindu.com/news/national/maharashtra/weighed-down-by-grief/article70407706.ece already exists.
2025-12-20 18:52:27,652 - INFO - [Times of India] Early skip: URL https://timesofindia.indiatimes.com/world/us/1000-victims-could-have-been-spared-newly-released-files-confirm-epstein-accuser-reported-him-in-1996-fbi-failed-to-act/articleshow/126092816.cms already exists.
2025-12-20 18:52:27,818 - INFO - [The Hindu] Early skip: URL https://www.thehindu.com/news/national/telangana/kcr-will-soon-lead-peoples-movement-says-ktr/article70420394.ece already exists.
2025-12-20 18:52:28,104 - INFO - [The Hindu] Early skip: URL https://www.thehindu.com/news/national/kerala/court-grants-anticipatory-bail-to-director-kunju-muhammad-in-molestation-case/article70420542.ece already exists.
2025-12-20 18:52:28,313 - INFO - [Times of India] Early skip: URL https://timesofindia.indiatimes.com/world/us/epstein-files-justice-department-denies-redacting-names-of-politicians-in-newly-released-documents-we-are-not-/articleshow/126093066.cms already exists.
2025-12-20 18:52:28,521 - INFO - [The Hindu] Early skip: URL https://www.thehindu.com/news/national/karnataka/over-150-families-left-homeless-after-demolition-drive-in-yelahanka/article70420255.ece already exists.
2025-12-20 18:52:28,660 - INFO - [Times of India] Early skip: URL https://timesofindia.indiatimes.com/world/south-asia/bangladesh-unrest-bnp-leaders-house-set-on-fire-7-year-old-daughter-burnt-to-death/articleshow/126093452.cms already exists.
2025-12-20 18:52:28,821 - INFO - [Times of India] (Thread) Finished. Attempting to shut down its Selenium driver.
2025-12-20 18:52:28,822 - INFO - [The Hindu] Early skip: URL https://www.thehindu.com/news/national/kerala/cultural-resistance-required-to-protect-constitution-and-democracy-kerala-cm/article70420108.ece already exists.
2025-12-20 18:52:28,966 - INFO - [The Hindu] Early skip: URL https://www.thehindu.com/news/national/kerala/law-commission-chief-calls-for-indianisation-of-legal-system/article70420478.ece already exists.
2025-12-20 18:52:29,087 - INFO - [Times of India] (Thread) driver.quit() successful.
2025-12-20 18:52:29,192 - INFO - [The Hindu] Early skip: URL https://www.thehindu.com/news/national/andhra-pradesh/andhra-pradesh-notifies-sweeping-amendments-to-building-rules/article70420380.ece already exists.
2025-12-20 18:52:29,338 - INFO - [The Hindu] Early skip: URL https://www.thehindu.com/news/national/karnataka/health-department-directs-district-officials-to-step-up-preparedness-to-tackle-anticipated-rise-in-seasonal-influenza-cases/article70420167.ece already exists.
2025-12-20 18:52:29,496 - INFO - [The Hindu] (Thread) Finished. Attempting to shut down its Selenium driver.
2025-12-20 18:52:29,646 - INFO - [The Hindu] (Thread) driver.quit() successful.
2025-12-20 18:52:29,646 - INFO - Shutting down thread pool (wait=False)...
2025-12-20 18:52:29,646 - INFO - Scraped: 4 The Hindu, 0 The Guardian, 3 Times of India, 0 BBC articles. (Total saved: 7)
2025-12-20 18:52:29,646 - INFO - --- Scraping job finished ---
2025-12-20 18:52:29,650 - INFO - --- Scraper service stopped and database connection closed. ---
2025-12-20 18:52:29,650 - INFO - --- Main thread finished. Forcing process exit to kill zombie threads. ---
