2025-12-24 04:11:50,183 - INFO - Loading AI Semantic Model (all-MiniLM-L6-v2)...
2025-12-24 04:11:50,184 - INFO - Use pytorch device_name: cpu
2025-12-24 04:11:50,184 - INFO - Load pretrained SentenceTransformer: all-MiniLM-L6-v2
2025-12-24 04:11:51,560 - INFO - AI Model loaded successfully.
2025-12-24 04:11:51,561 - INFO - --- Scraper service started (CI Mode: Run Once) ---
2025-12-24 04:11:51,561 - INFO - --- Starting new scraping job (Parallel Mode) ---
2025-12-24 04:11:51,561 - INFO - Creating new robust session with 3 retries on 5xx/connection/read errors.
2025-12-24 04:11:51,561 - INFO - Proxy is DISABLED.
2025-12-24 04:11:51,561 - INFO - Starting scrape for BBC RSS feed: http://feeds.bbci.co.uk/news/world/rss.xml
2025-12-24 04:11:51,562 - INFO - [Times of India] (Thread) requires Selenium. Initializing driver...
2025-12-24 04:11:51,563 - INFO - Starting scrape for The Guardian RSS feed: https://www.theguardian.com/world/rss
2025-12-24 04:11:51,564 - INFO - [The Hindu] (Thread) requires Selenium. Initializing driver...
2025-12-24 04:11:51,564 - INFO - Submitted 4 jobs to thread pool. Waiting up to 300s for completion...
2025-12-24 04:11:51,691 - INFO - Found 45 articles in The Guardian RSS feed. Processing up to 30.
2025-12-24 04:11:51,694 - INFO - Found 23 articles in BBC RSS feed. Processing up to 30.
2025-12-24 04:11:51,694 - INFO - [The Guardian] Early skip: URL https://www.theguardian.com/world/2025/dec/23/libyas-army-chief-dies-in-plane-crash-in-turkey already exists.
2025-12-24 04:11:51,899 - INFO - [BBC] Early skip: URL https://www.bbc.com/news/articles/cm28g5exx09o?at_medium=RSS&at_campaign=rss already exists.
2025-12-24 04:11:52,028 - INFO - [The Guardian] Early skip: URL https://www.theguardian.com/world/2025/dec/22/freed-nigerian-schoolchildren-set-to-be-reunited-with-families already exists.
2025-12-24 04:11:52,236 - INFO - [The Guardian] Early skip: URL https://www.theguardian.com/world/2025/dec/21/more-kidnapped-schoolchildren-freed-in-nigeria already exists.
2025-12-24 04:11:52,478 - INFO - [BBC] Early skip: URL https://www.bbc.com/news/articles/c5yj4yvx80do?at_medium=RSS&at_campaign=rss already exists.
2025-12-24 04:11:52,693 - INFO - [BBC] Early skip: URL https://www.bbc.com/news/articles/cgke51rzpvro?at_medium=RSS&at_campaign=rss already exists.
2025-12-24 04:11:52,797 - INFO - Selenium driver initialized successfully.
2025-12-24 04:11:52,797 - INFO - Starting scrape for Times of India RSS feed: https://timesofindia.indiatimes.com/rssfeeds/296589292.cms
2025-12-24 04:11:52,799 - INFO - Selenium driver initialized successfully.
2025-12-24 04:11:52,799 - INFO - Starting scrape for The Hindu RSS feed: https://www.thehindu.com/news/national/feeder/default.rss
2025-12-24 04:11:52,851 - INFO - [The Guardian] Early skip: URL https://www.theguardian.com/uk-news/2025/dec/21/manchester-museum-uncover-hidden-histories-africa-hub already exists.
2025-12-24 04:11:52,906 - INFO - Found 100 articles in The Hindu RSS feed. Processing up to 30.
2025-12-24 04:11:53,098 - INFO - [BBC] Early skip: URL https://www.bbc.com/news/articles/cp39kngz008o?at_medium=RSS&at_campaign=rss already exists.
2025-12-24 04:11:53,102 - INFO - Found 20 articles in Times of India RSS feed. Processing up to 30.
2025-12-24 04:11:53,334 - INFO - [The Hindu] Article: https://www.thehindu.com/sci-tech/science/isro-bluebird-block-2-mission-rocket-launch-december-24-2025/article70432346.ece
2025-12-24 04:11:53,334 - INFO - [The Hindu] Attempt 1/1: Trying with 'selenium_browser' strategy...
2025-12-24 04:11:53,335 - INFO - [The Guardian] Early skip: URL https://www.theguardian.com/global-development/2025/dec/21/sweden-and-germany-slash-aid-budgets-to-focus-on-ukraine-and-defence-spending already exists.
2025-12-24 04:11:53,482 - INFO - [Times of India] Early skip: URL https://timesofindia.indiatimes.com/world/rest-of-world/requested-emergency-landing-libyas-military-chief-killed-in-turkey-plane-crash-debris-located-near-village/articleshow/126151169.cms already exists.
2025-12-24 04:11:53,720 - INFO - [BBC] Early skip: URL https://www.bbc.com/news/articles/cyvgzyepdqno?at_medium=RSS&at_campaign=rss already exists.
2025-12-24 04:11:53,897 - INFO - [The Guardian] Early skip: URL https://www.theguardian.com/media/2025/dec/23/60-minutes-cecot-appears-online already exists.
2025-12-24 04:11:54,037 - INFO - [Times of India] Early skip: URL https://timesofindia.indiatimes.com/world/us-streamers/candace-owens-attacks-tpusa-again-after-private-erika-kirk-meeting-and-backs-tim-dillons-blunt-criticism/articleshow/126150375.cms already exists.
2025-12-24 04:11:54,269 - INFO - [Times of India] Early skip: URL https://timesofindia.indiatimes.com/etimes/trending/my-interviewer-wasnt-even-human-job-seeker-shares-bizarre-interview-experience-with-ai-avatar/articleshow/126145453.cms already exists.
2025-12-24 04:11:54,422 - INFO - [The Guardian] Early skip: URL https://www.theguardian.com/world/2025/dec/23/brazil-jair-bolsonaro-eduardo-havaianas-television-ad-fernanda-torres already exists.
2025-12-24 04:11:54,547 - INFO - [BBC] Early skip: URL https://www.bbc.com/news/articles/ce3wry1529wo?at_medium=RSS&at_campaign=rss already exists.
2025-12-24 04:11:54,844 - INFO - [Times of India] Early skip: URL https://timesofindia.indiatimes.com/world/us-streamers/perez-hilton-sparks-feud-rumors-after-ariana-grande-appears-to-mock-katy-perrys-space-flight-on-snl/articleshow/126150627.cms already exists.
2025-12-24 04:11:55,031 - INFO - [The Guardian] Early skip: URL https://www.theguardian.com/world/2025/dec/23/canada-bill-refugees already exists.
2025-12-24 04:11:55,327 - INFO - [BBC] Early skip: URL https://www.bbc.com/news/articles/cr4d99p63y4o?at_medium=RSS&at_campaign=rss already exists.
2025-12-24 04:11:55,580 - INFO - [Times of India] Early skip: URL https://timesofindia.indiatimes.com/world/us-streamers/jewish-people-were-candace-owens-sparks-widespread-backlash-after-making-inflammatory-claims-about-jewish-history/articleshow/126150568.cms already exists.
2025-12-24 04:11:55,834 - INFO - [Times of India] Early skip: URL https://timesofindia.indiatimes.com/world/us-streamers/hella-shady-perez-hilton-slams-prince-harry-and-meghan-markles-archewell-rebrand-as-charity-faces-harsh-scrutiny/articleshow/126150380.cms already exists.
2025-12-24 04:11:55,976 - INFO - [Times of India] Early skip: URL https://timesofindia.indiatimes.com/world/us-streamers/why-is-carter-efe-suspended-on-twitch-record-breaking-african-streamer-faces-four-month-ban-after-historic-davido-livestream/articleshow/126150355.cms already exists.
2025-12-24 04:11:56,128 - INFO - [Times of India] Early skip: URL https://timesofindia.indiatimes.com/world/us/from-civil-rights-to-clickbait-dave-chappelles-take-on-charlie-kirk-comparison-with-martin-luther-king-jr/articleshow/126150455.cms already exists.
2025-12-24 04:11:56,339 - INFO - [Times of India] Early skip: URL https://timesofindia.indiatimes.com/world/us/pennsylvania-nursing-home-blast-facility-rated-one-star-and-much-below-average-in-health-inspections/articleshow/126150387.cms already exists.
2025-12-24 04:11:56,346 - INFO - [The Hindu] Page content loaded.
2025-12-24 04:11:56,495 - INFO - [Times of India] Early skip: URL https://timesofindia.indiatimes.com/world/us/watch-massive-explosion-at-pennsylvania-nursing-home-leaves-residents-trapped-rescue-efforts-underway/articleshow/126148371.cms already exists.
2025-12-24 04:11:56,579 - INFO - [The Hindu] Success with 'selenium_browser'. Found content (256 words).
2025-12-24 04:11:56,793 - INFO - [Times of India] Early skip: URL https://timesofindia.indiatimes.com/world/us/every-day-i-miss-home-sikh-truck-driver-arash-singh-on-struggles-of-being-an-immigrant-driver-in-us/articleshow/126148322.cms already exists.
2025-12-24 04:11:56,901 - INFO - [Times of India] Early skip: URL https://timesofindia.indiatimes.com/world/us/donald-trump-accused-of-rape-in-newly-released-epstein-files-doj-calls-claims-untrue-and-sensationalist/articleshow/126148145.cms already exists.
2025-12-24 04:11:57,197 - INFO - [BBC] Early skip: URL https://www.bbc.com/news/articles/c8dy3mvye62o?at_medium=RSS&at_campaign=rss already exists.
2025-12-24 04:12:13,456 - INFO - Saved article: BlueBird Block-2 mission: ISRO successfully launches LVM3-M6 rocket - The Hindu from The Hindu (256 words)
2025-12-24 04:12:13,457 - INFO - [The Guardian] Early skip: URL https://www.theguardian.com/us-news/2025/dec/23/us-trump-administration-signs-security-deals-across-latin-america already exists.
2025-12-24 04:12:13,614 - INFO - [Times of India] Early skip: URL https://timesofindia.indiatimes.com/world/us-streamers/who-was-epic-gamer-grandma-viral-tiktok-star-agnes-passes-away-at-78/articleshow/126148113.cms already exists.
2025-12-24 04:12:13,772 - INFO - [BBC] Early skip: URL https://www.bbc.com/news/articles/cwyxz5jken3o?at_medium=RSS&at_campaign=rss already exists.
2025-12-24 04:12:13,964 - INFO - [The Guardian] Early skip: URL https://www.theguardian.com/world/2025/dec/23/russia-china-support-venezuela-trump-pressure-maduro already exists.
2025-12-24 04:12:14,220 - INFO - [Times of India] Early skip: URL https://timesofindia.indiatimes.com/world/us/poll-shock-trumps-longtime-critic-jerome-powell-is-more-popular-than-the-president/articleshow/126148126.cms already exists.
2025-12-24 04:12:14,466 - INFO - [BBC] Early skip: URL https://www.bbc.com/news/articles/c62n9ynzrdpo?at_medium=RSS&at_campaign=rss already exists.
2025-12-24 04:12:14,690 - INFO - [The Hindu] Article: https://www.thehindu.com/news/cities/Hyderabad/acb-books-deputy-transport-commissioner-in-da-case-searches-find-properties-worth-over-12-crore/article70430765.ece
2025-12-24 04:12:14,690 - INFO - [The Hindu] Attempt 1/1: Trying with 'selenium_browser' strategy...
2025-12-24 04:12:14,690 - INFO - [The Guardian] Early skip: URL https://www.theguardian.com/world/2025/dec/24/rare-footage-from-trial-of-chinese-general-who-defied-tiananmen-crackdown-order-leaked-online already exists.
2025-12-24 04:12:14,916 - INFO - [Times of India] Early skip: URL https://timesofindia.indiatimes.com/world/us/send-them-all-home-indian-origin-fedex-ceo-raj-subramaniam-faces-flak-over-h-1b-hiring/articleshow/126148077.cms already exists.
2025-12-24 04:12:15,052 - INFO - [Times of India] Early skip: URL https://timesofindia.indiatimes.com/etimes/trending/5-3-million-for-a-pokmon-card-why-youtuber-logan-paul-says-its-worth-every-penny/articleshow/126148071.cms already exists.
2025-12-24 04:12:15,255 - INFO - [Times of India] Early skip: URL https://timesofindia.indiatimes.com/world/us-streamers/ishowspeed-dominates-youtube-gaming-in-2025-as-most-watched-streamer/articleshow/126147991.cms already exists.
2025-12-24 04:12:15,385 - INFO - [BBC] Early skip: URL https://www.bbc.com/news/articles/c87lnn09yj8o?at_medium=RSS&at_campaign=rss already exists.
2025-12-24 04:12:15,522 - INFO - [The Guardian] Early skip: URL https://www.theguardian.com/world/2025/dec/23/christians-pastors-arrested-detained-china-crackdown-house-churches already exists.
2025-12-24 04:12:15,589 - INFO - [The Hindu] Page content loaded.
2025-12-24 04:12:15,646 - INFO - [Times of India] Early skip: URL https://timesofindia.indiatimes.com/world/us/people-pushing-in-line-staff-shouting-american-family-shares-worst-immigration-experience-in-sri-lanka-in-viral-video/articleshow/126147956.cms already exists.
2025-12-24 04:12:15,776 - INFO - [The Hindu] Success with 'selenium_browser'. Found content (246 words).
2025-12-24 04:12:15,874 - INFO - [Times of India] Early skip: URL https://timesofindia.indiatimes.com/world/us/my-dad-had-to-shave-his-beard-zohran-mamdanis-wife-rama-duwaji-recalls-how-9/11-changed-her-childhood/articleshow/126147861.cms already exists.
2025-12-24 04:12:16,099 - INFO - [Times of India] Early skip: URL https://timesofindia.indiatimes.com/world/europe/indian-passport-no-longer-adds-value-to-my-life-tech-educator-frustrated-over-visa-hurdles/articleshow/126147854.cms already exists.
2025-12-24 04:12:16,367 - INFO - [Times of India] (Thread) Finished. Attempting to shut down its Selenium driver.
2025-12-24 04:12:16,449 - INFO - [Times of India] (Thread) driver.quit() successful.
2025-12-24 04:12:29,852 - INFO - Saved article: ACB books deputy transport commissioner in DA case; searches find properties worth over ₹12 crore - The Hindu from The Hindu (246 words)
2025-12-24 04:12:29,852 - INFO - [BBC] Early skip: URL https://www.bbc.com/news/articles/cd0kxrr2jyko?at_medium=RSS&at_campaign=rss already exists.
2025-12-24 04:12:30,017 - INFO - [The Guardian] Early skip: URL https://www.theguardian.com/business/2025/dec/22/china-hits-eu-dairy-industry-with-tariffs already exists.
2025-12-24 04:12:30,307 - INFO - [BBC] Early skip: URL https://www.bbc.com/news/articles/czj0ll7ppewo?at_medium=RSS&at_campaign=rss already exists.
2025-12-24 04:12:30,568 - INFO - [The Guardian] Early skip: URL https://www.theguardian.com/world/2025/dec/22/jeju-air-crash-independent-inquiry-south-korea already exists.
2025-12-24 04:12:30,791 - INFO - [BBC] Early skip: URL https://www.bbc.com/news/articles/clyd12d38jgo?at_medium=RSS&at_campaign=rss already exists.
2025-12-24 04:12:31,009 - INFO - [The Guardian] Early skip: URL https://www.theguardian.com/world/2025/dec/22/new-zealand-christchurch-spoof-absurdist-road-signs already exists.
2025-12-24 04:12:31,202 - INFO - [BBC] Early skip: URL https://www.bbc.com/news/articles/cvg1361d32ro?at_medium=RSS&at_campaign=rss already exists.
2025-12-24 04:12:31,305 - INFO - [The Hindu] Article: https://www.thehindu.com/news/national/telangana/minimum-temperatures-in-telangana-likely-to-fall-below-normal-by-3c-to-4c-over-next-two-days/article70429452.ece
2025-12-24 04:12:31,305 - INFO - [The Hindu] Attempt 1/1: Trying with 'selenium_browser' strategy...
2025-12-24 04:12:31,306 - INFO - [The Guardian] Early skip: URL https://www.theguardian.com/australia-news/live/2025/dec/24/nsw-gun-and-protest-laws-bondi-terror-attack-hate-crime-database-anthony-albanese-sussan-ley-chris-minns-labor-coalition-ntwnfb already exists.
2025-12-24 04:12:31,428 - INFO - [BBC] Early skip: URL https://www.bbc.com/news/articles/c4gekjjqn1ro?at_medium=RSS&at_campaign=rss already exists.
2025-12-24 04:12:31,575 - INFO - [The Guardian] Article: https://www.theguardian.com/australia-news/2025/dec/24/retribution-fears-australian-muslims-surge-islamophobic-hate-since-bondi-terror-attack-ntwnfb
2025-12-24 04:12:31,576 - INFO - [The Guardian] Attempt 1/1: Trying with 'requests_browser' strategy...
2025-12-24 04:12:31,577 - INFO - [BBC] Early skip: URL https://www.bbc.com/news/articles/cj69d8we98jo?at_medium=RSS&at_campaign=rss already exists.
2025-12-24 04:12:31,681 - INFO - [BBC] Early skip: URL https://www.bbc.com/news/articles/cy95w0x9889o?at_medium=RSS&at_campaign=rss already exists.
2025-12-24 04:12:31,838 - INFO - [The Guardian] Success with 'requests_browser'. Found content (643 words).
2025-12-24 04:12:32,409 - INFO - [The Hindu] Page content loaded.
2025-12-24 04:12:32,643 - INFO - [The Hindu] Success with 'selenium_browser'. Found content (412 words).
2025-12-24 04:12:47,410 - INFO - Saved article: Retribution fears as Australian Muslims see surge in Islamophobic hate since Bondi terror attack | Bondi beach terror attack | The Guardian from The Guardian (643 words)
2025-12-24 04:12:47,410 - INFO - [BBC] Early skip: URL https://www.bbc.com/news/videos/ce3w4x2v0xko?at_medium=RSS&at_campaign=rss already exists.
2025-12-24 04:13:01,504 - INFO - Saved article: Minimum temperatures in Telangana likely to fall below normal by 3°C to 4°C over next two days - The Hindu from The Hindu (412 words)
2025-12-24 04:13:01,504 - INFO - [BBC] Early skip: URL https://www.bbc.com/news/videos/cwywe5zw384o?at_medium=RSS&at_campaign=rss already exists.
2025-12-24 04:13:01,671 - INFO - [The Guardian] Early skip: URL https://www.theguardian.com/australia-news/2025/dec/24/british-man-australian-visa-cancelled-display-nazi-symbols-charge already exists.
2025-12-24 04:13:01,894 - INFO - [BBC] Early skip: URL https://www.bbc.com/news/videos/cn7kpnjnmklo?at_medium=RSS&at_campaign=rss already exists.
2025-12-24 04:13:02,037 - INFO - [The Guardian] Early skip: URL https://www.theguardian.com/australia-news/2025/dec/24/bondi-special-honours-list-announced-for-bravery-in-shooting-terror-attack already exists.
2025-12-24 04:13:02,268 - INFO - [BBC] Article: https://www.bbc.com/news/videos/cj01pdve7rpo?at_medium=RSS&at_campaign=rss
2025-12-24 04:13:02,268 - INFO - [BBC] Attempt 1/1: Trying with 'requests_browser' strategy...
2025-12-24 04:13:02,270 - INFO - [The Guardian] Early skip: URL https://www.theguardian.com/australia-news/2025/dec/24/hamilton-island-great-barrier-reef-sold-blackstone already exists.
2025-12-24 04:13:02,435 - INFO - [The Guardian] Early skip: URL https://www.theguardian.com/technology/2025/dec/24/us-state-department-visa-ban-former-eu-commissioner-europe already exists.
2025-12-24 04:13:02,513 - WARNING - [BBC] FAILED with 'requests_browser' (content was too short: 80 words).
2025-12-24 04:13:02,514 - ERROR - [BBC] All scrape strategies failed for https://www.bbc.com/news/videos/cj01pdve7rpo?at_medium=RSS&at_campaign=rss. Falling back to RSS description.
2025-12-24 04:13:02,514 - WARNING - SKIPPED (GLOBAL WORD LIMIT): Article 'Putin tells BBC Western leaders deceived Russia' from BBC has only 21 words (Min: 90).
2025-12-24 04:13:02,688 - INFO - [The Hindu] Early skip: URL https://www.thehindu.com/news/national/how-indian-states-are-following-a-pro-incumbency-trend/article70430183.ece already exists.
2025-12-24 04:13:02,955 - INFO - [The Guardian] Early skip: URL https://www.theguardian.com/world/2025/dec/23/ukrainian-cities-lose-power-in-winter-weather-after-russian-attacks already exists.
2025-12-24 04:13:03,092 - INFO - [The Hindu] Early skip: URL https://www.thehindu.com/news/national/assam/assams-karbi-anglong-west-karbi-anglong-law-and-order-concerns-internet-suspended-updates/article70432316.ece already exists.
2025-12-24 04:13:03,238 - INFO - [The Guardian] Early skip: URL https://www.theguardian.com/business/2025/dec/23/ryanair-fined-limit-online-travel-agencies-ticket-sales-ota already exists.
2025-12-24 04:13:03,523 - INFO - [The Hindu] Early skip: URL https://www.thehindu.com/news/national/west-bengal/bengal-governor-orders-inquiry-into-firing-of-starter-gun-at-marathon-run-in-kolkata/article70432307.ece already exists.
2025-12-24 04:13:03,640 - INFO - [BBC] Article: https://www.bbc.com/news/videos/c5yje8pvg8jo?at_medium=RSS&at_campaign=rss
2025-12-24 04:13:03,640 - INFO - [BBC] Attempt 1/1: Trying with 'requests_browser' strategy...
2025-12-24 04:13:03,642 - INFO - [The Guardian] Early skip: URL https://www.theguardian.com/world/2025/dec/23/biography-russian-telegram-founder-pavel-durov already exists.
2025-12-24 04:13:03,692 - WARNING - [BBC] FAILED with 'requests_browser' (content was too short: 74 words).
2025-12-24 04:13:03,692 - ERROR - [BBC] All scrape strategies failed for https://www.bbc.com/news/videos/c5yje8pvg8jo?at_medium=RSS&at_campaign=rss. Falling back to RSS description.
2025-12-24 04:13:03,692 - WARNING - SKIPPED (GLOBAL WORD LIMIT): Article 'What does TikTok's deal mean for America's users?' from BBC has only 21 words (Min: 90).
2025-12-24 04:13:03,775 - INFO - [The Hindu] Early skip: URL https://www.thehindu.com/data/india-tops-global-doping-list-for-the-third-consecutive-year/article70429413.ece already exists.
2025-12-24 04:13:03,949 - INFO - [The Guardian] Early skip: URL https://www.theguardian.com/politics/2025/dec/22/keir-starmer-told-closer-eu-trade-ties-strategic-necessity-for-uk-firms already exists.
2025-12-24 04:13:04,247 - INFO - [The Hindu] Early skip: URL https://www.thehindu.com/news/national/biggest-fugitives-lalit-modi-vijay-mallya-captured-on-london-party-video/article70432297.ece already exists.
2025-12-24 04:13:04,481 - INFO - [The Guardian] Early skip: URL https://www.theguardian.com/uk-news/2025/dec/22/families-of-palestine-action-hunger-strikers-seek-urgent-meeting-with-lammy already exists.
2025-12-24 04:13:04,673 - INFO - [The Hindu] Early skip: URL https://www.thehindu.com/news/national/tamil-nadu/the-story-of-a-struggle-to-have-a-memorial-after-ambedkar-in-chennai/article70431391.ece already exists.
2025-12-24 04:13:04,948 - INFO - [The Guardian] Early skip: URL https://www.theguardian.com/world/2025/dec/21/israel-approves-new-jewish-settlements-occupied-west-bank already exists.
2025-12-24 04:13:05,139 - INFO - [The Hindu] Early skip: URL https://www.thehindu.com/news/cities/chennai/anniversaries-great-and-small-in-the-season-of-margazhi/article70429407.ece already exists.
2025-12-24 04:13:05,401 - INFO - [The Guardian] Early skip: URL https://www.theguardian.com/world/2025/dec/20/israeli-troops-kill-palestinians-sheltering-in-gaza-school-hospital-chiefs already exists.
2025-12-24 04:13:05,609 - INFO - [The Hindu] Early skip: URL https://www.thehindu.com/news/national/tamil-nadu/how-tn-seshan-airport-arrival-led-to-standoff-with-jayalalithaa-and-attack-on-a-star-hotel-in-1994/article70431215.ece already exists.
2025-12-24 04:13:05,745 - INFO - [The Guardian] Early skip: URL https://www.theguardian.com/world/2025/dec/19/gaza-famine-hunger-food-shortages-winter-flooding-un already exists.
2025-12-24 04:13:06,008 - INFO - [The Hindu] Early skip: URL https://www.thehindu.com/news/national/vp-radhakrishnan-welcomes-ai-in-school-curricula-says-india-should-take-lead/article70430302.ece already exists.
2025-12-24 04:13:06,235 - INFO - [The Guardian] Early skip: URL https://www.theguardian.com/global-development/2025/dec/19/gaza-phd-student-manar-al-houbi-granted-access-to-uk-but-others-remain-stranded already exists.
2025-12-24 04:13:06,390 - INFO - [The Hindu] Early skip: URL https://www.thehindu.com/news/national/andhra-pradesh/vizag-will-become-data-centre-hub-and-amaravati-quantum-hub-says-naidu/article70429763.ece already exists.
2025-12-24 04:13:06,523 - INFO - [The Hindu] Early skip: URL https://www.thehindu.com/news/national/maharashtra/bombay-hc-directs-maharashtra-govt-to-pay-50-lakh-benefit-to-covid-duty-staffs-family/article70430654.ece already exists.
2025-12-24 04:13:06,665 - INFO - [The Hindu] Early skip: URL https://www.thehindu.com/news/national/uttar-pradesh/record-rise-in-admissions-to-private-schools-under-rte-in-up-says-govt/article70430699.ece already exists.
2025-12-24 04:13:06,949 - INFO - [The Hindu] Early skip: URL https://www.thehindu.com/news/cities/Hyderabad/strict-action-for-new-year-violations-special-drunk-driving-checks-from-wednesday/article70430700.ece already exists.
2025-12-24 04:13:07,205 - INFO - [The Hindu] Early skip: URL https://www.thehindu.com/news/national/bihar/sir-ndas-win-new-bjp-president-how-bihar-took-centre-stage-in-national-politics/article70429974.ece already exists.
2025-12-24 04:13:07,338 - INFO - [The Hindu] Early skip: URL https://www.thehindu.com/opinion/op-ed/it-is-time-to-put-apprehensions-over-sir-to-rest/article70429852.ece already exists.
2025-12-24 04:13:07,473 - INFO - [The Hindu] Early skip: URL https://www.thehindu.com/news/national/kerala/deepthy-mary-varghese-voices-displeasure-over-being-overlooked-for-mayors-post/article70430237.ece already exists.
2025-12-24 04:13:07,752 - INFO - [The Hindu] Early skip: URL https://www.thehindu.com/news/national/maharashtra/maharashtra-local-body-results-boosts-mahayuti-raises-new-questions-for-mva/article70431379.ece already exists.
2025-12-24 04:13:07,907 - INFO - [The Hindu] Early skip: URL https://www.thehindu.com/news/national/haryana/haryana-bjp-government-evaded-discussion-on-public-interest-issues-during-assembly-session-hooda/article70429960.ece already exists.
2025-12-24 04:13:08,173 - INFO - [The Hindu] Early skip: URL https://www.thehindu.com/news/national/ed-chargesheets-syndicate-behind-dabba-trading-and-online-betting-racket-with-dubai-links/article70430609.ece already exists.
2025-12-24 04:13:08,452 - INFO - [The Hindu] Early skip: URL https://www.thehindu.com/news/national/jammu-and-kashmir/jk-hc-dismisses-mehboobas-pil-on-undertrials-says-courts-cannot-serve-as-forums-for-electoral-campaigns/article70430953.ece already exists.
2025-12-24 04:13:08,648 - INFO - [The Hindu] Early skip: URL https://www.thehindu.com/news/national/maharashtra/bombay-hc-rejects-bail-pleas-of-four-accused-in-palghar-lynching-case-cites-gravity-of-roles/article70430806.ece already exists.
2025-12-24 04:13:08,770 - INFO - [The Hindu] Early skip: URL https://www.thehindu.com/news/national/tamil-nadu/palaniswami-should-be-taught-a-fitting-lesson-panneerselvam/article70431251.ece already exists.
2025-12-24 04:13:08,924 - INFO - [The Hindu] Early skip: URL https://www.thehindu.com/news/national/kerala/over-322-lakh-names-removed-from-districts-draft-electoral-roll-after-sir/article70430338.ece already exists.
2025-12-24 04:13:09,097 - INFO - [The Hindu] Early skip: URL https://www.thehindu.com/news/national/ladakh/leh-violence-22-officials-including-crpf-ladakh-police-personnel-record-statement-before-judicial-commission/article70431060.ece already exists.
2025-12-24 04:13:09,287 - INFO - [The Hindu] Early skip: URL https://www.thehindu.com/news/national/chhattisgarh/twenty-seven-lakh-voters-deleted-in-chhattisgarh-sir/article70431089.ece already exists.
2025-12-24 04:13:09,500 - INFO - [The Hindu] Early skip: URL https://www.thehindu.com/news/national/kerala/jamal-manakkadan-to-lead-udf-as-kalamassery-municipal-chairperson/article70430322.ece already exists.
2025-12-24 04:13:09,791 - INFO - [The Hindu] Early skip: URL https://www.thehindu.com/news/national/95-lakh-names-deleted-from-rolls-of-three-states-one-ut/article70431204.ece already exists.
2025-12-24 04:13:09,929 - INFO - [The Hindu] (Thread) Finished. Attempting to shut down its Selenium driver.
2025-12-24 04:13:10,065 - INFO - [The Hindu] (Thread) driver.quit() successful.
2025-12-24 04:13:10,066 - INFO - Shutting down thread pool (wait=False)...
2025-12-24 04:13:10,066 - INFO - Scraped: 1 The Guardian, 0 Times of India, 0 BBC, 3 The Hindu articles. (Total saved: 4)
2025-12-24 04:13:10,066 - INFO - --- Scraping job finished ---
2025-12-24 04:13:10,072 - INFO - --- Scraper service stopped and database connection closed. ---
2025-12-24 04:13:10,072 - INFO - --- Main thread finished. Forcing process exit to kill zombie threads. ---
