2026-01-15 15:58:38,404 - INFO - Loading AI Semantic Model (all-MiniLM-L6-v2)...
2026-01-15 15:58:38,405 - INFO - Use pytorch device_name: cpu
2026-01-15 15:58:38,405 - INFO - Load pretrained SentenceTransformer: all-MiniLM-L6-v2
2026-01-15 15:58:39,526 - INFO - AI Model loaded successfully.
2026-01-15 15:58:39,526 - INFO - --- Scraper service started (CI Mode: Run Once) ---
2026-01-15 15:58:39,526 - INFO - --- Starting new scraping job (Parallel Mode) ---
2026-01-15 15:58:39,526 - INFO - Creating new robust session with 3 retries on 5xx/connection/read errors.
2026-01-15 15:58:39,527 - INFO - Proxy is DISABLED.
2026-01-15 15:58:39,527 - INFO - Starting scrape for BBC RSS feed: http://feeds.bbci.co.uk/news/world/rss.xml
2026-01-15 15:58:39,528 - INFO - [Times of India] (Thread) requires Selenium. Initializing driver...
2026-01-15 15:58:39,528 - INFO - Starting scrape for The Guardian RSS feed: https://www.theguardian.com/world/rss
2026-01-15 15:58:39,529 - INFO - [The Hindu] (Thread) requires Selenium. Initializing driver...
2026-01-15 15:58:39,529 - INFO - Submitted 4 jobs to thread pool. Waiting up to 300s for completion...
2026-01-15 15:58:39,838 - INFO - Found 45 articles in The Guardian RSS feed. Processing up to 30.
2026-01-15 15:58:39,838 - INFO - [The Guardian] Article: https://www.theguardian.com/us-news/2026/jan/15/hepatitis-b-vaccines-study-africa-cancel
2026-01-15 15:58:39,839 - INFO - [The Guardian] Attempt 1/1: Trying with 'requests_browser' strategy...
2026-01-15 15:58:39,859 - INFO - Found 21 articles in BBC RSS feed. Processing up to 30.
2026-01-15 15:58:39,859 - INFO - [BBC] Early skip: URL https://www.bbc.com/news/articles/cd0ydjvxpejo?at_medium=RSS&at_campaign=rss already exists.
2026-01-15 15:58:39,881 - INFO - [The Guardian] Success with 'requests_browser'. Found content (1253 words).
2026-01-15 15:58:47,303 - INFO - Selenium driver initialized successfully.
2026-01-15 15:58:47,304 - INFO - Starting scrape for Times of India RSS feed: https://timesofindia.indiatimes.com/rssfeeds/296589292.cms
2026-01-15 15:58:47,305 - INFO - Selenium driver initialized successfully.
2026-01-15 15:58:47,305 - INFO - Starting scrape for The Hindu RSS feed: https://www.thehindu.com/news/national/feeder/default.rss
2026-01-15 15:58:47,553 - INFO - Found 20 articles in Times of India RSS feed. Processing up to 30.
2026-01-15 15:58:47,585 - INFO - Found 100 articles in The Hindu RSS feed. Processing up to 30.
2026-01-15 15:58:49,210 - INFO - Saved article: Controversial US study on hepatitis B vaccines in Africa is cancelled | US news | The Guardian from The Guardian (1253 words)
2026-01-15 15:58:49,211 - INFO - [BBC] Early skip: URL https://www.bbc.com/news/articles/c205r8n0276o?at_medium=RSS&at_campaign=rss already exists.
2026-01-15 15:58:49,314 - INFO - [Times of India] Article: https://timesofindia.indiatimes.com/world/us/from-venezuela-to-iran-how-americas-missile-push-is-running-into-a-solid-rocket-motor-supply-crisis-explained-us-missile-crisis/articleshow/126549114.cms
2026-01-15 15:58:49,315 - INFO - [Times of India] Attempt 1/1: Trying with 'selenium_browser' strategy...
2026-01-15 15:58:49,315 - INFO - [The Hindu] Article: https://www.thehindu.com/news/national/kerala/kerala-school-kalolsavam-2026-when-theatre-moved-beyondborders/article70512778.ece
2026-01-15 15:58:49,315 - INFO - [The Hindu] Attempt 1/1: Trying with 'selenium_browser' strategy...
2026-01-15 15:58:49,316 - INFO - [BBC] Early skip: URL https://www.bbc.com/news/articles/cp80zjx091yo?at_medium=RSS&at_campaign=rss already exists.
2026-01-15 15:58:49,576 - INFO - [BBC] Early skip: URL https://www.bbc.com/news/articles/cg7vdpy1l2vo?at_medium=RSS&at_campaign=rss already exists.
2026-01-15 15:58:49,727 - INFO - [BBC] Early skip: URL https://www.bbc.com/news/articles/cp3z7441nz7o?at_medium=RSS&at_campaign=rss already exists.
2026-01-15 15:58:50,023 - INFO - [BBC] Early skip: URL https://www.bbc.com/news/articles/cly56w0p9e1o?at_medium=RSS&at_campaign=rss already exists.
2026-01-15 15:58:50,317 - INFO - [The Guardian] Early skip: URL https://www.theguardian.com/world/2026/jan/15/uganda-vote-election-yoweri-museveni-bobi-wine already exists.
2026-01-15 15:58:50,535 - INFO - [The Guardian] Early skip: URL https://www.theguardian.com/us-news/2026/jan/13/trump-administration-ends-tps-somalia already exists.
2026-01-15 15:58:50,638 - INFO - [BBC] Early skip: URL https://www.bbc.com/news/articles/cp80217r1kpo?at_medium=RSS&at_campaign=rss already exists.
2026-01-15 15:58:50,845 - INFO - [The Guardian] Early skip: URL https://www.theguardian.com/business/2026/jan/13/developing-countries-poorer-world-bank-report already exists.
2026-01-15 15:58:50,961 - INFO - [BBC] Article: https://www.bbc.com/news/videos/c1wz807vpglo?at_medium=RSS&at_campaign=rss
2026-01-15 15:58:50,961 - INFO - [BBC] Attempt 1/1: Trying with 'requests_browser' strategy...
2026-01-15 15:58:50,963 - INFO - [The Guardian] Early skip: URL https://www.theguardian.com/books/2026/jan/12/chimamanda-ngozi-adichie-accuses-lagos-hospital-negligence-son-death already exists.
2026-01-15 15:58:51,067 - INFO - [The Guardian] Early skip: URL https://www.theguardian.com/us-news/live/2026/jan/15/us-politics-latest-news-updates-donald-trump-venezuela-maria-corina-machado already exists.
2026-01-15 15:58:51,209 - INFO - [The Guardian] Early skip: URL https://www.theguardian.com/us-news/2026/jan/15/trump-maria-corina-machado-venezuela already exists.
2026-01-15 15:58:51,239 - WARNING - [BBC] FAILED with 'requests_browser' (content was too short: 82 words).
2026-01-15 15:58:51,239 - ERROR - [BBC] All scrape strategies failed for https://www.bbc.com/news/videos/c1wz807vpglo?at_medium=RSS&at_campaign=rss. Falling back to RSS description.
2026-01-15 15:58:51,239 - WARNING - SKIPPED (GLOBAL WORD LIMIT): Article 'Watch: Aerial footage shows cars swept away by flash floods in Australia' from BBC has only 15 words (Min: 90).
2026-01-15 15:58:51,475 - INFO - [The Guardian] Early skip: URL https://www.theguardian.com/business/2026/jan/15/trump-big-oil-venezuela already exists.
2026-01-15 15:58:51,588 - INFO - [The Guardian] Early skip: URL https://www.theguardian.com/world/2026/jan/14/venezuelan-political-prisoners-released already exists.
2026-01-15 15:58:51,706 - INFO - [The Guardian] Early skip: URL https://www.theguardian.com/world/2026/jan/14/quebec-premier-francois-legault-resigns already exists.
2026-01-15 15:58:51,914 - INFO - [The Guardian] Early skip: URL https://www.theguardian.com/world/2026/jan/14/thailand-train-crane-accident-deaths already exists.
2026-01-15 15:58:52,138 - INFO - [The Guardian] Early skip: URL https://www.theguardian.com/world/2026/jan/14/china-reports-record-trillion-dollar-trade-surplus-despite-trump-tariffs already exists.
2026-01-15 15:58:52,439 - INFO - [The Guardian] Early skip: URL https://www.theguardian.com/world/2026/jan/13/south-korean-prosecutors-demand-death-penalty-for-former-president-yoon-suk-yeol already exists.
2026-01-15 15:58:52,650 - INFO - [The Guardian] Early skip: URL https://www.theguardian.com/music/2026/jan/14/bts-announces-return-with-new-world-tourm-includin-in-2026-and-2027 already exists.
2026-01-15 15:58:52,892 - INFO - [The Guardian] Early skip: URL https://www.theguardian.com/world/2026/jan/13/workers-at-chinese-factory-that-produces-labubu-toys-are-being-exploited-says-ngo already exists.
2026-01-15 15:58:53,189 - INFO - [The Guardian] Early skip: URL https://www.theguardian.com/culture/2026/jan/15/british-indie-band-pulp-agree-to-play-adelaide-festival-after-boycott-u-turn already exists.
2026-01-15 15:58:53,356 - INFO - [BBC] Early skip: URL https://www.bbc.com/news/articles/cq6vm677z76o?at_medium=RSS&at_campaign=rss already exists.
2026-01-15 15:58:53,550 - INFO - [The Hindu] Page content loaded.
2026-01-15 15:58:53,610 - INFO - [BBC] Early skip: URL https://www.bbc.com/news/articles/c205677pxvxo?at_medium=RSS&at_campaign=rss already exists.
2026-01-15 15:58:53,913 - INFO - [BBC] Early skip: URL https://www.bbc.com/news/articles/cx2xn1yvgr4o?at_medium=RSS&at_campaign=rss already exists.
2026-01-15 15:58:54,208 - INFO - [The Guardian] Early skip: URL https://www.theguardian.com/australia-news/2026/jan/15/australia-u16-social-media-ban-millions-accounts-blocked already exists.
2026-01-15 15:58:54,391 - INFO - [The Guardian] Early skip: URL https://www.theguardian.com/australia-news/2026/jan/15/hand-sanitiser-recall-dr-schwartz-hotel-chain-accc already exists.
2026-01-15 15:58:54,647 - INFO - [The Guardian] Early skip: URL https://www.theguardian.com/culture/2026/jan/15/jewish-american-columnist-thomas-friedman-says-he-was-uninvited-from-2024-adelaide-writers-week-ntwnfb already exists.
2026-01-15 15:58:54,685 - INFO - [The Hindu] Success with 'selenium_browser'. Found content (533 words).
2026-01-15 15:58:54,917 - INFO - [The Guardian] Early skip: URL https://www.theguardian.com/australia-news/live/2026/jan/15/victoria-bushfires-school-data-hack-adelaide-writers-week-peter-malinauskas-labor-hate-speech-laws-political-reaction-anthony-albanese-sussan-ley-coalition-ntwnfb already exists.
2026-01-15 15:58:55,091 - INFO - [The Guardian] Early skip: URL https://www.theguardian.com/uk-news/2026/jan/15/dutch-far-right-influencer-eva-vlaardingerbroek-banned already exists.
2026-01-15 15:58:55,366 - INFO - [The Guardian] Early skip: URL https://www.theguardian.com/world/2026/jan/15/paulus-potter-the-bull-mauritshuis-dutch-painting-testicles already exists.
2026-01-15 15:58:55,594 - INFO - [The Guardian] Early skip: URL https://www.theguardian.com/world/2026/jan/15/spain-climate-scientists-subjected-alarming-rise-hate-speech-minister-warns already exists.
2026-01-15 15:58:55,766 - INFO - [BBC] Early skip: URL https://www.bbc.com/news/articles/c3r197we875o?at_medium=RSS&at_campaign=rss already exists.
2026-01-15 15:58:55,887 - INFO - [BBC] Early skip: URL https://www.bbc.com/news/articles/cm2yvnen1qyo?at_medium=RSS&at_campaign=rss already exists.
2026-01-15 15:58:55,996 - INFO - [BBC] Early skip: URL https://www.bbc.com/news/articles/c801p8jppv5o?at_medium=RSS&at_campaign=rss already exists.
2026-01-15 15:59:17,693 - INFO - Saved article: Kerala School Kalolsavam 2026: When theatre moved beyond borders - The Hindu from The Hindu (533 words)
2026-01-15 15:59:17,694 - INFO - [The Guardian] Early skip: URL https://www.theguardian.com/world/2026/jan/15/greenland-defence-nato-denmark-prime-minister-european-troops already exists.
2026-01-15 15:59:17,797 - INFO - [BBC] Early skip: URL https://www.bbc.com/news/articles/c8e54zp5j6no?at_medium=RSS&at_campaign=rss already exists.
2026-01-15 15:59:18,001 - INFO - [The Guardian] Early skip: URL https://www.theguardian.com/world/2026/jan/15/greenland-new-shipping-routes-hidden-minerals-and-a-frontline-between-the-us-and-russia already exists.
2026-01-15 15:59:18,127 - INFO - [BBC] Early skip: URL https://www.bbc.com/news/articles/c99k4jxz0ndo?at_medium=RSS&at_campaign=rss already exists.
2026-01-15 15:59:18,255 - INFO - [The Guardian] Early skip: URL https://www.theguardian.com/world/live/2026/jan/15/trump-iran-protests-usa-response-airspace-killings-live-updates already exists.
2026-01-15 15:59:18,390 - INFO - [BBC] Early skip: URL https://www.bbc.com/news/videos/c89q0y5xd79o?at_medium=RSS&at_campaign=rss already exists.
2026-01-15 15:59:18,653 - INFO - [The Guardian] Early skip: URL https://www.theguardian.com/world/2026/jan/15/iran-protest-killings-trump-tehran-claims-no-executions already exists.
2026-01-15 15:59:18,811 - INFO - [BBC] Early skip: URL https://www.bbc.com/news/videos/c3wz4v8xl8wo?at_medium=RSS&at_campaign=rss already exists.
2026-01-15 15:59:18,927 - INFO - [The Hindu] Article: https://www.thehindu.com/news/national/kerala/school-kalolsavam-2026-drama-oppana-tribal-dance-folk-dance-light-up-second-day/article70512739.ece
2026-01-15 15:59:18,927 - INFO - [The Hindu] Attempt 1/1: Trying with 'selenium_browser' strategy...
2026-01-15 15:59:18,928 - INFO - [The Guardian] Early skip: URL https://www.theguardian.com/world/2026/jan/15/how-day-zero-water-shortages-in-iran-are-fuelling-protests already exists.
2026-01-15 15:59:19,078 - INFO - [BBC] Early skip: URL https://www.bbc.com/news/videos/cd7z8p0nq8jo?at_medium=RSS&at_campaign=rss already exists.
2026-01-15 15:59:19,363 - INFO - [BBC] Article: https://www.bbc.com/news/videos/c4g0d892p7go?at_medium=RSS&at_campaign=rss
2026-01-15 15:59:19,363 - INFO - [The Guardian] Early skip: URL https://www.theguardian.com/world/live/2026/jan/14/iran-protests-live-updates-trump-us-action-death-toll-protester-executions-erfan-soltani already exists.
2026-01-15 15:59:19,364 - INFO - [BBC] Attempt 1/1: Trying with 'requests_browser' strategy...
2026-01-15 15:59:19,531 - WARNING - [BBC] FAILED with 'requests_browser' (content was too short: 68 words).
2026-01-15 15:59:19,532 - ERROR - [BBC] All scrape strategies failed for https://www.bbc.com/news/videos/c4g0d892p7go?at_medium=RSS&at_campaign=rss. Falling back to RSS description.
2026-01-15 15:59:19,532 - WARNING - SKIPPED (GLOBAL WORD LIMIT): Article 'Trump vows 'very strong action' if Iran executes protesters' from BBC has only 22 words (Min: 90).
2026-01-15 15:59:19,575 - INFO - [The Guardian] Early skip: URL https://www.theguardian.com/world/2026/jan/14/iran-protests-erfan-soltani-donald-trump-warning-executions-hangings already exists.
2026-01-15 15:59:20,353 - INFO - [BBC] Early skip: URL https://www.bbc.com/news/videos/cr57v8y9r77o?at_medium=RSS&at_campaign=rss already exists.
2026-01-15 15:59:20,525 - INFO - [The Hindu] Page content loaded.
2026-01-15 15:59:20,580 - INFO - [The Hindu] Success with 'selenium_browser'. Found content (377 words).
2026-01-15 15:59:32,354 - INFO - Saved article: School Kalolsavam 2026: Drama, oppana, tribal dance, folk dance light up second day - The Hindu from The Hindu (377 words)
2026-01-15 15:59:33,271 - INFO - [The Hindu] Early skip: URL https://www.thehindu.com/videos/murder-of-democracy-opposition-claims-irregularities-in-maharashtra-civic-polls/article70512843.ece already exists.
2026-01-15 15:59:33,455 - INFO - [The Hindu] Early skip: URL https://www.thehindu.com/news/national/japan-fm-motegi-eam-jaishankar-to-hold-strategic-dialogue-on-indo-pacific-ai-cooperation/article70512786.ece already exists.
2026-01-15 15:59:33,662 - INFO - [The Hindu] Article: https://www.thehindu.com/news/international/us-seizes-venezuela-linked-tanker-ahead-of-trump-machado-meeting/article70512815.ece
2026-01-15 15:59:33,663 - INFO - [The Hindu] Attempt 1/1: Trying with 'selenium_browser' strategy...
2026-01-15 15:59:34,818 - INFO - [The Hindu] Page content loaded.
2026-01-15 15:59:34,918 - INFO - [The Hindu] Success with 'selenium_browser'. Found content (352 words).
2026-01-15 15:59:46,613 - INFO - Saved article: U.S. seizes Venezuela-linked tanker ahead of Trump-Machado meeting - The Hindu from The Hindu (352 words)
2026-01-15 15:59:47,248 - INFO - [The Hindu] Early skip: URL https://www.thehindu.com/news/national/uttar-pradesh-sir-rural-voters-count-supreme-count-election-commission/article70512766.ece already exists.
2026-01-15 15:59:47,511 - INFO - [The Hindu] Early skip: URL https://www.thehindu.com/news/national/odisha/group-clash-in-odisha-sundergarh-prohibitory-order-imposed/article70512763.ece already exists.
2026-01-15 15:59:47,642 - INFO - [The Hindu] Early skip: URL https://www.thehindu.com/news/national/democracy-delivers-in-india-as-people-are-at-centre-of-governance-says-pm-modi/article70512765.ece already exists.
2026-01-15 15:59:47,868 - INFO - [The Hindu] Early skip: URL https://www.thehindu.com/news/national/ai-emerging-tech-have-increased-efficiency-of-democracy-says-om-birla-cautions-against-misuse/article70512745.ece already exists.
2026-01-15 15:59:48,048 - INFO - [The Hindu] Early skip: URL https://www.thehindu.com/news/cities/Hyderabad/hyderabad-set-to-host-fashion-heritage-gala-at-residency-building/article70512503.ece already exists.
2026-01-15 15:59:48,235 - INFO - [The Hindu] Early skip: URL https://www.thehindu.com/news/national/top-eu-leaders-to-visit-india-as-republic-day-guests-likely-to-sign-trade-deal/article70512707.ece already exists.
2026-01-15 15:59:48,505 - INFO - [The Hindu] Early skip: URL https://www.thehindu.com/videos/watch-the-making-of-atchu-vellam-an-ingredient-in-sweet-pongal/article70512717.ece already exists.
2026-01-15 15:59:48,764 - INFO - [The Hindu] Early skip: URL https://www.thehindu.com/news/national/kerala/kerala-school-kalolsavam-2026-in-the-land-of-poorams-young-performers-come-up-with-riveting-performances-in-chenda-melam/article70512679.ece already exists.
2026-01-15 15:59:48,966 - INFO - [The Hindu] Early skip: URL https://www.thehindu.com/news/national/jammu-and-kashmir/jk-government-names-nodal-officer-for-safety-of-students-in-iran/article70512680.ece already exists.
2026-01-15 15:59:49,162 - INFO - [The Hindu] Early skip: URL https://www.thehindu.com/videos/pongal-celebrations-light-up-pudukottai/article70512667.ece already exists.
2026-01-15 15:59:49,303 - INFO - [The Hindu] Early skip: URL https://www.thehindu.com/news/national/chhattisgarh/52-maoists-surrender-in-chhattisgarhs-bijapur/article70512670.ece already exists.
2026-01-15 15:59:49,546 - INFO - [The Hindu] Early skip: URL https://www.thehindu.com/news/national/deal-with-us-very-near-teams-are-engaging-virtually-on-pending-issues-commerce-secretary/article70512646.ece already exists.
2026-01-15 15:59:49,668 - INFO - [The Hindu] Early skip: URL https://www.thehindu.com/news/national/west-bengal/bengal-sir-election-commission-declines-proposal-to-accept-class-10-admit-card-as-valid-document/article70512656.ece already exists.
2026-01-15 15:59:49,948 - INFO - [The Hindu] Early skip: URL https://www.thehindu.com/news/national/west-bengal/serious-indictment-of-mamata-bjp-over-supreme-court-observation-on-ed-plea-in-i-pac-raid-caseami/article70512625.ece already exists.
2026-01-15 15:59:50,126 - INFO - [The Hindu] Early skip: URL https://www.thehindu.com/videos/watch-how-tamil-nadu-celebrated-pongal/article70512631.ece already exists.
2026-01-15 15:59:50,370 - INFO - [The Hindu] Early skip: URL https://www.thehindu.com/news/national/maharashtra/maharashtra-civic-polls-evm-errors-in-pune-officials-say-machines-replaced-swiftly/article70512612.ece already exists.
2026-01-15 15:59:50,556 - INFO - [The Hindu] Early skip: URL https://www.thehindu.com/news/national/we-are-preparing-for-future-wars-indigenisation-key-for-self-reliance-army-chief/article70512561.ece already exists.
2026-01-15 15:59:50,677 - INFO - [The Hindu] Early skip: URL https://www.thehindu.com/business/Economy/exports-rise-187-to-385-billion-in-december/article70512532.ece already exists.
2026-01-15 15:59:50,814 - INFO - [The Hindu] Early skip: URL https://www.thehindu.com/news/national/air-india-aircraft-grounded-after-engine-ingests-container/article70512544.ece already exists.
2026-01-15 15:59:50,970 - INFO - [The Hindu] Early skip: URL https://www.thehindu.com/news/national/maharashtra/uddhav-thackeray-claims-irregularities-in-maharashtra-civic-polls-calls-it-murder-of-democracy/article70512479.ece already exists.
2026-01-15 15:59:51,169 - INFO - [The Hindu] Early skip: URL https://www.thehindu.com/news/national/jammu-and-kashmir/omar-speaks-to-jaishankar-on-jk-students-caught-in-iran-turmoil/article70512460.ece already exists.
2026-01-15 15:59:51,429 - INFO - [The Hindu] Early skip: URL https://www.thehindu.com/news/national/supreme-court-reserves-verdict-on-a-plea-to-withdraw-life-sustaining-treatment-for-harish-rana/article70512419.ece already exists.
2026-01-15 15:59:51,714 - INFO - [The Hindu] Early skip: URL https://www.thehindu.com/news/cities/kolkata/cbi-conducts-searches-in-various-parts-of-kolkata-in-bank-fraud-case/article70512437.ece already exists.
2026-01-15 15:59:51,874 - INFO - [The Hindu] Early skip: URL https://www.thehindu.com/news/national/uttar-pradesh/bsp-to-contest-all-elections-alone-including-2027-up-assembly-polls-mayawati/article70512424.ece already exists.
2026-01-15 15:59:52,109 - INFO - [The Hindu] Early skip: URL https://www.thehindu.com/news/national/uttar-pradesh/want-to-affix-your-nameplate-kharge-to-pm-on-manikarnika-ghat-redevelopment/article70512385.ece already exists.
2026-01-15 15:59:52,284 - INFO - [The Hindu] (Thread) Finished. Attempting to shut down its Selenium driver.
2026-01-15 15:59:52,466 - INFO - [The Hindu] (Thread) driver.quit() successful.
2026-01-15 16:00:49,416 - ERROR - [Times of India] Request failed for strategy 'selenium_browser' on URL https://timesofindia.indiatimes.com/world/us/from-venezuela-to-iran-how-americas-missile-push-is-running-into-a-solid-rocket-motor-supply-crisis-explained-us-missile-crisis/articleshow/126549114.cms: HTTPConnectionPool(host='localhost', port=55821): Read timed out. (read timeout=120)
2026-01-15 16:00:49,416 - ERROR - [Times of India] All scrape strategies failed for https://timesofindia.indiatimes.com/world/us/from-venezuela-to-iran-how-americas-missile-push-is-running-into-a-solid-rocket-motor-supply-crisis-explained-us-missile-crisis/articleshow/126549114.cms. Falling back to RSS description.
2026-01-15 16:00:49,416 - WARNING - SKIPPED (GLOBAL WORD LIMIT): Article 'From Venezuela to Iran: How America’s missile push is running into a solid rocket motor supply crisis — explained' from Times of India has only 3 words (Min: 90).
2026-01-15 16:00:50,491 - INFO - [Times of India] Article: https://timesofindia.indiatimes.com/world/us/im-disabled-bangladeshi-origin-woman-aliya-rahman-hauled-by-ice-in-minneapolis-is-a-democrat-supporter-trump-admin-not-pressing-charges/articleshow/126549081.cms
2026-01-15 16:00:50,491 - INFO - [Times of India] Attempt 1/1: Trying with 'selenium_browser' strategy...
2026-01-15 16:02:50,495 - ERROR - [Times of India] Request failed for strategy 'selenium_browser' on URL https://timesofindia.indiatimes.com/world/us/im-disabled-bangladeshi-origin-woman-aliya-rahman-hauled-by-ice-in-minneapolis-is-a-democrat-supporter-trump-admin-not-pressing-charges/articleshow/126549081.cms: HTTPConnectionPool(host='localhost', port=55821): Read timed out. (read timeout=120)
2026-01-15 16:02:50,495 - ERROR - [Times of India] All scrape strategies failed for https://timesofindia.indiatimes.com/world/us/im-disabled-bangladeshi-origin-woman-aliya-rahman-hauled-by-ice-in-minneapolis-is-a-democrat-supporter-trump-admin-not-pressing-charges/articleshow/126549081.cms. Falling back to RSS description.
2026-01-15 16:02:50,496 - WARNING - SKIPPED (GLOBAL WORD LIMIT): Article ''I'm disabled': Bangladeshi-origin woman Aliya Rahman, hauled by ICE in Minneapolis, is a Democrat supporter, Trump admin not pressing charges' from Times of India has only 3 words (Min: 90).
2026-01-15 16:02:51,840 - INFO - [Times of India] Article: https://timesofindia.indiatimes.com/world/us/us-troops-return-to-qatar-base-iran-reopens-airspace-is-america-stepping-back-from-tehran-strike/articleshow/126548360.cms
2026-01-15 16:02:51,840 - INFO - [Times of India] Attempt 1/1: Trying with 'selenium_browser' strategy...
2026-01-15 16:03:39,530 - CRITICAL - --- TIMEOUT: 1 scrape jobs did not complete in 300s. ---
2026-01-15 16:03:39,530 - ERROR - A thread has timed out and will be abandoned.
2026-01-15 16:03:39,530 - INFO - Shutting down thread pool (wait=False)...
2026-01-15 16:03:39,530 - INFO - Scraped: 0 BBC, 3 The Hindu, 1 The Guardian, 1 Timed_Out_Jobs articles. (Total saved: 4)
2026-01-15 16:03:39,530 - INFO - --- Scraping job finished ---
2026-01-15 16:03:39,531 - INFO - --- Scraper service stopped and database connection closed. ---
2026-01-15 16:03:39,531 - INFO - --- Main thread finished. Forcing process exit to kill zombie threads. ---
