2026-03-16 11:49:05,983 - INFO - Loading AI Semantic Model (all-MiniLM-L6-v2)...
2026-03-16 11:49:05,984 - INFO - Use pytorch device_name: cpu
2026-03-16 11:49:05,984 - INFO - Load pretrained SentenceTransformer: all-MiniLM-L6-v2
2026-03-16 11:49:06,134 - INFO - HTTP Request: HEAD https://huggingface.co/sentence-transformers/all-MiniLM-L6-v2/resolve/main/modules.json "HTTP/1.1 307 Temporary Redirect"
2026-03-16 11:49:06,134 - WARNING - Warning: You are sending unauthenticated requests to the HF Hub. Please set a HF_TOKEN to enable higher rate limits and faster downloads.
2026-03-16 11:49:06,155 - INFO - HTTP Request: HEAD https://huggingface.co/api/resolve-cache/models/sentence-transformers/all-MiniLM-L6-v2/c9745ed1d9f207416be6d2e6f8de32d1f16199bf/modules.json "HTTP/1.1 200 OK"
2026-03-16 11:49:06,219 - INFO - HTTP Request: HEAD https://huggingface.co/sentence-transformers/all-MiniLM-L6-v2/resolve/main/config_sentence_transformers.json "HTTP/1.1 307 Temporary Redirect"
2026-03-16 11:49:06,240 - INFO - HTTP Request: HEAD https://huggingface.co/api/resolve-cache/models/sentence-transformers/all-MiniLM-L6-v2/c9745ed1d9f207416be6d2e6f8de32d1f16199bf/config_sentence_transformers.json "HTTP/1.1 200 OK"
2026-03-16 11:49:06,300 - INFO - HTTP Request: HEAD https://huggingface.co/sentence-transformers/all-MiniLM-L6-v2/resolve/main/config_sentence_transformers.json "HTTP/1.1 307 Temporary Redirect"
2026-03-16 11:49:06,321 - INFO - HTTP Request: HEAD https://huggingface.co/api/resolve-cache/models/sentence-transformers/all-MiniLM-L6-v2/c9745ed1d9f207416be6d2e6f8de32d1f16199bf/config_sentence_transformers.json "HTTP/1.1 200 OK"
2026-03-16 11:49:06,382 - INFO - HTTP Request: HEAD https://huggingface.co/sentence-transformers/all-MiniLM-L6-v2/resolve/main/README.md "HTTP/1.1 307 Temporary Redirect"
2026-03-16 11:49:06,404 - INFO - HTTP Request: HEAD https://huggingface.co/api/resolve-cache/models/sentence-transformers/all-MiniLM-L6-v2/c9745ed1d9f207416be6d2e6f8de32d1f16199bf/README.md "HTTP/1.1 200 OK"
2026-03-16 11:49:06,464 - INFO - HTTP Request: HEAD https://huggingface.co/sentence-transformers/all-MiniLM-L6-v2/resolve/main/modules.json "HTTP/1.1 307 Temporary Redirect"
2026-03-16 11:49:06,485 - INFO - HTTP Request: HEAD https://huggingface.co/api/resolve-cache/models/sentence-transformers/all-MiniLM-L6-v2/c9745ed1d9f207416be6d2e6f8de32d1f16199bf/modules.json "HTTP/1.1 200 OK"
2026-03-16 11:49:06,544 - INFO - HTTP Request: HEAD https://huggingface.co/sentence-transformers/all-MiniLM-L6-v2/resolve/main/sentence_bert_config.json "HTTP/1.1 307 Temporary Redirect"
2026-03-16 11:49:06,565 - INFO - HTTP Request: HEAD https://huggingface.co/api/resolve-cache/models/sentence-transformers/all-MiniLM-L6-v2/c9745ed1d9f207416be6d2e6f8de32d1f16199bf/sentence_bert_config.json "HTTP/1.1 200 OK"
2026-03-16 11:49:06,629 - INFO - HTTP Request: HEAD https://huggingface.co/sentence-transformers/all-MiniLM-L6-v2/resolve/main/adapter_config.json "HTTP/1.1 404 Not Found"
2026-03-16 11:49:06,691 - INFO - HTTP Request: HEAD https://huggingface.co/sentence-transformers/all-MiniLM-L6-v2/resolve/main/config.json "HTTP/1.1 307 Temporary Redirect"
2026-03-16 11:49:06,713 - INFO - HTTP Request: HEAD https://huggingface.co/api/resolve-cache/models/sentence-transformers/all-MiniLM-L6-v2/c9745ed1d9f207416be6d2e6f8de32d1f16199bf/config.json "HTTP/1.1 200 OK"
2026-03-16 11:49:06,825 - WARNING - [1mBertModel LOAD REPORT[0m from: sentence-transformers/all-MiniLM-L6-v2
Key                     | Status     |  | 
------------------------+------------+--+-
embeddings.position_ids | UNEXPECTED |  | 

[3mNotes:
- UNEXPECTED[3m	:can be ignored when loading from different task/architecture; not ok if you expect identical arch.[0m
2026-03-16 11:49:06,885 - INFO - HTTP Request: HEAD https://huggingface.co/sentence-transformers/all-MiniLM-L6-v2/resolve/main/config.json "HTTP/1.1 307 Temporary Redirect"
2026-03-16 11:49:06,906 - INFO - HTTP Request: HEAD https://huggingface.co/api/resolve-cache/models/sentence-transformers/all-MiniLM-L6-v2/c9745ed1d9f207416be6d2e6f8de32d1f16199bf/config.json "HTTP/1.1 200 OK"
2026-03-16 11:49:06,967 - INFO - HTTP Request: HEAD https://huggingface.co/sentence-transformers/all-MiniLM-L6-v2/resolve/main/tokenizer_config.json "HTTP/1.1 307 Temporary Redirect"
2026-03-16 11:49:06,989 - INFO - HTTP Request: HEAD https://huggingface.co/api/resolve-cache/models/sentence-transformers/all-MiniLM-L6-v2/c9745ed1d9f207416be6d2e6f8de32d1f16199bf/tokenizer_config.json "HTTP/1.1 200 OK"
2026-03-16 11:49:07,059 - INFO - HTTP Request: GET https://huggingface.co/api/models/sentence-transformers/all-MiniLM-L6-v2/tree/main/additional_chat_templates?recursive=false&expand=false "HTTP/1.1 404 Not Found"
2026-03-16 11:49:07,124 - INFO - HTTP Request: GET https://huggingface.co/api/models/sentence-transformers/all-MiniLM-L6-v2/tree/main?recursive=true&expand=false "HTTP/1.1 200 OK"
2026-03-16 11:49:07,240 - INFO - HTTP Request: HEAD https://huggingface.co/sentence-transformers/all-MiniLM-L6-v2/resolve/main/1_Pooling/config.json "HTTP/1.1 307 Temporary Redirect"
2026-03-16 11:49:07,261 - INFO - HTTP Request: HEAD https://huggingface.co/api/resolve-cache/models/sentence-transformers/all-MiniLM-L6-v2/c9745ed1d9f207416be6d2e6f8de32d1f16199bf/1_Pooling%2Fconfig.json "HTTP/1.1 200 OK"
2026-03-16 11:49:07,329 - INFO - HTTP Request: GET https://huggingface.co/api/models/sentence-transformers/all-MiniLM-L6-v2 "HTTP/1.1 200 OK"
2026-03-16 11:49:07,333 - INFO - AI Model loaded successfully.
2026-03-16 11:49:07,334 - INFO - --- Scraper service started (CI Mode: Run Once) ---
2026-03-16 11:49:07,334 - INFO - --- Starting new scraping job (Parallel Mode) ---
2026-03-16 11:49:07,334 - INFO - Connecting to Google Sheets...
2026-03-16 11:49:10,365 - INFO - Connected to Sheet: News Scrapper AI / Sheet1
2026-03-16 11:49:10,365 - INFO - Fetching existing data to build cache...
2026-03-16 11:49:21,983 - INFO - Loaded 41984 rows from sheet.
2026-03-16 11:49:22,710 - INFO - Cache built: 41984 URLs. Current MAX_ID: 42084
2026-03-16 11:49:22,715 - INFO - Creating new robust session with 3 retries on 5xx/connection/read errors.
2026-03-16 11:49:22,716 - INFO - Proxy is DISABLED.
2026-03-16 11:49:22,716 - INFO - Starting scrape for BBC RSS feed: http://feeds.bbci.co.uk/news/world/rss.xml
2026-03-16 11:49:22,716 - INFO - [Times of India] (Thread) requires Selenium. Initializing driver...
2026-03-16 11:49:22,717 - INFO - Starting scrape for The Guardian RSS feed: https://www.theguardian.com/world/rss
2026-03-16 11:49:22,719 - INFO - [The Hindu] (Thread) requires Selenium. Initializing driver...
2026-03-16 11:49:22,719 - INFO - [The Dawn] (Thread) requires Selenium. Initializing driver...
2026-03-16 11:49:22,720 - INFO - [Al Jazeera] (Thread) requires Selenium. Initializing driver...
2026-03-16 11:49:22,720 - INFO - Starting scrape for TechCrunch RSS feed: https://techcrunch.com/feed/
2026-03-16 11:49:22,721 - INFO - [Economic Times] (Thread) requires Selenium. Initializing driver...
2026-03-16 11:49:22,722 - INFO - [South China Morning Post] (Thread) requires Selenium. Initializing driver...
2026-03-16 11:49:22,722 - INFO - Starting scrape for China Daily RSS feed: http://www.chinadaily.com.cn/rss/china_rss.xml
2026-03-16 11:49:22,723 - INFO - [Sixth Tone] (Thread) requires Selenium. Initializing driver...
2026-03-16 11:49:22,723 - INFO - Submitted 11 jobs to thread pool. Waiting up to 300s for completion...
2026-03-16 11:49:22,920 - INFO - Found 22 articles in BBC RSS feed. Processing until 30 new articles are saved.
2026-03-16 11:49:22,921 - INFO - [BBC] Article: https://www.bbc.com/news/articles/clygdwqw5dvo?at_medium=RSS&at_campaign=rss
2026-03-16 11:49:22,921 - INFO - [BBC] Attempt 1/1: Trying with 'requests_browser' strategy...
2026-03-16 11:49:22,939 - INFO - Found 0 articles in TechCrunch RSS feed. Processing until 30 new articles are saved.
2026-03-16 11:49:23,198 - INFO - Found 45 articles in The Guardian RSS feed. Processing until 30 new articles are saved.
2026-03-16 11:49:23,198 - INFO - [The Guardian] Early skip: URL https://www.theguardian.com/media/2026/mar/15/nigerias-online-content-creator-market-has-boomed-can-the-skit-makers-and-streamers-make-it-pay already exists.
2026-03-16 11:49:23,210 - INFO - [The Guardian] Early skip: URL https://www.theguardian.com/world/2026/mar/13/france-returns-sacred-djidji-ayokwe-talking-drum-looted-from-cote-divoire already exists.
2026-03-16 11:49:23,211 - INFO - [The Guardian] Early skip: URL https://www.theguardian.com/us-news/2026/mar/12/trump-immigration-deportations-eswatini already exists.
2026-03-16 11:49:23,213 - INFO - [The Guardian] Early skip: URL https://www.theguardian.com/global-development/2026/mar/12/uk-government-axes-flagship-global-health-project already exists.
2026-03-16 11:49:23,219 - INFO - [The Guardian] Early skip: URL https://www.theguardian.com/global-development/2026/mar/12/invasive-ai-led-mass-surveillance-in-africa-violating-freedoms-warn-experts already exists.
2026-03-16 11:49:23,221 - INFO - [The Guardian] Early skip: URL https://www.theguardian.com/world/2026/mar/15/cory-booker-trump-war-powers-congress already exists.
2026-03-16 11:49:23,224 - INFO - [The Guardian] Early skip: URL https://www.theguardian.com/world/2026/mar/14/arrests-cuba-protest-local-communist-party-office already exists.
2026-03-16 11:49:23,235 - INFO - [The Guardian] Early skip: URL https://www.theguardian.com/world/2026/mar/13/uruguayan-drug-trafficking-suspect-sebastian-marset-arrested-bolivia already exists.
2026-03-16 11:49:23,236 - INFO - [The Guardian] Early skip: URL https://www.theguardian.com/us-news/ng-interactive/2026/mar/13/honduras-family-immigration-deportation already exists.
2026-03-16 11:49:23,244 - INFO - [The Guardian] Early skip: URL https://www.theguardian.com/world/2026/mar/13/cuba-us-talks-miguel-diaz-canel-trump already exists.
2026-03-16 11:49:23,245 - INFO - [The Guardian] Early skip: URL https://www.theguardian.com/technology/2026/mar/13/apple-china-app-store already exists.
2026-03-16 11:49:23,247 - INFO - [The Guardian] Early skip: URL https://www.theguardian.com/world/ng-interactive/2026/mar/13/chinamaxxing-social-media-trend-gen-z-china-us already exists.
2026-03-16 11:49:23,248 - INFO - [The Guardian] Early skip: URL https://www.theguardian.com/world/2026/mar/12/japan-butsukari-otoko-bumping-man-trend-explained-tokyo-girl-shoved already exists.
2026-03-16 11:49:23,249 - INFO - [The Guardian] Early skip: URL https://www.theguardian.com/world/2026/mar/12/asia-energy-crisis-iran-war already exists.
2026-03-16 11:49:23,250 - INFO - [The Guardian] Early skip: URL https://www.theguardian.com/world/2026/mar/12/china-ethnic-unity-law-parliament already exists.
2026-03-16 11:49:23,253 - INFO - [The Guardian] Article: https://www.theguardian.com/australia-news/2026/mar/16/fifth-iranian-football-player-leaves-australia-after-initially-accepting-offer-of-asylum
2026-03-16 11:49:23,253 - INFO - [The Guardian] Attempt 1/1: Trying with 'requests_browser' strategy...
2026-03-16 11:49:23,504 - INFO - [BBC] Success with 'requests_browser'. Found content (1039 words).
2026-03-16 11:49:23,635 - INFO - [The Guardian] Success with 'requests_browser'. Found content (816 words).
2026-03-16 11:49:23,764 - INFO - Found 100 articles in China Daily RSS feed. Processing until 30 new articles are saved.
2026-03-16 11:49:23,765 - INFO - [China Daily] Early skip: URL http://www.chinadaily.com.cn/a/201712/12/WS5a2f29d4a3108bc8c6721a30.html already exists.
2026-03-16 11:49:23,766 - INFO - [China Daily] Early skip: URL http://www.chinadaily.com.cn/a/201712/12/WS5a2f29d4a3108bc8c6721a30.html already exists.
2026-03-16 11:49:23,767 - INFO - [China Daily] Early skip: URL http://www.chinadaily.com.cn/a/201712/12/WS5a2f2701a3108bc8c6721a16.html already exists.
2026-03-16 11:49:23,768 - INFO - [China Daily] Early skip: URL http://www.chinadaily.com.cn/a/201712/12/WS5a2f2701a3108bc8c6721a16.html already exists.
2026-03-16 11:49:23,770 - INFO - [China Daily] Early skip: URL http://www.chinadaily.com.cn/a/201712/12/WS5a2f25bda3108bc8c6721a0b.html already exists.
2026-03-16 11:49:23,771 - INFO - [China Daily] Early skip: URL http://www.chinadaily.com.cn/a/201712/12/WS5a2f25bda3108bc8c6721a0b.html already exists.
2026-03-16 11:49:23,772 - INFO - [China Daily] Early skip: URL http://www.chinadaily.com.cn/a/201712/12/WS5a2f252ca3108bc8c6721a01.html already exists.
2026-03-16 11:49:23,773 - INFO - [China Daily] Early skip: URL http://www.chinadaily.com.cn/a/201712/12/WS5a2f252ca3108bc8c6721a01.html already exists.
2026-03-16 11:49:23,775 - INFO - [China Daily] Early skip: URL http://www.chinadaily.com.cn/a/201712/12/WS5a2f2514a3108bc8c67219fb.html already exists.
2026-03-16 11:49:23,776 - INFO - [China Daily] Early skip: URL http://www.chinadaily.com.cn/a/201712/12/WS5a2f2514a3108bc8c67219fb.html already exists.
2026-03-16 11:49:23,777 - INFO - [China Daily] Early skip: URL http://www.chinadaily.com.cn/a/201712/12/WS5a2f2514a3108bc8c67219fb.html already exists.
2026-03-16 11:49:23,778 - INFO - [China Daily] Early skip: URL http://www.chinadaily.com.cn/a/201712/12/WS5a2f2514a3108bc8c67219fb.html already exists.
2026-03-16 11:49:23,780 - INFO - [China Daily] Early skip: URL http://www.chinadaily.com.cn/a/201712/12/WS5a2f247aa3108bc8c67219f5.html already exists.
2026-03-16 11:49:23,781 - INFO - [China Daily] Early skip: URL http://www.chinadaily.com.cn/a/201712/12/WS5a2f247aa3108bc8c67219f5.html already exists.
2026-03-16 11:49:23,782 - INFO - [China Daily] Early skip: URL http://www.chinadaily.com.cn/a/201712/12/WS5a2f23eba3108bc8c67219f0.html already exists.
2026-03-16 11:49:23,783 - INFO - [China Daily] Early skip: URL http://www.chinadaily.com.cn/a/201712/12/WS5a2f23eba3108bc8c67219f0.html already exists.
2026-03-16 11:49:23,785 - INFO - [China Daily] Early skip: URL http://www.chinadaily.com.cn/a/201712/12/WS5a2f23eba3108bc8c67219f0.html already exists.
2026-03-16 11:49:23,786 - INFO - [China Daily] Early skip: URL http://www.chinadaily.com.cn/a/201712/12/WS5a2f22aba3108bc8c67219e2.html already exists.
2026-03-16 11:49:23,788 - INFO - [China Daily] Early skip: URL http://www.chinadaily.com.cn/a/201712/12/WS5a2f22aba3108bc8c67219e2.html already exists.
2026-03-16 11:49:23,789 - INFO - [China Daily] Early skip: URL http://www.chinadaily.com.cn/a/201712/12/WS5a2f22aba3108bc8c67219e2.html already exists.
2026-03-16 11:49:23,790 - INFO - [China Daily] Early skip: URL http://www.chinadaily.com.cn/a/201712/12/WS5a2f22aba3108bc8c67219e2.html already exists.
2026-03-16 11:49:23,792 - INFO - [China Daily] Early skip: URL http://www.chinadaily.com.cn/a/201712/12/WS5a2f225ea3108bc8c67219dd.html already exists.
2026-03-16 11:49:23,793 - INFO - [China Daily] Early skip: URL http://www.chinadaily.com.cn/a/201712/12/WS5a2f225ea3108bc8c67219dd.html already exists.
2026-03-16 11:49:23,794 - INFO - [China Daily] Early skip: URL http://www.chinadaily.com.cn/a/201712/12/WS5a2f225ea3108bc8c67219dd.html already exists.
2026-03-16 11:49:23,795 - INFO - [China Daily] Early skip: URL http://www.chinadaily.com.cn/a/201712/12/WS5a2f225ea3108bc8c67219dd.html already exists.
2026-03-16 11:49:23,796 - INFO - [China Daily] Early skip: URL http://www.chinadaily.com.cn/a/201712/12/WS5a2f1b86a3108bc8c672199a.html already exists.
2026-03-16 11:49:23,798 - INFO - [China Daily] Early skip: URL http://www.chinadaily.com.cn/a/201712/12/WS5a2f1b86a3108bc8c672199a.html already exists.
2026-03-16 11:49:23,799 - INFO - [China Daily] Early skip: URL http://www.chinadaily.com.cn/a/201712/12/WS5a2f1b86a3108bc8c672199a.html already exists.
2026-03-16 11:49:23,800 - INFO - [China Daily] Early skip: URL http://www.chinadaily.com.cn/a/201712/12/WS5a2f1571a3108bc8c6721964.html already exists.
2026-03-16 11:49:23,801 - INFO - [China Daily] Early skip: URL http://www.chinadaily.com.cn/a/201712/12/WS5a2f1571a3108bc8c6721964.html already exists.
2026-03-16 11:49:23,802 - INFO - [China Daily] Early skip: URL http://www.chinadaily.com.cn/a/201712/12/WS5a2f1571a3108bc8c6721964.html already exists.
2026-03-16 11:49:23,804 - INFO - [China Daily] Early skip: URL http://www.chinadaily.com.cn/a/201712/12/WS5a2f146aa3108bc8c6721954.html already exists.
2026-03-16 11:49:23,805 - INFO - [China Daily] Early skip: URL http://www.chinadaily.com.cn/a/201712/12/WS5a2f146aa3108bc8c6721954.html already exists.
2026-03-16 11:49:23,806 - INFO - [China Daily] Early skip: URL http://www.chinadaily.com.cn/a/201712/12/WS5a2f146aa3108bc8c6721954.html already exists.
2026-03-16 11:49:23,807 - INFO - [China Daily] Early skip: URL http://www.chinadaily.com.cn/a/201712/12/WS5a2f103aa3108bc8c672193a.html already exists.
2026-03-16 11:49:23,808 - INFO - [China Daily] Early skip: URL http://www.chinadaily.com.cn/a/201712/12/WS5a2f103aa3108bc8c672193a.html already exists.
2026-03-16 11:49:23,809 - INFO - [China Daily] Early skip: URL http://www.chinadaily.com.cn/a/201712/12/WS5a2efdeaa3108bc8c6721925.html already exists.
2026-03-16 11:49:23,811 - INFO - [China Daily] Early skip: URL http://www.chinadaily.com.cn/a/201712/12/WS5a2efdeaa3108bc8c6721925.html already exists.
2026-03-16 11:49:23,812 - INFO - [China Daily] Early skip: URL http://www.chinadaily.com.cn/a/201712/12/WS5a2efdeaa3108bc8c6721925.html already exists.
2026-03-16 11:49:23,813 - INFO - [China Daily] Early skip: URL http://www.chinadaily.com.cn/a/201712/11/WS5a2e9898a3103f77d55ac36d.html already exists.
2026-03-16 11:49:23,814 - INFO - [China Daily] Early skip: URL http://www.chinadaily.com.cn/a/201712/11/WS5a2e9898a3103f77d55ac36d.html already exists.
2026-03-16 11:49:23,815 - INFO - [China Daily] Early skip: URL http://www.chinadaily.com.cn/a/201712/11/WS5a2e9898a3103f77d55ac36d.html already exists.
2026-03-16 11:49:23,818 - INFO - [China Daily] Early skip: URL http://www.chinadaily.com.cn/a/201712/11/WS5a2e8352a3103f77d55ac363.html already exists.
2026-03-16 11:49:23,819 - INFO - [China Daily] Early skip: URL http://www.chinadaily.com.cn/a/201712/11/WS5a2e7f94a3103f77d55ac35d.html already exists.
2026-03-16 11:49:23,821 - INFO - [China Daily] Early skip: URL http://www.chinadaily.com.cn/a/201712/11/WS5a2e7b2ea3109f488237c972.html already exists.
2026-03-16 11:49:23,822 - INFO - [China Daily] Early skip: URL http://www.chinadaily.com.cn/a/201712/11/WS5a2e7b2ea3109f488237c972.html already exists.
2026-03-16 11:49:23,823 - INFO - [China Daily] Early skip: URL http://www.chinadaily.com.cn/a/201712/11/WS5a2e7b2ea3109f488237c972.html already exists.
2026-03-16 11:49:23,824 - INFO - [China Daily] Early skip: URL http://www.chinadaily.com.cn/a/201712/11/WS5a2e7840a3109f488237c96c.html already exists.
2026-03-16 11:49:23,826 - INFO - [China Daily] Early skip: URL http://www.chinadaily.com.cn/a/201712/11/WS5a2e7338a3109f488237c969.html already exists.
2026-03-16 11:49:23,827 - INFO - [China Daily] Early skip: URL http://www.chinadaily.com.cn/a/201712/11/WS5a2e7338a3109f488237c969.html already exists.
2026-03-16 11:49:23,828 - INFO - [China Daily] Early skip: URL http://www.chinadaily.com.cn/a/201712/11/WS5a2e6f45a3109f488237c967.html already exists.
2026-03-16 11:49:23,829 - INFO - [China Daily] Early skip: URL http://www.chinadaily.com.cn/a/201712/11/WS5a2e6ce6a3109f488237c965.html already exists.
2026-03-16 11:49:23,831 - INFO - [China Daily] Early skip: URL http://www.chinadaily.com.cn/a/201712/11/WS5a2e6a39a3109f488237c814.html already exists.
2026-03-16 11:49:23,832 - INFO - [China Daily] Early skip: URL http://www.chinadaily.com.cn/a/201712/11/WS5a2e6a39a3109f488237c814.html already exists.
2026-03-16 11:49:23,833 - INFO - [China Daily] Early skip: URL http://www.chinadaily.com.cn/a/201712/11/WS5a2e62d8a3109f488237c209.html already exists.
2026-03-16 11:49:23,834 - INFO - [China Daily] Early skip: URL http://www.chinadaily.com.cn/a/201712/11/WS5a2e62d8a3109f488237c209.html already exists.
2026-03-16 11:49:23,836 - INFO - [China Daily] Early skip: URL http://www.chinadaily.com.cn/a/201712/11/WS5a2e6080a3109f488237c032.html already exists.
2026-03-16 11:49:23,837 - INFO - [China Daily] Early skip: URL http://www.chinadaily.com.cn/a/201712/11/WS5a2e6080a3109f488237c032.html already exists.
2026-03-16 11:49:23,838 - INFO - [China Daily] Early skip: URL http://www.chinadaily.com.cn/a/201712/11/WS5a2e46f3a310eefe3e9a2fe0.html already exists.
2026-03-16 11:49:23,839 - INFO - [China Daily] Early skip: URL http://www.chinadaily.com.cn/a/201712/11/WS5a2e46f3a310eefe3e9a2fe0.html already exists.
2026-03-16 11:49:23,841 - INFO - [China Daily] Early skip: URL http://www.chinadaily.com.cn/a/201712/11/WS5a2e45aca310eefe3e9a2efe.html already exists.
2026-03-16 11:49:23,842 - INFO - [China Daily] Early skip: URL http://www.chinadaily.com.cn/a/201712/11/WS5a2e45aca310eefe3e9a2efe.html already exists.
2026-03-16 11:49:23,844 - INFO - [China Daily] Early skip: URL http://www.chinadaily.com.cn/a/201712/11/WS5a2e4398a310eefe3e9a2ee3.html already exists.
2026-03-16 11:49:23,845 - INFO - [China Daily] Early skip: URL http://www.chinadaily.com.cn/a/201712/11/WS5a2e39c9a310eefe3e9a2ed4.html already exists.
2026-03-16 11:49:23,846 - INFO - [China Daily] Early skip: URL http://www.chinadaily.com.cn/a/201712/11/WS5a2e39c9a310eefe3e9a2ed4.html already exists.
2026-03-16 11:49:23,847 - INFO - [China Daily] Early skip: URL http://www.chinadaily.com.cn/a/201712/11/WS5a2e2941a310eefe3e9a290b.html already exists.
2026-03-16 11:49:23,849 - INFO - [China Daily] Early skip: URL http://www.chinadaily.com.cn/a/201712/11/WS5a2e2941a310eefe3e9a290b.html already exists.
2026-03-16 11:49:23,850 - INFO - [China Daily] Early skip: URL http://www.chinadaily.com.cn/a/201712/11/WS5a2e2941a310eefe3e9a290b.html already exists.
2026-03-16 11:49:23,852 - INFO - [China Daily] Early skip: URL http://www.chinadaily.com.cn/a/201712/11/WS5a2e1cd9a310eefe3e9a28ac.html already exists.
2026-03-16 11:49:23,854 - INFO - [China Daily] Early skip: URL http://www.chinadaily.com.cn/a/201712/11/WS5a2e1cd9a310eefe3e9a28ac.html already exists.
2026-03-16 11:49:23,855 - INFO - [China Daily] Early skip: URL http://www.chinadaily.com.cn/a/201712/11/WS5a2e1ccba310eefe3e9a28a8.html already exists.
2026-03-16 11:49:23,856 - INFO - [China Daily] Early skip: URL http://www.chinadaily.com.cn/a/201712/11/WS5a2e1ccba310eefe3e9a28a8.html already exists.
2026-03-16 11:49:23,857 - INFO - [China Daily] Early skip: URL http://www.chinadaily.com.cn/a/201712/11/WS5a2e1ccba310eefe3e9a28a8.html already exists.
2026-03-16 11:49:23,859 - INFO - [China Daily] Early skip: URL http://www.chinadaily.com.cn/a/201712/11/WS5a2e1410a310eefe3e9a2754.html already exists.
2026-03-16 11:49:23,860 - INFO - [China Daily] Early skip: URL http://www.chinadaily.com.cn/a/201712/11/WS5a2e1410a310eefe3e9a2754.html already exists.
2026-03-16 11:49:23,862 - INFO - [China Daily] Early skip: URL http://www.chinadaily.com.cn/a/201712/11/WS5a2e1410a310eefe3e9a2754.html already exists.
2026-03-16 11:49:23,863 - INFO - [China Daily] Early skip: URL http://www.chinadaily.com.cn/a/201712/11/WS5a2e043aa310eefe3e9a2745.html already exists.
2026-03-16 11:49:23,864 - INFO - [China Daily] Early skip: URL http://www.chinadaily.com.cn/a/201712/11/WS5a2e043aa310eefe3e9a2745.html already exists.
2026-03-16 11:49:23,866 - INFO - [China Daily] Early skip: URL http://www.chinadaily.com.cn/a/201712/11/WS5a2dfdd2a310eefe3e9a273a.html already exists.
2026-03-16 11:49:23,867 - INFO - [China Daily] Early skip: URL http://www.chinadaily.com.cn/a/201712/11/WS5a2dfdd2a310eefe3e9a273a.html already exists.
2026-03-16 11:49:23,868 - INFO - [China Daily] Early skip: URL http://www.chinadaily.com.cn/a/201712/11/WS5a2dfdd2a310eefe3e9a273a.html already exists.
2026-03-16 11:49:23,869 - INFO - [China Daily] Article: http://www.chinadaily.com.cn/a/201712/11/WS5a2df96fa310eefe3e9a2716.html
2026-03-16 11:49:23,869 - INFO - [China Daily] Attempt 1/1: Trying with 'requests_browser' strategy...
2026-03-16 11:49:24,199 - WARNING - [China Daily] FAILED with 'requests_browser' (content was too short: 84 words).
2026-03-16 11:49:24,199 - ERROR - [China Daily] All scrape strategies failed for http://www.chinadaily.com.cn/a/201712/11/WS5a2df96fa310eefe3e9a2716.html. Falling back to RSS description.
2026-03-16 11:49:24,199 - WARNING - SKIPPED (GLOBAL WORD LIMIT): Article '

World's largest automated container terminal starts operation in Shanghai

' from China Daily has only 14 words (Min: 90).
2026-03-16 11:49:25,219 - INFO - [China Daily] Article: http://www.chinadaily.com.cn/a/201712/11/WS5a2df96fa310eefe3e9a2716.html
2026-03-16 11:49:25,229 - INFO - [China Daily] Attempt 1/1: Trying with 'requests_browser' strategy...
2026-03-16 11:49:25,651 - WARNING - [China Daily] FAILED with 'requests_browser' (content was too short: 84 words).
2026-03-16 11:49:25,666 - ERROR - [China Daily] All scrape strategies failed for http://www.chinadaily.com.cn/a/201712/11/WS5a2df96fa310eefe3e9a2716.html. Falling back to RSS description.
2026-03-16 11:49:25,666 - WARNING - SKIPPED (GLOBAL WORD LIMIT): Article '

World's largest automated container terminal starts operation in Shanghai

' from China Daily has only 14 words (Min: 90).
2026-03-16 11:49:25,698 - INFO - Selenium driver initialized successfully (Eager load strategy, 7s timeout).
2026-03-16 11:49:25,698 - INFO - Starting scrape for The Dawn RSS feed: https://www.dawn.com/feeds/home
2026-03-16 11:49:25,766 - INFO - Selenium driver initialized successfully (Eager load strategy, 7s timeout).
2026-03-16 11:49:25,767 - INFO - Starting scrape for Al Jazeera RSS feed: https://www.aljazeera.com/xml/rss/all.xml
2026-03-16 11:49:25,856 - INFO - Selenium driver initialized successfully (Eager load strategy, 7s timeout).
2026-03-16 11:49:25,856 - INFO - Starting scrape for South China Morning Post RSS feed: https://www.scmp.com/rss/91/feed
2026-03-16 11:49:25,873 - INFO - Selenium driver initialized successfully (Eager load strategy, 7s timeout).
2026-03-16 11:49:25,873 - INFO - Starting scrape for The Hindu RSS feed: https://www.thehindu.com/news/national/feeder/default.rss
2026-03-16 11:49:25,916 - INFO - Selenium driver initialized successfully (Eager load strategy, 7s timeout).
2026-03-16 11:49:25,916 - INFO - Starting scrape for Times of India RSS feed: https://timesofindia.indiatimes.com/rssfeeds/296589292.cms
2026-03-16 11:49:25,930 - INFO - Selenium driver initialized successfully (Eager load strategy, 7s timeout).
2026-03-16 11:49:25,930 - INFO - Starting scrape for Economic Times RSS feed: https://economictimes.indiatimes.com/rssfeedsdefault.cms
2026-03-16 11:49:25,959 - INFO - Selenium driver initialized successfully (Eager load strategy, 7s timeout).
2026-03-16 11:49:25,962 - INFO - Starting scrape for Sixth Tone RSS feed: https://www.sixthtone.com/rss
2026-03-16 11:49:26,033 - INFO - Found 25 articles in Al Jazeera RSS feed. Processing until 30 new articles are saved.
2026-03-16 11:49:26,033 - INFO - [Al Jazeera] Article: https://www.aljazeera.com/sports/2026/3/16/iran-still-playing-in-world-cup-2026-despite-withdrawal-rumours-afc-says?traffic_source=rss
2026-03-16 11:49:26,033 - INFO - [Al Jazeera] Attempt 1/2: Trying with 'requests_browser' strategy...
2026-03-16 11:49:26,142 - INFO - Found 100 articles in The Hindu RSS feed. Processing until 30 new articles are saved.
2026-03-16 11:49:26,143 - INFO - [The Hindu] Article: https://www.thehindu.com/news/national/andhra-pradesh/palla-flays-ysrcp-for-obstructing-development-through-legal-cases/article70749753.ece
2026-03-16 11:49:26,143 - INFO - [The Hindu] Attempt 1/1: Trying with 'selenium_browser' strategy...
2026-03-16 11:49:26,159 - INFO - [Al Jazeera] Success with 'requests_browser'. Found content (397 words).
2026-03-16 11:49:26,301 - INFO - Found 20 articles in Times of India RSS feed. Processing until 30 new articles are saved.
2026-03-16 11:49:26,302 - INFO - [Times of India] Article: https://timesofindia.indiatimes.com/world/middle-east/us-israel-iran-war-news-live-udates-middle-east-crisis-conflict-drone-ballistic-missile-attack-explosions-gulf-countries-dubai-news-donald-trump-netanyahu-mojtaba-khamenei/liveblog/129598871.cms
2026-03-16 11:49:26,302 - INFO - [Times of India] Attempt 1/1: Trying with 'selenium_browser' strategy...
2026-03-16 11:49:26,502 - INFO - Found 76 articles in Economic Times RSS feed. Processing until 30 new articles are saved.
2026-03-16 11:49:26,503 - INFO - [Economic Times] Article: https://economictimes.indiatimes.com/markets/stocks/news/sensex-ends-3-day-losing-streak-settles-939-pts-higher-nifty-above-23400/articleshow/129606767.cms
2026-03-16 11:49:26,503 - INFO - [Economic Times] Attempt 1/2: Trying with 'requests_browser' strategy...
2026-03-16 11:49:26,697 - INFO - Found 26 articles in The Dawn RSS feed. Processing until 30 new articles are saved.
2026-03-16 11:49:26,701 - INFO - [The Dawn] Article: https://www.dawn.com/news/1982647/petrol-reserves-sufficient-for-27-days-diesel-for-21-petroleum-secretary-tells-senate-committee
2026-03-16 11:49:26,703 - INFO - [The Dawn] Attempt 1/2: Trying with 'requests_browser' strategy...
2026-03-16 11:49:26,760 - INFO - [The Hindu] Page content loaded.
2026-03-16 11:49:26,805 - INFO - Found 50 articles in South China Morning Post RSS feed. Processing until 30 new articles are saved.
2026-03-16 11:49:26,806 - INFO - [South China Morning Post] Article: https://www.scmp.com/economy/global-economy/article/3346767/papers-please-china-raises-pressure-panama-amid-canal-row-ship-inspection-wave?utm_source=rss_feed
2026-03-16 11:49:26,806 - INFO - [South China Morning Post] Attempt 1/2: Trying with 'requests_browser' strategy...
2026-03-16 11:49:26,860 - ERROR - parsed tree length: 1, wrong data type or not valid HTML
2026-03-16 11:49:26,861 - ERROR - empty HTML tree: None
2026-03-16 11:49:26,866 - WARNING - discarding data: None
2026-03-16 11:49:26,866 - WARNING - [Economic Times] FAILED with 'requests_browser' (content was too short: 0 words).
2026-03-16 11:49:26,878 - ERROR - parsed tree length: 1, wrong data type or not valid HTML
2026-03-16 11:49:26,878 - ERROR - empty HTML tree: None
2026-03-16 11:49:26,879 - WARNING - discarding data: None
2026-03-16 11:49:26,879 - WARNING - [South China Morning Post] FAILED with 'requests_browser' (content was too short: 0 words).
2026-03-16 11:49:26,885 - INFO - [The Hindu] Success with 'selenium_browser'. Found content (366 words).
2026-03-16 11:49:27,014 - INFO - [China Daily] Article: http://www.chinadaily.com.cn/a/201712/11/WS5a2df96fa310eefe3e9a2716.html
2026-03-16 11:49:27,014 - INFO - [China Daily] Attempt 1/1: Trying with 'requests_browser' strategy...
2026-03-16 11:49:27,068 - INFO - [The Dawn] Success with 'requests_browser'. Found content (626 words).
2026-03-16 11:49:27,200 - INFO - Found 51 articles in Sixth Tone RSS feed. Processing until 30 new articles are saved.
2026-03-16 11:49:27,209 - INFO - [Sixth Tone] Article: https://www.sixthtone.com/news/1018307/China Clears First Brain-Computer Implant for Commercial Use
2026-03-16 11:49:27,209 - INFO - [Sixth Tone] Attempt 1/2: Trying with 'requests_browser' strategy...
2026-03-16 11:49:27,413 - INFO - [Economic Times] Article: https://economictimes.indiatimes.com/markets/stocks/news/sensex-ends-3-day-losing-streak-settles-939-pts-higher-nifty-above-23400/articleshow/129606767.cms
2026-03-16 11:49:27,414 - INFO - [Economic Times] Attempt 2/2: Trying with 'selenium_browser' strategy...
2026-03-16 11:49:27,493 - INFO - [South China Morning Post] Article: https://www.scmp.com/economy/global-economy/article/3346767/papers-please-china-raises-pressure-panama-amid-canal-row-ship-inspection-wave?utm_source=rss_feed
2026-03-16 11:49:27,493 - INFO - [South China Morning Post] Attempt 2/2: Trying with 'selenium_browser' strategy...
2026-03-16 11:49:27,545 - INFO - [Sixth Tone] Success with 'requests_browser'. Found content (585 words).
2026-03-16 11:49:27,671 - WARNING - [China Daily] FAILED with 'requests_browser' (content was too short: 84 words).
2026-03-16 11:49:27,671 - ERROR - [China Daily] All scrape strategies failed for http://www.chinadaily.com.cn/a/201712/11/WS5a2df96fa310eefe3e9a2716.html. Falling back to RSS description.
2026-03-16 11:49:27,672 - WARNING - SKIPPED (GLOBAL WORD LIMIT): Article '

World's largest automated container terminal starts operation in Shanghai

' from China Daily has only 14 words (Min: 90).
2026-03-16 11:49:27,886 - INFO - [Times of India] Page content loaded.
2026-03-16 11:49:28,198 - INFO - [China Daily] Early skip: URL http://www.chinadaily.com.cn/a/201712/11/WS5a2dee96a310eefe3e9a163a.html already exists.
2026-03-16 11:49:28,200 - INFO - [China Daily] Early skip: URL http://www.chinadaily.com.cn/a/201712/11/WS5a2dee96a310eefe3e9a163a.html already exists.
2026-03-16 11:49:28,201 - INFO - [China Daily] Early skip: URL http://www.chinadaily.com.cn/a/201712/11/WS5a2dee96a310eefe3e9a163a.html already exists.
2026-03-16 11:49:28,203 - INFO - [China Daily] Early skip: URL http://www.chinadaily.com.cn/a/201712/11/WS5a2dee96a310eefe3e9a163a.html already exists.
2026-03-16 11:49:28,205 - INFO - [China Daily] Early skip: URL http://www.chinadaily.com.cn/a/201712/11/WS5a2deb0aa310eefe3e9a1614.html already exists.
2026-03-16 11:49:28,206 - INFO - [China Daily] Early skip: URL http://www.chinadaily.com.cn/a/201712/11/WS5a2deb0aa310eefe3e9a1614.html already exists.
2026-03-16 11:49:28,208 - INFO - [China Daily] Early skip: URL http://www.chinadaily.com.cn/a/201712/11/WS5a2deb0aa310eefe3e9a1614.html already exists.
2026-03-16 11:49:28,209 - INFO - [China Daily] Early skip: URL http://www.chinadaily.com.cn/a/201712/11/WS5a2deb0aa310eefe3e9a1614.html already exists.
2026-03-16 11:49:28,210 - INFO - [China Daily] Early skip: URL http://www.chinadaily.com.cn/a/201712/11/WS5a2de998a310eefe3e9a160b.html already exists.
2026-03-16 11:49:28,212 - INFO - [China Daily] Early skip: URL http://www.chinadaily.com.cn/a/201712/11/WS5a2de998a310eefe3e9a160b.html already exists.
2026-03-16 11:49:28,214 - INFO - [China Daily] Early skip: URL http://www.chinadaily.com.cn/a/201712/11/WS5a2de998a310eefe3e9a160b.html already exists.
2026-03-16 11:49:28,218 - INFO - [China Daily] Article: http://www.chinadaily.com.cn/a/201712/11/WS5a2de962a310eefe3e9a1600.html
2026-03-16 11:49:28,218 - INFO - [China Daily] Attempt 1/1: Trying with 'requests_browser' strategy...
2026-03-16 11:49:28,392 - INFO - [Times of India] Success with 'selenium_browser'. Found content (482 words).
2026-03-16 11:49:30,499 - INFO - [Economic Times] Page content loaded.
2026-03-16 11:49:30,697 - WARNING - [China Daily] FAILED with 'requests_browser' (content was too short: 58 words).
2026-03-16 11:49:30,701 - ERROR - [China Daily] All scrape strategies failed for http://www.chinadaily.com.cn/a/201712/11/WS5a2de962a310eefe3e9a1600.html. Falling back to RSS description.
2026-03-16 11:49:30,701 - WARNING - SKIPPED (GLOBAL WORD LIMIT): Article '
 Asia's tallest wooden pagoda destroyed 
' from China Daily has only 28 words (Min: 90).
2026-03-16 11:49:31,213 - INFO - [Economic Times] Success with 'selenium_browser'. Found content (1098 words).
2026-03-16 11:49:31,742 - INFO - [China Daily] Article: http://www.chinadaily.com.cn/a/201712/11/WS5a2de962a310eefe3e9a1600.html
2026-03-16 11:49:31,742 - INFO - [China Daily] Attempt 1/1: Trying with 'requests_browser' strategy...
2026-03-16 11:49:32,392 - WARNING - [China Daily] FAILED with 'requests_browser' (content was too short: 58 words).
2026-03-16 11:49:32,393 - ERROR - [China Daily] All scrape strategies failed for http://www.chinadaily.com.cn/a/201712/11/WS5a2de962a310eefe3e9a1600.html. Falling back to RSS description.
2026-03-16 11:49:32,393 - WARNING - SKIPPED (GLOBAL WORD LIMIT): Article '
 Asia's tallest wooden pagoda destroyed 
' from China Daily has only 28 words (Min: 90).
2026-03-16 11:49:33,629 - INFO - [China Daily] Article: http://www.chinadaily.com.cn/a/201712/11/WS5a2de962a310eefe3e9a1600.html
2026-03-16 11:49:33,629 - INFO - [China Daily] Attempt 1/1: Trying with 'requests_browser' strategy...
2026-03-16 11:49:34,371 - WARNING - [China Daily] FAILED with 'requests_browser' (content was too short: 58 words).
2026-03-16 11:49:34,372 - ERROR - [China Daily] All scrape strategies failed for http://www.chinadaily.com.cn/a/201712/11/WS5a2de962a310eefe3e9a1600.html. Falling back to RSS description.
2026-03-16 11:49:34,372 - WARNING - SKIPPED (GLOBAL WORD LIMIT): Article '
 Asia's tallest wooden pagoda destroyed 
' from China Daily has only 28 words (Min: 90).
2026-03-16 11:49:35,541 - INFO - [China Daily] Early skip: URL http://www.chinadaily.com.cn/a/201712/11/WS5a2dddcaa310eefe3e9a159a.html already exists.
2026-03-16 11:49:35,544 - INFO - [China Daily] Early skip: URL http://www.chinadaily.com.cn/a/201712/11/WS5a2dddcaa310eefe3e9a159a.html already exists.
2026-03-16 11:49:39,081 - INFO - [South China Morning Post] Page content loaded.
2026-03-16 11:49:43,289 - INFO - [South China Morning Post] Success with 'selenium_browser'. Found content (215 words).
2026-03-16 11:50:52,359 - INFO - >>> SUCCESSFULLY SAVED [ID: 42085] - Iran taking steps to prevent anti-establishment protests, Tehran residents tell BBC from BBC (1039 words)
2026-03-16 11:50:52,917 - INFO - [BBC] Article: https://www.bbc.com/news/articles/cx2dl5j0w23o?at_medium=RSS&at_campaign=rss
2026-03-16 11:50:52,918 - INFO - [BBC] Attempt 1/1: Trying with 'requests_browser' strategy...
2026-03-16 11:50:53,136 - INFO - [BBC] Success with 'requests_browser'. Found content (2430 words).
2026-03-16 11:51:50,565 - INFO - DEDUPLICATION: Found match (Score: 0.94). Linking to Cluster ID: d7c072f3-092e-4dea-b04b-7758ee6338c1
2026-03-16 11:51:52,868 - INFO - >>> SUCCESSFULLY SAVED [ID: 42086] - Captain of Iranian women’s football team leaves Australia after initially accepting offer of asylum | Australia news | The Guardian from The Guardian (816 words)
2026-03-16 11:51:53,783 - INFO - [The Guardian] Article: https://www.theguardian.com/australia-news/2026/mar/16/sydney-biennale-dj-haram-chris-minns-jewish-groups-response-ntwnfb
2026-03-16 11:51:53,783 - INFO - [The Guardian] Attempt 1/1: Trying with 'requests_browser' strategy...
2026-03-16 11:51:53,978 - INFO - [The Guardian] Success with 'requests_browser'. Found content (702 words).
2026-03-16 11:52:50,032 - INFO - >>> SUCCESSFULLY SAVED [ID: 42087] - Iran still playing in World Cup 2026 despite withdrawal rumours, AFC says | US-Israel war on Iran News | Al Jazeera from Al Jazeera (397 words)
2026-03-16 11:52:50,592 - INFO - [Al Jazeera] Article: https://www.aljazeera.com/opinions/2026/3/16/no-maga-is-not-divided-on-the-iran-war?traffic_source=rss
2026-03-16 11:52:50,595 - INFO - [Al Jazeera] Attempt 1/2: Trying with 'requests_browser' strategy...
2026-03-16 11:52:50,752 - INFO - [Al Jazeera] Success with 'requests_browser'. Found content (974 words).
2026-03-16 11:53:45,657 - INFO - >>> SUCCESSFULLY SAVED [ID: 42088] - Palla flays YSRCP for obstructing development through legal cases - The Hindu from The Hindu (366 words)
2026-03-16 11:53:46,845 - INFO - [The Hindu] Article: https://www.thehindu.com/news/national/andhra-pradesh/ugadi-mahotsavams-begin-at-srisailam/article70749587.ece
2026-03-16 11:53:46,845 - INFO - [The Hindu] Attempt 1/1: Trying with 'selenium_browser' strategy...
2026-03-16 11:53:49,621 - INFO - [The Hindu] Page content loaded.
2026-03-16 11:53:49,893 - INFO - [The Hindu] Success with 'selenium_browser'. Found content (163 words).
2026-03-16 11:54:22,724 - CRITICAL - --- TIMEOUT: 9 scrape jobs did not complete in 300s. ---
2026-03-16 11:54:22,724 - ERROR - A thread has timed out and will be abandoned.
2026-03-16 11:54:22,724 - ERROR - A thread has timed out and will be abandoned.
2026-03-16 11:54:22,724 - ERROR - A thread has timed out and will be abandoned.
2026-03-16 11:54:22,724 - ERROR - A thread has timed out and will be abandoned.
2026-03-16 11:54:22,724 - ERROR - A thread has timed out and will be abandoned.
2026-03-16 11:54:22,724 - ERROR - A thread has timed out and will be abandoned.
2026-03-16 11:54:22,724 - ERROR - A thread has timed out and will be abandoned.
2026-03-16 11:54:22,724 - ERROR - A thread has timed out and will be abandoned.
2026-03-16 11:54:22,724 - ERROR - A thread has timed out and will be abandoned.
2026-03-16 11:54:22,724 - INFO - Shutting down thread pool (wait=False)...
2026-03-16 11:54:22,724 - INFO - Scraped: 0 TechCrunch, 0 China Daily, 9 Timed_Out_Jobs articles. (Total saved: 0)
2026-03-16 11:54:22,724 - INFO - --- Scraping job finished ---
2026-03-16 11:54:22,724 - INFO - --- Scraper service stopped. ---
2026-03-16 11:54:22,724 - INFO - --- Main thread finished. Forcing process exit to kill zombie threads. ---
