2025-12-13 05:46:13,438 - INFO - Loading AI Semantic Model (all-MiniLM-L6-v2)...
2025-12-13 05:46:13,439 - INFO - Use pytorch device_name: cpu
2025-12-13 05:46:13,439 - INFO - Load pretrained SentenceTransformer: all-MiniLM-L6-v2
2025-12-13 05:46:14,737 - INFO - AI Model loaded successfully.
2025-12-13 05:46:14,737 - INFO - --- Scraper service started (CI Mode: Run Once) ---
2025-12-13 05:46:14,737 - INFO - --- Starting new scraping job (Parallel Mode) ---
2025-12-13 05:46:14,737 - INFO - Creating new robust session with 3 retries on 5xx/connection/read errors.
2025-12-13 05:46:14,738 - INFO - Proxy is DISABLED.
2025-12-13 05:46:14,738 - INFO - Starting scrape for BBC RSS feed: http://feeds.bbci.co.uk/news/world/rss.xml
2025-12-13 05:46:14,739 - INFO - [Times of India] (Thread) requires Selenium. Initializing driver...
2025-12-13 05:46:14,739 - INFO - Starting scrape for The Guardian RSS feed: https://www.theguardian.com/world/rss
2025-12-13 05:46:14,740 - INFO - [The Hindu] (Thread) requires Selenium. Initializing driver...
2025-12-13 05:46:14,741 - INFO - Submitted 4 jobs to thread pool. Waiting up to 300s for completion...
2025-12-13 05:46:14,811 - INFO - Found 29 articles in BBC RSS feed. Processing up to 30.
2025-12-13 05:46:14,812 - INFO - [BBC] Early skip: URL https://www.bbc.com/news/articles/c0l9954yr9ko?at_medium=RSS&at_campaign=rss already exists.
2025-12-13 05:46:14,846 - INFO - Found 45 articles in The Guardian RSS feed. Processing up to 30.
2025-12-13 05:46:15,009 - INFO - [The Guardian] Early skip: URL https://www.theguardian.com/world/2025/dec/13/us-accuses-rwanda-of-violating-peace-deal already exists.
2025-12-13 05:46:15,225 - INFO - [BBC] Early skip: URL https://www.bbc.com/news/articles/crk777lj763o?at_medium=RSS&at_campaign=rss already exists.
2025-12-13 05:46:15,480 - INFO - [The Guardian] Early skip: URL https://www.theguardian.com/us-news/2025/dec/12/trump-ends-temporary-legal-status-ethiopia already exists.
2025-12-13 05:46:15,618 - INFO - [BBC] Early skip: URL https://www.bbc.com/news/articles/cd0kkyx3vvxo?at_medium=RSS&at_campaign=rss already exists.
2025-12-13 05:46:15,857 - INFO - [The Guardian] Early skip: URL https://www.theguardian.com/world/2025/dec/12/uk-sanctions-four-rsf-commanders-heinous-violence-against-sudan-civilians already exists.
2025-12-13 05:46:15,994 - INFO - [BBC] Early skip: URL https://www.bbc.com/news/articles/cqlkk9qk7vyo?at_medium=RSS&at_campaign=rss already exists.
2025-12-13 05:46:16,207 - INFO - [The Guardian] Early skip: URL https://www.theguardian.com/world/2025/dec/11/fate-of-11-nigerian-troops-unclear-after-unauthorised-plane-landing-in-burkina-faso already exists.
2025-12-13 05:46:16,456 - INFO - [BBC] Early skip: URL https://www.bbc.com/news/articles/c4gk34k9k23o?at_medium=RSS&at_campaign=rss already exists.
2025-12-13 05:46:16,633 - INFO - [The Guardian] Early skip: URL https://www.theguardian.com/world/2025/dec/10/burkina-faso-releases-nigerian-troops-unauthorised-emergency-landing already exists.
2025-12-13 05:46:16,844 - INFO - [BBC] Early skip: URL https://www.bbc.com/news/articles/c5y2271q20lo?at_medium=RSS&at_campaign=rss already exists.
2025-12-13 05:46:17,125 - INFO - [The Guardian] Early skip: URL https://www.theguardian.com/world/2025/dec/13/venezuela-oil-exports-reportedly-fall-sharply-after-us-seizure-of-tanker-skipper already exists.
2025-12-13 05:46:17,361 - INFO - [BBC] Early skip: URL https://www.bbc.com/news/articles/c5yjj2epvlro?at_medium=RSS&at_campaign=rss already exists.
2025-12-13 05:46:17,545 - INFO - [The Guardian] Early skip: URL https://www.theguardian.com/world/2025/dec/12/brazilian-judge-sanction-lifted-bolsonaro already exists.
2025-12-13 05:46:17,753 - INFO - [The Guardian] Early skip: URL https://www.theguardian.com/world/2025/dec/12/colombia-eln-guerrilla-rebels-trump already exists.
2025-12-13 05:46:17,942 - INFO - [BBC] Early skip: URL https://www.bbc.com/news/articles/cvgrrnylzzyo?at_medium=RSS&at_campaign=rss already exists.
2025-12-13 05:46:18,178 - INFO - [The Guardian] Early skip: URL https://www.theguardian.com/world/2025/dec/12/canada-liberals-government-majority-conservative-michael-ma already exists.
2025-12-13 05:46:18,400 - INFO - [BBC] Early skip: URL https://www.bbc.com/news/articles/cly559exm87o?at_medium=RSS&at_campaign=rss already exists.
2025-12-13 05:46:18,639 - INFO - [The Guardian] Early skip: URL https://www.theguardian.com/us-news/2025/dec/12/flood-water-rain-pacific-northwest-washington already exists.
2025-12-13 05:46:18,787 - INFO - [BBC] Early skip: URL https://www.bbc.com/news/articles/cm211xz0vl8o?at_medium=RSS&at_campaign=rss already exists.
2025-12-13 05:46:18,963 - INFO - [The Guardian] Article: https://www.theguardian.com/world/2025/dec/13/north-korea-troops-cleared-landmines-russia-kim-jong-un
2025-12-13 05:46:18,964 - INFO - [The Guardian] Attempt 1/1: Trying with 'requests_browser' strategy...
2025-12-13 05:46:18,965 - INFO - [BBC] Early skip: URL https://www.bbc.com/news/articles/c1kpwmezkpdo?at_medium=RSS&at_campaign=rss already exists.
2025-12-13 05:46:19,132 - INFO - [The Guardian] Success with 'requests_browser'. Found content (444 words).
2025-12-13 05:46:19,151 - INFO - [BBC] Early skip: URL https://www.bbc.com/news/articles/cly555k8de3o?at_medium=RSS&at_campaign=rss already exists.
2025-12-13 05:46:23,058 - INFO - Selenium driver initialized successfully.
2025-12-13 05:46:23,058 - INFO - Selenium driver initialized successfully.
2025-12-13 05:46:23,058 - INFO - Starting scrape for Times of India RSS feed: https://timesofindia.indiatimes.com/rssfeeds/296589292.cms
2025-12-13 05:46:23,058 - INFO - Starting scrape for The Hindu RSS feed: https://www.thehindu.com/news/national/feeder/default.rss
2025-12-13 05:46:23,162 - INFO - Found 20 articles in Times of India RSS feed. Processing up to 30.
2025-12-13 05:46:24,062 - INFO - Found 100 articles in The Hindu RSS feed. Processing up to 30.
2025-12-13 05:46:32,389 - INFO - Saved article: Kim Jong-un admits North Korean troops clearing landmines for Russia | North Korea | The Guardian from The Guardian (444 words)
2025-12-13 05:46:32,389 - INFO - [BBC] Early skip: URL https://www.bbc.com/news/articles/czxgnqx1yplo?at_medium=RSS&at_campaign=rss already exists.
2025-12-13 05:46:32,615 - INFO - [Times of India] Article: https://timesofindia.indiatimes.com/world/europe/gatecrash-or-misrepresentation-did-pakistan-pm-shehbaz-sharif-interrupt-putins-closed-door-meeting-fact-check/articleshow/125943719.cms
2025-12-13 05:46:32,616 - INFO - [Times of India] Attempt 1/1: Trying with 'selenium_browser' strategy...
2025-12-13 05:46:32,618 - INFO - [The Hindu] Article: https://www.thehindu.com/videos/kerala-local-body-election-political-fronts-on-edge-as-vote-counting-progresses/article70391606.ece
2025-12-13 05:46:32,618 - INFO - [The Hindu] Attempt 1/1: Trying with 'selenium_browser' strategy...
2025-12-13 05:46:32,618 - INFO - [BBC] Early skip: URL https://www.bbc.com/news/articles/c4g99kp897do?at_medium=RSS&at_campaign=rss already exists.
2025-12-13 05:46:32,897 - INFO - [BBC] Early skip: URL https://www.bbc.com/news/videos/cjwyy65ne62o?at_medium=RSS&at_campaign=rss already exists.
2025-12-13 05:46:33,102 - INFO - [The Guardian] Early skip: URL https://www.theguardian.com/world/2025/dec/12/thailand-and-cambodia-agree-to-restart-ceasefire-brokered-by-us-says-trump already exists.
2025-12-13 05:46:33,317 - INFO - [The Guardian] Early skip: URL https://www.theguardian.com/world/2025/dec/12/indonesia-floods-extinction-level-rare-orangutan-tapanuli already exists.
2025-12-13 05:46:33,466 - INFO - [BBC] Early skip: URL https://www.bbc.com/news/articles/c3w792x0ggyo?at_medium=RSS&at_campaign=rss already exists.
2025-12-13 05:46:33,751 - INFO - [BBC] Early skip: URL https://www.bbc.com/news/articles/c0q5504vv0ko?at_medium=RSS&at_campaign=rss already exists.
2025-12-13 05:46:34,002 - INFO - [The Guardian] Early skip: URL https://www.theguardian.com/world/2025/dec/12/south-korea-exam-chief-quits-after-complaints-english-test-was-too-hard already exists.
2025-12-13 05:46:34,114 - INFO - [BBC] Early skip: URL https://www.bbc.com/news/articles/c93w90kqgv9o?at_medium=RSS&at_campaign=rss already exists.
2025-12-13 05:46:34,242 - INFO - [The Guardian] Early skip: URL https://www.theguardian.com/technology/2025/dec/12/do-kwon-cryptocurrency-terraform-labs-co-founder-prison-fraud already exists.
2025-12-13 05:46:34,474 - INFO - [The Guardian] Early skip: URL https://www.theguardian.com/australia-news/2025/dec/13/will-other-countries-follow-australia-social-media-ban-under-16s already exists.
2025-12-13 05:46:34,674 - INFO - [BBC] Early skip: URL https://www.bbc.com/news/articles/cx2dp15zglxo?at_medium=RSS&at_campaign=rss already exists.
2025-12-13 05:46:34,831 - INFO - [BBC] Early skip: URL https://www.bbc.com/news/articles/czrkkm83znpo?at_medium=RSS&at_campaign=rss already exists.
2025-12-13 05:46:34,945 - INFO - [BBC] Early skip: URL https://www.bbc.com/news/articles/c075mr3190mo?at_medium=RSS&at_campaign=rss already exists.
2025-12-13 05:46:35,084 - INFO - [BBC] Early skip: URL https://www.bbc.com/news/articles/c2lvplrxpe9o?at_medium=RSS&at_campaign=rss already exists.
2025-12-13 05:46:35,277 - INFO - [The Guardian] Early skip: URL https://www.theguardian.com/australia-news/2025/dec/13/sydney-man-charged-with-threatening-to-kill-anika-wells-and-her-family-ntwnfb already exists.
2025-12-13 05:46:35,402 - INFO - [The Guardian] Early skip: URL https://www.theguardian.com/australia-news/2025/dec/13/bowen-says-turnbull-era-travel-expenses-rules-changed-to-simplify-them-despite-criticism-they-became-broader already exists.
2025-12-13 05:46:35,649 - INFO - [BBC] Early skip: URL https://www.bbc.com/news/articles/c4g990exxq4o?at_medium=RSS&at_campaign=rss already exists.
2025-12-13 05:46:35,805 - INFO - [BBC] Article: https://www.bbc.com/news/videos/cy0ppq8yye4o?at_medium=RSS&at_campaign=rss
2025-12-13 05:46:35,806 - INFO - [The Guardian] Early skip: URL https://www.theguardian.com/australia-news/2025/dec/13/regis-resources-mining-aboriginal-heritage-protection-claims already exists.
2025-12-13 05:46:35,806 - INFO - [BBC] Attempt 1/1: Trying with 'requests_browser' strategy...
2025-12-13 05:46:36,029 - INFO - [The Guardian] Early skip: URL https://www.theguardian.com/australia-news/2025/dec/13/melbourne-west-gate-tunnel-opens-sunday already exists.
2025-12-13 05:46:36,264 - INFO - [The Guardian] Early skip: URL https://www.theguardian.com/world/2025/dec/12/eu-to-freeze-210bn-in-russian-assets-indefinitely already exists.
2025-12-13 05:46:36,373 - WARNING - [BBC] FAILED with 'requests_browser' (content was too short: 72 words).
2025-12-13 05:46:36,375 - ERROR - [BBC] All scrape strategies failed for https://www.bbc.com/news/videos/cy0ppq8yye4o?at_medium=RSS&at_campaign=rss. Falling back to RSS description.
2025-12-13 05:46:36,375 - WARNING - SKIPPED (GLOBAL WORD LIMIT): Article ''It was little kids': Taylor Swift breaks down as she talks of Southport attack' from BBC has only 19 words (Min: 90).
2025-12-13 05:46:36,519 - INFO - [The Guardian] Early skip: URL https://www.theguardian.com/world/live/2025/dec/12/von-der-leyen-trump-ukraine-belgium-russian-assets-starmer-latest-news-updates already exists.
2025-12-13 05:46:36,799 - INFO - [The Guardian] Early skip: URL https://www.theguardian.com/world/2025/dec/12/giorgia-meloni-atreju-brothers-of-italy-far-right already exists.
2025-12-13 05:46:37,030 - INFO - [The Guardian] Early skip: URL https://www.theguardian.com/business/2025/dec/12/eu-2035-petrol-diesel-car-ban-mep-green-deal already exists.
2025-12-13 05:46:37,294 - INFO - [The Guardian] Early skip: URL https://www.theguardian.com/world/2025/dec/11/us-wants-ukraine-to-withdraw-from-donbas-and-create-free-economic-zone-says-zelenskyy already exists.
2025-12-13 05:46:37,442 - INFO - [The Guardian] Early skip: URL https://www.theguardian.com/world/2025/dec/12/nobel-peace-prize-laureate-narges-mohammadi-arrested-iran already exists.
2025-12-13 05:46:37,579 - INFO - [The Guardian] Early skip: URL https://www.theguardian.com/tv-and-radio/2025/dec/11/nemo-eurovision-winner-2024-hand-back-trophy-protest-israel-taking-part-2025 already exists.
2025-12-13 05:46:37,713 - INFO - [The Guardian] Early skip: URL https://www.theguardian.com/global-development/2025/dec/11/child-bride-spared-execution-iran-blood-money-goli-kouhkan already exists.
2025-12-13 05:46:37,990 - INFO - [BBC] Early skip: URL https://www.bbc.com/news/videos/ce91de8x9p1o?at_medium=RSS&at_campaign=rss already exists.
2025-12-13 05:46:38,144 - INFO - [The Guardian] Early skip: URL https://www.theguardian.com/world/2025/dec/10/countries-push-to-return-syrians-home-fall-of-assad already exists.
2025-12-13 05:46:38,417 - INFO - [The Guardian] Early skip: URL https://www.theguardian.com/world/2025/dec/09/children-gaza-hospitalised-acute-malnutrition-un-says already exists.
2025-12-13 05:46:38,598 - INFO - [BBC] Article: https://www.bbc.com/news/videos/c898197j8nyo?at_medium=RSS&at_campaign=rss
2025-12-13 05:46:38,598 - INFO - [BBC] Attempt 1/1: Trying with 'requests_browser' strategy...
2025-12-13 05:46:39,066 - WARNING - [BBC] FAILED with 'requests_browser' (content was too short: 73 words).
2025-12-13 05:46:39,066 - ERROR - [BBC] All scrape strategies failed for https://www.bbc.com/news/videos/c898197j8nyo?at_medium=RSS&at_campaign=rss. Falling back to RSS description.
2025-12-13 05:46:39,066 - WARNING - SKIPPED (GLOBAL WORD LIMIT): Article 'Watch: Canadians and Americans on a social media ban for everyone under 16' from BBC has only 24 words (Min: 90).
2025-12-13 05:46:39,082 - INFO - [The Hindu] Page content loaded.
2025-12-13 05:46:39,398 - INFO - [The Hindu] Success with 'selenium_browser'. Found content (176 words).
2025-12-13 05:47:00,121 - INFO - DEDUPLICATION: Found match (Score: 0.84). Linking to Cluster ID: 4cb9dfd5-75f9-40e8-a5bd-a77e7858210d
2025-12-13 05:47:00,123 - INFO - Saved article: Kerala local body election: Political fronts on edge as vote counting progresses - The Hindu from The Hindu (176 words)
2025-12-13 05:47:00,124 - INFO - [BBC] Article: https://www.bbc.com/news/videos/c74x0430vggo?at_medium=RSS&at_campaign=rss
2025-12-13 05:47:00,124 - INFO - [BBC] Attempt 1/1: Trying with 'requests_browser' strategy...
2025-12-13 05:47:00,315 - WARNING - [BBC] FAILED with 'requests_browser' (content was too short: 79 words).
2025-12-13 05:47:00,315 - ERROR - [BBC] All scrape strategies failed for https://www.bbc.com/news/videos/c74x0430vggo?at_medium=RSS&at_campaign=rss. Falling back to RSS description.
2025-12-13 05:47:00,315 - WARNING - SKIPPED (GLOBAL WORD LIMIT): Article 'Watch: Moment hiker is rescued from quicksand in Utah' from BBC has only 24 words (Min: 90).
2025-12-13 05:47:00,656 - INFO - [The Hindu] Article: https://www.thehindu.com/news/national/intensity-ebbed-but-operation-sindoor-continues-says-cds-general-anil-chauhan/article70391533.ece
2025-12-13 05:47:00,656 - INFO - [The Hindu] Attempt 1/1: Trying with 'selenium_browser' strategy...
2025-12-13 05:47:00,992 - INFO - [BBC] Early skip: URL https://www.bbc.com/news/videos/ceq1000742go?at_medium=RSS&at_campaign=rss already exists.
2025-12-13 05:47:01,278 - INFO - [BBC] Article: https://www.bbc.com/news/videos/cx2ey15l4zro?at_medium=RSS&at_campaign=rss
2025-12-13 05:47:01,278 - INFO - [BBC] Attempt 1/1: Trying with 'requests_browser' strategy...
2025-12-13 05:47:02,948 - WARNING - [BBC] FAILED with 'requests_browser' (content was too short: 74 words).
2025-12-13 05:47:02,948 - ERROR - [BBC] All scrape strategies failed for https://www.bbc.com/news/videos/cx2ey15l4zro?at_medium=RSS&at_campaign=rss. Falling back to RSS description.
2025-12-13 05:47:02,948 - WARNING - SKIPPED (GLOBAL WORD LIMIT): Article 'Moment skydiver's parachute wraps around plane tail' from BBC has only 16 words (Min: 90).
2025-12-13 05:47:03,552 - INFO - [The Hindu] Page content loaded.
2025-12-13 05:47:03,846 - INFO - [The Hindu] Success with 'selenium_browser'. Found content (414 words).
2025-12-13 05:47:22,937 - INFO - Saved article: Intensity ebbed but Operation Sindoor continues, says CDS General Anil Chauhan - The Hindu from The Hindu (414 words)
2025-12-13 05:47:24,037 - INFO - [The Hindu] Article: https://www.thehindu.com/news/national/maharashtra/bombay-hc-quashes-states-appointment-of-collector-as-administrator-of-shanishingnapurtemple-trust/article70389631.ece
2025-12-13 05:47:24,037 - INFO - [The Hindu] Attempt 1/1: Trying with 'selenium_browser' strategy...
2025-12-13 05:47:25,146 - INFO - [The Hindu] Page content loaded.
2025-12-13 05:47:25,307 - INFO - [The Hindu] Success with 'selenium_browser'. Found content (746 words).
2025-12-13 05:47:40,736 - INFO - Saved article: Bombay HC quashes State’s appointment of collector as administrator of Shani Shingnapur Temple Trust - The Hindu from The Hindu (746 words)
2025-12-13 05:47:41,700 - INFO - [The Hindu] Article: https://www.thehindu.com/news/cities/mumbai/bombay-high-court-stops-three-financial-firms-from-using-fedex-name/article70389092.ece
2025-12-13 05:47:41,700 - INFO - [The Hindu] Attempt 1/1: Trying with 'selenium_browser' strategy...
2025-12-13 05:47:42,769 - INFO - [The Hindu] Page content loaded.
2025-12-13 05:47:42,982 - INFO - [The Hindu] Success with 'selenium_browser'. Found content (489 words).
2025-12-13 05:47:57,775 - INFO - Saved article: Bombay High Court stops three financial firms from using ‘Fedex’ name - The Hindu from The Hindu (489 words)
2025-12-13 05:47:58,955 - INFO - [The Hindu] Early skip: URL https://www.thehindu.com/news/national/maharashtra/pune-land-deal-row-revenue-officials-should-have-refused-faulty-registrations-says-maharashtra-deputy-cm-ajit-pawar/article70391534.ece already exists.
2025-12-13 05:47:59,252 - INFO - [The Hindu] Early skip: URL https://www.thehindu.com/news/cities/Delhi/delhi-chokes-as-aqi-nears-severe-level/article70391538.ece already exists.
2025-12-13 05:47:59,410 - INFO - [The Hindu] Early skip: URL https://www.thehindu.com/news/cities/Kochi/kerala-local-body-polls-result-in-ernakulam-update-on-december-13-2025/article70391546.ece already exists.
2025-12-13 05:47:59,540 - INFO - [The Hindu] Early skip: URL https://www.thehindu.com/news/national/punjab/navjot-kaur-asks-cm-mann-to-provide-her-security/article70391539.ece already exists.
2025-12-13 05:47:59,771 - INFO - [The Hindu] Early skip: URL https://www.thehindu.com/news/national/west-bengal/hefty-price-for-lionel-messi-event-ticket-west-bengal-governor-seeks-report/article70391527.ece already exists.
2025-12-13 05:48:00,011 - INFO - [The Hindu] Early skip: URL https://www.thehindu.com/news/cities/Hyderabad/rahul-gandhi-to-meet-lionel-messi-in-hyderabad/article70391488.ece already exists.
2025-12-13 05:48:00,261 - INFO - [The Hindu] Early skip: URL https://www.thehindu.com/news/cities/Delhi/unesco-meet-in-india-ends-on-saturday-china-to-play-host-to-ich-panel-session-next-year/article70391455.ece already exists.
2025-12-13 05:48:00,466 - INFO - [The Hindu] Early skip: URL https://www.thehindu.com/news/national/uttarakhand/ucc-anti-conversion-land-laws-in-dhami-government-booklet-on-completion-of-4-years/article70391461.ece already exists.
2025-12-13 05:48:00,600 - INFO - [The Hindu] Early skip: URL https://www.thehindu.com/news/national/maharashtra/14526-children-died-in-last-three-years-in-maharashtra-state-health-minister/article70388890.ece already exists.
2025-12-13 05:48:00,806 - INFO - [The Hindu] Early skip: URL https://www.thehindu.com/news/national/kerala/kerala-local-body-polls-2025-results-live-updates/article70391419.ece already exists.
2025-12-13 05:48:00,955 - INFO - [The Hindu] Early skip: URL https://www.thehindu.com/news/national/kerala/kerala-local-body-polls-2025-results/article70391414.ece already exists.
2025-12-13 05:48:01,170 - INFO - [The Hindu] Early skip: URL https://www.thehindu.com/news/national/jammu-and-kashmir/from-jama-masjid-pulpit-mirwaiz-seeks-end-to-practice-of-arresting-leaders-in-decades-old-cases/article70389053.ece already exists.
2025-12-13 05:48:01,304 - INFO - [The Hindu] Early skip: URL https://www.thehindu.com/news/national/jammu-and-kashmir/jk-l-g-hands-over-appointment-letters-to-kin-of-nowgam-blast-victims/article70389147.ece already exists.
2025-12-13 05:48:01,492 - INFO - [The Hindu] Early skip: URL https://www.thehindu.com/news/national/punjab/bjp-leader-amarinder-singh-calls-bjp-rigid-praises-congresss-flexibility/article70389337.ece already exists.
2025-12-13 05:48:01,598 - INFO - [The Hindu] Early skip: URL https://www.thehindu.com/news/national/madhya-pradesh/mohan-yadav-says-elimination-of-maoism-his-biggest-feat-congress-rakes-up-farmer-issues-debt/article70389513.ece already exists.
2025-12-13 05:48:01,880 - INFO - [The Hindu] Early skip: URL https://www.thehindu.com/opinion/op-ed/goa-nightclub-fire-the-party-that-took-a-tragic-turn/article70389933.ece already exists.
2025-12-13 05:48:02,036 - INFO - [The Hindu] Early skip: URL https://www.thehindu.com/news/national/chhattisgarh/need-to-take-development-to-maoist-affected-areas-says-cm-sai/article70389879.ece already exists.
2025-12-13 05:48:02,324 - INFO - [The Hindu] Early skip: URL https://www.thehindu.com/news/national/very-optimistic-india-on-possibility-of-sealing-trade-deal-with-oman-during-pm-modis-visit/article70390362.ece already exists.
2025-12-13 05:48:02,566 - INFO - [The Hindu] Early skip: URL https://www.thehindu.com/news/national/west-bengal/kolkata-gears-up-for-messis-goat-india-tour/article70388734.ece already exists.
2025-12-13 05:48:02,835 - INFO - [The Hindu] Early skip: URL https://www.thehindu.com/news/national/rajasthan/70-of-poll-promises-fulfilled-in-two-years-says-rajasthan-cm/article70389426.ece already exists.
2025-12-13 05:48:02,972 - INFO - [The Hindu] Early skip: URL https://www.thehindu.com/news/national/maharashtra/central-funds-forjaljeevanmission-pending-since-oct-2024-maharashtra-minister-tells-assembly/article70389390.ece already exists.
2025-12-13 05:48:03,262 - INFO - [The Hindu] Early skip: URL https://www.thehindu.com/news/national/chhattisgarh/congress-to-boycott-first-day-of-chhattisgarh-assembly-session-lop-mahant/article70390192.ece already exists.
2025-12-13 05:48:03,518 - INFO - [The Hindu] Early skip: URL https://www.thehindu.com/news/national/tamil-nadu/around-10-mous-to-be-signed-at-uef-trade-summit-2025/article70389814.ece already exists.
2025-12-13 05:48:03,625 - INFO - [The Hindu] Early skip: URL https://www.thehindu.com/news/national/tamil-nadu/ramadoss-appeals-to-cm-to-conduct-caste-census/article70388874.ece already exists.
2025-12-13 05:48:03,780 - INFO - [The Hindu] Early skip: URL https://www.thehindu.com/news/national/kerala/key-fronts-eagerly-await-electoral-outcomes-in-municipalities-across-ernakulam/article70388922.ece already exists.
2025-12-13 05:48:04,072 - INFO - [The Hindu] Early skip: URL https://www.thehindu.com/news/national/tamil-nadu/state-level-ncc-fest-at-dg-vaishnav-college-gets-underway/article70389662.ece already exists.
2025-12-13 05:48:04,268 - INFO - [The Hindu] (Thread) Finished. Attempting to shut down its Selenium driver.
2025-12-13 05:48:04,433 - INFO - [The Hindu] (Thread) driver.quit() successful.
2025-12-13 05:48:32,667 - ERROR - [Times of India] Request failed for strategy 'selenium_browser' on URL https://timesofindia.indiatimes.com/world/europe/gatecrash-or-misrepresentation-did-pakistan-pm-shehbaz-sharif-interrupt-putins-closed-door-meeting-fact-check/articleshow/125943719.cms: HTTPConnectionPool(host='localhost', port=36581): Read timed out. (read timeout=120)
2025-12-13 05:48:32,667 - ERROR - [Times of India] All scrape strategies failed for https://timesofindia.indiatimes.com/world/europe/gatecrash-or-misrepresentation-did-pakistan-pm-shehbaz-sharif-interrupt-putins-closed-door-meeting-fact-check/articleshow/125943719.cms. Falling back to RSS description.
2025-12-13 05:48:32,667 - WARNING - SKIPPED (GLOBAL WORD LIMIT): Article 'Gatecrash or misrepresentation? Did Pakistan PM Shehbaz Sharif interrupt Putin's closed-door meeting? Fact check' from Times of India has only 57 words (Min: 90).
2025-12-13 05:48:33,775 - INFO - [Times of India] Article: https://timesofindia.indiatimes.com/world/south-asia/karkis-interim-govt-gets-4-new-ministers/articleshow/125943957.cms
2025-12-13 05:48:33,775 - INFO - [Times of India] Attempt 1/1: Trying with 'selenium_browser' strategy...
2025-12-13 05:50:33,863 - ERROR - [Times of India] Request failed for strategy 'selenium_browser' on URL https://timesofindia.indiatimes.com/world/south-asia/karkis-interim-govt-gets-4-new-ministers/articleshow/125943957.cms: HTTPConnectionPool(host='localhost', port=36581): Read timed out. (read timeout=120)
2025-12-13 05:50:33,864 - ERROR - [Times of India] All scrape strategies failed for https://timesofindia.indiatimes.com/world/south-asia/karkis-interim-govt-gets-4-new-ministers/articleshow/125943957.cms. Falling back to RSS description.
2025-12-13 05:50:33,864 - WARNING - SKIPPED (GLOBAL WORD LIMIT): Article 'Karki’s interim govt gets 4 new ministers' from Times of India has only 3 words (Min: 90).
2025-12-13 05:50:35,278 - INFO - [Times of India] Early skip: URL https://timesofindia.indiatimes.com/world/south-asia/anti-graft-protests-caused-loss-of-586m-says-nepal/articleshow/125943949.cms already exists.
2025-12-13 05:50:35,472 - INFO - [Times of India] Early skip: URL https://timesofindia.indiatimes.com/world/us/indian-origin-millionaire-arrested-in-us-vikram-beri-tried-setting-california-winery-on-fire-crashed-tesla-into-two-cars/articleshow/125943450.cms already exists.
2025-12-13 05:50:35,760 - INFO - [Times of India] Early skip: URL https://timesofindia.indiatimes.com/world/us/land-strikes-next-trump-ramps-up-threats-against-venezuela-over-drug-trafficking-watch/articleshow/125943783.cms already exists.
2025-12-13 05:50:36,045 - INFO - [Times of India] Early skip: URL https://timesofindia.indiatimes.com/world/us/us-gave-mexico-government-a-list-of-russian-spies-mexico-let-them-stay/articleshow/125943815.cms already exists.
2025-12-13 05:50:36,245 - INFO - [Times of India] Early skip: URL https://timesofindia.indiatimes.com/world/south-asia/khaleda-critical-on-ventilator-support/articleshow/125943697.cms already exists.
2025-12-13 05:50:36,419 - INFO - [Times of India] Early skip: URL https://timesofindia.indiatimes.com/world/south-asia/yunus-wont-tolerate-any-violence-disrupting-polls/articleshow/125943635.cms already exists.
2025-12-13 05:50:36,561 - INFO - [Times of India] Early skip: URL https://timesofindia.indiatimes.com/world/us-streamers/meghan-markle-syndrome-candace-owens-challenges-erika-kirks-request-to-hide-charlie-kirks-grave-and-raises-fresh-questions/articleshow/125923328.cms already exists.
2025-12-13 05:50:36,812 - INFO - [Times of India] Early skip: URL https://timesofindia.indiatimes.com/world/us/hegseth-japans-def-minister-say-china-harming-regional-peace/articleshow/125943421.cms already exists.
2025-12-13 05:50:37,080 - INFO - [Times of India] Early skip: URL https://timesofindia.indiatimes.com/world/us-streamers/the-oscar-goes-to-erika-nick-fuentes-escalates-attacks-on-erika-kirk-and-candace-owens-as-tpusa-feud-spills-into-public-spectacle/articleshow/125942471.cms already exists.
2025-12-13 05:50:37,341 - INFO - [Times of India] Early skip: URL https://timesofindia.indiatimes.com/world/us-streamers/who-is-lisa-singh-florida-influencer-faces-arrest-after-minor-reports-uncomfortable-and-flirtatious-behavior/articleshow/125942912.cms already exists.
2025-12-13 05:50:37,528 - INFO - [Times of India] Early skip: URL https://timesofindia.indiatimes.com/world/us-streamers/candace-owens-war-with-tpusa-leadership-turns-personal-after-tyler-bowyers-divorce-jab/articleshow/125942692.cms already exists.
2025-12-13 05:50:37,760 - INFO - [Times of India] Early skip: URL https://timesofindia.indiatimes.com/world/us-streamers/high-school-outrage-erupts-after-twitch-streamer-films-explicit-game-show-inside-campus-gym-without-student-awareness/articleshow/125942448.cms already exists.
2025-12-13 05:50:37,916 - INFO - [Times of India] Early skip: URL https://timesofindia.indiatimes.com/world/us-streamers/what-happened-between-nick-fuentes-and-piers-morgan-on-uncensored-interview-full-controversy-explained/articleshow/125942511.cms already exists.
2025-12-13 05:50:38,031 - INFO - [Times of India] Early skip: URL https://timesofindia.indiatimes.com/world/us-streamers/peak-estrogen-candace-owens-blasts-tim-pool-over-washington-post-story-as-charlie-kirk-debate-heats-up/articleshow/125942429.cms already exists.
2025-12-13 05:50:38,217 - INFO - [Times of India] Early skip: URL https://timesofindia.indiatimes.com/world/us-streamers/nick-fuentes-faces-consequences-as-court-orders-community-service-after-pepper-spray-assault-on-58-year-old-woman-caught-on-video/articleshow/125940228.cms already exists.
2025-12-13 05:50:38,424 - INFO - [Times of India] Early skip: URL https://timesofindia.indiatimes.com/world/us-streamers/caseoh-reacts-on-stream-to-moistcr1tikal-winning-content-creator-of-the-year-2025/articleshow/125940128.cms already exists.
2025-12-13 05:50:38,542 - INFO - [Times of India] Early skip: URL https://timesofindia.indiatimes.com/business/international-business/jjs-talc-trouble-continues-johnson-johnson-ordered-to-pay-40-million-in-baby-powder-cancer-case/articleshow/125943232.cms already exists.
2025-12-13 05:50:38,654 - INFO - [Times of India] Early skip: URL https://timesofindia.indiatimes.com/world/us/thailand-and-cambodia-have-agreed-to-fresh-truce-trump/articleshow/125943289.cms already exists.
2025-12-13 05:50:38,817 - INFO - [Times of India] (Thread) Finished. Attempting to shut down its Selenium driver.
2025-12-13 05:51:14,741 - CRITICAL - --- TIMEOUT: 1 scrape jobs did not complete in 300s. ---
2025-12-13 05:51:14,741 - ERROR - A thread has timed out and will be abandoned.
2025-12-13 05:51:14,741 - INFO - Shutting down thread pool (wait=False)...
2025-12-13 05:51:14,741 - INFO - Scraped: 4 The Hindu, 0 BBC, 1 The Guardian, 1 Timed_Out_Jobs articles. (Total saved: 5)
2025-12-13 05:51:14,741 - INFO - --- Scraping job finished ---
2025-12-13 05:51:14,742 - INFO - --- Scraper service stopped and database connection closed. ---
2025-12-13 05:51:14,742 - INFO - --- Main thread finished. Forcing process exit to kill zombie threads. ---
