2026-01-21 18:46:43,640 - INFO - Loading AI Semantic Model (all-MiniLM-L6-v2)...
2026-01-21 18:46:43,641 - INFO - Use pytorch device_name: cpu
2026-01-21 18:46:43,641 - INFO - Load pretrained SentenceTransformer: all-MiniLM-L6-v2
2026-01-21 18:46:44,823 - INFO - AI Model loaded successfully.
2026-01-21 18:46:44,823 - INFO - --- Scraper service started (CI Mode: Run Once) ---
2026-01-21 18:46:44,823 - INFO - --- Starting new scraping job (Parallel Mode) ---
2026-01-21 18:46:44,824 - INFO - Creating new robust session with 3 retries on 5xx/connection/read errors.
2026-01-21 18:46:44,824 - INFO - Proxy is DISABLED.
2026-01-21 18:46:44,824 - INFO - Starting scrape for BBC RSS feed: http://feeds.bbci.co.uk/news/world/rss.xml
2026-01-21 18:46:44,825 - INFO - [Times of India] (Thread) requires Selenium. Initializing driver...
2026-01-21 18:46:44,825 - INFO - Starting scrape for The Guardian RSS feed: https://www.theguardian.com/world/rss
2026-01-21 18:46:44,826 - INFO - [The Hindu] (Thread) requires Selenium. Initializing driver...
2026-01-21 18:46:44,827 - INFO - Submitted 4 jobs to thread pool. Waiting up to 300s for completion...
2026-01-21 18:46:44,891 - INFO - Found 44 articles in BBC RSS feed. Processing up to 30.
2026-01-21 18:46:44,891 - INFO - [BBC] Early skip: URL https://www.bbc.com/news/articles/c4gwp2me3gzo?at_medium=RSS&at_campaign=rss already exists.
2026-01-21 18:46:44,951 - INFO - Found 45 articles in The Guardian RSS feed. Processing up to 30.
2026-01-21 18:46:45,117 - INFO - [The Guardian] Early skip: URL https://www.theguardian.com/us-news/2026/jan/20/us-diplomats-urged-to-remind-african-leaders-of-us-generosity-despite-usaid-closing already exists.
2026-01-21 18:46:45,390 - INFO - [BBC] Early skip: URL https://www.bbc.com/news/articles/cn8jek4vv8ko?at_medium=RSS&at_campaign=rss already exists.
2026-01-21 18:46:45,593 - INFO - [The Guardian] Early skip: URL https://www.theguardian.com/global-development/2026/jan/19/brazen-political-influence-rich-laid-bare-wealth-billionaires-inequality-poverty-instability-oxfam already exists.
2026-01-21 18:46:45,727 - INFO - [BBC] Early skip: URL https://www.bbc.com/news/articles/c98pnzp50nqo?at_medium=RSS&at_campaign=rss already exists.
2026-01-21 18:46:45,844 - INFO - [The Guardian] Early skip: URL https://www.theguardian.com/world/2026/jan/18/ugandas-president-calls-opponents-terrorists-in-victory-speech already exists.
2026-01-21 18:46:45,954 - INFO - [BBC] Early skip: URL https://www.bbc.com/news/articles/cx20pwqkgp9o?at_medium=RSS&at_campaign=rss already exists.
2026-01-21 18:46:46,173 - INFO - [The Guardian] Early skip: URL https://www.theguardian.com/world/2026/jan/17/yoweri-museveni-wins-ugandan-election-as-opponent-condemns-fake-result already exists.
2026-01-21 18:46:46,467 - INFO - [BBC] Early skip: URL https://www.bbc.com/news/articles/c0r4957rq8ro?at_medium=RSS&at_campaign=rss already exists.
2026-01-21 18:46:46,644 - INFO - [The Guardian] Early skip: URL https://www.theguardian.com/uk-news/2026/jan/17/afcon-little-morocco-london-confidence-high already exists.
2026-01-21 18:46:46,820 - INFO - [BBC] Early skip: URL https://www.bbc.com/news/articles/czx1pnlzer5o?at_medium=RSS&at_campaign=rss already exists.
2026-01-21 18:46:47,015 - INFO - [The Guardian] Early skip: URL https://www.theguardian.com/world/2026/jan/21/chile-abortion-opponent-gender-equality-minister already exists.
2026-01-21 18:46:47,283 - INFO - [BBC] Early skip: URL https://www.bbc.com/news/articles/cly3dm37m7no?at_medium=RSS&at_campaign=rss already exists.
2026-01-21 18:46:47,517 - INFO - [The Guardian] Early skip: URL https://www.theguardian.com/us-news/2026/jan/20/catholic-cardinals-trump-foreign-policy already exists.
2026-01-21 18:46:47,765 - INFO - [BBC] Early skip: URL https://www.bbc.com/news/articles/c1m78xl0gmpo?at_medium=RSS&at_campaign=rss already exists.
2026-01-21 18:46:47,872 - INFO - [The Guardian] Early skip: URL https://www.theguardian.com/world/2026/jan/20/colombia-ex-paramilitary-leader-salvatore-mancuso-jailed-crimes-against-indigenous-groups already exists.
2026-01-21 18:46:48,169 - INFO - [BBC] Early skip: URL https://www.bbc.com/news/articles/cq6v0v32rg1o?at_medium=RSS&at_campaign=rss already exists.
2026-01-21 18:46:48,270 - INFO - [The Guardian] Early skip: URL https://www.theguardian.com/world/2026/jan/20/trial-peru-amazon-quinto-inuma-alvarado-indigenous-leader already exists.
2026-01-21 18:46:48,489 - INFO - [BBC] Article: https://www.bbc.com/news/articles/ckgjm50r14go?at_medium=RSS&at_campaign=rss
2026-01-21 18:46:48,489 - INFO - [The Guardian] Early skip: URL https://www.theguardian.com/world/2026/jan/19/guatemala-state-of-emergency-police-officers-killed-prison-gang-violence already exists.
2026-01-21 18:46:48,490 - INFO - [BBC] Attempt 1/1: Trying with 'requests_browser' strategy...
2026-01-21 18:46:48,623 - INFO - [BBC] Success with 'requests_browser'. Found content (818 words).
2026-01-21 18:46:51,772 - INFO - Selenium driver initialized successfully.
2026-01-21 18:46:51,772 - INFO - Starting scrape for Times of India RSS feed: https://timesofindia.indiatimes.com/rssfeeds/296589292.cms
2026-01-21 18:46:51,774 - INFO - Selenium driver initialized successfully.
2026-01-21 18:46:51,774 - INFO - Starting scrape for The Hindu RSS feed: https://www.thehindu.com/news/national/feeder/default.rss
2026-01-21 18:46:51,995 - INFO - Found 20 articles in Times of India RSS feed. Processing up to 30.
2026-01-21 18:46:52,146 - INFO - Found 100 articles in The Hindu RSS feed. Processing up to 30.
2026-01-21 18:47:00,520 - INFO - Saved article: Supreme Court sceptical of Trump firing of Lisa Cook from BBC (818 words)
2026-01-21 18:47:00,520 - INFO - [The Guardian] Early skip: URL https://www.theguardian.com/science/2026/jan/21/hand-shape-indonesia-cave-rock-art-67800-years-old already exists.
2026-01-21 18:47:00,793 - INFO - [Times of India] Article: https://timesofindia.indiatimes.com/world/rest-of-world/watch-katy-perry-justin-trudeau-winks-at-each-other-at-davos-report-reveals-both-are-happy/articleshow/127030039.cms
2026-01-21 18:47:00,794 - INFO - [Times of India] Attempt 1/1: Trying with 'selenium_browser' strategy...
2026-01-21 18:47:00,794 - INFO - [The Hindu] Article: https://www.thehindu.com/news/national/bihar/camps-will-be-organised-at-block-and-panchayat-level-once-a-month-to-give-life-certificate-bihar-minister/article70533460.ece
2026-01-21 18:47:00,795 - INFO - [The Hindu] Attempt 1/1: Trying with 'selenium_browser' strategy...
2026-01-21 18:47:00,795 - INFO - [The Guardian] Early skip: URL https://www.theguardian.com/world/2026/jan/21/former-south-korea-pm-han-duck-soo-jailed-martial-law-insurrection already exists.
2026-01-21 18:47:01,057 - INFO - [The Guardian] Early skip: URL https://www.theguardian.com/politics/2026/jan/21/keir-starmer-visit-china-british-business-leaders already exists.
2026-01-21 18:47:01,211 - INFO - [BBC] Article: https://www.bbc.com/news/articles/c0mkp3yk933o?at_medium=RSS&at_campaign=rss
2026-01-21 18:47:01,211 - INFO - [BBC] Attempt 1/1: Trying with 'requests_browser' strategy...
2026-01-21 18:47:01,212 - INFO - [The Guardian] Early skip: URL https://www.theguardian.com/world/2026/jan/21/thousands-of-workers-flee-cambodia-scam-centres-officials-say already exists.
2026-01-21 18:47:01,248 - INFO - [BBC] Success with 'requests_browser'. Found content (361 words).
2026-01-21 18:47:08,472 - INFO - [The Hindu] Page content loaded.
2026-01-21 18:47:08,925 - INFO - [The Hindu] Success with 'selenium_browser'. Found content (643 words).
2026-01-21 18:47:11,945 - INFO - [Times of India] Page content loaded.
2026-01-21 18:47:12,469 - INFO - [Times of India] Success with 'selenium_browser'. Found content (606 words).
2026-01-21 18:47:26,483 - INFO - Saved article: Taylor Swift inducted into Songwriters Hall of Fame from BBC (361 words)
2026-01-21 18:47:26,484 - INFO - [The Guardian] Early skip: URL https://www.theguardian.com/world/2026/jan/21/tetsuya-yamagami-assassinated-shinzo-abe-japan-life-sentence already exists.
2026-01-21 18:47:39,562 - INFO - Saved article: Camps will be organised at block and panchayat level once a month to give ‘life certificate’: Bihar Minister - The Hindu from The Hindu (643 words)
2026-01-21 18:47:52,782 - INFO - Saved article: Watch: Katy Perry, Justin Trudeau winks at each other at Davos; report reveals both are 'happy' - The Times of India from Times of India (606 words)
2026-01-21 18:47:52,782 - INFO - [The Guardian] Early skip: URL https://www.theguardian.com/us-news/2026/jan/22/australia-trump-board-of-peace-risk-analysis already exists.
2026-01-21 18:47:53,058 - INFO - [BBC] Early skip: URL https://www.bbc.com/news/articles/c86v5lj39zpo?at_medium=RSS&at_campaign=rss already exists.
2026-01-21 18:47:53,289 - INFO - [The Hindu] Article: https://www.thehindu.com/news/national/andhra-pradesh/ap-jac-submits-representation-to-finance-minister-over-pending-dadr-arrears/article70534279.ece
2026-01-21 18:47:53,289 - INFO - [The Hindu] Attempt 1/1: Trying with 'selenium_browser' strategy...
2026-01-21 18:47:53,289 - INFO - [The Guardian] Early skip: URL https://www.theguardian.com/australia-news/2026/jan/22/australians-to-perform-acts-of-kindness-on-national-day-of-mourning-for-bondi-terror-attack-victims-ntwnfb already exists.
2026-01-21 18:47:53,493 - INFO - [BBC] Early skip: URL https://www.bbc.com/news/articles/cwy1l9pgjv7o?at_medium=RSS&at_campaign=rss already exists.
2026-01-21 18:47:53,594 - INFO - [Times of India] Article: https://timesofindia.indiatimes.com/world/uk/they-made-my-wifes-life-absolute-misery-prince-harry-fights-back-tears-as-he-speaks-about-media-scrutiny-on-meghan-markle/articleshow/127032896.cms
2026-01-21 18:47:53,594 - INFO - [Times of India] Attempt 1/1: Trying with 'selenium_browser' strategy...
2026-01-21 18:47:53,595 - INFO - [The Guardian] Early skip: URL https://www.theguardian.com/australia-news/2026/jan/22/gen-xers-the-new-baby-boomers-analysis-identifies-australias-richest-landholders-by-generation already exists.
2026-01-21 18:47:53,736 - INFO - [The Guardian] Early skip: URL https://www.theguardian.com/australia-news/2026/jan/22/fatberg-poo-balls-sydney-businesses-could-be-illegally-discharging-waste already exists.
2026-01-21 18:47:53,945 - INFO - [The Guardian] Early skip: URL https://www.theguardian.com/australia-news/2026/jan/21/mass-walkout-of-shadow-cabinet-is-only-the-latest-chapter-in-the-nationals-chaotic-decline already exists.
2026-01-21 18:47:54,098 - INFO - [BBC] Early skip: URL https://www.bbc.com/news/articles/cwy8v31kkv1o?at_medium=RSS&at_campaign=rss already exists.
2026-01-21 18:47:54,353 - INFO - [BBC] Early skip: URL https://www.bbc.com/news/articles/c4grw9vg7y4o?at_medium=RSS&at_campaign=rss already exists.
2026-01-21 18:47:54,646 - INFO - [BBC] Early skip: URL https://www.bbc.com/news/articles/c5y2q5j71pqo?at_medium=RSS&at_campaign=rss already exists.
2026-01-21 18:47:54,909 - INFO - [BBC] Early skip: URL https://www.bbc.com/news/articles/czx1p47x589o?at_medium=RSS&at_campaign=rss already exists.
2026-01-21 18:47:55,121 - INFO - [The Guardian] Early skip: URL https://www.theguardian.com/business/2026/jan/21/davos-2026-trump-greenland-rules-out-force-part-north-america already exists.
2026-01-21 18:47:55,360 - INFO - [The Guardian] Early skip: URL https://www.theguardian.com/world/live/2026/jan/21/europe-donald-trump-davos-speech-greenland-denmark-latest-updates already exists.
2026-01-21 18:47:55,490 - INFO - [The Guardian] Early skip: URL https://www.theguardian.com/world/2026/jan/21/eu-parliament-blocks-us-trade-deal-trump-tariff-threat already exists.
2026-01-21 18:47:55,600 - INFO - [The Guardian] Early skip: URL https://www.theguardian.com/world/2026/jan/21/germany-axe-sick-notes-telephone-outcry-medics-unions already exists.
2026-01-21 18:47:55,893 - INFO - [BBC] Early skip: URL https://www.bbc.com/news/articles/ckgyzl4gd1do?at_medium=RSS&at_campaign=rss already exists.
2026-01-21 18:47:56,108 - INFO - [BBC] Early skip: URL https://www.bbc.com/news/articles/c4g39w8k8zwo?at_medium=RSS&at_campaign=rss already exists.
2026-01-21 18:47:56,281 - INFO - [BBC] Early skip: URL https://www.bbc.com/news/articles/c0mkp021rvro?at_medium=RSS&at_campaign=rss already exists.
2026-01-21 18:47:56,567 - INFO - [The Guardian] Early skip: URL https://www.theguardian.com/business/2026/jan/21/trump-disorder-prompts-talk-liberal-alliances-mark-carney already exists.
2026-01-21 18:47:56,676 - INFO - [The Guardian] Early skip: URL https://www.theguardian.com/world/2026/jan/21/syria-army-al-hawl-camp-kurdish-withdrawal-islamic-state already exists.
2026-01-21 18:47:56,931 - INFO - [BBC] Early skip: URL https://www.bbc.com/news/articles/cwy1lpgqenxo?at_medium=RSS&at_campaign=rss already exists.
2026-01-21 18:47:57,203 - INFO - [BBC] Early skip: URL https://www.bbc.com/news/articles/c338mdg1gn5o?at_medium=RSS&at_campaign=rss already exists.
2026-01-21 18:47:57,453 - INFO - [BBC] Early skip: URL https://www.bbc.com/news/articles/cddg5ermzn7o?at_medium=RSS&at_campaign=rss already exists.
2026-01-21 18:47:57,588 - INFO - [BBC] Early skip: URL https://www.bbc.com/news/articles/crkr7z7ky6po?at_medium=RSS&at_campaign=rss already exists.
2026-01-21 18:47:57,728 - INFO - [BBC] Early skip: URL https://www.bbc.com/news/articles/cj0n127y74go?at_medium=RSS&at_campaign=rss already exists.
2026-01-21 18:47:57,865 - INFO - [BBC] Early skip: URL https://www.bbc.com/news/articles/c20ge5qwdl2o?at_medium=RSS&at_campaign=rss already exists.
2026-01-21 18:47:58,101 - INFO - [The Guardian] Early skip: URL https://www.theguardian.com/world/2026/jan/21/benjamin-netanyahu-to-join-trump-board-of-peace-despite-previous-israel-objections already exists.
2026-01-21 18:47:58,240 - INFO - [The Guardian] Early skip: URL https://www.theguardian.com/world/2026/jan/21/iran-central-bank-cryptocurrency-tether-nigel-farage already exists.
2026-01-21 18:47:58,508 - INFO - [The Guardian] Early skip: URL https://www.theguardian.com/world/2026/jan/20/kurdish-forces-withdraw-from-is-detention-camp-in-north-east-syria already exists.
2026-01-21 18:47:58,635 - INFO - [The Guardian] Early skip: URL https://www.theguardian.com/us-news/2026/jan/20/trumps-board-of-peace-is-an-imperial-court-completely-unlike-what-was-proposed already exists.
2026-01-21 18:47:58,803 - INFO - [BBC] Early skip: URL https://www.bbc.com/news/articles/c701rvrpjwko?at_medium=RSS&at_campaign=rss already exists.
2026-01-21 18:47:58,908 - INFO - [BBC] Early skip: URL https://www.bbc.com/news/articles/c75xvg3ypexo?at_medium=RSS&at_campaign=rss already exists.
2026-01-21 18:47:59,020 - INFO - [BBC] Early skip: URL https://www.bbc.com/news/articles/cx2lej7d52po?at_medium=RSS&at_campaign=rss already exists.
2026-01-21 18:47:59,220 - INFO - [BBC] Early skip: URL https://www.bbc.com/news/articles/cy7mey54npgo?at_medium=RSS&at_campaign=rss already exists.
2026-01-21 18:48:04,604 - INFO - [Times of India] Page content loaded.
2026-01-21 18:48:04,948 - INFO - [Times of India] Success with 'selenium_browser'. Found content (303 words).
2026-01-21 18:48:13,316 - ERROR - [The Hindu] Request failed for strategy 'selenium_browser' on URL https://www.thehindu.com/news/national/andhra-pradesh/ap-jac-submits-representation-to-finance-minister-over-pending-dadr-arrears/article70534279.ece: Message: timeout: Timed out receiving message from renderer: 19.623
  (Session info: chrome=143.0.7499.192)
Stacktrace:
#0 0x55577b6fd40a <unknown>
#1 0x55577b13176b <unknown>
#2 0x55577b11980a <unknown>
#3 0x55577b1194ed <unknown>
#4 0x55577b1173a7 <unknown>
#5 0x55577b117cbf <unknown>
#6 0x55577b126480 <unknown>
#7 0x55577b13fb47 <unknown>
#8 0x55577b1461fb <unknown>
#9 0x55577b1183e8 <unknown>
#10 0x55577b13f8f8 <unknown>
#11 0x55577b1cead8 <unknown>
#12 0x55577b1757b2 <unknown>
#13 0x55577b176461 <unknown>
#14 0x55577b6c5df9 <unknown>
#15 0x55577b6c8d5d <unknown>
#16 0x55577b6aeb41 <unknown>
#17 0x55577b6c993b <unknown>
#18 0x55577b695870 <unknown>
#19 0x55577b6ea828 <unknown>
#20 0x55577b6ea9fc <unknown>
#21 0x55577b6fc763 <unknown>
#22 0x7f560749caa4 <unknown>
#23 0x7f5607529c6c <unknown>

2026-01-21 18:48:13,316 - ERROR - [The Hindu] All scrape strategies failed for https://www.thehindu.com/news/national/andhra-pradesh/ap-jac-submits-representation-to-finance-minister-over-pending-dadr-arrears/article70534279.ece. Falling back to RSS description.
2026-01-21 18:48:13,316 - WARNING - SKIPPED (GLOBAL WORD LIMIT): Article 'A.P. JAC submits representation to Finance Minister over pending DA/DR arrears' from The Hindu has only 3 words (Min: 90).
2026-01-21 18:48:17,790 - INFO - Saved article: 'They made my wife's life absolute misery': Prince Harry fights back tears as he speaks about media scrutiny on Meghan Markle - The Times of India from Times of India (303 words)
2026-01-21 18:48:17,791 - INFO - [The Hindu] Article: https://www.thehindu.com/news/national/kerala/former-tax-official-booked/article70534863.ece
2026-01-21 18:48:17,791 - INFO - [The Hindu] Attempt 1/1: Trying with 'selenium_browser' strategy...
2026-01-21 18:48:18,474 - INFO - [The Hindu] Page content loaded.
2026-01-21 18:48:18,519 - INFO - [The Hindu] Success with 'selenium_browser'. Found content (161 words).
2026-01-21 18:48:33,166 - INFO - Saved article: Former tax official booked - The Hindu from The Hindu (161 words)
2026-01-21 18:48:33,167 - INFO - [Times of India] Article: https://timesofindia.indiatimes.com/world/us-streamers/are-kai-cenat-and-gigi-alayah-back-together-rumors-explode-after-eagle-eyed-fans-spot-iphone-wallpaper/articleshow/126940593.cms
2026-01-21 18:48:33,167 - INFO - [Times of India] Attempt 1/1: Trying with 'selenium_browser' strategy...
2026-01-21 18:48:34,154 - INFO - [Times of India] Page content loaded.
2026-01-21 18:48:34,334 - INFO - [Times of India] Success with 'selenium_browser'. Found content (342 words).
2026-01-21 18:48:49,006 - INFO - Saved article: Are Kai Cenat and Gigi Alayah back together? Rumors explode after eagle-eyed fans spot iPhone wallpaper - The Times of India from Times of India (342 words)
2026-01-21 18:48:49,006 - INFO - [The Hindu] Article: https://www.thehindu.com/news/national/kerala/fire-breaks-out-in-apartment-in-kochi/article70534967.ece
2026-01-21 18:48:49,006 - INFO - [The Hindu] Attempt 1/1: Trying with 'selenium_browser' strategy...
2026-01-21 18:48:50,174 - INFO - [The Hindu] Page content loaded.
2026-01-21 18:48:50,218 - INFO - [The Hindu] Success with 'selenium_browser'. Found content (141 words).
2026-01-21 18:49:04,358 - INFO - Saved article: Fire breaks out in apartment in Kochi - The Hindu from The Hindu (141 words)
2026-01-21 18:49:04,358 - INFO - [Times of India] Article: https://timesofindia.indiatimes.com/world/us/unannounced-site-visits-to-check-h-1bs-in-houston-social-media-alerts-go-viral-amid-minneapolis-crackdown/articleshow/127028904.cms
2026-01-21 18:49:04,358 - INFO - [Times of India] Attempt 1/1: Trying with 'selenium_browser' strategy...
2026-01-21 18:49:05,778 - INFO - [The Hindu] Article: https://www.thehindu.com/news/national/andhra-pradesh/cfl-alleges-financial-irregularities-in-procurements-made-by-spdcl/article70534842.ece
2026-01-21 18:49:05,778 - INFO - [The Hindu] Attempt 1/1: Trying with 'selenium_browser' strategy...
2026-01-21 18:49:07,151 - INFO - [The Hindu] Page content loaded.
2026-01-21 18:49:07,204 - INFO - [The Hindu] Success with 'selenium_browser'. Found content (147 words).
2026-01-21 18:49:07,754 - INFO - [Times of India] Page content loaded.
2026-01-21 18:49:08,880 - INFO - [Times of India] Success with 'selenium_browser'. Found content (328 words).
2026-01-21 18:49:23,780 - INFO - Saved article: CFL alleges financial irregularities in procurements made by SPDCL - The Hindu from The Hindu (147 words)
2026-01-21 18:49:37,773 - INFO - Saved article: Unannounced site visits to check H-1Bs in Houston? Social media alerts go viral amid Minneapolis crackdown - The Times of India from Times of India (328 words)
2026-01-21 18:49:37,774 - INFO - [The Hindu] Article: https://www.thehindu.com/news/national/tamil-nadu/mgnrega-workers-unearth-artillery-shell-near-arakkonam/article70533920.ece
2026-01-21 18:49:37,774 - INFO - [The Hindu] Attempt 1/1: Trying with 'selenium_browser' strategy...
2026-01-21 18:49:39,014 - INFO - [The Hindu] Page content loaded.
2026-01-21 18:49:39,075 - INFO - [The Hindu] Success with 'selenium_browser'. Found content (211 words).
2026-01-21 18:49:39,091 - INFO - [Times of India] Article: https://timesofindia.indiatimes.com/world/us/trump-will-send-you-back-child-left-in-tears-after-soccer-teammates-taunt-him-as-illegal-immigrant-in-viral-video-watch/articleshow/127019047.cms
2026-01-21 18:49:39,092 - INFO - [Times of India] Attempt 1/1: Trying with 'selenium_browser' strategy...
2026-01-21 18:49:41,065 - INFO - [Times of India] Page content loaded.
2026-01-21 18:49:41,294 - INFO - [Times of India] Success with 'selenium_browser'. Found content (116 words).
2026-01-21 18:49:54,172 - INFO - Saved article: MGNREGA workers unearth artillery shell near Arakkonam - The Hindu from The Hindu (211 words)
2026-01-21 18:50:06,456 - INFO - DEDUPLICATION: Found match (Score: 0.75). Linking to Cluster ID: 797b1883-2a44-432e-8470-546b82690648
2026-01-21 18:50:06,457 - INFO - Saved article: 'Trump will send you back': Child left in tears after Soccer teammates taunt him as ‘illegal immigrant’ in viral video — watch - The Times of India from Times of India (116 words)
2026-01-21 18:50:06,457 - INFO - [The Hindu] Article: https://www.thehindu.com/news/national/andhra-pradesh/dyfi-seeks-immediate-steps-to-fill-vacant-posts-in-power-utilities/article70534483.ece
2026-01-21 18:50:06,457 - INFO - [The Hindu] Attempt 1/1: Trying with 'selenium_browser' strategy...
2026-01-21 18:50:07,534 - INFO - [The Hindu] Page content loaded.
2026-01-21 18:50:07,535 - INFO - [Times of India] Article: https://timesofindia.indiatimes.com/etimes/trending/ricky-gervais-reveals-truth-behind-his-death-wish-of-being-fed-to-lions-at-london-zoo/articleshow/127010361.cms
2026-01-21 18:50:07,536 - INFO - [Times of India] Attempt 1/1: Trying with 'selenium_browser' strategy...
2026-01-21 18:50:07,581 - INFO - [The Hindu] Success with 'selenium_browser'. Found content (259 words).
2026-01-21 18:50:09,948 - INFO - [Times of India] Page content loaded.
2026-01-21 18:50:10,272 - INFO - [Times of India] Success with 'selenium_browser'. Found content (627 words).
2026-01-21 18:50:25,299 - INFO - Saved article: DYFI seeks immediate steps to fill vacant posts in power utilities - The Hindu from The Hindu (259 words)
2026-01-21 18:50:39,304 - INFO - Saved article: Ricky Gervais reveals truth behind his death wish of being fed to lions at London Zoo | - The Times of India from Times of India (627 words)
2026-01-21 18:50:39,305 - INFO - [The Hindu] Article: https://www.thehindu.com/news/national/tamil-nadu/vellore-corporation-starts-to-install-bins-for-plastic-waste-in-nicholson-canal/article70533938.ece
2026-01-21 18:50:39,305 - INFO - [The Hindu] Attempt 1/1: Trying with 'selenium_browser' strategy...
2026-01-21 18:50:40,119 - INFO - [Times of India] Article: https://timesofindia.indiatimes.com/world/us/trumps-border-czar-defends-ice-detaining-56-year-old-minnesota-man-without-warrant-all-you-need-is-reasonable-suspicion/articleshow/127027050.cms
2026-01-21 18:50:40,119 - INFO - [Times of India] Attempt 1/1: Trying with 'selenium_browser' strategy...
2026-01-21 18:50:40,903 - INFO - [The Hindu] Page content loaded.
2026-01-21 18:50:41,032 - INFO - [The Hindu] Success with 'selenium_browser'. Found content (482 words).
2026-01-21 18:50:41,685 - INFO - [Times of India] Page content loaded.
2026-01-21 18:50:41,854 - INFO - [Times of India] Success with 'selenium_browser'. Found content (148 words).
2026-01-21 18:50:58,051 - INFO - Saved article: Vellore Corporation starts to install bins for plastic waste in Nicholson Canal - The Hindu from The Hindu (482 words)
2026-01-21 18:51:12,277 - INFO - Saved article: Trump's border czar defends ICE detaining 56-year-old Minnesota man without warrant: 'All you need is reasonable suspicion' - The Times of India from Times of India (148 words)
2026-01-21 18:51:12,277 - INFO - [The Hindu] Article: https://www.thehindu.com/news/national/kerala/cabinet-approves-loan-scheme-for-landslide-hit-kudumbashree-members/article70535023.ece
2026-01-21 18:51:12,277 - INFO - [The Hindu] Attempt 1/1: Trying with 'selenium_browser' strategy...
2026-01-21 18:51:13,010 - INFO - [Times of India] Article: https://timesofindia.indiatimes.com/world/rest-of-world/19-year-old-canadian-woman-found-dead-on-australian-beach-surrounded-by-wild-dogs/articleshow/127021286.cms
2026-01-21 18:51:13,010 - INFO - [Times of India] Attempt 1/1: Trying with 'selenium_browser' strategy...
2026-01-21 18:51:13,612 - INFO - [The Hindu] Page content loaded.
2026-01-21 18:51:13,673 - INFO - [The Hindu] Success with 'selenium_browser'. Found content (225 words).
2026-01-21 18:51:23,422 - INFO - [Times of India] Page content loaded.
2026-01-21 18:51:23,710 - INFO - [Times of India] Success with 'selenium_browser'. Found content (374 words).
2026-01-21 18:51:31,018 - INFO - Saved article: Cabinet approves loan scheme for landslides-hit Kudumbashree members - The Hindu from The Hindu (225 words)
2026-01-21 18:51:44,828 - CRITICAL - --- TIMEOUT: 2 scrape jobs did not complete in 300s. ---
2026-01-21 18:51:44,828 - ERROR - A thread has timed out and will be abandoned.
2026-01-21 18:51:44,828 - ERROR - A thread has timed out and will be abandoned.
2026-01-21 18:51:44,828 - INFO - Shutting down thread pool (wait=False)...
2026-01-21 18:51:44,828 - INFO - Scraped: 2 BBC, 0 The Guardian, 2 Timed_Out_Jobs articles. (Total saved: 2)
2026-01-21 18:51:44,828 - INFO - --- Scraping job finished ---
2026-01-21 18:51:44,829 - INFO - --- Scraper service stopped and database connection closed. ---
2026-01-21 18:51:44,829 - INFO - --- Main thread finished. Forcing process exit to kill zombie threads. ---
