2026-01-28 09:40:20,573 - INFO - Loading AI Semantic Model (all-MiniLM-L6-v2)...
2026-01-28 09:40:20,574 - INFO - Use pytorch device_name: cpu
2026-01-28 09:40:20,574 - INFO - Load pretrained SentenceTransformer: all-MiniLM-L6-v2
2026-01-28 09:40:20,721 - INFO - HTTP Request: HEAD https://huggingface.co/sentence-transformers/all-MiniLM-L6-v2/resolve/main/modules.json "HTTP/1.1 307 Temporary Redirect"
2026-01-28 09:40:20,734 - INFO - HTTP Request: HEAD https://huggingface.co/api/resolve-cache/models/sentence-transformers/all-MiniLM-L6-v2/c9745ed1d9f207416be6d2e6f8de32d1f16199bf/modules.json "HTTP/1.1 200 OK"
2026-01-28 09:40:20,774 - INFO - HTTP Request: HEAD https://huggingface.co/sentence-transformers/all-MiniLM-L6-v2/resolve/main/config_sentence_transformers.json "HTTP/1.1 307 Temporary Redirect"
2026-01-28 09:40:20,787 - INFO - HTTP Request: HEAD https://huggingface.co/api/resolve-cache/models/sentence-transformers/all-MiniLM-L6-v2/c9745ed1d9f207416be6d2e6f8de32d1f16199bf/config_sentence_transformers.json "HTTP/1.1 200 OK"
2026-01-28 09:40:20,828 - INFO - HTTP Request: HEAD https://huggingface.co/sentence-transformers/all-MiniLM-L6-v2/resolve/main/config_sentence_transformers.json "HTTP/1.1 307 Temporary Redirect"
2026-01-28 09:40:20,841 - INFO - HTTP Request: HEAD https://huggingface.co/api/resolve-cache/models/sentence-transformers/all-MiniLM-L6-v2/c9745ed1d9f207416be6d2e6f8de32d1f16199bf/config_sentence_transformers.json "HTTP/1.1 200 OK"
2026-01-28 09:40:20,880 - INFO - HTTP Request: HEAD https://huggingface.co/sentence-transformers/all-MiniLM-L6-v2/resolve/main/README.md "HTTP/1.1 307 Temporary Redirect"
2026-01-28 09:40:20,893 - INFO - HTTP Request: HEAD https://huggingface.co/api/resolve-cache/models/sentence-transformers/all-MiniLM-L6-v2/c9745ed1d9f207416be6d2e6f8de32d1f16199bf/README.md "HTTP/1.1 200 OK"
2026-01-28 09:40:20,933 - INFO - HTTP Request: HEAD https://huggingface.co/sentence-transformers/all-MiniLM-L6-v2/resolve/main/modules.json "HTTP/1.1 307 Temporary Redirect"
2026-01-28 09:40:20,945 - INFO - HTTP Request: HEAD https://huggingface.co/api/resolve-cache/models/sentence-transformers/all-MiniLM-L6-v2/c9745ed1d9f207416be6d2e6f8de32d1f16199bf/modules.json "HTTP/1.1 200 OK"
2026-01-28 09:40:20,987 - INFO - HTTP Request: HEAD https://huggingface.co/sentence-transformers/all-MiniLM-L6-v2/resolve/main/sentence_bert_config.json "HTTP/1.1 307 Temporary Redirect"
2026-01-28 09:40:21,000 - INFO - HTTP Request: HEAD https://huggingface.co/api/resolve-cache/models/sentence-transformers/all-MiniLM-L6-v2/c9745ed1d9f207416be6d2e6f8de32d1f16199bf/sentence_bert_config.json "HTTP/1.1 200 OK"
2026-01-28 09:40:21,046 - INFO - HTTP Request: HEAD https://huggingface.co/sentence-transformers/all-MiniLM-L6-v2/resolve/main/adapter_config.json "HTTP/1.1 404 Not Found"
2026-01-28 09:40:21,090 - INFO - HTTP Request: HEAD https://huggingface.co/sentence-transformers/all-MiniLM-L6-v2/resolve/main/config.json "HTTP/1.1 307 Temporary Redirect"
2026-01-28 09:40:21,102 - INFO - HTTP Request: HEAD https://huggingface.co/api/resolve-cache/models/sentence-transformers/all-MiniLM-L6-v2/c9745ed1d9f207416be6d2e6f8de32d1f16199bf/config.json "HTTP/1.1 200 OK"
2026-01-28 09:40:21,234 - WARNING - BertModel LOAD REPORT from: sentence-transformers/all-MiniLM-L6-v2
Key                     | Status     |  | 
------------------------+------------+--+-
embeddings.position_ids | UNEXPECTED |  | 

Notes:
- UNEXPECTED	:can be ignored when loading from different task/architecture; not ok if you expect identical arch.
2026-01-28 09:40:21,274 - INFO - HTTP Request: HEAD https://huggingface.co/sentence-transformers/all-MiniLM-L6-v2/resolve/main/config.json "HTTP/1.1 307 Temporary Redirect"
2026-01-28 09:40:21,287 - INFO - HTTP Request: HEAD https://huggingface.co/api/resolve-cache/models/sentence-transformers/all-MiniLM-L6-v2/c9745ed1d9f207416be6d2e6f8de32d1f16199bf/config.json "HTTP/1.1 200 OK"
2026-01-28 09:40:21,325 - INFO - HTTP Request: HEAD https://huggingface.co/sentence-transformers/all-MiniLM-L6-v2/resolve/main/tokenizer_config.json "HTTP/1.1 307 Temporary Redirect"
2026-01-28 09:40:21,337 - INFO - HTTP Request: HEAD https://huggingface.co/api/resolve-cache/models/sentence-transformers/all-MiniLM-L6-v2/c9745ed1d9f207416be6d2e6f8de32d1f16199bf/tokenizer_config.json "HTTP/1.1 200 OK"
2026-01-28 09:40:21,382 - INFO - HTTP Request: GET https://huggingface.co/api/models/sentence-transformers/all-MiniLM-L6-v2/tree/main/additional_chat_templates?recursive=false&expand=false "HTTP/1.1 404 Not Found"
2026-01-28 09:40:21,429 - INFO - HTTP Request: GET https://huggingface.co/api/models/sentence-transformers/all-MiniLM-L6-v2/tree/main?recursive=true&expand=false "HTTP/1.1 200 OK"
2026-01-28 09:40:21,522 - INFO - HTTP Request: HEAD https://huggingface.co/sentence-transformers/all-MiniLM-L6-v2/resolve/main/1_Pooling/config.json "HTTP/1.1 307 Temporary Redirect"
2026-01-28 09:40:21,534 - INFO - HTTP Request: HEAD https://huggingface.co/api/resolve-cache/models/sentence-transformers/all-MiniLM-L6-v2/c9745ed1d9f207416be6d2e6f8de32d1f16199bf/1_Pooling%2Fconfig.json "HTTP/1.1 200 OK"
2026-01-28 09:40:21,579 - INFO - HTTP Request: GET https://huggingface.co/api/models/sentence-transformers/all-MiniLM-L6-v2 "HTTP/1.1 200 OK"
2026-01-28 09:40:21,584 - INFO - AI Model loaded successfully.
2026-01-28 09:40:21,584 - INFO - --- Scraper service started (CI Mode: Run Once) ---
2026-01-28 09:40:21,584 - INFO - --- Starting new scraping job (Parallel Mode) ---
2026-01-28 09:40:21,584 - INFO - Creating new robust session with 3 retries on 5xx/connection/read errors.
2026-01-28 09:40:21,584 - INFO - Proxy is DISABLED.
2026-01-28 09:40:21,584 - INFO - Starting scrape for BBC RSS feed: http://feeds.bbci.co.uk/news/world/rss.xml
2026-01-28 09:40:21,585 - INFO - [Times of India] (Thread) requires Selenium. Initializing driver...
2026-01-28 09:40:21,585 - INFO - Starting scrape for The Guardian RSS feed: https://www.theguardian.com/world/rss
2026-01-28 09:40:21,585 - INFO - [The Hindu] (Thread) requires Selenium. Initializing driver...
2026-01-28 09:40:21,585 - INFO - Submitted 4 jobs to thread pool. Waiting up to 300s for completion...
2026-01-28 09:40:21,788 - INFO - Found 45 articles in The Guardian RSS feed. Processing up to 30.
2026-01-28 09:40:21,788 - INFO - [The Guardian] Early skip: URL https://www.theguardian.com/world/2026/jan/26/hundreds-feared-dead-after-attempting-to-cross-mediterranean-amid-cyclone-harry already exists.
2026-01-28 09:40:21,979 - INFO - [The Guardian] Early skip: URL https://www.theguardian.com/world/2026/jan/26/crocodile-warnings-floods-devastate-southern-africa already exists.
2026-01-28 09:40:22,163 - INFO - Found 42 articles in BBC RSS feed. Processing up to 30.
2026-01-28 09:40:22,179 - INFO - [BBC] Early skip: URL https://www.bbc.com/news/articles/c0q425vg4qzo?at_medium=RSS&at_campaign=rss already exists.
2026-01-28 09:40:22,477 - INFO - [The Guardian] Early skip: URL https://www.theguardian.com/world/2026/jan/23/guinea-bissau-hepatitis-b-vaccine-study already exists.
2026-01-28 09:40:22,749 - INFO - [BBC] Early skip: URL https://www.bbc.com/news/articles/cn9zpee3llxo?at_medium=RSS&at_campaign=rss already exists.
2026-01-28 09:40:22,900 - INFO - [The Guardian] Early skip: URL https://www.theguardian.com/global-development/2026/jan/22/actionaid-rethink-child-sponsorship-decolonise-funding already exists.
2026-01-28 09:40:23,104 - INFO - [BBC] Early skip: URL https://www.bbc.com/news/articles/crkrpl4ngdzo?at_medium=RSS&at_campaign=rss already exists.
2026-01-28 09:40:23,207 - INFO - [The Guardian] Early skip: URL https://www.theguardian.com/us-news/2026/jan/20/us-diplomats-urged-to-remind-african-leaders-of-us-generosity-despite-usaid-closing already exists.
2026-01-28 09:40:23,505 - INFO - [BBC] Early skip: URL https://www.bbc.com/news/articles/cevnppplkjjo?at_medium=RSS&at_campaign=rss already exists.
2026-01-28 09:40:23,660 - INFO - [The Guardian] Early skip: URL https://www.theguardian.com/world/2026/jan/28/can-venezuelas-delcy-rodriguez-become-a-latin-american-deng-xiaoping already exists.
2026-01-28 09:40:23,848 - INFO - [BBC] Early skip: URL https://www.bbc.com/news/articles/cy8y2jxx9ppo?at_medium=RSS&at_campaign=rss already exists.
2026-01-28 09:40:24,086 - INFO - [The Guardian] Early skip: URL https://www.theguardian.com/world/2026/jan/27/mexico-cuba-trump-oil already exists.
2026-01-28 09:40:24,196 - INFO - [BBC] Article: https://www.bbc.com/news/articles/cdx4pdg9w2wo?at_medium=RSS&at_campaign=rss
2026-01-28 09:40:24,196 - INFO - [BBC] Attempt 1/1: Trying with 'requests_browser' strategy...
2026-01-28 09:40:24,197 - INFO - [The Guardian] Early skip: URL https://www.theguardian.com/us-news/2026/jan/27/five-year-old-girl-us-citizen-and-mother-deported-honduras already exists.
2026-01-28 09:40:24,374 - INFO - [The Guardian] Early skip: URL https://www.theguardian.com/us-news/2026/jan/26/canadian-ryan-wedding-ex-olympian-drug-trafficking already exists.
2026-01-28 09:40:24,649 - INFO - [The Guardian] Early skip: URL https://www.theguardian.com/world/2026/jan/26/guyana-opposition-leader-us-extradition already exists.
2026-01-28 09:40:24,653 - INFO - [BBC] Success with 'requests_browser'. Found content (644 words).
2026-01-28 09:40:29,199 - INFO - Selenium driver initialized successfully.
2026-01-28 09:40:29,199 - INFO - Starting scrape for Times of India RSS feed: https://timesofindia.indiatimes.com/rssfeeds/296589292.cms
2026-01-28 09:40:29,200 - INFO - Selenium driver initialized successfully.
2026-01-28 09:40:29,200 - INFO - Starting scrape for The Hindu RSS feed: https://www.thehindu.com/news/national/feeder/default.rss
2026-01-28 09:40:29,434 - INFO - Found 20 articles in Times of India RSS feed. Processing up to 30.
2026-01-28 09:40:29,601 - INFO - Found 100 articles in The Hindu RSS feed. Processing up to 30.
2026-01-28 09:40:36,512 - INFO - Saved article: Malaysian football's foreign-born players scandal: What to know from BBC (644 words)
2026-01-28 09:40:36,512 - INFO - [The Guardian] Early skip: URL https://www.theguardian.com/australia-news/live/2026/jan/28/australia-news-live-anthony-albanese-timor-leste-heatwave-nsw-bushfires-victoria-weather-liberals-leadership-sussan-ley-andrew-hastie-angus-taylor-ntwnfb already exists.
2026-01-28 09:40:36,701 - INFO - [Times of India] Article: https://timesofindia.indiatimes.com/world/us/new-dinosaur-fossils-found-under-a-parking-lot-reveal-a-100-year-old-secret-in-colorado/articleshow/127688013.cms
2026-01-28 09:40:36,701 - INFO - [Times of India] Attempt 1/1: Trying with 'selenium_browser' strategy...
2026-01-28 09:40:36,702 - INFO - [The Hindu] Article: https://www.thehindu.com/news/national/telangana/yet-another-case-of-stray-dogs-killings-in-telangana-case-booked-in-nagarkurnool/article70560251.ece
2026-01-28 09:40:36,702 - INFO - [The Hindu] Attempt 1/1: Trying with 'selenium_browser' strategy...
2026-01-28 09:40:36,703 - INFO - [The Guardian] Early skip: URL https://www.theguardian.com/politics/2026/jan/28/reform-matt-goodwin-byelection-keir-starmer-reaction-toxic-division-ntwnfb already exists.
2026-01-28 09:40:36,908 - INFO - [The Guardian] Early skip: URL https://www.theguardian.com/world/2026/jan/28/viral-crying-horse-toy-china already exists.
2026-01-28 09:40:37,016 - INFO - [The Guardian] Early skip: URL https://www.theguardian.com/world/2026/jan/28/new-zealand-landslides-climate-crisis-storms already exists.
2026-01-28 09:40:37,199 - INFO - [The Guardian] Early skip: URL https://www.theguardian.com/business/2026/jan/27/very-low-bar-analysts-say-starmer-faces-slim-pickings-in-china already exists.
2026-01-28 09:40:37,352 - INFO - [The Guardian] Early skip: URL https://www.theguardian.com/australia-news/2026/jan/28/temperature-records-in-nsw-and-queensland-expected-to-tumble-as-regional-towns-bake-in-40c-plus-temperatures already exists.
2026-01-28 09:40:37,473 - INFO - [The Guardian] Early skip: URL https://www.theguardian.com/australia-news/2026/jan/28/scott-morrison-muslim-speech-religious-freedoms-ntwnfb already exists.
2026-01-28 09:40:37,696 - INFO - [The Guardian] Early skip: URL https://www.theguardian.com/australia-news/2026/jan/28/sussan-ley-says-david-littleproud-rejected-offer-of-talks-this-week-after-coalition-break-up already exists.
2026-01-28 09:40:37,957 - INFO - [The Guardian] Early skip: URL https://www.theguardian.com/australia-news/2026/jan/28/human-remains-found-in-search-for-belgium-backpacker-missing-in-tasmanian-wilderness-since-2023 already exists.
2026-01-28 09:40:38,166 - INFO - [The Guardian] Early skip: URL https://www.theguardian.com/australia-news/2026/jan/28/inflation-rate-australia-cpi-rates-abs-data already exists.
2026-01-28 09:40:38,399 - INFO - [BBC] Early skip: URL https://www.bbc.com/news/articles/cy8p1mn3j29o?at_medium=RSS&at_campaign=rss already exists.
2026-01-28 09:40:38,668 - INFO - [BBC] Early skip: URL https://www.bbc.com/news/articles/cz7y2gy4p24o?at_medium=RSS&at_campaign=rss already exists.
2026-01-28 09:40:38,856 - INFO - [The Guardian] Article: https://www.theguardian.com/world/live/2026/jan/28/europe-defence-kallas-greenland-frederiksen-macron-ukraine-netherlands-latest-news-updates
2026-01-28 09:40:38,856 - INFO - [The Guardian] Attempt 1/1: Trying with 'requests_browser' strategy...
2026-01-28 09:40:38,858 - INFO - [BBC] Early skip: URL https://www.bbc.com/news/articles/cj3vp84j1l3o?at_medium=RSS&at_campaign=rss already exists.
2026-01-28 09:40:38,973 - INFO - [BBC] Early skip: URL https://www.bbc.com/news/articles/cn0kpk3drgjo?at_medium=RSS&at_campaign=rss already exists.
2026-01-28 09:40:39,254 - INFO - [BBC] Early skip: URL https://www.bbc.com/news/articles/crmlpl0w2z2o?at_medium=RSS&at_campaign=rss already exists.
2026-01-28 09:40:39,393 - INFO - [BBC] Early skip: URL https://www.bbc.com/news/articles/c62n6gw1dp9o?at_medium=RSS&at_campaign=rss already exists.
2026-01-28 09:40:39,509 - INFO - [BBC] Early skip: URL https://www.bbc.com/news/articles/c5y29xzjdzvo?at_medium=RSS&at_campaign=rss already exists.
2026-01-28 09:40:39,644 - INFO - [BBC] Early skip: URL https://www.bbc.com/news/articles/c98jr75w4zko?at_medium=RSS&at_campaign=rss already exists.
2026-01-28 09:40:39,678 - INFO - [The Guardian] Success with 'requests_browser'. Found content (1087 words).
2026-01-28 09:40:44,135 - INFO - [The Hindu] Page content loaded.
2026-01-28 09:40:45,588 - INFO - [The Hindu] Success with 'selenium_browser'. Found content (208 words).
2026-01-28 09:40:56,784 - ERROR - [Times of India] Request failed for strategy 'selenium_browser' on URL https://timesofindia.indiatimes.com/world/us/new-dinosaur-fossils-found-under-a-parking-lot-reveal-a-100-year-old-secret-in-colorado/articleshow/127688013.cms: Message: timeout: Timed out receiving message from renderer: 19.867
  (Session info: chrome=144.0.7559.59)
Stacktrace:
#0 0x564ec4fbbc3a <unknown>
#1 0x564ec49d5969 <unknown>
#2 0x564ec49bd201 <unknown>
#3 0x564ec49bce26 <unknown>
#4 0x564ec49ba94b <unknown>
#5 0x564ec49bb2cf <unknown>
#6 0x564ec49ca700 <unknown>
#7 0x564ec49e46f7 <unknown>
#8 0x564ec49eb97b <unknown>
#9 0x564ec49bba39 <unknown>
#10 0x564ec49e448a <unknown>
#11 0x564ec4a73d98 <unknown>
#12 0x564ec4a1cbe2 <unknown>
#13 0x564ec4a1d991 <unknown>
#14 0x564ec4f81a99 <unknown>
#15 0x564ec4f849b1 <unknown>
#16 0x564ec4f6e0a9 <unknown>
#17 0x564ec4f8556e <unknown>
#18 0x564ec4f545e0 <unknown>
#19 0x564ec4fa9358 <unknown>
#20 0x564ec4fa9528 <unknown>
#21 0x564ec4fbafa8 <unknown>
#22 0x7f494b89caa4 <unknown>
#23 0x7f494b929c6c <unknown>

2026-01-28 09:40:56,785 - ERROR - [Times of India] All scrape strategies failed for https://timesofindia.indiatimes.com/world/us/new-dinosaur-fossils-found-under-a-parking-lot-reveal-a-100-year-old-secret-in-colorado/articleshow/127688013.cms. Falling back to RSS description.
2026-01-28 09:40:56,785 - WARNING - SKIPPED (GLOBAL WORD LIMIT): Article 'New dinosaur fossils found under a parking lot reveal a 100-year-old secret in Colorado' from Times of India has only 3 words (Min: 90).
2026-01-28 09:41:04,361 - INFO - Saved article: Russia does not want peace with Europe, says Danish prime minister – Europe live | Europe | The Guardian from The Guardian (1087 words)
2026-01-28 09:41:04,362 - INFO - [BBC] Early skip: URL https://www.bbc.com/news/articles/c70l7zndy3jo?at_medium=RSS&at_campaign=rss already exists.
2026-01-28 09:41:17,785 - INFO - Saved article: Yet another case of stray dogs killings in Telangana, case booked in Nagarkurnool - The Hindu from The Hindu (208 words)
2026-01-28 09:41:17,785 - INFO - [Times of India] Early skip: URL https://timesofindia.indiatimes.com/world/middle-east/emirates-flight-ek35-diverts-to-edinburgh-due-to-mid-air-emergency-storm-conditions/articleshow/127687181.cms already exists.
2026-01-28 09:41:17,896 - INFO - [Times of India] Early skip: URL https://timesofindia.indiatimes.com/world/middle-east/dubai-gold-breaks-the-records-prices-shatter-dh630-ceiling-in-historic-monthly-surge/articleshow/127686156.cms already exists.
2026-01-28 09:41:18,058 - INFO - [The Guardian] Early skip: URL https://www.theguardian.com/world/2026/jan/28/odesa-russia-crosshairs-war-pivots-back-to-black-sea already exists.
2026-01-28 09:41:18,267 - INFO - [BBC] Early skip: URL https://www.bbc.com/news/articles/crrnee01r9jo?at_medium=RSS&at_campaign=rss already exists.
2026-01-28 09:41:18,397 - INFO - [Times of India] Early skip: URL https://timesofindia.indiatimes.com/world/rest-of-world/villages-buried-dozens-trapped-34-killed-in-indonesia-landslides/articleshow/127682739.cms already exists.
2026-01-28 09:41:18,580 - INFO - [The Guardian] Early skip: URL https://www.theguardian.com/world/2026/jan/28/french-former-senator-found-guilty-of-drugging-mp-with-intent-to-sexually-assault-her already exists.
2026-01-28 09:41:18,709 - INFO - [BBC] Early skip: URL https://www.bbc.com/news/articles/cpqyp9w84eeo?at_medium=RSS&at_campaign=rss already exists.
2026-01-28 09:41:18,835 - INFO - [Times of India] Early skip: URL https://timesofindia.indiatimes.com/world/us/quote-of-the-day-by-eleanor-roosevelt-great-minds-discuss-ideas-average-minds-discuss-events-small-minds-discuss-people-/articleshow/127685701.cms already exists.
2026-01-28 09:41:19,113 - INFO - [The Guardian] Early skip: URL https://www.theguardian.com/society/2026/jan/28/seven-out-of-10-uk-mothers-feel-overloaded-research-reveals already exists.
2026-01-28 09:41:19,308 - INFO - [BBC] Early skip: URL https://www.bbc.com/news/articles/c9qp3x5x2jpo?at_medium=RSS&at_campaign=rss already exists.
2026-01-28 09:41:19,594 - INFO - [Times of India] Early skip: URL https://timesofindia.indiatimes.com/world/rest-of-world/north-koreas-nuclear-expansion-kim-jong-un-warns-of-excruciating-mental-agony-for-enemies/articleshow/127681112.cms already exists.
2026-01-28 09:41:19,801 - INFO - [The Hindu] Article: https://www.thehindu.com/news/national/tamil-nadu/supreme-court-appoints-retired-judge-sk-kaul-to-mediate-vadakalai-thenkalai-dispute-at-kancheepuram-temple/article70560248.ece
2026-01-28 09:41:19,801 - INFO - [The Hindu] Attempt 1/1: Trying with 'selenium_browser' strategy...
2026-01-28 09:41:19,802 - INFO - [The Guardian] Early skip: URL https://www.theguardian.com/world/2026/jan/27/russian-drone-strike-on-ukrainian-passenger-train-kills-five already exists.
2026-01-28 09:41:20,046 - INFO - [The Guardian] Early skip: URL https://www.theguardian.com/us-news/2026/jan/27/us-announces-multi-day-aerial-military-drills-in-the-middle-east-amid-iran-tensions already exists.
2026-01-28 09:41:20,252 - INFO - [The Guardian] Early skip: URL https://www.theguardian.com/world/2026/jan/27/mother-jack-letts-jailed-syria-islamic-state-repatriation-uk-canada already exists.
2026-01-28 09:41:20,402 - INFO - [BBC] Early skip: URL https://www.bbc.com/news/articles/c4gw49gk13xo?at_medium=RSS&at_campaign=rss already exists.
2026-01-28 09:41:20,536 - INFO - [BBC] Early skip: URL https://www.bbc.com/news/articles/ckgjedpn8p8o?at_medium=RSS&at_campaign=rss already exists.
2026-01-28 09:41:20,703 - INFO - [The Guardian] Early skip: URL https://www.theguardian.com/world/2026/jan/26/remains-last-israeli-killed-7-october-2023-ran-gvili-returned-gaza already exists.
2026-01-28 09:41:20,914 - INFO - [The Guardian] Early skip: URL https://www.theguardian.com/world/2026/jan/26/iran-prepares-possible-attack-us-navy already exists.
2026-01-28 09:41:21,035 - INFO - [BBC] Early skip: URL https://www.bbc.com/news/articles/czx32yxnvzro?at_medium=RSS&at_campaign=rss already exists.
2026-01-28 09:41:21,175 - INFO - [Times of India] Early skip: URL https://timesofindia.indiatimes.com/world/us/texas-puts-a-hex-on-h-1b-visas-after-fraud-charges/articleshow/127678437.cms already exists.
2026-01-28 09:41:21,406 - INFO - [Times of India] Early skip: URL https://timesofindia.indiatimes.com/world/us/shes-trying-to-get-stephen-miller-killed-megyn-kelly-accuses-kara-swisher-defends-former-trump-adviser/articleshow/127677018.cms already exists.
2026-01-28 09:41:21,618 - INFO - [BBC] Early skip: URL https://www.bbc.com/news/articles/cwyw3ynwe37o?at_medium=RSS&at_campaign=rss already exists.
2026-01-28 09:41:21,839 - INFO - [The Guardian] Early skip: URL https://www.theguardian.com/world/2026/jan/26/saudi-arabia-ordered-pay-london-dissident-pegasus-spying-ghanem-al-masarir already exists.
2026-01-28 09:41:22,017 - INFO - [Times of India] Early skip: URL https://timesofindia.indiatimes.com/world/middle-east/a-street-lined-with-gold-dubais-new-district-is-turning-heads-worldwide/articleshow/127672917.cms already exists.
2026-01-28 09:41:22,200 - INFO - [Times of India] Early skip: URL https://timesofindia.indiatimes.com/world/uk/video-keir-starmer-dons-top-gun-aviators-to-poke-fun-at-macron-french-pm-plays-plays-along/articleshow/127672816.cms already exists.
2026-01-28 09:41:22,248 - INFO - [The Hindu] Page content loaded.
2026-01-28 09:41:22,322 - INFO - [The Hindu] Success with 'selenium_browser'. Found content (468 words).
2026-01-28 09:41:22,493 - INFO - [Times of India] Early skip: URL https://timesofindia.indiatimes.com/world/us/watch-us-democratic-representative-ilhan-omar-sprayed-with-unknown-susbtance-during-speech-in-minneapolis/articleshow/127669310.cms already exists.
2026-01-28 09:41:22,659 - INFO - [Times of India] Early skip: URL https://timesofindia.indiatimes.com/world/us/another-beautiful-armada-floating-toward-iran-donald-trump-hopes-tehran-makes-a-deal-amid-rising-tension/articleshow/127669610.cms already exists.
2026-01-28 09:41:22,860 - INFO - [Times of India] Early skip: URL https://timesofindia.indiatimes.com/world/us-streamers/adam-the-woo-father-breaks-silence-confirms-cause-of-death-after-youtuber-was-found-dead-at-florida-home/articleshow/127664621.cms already exists.
2026-01-28 09:41:37,752 - INFO - Saved article: Supreme Court appoints retired judge S.K. Kaul to mediate Vadakalai -Thenkalai dispute at Kancheepuram temple - The Hindu from The Hindu (468 words)
2026-01-28 09:41:37,752 - INFO - [BBC] Early skip: URL https://www.bbc.com/news/articles/cd7zp581q5do?at_medium=RSS&at_campaign=rss already exists.
2026-01-28 09:41:37,960 - INFO - [Times of India] Early skip: URL https://timesofindia.indiatimes.com/world/us-streamers/mrbeast-melts-hearts-after-gifting-disabled-12-year-old-fan-a-one-of-a-kind-bionic-beast-arm/articleshow/127594856.cms already exists.
2026-01-28 09:41:38,244 - INFO - [BBC] Early skip: URL https://www.bbc.com/news/articles/cjw1pn4lwjqo?at_medium=RSS&at_campaign=rss already exists.
2026-01-28 09:41:38,517 - INFO - [Times of India] Early skip: URL https://timesofindia.indiatimes.com/world/us/i-will-erase-your-voice-chilling-remark-from-ice-agent-fuels-backlash-amid-ongoing-protests-over-minneapolis-shooting/articleshow/127666342.cms already exists.
2026-01-28 09:41:38,758 - INFO - [The Hindu] Article: https://www.thehindu.com/news/national/telangana/telangana-municipal-elections-date-members-oath-administration/article70560233.ece
2026-01-28 09:41:38,758 - INFO - [The Hindu] Attempt 1/1: Trying with 'selenium_browser' strategy...
2026-01-28 09:41:38,758 - INFO - [BBC] Early skip: URL https://www.bbc.com/news/articles/cj3vpe8zme8o?at_medium=RSS&at_campaign=rss already exists.
2026-01-28 09:41:39,031 - INFO - [BBC] Early skip: URL https://www.bbc.com/news/articles/cwy11q1pwpgo?at_medium=RSS&at_campaign=rss already exists.
2026-01-28 09:41:39,216 - INFO - [Times of India] Early skip: URL https://timesofindia.indiatimes.com/world/us/you-cant-have-guns-trump-signals-limits-on-the-second-amendment-can-it-be-repealed/articleshow/127663898.cms already exists.
2026-01-28 09:41:39,456 - INFO - [Times of India] Early skip: URL https://timesofindia.indiatimes.com/world/us/did-ohio-ag-candidate-claims-call-to-kill-trump-heres-what-elliot-forhan-said/articleshow/127658529.cms already exists.
2026-01-28 09:41:39,741 - INFO - [BBC] Early skip: URL https://www.bbc.com/news/articles/c8d0l0g8yz5o?at_medium=RSS&at_campaign=rss already exists.
2026-01-28 09:41:39,902 - INFO - [BBC] Early skip: URL https://www.bbc.com/news/articles/ckgn9q1wp0yo?at_medium=RSS&at_campaign=rss already exists.
2026-01-28 09:41:40,049 - INFO - [Times of India] Early skip: URL https://timesofindia.indiatimes.com/world/us/40m-rights-35m-marketing-melania-trump-documentary-sells-just-one-ticket-in-uk-cinemas-netizens-call-it-failure/articleshow/127653507.cms already exists.
2026-01-28 09:41:40,168 - INFO - [The Hindu] Page content loaded.
2026-01-28 09:41:40,189 - INFO - [BBC] Early skip: URL https://www.bbc.com/news/articles/c62r4g590wqo?at_medium=RSS&at_campaign=rss already exists.
2026-01-28 09:41:40,391 - INFO - [BBC] Early skip: URL https://www.bbc.com/news/articles/cn40j0772vwo?at_medium=RSS&at_campaign=rss already exists.
2026-01-28 09:41:40,418 - INFO - [The Hindu] Success with 'selenium_browser'. Found content (187 words).
2026-01-28 09:41:40,664 - INFO - [Times of India] Early skip: URL https://timesofindia.indiatimes.com/world/us/americas-burning-town-is-quietly-coming-back-to-life-after-decades-of-destruction/articleshow/127655521.cms already exists.
2026-01-28 09:41:54,477 - INFO - DEDUPLICATION: Found match (Score: 0.88). Linking to Cluster ID: aadfb2e0-c30d-43d2-952a-c382e68ec1d4
2026-01-28 09:41:54,479 - INFO - Saved article: Dates of Telangana Municipal Elections 2026, Ward Members’ oath administration - The Hindu from The Hindu (187 words)
2026-01-28 09:41:54,479 - INFO - [Times of India] Early skip: URL https://timesofindia.indiatimes.com/world/us-streamers/youtuber-ishowspeed-completes-africa-tour-calls-trip-a-life-changing-experience/articleshow/127652232.cms already exists.
2026-01-28 09:41:54,608 - INFO - [Times of India] (Thread) Finished. Attempting to shut down its Selenium driver.
2026-01-28 09:41:54,807 - INFO - [Times of India] (Thread) driver.quit() successful.
2026-01-28 09:41:55,452 - INFO - [The Hindu] Article: https://www.thehindu.com/shorts/cctv-footage-ajit-pawars-plane-crash-at-baramati/article70560352.ece
2026-01-28 09:41:55,452 - INFO - [The Hindu] Attempt 1/1: Trying with 'selenium_browser' strategy...
2026-01-28 09:42:06,693 - WARNING - [The Hindu] Page timed out (10s). Proceeding anyway.
2026-01-28 09:42:06,715 - WARNING - [The Hindu] FAILED with 'selenium_browser' (content was too short: 45 words).
2026-01-28 09:42:06,715 - ERROR - [The Hindu] All scrape strategies failed for https://www.thehindu.com/shorts/cctv-footage-ajit-pawars-plane-crash-at-baramati/article70560352.ece. Falling back to RSS description.
2026-01-28 09:42:06,715 - WARNING - SKIPPED (GLOBAL WORD LIMIT): Article 'CCTV footage: Ajit Pawar’s plane crash at Baramati' from The Hindu has only 3 words (Min: 90).
2026-01-28 09:42:07,448 - INFO - [The Hindu] Article: https://www.thehindu.com/shorts/unfortunate-day-for-maharashtra-dy-cm-eknath-shinde-on-ajit-pawars-passing/article70560324.ece
2026-01-28 09:42:07,448 - INFO - [The Hindu] Attempt 1/1: Trying with 'selenium_browser' strategy...
2026-01-28 09:42:17,862 - WARNING - [The Hindu] Page timed out (10s). Proceeding anyway.
2026-01-28 09:42:17,883 - WARNING - [The Hindu] FAILED with 'selenium_browser' (content was too short: 49 words).
2026-01-28 09:42:17,883 - ERROR - [The Hindu] All scrape strategies failed for https://www.thehindu.com/shorts/unfortunate-day-for-maharashtra-dy-cm-eknath-shinde-on-ajit-pawars-passing/article70560324.ece. Falling back to RSS description.
2026-01-28 09:42:17,883 - WARNING - SKIPPED (GLOBAL WORD LIMIT): Article 'Unfortunate day for Maharashtra: Dy CM Eknath Shinde on Ajit Pawar’s passing' from The Hindu has only 3 words (Min: 90).
2026-01-28 09:42:18,529 - INFO - [The Hindu] Article: https://www.thehindu.com/news/national/kerala/kerala-economy-records-strong-619-real-growth-in-2024-25-says-economic-review/article70560238.ece
2026-01-28 09:42:18,529 - INFO - [The Hindu] Attempt 1/1: Trying with 'selenium_browser' strategy...
2026-01-28 09:42:21,227 - INFO - [The Hindu] Page content loaded.
2026-01-28 09:42:21,485 - INFO - [The Hindu] Success with 'selenium_browser'. Found content (629 words).
2026-01-28 09:42:34,709 - INFO - Saved article: Kerala economy records ‘strong’ 6.19% real growth in 2024-25, says Economic Review - The Hindu from The Hindu (629 words)
2026-01-28 09:42:35,707 - INFO - [The Hindu] Article: https://www.thehindu.com/news/national/strong-push-for-local-aircraft-leasing-marks-wings-india-2026-opening-session/article70560017.ece
2026-01-28 09:42:35,707 - INFO - [The Hindu] Attempt 1/1: Trying with 'selenium_browser' strategy...
2026-01-28 09:42:36,871 - INFO - [The Hindu] Page content loaded.
2026-01-28 09:42:37,005 - INFO - [The Hindu] Success with 'selenium_browser'. Found content (619 words).
2026-01-28 09:42:50,390 - INFO - Saved article: Strong push for local aircraft leasing marks Wings India 2026 opening session - The Hindu from The Hindu (619 words)
2026-01-28 09:42:51,333 - INFO - [The Hindu] Article: https://www.thehindu.com/news/national/opposition-will-use-all-democratic-means-to-demand-restoration-of-mgnrega-congress/article70560255.ece
2026-01-28 09:42:51,333 - INFO - [The Hindu] Attempt 1/1: Trying with 'selenium_browser' strategy...
2026-01-28 09:42:53,816 - INFO - [The Hindu] Page content loaded.
2026-01-28 09:42:53,896 - INFO - [The Hindu] Success with 'selenium_browser'. Found content (322 words).
2026-01-28 09:43:06,443 - INFO - Saved article: Opposition will use all democratic means to demand restoration of MGNREGA: Congress - The Hindu from The Hindu (322 words)
2026-01-28 09:43:07,153 - INFO - [The Hindu] Article: https://www.thehindu.com/news/national/maharashtra/in-pictures-ajit-pawars-political-journey/article70559528.ece
2026-01-28 09:43:07,154 - INFO - [The Hindu] Attempt 1/1: Trying with 'selenium_browser' strategy...
2026-01-28 09:43:07,854 - INFO - [The Hindu] Page content loaded.
2026-01-28 09:43:07,921 - INFO - [The Hindu] Success with 'selenium_browser'. Found content (637 words).
2026-01-28 09:43:21,949 - INFO - DEDUPLICATION: Found match (Score: 0.80). Linking to Cluster ID: def7f376-7790-4567-b749-9369f6f2024e
2026-01-28 09:43:21,951 - INFO - Saved article: In Pictures | Ajit Pawar's political journey - The Hindu from The Hindu (637 words)
2026-01-28 09:43:22,794 - INFO - [The Hindu] Article: https://www.thehindu.com/news/national/tamil-nadu/ajit-pawar-death-tamil-nadu-governor-cm-stalin-condole-maharashtra-deputy-cms-passing/article70560023.ece
2026-01-28 09:43:22,794 - INFO - [The Hindu] Attempt 1/1: Trying with 'selenium_browser' strategy...
2026-01-28 09:43:23,959 - INFO - [The Hindu] Page content loaded.
2026-01-28 09:43:24,044 - INFO - [The Hindu] Success with 'selenium_browser'. Found content (156 words).
2026-01-28 09:43:37,271 - INFO - DEDUPLICATION: Found match (Score: 0.84). Linking to Cluster ID: def7f376-7790-4567-b749-9369f6f2024e
2026-01-28 09:43:37,273 - INFO - Saved article: Ajit Pawar death: Tamil Nadu Governor, CM Stalin condole Maharashtra Deputy CM’s passing - The Hindu from The Hindu (156 words)
2026-01-28 09:43:38,020 - INFO - [The Hindu] Article: https://www.thehindu.com/sci-tech/health/health-ministry-notifies-amendments-to-new-drugs-and-clinical-trials-rules-2019/article70560009.ece
2026-01-28 09:43:38,021 - INFO - [The Hindu] Attempt 1/1: Trying with 'selenium_browser' strategy...
2026-01-28 09:43:39,212 - INFO - [The Hindu] Page content loaded.
2026-01-28 09:43:39,396 - INFO - [The Hindu] Success with 'selenium_browser'. Found content (462 words).
2026-01-28 09:43:52,000 - INFO - Saved article: Health Ministry notifies amendments to New Drugs and Clinical Trials Rules, 2019 - The Hindu from The Hindu (462 words)
2026-01-28 09:43:53,444 - INFO - [The Hindu] Article: https://www.thehindu.com/news/national/25-crore-people-got-free-treatment-last-year-under-ayushman-bharat-health-scheme-president-murmu/article70560211.ece
2026-01-28 09:43:53,444 - INFO - [The Hindu] Attempt 1/1: Trying with 'selenium_browser' strategy...
2026-01-28 09:43:54,652 - INFO - [The Hindu] Page content loaded.
2026-01-28 09:43:54,714 - INFO - [The Hindu] Success with 'selenium_browser'. Found content (366 words).
2026-01-28 09:44:09,694 - INFO - Saved article: 2.5 crore people got free treatment last year under Ayushman Bharat health scheme: President Murmu - The Hindu from The Hindu (366 words)
2026-01-28 09:44:10,677 - INFO - [The Hindu] Article: https://www.thehindu.com/news/national/india-eu-fta-to-create-new-employment-opportunities-for-youth-president-murmu/article70560182.ece
2026-01-28 09:44:10,677 - INFO - [The Hindu] Attempt 1/1: Trying with 'selenium_browser' strategy...
2026-01-28 09:44:12,025 - INFO - [The Hindu] Page content loaded.
2026-01-28 09:44:12,125 - INFO - [The Hindu] Success with 'selenium_browser'. Found content (304 words).
2026-01-28 09:44:26,477 - INFO - DEDUPLICATION: Found match (Score: 0.73). Linking to Cluster ID: 9baf90b0-8c83-42e9-a5ba-3d6664ef6c9e
2026-01-28 09:44:26,479 - INFO - Saved article: India-EU FTA to create new employment opportunities for youth: President Murmu - The Hindu from The Hindu (304 words)
2026-01-28 09:44:27,091 - INFO - [The Hindu] Article: https://www.thehindu.com/news/national/delhi-hc-to-hear-nias-plea-for-death-penalty-for-yasin-malik-on-april-22/article70560153.ece
2026-01-28 09:44:27,091 - INFO - [The Hindu] Attempt 1/1: Trying with 'selenium_browser' strategy...
2026-01-28 09:44:28,387 - INFO - [The Hindu] Page content loaded.
2026-01-28 09:44:28,538 - INFO - [The Hindu] Success with 'selenium_browser'. Found content (526 words).
2026-01-28 09:44:42,190 - INFO - Saved article: Delhi HC to hear NIA’s plea for death penalty for Yasin Malik on April 22 - The Hindu from The Hindu (526 words)
2026-01-28 09:44:42,790 - INFO - [The Hindu] Early skip: URL https://www.thehindu.com/news/national/kerala/kerala-assembly-cpim-moves-breach-of-privilege-notice-against-satheesan-for-demeaning-education-minister/article70559996.ece already exists.
2026-01-28 09:44:43,077 - INFO - [The Hindu] Early skip: URL https://www.thehindu.com/news/national/govt-committed-to-true-social-justice-president-murmu-tells-parliament/article70560122.ece already exists.
2026-01-28 09:44:43,332 - INFO - [The Hindu] Early skip: URL https://www.thehindu.com/news/national/andhra-pradesh/use-of-tranquilisers-to-catch-tiger-cannot-be-decided-solely-by-public-pressure-forest-officials/article70559285.ece already exists.
2026-01-28 09:44:43,498 - INFO - [The Hindu] Early skip: URL https://www.thehindu.com/news/national/tamil-nadu/when-a-union-minister-of-state-from-tamil-nadu-died-in-a-chopper-crash-in-arunachal-pradesh/article70559933.ece already exists.
2026-01-28 09:44:43,735 - INFO - [The Hindu] Early skip: URL https://www.thehindu.com/news/national/jammu-and-kashmir/srinagar-jammu-national-highway-closed-tourists-stranded-jammu-kashmir-snow/article70559851.ece already exists.
2026-01-28 09:44:43,953 - INFO - [The Hindu] Early skip: URL https://www.thehindu.com/news/national/maharashtra/ajit-pawars-death-cm-fadnavis-dy-cm-shinde-and-other-leaders-express-deep-condolences-three-day-state-mourning-announced/article70559865.ece already exists.
2026-01-28 09:44:44,070 - INFO - [The Hindu] Early skip: URL https://www.thehindu.com/videos/maharashtra-dy-cm-ajit-pawar-four-others-killed-in-baramati-plane-crash/article70559935.ece already exists.
2026-01-28 09:44:44,302 - INFO - [The Hindu] Early skip: URL https://www.thehindu.com/news/national/supreme-court-gita-mittal-committee-former-women-judges-manipur-violence-healing-touch/article70559828.ece already exists.
2026-01-28 09:44:44,559 - INFO - [The Hindu] Article: https://www.thehindu.com/shorts/air-india-unveils-first-brand-new-boeing-787-9-dreamliner/article70559910.ece
2026-01-28 09:44:44,560 - INFO - [The Hindu] Attempt 1/1: Trying with 'selenium_browser' strategy...
2026-01-28 09:44:55,454 - WARNING - [The Hindu] Page timed out (10s). Proceeding anyway.
2026-01-28 09:44:55,476 - WARNING - [The Hindu] FAILED with 'selenium_browser' (content was too short: 45 words).
2026-01-28 09:44:55,477 - ERROR - [The Hindu] All scrape strategies failed for https://www.thehindu.com/shorts/air-india-unveils-first-brand-new-boeing-787-9-dreamliner/article70559910.ece. Falling back to RSS description.
2026-01-28 09:44:55,477 - WARNING - SKIPPED (GLOBAL WORD LIMIT): Article ' Air India unveils first brand-new Boeing 787-9 Dreamliner' from The Hindu has only 3 words (Min: 90).
2026-01-28 09:44:56,603 - INFO - [The Hindu] Early skip: URL https://www.thehindu.com/news/national/maharashtra/maharashtra-declares-three-day-mourning-on-passing-of-deputy-cm-ajit-pawar/article70559869.ece already exists.
2026-01-28 09:44:56,832 - INFO - [The Hindu] Early skip: URL https://www.thehindu.com/business/union-budget-2026-needs-to-focus-on-long-term-vision-to-make-indian-economy-more-resilient-raghuram-rajan/article70559591.ece already exists.
2026-01-28 09:44:56,996 - INFO - [The Hindu] Early skip: URL https://www.thehindu.com/news/national/uttarakhand/uttarakhand-chief-minister-pushkar-singh-dhami-on-uniform-civil-code/article70559789.ece already exists.
2026-01-28 09:44:57,296 - INFO - [The Hindu] Early skip: URL https://www.thehindu.com/news/cities/Hyderabad/two-engineering-students-killed-four-injured-as-speeding-car-crashes-into-pillar-in-medipally-near-hyderabad/article70559261.ece already exists.
2026-01-28 09:44:57,529 - INFO - [The Hindu] Early skip: URL https://www.thehindu.com/news/national/india-comes-out-on-top-on-this-trump-administration-on-delhis-trade-deal-with-eu/article70559735.ece already exists.
2026-01-28 09:44:57,735 - INFO - [The Hindu] Early skip: URL https://www.thehindu.com/news/national/supreme-court-agrees-to-hear-air-india-crash-early-as-ngo-flags-lack-of-response-from-govt-aaib/article70559699.ece already exists.
2026-01-28 09:44:57,986 - INFO - [The Hindu] Early skip: URL https://www.thehindu.com/news/national/plane-crash-deaths-notable-figures-infographics/article70559715.ece already exists.
2026-01-28 09:44:58,112 - INFO - [The Hindu] (Thread) Finished. Attempting to shut down its Selenium driver.
2026-01-28 09:44:58,325 - INFO - [The Hindu] (Thread) driver.quit() successful.
2026-01-28 09:44:58,325 - INFO - Shutting down thread pool (wait=False)...
2026-01-28 09:44:58,325 - INFO - Scraped: 1 BBC, 12 The Hindu, 0 Times of India, 1 The Guardian articles. (Total saved: 14)
2026-01-28 09:44:58,325 - INFO - --- Scraping job finished ---
2026-01-28 09:44:58,330 - INFO - --- Scraper service stopped and database connection closed. ---
2026-01-28 09:44:58,330 - INFO - --- Main thread finished. Forcing process exit to kill zombie threads. ---
