2026-02-06 02:11:42,525 - INFO - Loading AI Semantic Model (all-MiniLM-L6-v2)...
2026-02-06 02:11:42,526 - INFO - Use pytorch device_name: cpu
2026-02-06 02:11:42,526 - INFO - Load pretrained SentenceTransformer: all-MiniLM-L6-v2
2026-02-06 02:11:42,622 - INFO - HTTP Request: HEAD https://huggingface.co/sentence-transformers/all-MiniLM-L6-v2/resolve/main/modules.json "HTTP/1.1 307 Temporary Redirect"
2026-02-06 02:11:42,628 - INFO - HTTP Request: HEAD https://huggingface.co/api/resolve-cache/models/sentence-transformers/all-MiniLM-L6-v2/c9745ed1d9f207416be6d2e6f8de32d1f16199bf/modules.json "HTTP/1.1 200 OK"
2026-02-06 02:11:42,659 - INFO - HTTP Request: HEAD https://huggingface.co/sentence-transformers/all-MiniLM-L6-v2/resolve/main/config_sentence_transformers.json "HTTP/1.1 307 Temporary Redirect"
2026-02-06 02:11:42,665 - INFO - HTTP Request: HEAD https://huggingface.co/api/resolve-cache/models/sentence-transformers/all-MiniLM-L6-v2/c9745ed1d9f207416be6d2e6f8de32d1f16199bf/config_sentence_transformers.json "HTTP/1.1 200 OK"
2026-02-06 02:11:42,700 - INFO - HTTP Request: HEAD https://huggingface.co/sentence-transformers/all-MiniLM-L6-v2/resolve/main/config_sentence_transformers.json "HTTP/1.1 307 Temporary Redirect"
2026-02-06 02:11:42,707 - INFO - HTTP Request: HEAD https://huggingface.co/api/resolve-cache/models/sentence-transformers/all-MiniLM-L6-v2/c9745ed1d9f207416be6d2e6f8de32d1f16199bf/config_sentence_transformers.json "HTTP/1.1 200 OK"
2026-02-06 02:11:42,743 - INFO - HTTP Request: HEAD https://huggingface.co/sentence-transformers/all-MiniLM-L6-v2/resolve/main/README.md "HTTP/1.1 307 Temporary Redirect"
2026-02-06 02:11:42,750 - INFO - HTTP Request: HEAD https://huggingface.co/api/resolve-cache/models/sentence-transformers/all-MiniLM-L6-v2/c9745ed1d9f207416be6d2e6f8de32d1f16199bf/README.md "HTTP/1.1 200 OK"
2026-02-06 02:11:42,792 - INFO - HTTP Request: HEAD https://huggingface.co/sentence-transformers/all-MiniLM-L6-v2/resolve/main/modules.json "HTTP/1.1 307 Temporary Redirect"
2026-02-06 02:11:42,799 - INFO - HTTP Request: HEAD https://huggingface.co/api/resolve-cache/models/sentence-transformers/all-MiniLM-L6-v2/c9745ed1d9f207416be6d2e6f8de32d1f16199bf/modules.json "HTTP/1.1 200 OK"
2026-02-06 02:11:42,838 - INFO - HTTP Request: HEAD https://huggingface.co/sentence-transformers/all-MiniLM-L6-v2/resolve/main/sentence_bert_config.json "HTTP/1.1 307 Temporary Redirect"
2026-02-06 02:11:42,845 - INFO - HTTP Request: HEAD https://huggingface.co/api/resolve-cache/models/sentence-transformers/all-MiniLM-L6-v2/c9745ed1d9f207416be6d2e6f8de32d1f16199bf/sentence_bert_config.json "HTTP/1.1 200 OK"
2026-02-06 02:11:42,887 - INFO - HTTP Request: HEAD https://huggingface.co/sentence-transformers/all-MiniLM-L6-v2/resolve/main/adapter_config.json "HTTP/1.1 404 Not Found"
2026-02-06 02:11:42,925 - INFO - HTTP Request: HEAD https://huggingface.co/sentence-transformers/all-MiniLM-L6-v2/resolve/main/config.json "HTTP/1.1 307 Temporary Redirect"
2026-02-06 02:11:42,932 - INFO - HTTP Request: HEAD https://huggingface.co/api/resolve-cache/models/sentence-transformers/all-MiniLM-L6-v2/c9745ed1d9f207416be6d2e6f8de32d1f16199bf/config.json "HTTP/1.1 200 OK"
2026-02-06 02:11:43,071 - WARNING - [1mBertModel LOAD REPORT[0m from: sentence-transformers/all-MiniLM-L6-v2
Key                     | Status     |  | 
------------------------+------------+--+-
embeddings.position_ids | UNEXPECTED |  | 

[3mNotes:
- UNEXPECTED[3m	:can be ignored when loading from different task/architecture; not ok if you expect identical arch.[0m
2026-02-06 02:11:43,108 - INFO - HTTP Request: HEAD https://huggingface.co/sentence-transformers/all-MiniLM-L6-v2/resolve/main/config.json "HTTP/1.1 307 Temporary Redirect"
2026-02-06 02:11:43,115 - INFO - HTTP Request: HEAD https://huggingface.co/api/resolve-cache/models/sentence-transformers/all-MiniLM-L6-v2/c9745ed1d9f207416be6d2e6f8de32d1f16199bf/config.json "HTTP/1.1 200 OK"
2026-02-06 02:11:43,151 - INFO - HTTP Request: HEAD https://huggingface.co/sentence-transformers/all-MiniLM-L6-v2/resolve/main/tokenizer_config.json "HTTP/1.1 307 Temporary Redirect"
2026-02-06 02:11:43,158 - INFO - HTTP Request: HEAD https://huggingface.co/api/resolve-cache/models/sentence-transformers/all-MiniLM-L6-v2/c9745ed1d9f207416be6d2e6f8de32d1f16199bf/tokenizer_config.json "HTTP/1.1 200 OK"
2026-02-06 02:11:43,204 - INFO - HTTP Request: GET https://huggingface.co/api/models/sentence-transformers/all-MiniLM-L6-v2/tree/main/additional_chat_templates?recursive=false&expand=false "HTTP/1.1 404 Not Found"
2026-02-06 02:11:43,246 - INFO - HTTP Request: GET https://huggingface.co/api/models/sentence-transformers/all-MiniLM-L6-v2/tree/main?recursive=true&expand=false "HTTP/1.1 200 OK"
2026-02-06 02:11:43,335 - INFO - HTTP Request: HEAD https://huggingface.co/sentence-transformers/all-MiniLM-L6-v2/resolve/main/1_Pooling/config.json "HTTP/1.1 307 Temporary Redirect"
2026-02-06 02:11:43,336 - WARNING - Warning: You are sending unauthenticated requests to the HF Hub. Please set a HF_TOKEN to enable higher rate limits and faster downloads.
2026-02-06 02:11:43,342 - INFO - HTTP Request: HEAD https://huggingface.co/api/resolve-cache/models/sentence-transformers/all-MiniLM-L6-v2/c9745ed1d9f207416be6d2e6f8de32d1f16199bf/1_Pooling%2Fconfig.json "HTTP/1.1 200 OK"
2026-02-06 02:11:43,385 - INFO - HTTP Request: GET https://huggingface.co/api/models/sentence-transformers/all-MiniLM-L6-v2 "HTTP/1.1 200 OK"
2026-02-06 02:11:43,389 - INFO - AI Model loaded successfully.
2026-02-06 02:11:43,390 - INFO - --- Scraper service started (CI Mode: Run Once) ---
2026-02-06 02:11:43,390 - INFO - --- Starting new scraping job (Parallel Mode) ---
2026-02-06 02:11:43,390 - INFO - Creating new robust session with 3 retries on 5xx/connection/read errors.
2026-02-06 02:11:43,390 - INFO - Proxy is DISABLED.
2026-02-06 02:11:43,390 - INFO - Starting scrape for BBC RSS feed: http://feeds.bbci.co.uk/news/world/rss.xml
2026-02-06 02:11:43,391 - INFO - [Times of India] (Thread) requires Selenium. Initializing driver...
2026-02-06 02:11:43,391 - INFO - Starting scrape for The Guardian RSS feed: https://www.theguardian.com/world/rss
2026-02-06 02:11:43,391 - INFO - [The Hindu] (Thread) requires Selenium. Initializing driver...
2026-02-06 02:11:43,391 - INFO - Submitted 4 jobs to thread pool. Waiting up to 300s for completion...
2026-02-06 02:11:43,520 - INFO - Found 45 articles in The Guardian RSS feed. Processing up to 30.
2026-02-06 02:11:43,520 - INFO - [The Guardian] Early skip: URL https://www.theguardian.com/world/2026/feb/05/nigeria-sends-troops-to-villages-attacked-by-jihadist-fighters already exists.
2026-02-06 02:11:43,651 - INFO - [The Guardian] Early skip: URL https://www.theguardian.com/world/2026/feb/04/gunmen-west-nigeria-attack-red-cross already exists.
2026-02-06 02:11:43,794 - INFO - [The Guardian] Early skip: URL https://www.theguardian.com/world/2026/feb/04/uganda-opposition-leader-bobi-wine-in-hiding-muhoozi-kainerugaba-feud already exists.
2026-02-06 02:11:43,912 - INFO - [The Guardian] Early skip: URL https://www.theguardian.com/global-development/2026/feb/04/death-of-nigerian-singer-highlights-crisis-of-preventable-snakebite-fatalities already exists.
2026-02-06 02:11:44,025 - INFO - Found 23 articles in BBC RSS feed. Processing up to 30.
2026-02-06 02:11:44,097 - INFO - [BBC] Article: https://www.bbc.com/news/articles/cr57g1y8286o?at_medium=RSS&at_campaign=rss
2026-02-06 02:11:44,097 - INFO - [BBC] Attempt 1/1: Trying with 'requests_browser' strategy...
2026-02-06 02:11:44,098 - INFO - [The Guardian] Early skip: URL https://www.theguardian.com/global-development/2026/feb/04/trump-us-china-russia-democratic-recession-peril-human-rights-watch already exists.
2026-02-06 02:11:44,251 - INFO - [The Guardian] Early skip: URL https://www.theguardian.com/world/2026/feb/05/trump-cuba-us-talks already exists.
2026-02-06 02:11:44,325 - INFO - [BBC] Success with 'requests_browser'. Found content (885 words).
2026-02-06 02:11:46,683 - INFO - Selenium driver initialized successfully.
2026-02-06 02:11:46,683 - INFO - Starting scrape for The Hindu RSS feed: https://www.thehindu.com/news/national/feeder/default.rss
2026-02-06 02:11:46,687 - INFO - Selenium driver initialized successfully.
2026-02-06 02:11:46,687 - INFO - Starting scrape for Times of India RSS feed: https://timesofindia.indiatimes.com/rssfeeds/296589292.cms
2026-02-06 02:11:47,059 - INFO - Found 100 articles in The Hindu RSS feed. Processing up to 30.
2026-02-06 02:11:47,130 - INFO - Found 20 articles in Times of India RSS feed. Processing up to 30.
2026-02-06 02:11:56,517 - INFO - DEDUPLICATION: Found match (Score: 0.84). Linking to Cluster ID: ffcf09ec-cf97-49dd-9fe6-bf00160ca2d4
2026-02-06 02:11:56,519 - INFO - Saved article: US and Iran talks to begin as fears of direct conflict continue from BBC (885 words)
2026-02-06 02:11:56,520 - INFO - [The Guardian] Early skip: URL https://www.theguardian.com/world/2026/feb/05/toronto-police-organized-crime-canada already exists.
2026-02-06 02:11:56,644 - INFO - [The Hindu] Article: https://www.thehindu.com/life-and-style/food/the-lighthouse-bar-opens-at-the-park-visakhapatnam/article70594398.ece
2026-02-06 02:11:56,644 - INFO - [The Hindu] Attempt 1/1: Trying with 'selenium_browser' strategy...
2026-02-06 02:11:56,645 - INFO - [Times of India] Early skip: URL https://timesofindia.indiatimes.com/etimes/trending/brooklyn-beckham-removes-dad-arm-tattoo-dedicated-to-david-beckham-amid-public-fallout/articleshow/127955586.cms already exists.
2026-02-06 02:11:56,904 - INFO - [The Guardian] Early skip: URL https://www.theguardian.com/world/2026/feb/05/nicolas-maduro-alex-saab-caracas-venezuela already exists.
2026-02-06 02:11:57,189 - INFO - [Times of India] Early skip: URL https://timesofindia.indiatimes.com/world/us-streamers/ksi-admits-he-was-washed-on-youtube-after-struggling-to-hit-one-million-views/articleshow/127955109.cms already exists.
2026-02-06 02:11:57,434 - INFO - [The Guardian] Early skip: URL https://www.theguardian.com/world/2026/feb/05/el-helicoide-delcy-rodriguez-venezuela already exists.
2026-02-06 02:11:57,656 - INFO - [Times of India] Early skip: URL https://timesofindia.indiatimes.com/world/us/to-our-indian-community-you-are-home-in-frisco-major-outrage-over-targeting-indians-at-frisco-city-council-meeting/articleshow/127954254.cms already exists.
2026-02-06 02:11:57,911 - INFO - [BBC] Article: https://www.bbc.com/news/articles/c62rexy9y3no?at_medium=RSS&at_campaign=rss
2026-02-06 02:11:57,911 - INFO - [BBC] Attempt 1/1: Trying with 'requests_browser' strategy...
2026-02-06 02:11:57,913 - INFO - [The Guardian] Early skip: URL https://www.theguardian.com/news/audio/2026/feb/04/the-people-betting-on-catastrophic-world-events-podcast already exists.
2026-02-06 02:11:57,978 - INFO - [BBC] Success with 'requests_browser'. Found content (1517 words).
2026-02-06 02:11:58,071 - INFO - [Times of India] Early skip: URL https://timesofindia.indiatimes.com/world/us-streamers/theburntpeanuts-rapid-twitch-rise-sparks-viewbotting-accusations-on-social-media/articleshow/127953754.cms already exists.
2026-02-06 02:11:58,211 - INFO - [Times of India] Early skip: URL https://timesofindia.indiatimes.com/etimes/trending/nato-wargame-shows-russia-conquers-the-baltics-in-days-as-us-holds-back-and-europe-hesitates/articleshow/127951744.cms already exists.
2026-02-06 02:11:58,345 - INFO - [The Guardian] Early skip: URL https://www.theguardian.com/world/2026/feb/05/xi-jinping-donald-trump-phone-call-china-us-taiwan-relationship already exists.
2026-02-06 02:12:00,745 - INFO - [The Hindu] Page content loaded.
2026-02-06 02:12:01,626 - INFO - [The Hindu] Success with 'selenium_browser'. Found content (558 words).
2026-02-06 02:12:16,337 - INFO - Saved article: We had sex in a Chinese hotel, then found we had been broadcast to thousands from BBC (1517 words)
2026-02-06 02:12:16,338 - INFO - [Times of India] Early skip: URL https://timesofindia.indiatimes.com/world/us/dont-lecture-heated-exchange-between-polish-pm-us-ambassador-over-trump-nobel-row/articleshow/127952649.cms already exists.
2026-02-06 02:12:16,583 - INFO - [The Guardian] Early skip: URL https://www.theguardian.com/world/2026/feb/05/china-green-energy-sector-investment-growth already exists.
2026-02-06 02:12:28,664 - INFO - Saved article: The Lighthouse Bar opens at The Park Visakhapatnam - The Hindu from The Hindu (558 words)
2026-02-06 02:12:28,664 - INFO - [Times of India] Early skip: URL https://timesofindia.indiatimes.com/world/us-streamers/youtube-reveals-60-billion-revenue-in-2025-surpassing-netflix-for-the-first-time/articleshow/127952350.cms already exists.
2026-02-06 02:12:28,823 - INFO - [The Guardian] Early skip: URL https://www.theguardian.com/world/2026/feb/04/harry-potter-draco-malfoy-mascot-year-of-horse-china already exists.
2026-02-06 02:12:28,979 - INFO - [BBC] Early skip: URL https://www.bbc.com/news/articles/c62np09q7l1o?at_medium=RSS&at_campaign=rss already exists.
2026-02-06 02:12:29,142 - INFO - [Times of India] Early skip: URL https://timesofindia.indiatimes.com/world/us/when-your-studies-are-over-expert-advises-how-to-answer-officers-trick-question-for-us-student-visa-interview/articleshow/127951773.cms already exists.
2026-02-06 02:12:29,276 - INFO - [The Guardian] Early skip: URL https://www.theguardian.com/environment/2026/feb/03/china-to-ban-hidden-car-door-handles-evs already exists.
2026-02-06 02:12:29,478 - INFO - [BBC] Early skip: URL https://www.bbc.com/news/articles/cp37v4kyv3eo?at_medium=RSS&at_campaign=rss already exists.
2026-02-06 02:12:29,725 - INFO - [Times of India] Early skip: URL https://timesofindia.indiatimes.com/world/rest-of-world/deeply-disappointing-cops-charged-in-canada-for-working-with-extortion-gang-drug-traffickers-they-leaked-personal-information-to-criminals/articleshow/127946196.cms already exists.
2026-02-06 02:12:29,952 - INFO - [The Guardian] Early skip: URL https://www.theguardian.com/us-news/2026/feb/03/trump-critical-minerals-stockpile-project-vault already exists.
2026-02-06 02:12:30,138 - INFO - [BBC] Early skip: URL https://www.bbc.com/news/articles/c368g5l33xzo?at_medium=RSS&at_campaign=rss already exists.
2026-02-06 02:12:30,245 - INFO - [Times of India] Early skip: URL https://timesofindia.indiatimes.com/world/us/trump-epstein-files-bill-gates-elonmusk/articleshow/127945470.cms already exists.
2026-02-06 02:12:30,348 - INFO - [The Hindu] Article: https://www.thehindu.com/news/national/telangana/migrant-hands-rooted-across-telanganas-farms/article70597454.ece
2026-02-06 02:12:30,349 - INFO - [The Hindu] Attempt 1/1: Trying with 'selenium_browser' strategy...
2026-02-06 02:12:30,349 - INFO - [The Guardian] Early skip: URL https://www.theguardian.com/australia-news/live/2026/feb/06/anthony-albanese-indonesia-security-pact-sussan-ley-coalition-liberals-nationals-leadership-rba-interest-rates-inflation-ntwnfb already exists.
2026-02-06 02:12:30,583 - INFO - [BBC] Early skip: URL https://www.bbc.com/news/articles/cgez359nd72o?at_medium=RSS&at_campaign=rss already exists.
2026-02-06 02:12:30,833 - INFO - [Times of India] Early skip: URL https://timesofindia.indiatimes.com/world/us/importing-radical-islam-will-destroy-america-texas-congressman-brandon-gill-warns-of-consequences-like-europe/articleshow/127944248.cms already exists.
2026-02-06 02:12:31,110 - INFO - [The Guardian] Article: https://www.theguardian.com/australia-news/2026/feb/06/tony-abbott-chief-justice-criticism-harbour-bridge-judge
2026-02-06 02:12:31,110 - INFO - [The Guardian] Attempt 1/1: Trying with 'requests_browser' strategy...
2026-02-06 02:12:31,112 - INFO - [BBC] Early skip: URL https://www.bbc.com/news/articles/c1wzrlndzjro?at_medium=RSS&at_campaign=rss already exists.
2026-02-06 02:12:31,388 - INFO - [Times of India] Early skip: URL https://timesofindia.indiatimes.com/world/us/happy-to-eat-your-share-of-samosas-maga-influencer-slams-pastor-for-speaking-up-for-indians/articleshow/127943630.cms already exists.
2026-02-06 02:12:31,515 - INFO - [BBC] Article: https://www.bbc.com/news/articles/cy8y6w2nl0qo?at_medium=RSS&at_campaign=rss
2026-02-06 02:12:31,515 - INFO - [BBC] Attempt 1/1: Trying with 'requests_browser' strategy...
2026-02-06 02:12:31,517 - INFO - [Times of India] Article: https://timesofindia.indiatimes.com/world/rest-of-world/how-the-green-river-managed-to-cut-straight-through-the-already-existing-uinta-mountains-scientists-are-surprised-to-know/articleshow/127937153.cms
2026-02-06 02:12:31,517 - INFO - [Times of India] Attempt 1/1: Trying with 'selenium_browser' strategy...
2026-02-06 02:12:31,545 - INFO - [The Guardian] Success with 'requests_browser'. Found content (581 words).
2026-02-06 02:12:31,613 - INFO - [BBC] Success with 'requests_browser'. Found content (322 words).
2026-02-06 02:12:34,160 - INFO - [The Hindu] Page content loaded.
2026-02-06 02:12:34,521 - INFO - [The Hindu] Success with 'selenium_browser'. Found content (1740 words).
2026-02-06 02:12:51,542 - ERROR - [Times of India] Request failed for strategy 'selenium_browser' on URL https://timesofindia.indiatimes.com/world/rest-of-world/how-the-green-river-managed-to-cut-straight-through-the-already-existing-uinta-mountains-scientists-are-surprised-to-know/articleshow/127937153.cms: Message: timeout: Timed out receiving message from renderer: 19.811
  (Session info: chrome=144.0.7559.96)
Stacktrace:
#0 0x5567a4f78afa <unknown>
#1 0x5567a499260f <unknown>
#2 0x5567a4979d11 <unknown>
#3 0x5567a4979936 <unknown>
#4 0x5567a497744b <unknown>
#5 0x5567a4977dcf <unknown>
#6 0x5567a49872e0 <unknown>
#7 0x5567a49a12b7 <unknown>
#8 0x5567a49a84bb <unknown>
#9 0x5567a4978539 <unknown>
#10 0x5567a49a104c <unknown>
#11 0x5567a4a309a3 <unknown>
#12 0x5567a49d9842 <unknown>
#13 0x5567a49da631 <unknown>
#14 0x5567a4f3e689 <unknown>
#15 0x5567a4f41581 <unknown>
#16 0x5567a4f2aca9 <unknown>
#17 0x5567a4f4213e <unknown>
#18 0x5567a4f113a0 <unknown>
#19 0x5567a4f65fc8 <unknown>
#20 0x5567a4f6619b <unknown>
#21 0x5567a4f77e68 <unknown>
#22 0x7f8c54c9caa4 <unknown>
#23 0x7f8c54d29c6c <unknown>

2026-02-06 02:12:51,542 - ERROR - [Times of India] All scrape strategies failed for https://timesofindia.indiatimes.com/world/rest-of-world/how-the-green-river-managed-to-cut-straight-through-the-already-existing-uinta-mountains-scientists-are-surprised-to-know/articleshow/127937153.cms. Falling back to RSS description.
2026-02-06 02:12:51,542 - WARNING - SKIPPED (GLOBAL WORD LIMIT): Article 'How the Green River managed to cut straight through the already existing Uinta Mountains; scientists are surprised to know' from Times of India has only 3 words (Min: 90).
2026-02-06 02:12:54,511 - INFO - Saved article: NSW chief justice says Tony Abbott’s criticism of Harbour Bridge march judge ‘misconceived and ignorant’ | Tony Abbott | The Guardian from The Guardian (581 words)
2026-02-06 02:13:07,438 - INFO - Saved article: Norway investigates former PM Jagland over alleged Epstein links from BBC (322 words)
2026-02-06 02:13:20,814 - INFO - Saved article: Migrant hands rooted across Telangana’s farms - The Hindu from The Hindu (1740 words)
2026-02-06 02:13:20,814 - INFO - [Times of India] Early skip: URL https://timesofindia.indiatimes.com/world/us/epstein-files-new-email-shows-ghislaine-maxwell-explains-controversial-photo-of-prince-andrew-and-virginia-giuffre/articleshow/127932236.cms already exists.
2026-02-06 02:13:21,009 - INFO - [The Guardian] Article: https://www.theguardian.com/australia-news/2026/feb/06/australian-banks-have-passed-interest-rate-hikes-on-to-mortgage-holders-so-why-havent-they-done-so-for-savings-accounts
2026-02-06 02:13:21,009 - INFO - [The Guardian] Attempt 1/1: Trying with 'requests_browser' strategy...
2026-02-06 02:13:21,010 - INFO - [BBC] Early skip: URL https://www.bbc.com/news/articles/c86v8y4ppd9o?at_medium=RSS&at_campaign=rss already exists.
2026-02-06 02:13:21,165 - INFO - [Times of India] Early skip: URL https://timesofindia.indiatimes.com/world/us/viral-post-claims-texas-restaurant-offering-jobs-only-to-f-1-students-paying-in-cash/articleshow/127940003.cms already exists.
2026-02-06 02:13:21,336 - INFO - [BBC] Early skip: URL https://www.bbc.com/news/articles/ckgvllk3lx9o?at_medium=RSS&at_campaign=rss already exists.
2026-02-06 02:13:21,472 - INFO - [Times of India] Early skip: URL https://timesofindia.indiatimes.com/world/us/protego-how-jk-rowling-denied-entry-to-jeffrey-epstein/articleshow/127939910.cms already exists.
2026-02-06 02:13:21,596 - INFO - [The Guardian] Success with 'requests_browser'. Found content (811 words).
2026-02-06 02:13:21,662 - INFO - [BBC] Early skip: URL https://www.bbc.com/news/articles/c20dq9e3qr7o?at_medium=RSS&at_campaign=rss already exists.
2026-02-06 02:13:34,903 - INFO - Saved article: Australian banks passed interest rate hikes on to mortgage holders – so why haven’t they done so for savings accounts? | Interest rates | The Guardian from The Guardian (811 words)
2026-02-06 02:13:34,904 - INFO - [Times of India] Early skip: URL https://timesofindia.indiatimes.com/world/us/shes-been-nasty-to-him-laura-loomer-praises-trump-as-he-helps-savannah-guthrie-amid-mothers-disappearance/articleshow/127938308.cms already exists.
2026-02-06 02:13:35,192 - INFO - [BBC] Article: https://www.bbc.com/news/articles/c4g05xg1qzeo?at_medium=RSS&at_campaign=rss
2026-02-06 02:13:35,192 - INFO - [BBC] Attempt 1/1: Trying with 'requests_browser' strategy...
2026-02-06 02:13:35,194 - INFO - [The Hindu] Article: https://www.thehindu.com/news/national/classic-case-of-consensual-relationship-turning-acrimonious-supreme-court-quashes-fir-alleging-rape/article70598445.ece
2026-02-06 02:13:35,194 - INFO - [The Hindu] Attempt 1/1: Trying with 'selenium_browser' strategy...
2026-02-06 02:13:35,195 - INFO - [Times of India] Early skip: URL https://timesofindia.indiatimes.com/world/us/not-american-enough-vivek-ramaswamy-faces-backlash-over-daughters-hindu-name-savithri/articleshow/127937279.cms already exists.
2026-02-06 02:13:35,238 - INFO - [BBC] Success with 'requests_browser'. Found content (929 words).
2026-02-06 02:13:37,709 - INFO - [The Hindu] Page content loaded.
2026-02-06 02:13:37,795 - INFO - [The Hindu] Success with 'selenium_browser'. Found content (556 words).
2026-02-06 02:13:50,613 - INFO - Saved article: Spiti, Himachal Pradesh: Meet the women protecting India's snow leopards from BBC (929 words)
2026-02-06 02:13:50,613 - INFO - [Times of India] Early skip: URL https://timesofindia.indiatimes.com/science/why-science-says-ghosts-do-not-exist-the-real-reasons-behind-a-most-human-belief/articleshow/127881692.cms already exists.
2026-02-06 02:13:50,804 - INFO - [The Guardian] Article: https://www.theguardian.com/australia-news/2026/feb/06/tony-mokbel-release-melbourne-lawyer-x-scandal
2026-02-06 02:13:50,804 - INFO - [The Guardian] Attempt 1/1: Trying with 'requests_browser' strategy...
2026-02-06 02:13:50,838 - INFO - [The Guardian] Success with 'requests_browser'. Found content (341 words).
2026-02-06 02:14:04,231 - INFO - Saved article: Classic case of consensual relationship turning acrimonious: Supreme Court quashes FIR alleging rape - The Hindu from The Hindu (556 words)
2026-02-06 02:14:04,231 - INFO - [Times of India] Early skip: URL https://timesofindia.indiatimes.com/world/uk/explained-why-epstein-emails-have-become-a-ticking-time-bomb-for-keir-starmer/articleshow/127936497.cms already exists.
2026-02-06 02:14:04,383 - INFO - [Times of India] (Thread) Finished. Attempting to shut down its Selenium driver.
2026-02-06 02:14:04,568 - INFO - [Times of India] (Thread) driver.quit() successful.
2026-02-06 02:14:17,020 - INFO - Saved article: Australian drug kingpin Tony Mokbel walks free after police informant scandal | Lawyer X | The Guardian from The Guardian (341 words)
2026-02-06 02:14:17,020 - INFO - [BBC] Early skip: URL https://www.bbc.com/news/articles/cvgr25e2lj5o?at_medium=RSS&at_campaign=rss already exists.
2026-02-06 02:14:17,196 - INFO - [The Hindu] Article: https://www.thehindu.com/news/national/karnataka/shrinking-shock-absorbers-of-bannerghatta-national-park-in-bengaluru/article70583970.ece
2026-02-06 02:14:17,196 - INFO - [The Hindu] Attempt 1/1: Trying with 'selenium_browser' strategy...
2026-02-06 02:14:17,197 - INFO - [BBC] Early skip: URL https://www.bbc.com/news/articles/c0jv0j3wpgwo?at_medium=RSS&at_campaign=rss already exists.
2026-02-06 02:14:17,333 - INFO - [BBC] Early skip: URL https://www.bbc.com/news/articles/c1m7444nr3yo?at_medium=RSS&at_campaign=rss already exists.
2026-02-06 02:14:17,621 - INFO - [BBC] Early skip: URL https://www.bbc.com/news/articles/c4gv1lyvvedo?at_medium=RSS&at_campaign=rss already exists.
2026-02-06 02:14:17,813 - INFO - [BBC] Early skip: URL https://www.bbc.com/news/articles/cy4gj71z0m0o?at_medium=RSS&at_campaign=rss already exists.
2026-02-06 02:14:18,024 - INFO - [The Guardian] Article: https://www.theguardian.com/australia-news/2026/feb/06/capital-gains-tax-discount-debate-australia-house-prices
2026-02-06 02:14:18,024 - INFO - [The Guardian] Attempt 1/1: Trying with 'requests_browser' strategy...
2026-02-06 02:14:18,026 - INFO - [BBC] Early skip: URL https://www.bbc.com/news/articles/c9qpr37d84qo?at_medium=RSS&at_campaign=rss already exists.
2026-02-06 02:14:18,294 - INFO - [The Hindu] Page content loaded.
2026-02-06 02:14:18,317 - INFO - [BBC] Early skip: URL https://www.bbc.com/news/videos/c62wpd7wj3ro?at_medium=RSS&at_campaign=rss already exists.
2026-02-06 02:14:18,435 - INFO - [The Hindu] Success with 'selenium_browser'. Found content (1572 words).
2026-02-06 02:14:18,451 - INFO - [BBC] Early skip: URL https://www.bbc.com/news/videos/cql4qd7yr5do?at_medium=RSS&at_campaign=rss already exists.
2026-02-06 02:14:18,544 - INFO - [The Guardian] Success with 'requests_browser'. Found content (920 words).
2026-02-06 02:14:32,147 - INFO - Saved article: Shrinking shock absorbers of Bannerghatta National Park in Bengaluru - The Hindu from The Hindu (1572 words)
2026-02-06 02:14:32,147 - INFO - [BBC] Early skip: URL https://www.bbc.com/news/videos/cm24jl73pydo?at_medium=RSS&at_campaign=rss already exists.
2026-02-06 02:14:44,762 - INFO - Saved article: Scaling back the capital gains tax discount might not help housing affordability – but there are still good reasons to do it | Tax | The Guardian from The Guardian (920 words)
2026-02-06 02:14:44,762 - INFO - [BBC] Early skip: URL https://www.bbc.com/news/videos/cp9jg1kr9pjo?at_medium=RSS&at_campaign=rss already exists.
2026-02-06 02:14:44,918 - INFO - [The Hindu] Article: https://www.thehindu.com/data/half-of-the-staff-in-15-lakh-schools-are-contract-teachers/article70596233.ece
2026-02-06 02:14:44,918 - INFO - [The Hindu] Attempt 1/1: Trying with 'selenium_browser' strategy...
2026-02-06 02:14:44,919 - INFO - [BBC] Early skip: URL https://www.bbc.com/news/videos/c23rd925knxo?at_medium=RSS&at_campaign=rss already exists.
2026-02-06 02:14:45,739 - INFO - [The Guardian] Early skip: URL https://www.theguardian.com/us-news/2026/feb/05/resignations-denials-and-excuses-epstein-fallout-hits-some-harder-than-others already exists.
2026-02-06 02:14:45,932 - INFO - [The Guardian] Early skip: URL https://www.theguardian.com/us-news/2026/feb/05/jeffrey-epstein-files-steve-bannon-european-politics already exists.
2026-02-06 02:14:46,228 - INFO - [The Guardian] Early skip: URL https://www.theguardian.com/world/live/2026/feb/05/ukraine-russia-us-talk-end-war-abu-dhabi-live-updates-latest-news already exists.
2026-02-06 02:14:46,481 - INFO - [The Guardian] Early skip: URL https://www.theguardian.com/world/2026/feb/05/italian-man-investigated-over-claims-he-paid-to-shoot-people-during-1990s-siege-of-sarajevo already exists.
2026-02-06 02:14:46,612 - INFO - [The Guardian] Early skip: URL https://www.theguardian.com/world/2026/feb/05/travel-industry-fears-summer-disruption-biometric-checks-controls-ees-european-borders already exists.
2026-02-06 02:14:46,871 - INFO - [The Guardian] Article: https://www.theguardian.com/uk-news/2026/feb/06/andrew-vouched-for-epstein-on-state-visit-to-uae-with-queen
2026-02-06 02:14:46,871 - INFO - [The Guardian] Attempt 1/1: Trying with 'requests_browser' strategy...
2026-02-06 02:14:47,095 - INFO - [The Guardian] Success with 'requests_browser'. Found content (507 words).
2026-02-06 02:14:47,437 - INFO - [The Hindu] Page content loaded.
2026-02-06 02:14:47,540 - INFO - [The Hindu] Success with 'selenium_browser'. Found content (580 words).
2026-02-06 02:14:59,482 - INFO - Saved article: Andrew vouched for Epstein on state visit to UAE with queen in 2010 | Andrew Mountbatten-Windsor | The Guardian from The Guardian (507 words)
2026-02-06 02:15:11,505 - INFO - Saved article: Half of the staff in 1.5 lakh schools are contract teachers - The Hindu from The Hindu (580 words)
2026-02-06 02:15:11,505 - INFO - [The Guardian] Early skip: URL https://www.theguardian.com/world/2026/feb/05/iran-is-betting-that-trump-does-not-have-a-plan-for-regime-change already exists.
2026-02-06 02:15:11,637 - INFO - [The Guardian] Early skip: URL https://www.theguardian.com/world/2026/feb/05/shin-bet-chief-brother-charged-assisting-enemy-cigarette-smuggling-gaza already exists.
2026-02-06 02:15:11,923 - INFO - [The Guardian] Early skip: URL https://www.theguardian.com/world/2026/feb/05/israel-accused-of-spraying-cancer-linked-herbicide-on-farms-in-southern-lebanon already exists.
2026-02-06 02:15:12,131 - INFO - [The Guardian] Early skip: URL https://www.theguardian.com/world/2026/feb/05/dubai-real-estate-fortune-hunters-entrepreneurs-population already exists.
2026-02-06 02:15:12,776 - INFO - [The Hindu] Article: https://www.thehindu.com/sci-tech/science/loud-music-may-damage-your-hearing-before-you-realise-it/article70587705.ece
2026-02-06 02:15:12,776 - INFO - [The Hindu] Attempt 1/1: Trying with 'selenium_browser' strategy...
2026-02-06 02:15:13,508 - INFO - [The Hindu] Page content loaded.
2026-02-06 02:15:13,574 - INFO - [The Hindu] Success with 'selenium_browser'. Found content (1116 words).
2026-02-06 02:15:27,543 - INFO - Saved article: Loud music may damage your hearing before you realise it - The Hindu from The Hindu (1116 words)
2026-02-06 02:15:28,810 - INFO - [The Hindu] Article: https://www.thehindu.com/sci-tech/health/death-by-cyberchondria/article70595451.ece
2026-02-06 02:15:28,810 - INFO - [The Hindu] Attempt 1/1: Trying with 'selenium_browser' strategy...
2026-02-06 02:15:32,578 - INFO - [The Hindu] Page content loaded.
2026-02-06 02:15:32,760 - INFO - [The Hindu] Success with 'selenium_browser'. Found content (1871 words).
2026-02-06 02:15:45,373 - INFO - Saved article: Death by cyberchondria - The Hindu from The Hindu (1871 words)
2026-02-06 02:15:46,219 - INFO - [The Hindu] Article: https://www.thehindu.com/news/national/ed-arrests-former-resolution-professional-of-richa-industries-limited/article70596307.ece
2026-02-06 02:15:46,219 - INFO - [The Hindu] Attempt 1/1: Trying with 'selenium_browser' strategy...
2026-02-06 02:15:47,123 - INFO - [The Hindu] Page content loaded.
2026-02-06 02:15:47,213 - INFO - [The Hindu] Success with 'selenium_browser'. Found content (391 words).
2026-02-06 02:16:00,375 - INFO - DEDUPLICATION: Found match (Score: 0.71). Linking to Cluster ID: bd449680-b85a-40ae-a351-82498574ec72
2026-02-06 02:16:00,376 - INFO - Saved article: ED arrests former Resolution Professional of Richa Industries Limited - The Hindu from The Hindu (391 words)
2026-02-06 02:16:01,630 - INFO - [The Hindu] Article: https://www.thehindu.com/sci-tech/science/rediscovering-the-virtues-of-the-ancient-bamboo/article70591076.ece
2026-02-06 02:16:01,630 - INFO - [The Hindu] Attempt 1/1: Trying with 'selenium_browser' strategy...
2026-02-06 02:16:02,896 - INFO - [The Hindu] Page content loaded.
2026-02-06 02:16:02,967 - INFO - [The Hindu] Success with 'selenium_browser'. Found content (560 words).
2026-02-06 02:16:16,858 - INFO - Saved article: Rediscovering the virtues of bamboo, an ancient plant - The Hindu from The Hindu (560 words)
2026-02-06 02:16:17,919 - INFO - [The Hindu] Article: https://www.thehindu.com/news/national/odisha/odisha-proposes-changes-to-english-spelling-of-six-districts/article70596301.ece
2026-02-06 02:16:17,919 - INFO - [The Hindu] Attempt 1/1: Trying with 'selenium_browser' strategy...
2026-02-06 02:16:19,473 - INFO - [The Hindu] Page content loaded.
2026-02-06 02:16:19,529 - INFO - [The Hindu] Success with 'selenium_browser'. Found content (155 words).
2026-02-06 02:16:33,164 - INFO - Saved article: Odisha proposes changes to English spelling of six districts - The Hindu from The Hindu (155 words)
2026-02-06 02:16:33,956 - INFO - [The Hindu] Article: https://www.thehindu.com/news/national/haryana/haryana-mbbs-students-in-dilemma-over-governments-bond-policy-seek-clarity-on-various-aspects-before-consent/article70595912.ece
2026-02-06 02:16:33,956 - INFO - [The Hindu] Attempt 1/1: Trying with 'selenium_browser' strategy...
2026-02-06 02:16:35,283 - INFO - [The Hindu] Page content loaded.
2026-02-06 02:16:35,363 - INFO - [The Hindu] Success with 'selenium_browser'. Found content (425 words).
2026-02-06 02:16:43,392 - CRITICAL - --- TIMEOUT: 1 scrape jobs did not complete in 300s. ---
2026-02-06 02:16:43,392 - ERROR - A thread has timed out and will be abandoned.
2026-02-06 02:16:43,392 - INFO - Shutting down thread pool (wait=False)...
2026-02-06 02:16:43,392 - INFO - Scraped: 0 Times of India, 5 The Guardian, 4 BBC, 1 Timed_Out_Jobs articles. (Total saved: 9)
2026-02-06 02:16:43,392 - INFO - --- Scraping job finished ---
2026-02-06 02:16:43,393 - INFO - --- Scraper service stopped and database connection closed. ---
2026-02-06 02:16:43,393 - INFO - --- Main thread finished. Forcing process exit to kill zombie threads. ---
