2026-03-21 07:10:00,612 - INFO - Loading AI Semantic Model (all-MiniLM-L6-v2)...
2026-03-21 07:10:00,612 - INFO - Use pytorch device_name: cpu
2026-03-21 07:10:00,612 - INFO - Load pretrained SentenceTransformer: all-MiniLM-L6-v2
2026-03-21 07:10:00,688 - INFO - HTTP Request: HEAD https://huggingface.co/sentence-transformers/all-MiniLM-L6-v2/resolve/main/modules.json "HTTP/1.1 307 Temporary Redirect"
2026-03-21 07:10:00,697 - INFO - HTTP Request: HEAD https://huggingface.co/api/resolve-cache/models/sentence-transformers/all-MiniLM-L6-v2/c9745ed1d9f207416be6d2e6f8de32d1f16199bf/modules.json "HTTP/1.1 200 OK"
2026-03-21 07:10:00,755 - INFO - HTTP Request: HEAD https://huggingface.co/sentence-transformers/all-MiniLM-L6-v2/resolve/main/config_sentence_transformers.json "HTTP/1.1 307 Temporary Redirect"
2026-03-21 07:10:00,764 - INFO - HTTP Request: HEAD https://huggingface.co/api/resolve-cache/models/sentence-transformers/all-MiniLM-L6-v2/c9745ed1d9f207416be6d2e6f8de32d1f16199bf/config_sentence_transformers.json "HTTP/1.1 200 OK"
2026-03-21 07:10:00,783 - INFO - HTTP Request: HEAD https://huggingface.co/sentence-transformers/all-MiniLM-L6-v2/resolve/main/config_sentence_transformers.json "HTTP/1.1 307 Temporary Redirect"
2026-03-21 07:10:00,783 - WARNING - Warning: You are sending unauthenticated requests to the HF Hub. Please set a HF_TOKEN to enable higher rate limits and faster downloads.
2026-03-21 07:10:00,793 - INFO - HTTP Request: HEAD https://huggingface.co/api/resolve-cache/models/sentence-transformers/all-MiniLM-L6-v2/c9745ed1d9f207416be6d2e6f8de32d1f16199bf/config_sentence_transformers.json "HTTP/1.1 200 OK"
2026-03-21 07:10:00,812 - INFO - HTTP Request: HEAD https://huggingface.co/sentence-transformers/all-MiniLM-L6-v2/resolve/main/README.md "HTTP/1.1 307 Temporary Redirect"
2026-03-21 07:10:00,820 - INFO - HTTP Request: HEAD https://huggingface.co/api/resolve-cache/models/sentence-transformers/all-MiniLM-L6-v2/c9745ed1d9f207416be6d2e6f8de32d1f16199bf/README.md "HTTP/1.1 200 OK"
2026-03-21 07:10:00,886 - INFO - HTTP Request: HEAD https://huggingface.co/sentence-transformers/all-MiniLM-L6-v2/resolve/main/modules.json "HTTP/1.1 307 Temporary Redirect"
2026-03-21 07:10:00,895 - INFO - HTTP Request: HEAD https://huggingface.co/api/resolve-cache/models/sentence-transformers/all-MiniLM-L6-v2/c9745ed1d9f207416be6d2e6f8de32d1f16199bf/modules.json "HTTP/1.1 200 OK"
2026-03-21 07:10:00,913 - INFO - HTTP Request: HEAD https://huggingface.co/sentence-transformers/all-MiniLM-L6-v2/resolve/main/sentence_bert_config.json "HTTP/1.1 307 Temporary Redirect"
2026-03-21 07:10:00,922 - INFO - HTTP Request: HEAD https://huggingface.co/api/resolve-cache/models/sentence-transformers/all-MiniLM-L6-v2/c9745ed1d9f207416be6d2e6f8de32d1f16199bf/sentence_bert_config.json "HTTP/1.1 200 OK"
2026-03-21 07:10:00,943 - INFO - HTTP Request: HEAD https://huggingface.co/sentence-transformers/all-MiniLM-L6-v2/resolve/main/adapter_config.json "HTTP/1.1 404 Not Found"
2026-03-21 07:10:00,966 - INFO - HTTP Request: HEAD https://huggingface.co/sentence-transformers/all-MiniLM-L6-v2/resolve/main/config.json "HTTP/1.1 307 Temporary Redirect"
2026-03-21 07:10:00,975 - INFO - HTTP Request: HEAD https://huggingface.co/api/resolve-cache/models/sentence-transformers/all-MiniLM-L6-v2/c9745ed1d9f207416be6d2e6f8de32d1f16199bf/config.json "HTTP/1.1 200 OK"
2026-03-21 07:10:01,089 - WARNING - [1mBertModel LOAD REPORT[0m from: sentence-transformers/all-MiniLM-L6-v2
Key                     | Status     |  | 
------------------------+------------+--+-
embeddings.position_ids | UNEXPECTED |  | 

[3mNotes:
- UNEXPECTED[3m	:can be ignored when loading from different task/architecture; not ok if you expect identical arch.[0m
2026-03-21 07:10:01,108 - INFO - HTTP Request: HEAD https://huggingface.co/sentence-transformers/all-MiniLM-L6-v2/resolve/main/config.json "HTTP/1.1 307 Temporary Redirect"
2026-03-21 07:10:01,118 - INFO - HTTP Request: HEAD https://huggingface.co/api/resolve-cache/models/sentence-transformers/all-MiniLM-L6-v2/c9745ed1d9f207416be6d2e6f8de32d1f16199bf/config.json "HTTP/1.1 200 OK"
2026-03-21 07:10:01,138 - INFO - HTTP Request: HEAD https://huggingface.co/sentence-transformers/all-MiniLM-L6-v2/resolve/main/tokenizer_config.json "HTTP/1.1 307 Temporary Redirect"
2026-03-21 07:10:01,146 - INFO - HTTP Request: HEAD https://huggingface.co/api/resolve-cache/models/sentence-transformers/all-MiniLM-L6-v2/c9745ed1d9f207416be6d2e6f8de32d1f16199bf/tokenizer_config.json "HTTP/1.1 200 OK"
2026-03-21 07:10:01,168 - INFO - HTTP Request: GET https://huggingface.co/api/models/sentence-transformers/all-MiniLM-L6-v2/tree/main/additional_chat_templates?recursive=false&expand=false "HTTP/1.1 404 Not Found"
2026-03-21 07:10:01,191 - INFO - HTTP Request: GET https://huggingface.co/api/models/sentence-transformers/all-MiniLM-L6-v2/tree/main?recursive=true&expand=false "HTTP/1.1 200 OK"
2026-03-21 07:10:01,265 - INFO - HTTP Request: HEAD https://huggingface.co/sentence-transformers/all-MiniLM-L6-v2/resolve/main/1_Pooling/config.json "HTTP/1.1 307 Temporary Redirect"
2026-03-21 07:10:01,274 - INFO - HTTP Request: HEAD https://huggingface.co/api/resolve-cache/models/sentence-transformers/all-MiniLM-L6-v2/c9745ed1d9f207416be6d2e6f8de32d1f16199bf/1_Pooling%2Fconfig.json "HTTP/1.1 200 OK"
2026-03-21 07:10:01,297 - INFO - HTTP Request: GET https://huggingface.co/api/models/sentence-transformers/all-MiniLM-L6-v2 "HTTP/1.1 200 OK"
2026-03-21 07:10:01,301 - INFO - AI Model loaded successfully.
2026-03-21 07:10:01,301 - INFO - --- Scraper service started (CI Mode: Run Once) ---
2026-03-21 07:10:01,301 - INFO - --- Starting new scraping job (Parallel Mode) ---
2026-03-21 07:10:01,301 - INFO - Connecting to Google Sheets...
2026-03-21 07:10:02,090 - INFO - Connected to Sheet: News Scrapper AI / Sheet1
2026-03-21 07:10:02,090 - INFO - Fetching existing data to build cache...
2026-03-21 07:10:18,702 - INFO - Loaded 43686 rows from sheet.
2026-03-21 07:10:19,466 - INFO - Cache built: 43686 URLs. Current MAX_ID: 43786
2026-03-21 07:10:19,472 - INFO - Creating new robust session with 3 retries on 5xx/connection/read errors.
2026-03-21 07:10:19,472 - INFO - Proxy is DISABLED.
2026-03-21 07:10:19,473 - INFO - Starting scrape for BBC RSS feed: http://feeds.bbci.co.uk/news/world/rss.xml
2026-03-21 07:10:19,476 - INFO - [Times of India] (Thread) requires Selenium. Initializing driver...
2026-03-21 07:10:19,476 - INFO - Starting scrape for The Guardian RSS feed: https://www.theguardian.com/world/rss
2026-03-21 07:10:19,477 - INFO - [The Hindu] (Thread) requires Selenium. Initializing driver...
2026-03-21 07:10:19,478 - INFO - [The Dawn] (Thread) requires Selenium. Initializing driver...
2026-03-21 07:10:19,478 - INFO - [Al Jazeera] (Thread) requires Selenium. Initializing driver...
2026-03-21 07:10:19,478 - INFO - Starting scrape for TechCrunch RSS feed: https://techcrunch.com/feed/
2026-03-21 07:10:19,480 - INFO - [Economic Times] (Thread) requires Selenium. Initializing driver...
2026-03-21 07:10:19,480 - INFO - Submitted 8 jobs to thread pool. Waiting up to 420s for completion...
2026-03-21 07:10:19,684 - INFO - Found 0 articles in TechCrunch RSS feed. Processing until 30 new articles are saved.
2026-03-21 07:10:19,880 - INFO - Found 45 articles in The Guardian RSS feed. Processing until 30 new articles are saved.
2026-03-21 07:10:19,881 - INFO - [The Guardian] Early skip: URL https://www.theguardian.com/world/2026/mar/20/madagascar-military-ruler-new-ministers-lie-detector-tests already exists.
2026-03-21 07:10:19,883 - INFO - [The Guardian] Early skip: URL https://www.theguardian.com/global-development/2026/mar/19/poorest-countries-lose-uk-aid-56-per-cent-budget-cut already exists.
2026-03-21 07:10:19,889 - INFO - [The Guardian] Early skip: URL https://www.theguardian.com/global-development/2026/mar/19/tanzania-lemi-limbu-freed-woman-learning-disabilities-death-row already exists.
2026-03-21 07:10:19,891 - INFO - [The Guardian] Early skip: URL https://www.theguardian.com/world/2026/mar/19/jihadist-violence-nigeria-drc-terrorism-index already exists.
2026-03-21 07:10:19,892 - INFO - [The Guardian] Early skip: URL https://www.theguardian.com/world/2026/mar/17/ex-belgian-diplomat-93-trial-1961-murder-patrice-lumumba already exists.
2026-03-21 07:10:19,895 - INFO - [The Guardian] Early skip: URL https://www.theguardian.com/us-news/2026/mar/20/canadian-mother-daughter-ice-detention already exists.
2026-03-21 07:10:19,899 - INFO - [The Guardian] Early skip: URL https://www.theguardian.com/us-news/2026/mar/20/puerto-rico-voting-machines-trump-2020-election-loss-venezuela already exists.
2026-03-21 07:10:19,901 - INFO - [The Guardian] Early skip: URL https://www.theguardian.com/world/2026/mar/20/mexico-monarch-butterfly-population-increases already exists.
2026-03-21 07:10:19,903 - INFO - [The Guardian] Early skip: URL https://www.theguardian.com/world/2026/mar/20/delcy-rodriguez-replaces-venezuelas-top-military-commanders already exists.
2026-03-21 07:10:19,909 - INFO - [The Guardian] Early skip: URL https://www.theguardian.com/us-news/2026/mar/20/seven-year-old-canadian-girl-with-autism-and-mother-detained-by-ice-in-texas already exists.
2026-03-21 07:10:19,910 - INFO - [The Guardian] Early skip: URL https://www.theguardian.com/music/2026/mar/20/bts-arirang-new-album-comeback-concert-kpop already exists.
2026-03-21 07:10:19,913 - INFO - [The Guardian] Early skip: URL https://www.theguardian.com/world/2026/mar/20/reliant-on-imported-fuel-pacific-islands-appeal-for-help-as-oil-prices-surge already exists.
2026-03-21 07:10:19,914 - INFO - [The Guardian] Early skip: URL https://www.theguardian.com/world/2026/mar/20/china-oil-reserves-global-energy-crisis already exists.
2026-03-21 07:10:19,916 - INFO - [The Guardian] Early skip: URL https://www.theguardian.com/world/2026/mar/19/trump-mocks-japan-pearl-harbor-iran-war already exists.
2026-03-21 07:10:19,917 - INFO - [The Guardian] Early skip: URL https://www.theguardian.com/news/2026/mar/19/hong-kong-apartment-fires-hearings-to-begin-into-wang-fuk-blaze-that-killed-168-people already exists.
2026-03-21 07:10:19,921 - INFO - [The Guardian] Article: https://www.theguardian.com/australia-news/2026/mar/21/rhoda-roberts-indigenous-cultural-leader-who-introduced-the-term-welcome-to-country-dies-aged-66
2026-03-21 07:10:19,921 - INFO - [The Guardian] Attempt 1/1: Trying with 'requests_browser' strategy...
2026-03-21 07:10:19,956 - INFO - Found 30 articles in BBC RSS feed. Processing until 30 new articles are saved.
2026-03-21 07:10:19,956 - INFO - [BBC] Early skip: URL https://www.bbc.com/news/articles/cddq7j48p35o?at_medium=RSS&at_campaign=rss already exists.
2026-03-21 07:10:19,958 - INFO - [BBC] Early skip: URL https://www.bbc.com/news/articles/c9d415g55nno?at_medium=RSS&at_campaign=rss already exists.
2026-03-21 07:10:19,959 - INFO - [BBC] Early skip: URL https://www.bbc.com/news/articles/c62541e29z9o?at_medium=RSS&at_campaign=rss already exists.
2026-03-21 07:10:19,961 - INFO - [BBC] Early skip: URL https://www.bbc.com/news/articles/cr71rkeg7xxo?at_medium=RSS&at_campaign=rss already exists.
2026-03-21 07:10:19,962 - INFO - [BBC] Early skip: URL https://www.bbc.com/news/articles/c87wgw27201o?at_medium=RSS&at_campaign=rss already exists.
2026-03-21 07:10:19,963 - INFO - [BBC] Early skip: URL https://www.bbc.com/news/articles/c62j3yl842eo?at_medium=RSS&at_campaign=rss already exists.
2026-03-21 07:10:19,965 - INFO - [BBC] Early skip: URL https://www.bbc.com/news/articles/cr410ezy312o?at_medium=RSS&at_campaign=rss already exists.
2026-03-21 07:10:19,966 - INFO - [BBC] Early skip: URL https://www.bbc.com/news/videos/c87wg74wlgyo?at_medium=RSS&at_campaign=rss already exists.
2026-03-21 07:10:19,968 - INFO - [BBC] Early skip: URL https://www.bbc.com/news/articles/ckg9wgj9y5no?at_medium=RSS&at_campaign=rss already exists.
2026-03-21 07:10:19,969 - INFO - [BBC] Early skip: URL https://www.bbc.com/news/articles/cde5y63y3n7o?at_medium=RSS&at_campaign=rss already exists.
2026-03-21 07:10:19,971 - INFO - [BBC] Early skip: URL https://www.bbc.com/news/articles/c070eg32dryo?at_medium=RSS&at_campaign=rss already exists.
2026-03-21 07:10:19,973 - INFO - [BBC] Early skip: URL https://www.bbc.com/news/articles/c8dlpr074q3o?at_medium=RSS&at_campaign=rss already exists.
2026-03-21 07:10:19,975 - INFO - [BBC] Early skip: URL https://www.bbc.com/news/articles/ckgrw045pg7o?at_medium=RSS&at_campaign=rss already exists.
2026-03-21 07:10:19,976 - INFO - [BBC] Early skip: URL https://www.bbc.com/news/articles/c248pgn158go?at_medium=RSS&at_campaign=rss already exists.
2026-03-21 07:10:19,978 - INFO - [BBC] Early skip: URL https://www.bbc.com/news/articles/cz90wy2190go?at_medium=RSS&at_campaign=rss already exists.
2026-03-21 07:10:19,979 - INFO - [BBC] Early skip: URL https://www.bbc.com/news/articles/c4geg0eeyjeo?at_medium=RSS&at_campaign=rss already exists.
2026-03-21 07:10:19,980 - INFO - [BBC] Early skip: URL https://www.bbc.com/news/articles/cge0dyjwezgo?at_medium=RSS&at_campaign=rss already exists.
2026-03-21 07:10:19,982 - INFO - [BBC] Early skip: URL https://www.bbc.com/news/articles/c7vq5g64y98o?at_medium=RSS&at_campaign=rss already exists.
2026-03-21 07:10:19,983 - INFO - [BBC] Early skip: URL https://www.bbc.com/news/articles/cvgkg8p7zlko?at_medium=RSS&at_campaign=rss already exists.
2026-03-21 07:10:19,984 - INFO - [BBC] Early skip: URL https://www.bbc.com/news/articles/c3wlwnn05zqo?at_medium=RSS&at_campaign=rss already exists.
2026-03-21 07:10:19,986 - INFO - [BBC] Early skip: URL https://www.bbc.com/news/articles/c5yxkj8gnr2o?at_medium=RSS&at_campaign=rss already exists.
2026-03-21 07:10:19,987 - INFO - [BBC] Early skip: URL https://www.bbc.com/news/articles/c1d6vyy9v61o?at_medium=RSS&at_campaign=rss already exists.
2026-03-21 07:10:19,988 - INFO - [BBC] Early skip: URL https://www.bbc.com/news/articles/cvg521yj9lvo?at_medium=RSS&at_campaign=rss already exists.
2026-03-21 07:10:19,990 - INFO - [BBC] Early skip: URL https://www.bbc.com/news/articles/c8x7leknlywo?at_medium=RSS&at_campaign=rss already exists.
2026-03-21 07:10:19,991 - INFO - [BBC] Early skip: URL https://www.bbc.com/news/videos/c78l5x0zl0wo?at_medium=RSS&at_campaign=rss already exists.
2026-03-21 07:10:19,992 - INFO - [BBC] Early skip: URL https://www.bbc.com/news/videos/c747lk0geldo?at_medium=RSS&at_campaign=rss already exists.
2026-03-21 07:10:19,994 - INFO - [BBC] Article: https://www.bbc.com/news/videos/ce9mz0gl8z7o?at_medium=RSS&at_campaign=rss
2026-03-21 07:10:19,994 - INFO - [BBC] Attempt 1/1: Trying with 'requests_browser' strategy...
2026-03-21 07:10:20,127 - INFO - [The Guardian] Success with 'requests_browser'. Found content (204 words).
2026-03-21 07:10:20,407 - WARNING - [BBC] FAILED with 'requests_browser' (content was too short: 79 words).
2026-03-21 07:10:20,407 - ERROR - [BBC] All scrape strategies failed for https://www.bbc.com/news/videos/ce9mz0gl8z7o?at_medium=RSS&at_campaign=rss. Falling back to RSS description.
2026-03-21 07:10:20,407 - WARNING - SKIPPED (GLOBAL WORD LIMIT): Article 'Watch: Missile lands next to presenter during live report from Lebanon' from BBC has only 19 words (Min: 90).
2026-03-21 07:10:20,590 - CRITICAL - Failed to initialize Selenium driver. Error: Message: session not created: Chrome instance exited. Examine ChromeDriver verbose log to determine the cause.; For documentation on this error, please visit: https://www.selenium.dev/documentation/webdriver/troubleshooting/errors#sessionnotcreatedexception
Stacktrace:
#0 0x55b8cf4ad41a <unknown>
#1 0x55b8ceeba270 <unknown>
#2 0x55b8ceef7e7b <unknown>
#3 0x55b8ceef2b49 <unknown>
#4 0x55b8cef42d36 <unknown>
#5 0x55b8cef4241c <unknown>
#6 0x55b8cef014cf <unknown>
#7 0x55b8cef02291 <unknown>
#8 0x55b8cf472364 <unknown>
#9 0x55b8cf475251 <unknown>
#10 0x55b8cf45f11a <unknown>
#11 0x55b8cf475e1e <unknown>
#12 0x55b8cf445b10 <unknown>
#13 0x55b8cf499f88 <unknown>
#14 0x55b8cf49a158 <unknown>
#15 0x55b8cf4abe5e <unknown>
#16 0x7f6aafc9caa4 <unknown>
#17 0x7f6aafd29c6c <unknown>

2026-03-21 07:10:20,590 - ERROR - [The Hindu] (Thread) Selenium driver failed to start. This source will fail.
2026-03-21 07:10:20,590 - INFO - Starting scrape for The Hindu RSS feed: https://www.thehindu.com/news/national/feeder/default.rss
2026-03-21 07:10:20,723 - INFO - Found 60 articles in The Hindu RSS feed. Processing until 30 new articles are saved.
2026-03-21 07:10:20,724 - INFO - [The Hindu] Article: https://www.thehindu.com/news/cities/Hyderabad/met-centre-hyderabad-to-host-open-house-on-march-23/article70766074.ece
2026-03-21 07:10:20,724 - INFO - [The Hindu] Attempt 1/1: Trying with 'selenium_browser' strategy...
2026-03-21 07:10:20,724 - ERROR - [The Hindu] Selenium strategy selected but driver is not available. Skipping.
2026-03-21 07:10:20,724 - ERROR - [The Hindu] All scrape strategies failed for https://www.thehindu.com/news/cities/Hyderabad/met-centre-hyderabad-to-host-open-house-on-march-23/article70766074.ece. Falling back to RSS description.
2026-03-21 07:10:20,724 - WARNING - SKIPPED (GLOBAL WORD LIMIT): Article 'Met Centre Hyderabad to host open house on March 23' from The Hindu has only 3 words (Min: 90).
2026-03-21 07:10:21,386 - INFO - Selenium driver initialized successfully (Eager load strategy, 7s timeout).
2026-03-21 07:10:21,386 - INFO - Starting scrape for Economic Times RSS feed: https://economictimes.indiatimes.com/rssfeedsdefault.cms
2026-03-21 07:10:21,413 - INFO - [BBC] Article: https://www.bbc.com/news/videos/cx248jvgwj8o?at_medium=RSS&at_campaign=rss
2026-03-21 07:10:21,413 - INFO - [BBC] Attempt 1/1: Trying with 'requests_browser' strategy...
2026-03-21 07:10:21,420 - INFO - Selenium driver initialized successfully (Eager load strategy, 7s timeout).
2026-03-21 07:10:21,420 - INFO - Starting scrape for The Dawn RSS feed: https://www.dawn.com/feeds/home
2026-03-21 07:10:21,514 - INFO - Selenium driver initialized successfully (Eager load strategy, 7s timeout).
2026-03-21 07:10:21,515 - INFO - Starting scrape for Times of India RSS feed: https://timesofindia.indiatimes.com/rssfeeds/296589292.cms
2026-03-21 07:10:21,527 - WARNING - [BBC] FAILED with 'requests_browser' (content was too short: 64 words).
2026-03-21 07:10:21,527 - ERROR - [BBC] All scrape strategies failed for https://www.bbc.com/news/videos/cx248jvgwj8o?at_medium=RSS&at_campaign=rss. Falling back to RSS description.
2026-03-21 07:10:21,527 - WARNING - SKIPPED (GLOBAL WORD LIMIT): Article 'Trump compares attack on Iran to Pearl Harbor in meeting with Japanese PM' from BBC has only 24 words (Min: 90).
2026-03-21 07:10:21,538 - INFO - Selenium driver initialized successfully (Eager load strategy, 7s timeout).
2026-03-21 07:10:21,538 - INFO - Starting scrape for Al Jazeera RSS feed: https://www.aljazeera.com/xml/rss/all.xml
2026-03-21 07:10:21,635 - INFO - Found 20 articles in Times of India RSS feed. Processing until 30 new articles are saved.
2026-03-21 07:10:21,635 - INFO - [Times of India] Early skip: URL https://timesofindia.indiatimes.com/world/us/is-usiran-war-ending-soon-donald-trump-considers-winding-down-military-efforts-lists-5-objectives/articleshow/129712856.cms already exists.
2026-03-21 07:10:21,636 - INFO - [Times of India] Early skip: URL https://timesofindia.indiatimes.com/world/europe/sailors-fitness-app-reveals-location-of-french-warship/articleshow/129711604.cms already exists.
2026-03-21 07:10:21,638 - INFO - [Times of India] Early skip: URL https://timesofindia.indiatimes.com/world/middle-east/a-diary-of-war-from-an-unlikely-author-son-of-irans-president/articleshow/129711570.cms already exists.
2026-03-21 07:10:21,639 - INFO - [Times of India] Early skip: URL https://timesofindia.indiatimes.com/world/middle-east/us-to-deploy-thousands-of-more-troops-to-west-asia-say-officials/articleshow/129711514.cms already exists.
2026-03-21 07:10:21,640 - INFO - [Times of India] Early skip: URL https://timesofindia.indiatimes.com/world/us/us-can-take-out-irans-kharg-island-at-any-time-warns-white-house/articleshow/129711365.cms already exists.
2026-03-21 07:10:21,641 - INFO - [Times of India] Early skip: URL https://timesofindia.indiatimes.com/world/middle-east/detached-from-reality-iran-slams-us-over-winning-claims-says-same-script-from-vietnam-war/articleshow/129711372.cms already exists.
2026-03-21 07:10:21,642 - INFO - [Times of India] Early skip: URL https://timesofindia.indiatimes.com/world/rest-of-world/10-dead-in-south-korea-car-plant-fire/articleshow/129711014.cms already exists.
2026-03-21 07:10:21,644 - INFO - [Times of India] Early skip: URL https://timesofindia.indiatimes.com/world/us-streamers/clavicular-breaks-silence-on-contract-claims-as-streamer-varisg-reveals-what-really-happened-in-miami/articleshow/129710392.cms already exists.
2026-03-21 07:10:21,645 - INFO - [Times of India] Early skip: URL https://timesofindia.indiatimes.com/world/us/middle-east-crisis-trump-says-us-close-to-meeting-objectives-opposes-ceasefire-with-iran/articleshow/129709333.cms already exists.
2026-03-21 07:10:21,646 - INFO - [Times of India] Early skip: URL https://timesofindia.indiatimes.com/science/artemis-ii-update-four-astronauts-enter-health-quarantine-ahead-of-record-breaking-mission/articleshow/129707283.cms already exists.
2026-03-21 07:10:21,647 - INFO - [Times of India] Early skip: URL https://timesofindia.indiatimes.com/etimes/trending/barron-trump-turns-20-twenty-things-you-never-knew-about-the-most-mysterious-trump/articleshow/129699812.cms already exists.
2026-03-21 07:10:21,648 - INFO - [Times of India] Early skip: URL https://timesofindia.indiatimes.com/world/us-streamers/twitch-streamer-uwos-lab-turns-old-toilet-into-functional-speaker-goes-viral/articleshow/129708695.cms already exists.
2026-03-21 07:10:21,650 - INFO - [Times of India] Early skip: URL https://timesofindia.indiatimes.com/world/us/vivek-ramaswamy-spent-12000-in-campaign-funds-on-luxury-puerto-rico-trip-ahead-of-h1-b-conference/articleshow/129708864.cms already exists.
2026-03-21 07:10:21,651 - INFO - [Times of India] Early skip: URL https://timesofindia.indiatimes.com/science/nasa-starship-lunar-mission-will-spacex-take-boeings-role/articleshow/129701693.cms already exists.
2026-03-21 07:10:21,652 - INFO - [Times of India] Early skip: URL https://timesofindia.indiatimes.com/world/us/70-of-visas-go-to-indians-us-commentator-says-opposition-to-h-1bs-is-not-white-nationalism/articleshow/129708664.cms already exists.
2026-03-21 07:10:21,653 - INFO - [Times of India] Early skip: URL https://timesofindia.indiatimes.com/world/middle-east/from-new-york-to-london-how-world-leaders-are-celebrating-eid-amid-global-tensions/articleshow/129707872.cms already exists.
2026-03-21 07:10:21,655 - INFO - [Times of India] Early skip: URL https://timesofindia.indiatimes.com/world/us/trumps-friend-asked-ice-to-deport-his-ex-girlfriend-to-brazil-in-a-bid-to-win-child-custody-report/articleshow/129708377.cms already exists.
2026-03-21 07:10:21,656 - INFO - [Times of India] Early skip: URL https://timesofindia.indiatimes.com/world/uk/uk-authorises-us-to-use-british-bases-for-strikes-iran-missile-sites-targeting-ships-in-strait-of-hormuz-/articleshow/129708297.cms already exists.
2026-03-21 07:10:21,657 - INFO - [Times of India] Early skip: URL https://timesofindia.indiatimes.com/world/us/us-pentagon-makes-detailed-preparations-for-possible-us-ground-deployment-in-iran-report/articleshow/129707960.cms already exists.
2026-03-21 07:10:21,658 - INFO - [Times of India] Early skip: URL https://timesofindia.indiatimes.com/world/rest-of-world/indian-origin-truck-driver-arrested-in-canada-after-drugs-worth-millions-smuggled-into-country-border-officer-also-charged/articleshow/129707940.cms already exists.
2026-03-21 07:10:21,659 - INFO - [Times of India] (Thread) Finished. Attempting to shut down its Selenium driver.
2026-03-21 07:10:21,721 - INFO - [Times of India] (Thread) driver.quit() successful.
2026-03-21 07:10:21,769 - INFO - Found 76 articles in Economic Times RSS feed. Processing until 30 new articles are saved.
2026-03-21 07:10:21,769 - INFO - [Economic Times] Article: https://economictimes.indiatimes.com/mf/analysis/these-5-flexi-cap-mutual-funds-offer-up-to-25-cagr-in-3-years-do-you-own-any/top-flexi-caps/slideshow/129714475.cms
2026-03-21 07:10:21,769 - INFO - [Economic Times] Attempt 1/2: Trying with 'requests_browser' strategy...
2026-03-21 07:10:21,809 - INFO - Found 25 articles in Al Jazeera RSS feed. Processing until 30 new articles are saved.
2026-03-21 07:10:21,809 - INFO - [Al Jazeera] Article: https://www.aljazeera.com/sports/liveblog/2026/3/21/live-japan-vs-australia-womens-asian-cup-2026-final?traffic_source=rss
2026-03-21 07:10:21,809 - INFO - [Al Jazeera] Attempt 1/2: Trying with 'requests_browser' strategy...
2026-03-21 07:10:21,841 - INFO - Found 26 articles in The Dawn RSS feed. Processing until 30 new articles are saved.
2026-03-21 07:10:21,845 - INFO - [The Dawn] Article: https://www.dawn.com/news/1984193/president-pm-call-for-greater-unity-among-muslims-as-nation-marks-eidul-fitr-in-testing-times
2026-03-21 07:10:21,845 - INFO - [The Dawn] Attempt 1/2: Trying with 'requests_browser' strategy...
2026-03-21 07:10:21,859 - ERROR - [The Dawn] Request failed for strategy 'requests_browser' on URL https://www.dawn.com/news/1984193/president-pm-call-for-greater-unity-among-muslims-as-nation-marks-eidul-fitr-in-testing-times: 403 Client Error: Forbidden for url: https://www.dawn.com/news/1984193/president-pm-call-for-greater-unity-among-muslims-as-nation-marks-eidul-fitr-in-testing-times
2026-03-21 07:10:21,879 - WARNING - [Al Jazeera] FAILED with 'requests_browser' (content was too short: 71 words).
2026-03-21 07:10:21,929 - INFO - [The Hindu] Early skip: URL https://www.thehindu.com/elections/assembly-elections-kerala-tamil-nadu-west-bengal-assam-puducherry-live-updates-march-21-2026/article70768264.ece already exists.
2026-03-21 07:10:21,932 - INFO - [The Hindu] Article: https://www.thehindu.com/news/national/kerala/kerala-cm-blames-successive-congress-bjp-governments-at-centre-for-indias-cooking-gas-crisis/article70768515.ece
2026-03-21 07:10:21,932 - INFO - [The Hindu] Attempt 1/1: Trying with 'selenium_browser' strategy...
2026-03-21 07:10:21,933 - ERROR - [The Hindu] Selenium strategy selected but driver is not available. Skipping.
2026-03-21 07:10:21,933 - ERROR - [The Hindu] All scrape strategies failed for https://www.thehindu.com/news/national/kerala/kerala-cm-blames-successive-congress-bjp-governments-at-centre-for-indias-cooking-gas-crisis/article70768515.ece. Falling back to RSS description.
2026-03-21 07:10:21,933 - WARNING - SKIPPED (GLOBAL WORD LIMIT): Article 'Kerala CM blames successive Congress, BJP governments at Centre for India’s cooking gas crisis' from The Hindu has only 22 words (Min: 90).
2026-03-21 07:10:22,035 - INFO - [Economic Times] Success with 'requests_browser'. Found content (152 words).
2026-03-21 07:10:22,438 - INFO - [BBC] Early skip: URL https://www.bbc.com/news/videos/c07j7yr0p2no?at_medium=RSS&at_campaign=rss already exists.
2026-03-21 07:10:22,439 - INFO - [BBC] Early skip: URL https://www.bbc.com/news/videos/clygyg14zj2o?at_medium=RSS&at_campaign=rss already exists.
2026-03-21 07:10:22,649 - INFO - [Al Jazeera] Article: https://www.aljazeera.com/sports/liveblog/2026/3/21/live-japan-vs-australia-womens-asian-cup-2026-final?traffic_source=rss
2026-03-21 07:10:22,650 - INFO - [Al Jazeera] Attempt 2/2: Trying with 'selenium_browser' strategy...
2026-03-21 07:10:22,716 - INFO - [The Dawn] Article: https://www.dawn.com/news/1984193/president-pm-call-for-greater-unity-among-muslims-as-nation-marks-eidul-fitr-in-testing-times
2026-03-21 07:10:22,716 - INFO - [The Dawn] Attempt 2/2: Trying with 'selenium_browser' strategy...
2026-03-21 07:10:22,772 - INFO - [The Hindu] Article: https://www.thehindu.com/news/national/telangana/ap-cadre-ias-officer-a-vani-prasad-reallocated-to-telangana-cadre/article70767001.ece
2026-03-21 07:10:22,772 - INFO - [The Hindu] Attempt 1/1: Trying with 'selenium_browser' strategy...
2026-03-21 07:10:22,772 - ERROR - [The Hindu] Selenium strategy selected but driver is not available. Skipping.
2026-03-21 07:10:22,773 - ERROR - [The Hindu] All scrape strategies failed for https://www.thehindu.com/news/national/telangana/ap-cadre-ias-officer-a-vani-prasad-reallocated-to-telangana-cadre/article70767001.ece. Falling back to RSS description.
2026-03-21 07:10:22,773 - WARNING - SKIPPED (GLOBAL WORD LIMIT): Article 'AP cadre IAS officer A. Vani Prasad reallocated to Telangana cadre' from The Hindu has only 3 words (Min: 90).
2026-03-21 07:10:23,759 - INFO - [The Hindu] Early skip: URL https://www.thehindu.com/news/national/air-india-indigo-spicejet-oppose-governments-60-free-seat-selection-decision/article70768404.ece already exists.
2026-03-21 07:10:23,763 - INFO - [The Hindu] Article: https://www.thehindu.com/news/national/telangana/telangana-announces-indiramma-family-life-insurance-scheme-5-lakh-each-to-115-crore-families/article70764620.ece
2026-03-21 07:10:23,763 - INFO - [The Hindu] Attempt 1/1: Trying with 'selenium_browser' strategy...
2026-03-21 07:10:23,763 - ERROR - [The Hindu] Selenium strategy selected but driver is not available. Skipping.
2026-03-21 07:10:23,764 - ERROR - [The Hindu] All scrape strategies failed for https://www.thehindu.com/news/national/telangana/telangana-announces-indiramma-family-life-insurance-scheme-5-lakh-each-to-115-crore-families/article70764620.ece. Falling back to RSS description.
2026-03-21 07:10:23,764 - WARNING - SKIPPED (GLOBAL WORD LIMIT): Article 'Telangana Budget FY2026-27: Government announces Indiramma Family Life Insurance scheme, ₹5 lakh each to 1.15 crore families' from The Hindu has only 26 words (Min: 90).
2026-03-21 07:10:24,064 - INFO - [Al Jazeera] Page content loaded.
2026-03-21 07:10:24,131 - INFO - [The Dawn] Page content loaded.
2026-03-21 07:10:24,364 - INFO - [Al Jazeera] Success with 'selenium_browser'. Found content (592 words).
2026-03-21 07:10:24,481 - INFO - [The Dawn] Success with 'selenium_browser'. Found content (778 words).
2026-03-21 07:10:24,936 - INFO - [The Hindu] Article: https://www.thehindu.com/news/national/karnataka/businessman-loses-154-crore-in-digital-arrest-scam/article70768435.ece
2026-03-21 07:10:24,936 - INFO - [The Hindu] Attempt 1/1: Trying with 'selenium_browser' strategy...
2026-03-21 07:10:24,936 - ERROR - [The Hindu] Selenium strategy selected but driver is not available. Skipping.
2026-03-21 07:10:24,985 - ERROR - [The Hindu] All scrape strategies failed for https://www.thehindu.com/news/national/karnataka/businessman-loses-154-crore-in-digital-arrest-scam/article70768435.ece. Falling back to RSS description.
2026-03-21 07:10:24,985 - WARNING - SKIPPED (GLOBAL WORD LIMIT): Article 'Businessman loses ₹15.4 crore in digital arrest scam' from The Hindu has only 30 words (Min: 90).
2026-03-21 07:10:25,921 - INFO - [The Hindu] Article: https://www.thehindu.com/news/national/telangana/cm-revanth-to-release-first-instalment-of-rythu-bharosa-on-march-22-inaugurates-oil-palm-factory-in-siddipet/article70768433.ece
2026-03-21 07:10:25,921 - INFO - [The Hindu] Attempt 1/1: Trying with 'selenium_browser' strategy...
2026-03-21 07:10:25,921 - ERROR - [The Hindu] Selenium strategy selected but driver is not available. Skipping.
2026-03-21 07:10:25,921 - ERROR - [The Hindu] All scrape strategies failed for https://www.thehindu.com/news/national/telangana/cm-revanth-to-release-first-instalment-of-rythu-bharosa-on-march-22-inaugurates-oil-palm-factory-in-siddipet/article70768433.ece. Falling back to RSS description.
2026-03-21 07:10:25,921 - WARNING - SKIPPED (GLOBAL WORD LIMIT): Article 'CM Revanth to release first instalment of Rythu Bharosa on March 22, inaugurate oil palm factory in Siddipet' from The Hindu has only 29 words (Min: 90).
2026-03-21 07:10:26,747 - INFO - [The Hindu] Early skip: URL https://www.thehindu.com/news/national/air-india-deployed-wrong-aircraft-for-vancouver-plane-returned-to-delhi/article70768437.ece already exists.
2026-03-21 07:10:26,748 - INFO - [The Hindu] Early skip: URL https://www.thehindu.com/news/national/kerala/man-arrested-for-molesting-malayalam-actor-in-keralas-kochi/article70768405.ece already exists.
2026-03-21 07:10:26,750 - INFO - [The Hindu] Article: https://www.thehindu.com/news/national/tamil-nadu/tmmk-organises-special-prayer-on-eid/article70768298.ece
2026-03-21 07:10:26,750 - INFO - [The Hindu] Attempt 1/1: Trying with 'selenium_browser' strategy...
2026-03-21 07:10:26,750 - ERROR - [The Hindu] Selenium strategy selected but driver is not available. Skipping.
2026-03-21 07:10:26,750 - ERROR - [The Hindu] All scrape strategies failed for https://www.thehindu.com/news/national/tamil-nadu/tmmk-organises-special-prayer-on-eid/article70768298.ece. Falling back to RSS description.
2026-03-21 07:10:26,750 - WARNING - SKIPPED (GLOBAL WORD LIMIT): Article 'TMMK organises special prayer on Eid in Chennai' from The Hindu has only 28 words (Min: 90).
2026-03-21 07:10:27,904 - INFO - [The Hindu] Article: https://www.thehindu.com/elections/kerala-assembly/kerala-assembly-elections-2026-women-leaders-raise-voices-of-protest-over-denial-of-seat/article70766566.ece
2026-03-21 07:10:27,904 - INFO - [The Hindu] Attempt 1/1: Trying with 'selenium_browser' strategy...
2026-03-21 07:10:27,904 - ERROR - [The Hindu] Selenium strategy selected but driver is not available. Skipping.
2026-03-21 07:10:27,904 - ERROR - [The Hindu] All scrape strategies failed for https://www.thehindu.com/elections/kerala-assembly/kerala-assembly-elections-2026-women-leaders-raise-voices-of-protest-over-denial-of-seat/article70766566.ece. Falling back to RSS description.
2026-03-21 07:10:27,906 - WARNING - SKIPPED (GLOBAL WORD LIMIT): Article 'Kerala Assembly Elections 2026: Women leaders raise voices of protest over denial of seat' from The Hindu has only 27 words (Min: 90).
2026-03-21 07:10:29,080 - INFO - [The Hindu] Early skip: URL https://www.thehindu.com/news/national/maharashtra/maharashtra-will-be-at-the-forefront-of-indias-orange-economy-cm-fadnavis/article70765698.ece already exists.
2026-03-21 07:10:29,081 - INFO - [The Hindu] Article: https://www.thehindu.com/news/national/kerala/five-of-family-from-thiruvananthapuram-found-dead-in-kochi/article70768470.ece
2026-03-21 07:10:29,081 - INFO - [The Hindu] Attempt 1/1: Trying with 'selenium_browser' strategy...
2026-03-21 07:10:29,081 - ERROR - [The Hindu] Selenium strategy selected but driver is not available. Skipping.
2026-03-21 07:10:29,081 - ERROR - [The Hindu] All scrape strategies failed for https://www.thehindu.com/news/national/kerala/five-of-family-from-thiruvananthapuram-found-dead-in-kochi/article70768470.ece. Falling back to RSS description.
2026-03-21 07:10:29,082 - WARNING - SKIPPED (GLOBAL WORD LIMIT): Article 'Five of family from Thiruvananthapuram found dead in Kochi' from The Hindu has only 16 words (Min: 90).
2026-03-21 07:10:29,784 - INFO - [The Hindu] Early skip: URL https://www.thehindu.com/news/national/pm-modi-president-murmu-political-leaders-id-ul-fitr-greetings-march-21-2026/article70768360.ece already exists.
2026-03-21 07:10:29,786 - INFO - [The Hindu] Early skip: URL https://www.thehindu.com/entertainment/dance/odissi-dancer-madhumita-raut-dies-of-cardiac-arrest/article70768451.ece already exists.
2026-03-21 07:10:29,788 - INFO - [The Hindu] Early skip: URL https://www.thehindu.com/news/national/manipur/arms-ammunition-50-ieds-seized-in-manipur/article70768340.ece already exists.
2026-03-21 07:10:29,794 - INFO - [The Hindu] Early skip: URL https://www.thehindu.com/elections/tamil-nadu-assembly/tamil-nadu-assembly-election-constituency-watch-a-package/article70761075.ece already exists.
2026-03-21 07:10:29,796 - INFO - [The Hindu] Early skip: URL https://www.thehindu.com/elections/tamil-nadu-assembly/development-without-impact-coastal-residents-of-kanniyakumari-and-nagercoil-constituencies-voice-discontent/article70766279.ece already exists.
2026-03-21 07:10:29,799 - INFO - [The Hindu] Early skip: URL https://www.thehindu.com/entertainment/art/beyond-the-biennale-how-murals-are-rewriting-kochis-streets/article70760866.ece already exists.
2026-03-21 07:10:29,801 - INFO - [The Hindu] Early skip: URL https://www.thehindu.com/elections/tamil-nadu-assembly/constituency-watch-flooding-development-issues-remain-relevant-residents-happy-with-mrts-extension/article70765557.ece already exists.
2026-03-21 07:10:29,803 - INFO - [The Hindu] Early skip: URL https://www.thehindu.com/news/national/maharashtra/under-fire-over-links-with-rape-accused-godman-maharashtra-womens-panel-chief-quits/article70767244.ece already exists.
2026-03-21 07:10:29,808 - INFO - [The Hindu] Early skip: URL https://www.thehindu.com/news/national/i-have-been-in-favour-of-doves-in-west-asia-or-other-conflicts-says-shashi-tharoor/article70768280.ece already exists.
2026-03-21 07:10:29,810 - INFO - [The Hindu] Early skip: URL https://www.thehindu.com/news/national/goa/from-green-to-grey-in-goa/article70729446.ece already exists.
2026-03-21 07:10:29,811 - INFO - [The Hindu] Early skip: URL https://www.thehindu.com/elections/kerala-assembly/will-g-sudhakaran-throw-a-spanner-in-the-lefts-electoral-prospects/article70765556.ece already exists.
2026-03-21 07:10:29,812 - INFO - [The Hindu] Early skip: URL https://www.thehindu.com/elections/kerala-assembly/keralas-fisherfolk-hope-to-be-heard-this-election-season/article70765442.ece already exists.
2026-03-21 07:10:29,813 - INFO - [The Hindu] Early skip: URL https://www.thehindu.com/news/national/tripura/tripura-government-accommodating-fake-private-universities-opposition-alleges/article70768294.ece already exists.
2026-03-21 07:10:29,815 - INFO - [The Hindu] Early skip: URL https://www.thehindu.com/news/national/andhra-pradesh/fire-accident-in-odisha-bound-bus-near-rambabhadrapuram-of-ap-all-passengers-safe/article70768256.ece already exists.
2026-03-21 07:10:29,817 - INFO - [The Hindu] Early skip: URL https://www.thehindu.com/news/national/andhra-pradesh/chandrababu-opts-for-general-queue-at-tirumala/article70766945.ece already exists.
2026-03-21 07:10:29,821 - INFO - [The Hindu] Early skip: URL https://www.thehindu.com/elections/west-bengal-assembly/west-bengals-two-cornered-contest-is-one-between-continuity-and-change/article70764900.ece already exists.
2026-03-21 07:10:29,822 - INFO - [The Hindu] Early skip: URL https://www.thehindu.com/news/national/karnataka/civic-group-flags-air-noise-pollution-by-bmtc-buses-in-bengaluru-seeks-urgent-acton/article70765830.ece already exists.
2026-03-21 07:10:29,824 - INFO - [The Hindu] Early skip: URL https://www.thehindu.com/sci-tech/science/cost-concerns-delay-safer-building-codes-despite-himalayan-threats/article70758079.ece already exists.
2026-03-21 07:10:29,825 - INFO - [The Hindu] Early skip: URL https://www.thehindu.com/elections/kerala-assembly/kerala-assembly-elections-2026-manjeswaram-set-for-another-photo-finish-as-key-players-line-up/article70754193.ece already exists.
2026-03-21 07:10:29,826 - INFO - [The Hindu] Early skip: URL https://www.thehindu.com/elections/kerala-assembly/kerala-assembly-elections-2026-rsps-battle-for-survival-after-a-decade-of-legislative-absence/article70765426.ece already exists.
2026-03-21 07:10:29,827 - INFO - [The Hindu] Early skip: URL https://www.thehindu.com/news/national/madhya-pradesh/fresh-plea-claims-existence-of-jain-temple-gurukul-at-disputed-bhojshala-kamal-maula-mosque-site/article70766213.ece already exists.
2026-03-21 07:10:29,829 - INFO - [The Hindu] Early skip: URL https://www.thehindu.com/news/national/himachal-pradesh/himachal-pradeshs-growth-in-2025-26-pegged-at-83-says-economic-survey/article70765616.ece already exists.
2026-03-21 07:10:29,831 - INFO - [The Hindu] Early skip: URL https://www.thehindu.com/news/national/jammu-and-kashmir/placed-under-house-arrest-not-allowed-to-offer-friday-prayers-says-mirwaiz/article70764861.ece already exists.
2026-03-21 07:10:29,833 - INFO - [The Hindu] Early skip: URL https://www.thehindu.com/news/national/gujarat/gujarat-centre-sign-mou-under-jal-jeevan-mission-20/article70767245.ece already exists.
2026-03-21 07:10:29,834 - INFO - [The Hindu] Early skip: URL https://www.thehindu.com/business/Economy/iran-war-impact-pesticide-industry-warns-of-price-rise-spread-of-fake-materials/article70766080.ece already exists.
2026-03-21 07:10:29,838 - INFO - [The Hindu] Early skip: URL https://www.thehindu.com/news/national/gujarat/no-queues-for-lpg-as-gujarat-assures-adequate-supply-pushes-digital-booking/article70765933.ece already exists.
2026-03-21 07:10:29,839 - INFO - [The Hindu] Early skip: URL https://www.thehindu.com/news/national/odisha/show-cause-notice-illegal-arbitrary-say-bjd-mlas-who-cross-voted-in-rajya-sabha-poll/article70766573.ece already exists.
2026-03-21 07:10:29,841 - INFO - [The Hindu] Early skip: URL https://www.thehindu.com/news/national/maharashtra/investigate-incidents-of-black-magic-carried-near-ajit-pawars-home-rohit-pawar/article70765839.ece already exists.
2026-03-21 07:10:29,842 - INFO - [The Hindu] Early skip: URL https://www.thehindu.com/news/national/jammu-and-kashmir/omar-abdullah-questions-ecis-sweeping-transfers-in-poll-bound-west-bengal/article70766786.ece already exists.
2026-03-21 07:10:29,844 - INFO - [The Hindu] Early skip: URL https://www.thehindu.com/news/national/tamil-nadu/33-detained-bangladeshi-nationals-sent-back-from-tamil-nadu/article70766782.ece already exists.
2026-03-21 07:10:29,845 - INFO - [The Hindu] Early skip: URL https://www.thehindu.com/news/national/delhi-hc-restores-plea-on-absence-of-section-377-like-provision-in-bns/article70765555.ece already exists.
2026-03-21 07:10:29,847 - INFO - [The Hindu] Early skip: URL https://www.thehindu.com/news/national/chhattisgarh/chhattisgarh-assembly-passes-bill-to-curb-malpractices-in-public-examinations/article70766295.ece already exists.
2026-03-21 07:10:29,848 - INFO - [The Hindu] Early skip: URL https://www.thehindu.com/news/national/kerala/poonithura-residents-seek-urgent-steps-to-address-water-shortage/article70761632.ece already exists.
2026-03-21 07:10:29,851 - INFO - [The Hindu] Early skip: URL https://www.thehindu.com/news/national/kerala/redevelopment-of-angamaly-mannuthy-nh-544-to-be-completed-before-monsoon-centre-tells-hc/article70762898.ece already exists.
2026-03-21 07:10:29,853 - INFO - [The Hindu] Early skip: URL https://www.thehindu.com/elections/kerala-assembly/congress-faces-twin-crises-in-payyannur-taliparamba/article70766313.ece already exists.
2026-03-21 07:10:29,855 - INFO - [The Hindu] Early skip: URL https://www.thehindu.com/news/national/capf-bill-says-ips-necessary-for-union-state-coordination-reserves-50-i-g-rank-posts-for-ips/article70767162.ece already exists.
2026-03-21 07:10:29,858 - INFO - [The Hindu] Early skip: URL https://www.thehindu.com/news/national/tamil-nadu/communists-fight-elections-to-reflect-rights-of-people-says-brinda-karat/article70766788.ece already exists.
2026-03-21 07:10:29,860 - INFO - [The Hindu] Early skip: URL https://www.thehindu.com/news/national/tamil-nadu/a-true-benevolent-authoritarian-enforces-discipline-for-the-greater-good-seeman/article70766533.ece already exists.
2026-03-21 07:10:29,862 - INFO - [The Hindu] Early skip: URL https://www.thehindu.com/elections/kerala-assembly/bjp-cadres-in-ernakulam-irked-over-twenty20s-sway-in-seat-allocation/article70761046.ece already exists.
2026-03-21 07:10:29,864 - INFO - [The Hindu] Early skip: URL https://www.thehindu.com/news/national/karnataka/crops-damaged-in-hailstorms-says-farmers/article70766572.ece already exists.
2026-03-21 07:10:29,866 - INFO - [The Hindu] Early skip: URL https://www.thehindu.com/news/national/karnataka/congress-high-command-decides-cabinet-reshuffle-home-minister/article70765587.ece already exists.
2026-03-21 07:10:29,867 - INFO - [The Hindu] Early skip: URL https://www.thehindu.com/news/national/karnataka/bypolls-bjp-ahead-in-candidate-selection-congress-weighs-options/article70765608.ece already exists.
2026-03-21 07:10:29,868 - INFO - [The Hindu] Early skip: URL https://www.thehindu.com/news/national/uni-office-sealed-in-delhi-staffers-allege-manhandling-by-the-police/article70767096.ece already exists.
2026-03-21 07:10:29,869 - INFO - [The Hindu] Early skip: URL https://www.thehindu.com/news/national/karnataka/bengaluru-based-firm-bluspring-to-buy-german-energy-firms-india-arm-for-180-crore/article70766455.ece already exists.
2026-03-21 07:10:29,873 - INFO - [The Hindu] Early skip: URL https://www.thehindu.com/news/national/kerala/habitual-offender-arrested/article70767039.ece already exists.
2026-03-21 07:10:29,875 - INFO - [The Hindu] Early skip: URL https://www.thehindu.com/news/cities/Hyderabad/hundreds-of-trees-being-felled-in-manikonda-to-make-way-for-road-project/article70766355.ece already exists.
2026-03-21 07:10:59,784 - INFO - >>> SUCCESSFULLY SAVED [ID: 43787] - Rhoda Roberts, Indigenous cultural leader who introduced the term ‘welcome to country’, dies aged 66 | Indigenous Australians | The Guardian from The Guardian (204 words)
2026-03-21 07:11:01,118 - INFO - [The Guardian] Early skip: URL https://www.theguardian.com/us-news/2026/mar/21/donald-trump-surprised-australia-strait-of-hormuz-fuel-prices already exists.
2026-03-21 07:11:01,120 - INFO - [The Guardian] Early skip: URL https://www.theguardian.com/australia-news/2026/mar/21/one-nation-dumps-south-australian-election-candidate-after-reports-claiming-warrant-for-his-arrest-in-uk-ntwnfb already exists.
2026-03-21 07:11:01,121 - INFO - [The Guardian] Early skip: URL https://www.theguardian.com/australia-news/2026/mar/21/tropical-cyclone-narelle-nt-prepares-queensland-support-payments already exists.
2026-03-21 07:11:01,124 - INFO - [The Guardian] Early skip: URL https://www.theguardian.com/australia-news/2026/mar/21/police-planned-to-disperse-herzog-protest-in-sydney-if-crowd-hit-6000-encrypted-messages-suggest already exists.
2026-03-21 07:11:01,127 - INFO - [The Guardian] Early skip: URL https://www.theguardian.com/artanddesign/2026/mar/21/death-power-and-paranoia-painting-that-shocked-german-society-finally-returns-to-berlin already exists.
2026-03-21 07:11:01,130 - INFO - [The Guardian] Early skip: URL https://www.theguardian.com/world/2026/mar/20/home-office-investigates-company-linked-religious-sect-immigration-visas already exists.
2026-03-21 07:11:01,132 - INFO - [The Guardian] Early skip: URL https://www.theguardian.com/politics/2026/mar/20/britain-defence-policy-military-power-world-stage already exists.
2026-03-21 07:11:01,133 - INFO - [The Guardian] Early skip: URL https://www.theguardian.com/technology/2026/mar/20/mediahuis-suspends-senior-journalist-over-ai-generated-quotes already exists.
2026-03-21 07:11:01,134 - INFO - [The Guardian] Early skip: URL https://www.theguardian.com/world/live/2026/mar/20/spain-tax-france-elections-pope-leo-eu-iran-war-energy-costs-europe-latest-news-updates already exists.
2026-03-21 07:11:01,136 - INFO - [The Guardian] Early skip: URL https://www.theguardian.com/world/live/2026/mar/21/middle-east-crisis-live-iran-war-trump-eases-oil-sanctions-israel-strikes already exists.
2026-03-21 07:11:01,141 - INFO - [The Guardian] Article: https://www.theguardian.com/world/2026/mar/21/israel-targeting-medical-facilities-south-lebanon-health-workers
2026-03-21 07:11:01,141 - INFO - [The Guardian] Attempt 1/1: Trying with 'requests_browser' strategy...
2026-03-21 07:11:01,327 - INFO - [The Guardian] Success with 'requests_browser'. Found content (1247 words).
2026-03-21 07:11:25,798 - INFO - >>> SUCCESSFULLY SAVED [ID: 43788] - These 5 flexi cap mutual funds offer up to 25% CAGR in 3 years. Do you own any? - Top flexi caps | The Economic Times from Economic Times (152 words)
2026-03-21 07:11:27,133 - INFO - [Economic Times] Article: https://economictimes.indiatimes.com/markets/stocks/news/global-markets-to-remain-driven-by-west-asia-conflict-fed-neutral-guidance-reflects-uncertainty-report/articleshow/129714290.cms
2026-03-21 07:11:27,133 - INFO - [Economic Times] Attempt 1/2: Trying with 'requests_browser' strategy...
2026-03-21 07:11:27,467 - ERROR - parsed tree length: 1, wrong data type or not valid HTML
2026-03-21 07:11:27,467 - ERROR - empty HTML tree: None
2026-03-21 07:11:27,467 - WARNING - discarding data: None
2026-03-21 07:11:27,468 - WARNING - [Economic Times] FAILED with 'requests_browser' (content was too short: 0 words).
2026-03-21 07:11:28,349 - INFO - [Economic Times] Article: https://economictimes.indiatimes.com/markets/stocks/news/global-markets-to-remain-driven-by-west-asia-conflict-fed-neutral-guidance-reflects-uncertainty-report/articleshow/129714290.cms
2026-03-21 07:11:28,349 - INFO - [Economic Times] Attempt 2/2: Trying with 'selenium_browser' strategy...
2026-03-21 07:11:29,211 - INFO - [Economic Times] Page content loaded.
2026-03-21 07:11:29,595 - INFO - [Economic Times] Success with 'selenium_browser'. Found content (460 words).
2026-03-21 07:12:01,662 - INFO - >>> SUCCESSFULLY SAVED [ID: 43789] - LIVE: Japan vs Australia – Women’s Asian Cup 2026 final | Football News | Al Jazeera from Al Jazeera (592 words)
2026-03-21 07:12:02,426 - INFO - [Al Jazeera] Article: https://www.aljazeera.com/video/newsfeed/2026/3/21/300-million-people-celebrate-nowruz-under-a-cloud-of-war?traffic_source=rss
2026-03-21 07:12:02,426 - INFO - [Al Jazeera] Attempt 1/2: Trying with 'requests_browser' strategy...
2026-03-21 07:12:02,471 - WARNING - [Al Jazeera] FAILED with 'requests_browser' (content was too short: 68 words).
2026-03-21 07:12:03,344 - INFO - [Al Jazeera] Article: https://www.aljazeera.com/video/newsfeed/2026/3/21/300-million-people-celebrate-nowruz-under-a-cloud-of-war?traffic_source=rss
2026-03-21 07:12:03,344 - INFO - [Al Jazeera] Attempt 2/2: Trying with 'selenium_browser' strategy...
2026-03-21 07:12:08,185 - INFO - [Al Jazeera] Page content loaded.
2026-03-21 07:12:08,377 - WARNING - [Al Jazeera] FAILED with 'selenium_browser' (content was too short: 72 words).
2026-03-21 07:12:08,377 - ERROR - [Al Jazeera] All scrape strategies failed for https://www.aljazeera.com/video/newsfeed/2026/3/21/300-million-people-celebrate-nowruz-under-a-cloud-of-war?traffic_source=rss. Falling back to RSS description.
2026-03-21 07:12:08,377 - WARNING - SKIPPED (GLOBAL WORD LIMIT): Article '300 million people celebrate Nowruz under a cloud of war' from Al Jazeera has only 18 words (Min: 90).
2026-03-21 07:12:09,233 - INFO - [Al Jazeera] Article: https://www.aljazeera.com/video/newsfeed/2026/3/21/aid-flotilla-for-cuba-sets-sail-from-mexico?traffic_source=rss
2026-03-21 07:12:09,233 - INFO - [Al Jazeera] Attempt 1/2: Trying with 'requests_browser' strategy...
2026-03-21 07:12:09,318 - WARNING - [Al Jazeera] FAILED with 'requests_browser' (content was too short: 75 words).
2026-03-21 07:12:10,088 - INFO - [Al Jazeera] Article: https://www.aljazeera.com/video/newsfeed/2026/3/21/aid-flotilla-for-cuba-sets-sail-from-mexico?traffic_source=rss
2026-03-21 07:12:10,088 - INFO - [Al Jazeera] Attempt 2/2: Trying with 'selenium_browser' strategy...
2026-03-21 07:12:11,176 - INFO - [Al Jazeera] Page content loaded.
2026-03-21 07:12:11,242 - WARNING - [Al Jazeera] FAILED with 'selenium_browser' (content was too short: 48 words).
2026-03-21 07:12:11,242 - ERROR - [Al Jazeera] All scrape strategies failed for https://www.aljazeera.com/video/newsfeed/2026/3/21/aid-flotilla-for-cuba-sets-sail-from-mexico?traffic_source=rss. Falling back to RSS description.
2026-03-21 07:12:11,242 - WARNING - SKIPPED (GLOBAL WORD LIMIT): Article 'Aid flotilla for Cuba sets sail from Mexico' from Al Jazeera has only 19 words (Min: 90).
2026-03-21 07:12:12,299 - INFO - [Al Jazeera] Article: https://www.aljazeera.com/video/newsfeed/2026/3/21/al-jazeera-reporters-journey-from-jordan-to-iraq?traffic_source=rss
2026-03-21 07:12:12,299 - INFO - [Al Jazeera] Attempt 1/2: Trying with 'requests_browser' strategy...
2026-03-21 07:12:12,348 - WARNING - [Al Jazeera] FAILED with 'requests_browser' (content was too short: 63 words).
2026-03-21 07:12:13,094 - INFO - [Al Jazeera] Article: https://www.aljazeera.com/video/newsfeed/2026/3/21/al-jazeera-reporters-journey-from-jordan-to-iraq?traffic_source=rss
2026-03-21 07:12:13,094 - INFO - [Al Jazeera] Attempt 2/2: Trying with 'selenium_browser' strategy...
2026-03-21 07:12:14,684 - INFO - [Al Jazeera] Page content loaded.
2026-03-21 07:12:14,761 - WARNING - [Al Jazeera] FAILED with 'selenium_browser' (content was too short: 67 words).
2026-03-21 07:12:14,761 - ERROR - [Al Jazeera] All scrape strategies failed for https://www.aljazeera.com/video/newsfeed/2026/3/21/al-jazeera-reporters-journey-from-jordan-to-iraq?traffic_source=rss. Falling back to RSS description.
2026-03-21 07:12:14,761 - WARNING - SKIPPED (GLOBAL WORD LIMIT): Article 'Al Jazeera reporter’s journey from Jordan to Iraq' from Al Jazeera has only 15 words (Min: 90).
2026-03-21 07:12:15,338 - INFO - [Al Jazeera] Early skip: URL https://www.aljazeera.com/news/liveblog/2026/3/21/iran-war-live-trump-says-other-nations-have-to-protect-hormuz-from-iran?traffic_source=rss already exists.
2026-03-21 07:12:15,339 - INFO - [Al Jazeera] Early skip: URL https://www.aljazeera.com/news/2026/3/20/us-judge-sides-with-new-york-times-against-pentagon-journalism-policies?traffic_source=rss already exists.
2026-03-21 07:12:15,341 - INFO - [Al Jazeera] Article: https://www.aljazeera.com/video/newsfeed/2026/3/20/pezeshkian-says-iran-not-seeking-war-with-muslim-neighbours?traffic_source=rss
2026-03-21 07:12:15,341 - INFO - [Al Jazeera] Attempt 1/2: Trying with 'requests_browser' strategy...
2026-03-21 07:12:15,398 - WARNING - [Al Jazeera] FAILED with 'requests_browser' (content was too short: 59 words).
2026-03-21 07:12:15,937 - INFO - [Al Jazeera] Article: https://www.aljazeera.com/video/newsfeed/2026/3/20/pezeshkian-says-iran-not-seeking-war-with-muslim-neighbours?traffic_source=rss
2026-03-21 07:12:15,937 - INFO - [Al Jazeera] Attempt 2/2: Trying with 'selenium_browser' strategy...
2026-03-21 07:12:16,947 - INFO - [Al Jazeera] Page content loaded.
2026-03-21 07:12:17,044 - WARNING - [Al Jazeera] FAILED with 'selenium_browser' (content was too short: 63 words).
2026-03-21 07:12:17,044 - ERROR - [Al Jazeera] All scrape strategies failed for https://www.aljazeera.com/video/newsfeed/2026/3/20/pezeshkian-says-iran-not-seeking-war-with-muslim-neighbours?traffic_source=rss. Falling back to RSS description.
2026-03-21 07:12:17,044 - WARNING - SKIPPED (GLOBAL WORD LIMIT): Article 'Pezeshkian says Iran not seeking war with Muslim neighbours' from Al Jazeera has only 14 words (Min: 90).
2026-03-21 07:12:17,753 - INFO - [Al Jazeera] Early skip: URL https://www.aljazeera.com/news/2026/3/20/colombias-president-gustavo-petro-under-investigation-in-us-for-drug-ties?traffic_source=rss already exists.
2026-03-21 07:12:17,755 - INFO - [Al Jazeera] Article: https://www.aljazeera.com/video/newsfeed/2026/3/20/india-cooking-gas-crisis-forces-exodus-of-textile-workers?traffic_source=rss
2026-03-21 07:12:17,755 - INFO - [Al Jazeera] Attempt 1/2: Trying with 'requests_browser' strategy...
2026-03-21 07:12:17,815 - WARNING - [Al Jazeera] FAILED with 'requests_browser' (content was too short: 59 words).
2026-03-21 07:12:18,658 - INFO - [Al Jazeera] Article: https://www.aljazeera.com/video/newsfeed/2026/3/20/india-cooking-gas-crisis-forces-exodus-of-textile-workers?traffic_source=rss
2026-03-21 07:12:18,658 - INFO - [Al Jazeera] Attempt 2/2: Trying with 'selenium_browser' strategy...
2026-03-21 07:12:19,662 - INFO - [Al Jazeera] Page content loaded.
2026-03-21 07:12:19,764 - WARNING - [Al Jazeera] FAILED with 'selenium_browser' (content was too short: 63 words).
2026-03-21 07:12:19,764 - ERROR - [Al Jazeera] All scrape strategies failed for https://www.aljazeera.com/video/newsfeed/2026/3/20/india-cooking-gas-crisis-forces-exodus-of-textile-workers?traffic_source=rss. Falling back to RSS description.
2026-03-21 07:12:19,764 - WARNING - SKIPPED (GLOBAL WORD LIMIT): Article 'India cooking gas crisis forces exodus of textile workers' from Al Jazeera has only 20 words (Min: 90).
2026-03-21 07:12:20,488 - INFO - [Al Jazeera] Article: https://www.aljazeera.com/video/newsfeed/2026/3/20/military-movements-indicate-trump-is-considering-iran-ground-operation?traffic_source=rss
2026-03-21 07:12:20,488 - INFO - [Al Jazeera] Attempt 1/2: Trying with 'requests_browser' strategy...
2026-03-21 07:12:20,550 - WARNING - [Al Jazeera] FAILED with 'requests_browser' (content was too short: 68 words).
2026-03-21 07:12:21,275 - INFO - [Al Jazeera] Article: https://www.aljazeera.com/video/newsfeed/2026/3/20/military-movements-indicate-trump-is-considering-iran-ground-operation?traffic_source=rss
2026-03-21 07:12:21,275 - INFO - [Al Jazeera] Attempt 2/2: Trying with 'selenium_browser' strategy...
2026-03-21 07:12:22,793 - INFO - [Al Jazeera] Page content loaded.
2026-03-21 07:12:22,915 - WARNING - [Al Jazeera] FAILED with 'selenium_browser' (content was too short: 72 words).
2026-03-21 07:12:22,917 - ERROR - [Al Jazeera] All scrape strategies failed for https://www.aljazeera.com/video/newsfeed/2026/3/20/military-movements-indicate-trump-is-considering-iran-ground-operation?traffic_source=rss. Falling back to RSS description.
2026-03-21 07:12:22,917 - WARNING - SKIPPED (GLOBAL WORD LIMIT): Article 'Military movements indicate Trump is considering Iran ground operation' from Al Jazeera has only 20 words (Min: 90).
2026-03-21 07:12:23,794 - INFO - [Al Jazeera] Article: https://www.aljazeera.com/video/newsfeed/2026/3/20/palestinian-citizens-of-israel-demand-better-protection-against-missiles?traffic_source=rss
2026-03-21 07:12:23,794 - INFO - [Al Jazeera] Attempt 1/2: Trying with 'requests_browser' strategy...
2026-03-21 07:12:23,837 - WARNING - [Al Jazeera] FAILED with 'requests_browser' (content was too short: 64 words).
2026-03-21 07:12:24,508 - INFO - [Al Jazeera] Article: https://www.aljazeera.com/video/newsfeed/2026/3/20/palestinian-citizens-of-israel-demand-better-protection-against-missiles?traffic_source=rss
2026-03-21 07:12:24,508 - INFO - [Al Jazeera] Attempt 2/2: Trying with 'selenium_browser' strategy...
2026-03-21 07:12:25,423 - INFO - [Al Jazeera] Page content loaded.
2026-03-21 07:12:25,506 - WARNING - [Al Jazeera] FAILED with 'selenium_browser' (content was too short: 68 words).
2026-03-21 07:12:25,506 - ERROR - [Al Jazeera] All scrape strategies failed for https://www.aljazeera.com/video/newsfeed/2026/3/20/palestinian-citizens-of-israel-demand-better-protection-against-missiles?traffic_source=rss. Falling back to RSS description.
2026-03-21 07:12:25,506 - WARNING - SKIPPED (GLOBAL WORD LIMIT): Article 'Palestinian citizens of Israel demand better protection against missiles' from Al Jazeera has only 20 words (Min: 90).
2026-03-21 07:12:26,289 - INFO - [Al Jazeera] Article: https://www.aljazeera.com/video/newsfeed/2026/3/20/irans-supreme-leader-khamenei-says-enemy-defeated-in-audio-message?traffic_source=rss
2026-03-21 07:12:26,289 - INFO - [Al Jazeera] Attempt 1/2: Trying with 'requests_browser' strategy...
2026-03-21 07:12:26,335 - WARNING - [Al Jazeera] FAILED with 'requests_browser' (content was too short: 56 words).
2026-03-21 07:12:27,099 - INFO - [Al Jazeera] Article: https://www.aljazeera.com/video/newsfeed/2026/3/20/irans-supreme-leader-khamenei-says-enemy-defeated-in-audio-message?traffic_source=rss
2026-03-21 07:12:27,099 - INFO - [Al Jazeera] Attempt 2/2: Trying with 'selenium_browser' strategy...
2026-03-21 07:12:28,225 - INFO - [Al Jazeera] Page content loaded.
2026-03-21 07:12:28,331 - WARNING - [Al Jazeera] FAILED with 'selenium_browser' (content was too short: 60 words).
2026-03-21 07:12:28,331 - ERROR - [Al Jazeera] All scrape strategies failed for https://www.aljazeera.com/video/newsfeed/2026/3/20/irans-supreme-leader-khamenei-says-enemy-defeated-in-audio-message?traffic_source=rss. Falling back to RSS description.
2026-03-21 07:12:28,332 - WARNING - SKIPPED (GLOBAL WORD LIMIT): Article 'Iran’s Supreme Leader Khamenei says enemy ‘defeated’ in message' from Al Jazeera has only 13 words (Min: 90).
2026-03-21 07:12:29,665 - INFO - [Al Jazeera] Early skip: URL https://www.aljazeera.com/news/2026/3/20/ex-minister-gamboa-targeted-in-costa-ricas-first-extradition-to-the-us?traffic_source=rss already exists.
2026-03-21 07:12:29,667 - INFO - [Al Jazeera] Early skip: URL https://www.aljazeera.com/news/2026/3/20/us-says-it-struck-alleged-drug-trafficking-vessel-in-pacific-killing-two?traffic_source=rss already exists.
2026-03-21 07:12:29,668 - INFO - [Al Jazeera] Early skip: URL https://www.aljazeera.com/video/the-take-2/2026/3/20/aje-onl-aj_tt_irn_whatdoeseudo_av_v2-200326?traffic_source=rss already exists.
2026-03-21 07:12:29,670 - INFO - [Al Jazeera] Early skip: URL https://www.aljazeera.com/video/inside-story/2026/3/20/what-are-the-risks-of-turning-energy-sites-into-battlefields?traffic_source=rss already exists.
2026-03-21 07:12:29,671 - INFO - [Al Jazeera] Early skip: URL https://www.aljazeera.com/news/2026/3/20/qatarenergy-ceo-says-warned-us-industry-officials-against-attack-on-energy?traffic_source=rss already exists.
2026-03-21 07:12:29,673 - INFO - [Al Jazeera] Article: https://www.aljazeera.com/video/newsfeed/2026/3/20/trump-no-iranian-leaders-left-to-talk-to-says-war-going-extremely?traffic_source=rss
2026-03-21 07:12:29,673 - INFO - [Al Jazeera] Attempt 1/2: Trying with 'requests_browser' strategy...
2026-03-21 07:12:29,711 - WARNING - [Al Jazeera] FAILED with 'requests_browser' (content was too short: 76 words).
2026-03-21 07:12:30,607 - INFO - DEDUPLICATION: Found match (Score: 0.99). Linking to Cluster ID: 8ae3a344-a827-4080-8fb3-c9cadd12c674
2026-03-21 07:12:30,609 - INFO - [Al Jazeera] Article: https://www.aljazeera.com/video/newsfeed/2026/3/20/trump-no-iranian-leaders-left-to-talk-to-says-war-going-extremely?traffic_source=rss
2026-03-21 07:12:30,609 - INFO - [Al Jazeera] Attempt 2/2: Trying with 'selenium_browser' strategy...
2026-03-21 07:12:31,661 - INFO - [Al Jazeera] Page content loaded.
2026-03-21 07:12:31,761 - WARNING - [Al Jazeera] FAILED with 'selenium_browser' (content was too short: 80 words).
2026-03-21 07:12:31,761 - ERROR - [Al Jazeera] All scrape strategies failed for https://www.aljazeera.com/video/newsfeed/2026/3/20/trump-no-iranian-leaders-left-to-talk-to-says-war-going-extremely?traffic_source=rss. Falling back to RSS description.
2026-03-21 07:12:31,761 - WARNING - SKIPPED (GLOBAL WORD LIMIT): Article 'Trump: No Iranian leaders left to talk to, says war going ‘extremely well’' from Al Jazeera has only 22 words (Min: 90).
2026-03-21 07:12:32,882 - INFO - >>> SUCCESSFULLY SAVED [ID: 43790] - President, PM call for greater unity among Muslims as nation marks Eidul Fitr in ‘testing times’ - Pakistan - DAWN.COM from The Dawn (778 words)
2026-03-21 07:12:33,214 - INFO - [Al Jazeera] Early skip: URL https://www.aljazeera.com/news/2026/3/20/sri-lanka-says-it-denied-us-request-to-land-two-aircraft-at-mattala-airport?traffic_source=rss already exists.
2026-03-21 07:12:33,216 - INFO - [Al Jazeera] Early skip: URL https://www.aljazeera.com/news/2026/3/20/walker-texas-ranger-star-and-martial-arts-icon-chuck-norris-dies-at-86?traffic_source=rss already exists.
2026-03-21 07:12:33,218 - INFO - [Al Jazeera] Early skip: URL https://www.aljazeera.com/news/2026/3/20/iranians-celebrate-persian-new-year-in-first-wartime-nowruz-in-decades?traffic_source=rss already exists.
2026-03-21 07:12:33,219 - INFO - [Al Jazeera] Early skip: URL https://www.aljazeera.com/video/featured-documentaries/2026/3/20/iran-from-khamenei-to-khamenei?traffic_source=rss already exists.
2026-03-21 07:12:33,220 - INFO - [Al Jazeera] Early skip: URL https://www.aljazeera.com/news/2026/3/20/trump-administration-seeks-billions-from-harvard-over-anti-semitism-claims?traffic_source=rss already exists.
2026-03-21 07:12:33,222 - INFO - [Al Jazeera] Article: https://www.aljazeera.com/video/newsfeed/2026/3/20/explosion-hits-jerusalems-old-city-after-iran-missile-alert?traffic_source=rss
2026-03-21 07:12:33,222 - INFO - [Al Jazeera] Attempt 1/2: Trying with 'requests_browser' strategy...
2026-03-21 07:12:33,292 - WARNING - [Al Jazeera] FAILED with 'requests_browser' (content was too short: 61 words).
2026-03-21 07:12:33,639 - INFO - [The Dawn] Early skip: URL https://www.dawn.com/news/1984191/trump-says-considering-winding-down-iran-war-but-rules-out-ceasefire already exists.
2026-03-21 07:12:33,641 - INFO - [The Dawn] Early skip: URL https://www.dawn.com/news/1984122/pm-shehbaz-rejects-recommendations-for-further-hike-in-petrol-diesel-prices already exists.
2026-03-21 07:12:33,642 - INFO - [The Dawn] Early skip: URL https://www.dawn.com/news/1984201/dubai-property-sector-shows-early-signs-of-weakness already exists.
2026-03-21 07:12:33,646 - INFO - [The Dawn] Article: https://www.dawn.com/news/1984210/us-stocks-skid-as-middle-east-turmoil-fans-inflation-fear
2026-03-21 07:12:33,646 - INFO - [The Dawn] Attempt 1/2: Trying with 'requests_browser' strategy...
2026-03-21 07:12:33,756 - ERROR - [The Dawn] Request failed for strategy 'requests_browser' on URL https://www.dawn.com/news/1984210/us-stocks-skid-as-middle-east-turmoil-fans-inflation-fear: 403 Client Error: Forbidden for url: https://www.dawn.com/news/1984210/us-stocks-skid-as-middle-east-turmoil-fans-inflation-fear
2026-03-21 07:12:34,025 - INFO - [Al Jazeera] Article: https://www.aljazeera.com/video/newsfeed/2026/3/20/explosion-hits-jerusalems-old-city-after-iran-missile-alert?traffic_source=rss
2026-03-21 07:12:34,025 - INFO - [Al Jazeera] Attempt 2/2: Trying with 'selenium_browser' strategy...
2026-03-21 07:12:34,376 - INFO - [The Dawn] Article: https://www.dawn.com/news/1984210/us-stocks-skid-as-middle-east-turmoil-fans-inflation-fear
2026-03-21 07:12:34,376 - INFO - [The Dawn] Attempt 2/2: Trying with 'selenium_browser' strategy...
2026-03-21 07:12:35,664 - INFO - [Al Jazeera] Page content loaded.
2026-03-21 07:12:35,827 - WARNING - [Al Jazeera] FAILED with 'selenium_browser' (content was too short: 65 words).
2026-03-21 07:12:35,827 - ERROR - [Al Jazeera] All scrape strategies failed for https://www.aljazeera.com/video/newsfeed/2026/3/20/explosion-hits-jerusalems-old-city-after-iran-missile-alert?traffic_source=rss. Falling back to RSS description.
2026-03-21 07:12:35,827 - WARNING - SKIPPED (GLOBAL WORD LIMIT): Article 'Explosion hits Jerusalem’s Old City after Iran missile alert' from Al Jazeera has only 15 words (Min: 90).
2026-03-21 07:12:36,782 - INFO - [Al Jazeera] Early skip: URL https://www.aljazeera.com/news/2026/3/20/cuba-categorically-rejects-prospect-of-removing-diaz-canel-in-us-talks?traffic_source=rss already exists.
2026-03-21 07:12:36,784 - INFO - [Al Jazeera] (Thread) Finished. Attempting to shut down its Selenium driver.
2026-03-21 07:12:36,971 - INFO - [Al Jazeera] (Thread) driver.quit() successful.
2026-03-21 07:13:02,035 - INFO - >>> SUCCESSFULLY SAVED [ID: 43791] - Israel deliberately targeting medical facilities in south Lebanon, say health workers | Lebanon | The Guardian from The Guardian (1247 words)
2026-03-21 07:13:02,978 - INFO - [The Guardian] Early skip: URL https://www.theguardian.com/us-news/2026/mar/20/us-sanctions-iranian-oil already exists.
2026-03-21 07:13:02,980 - INFO - [The Guardian] Early skip: URL https://www.theguardian.com/world/2026/mar/21/iran-war-conflict-middle-east-trump-israel already exists.
2026-03-21 07:13:02,983 - INFO - [The Guardian] Early skip: URL https://www.theguardian.com/world/live/2026/mar/20/iran-war-live-updates-oil-prices-israel-netanyahu-ground-component-us-tensions-hormuz already exists.
2026-03-21 07:13:02,985 - INFO - [The Guardian] Early skip: URL https://www.theguardian.com/environment/2026/mar/20/weather-tracker-unseasonal-storms-hit-parts-of-pakistan-and-india already exists.
2026-03-21 07:13:02,987 - INFO - [The Guardian] Early skip: URL https://www.theguardian.com/film/2026/mar/19/indian-film-board-blocks-release-of-oscar-nominated-gaza-drama-the-voice-of-hind-rajab already exists.
2026-03-21 07:13:02,988 - INFO - [The Guardian] Early skip: URL https://www.theguardian.com/world/2026/mar/19/india-liquefied-petroleum-gas-lpg-supply-chain-disruption-iran-conflict already exists.
2026-03-21 07:13:02,989 - INFO - [The Guardian] Early skip: URL https://www.theguardian.com/world/2026/mar/18/afghans-search-for-loved-ones-kabul-rehab-centre-pakistan-airstrike already exists.
2026-03-21 07:13:02,991 - INFO - [The Guardian] Early skip: URL https://www.theguardian.com/world/2026/mar/18/pakistan-hopes-cost-airstrikes-taliban-protect-terror-attacks already exists.
2026-03-21 07:13:02,992 - INFO - [The Guardian] Article: https://www.theguardian.com/politics/2026/mar/21/department-of-health-retracts-claim-sunbeds-dangerous-as-smoking
2026-03-21 07:13:02,993 - INFO - [The Guardian] Attempt 1/1: Trying with 'requests_browser' strategy...
2026-03-21 07:13:03,141 - INFO - [The Guardian] Success with 'requests_browser'. Found content (447 words).
2026-03-21 07:13:19,307 - WARNING - [The Dawn] Page get timed out (7s). Proceeding to grab partial source anyway.
2026-03-21 07:13:19,318 - INFO - [The Dawn] Page content loaded.
2026-03-21 07:13:19,438 - INFO - [The Dawn] Success with 'selenium_browser'. Found content (778 words).
2026-03-21 07:13:28,251 - INFO - >>> SUCCESSFULLY SAVED [ID: 43792] - Global markets to remain driven by West Asia conflict, Fed neutral guidance reflects uncertainty: Report - The Economic Times from Economic Times (460 words)
2026-03-21 07:13:29,565 - INFO - [Economic Times] Article: https://economictimes.indiatimes.com/markets/stocks/news/dont-panic-stay-invested-nses-harish-ahuja-advices-retail-investors-amid-global-market-volatility/articleshow/129714256.cms
2026-03-21 07:13:29,566 - INFO - [Economic Times] Attempt 1/2: Trying with 'requests_browser' strategy...
2026-03-21 07:13:29,847 - ERROR - parsed tree length: 1, wrong data type or not valid HTML
2026-03-21 07:13:29,847 - ERROR - empty HTML tree: None
2026-03-21 07:13:29,847 - WARNING - discarding data: None
2026-03-21 07:13:29,847 - WARNING - [Economic Times] FAILED with 'requests_browser' (content was too short: 0 words).
2026-03-21 07:13:30,388 - INFO - [Economic Times] Article: https://economictimes.indiatimes.com/markets/stocks/news/dont-panic-stay-invested-nses-harish-ahuja-advices-retail-investors-amid-global-market-volatility/articleshow/129714256.cms
2026-03-21 07:13:30,388 - INFO - [Economic Times] Attempt 2/2: Trying with 'selenium_browser' strategy...
2026-03-21 07:13:36,713 - INFO - [Economic Times] Page content loaded.
2026-03-21 07:13:38,142 - INFO - [Economic Times] Success with 'selenium_browser'. Found content (354 words).
2026-03-21 07:13:56,835 - INFO - >>> SUCCESSFULLY SAVED [ID: 43793] - Department of Health retracts claim sunbeds are as dangerous as smoking | Health policy | The Guardian from The Guardian (447 words)
2026-03-21 07:13:57,867 - INFO - [The Guardian] Article: https://www.theguardian.com/politics/2026/mar/21/british-teenagers-stranded-abroad-dual-national-rules-home-office-passports
2026-03-21 07:13:57,867 - INFO - [The Guardian] Attempt 1/1: Trying with 'requests_browser' strategy...
2026-03-21 07:13:58,000 - INFO - [The Guardian] Success with 'requests_browser'. Found content (800 words).
2026-03-21 07:14:18,177 - INFO - DEDUPLICATION: Found match (Score: 1.00). Linking to Cluster ID: 8ae3a344-a827-4080-8fb3-c9cadd12c674
2026-03-21 07:14:20,404 - INFO - >>> SUCCESSFULLY SAVED [ID: 43794] - President, PM call for greater unity among Muslims as nation marks Eidul Fitr in ‘testing times’ - Pakistan - DAWN.COM from The Dawn (778 words)
2026-03-21 07:14:21,417 - INFO - [The Dawn] Article: https://www.dawn.com/news/1984209/gold-falls-18pc-after-report-of-us-sending-more-troops-to-middle-east
2026-03-21 07:14:21,417 - INFO - [The Dawn] Attempt 1/2: Trying with 'requests_browser' strategy...
2026-03-21 07:14:21,481 - ERROR - [The Dawn] Request failed for strategy 'requests_browser' on URL https://www.dawn.com/news/1984209/gold-falls-18pc-after-report-of-us-sending-more-troops-to-middle-east: 403 Client Error: Forbidden for url: https://www.dawn.com/news/1984209/gold-falls-18pc-after-report-of-us-sending-more-troops-to-middle-east
2026-03-21 07:14:22,207 - INFO - [The Dawn] Article: https://www.dawn.com/news/1984209/gold-falls-18pc-after-report-of-us-sending-more-troops-to-middle-east
2026-03-21 07:14:22,207 - INFO - [The Dawn] Attempt 2/2: Trying with 'selenium_browser' strategy...
2026-03-21 07:14:24,928 - INFO - [The Dawn] Page content loaded.
2026-03-21 07:14:25,044 - INFO - [The Dawn] Success with 'selenium_browser'. Found content (304 words).
2026-03-21 07:14:53,797 - INFO - >>> SUCCESSFULLY SAVED [ID: 43795] - Don't panic, stay invested: NSE's Harish Ahuja advices retail investors amid global market volatility - The Economic Times from Economic Times (354 words)
2026-03-21 07:14:54,972 - INFO - [Economic Times] Article: https://economictimes.indiatimes.com/markets/stocks/news/metals-to-shine-hindustan-copper-tata-steel-other-stocks-plunge-up-to-14-in-one-month-what-lies-ahead/articleshow/129714250.cms
2026-03-21 07:14:54,972 - INFO - [Economic Times] Attempt 1/2: Trying with 'requests_browser' strategy...
2026-03-21 07:14:55,282 - ERROR - parsed tree length: 1, wrong data type or not valid HTML
2026-03-21 07:14:55,282 - ERROR - empty HTML tree: None
2026-03-21 07:14:55,282 - WARNING - discarding data: None
2026-03-21 07:14:55,282 - WARNING - [Economic Times] FAILED with 'requests_browser' (content was too short: 0 words).
2026-03-21 07:14:56,150 - INFO - [Economic Times] Article: https://economictimes.indiatimes.com/markets/stocks/news/metals-to-shine-hindustan-copper-tata-steel-other-stocks-plunge-up-to-14-in-one-month-what-lies-ahead/articleshow/129714250.cms
2026-03-21 07:14:56,150 - INFO - [Economic Times] Attempt 2/2: Trying with 'selenium_browser' strategy...
2026-03-21 07:14:59,280 - INFO - [Economic Times] Page content loaded.
2026-03-21 07:15:00,127 - INFO - [Economic Times] Success with 'selenium_browser'. Found content (687 words).
2026-03-21 07:15:21,607 - INFO - >>> SUCCESSFULLY SAVED [ID: 43796] - More British teenagers stranded abroad as result of new rules on dual nationals | Home Office | The Guardian from The Guardian (800 words)
2026-03-21 07:15:22,520 - INFO - [The Guardian] Article: https://www.theguardian.com/uk-news/ng-interactive/2026/mar/21/how-meningitis-broke-out-kent-university-nightclub
2026-03-21 07:15:22,520 - INFO - [The Guardian] Attempt 1/1: Trying with 'requests_browser' strategy...
2026-03-21 07:15:22,661 - INFO - [The Guardian] Success with 'requests_browser'. Found content (1537 words).
2026-03-21 07:15:45,766 - INFO - >>> SUCCESSFULLY SAVED [ID: 43797] - Gold falls 1.8pc after report of US sending more troops to Middle East - World - DAWN.COM from The Dawn (304 words)
2026-03-21 07:15:47,262 - INFO - [The Dawn] Early skip: URL https://www.dawn.com/news/1983873/plan-to-restore-original-names-of-city-roads-streets-and-historic-colleges already exists.
2026-03-21 07:15:47,264 - INFO - [The Dawn] Early skip: URL https://www.dawn.com/news/1983964/wedding-plans-in-limbo-as-sindh-govt-restricts-guest-numbers-to-200 already exists.
2026-03-21 07:15:47,265 - INFO - [The Dawn] Early skip: URL https://www.dawn.com/news/1984175/6-held-in-karachi-as-nccia-busts-call-centre-targeting-foreigners already exists.
2026-03-21 07:15:47,266 - INFO - [The Dawn] Early skip: URL https://www.dawn.com/news/1983811/trophy-hunter-mistakenly-kills-juvenile-ibex-in-upper-chitral already exists.
2026-03-21 07:15:47,268 - INFO - [The Dawn] Early skip: URL https://www.dawn.com/news/1983912/digital-channels-account-for-92pc-of-retail-payments already exists.
2026-03-21 07:15:47,269 - INFO - [The Dawn] Early skip: URL https://www.dawn.com/news/1983903/balochistan-police-arrest-497-proclaimed-offenders already exists.
2026-03-21 07:15:47,270 - INFO - [The Dawn] Early skip: URL https://www.dawn.com/news/1983861/rs48m-fine-imposed-on-937-vehicles-for-overloading already exists.
2026-03-21 07:15:47,272 - INFO - [The Dawn] Early skip: URL https://www.dawn.com/news/1984126/supreme-leader-mojtaba-denies-irans-role-in-attacks-in-oman-turkiye-dubs-them-false-flag-tactic already exists.
2026-03-21 07:15:47,273 - INFO - [The Dawn] Early skip: URL https://www.dawn.com/news/1984068/amid-iftar-row-uks-nigel-farage-says-would-ban-mass-prayer-events-at-historic-british-sites-if-he-became-pm already exists.
2026-03-21 07:15:47,274 - INFO - [The Dawn] Early skip: URL https://www.dawn.com/news/1984038/calls-for-de-escalation-in-middle-east-as-pm-shehbaz-speaks-to-several-world-leaders already exists.
2026-03-21 07:15:47,275 - INFO - [The Dawn] Early skip: URL https://www.dawn.com/news/1984065/5-arrested-terrorist-plot-targeting-railway-tracks-in-karachi-foiled-sindh-ctd already exists.
2026-03-21 07:15:47,277 - INFO - [The Dawn] Early skip: URL https://www.dawn.com/news/1983904/brain-drain-affecting-higher-education already exists.
2026-03-21 07:15:47,278 - INFO - [The Dawn] Early skip: URL https://www.dawn.com/news/1984062/jerusalems-muslims-despair-on-eidul-fitr-as-access-to-al-aqsa-mosque-denied-amid-us-israeli-war-on-iran already exists.
2026-03-21 07:15:47,279 - INFO - [The Dawn] Early skip: URL https://www.dawn.com/news/1984004/pakistan-lashes-out-at-india-for-weaponisation-of-water-over-baseless-allegations-at-un already exists.
2026-03-21 07:15:47,280 - INFO - [The Dawn] Early skip: URL https://www.dawn.com/news/1983219/smokers-corner-the-myth-of-unity already exists.
2026-03-21 07:15:47,282 - INFO - [The Dawn] Early skip: URL https://www.dawn.com/news/1983941/whose-fear-counts already exists.
2026-03-21 07:15:47,283 - INFO - [The Dawn] Early skip: URL https://www.dawn.com/news/1983938/sombre-eid already exists.
2026-03-21 07:15:47,284 - INFO - [The Dawn] Early skip: URL https://www.dawn.com/news/1984035/rain-likely-in-karachi-other-sindh-cities-on-1st-day-of-eid-pmd already exists.
2026-03-21 07:15:47,285 - INFO - [The Dawn] Early skip: URL https://www.dawn.com/news/1984005/govt-rubbishes-afghan-talibans-frivolous-claim-of-pakistan-violating-truce already exists.
2026-03-21 07:15:47,286 - INFO - [The Dawn] Early skip: URL https://www.dawn.com/news/1984130/war-diary-day-21-muted-nowruz-eid-in-iran already exists.
2026-03-21 07:15:47,290 - INFO - [The Dawn] (Thread) Finished. Attempting to shut down its Selenium driver.
2026-03-21 07:15:47,474 - INFO - [The Dawn] (Thread) driver.quit() successful.
2026-03-21 07:16:08,564 - INFO - >>> SUCCESSFULLY SAVED [ID: 43798] - Metals to shine? Hindustan Copper, Tata Steel, other stocks plunge up to 14% in one month; what lies ahead? - The Economic Times from Economic Times (687 words)
2026-03-21 07:16:09,864 - INFO - [Economic Times] Article: https://economictimes.indiatimes.com/markets/digital-real-estate/realty-news/dubai-realty-slows-amid-geopolitical-shocks-india-emerges-as-preferred-investment-destination-suggest-experts/articleshow/129714203.cms
2026-03-21 07:16:09,864 - INFO - [Economic Times] Attempt 1/2: Trying with 'requests_browser' strategy...
2026-03-21 07:16:10,164 - ERROR - parsed tree length: 1, wrong data type or not valid HTML
2026-03-21 07:16:10,165 - ERROR - empty HTML tree: None
2026-03-21 07:16:10,165 - WARNING - discarding data: None
2026-03-21 07:16:10,165 - WARNING - [Economic Times] FAILED with 'requests_browser' (content was too short: 0 words).
2026-03-21 07:16:10,730 - INFO - [Economic Times] Article: https://economictimes.indiatimes.com/markets/digital-real-estate/realty-news/dubai-realty-slows-amid-geopolitical-shocks-india-emerges-as-preferred-investment-destination-suggest-experts/articleshow/129714203.cms
2026-03-21 07:16:10,730 - INFO - [Economic Times] Attempt 2/2: Trying with 'selenium_browser' strategy...
2026-03-21 07:16:12,316 - INFO - [Economic Times] Page content loaded.
2026-03-21 07:16:12,576 - INFO - [Economic Times] Success with 'selenium_browser'. Found content (816 words).
2026-03-21 07:16:33,199 - INFO - >>> SUCCESSFULLY SAVED [ID: 43799] - ‘Something I’ve never felt since Covid. It was scarier’: the shock and pain of Kent’s meningitis outbreak | Kent | The Guardian from The Guardian (1537 words)
2026-03-21 07:16:33,920 - INFO - [The Guardian] Early skip: URL https://www.theguardian.com/sport/2026/mar/20/coroner-cannot-be-satisfied-that-ricky-hatton-intended-to-take-his-own-life already exists.
2026-03-21 07:16:33,922 - INFO - [The Guardian] Early skip: URL https://www.theguardian.com/media/2026/mar/20/former-bbc-womans-hour-presenter-jenni-murray-dies-aged-75 already exists.
2026-03-21 07:16:33,923 - INFO - [The Guardian] Early skip: URL https://www.theguardian.com/us-news/2026/mar/20/hawaii-oahu-flash-floods already exists.
2026-03-21 07:16:33,924 - INFO - [The Guardian] Early skip: URL https://www.theguardian.com/us-news/live/2026/mar/20/trump-mandelson-starmer-supreme-court-iran-us-politics-latest-news-updates already exists.
2026-03-21 07:16:33,925 - INFO - [The Guardian] Early skip: URL https://www.theguardian.com/tv-and-radio/2026/mar/20/nicholas-brendon-buffy-the-vampire-slayer-actor-dies already exists.
2026-03-21 07:16:33,927 - INFO - [The Guardian] Early skip: URL https://www.theguardian.com/technology/2026/mar/20/elon-musk-twitter-investors-lawsuit already exists.
2026-03-21 07:16:33,928 - INFO - [The Guardian] Early skip: URL https://www.theguardian.com/us-news/2026/mar/20/homeland-security-bill-senate already exists.
2026-03-21 07:16:55,253 - INFO - >>> SUCCESSFULLY SAVED [ID: 43800] - Dubai realty slows amid geopolitical shocks; India emerges as preferred investment destination, suggest experts - The Economic Times from Economic Times (816 words)
2026-03-21 07:16:56,203 - INFO - [Economic Times] Article: https://economictimes.indiatimes.com/mf/analysis/planning-child-education-with-mutual-funds-expert-suggests-right-fund-mix-and-key-portfolio-tweaks/articleshow/129714167.cms
2026-03-21 07:16:56,203 - INFO - [Economic Times] Attempt 1/2: Trying with 'requests_browser' strategy...
2026-03-21 07:16:57,620 - ERROR - parsed tree length: 1, wrong data type or not valid HTML
2026-03-21 07:16:57,621 - ERROR - empty HTML tree: None
2026-03-21 07:16:57,621 - WARNING - discarding data: None
2026-03-21 07:16:57,621 - WARNING - [Economic Times] FAILED with 'requests_browser' (content was too short: 0 words).
2026-03-21 07:16:58,162 - INFO - [Economic Times] Article: https://economictimes.indiatimes.com/mf/analysis/planning-child-education-with-mutual-funds-expert-suggests-right-fund-mix-and-key-portfolio-tweaks/articleshow/129714167.cms
2026-03-21 07:16:58,163 - INFO - [Economic Times] Attempt 2/2: Trying with 'selenium_browser' strategy...
2026-03-21 07:17:01,024 - INFO - [Economic Times] Page content loaded.
2026-03-21 07:17:01,194 - INFO - [Economic Times] Success with 'selenium_browser'. Found content (730 words).
2026-03-21 07:17:19,480 - CRITICAL - --- TIMEOUT: 1 scrape jobs did not complete in 300s. ---
2026-03-21 07:17:19,480 - ERROR - A thread has timed out and will be abandoned.
2026-03-21 07:17:19,480 - INFO - Shutting down thread pool (wait=False)...
2026-03-21 07:17:19,480 - INFO - Scraped: 3 The Dawn, 0 Times of India, 0 BBC, 1 Al Jazeera, 5 The Guardian, 0 TechCrunch, 0 The Hindu, 1 Timed_Out_Jobs articles. (Total saved: 9)
2026-03-21 07:17:19,480 - INFO - --- Scraping job finished ---
2026-03-21 07:17:19,480 - INFO - --- Scraper service stopped. ---
2026-03-21 07:17:19,480 - INFO - --- Main thread finished. Forcing process exit to kill zombie threads. ---
