2025-12-04 22:23:49,263 - INFO - Loading AI Semantic Model (all-MiniLM-L6-v2)...
2025-12-04 22:23:49,264 - INFO - Use pytorch device_name: cpu
2025-12-04 22:23:49,264 - INFO - Load pretrained SentenceTransformer: all-MiniLM-L6-v2
2025-12-04 22:23:50,585 - INFO - AI Model loaded successfully.
2025-12-04 22:23:50,585 - INFO - Initializing database connection at: news_articles.db
2025-12-04 22:23:50,586 - INFO - --- Scraper service started (CI Mode: Run Once) ---
2025-12-04 22:23:50,586 - INFO - --- Starting new scraping job (Parallel Mode) ---
2025-12-04 22:23:50,586 - INFO - Creating new robust session with 3 retries on 5xx/connection/read errors.
2025-12-04 22:23:50,586 - INFO - Proxy is DISABLED.
2025-12-04 22:23:50,586 - INFO - Starting scrape for BBC RSS feed: http://feeds.bbci.co.uk/news/world/rss.xml
2025-12-04 22:23:50,587 - INFO - [Times of India] (Thread) requires Selenium. Initializing driver...
2025-12-04 22:23:50,587 - INFO - Initializing headless Selenium Chrome driver (using SeleniumManager)...
2025-12-04 22:23:50,588 - INFO - Starting scrape for The Guardian RSS feed: https://www.theguardian.com/world/rss
2025-12-04 22:23:50,590 - INFO - [The Hindu] (Thread) requires Selenium. Initializing driver...
2025-12-04 22:23:50,590 - INFO - Initializing headless Selenium Chrome driver (using SeleniumManager)...
2025-12-04 22:23:50,590 - INFO - Submitted 4 jobs to thread pool. Waiting up to 300s for completion...
2025-12-04 22:23:50,741 - INFO - Found 45 articles in The Guardian RSS feed. Processing up to 20.
2025-12-04 22:23:50,742 - INFO - [The Guardian] Article: https://www.theguardian.com/world/2025/dec/04/us-eu-critical-minerals-project-drc-report-lobito-corridor
2025-12-04 22:23:50,742 - INFO - [The Guardian] Attempt 1/1: Trying with 'requests_browser' strategy...
2025-12-04 22:23:50,768 - INFO - [The Guardian] Success with 'requests_browser'. Found content (813 words).
2025-12-04 22:23:50,803 - INFO - Duplicate article skipped: US and EU critical minerals project could displace thousands in DRC – report | Democratic Republic of the Congo | The Guardian from The Guardian
2025-12-04 22:23:50,996 - INFO - Found 46 articles in BBC RSS feed. Processing up to 20.
2025-12-04 22:23:50,997 - INFO - [BBC] Article: https://www.bbc.com/news/articles/cgexgwr1wrro?at_medium=RSS&at_campaign=rss
2025-12-04 22:23:50,997 - INFO - [BBC] Attempt 1/1: Trying with 'requests_browser' strategy...
2025-12-04 22:23:51,141 - INFO - [BBC] Success with 'requests_browser'. Found content (809 words).
2025-12-04 22:23:51,175 - INFO - Duplicate article skipped: Putin says Russia will take Donbas by force or Ukraine's troops will withdraw from BBC
2025-12-04 22:23:51,555 - INFO - [The Guardian] Article: https://www.theguardian.com/global-development/2025/dec/04/aid-cuts-africa-uganda-stops-refugee-status-eritreans-somalis-ethiopians
2025-12-04 22:23:51,555 - INFO - [The Guardian] Attempt 1/1: Trying with 'requests_browser' strategy...
2025-12-04 22:23:51,578 - INFO - [The Guardian] Success with 'requests_browser'. Found content (587 words).
2025-12-04 22:23:51,613 - INFO - Duplicate article skipped: Uganda stops granting refugee status for Eritreans, Somalis and Ethiopians | Global development | The Guardian from The Guardian
2025-12-04 22:23:51,889 - INFO - [BBC] Article: https://www.bbc.com/news/articles/cj4q2vpggr9o?at_medium=RSS&at_campaign=rss
2025-12-04 22:23:51,889 - INFO - [BBC] Attempt 1/1: Trying with 'requests_browser' strategy...
2025-12-04 22:23:51,927 - INFO - [BBC] Success with 'requests_browser'. Found content (1436 words).
2025-12-04 22:23:51,964 - INFO - Duplicate article skipped: India-Russia: Why Putin and Modi are meeting in Delhi from BBC
2025-12-04 22:23:53,068 - INFO - [The Guardian] Article: https://www.theguardian.com/artanddesign/2025/dec/04/ibrahim-mahama-ghana-tops-artreview-power-list
2025-12-04 22:23:53,068 - INFO - [The Guardian] Attempt 1/1: Trying with 'requests_browser' strategy...
2025-12-04 22:23:53,091 - INFO - [The Guardian] Success with 'requests_browser'. Found content (604 words).
2025-12-04 22:23:53,135 - INFO - Duplicate article skipped: Ghana’s Ibrahim Mahama first African to top annual art power list | Art | The Guardian from The Guardian
2025-12-04 22:23:53,462 - INFO - [BBC] Article: https://www.bbc.com/news/articles/cde6d8wyp79o?at_medium=RSS&at_campaign=rss
2025-12-04 22:23:53,462 - INFO - [BBC] Attempt 1/1: Trying with 'requests_browser' strategy...
2025-12-04 22:23:53,498 - INFO - [BBC] Success with 'requests_browser'. Found content (813 words).
2025-12-04 22:23:53,674 - INFO - Duplicate article skipped: Ireland among countries boycotting Eurovision after Israel allowed to compete from BBC
2025-12-04 22:23:54,048 - INFO - [The Guardian] Article: https://www.theguardian.com/uk-news/2025/dec/03/british-troops-accused-of-human-rights-violations-environmental-destruction-and-sexual-abuse-in-kenya
2025-12-04 22:23:54,048 - INFO - [The Guardian] Attempt 1/1: Trying with 'requests_browser' strategy...
2025-12-04 22:23:54,207 - INFO - [The Guardian] Success with 'requests_browser'. Found content (772 words).
2025-12-04 22:23:54,253 - INFO - Duplicate article skipped: British troops accused of human rights violations and sexual abuse in Kenya | British army | The Guardian from The Guardian
2025-12-04 22:23:54,967 - INFO - [BBC] Article: https://www.bbc.com/news/articles/cz0nd088e09o?at_medium=RSS&at_campaign=rss
2025-12-04 22:23:54,967 - INFO - [BBC] Attempt 1/1: Trying with 'requests_browser' strategy...
2025-12-04 22:23:54,993 - INFO - [BBC] Success with 'requests_browser'. Found content (555 words).
2025-12-04 22:23:55,553 - INFO - [The Guardian] Article: https://www.theguardian.com/global-development/2025/dec/03/whistleblower-accuses-foreign-office-of-censoring-warning-of-sudan-genocide
2025-12-04 22:23:55,553 - INFO - [The Guardian] Attempt 1/1: Trying with 'requests_browser' strategy...
2025-12-04 22:23:55,610 - INFO - [The Guardian] Success with 'requests_browser'. Found content (1465 words).
2025-12-04 22:24:00,129 - INFO - Selenium driver initialized successfully.
2025-12-04 22:24:00,130 - INFO - Starting scrape for Times of India RSS feed: https://timesofindia.indiatimes.com/rssfeeds/296589292.cms
2025-12-04 22:24:00,131 - INFO - Selenium driver initialized successfully.
2025-12-04 22:24:00,131 - INFO - Starting scrape for The Hindu RSS feed: https://www.thehindu.com/news/national/feeder/default.rss
2025-12-04 22:24:00,255 - INFO - Found 20 articles in Times of India RSS feed. Processing up to 20.
2025-12-04 22:24:00,255 - INFO - [Times of India] Article: https://timesofindia.indiatimes.com/world/us-streamers/hasanabi-blasts-asmongold-ethan-klein-destiny-for-hyping-free-kaya-sniper/articleshow/125775312.cms
2025-12-04 22:24:00,255 - INFO - [Times of India] Attempt 1/1: Trying with 'selenium_browser' strategy...
2025-12-04 22:24:01,026 - INFO - Found 100 articles in The Hindu RSS feed. Processing up to 20.
2025-12-04 22:24:01,026 - INFO - [The Hindu] Article: https://www.thehindu.com/news/national/jharkhand/government-stands-firmly-with-the-youth-at-every-step-hemant-soren/article70358073.ece
2025-12-04 22:24:01,027 - INFO - [The Hindu] Attempt 1/1: Trying with 'selenium_browser' strategy...
2025-12-04 22:24:08,134 - INFO - [The Hindu] Page content loaded.
2025-12-04 22:24:08,413 - INFO - [The Hindu] Success with 'selenium_browser'. Found content (540 words).
2025-12-04 22:24:21,459 - INFO - Saved article: Yasser Abu Shabab: Anti-Hamas militia leader killed in Gaza from BBC
2025-12-04 22:24:21,460 - INFO - Duplicate article skipped: Whistleblower accuses Foreign Office of ‘censoring’ warning of Sudan genocide | Global development | The Guardian from The Guardian
2025-12-04 22:24:22,181 - INFO - [BBC] Article: https://www.bbc.com/news/articles/c4gk7gz3d1eo?at_medium=RSS&at_campaign=rss
2025-12-04 22:24:22,181 - INFO - [BBC] Attempt 1/1: Trying with 'requests_browser' strategy...
2025-12-04 22:24:22,243 - INFO - [The Guardian] Article: https://www.theguardian.com/us-news/2025/dec/04/video-second-boat-strike-military-caribbean
2025-12-04 22:24:22,243 - INFO - [The Guardian] Attempt 1/1: Trying with 'requests_browser' strategy...
2025-12-04 22:24:22,286 - INFO - [BBC] Success with 'requests_browser'. Found content (756 words).
2025-12-04 22:24:22,357 - INFO - [The Guardian] Success with 'requests_browser'. Found content (1292 words).
2025-12-04 22:24:38,864 - INFO - Saved article: Government stands firmly with the youth at every step: Hemant Soren - The Hindu from The Hindu
2025-12-04 22:24:39,527 - INFO - [The Hindu] Article: https://www.thehindu.com/news/national/west-bengal/presidents-rule-would-have-been-imposed-in-west-bengal-had-we-not-gone-ahead-with-sir-says-mamata/article70358841.ece
2025-12-04 22:24:39,527 - INFO - [The Hindu] Attempt 1/1: Trying with 'selenium_browser' strategy...
2025-12-04 22:24:44,839 - INFO - [The Hindu] Page content loaded.
2025-12-04 22:24:44,991 - INFO - [The Hindu] Success with 'selenium_browser'. Found content (494 words).
2025-12-04 22:24:55,646 - INFO - Saved article: 'All Israeli people are with us', say parents of last dead hostage in Gaza from BBC
2025-12-04 22:24:55,646 - INFO - Duplicate article skipped: Experts urge release of boat strike video as US admiral denies ‘kill them all’ order | US military | The Guardian from The Guardian
2025-12-04 22:24:56,340 - INFO - [The Guardian] Article: https://www.theguardian.com/us-news/2025/dec/04/student-describes-horror-show-ice-deportation-to-honduras-at-thanksgiving
2025-12-04 22:24:56,340 - INFO - [The Guardian] Attempt 1/1: Trying with 'requests_browser' strategy...
2025-12-04 22:24:56,537 - INFO - [The Guardian] Success with 'requests_browser'. Found content (1024 words).
2025-12-04 22:24:56,903 - INFO - [BBC] Article: https://www.bbc.com/news/articles/c157n1g977go?at_medium=RSS&at_campaign=rss
2025-12-04 22:24:56,903 - INFO - [BBC] Attempt 1/1: Trying with 'requests_browser' strategy...
2025-12-04 22:24:56,958 - INFO - [BBC] Success with 'requests_browser'. Found content (1110 words).
2025-12-04 22:25:09,841 - INFO - Saved article: President’s rule would have been imposed in West Bengal had we not gone ahead with SIR says Mamata - The Hindu from The Hindu
2025-12-04 22:25:09,841 - INFO - Duplicate article skipped: Student describes ‘horror show’ ICE deportation to Honduras at Thanksgiving | ICE (US Immigration and Customs Enforcement) | The Guardian from The Guardian
2025-12-04 22:25:09,841 - INFO - Duplicate article skipped: 'Like first aid for manuscripts': Recovery work begins at Gaza's war-damaged heritage sites from BBC
2025-12-04 22:25:10,480 - INFO - [The Guardian] Article: https://www.theguardian.com/us-news/2025/dec/04/venezuela-boat-strikes-legality-hegseth
2025-12-04 22:25:10,480 - INFO - [The Guardian] Attempt 1/1: Trying with 'requests_browser' strategy...
2025-12-04 22:25:10,505 - INFO - [The Guardian] Success with 'requests_browser'. Found content (1449 words).
2025-12-04 22:25:10,546 - INFO - Duplicate article skipped: Killing of survivors sparks outrage – but entire US ‘drug boat’ war is legally shaky | US military | The Guardian from The Guardian
2025-12-04 22:25:10,613 - INFO - [The Hindu] Article: https://www.thehindu.com/news/national/bihar/my-name-is-samrat-choudhary-not-bulldozer-bihar-dy-cm/article70357701.ece
2025-12-04 22:25:10,613 - INFO - [The Hindu] Attempt 1/1: Trying with 'selenium_browser' strategy...
2025-12-04 22:25:11,185 - INFO - [BBC] Article: https://www.bbc.com/news/articles/cjrjn88jqn4o?at_medium=RSS&at_campaign=rss
2025-12-04 22:25:11,185 - INFO - [BBC] Attempt 1/1: Trying with 'requests_browser' strategy...
2025-12-04 22:25:11,240 - INFO - [BBC] Success with 'requests_browser'. Found content (1048 words).
2025-12-04 22:25:11,306 - INFO - Duplicate article skipped: Trump hosts signing of peace deal between leaders of DR Congo and Rwanda from BBC
2025-12-04 22:25:11,352 - INFO - [The Hindu] Page content loaded.
2025-12-04 22:25:11,429 - INFO - [The Hindu] Success with 'selenium_browser'. Found content (332 words).
2025-12-04 22:25:11,529 - INFO - Duplicate article skipped: My name is Samrat Choudhary, not bulldozer: Bihar Dy CM - The Hindu from The Hindu
2025-12-04 22:25:11,541 - INFO - [The Guardian] Article: https://www.theguardian.com/us-news/2025/dec/03/epstein-caribbean-island-new-photo-video-release
2025-12-04 22:25:11,541 - INFO - [The Guardian] Attempt 1/1: Trying with 'requests_browser' strategy...
2025-12-04 22:25:11,588 - INFO - [The Guardian] Success with 'requests_browser'. Found content (373 words).
2025-12-04 22:25:11,662 - INFO - Duplicate article skipped: House Democrats release new images of Epstein’s private Caribbean island | Jeffrey Epstein | The Guardian from The Guardian
2025-12-04 22:25:12,229 - INFO - [BBC] Article: https://www.bbc.com/news/articles/c62d8v6jpwzo?at_medium=RSS&at_campaign=rss
2025-12-04 22:25:12,229 - INFO - [BBC] Attempt 1/1: Trying with 'requests_browser' strategy...
2025-12-04 22:25:12,304 - INFO - [BBC] Success with 'requests_browser'. Found content (817 words).
2025-12-04 22:25:12,569 - INFO - [The Guardian] Article: https://www.theguardian.com/world/2025/dec/03/colombia-trump-warning-military-threat
2025-12-04 22:25:12,569 - INFO - [The Guardian] Attempt 1/1: Trying with 'requests_browser' strategy...
2025-12-04 22:25:12,579 - INFO - Duplicate article skipped: Police arrest suspect in DC pipe bomb incident, ending years-long manhunt from BBC
2025-12-04 22:25:12,598 - INFO - [The Guardian] Success with 'requests_browser'. Found content (612 words).
2025-12-04 22:25:12,639 - INFO - Duplicate article skipped: Colombia’s president warns Trump: ‘Do not wake the jaguar’ with threats of military strikes | Colombia | The Guardian from The Guardian
2025-12-04 22:25:13,007 - INFO - [The Hindu] Article: https://www.thehindu.com/news/national/manipur/ex-manipur-cm-flags-existential-crisis-amid-poppy-cultivation/article70357824.ece
2025-12-04 22:25:13,007 - INFO - [The Hindu] Attempt 1/1: Trying with 'selenium_browser' strategy...
2025-12-04 22:25:13,754 - INFO - [The Guardian] Article: https://www.theguardian.com/world/2025/dec/04/nauru-australia-offshore-processing-asylum-seekers-conditions-hunger-declining-health
2025-12-04 22:25:13,754 - INFO - [The Guardian] Attempt 1/1: Trying with 'requests_browser' strategy...
2025-12-04 22:25:13,792 - INFO - [The Guardian] Success with 'requests_browser'. Found content (883 words).
2025-12-04 22:25:13,855 - INFO - Duplicate article skipped: ‘Day by day I lose weight’: asylum seekers on Nauru get $115 a week, but a bag of grapes costs $20 | Nauru | The Guardian from The Guardian
2025-12-04 22:25:13,879 - INFO - [The Hindu] Page content loaded.
2025-12-04 22:25:13,886 - INFO - [BBC] Article: https://www.bbc.com/news/articles/c62n6y9yd70o?at_medium=RSS&at_campaign=rss
2025-12-04 22:25:13,886 - INFO - [BBC] Attempt 1/1: Trying with 'requests_browser' strategy...
2025-12-04 22:25:13,928 - INFO - [BBC] Success with 'requests_browser'. Found content (473 words).
2025-12-04 22:25:13,988 - INFO - Duplicate article skipped: Israel strikes south Lebanon after first direct talks in decades from BBC
2025-12-04 22:25:14,012 - INFO - [The Hindu] Success with 'selenium_browser'. Found content (535 words).
2025-12-04 22:25:14,093 - INFO - Duplicate article skipped: Ex-Manipur CM flags ‘existential crisis’ amid poppy cultivation - The Hindu from The Hindu
2025-12-04 22:25:15,006 - INFO - [The Guardian] Article: https://www.theguardian.com/world/2025/dec/04/thailand-scam-cyberscam-crackdown-arrests-south-east-asia
2025-12-04 22:25:15,006 - INFO - [The Guardian] Attempt 1/1: Trying with 'requests_browser' strategy...
2025-12-04 22:25:15,039 - INFO - [The Guardian] Success with 'requests_browser'. Found content (575 words).
2025-12-04 22:25:15,080 - INFO - Duplicate article skipped: Thailand seizes more than $300m in assets and issues 42 arrest warrants in cyberscam crackdown | Thailand | The Guardian from The Guardian
2025-12-04 22:25:15,086 - INFO - [BBC] Article: https://www.bbc.com/news/articles/cnv21vnyy9lo?at_medium=RSS&at_campaign=rss
2025-12-04 22:25:15,086 - INFO - [BBC] Attempt 1/1: Trying with 'requests_browser' strategy...
2025-12-04 22:25:15,109 - INFO - [BBC] Success with 'requests_browser'. Found content (199 words).
2025-12-04 22:25:15,211 - INFO - [The Hindu] Article: https://www.thehindu.com/news/national/probe-ordered-into-poisonous-gas-leak-from-underground-mines-in-dhanbad-locals-to-shift/article70359152.ece
2025-12-04 22:25:15,211 - INFO - [The Hindu] Attempt 1/1: Trying with 'selenium_browser' strategy...
2025-12-04 22:25:16,439 - INFO - [The Guardian] Article: https://www.theguardian.com/news/2025/dec/04/hong-kong-fire-death-toll-protective-netting-remove
2025-12-04 22:25:16,439 - INFO - [The Guardian] Attempt 1/1: Trying with 'requests_browser' strategy...
2025-12-04 22:25:16,482 - INFO - [The Guardian] Success with 'requests_browser'. Found content (689 words).
2025-12-04 22:25:18,640 - INFO - [The Hindu] Page content loaded.
2025-12-04 22:25:18,794 - INFO - [The Hindu] Success with 'selenium_browser'. Found content (420 words).
2025-12-04 22:25:29,659 - INFO - Saved article: USGS alert sent for Nevada earthquake that did not happen from BBC
2025-12-04 22:25:29,659 - INFO - Duplicate article skipped: Hong Kong warns ‘external forces’ working to exploit apartment fire, as death toll rises to 159 | Hong Kong apartment fires | The Guardian from The Guardian
2025-12-04 22:25:29,659 - INFO - Duplicate article skipped: Probe ordered into 'poisonous gas leak' from underground mines in Dhanbad; locals to shift - The Hindu from The Hindu
2025-12-04 22:25:30,615 - INFO - [The Hindu] Article: https://www.thehindu.com/news/national/kerala/sir-essential-to-ensure-sanctity-of-future-elections-suresh-gopi/article70359150.ece
2025-12-04 22:25:30,615 - INFO - [The Hindu] Attempt 1/1: Trying with 'selenium_browser' strategy...
2025-12-04 22:25:30,671 - INFO - [The Guardian] Article: https://www.theguardian.com/world/2025/dec/03/eu-strategy-raw-materials-rare-earths-supply-chain-resourceeu
2025-12-04 22:25:30,671 - INFO - [The Guardian] Attempt 1/1: Trying with 'requests_browser' strategy...
2025-12-04 22:25:30,752 - INFO - [The Guardian] Success with 'requests_browser'. Found content (725 words).
2025-12-04 22:25:30,848 - INFO - Duplicate article skipped: EU looks at legally forcing industries to reduce purchases from China | Mining | The Guardian from The Guardian
2025-12-04 22:25:31,044 - INFO - [BBC] Article: https://www.bbc.com/news/articles/cwyv7ggqpjpo?at_medium=RSS&at_campaign=rss
2025-12-04 22:25:31,044 - INFO - [BBC] Attempt 1/1: Trying with 'requests_browser' strategy...
2025-12-04 22:25:31,094 - INFO - [BBC] Success with 'requests_browser'. Found content (918 words).
2025-12-04 22:25:31,159 - INFO - Duplicate article skipped: Mange Kimambi: Tanzanian activist blocked from Instagram after mobilising election protests from BBC
2025-12-04 22:25:31,252 - INFO - [The Hindu] Page content loaded.
2025-12-04 22:25:31,337 - INFO - [The Hindu] Success with 'selenium_browser'. Found content (119 words).
2025-12-04 22:25:31,406 - INFO - [The Guardian] Article: https://www.theguardian.com/business/2025/dec/03/hsbc-appoints-interim-chair-brendan-nelson-to-permanent-role
2025-12-04 22:25:31,412 - INFO - [The Guardian] Attempt 1/1: Trying with 'requests_browser' strategy...
2025-12-04 22:25:31,436 - INFO - Duplicate article skipped: SIR essential to ensure sanctity of future elections: Suresh Gopi - The Hindu from The Hindu
2025-12-04 22:25:31,604 - INFO - [The Guardian] Success with 'requests_browser'. Found content (605 words).
2025-12-04 22:25:31,681 - INFO - Duplicate article skipped: HSBC appoints interim chair Brendan Nelson to permanent role | HSBC | The Guardian from The Guardian
2025-12-04 22:25:32,130 - INFO - [BBC] Article: https://www.bbc.com/news/articles/cp84y7jx2pzo?at_medium=RSS&at_campaign=rss
2025-12-04 22:25:32,130 - INFO - [BBC] Attempt 1/1: Trying with 'requests_browser' strategy...
2025-12-04 22:25:32,159 - INFO - [BBC] Success with 'requests_browser'. Found content (357 words).
2025-12-04 22:25:32,216 - INFO - Duplicate article skipped: South Korea: Government developing app showing real-time location of stalkers from BBC
2025-12-04 22:25:32,352 - INFO - [The Hindu] Article: https://www.thehindu.com/news/national/karnataka/kc-general-hospital-gets-advanced-cbnaat-machine-to-speed-up-tb-diagnosis/article70358154.ece
2025-12-04 22:25:32,352 - INFO - [The Hindu] Attempt 1/1: Trying with 'selenium_browser' strategy...
2025-12-04 22:25:32,575 - INFO - [The Guardian] Article: https://www.theguardian.com/australia-news/live/2025/dec/05/australia-news-live-skydivers-strike-aukus-review-anika-wells-travel-social-media-age-ban-coalition-labor-ntwnfb
2025-12-04 22:25:32,575 - INFO - [The Guardian] Attempt 1/1: Trying with 'requests_browser' strategy...
2025-12-04 22:25:33,050 - INFO - [The Guardian] Success with 'requests_browser'. Found content (2085 words).
2025-12-04 22:25:33,147 - INFO - Duplicate article skipped: Australia news live: properties lost as Tasmania’s Dolphin Sands bushfire continues to burn; ‘severe’ heatwave hits NSW | Australia news | The Guardian from The Guardian
2025-12-04 22:25:33,254 - INFO - [The Hindu] Page content loaded.
2025-12-04 22:25:33,465 - INFO - [BBC] Article: https://www.bbc.com/news/articles/c4g5rrlve33o?at_medium=RSS&at_campaign=rss
2025-12-04 22:25:33,466 - INFO - [BBC] Attempt 1/1: Trying with 'requests_browser' strategy...
2025-12-04 22:25:33,561 - INFO - [The Hindu] Success with 'selenium_browser'. Found content (354 words).
2025-12-04 22:25:33,612 - INFO - [BBC] Success with 'requests_browser'. Found content (1003 words).
2025-12-04 22:25:33,731 - INFO - Duplicate article skipped: KC General Hospital gets advanced CBNAAT machine to speed up TB diagnosis - The Hindu from The Hindu
2025-12-04 22:25:33,736 - INFO - Duplicate article skipped: Previously unseen images of Jeffrey Epstein's island released from BBC
2025-12-04 22:25:34,358 - INFO - [The Guardian] Article: https://www.theguardian.com/australia-news/2025/dec/05/australia-skydivers-strike
2025-12-04 22:25:34,358 - INFO - [The Guardian] Attempt 1/1: Trying with 'requests_browser' strategy...
2025-12-04 22:25:34,613 - INFO - [The Guardian] Success with 'requests_browser'. Found content (404 words).
2025-12-04 22:25:35,004 - INFO - [BBC] Article: https://www.bbc.com/news/articles/cd6x2j4g3z7o?at_medium=RSS&at_campaign=rss
2025-12-04 22:25:35,004 - INFO - [BBC] Attempt 1/1: Trying with 'requests_browser' strategy...
2025-12-04 22:25:35,050 - INFO - [BBC] Success with 'requests_browser'. Found content (696 words).
2025-12-04 22:25:35,208 - INFO - [The Hindu] Article: https://www.thehindu.com/news/national/karnataka/maheshwar-rao-inspects-south-bengaluru-metro-corridor-works/article70358223.ece
2025-12-04 22:25:35,208 - INFO - [The Hindu] Attempt 1/1: Trying with 'selenium_browser' strategy...
2025-12-04 22:25:36,434 - INFO - [The Hindu] Page content loaded.
2025-12-04 22:25:36,658 - INFO - [The Hindu] Success with 'selenium_browser'. Found content (225 words).
2025-12-04 22:25:50,401 - INFO - DEDUPLICATION: Found match (Score: 0.80). Linking to Cluster ID: b706a4e8-08cc-4f5b-bf2e-1b3adee90cd8
2025-12-04 22:25:50,403 - INFO - Saved article: Skydivers go on strike in three Australian states and claim pay has plummeted | Australia news | The Guardian from The Guardian
2025-12-04 22:25:50,403 - INFO - Duplicate article skipped: Israel says Palestinian groups returned body of Thai hostage from BBC
2025-12-04 22:25:50,403 - INFO - Duplicate article skipped: Maheshwar Rao inspects South Bengaluru metro corridor works - The Hindu from The Hindu
2025-12-04 22:25:51,256 - INFO - [The Guardian] Article: https://www.theguardian.com/business/2025/dec/04/labor-urged-to-target-gas-exporters-and-bring-in-east-coast-reserve-right-now-as-it-weighs-schemes-design
2025-12-04 22:25:51,256 - INFO - [The Guardian] Attempt 1/1: Trying with 'requests_browser' strategy...
2025-12-04 22:25:51,418 - INFO - [The Guardian] Success with 'requests_browser'. Found content (758 words).
2025-12-04 22:25:51,468 - INFO - Duplicate article skipped: Labor urged to target gas exporters and bring in east coast reserve ‘right now’ as it weighs scheme’s design | Gas | The Guardian from The Guardian
2025-12-04 22:25:51,710 - INFO - [The Hindu] Article: https://www.thehindu.com/news/national/kerala/how-deportee-was-allowed-to-walk-free-asks-hc-on-suraj-lama-missing-case/article70358444.ece
2025-12-04 22:25:51,710 - INFO - [The Hindu] Attempt 1/1: Trying with 'selenium_browser' strategy...
2025-12-04 22:25:51,798 - INFO - [BBC] Article: https://www.bbc.com/news/articles/cqjg7w8z7dvo?at_medium=RSS&at_campaign=rss
2025-12-04 22:25:51,798 - INFO - [BBC] Attempt 1/1: Trying with 'requests_browser' strategy...
2025-12-04 22:25:52,037 - INFO - [BBC] Success with 'requests_browser'. Found content (387 words).
2025-12-04 22:25:52,090 - INFO - Duplicate article skipped: Court sides with Adidas in appeal over Kanye West collaboration from BBC
2025-12-04 22:25:52,220 - INFO - [The Guardian] Article: https://www.theguardian.com/technology/2025/dec/04/hyperverse-bitcoin-rodney-us-court-australian-sam-lee-ntwnfb
2025-12-04 22:25:52,220 - INFO - [The Guardian] Attempt 1/1: Trying with 'requests_browser' strategy...
2025-12-04 22:25:52,425 - INFO - [The Guardian] Success with 'requests_browser'. Found content (855 words).
2025-12-04 22:25:52,508 - INFO - Duplicate article skipped: HyperVerse promoter ‘Bitcoin Rodney’ accuses Australian Sam Lee in US court of duping him with ‘elaborate deception’ | HyperVerse | The Guardian from The Guardian
2025-12-04 22:25:52,657 - INFO - [BBC] Article: https://www.bbc.com/news/articles/c5y9843engko?at_medium=RSS&at_campaign=rss
2025-12-04 22:25:52,657 - INFO - [BBC] Attempt 1/1: Trying with 'requests_browser' strategy...
2025-12-04 22:25:52,692 - INFO - [BBC] Success with 'requests_browser'. Found content (445 words).
2025-12-04 22:25:52,742 - INFO - Duplicate article skipped: Pritam Singh: Singapore court upholds opposition leader's conviction from BBC
2025-12-04 22:25:52,855 - INFO - [The Hindu] Page content loaded.
2025-12-04 22:25:52,901 - INFO - [The Hindu] Success with 'selenium_browser'. Found content (265 words).
2025-12-04 22:25:52,974 - INFO - Duplicate article skipped: How deportee was allowed to walk free, asks HC on Suraj Lama missing case - The Hindu from The Hindu
2025-12-04 22:25:53,380 - INFO - [BBC] Article: https://www.bbc.com/news/articles/cm2054rdv52o?at_medium=RSS&at_campaign=rss
2025-12-04 22:25:53,380 - INFO - [BBC] Attempt 1/1: Trying with 'requests_browser' strategy...
2025-12-04 22:25:53,563 - INFO - [BBC] Success with 'requests_browser'. Found content (1064 words).
2025-12-04 22:25:53,697 - INFO - Duplicate article skipped: Hong Kong fire survivor: 'My heart breaks every time I'm called a hero' from BBC
2025-12-04 22:25:53,942 - INFO - [The Guardian] Article: https://www.theguardian.com/australia-news/2025/dec/04/tasmanian-parliament-finally-approves-113bn-hobart-stadium-plan
2025-12-04 22:25:53,942 - INFO - [The Guardian] Attempt 1/1: Trying with 'requests_browser' strategy...
2025-12-04 22:25:54,112 - INFO - [The Guardian] Success with 'requests_browser'. Found content (544 words).
2025-12-04 22:25:54,166 - INFO - Duplicate article skipped: Tasmanian parliament finally approves $1.13bn Hobart stadium plan | Tasmania | The Guardian from The Guardian
2025-12-04 22:25:54,254 - INFO - [The Hindu] Article: https://www.thehindu.com/news/national/andhra-pradesh/andhra-pradesh-finalises-pg-course-fee-in-five-govt-medical-colleges/article70358628.ece
2025-12-04 22:25:54,255 - INFO - [The Hindu] Attempt 1/1: Trying with 'selenium_browser' strategy...
2025-12-04 22:25:54,401 - INFO - [BBC] Article: https://www.bbc.com/news/articles/cnv21m0zpjmo?at_medium=RSS&at_campaign=rss
2025-12-04 22:25:54,401 - INFO - [BBC] Attempt 1/1: Trying with 'requests_browser' strategy...
2025-12-04 22:25:54,442 - INFO - [BBC] Success with 'requests_browser'. Found content (270 words).
2025-12-04 22:25:54,495 - INFO - Duplicate article skipped: Gaza: Five killed in Israeli air strikes on tents near Khan Younis, medics say from BBC
2025-12-04 22:25:55,090 - INFO - [BBC] Article: https://www.bbc.com/news/articles/cpwk7xen544o?at_medium=RSS&at_campaign=rss
2025-12-04 22:25:55,090 - INFO - [BBC] Attempt 1/1: Trying with 'requests_browser' strategy...
2025-12-04 22:25:55,135 - INFO - [BBC] Success with 'requests_browser'. Found content (668 words).
2025-12-04 22:25:55,182 - INFO - Duplicate article skipped: Israel says Rafah crossing to open soon to let Gazans leave via Egypt from BBC
2025-12-04 22:25:55,287 - INFO - [The Hindu] Page content loaded.
2025-12-04 22:25:55,463 - INFO - [The Hindu] Success with 'selenium_browser'. Found content (283 words).
2025-12-04 22:25:55,552 - INFO - Duplicate article skipped: Andhra Pradesh finalises PG course fee in five govt. medical colleges - The Hindu from The Hindu
2025-12-04 22:25:55,917 - INFO - [BBC] Article: https://www.bbc.com/news/articles/c2lvzrve5lqo?at_medium=RSS&at_campaign=rss
2025-12-04 22:25:55,917 - INFO - [BBC] Attempt 1/1: Trying with 'requests_browser' strategy...
2025-12-04 22:25:55,997 - INFO - [BBC] Success with 'requests_browser'. Found content (371 words).
2025-12-04 22:25:56,094 - INFO - Duplicate article skipped: Federica Mogherini: Former EU top diplomat accused in fraud investigation from BBC
2025-12-04 22:25:56,740 - INFO - [The Hindu] Article: https://www.thehindu.com/news/national/parliament-approves-bill-to-levy-higher-excise-duty-on-tobacco/article70359130.ece
2025-12-04 22:25:56,740 - INFO - [The Hindu] Attempt 1/1: Trying with 'selenium_browser' strategy...
2025-12-04 22:25:57,788 - INFO - [The Hindu] Page content loaded.
2025-12-04 22:25:57,891 - INFO - [The Hindu] Success with 'selenium_browser'. Found content (627 words).
2025-12-04 22:25:57,978 - INFO - Duplicate article skipped: Parliament approves Bill to levy higher excise duty on tobacco - The Hindu from The Hindu
2025-12-04 22:25:58,795 - INFO - [The Hindu] Article: https://www.thehindu.com/news/national/andhra-pradesh/cruise-on-krishna-river-throws-light-on-evolution-of-village-deities/article70359094.ece
2025-12-04 22:25:58,795 - INFO - [The Hindu] Attempt 1/1: Trying with 'selenium_browser' strategy...
2025-12-04 22:25:59,713 - INFO - [The Hindu] Page content loaded.
2025-12-04 22:25:59,951 - INFO - [The Hindu] Success with 'selenium_browser'. Found content (308 words).
2025-12-04 22:26:00,058 - INFO - Duplicate article skipped: Cruise on Krishna river throws light on evolution of village deities - The Hindu from The Hindu
2025-12-04 22:26:00,359 - ERROR - [Times of India] Request failed for strategy 'selenium_browser' on URL https://timesofindia.indiatimes.com/world/us-streamers/hasanabi-blasts-asmongold-ethan-klein-destiny-for-hyping-free-kaya-sniper/articleshow/125775312.cms: HTTPConnectionPool(host='localhost', port=59643): Read timed out. (read timeout=120)
2025-12-04 22:26:00,359 - ERROR - [Times of India] All scrape strategies failed for https://timesofindia.indiatimes.com/world/us-streamers/hasanabi-blasts-asmongold-ethan-klein-destiny-for-hyping-free-kaya-sniper/articleshow/125775312.cms. Falling back to RSS description.
2025-12-04 22:26:00,361 - INFO - Duplicate article skipped: HasanAbi blasts Asmongold, Ethan Klein, Destiny for hyping “Free Kaya” sniper from Times of India
2025-12-04 22:26:00,628 - INFO - [The Hindu] Article: https://www.thehindu.com/news/national/andhra-pradesh/five-engineering-students-die-in-accident-on-nh-16-in-palnadu-district/article70358955.ece
2025-12-04 22:26:00,628 - INFO - [The Hindu] Attempt 1/1: Trying with 'selenium_browser' strategy...
2025-12-04 22:26:00,950 - INFO - [Times of India] Article: https://timesofindia.indiatimes.com/world/us/congressman-introduces-robinhood-act-targeting-billionaires-accuses-elon-musk-jeff-bezos-of-evading-taxes-hoarding-wealth/articleshow/125775249.cms
2025-12-04 22:26:00,950 - INFO - [Times of India] Attempt 1/1: Trying with 'selenium_browser' strategy...
2025-12-04 22:28:00,642 - ERROR - [The Hindu] Request failed for strategy 'selenium_browser' on URL https://www.thehindu.com/news/national/andhra-pradesh/five-engineering-students-die-in-accident-on-nh-16-in-palnadu-district/article70358955.ece: HTTPConnectionPool(host='localhost', port=42967): Read timed out. (read timeout=120)
2025-12-04 22:28:00,642 - ERROR - [The Hindu] All scrape strategies failed for https://www.thehindu.com/news/national/andhra-pradesh/five-engineering-students-die-in-accident-on-nh-16-in-palnadu-district/article70358955.ece. Falling back to RSS description.
2025-12-04 22:28:00,642 - INFO - Duplicate article skipped: Five engineering students die in accident on NH-16 in Palnadu district from The Hindu
2025-12-04 22:28:01,025 - ERROR - [Times of India] Request failed for strategy 'selenium_browser' on URL https://timesofindia.indiatimes.com/world/us/congressman-introduces-robinhood-act-targeting-billionaires-accuses-elon-musk-jeff-bezos-of-evading-taxes-hoarding-wealth/articleshow/125775249.cms: HTTPConnectionPool(host='localhost', port=59643): Read timed out. (read timeout=120)
2025-12-04 22:28:01,025 - ERROR - [Times of India] All scrape strategies failed for https://timesofindia.indiatimes.com/world/us/congressman-introduces-robinhood-act-targeting-billionaires-accuses-elon-musk-jeff-bezos-of-evading-taxes-hoarding-wealth/articleshow/125775249.cms. Falling back to RSS description.
2025-12-04 22:28:01,026 - INFO - Duplicate article skipped: Congressman introduces ‘Robinhood’ Act targeting billionaires; accuses Elon Musk, Jeff Bezos of evading taxes, hoarding wealth from Times of India
2025-12-04 22:28:01,567 - INFO - [Times of India] Article: https://timesofindia.indiatimes.com/world/us-streamers/whats-behind-the-free-kaya-slogan-that-crashed-hasanabis-livestream/articleshow/125775155.cms
2025-12-04 22:28:01,567 - INFO - [Times of India] Attempt 1/1: Trying with 'selenium_browser' strategy...
2025-12-04 22:28:01,641 - INFO - [The Hindu] Article: https://www.thehindu.com/news/national/tamil-nadu/doctors-perform-mechanical-thrombectomy-at-city-hospital/article70358889.ece
2025-12-04 22:28:01,641 - INFO - [The Hindu] Attempt 1/1: Trying with 'selenium_browser' strategy...
2025-12-04 22:28:50,590 - CRITICAL - --- TIMEOUT: 2 scrape jobs did not complete in 300s. ---
2025-12-04 22:28:50,590 - ERROR - A thread has timed out and will be abandoned.
2025-12-04 22:28:50,590 - ERROR - A thread has timed out and will be abandoned.
2025-12-04 22:28:50,590 - INFO - Shutting down thread pool (wait=False)...
2025-12-04 22:28:50,590 - INFO - Scraped: 1 The Guardian, 3 BBC, 2 Timed_Out_Jobs articles. (Total saved: 4)
2025-12-04 22:28:50,591 - INFO - --- Scraping job finished ---
2025-12-04 22:28:50,591 - INFO - --- Scraper service stopped and database connection closed. ---
2025-12-04 22:28:50,591 - INFO - --- Main thread finished. Forcing process exit to kill zombie threads. ---
