2026-05-02 13:21:21,472 - INFO - Loading AI Semantic Model (all-MiniLM-L6-v2)...
2026-05-02 13:21:21,472 - INFO - No device provided, using cpu
2026-05-02 13:21:21,601 - INFO - HTTP Request: HEAD https://huggingface.co/sentence-transformers/all-MiniLM-L6-v2/resolve/main/modules.json "HTTP/1.1 307 Temporary Redirect"
2026-05-02 13:21:21,625 - INFO - HTTP Request: HEAD https://huggingface.co/api/resolve-cache/models/sentence-transformers/all-MiniLM-L6-v2/c9745ed1d9f207416be6d2e6f8de32d1f16199bf/modules.json "HTTP/1.1 200 OK"
2026-05-02 13:21:21,658 - INFO - HTTP Request: HEAD https://huggingface.co/sentence-transformers/all-MiniLM-L6-v2/resolve/main/config_sentence_transformers.json "HTTP/1.1 307 Temporary Redirect"
2026-05-02 13:21:21,658 - WARNING - Warning: You are sending unauthenticated requests to the HF Hub. Please set a HF_TOKEN to enable higher rate limits and faster downloads.
2026-05-02 13:21:21,683 - INFO - HTTP Request: HEAD https://huggingface.co/api/resolve-cache/models/sentence-transformers/all-MiniLM-L6-v2/c9745ed1d9f207416be6d2e6f8de32d1f16199bf/config_sentence_transformers.json "HTTP/1.1 200 OK"
2026-05-02 13:21:21,684 - INFO - Loading SentenceTransformer model from sentence-transformers/all-MiniLM-L6-v2.
2026-05-02 13:21:21,735 - INFO - HTTP Request: HEAD https://huggingface.co/sentence-transformers/all-MiniLM-L6-v2/resolve/main/config_sentence_transformers.json "HTTP/1.1 307 Temporary Redirect"
2026-05-02 13:21:21,759 - INFO - HTTP Request: HEAD https://huggingface.co/api/resolve-cache/models/sentence-transformers/all-MiniLM-L6-v2/c9745ed1d9f207416be6d2e6f8de32d1f16199bf/config_sentence_transformers.json "HTTP/1.1 200 OK"
2026-05-02 13:21:21,798 - INFO - HTTP Request: HEAD https://huggingface.co/sentence-transformers/all-MiniLM-L6-v2/resolve/main/README.md "HTTP/1.1 307 Temporary Redirect"
2026-05-02 13:21:21,823 - INFO - HTTP Request: HEAD https://huggingface.co/api/resolve-cache/models/sentence-transformers/all-MiniLM-L6-v2/c9745ed1d9f207416be6d2e6f8de32d1f16199bf/README.md "HTTP/1.1 200 OK"
2026-05-02 13:21:21,855 - INFO - HTTP Request: HEAD https://huggingface.co/sentence-transformers/all-MiniLM-L6-v2/resolve/main/modules.json "HTTP/1.1 307 Temporary Redirect"
2026-05-02 13:21:21,879 - INFO - HTTP Request: HEAD https://huggingface.co/api/resolve-cache/models/sentence-transformers/all-MiniLM-L6-v2/c9745ed1d9f207416be6d2e6f8de32d1f16199bf/modules.json "HTTP/1.1 200 OK"
2026-05-02 13:21:21,914 - INFO - HTTP Request: HEAD https://huggingface.co/sentence-transformers/all-MiniLM-L6-v2/resolve/main/sentence_bert_config.json "HTTP/1.1 307 Temporary Redirect"
2026-05-02 13:21:21,938 - INFO - HTTP Request: HEAD https://huggingface.co/api/resolve-cache/models/sentence-transformers/all-MiniLM-L6-v2/c9745ed1d9f207416be6d2e6f8de32d1f16199bf/sentence_bert_config.json "HTTP/1.1 200 OK"
2026-05-02 13:21:21,974 - INFO - HTTP Request: HEAD https://huggingface.co/sentence-transformers/all-MiniLM-L6-v2/resolve/main/adapter_config.json "HTTP/1.1 404 Not Found"
2026-05-02 13:21:22,009 - INFO - HTTP Request: HEAD https://huggingface.co/sentence-transformers/all-MiniLM-L6-v2/resolve/main/config.json "HTTP/1.1 307 Temporary Redirect"
2026-05-02 13:21:22,033 - INFO - HTTP Request: HEAD https://huggingface.co/api/resolve-cache/models/sentence-transformers/all-MiniLM-L6-v2/c9745ed1d9f207416be6d2e6f8de32d1f16199bf/config.json "HTTP/1.1 200 OK"
2026-05-02 13:21:22,343 - INFO - HTTP Request: HEAD https://huggingface.co/sentence-transformers/all-MiniLM-L6-v2/resolve/main/processor_config.json "HTTP/1.1 404 Not Found"
2026-05-02 13:21:22,377 - INFO - HTTP Request: HEAD https://huggingface.co/sentence-transformers/all-MiniLM-L6-v2/resolve/main/preprocessor_config.json "HTTP/1.1 404 Not Found"
2026-05-02 13:21:22,412 - INFO - HTTP Request: HEAD https://huggingface.co/sentence-transformers/all-MiniLM-L6-v2/resolve/main/video_preprocessor_config.json "HTTP/1.1 404 Not Found"
2026-05-02 13:21:22,452 - INFO - HTTP Request: HEAD https://huggingface.co/sentence-transformers/all-MiniLM-L6-v2/resolve/main/preprocessor_config.json "HTTP/1.1 404 Not Found"
2026-05-02 13:21:22,486 - INFO - HTTP Request: HEAD https://huggingface.co/sentence-transformers/all-MiniLM-L6-v2/resolve/main/tokenizer_config.json "HTTP/1.1 307 Temporary Redirect"
2026-05-02 13:21:22,509 - INFO - HTTP Request: HEAD https://huggingface.co/api/resolve-cache/models/sentence-transformers/all-MiniLM-L6-v2/c9745ed1d9f207416be6d2e6f8de32d1f16199bf/tokenizer_config.json "HTTP/1.1 200 OK"
2026-05-02 13:21:22,544 - INFO - HTTP Request: HEAD https://huggingface.co/sentence-transformers/all-MiniLM-L6-v2/resolve/main/config.json "HTTP/1.1 307 Temporary Redirect"
2026-05-02 13:21:22,568 - INFO - HTTP Request: HEAD https://huggingface.co/api/resolve-cache/models/sentence-transformers/all-MiniLM-L6-v2/c9745ed1d9f207416be6d2e6f8de32d1f16199bf/config.json "HTTP/1.1 200 OK"
2026-05-02 13:21:22,602 - INFO - HTTP Request: HEAD https://huggingface.co/sentence-transformers/all-MiniLM-L6-v2/resolve/main/config.json "HTTP/1.1 307 Temporary Redirect"
2026-05-02 13:21:22,626 - INFO - HTTP Request: HEAD https://huggingface.co/api/resolve-cache/models/sentence-transformers/all-MiniLM-L6-v2/c9745ed1d9f207416be6d2e6f8de32d1f16199bf/config.json "HTTP/1.1 200 OK"
2026-05-02 13:21:22,663 - INFO - HTTP Request: HEAD https://huggingface.co/sentence-transformers/all-MiniLM-L6-v2/resolve/main/tokenizer_config.json "HTTP/1.1 307 Temporary Redirect"
2026-05-02 13:21:22,686 - INFO - HTTP Request: HEAD https://huggingface.co/api/resolve-cache/models/sentence-transformers/all-MiniLM-L6-v2/c9745ed1d9f207416be6d2e6f8de32d1f16199bf/tokenizer_config.json "HTTP/1.1 200 OK"
2026-05-02 13:21:22,726 - INFO - HTTP Request: GET https://huggingface.co/api/models/sentence-transformers/all-MiniLM-L6-v2/tree/main/additional_chat_templates?recursive=false&expand=false "HTTP/1.1 404 Not Found"
2026-05-02 13:21:22,774 - INFO - HTTP Request: GET https://huggingface.co/api/models/sentence-transformers/all-MiniLM-L6-v2/tree/main?recursive=true&expand=false "HTTP/1.1 200 OK"
2026-05-02 13:21:22,846 - INFO - HTTP Request: HEAD https://huggingface.co/sentence-transformers/all-MiniLM-L6-v2/resolve/main/1_Pooling/config.json "HTTP/1.1 307 Temporary Redirect"
2026-05-02 13:21:22,870 - INFO - HTTP Request: HEAD https://huggingface.co/api/resolve-cache/models/sentence-transformers/all-MiniLM-L6-v2/c9745ed1d9f207416be6d2e6f8de32d1f16199bf/1_Pooling%2Fconfig.json "HTTP/1.1 200 OK"
2026-05-02 13:21:22,915 - INFO - HTTP Request: GET https://huggingface.co/api/models/sentence-transformers/all-MiniLM-L6-v2 "HTTP/1.1 200 OK"
2026-05-02 13:21:22,919 - INFO - AI Model loaded successfully.
2026-05-02 13:21:22,919 - INFO - --- Scraper service started (CI Mode: Run Once) ---
2026-05-02 13:21:22,919 - INFO - --- Starting new scraping job (Parallel Mode) ---
2026-05-02 13:21:22,919 - INFO - Connecting to Google Sheets...
2026-05-02 13:21:26,683 - INFO - Connected to Sheet: News Scrapper AI / Sheet1
2026-05-02 13:21:26,683 - INFO - Fetching existing data to build cache...
2026-05-02 13:21:44,820 - INFO - Loaded 55905 rows from sheet.
2026-05-02 13:21:45,832 - INFO - Cache built: 55905 URLs. Current MAX_ID: 56007
2026-05-02 13:21:45,839 - INFO - Creating new robust session with 3 retries on 5xx/connection/read errors.
2026-05-02 13:21:45,839 - INFO - Proxy is DISABLED.
2026-05-02 13:21:45,840 - INFO - Starting scrape for BBC RSS feed: http://feeds.bbci.co.uk/news/world/rss.xml
2026-05-02 13:21:45,841 - INFO - [Times of India] (Thread) requires Selenium. Initializing driver...
2026-05-02 13:21:45,841 - INFO - Starting scrape for The Guardian RSS feed: https://www.theguardian.com/world/rss
2026-05-02 13:21:45,842 - INFO - [The Hindu] (Thread) requires Selenium. Initializing driver...
2026-05-02 13:21:45,843 - INFO - [The Dawn] (Thread) requires Selenium. Initializing driver...
2026-05-02 13:21:45,843 - INFO - [Al Jazeera] (Thread) requires Selenium. Initializing driver...
2026-05-02 13:21:45,843 - INFO - Starting scrape for TechCrunch RSS feed: https://techcrunch.com/feed/
2026-05-02 13:21:45,845 - INFO - [Economic Times] (Thread) requires Selenium. Initializing driver...
2026-05-02 13:21:45,845 - INFO - Submitted 8 jobs to thread pool. Waiting up to 420s for completion...
2026-05-02 13:21:46,000 - INFO - Found 0 articles in TechCrunch RSS feed. Processing until 30 new articles are saved.
2026-05-02 13:21:46,015 - INFO - Found 40 articles in BBC RSS feed. Processing until 30 new articles are saved.
2026-05-02 13:21:46,015 - INFO - [BBC] Early skip: URL https://www.bbc.com/news/articles/c0729d374mxo?at_medium=RSS&at_campaign=rss already exists.
2026-05-02 13:21:46,016 - INFO - [BBC] Early skip: URL https://www.bbc.com/news/articles/c4g4xexy4w7o?at_medium=RSS&at_campaign=rss already exists.
2026-05-02 13:21:46,017 - INFO - [BBC] Early skip: URL https://www.bbc.com/news/articles/cd7pn0zywggo?at_medium=RSS&at_campaign=rss already exists.
2026-05-02 13:21:46,019 - INFO - [BBC] Early skip: URL https://www.bbc.com/news/articles/c202m54xp0mo?at_medium=RSS&at_campaign=rss already exists.
2026-05-02 13:21:46,020 - INFO - [BBC] Article: https://www.bbc.com/sport/formula1/articles/cvgz0kpxjpgo?at_medium=RSS&at_campaign=rss
2026-05-02 13:21:46,020 - INFO - [BBC] Attempt 1/1: Trying with 'requests_browser' strategy...
2026-05-02 13:21:46,155 - INFO - Found 45 articles in The Guardian RSS feed. Processing until 30 new articles are saved.
2026-05-02 13:21:46,156 - INFO - [The Guardian] Early skip: URL https://www.theguardian.com/global-development/2026/may/02/zambia-cancels-rightscon-summit-largest-human-rights-technology-conference already exists.
2026-05-02 13:21:46,157 - INFO - [The Guardian] Early skip: URL https://www.theguardian.com/global-development/2026/may/02/new-drug-coartem-baby-babies-malaria-who-treatment already exists.
2026-05-02 13:21:46,159 - INFO - [The Guardian] Early skip: URL https://www.theguardian.com/global-development/2026/may/01/sabastian-sawe-hero-welcome-kenya-sub-two-marathon already exists.
2026-05-02 13:21:46,160 - INFO - [The Guardian] Early skip: URL https://www.theguardian.com/global-development/2026/may/01/uganda-copying-russia-and-china-with-new-bill-designed-to-crush-dissent-say-critics already exists.
2026-05-02 13:21:46,162 - INFO - [The Guardian] Early skip: URL https://www.theguardian.com/global-development/2026/may/01/bae-lawsuit-scrap-support-aid-aircraft-encomm-aviation already exists.
2026-05-02 13:21:46,163 - INFO - [The Guardian] Early skip: URL https://www.theguardian.com/science/2026/may/02/germany-brazil-irritator-dinosaur-skull-restitution already exists.
2026-05-02 13:21:46,168 - INFO - [The Guardian] Early skip: URL https://www.theguardian.com/world/2026/may/02/cuba-trump-new-sanctions-economy already exists.
2026-05-02 13:21:46,169 - INFO - [The Guardian] Early skip: URL https://www.theguardian.com/us-news/2026/may/01/pope-former-undocumented-immigrant-bishop-west-virginia already exists.
2026-05-02 13:21:46,170 - INFO - [The Guardian] Early skip: URL https://www.theguardian.com/environment/2026/may/01/could-key-climate-talks-mark-ground-zero-in-global-push-to-ditch-fossil-fuels already exists.
2026-05-02 13:21:46,171 - INFO - [The Guardian] Early skip: URL https://www.theguardian.com/world/2026/may/01/antigua-barbuda-gaston-browne-win-election already exists.
2026-05-02 13:21:46,173 - INFO - [The Guardian] Early skip: URL https://www.theguardian.com/environment/2026/may/01/weather-tracker-tornadoes-and-giant-hail-in-central-us already exists.
2026-05-02 13:21:46,174 - INFO - [The Guardian] Early skip: URL https://www.theguardian.com/world/2026/apr/30/jailed-hong-kong-pro-democracy-activist-jimmy-lai-wins-freedom-of-speech-award-in-germany already exists.
2026-05-02 13:21:46,179 - INFO - [The Guardian] Early skip: URL https://www.theguardian.com/world/2026/apr/30/christchurch-gunman-shooter-mosque-attacker-appeal-fails-ntwnfb already exists.
2026-05-02 13:21:46,180 - INFO - [The Guardian] Early skip: URL https://www.theguardian.com/australia-news/2026/apr/30/student-allegedly-jailed-china-pro-democracy-protest-in-australia-human-rights-inquiry already exists.
2026-05-02 13:21:46,181 - INFO - [The Guardian] Early skip: URL https://www.theguardian.com/technology/2026/apr/29/uk-data-leaks-alibaba-biobank-health-records already exists.
2026-05-02 13:21:46,184 - INFO - [The Guardian] Early skip: URL https://www.theguardian.com/australia-news/2026/may/02/record-breaking-may-warmth-soon-to-blow-away-as-cold-front-moves-east already exists.
2026-05-02 13:21:46,188 - INFO - [The Guardian] Early skip: URL https://www.theguardian.com/australia-news/2026/may/02/kumanjayi-baby-girls-relatives-share-grief-at-child-ripped-away-as-nt-chief-minister-foreshadows-charges already exists.
2026-05-02 13:21:46,191 - INFO - [The Guardian] Early skip: URL https://www.theguardian.com/australia-news/2026/may/02/federal-government-accused-of-watering-down-proposal-to-protect-australias-threatened-species-and-ecosystems already exists.
2026-05-02 13:21:46,192 - INFO - [The Guardian] Early skip: URL https://www.theguardian.com/australia-news/live/2026/may/01/alice-springs-anthony-albanese-labor-angus-taylor-coalition-gaza-flotilla-politics-updates-ntwnfb already exists.
2026-05-02 13:21:46,194 - INFO - [The Guardian] Early skip: URL https://www.theguardian.com/australia-news/2026/may/01/nsw-deaths-custody-record-number-ntwnfb already exists.
2026-05-02 13:21:46,195 - INFO - [The Guardian] Early skip: URL https://www.theguardian.com/world/live/2026/may/02/us-israel-war-iran-germany-american-troops-donald-trump-middle-east-latest-news-updates already exists.
2026-05-02 13:21:46,196 - INFO - [The Guardian] Early skip: URL https://www.theguardian.com/environment/2026/may/02/humpback-whale-rescue-release-stranded-germany-baltic-coast already exists.
2026-05-02 13:21:46,198 - INFO - [The Guardian] Early skip: URL https://www.theguardian.com/uk-news/2026/may/02/asylum-seeker-sent-france-one-in-one-out-returned-syria already exists.
2026-05-02 13:21:46,202 - INFO - [The Guardian] Early skip: URL https://www.theguardian.com/music/2026/may/02/beatles-early-days-letters-photos-hamburg-exhibition already exists.
2026-05-02 13:21:46,206 - INFO - [The Guardian] Early skip: URL https://www.theguardian.com/news/2026/may/02/pressure-mounts-france-enslavement-reparatory-justice-framework already exists.
2026-05-02 13:21:46,208 - INFO - [The Guardian] Early skip: URL https://www.theguardian.com/world/2026/may/01/trump-iran-war-hostilities-letter already exists.
2026-05-02 13:21:46,211 - INFO - [The Guardian] Early skip: URL https://www.theguardian.com/world/2026/may/01/pakistan-backchannel-us-iran-deal-peace already exists.
2026-05-02 13:21:46,212 - INFO - [The Guardian] Early skip: URL https://www.theguardian.com/world/2026/apr/30/senate-republicans-block-trump-iran-war-halt already exists.
2026-05-02 13:21:46,215 - INFO - [The Guardian] Early skip: URL https://www.theguardian.com/world/2026/apr/30/israel-intercepts-detains-crews-gaza-aid-flotillas-crete already exists.
2026-05-02 13:21:46,216 - INFO - [The Guardian] Early skip: URL https://www.theguardian.com/world/2026/apr/30/oil-price-news-highest-since-2022-us-iran-ceasefire-strait-of-hormuz already exists.
2026-05-02 13:21:46,218 - INFO - [The Guardian] Early skip: URL https://www.theguardian.com/world/2026/apr/30/india-man-body-corpse-dead-sister-bank already exists.
2026-05-02 13:21:46,219 - INFO - [The Guardian] Early skip: URL https://www.theguardian.com/world/2026/apr/29/indian-billionaire-son-anant-ambani-offers-house-pablo-escobar-hippos already exists.
2026-05-02 13:21:46,221 - INFO - [The Guardian] Early skip: URL https://www.theguardian.com/world/2026/apr/28/sri-lanka-police-buddhist-monks-cannabis-kush-airport already exists.
2026-05-02 13:21:46,222 - INFO - [The Guardian] Early skip: URL https://www.theguardian.com/world/2026/apr/28/afghanistan-pakistan-kunar-university-attack-peace-talks already exists.
2026-05-02 13:21:46,223 - INFO - [The Guardian] Early skip: URL https://www.theguardian.com/environment/2026/apr/27/weather-tracker-torrential-rain-southern-china-flooding-fears-india-heatwave-canada-cold already exists.
2026-05-02 13:21:46,226 - INFO - [The Guardian] Article: https://www.theguardian.com/media/2026/may/02/winston-marshall-gb-news-owner-son-career-change-free-speech-youtube
2026-05-02 13:21:46,226 - INFO - [The Guardian] Attempt 1/1: Trying with 'requests_browser' strategy...
2026-05-02 13:21:46,393 - INFO - [BBC] Success with 'requests_browser'. Found content (603 words).
2026-05-02 13:21:46,483 - INFO - [The Guardian] Success with 'requests_browser'. Found content (1070 words).
2026-05-02 13:21:48,043 - INFO - Selenium driver initialized successfully (Eager load strategy, 7s timeout).
2026-05-02 13:21:48,043 - INFO - Starting scrape for The Dawn RSS feed: https://www.dawn.com/feeds/home
2026-05-02 13:21:48,135 - INFO - Selenium driver initialized successfully (Eager load strategy, 7s timeout).
2026-05-02 13:21:48,135 - INFO - Starting scrape for The Hindu RSS feed: https://www.thehindu.com/news/national/feeder/default.rss
2026-05-02 13:21:48,140 - INFO - Selenium driver initialized successfully (Eager load strategy, 7s timeout).
2026-05-02 13:21:48,140 - INFO - Starting scrape for Times of India RSS feed: https://timesofindia.indiatimes.com/rssfeeds/296589292.cms
2026-05-02 13:21:48,163 - INFO - Selenium driver initialized successfully (Eager load strategy, 7s timeout).
2026-05-02 13:21:48,164 - INFO - Starting scrape for Economic Times RSS feed: https://economictimes.indiatimes.com/rssfeedsdefault.cms
2026-05-02 13:21:48,177 - INFO - Selenium driver initialized successfully (Eager load strategy, 7s timeout).
2026-05-02 13:21:48,177 - INFO - Starting scrape for Al Jazeera RSS feed: https://www.aljazeera.com/xml/rss/all.xml
2026-05-02 13:21:48,275 - INFO - Found 24 articles in The Dawn RSS feed. Processing until 30 new articles are saved.
2026-05-02 13:21:48,278 - INFO - [The Dawn] Article: https://www.dawn.com/news/1996946/pakistan-slams-one-sided-remarks-by-british-diplomat-on-pak-afghan-border-situation
2026-05-02 13:21:48,278 - INFO - [The Dawn] Attempt 1/2: Trying with 'requests_browser' strategy...
2026-05-02 13:21:48,285 - INFO - Found 20 articles in Times of India RSS feed. Processing until 30 new articles are saved.
2026-05-02 13:21:48,286 - INFO - [Times of India] Article: https://timesofindia.indiatimes.com/world/rest-of-world/indian-origin-student-in-australia-in-disbelief-after-being-rejected-for-a-cashier-job-ive-done-a-three-year-degree-/articleshow/130715625.cms
2026-05-02 13:21:48,286 - INFO - [Times of India] Attempt 1/1: Trying with 'selenium_browser' strategy...
2026-05-02 13:21:48,341 - INFO - [The Dawn] Success with 'requests_browser'. Found content (676 words).
2026-05-02 13:21:48,456 - INFO - Found 25 articles in Al Jazeera RSS feed. Processing until 30 new articles are saved.
2026-05-02 13:21:48,457 - INFO - [Al Jazeera] Article: https://www.aljazeera.com/news/2026/5/2/israeli-air-strikes-kill-10-people-in-southern-lebanon?traffic_source=rss
2026-05-02 13:21:48,457 - INFO - [Al Jazeera] Attempt 1/2: Trying with 'requests_browser' strategy...
2026-05-02 13:21:48,460 - INFO - Found 60 articles in The Hindu RSS feed. Processing until 30 new articles are saved.
2026-05-02 13:21:48,460 - INFO - [The Hindu] Article: https://www.thehindu.com/news/national/ngt-order-warns-of-fines-to-southern-states-if-clean-air-funds-are-not-utilised/article70931405.ece
2026-05-02 13:21:48,460 - INFO - [The Hindu] Attempt 1/1: Trying with 'selenium_browser' strategy...
2026-05-02 13:21:48,522 - INFO - [Al Jazeera] Success with 'requests_browser'. Found content (722 words).
2026-05-02 13:21:48,636 - INFO - Found 76 articles in Economic Times RSS feed. Processing until 30 new articles are saved.
2026-05-02 13:21:48,637 - INFO - [Economic Times] Article: https://economictimes.indiatimes.com/markets/stocks/news/madhusudan-kelas-portfolio-5-stocks-rally-up-to-135-4-new-q4-bets-revealed/slideshow/130712698.cms
2026-05-02 13:21:48,637 - INFO - [Economic Times] Attempt 1/2: Trying with 'requests_browser' strategy...
2026-05-02 13:21:49,062 - INFO - [The Hindu] Page content loaded.
2026-05-02 13:21:49,208 - INFO - [Economic Times] Success with 'requests_browser'. Found content (572 words).
2026-05-02 13:21:49,407 - INFO - [The Hindu] Success with 'selenium_browser'. Found content (161 words).
2026-05-02 13:21:49,548 - INFO - [Times of India] Page content loaded.
2026-05-02 13:21:49,787 - INFO - [Times of India] Success with 'selenium_browser'. Found content (298 words).
2026-05-02 13:22:12,660 - INFO - DEDUPLICATION: Found match (Score: 0.87). Linking to Cluster ID: 98ddc8ca-7958-4c40-8846-330f45f02684
2026-05-02 13:22:15,144 - INFO - >>> SUCCESSFULLY SAVED [ID: 56008] - Alex Zanardi: Ex-F1 driver and Paralympic champion dies aged 59 - BBC Sport from BBC (603 words)
2026-05-02 13:22:16,544 - INFO - [BBC] Early skip: URL https://www.bbc.com/news/articles/cm2pmk0r3pjo?at_medium=RSS&at_campaign=rss already exists.
2026-05-02 13:22:16,545 - INFO - [BBC] Early skip: URL https://www.bbc.com/news/articles/cqxlnrqjvzyo?at_medium=RSS&at_campaign=rss already exists.
2026-05-02 13:22:16,546 - INFO - [BBC] Early skip: URL https://www.bbc.com/news/articles/c794zlx5lx8o?at_medium=RSS&at_campaign=rss already exists.
2026-05-02 13:22:16,547 - INFO - [BBC] Early skip: URL https://www.bbc.com/news/articles/c2k20z5yj3wo?at_medium=RSS&at_campaign=rss already exists.
2026-05-02 13:22:16,548 - INFO - [BBC] Early skip: URL https://www.bbc.com/news/articles/c3e283g80n4o?at_medium=RSS&at_campaign=rss already exists.
2026-05-02 13:22:16,550 - INFO - [BBC] Early skip: URL https://www.bbc.com/news/articles/cpwp50v4ye7o?at_medium=RSS&at_campaign=rss already exists.
2026-05-02 13:22:16,551 - INFO - [BBC] Early skip: URL https://www.bbc.com/news/articles/cz72j59znw3o?at_medium=RSS&at_campaign=rss already exists.
2026-05-02 13:22:16,552 - INFO - [BBC] Early skip: URL https://www.bbc.com/news/articles/cwy2x7rq3nqo?at_medium=RSS&at_campaign=rss already exists.
2026-05-02 13:22:16,553 - INFO - [BBC] Early skip: URL https://www.bbc.com/news/articles/cy02gnzlvkko?at_medium=RSS&at_campaign=rss already exists.
2026-05-02 13:22:16,554 - INFO - [BBC] Early skip: URL https://www.bbc.com/news/articles/c0m2z0k1gngo?at_medium=RSS&at_campaign=rss already exists.
2026-05-02 13:22:16,556 - INFO - [BBC] Early skip: URL https://www.bbc.com/news/articles/cd6pv55y51wo?at_medium=RSS&at_campaign=rss already exists.
2026-05-02 13:22:16,557 - INFO - [BBC] Early skip: URL https://www.bbc.com/news/articles/cz72j8eex4eo?at_medium=RSS&at_campaign=rss already exists.
2026-05-02 13:22:16,558 - INFO - [BBC] Early skip: URL https://www.bbc.com/news/articles/c202pl60kv9o?at_medium=RSS&at_campaign=rss already exists.
2026-05-02 13:22:16,559 - INFO - [BBC] Early skip: URL https://www.bbc.com/news/articles/cqlpvl3wx4qo?at_medium=RSS&at_campaign=rss already exists.
2026-05-02 13:22:16,560 - INFO - [BBC] Early skip: URL https://www.bbc.com/news/articles/cddp4j7p8pzo?at_medium=RSS&at_campaign=rss already exists.
2026-05-02 13:22:16,562 - INFO - [BBC] Early skip: URL https://www.bbc.com/news/articles/clyprzx10w2o?at_medium=RSS&at_campaign=rss already exists.
2026-05-02 13:22:16,563 - INFO - [BBC] Early skip: URL https://www.bbc.com/news/articles/cwy2v509217o?at_medium=RSS&at_campaign=rss already exists.
2026-05-02 13:22:16,564 - INFO - [BBC] Early skip: URL https://www.bbc.com/news/articles/cewp2ll1zljo?at_medium=RSS&at_campaign=rss already exists.
2026-05-02 13:22:16,565 - INFO - [BBC] Early skip: URL https://www.bbc.com/news/articles/clyp6r9dzedo?at_medium=RSS&at_campaign=rss already exists.
2026-05-02 13:22:16,566 - INFO - [BBC] Early skip: URL https://www.bbc.com/news/articles/cx21m88rd14o?at_medium=RSS&at_campaign=rss already exists.
2026-05-02 13:22:16,568 - INFO - [BBC] Early skip: URL https://www.bbc.com/news/articles/c78qdg4g80eo?at_medium=RSS&at_campaign=rss already exists.
2026-05-02 13:22:16,569 - INFO - [BBC] Early skip: URL https://www.bbc.com/sport/articles/cn0pd29x2ppo?at_medium=RSS&at_campaign=rss already exists.
2026-05-02 13:22:16,570 - INFO - [BBC] Early skip: URL https://www.bbc.com/news/articles/cd6w15vgp7lo?at_medium=RSS&at_campaign=rss already exists.
2026-05-02 13:22:16,571 - INFO - [BBC] Early skip: URL https://www.bbc.com/news/articles/ce9pz3grkjeo?at_medium=RSS&at_campaign=rss already exists.
2026-05-02 13:22:16,572 - INFO - [BBC] Early skip: URL https://www.bbc.com/news/articles/cp8pmnlejgro?at_medium=RSS&at_campaign=rss already exists.
2026-05-02 13:22:16,574 - INFO - [BBC] Early skip: URL https://www.bbc.com/news/articles/c3v2k3xvr04o?at_medium=RSS&at_campaign=rss already exists.
2026-05-02 13:22:16,575 - INFO - [BBC] Early skip: URL https://www.bbc.com/news/articles/c9werpgeyr1o?at_medium=RSS&at_campaign=rss already exists.
2026-05-02 13:22:16,576 - INFO - [BBC] Early skip: URL https://www.bbc.com/sport/articles/cglp42nnyeko?at_medium=RSS&at_campaign=rss already exists.
2026-05-02 13:22:16,577 - INFO - [BBC] Early skip: URL https://www.bbc.com/news/articles/c208yl1jkl7o?at_medium=RSS&at_campaign=rss already exists.
2026-05-02 13:22:16,578 - INFO - [BBC] Early skip: URL https://www.bbc.com/news/articles/cyv1zdey7pmo?at_medium=RSS&at_campaign=rss already exists.
2026-05-02 13:22:16,580 - INFO - [BBC] Early skip: URL https://www.bbc.com/news/videos/cy02lz849kdo?at_medium=RSS&at_campaign=rss already exists.
2026-05-02 13:22:16,581 - INFO - [BBC] Early skip: URL https://www.bbc.com/news/videos/c3e29dy701xo?at_medium=RSS&at_campaign=rss already exists.
2026-05-02 13:22:16,582 - INFO - [BBC] Early skip: URL https://www.bbc.com/news/videos/czd21r472nmo?at_medium=RSS&at_campaign=rss already exists.
2026-05-02 13:22:16,584 - INFO - [BBC] Article: https://www.bbc.com/news/videos/cglpkexdye1o?at_medium=RSS&at_campaign=rss
2026-05-02 13:22:16,584 - INFO - [BBC] Attempt 1/1: Trying with 'requests_browser' strategy...
2026-05-02 13:22:16,662 - WARNING - [BBC] FAILED with 'requests_browser' (content was too short: 47 words).
2026-05-02 13:22:16,662 - ERROR - [BBC] All scrape strategies failed for https://www.bbc.com/news/videos/cglpkexdye1o?at_medium=RSS&at_campaign=rss. Falling back to RSS description.
2026-05-02 13:22:16,662 - WARNING - SKIPPED (GLOBAL WORD LIMIT): Article 'Joy as record-breaking runner Sawe returns home' from BBC has only 19 words (Min: 90).
2026-05-02 13:22:17,332 - INFO - [BBC] Early skip: URL https://www.bbc.com/news/videos/c5y9wdprpyyo?at_medium=RSS&at_campaign=rss already exists.
2026-05-02 13:22:33,298 - INFO - >>> SUCCESSFULLY SAVED [ID: 56009] - From Mumford & Sons to ‘free speech’ YouTuber: Winston Marshall’s dramatic career change | Social media | The Guardian from The Guardian (1070 words)
2026-05-02 13:22:33,910 - INFO - [The Guardian] Article: https://www.theguardian.com/tv-and-radio/2026/may/02/celebrity-traitors-contestants-cast-confirmed-second-series
2026-05-02 13:22:33,911 - INFO - [The Guardian] Attempt 1/1: Trying with 'requests_browser' strategy...
2026-05-02 13:22:33,974 - INFO - [The Guardian] Success with 'requests_browser'. Found content (533 words).
2026-05-02 13:22:50,852 - INFO - >>> SUCCESSFULLY SAVED [ID: 56010] - Pakistan slams 'one-sided' remarks by British diplomat on Pak-Afghan border situation - Pakistan - DAWN.COM from The Dawn (676 words)
2026-05-02 13:22:52,317 - INFO - [The Dawn] Article: https://www.dawn.com/news/1996941/saudi-arabia-reverses-decision-setting-minimum-age-for-haj-pilgrims-at-15-years
2026-05-02 13:22:52,317 - INFO - [The Dawn] Attempt 1/2: Trying with 'requests_browser' strategy...
2026-05-02 13:22:52,361 - INFO - [The Dawn] Success with 'requests_browser'. Found content (287 words).
2026-05-02 13:23:06,526 - INFO - DEDUPLICATION: Found match (Score: 0.85). Linking to Cluster ID: 9375d416-958e-4e8f-a22a-444c47d561fb
2026-05-02 13:23:08,840 - INFO - >>> SUCCESSFULLY SAVED [ID: 56011] - Israeli air strikes kill 10 people in southern Lebanon | Israel attacks Lebanon News | Al Jazeera from Al Jazeera (722 words)
2026-05-02 13:23:09,871 - INFO - [Al Jazeera] Article: https://www.aljazeera.com/video/newsfeed/2026/5/2/flotilla-activists-return-to-istanbul-after-israel-detains-them-at-sea?traffic_source=rss
2026-05-02 13:23:09,871 - INFO - [Al Jazeera] Attempt 1/2: Trying with 'requests_browser' strategy...
2026-05-02 13:23:09,899 - WARNING - [Al Jazeera] FAILED with 'requests_browser' (content was too short: 53 words).
2026-05-02 13:23:10,835 - INFO - [Al Jazeera] Article: https://www.aljazeera.com/video/newsfeed/2026/5/2/flotilla-activists-return-to-istanbul-after-israel-detains-them-at-sea?traffic_source=rss
2026-05-02 13:23:10,835 - INFO - [Al Jazeera] Attempt 2/2: Trying with 'selenium_browser' strategy...
2026-05-02 13:23:11,845 - INFO - [Al Jazeera] Page content loaded.
2026-05-02 13:23:11,942 - WARNING - [Al Jazeera] FAILED with 'selenium_browser' (content was too short: 53 words).
2026-05-02 13:23:11,942 - ERROR - [Al Jazeera] All scrape strategies failed for https://www.aljazeera.com/video/newsfeed/2026/5/2/flotilla-activists-return-to-istanbul-after-israel-detains-them-at-sea?traffic_source=rss. Falling back to RSS description.
2026-05-02 13:23:11,942 - WARNING - SKIPPED (GLOBAL WORD LIMIT): Article 'Flotilla activists return to Istanbul after Israel detains them at sea' from Al Jazeera has only 17 words (Min: 90).
2026-05-02 13:23:12,457 - INFO - [Al Jazeera] Article: https://www.aljazeera.com/video/newsfeed/2026/5/2/rallies-under-way-as-workers-gather-for-international-labour-day-2?traffic_source=rss
2026-05-02 13:23:12,457 - INFO - [Al Jazeera] Attempt 1/2: Trying with 'requests_browser' strategy...
2026-05-02 13:23:12,493 - WARNING - [Al Jazeera] FAILED with 'requests_browser' (content was too short: 67 words).
2026-05-02 13:23:13,351 - INFO - [Al Jazeera] Article: https://www.aljazeera.com/video/newsfeed/2026/5/2/rallies-under-way-as-workers-gather-for-international-labour-day-2?traffic_source=rss
2026-05-02 13:23:13,352 - INFO - [Al Jazeera] Attempt 2/2: Trying with 'selenium_browser' strategy...
2026-05-02 13:23:14,143 - INFO - [Al Jazeera] Page content loaded.
2026-05-02 13:23:14,201 - WARNING - [Al Jazeera] FAILED with 'selenium_browser' (content was too short: 67 words).
2026-05-02 13:23:14,201 - ERROR - [Al Jazeera] All scrape strategies failed for https://www.aljazeera.com/video/newsfeed/2026/5/2/rallies-under-way-as-workers-gather-for-international-labour-day-2?traffic_source=rss. Falling back to RSS description.
2026-05-02 13:23:14,201 - WARNING - SKIPPED (GLOBAL WORD LIMIT): Article 'Rallies under way as workers gather for International Labour Day' from Al Jazeera has only 15 words (Min: 90).
2026-05-02 13:23:15,035 - INFO - [Al Jazeera] Early skip: URL https://www.aljazeera.com/news/2026/5/2/nato-assessing-details-of-us-troop-withdrawal-from-germany?traffic_source=rss already exists.
2026-05-02 13:23:15,036 - INFO - [Al Jazeera] Early skip: URL https://www.aljazeera.com/news/2026/5/2/trump-says-us-navy-acting-like-pirates-to-enforce-iran-blockade?traffic_source=rss already exists.
2026-05-02 13:23:15,038 - INFO - [Al Jazeera] Early skip: URL https://www.aljazeera.com/sports/2026/5/2/ex-formula-one-driver-turned-paralympic-champion-alex-zanardi-dies-aged-59?traffic_source=rss already exists.
2026-05-02 13:23:15,039 - INFO - [Al Jazeera] Early skip: URL https://www.aljazeera.com/news/2026/5/2/japans-takaichi-pledges-deeper-energy-cooperation-with-vietnam?traffic_source=rss already exists.
2026-05-02 13:23:15,040 - INFO - [Al Jazeera] Early skip: URL https://www.aljazeera.com/news/2026/5/2/spirit-airlines-begins-wind-down-cancels-all-flights-over-fuel-crisis?traffic_source=rss already exists.
2026-05-02 13:23:15,042 - INFO - [Al Jazeera] Early skip: URL https://www.aljazeera.com/news/2026/5/2/uks-starmer-eyes-banning-some-pro-palestine-protests?traffic_source=rss already exists.
2026-05-02 13:23:15,043 - INFO - [Al Jazeera] Early skip: URL https://www.aljazeera.com/features/2026/5/2/who-is-nayib-bukele-el-salvadors-coolest-dictator?traffic_source=rss already exists.
2026-05-02 13:23:15,045 - INFO - [Al Jazeera] Article: https://www.aljazeera.com/video/newsfeed/2026/5/2/chinas-un-envoy-hormuz-closure-will-dominate-trump-xi-talks?traffic_source=rss
2026-05-02 13:23:15,045 - INFO - [Al Jazeera] Attempt 1/2: Trying with 'requests_browser' strategy...
2026-05-02 13:23:15,094 - WARNING - [Al Jazeera] FAILED with 'requests_browser' (content was too short: 62 words).
2026-05-02 13:23:15,845 - INFO - [Al Jazeera] Article: https://www.aljazeera.com/video/newsfeed/2026/5/2/chinas-un-envoy-hormuz-closure-will-dominate-trump-xi-talks?traffic_source=rss
2026-05-02 13:23:15,845 - INFO - [Al Jazeera] Attempt 2/2: Trying with 'selenium_browser' strategy...
2026-05-02 13:23:16,325 - INFO - [Al Jazeera] Page content loaded.
2026-05-02 13:23:16,402 - WARNING - [Al Jazeera] FAILED with 'selenium_browser' (content was too short: 62 words).
2026-05-02 13:23:16,402 - ERROR - [Al Jazeera] All scrape strategies failed for https://www.aljazeera.com/video/newsfeed/2026/5/2/chinas-un-envoy-hormuz-closure-will-dominate-trump-xi-talks?traffic_source=rss. Falling back to RSS description.
2026-05-02 13:23:16,402 - WARNING - SKIPPED (GLOBAL WORD LIMIT): Article 'China’s UN Envoy: Hormuz closure will dominate Trump-Xi talks' from Al Jazeera has only 18 words (Min: 90).
2026-05-02 13:23:17,275 - INFO - [Al Jazeera] Early skip: URL https://www.aljazeera.com/news/2026/5/2/nepal-celebrates-return-of-stolen-13th-century-buddha-statue-from-new-york?traffic_source=rss already exists.
2026-05-02 13:23:17,276 - INFO - [Al Jazeera] Early skip: URL https://www.aljazeera.com/sports/2026/5/2/man-utd-vs-liverpool-premier-league-preview-team-news-start?traffic_source=rss already exists.
2026-05-02 13:23:17,277 - INFO - [Al Jazeera] Early skip: URL https://www.aljazeera.com/news/2026/5/2/china-urges-reversal-of-unifil-departure-from-lebanon-as-conflict-escalates?traffic_source=rss already exists.
2026-05-02 13:23:17,279 - INFO - [Al Jazeera] Early skip: URL https://www.aljazeera.com/news/2026/5/2/iran-war-whats-happening-on-day-64-as-trump-rejects-tehrans-proposal?traffic_source=rss already exists.
2026-05-02 13:23:17,280 - INFO - [Al Jazeera] Early skip: URL https://www.aljazeera.com/sports/2026/5/2/pistons-and-raptors-survive-while-la-lakers-progress-in-nba-playoffs?traffic_source=rss already exists.
2026-05-02 13:23:17,281 - INFO - [Al Jazeera] Early skip: URL https://www.aljazeera.com/news/2026/5/2/us-embassy-warns-citizens-in-uk-as-threat-level-raised-to-severe?traffic_source=rss already exists.
2026-05-02 13:23:17,283 - INFO - [Al Jazeera] Article: https://www.aljazeera.com/video/newsfeed/2026/5/2/trump-says-us-forces-are-like-pirates-taking-iranian-oil?traffic_source=rss
2026-05-02 13:23:17,283 - INFO - [Al Jazeera] Attempt 1/2: Trying with 'requests_browser' strategy...
2026-05-02 13:23:17,522 - WARNING - [Al Jazeera] FAILED with 'requests_browser' (content was too short: 65 words).
2026-05-02 13:23:18,125 - INFO - [Al Jazeera] Article: https://www.aljazeera.com/video/newsfeed/2026/5/2/trump-says-us-forces-are-like-pirates-taking-iranian-oil?traffic_source=rss
2026-05-02 13:23:18,126 - INFO - [Al Jazeera] Attempt 2/2: Trying with 'selenium_browser' strategy...
2026-05-02 13:23:18,689 - INFO - [Al Jazeera] Page content loaded.
2026-05-02 13:23:18,765 - WARNING - [Al Jazeera] FAILED with 'selenium_browser' (content was too short: 65 words).
2026-05-02 13:23:18,766 - ERROR - [Al Jazeera] All scrape strategies failed for https://www.aljazeera.com/video/newsfeed/2026/5/2/trump-says-us-forces-are-like-pirates-taking-iranian-oil?traffic_source=rss. Falling back to RSS description.
2026-05-02 13:23:18,766 - WARNING - SKIPPED (GLOBAL WORD LIMIT): Article 'Trump says US forces are ‘like pirates’ taking Iranian oil' from Al Jazeera has only 19 words (Min: 90).
2026-05-02 13:23:19,306 - INFO - [Al Jazeera] Article: https://www.aljazeera.com/video/newsfeed/2026/5/2/iran-war-protester-speaks-to-al-jazeera-from-top-of-washington-bridge?traffic_source=rss
2026-05-02 13:23:19,306 - INFO - [Al Jazeera] Attempt 1/2: Trying with 'requests_browser' strategy...
2026-05-02 13:23:19,685 - WARNING - [Al Jazeera] FAILED with 'requests_browser' (content was too short: 67 words).
2026-05-02 13:23:20,666 - INFO - [Al Jazeera] Article: https://www.aljazeera.com/video/newsfeed/2026/5/2/iran-war-protester-speaks-to-al-jazeera-from-top-of-washington-bridge?traffic_source=rss
2026-05-02 13:23:20,666 - INFO - [Al Jazeera] Attempt 2/2: Trying with 'selenium_browser' strategy...
2026-05-02 13:23:21,177 - INFO - [Al Jazeera] Page content loaded.
2026-05-02 13:23:21,243 - WARNING - [Al Jazeera] FAILED with 'selenium_browser' (content was too short: 67 words).
2026-05-02 13:23:21,244 - ERROR - [Al Jazeera] All scrape strategies failed for https://www.aljazeera.com/video/newsfeed/2026/5/2/iran-war-protester-speaks-to-al-jazeera-from-top-of-washington-bridge?traffic_source=rss. Falling back to RSS description.
2026-05-02 13:23:21,244 - WARNING - SKIPPED (GLOBAL WORD LIMIT): Article 'Iran war protester speaks to Al Jazeera from top of Washington bridge' from Al Jazeera has only 20 words (Min: 90).
2026-05-02 13:23:22,730 - INFO - [Al Jazeera] Early skip: URL https://www.aljazeera.com/economy/2026/5/2/havana-slams-new-trump-sanctions-as-collective-punishment-of-cuban-people?traffic_source=rss already exists.
2026-05-02 13:23:22,731 - INFO - [Al Jazeera] Early skip: URL https://www.aljazeera.com/news/2026/5/2/peru-probes-trafficking-of-citizens-to-fight-for-russia-in-ukraine?traffic_source=rss already exists.
2026-05-02 13:23:22,733 - INFO - [Al Jazeera] Early skip: URL https://www.aljazeera.com/economy/2026/5/2/k-pops-bts-comeback-tour-rallies-south-koreas-global-soft-power-drive?traffic_source=rss already exists.
2026-05-02 13:23:22,734 - INFO - [Al Jazeera] Early skip: URL https://www.aljazeera.com/news/liveblog/2026/5/2/iran-war-live-trump-says-no-early-end-to-war-unhappy-with-tehran-offer?traffic_source=rss already exists.
2026-05-02 13:23:22,735 - INFO - [Al Jazeera] Early skip: URL https://www.aljazeera.com/news/2026/5/1/us-said-to-be-withdrawing-5000-troops-from-germany-over-iran-war-spat?traffic_source=rss already exists.
2026-05-02 13:23:22,737 - INFO - [Al Jazeera] Article: https://www.aljazeera.com/video/newsfeed/2026/5/1/trump-considering-option-to-blast-the-hell-out-of-iran?traffic_source=rss
2026-05-02 13:23:22,737 - INFO - [Al Jazeera] Attempt 1/2: Trying with 'requests_browser' strategy...
2026-05-02 13:23:22,773 - WARNING - [Al Jazeera] FAILED with 'requests_browser' (content was too short: 57 words).
2026-05-02 13:23:23,393 - INFO - [Al Jazeera] Article: https://www.aljazeera.com/video/newsfeed/2026/5/1/trump-considering-option-to-blast-the-hell-out-of-iran?traffic_source=rss
2026-05-02 13:23:23,394 - INFO - [Al Jazeera] Attempt 2/2: Trying with 'selenium_browser' strategy...
2026-05-02 13:23:23,889 - INFO - [Al Jazeera] Page content loaded.
2026-05-02 13:23:23,997 - WARNING - [Al Jazeera] FAILED with 'selenium_browser' (content was too short: 57 words).
2026-05-02 13:23:23,998 - ERROR - [Al Jazeera] All scrape strategies failed for https://www.aljazeera.com/video/newsfeed/2026/5/1/trump-considering-option-to-blast-the-hell-out-of-iran?traffic_source=rss. Falling back to RSS description.
2026-05-02 13:23:23,998 - WARNING - SKIPPED (GLOBAL WORD LIMIT): Article 'Trump considering option to ‘blast the hell out of’ Iran' from Al Jazeera has only 16 words (Min: 90).
2026-05-02 13:23:24,757 - INFO - [Al Jazeera] (Thread) Finished. Attempting to shut down its Selenium driver.
2026-05-02 13:23:24,834 - INFO - [Al Jazeera] (Thread) driver.quit() successful.
2026-05-02 13:23:30,001 - INFO - >>> SUCCESSFULLY SAVED [ID: 56012] - Madhusudan Kela’s portfolio: 5 stocks rally up to 135%; 4 new Q4 bets revealed - Uneven Gains | The Economic Times from Economic Times (572 words)
2026-05-02 13:23:31,309 - INFO - [Economic Times] Article: https://economictimes.indiatimes.com/markets/stocks/news/hdfc-bank-bharti-airtel-among-10-largecap-stocks-with-up-to-35-upside-potential-check-list/slideshow/130712055.cms
2026-05-02 13:23:31,309 - INFO - [Economic Times] Attempt 1/2: Trying with 'requests_browser' strategy...
2026-05-02 13:23:31,510 - INFO - [Economic Times] Success with 'requests_browser'. Found content (724 words).
2026-05-02 13:23:48,158 - INFO - >>> SUCCESSFULLY SAVED [ID: 56013] - NGT order warns of fines to southern States if clean air funds are not utilised - The Hindu from The Hindu (161 words)
2026-05-02 13:23:48,763 - INFO - [The Hindu] Article: https://www.thehindu.com/news/national/karnataka/vijayapura-the-educationplus-career-counselling-fair-2026-turns-into-eye-opening-session/article70931510.ece
2026-05-02 13:23:48,763 - INFO - [The Hindu] Attempt 1/1: Trying with 'selenium_browser' strategy...
2026-05-02 13:23:55,938 - WARNING - [The Hindu] Page get timed out (7s). Proceeding to grab partial source anyway.
2026-05-02 13:23:55,951 - INFO - [The Hindu] Page content loaded.
2026-05-02 13:23:56,016 - INFO - [The Hindu] Success with 'selenium_browser'. Found content (161 words).
2026-05-02 13:24:06,587 - INFO - >>> SUCCESSFULLY SAVED [ID: 56014] - Indian-origin student in Australia in disbelief after being rejected for a cashier job: 'I’ve done a three-year degree...' - The Times of India from Times of India (298 words)
2026-05-02 13:24:07,485 - INFO - [Times of India] Article: https://timesofindia.indiatimes.com/business/international-business/the-parmigiano-vault-how-italys-cheese-banks-power-a-4-billion-euro-industry/articleshow/130715514.cms
2026-05-02 13:24:07,485 - INFO - [Times of India] Attempt 1/1: Trying with 'selenium_browser' strategy...
2026-05-02 13:24:10,123 - INFO - [Times of India] Page content loaded.
2026-05-02 13:24:10,230 - INFO - [Times of India] Success with 'selenium_browser'. Found content (789 words).
2026-05-02 13:24:32,168 - INFO - >>> SUCCESSFULLY SAVED [ID: 56015] - Official lineup confirmed for second series of The Celebrity Traitors | Television | The Guardian from The Guardian (533 words)
2026-05-02 13:24:32,762 - INFO - [The Guardian] Early skip: URL https://www.theguardian.com/uk-news/2026/may/02/domestic-abuse-deaths-suicide-justice-england-wales already exists.
2026-05-02 13:24:32,763 - INFO - [The Guardian] Early skip: URL https://www.theguardian.com/politics/2026/may/02/keir-starmer-calls-for-ban-on-some-pro-palestian-protests-british-jews already exists.
2026-05-02 13:24:32,765 - INFO - [The Guardian] Early skip: URL https://www.theguardian.com/money/2026/may/02/new-free-financial-advice-plan-aims-to-help-britons-build-savings already exists.
2026-05-02 13:24:32,767 - INFO - [The Guardian] Article: https://www.theguardian.com/us-news/2026/may/02/invasive-lantern-flies-us-vineyards
2026-05-02 13:24:32,767 - INFO - [The Guardian] Attempt 1/1: Trying with 'requests_browser' strategy...
2026-05-02 13:24:32,830 - INFO - [The Guardian] Success with 'requests_browser'. Found content (1093 words).
2026-05-02 13:24:48,941 - INFO - DEDUPLICATION: Found match (Score: 0.93). Linking to Cluster ID: 154b1394-3387-454e-a3b5-1953a38303a4
2026-05-02 13:24:51,209 - INFO - >>> SUCCESSFULLY SAVED [ID: 56016] - Saudi Arabia reverses decision setting minimum age for Haj pilgrims at 15 years - World - DAWN.COM from The Dawn (287 words)
2026-05-02 13:24:52,360 - INFO - [The Dawn] Article: https://www.dawn.com/news/1996950/2-gaza-aid-flotilla-activists-brought-to-israel-for-questioning-its-foreign-ministry-says
2026-05-02 13:24:52,361 - INFO - [The Dawn] Attempt 1/2: Trying with 'requests_browser' strategy...
2026-05-02 13:24:52,404 - INFO - [The Dawn] Success with 'requests_browser'. Found content (506 words).
2026-05-02 13:25:09,838 - INFO - >>> SUCCESSFULLY SAVED [ID: 56017] - HDFC Bank, Bharti Airtel among 10 largecap stocks with up to 35% upside potential. Check list - Oil Shock | The Economic Times from Economic Times (724 words)
2026-05-02 13:25:10,716 - INFO - [Economic Times] Early skip: URL https://economictimes.indiatimes.com/markets/us-stocks/news/jane-street-employees-set-to-get-2-68-million-payout-after-record-revenue-haul/articleshow/130711040.cms already exists.
2026-05-02 13:25:10,717 - INFO - [Economic Times] Article: https://economictimes.indiatimes.com/markets/commodities/news/gold-consolidates-in-4600-4800-range-for-almost-2-months-a-big-rally-brewing-in-may/articleshow/130711353.cms
2026-05-02 13:25:10,718 - INFO - [Economic Times] Attempt 1/2: Trying with 'requests_browser' strategy...
2026-05-02 13:25:10,973 - ERROR - parsed tree length: 1, wrong data type or not valid HTML
2026-05-02 13:25:10,974 - ERROR - empty HTML tree: None
2026-05-02 13:25:10,974 - WARNING - discarding data: None
2026-05-02 13:25:10,974 - WARNING - [Economic Times] FAILED with 'requests_browser' (content was too short: 0 words).
2026-05-02 13:25:11,733 - INFO - [Economic Times] Article: https://economictimes.indiatimes.com/markets/commodities/news/gold-consolidates-in-4600-4800-range-for-almost-2-months-a-big-rally-brewing-in-may/articleshow/130711353.cms
2026-05-02 13:25:11,733 - INFO - [Economic Times] Attempt 2/2: Trying with 'selenium_browser' strategy...
2026-05-02 13:25:12,972 - INFO - [Economic Times] Page content loaded.
2026-05-02 13:25:13,098 - INFO - [Economic Times] Success with 'selenium_browser'. Found content (806 words).
2026-05-02 13:25:39,604 - INFO - DEDUPLICATION: Found match (Score: 1.00). Linking to Cluster ID: 4ea941ed-f7d0-44fe-a3b4-02de3e8d049b
2026-05-02 13:25:41,883 - INFO - >>> SUCCESSFULLY SAVED [ID: 56018] - NGT order warns of fines to southern States if clean air funds are not utilised - The Hindu from The Hindu (161 words)
2026-05-02 13:25:43,161 - INFO - [The Hindu] Article: https://www.thehindu.com/news/national/andhra-pradesh/lorry-driver-burnt-alive-in-road-mishap/article70930945.ece
2026-05-02 13:25:43,161 - INFO - [The Hindu] Attempt 1/1: Trying with 'selenium_browser' strategy...
2026-05-02 13:25:44,922 - INFO - [The Hindu] Page content loaded.
2026-05-02 13:25:45,094 - INFO - [The Hindu] Success with 'selenium_browser'. Found content (130 words).
2026-05-02 13:26:09,047 - INFO - >>> SUCCESSFULLY SAVED [ID: 56019] - The Parmigiano vault: How Italy’s ‘cheese banks’ power a 4 billion euro industry - The Times of India from Times of India (789 words)
2026-05-02 13:26:09,902 - INFO - [Times of India] Early skip: URL https://timesofindia.indiatimes.com/world/uk/woman-70-jailed-for-life-for-killing-sister-and-stealing-rolex-watch-in-north-london/articleshow/130714147.cms already exists.
2026-05-02 13:26:09,903 - INFO - [Times of India] Early skip: URL https://timesofindia.indiatimes.com/defence/international/israel-sends-uae-laser-weapon-called-iron-beam-what-it-means-in-face-of-iranian-drones-and-why-is-it-important/articleshow/130709133.cms already exists.
2026-05-02 13:26:09,904 - INFO - [Times of India] Early skip: URL https://timesofindia.indiatimes.com/world/uk/british-comedian-peter-kay-show-evacuated-mid-performance-as-suspicious-bag-prompts-birmingham-arena-alert/articleshow/130712643.cms already exists.
2026-05-02 13:26:09,906 - INFO - [Times of India] Early skip: URL https://timesofindia.indiatimes.com/world/us/worlds-massive-mississippi-river-shockingly-reversed-its-flow-during-hurricane-isaac-in-2012-in-the-united-states-scientists-explain-what-happened/articleshow/130712160.cms already exists.
2026-05-02 13:26:09,907 - INFO - [Times of India] Early skip: URL https://timesofindia.indiatimes.com/world/uk/2026-london-marathon-raises-87-5m-for-charity-sets-new-fundraising-world-record/articleshow/130711672.cms already exists.
2026-05-02 13:26:09,911 - INFO - [Times of India] Early skip: URL https://timesofindia.indiatimes.com/world/rest-of-world/worlds-rarest-hybrid-blood-type-discovered-in-thailand-study-found-in-just-3-people-out-of-a-massive-research-of-544000-samples/articleshow/130709427.cms already exists.
2026-05-02 13:26:09,912 - INFO - [Times of India] Early skip: URL https://timesofindia.indiatimes.com/world/us/plane-carrying-pickleball-players-crashes-in-texas-five-killed/articleshow/130708567.cms already exists.
2026-05-02 13:26:09,913 - INFO - [Times of India] Early skip: URL https://timesofindia.indiatimes.com/world/us/blast-them-or-make-a-deal-donald-trump-lays-out-stark-choice-for-iran-calls-war-criticism-treasonous/articleshow/130708204.cms already exists.
2026-05-02 13:26:09,914 - INFO - [Times of India] Early skip: URL https://timesofindia.indiatimes.com/world/us-streamers/brian-harpole-sues-candace-owens-over-charlie-kirk-claims-as-lawsuit-exposes-alleged-false-accusations-and-records/articleshow/130704356.cms already exists.
2026-05-02 13:26:09,916 - INFO - [Times of India] Early skip: URL https://timesofindia.indiatimes.com/world/us-streamers/these-numbers-were-so-botted-xqc-makes-shocking-claim-about-overwatch-league-viewership/articleshow/130706148.cms already exists.
2026-05-02 13:26:09,917 - INFO - [Times of India] Early skip: URL https://timesofindia.indiatimes.com/world/us/h-1b-worker-loses-mother-to-cancer-in-india-misses-final-moments-due-to-visa-delays-will-carry-that-pain-forever/articleshow/130706091.cms already exists.
2026-05-02 13:26:09,918 - INFO - [Times of India] Early skip: URL https://timesofindia.indiatimes.com/world/us-streamers/did-ishowspeed-really-get-guadeloupe-citizenship-during-his-viral-caribbean-tour-moment/articleshow/130702448.cms already exists.
2026-05-02 13:26:09,919 - INFO - [Times of India] Early skip: URL https://timesofindia.indiatimes.com/world/us/12-year-old-boy-faces-deportation-from-us-as-father-refuses-to-take-dna-test-to-prove-citizenship-thousands-of-cases-like-this-/articleshow/130694785.cms already exists.
2026-05-02 13:26:09,921 - INFO - [Times of India] Early skip: URL https://timesofindia.indiatimes.com/sports/international-sports/major-red-card-rule-for-2026-world-cup-mouth-covering-and-walking-off-now-lead-to-instant-dismissal/articleshow/130683000.cms already exists.
2026-05-02 13:26:09,922 - INFO - [Times of India] Early skip: URL https://timesofindia.indiatimes.com/world/uk/uk-hindu-group-bids-against-christian-muslim-group-for-same-piece-of-faith-land/articleshow/130697922.cms already exists.
2026-05-02 13:26:09,923 - INFO - [Times of India] Early skip: URL https://timesofindia.indiatimes.com/sports/international-sports/bbc-apologises-after-power-outage-cuts-world-snooker-championship-semi-final-live-switches-to-nature-show/articleshow/130684196.cms already exists.
2026-05-02 13:26:09,925 - INFO - [Times of India] Early skip: URL https://timesofindia.indiatimes.com/world/us/us-iran-war-trump-tells-congress-hostilities-terminated-sidesteps-war-powers-deadline-amid-ceasefire/articleshow/130687694.cms already exists.
2026-05-02 13:26:09,926 - INFO - [Times of India] Early skip: URL https://timesofindia.indiatimes.com/world/us/chirayu-rana-left-new-job-two-weeks-before-accusing-jpmorgan-executive-lorna-hajdini-of-sexual-harassment/articleshow/130684156.cms already exists.
2026-05-02 13:26:09,927 - INFO - [Times of India] (Thread) Finished. Attempting to shut down its Selenium driver.
2026-05-02 13:26:10,090 - INFO - [Times of India] (Thread) driver.quit() successful.
2026-05-02 13:26:29,505 - INFO - >>> SUCCESSFULLY SAVED [ID: 56020] - ‘They don’t belong in our environment’: US vineyards battle spotted lanternflies as invasive insects spread | US news | The Guardian from The Guardian (1093 words)
2026-05-02 13:26:30,977 - INFO - [The Guardian] Early skip: URL https://www.theguardian.com/world/2026/may/02/trump-us-navy-pirates-iran-blockade already exists.
2026-05-02 13:26:30,978 - INFO - [The Guardian] Early skip: URL https://www.theguardian.com/us-news/2026/may/02/steve-hilton-california-governor-race already exists.
2026-05-02 13:26:30,980 - INFO - [The Guardian] Early skip: URL https://www.theguardian.com/us-news/2026/may/02/ice-contracter-torture-allegations-undocumented-children already exists.
2026-05-02 13:26:30,981 - INFO - [The Guardian] Early skip: URL https://www.theguardian.com/us-news/2026/may/02/trump-officials-strategy already exists.
2026-05-02 13:26:50,041 - INFO - >>> SUCCESSFULLY SAVED [ID: 56021] - 2 Gaza aid flotilla activists brought to Israel for questioning, its foreign ministry says - World - DAWN.COM from The Dawn (506 words)
2026-05-02 13:26:51,253 - INFO - [The Dawn] Article: https://www.dawn.com/news/1996951/karachi-court-grants-bail-to-ssps-son-arrested-following-heated-exchange-with-police-in-dha
2026-05-02 13:26:51,253 - INFO - [The Dawn] Attempt 1/2: Trying with 'requests_browser' strategy...
2026-05-02 13:26:51,298 - INFO - [The Dawn] Success with 'requests_browser'. Found content (574 words).
2026-05-02 13:27:08,144 - INFO - >>> SUCCESSFULLY SAVED [ID: 56022] - Gold consolidates in $4,600-$4,800 range for almost 2 months. A big rally brewing in May? - The Economic Times from Economic Times (806 words)
2026-05-02 13:27:09,489 - INFO - [Economic Times] Early skip: URL https://economictimes.indiatimes.com/markets/us-stocks/news/ai-spending-boom-soars-but-no-returns-for-big-tech-giants-warns-jefferies-chris-wood/articleshow/130713359.cms already exists.
2026-05-02 13:27:09,490 - INFO - [Economic Times] Early skip: URL https://economictimes.indiatimes.com/markets/expert-view/largecap-it-stocks-as-a-value-play-bnp-paribas-kumar-rakesh-issues-a-reality-check/articleshow/130713275.cms already exists.
2026-05-02 13:27:09,492 - INFO - [Economic Times] Early skip: URL https://economictimes.indiatimes.com/news/economy/policy/rbi-draft-for-upper-layer-non-banks-affects-cics-disproportionately-raises-compliances-costs/articleshow/130394099.cms already exists.
2026-05-02 13:27:09,493 - INFO - [Economic Times] Early skip: URL https://economictimes.indiatimes.com/news/economy/foreign-trade/exporters-seek-removal-of-cap-on-interest-subvention/articleshow/130341339.cms already exists.
2026-05-02 13:27:09,494 - INFO - [Economic Times] Early skip: URL https://economictimes.indiatimes.com/news/economy/indicators/macro-buffers-to-help-india-tide-over-gulf-crisis-world-bank/articleshow/130152815.cms already exists.
2026-05-02 13:27:09,495 - INFO - [Economic Times] Early skip: URL https://economictimes.indiatimes.com/news/economy/policy/rbi-holds-repo-rate-flags-supply-chain-risks-to-inflation-growth/articleshow/130123373.cms already exists.
2026-05-02 13:27:09,496 - INFO - [Economic Times] Early skip: URL https://economictimes.indiatimes.com/news/economy/policy/rbi-may-keep-rates-unchanged-focus-on-rupee-stability-and-bond-yields/articleshow/130045979.cms already exists.
2026-05-02 13:27:09,498 - INFO - [Economic Times] Early skip: URL https://economictimes.indiatimes.com/news/economy/foreign-trade/japan-to-create-special-cell-to-push-fdi-into-india/articleshow/129933023.cms already exists.
2026-05-02 13:27:09,499 - INFO - [Economic Times] Early skip: URL https://economictimes.indiatimes.com/tech/technology/apple-faces-indian-engineers-bias-lawsuit/articleshow/81694292.cms already exists.
2026-05-02 13:27:09,500 - INFO - [Economic Times] Early skip: URL https://economictimes.indiatimes.com/news/defence/despite-transatlantic-love-fest-eu-charts-third-way-in-ties-with-us-and-china/articleshow/81467467.cms already exists.
2026-05-02 13:27:09,501 - INFO - [Economic Times] Early skip: URL https://economictimes.indiatimes.com/tech/tech-bytes/twitters-india-policy-head-to-step-down-will-transition-in-march/articleshow/80732868.cms already exists.
2026-05-02 13:27:09,503 - INFO - [Economic Times] Early skip: URL https://economictimes.indiatimes.com/tech/tech-and-gadgets/govt-may-keep-rs-7500-cr-outlay-for-it-hardware-manufacturing-under-pli-scheme/articleshow/80333429.cms already exists.
2026-05-02 13:27:09,504 - INFO - [Economic Times] Early skip: URL https://economictimes.indiatimes.com/tech/technology/indian-dating-apps-services-see-surge-of-paying-users-in-small-cities/articleshow/80063342.cms already exists.
2026-05-02 13:27:09,505 - INFO - [Economic Times] Early skip: URL https://economictimes.indiatimes.com/tech/technology/time-for-govt-cos-to-adopt-ai-deloitte-india/articleshow/79981215.cms already exists.
2026-05-02 13:27:09,506 - INFO - [Economic Times] Early skip: URL https://economictimes.indiatimes.com/news/international/global-trends/trump-jokes-us-navy-will-take-on-cuba-on-the-way-home-from-iran/articleshow/130712980.cms already exists.
2026-05-02 13:27:09,508 - INFO - [Economic Times] Early skip: URL https://economictimes.indiatimes.com/news/international/business/the-billion-barrel-hormuz-oil-shock-is-about-to-crash-demand/articleshow/130520926.cms already exists.
2026-05-02 13:27:09,509 - INFO - [Economic Times] Early skip: URL https://economictimes.indiatimes.com/news/international/world-news/iran-to-resume-international-flights-from-mashhad-airport-on-monday/articleshow/130377208.cms already exists.
2026-05-02 13:27:09,510 - INFO - [Economic Times] Early skip: URL https://economictimes.indiatimes.com/news/international/world-news/uk-police-examine-iran-links-to-arson-attacks-on-jewish-targets/articleshow/130377134.cms already exists.
2026-05-02 13:27:09,512 - INFO - [Economic Times] Early skip: URL https://economictimes.indiatimes.com/news/international/business/war-crisis-revives-stagflation-dangers-for-global-economy/articleshow/130376821.cms already exists.
2026-05-02 13:27:09,513 - INFO - [Economic Times] Early skip: URL https://economictimes.indiatimes.com/news/international/world-news/iran-to-prioritise-strait-of-hormuz-passage-for-vessels-that-pay-fees/articleshow/130361163.cms already exists.
2026-05-02 13:27:09,514 - INFO - [Economic Times] Early skip: URL https://economictimes.indiatimes.com/news/elections/assembly-elections/assam/done-deal-cm-himanta-biswa-sarma-on-nda-seat-sharing-for-assam-polls/articleshow/128678098.cms already exists.
2026-05-02 13:27:09,515 - INFO - [Economic Times] Early skip: URL https://economictimes.indiatimes.com/news/elections/assembly-elections/bihar/rare-intensive-revision-in-bihar-four-months-before-polls/articleshow/122167501.cms already exists.
2026-05-02 13:27:09,517 - INFO - [Economic Times] Early skip: URL https://economictimes.indiatimes.com/news/elections/assembly-elections/delhi/bjp-accuses-kejriwal-of-sending-voters-hoax-calls-to-mislead/articleshow/117579007.cms already exists.
2026-05-02 13:27:09,518 - INFO - [Economic Times] Early skip: URL https://economictimes.indiatimes.com/news/elections/lok-sabha/india/lok-sabha-election-2024-maharashtra-get-interesting-after-splits-in-shiv-sena-ncp/articleshow/108559788.cms already exists.
2026-05-02 13:27:09,519 - INFO - [Economic Times] Early skip: URL https://economictimes.indiatimes.com/news/elections/lok-sabha/india/modi-charisma-key-factor-in-bjps-bid-to-retain-all-26-seats-in-gujarat/articleshow/108550858.cms already exists.
2026-05-02 13:27:09,520 - INFO - [Economic Times] Early skip: URL https://economictimes.indiatimes.com/news/elections/lok-sabha/india/implementation-of-guarantees-decline-of-brs-favour-congress-in-telangana-bjp-aiming-for-better-show/articleshow/108548569.cms already exists.
2026-05-02 13:27:09,522 - INFO - [Economic Times] Early skip: URL https://economictimes.indiatimes.com/traders-bet-on-calendar-spread-as-nifty-moves-in-a-tight-range/articleshow/6302358.cms already exists.
2026-05-02 13:27:09,523 - INFO - [Economic Times] Early skip: URL https://economictimes.indiatimes.com/nifty-may-find-support-at-5300-level/articleshow/6296017.cms already exists.
2026-05-02 13:27:09,524 - INFO - [Economic Times] Early skip: URL https://economictimes.indiatimes.com/seven-out-of-top-10-asian-small-cap-funds-are-indian/articleshow/6295976.cms already exists.
2026-05-02 13:27:09,525 - INFO - [Economic Times] Early skip: URL https://economictimes.indiatimes.com/inflation-reflects-growth-dynamics-in-india-christopher-wood/articleshow/6274053.cms already exists.
2026-05-02 13:27:09,526 - INFO - [Economic Times] Early skip: URL https://economictimes.indiatimes.com/market-may-trade-in-a-range-but-fiis-seen-sold-on-india/articleshow/6277705.cms already exists.
2026-05-02 13:27:09,528 - INFO - [Economic Times] Early skip: URL https://economictimes.indiatimes.com/dont-bank-only-on-price-to-earning-ratio/articleshow/6278228.cms already exists.
2026-05-02 13:27:09,529 - INFO - [Economic Times] Early skip: URL https://economictimes.indiatimes.com/markets/stocks/recos/prabhudas-lilladher-has-a-reduce-rating-on-infosys/articleshow/3798718.cms already exists.
2026-05-02 13:27:09,530 - INFO - [Economic Times] Early skip: URL https://economictimes.indiatimes.com/markets/stocks/recos/fin-crisis-too-late-and-too-little-done-in-us/articleshow/3794549.cms already exists.
2026-05-02 13:27:09,531 - INFO - [Economic Times] Early skip: URL https://economictimes.indiatimes.com/markets/forex/weak-rupee-takes-its-toll-on-cos-with-huge-foreign-debt/articleshow/3546158.cms already exists.
2026-05-02 13:27:09,532 - INFO - [Economic Times] Early skip: URL https://economictimes.indiatimes.com/markets/stocks/recos/wait-for-more-signals-before-turning-positive/articleshow/3292640.cms already exists.
2026-05-02 13:27:09,534 - INFO - [Economic Times] Early skip: URL https://economictimes.indiatimes.com/news/company/corporate-trends/six-indian-cos-among-businessweeks-top-100-infotech-firms/articleshow/3189334.cms already exists.
2026-05-02 13:27:09,535 - INFO - [Economic Times] Early skip: URL https://economictimes.indiatimes.com/news/company/corporate-trends/indian-firms-slip-in-global-ranking-four-move-out-of-top-500/articleshow/3177077.cms already exists.
2026-05-02 13:27:09,536 - INFO - [Economic Times] Early skip: URL https://economictimes.indiatimes.com/markets/stocks/news/big-daddy-laps-up-cipla-after-q1-nos-beat-forecast/articleshow/6308646.cms already exists.
2026-05-02 13:27:09,537 - INFO - [Economic Times] Early skip: URL https://economictimes.indiatimes.com/markets/stocks/news/old-fox-has-dream-run-on-dalal-street/articleshow/6308631.cms already exists.
2026-05-02 13:27:09,539 - INFO - [Economic Times] Early skip: URL https://economictimes.indiatimes.com/markets/stocks/news/cairn-india-hits-record-high-on-bse-amid-stake-sale-talks/articleshow/6306679.cms already exists.
2026-05-02 13:27:09,540 - INFO - [Economic Times] Early skip: URL https://economictimes.indiatimes.com/markets/stocks/news/vedanta-plunges-5-59-per-cent-on-lse-amid-talks-to-buy-cairn-stake/articleshow/6306526.cms already exists.
2026-05-02 13:27:09,541 - INFO - [Economic Times] Early skip: URL https://economictimes.indiatimes.com/markets/stocks/news/sbi-shares-on-gaining-spree-hit-record-high/articleshow/6306241.cms already exists.
2026-05-02 13:27:09,542 - INFO - [Economic Times] Early skip: URL https://economictimes.indiatimes.com/fm-must-rethink/articleshow/5645094.cms already exists.
2026-05-02 13:27:09,543 - INFO - [Economic Times] Early skip: URL https://economictimes.indiatimes.com/amalgamate-banks/articleshow/5645086.cms already exists.
2026-05-02 13:27:09,545 - INFO - [Economic Times] Early skip: URL https://economictimes.indiatimes.com/managing-data/articleshow/5117958.cms already exists.
2026-05-02 13:27:09,546 - INFO - [Economic Times] Early skip: URL https://economictimes.indiatimes.com/right-technology/articleshow/5117957.cms already exists.
2026-05-02 13:27:09,547 - INFO - [Economic Times] Early skip: URL https://economictimes.indiatimes.com/et-search/articleshow/21646857.cms already exists.
2026-05-02 13:27:09,548 - INFO - [Economic Times] Early skip: URL https://economictimes.indiatimes.com/after-the-oscars-whats-next-for-silent-stars-of-the-artist/articleshow/12075465.cms already exists.
2026-05-02 13:27:09,549 - INFO - [Economic Times] Early skip: URL https://economictimes.indiatimes.com/delhi-world-book-fair-a-fair-like-no-other/articleshow/12028630.cms already exists.
2026-05-02 13:27:09,551 - INFO - [Economic Times] Early skip: URL https://economictimes.indiatimes.com/lk-advanis-gift-makes-its-way-to-state-department-exhibition-hall/articleshow/12017534.cms already exists.
2026-05-02 13:27:09,552 - INFO - [Economic Times] Early skip: URL https://economictimes.indiatimes.com/india-meteorological-department-to-use-dynamic-models-for-forecasts/articleshow/11983844.cms already exists.
2026-05-02 13:27:09,553 - INFO - [Economic Times] Early skip: URL https://economictimes.indiatimes.com/documents-reveal-contents-of-the-first-telegraph-message-between-india-england/articleshow/11976488.cms already exists.
2026-05-02 13:27:09,555 - INFO - [Economic Times] Early skip: URL https://economictimes.indiatimes.com/worried-amitabh-bachchan-fans-pray-to-lord-shiva-for-his-recovery/articleshow/11963187.cms already exists.
2026-05-02 13:27:09,556 - INFO - [Economic Times] Early skip: URL https://economictimes.indiatimes.com/opinion/interviews/every-decision-of-government-neednt-be-a-big-reform-anand-mahindra/articleshow/35919571.cms already exists.
2026-05-02 13:27:09,557 - INFO - [Economic Times] Early skip: URL https://economictimes.indiatimes.com/opinion/interviews/narendra-modi-has-his-eyes-set-on-boosting-business-joao-cravinho-eu-ambassador/articleshow/35973824.cms already exists.
2026-05-02 13:27:09,558 - INFO - [Economic Times] Early skip: URL https://economictimes.indiatimes.com/opinion/interviews/confidence-level-of-industry-improving-kv-kamath-icici-bank/articleshow/35945669.cms already exists.
2026-05-02 13:27:09,560 - INFO - [Economic Times] Early skip: URL https://economictimes.indiatimes.com/opinion/interviews/we-may-see-rapid-growth-over-the-next-few-years-raamdeo-agrawal/articleshow/35831378.cms already exists.
2026-05-02 13:27:09,561 - INFO - [Economic Times] Early skip: URL https://economictimes.indiatimes.com/opinion/interviews/our-commitment-for-press-freedom-and-autonomy-of-public-broadcast-is-absolute-prakash-javadekar/articleshow/35803396.cms already exists.
2026-05-02 13:27:09,562 - INFO - [Economic Times] Early skip: URL https://economictimes.indiatimes.com/opinion/interviews/there-is-a-leadership-vacuum-in-infosys-time-to-get-nandan-nilekani-back-mohandas-pai/articleshow/35716682.cms already exists.
2026-05-02 13:27:09,564 - INFO - [Economic Times] Early skip: URL https://economictimes.indiatimes.com/markets/stocks/news/oil-prices-to-hit-150-how-indian-stock-markets-may-react-as-iran-war-rages-on/articleshow/129587020.cms already exists.
2026-05-02 13:27:09,565 - INFO - [Economic Times] Early skip: URL https://economictimes.indiatimes.com/markets/us-stocks/news/why-a-7030-india-global-portfolio-makes-sense-in-a-changing-world-subho-moulik-decodes/articleshow/127604085.cms already exists.
2026-05-02 13:27:09,566 - INFO - [Economic Times] Early skip: URL https://economictimes.indiatimes.com/markets/expert-view/kaynes-shares-plunge-43-from-october-peak-is-a-tactical-rebound-on-the-cards-or-more-pain-ahead/articleshow/125815992.cms already exists.
2026-05-02 13:27:09,567 - INFO - [Economic Times] Early skip: URL https://economictimes.indiatimes.com/markets/stocks/news/warren-buffett-is-buying-michael-burry-is-shorting-the-ai-trade-splitting-wall-street/articleshow/125815521.cms already exists.
2026-05-02 13:27:09,569 - INFO - [Economic Times] Early skip: URL https://economictimes.indiatimes.com/markets/ipos/fpos/softbank-backed-acevector-files-updated-ipo-papers-targets-to-raise-rs-300-cr-via-fresh-issue/articleshow/125813493.cms already exists.
2026-05-02 13:27:09,571 - INFO - [Economic Times] Early skip: URL https://economictimes.indiatimes.com/markets/stocks/news/mcap-of-five-of-top-10-most-valued-firms-surges-rs-72285-cr-tcs-infosys-biggest-winners/articleshow/125813435.cms already exists.
2026-05-02 13:27:09,572 - INFO - [Economic Times] Early skip: URL https://economictimes.indiatimes.com/markets/stocks/news/alfa-laval-raises-delisting-price-to-rs-2850-a-share/articleshow/11437373.cms already exists.
2026-05-02 13:27:09,573 - INFO - [Economic Times] Early skip: URL https://economictimes.indiatimes.com/markets/stocks/news/db-realty-unitech-stocks-rose-after-top-executives-granted-bail-in-2g-scam/articleshow/10925114.cms already exists.
2026-05-02 13:27:09,574 - INFO - [Economic Times] Early skip: URL https://economictimes.indiatimes.com/markets/stocks/news/fitch-withdraws-reliance-capital-ratings/articleshow/10430814.cms already exists.
2026-05-02 13:27:09,576 - INFO - [Economic Times] Early skip: URL https://economictimes.indiatimes.com/markets/stocks/news/discoms-poor-financial-health-poses-risks-for-power-traders-fitch/articleshow/10430186.cms already exists.
2026-05-02 13:27:09,577 - INFO - [Economic Times] Early skip: URL https://economictimes.indiatimes.com/markets/stocks/news/cigarette-companies-price-hikes-with-higher-volumes-hold-promise/articleshow/9277179.cms already exists.
2026-05-02 13:27:09,578 - INFO - [Economic Times] Early skip: URL https://economictimes.indiatimes.com/markets/stocks/news/lovable-lingeries-dream-run-on-as-traders-lap-it-up/articleshow/8894615.cms already exists.
2026-05-02 13:27:09,580 - INFO - [Economic Times] (Thread) Finished. Attempting to shut down its Selenium driver.
2026-05-02 13:27:09,850 - INFO - [Economic Times] (Thread) driver.quit() successful.
2026-05-02 13:27:26,915 - INFO - >>> SUCCESSFULLY SAVED [ID: 56023] - Lorry driver burnt alive in road mishap - The Hindu from The Hindu (130 words)
2026-05-02 13:27:27,779 - INFO - [The Hindu] Article: https://www.thehindu.com/news/national/gujarat/several-injured-killed-bus-accident-gujarat-junagadh-latest-update/article70931910.ece
2026-05-02 13:27:27,779 - INFO - [The Hindu] Attempt 1/1: Trying with 'selenium_browser' strategy...
2026-05-02 13:27:28,799 - INFO - [The Hindu] Page content loaded.
2026-05-02 13:27:29,697 - INFO - [The Hindu] Success with 'selenium_browser'. Found content (160 words).
2026-05-02 13:27:46,094 - INFO - >>> SUCCESSFULLY SAVED [ID: 56024] - Karachi court grants bail to SSP's son arrested following heated exchange with police in DHA - Pakistan - DAWN.COM from The Dawn (574 words)
2026-05-02 13:27:47,241 - INFO - [The Dawn] Article: https://www.dawn.com/news/1996900/nato-seeks-details-as-us-says-it-will-pull-about-5000-troops-from-germany
2026-05-02 13:27:47,241 - INFO - [The Dawn] Attempt 1/2: Trying with 'requests_browser' strategy...
2026-05-02 13:27:47,283 - INFO - [The Dawn] Success with 'requests_browser'. Found content (705 words).
2026-05-02 13:28:04,043 - INFO - >>> SUCCESSFULLY SAVED [ID: 56025] - Two killed, 15 injured as bus carrying pilgrims overturns in Gujarat - The Hindu from The Hindu (160 words)
2026-05-02 13:28:04,790 - INFO - [The Hindu] Article: https://www.thehindu.com/news/national/kerala/wake-up-keralam-condemns-vellappally-natesans-communal-statements/article70931646.ece
2026-05-02 13:28:04,790 - INFO - [The Hindu] Attempt 1/1: Trying with 'selenium_browser' strategy...
2026-05-02 13:28:05,705 - INFO - [The Hindu] Page content loaded.
2026-05-02 13:28:06,747 - INFO - [The Hindu] Success with 'selenium_browser'. Found content (357 words).
2026-05-02 13:28:21,406 - INFO - DEDUPLICATION: Found match (Score: 0.85). Linking to Cluster ID: 0e3da92f-1450-420e-b696-a40de934089b
2026-05-02 13:28:23,706 - INFO - >>> SUCCESSFULLY SAVED [ID: 56026] - Nato seeks details as US says it will pull about 5,000 troops from Germany - World - DAWN.COM from The Dawn (705 words)
2026-05-02 13:28:24,489 - INFO - [The Dawn] Early skip: URL https://www.dawn.com/news/1996945/fcc-rejects-balochistan-govt-plea-for-lifetime-facilities-to-retired-chief-secretaries-widows already exists.
2026-05-02 13:28:24,490 - INFO - [The Dawn] Early skip: URL https://www.dawn.com/news/1996936/dar-discusses-middle-east-situation-its-economic-implications-with-kuwaiti-fm-fo already exists.
2026-05-02 13:28:24,491 - INFO - [The Dawn] Early skip: URL https://www.dawn.com/news/1996916/pmd-issues-glof-alert-due-to-westerly-wave-rainfall-across-gb-and-kp already exists.
2026-05-02 13:28:24,493 - INFO - [The Dawn] Early skip: URL https://www.dawn.com/news/1996840/us-awards-f-16-upgrade-contract-for-pakistan-other-states already exists.
2026-05-02 13:28:24,494 - INFO - [The Dawn] Early skip: URL https://www.dawn.com/news/1996915/us-bypasses-congressional-review-for-military-sales-of-86-billion-to-middle-east-allies already exists.
2026-05-02 13:28:24,495 - INFO - [The Dawn] Early skip: URL https://www.dawn.com/news/1996937/ied-attack-targets-police-officials-residence-in-lakki-marwat-causes-significant-damage already exists.
2026-05-02 13:28:24,496 - INFO - [The Dawn] Early skip: URL https://www.dawn.com/news/1996935/police-in-punjabs-hafizabad-arrest-man-for-alleged-rape-kidnapping-of-teenage-girl already exists.
2026-05-02 13:28:24,497 - INFO - [The Dawn] Early skip: URL https://www.dawn.com/news/1996926/korean-air-bans-roosters-on-us-philippine-routes-amid-cockfighting-outcry already exists.
2026-05-02 13:28:24,499 - INFO - [The Dawn] Early skip: URL https://www.dawn.com/news/1996853/inflation-hits-double-digits-for-first-time-in-21-months already exists.
2026-05-02 13:28:24,500 - INFO - [The Dawn] Early skip: URL https://www.dawn.com/news/1996782/crisis-in-sindh-health-department-as-75pc-of-top-level-technical-posts-lying-vacant already exists.
2026-05-02 13:28:24,501 - INFO - [The Dawn] Early skip: URL https://www.dawn.com/news/1996874/islamabad-united-blink-in-last-over-as-hyderabad-kingsmen-win-cliffhanger-to-make-psl-decider already exists.
2026-05-02 13:28:24,502 - INFO - [The Dawn] Early skip: URL https://www.dawn.com/news/1994662/studying-hard-and-still-blanking-in-exams already exists.
2026-05-02 13:28:24,503 - INFO - [The Dawn] Early skip: URL https://www.dawn.com/news/1996844/us-to-close-its-flagship-gaza-mission already exists.
2026-05-02 13:28:24,505 - INFO - [The Dawn] Early skip: URL https://www.dawn.com/news/1996830/capital-development-authority-halts-land-retrieval-drive-amid-pms-skyscraper-relief already exists.
2026-05-02 13:28:24,506 - INFO - [The Dawn] Early skip: URL https://www.dawn.com/news/1996924/a-resting-place-for-a-rebel-prince-in-abbottabad already exists.
2026-05-02 13:28:24,507 - INFO - [The Dawn] Early skip: URL https://www.dawn.com/news/1996841/us-still-not-satisfied-after-tehran-conveys-another-offer already exists.
2026-05-02 13:28:24,508 - INFO - [The Dawn] Early skip: URL https://www.dawn.com/news/1996833/pakistan-medical-association-warns-of-man-made-epidemic-over-syringe-reuse already exists.
2026-05-02 13:28:24,509 - INFO - [The Dawn] Early skip: URL https://www.dawn.com/news/1996843/2026-already-this-centurys-worst-year-for-the-press-rsf-press-freedom-index already exists.
2026-05-02 13:28:24,513 - INFO - [The Dawn] Article: https://www.dawn.com/news/1996908/iran-standoff-could-leave-trump-worse-off-than-before-he-went-to-war
2026-05-02 13:28:24,513 - INFO - [The Dawn] Attempt 1/2: Trying with 'requests_browser' strategy...
2026-05-02 13:28:24,562 - INFO - [The Dawn] Success with 'requests_browser'. Found content (1259 words).
2026-05-02 13:28:42,136 - INFO - >>> SUCCESSFULLY SAVED [ID: 56027] - ‘Wake Up Keralam’ condemns Vellappally Natesan’s ‘communal’ statements - The Hindu from The Hindu (357 words)
2026-05-02 13:28:43,613 - INFO - [The Hindu] Article: https://www.thehindu.com/entertainment/art/india-venice-biennale-2026-curtain-raiser/article70931591.ece
2026-05-02 13:28:43,614 - INFO - [The Hindu] Attempt 1/1: Trying with 'selenium_browser' strategy...
2026-05-02 13:28:44,380 - INFO - [The Hindu] Page content loaded.
2026-05-02 13:28:44,592 - INFO - [The Hindu] Success with 'selenium_browser'. Found content (140 words).
2026-05-02 13:28:45,847 - CRITICAL - --- TIMEOUT: 2 scrape jobs did not complete in 300s. ---
2026-05-02 13:28:45,847 - ERROR - A thread has timed out and will be abandoned.
2026-05-02 13:28:45,847 - ERROR - A thread has timed out and will be abandoned.
2026-05-02 13:28:45,847 - INFO - Shutting down thread pool (wait=False)...
2026-05-02 13:28:45,847 - INFO - Scraped: 1 BBC, 3 The Guardian, 1 Al Jazeera, 3 Economic Times, 2 Times of India, 0 TechCrunch, 2 Timed_Out_Jobs articles. (Total saved: 10)
2026-05-02 13:28:45,847 - INFO - --- Scraping job finished ---
2026-05-02 13:28:45,847 - INFO - --- Scraper service stopped. ---
2026-05-02 13:28:45,847 - INFO - --- Main thread finished. Forcing process exit to kill zombie threads. ---
