2026-01-07 11:44:03,336 - INFO - Loading AI Semantic Model (all-MiniLM-L6-v2)...
2026-01-07 11:44:03,337 - INFO - Use pytorch device_name: cpu
2026-01-07 11:44:03,337 - INFO - Load pretrained SentenceTransformer: all-MiniLM-L6-v2
2026-01-07 11:44:03,842 - INFO - AI Model loaded successfully.
2026-01-07 11:44:03,843 - INFO - --- Scraper service started (CI Mode: Run Once) ---
2026-01-07 11:44:03,843 - INFO - --- Starting new scraping job (Parallel Mode) ---
2026-01-07 11:44:03,843 - INFO - Creating new robust session with 3 retries on 5xx/connection/read errors.
2026-01-07 11:44:03,843 - INFO - Proxy is DISABLED.
2026-01-07 11:44:03,843 - INFO - Starting scrape for BBC RSS feed: http://feeds.bbci.co.uk/news/world/rss.xml
2026-01-07 11:44:03,844 - INFO - [Times of India] (Thread) requires Selenium. Initializing driver...
2026-01-07 11:44:03,845 - INFO - Starting scrape for The Guardian RSS feed: https://www.theguardian.com/world/rss
2026-01-07 11:44:03,846 - INFO - [The Hindu] (Thread) requires Selenium. Initializing driver...
2026-01-07 11:44:03,846 - INFO - Submitted 4 jobs to thread pool. Waiting up to 300s for completion...
2026-01-07 11:44:03,957 - INFO - Found 45 articles in The Guardian RSS feed. Processing up to 30.
2026-01-07 11:44:03,958 - INFO - [The Guardian] Early skip: URL https://www.theguardian.com/world/2026/jan/02/anthony-joshuas-driver-charged-with-dangerous-driving-after-fatal-crash-in-nigeria already exists.
2026-01-07 11:44:04,174 - INFO - [The Guardian] Early skip: URL https://www.theguardian.com/science/2026/jan/01/cremation-pyre-in-africa-thought-to-be-worlds-oldest-containing-adult-remains already exists.
2026-01-07 11:44:04,199 - INFO - Found 38 articles in BBC RSS feed. Processing up to 30.
2026-01-07 11:44:04,443 - INFO - [BBC] Early skip: URL https://www.bbc.com/news/articles/cwyg1jg8xkmo?at_medium=RSS&at_campaign=rss already exists.
2026-01-07 11:44:04,742 - INFO - [The Guardian] Early skip: URL https://www.theguardian.com/global-development/2026/jan/01/us-aid-cuts-conditions-un-humanitarian-pledge-ocha already exists.
2026-01-07 11:44:04,846 - INFO - [BBC] Early skip: URL https://www.bbc.com/news/articles/c7v0deypjl4o?at_medium=RSS&at_campaign=rss already exists.
2026-01-07 11:44:05,075 - INFO - [The Guardian] Early skip: URL https://www.theguardian.com/world/2025/dec/31/guinea-junta-chief-mamady-doumbouya-elected-president-after-opposition-boycott already exists.
2026-01-07 11:44:05,207 - INFO - [BBC] Early skip: URL https://www.bbc.com/news/articles/c74wexkd598o?at_medium=RSS&at_campaign=rss already exists.
2026-01-07 11:44:05,439 - INFO - [The Guardian] Early skip: URL https://www.theguardian.com/world/2025/dec/30/saudi-arabia-uae-tension-future-yemen-boiling-point already exists.
2026-01-07 11:44:05,716 - INFO - [BBC] Early skip: URL https://www.bbc.com/news/articles/clyz4dzyq7po?at_medium=RSS&at_campaign=rss already exists.
2026-01-07 11:44:05,896 - INFO - [The Guardian] Early skip: URL https://www.theguardian.com/us-news/live/2026/jan/07/donald-trump-venezuela-greenland-oil-childcare-us-politics-live already exists.
2026-01-07 11:44:06,190 - INFO - [BBC] Early skip: URL https://www.bbc.com/news/articles/c4grxzxjjd8o?at_medium=RSS&at_campaign=rss already exists.
2026-01-07 11:44:06,482 - INFO - [The Guardian] Early skip: URL https://www.theguardian.com/business/2026/jan/07/oil-prices-fall-after-trump-says-venezuela-will-send-up-to-50m-barrels-to-us already exists.
2026-01-07 11:44:06,695 - INFO - [BBC] Early skip: URL https://www.bbc.com/news/articles/c0er4qd3115o?at_medium=RSS&at_campaign=rss already exists.
2026-01-07 11:44:06,865 - INFO - [The Guardian] Early skip: URL https://www.theguardian.com/world/2026/jan/07/wager-platform-polymarket-will-not-pay-out-on-bets-on-us-invasion-of-venezuela already exists.
2026-01-07 11:44:07,133 - INFO - [BBC] Early skip: URL https://www.bbc.com/news/articles/cj0n29395j3o?at_medium=RSS&at_campaign=rss already exists.
2026-01-07 11:44:07,274 - INFO - [The Guardian] Early skip: URL https://www.theguardian.com/world/2026/jan/07/wednesday-briefing-what-europes-silence-over-venezuela-says-about-its-fear-of-trump already exists.
2026-01-07 11:44:07,475 - INFO - [BBC] Early skip: URL https://www.bbc.com/news/articles/czjg37p34r3o?at_medium=RSS&at_campaign=rss already exists.
2026-01-07 11:44:07,761 - INFO - [The Guardian] Early skip: URL https://www.theguardian.com/world/live/2026/jan/06/venezuela-live-updates-maduro-trump-us-attack-opposition-machado-return already exists.
2026-01-07 11:44:07,892 - INFO - [BBC] Early skip: URL https://www.bbc.com/news/articles/c8j38rmm4z3o?at_medium=RSS&at_campaign=rss already exists.
2026-01-07 11:44:08,004 - INFO - [The Guardian] Early skip: URL https://www.theguardian.com/world/2026/jan/06/papua-new-guinea-internet-starlink-shut-down already exists.
2026-01-07 11:44:08,257 - INFO - [BBC] Early skip: URL https://www.bbc.com/news/articles/c17zee20qpzo?at_medium=RSS&at_campaign=rss already exists.
2026-01-07 11:44:08,495 - INFO - [The Guardian] Early skip: URL https://www.theguardian.com/world/2026/jan/06/what-us-action-in-venezuela-means-for-taiwan already exists.
2026-01-07 11:44:08,740 - INFO - [BBC] Early skip: URL https://www.bbc.com/news/articles/crmlnmnwzk2o?at_medium=RSS&at_campaign=rss already exists.
2026-01-07 11:44:08,982 - INFO - [The Guardian] Early skip: URL https://www.theguardian.com/world/2026/jan/05/venezuela-trump-attack-china-interests-analysis already exists.
2026-01-07 11:44:09,209 - INFO - [BBC] Early skip: URL https://www.bbc.com/news/articles/cre28d2j2zxo?at_medium=RSS&at_campaign=rss already exists.
2026-01-07 11:44:09,433 - INFO - [The Guardian] Early skip: URL https://www.theguardian.com/world/2026/jan/05/giant-bluefin-tuna-sold-record-amount-tokyo-auction-kiyoshi-kimura already exists.
2026-01-07 11:44:09,697 - INFO - [BBC] Early skip: URL https://www.bbc.com/news/articles/c74w54783zeo?at_medium=RSS&at_campaign=rss already exists.
2026-01-07 11:44:09,853 - INFO - [The Guardian] Early skip: URL https://www.theguardian.com/environment/2026/jan/05/weather-tracker-arctic-air-grips-europe-winds-corsica already exists.
2026-01-07 11:44:10,086 - INFO - [BBC] Early skip: URL https://www.bbc.com/news/articles/cpv7myg2nw4o?at_medium=RSS&at_campaign=rss already exists.
2026-01-07 11:44:10,217 - INFO - [The Guardian] Early skip: URL https://www.theguardian.com/environment/2026/jan/07/severe-heatwave-hits-southern-australian-states-with-firefighters-warning-many-areas-ready-to-burn already exists.
2026-01-07 11:44:10,390 - INFO - [BBC] Early skip: URL https://www.bbc.com/news/articles/cdx4zxk1np0o?at_medium=RSS&at_campaign=rss already exists.
2026-01-07 11:44:10,577 - INFO - [The Guardian] Early skip: URL https://www.theguardian.com/australia-news/2026/jan/07/labor-group-urges-albanese-to-rescind-invitation-to-israeli-president-isaac-herzog already exists.
2026-01-07 11:44:10,816 - INFO - [BBC] Early skip: URL https://www.bbc.com/news/articles/c74vx4n003xo?at_medium=RSS&at_campaign=rss already exists.
2026-01-07 11:44:11,110 - INFO - [The Guardian] Early skip: URL https://www.theguardian.com/australia-news/live/2026/jan/07/australia-news-live-heatwave-weather-bushfire-warning-anthony-albanese-antisemitism-bondi-royal-commission-inflation-abs-rba-interest-rates-ntwnfb already exists.
2026-01-07 11:44:11,317 - INFO - [BBC] Early skip: URL https://www.bbc.com/news/articles/cgl8y4gx9lyo?at_medium=RSS&at_campaign=rss already exists.
2026-01-07 11:44:11,540 - INFO - [The Guardian] Early skip: URL https://www.theguardian.com/business/2026/jan/07/australia-post-apologises-for-losing-aboriginal-artists-painting-worth-4000 already exists.
2026-01-07 11:44:11,663 - INFO - [BBC] Early skip: URL https://www.bbc.com/news/articles/cwyrexdgzn9o?at_medium=RSS&at_campaign=rss already exists.
2026-01-07 11:44:11,856 - INFO - [The Guardian] Early skip: URL https://www.theguardian.com/australia-news/2026/jan/07/brisbane-toyota-vehicle-theft-syndicate-men-charged-ntwnfb already exists.
2026-01-07 11:44:12,012 - INFO - [BBC] Early skip: URL https://www.bbc.com/news/articles/cx2yvx8gnnpo?at_medium=RSS&at_campaign=rss already exists.
2026-01-07 11:44:12,246 - INFO - [The Guardian] Early skip: URL https://www.theguardian.com/world/live/2026/jan/07/europe-greenland-denmark-us-france-trade-weather-latest-news-updates already exists.
2026-01-07 11:44:12,300 - INFO - Selenium driver initialized successfully.
2026-01-07 11:44:12,300 - INFO - Starting scrape for Times of India RSS feed: https://timesofindia.indiatimes.com/rssfeeds/296589292.cms
2026-01-07 11:44:12,300 - INFO - Selenium driver initialized successfully.
2026-01-07 11:44:12,300 - INFO - Starting scrape for The Hindu RSS feed: https://www.thehindu.com/news/national/feeder/default.rss
2026-01-07 11:44:12,425 - INFO - [BBC] Early skip: URL https://www.bbc.com/news/articles/c0jv1vd571wo?at_medium=RSS&at_campaign=rss already exists.
2026-01-07 11:44:12,510 - INFO - Found 100 articles in The Hindu RSS feed. Processing up to 30.
2026-01-07 11:44:12,702 - INFO - [The Guardian] Early skip: URL https://www.theguardian.com/world/2026/jan/07/russia-submarine-escort-shadow-fleet-tanker-us-sanctions already exists.
2026-01-07 11:44:12,734 - INFO - Found 20 articles in Times of India RSS feed. Processing up to 30.
2026-01-07 11:44:12,946 - INFO - [The Hindu] Article: https://www.thehindu.com/news/national/karnataka/kogilu-layout-demolition-fir-against-four-persons-for-selling-karnataka-government-land-for-unauthorised-construction-in-bengaluru/article70481616.ece
2026-01-07 11:44:12,946 - INFO - [The Hindu] Attempt 1/1: Trying with 'selenium_browser' strategy...
2026-01-07 11:44:12,947 - INFO - [BBC] Early skip: URL https://www.bbc.com/news/articles/cvgxpv9k822o?at_medium=RSS&at_campaign=rss already exists.
2026-01-07 11:44:13,236 - INFO - [Times of India] Article: https://timesofindia.indiatimes.com/world/middle-east/uae-warns-of-aed-2-million-penalties-under-toughened-plant-and-animal-trade-rules/articleshow/126391863.cms
2026-01-07 11:44:13,236 - INFO - [Times of India] Attempt 1/1: Trying with 'selenium_browser' strategy...
2026-01-07 11:44:13,237 - INFO - [The Guardian] Early skip: URL https://www.theguardian.com/world/2026/jan/07/amsterdam-airport-cancels-flights-amid-icy-conditions already exists.
2026-01-07 11:44:13,362 - INFO - [BBC] Early skip: URL https://www.bbc.com/news/articles/cly92dkxqvko?at_medium=RSS&at_campaign=rss already exists.
2026-01-07 11:44:13,569 - INFO - [The Guardian] Early skip: URL https://www.theguardian.com/world/live/2026/jan/06/coalition-willing-paris-ukraine-zelenskyy-greenland-denmark-venezuela-trump-latest-news-updates already exists.
2026-01-07 11:44:13,669 - INFO - [BBC] Early skip: URL https://www.bbc.com/news/articles/cpwn2wjzwndo?at_medium=RSS&at_campaign=rss already exists.
2026-01-07 11:44:13,967 - INFO - [BBC] Early skip: URL https://www.bbc.com/news/articles/c62vzpdmxxjo?at_medium=RSS&at_campaign=rss already exists.
2026-01-07 11:44:14,086 - INFO - [The Guardian] Early skip: URL https://www.theguardian.com/world/2026/jan/06/uk-france-ready-to-deploy-troops-to-ukraine-after-ceasefire already exists.
2026-01-07 11:44:14,271 - INFO - [The Guardian] Early skip: URL https://www.theguardian.com/world/2026/jan/06/iranian-security-forces-clash-protesters-tehran-grand-bazaar already exists.
2026-01-07 11:44:14,435 - INFO - [The Guardian] Early skip: URL https://www.theguardian.com/world/2026/jan/06/israel-vast-illegal-settlement-west-bank already exists.
2026-01-07 11:44:14,591 - INFO - [The Guardian] Early skip: URL https://www.theguardian.com/world/2026/jan/05/iran-try-risky-economic-changes-quell-protesters-anger already exists.
2026-01-07 11:44:14,860 - INFO - [The Guardian] Early skip: URL https://www.theguardian.com/world/2026/jan/05/palestine-ambassador-uk-hails-embassy-proof-identity already exists.
2026-01-07 11:44:14,995 - INFO - [The Guardian] Early skip: URL https://www.theguardian.com/global-development/2026/jan/05/children-killed-iran-protests-security-forces already exists.
2026-01-07 11:44:15,246 - INFO - [BBC] Early skip: URL https://www.bbc.com/news/articles/c70lw9x581no?at_medium=RSS&at_campaign=rss already exists.
2026-01-07 11:44:15,358 - INFO - [BBC] Early skip: URL https://www.bbc.com/news/articles/cd0ye72r4vpo?at_medium=RSS&at_campaign=rss already exists.
2026-01-07 11:44:15,633 - INFO - [BBC] Early skip: URL https://www.bbc.com/news/articles/cx2drqwg32do?at_medium=RSS&at_campaign=rss already exists.
2026-01-07 11:44:15,851 - INFO - [BBC] Early skip: URL https://www.bbc.com/news/videos/cly5nn5w918o?at_medium=RSS&at_campaign=rss already exists.
2026-01-07 11:44:16,119 - INFO - [BBC] Article: https://www.bbc.com/news/videos/cn42zz4ypgwo?at_medium=RSS&at_campaign=rss
2026-01-07 11:44:16,119 - INFO - [BBC] Attempt 1/1: Trying with 'requests_browser' strategy...
2026-01-07 11:44:16,756 - WARNING - [BBC] FAILED with 'requests_browser' (content was too short: 52 words).
2026-01-07 11:44:16,756 - ERROR - [BBC] All scrape strategies failed for https://www.bbc.com/news/videos/cn42zz4ypgwo?at_medium=RSS&at_campaign=rss. Falling back to RSS description.
2026-01-07 11:44:16,756 - WARNING - SKIPPED (GLOBAL WORD LIMIT): Article ''It seems unjust to me' - views from Caracas on Maduro's seizure' from BBC has only 16 words (Min: 90).
2026-01-07 11:44:17,302 - INFO - [BBC] Article: https://www.bbc.com/news/videos/cy05933de12o?at_medium=RSS&at_campaign=rss
2026-01-07 11:44:17,303 - INFO - [BBC] Attempt 1/1: Trying with 'requests_browser' strategy...
2026-01-07 11:44:17,535 - WARNING - [BBC] FAILED with 'requests_browser' (content was too short: 82 words).
2026-01-07 11:44:17,535 - ERROR - [BBC] All scrape strategies failed for https://www.bbc.com/news/videos/cy05933de12o?at_medium=RSS&at_campaign=rss. Falling back to RSS description.
2026-01-07 11:44:17,536 - WARNING - SKIPPED (GLOBAL WORD LIMIT): Article 'Watch: What it was like in the courtroom at Maduro's hearing' from BBC has only 16 words (Min: 90).
2026-01-07 11:44:18,424 - INFO - [The Hindu] Page content loaded.
2026-01-07 11:44:18,653 - INFO - [The Hindu] Success with 'selenium_browser'. Found content (348 words).
2026-01-07 11:44:45,892 - INFO - Saved article: Kogilu Layout demolition: FIR against 4 persons for selling govt land for unauthorised construction in Bengaluru - The Hindu from The Hindu (348 words)
2026-01-07 11:44:46,522 - INFO - [The Hindu] Article: https://www.thehindu.com/news/national/after-relief-from-supreme-court-to-others-another-delhi-riots-accused-files-bail-plea-seeking-parity/article70482016.ece
2026-01-07 11:44:46,522 - INFO - [The Hindu] Attempt 1/1: Trying with 'selenium_browser' strategy...
2026-01-07 11:44:48,370 - INFO - [The Hindu] Page content loaded.
2026-01-07 11:44:48,538 - INFO - [The Hindu] Success with 'selenium_browser'. Found content (651 words).
2026-01-07 11:45:04,058 - INFO - Saved article: After relief from Supreme Court to others, another Delhi riots accused files bail plea seeking parity - The Hindu from The Hindu (651 words)
2026-01-07 11:45:05,093 - INFO - [The Hindu] Article: https://www.thehindu.com/news/national/sc-dismisses-clat-2026-paper-leak-plea/article70481444.ece
2026-01-07 11:45:05,093 - INFO - [The Hindu] Attempt 1/1: Trying with 'selenium_browser' strategy...
2026-01-07 11:45:05,987 - INFO - [The Hindu] Page content loaded.
2026-01-07 11:45:06,067 - INFO - [The Hindu] Success with 'selenium_browser'. Found content (607 words).
2026-01-07 11:45:22,219 - INFO - Saved article: SC dismisses plea alleging CLAT 2026 question paper leak - The Hindu from The Hindu (607 words)
2026-01-07 11:45:23,389 - INFO - [The Hindu] Article: https://www.thehindu.com/news/national/tamil-nadu/42-illegal-resorts-around-sathyamangalam-tiger-reserve-told-to-shut-down-by-january-12/article70481350.ece
2026-01-07 11:45:23,389 - INFO - [The Hindu] Attempt 1/1: Trying with 'selenium_browser' strategy...
2026-01-07 11:45:24,980 - INFO - [The Hindu] Page content loaded.
2026-01-07 11:45:25,052 - INFO - [The Hindu] Success with 'selenium_browser'. Found content (327 words).
2026-01-07 11:45:39,643 - INFO - Saved article: 42 illegal resorts around Sathyamangalam Tiger Reserve told to shut down by January 12 - The Hindu from The Hindu (327 words)
2026-01-07 11:45:40,753 - INFO - [The Hindu] Article: https://www.thehindu.com/news/national/tamil-nadu/seeman-flays-dmk-and-aiadmk-says-corruption-charges-surface-only-during-polls/article70481611.ece
2026-01-07 11:45:40,753 - INFO - [The Hindu] Attempt 1/1: Trying with 'selenium_browser' strategy...
2026-01-07 11:46:00,775 - ERROR - [The Hindu] Request failed for strategy 'selenium_browser' on URL https://www.thehindu.com/news/national/tamil-nadu/seeman-flays-dmk-and-aiadmk-says-corruption-charges-surface-only-during-polls/article70481611.ece: Message: timeout: Timed out receiving message from renderer: 19.492
  (Session info: chrome=143.0.7499.109)
Stacktrace:
#0 0x562ae405919a <unknown>
#1 0x562ae3ad6c4b <unknown>
#2 0x562ae3abecf3 <unknown>
#3 0x562ae3abe9d6 <unknown>
#4 0x562ae3abc897 <unknown>
#5 0x562ae3abd1af <unknown>
#6 0x562ae3acb970 <unknown>
#7 0x562ae3ae5017 <unknown>
#8 0x562ae3aeb6cb <unknown>
#9 0x562ae3abd8d8 <unknown>
#10 0x562ae3ae4dc3 <unknown>
#11 0x562ae3b73f60 <unknown>
#12 0x562ae3b1ac42 <unknown>
#13 0x562ae3b1b8f1 <unknown>
#14 0x562ae4021f39 <unknown>
#15 0x562ae4024e7d <unknown>
#16 0x562ae400ac81 <unknown>
#17 0x562ae4025a5b <unknown>
#18 0x562ae3ff1a50 <unknown>
#19 0x562ae4046aa8 <unknown>
#20 0x562ae4046c79 <unknown>
#21 0x562ae40584f3 <unknown>
#22 0x7f2f6c69caa4 <unknown>
#23 0x7f2f6c729c6c <unknown>

2026-01-07 11:46:00,775 - ERROR - [The Hindu] All scrape strategies failed for https://www.thehindu.com/news/national/tamil-nadu/seeman-flays-dmk-and-aiadmk-says-corruption-charges-surface-only-during-polls/article70481611.ece. Falling back to RSS description.
2026-01-07 11:46:00,775 - WARNING - SKIPPED (GLOBAL WORD LIMIT): Article 'Seeman flays DMK, AIADMK over corruption charges' from The Hindu has only 15 words (Min: 90).
2026-01-07 11:46:01,682 - INFO - [The Hindu] Article: https://www.thehindu.com/news/national/comments-on-social-media-supreme-court-grants-protection-from-arrest-to-singer-neha-singh-rathore/article70481931.ece
2026-01-07 11:46:01,683 - INFO - [The Hindu] Attempt 1/1: Trying with 'selenium_browser' strategy...
2026-01-07 11:46:02,418 - INFO - [The Hindu] Page content loaded.
2026-01-07 11:46:02,624 - INFO - [The Hindu] Success with 'selenium_browser'. Found content (300 words).
2026-01-07 11:46:13,337 - ERROR - [Times of India] Request failed for strategy 'selenium_browser' on URL https://timesofindia.indiatimes.com/world/middle-east/uae-warns-of-aed-2-million-penalties-under-toughened-plant-and-animal-trade-rules/articleshow/126391863.cms: HTTPConnectionPool(host='localhost', port=46385): Read timed out. (read timeout=120)
2026-01-07 11:46:13,337 - ERROR - [Times of India] All scrape strategies failed for https://timesofindia.indiatimes.com/world/middle-east/uae-warns-of-aed-2-million-penalties-under-toughened-plant-and-animal-trade-rules/articleshow/126391863.cms. Falling back to RSS description.
2026-01-07 11:46:13,337 - WARNING - SKIPPED (GLOBAL WORD LIMIT): Article 'UAE Wildlife Protection Law: New decree enacts strict penalties; aligns with CITES from 2026' from Times of India has only 54 words (Min: 90).
2026-01-07 11:46:18,104 - INFO - Saved article: Comments on social media: Supreme Court grants protection from arrest to singer Neha Singh Rathore - The Hindu from The Hindu (300 words)
2026-01-07 11:46:18,104 - INFO - [Times of India] Article: https://timesofindia.indiatimes.com/world/us/doj-vs-federal-judges-trump-ally-receives-7-day-ultimatum-court-questions-use-of-unlawful-attorney-tag/articleshow/126392517.cms
2026-01-07 11:46:18,104 - INFO - [Times of India] Attempt 1/1: Trying with 'selenium_browser' strategy...
2026-01-07 11:46:19,318 - INFO - [The Hindu] Article: https://www.thehindu.com/news/national/kerala/sabarimala-gold-case-mb-rajesh-dares-satheesan-to-refute-kerala-hc-observation-of-no-govt-interference-in-probe/article70481623.ece
2026-01-07 11:46:19,318 - INFO - [The Hindu] Attempt 1/1: Trying with 'selenium_browser' strategy...
2026-01-07 11:46:20,677 - INFO - [The Hindu] Page content loaded.
2026-01-07 11:46:20,906 - INFO - [The Hindu] Success with 'selenium_browser'. Found content (286 words).
2026-01-07 11:46:35,231 - INFO - DEDUPLICATION: Found match (Score: 0.71). Linking to Cluster ID: 8d3b8844-70ec-498c-8829-d54f9984f745
2026-01-07 11:46:35,233 - INFO - Saved article: Sabarimala gold case: M.B. Rajesh dares Satheesan to refute Kerala HC observation of no govt interference in probe - The Hindu from The Hindu (286 words)
2026-01-07 11:46:35,974 - INFO - [The Hindu] Article: https://www.thehindu.com/news/national/karnataka/woman-dies-of-burn-injuries-after-being-set-on-fire-for-rejecting-marriage-proposal-in-bengaluru/article70481791.ece
2026-01-07 11:46:35,974 - INFO - [The Hindu] Attempt 1/1: Trying with 'selenium_browser' strategy...
2026-01-07 11:46:39,234 - INFO - [The Hindu] Page content loaded.
2026-01-07 11:46:39,336 - INFO - [The Hindu] Success with 'selenium_browser'. Found content (199 words).
2026-01-07 11:46:53,702 - INFO - Saved article: 41-year-old woman set on fire for rejecting marriage proposal loses 20-day battle for survival - The Hindu from The Hindu (199 words)
2026-01-07 11:46:54,320 - INFO - [The Hindu] Article: https://www.thehindu.com/news/national/kerala/no-elections-in-kochi-corporation-standing-committees-as-udf-secures-majority-in-all-eight-panels/article70481696.ece
2026-01-07 11:46:54,320 - INFO - [The Hindu] Attempt 1/1: Trying with 'selenium_browser' strategy...
2026-01-07 11:46:55,275 - INFO - [The Hindu] Page content loaded.
2026-01-07 11:46:55,446 - INFO - [The Hindu] Success with 'selenium_browser'. Found content (437 words).
2026-01-07 11:47:10,150 - INFO - Saved article: No elections in Kochi Corporation Standing Committees as UDF secures majority in all eight panels - The Hindu from The Hindu (437 words)
2026-01-07 11:47:10,756 - INFO - [The Hindu] Early skip: URL https://www.thehindu.com/news/national/tamil-nadu/tn-forest-dept-denies-permission-for-further-exploratory-tests-at-upper-bhavani-hydroelectric-project-site/article70481658.ece already exists.
2026-01-07 11:47:10,884 - INFO - [The Hindu] Early skip: URL https://www.thehindu.com/news/national/understand-the-difference-rahul-gandhi-takes-dig-at-government-over-trumps-remarks/article70481692.ece already exists.
2026-01-07 11:47:11,173 - INFO - [The Hindu] Article: https://www.thehindu.com/food/dining/step-into-pongal-with-a-village-style-harvest-spread/article70481803.ece
2026-01-07 11:47:11,173 - INFO - [The Hindu] Attempt 1/1: Trying with 'selenium_browser' strategy...
2026-01-07 11:47:13,185 - INFO - [The Hindu] Page content loaded.
2026-01-07 11:47:13,242 - INFO - [The Hindu] Success with 'selenium_browser'. Found content (327 words).
2026-01-07 11:47:27,950 - INFO - Saved article: Step into Pongal with a village-style harvest spread - The Hindu from The Hindu (327 words)
2026-01-07 11:47:28,798 - INFO - [The Hindu] Early skip: URL https://www.thehindu.com/news/national/kerala/jamaat-e-islami-hind-says-will-vote-for-winnable-ldf-udf-candidates-in-kerala-assembly-polls-to-keep-bjp-at-bay/article70481580.ece already exists.
2026-01-07 11:47:29,006 - INFO - [The Hindu] Early skip: URL https://www.thehindu.com/news/national/pune-porsche-car-crash-supreme-court-notice-to-maharashtra-government-on-bail-pleas-of-2-accused/article70481694.ece already exists.
2026-01-07 11:47:29,261 - INFO - [The Hindu] Early skip: URL https://www.thehindu.com/news/national/amendments-to-forest-conservation-act-opened-door-for-privatisation-of-forest-management-congress/article70481578.ece already exists.
2026-01-07 11:47:29,369 - INFO - [The Hindu] Early skip: URL https://www.thehindu.com/news/national/andhra-pradesh/andhra-minister-narayana-launches-land-pooling-scheme-ii-in-amaravati/article70481277.ece already exists.
2026-01-07 11:47:29,592 - INFO - [The Hindu] Early skip: URL https://www.thehindu.com/news/national/karnataka/ballari-range-dig-transferred-after-clash-that-killed-congress-party-worker-in-karnataka/article70481381.ece already exists.
2026-01-07 11:47:29,758 - INFO - [The Hindu] Early skip: URL https://www.thehindu.com/news/national/modi-speaks-with-netanyahu-discusses-ways-to-strengthen-india-israel-strategic-partnership/article70481641.ece already exists.
2026-01-07 11:47:29,954 - INFO - [The Hindu] Early skip: URL https://www.thehindu.com/news/national/andhra-pradesh/mauritius-president-visits-tirumala-temple/article70481254.ece already exists.
2026-01-07 11:47:30,123 - INFO - [The Hindu] Early skip: URL https://www.thehindu.com/news/national/andhra-pradesh/nhais-world-records-in-andhra-pradesh-are-a-proud-moment-cm-chandrababu-naidu/article70480905.ece already exists.
2026-01-07 11:47:30,300 - INFO - [The Hindu] Early skip: URL https://www.thehindu.com/news/national/karnataka/claim-of-residing-at-now-demolished-houses-at-kogilu-for-28-years-factually-incorrect-state-government-tells-karnataka-high-court/article70481474.ece already exists.
2026-01-07 11:47:30,455 - INFO - [The Hindu] Early skip: URL https://www.thehindu.com/videos/watch-ahead-of-pongal-jaggery-production-in-full-swing-in-vellore/article70481540.ece already exists.
2026-01-07 11:47:30,690 - INFO - [The Hindu] Early skip: URL https://www.thehindu.com/news/national/kerala/iuml-leader-vk-ebrahim-kunju-laid-to-rest-with-state-honours/article70481485.ece already exists.
2026-01-07 11:47:30,802 - INFO - [The Hindu] Early skip: URL https://www.thehindu.com/news/national/supeme-court-asks-govt-to-forward-entire-audio-clip-allegedly-on-former-manipur-cm-biren-singh/article70481436.ece already exists.
2026-01-07 11:47:30,912 - INFO - [The Hindu] Early skip: URL https://www.thehindu.com/news/national/kerala/probe-ordered-into-alleged-medical-negligence-in-wayanad-hospital-after-woman-finds-cotton-cloth-left-inside-post-cesarean/article70481477.ece already exists.
2026-01-07 11:47:31,157 - INFO - [The Hindu] Early skip: URL https://www.thehindu.com/food/dining/ponram-unveils-dindigul-flavours-after-hours-dindigul-after-dark/article70473456.ece already exists.
2026-01-07 11:47:31,283 - INFO - [The Hindu] Early skip: URL https://www.thehindu.com/news/cities/Hyderabad/dggi-arrests-orange-transport-md-another-businessman-in-50-crore-gst-evasion-cases/article70481426.ece already exists.
2026-01-07 11:47:31,565 - INFO - [The Hindu] Early skip: URL https://www.thehindu.com/news/national/karnataka/ngo-rescues-14-illegally-relocated-puppies-in-chikkaballapur/article70478644.ece already exists.
2026-01-07 11:47:31,843 - INFO - [The Hindu] Early skip: URL https://www.thehindu.com/news/national/karnataka/truck-drivers-death-in-alleged-illegal-quarry-karnataka-upa-lokayukta-books-ac-tahsildar-dysp-seven-others-for-dereliction-of-duty/article70481179.ece already exists.
2026-01-07 11:47:32,094 - INFO - [The Hindu] Early skip: URL https://www.thehindu.com/news/cities/Hyderabad/dates-and-venues-of-kite-hot-air-balloon-and-drone-festivals-2026-in-hyderabad-announced/article70481347.ece already exists.
2026-01-07 11:47:32,231 - INFO - [The Hindu] (Thread) Finished. Attempting to shut down its Selenium driver.
2026-01-07 11:47:32,412 - INFO - [The Hindu] (Thread) driver.quit() successful.
2026-01-07 11:48:18,184 - ERROR - [Times of India] Request failed for strategy 'selenium_browser' on URL https://timesofindia.indiatimes.com/world/us/doj-vs-federal-judges-trump-ally-receives-7-day-ultimatum-court-questions-use-of-unlawful-attorney-tag/articleshow/126392517.cms: HTTPConnectionPool(host='localhost', port=46385): Read timed out. (read timeout=120)
2026-01-07 11:48:18,184 - ERROR - [Times of India] All scrape strategies failed for https://timesofindia.indiatimes.com/world/us/doj-vs-federal-judges-trump-ally-receives-7-day-ultimatum-court-questions-use-of-unlawful-attorney-tag/articleshow/126392517.cms. Falling back to RSS description.
2026-01-07 11:48:18,184 - WARNING - SKIPPED (GLOBAL WORD LIMIT): Article 'DOJ vs federal judges: Trump ally receives 7-day ultimatum; court questions use of unlawful ‘attorney’ tag' from Times of India has only 3 words (Min: 90).
2026-01-07 11:48:19,151 - INFO - [Times of India] Article: https://timesofindia.indiatimes.com/world/us/who-is-julie-menin-jewish-ivy-league-council-speaker-who-could-make-or-break-zohran-mamdanis-agenda-in-nyc/articleshow/126391553.cms
2026-01-07 11:48:19,151 - INFO - [Times of India] Attempt 1/1: Trying with 'selenium_browser' strategy...
2026-01-07 11:49:03,846 - CRITICAL - --- TIMEOUT: 1 scrape jobs did not complete in 300s. ---
2026-01-07 11:49:03,847 - ERROR - A thread has timed out and will be abandoned.
2026-01-07 11:49:03,847 - INFO - Shutting down thread pool (wait=False)...
2026-01-07 11:49:03,847 - INFO - Scraped: 0 The Guardian, 0 BBC, 9 The Hindu, 1 Timed_Out_Jobs articles. (Total saved: 9)
2026-01-07 11:49:03,847 - INFO - --- Scraping job finished ---
2026-01-07 11:49:03,847 - INFO - --- Scraper service stopped and database connection closed. ---
2026-01-07 11:49:03,847 - INFO - --- Main thread finished. Forcing process exit to kill zombie threads. ---
