2026-01-07 11:23:05,344 - INFO - Loading AI Semantic Model (all-MiniLM-L6-v2)...
2026-01-07 11:23:05,345 - INFO - Use pytorch device_name: cpu
2026-01-07 11:23:05,345 - INFO - Load pretrained SentenceTransformer: all-MiniLM-L6-v2
2026-01-07 11:23:06,128 - INFO - AI Model loaded successfully.
2026-01-07 11:23:06,128 - INFO - --- Scraper service started (CI Mode: Run Once) ---
2026-01-07 11:23:06,128 - INFO - --- Starting new scraping job (Parallel Mode) ---
2026-01-07 11:23:06,128 - INFO - Creating new robust session with 3 retries on 5xx/connection/read errors.
2026-01-07 11:23:06,128 - INFO - Proxy is DISABLED.
2026-01-07 11:23:06,129 - INFO - Starting scrape for BBC RSS feed: http://feeds.bbci.co.uk/news/world/rss.xml
2026-01-07 11:23:06,130 - INFO - [Times of India] (Thread) requires Selenium. Initializing driver...
2026-01-07 11:23:06,130 - INFO - Starting scrape for The Guardian RSS feed: https://www.theguardian.com/world/rss
2026-01-07 11:23:06,131 - INFO - [The Hindu] (Thread) requires Selenium. Initializing driver...
2026-01-07 11:23:06,131 - INFO - Submitted 4 jobs to thread pool. Waiting up to 300s for completion...
2026-01-07 11:23:06,273 - INFO - Found 45 articles in The Guardian RSS feed. Processing up to 30.
2026-01-07 11:23:06,273 - INFO - [The Guardian] Early skip: URL https://www.theguardian.com/world/2026/jan/02/anthony-joshuas-driver-charged-with-dangerous-driving-after-fatal-crash-in-nigeria already exists.
2026-01-07 11:23:06,480 - INFO - [The Guardian] Early skip: URL https://www.theguardian.com/science/2026/jan/01/cremation-pyre-in-africa-thought-to-be-worlds-oldest-containing-adult-remains already exists.
2026-01-07 11:23:06,511 - INFO - Found 38 articles in BBC RSS feed. Processing up to 30.
2026-01-07 11:23:06,613 - INFO - [BBC] Early skip: URL https://www.bbc.com/news/articles/cwyg1jg8xkmo?at_medium=RSS&at_campaign=rss already exists.
2026-01-07 11:23:06,716 - INFO - [The Guardian] Early skip: URL https://www.theguardian.com/global-development/2026/jan/01/us-aid-cuts-conditions-un-humanitarian-pledge-ocha already exists.
2026-01-07 11:23:06,895 - INFO - [BBC] Early skip: URL https://www.bbc.com/news/articles/c7v0deypjl4o?at_medium=RSS&at_campaign=rss already exists.
2026-01-07 11:23:07,063 - INFO - [The Guardian] Early skip: URL https://www.theguardian.com/world/2025/dec/31/guinea-junta-chief-mamady-doumbouya-elected-president-after-opposition-boycott already exists.
2026-01-07 11:23:07,295 - INFO - [BBC] Article: https://www.bbc.com/news/articles/c74wexkd598o?at_medium=RSS&at_campaign=rss
2026-01-07 11:23:07,295 - INFO - [BBC] Attempt 1/1: Trying with 'requests_browser' strategy...
2026-01-07 11:23:07,296 - INFO - [The Guardian] Early skip: URL https://www.theguardian.com/world/2025/dec/30/saudi-arabia-uae-tension-future-yemen-boiling-point already exists.
2026-01-07 11:23:07,443 - INFO - [The Guardian] Article: https://www.theguardian.com/business/2026/jan/07/oil-prices-fall-after-trump-says-venezuela-will-send-up-to-50m-barrels-to-us
2026-01-07 11:23:07,444 - INFO - [The Guardian] Attempt 1/1: Trying with 'requests_browser' strategy...
2026-01-07 11:23:07,490 - INFO - [The Guardian] Success with 'requests_browser'. Found content (632 words).
2026-01-07 11:23:07,631 - INFO - [BBC] Success with 'requests_browser'. Found content (314 words).
2026-01-07 11:23:07,711 - INFO - Selenium driver initialized successfully.
2026-01-07 11:23:07,717 - INFO - Starting scrape for Times of India RSS feed: https://timesofindia.indiatimes.com/rssfeeds/296589292.cms
2026-01-07 11:23:07,724 - INFO - Selenium driver initialized successfully.
2026-01-07 11:23:07,724 - INFO - Starting scrape for The Hindu RSS feed: https://www.thehindu.com/news/national/feeder/default.rss
2026-01-07 11:23:07,903 - INFO - Found 20 articles in Times of India RSS feed. Processing up to 30.
2026-01-07 11:23:07,946 - INFO - Found 100 articles in The Hindu RSS feed. Processing up to 30.
2026-01-07 11:23:20,367 - INFO - DEDUPLICATION: Found match (Score: 0.86). Linking to Cluster ID: af09e49d-868d-4349-bb91-328ca0cc515b
2026-01-07 11:23:20,369 - INFO - Saved article: Oil prices fall after Trump says Venezuela will send up to 50m barrels to US | Oil | The Guardian from The Guardian (632 words)
2026-01-07 11:23:32,865 - INFO - DEDUPLICATION: Found match (Score: 0.86). Linking to Cluster ID: 21c4712b-2dcb-452c-9461-c2c305d46caf
2026-01-07 11:23:32,868 - INFO - Saved article: Families shocked Swiss ski bar was not inspected for years before deadly fire from BBC (314 words)
2026-01-07 11:23:32,869 - INFO - [Times of India] Article: https://timesofindia.indiatimes.com/world/middle-east/uae-warns-of-aed-2-million-penalties-under-toughened-plant-and-animal-trade-rules/articleshow/126391863.cms
2026-01-07 11:23:32,869 - INFO - [Times of India] Attempt 1/1: Trying with 'selenium_browser' strategy...
2026-01-07 11:23:32,870 - INFO - [The Hindu] Article: https://www.thehindu.com/news/national/sc-dismisses-clat-2026-paper-leak-plea/article70481444.ece
2026-01-07 11:23:32,870 - INFO - [The Hindu] Attempt 1/1: Trying with 'selenium_browser' strategy...
2026-01-07 11:23:32,871 - INFO - [The Guardian] Early skip: URL https://www.theguardian.com/us-news/live/2026/jan/07/donald-trump-venezuela-greenland-oil-childcare-us-politics-live already exists.
2026-01-07 11:23:32,989 - INFO - [The Guardian] Early skip: URL https://www.theguardian.com/world/2026/jan/07/wager-platform-polymarket-will-not-pay-out-on-bets-on-us-invasion-of-venezuela already exists.
2026-01-07 11:23:33,111 - INFO - [The Guardian] Early skip: URL https://www.theguardian.com/world/2026/jan/07/wednesday-briefing-what-europes-silence-over-venezuela-says-about-its-fear-of-trump already exists.
2026-01-07 11:23:33,281 - INFO - [The Guardian] Early skip: URL https://www.theguardian.com/world/live/2026/jan/06/venezuela-live-updates-maduro-trump-us-attack-opposition-machado-return already exists.
2026-01-07 11:23:33,573 - INFO - [The Guardian] Early skip: URL https://www.theguardian.com/world/2026/jan/06/papua-new-guinea-internet-starlink-shut-down already exists.
2026-01-07 11:23:33,869 - INFO - [BBC] Article: https://www.bbc.com/news/articles/clyz4dzyq7po?at_medium=RSS&at_campaign=rss
2026-01-07 11:23:33,869 - INFO - [BBC] Attempt 1/1: Trying with 'requests_browser' strategy...
2026-01-07 11:23:33,871 - INFO - [The Guardian] Early skip: URL https://www.theguardian.com/world/2026/jan/06/what-us-action-in-venezuela-means-for-taiwan already exists.
2026-01-07 11:23:33,913 - INFO - [BBC] Success with 'requests_browser'. Found content (461 words).
2026-01-07 11:23:34,044 - INFO - [The Guardian] Early skip: URL https://www.theguardian.com/world/2026/jan/05/venezuela-trump-attack-china-interests-analysis already exists.
2026-01-07 11:24:04,141 - INFO - Saved article: Burkina Faso foils plot to assassinate Capt Ibrahim Traoré, says junta from BBC (461 words)
2026-01-07 11:24:04,141 - INFO - [The Guardian] Early skip: URL https://www.theguardian.com/world/2026/jan/05/giant-bluefin-tuna-sold-record-amount-tokyo-auction-kiyoshi-kimura already exists.
2026-01-07 11:24:04,361 - INFO - [The Guardian] Early skip: URL https://www.theguardian.com/environment/2026/jan/05/weather-tracker-arctic-air-grips-europe-winds-corsica already exists.
2026-01-07 11:24:04,560 - INFO - [The Guardian] Early skip: URL https://www.theguardian.com/environment/2026/jan/07/severe-heatwave-hits-southern-australian-states-with-firefighters-warning-many-areas-ready-to-burn already exists.
2026-01-07 11:24:04,860 - INFO - [BBC] Early skip: URL https://www.bbc.com/news/articles/c4grxzxjjd8o?at_medium=RSS&at_campaign=rss already exists.
2026-01-07 11:24:05,134 - INFO - [The Guardian] Early skip: URL https://www.theguardian.com/australia-news/2026/jan/07/labor-group-urges-albanese-to-rescind-invitation-to-israeli-president-isaac-herzog already exists.
2026-01-07 11:24:05,336 - INFO - [BBC] Early skip: URL https://www.bbc.com/news/articles/c0er4qd3115o?at_medium=RSS&at_campaign=rss already exists.
2026-01-07 11:24:05,620 - INFO - [The Guardian] Early skip: URL https://www.theguardian.com/australia-news/live/2026/jan/07/australia-news-live-heatwave-weather-bushfire-warning-anthony-albanese-antisemitism-bondi-royal-commission-inflation-abs-rba-interest-rates-ntwnfb already exists.
2026-01-07 11:24:05,898 - INFO - [BBC] Early skip: URL https://www.bbc.com/news/articles/cj0n29395j3o?at_medium=RSS&at_campaign=rss already exists.
2026-01-07 11:24:06,034 - INFO - [The Guardian] Early skip: URL https://www.theguardian.com/business/2026/jan/07/australia-post-apologises-for-losing-aboriginal-artists-painting-worth-4000 already exists.
2026-01-07 11:24:06,153 - INFO - [BBC] Early skip: URL https://www.bbc.com/news/articles/czjg37p34r3o?at_medium=RSS&at_campaign=rss already exists.
2026-01-07 11:24:06,433 - INFO - [The Guardian] Early skip: URL https://www.theguardian.com/australia-news/2026/jan/07/brisbane-toyota-vehicle-theft-syndicate-men-charged-ntwnfb already exists.
2026-01-07 11:24:06,595 - INFO - [BBC] Early skip: URL https://www.bbc.com/news/articles/c8j38rmm4z3o?at_medium=RSS&at_campaign=rss already exists.
2026-01-07 11:24:06,894 - INFO - [The Guardian] Article: https://www.theguardian.com/world/2026/jan/07/russia-submarine-escort-shadow-fleet-tanker-us-sanctions
2026-01-07 11:24:06,894 - INFO - [The Guardian] Attempt 1/1: Trying with 'requests_browser' strategy...
2026-01-07 11:24:06,894 - INFO - [BBC] Early skip: URL https://www.bbc.com/news/articles/c17zee20qpzo?at_medium=RSS&at_campaign=rss already exists.
2026-01-07 11:24:07,006 - INFO - [The Guardian] Success with 'requests_browser'. Found content (610 words).
2026-01-07 11:24:24,241 - INFO - DEDUPLICATION: Found match (Score: 0.78). Linking to Cluster ID: e36b4654-def6-4956-8b7d-73dd7f76d746
2026-01-07 11:24:24,244 - INFO - Saved article: Russia reportedly sends submarine to escort ‘shadow fleet’ tanker being pursued by US | Russia | The Guardian from The Guardian (610 words)
2026-01-07 11:24:24,244 - INFO - [BBC] Early skip: URL https://www.bbc.com/news/articles/crmlnmnwzk2o?at_medium=RSS&at_campaign=rss already exists.
2026-01-07 11:24:24,409 - INFO - [BBC] Early skip: URL https://www.bbc.com/news/articles/cre28d2j2zxo?at_medium=RSS&at_campaign=rss already exists.
2026-01-07 11:24:24,708 - INFO - [BBC] Early skip: URL https://www.bbc.com/news/articles/c74w54783zeo?at_medium=RSS&at_campaign=rss already exists.
2026-01-07 11:24:24,968 - INFO - [The Guardian] Early skip: URL https://www.theguardian.com/world/live/2026/jan/07/europe-greenland-denmark-us-france-trade-weather-latest-news-updates already exists.
2026-01-07 11:24:25,184 - INFO - [BBC] Early skip: URL https://www.bbc.com/news/articles/cpv7myg2nw4o?at_medium=RSS&at_campaign=rss already exists.
2026-01-07 11:24:25,302 - INFO - [The Guardian] Early skip: URL https://www.theguardian.com/world/2026/jan/07/amsterdam-airport-cancels-flights-amid-icy-conditions already exists.
2026-01-07 11:24:25,602 - INFO - [BBC] Early skip: URL https://www.bbc.com/news/articles/cdx4zxk1np0o?at_medium=RSS&at_campaign=rss already exists.
2026-01-07 11:24:25,805 - INFO - [The Guardian] Early skip: URL https://www.theguardian.com/world/live/2026/jan/06/coalition-willing-paris-ukraine-zelenskyy-greenland-denmark-venezuela-trump-latest-news-updates already exists.
2026-01-07 11:24:26,045 - INFO - [BBC] Early skip: URL https://www.bbc.com/news/articles/c74vx4n003xo?at_medium=RSS&at_campaign=rss already exists.
2026-01-07 11:24:26,173 - INFO - [The Guardian] Early skip: URL https://www.theguardian.com/world/2026/jan/06/uk-france-ready-to-deploy-troops-to-ukraine-after-ceasefire already exists.
2026-01-07 11:24:26,452 - INFO - [BBC] Early skip: URL https://www.bbc.com/news/articles/cgl8y4gx9lyo?at_medium=RSS&at_campaign=rss already exists.
2026-01-07 11:24:26,640 - INFO - [The Guardian] Early skip: URL https://www.theguardian.com/world/2026/jan/06/iranian-security-forces-clash-protesters-tehran-grand-bazaar already exists.
2026-01-07 11:24:26,920 - INFO - [BBC] Early skip: URL https://www.bbc.com/news/articles/cwyrexdgzn9o?at_medium=RSS&at_campaign=rss already exists.
2026-01-07 11:24:27,070 - INFO - [The Guardian] Early skip: URL https://www.theguardian.com/world/2026/jan/06/israel-vast-illegal-settlement-west-bank already exists.
2026-01-07 11:24:27,285 - INFO - [BBC] Early skip: URL https://www.bbc.com/news/articles/cx2yvx8gnnpo?at_medium=RSS&at_campaign=rss already exists.
2026-01-07 11:24:27,410 - INFO - [The Guardian] Early skip: URL https://www.theguardian.com/world/2026/jan/05/iran-try-risky-economic-changes-quell-protesters-anger already exists.
2026-01-07 11:24:27,602 - INFO - [BBC] Early skip: URL https://www.bbc.com/news/articles/c0jv1vd571wo?at_medium=RSS&at_campaign=rss already exists.
2026-01-07 11:24:27,712 - INFO - [The Guardian] Early skip: URL https://www.theguardian.com/world/2026/jan/05/palestine-ambassador-uk-hails-embassy-proof-identity already exists.
2026-01-07 11:24:27,837 - INFO - [BBC] Early skip: URL https://www.bbc.com/news/articles/cvgxpv9k822o?at_medium=RSS&at_campaign=rss already exists.
2026-01-07 11:24:27,980 - INFO - [The Guardian] Early skip: URL https://www.theguardian.com/global-development/2026/jan/05/children-killed-iran-protests-security-forces already exists.
2026-01-07 11:24:28,213 - INFO - [BBC] Early skip: URL https://www.bbc.com/news/articles/cly92dkxqvko?at_medium=RSS&at_campaign=rss already exists.
2026-01-07 11:24:28,332 - INFO - [BBC] Early skip: URL https://www.bbc.com/news/articles/cpwn2wjzwndo?at_medium=RSS&at_campaign=rss already exists.
2026-01-07 11:24:28,556 - INFO - [BBC] Early skip: URL https://www.bbc.com/news/articles/c62vzpdmxxjo?at_medium=RSS&at_campaign=rss already exists.
2026-01-07 11:24:28,815 - INFO - [BBC] Early skip: URL https://www.bbc.com/news/articles/c70lw9x581no?at_medium=RSS&at_campaign=rss already exists.
2026-01-07 11:24:29,082 - INFO - [BBC] Early skip: URL https://www.bbc.com/news/articles/cd0ye72r4vpo?at_medium=RSS&at_campaign=rss already exists.
2026-01-07 11:24:29,208 - INFO - [BBC] Early skip: URL https://www.bbc.com/news/articles/cx2drqwg32do?at_medium=RSS&at_campaign=rss already exists.
2026-01-07 11:24:29,406 - INFO - [BBC] Early skip: URL https://www.bbc.com/news/videos/cly5nn5w918o?at_medium=RSS&at_campaign=rss already exists.
2026-01-07 11:24:29,572 - INFO - [BBC] Article: https://www.bbc.com/news/videos/cn42zz4ypgwo?at_medium=RSS&at_campaign=rss
2026-01-07 11:24:29,573 - INFO - [BBC] Attempt 1/1: Trying with 'requests_browser' strategy...
2026-01-07 11:24:29,637 - WARNING - [BBC] FAILED with 'requests_browser' (content was too short: 52 words).
2026-01-07 11:24:29,637 - ERROR - [BBC] All scrape strategies failed for https://www.bbc.com/news/videos/cn42zz4ypgwo?at_medium=RSS&at_campaign=rss. Falling back to RSS description.
2026-01-07 11:24:29,637 - WARNING - SKIPPED (GLOBAL WORD LIMIT): Article ''It seems unjust to me' - views from Caracas on Maduro's seizure' from BBC has only 16 words (Min: 90).
2026-01-07 11:24:30,801 - INFO - [BBC] Article: https://www.bbc.com/news/videos/cy05933de12o?at_medium=RSS&at_campaign=rss
2026-01-07 11:24:30,801 - INFO - [BBC] Attempt 1/1: Trying with 'requests_browser' strategy...
2026-01-07 11:24:30,855 - WARNING - [BBC] FAILED with 'requests_browser' (content was too short: 82 words).
2026-01-07 11:24:30,855 - ERROR - [BBC] All scrape strategies failed for https://www.bbc.com/news/videos/cy05933de12o?at_medium=RSS&at_campaign=rss. Falling back to RSS description.
2026-01-07 11:24:30,855 - WARNING - SKIPPED (GLOBAL WORD LIMIT): Article 'Watch: What it was like in the courtroom at Maduro's hearing' from BBC has only 16 words (Min: 90).
2026-01-07 11:25:32,924 - ERROR - [Times of India] Request failed for strategy 'selenium_browser' on URL https://timesofindia.indiatimes.com/world/middle-east/uae-warns-of-aed-2-million-penalties-under-toughened-plant-and-animal-trade-rules/articleshow/126391863.cms: HTTPConnectionPool(host='localhost', port=43839): Read timed out. (read timeout=120)
2026-01-07 11:25:32,924 - ERROR - [Times of India] All scrape strategies failed for https://timesofindia.indiatimes.com/world/middle-east/uae-warns-of-aed-2-million-penalties-under-toughened-plant-and-animal-trade-rules/articleshow/126391863.cms. Falling back to RSS description.
2026-01-07 11:25:32,925 - ERROR - [The Hindu] Request failed for strategy 'selenium_browser' on URL https://www.thehindu.com/news/national/sc-dismisses-clat-2026-paper-leak-plea/article70481444.ece: HTTPConnectionPool(host='localhost', port=38861): Read timed out. (read timeout=120)
2026-01-07 11:25:32,925 - WARNING - SKIPPED (GLOBAL WORD LIMIT): Article 'UAE Wildlife Protection Law: New decree enacts strict penalties; aligns with CITES from 2026' from Times of India has only 54 words (Min: 90).
2026-01-07 11:25:32,925 - ERROR - [The Hindu] All scrape strategies failed for https://www.thehindu.com/news/national/sc-dismisses-clat-2026-paper-leak-plea/article70481444.ece. Falling back to RSS description.
2026-01-07 11:25:32,925 - WARNING - SKIPPED (GLOBAL WORD LIMIT): Article 'Supreme Court declines to entertain plea seeking probe into alleged CLAT 2026 paper leak' from The Hindu has only 23 words (Min: 90).
2026-01-07 11:25:33,868 - INFO - [Times of India] Article: https://timesofindia.indiatimes.com/world/us/doj-vs-federal-judges-trump-ally-receives-7-day-ultimatum-court-questions-use-of-unlawful-attorney-tag/articleshow/126392517.cms
2026-01-07 11:25:33,868 - INFO - [Times of India] Attempt 1/1: Trying with 'selenium_browser' strategy...
2026-01-07 11:25:34,121 - INFO - [The Hindu] Article: https://www.thehindu.com/news/national/tamil-nadu/42-illegal-resorts-around-sathyamangalam-tiger-reserve-told-to-shut-down-by-january-12/article70481350.ece
2026-01-07 11:25:34,121 - INFO - [The Hindu] Attempt 1/1: Trying with 'selenium_browser' strategy...
2026-01-07 11:27:33,964 - ERROR - [Times of India] Request failed for strategy 'selenium_browser' on URL https://timesofindia.indiatimes.com/world/us/doj-vs-federal-judges-trump-ally-receives-7-day-ultimatum-court-questions-use-of-unlawful-attorney-tag/articleshow/126392517.cms: HTTPConnectionPool(host='localhost', port=43839): Read timed out. (read timeout=120)
2026-01-07 11:27:33,964 - ERROR - [Times of India] All scrape strategies failed for https://timesofindia.indiatimes.com/world/us/doj-vs-federal-judges-trump-ally-receives-7-day-ultimatum-court-questions-use-of-unlawful-attorney-tag/articleshow/126392517.cms. Falling back to RSS description.
2026-01-07 11:27:33,964 - WARNING - SKIPPED (GLOBAL WORD LIMIT): Article 'DOJ vs federal judges: Trump ally receives 7-day ultimatum; court questions use of unlawful ‘attorney’ tag' from Times of India has only 3 words (Min: 90).
2026-01-07 11:27:34,222 - ERROR - [The Hindu] Request failed for strategy 'selenium_browser' on URL https://www.thehindu.com/news/national/tamil-nadu/42-illegal-resorts-around-sathyamangalam-tiger-reserve-told-to-shut-down-by-january-12/article70481350.ece: HTTPConnectionPool(host='localhost', port=38861): Read timed out. (read timeout=120)
2026-01-07 11:27:34,222 - ERROR - [The Hindu] All scrape strategies failed for https://www.thehindu.com/news/national/tamil-nadu/42-illegal-resorts-around-sathyamangalam-tiger-reserve-told-to-shut-down-by-january-12/article70481350.ece. Falling back to RSS description.
2026-01-07 11:27:34,222 - WARNING - SKIPPED (GLOBAL WORD LIMIT): Article '42 illegal resorts around Sathyamangalam Tiger Reserve told to shut down by January 12' from The Hindu has only 33 words (Min: 90).
2026-01-07 11:27:34,658 - INFO - [Times of India] Article: https://timesofindia.indiatimes.com/world/us/who-is-julie-menin-jewish-ivy-league-council-speaker-who-could-make-or-break-zohran-mamdanis-agenda-in-nyc/articleshow/126391553.cms
2026-01-07 11:27:34,658 - INFO - [Times of India] Attempt 1/1: Trying with 'selenium_browser' strategy...
2026-01-07 11:27:35,210 - INFO - [The Hindu] Article: https://www.thehindu.com/news/national/tamil-nadu/seeman-flays-dmk-and-aiadmk-says-corruption-charges-surface-only-during-polls/article70481611.ece
2026-01-07 11:27:35,211 - INFO - [The Hindu] Attempt 1/1: Trying with 'selenium_browser' strategy...
2026-01-07 11:28:06,132 - CRITICAL - --- TIMEOUT: 2 scrape jobs did not complete in 300s. ---
2026-01-07 11:28:06,132 - ERROR - A thread has timed out and will be abandoned.
2026-01-07 11:28:06,132 - ERROR - A thread has timed out and will be abandoned.
2026-01-07 11:28:06,132 - INFO - Shutting down thread pool (wait=False)...
2026-01-07 11:28:06,132 - INFO - Scraped: 2 BBC, 2 The Guardian, 2 Timed_Out_Jobs articles. (Total saved: 4)
2026-01-07 11:28:06,132 - INFO - --- Scraping job finished ---
2026-01-07 11:28:06,132 - INFO - --- Scraper service stopped and database connection closed. ---
2026-01-07 11:28:06,132 - INFO - --- Main thread finished. Forcing process exit to kill zombie threads. ---
