2025-12-24 19:18:37,123 - INFO - Loading AI Semantic Model (all-MiniLM-L6-v2)...
2025-12-24 19:18:37,124 - INFO - Use pytorch device_name: cpu
2025-12-24 19:18:37,124 - INFO - Load pretrained SentenceTransformer: all-MiniLM-L6-v2
2025-12-24 19:18:38,419 - INFO - AI Model loaded successfully.
2025-12-24 19:18:38,420 - INFO - --- Scraper service started (CI Mode: Run Once) ---
2025-12-24 19:18:38,420 - INFO - --- Starting new scraping job (Parallel Mode) ---
2025-12-24 19:18:38,420 - INFO - Creating new robust session with 3 retries on 5xx/connection/read errors.
2025-12-24 19:18:38,420 - INFO - Proxy is DISABLED.
2025-12-24 19:18:38,420 - INFO - Starting scrape for BBC RSS feed: http://feeds.bbci.co.uk/news/world/rss.xml
2025-12-24 19:18:38,421 - INFO - [Times of India] (Thread) requires Selenium. Initializing driver...
2025-12-24 19:18:38,422 - INFO - Starting scrape for The Guardian RSS feed: https://www.theguardian.com/world/rss
2025-12-24 19:18:38,423 - INFO - [The Hindu] (Thread) requires Selenium. Initializing driver...
2025-12-24 19:18:38,423 - INFO - Submitted 4 jobs to thread pool. Waiting up to 300s for completion...
2025-12-24 19:18:38,518 - INFO - Found 45 articles in The Guardian RSS feed. Processing up to 30.
2025-12-24 19:18:38,519 - INFO - [The Guardian] Early skip: URL https://www.theguardian.com/world/2025/dec/24/algeria-passes-law-declaring-french-colonisation-crime already exists.
2025-12-24 19:18:38,543 - INFO - Found 22 articles in BBC RSS feed. Processing up to 30.
2025-12-24 19:18:38,791 - INFO - [BBC] Early skip: URL https://www.bbc.com/news/articles/c9d9wg2pwl1o?at_medium=RSS&at_campaign=rss already exists.
2025-12-24 19:18:38,906 - INFO - [BBC] Early skip: URL https://www.bbc.com/news/articles/cz68z3wn1e3o?at_medium=RSS&at_campaign=rss already exists.
2025-12-24 19:18:39,081 - INFO - [BBC] Early skip: URL https://www.bbc.com/news/articles/cd749gqgg11o?at_medium=RSS&at_campaign=rss already exists.
2025-12-24 19:18:39,327 - INFO - Selenium driver initialized successfully.
2025-12-24 19:18:39,327 - INFO - Starting scrape for The Hindu RSS feed: https://www.thehindu.com/news/national/feeder/default.rss
2025-12-24 19:18:39,337 - INFO - Selenium driver initialized successfully.
2025-12-24 19:18:39,337 - INFO - Starting scrape for Times of India RSS feed: https://timesofindia.indiatimes.com/rssfeeds/296589292.cms
2025-12-24 19:18:39,365 - INFO - [The Guardian] Early skip: URL https://www.theguardian.com/world/2025/dec/23/libyas-army-chief-dies-in-plane-crash-in-turkey already exists.
2025-12-24 19:18:39,426 - INFO - Found 100 articles in The Hindu RSS feed. Processing up to 30.
2025-12-24 19:18:39,472 - INFO - Found 20 articles in Times of India RSS feed. Processing up to 30.
2025-12-24 19:18:39,627 - INFO - [BBC] Article: https://www.bbc.com/news/articles/c0je3v3en01o?at_medium=RSS&at_campaign=rss
2025-12-24 19:18:39,627 - INFO - [BBC] Attempt 1/1: Trying with 'requests_browser' strategy...
2025-12-24 19:18:39,629 - INFO - [The Hindu] Article: https://www.thehindu.com/news/national/tamil-nadu/governor-ravi-stalin-extend-christmas-greetings-to-people/article70433427.ece
2025-12-24 19:18:39,629 - INFO - [The Hindu] Attempt 1/1: Trying with 'selenium_browser' strategy...
2025-12-24 19:18:39,629 - INFO - [Times of India] Article: https://timesofindia.indiatimes.com/world/us/many-hindu-americans-ro-khanna-calls-out-nick-fuentes-anti-india-rhetoric-targeting-vivek-usha-vance/articleshow/126165186.cms
2025-12-24 19:18:39,629 - INFO - [Times of India] Attempt 1/1: Trying with 'selenium_browser' strategy...
2025-12-24 19:18:39,630 - INFO - [The Guardian] Early skip: URL https://www.theguardian.com/world/2025/dec/22/freed-nigerian-schoolchildren-set-to-be-reunited-with-families already exists.
2025-12-24 19:18:39,760 - INFO - [The Guardian] Early skip: URL https://www.theguardian.com/world/2025/dec/21/more-kidnapped-schoolchildren-freed-in-nigeria already exists.
2025-12-24 19:18:39,778 - INFO - [BBC] Success with 'requests_browser'. Found content (175 words).
2025-12-24 19:18:39,994 - INFO - [The Guardian] Early skip: URL https://www.theguardian.com/uk-news/2025/dec/21/manchester-museum-uncover-hidden-histories-africa-hub already exists.
2025-12-24 19:18:40,140 - INFO - [The Guardian] Early skip: URL https://www.theguardian.com/media/2025/dec/23/60-minutes-cecot-appears-online already exists.
2025-12-24 19:18:40,390 - INFO - [The Guardian] Early skip: URL https://www.theguardian.com/world/2025/dec/23/brazil-jair-bolsonaro-eduardo-havaianas-television-ad-fernanda-torres already exists.
2025-12-24 19:18:59,651 - ERROR - [Times of India] Request failed for strategy 'selenium_browser' on URL https://timesofindia.indiatimes.com/world/us/many-hindu-americans-ro-khanna-calls-out-nick-fuentes-anti-india-rhetoric-targeting-vivek-usha-vance/articleshow/126165186.cms: Message: timeout: Timed out receiving message from renderer: 19.634
  (Session info: chrome=143.0.7499.109)
Stacktrace:
#0 0x56430dea119a <unknown>
#1 0x56430d91ec4b <unknown>
#2 0x56430d906cf3 <unknown>
#3 0x56430d9069d6 <unknown>
#4 0x56430d904897 <unknown>
#5 0x56430d9051af <unknown>
#6 0x56430d913970 <unknown>
#7 0x56430d92d017 <unknown>
#8 0x56430d9336cb <unknown>
#9 0x56430d9058d8 <unknown>
#10 0x56430d92cdc3 <unknown>
#11 0x56430d9bbf60 <unknown>
#12 0x56430d962c42 <unknown>
#13 0x56430d9638f1 <unknown>
#14 0x56430de69f39 <unknown>
#15 0x56430de6ce7d <unknown>
#16 0x56430de52c81 <unknown>
#17 0x56430de6da5b <unknown>
#18 0x56430de39a50 <unknown>
#19 0x56430de8eaa8 <unknown>
#20 0x56430de8ec79 <unknown>
#21 0x56430dea04f3 <unknown>
#22 0x7fabf409caa4 <unknown>
#23 0x7fabf4129c6c <unknown>

2025-12-24 19:18:59,651 - ERROR - [Times of India] All scrape strategies failed for https://timesofindia.indiatimes.com/world/us/many-hindu-americans-ro-khanna-calls-out-nick-fuentes-anti-india-rhetoric-targeting-vivek-usha-vance/articleshow/126165186.cms. Falling back to RSS description.
2025-12-24 19:18:59,651 - WARNING - SKIPPED (GLOBAL WORD LIMIT): Article ''Many Hindu Americans....': Ro Khanna calls out Nick Fuentes' anti-India rhetoric' from Times of India has only 3 words (Min: 90).
2025-12-24 19:18:59,680 - ERROR - [The Hindu] Request failed for strategy 'selenium_browser' on URL https://www.thehindu.com/news/national/tamil-nadu/governor-ravi-stalin-extend-christmas-greetings-to-people/article70433427.ece: Message: timeout: Timed out receiving message from renderer: 19.922
  (Session info: chrome=143.0.7499.109)
Stacktrace:
#0 0x55fb9131119a <unknown>
#1 0x55fb90d8ec4b <unknown>
#2 0x55fb90d76cf3 <unknown>
#3 0x55fb90d769d6 <unknown>
#4 0x55fb90d74897 <unknown>
#5 0x55fb90d751af <unknown>
#6 0x55fb90d83970 <unknown>
#7 0x55fb90d9d017 <unknown>
#8 0x55fb90da36cb <unknown>
#9 0x55fb90d758d8 <unknown>
#10 0x55fb90d9cdc3 <unknown>
#11 0x55fb90e2bf60 <unknown>
#12 0x55fb90dd2c42 <unknown>
#13 0x55fb90dd38f1 <unknown>
#14 0x55fb912d9f39 <unknown>
#15 0x55fb912dce7d <unknown>
#16 0x55fb912c2c81 <unknown>
#17 0x55fb912dda5b <unknown>
#18 0x55fb912a9a50 <unknown>
#19 0x55fb912feaa8 <unknown>
#20 0x55fb912fec79 <unknown>
#21 0x55fb913104f3 <unknown>
#22 0x7f966409caa4 <unknown>
#23 0x7f9664129c6c <unknown>

2025-12-24 19:18:59,681 - ERROR - [The Hindu] All scrape strategies failed for https://www.thehindu.com/news/national/tamil-nadu/governor-ravi-stalin-extend-christmas-greetings-to-people/article70433427.ece. Falling back to RSS description.
2025-12-24 19:18:59,681 - WARNING - SKIPPED (GLOBAL WORD LIMIT): Article 'Governor Ravi, Stalin extend Christmas greetings to people' from The Hindu has only 3 words (Min: 90).
2025-12-24 19:19:05,179 - INFO - Saved article: Explosion hits packed mosque in Nigeria's Maiduguri from BBC (175 words)
2025-12-24 19:19:05,180 - INFO - [The Guardian] Early skip: URL https://www.theguardian.com/world/2025/dec/23/canada-bill-refugees already exists.
2025-12-24 19:19:05,341 - INFO - [The Hindu] Article: https://www.thehindu.com/news/national/tamil-nadu/following-talks-tn-to-regularise-services-of-1000-contract-nurses/article70434134.ece
2025-12-24 19:19:05,342 - INFO - [The Hindu] Attempt 1/1: Trying with 'selenium_browser' strategy...
2025-12-24 19:19:05,342 - INFO - [Times of India] Article: https://timesofindia.indiatimes.com/world/us-streamers/they-are-making-antisemites-megyn-kelly-blames-ben-shapiro-and-bari-weiss-while-defending-tucker-carlson-publicly/articleshow/126165017.cms
2025-12-24 19:19:05,343 - INFO - [Times of India] Attempt 1/1: Trying with 'selenium_browser' strategy...
2025-12-24 19:19:05,343 - INFO - [The Guardian] Early skip: URL https://www.theguardian.com/us-news/2025/dec/23/us-trump-administration-signs-security-deals-across-latin-america already exists.
2025-12-24 19:19:05,459 - INFO - [The Guardian] Early skip: URL https://www.theguardian.com/world/2025/dec/23/russia-china-support-venezuela-trump-pressure-maduro already exists.
2025-12-24 19:19:05,651 - INFO - [The Guardian] Early skip: URL https://www.theguardian.com/world/2025/dec/24/thailand-and-cambodia-begin-talks-to-end-deadly-clashes-after-venue-row already exists.
2025-12-24 19:19:05,796 - INFO - [The Guardian] Early skip: URL https://www.theguardian.com/world/2025/dec/24/rare-footage-from-trial-of-chinese-general-who-defied-tiananmen-crackdown-order-leaked-online already exists.
2025-12-24 19:19:06,015 - INFO - [The Guardian] Early skip: URL https://www.theguardian.com/world/2025/dec/23/christians-pastors-arrested-detained-china-crackdown-house-churches already exists.
2025-12-24 19:19:06,267 - INFO - [BBC] Early skip: URL https://www.bbc.com/news/articles/c14vdpyj1vjo?at_medium=RSS&at_campaign=rss already exists.
2025-12-24 19:19:06,495 - INFO - [BBC] Article: https://www.bbc.com/news/articles/c79x0x7v70go?at_medium=RSS&at_campaign=rss
2025-12-24 19:19:06,495 - INFO - [BBC] Attempt 1/1: Trying with 'requests_browser' strategy...
2025-12-24 19:19:06,496 - INFO - [The Guardian] Early skip: URL https://www.theguardian.com/business/2025/dec/22/china-hits-eu-dairy-industry-with-tariffs already exists.
2025-12-24 19:19:06,565 - INFO - [The Hindu] Page content loaded.
2025-12-24 19:19:06,582 - INFO - [BBC] Success with 'requests_browser'. Found content (480 words).
2025-12-24 19:19:06,721 - INFO - [The Guardian] Early skip: URL https://www.theguardian.com/world/2025/dec/22/jeju-air-crash-independent-inquiry-south-korea already exists.
2025-12-24 19:19:06,859 - INFO - [The Hindu] Success with 'selenium_browser'. Found content (204 words).
2025-12-24 19:19:06,907 - INFO - [The Guardian] Article: https://www.theguardian.com/australia-news/2025/dec/25/australians-expected-to-spend-big-on-boxing-day-as-shoppers-warned-of-deceptive-sales-tricks
2025-12-24 19:19:06,909 - INFO - [The Guardian] Attempt 1/1: Trying with 'requests_browser' strategy...
2025-12-24 19:19:07,164 - INFO - [The Guardian] Success with 'requests_browser'. Found content (631 words).
2025-12-24 19:19:13,946 - INFO - [Times of India] Page content loaded.
2025-12-24 19:19:14,315 - INFO - [Times of India] Success with 'selenium_browser'. Found content (473 words).
2025-12-24 19:19:27,715 - INFO - Saved article: Democratic board member sues to remove Trump's name from Kennedy Center from BBC (480 words)
2025-12-24 19:19:40,030 - INFO - Saved article: Following talks, T.N. to regularise services of 1,000 contract nurses - The Hindu from The Hindu (204 words)
2025-12-24 19:19:53,070 - INFO - Saved article: Australians expected to spend big on Boxing Day as shoppers warned of deceptive sales tricks | Consumer affairs | The Guardian from The Guardian (631 words)
2025-12-24 19:20:06,203 - INFO - Saved article: “They are making antisemites”: Megyn Kelly blames Ben Shapiro and Bari Weiss while defending Tucker Carlson publicly - The Times of India from Times of India (473 words)
2025-12-24 19:20:06,204 - INFO - [BBC] Early skip: URL https://www.bbc.com/news/articles/cp39kngz008o?at_medium=RSS&at_campaign=rss already exists.
2025-12-24 19:20:06,338 - INFO - [BBC] Early skip: URL https://www.bbc.com/news/articles/c5yj4yvx80do?at_medium=RSS&at_campaign=rss already exists.
2025-12-24 19:20:06,517 - INFO - [The Guardian] Article: https://www.theguardian.com/australia-news/2025/dec/24/wounded-bondi-hero-ahmed-al-ahmed-recovering-well-and-may-soon-leave-hospital-ntwnfb
2025-12-24 19:20:06,517 - INFO - [The Guardian] Attempt 1/1: Trying with 'requests_browser' strategy...
2025-12-24 19:20:06,519 - INFO - [The Hindu] Article: https://www.thehindu.com/news/national/tamil-nadu/ec-to-conduct-special-camps-for-submitting-claims-and-objections/article70433855.ece
2025-12-24 19:20:06,519 - INFO - [The Hindu] Attempt 1/1: Trying with 'selenium_browser' strategy...
2025-12-24 19:20:06,520 - INFO - [BBC] Early skip: URL https://www.bbc.com/news/articles/ce3wry1529wo?at_medium=RSS&at_campaign=rss already exists.
2025-12-24 19:20:06,545 - INFO - [The Guardian] Success with 'requests_browser'. Found content (559 words).
2025-12-24 19:20:11,761 - INFO - [The Hindu] Page content loaded.
2025-12-24 19:20:11,882 - INFO - [The Hindu] Success with 'selenium_browser'. Found content (190 words).
2025-12-24 19:20:21,801 - INFO - Saved article: Wounded Bondi hero Ahmed al-Ahmed recovering well and may soon leave hospital | Bondi beach terror attack | The Guardian from The Guardian (559 words)
2025-12-24 19:20:21,801 - INFO - [BBC] Early skip: URL https://www.bbc.com/news/articles/cyvgzyepdqno?at_medium=RSS&at_campaign=rss already exists.
2025-12-24 19:20:22,071 - INFO - [Times of India] Article: https://timesofindia.indiatimes.com/world/us/epstein-files-fallout-did-white-house-steps-in-to-control-doj-messaging-heres-what-we-know-about-report/articleshow/126164144.cms
2025-12-24 19:20:22,071 - INFO - [Times of India] Attempt 1/1: Trying with 'selenium_browser' strategy...
2025-12-24 19:20:23,529 - INFO - [Times of India] Page content loaded.
2025-12-24 19:20:23,750 - INFO - [Times of India] Success with 'selenium_browser'. Found content (584 words).
2025-12-24 19:20:37,561 - INFO - Saved article: EC to conduct special camps for submitting claims and objections - The Hindu from The Hindu (190 words)
2025-12-24 19:20:37,561 - INFO - [BBC] Early skip: URL https://www.bbc.com/news/articles/cgke51rzpvro?at_medium=RSS&at_campaign=rss already exists.
2025-12-24 19:20:37,808 - INFO - [BBC] Early skip: URL https://www.bbc.com/news/articles/czxpz05yj5po?at_medium=RSS&at_campaign=rss already exists.
2025-12-24 19:20:51,186 - INFO - DEDUPLICATION: Found match (Score: 0.79). Linking to Cluster ID: 7a1bbf67-226b-428e-b8c2-47c2286f5ee4
2025-12-24 19:20:51,188 - INFO - Saved article: Epstein files fallout: Did White House steps in to control DOJ messaging — Here's what we know about report - The Times of India from Times of India (584 words)
2025-12-24 19:20:51,188 - INFO - [The Guardian] Early skip: URL https://www.theguardian.com/australia-news/2025/dec/24/perth-man-charged-with-racial-harassment-for-alleged-post-backing-bondi-attack-ntwnfb already exists.
2025-12-24 19:20:51,376 - INFO - [BBC] Early skip: URL https://www.bbc.com/news/articles/c5yj4yvx80do?at_medium=RSS&at_campaign=rss already exists.
2025-12-24 19:20:51,478 - INFO - [The Hindu] Article: https://www.thehindu.com/news/national/tamil-nadu/ops-group-weighing-its-options-for-2026-assembly-poll/article70433965.ece
2025-12-24 19:20:51,478 - INFO - [The Hindu] Attempt 1/1: Trying with 'selenium_browser' strategy...
2025-12-24 19:20:51,479 - INFO - [The Guardian] Early skip: URL https://www.theguardian.com/australia-news/live/2025/dec/24/nsw-gun-and-protest-laws-bondi-terror-attack-hate-crime-database-anthony-albanese-sussan-ley-chris-minns-labor-coalition-ntwnfb already exists.
2025-12-24 19:20:51,744 - INFO - [The Guardian] Early skip: URL https://www.theguardian.com/australia-news/2025/dec/24/nsw-premier-police-commissioner-protest-ban-powers-bondi-shooting-terror-attack-ntwnfb already exists.
2025-12-24 19:20:52,022 - INFO - [BBC] Early skip: URL https://www.bbc.com/news/articles/clyd12d38jgo?at_medium=RSS&at_campaign=rss already exists.
2025-12-24 19:20:52,171 - INFO - [The Hindu] Page content loaded.
2025-12-24 19:20:52,216 - INFO - [The Guardian] Early skip: URL https://www.theguardian.com/world/2025/dec/24/three-killed-in-moscow-car-explosion-say-russian-authorities already exists.
2025-12-24 19:20:52,220 - INFO - [The Hindu] Success with 'selenium_browser'. Found content (542 words).
2025-12-24 19:20:52,482 - INFO - [The Guardian] Early skip: URL https://www.theguardian.com/world/2025/dec/24/us-ukraine-edge-closer-joint-plan-end-war-moscow-response-uncertain already exists.
2025-12-24 19:20:52,755 - INFO - [The Guardian] Early skip: URL https://www.theguardian.com/technology/2025/dec/24/macron-eu-condemn-us-visa-bans-row-censorship-escalates already exists.
2025-12-24 19:20:52,863 - INFO - [The Guardian] Early skip: URL https://www.theguardian.com/world/2025/dec/24/militia-leader-murky-death-stanislav-orlov-russia-kremlin-control already exists.
2025-12-24 19:20:53,090 - INFO - [BBC] Early skip: URL https://www.bbc.com/news/articles/cvg1361d32ro?at_medium=RSS&at_campaign=rss already exists.
2025-12-24 19:21:06,929 - INFO - Saved article: OPS group weighing its options for 2026 Assembly poll - The Hindu from The Hindu (542 words)
2025-12-24 19:21:06,930 - INFO - [Times of India] Article: https://timesofindia.indiatimes.com/world/us/amid-h-1b-row-and-vetting-delays-indian-applicant-reveals-sudden-visa-reversal-from-refused-to-approved/articleshow/126163611.cms
2025-12-24 19:21:06,930 - INFO - [Times of India] Attempt 1/1: Trying with 'selenium_browser' strategy...
2025-12-24 19:21:06,930 - INFO - [The Guardian] Early skip: URL https://www.theguardian.com/technology/2025/dec/24/us-state-department-visa-ban-former-eu-commissioner-europe already exists.
2025-12-24 19:21:07,111 - INFO - [BBC] Early skip: URL https://www.bbc.com/news/articles/c4gekjjqn1ro?at_medium=RSS&at_campaign=rss already exists.
2025-12-24 19:21:07,270 - INFO - [The Guardian] Article: https://www.theguardian.com/world/2025/dec/24/israel-condemned-approval-19-settlements-occupied-west-bank
2025-12-24 19:21:07,270 - INFO - [The Guardian] Attempt 1/1: Trying with 'requests_browser' strategy...
2025-12-24 19:21:07,272 - INFO - [BBC] Early skip: URL https://www.bbc.com/news/articles/cj69d8we98jo?at_medium=RSS&at_campaign=rss already exists.
2025-12-24 19:21:07,310 - INFO - [The Guardian] Success with 'requests_browser'. Found content (358 words).
2025-12-24 19:21:09,033 - INFO - [Times of India] Page content loaded.
2025-12-24 19:21:09,240 - INFO - [Times of India] Success with 'selenium_browser'. Found content (451 words).
2025-12-24 19:21:25,168 - INFO - Saved article: Israel condemned for approval of 19 settlements in occupied West Bank | Israel | The Guardian from The Guardian (358 words)
2025-12-24 19:21:25,168 - INFO - [BBC] Article: https://www.bbc.com/news/videos/c8dy3772m1lo?at_medium=RSS&at_campaign=rss
2025-12-24 19:21:25,169 - INFO - [BBC] Attempt 1/1: Trying with 'requests_browser' strategy...
2025-12-24 19:21:25,171 - INFO - [The Hindu] Article: https://www.thehindu.com/opinion/op-ed/an-attack-on-progressive-cinema/article70434486.ece
2025-12-24 19:21:25,171 - INFO - [The Hindu] Attempt 1/1: Trying with 'selenium_browser' strategy...
2025-12-24 19:21:25,303 - WARNING - [BBC] FAILED with 'requests_browser' (content was too short: 59 words).
2025-12-24 19:21:25,304 - ERROR - [BBC] All scrape strategies failed for https://www.bbc.com/news/videos/c8dy3772m1lo?at_medium=RSS&at_campaign=rss. Falling back to RSS description.
2025-12-24 19:21:25,304 - WARNING - SKIPPED (GLOBAL WORD LIMIT): Article 'Ho Ho No! Santa pulled over for speeding in Ohio  ' from BBC has only 20 words (Min: 90).
2025-12-24 19:21:27,021 - INFO - [The Hindu] Page content loaded.
2025-12-24 19:21:27,327 - INFO - [The Hindu] Success with 'selenium_browser'. Found content (757 words).
2025-12-24 19:21:41,404 - INFO - Saved article: Amid H-1B row and vetting delays, Indian applicant reveals sudden visa reversal from ‘refused’ to ‘approved’ - The Times of India from Times of India (451 words)
2025-12-24 19:21:41,404 - INFO - [The Guardian] Early skip: URL https://www.theguardian.com/world/2025/dec/24/israel-strikes-southern-lebanon-as-deadline-to-disarm-hezbollah-nears already exists.
2025-12-24 19:21:41,614 - INFO - [The Guardian] Early skip: URL https://www.theguardian.com/uk-news/2025/dec/22/families-of-palestine-action-hunger-strikers-seek-urgent-meeting-with-lammy already exists.
2025-12-24 19:21:56,170 - INFO - Saved article: An attack on progressive cinema - The Hindu from The Hindu (757 words)
2025-12-24 19:21:56,171 - INFO - [BBC] Article: https://www.bbc.com/news/videos/clydk6vd4rzo?at_medium=RSS&at_campaign=rss
2025-12-24 19:21:56,171 - INFO - [BBC] Attempt 1/1: Trying with 'requests_browser' strategy...
2025-12-24 19:21:56,172 - INFO - [The Guardian] Early skip: URL https://www.theguardian.com/world/2025/dec/21/israel-approves-new-jewish-settlements-occupied-west-bank already exists.
2025-12-24 19:21:56,225 - WARNING - [BBC] FAILED with 'requests_browser' (content was too short: 73 words).
2025-12-24 19:21:56,225 - ERROR - [BBC] All scrape strategies failed for https://www.bbc.com/news/videos/clydk6vd4rzo?at_medium=RSS&at_campaign=rss. Falling back to RSS description.
2025-12-24 19:21:56,225 - WARNING - SKIPPED (GLOBAL WORD LIMIT): Article 'Watch: Huge fireball as tanker explodes on Italian motorway' from BBC has only 21 words (Min: 90).
2025-12-24 19:21:56,425 - INFO - [Times of India] Article: https://timesofindia.indiatimes.com/world/us/this-woman-ran-for-president-kamala-harriss-dating-advice-sparks-debate-online/articleshow/126162965.cms
2025-12-24 19:21:56,425 - INFO - [Times of India] Attempt 1/1: Trying with 'selenium_browser' strategy...
2025-12-24 19:21:56,426 - INFO - [The Guardian] Early skip: URL https://www.theguardian.com/world/2025/dec/20/israeli-troops-kill-palestinians-sheltering-in-gaza-school-hospital-chiefs already exists.
2025-12-24 19:21:57,066 - INFO - [BBC] Early skip: URL https://www.bbc.com/news/videos/c0edjv3jr3po?at_medium=RSS&at_campaign=rss already exists.
2025-12-24 19:21:57,232 - INFO - [BBC] Early skip: URL https://www.bbc.com/news/videos/ce3w4x2v0xko?at_medium=RSS&at_campaign=rss already exists.
2025-12-24 19:21:57,501 - INFO - [BBC] Early skip: URL https://www.bbc.com/news/videos/cwywe5zw384o?at_medium=RSS&at_campaign=rss already exists.
2025-12-24 19:21:57,784 - INFO - [The Hindu] Article: https://www.thehindu.com/news/national/ed-arrests-key-accused-linked-to-illegal-call-centre-that-targeted-us-nationals/article70434453.ece
2025-12-24 19:21:57,784 - INFO - [The Hindu] Attempt 1/1: Trying with 'selenium_browser' strategy...
2025-12-24 19:21:59,269 - INFO - [The Hindu] Page content loaded.
2025-12-24 19:21:59,360 - INFO - [The Hindu] Success with 'selenium_browser'. Found content (461 words).
2025-12-24 19:21:59,663 - INFO - [Times of India] Page content loaded.
2025-12-24 19:22:00,030 - INFO - [Times of India] Success with 'selenium_browser'. Found content (775 words).
2025-12-24 19:22:17,613 - INFO - Saved article: ED arrests key accused linked to illegal call-centre that targeted U.S. nationals - The Hindu from The Hindu (461 words)
2025-12-24 19:22:31,326 - INFO - Saved article: ‘This woman ran for President’: Kamala Harris’s dating advice sparks debate online - The Times of India from Times of India (775 words)
2025-12-24 19:22:31,326 - INFO - [The Hindu] Early skip: URL https://www.thehindu.com/news/national/tamil-nadu/thick-mist-in-vellore-and-nearby-districts-puts-motorists-on-arterial-stretches-at-risk/article70433919.ece already exists.
2025-12-24 19:22:31,427 - INFO - [The Hindu] Early skip: URL https://www.thehindu.com/news/national/tamil-nadu/consul-general-meets-vit-chancellor/article70433891.ece already exists.
2025-12-24 19:22:31,716 - INFO - [The Hindu] Early skip: URL https://www.thehindu.com/news/national/tamil-nadu/9-killed-as-government-bus-collides-with-suvs-at-ezhuthur-on-tiruchi-chennai-national-highway/article70434869.ece already exists.
2025-12-24 19:22:31,876 - INFO - [The Hindu] Early skip: URL https://www.thehindu.com/news/national/karnataka/govt-hasnt-procured-books-for-libraries-for-four-years-now-local-bodies-owe-department-52683-crore-collected-as-library-cess/article70429954.ece already exists.
2025-12-24 19:22:31,988 - INFO - [The Hindu] Early skip: URL https://www.thehindu.com/news/national/appeal-to-national-leaders-to-stop-former-bjp-mla-sengars-bail-unnao-rape-survivor/article70434656.ece already exists.
2025-12-24 19:22:32,141 - INFO - [The Hindu] Early skip: URL https://www.thehindu.com/news/national/karnataka/cat-2025-one-candidate-from-karnataka-secures-100-percentile/article70434098.ece already exists.
2025-12-24 19:22:32,405 - INFO - [The Hindu] Early skip: URL https://www.thehindu.com/news/national/west-bengal/bjp-accuses-bengal-police-of-using-excessive-force-on-protesters/article70434804.ece already exists.
2025-12-24 19:22:32,684 - INFO - [Times of India] Article: https://timesofindia.indiatimes.com/world/us/youre-an-anchor-baby-indian-american-influencer-priya-patel-faces-backlash-over-america-for-americans-demand/articleshow/126160149.cms
2025-12-24 19:22:32,684 - INFO - [Times of India] Attempt 1/1: Trying with 'selenium_browser' strategy...
2025-12-24 19:22:32,685 - INFO - [The Hindu] Early skip: URL https://www.thehindu.com/news/national/karnataka/surprise-inspection-leads-to-seizure-of-prohibited-items-at-parappana-agrahara/article70434650.ece already exists.
2025-12-24 19:22:32,837 - INFO - [The Hindu] Early skip: URL https://www.thehindu.com/news/national/west-bengal/protests-held-at-land-ports-along-bangladesh-border-in-west-bengal/article70434550.ece already exists.
2025-12-24 19:22:33,002 - INFO - [The Hindu] Early skip: URL https://www.thehindu.com/news/national/karnataka/karnataka-high-court-quashes-notification-of-land-for-bmic-project-for-not-awarding-compensation-from-past-17-years/article70433996.ece already exists.
2025-12-24 19:22:33,197 - INFO - [The Hindu] Article: https://www.thehindu.com/shorts/watch-gen-z-protests-in-jaipur-against-sc-aravalli-ruling/article70434932.ece
2025-12-24 19:22:33,197 - INFO - [The Hindu] Attempt 1/1: Trying with 'selenium_browser' strategy...
2025-12-24 19:22:35,902 - INFO - [Times of India] Page content loaded.
2025-12-24 19:22:36,054 - INFO - [Times of India] Success with 'selenium_browser'. Found content (588 words).
2025-12-24 19:22:44,151 - WARNING - [The Hindu] Page timed out (10s). Proceeding anyway.
2025-12-24 19:22:44,389 - WARNING - [The Hindu] FAILED with 'selenium_browser' (content was too short: 49 words).
2025-12-24 19:22:44,389 - ERROR - [The Hindu] All scrape strategies failed for https://www.thehindu.com/shorts/watch-gen-z-protests-in-jaipur-against-sc-aravalli-ruling/article70434932.ece. Falling back to RSS description.
2025-12-24 19:22:44,390 - WARNING - SKIPPED (GLOBAL WORD LIMIT): Article 'Watch: Gen-Z protests in Jaipur against SC Aravalli ruling' from The Hindu has only 3 words (Min: 90).
2025-12-24 19:22:50,976 - INFO - Saved article: 'You’re an anchor baby': Indian-American influencer Priya Patel faces backlash over 'America for Americans' demand - The Times of India from Times of India (588 words)
2025-12-24 19:22:50,976 - INFO - [The Hindu] Early skip: URL https://www.thehindu.com/news/national/kerala/vasantholsavam-light-show-open-in-thiruvananthapuram-city/article70434714.ece already exists.
2025-12-24 19:22:51,087 - INFO - [The Hindu] Article: https://www.thehindu.com/shorts/watch-put-me-in-jail-i-will-feel-safer-there-if-sengar-is-freed-unnao-survivor/article70434929.ece
2025-12-24 19:22:51,087 - INFO - [The Hindu] Attempt 1/1: Trying with 'selenium_browser' strategy...
2025-12-24 19:22:52,015 - INFO - [Times of India] Article: https://timesofindia.indiatimes.com/world/us/what-is-winter-vomiting-bug-why-a-new-variant-is-driving-a-us-surge/articleshow/126162909.cms
2025-12-24 19:22:52,015 - INFO - [Times of India] Attempt 1/1: Trying with 'selenium_browser' strategy...
2025-12-24 19:22:53,329 - INFO - [Times of India] Page content loaded.
2025-12-24 19:22:53,469 - INFO - [Times of India] Success with 'selenium_browser'. Found content (411 words).
2025-12-24 19:23:01,332 - WARNING - [The Hindu] Page timed out (10s). Proceeding anyway.
2025-12-24 19:23:01,360 - WARNING - [The Hindu] FAILED with 'selenium_browser' (content was too short: 53 words).
2025-12-24 19:23:01,361 - ERROR - [The Hindu] All scrape strategies failed for https://www.thehindu.com/shorts/watch-put-me-in-jail-i-will-feel-safer-there-if-sengar-is-freed-unnao-survivor/article70434929.ece. Falling back to RSS description.
2025-12-24 19:23:01,361 - WARNING - SKIPPED (GLOBAL WORD LIMIT): Article 'Watch: Put me in jail, I will feel safer there if Sengar is freed: Unnao survivor' from The Hindu has only 3 words (Min: 90).
2025-12-24 19:23:11,874 - INFO - Saved article: What is 'winter vomiting bug'? Why a new variant is driving a US surge? - The Times of India from Times of India (411 words)
2025-12-24 19:23:11,874 - INFO - [The Hindu] Early skip: URL https://www.thehindu.com/news/national/karnataka/no-unrestricted-entry-to-mg-road-brigade-road-for-new-year-bengaluru-police-commissioner/article70434064.ece already exists.
2025-12-24 19:23:11,979 - INFO - [The Hindu] Early skip: URL https://www.thehindu.com/news/national/karnataka/bda-mulls-reclaiming-unused-sites-in-bengalurus-npkl/article70434284.ece already exists.
2025-12-24 19:23:12,109 - INFO - [The Hindu] Early skip: URL https://www.thehindu.com/news/national/maharashtra/ncp-sp-working-to-align-with-ajits-ncp-for-civic-polls-in-maharashtra-supriya-sule/article70434039.ece already exists.
2025-12-24 19:23:12,271 - INFO - [The Hindu] Early skip: URL https://www.thehindu.com/news/national/telangana/cms-outbursts-are-arrogant-and-diversionary-ktr-and-harish/article70434877.ece already exists.
2025-12-24 19:23:12,428 - INFO - [Times of India] Early skip: URL https://timesofindia.indiatimes.com/world/us/former-beauty-queen-gunned-down-in-her-1-6-million-home-in-arizona-farming-mogul-estranged-husband-arrested-month-after/articleshow/126163018.cms already exists.
2025-12-24 19:23:12,548 - INFO - [The Hindu] Early skip: URL https://www.thehindu.com/news/national/dowry-a-cross-cultural-evil-that-has-disguised-itself-as-gifts-and-social-expectations-supreme-court-judgment/article70434766.ece already exists.
2025-12-24 19:23:12,661 - INFO - [Times of India] Early skip: URL https://timesofindia.indiatimes.com/world/us/who-is-anna-gorisch-indian-jewish-feminist-nazi-immigration-attorney-sparks-online-storm-with-ai-generated-image-amid-maga-backlash/articleshow/126161574.cms already exists.
2025-12-24 19:23:12,884 - INFO - [The Hindu] Early skip: URL https://www.thehindu.com/news/national/karnataka/festive-getaway-turns-stressful-as-traffic-snarls-choke-bengaluru-exits-travel-fares-soar/article70433967.ece already exists.
2025-12-24 19:23:13,059 - INFO - [Times of India] Early skip: URL https://timesofindia.indiatimes.com/world/us/eating-rice-with-hands-speaking-hindi-is-that-america-nick-fuentes-launches-anti-india-christmas-rant/articleshow/126162421.cms already exists.
2025-12-24 19:23:13,331 - INFO - [The Hindu] Early skip: URL https://www.thehindu.com/news/national/telangana/five-more-gi-tags-likely-for-telangana-soon/article70434795.ece already exists.
2025-12-24 19:23:13,583 - INFO - [Times of India] Early skip: URL https://timesofindia.indiatimes.com/world/south-asia/bangladesh-unrest-man-killed-as-crude-bomb-hurled-in-dhaka-deceased-identified/articleshow/126162716.cms already exists.
2025-12-24 19:23:13,804 - INFO - [The Hindu] Early skip: URL https://www.thehindu.com/news/national/awami-league-will-not-be-allowed-to-participate-in-bangladesh-election-interim-government/article70434647.ece already exists.
2025-12-24 19:23:13,923 - INFO - [Times of India] Early skip: URL https://timesofindia.indiatimes.com/world/us-streamers/that-was-her-n3ons-viral-irl-moment-sparks-speculation-after-alleged-kris-tyson-sighting/articleshow/126162516.cms already exists.
2025-12-24 19:23:14,207 - INFO - [The Hindu] Early skip: URL https://www.thehindu.com/news/national/karnataka/bengalureans-head-overseas-for-christmasnew-year-holidays-karnataka-tourism-feels-the-pinch/article70433994.ece already exists.
2025-12-24 19:23:14,369 - INFO - [Times of India] Early skip: URL https://timesofindia.indiatimes.com/world/us/new-h-1b-rules-wont-make-much-difference-if-100000-fee-remains-indian-origin-immigration-attorney-explains-why/articleshow/126162474.cms already exists.
2025-12-24 19:23:14,493 - INFO - [The Hindu] Early skip: URL https://www.thehindu.com/news/national/telangana/revanth-reddy-announces-special-funds-of-5-lakh-and-10-lakh-for-sarpanches/article70434827.ece already exists.
2025-12-24 19:23:14,744 - INFO - [Times of India] Early skip: URL https://timesofindia.indiatimes.com/world/us/radical-activists-and-weaponized-ngos-us-denies-visas-to-eu-ex-commissioner-four-others-over-tech-rules-who-are-they/articleshow/126160513.cms already exists.
2025-12-24 19:23:15,022 - INFO - [The Hindu] Early skip: URL https://www.thehindu.com/news/national/karnataka/kda-flays-ciil-for-not-giving-out-kannada-awards/article70433935.ece already exists.
2025-12-24 19:23:15,167 - INFO - [The Hindu] (Thread) Finished. Attempting to shut down its Selenium driver.
2025-12-24 19:23:15,168 - INFO - [Times of India] Early skip: URL https://timesofindia.indiatimes.com/world/us/go-back-to-india-nick-fuentes-unleashes-anti-india-racist-slurs-against-vivek-ramaswamy-following-amfest-remarks/articleshow/126160853.cms already exists.
2025-12-24 19:23:15,299 - INFO - [The Hindu] (Thread) driver.quit() successful.
2025-12-24 19:23:15,430 - INFO - [Times of India] Early skip: URL https://timesofindia.indiatimes.com/world/us/if-you-spend-your-career-who-is-imran-ahmed-why-is-he-not-allowed-to-enter-the-us/articleshow/126161065.cms already exists.
2025-12-24 19:23:15,608 - INFO - [Times of India] Early skip: URL https://timesofindia.indiatimes.com/science/does-cracking-your-knuckles-make-them-bigger-scientists-finally-settle-long-standing-myth/articleshow/126159560.cms already exists.
2025-12-24 19:23:15,741 - INFO - [Times of India] Early skip: URL https://timesofindia.indiatimes.com/world/us-streamers/bryce-hall-threatens-kick-streamer-braden-clavicular-over-alleged-disrespect-toward-his-girlfriend/articleshow/126159715.cms already exists.
2025-12-24 19:23:15,911 - INFO - [Times of India] Early skip: URL https://timesofindia.indiatimes.com/world/us/traditional-indian-dinner-nick-fuentes-crosses-line-insults-indians-as-he-reacts-to-jd-vances-rebuff-over-usha-jibe/articleshow/126160080.cms already exists.
2025-12-24 19:23:16,168 - INFO - [Times of India] Early skip: URL https://timesofindia.indiatimes.com/science/why-mosquitoes-bite-you-more-the-surprising-science-behind-being-a-mosquito-magnet/articleshow/126157755.cms already exists.
2025-12-24 19:23:16,441 - INFO - [Times of India] (Thread) Finished. Attempting to shut down its Selenium driver.
2025-12-24 19:23:16,894 - INFO - [Times of India] (Thread) driver.quit() successful.
2025-12-24 19:23:16,894 - INFO - Shutting down thread pool (wait=False)...
2025-12-24 19:23:16,895 - INFO - Scraped: 3 The Guardian, 2 BBC, 5 The Hindu, 6 Times of India articles. (Total saved: 16)
2025-12-24 19:23:16,895 - INFO - --- Scraping job finished ---
2025-12-24 19:23:16,904 - INFO - --- Scraper service stopped and database connection closed. ---
2025-12-24 19:23:16,904 - INFO - --- Main thread finished. Forcing process exit to kill zombie threads. ---
