2025-12-26 23:43:21,044 - INFO - Loading AI Semantic Model (all-MiniLM-L6-v2)...
2025-12-26 23:43:21,044 - INFO - Use pytorch device_name: cpu
2025-12-26 23:43:21,044 - INFO - Load pretrained SentenceTransformer: all-MiniLM-L6-v2
2025-12-26 23:43:22,553 - INFO - AI Model loaded successfully.
2025-12-26 23:43:22,553 - INFO - --- Scraper service started (CI Mode: Run Once) ---
2025-12-26 23:43:22,553 - INFO - --- Starting new scraping job (Parallel Mode) ---
2025-12-26 23:43:22,553 - INFO - Creating new robust session with 3 retries on 5xx/connection/read errors.
2025-12-26 23:43:22,553 - INFO - Proxy is DISABLED.
2025-12-26 23:43:22,554 - INFO - Starting scrape for BBC RSS feed: http://feeds.bbci.co.uk/news/world/rss.xml
2025-12-26 23:43:22,555 - INFO - [Times of India] (Thread) requires Selenium. Initializing driver...
2025-12-26 23:43:22,555 - INFO - Starting scrape for The Guardian RSS feed: https://www.theguardian.com/world/rss
2025-12-26 23:43:22,556 - INFO - [The Hindu] (Thread) requires Selenium. Initializing driver...
2025-12-26 23:43:22,557 - INFO - Submitted 4 jobs to thread pool. Waiting up to 300s for completion...
2025-12-26 23:43:22,652 - INFO - Found 26 articles in BBC RSS feed. Processing up to 30.
2025-12-26 23:43:22,653 - INFO - [BBC] Early skip: URL https://www.bbc.com/news/articles/cp8zg25p26zo?at_medium=RSS&at_campaign=rss already exists.
2025-12-26 23:43:22,675 - INFO - Found 45 articles in The Guardian RSS feed. Processing up to 30.
2025-12-26 23:43:22,934 - INFO - [The Guardian] Early skip: URL https://www.theguardian.com/world/2025/dec/26/british-egyptian-activist-alaa-abd-el-fattah-arrives-in-uk-after-travel-ban-lifted already exists.
2025-12-26 23:43:23,149 - INFO - [BBC] Early skip: URL https://www.bbc.com/news/articles/cj69j8l918do?at_medium=RSS&at_campaign=rss already exists.
2025-12-26 23:43:23,421 - INFO - [The Guardian] Early skip: URL https://www.theguardian.com/us-news/2025/dec/26/trump-supporters-nigeria-airstrikes already exists.
2025-12-26 23:43:23,647 - INFO - [BBC] Early skip: URL https://www.bbc.com/news/articles/cx25387dj8no?at_medium=RSS&at_campaign=rss already exists.
2025-12-26 23:43:23,791 - INFO - [BBC] Early skip: URL https://www.bbc.com/news/articles/c9d9znp22pyo?at_medium=RSS&at_campaign=rss already exists.
2025-12-26 23:43:23,917 - INFO - [BBC] Early skip: URL https://www.bbc.com/news/articles/c4gk15x85jlo?at_medium=RSS&at_campaign=rss already exists.
2025-12-26 23:43:24,067 - INFO - Selenium driver initialized successfully.
2025-12-26 23:43:24,067 - INFO - Starting scrape for Times of India RSS feed: https://timesofindia.indiatimes.com/rssfeeds/296589292.cms
2025-12-26 23:43:24,068 - INFO - Selenium driver initialized successfully.
2025-12-26 23:43:24,068 - INFO - Starting scrape for The Hindu RSS feed: https://www.thehindu.com/news/national/feeder/default.rss
2025-12-26 23:43:24,174 - INFO - Found 100 articles in The Hindu RSS feed. Processing up to 30.
2025-12-26 23:43:24,190 - INFO - [The Guardian] Early skip: URL https://www.theguardian.com/world/2025/dec/26/israel-first-country-to-recognise-somaliland-sovereign-state already exists.
2025-12-26 23:43:24,243 - INFO - Found 20 articles in Times of India RSS feed. Processing up to 30.
2025-12-26 23:43:24,356 - INFO - [The Hindu] Article: https://www.thehindu.com/news/national/the-quiet-deserted-meadows-of-kashmir/article70440757.ece
2025-12-26 23:43:24,356 - INFO - [The Hindu] Attempt 1/1: Trying with 'selenium_browser' strategy...
2025-12-26 23:43:24,356 - INFO - [BBC] Early skip: URL https://www.bbc.com/news/articles/c4g417md05go?at_medium=RSS&at_campaign=rss already exists.
2025-12-26 23:43:24,489 - INFO - [BBC] Early skip: URL https://www.bbc.com/news/articles/crk7y27vp1eo?at_medium=RSS&at_campaign=rss already exists.
2025-12-26 23:43:24,749 - INFO - [The Guardian] Early skip: URL https://www.theguardian.com/us-news/live/2025/dec/26/us-nigeria-strikes-militants-donald-trump-zelenskyy-ukraine-epstein-us-politics-latest-news-updates already exists.
2025-12-26 23:43:25,015 - INFO - [Times of India] Article: https://timesofindia.indiatimes.com/world/us-streamers/nina-lin-unbanned-again-as-twitch-faces-backlash-over-repeated-bans-shoplifting-claims-and-rising-anger-online/articleshow/126195939.cms
2025-12-26 23:43:25,016 - INFO - [Times of India] Attempt 1/1: Trying with 'selenium_browser' strategy...
2025-12-26 23:43:25,016 - INFO - [BBC] Early skip: URL https://www.bbc.com/news/articles/c1lr3p7n87yo?at_medium=RSS&at_campaign=rss already exists.
2025-12-26 23:43:25,120 - INFO - [The Guardian] Early skip: URL https://www.theguardian.com/world/2025/dec/26/us-warns-of-more-nigeria-strikes-as-abuja-talks-of-joint-ongoing-operations already exists.
2025-12-26 23:43:25,228 - INFO - [BBC] Early skip: URL https://www.bbc.com/news/articles/ckgzwqjpzp4o?at_medium=RSS&at_campaign=rss already exists.
2025-12-26 23:43:25,363 - INFO - [The Guardian] Early skip: URL https://www.theguardian.com/world/2025/dec/26/venezuela-political-prisoner-release already exists.
2025-12-26 23:43:25,553 - INFO - [BBC] Early skip: URL https://www.bbc.com/news/articles/cm21728nwxlo?at_medium=RSS&at_campaign=rss already exists.
2025-12-26 23:43:25,813 - INFO - [The Guardian] Early skip: URL https://www.theguardian.com/world/2025/dec/26/weather-tracker-deep-freeze-canada-us-records-warmest-christmas already exists.
2025-12-26 23:43:26,062 - INFO - [The Guardian] Early skip: URL https://www.theguardian.com/environment/2025/dec/25/they-are-scared-of-us-now-how-one-tropical-forest-turned-the-tide-on-loggers already exists.
2025-12-26 23:43:26,260 - INFO - [The Guardian] Early skip: URL https://www.theguardian.com/world/2025/dec/25/cape-froward-new-national-park-patagonia-chile already exists.
2025-12-26 23:43:26,405 - INFO - [The Guardian] Early skip: URL https://www.theguardian.com/world/2025/dec/24/honduras-nasry-tito-asfura-declared-president-donald-trump-backed already exists.
2025-12-26 23:43:26,542 - INFO - [BBC] Early skip: URL https://www.bbc.com/news/articles/c33mx6j5jrvo?at_medium=RSS&at_campaign=rss already exists.
2025-12-26 23:43:26,687 - INFO - [The Hindu] Page content loaded.
2025-12-26 23:43:26,801 - INFO - [BBC] Early skip: URL https://www.bbc.com/news/articles/cn98w93l8plo?at_medium=RSS&at_campaign=rss already exists.
2025-12-26 23:43:26,959 - INFO - [BBC] Early skip: URL https://www.bbc.com/news/articles/c898zxyznxpo?at_medium=RSS&at_campaign=rss already exists.
2025-12-26 23:43:27,013 - INFO - [The Hindu] Success with 'selenium_browser'. Found content (2076 words).
2025-12-26 23:43:27,139 - INFO - [BBC] Early skip: URL https://www.bbc.com/news/articles/crk733k1k1eo?at_medium=RSS&at_campaign=rss already exists.
2025-12-26 23:43:27,349 - INFO - [BBC] Early skip: URL https://www.bbc.com/news/articles/c623rvzjjd2o?at_medium=RSS&at_campaign=rss already exists.
2025-12-26 23:43:27,524 - INFO - [BBC] Early skip: URL https://www.bbc.com/news/articles/cd6x75x4j02o?at_medium=RSS&at_campaign=rss already exists.
2025-12-26 23:43:27,712 - INFO - [BBC] Early skip: URL https://www.bbc.com/news/articles/ce8nep787pyo?at_medium=RSS&at_campaign=rss already exists.
2025-12-26 23:43:59,561 - INFO - Saved article: The quiet, deserted meadows of Kashmir - The Hindu from The Hindu (2076 words)
2025-12-26 23:43:59,562 - INFO - [The Guardian] Early skip: URL https://www.theguardian.com/world/2025/dec/26/former-malaysian-pm-najib-razak-found-guilty-of-abuse-of-power-in-latest-1mdb-trial already exists.
2025-12-26 23:43:59,756 - INFO - [BBC] Early skip: URL https://www.bbc.com/news/articles/c5yj4yvx80do?at_medium=RSS&at_campaign=rss already exists.
2025-12-26 23:43:59,993 - INFO - [The Guardian] Early skip: URL https://www.theguardian.com/world/2025/dec/26/china-imposes-sanctions-on-us-defence-firms-over-taiwan-arms-deal already exists.
2025-12-26 23:44:00,127 - INFO - [BBC] Early skip: URL https://www.bbc.com/news/articles/clyd12d38jgo?at_medium=RSS&at_campaign=rss already exists.
2025-12-26 23:44:00,330 - INFO - [The Guardian] Early skip: URL https://www.theguardian.com/world/2025/dec/26/cambodia-accuses-thailand-of-launching-strikes-during-border-peace-talks already exists.
2025-12-26 23:44:00,548 - INFO - [BBC] Early skip: URL https://www.bbc.com/news/articles/cvg1361d32ro?at_medium=RSS&at_campaign=rss already exists.
2025-12-26 23:44:00,700 - INFO - [The Guardian] Early skip: URL https://www.theguardian.com/world/2025/dec/26/japan-defence-budget-china already exists.
2025-12-26 23:44:00,923 - INFO - [BBC] Early skip: URL https://www.bbc.com/news/videos/clyx049x0z7o?at_medium=RSS&at_campaign=rss already exists.
2025-12-26 23:44:01,106 - INFO - [The Hindu] Early skip: URL https://www.thehindu.com/news/national/bihar/rabri-devi-may-vacate-official-bungalow-after-month-of-kharmas/article70439923.ece already exists.
2025-12-26 23:44:01,363 - INFO - [The Guardian] Early skip: URL https://www.theguardian.com/world/2025/dec/26/myanmar-junta-prepares-elections-legitimise-power already exists.
2025-12-26 23:44:01,550 - INFO - [BBC] Early skip: URL https://www.bbc.com/news/videos/cqxqvd0z5gno?at_medium=RSS&at_campaign=rss already exists.
2025-12-26 23:44:01,677 - INFO - [The Hindu] Early skip: URL https://www.thehindu.com/news/national/bihar/students-alleges-caste-discrimination-by-teachers-in-alawalpur-village-adopted-by-ravi-shankar-prasad/article70440492.ece already exists.
2025-12-26 23:44:01,972 - INFO - [The Hindu] Early skip: URL https://www.thehindu.com/news/national/jammu-and-kashmir/jk-hc-court-order-on-pil-related-to-undertrials-surprising-unfortunate-mehbooba/article70440782.ece already exists.
2025-12-26 23:44:02,207 - INFO - [BBC] Article: https://www.bbc.com/news/videos/c30j52jrp84o?at_medium=RSS&at_campaign=rss
2025-12-26 23:44:02,207 - INFO - [BBC] Attempt 1/1: Trying with 'requests_browser' strategy...
2025-12-26 23:44:02,208 - INFO - [The Guardian] Early skip: URL https://www.theguardian.com/australia-news/2025/dec/27/call-for-citizen-scientists-to-monitor-threatened-turtle-species-on-nsw-beaches already exists.
2025-12-26 23:44:02,379 - WARNING - [BBC] FAILED with 'requests_browser' (content was too short: 84 words).
2025-12-26 23:44:02,379 - ERROR - [BBC] All scrape strategies failed for https://www.bbc.com/news/videos/c30j52jrp84o?at_medium=RSS&at_campaign=rss. Falling back to RSS description.
2025-12-26 23:44:02,379 - WARNING - SKIPPED (GLOBAL WORD LIMIT): Article 'Watch: Moment robbers rip ATM from inside Texas store' from BBC has only 10 words (Min: 90).
2025-12-26 23:44:02,485 - INFO - [The Hindu] Early skip: URL https://www.thehindu.com/news/national/odisha/disintegration-talk-is-rumour-mongering-bjd-will-survive-for-generations-naveen-patnaik/article70440098.ece already exists.
2025-12-26 23:44:02,676 - INFO - [The Guardian] Early skip: URL https://www.theguardian.com/australia-news/2025/dec/26/paddle-boarders-rescued-port-phillip-bay-melbourne already exists.
2025-12-26 23:44:02,866 - INFO - [The Guardian] Early skip: URL https://www.theguardian.com/australia-news/2025/dec/26/victoria-police-happy-chanukah-car-fire-st-kilda-melbourne-ntwnfb already exists.
2025-12-26 23:44:03,140 - INFO - [The Hindu] Early skip: URL https://www.thehindu.com/news/national/kerala/fire-engulfs-plywood-factory-in-perumbavoor/article70440804.ece already exists.
2025-12-26 23:44:03,420 - INFO - [BBC] Article: https://www.bbc.com/news/videos/c8dy3772m1lo?at_medium=RSS&at_campaign=rss
2025-12-26 23:44:03,420 - INFO - [BBC] Attempt 1/1: Trying with 'requests_browser' strategy...
2025-12-26 23:44:03,421 - INFO - [The Guardian] Early skip: URL https://www.theguardian.com/australia-news/2025/dec/26/homes-threatened-as-bushfire-rages-south-east-of-perth-and-storms-hit-queensland-and-northern-territory already exists.
2025-12-26 23:44:03,470 - WARNING - [BBC] FAILED with 'requests_browser' (content was too short: 59 words).
2025-12-26 23:44:03,471 - ERROR - [BBC] All scrape strategies failed for https://www.bbc.com/news/videos/c8dy3772m1lo?at_medium=RSS&at_campaign=rss. Falling back to RSS description.
2025-12-26 23:44:03,471 - WARNING - SKIPPED (GLOBAL WORD LIMIT): Article 'Ho Ho No! Santa pulled over for speeding in Ohio  ' from BBC has only 20 words (Min: 90).
2025-12-26 23:44:03,705 - INFO - [The Guardian] Early skip: URL https://www.theguardian.com/australia-news/2025/dec/26/man-charged-after-allegedly-performing-nazi-salutes-at-canberra-shopping-centres-ntwnfb already exists.
2025-12-26 23:44:03,817 - INFO - [The Hindu] Early skip: URL https://www.thehindu.com/news/national/kerala/theatre-camp-begins-in-kozhikode/article70440304.ece already exists.
2025-12-26 23:44:04,017 - INFO - [The Guardian] Early skip: URL https://www.theguardian.com/world/2025/dec/26/zelenskyy-to-meet-trump-in-coming-days-as-us-steps-up-push-for-ukraine-peace-deal already exists.
2025-12-26 23:44:04,204 - INFO - [The Hindu] Early skip: URL https://www.thehindu.com/news/national/kerala/shrc-seeks-action-against-road-safety-violations-in-city/article70441254.ece already exists.
2025-12-26 23:44:04,372 - INFO - [The Guardian] Early skip: URL https://www.theguardian.com/world/2025/dec/26/russia-selling-personal-data-leaks-probiv-ukraine-spies already exists.
2025-12-26 23:44:04,537 - INFO - [BBC] Article: https://www.bbc.com/news/videos/clydk6vd4rzo?at_medium=RSS&at_campaign=rss
2025-12-26 23:44:04,537 - INFO - [BBC] Attempt 1/1: Trying with 'requests_browser' strategy...
2025-12-26 23:44:04,539 - INFO - [The Hindu] Early skip: URL https://www.thehindu.com/news/national/kerala/special-drive-under-way-to-track-drunk-driving-in-kozhikode-city/article70439599.ece already exists.
2025-12-26 23:44:04,592 - WARNING - [BBC] FAILED with 'requests_browser' (content was too short: 73 words).
2025-12-26 23:44:04,592 - ERROR - [BBC] All scrape strategies failed for https://www.bbc.com/news/videos/clydk6vd4rzo?at_medium=RSS&at_campaign=rss. Falling back to RSS description.
2025-12-26 23:44:04,592 - WARNING - SKIPPED (GLOBAL WORD LIMIT): Article 'Watch: Huge fireball as tanker explodes on Italian motorway' from BBC has only 21 words (Min: 90).
2025-12-26 23:44:04,710 - INFO - [The Guardian] Early skip: URL https://www.theguardian.com/us-news/2025/dec/26/brown-shooting-suspect-gruelling-academic-climate-claudio-valente-mental-toll-ex-classmates already exists.
2025-12-26 23:44:04,971 - INFO - [The Guardian] Early skip: URL https://www.theguardian.com/world/2025/dec/26/older-swedes-reap-benefits-late-life-education already exists.
2025-12-26 23:44:05,101 - INFO - [The Hindu] Early skip: URL https://www.thehindu.com/news/national/andhra-pradesh/veer-bal-diwas-observed-at-fbs-business-schools/article70440438.ece already exists.
2025-12-26 23:44:05,233 - INFO - [The Guardian] Early skip: URL https://www.theguardian.com/world/2025/dec/25/sergei-udaltsov-terrorism already exists.
2025-12-26 23:44:05,467 - INFO - [The Hindu] Early skip: URL https://www.thehindu.com/news/national/kerala/mla-told-to-vacate-office/article70440654.ece already exists.
2025-12-26 23:44:05,674 - INFO - [BBC] Early skip: URL https://www.bbc.com/news/videos/c0edjv3jr3po?at_medium=RSS&at_campaign=rss already exists.
2025-12-26 23:44:05,808 - INFO - [The Guardian] Early skip: URL https://www.theguardian.com/world/2025/dec/26/palestinian-man-kills-two-in-northern-israel-car-ramming-and-stabbing-attack-police-say already exists.
2025-12-26 23:44:06,063 - INFO - [The Hindu] Early skip: URL https://www.thehindu.com/news/national/chhattisgarh/chhattisgarh-liquor-scam-ed-files-final-prosecution-complaint/article70441160.ece already exists.
2025-12-26 23:44:06,284 - INFO - [The Guardian] Early skip: URL https://www.theguardian.com/world/2025/dec/26/southern-separatists-on-rise-in-yemen-report-saudi-airstrikes-near-positions already exists.
2025-12-26 23:44:06,455 - INFO - [The Hindu] Early skip: URL https://www.thehindu.com/news/national/kerala/kerala-cm-slams-karnataka-demolitions-calls-it-bulldozer-justice/article70441313.ece already exists.
2025-12-26 23:44:06,640 - INFO - [The Guardian] Early skip: URL https://www.theguardian.com/world/2025/dec/24/israel-condemned-approval-19-settlements-occupied-west-bank already exists.
2025-12-26 23:44:06,837 - INFO - [The Hindu] Early skip: URL https://www.thehindu.com/news/national/tamil-nadu/tamil-nadu-will-teach-befitting-lesson-to-those-who-spread-hatred-cpi-leader-veerapandian/article70439893.ece already exists.
2025-12-26 23:44:07,048 - INFO - [The Guardian] Early skip: URL https://www.theguardian.com/world/2025/dec/24/israel-strikes-southern-lebanon-as-deadline-to-disarm-hezbollah-nears already exists.
2025-12-26 23:44:07,186 - INFO - [The Hindu] Early skip: URL https://www.thehindu.com/news/national/tamil-nadu/nainar-nagenthran-anbumani-condemn-dmk-govt-for-detaining-protesting-secondary-grade-teachers/article70439975.ece already exists.
2025-12-26 23:44:07,417 - INFO - [The Guardian] Early skip: URL https://www.theguardian.com/uk-news/2025/dec/22/families-of-palestine-action-hunger-strikers-seek-urgent-meeting-with-lammy already exists.
2025-12-26 23:44:07,685 - INFO - [The Hindu] Early skip: URL https://www.thehindu.com/news/national/tamil-nadu/madras-high-court-grants-interim-bail-to-savukku-shankar-in-17-criminal-cases/article70440811.ece already exists.
2025-12-26 23:44:07,893 - INFO - [The Hindu] Early skip: URL https://www.thehindu.com/news/national/madhya-pradesh/after-jabalpur-christmas-celebration-disrupted-in-indore-mob-vandalises-decorations/article70440464.ece already exists.
2025-12-26 23:44:08,166 - INFO - [The Hindu] Early skip: URL https://www.thehindu.com/news/national/tripura-youth-dies-after-assault-over-racial-slurs-in-dehradun/article70441127.ece already exists.
2025-12-26 23:44:08,357 - INFO - [The Hindu] Early skip: URL https://www.thehindu.com/news/national/tamil-nadu/ed-dismisses-allegations-that-sand-mining-survey-is-illegal/article70440501.ece already exists.
2025-12-26 23:44:08,583 - INFO - [The Hindu] Early skip: URL https://www.thehindu.com/news/national/tamil-nadu/toddler-dies-after-falling-into-water-tank-near-gudiyatham/article70439761.ece already exists.
2025-12-26 23:44:08,702 - INFO - [The Hindu] Early skip: URL https://www.thehindu.com/news/national/telangana/two-year-old-boy-dies-of-suffocation-in-ac-fire-in-kacheguda/article70441287.ece already exists.
2025-12-26 23:44:08,877 - INFO - [The Hindu] Early skip: URL https://www.thehindu.com/news/national/tamil-nadu/iit-madras-gears-up-for-shaastra-2026/article70440656.ece already exists.
2025-12-26 23:44:09,038 - INFO - [The Hindu] Early skip: URL https://www.thehindu.com/news/national/west-bengal/mamata-opposing-caa-against-interest-of-bengali-hindus-claims-bjp-caa-has-nothing-to-do-with-citizenship-retorts-tmc/article70441021.ece already exists.
2025-12-26 23:44:09,163 - INFO - [The Hindu] Early skip: URL https://www.thehindu.com/news/national/west-bengal/west-bengal-sir-hearings-for-32-lakh-unmapped-electors-to-begin-on-december-27/article70440630.ece already exists.
2025-12-26 23:44:09,375 - INFO - [The Hindu] Early skip: URL https://www.thehindu.com/news/national/tamil-nadu/tiruchi-magistrate-refuses-to-remand-youtuber/article70441206.ece already exists.
2025-12-26 23:44:09,664 - INFO - [The Hindu] Early skip: URL https://www.thehindu.com/news/national/andhra-pradesh/the-hindu-fic-to-organise-career-seminar-at-kits-guntur-on-december-29/article70440928.ece already exists.
2025-12-26 23:44:09,958 - INFO - [The Hindu] Early skip: URL https://www.thehindu.com/news/national/andhra-pradesh/srm-university-ap-to-host-50th-all-india-sociological-conference-from-december-28/article70441111.ece already exists.
2025-12-26 23:44:10,111 - INFO - [The Hindu] Early skip: URL https://www.thehindu.com/news/national/andhra-pradesh/ysrcp-spreading-falsehood-about-tirumala-temple-for-political-gain-tdp-leader/article70440514.ece already exists.
2025-12-26 23:44:10,256 - INFO - [The Hindu] Early skip: URL https://www.thehindu.com/news/national/andhra-pradesh/ntr-district-tops-ap-in-speed-of-doing-in-governance-and-service-delivery/article70440653.ece already exists.
2025-12-26 23:44:10,455 - INFO - [The Hindu] Early skip: URL https://www.thehindu.com/news/national/andhra-pradesh/call-for-corporate-practices-in-the-social-sector/article70441014.ece already exists.
2025-12-26 23:44:10,623 - INFO - [The Hindu] (Thread) Finished. Attempting to shut down its Selenium driver.
2025-12-26 23:44:10,896 - INFO - [The Hindu] (Thread) driver.quit() successful.
2025-12-26 23:45:25,023 - ERROR - [Times of India] Request failed for strategy 'selenium_browser' on URL https://timesofindia.indiatimes.com/world/us-streamers/nina-lin-unbanned-again-as-twitch-faces-backlash-over-repeated-bans-shoplifting-claims-and-rising-anger-online/articleshow/126195939.cms: HTTPConnectionPool(host='localhost', port=37067): Read timed out. (read timeout=120)
2025-12-26 23:45:25,024 - ERROR - [Times of India] All scrape strategies failed for https://timesofindia.indiatimes.com/world/us-streamers/nina-lin-unbanned-again-as-twitch-faces-backlash-over-repeated-bans-shoplifting-claims-and-rising-anger-online/articleshow/126195939.cms. Falling back to RSS description.
2025-12-26 23:45:25,024 - WARNING - SKIPPED (GLOBAL WORD LIMIT): Article 'Nina Lin unbanned again as Twitch faces backlash over repeated bans, shoplifting claims' from Times of India has only 51 words (Min: 90).
2025-12-26 23:45:25,621 - INFO - [Times of India] Early skip: URL https://timesofindia.indiatimes.com/world/us/us-influencer-says-indian-man-who-died-at-canada-hospital-after-8-hour-wait-could-have-stayed-in-mumbai/articleshow/126195940.cms already exists.
2025-12-26 23:45:25,739 - INFO - [Times of India] Early skip: URL https://timesofindia.indiatimes.com/world/us-streamers/plaqueboymax-speaks-out-about-leaving-faze-clan-and-lacy-getting-kicked/articleshow/126195887.cms already exists.
2025-12-26 23:45:26,016 - INFO - [Times of India] Early skip: URL https://timesofindia.indiatimes.com/world/us/another-baby-in-the-west-wing-karoline-leavitt-is-expecting-a-baby-girl/articleshow/126195718.cms already exists.
2025-12-26 23:45:26,288 - INFO - [Times of India] Early skip: URL https://timesofindia.indiatimes.com/world/us/californias-tech-exodus-entrepreneur-warns-of-a-deeper-political-crisis-as-tax-losses-hit-200-billion/articleshow/126195833.cms already exists.
2025-12-26 23:45:26,578 - INFO - [Times of India] Early skip: URL https://timesofindia.indiatimes.com/world/us/us-revoking-visas-for-no-reason-best-thing-to-do-is-immigration-attorneys-break-down-new-trend/articleshow/126195835.cms already exists.
2025-12-26 23:45:26,852 - INFO - [Times of India] Early skip: URL https://timesofindia.indiatimes.com/world/us-streamers/why-do-faze-clan-members-exit-adin-ross-explains-ownership-fight-and-rejected-20-percent-contracts/articleshow/126195698.cms already exists.
2025-12-26 23:45:27,101 - INFO - [Times of India] Early skip: URL https://timesofindia.indiatimes.com/world/us-streamers/mizkif-net-worth-in-2025-streaming-revenue-career-changes-earnings-explained/articleshow/126195679.cms already exists.
2025-12-26 23:45:27,260 - INFO - [Times of India] Early skip: URL https://timesofindia.indiatimes.com/world/us/what-to-do-with-house-and-car-in-us-while-stuck-in-india-waiting-for-h-1b-approval-redditors-viral-question/articleshow/126195259.cms already exists.
2025-12-26 23:45:27,519 - INFO - [Times of India] Early skip: URL https://timesofindia.indiatimes.com/world/us/when-government-does-medical-elon-musk-slams-canadian-hospital-over-death-of-indian-origin-man-allegedly-due-to-neglection/articleshow/126194729.cms already exists.
2025-12-26 23:45:27,710 - INFO - [Times of India] Early skip: URL https://timesofindia.indiatimes.com/world/us/meet-mora-namdar-trump-appoints-beauty-salon-owner-to-oversee-us-passport-and-visa-approvals/articleshow/126194936.cms already exists.
2025-12-26 23:45:27,837 - INFO - [Times of India] Early skip: URL https://timesofindia.indiatimes.com/world/us-streamers/candace-owens-love-rumors-over-charlie-kirk-resurface-as-tiktok-fuels-jealousy-talk-around-erika-kirk/articleshow/126194666.cms already exists.
2025-12-26 23:45:28,137 - INFO - [Times of India] Early skip: URL https://timesofindia.indiatimes.com/etimes/trending/did-coca-cola-really-invent-santas-red-suit-the-surprisingly-old-story-behind-the-myth/articleshow/126192568.cms already exists.
2025-12-26 23:45:28,333 - INFO - [Times of India] Early skip: URL https://timesofindia.indiatimes.com/world/us/the-indian-origin-doctor-whose-plans-to-save-lives-were-undone-by-trumps-gutting-of-usaid/articleshow/126193625.cms already exists.
2025-12-26 23:45:28,469 - INFO - [Times of India] Early skip: URL https://timesofindia.indiatimes.com/world/us/eating-rice-with-hands-go-back-to-home-times-when-nick-fuetnes-used-anti-india-slurs-usha-vance-vivek-ramaswamy/articleshow/126192301.cms already exists.
2025-12-26 23:45:28,676 - INFO - [Times of India] Early skip: URL https://timesofindia.indiatimes.com/world/rest-of-world/everyone-is-indian-viral-video-of-amazon-christmas-party-in-canada-triggers-row/articleshow/126193277.cms already exists.
2025-12-26 23:45:28,786 - INFO - [Times of India] Early skip: URL https://timesofindia.indiatimes.com/world/us/deport-every-indian-american-journalist-deletes-anti-india-post-amid-outrage-called-for-bombing-at-hindu-temples/articleshow/126192520.cms already exists.
2025-12-26 23:45:29,051 - INFO - [Times of India] Early skip: URL https://timesofindia.indiatimes.com/world/us-streamers/you-guys-messed-up-who-is-matt-kalish-and-why-adin-ross-is-calling-him-out-amidst-faze-clan-fallout/articleshow/126192223.cms already exists.
2025-12-26 23:45:29,291 - INFO - [Times of India] Early skip: URL https://timesofindia.indiatimes.com/world/us/shane-gillis-floats-nick-fuentes-as-possible-next-catholic-president-on-joe-rogan-podcast-wild-but-funny/articleshow/126191845.cms already exists.
2025-12-26 23:45:29,547 - INFO - [Times of India] Early skip: URL https://timesofindia.indiatimes.com/world/rest-of-world/he-has-a-3-year-old-daughter-indian-origin-it-worker-who-sexually-assaulted-17-women-in-melbourne-saved-from-deportation/articleshow/126191963.cms already exists.
2025-12-26 23:45:29,695 - INFO - [Times of India] (Thread) Finished. Attempting to shut down its Selenium driver.
2025-12-26 23:47:29,796 - WARNING - Retrying (Retry(total=2, connect=None, read=None, redirect=None, status=None)) after connection broken by 'ReadTimeoutError("HTTPConnectionPool(host='localhost', port=37067): Read timed out. (read timeout=120)")': /session/f6cea11ef8d885e847e0f00f776b4598
2025-12-26 23:48:22,557 - CRITICAL - --- TIMEOUT: 1 scrape jobs did not complete in 300s. ---
2025-12-26 23:48:22,558 - ERROR - A thread has timed out and will be abandoned.
2025-12-26 23:48:22,558 - INFO - Shutting down thread pool (wait=False)...
2025-12-26 23:48:22,558 - INFO - Scraped: 0 The Guardian, 0 BBC, 1 The Hindu, 1 Timed_Out_Jobs articles. (Total saved: 1)
2025-12-26 23:48:22,558 - INFO - --- Scraping job finished ---
2025-12-26 23:48:22,558 - INFO - --- Scraper service stopped and database connection closed. ---
2025-12-26 23:48:22,558 - INFO - --- Main thread finished. Forcing process exit to kill zombie threads. ---
